217
 1.49040e-02  1.00001e+00  1.00138e+00
 4.85410e-02  1.00224e+00  1.00138e+00
 8.14760e-02  1.00212e+00  1.00138e+00
 1.14904e-01  1.00097e+00  1.00138e+00
 1.48541e-01  1.00030e+00  1.00138e+00
 1.86476e-01  1.00023e+00  1.00138e+00
 2.24904e-01  1.00370e+00  1.00138e+00
 2.58178e-01  9.96069e-01  1.00138e+00
 2.86775e-01  9.97243e-01  1.00138e+00
 3.16178e-01  9.98741e-01  1.00138e+00
 3.46775e-01  1.00100e+00  1.00138e+00
 3.76049e-01  9.94732e-01  1.00138e+00
 4.04307e-01  9.98688e-01  1.00138e+00
 4.44646e-01  9.99519e-01  1.00138e+00
 4.84283e-01  9.97932e-01  1.00138e+00
 5.17009e-01  9.99332e-01  1.00138e+00
 5.50646e-01  1.00034e+00  1.00138e+00
 5.84283e-01  9.99530e-01  1.00138e+00
 6.16541e-01  1.00600e+00  1.00138e+00
 6.47218e-01  9.94815e-01  1.00138e+00
 6.74476e-01  9.97091e-01  1.00138e+00
 7.10049e-01  9.88898e-01  1.00138e+00
 7.36283e-01  9.70639e-01  1.00138e+00
 7.61113e-01  9.62247e-01  1.00138e+00
 7.88412e-01  9.98359e-01  1.00138e+00
 8.20412e-01  9.95495e-01  1.00138e+00
 8.51581e-01  9.97095e-01  1.00138e+00
 8.79815e-01  9.96852e-01  1.00138e+00
 9.08412e-01  1.00026e+00  1.00138e+00
 9.43218e-01  1.00045e+00  1.00138e+00
 9.75242e-01  9.98481e-01  1.00138e+00
 1.00452e+00  9.99625e-01  1.00138e+00
 1.03241e+00  1.00273e+00  1.00138e+00
 1.06158e+00  1.00152e+00  1.00138e+00
 1.08981e+00  9.99115e-01  1.00138e+00
 1.11841e+00  1.00273e+00  1.00138e+00
 1.14722e+00  1.00213e+00  1.00138e+00
 1.17448e+00  9.44278e-01  1.00138e+00
 1.21158e+00  9.99927e-01  1.00138e+00
 1.23981e+00  9.99033e-01  1.00138e+00
 1.26841e+00  1.00059e+00  1.00138e+00
 1.29722e+00  1.00184e+00  1.00138e+00
 1.32478e+00  9.79140e-01  1.00138e+00
 1.35452e+00  9.99456e-01  1.00138e+00
 1.38394e+00  1.00060e+00  1.00138e+00
 1.41452e+00  1.00015e+00  1.00138e+00
 1.44865e+00  1.00036e+00  1.00138e+00
 1.47794e+00  9.98861e-01  1.00138e+00
 1.50335e+00  9.99887e-01  1.00138e+00
 1.52828e+00  1.00100e+00  1.00138e+00
 1.55301e+00  1.00144e+00  1.00138e+00
 1.57994e+00  9.99258e-01  1.00138e+00
 1.60581e+00  9.98568e-01  1.00138e+00
 1.62958e+00  1.00143e+00  1.00138e+00
 1.65171e+00  1.00299e+00  1.00138e+00
 1.67494e+00  1.00382e+00  1.00138e+00
 1.70794e+00  9.98738e-01  1.00138e+00
 1.73065e+00  1.00687e+00  1.00138e+00
 1.75288e+00  1.00312e+00  1.00138e+00
 1.77898e+00  9.93409e-01  1.00138e+00
 1.80594e+00  9.77883e-01  1.00138e+00
 1.83205e+00  9.61926e-01  1.00138e+00
 1.85922e+00  9.33087e-01  1.00138e+00
 1.88441e+00  9.05425e-01  1.00138e+00
 1.91005e+00  9.06032e-01  1.00138e+00
 1.94898e+00  8.92300e-01  1.00138e+00
 1.98205e+00  8.89144e-01  1.00138e+00
 2.01098e+00  8.93634e-01  1.00138e+00
 2.04052e+00  9.04530e-01  1.00138e+00
 2.07145e+00  9.24732e-01  1.00138e+00
 2.10275e+00  9.47775e-01  1.00138e+00
 2.13098e+00  9.68980e-01  1.00138e+00
 2.16005e+00  9.87974e-01  1.00138e+00
 2.19375e+00  1.00902e+00  1.00138e+00
 2.22558e+00  9.97884e-01  1.00138e+00
 2.25698e+00  9.81382e-01  1.00138e+00
 2.28571e+00  9.83680e-01  1.00138e+00
 2.31405e+00  9.88898e-01  1.00138e+00
 2.34288e+00  9.63655e-01  1.00138e+00
 2.37111e+00  9.97052e-01  1.00138e+00
 2.40005e+00  9.94644e-01  1.00138e+00
 2.43241e+00  9.94004e-01  1.00138e+00
 2.46698e+00  9.90839e-01  1.00138e+00
 2.49571e+00  9.87414e-01  1.00138e+00
 2.52405e+00  9.93486e-01  1.00138e+00
 2.55701e+00  9.94352e-01  1.00138e+00
 2.59005e+00  9.92466e-01  1.00138e+00
 2.61841e+00  9.94083e-01  1.00138e+00
 2.64698e+00  9.97359e-01  1.00137e+00
 2.67871e+00  9.96977e-01  1.00137e+00
 2.71405e+00  9.96195e-01  1.00137e+00
 2.74288e+00  9.98292e-01  1.00137e+00
 2.76935e+00  9.98227e-01  1.00137e+00
 2.79428e+00  9.99904e-01  1.00137e+00
 2.81922e+00  9.98752e-01  1.00137e+00
 2.84441e+00  1.00257e+00  1.00137e+00
 2.86935e+00  1.00366e+00  1.00137e+00
 2.89428e+00  1.00243e+00  1.00137e+00
 2.91922e+00  1.00431e+00  1.00137e+00
 2.95341e+00  1.00462e+00  1.00137e+00
 2.97935e+00  1.00160e+00  1.00137e+00
 3.00428e+00  1.00439e+00  1.00137e+00
 3.02922e+00  1.00689e+00  1.00137e+00
 3.05441e+00  1.00546e+00  1.00136e+00
 3.07935e+00  1.00414e+00  1.00136e+00
 3.10428e+00  1.00675e+00  1.00136e+00
 3.12922e+00  1.00680e+00  1.00136e+00
 3.15488e+00  1.00494e+00  1.00136e+00
 3.18905e+00  1.00829e+00  1.00136e+00
 3.21922e+00  1.00728e+00  1.00135e+00
 3.24441e+00  1.00466e+00  1.00135e+00
 3.27135e+00  1.00650e+00  1.00135e+00
 3.29675e+00  1.00796e+00  1.00135e+00
 3.32181e+00  1.00776e+00  1.00135e+00
 3.34688e+00  1.00549e+00  1.00134e+00
 3.37275e+00  1.00998e+00  1.00134e+00
 3.39922e+00  1.00762e+00  1.00133e+00
 3.42794e+00  1.00661e+00  1.00133e+00
 3.46182e+00  1.00562e+00  1.00132e+00
 3.48675e+00  1.00630e+00  1.00132e+00
 3.51181e+00  1.00456e+00  1.00131e+00
 3.53688e+00  1.00450e+00  1.00130e+00
 3.56228e+00  1.00265e+00  1.00129e+00
 3.59181e+00  1.00031e+00  1.00128e+00
 3.61841e+00  1.00054e+00  1.00127e+00
 3.64652e+00  1.00105e+00  1.00125e+00
 3.67182e+00  9.98791e-01  1.00123e+00
 3.70688e+00  9.98705e-01  1.00120e+00
 3.73182e+00  9.97039e-01  1.00116e+00
 3.75792e+00  9.98597e-01  1.00112e+00
 3.78841e+00  9.95892e-01  1.00106e+00
 3.81428e+00  9.95997e-01  1.00098e+00
 3.83922e+00  9.95897e-01  1.00088e+00
 3.86441e+00  9.97570e-01  1.00073e+00
 3.88935e+00  9.93814e-01  1.00050e+00
 3.91428e+00  9.83684e-01  1.00015e+00
 3.94622e+00  9.56854e-01  9.99279e-01
 3.97441e+00  9.31885e-01  9.97492e-01
 3.99935e+00  8.95357e-01  9.93223e-01
 4.02428e+00  8.64233e-01  9.76799e-01
 4.04922e+00  8.39412e-01  8.41240e-01
 4.07441e+00  8.27669e-01  8.27033e-01
 4.09935e+00  8.29948e-01  9.75273e-01
 4.12428e+00  8.50681e-01  9.92840e-01
 4.14922e+00  8.78942e-01  9.97325e-01
 4.17541e+00  9.02346e-01  9.99099e-01
 4.20935e+00  9.40492e-01  1.00008e+00
 4.23428e+00  9.73912e-01  1.00045e+00
 4.25922e+00  9.91975e-01  1.00068e+00
 4.28441e+00  9.95537e-01  1.00083e+00
 4.30935e+00  9.96596e-01  1.00094e+00
 4.33428e+00  9.97670e-01  1.00102e+00
 4.35922e+00  9.97715e-01  1.00108e+00
 4.38441e+00  9.99799e-01  1.00112e+00
 4.40935e+00  1.00050e+00  1.00116e+00
 4.44022e+00  9.98842e-01  1.00119e+00
 4.47182e+00  1.00026e+00  1.00122e+00
 4.49688e+00  1.00047e+00  1.00124e+00
 4.52182e+00  1.00074e+00  1.00125e+00
 4.54745e+00  9.99687e-01  1.00126e+00
 4.57535e+00  1.00079e+00  1.00127e+00
 4.60522e+00  1.00049e+00  1.00128e+00
 4.63181e+00  1.00029e+00  1.00129e+00
 4.65911e+00  1.00168e+00  1.00130e+00
 4.68928e+00  1.00103e+00  1.00131e+00
 4.71922e+00  1.00175e+00  1.00131e+00
 4.74441e+00  1.00018e+00  1.00132e+00
 4.76935e+00  1.00123e+00  1.00132e+00
 4.79428e+00  1.00083e+00  1.00132e+00
 4.82075e+00  1.00180e+00  1.00133e+00
 4.84805e+00  1.00287e+00  1.00133e+00
 4.87675e+00  1.00187e+00  1.00133e+00
 4.90182e+00  1.00220e+00  1.00134e+00
 4.92888e+00  1.00293e+00  1.00134e+00
 4.96275e+00  1.00335e+00  1.00134e+00
 4.98922e+00  1.00365e+00  1.00134e+00
 5.01488e+00  1.00485e+00  1.00134e+00
 5.04275e+00  1.00598e+00  1.00134e+00
 5.07005e+00  1.00475e+00  1.00135e+00
 5.09688e+00  1.00606e+00  1.00135e+00
 5.12181e+00  1.00593e+00  1.00135e+00
 5.14675e+00  1.00395e+00  1.00135e+00
 5.17181e+00  1.00438e+00  1.00135e+00
 5.20688e+00  1.00417e+00  1.00135e+00
 5.23298e+00  1.00426e+00  1.00135e+00
 5.26005e+00  1.00433e+00  1.00135e+00
 5.28688e+00  1.00390e+00  1.00135e+00
 5.31298e+00  1.00477e+00  1.00136e+00
 5.33922e+00  1.00313e+00  1.00136e+00
 5.36441e+00  1.00273e+00  1.00136e+00
 5.38935e+00  1.00234e+00  1.00136e+00
 5.41428e+00  1.00175e+00  1.00136e+00
 5.44811e+00  1.00337e+00  1.00136e+00
 5.48088e+00  1.00273e+00  1.00136e+00
 5.50958e+00  1.00211e+00  1.00136e+00
 5.53818e+00  1.00224e+00  1.00136e+00
 5.56958e+00  1.00317e+00  1.00136e+00
 5.59818e+00  1.00444e+00  1.00136e+00
 5.62652e+00  1.00314e+00  1.00136e+00
 5.65548e+00  1.00242e+00  1.00136e+00
 5.69158e+00  1.00246e+00  1.00136e+00
 5.72548e+00  1.00464e+00  1.00136e+00
 5.75358e+00  1.00435e+00  1.00136e+00
 5.78265e+00  1.00217e+00  1.00136e+00
 5.81088e+00  1.00053e+00  1.00136e+00
 5.83958e+00  1.00369e+00  1.00136e+00
 5.87041e+00  1.00467e+00  1.00137e+00
 5.90418e+00  9.99940e-01  1.00137e+00
 5.94335e+00  1.00352e+00  1.00137e+00
 5.98041e+00  1.00228e+00  1.00137e+00
 6.01418e+00  1.00116e+00  1.00137e+00
 6.04735e+00  1.00195e+00  1.00137e+00
 6.08041e+00  1.00201e+00  1.00137e+00
 6.11418e+00  1.00097e+00  1.00137e+00
 6.14735e+00  1.00096e+00  1.00137e+00
 6.18441e+00  1.00175e+00  1.00137e+00
 6.22418e+00  1.00264e+00  1.00137e+00
