564
 4.08100e-03  1.00206e+00  1.00199e+00
 1.59960e-02  1.00225e+00  1.00208e+00
 2.31170e-02  1.00300e+00  1.00213e+00
 3.08710e-02  1.00291e+00  1.00219e+00
 4.18680e-02  1.00270e+00  1.00227e+00
 4.91170e-02  1.00303e+00  1.00232e+00
 6.05400e-02  1.00292e+00  1.00239e+00
 6.81130e-02  1.00296e+00  1.00244e+00
 7.69000e-02  1.00265e+00  1.00249e+00
 8.69290e-02  1.00266e+00  1.00254e+00
 9.47790e-02  1.00256e+00  1.00258e+00
 1.03027e-01  1.00237e+00  1.00262e+00
 1.14534e-01  1.00274e+00  1.00265e+00
 1.21645e-01  1.00117e+00  1.00267e+00
 1.32868e-01  1.00328e+00  1.00269e+00
 1.39900e-01  1.00134e+00  1.00270e+00
 1.52680e-01  1.00219e+00  1.00269e+00
 1.59566e-01  1.00162e+00  1.00269e+00
 1.67925e-01  1.00307e+00  1.00267e+00
 1.77941e-01  1.00208e+00  1.00264e+00
 1.85397e-01  1.00287e+00  1.00262e+00
 1.97467e-01  1.00192e+00  1.00256e+00
 2.04651e-01  1.00216e+00  1.00252e+00
 2.13403e-01  1.00242e+00  1.00247e+00
 2.25244e-01  1.00212e+00  1.00238e+00
 2.31839e-01  1.00327e+00  1.00233e+00
 2.44069e-01  1.00184e+00  1.00223e+00
 2.51578e-01  1.00049e+00  1.00217e+00
 2.60088e-01  1.00073e+00  1.00209e+00
 2.70244e-01  1.00563e+00  1.00199e+00
 2.75463e-01  1.00127e+00  1.00194e+00
 2.86279e-01  1.00262e+00  1.00183e+00
 2.93680e-01  1.00077e+00  1.00176e+00
 3.00180e-01  1.00119e+00  1.00169e+00
 3.11534e-01  1.00043e+00  1.00157e+00
 3.18027e-01  1.00599e+00  1.00151e+00
 3.26989e-01  1.00043e+00  1.00142e+00
 3.37492e-01  1.00382e+00  1.00131e+00
 3.45276e-01  1.00080e+00  1.00123e+00
 3.55244e-01  1.00430e+00  1.00114e+00
 3.63741e-01  1.00043e+00  1.00106e+00
 3.68967e-01  9.99915e-01  1.00101e+00
 3.79680e-01  1.00356e+00  1.00091e+00
 3.86027e-01  1.00062e+00  1.00085e+00
 3.92584e-01  1.00031e+00  1.00080e+00
 4.03584e-01  1.00032e+00  1.00071e+00
 4.09935e-01  9.99767e-01  1.00065e+00
 4.21081e-01  9.99678e-01  1.00057e+00
 4.32400e-01  9.99241e-01  1.00049e+00
 4.42645e-01  9.99723e-01  1.00041e+00
 4.53056e-01  9.99074e-01  1.00035e+00
 4.60027e-01  9.99605e-01  1.00030e+00
 4.72868e-01  1.00012e+00  1.00022e+00
 4.80839e-01  9.99515e-01  1.00018e+00
 4.92098e-01  1.00016e+00  1.00012e+00
 5.02081e-01  9.99055e-01  1.00007e+00
 5.11492e-01  1.00030e+00  1.00003e+00
 5.22081e-01  9.99392e-01  9.99979e-01
 5.28687e-01  1.00027e+00  9.99952e-01
 5.38960e-01  9.99651e-01  9.99911e-01
 5.45463e-01  9.99131e-01  9.99887e-01
 5.54062e-01  9.99534e-01  9.99856e-01
 5.64432e-01  9.99325e-01  9.99821e-01
 5.71489e-01  9.99620e-01  9.99799e-01
 5.82782e-01  9.98678e-01  9.99765e-01
 5.93553e-01  1.00023e+00  9.99735e-01
 6.04808e-01  9.99566e-01  9.99707e-01
 6.15037e-01  9.98731e-01  9.99683e-01
 6.26584e-01  9.99486e-01  9.99657e-01
 6.35250e-01  9.98249e-01  9.99640e-01
 6.41712e-01  9.99129e-01  9.99627e-01
 6.52960e-01  9.99156e-01  9.99607e-01
 6.59747e-01  9.99627e-01  9.99596e-01
 6.70584e-01  9.99005e-01  9.99579e-01
 6.80056e-01  1.00025e+00  9.99565e-01
 6.87457e-01  9.99076e-01  9.99555e-01
 6.99183e-01  9.99416e-01  9.99541e-01
 7.05779e-01  9.99433e-01  9.99533e-01
 7.17874e-01  9.99379e-01  9.99520e-01
 7.26814e-01  9.99223e-01  9.99512e-01
 7.37081e-01  1.00110e+00  9.99503e-01
 7.47910e-01  9.99382e-01  9.99494e-01
 7.54986e-01  9.98850e-01  9.99489e-01
 7.64209e-01  9.99753e-01  9.99482e-01
 7.72209e-01  9.98883e-01  9.99477e-01
 7.79088e-01  9.99161e-01  9.99473e-01
 7.90177e-01  9.98703e-01  9.99468e-01
 7.97059e-01  9.98701e-01  9.99464e-01
 8.05123e-01  9.99529e-01  9.99461e-01
 8.14814e-01  9.98683e-01  9.99457e-01
 8.21737e-01  9.99318e-01  9.99455e-01
 8.30244e-01  9.99306e-01  9.99452e-01
 8.39173e-01  9.99962e-01  9.99450e-01
 8.45753e-01  9.98787e-01  9.99448e-01
 8.56088e-01  1.00258e+00  9.99446e-01
 8.63244e-01  9.99162e-01  9.99445e-01
 8.69524e-01  1.00033e+00  9.99444e-01
 8.80158e-01  1.00251e+00  9.99442e-01
 8.87706e-01  9.99460e-01  9.99442e-01
 8.96804e-01  9.99527e-01  9.99441e-01
 9.06098e-01  9.99138e-01  9.99441e-01
 9.12422e-01  9.99862e-01  9.99440e-01
 9.21814e-01  1.00146e+00  9.99440e-01
 9.30340e-01  9.99291e-01  9.99441e-01
 9.37361e-01  1.00165e+00  9.99441e-01
 9.47559e-01  9.98959e-01  9.99441e-01
 9.54183e-01  9.99817e-01  9.99442e-01
 9.61718e-01  1.00115e+00  9.99443e-01
 9.72304e-01  9.99039e-01  9.99444e-01
 9.78524e-01  1.00090e+00  9.99445e-01
 9.88209e-01  9.99178e-01  9.99446e-01
 9.97473e-01  1.00064e+00  9.99447e-01
 1.00415e+00  9.98770e-01  9.99448e-01
 1.01421e+00  9.99507e-01  9.99450e-01
 1.02218e+00  1.00025e+00  9.99452e-01
 1.02777e+00  9.98956e-01  9.99453e-01
 1.03784e+00  1.00092e+00  9.99455e-01
 1.04409e+00  9.99431e-01  9.99456e-01
 1.05096e+00  9.99533e-01  9.99458e-01
 1.06303e+00  9.99328e-01  9.99460e-01
 1.06942e+00  1.00034e+00  9.99462e-01
 1.07750e+00  9.99083e-01  9.99464e-01
 1.08734e+00  1.00006e+00  9.99466e-01
 1.09334e+00  9.99785e-01  9.99468e-01
 1.10309e+00  9.99788e-01  9.99471e-01
 1.11368e+00  9.99088e-01  9.99473e-01
 1.12177e+00  9.99880e-01  9.99476e-01
 1.13262e+00  1.00005e+00  9.99479e-01
 1.13799e+00  9.98716e-01  9.99480e-01
 1.14646e+00  1.00016e+00  9.99483e-01
 1.15593e+00  9.99026e-01  9.99486e-01
 1.16252e+00  9.99071e-01  9.99488e-01
 1.17309e+00  9.99935e-01  9.99491e-01
 1.18087e+00  9.99063e-01  9.99493e-01
 1.18699e+00  1.00044e+00  9.99495e-01
 1.19765e+00  9.98126e-01  9.99499e-01
 1.20689e+00  1.00040e+00  9.99502e-01
 1.21756e+00  9.98785e-01  9.99505e-01
 1.22702e+00  1.00042e+00  9.99508e-01
 1.23548e+00  9.98591e-01  9.99511e-01
 1.24610e+00  9.99629e-01  9.99514e-01
 1.25314e+00  1.00006e+00  9.99517e-01
 1.26117e+00  9.98980e-01  9.99519e-01
 1.27178e+00  9.99742e-01  9.99523e-01
 1.27805e+00  9.98858e-01  9.99525e-01
 1.28818e+00  9.99273e-01  9.99529e-01
 1.29484e+00  9.99268e-01  9.99531e-01
 1.30249e+00  9.99242e-01  9.99533e-01
 1.31296e+00  9.99883e-01  9.99537e-01
 1.31936e+00  1.00050e+00  9.99539e-01
 1.32871e+00  1.00061e+00  9.99542e-01
 1.33933e+00  9.99663e-01  9.99546e-01
 1.34700e+00  9.99293e-01  9.99549e-01
 1.35833e+00  1.00007e+00  9.99553e-01
 1.36477e+00  9.99449e-01  9.99555e-01
 1.37538e+00  9.98883e-01  9.99558e-01
 1.38546e+00  9.98556e-01  9.99562e-01
 1.39327e+00  9.98827e-01  9.99565e-01
 1.40464e+00  1.00018e+00  9.99568e-01
 1.41189e+00  9.98790e-01  9.99571e-01
 1.41980e+00  9.99189e-01  9.99574e-01
 1.42950e+00  9.98859e-01  9.99577e-01
 1.43660e+00  9.99706e-01  9.99579e-01
 1.44828e+00  9.98853e-01  9.99583e-01
 1.45611e+00  9.99844e-01  9.99586e-01
 1.46708e+00  9.99498e-01  9.99590e-01
 1.47503e+00  9.99406e-01  9.99593e-01
 1.48234e+00  1.00109e+00  9.99595e-01
 1.49208e+00  9.99566e-01  9.99598e-01
 1.50127e+00  1.00012e+00  9.99601e-01
 1.50971e+00  1.00059e+00  9.99604e-01
 1.52249e+00  9.99675e-01  9.99609e-01
 1.53224e+00  1.00017e+00  9.99612e-01
 1.54418e+00  9.99793e-01  9.99616e-01
 1.55036e+00  9.99449e-01  9.99618e-01
 1.56103e+00  9.99566e-01  9.99621e-01
 1.57001e+00  9.98256e-01  9.99624e-01
 1.58065e+00  9.99715e-01  9.99628e-01
 1.59158e+00  9.99028e-01  9.99632e-01
 1.60108e+00  9.99922e-01  9.99635e-01
 1.61268e+00  1.00009e+00  9.99638e-01
 1.62371e+00  9.99942e-01  9.99642e-01
 1.63375e+00  9.99986e-01  9.99645e-01
 1.64165e+00  1.00015e+00  9.99648e-01
 1.65346e+00  1.00020e+00  9.99652e-01
 1.66092e+00  1.00044e+00  9.99654e-01
 1.67090e+00  9.99928e-01  9.99657e-01
 1.68142e+00  9.99736e-01  9.99660e-01
 1.68968e+00  9.99985e-01  9.99663e-01
 1.69937e+00  9.99993e-01  9.99666e-01
 1.70617e+00  9.99478e-01  9.99668e-01
 1.71802e+00  9.99660e-01  9.99672e-01
 1.72693e+00  1.00000e+00  9.99675e-01
 1.73792e+00  9.99712e-01  9.99678e-01
 1.74753e+00  9.99775e-01  9.99681e-01
 1.75552e+00  1.00071e+00  9.99683e-01
 1.76718e+00  1.00009e+00  9.99687e-01
 1.77424e+00  1.00060e+00  9.99689e-01
 1.78143e+00  9.99547e-01  9.99691e-01
 1.79334e+00  1.00043e+00  9.99695e-01
 1.79896e+00  9.99460e-01  9.99697e-01
 1.81115e+00  9.99225e-01  9.99700e-01
 1.81902e+00  9.99621e-01  9.99702e-01
 1.82838e+00  9.99603e-01  9.99705e-01
 1.83926e+00  1.00009e+00  9.99708e-01
 1.84724e+00  9.99921e-01  9.99711e-01
 1.85989e+00  9.99929e-01  9.99714e-01
 1.86568e+00  9.99633e-01  9.99716e-01
 1.87434e+00  1.00066e+00  9.99719e-01
 1.88302e+00  9.99734e-01  9.99721e-01
 1.89023e+00  9.99249e-01  9.99723e-01
 1.89987e+00  9.99641e-01  9.99726e-01
 1.90893e+00  9.99301e-01  9.99728e-01
 1.91965e+00  1.00036e+00  9.99731e-01
 1.92930e+00  9.99885e-01  9.99734e-01
 1.93737e+00  1.00015e+00  9.99736e-01
 1.94971e+00  1.00016e+00  9.99740e-01
 1.95580e+00  1.00022e+00  9.99741e-01
 1.96542e+00  1.00086e+00  9.99744e-01
 1.97496e+00  1.00050e+00  9.99747e-01
 1.98230e+00  9.99704e-01  9.99749e-01
 1.99428e+00  1.00010e+00  9.99752e-01
 2.00149e+00  9.99941e-01  9.99754e-01
 2.00974e+00  9.99811e-01  9.99756e-01
 2.02068e+00  9.99565e-01  9.99759e-01
 2.02805e+00  9.99455e-01  9.99761e-01
 2.03947e+00  9.99773e-01  9.99764e-01
 2.04789e+00  1.00024e+00  9.99766e-01
 2.06107e+00  9.99954e-01  9.99770e-01
 2.06954e+00  1.00015e+00  9.99772e-01
 2.08043e+00  1.00019e+00  9.99775e-01
 2.09221e+00  1.00052e+00  9.99778e-01
 2.09974e+00  9.99957e-01  9.99779e-01
 2.11055e+00  1.00040e+00  9.99782e-01
 2.11771e+00  1.00032e+00  9.99784e-01
 2.13065e+00  1.00037e+00  9.99787e-01
 2.13817e+00  1.00073e+00  9.99789e-01
 2.14780e+00  9.99164e-01  9.99791e-01
 2.15792e+00  1.00038e+00  9.99794e-01
 2.16521e+00  9.99936e-01  9.99796e-01
 2.17615e+00  1.00041e+00  9.99798e-01
 2.18396e+00  1.00004e+00  9.99800e-01
 2.19423e+00  9.99621e-01  9.99803e-01
 2.20355e+00  1.00003e+00  9.99805e-01
 2.21137e+00  9.99780e-01  9.99807e-01
 2.22321e+00  9.99821e-01  9.99810e-01
 2.23083e+00  1.00028e+00  9.99811e-01
 2.24183e+00  9.99833e-01  9.99814e-01
 2.25034e+00  1.00001e+00  9.99816e-01
 2.25852e+00  9.99958e-01  9.99818e-01
 2.27149e+00  9.99856e-01  9.99821e-01
 2.27877e+00  1.00073e+00  9.99823e-01
 2.29049e+00  1.00084e+00  9.99825e-01
 2.29745e+00  9.99771e-01  9.99827e-01
 2.30766e+00  9.99828e-01  9.99829e-01
 2.31698e+00  9.99868e-01  9.99831e-01
 2.32402e+00  1.00062e+00  9.99833e-01
 2.33630e+00  1.00053e+00  9.99835e-01
 2.34327e+00  1.00042e+00  9.99837e-01
 2.35424e+00  1.00039e+00  9.99839e-01
 2.36302e+00  1.00055e+00  9.99841e-01
 2.37090e+00  1.00033e+00  9.99843e-01
 2.38115e+00  9.99454e-01  9.99845e-01
 2.38842e+00  1.00060e+00  9.99847e-01
 2.39899e+00  9.99428e-01  9.99849e-01
 2.40908e+00  1.00089e+00  9.99851e-01
 2.41749e+00  1.00031e+00  9.99853e-01
 2.42849e+00  1.00095e+00  9.99855e-01
 2.43783e+00  1.00053e+00  9.99857e-01
 2.44874e+00  1.00111e+00  9.99860e-01
 2.45646e+00  1.00166e+00  9.99861e-01
 2.46830e+00  1.00100e+00  9.99864e-01
 2.47640e+00  1.00139e+00  9.99865e-01
 2.48495e+00  1.00155e+00  9.99867e-01
 2.49703e+00  1.00066e+00  9.99869e-01
 2.50380e+00  1.00155e+00  9.99871e-01
 2.51566e+00  1.00097e+00  9.99873e-01
 2.52446e+00  1.00226e+00  9.99875e-01
 2.53571e+00  1.00184e+00  9.99877e-01
 2.54478e+00  1.00182e+00  9.99879e-01
 2.55174e+00  1.00260e+00  9.99880e-01
 2.56275e+00  1.00217e+00  9.99882e-01
 8.16300e-03  1.00206e+00  1.00202e+00
 3.19910e-02  1.00225e+00  1.00220e+00
 4.62330e-02  1.00300e+00  1.00230e+00
 6.17420e-02  1.00291e+00  1.00240e+00
 8.37360e-02  1.00270e+00  1.00253e+00
 9.82330e-02  1.00303e+00  1.00260e+00
 1.21080e-01  1.00292e+00  1.00267e+00
 1.36226e-01  1.00296e+00  1.00269e+00
 1.53800e-01  1.00265e+00  1.00269e+00
 1.73857e-01  1.00266e+00  1.00266e+00
 1.89557e-01  1.00256e+00  1.00260e+00
 2.06054e-01  1.00237e+00  1.00251e+00
 2.29068e-01  1.00274e+00  1.00235e+00
 2.43290e-01  1.00117e+00  1.00224e+00
 2.65736e-01  1.00328e+00  1.00203e+00
 2.79800e-01  1.00134e+00  1.00190e+00
 3.05360e-01  1.00219e+00  1.00164e+00
 3.19131e-01  1.00162e+00  1.00150e+00
 3.35850e-01  1.00307e+00  1.00133e+00
 3.55883e-01  1.00208e+00  1.00113e+00
 3.70793e-01  1.00287e+00  1.00099e+00
 3.94934e-01  1.00192e+00  1.00078e+00
 4.09303e-01  1.00216e+00  1.00066e+00
 4.26806e-01  1.00242e+00  1.00053e+00
 4.50488e-01  1.00212e+00  1.00036e+00
 4.63678e-01  1.00327e+00  1.00028e+00
 4.88137e-01  1.00184e+00  1.00014e+00
 5.03156e-01  1.00049e+00  1.00007e+00
 5.20175e-01  1.00073e+00  9.99988e-01
 5.40488e-01  1.00563e+00  9.99905e-01
 5.50927e-01  1.00127e+00  9.99867e-01
 5.72558e-01  1.00262e+00  9.99795e-01
 5.87360e-01  1.00077e+00  9.99752e-01
 6.00360e-01  1.00119e+00  9.99718e-01
 6.23068e-01  1.00043e+00  9.99665e-01
 6.36054e-01  1.00599e+00  9.99638e-01
 6.53978e-01  1.00043e+00  9.99606e-01
 6.74985e-01  1.00382e+00  9.99573e-01
 6.90551e-01  1.00080e+00  9.99552e-01
 7.10488e-01  1.00430e+00  9.99528e-01
 7.27482e-01  1.00043e+00  9.99511e-01
 7.37933e-01  9.99915e-01  9.99502e-01
 7.59360e-01  1.00356e+00  9.99486e-01
 7.72054e-01  1.00062e+00  9.99478e-01
 7.85169e-01  1.00031e+00  9.99470e-01
 8.07169e-01  1.00032e+00  9.99460e-01
 8.19870e-01  9.99767e-01  9.99455e-01
 8.42163e-01  9.99678e-01  9.99449e-01
 8.64800e-01  9.99241e-01  9.99444e-01
 8.85290e-01  9.99723e-01  9.99442e-01
 9.06112e-01  9.99074e-01  9.99441e-01
 9.20054e-01  9.99605e-01  9.99440e-01
 9.45736e-01  1.00012e+00  9.99441e-01
 9.61678e-01  9.99515e-01  9.99443e-01
 9.84195e-01  1.00016e+00  9.99445e-01
 1.00416e+00  9.99055e-01  9.99448e-01
 1.02299e+00  1.00030e+00  9.99452e-01
 1.04416e+00  9.99392e-01  9.99456e-01
 1.05737e+00  1.00027e+00  9.99459e-01
 1.07792e+00  9.99651e-01  9.99464e-01
 1.09093e+00  9.99131e-01  9.99467e-01
 1.10813e+00  9.99534e-01  9.99472e-01
 1.12886e+00  9.99325e-01  9.99478e-01
 1.14298e+00  9.99620e-01  9.99482e-01
 1.16556e+00  9.98678e-01  9.99489e-01
 1.18711e+00  1.00023e+00  9.99495e-01
 1.20962e+00  9.99566e-01  9.99502e-01
 1.23007e+00  9.98731e-01  9.99509e-01
 1.25317e+00  9.99486e-01  9.99517e-01
 1.27050e+00  9.98249e-01  9.99523e-01
 1.28342e+00  9.99129e-01  9.99527e-01
 1.30592e+00  9.99156e-01  9.99535e-01
 1.31949e+00  9.99627e-01  9.99539e-01
 1.34117e+00  9.99005e-01  9.99547e-01
 1.36011e+00  1.00025e+00  9.99553e-01
 1.37491e+00  9.99076e-01  9.99558e-01
 1.39837e+00  9.99416e-01  9.99566e-01
 1.41156e+00  9.99433e-01  9.99571e-01
 1.43575e+00  9.99379e-01  9.99579e-01
 1.45363e+00  9.99223e-01  9.99585e-01
 1.47416e+00  1.00110e+00  9.99592e-01
 1.49582e+00  9.99382e-01  9.99600e-01
 1.50997e+00  9.98850e-01  9.99604e-01
 1.52842e+00  9.99753e-01  9.99611e-01
 1.54442e+00  9.98883e-01  9.99616e-01
 1.55818e+00  9.99161e-01  9.99620e-01
 1.58035e+00  9.98703e-01  9.99628e-01
 1.59412e+00  9.98701e-01  9.99632e-01
 1.61025e+00  9.99529e-01  9.99638e-01
 1.62963e+00  9.98683e-01  9.99644e-01
 1.64347e+00  9.99318e-01  9.99648e-01
 1.66049e+00  9.99306e-01  9.99654e-01
 1.67835e+00  9.99962e-01  9.99659e-01
 1.69151e+00  9.98787e-01  9.99664e-01
 1.71218e+00  1.00258e+00  9.99670e-01
 1.72649e+00  9.99162e-01  9.99675e-01
 1.73905e+00  1.00033e+00  9.99678e-01
 1.76032e+00  1.00251e+00  9.99685e-01
 1.77541e+00  9.99460e-01  9.99689e-01
 1.79361e+00  9.99527e-01  9.99695e-01
 1.81220e+00  9.99138e-01  9.99700e-01
 1.82484e+00  9.99862e-01  9.99704e-01
 1.84363e+00  1.00146e+00  9.99710e-01
 1.86068e+00  9.99291e-01  9.99715e-01
 1.87472e+00  1.00165e+00  9.99719e-01
 1.89512e+00  9.98959e-01  9.99725e-01
 1.90837e+00  9.99817e-01  9.99728e-01
 1.92344e+00  1.00115e+00  9.99732e-01
 1.94461e+00  9.99039e-01  9.99738e-01
 1.95705e+00  1.00090e+00  9.99742e-01
 1.97642e+00  9.99178e-01  9.99747e-01
 1.99495e+00  1.00064e+00  9.99752e-01
 2.00830e+00  9.98770e-01  9.99756e-01
 2.02842e+00  9.99507e-01  9.99761e-01
 2.04435e+00  1.00025e+00  9.99765e-01
 2.05554e+00  9.98956e-01  9.99768e-01
 2.07567e+00  1.00092e+00  9.99773e-01
 2.08818e+00  9.99431e-01  9.99776e-01
 2.10192e+00  9.99533e-01  9.99780e-01
 2.12606e+00  9.99328e-01  9.99786e-01
 2.13884e+00  1.00034e+00  9.99789e-01
 2.15500e+00  9.99083e-01  9.99793e-01
 2.17467e+00  1.00006e+00  9.99798e-01
 2.18667e+00  9.99785e-01  9.99801e-01
 2.20617e+00  9.99788e-01  9.99806e-01
 2.22736e+00  9.99088e-01  9.99811e-01
 2.24355e+00  9.99880e-01  9.99814e-01
 2.26524e+00  1.00005e+00  9.99819e-01
 2.27597e+00  9.98716e-01  9.99822e-01
 2.29291e+00  1.00016e+00  9.99826e-01
 2.31187e+00  9.99026e-01  9.99830e-01
 2.32505e+00  9.99071e-01  9.99833e-01
 2.34618e+00  9.99935e-01  9.99838e-01
 2.36174e+00  9.99063e-01  9.99841e-01
 2.37397e+00  1.00044e+00  9.99844e-01
 2.39531e+00  9.98126e-01  9.99848e-01
 2.41379e+00  1.00040e+00  9.99852e-01
 2.43512e+00  9.98785e-01  9.99857e-01
 2.45404e+00  1.00042e+00  9.99861e-01
 2.47097e+00  9.98591e-01  9.99864e-01
 2.49220e+00  9.99629e-01  9.99868e-01
 2.50628e+00  1.00006e+00  9.99871e-01
 2.52235e+00  9.98980e-01  9.99875e-01
 2.54357e+00  9.99742e-01  9.99879e-01
 2.55611e+00  9.98858e-01  9.99881e-01
 2.57635e+00  9.99273e-01  9.99885e-01
 2.58968e+00  9.99268e-01  9.99888e-01
 2.60498e+00  9.99242e-01  9.99891e-01
 2.62593e+00  9.99883e-01  9.99894e-01
 2.63872e+00  1.00050e+00  9.99897e-01
 2.65741e+00  1.00061e+00  9.99900e-01
 2.67866e+00  9.99663e-01  9.99904e-01
 2.69400e+00  9.99293e-01  9.99907e-01
 2.71666e+00  1.00007e+00  9.99911e-01
 2.72954e+00  9.99449e-01  9.99913e-01
 2.75075e+00  9.98883e-01  9.99917e-01
 2.77093e+00  9.98556e-01  9.99920e-01
 2.78654e+00  9.98827e-01  9.99923e-01
 2.80929e+00  1.00018e+00  9.99927e-01
 2.82379e+00  9.98790e-01  9.99929e-01
 2.83961e+00  9.99189e-01  9.99932e-01
 2.85900e+00  9.98859e-01  9.99935e-01
 2.87321e+00  9.99706e-01  9.99937e-01
 2.89656e+00  9.98853e-01  9.99941e-01
 2.91223e+00  9.99844e-01  9.99944e-01
 2.93416e+00  9.99498e-01  9.99947e-01
 2.95005e+00  9.99406e-01  9.99949e-01
 2.96467e+00  1.00109e+00  9.99952e-01
 2.98416e+00  9.99566e-01  9.99955e-01
 3.00254e+00  1.00012e+00  9.99957e-01
 3.01941e+00  1.00059e+00  9.99960e-01
 3.04499e+00  9.99675e-01  9.99964e-01
 3.06449e+00  1.00017e+00  9.99966e-01
 3.08837e+00  9.99793e-01  9.99970e-01
 3.10072e+00  9.99449e-01  9.99971e-01
 3.12206e+00  9.99566e-01  9.99974e-01
 3.14002e+00  9.98256e-01  9.99977e-01
 3.16131e+00  9.99715e-01  9.99980e-01
 3.18317e+00  9.99028e-01  9.99983e-01
 3.20216e+00  9.99922e-01  9.99985e-01
 3.22536e+00  1.00009e+00  9.99988e-01
 3.24742e+00  9.99942e-01  9.99991e-01
 3.26749e+00  9.99986e-01  9.99993e-01
 3.28329e+00  1.00015e+00  9.99995e-01
 3.30691e+00  1.00020e+00  9.99998e-01
 3.32184e+00  1.00044e+00  1.00000e+00
 3.34180e+00  9.99928e-01  1.00000e+00
 3.36284e+00  9.99736e-01  1.00000e+00
 3.37935e+00  9.99985e-01  1.00001e+00
 3.39874e+00  9.99993e-01  1.00001e+00
 3.41235e+00  9.99478e-01  1.00001e+00
 3.43605e+00  9.99660e-01  1.00001e+00
 3.45386e+00  1.00000e+00  1.00002e+00
 3.47585e+00  9.99712e-01  1.00002e+00
 3.49506e+00  9.99775e-01  1.00002e+00
 3.51104e+00  1.00071e+00  1.00002e+00
 3.53435e+00  1.00009e+00  1.00002e+00
 3.54849e+00  1.00060e+00  1.00003e+00
 3.56286e+00  9.99547e-01  1.00003e+00
 3.58668e+00  1.00043e+00  1.00003e+00
 3.59791e+00  9.99460e-01  1.00003e+00
 3.62230e+00  9.99225e-01  1.00003e+00
 3.63804e+00  9.99621e-01  1.00003e+00
 3.65675e+00  9.99603e-01  1.00004e+00
 3.67853e+00  1.00009e+00  1.00004e+00
 3.69449e+00  9.99921e-01  1.00004e+00
 3.71979e+00  9.99929e-01  1.00004e+00
 3.73135e+00  9.99633e-01  1.00004e+00
 3.74867e+00  1.00066e+00  1.00005e+00
 3.76605e+00  9.99734e-01  1.00005e+00
 3.78047e+00  9.99249e-01  1.00005e+00
 3.79974e+00  9.99641e-01  1.00005e+00
 3.81786e+00  9.99301e-01  1.00005e+00
 3.83929e+00  1.00036e+00  1.00005e+00
 3.85861e+00  9.99885e-01  1.00006e+00
 3.87474e+00  1.00015e+00  1.00006e+00
 3.89942e+00  1.00016e+00  1.00006e+00
 3.91161e+00  1.00022e+00  1.00006e+00
 3.93084e+00  1.00086e+00  1.00006e+00
 3.94993e+00  1.00050e+00  1.00006e+00
 3.96460e+00  9.99704e-01  1.00007e+00
 3.98855e+00  1.00010e+00  1.00007e+00
 4.00297e+00  9.99941e-01  1.00007e+00
 4.01947e+00  9.99811e-01  1.00007e+00
 4.04136e+00  9.99565e-01  1.00007e+00
 4.05609e+00  9.99455e-01  1.00008e+00
 4.07893e+00  9.99773e-01  1.00008e+00
 4.09578e+00  1.00024e+00  1.00008e+00
 4.12213e+00  9.99954e-01  1.00008e+00
 4.13909e+00  1.00015e+00  1.00009e+00
 4.16085e+00  1.00019e+00  1.00009e+00
 4.18442e+00  1.00052e+00  1.00009e+00
 4.19947e+00  9.99957e-01  1.00009e+00
 4.22111e+00  1.00040e+00  1.00010e+00
 4.23541e+00  1.00032e+00  1.00010e+00
 4.26131e+00  1.00037e+00  1.00011e+00
 4.27635e+00  1.00073e+00  1.00011e+00
 4.29559e+00  9.99164e-01  1.00011e+00
 4.31585e+00  1.00038e+00  1.00012e+00
 4.33042e+00  9.99936e-01  1.00012e+00
 4.35230e+00  1.00041e+00  1.00013e+00
 4.36792e+00  1.00004e+00  1.00013e+00
 4.38846e+00  9.99621e-01  1.00014e+00
 4.40711e+00  1.00003e+00  1.00014e+00
 4.42274e+00  9.99780e-01  1.00015e+00
 4.44642e+00  9.99821e-01  1.00016e+00
 4.46167e+00  1.00028e+00  1.00016e+00
 4.48367e+00  9.99833e-01  1.00017e+00
 4.50067e+00  1.00001e+00  1.00018e+00
 4.51703e+00  9.99958e-01  1.00019e+00
 4.54297e+00  9.99856e-01  1.00021e+00
 4.55755e+00  1.00073e+00  1.00022e+00
 4.58099e+00  1.00084e+00  1.00024e+00
 4.59491e+00  9.99771e-01  1.00025e+00
 4.61531e+00  9.99828e-01  1.00027e+00
 4.63396e+00  9.99868e-01  1.00029e+00
 4.64804e+00  1.00062e+00  1.00030e+00
 4.67260e+00  1.00053e+00  1.00033e+00
 4.68654e+00  1.00042e+00  1.00035e+00
 4.70847e+00  1.00039e+00  1.00038e+00
 4.72604e+00  1.00055e+00  1.00041e+00
 4.74180e+00  1.00033e+00  1.00044e+00
 4.76230e+00  9.99454e-01  1.00049e+00
 4.77684e+00  1.00060e+00  1.00052e+00
 4.79798e+00  9.99428e-01  1.00057e+00
 4.81816e+00  1.00089e+00  1.00063e+00
 4.83498e+00  1.00031e+00  1.00068e+00
 4.85698e+00  1.00095e+00  1.00076e+00
 4.87565e+00  1.00053e+00  1.00083e+00
 4.89748e+00  1.00111e+00  1.00092e+00
 4.91291e+00  1.00166e+00  1.00099e+00
 4.93661e+00  1.00100e+00  1.00112e+00
 4.95279e+00  1.00139e+00  1.00121e+00
 4.96991e+00  1.00155e+00  1.00131e+00
 4.99406e+00  1.00066e+00  1.00147e+00
 5.00760e+00  1.00155e+00  1.00156e+00
 5.03131e+00  1.00097e+00  1.00173e+00
 5.04891e+00  1.00226e+00  1.00187e+00
 5.07142e+00  1.00184e+00  1.00204e+00
 5.08956e+00  1.00182e+00  1.00218e+00
 5.10347e+00  1.00260e+00  1.00228e+00
 5.12549e+00  1.00217e+00  1.00242e+00
