864
 4.54600e-03  9.99819e-01  1.00045e+00
 1.44240e-02  9.99762e-01  1.00045e+00
 2.47880e-02  9.99869e-01  1.00045e+00
 3.45640e-02  9.99136e-01  1.00045e+00
 4.44390e-02  9.99108e-01  1.00045e+00
 5.35880e-02  9.99176e-01  1.00045e+00
 6.32360e-02  9.99012e-01  1.00046e+00
 7.26160e-02  9.99310e-01  1.00046e+00
 8.21140e-02  9.99340e-01  1.00046e+00
 9.25810e-02  1.00037e+00  1.00046e+00
 1.01931e-01  9.99193e-01  1.00046e+00
 1.12417e-01  9.99962e-01  1.00046e+00
 1.21777e-01  9.98504e-01  1.00046e+00
 1.31332e-01  9.99316e-01  1.00046e+00
 1.40722e-01  9.99517e-01  1.00046e+00
 1.50376e-01  1.00030e+00  1.00046e+00
 1.59564e-01  9.99304e-01  1.00046e+00
 1.69429e-01  1.00007e+00  1.00046e+00
 1.78588e-01  1.00023e+00  1.00046e+00
 1.88236e-01  1.00041e+00  1.00046e+00
 1.97616e-01  1.00024e+00  1.00046e+00
 2.07557e-01  1.00058e+00  1.00046e+00
 2.18234e-01  1.00023e+00  1.00046e+00
 2.29037e-01  1.00088e+00  1.00046e+00
 2.39286e-01  1.00095e+00  1.00046e+00
 2.48728e-01  9.99742e-01  1.00046e+00
 2.58247e-01  9.99105e-01  1.00046e+00
 2.67452e-01  9.99968e-01  1.00046e+00
 2.76287e-01  9.99236e-01  1.00046e+00
 2.85548e-01  9.99263e-01  1.00046e+00
 2.94558e-01  9.90171e-01  1.00046e+00
 3.03588e-01  9.99099e-01  1.00046e+00
 3.12675e-01  9.99523e-01  1.00046e+00
 3.21318e-01  9.98122e-01  1.00046e+00
 3.30668e-01  9.99967e-01  1.00046e+00
 3.39672e-01  9.99994e-01  1.00046e+00
 3.49042e-01  9.99408e-01  1.00046e+00
 3.57841e-01  9.99840e-01  1.00046e+00
 3.66273e-01  9.99452e-01  1.00046e+00
 3.75175e-01  9.98973e-01  1.00046e+00
 3.83818e-01  9.99755e-01  1.00046e+00
 3.92746e-01  9.99192e-01  1.00046e+00
 4.03942e-01  9.99044e-01  1.00046e+00
 4.14549e-01  9.99533e-01  1.00046e+00
 4.23666e-01  1.00042e+00  1.00046e+00
 4.32382e-01  9.99956e-01  1.00046e+00
 4.41191e-01  9.99240e-01  1.00046e+00
 4.49613e-01  1.00045e+00  1.00046e+00
 4.58752e-01  9.99960e-01  1.00046e+00
 4.67941e-01  9.99817e-01  1.00046e+00
 4.76653e-01  1.00022e+00  1.00046e+00
 4.85383e-01  1.00036e+00  1.00046e+00
 4.93878e-01  1.00049e+00  1.00046e+00
 5.03351e-01  9.99805e-01  1.00046e+00
 5.12113e-01  1.00060e+00  1.00046e+00
 5.21005e-01  1.00057e+00  1.00046e+00
 5.29648e-01  1.00073e+00  1.00046e+00
 5.38262e-01  1.00025e+00  1.00046e+00
 5.47091e-01  1.00070e+00  1.00046e+00
 5.55384e-01  1.00101e+00  1.00046e+00
 5.64626e-01  1.00053e+00  1.00046e+00
 5.72919e-01  1.00117e+00  1.00046e+00
 5.82629e-01  1.00027e+00  1.00046e+00
 5.91237e-01  1.00102e+00  1.00046e+00
 5.99897e-01  9.99650e-01  1.00046e+00
 6.08716e-01  1.00080e+00  1.00046e+00
 6.17065e-01  1.00017e+00  1.00046e+00
 6.26168e-01  1.00067e+00  1.00046e+00
 6.34601e-01  1.00056e+00  1.00046e+00
 6.43353e-01  1.00066e+00  1.00046e+00
 6.52043e-01  1.00077e+00  1.00046e+00
 6.60548e-01  9.99821e-01  1.00046e+00
 6.69568e-01  1.00044e+00  1.00046e+00
 6.77964e-01  1.00000e+00  1.00046e+00
 6.86789e-01  1.00027e+00  1.00046e+00
 6.95417e-01  1.00055e+00  1.00046e+00
 7.04067e-01  1.00092e+00  1.00046e+00
 7.12876e-01  1.00053e+00  1.00046e+00
 7.21235e-01  1.00151e+00  1.00046e+00
 7.30318e-01  9.99540e-01  1.00046e+00
 7.38781e-01  1.00199e+00  1.00046e+00
 7.47513e-01  1.00069e+00  1.00046e+00
 7.56213e-01  1.00045e+00  1.00046e+00
 7.64708e-01  1.00069e+00  1.00046e+00
 7.73738e-01  1.00061e+00  1.00046e+00
 7.82134e-01  1.00068e+00  1.00046e+00
 7.90939e-01  1.00175e+00  1.00046e+00
 7.99798e-01  1.00115e+00  1.00046e+00
 8.09112e-01  1.00012e+00  1.00046e+00
 8.17921e-01  1.00054e+00  1.00046e+00
 8.26214e-01  1.00115e+00  1.00046e+00
 8.35456e-01  1.00048e+00  1.00046e+00
 8.43759e-01  1.00047e+00  1.00046e+00
 8.52584e-01  1.00160e+00  1.00046e+00
 8.61166e-01  1.00033e+00  1.00046e+00
 8.69872e-01  1.00066e+00  1.00046e+00
 8.78691e-01  1.00020e+00  1.00046e+00
 8.87103e-01  1.00215e+00  1.00046e+00
 8.96005e-01  1.00027e+00  1.00046e+00
 9.05374e-01  1.00152e+00  1.00046e+00
 9.14173e-01  1.00069e+00  1.00046e+00
 9.22883e-01  1.00109e+00  1.00046e+00
 9.31378e-01  1.00173e+00  1.00046e+00
 9.40408e-01  1.00073e+00  1.00046e+00
 9.48794e-01  1.00041e+00  1.00046e+00
 9.57656e-01  9.99742e-01  1.00046e+00
 9.67138e-01  1.00185e+00  1.00046e+00
 9.75782e-01  1.00155e+00  1.00046e+00
 9.84591e-01  1.00149e+00  1.00046e+00
 9.92884e-01  1.00130e+00  1.00046e+00
 1.00212e+00  1.00086e+00  1.00046e+00
 1.01042e+00  1.00107e+00  1.00046e+00
 1.02012e+00  1.00079e+00  1.00046e+00
 1.02874e+00  1.00192e+00  1.00046e+00
 1.03740e+00  1.00065e+00  1.00046e+00
 1.04679e+00  9.99955e-01  1.00046e+00
 1.05538e+00  1.00082e+00  1.00046e+00
 1.06462e+00  1.00237e+00  1.00046e+00
 1.07292e+00  1.00082e+00  1.00046e+00
 1.08175e+00  1.00127e+00  1.00046e+00
 1.09033e+00  1.00123e+00  1.00046e+00
 1.09903e+00  1.00124e+00  1.00046e+00
 1.10856e+00  1.00070e+00  1.00046e+00
 1.11729e+00  1.00117e+00  1.00046e+00
 1.12820e+00  1.00101e+00  1.00046e+00
 1.13710e+00  1.00057e+00  1.00046e+00
 1.14600e+00  1.00066e+00  1.00046e+00
 1.15464e+00  1.00021e+00  1.00046e+00
 1.16400e+00  1.00053e+00  1.00046e+00
 1.17288e+00  1.00110e+00  1.00046e+00
 1.18138e+00  1.00105e+00  1.00046e+00
 1.19041e+00  1.00166e+00  1.00046e+00
 1.19879e+00  1.00108e+00  1.00045e+00
 1.20766e+00  1.00006e+00  1.00045e+00
 1.21714e+00  1.00157e+00  1.00045e+00
 1.22650e+00  1.00055e+00  1.00045e+00
 1.23538e+00  1.00023e+00  1.00045e+00
 1.24388e+00  9.99673e-01  1.00045e+00
 1.25291e+00  1.00095e+00  1.00045e+00
 1.26129e+00  1.00102e+00  1.00045e+00
 1.27012e+00  1.00055e+00  1.00045e+00
 1.27874e+00  1.00063e+00  1.00045e+00
 1.28801e+00  9.99688e-01  1.00045e+00
 1.29709e+00  1.00095e+00  1.00045e+00
 1.30538e+00  1.00151e+00  1.00045e+00
 1.31496e+00  1.00030e+00  1.00045e+00
 1.32379e+00  1.00113e+00  1.00045e+00
 1.33262e+00  1.00069e+00  1.00045e+00
 1.34124e+00  1.00144e+00  1.00045e+00
 1.34990e+00  1.00070e+00  1.00045e+00
 1.35872e+00  1.00086e+00  1.00045e+00
 1.36729e+00  1.00037e+00  1.00045e+00
 1.37711e+00  1.00132e+00  1.00045e+00
 1.38542e+00  1.00118e+00  1.00045e+00
 1.39425e+00  1.00011e+00  1.00045e+00
 1.40283e+00  1.00122e+00  1.00045e+00
 1.41153e+00  9.99872e-01  1.00045e+00
 1.42036e+00  1.00159e+00  1.00045e+00
 1.42877e+00  9.99825e-01  1.00045e+00
 1.43765e+00  1.00124e+00  1.00045e+00
 1.44632e+00  1.00072e+00  1.00045e+00
 1.45494e+00  1.00096e+00  1.00045e+00
 1.46374e+00  1.00090e+00  1.00045e+00
 1.47247e+00  1.00069e+00  1.00044e+00
 1.48209e+00  1.00062e+00  1.00044e+00
 1.49046e+00  1.00070e+00  1.00044e+00
 1.49927e+00  1.00044e+00  1.00044e+00
 1.50792e+00  1.00051e+00  1.00044e+00
 1.51657e+00  9.99652e-01  1.00044e+00
 1.52537e+00  1.00162e+00  1.00044e+00
 1.53433e+00  1.00017e+00  1.00044e+00
 1.54517e+00  1.00100e+00  1.00044e+00
 1.55377e+00  9.99896e-01  1.00044e+00
 1.56307e+00  1.00008e+00  1.00044e+00
 1.57210e+00  1.00071e+00  1.00044e+00
 1.58084e+00  1.00039e+00  1.00044e+00
 1.58953e+00  9.99630e-01  1.00044e+00
 1.59855e+00  9.99722e-01  1.00044e+00
 1.60787e+00  1.00096e+00  1.00044e+00
 1.61627e+00  9.99551e-01  1.00044e+00
 1.62516e+00  1.00029e+00  1.00044e+00
 1.63382e+00  9.99576e-01  1.00044e+00
 1.64244e+00  9.99953e-01  1.00044e+00
 1.65203e+00  9.99927e-01  1.00044e+00
 1.66054e+00  9.98726e-01  1.00043e+00
 1.66959e+00  9.99821e-01  1.00043e+00
 1.67796e+00  9.99424e-01  1.00043e+00
 1.68758e+00  1.00004e+00  1.00043e+00
 1.69807e+00  9.99793e-01  1.00043e+00
 1.70799e+00  1.00004e+00  1.00043e+00
 1.71792e+00  9.99953e-01  1.00043e+00
 1.72793e+00  1.00020e+00  1.00043e+00
 1.73769e+00  1.00100e+00  1.00043e+00
 1.74780e+00  1.00095e+00  1.00043e+00
 1.75758e+00  1.00124e+00  1.00043e+00
 1.76754e+00  9.99870e-01  1.00043e+00
 1.77743e+00  1.00056e+00  1.00043e+00
 1.78805e+00  1.00093e+00  1.00043e+00
 1.79828e+00  1.00120e+00  1.00042e+00
 1.80967e+00  1.00076e+00  1.00042e+00
 1.82101e+00  1.00110e+00  1.00042e+00
 1.83113e+00  9.91653e-01  1.00042e+00
 1.84090e+00  1.00043e+00  1.00042e+00
 1.85088e+00  9.99878e-01  1.00042e+00
 1.86164e+00  1.00074e+00  1.00042e+00
 1.87171e+00  9.99928e-01  1.00042e+00
 1.88161e+00  1.00028e+00  1.00042e+00
 1.89224e+00  1.00015e+00  1.00042e+00
 1.90243e+00  9.99892e-01  1.00042e+00
 1.91318e+00  1.00036e+00  1.00042e+00
 1.92464e+00  1.00051e+00  1.00041e+00
 1.93530e+00  1.00048e+00  1.00041e+00
 1.94508e+00  9.99505e-01  1.00041e+00
 1.95504e+00  9.99810e-01  1.00041e+00
 1.96493e+00  9.98730e-01  1.00041e+00
 1.97555e+00  1.00000e+00  1.00041e+00
 1.98664e+00  1.00056e+00  1.00041e+00
 1.99681e+00  1.00106e+00  1.00041e+00
 2.00797e+00  1.00060e+00  1.00041e+00
 2.01932e+00  1.00032e+00  1.00041e+00
 2.03042e+00  1.00033e+00  1.00040e+00
 2.04135e+00  1.00064e+00  1.00040e+00
 2.05126e+00  1.00031e+00  1.00040e+00
 2.06126e+00  1.00042e+00  1.00040e+00
 2.07101e+00  1.00001e+00  1.00040e+00
 2.08177e+00  9.99539e-01  1.00040e+00
 2.09183e+00  9.99694e-01  1.00040e+00
 2.10198e+00  1.00002e+00  1.00040e+00
 2.11174e+00  1.00060e+00  1.00039e+00
 2.12253e+00  9.99418e-01  1.00039e+00
 2.13258e+00  9.99781e-01  1.00039e+00
 2.14313e+00  9.99557e-01  1.00039e+00
 2.15340e+00  9.99140e-01  1.00039e+00
 2.16338e+00  9.97723e-01  1.00039e+00
 2.17413e+00  9.98429e-01  1.00039e+00
 2.18421e+00  1.00008e+00  1.00039e+00
 2.19411e+00  1.00137e+00  1.00038e+00
 2.20480e+00  9.98265e-01  1.00038e+00
 2.21629e+00  9.99030e-01  1.00038e+00
 2.22801e+00  9.98551e-01  1.00038e+00
 2.23942e+00  9.98002e-01  1.00038e+00
 2.25123e+00  9.98518e-01  1.00038e+00
 2.26247e+00  9.98607e-01  1.00038e+00
 2.27447e+00  9.97612e-01  1.00037e+00
 2.28568e+00  9.98165e-01  1.00037e+00
 2.29747e+00  9.97919e-01  1.00037e+00
 2.30898e+00  9.98047e-01  1.00037e+00
 2.32047e+00  9.97070e-01  1.00037e+00
 2.33215e+00  9.97188e-01  1.00036e+00
 2.34444e+00  9.97431e-01  1.00036e+00
 2.35893e+00  9.97092e-01  1.00036e+00
 2.37058e+00  9.96311e-01  1.00036e+00
 2.38296e+00  9.95817e-01  1.00036e+00
 2.39577e+00  9.95977e-01  1.00035e+00
 2.40739e+00  9.96046e-01  1.00035e+00
 2.42035e+00  9.96425e-01  1.00035e+00
 2.43151e+00  9.94594e-01  1.00035e+00
 2.44417e+00  9.94227e-01  1.00035e+00
 2.45597e+00  9.87065e-01  1.00034e+00
 2.46801e+00  9.94202e-01  1.00034e+00
 2.48157e+00  9.94594e-01  1.00034e+00
 2.49285e+00  9.95486e-01  1.00034e+00
 2.50474e+00  9.92460e-01  1.00033e+00
 2.51755e+00  9.86353e-01  1.00033e+00
 2.52992e+00  9.80625e-01  1.00033e+00
 2.54290e+00  9.73753e-01  1.00033e+00
 2.55561e+00  9.65691e-01  1.00032e+00
 2.56828e+00  9.59144e-01  9.73923e-01
 2.57980e+00  9.53646e-01  9.73920e-01
 2.59129e+00  9.50440e-01  9.73918e-01
 2.60301e+00  9.49026e-01  9.73915e-01
 2.61455e+00  9.47728e-01  9.73913e-01
 2.62739e+00  9.35756e-01  9.73910e-01
 2.63855e+00  9.50203e-01  1.00031e+00
 2.64956e+00  9.53909e-01  1.00030e+00
 2.66001e+00  9.54217e-01  1.00030e+00
 2.67092e+00  9.62390e-01  1.00030e+00
 2.68056e+00  9.65789e-01  1.00030e+00
 2.69224e+00  9.75154e-01  1.00029e+00
 2.70410e+00  9.80665e-01  1.00029e+00
 2.71765e+00  9.88524e-01  1.00029e+00
 2.73021e+00  9.89164e-01  1.00028e+00
 2.74013e+00  9.90739e-01  1.00028e+00
 2.75122e+00  9.89575e-01  1.00028e+00
 2.76083e+00  9.92172e-01  1.00028e+00
 2.77103e+00  9.89869e-01  1.00027e+00
 2.78098e+00  9.92750e-01  1.00027e+00
 2.79209e+00  9.90402e-01  1.00027e+00
 2.80251e+00  9.92786e-01  1.00026e+00
 2.81273e+00  9.90805e-01  1.00026e+00
 2.82284e+00  9.94146e-01  1.00026e+00
 2.83353e+00  9.85287e-01  1.00025e+00
 2.84320e+00  9.94331e-01  1.00025e+00
 2.85340e+00  9.93317e-01  1.00025e+00
 2.86385e+00  9.92984e-01  1.00025e+00
 2.87424e+00  9.84004e-01  1.00024e+00
 2.88467e+00  9.95039e-01  1.00024e+00
 2.89504e+00  9.96989e-01  1.00024e+00
 2.90620e+00  9.94590e-01  1.00023e+00
 2.91789e+00  9.95796e-01  1.00023e+00
 2.92903e+00  9.96988e-01  1.00022e+00
 2.93979e+00  9.96889e-01  1.00022e+00
 2.95036e+00  9.98467e-01  1.00022e+00
 2.96061e+00  9.97305e-01  1.00021e+00
 2.97176e+00  9.98927e-01  1.00021e+00
 2.98266e+00  9.90668e-01  1.00021e+00
 2.99314e+00  1.00013e+00  1.00020e+00
 3.00456e+00  1.00096e+00  1.00020e+00
 3.01579e+00  9.89881e-01  1.00019e+00
 3.02644e+00  1.00204e+00  1.00019e+00
 3.03702e+00  1.00253e+00  1.00018e+00
 3.04836e+00  1.00233e+00  1.00018e+00
 3.05994e+00  9.97698e-01  1.00018e+00
 3.07206e+00  1.00430e+00  1.00017e+00
 3.08354e+00  1.00573e+00  1.00017e+00
 3.09423e+00  1.00527e+00  1.00016e+00
 3.10539e+00  9.95579e-01  1.00016e+00
 3.11603e+00  1.00795e+00  1.00015e+00
 3.12622e+00  1.00718e+00  1.00015e+00
 3.13708e+00  1.00693e+00  1.00014e+00
 3.14973e+00  1.00799e+00  1.00014e+00
 3.16119e+00  1.00770e+00  1.00013e+00
 3.17336e+00  1.00869e+00  1.00013e+00
 3.18429e+00  1.00876e+00  1.00012e+00
 3.19536e+00  1.00925e+00  1.00011e+00
 3.20747e+00  1.01045e+00  1.00011e+00
 3.21801e+00  1.00919e+00  1.00010e+00
 3.22939e+00  1.01027e+00  1.00010e+00
 3.24006e+00  1.01003e+00  1.00009e+00
 3.25122e+00  1.00910e+00  1.00009e+00
 3.26208e+00  1.00961e+00  1.00008e+00
 3.27234e+00  1.00904e+00  1.00007e+00
 3.28153e+00  1.00849e+00  1.00007e+00
 3.29141e+00  1.00839e+00  1.00006e+00
 3.30055e+00  1.00791e+00  1.00006e+00
 3.31021e+00  1.00856e+00  1.00005e+00
 3.31958e+00  1.00740e+00  1.00005e+00
 3.32904e+00  1.00855e+00  1.00004e+00
 3.33855e+00  1.00891e+00  1.00004e+00
 3.34791e+00  1.00804e+00  1.00003e+00
 3.35747e+00  1.00745e+00  1.00002e+00
 3.36773e+00  1.00814e+00  1.00002e+00
 3.37742e+00  1.00774e+00  1.00001e+00
 3.38668e+00  1.00575e+00  1.00001e+00
 3.39700e+00  1.00624e+00  9.99999e-01
 3.40653e+00  1.00610e+00  9.99993e-01
 3.41641e+00  9.60217e-01  9.99986e-01
 3.42555e+00  1.00573e+00  9.99980e-01
 3.43552e+00  1.00688e+00  9.99973e-01
 3.44549e+00  1.00618e+00  9.99966e-01
 3.45494e+00  1.00513e+00  9.99959e-01
 3.46476e+00  1.00455e+00  9.99952e-01
 3.47486e+00  1.00414e+00  9.99944e-01
 3.48439e+00  1.00507e+00  9.99937e-01
 3.49374e+00  1.00447e+00  9.99930e-01
 3.50330e+00  1.00379e+00  9.99922e-01
 3.51268e+00  1.00394e+00  9.99915e-01
 3.52235e+00  1.00340e+00  9.99907e-01
 3.53153e+00  1.00371e+00  9.99900e-01
 3.54141e+00  1.00244e+00  9.99892e-01
 3.55055e+00  1.00310e+00  9.99884e-01
 3.56020e+00  1.00249e+00  9.99876e-01
 3.56958e+00  1.00058e+00  9.99868e-01
 3.57904e+00  1.00166e+00  9.99860e-01
 3.58855e+00  1.00175e+00  9.99851e-01
 3.59791e+00  1.00037e+00  9.99843e-01
 3.60747e+00  1.00110e+00  9.99834e-01
 3.61685e+00  1.00045e+00  9.99825e-01
 3.62651e+00  1.00029e+00  9.99816e-01
 3.63569e+00  1.00135e+00  9.99808e-01
 3.64557e+00  1.00051e+00  9.99798e-01
 3.65474e+00  9.98954e-01  9.99789e-01
 3.66437e+00  9.99355e-01  9.99779e-01
 3.67375e+00  1.00070e+00  9.99770e-01
 3.68319e+00  9.99573e-01  9.99760e-01
 3.69271e+00  1.00063e+00  9.99750e-01
 3.70208e+00  9.98805e-01  9.99740e-01
 3.71164e+00  9.99507e-01  9.99730e-01
 3.72101e+00  9.99942e-01  9.99720e-01
 3.73068e+00  9.99111e-01  9.99709e-01
 3.73985e+00  9.99827e-01  9.99698e-01
 3.74974e+00  9.98608e-01  9.99687e-01
 3.75889e+00  9.99885e-01  9.99676e-01
 3.76910e+00  1.00022e+00  9.99664e-01
 3.77884e+00  9.99135e-01  9.99653e-01
 3.78826e+00  9.99391e-01  9.99641e-01
 3.79788e+00  9.98933e-01  9.99629e-01
 3.80723e+00  9.99462e-01  9.99617e-01
 3.81676e+00  1.00042e+00  9.99605e-01
 3.82609e+00  1.00038e+00  9.99593e-01
 3.83576e+00  9.99069e-01  9.99580e-01
 3.84502e+00  9.99958e-01  9.99568e-01
 3.85533e+00  9.98438e-01  9.99554e-01
 3.86485e+00  9.99122e-01  9.99541e-01
 3.87474e+00  9.99142e-01  9.99527e-01
 3.88389e+00  9.98498e-01  9.99513e-01
 3.89353e+00  9.97893e-01  9.99499e-01
 3.90293e+00  9.96775e-01  9.99486e-01
 3.91284e+00  9.96430e-01  9.99471e-01
 3.92288e+00  9.95285e-01  9.99455e-01
 3.93223e+00  9.94044e-01  9.99441e-01
 3.94176e+00  9.93419e-01  9.99426e-01
 3.95109e+00  9.93241e-01  9.99411e-01
 3.96076e+00  9.92399e-01  9.99395e-01
 3.97080e+00  9.93490e-01  9.99379e-01
 3.98068e+00  9.92738e-01  9.99362e-01
 3.99054e+00  9.94006e-01  9.99345e-01
 4.00062e+00  9.93585e-01  9.99328e-01
 4.00980e+00  9.94569e-01  9.99312e-01
 4.01958e+00  9.94837e-01  9.99294e-01
 4.02913e+00  9.96230e-01  9.99277e-01
 4.03966e+00  9.98174e-01  9.99257e-01
 4.04966e+00  9.98124e-01  9.99239e-01
 4.05980e+00  9.99128e-01  9.99219e-01
 4.06958e+00  9.97986e-01  9.99200e-01
 4.07904e+00  1.00021e+00  9.99182e-01
 4.08855e+00  9.98227e-01  9.99163e-01
 4.09790e+00  9.99414e-01  9.99144e-01
 4.10747e+00  9.99167e-01  9.99124e-01
 4.11684e+00  9.98879e-01  9.99105e-01
 4.12651e+00  9.99192e-01  9.99084e-01
 4.13569e+00  1.00061e+00  9.99064e-01
 4.14557e+00  9.99114e-01  9.99043e-01
 4.15595e+00  9.98136e-01  9.99020e-01
 4.16778e+00  9.99389e-01  9.98993e-01
 4.17825e+00  9.98945e-01  9.98969e-01
 4.18812e+00  9.99868e-01  9.98946e-01
 4.19730e+00  9.99681e-01  9.98925e-01
 4.20708e+00  9.99626e-01  9.98902e-01
 4.21654e+00  9.98335e-01  9.98879e-01
 4.22686e+00  9.99965e-01  9.98853e-01
 4.23625e+00  9.98824e-01  9.98830e-01
 9.09100e-03  9.99819e-01  1.00045e+00
 2.88490e-02  9.99762e-01  1.00045e+00
 4.95770e-02  9.99869e-01  1.00045e+00
 6.91290e-02  9.99136e-01  1.00046e+00
 8.88790e-02  9.99108e-01  1.00046e+00
 1.07176e-01  9.99176e-01  1.00046e+00
 1.26471e-01  9.99012e-01  1.00046e+00
 1.45231e-01  9.99310e-01  1.00046e+00
 1.64229e-01  9.99340e-01  1.00046e+00
 1.85161e-01  1.00037e+00  1.00046e+00
 2.03861e-01  9.99193e-01  1.00046e+00
 2.24834e-01  9.99962e-01  1.00046e+00
 2.43554e-01  9.98504e-01  1.00046e+00
 2.62664e-01  9.99316e-01  1.00046e+00
 2.81443e-01  9.99517e-01  1.00046e+00
 3.00751e-01  1.00030e+00  1.00046e+00
 3.19129e-01  9.99304e-01  1.00046e+00
 3.38859e-01  1.00007e+00  1.00046e+00
 3.57176e-01  1.00023e+00  1.00046e+00
 3.76471e-01  1.00041e+00  1.00046e+00
 3.95231e-01  1.00024e+00  1.00046e+00
 4.15114e-01  1.00058e+00  1.00046e+00
 4.36469e-01  1.00023e+00  1.00046e+00
 4.58074e-01  1.00088e+00  1.00046e+00
 4.78571e-01  1.00095e+00  1.00046e+00
 4.97456e-01  9.99742e-01  1.00046e+00
 5.16494e-01  9.99105e-01  1.00046e+00
 5.34904e-01  9.99968e-01  1.00046e+00
 5.52574e-01  9.99236e-01  1.00046e+00
 5.71096e-01  9.99263e-01  1.00046e+00
 5.89117e-01  9.90171e-01  1.00046e+00
 6.07176e-01  9.99099e-01  1.00046e+00
 6.25349e-01  9.99523e-01  1.00046e+00
 6.42636e-01  9.98122e-01  1.00046e+00
 6.61337e-01  9.99967e-01  1.00046e+00
 6.79344e-01  9.99994e-01  1.00046e+00
 6.98083e-01  9.99408e-01  1.00046e+00
 7.15682e-01  9.99840e-01  1.00046e+00
 7.32546e-01  9.99452e-01  1.00046e+00
 7.50349e-01  9.98973e-01  1.00046e+00
 7.67636e-01  9.99755e-01  1.00046e+00
 7.85491e-01  9.99192e-01  1.00046e+00
 8.07884e-01  9.99044e-01  1.00046e+00
 8.29099e-01  9.99533e-01  1.00046e+00
 8.47331e-01  1.00042e+00  1.00046e+00
 8.64763e-01  9.99956e-01  1.00046e+00
 8.82382e-01  9.99240e-01  1.00046e+00
 8.99226e-01  1.00045e+00  1.00046e+00
 9.17504e-01  9.99960e-01  1.00046e+00
 9.35881e-01  9.99817e-01  1.00046e+00
 9.53306e-01  1.00022e+00  1.00046e+00
 9.70766e-01  1.00036e+00  1.00046e+00
 9.87756e-01  1.00049e+00  1.00046e+00
 1.00670e+00  9.99805e-01  1.00046e+00
 1.02423e+00  1.00060e+00  1.00046e+00
 1.04201e+00  1.00057e+00  1.00046e+00
 1.05930e+00  1.00073e+00  1.00046e+00
 1.07652e+00  1.00025e+00  1.00046e+00
 1.09418e+00  1.00070e+00  1.00046e+00
 1.11077e+00  1.00101e+00  1.00046e+00
 1.12925e+00  1.00053e+00  1.00046e+00
 1.14584e+00  1.00117e+00  1.00046e+00
 1.16526e+00  1.00027e+00  1.00046e+00
 1.18247e+00  1.00102e+00  1.00046e+00
 1.19979e+00  9.99650e-01  1.00045e+00
 1.21743e+00  1.00080e+00  1.00045e+00
 1.23413e+00  1.00017e+00  1.00045e+00
 1.25234e+00  1.00067e+00  1.00045e+00
 1.26920e+00  1.00056e+00  1.00045e+00
 1.28671e+00  1.00066e+00  1.00045e+00
 1.30409e+00  1.00077e+00  1.00045e+00
 1.32110e+00  9.99821e-01  1.00045e+00
 1.33914e+00  1.00044e+00  1.00045e+00
 1.35593e+00  1.00000e+00  1.00045e+00
 1.37358e+00  1.00027e+00  1.00045e+00
 1.39083e+00  1.00055e+00  1.00045e+00
 1.40813e+00  1.00092e+00  1.00045e+00
 1.42575e+00  1.00053e+00  1.00045e+00
 1.44247e+00  1.00151e+00  1.00045e+00
 1.46064e+00  9.99540e-01  1.00045e+00
 1.47756e+00  1.00199e+00  1.00044e+00
 1.49503e+00  1.00069e+00  1.00044e+00
 1.51243e+00  1.00045e+00  1.00044e+00
 1.52942e+00  1.00069e+00  1.00044e+00
 1.54748e+00  1.00061e+00  1.00044e+00
 1.56427e+00  1.00068e+00  1.00044e+00
 1.58188e+00  1.00175e+00  1.00044e+00
 1.59960e+00  1.00115e+00  1.00044e+00
 1.61822e+00  1.00012e+00  1.00044e+00
 1.63584e+00  1.00054e+00  1.00044e+00
 1.65243e+00  1.00115e+00  1.00044e+00
 1.67091e+00  1.00048e+00  1.00043e+00
 1.68752e+00  1.00047e+00  1.00043e+00
 1.70517e+00  1.00160e+00  1.00043e+00
 1.72233e+00  1.00033e+00  1.00043e+00
 1.73974e+00  1.00066e+00  1.00043e+00
 1.75738e+00  1.00020e+00  1.00043e+00
 1.77421e+00  1.00215e+00  1.00043e+00
 1.79201e+00  1.00027e+00  1.00043e+00
 1.81075e+00  1.00152e+00  1.00042e+00
 1.82835e+00  1.00069e+00  1.00042e+00
 1.84577e+00  1.00109e+00  1.00042e+00
 1.86276e+00  1.00173e+00  1.00042e+00
 1.88082e+00  1.00073e+00  1.00042e+00
 1.89759e+00  1.00041e+00  1.00042e+00
 1.91531e+00  9.99742e-01  1.00042e+00
 1.93428e+00  1.00185e+00  1.00041e+00
 1.95156e+00  1.00155e+00  1.00041e+00
 1.96918e+00  1.00149e+00  1.00041e+00
 1.98577e+00  1.00130e+00  1.00041e+00
 2.00423e+00  1.00086e+00  1.00041e+00
 2.02084e+00  1.00107e+00  1.00040e+00
 2.04024e+00  1.00079e+00  1.00040e+00
 2.05747e+00  1.00192e+00  1.00040e+00
 2.07479e+00  1.00065e+00  1.00040e+00
 2.09357e+00  9.99955e-01  1.00040e+00
 2.11077e+00  1.00082e+00  1.00040e+00
 2.12923e+00  1.00237e+00  1.00039e+00
 2.14584e+00  1.00082e+00  1.00039e+00
 2.16351e+00  1.00127e+00  1.00039e+00
 2.18065e+00  1.00123e+00  1.00039e+00
 2.19806e+00  1.00124e+00  1.00038e+00
 2.21712e+00  1.00070e+00  1.00038e+00
 2.23457e+00  1.00117e+00  1.00038e+00
 2.25640e+00  1.00101e+00  1.00038e+00
 2.27421e+00  1.00057e+00  1.00037e+00
 2.29201e+00  1.00066e+00  1.00037e+00
 2.30928e+00  1.00021e+00  1.00037e+00
 2.32800e+00  1.00053e+00  1.00037e+00
 2.34577e+00  1.00110e+00  1.00036e+00
 2.36276e+00  1.00105e+00  1.00036e+00
 2.38082e+00  1.00166e+00  1.00036e+00
 2.39759e+00  1.00108e+00  1.00035e+00
 2.41531e+00  1.00006e+00  1.00035e+00
 2.43428e+00  1.00157e+00  1.00035e+00
 2.45300e+00  1.00055e+00  1.00034e+00
 2.47077e+00  1.00023e+00  1.00034e+00
 2.48776e+00  9.99673e-01  1.00034e+00
 2.50582e+00  1.00095e+00  1.00033e+00
 2.52259e+00  1.00102e+00  1.00033e+00
 2.54024e+00  1.00055e+00  1.00033e+00
 2.55747e+00  1.00063e+00  1.00032e+00
 2.57601e+00  9.99688e-01  9.73921e-01
 2.59418e+00  1.00095e+00  9.73917e-01
 2.61077e+00  1.00151e+00  9.73914e-01
 2.62991e+00  1.00030e+00  1.00031e+00
 2.64759e+00  1.00113e+00  1.00030e+00
 2.66524e+00  1.00069e+00  1.00030e+00
 2.68247e+00  1.00144e+00  1.00030e+00
 2.69979e+00  1.00070e+00  1.00029e+00
 2.71743e+00  1.00086e+00  1.00029e+00
 2.73457e+00  1.00037e+00  1.00028e+00
 2.75421e+00  1.00132e+00  1.00028e+00
 2.77084e+00  1.00118e+00  1.00027e+00
 2.78851e+00  1.00011e+00  1.00027e+00
 2.80565e+00  1.00122e+00  1.00026e+00
 2.82306e+00  9.99872e-01  1.00026e+00
 2.84072e+00  1.00159e+00  1.00025e+00
 2.85755e+00  9.99825e-01  1.00025e+00
 2.87531e+00  1.00124e+00  1.00024e+00
 2.89264e+00  1.00072e+00  1.00024e+00
 2.90988e+00  1.00096e+00  1.00023e+00
 2.92748e+00  1.00090e+00  1.00023e+00
 2.94493e+00  1.00069e+00  1.00022e+00
 2.96418e+00  1.00062e+00  1.00021e+00
 2.98093e+00  1.00070e+00  1.00021e+00
 2.99854e+00  1.00044e+00  1.00020e+00
 3.01583e+00  1.00051e+00  1.00019e+00
 3.03313e+00  9.99652e-01  1.00019e+00
 3.05073e+00  1.00162e+00  1.00018e+00
 3.06867e+00  1.00017e+00  1.00017e+00
 3.09034e+00  1.00100e+00  1.00016e+00
 3.10755e+00  9.99896e-01  1.00016e+00
 3.12614e+00  1.00008e+00  1.00015e+00
 3.14420e+00  1.00071e+00  1.00014e+00
 3.16169e+00  1.00039e+00  1.00013e+00
 3.17907e+00  9.99630e-01  1.00012e+00
 3.19711e+00  9.99722e-01  1.00011e+00
 3.21574e+00  1.00096e+00  1.00010e+00
 3.23255e+00  9.99551e-01  1.00010e+00
 3.25033e+00  1.00029e+00  1.00009e+00
 3.26764e+00  9.99576e-01  1.00008e+00
 3.28488e+00  9.99953e-01  1.00007e+00
 3.30407e+00  9.99927e-01  1.00006e+00
 3.32108e+00  9.98726e-01  1.00005e+00
 3.33918e+00  9.99821e-01  1.00004e+00
 3.35593e+00  9.99424e-01  1.00003e+00
 3.37516e+00  1.00004e+00  1.00001e+00
 3.39614e+00  9.99793e-01  1.00000e+00
 3.41597e+00  1.00004e+00  9.99986e-01
 3.43584e+00  9.99953e-01  9.99973e-01
 3.45587e+00  1.00020e+00  9.99958e-01
 3.47539e+00  1.00100e+00  9.99944e-01
 3.49559e+00  1.00095e+00  9.99928e-01
 3.51515e+00  1.00124e+00  9.99913e-01
 3.53508e+00  9.99870e-01  9.99897e-01
 3.55486e+00  1.00056e+00  9.99881e-01
 3.57610e+00  1.00093e+00  9.99862e-01
 3.59656e+00  1.00120e+00  9.99844e-01
 3.61935e+00  1.00076e+00  9.99823e-01
 3.64203e+00  1.00110e+00  9.99801e-01
 3.66225e+00  9.91653e-01  9.99781e-01
 3.68179e+00  1.00043e+00  9.99762e-01
 3.70176e+00  9.99878e-01  9.99740e-01
 3.72329e+00  1.00074e+00  9.99717e-01
 3.74342e+00  9.99928e-01  9.99694e-01
 3.76322e+00  1.00028e+00  9.99671e-01
 3.78447e+00  1.00015e+00  9.99646e-01
 3.80486e+00  9.99892e-01  9.99620e-01
 3.82636e+00  1.00036e+00  9.99593e-01
 3.84929e+00  1.00051e+00  9.99562e-01
 3.87059e+00  1.00048e+00  9.99532e-01
 3.89015e+00  9.99505e-01  9.99504e-01
 3.91008e+00  9.99810e-01  9.99475e-01
 3.92986e+00  9.98730e-01  9.99445e-01
 3.95110e+00  1.00000e+00  9.99411e-01
 3.97329e+00  1.00056e+00  9.99375e-01
 3.99363e+00  1.00106e+00  9.99340e-01
 4.01595e+00  1.00060e+00  9.99301e-01
 4.03863e+00  1.00032e+00  9.99259e-01
 4.06084e+00  1.00033e+00  9.99217e-01
 4.08269e+00  1.00064e+00  9.99174e-01
 4.10252e+00  1.00031e+00  9.99134e-01
 4.12253e+00  1.00042e+00  9.99093e-01
 4.14203e+00  1.00001e+00  9.99051e-01
 4.16354e+00  9.99539e-01  9.99003e-01
 4.18367e+00  9.99694e-01  9.98957e-01
 4.20395e+00  1.00002e+00  9.98909e-01
 4.22347e+00  1.00060e+00  9.98862e-01
 4.24506e+00  9.99418e-01  9.98808e-01
 4.26515e+00  9.99781e-01  9.98757e-01
 4.28626e+00  9.99557e-01  9.98702e-01
 4.30679e+00  9.99140e-01  9.98647e-01
 4.32676e+00  9.97723e-01  9.98593e-01
 4.34827e+00  9.98429e-01  9.98533e-01
 4.36842e+00  1.00008e+00  9.98477e-01
 4.38822e+00  1.00137e+00  9.98420e-01
 4.40961e+00  9.98265e-01  9.98359e-01
 4.43259e+00  9.99030e-01  9.98294e-01
 4.45602e+00  9.98551e-01  9.98227e-01
 4.47885e+00  9.98002e-01  9.98163e-01
 4.50247e+00  9.98518e-01  9.98099e-01
 4.52495e+00  9.98607e-01  9.98040e-01
 4.54895e+00  9.97612e-01  9.97981e-01
 4.57135e+00  9.98165e-01  9.97930e-01
 4.59494e+00  9.97919e-01  9.97882e-01
 4.61797e+00  9.98047e-01  9.97842e-01
 4.64095e+00  9.97070e-01  9.97810e-01
 4.66430e+00  9.97188e-01  9.97787e-01
 4.68888e+00  9.97431e-01  9.97772e-01
 4.71786e+00  9.97092e-01  9.97766e-01
 4.74116e+00  9.96311e-01  9.97768e-01
 4.76593e+00  9.95817e-01  9.97771e-01
 4.79155e+00  9.95977e-01  9.97763e-01
 4.81478e+00  9.96046e-01  9.97727e-01
 4.84069e+00  9.96425e-01  9.97624e-01
 4.86301e+00  9.94594e-01  9.97444e-01
 4.88833e+00  9.94227e-01  9.97071e-01
 4.91194e+00  9.87065e-01  9.96480e-01
 4.93603e+00  9.94202e-01  9.95525e-01
 4.96315e+00  9.94594e-01  9.93852e-01
 4.98570e+00  9.95486e-01  9.91826e-01
 5.00948e+00  9.92460e-01  9.88920e-01
 5.03509e+00  9.86353e-01  9.84789e-01
 5.05983e+00  9.80625e-01  9.79799e-01
 5.08579e+00  9.73753e-01  9.73687e-01
 5.11121e+00  9.65691e-01  9.67253e-01
 5.13656e+00  9.59144e-01  9.61041e-01
 5.15961e+00  9.53646e-01  9.56210e-01
 5.18259e+00  9.50440e-01  9.48022e-01
 5.20602e+00  9.49026e-01  9.46192e-01
 5.22911e+00  9.47728e-01  9.46226e-01
 5.25479e+00  9.35756e-01  9.48236e-01
 5.27710e+00  9.50203e-01  9.51321e-01
 5.29911e+00  9.53909e-01  9.55184e-01
 5.32003e+00  9.54217e-01  9.59261e-01
 5.34183e+00  9.62390e-01  9.63624e-01
 5.36112e+00  9.65789e-01  9.72078e-01
 5.38448e+00  9.75154e-01  9.76339e-01
 5.40821e+00  9.80665e-01  9.80219e-01
 5.43529e+00  9.88524e-01  9.84039e-01
 5.46042e+00  9.89164e-01  9.87008e-01
 5.48027e+00  9.90739e-01  9.88992e-01
 5.50243e+00  9.89575e-01  9.90870e-01
 5.52165e+00  9.92172e-01  9.92245e-01
 5.54206e+00  9.89869e-01  9.93483e-01
 5.56195e+00  9.92750e-01  9.94499e-01
 5.58418e+00  9.90402e-01  9.95446e-01
 5.60501e+00  9.92786e-01  9.96182e-01
 5.62546e+00  9.90805e-01  9.96786e-01
 5.64567e+00  9.94146e-01  9.97286e-01
 5.66706e+00  9.85287e-01  9.97729e-01
 5.68640e+00  9.94331e-01  9.98064e-01
 5.70679e+00  9.93317e-01  9.98363e-01
 5.72771e+00  9.92984e-01  9.98620e-01
 5.74847e+00  9.84004e-01  9.98835e-01
 5.76935e+00  9.95039e-01  9.99016e-01
 5.79007e+00  9.96989e-01  9.99168e-01
 5.81241e+00  9.94590e-01  9.99306e-01
 5.83577e+00  9.95796e-01  9.99426e-01
 5.85805e+00  9.96988e-01  9.99522e-01
 5.87958e+00  9.96889e-01  9.99601e-01
 5.90072e+00  9.98467e-01  9.99667e-01
 5.92122e+00  9.97305e-01  9.99721e-01
 5.94352e+00  9.98927e-01  9.99773e-01
 5.96532e+00  9.90668e-01  9.99815e-01
 5.98628e+00  1.00013e+00  9.99851e-01
 6.00911e+00  1.00096e+00  9.99885e-01
 6.03159e+00  9.89881e-01  9.99914e-01
 6.05287e+00  1.00204e+00  9.99937e-01
 6.07404e+00  1.00253e+00  9.99958e-01
 6.09673e+00  1.00233e+00  9.99978e-01
 6.11988e+00  9.97698e-01  9.99996e-01
 6.14411e+00  1.00430e+00  1.00001e+00
 6.16708e+00  1.00573e+00  1.00003e+00
 6.18846e+00  1.00527e+00  1.00004e+00
 6.21077e+00  9.95579e-01  1.00005e+00
 6.23205e+00  1.00795e+00  1.00006e+00
 6.25243e+00  1.00718e+00  1.00007e+00
 6.27415e+00  1.00693e+00  1.00008e+00
 6.29946e+00  1.00799e+00  1.00009e+00
 6.32238e+00  1.00770e+00  1.00009e+00
 6.34673e+00  1.00869e+00  1.00010e+00
 6.36857e+00  1.00876e+00  1.00011e+00
 6.39072e+00  1.00925e+00  1.00012e+00
 6.41493e+00  1.01045e+00  1.00012e+00
 6.43603e+00  1.00919e+00  1.00013e+00
 6.45878e+00  1.01027e+00  1.00013e+00
 6.48012e+00  1.01003e+00  1.00014e+00
 6.50243e+00  1.00910e+00  1.00014e+00
 6.52415e+00  1.00961e+00  1.00015e+00
 6.54468e+00  1.00904e+00  1.00015e+00
 6.56305e+00  1.00849e+00  1.00016e+00
 6.58282e+00  1.00839e+00  1.00016e+00
 6.60110e+00  1.00791e+00  1.00017e+00
 6.62042e+00  1.00856e+00  1.00017e+00
 6.63916e+00  1.00740e+00  1.00017e+00
 6.65808e+00  1.00855e+00  1.00018e+00
 6.67710e+00  1.00891e+00  1.00018e+00
 6.69582e+00  1.00804e+00  1.00018e+00
 6.71495e+00  1.00745e+00  1.00019e+00
 6.73546e+00  1.00814e+00  1.00019e+00
 6.75484e+00  1.00774e+00  1.00020e+00
 6.77336e+00  1.00575e+00  1.00020e+00
 6.79400e+00  1.00624e+00  1.00020e+00
 6.81305e+00  1.00610e+00  1.00021e+00
 6.83282e+00  9.60217e-01  1.00021e+00
 6.85110e+00  1.00573e+00  1.00021e+00
 6.87104e+00  1.00688e+00  1.00022e+00
 6.89098e+00  1.00618e+00  1.00022e+00
 6.90989e+00  1.00513e+00  1.00022e+00
 6.92953e+00  1.00455e+00  1.00023e+00
 6.94972e+00  1.00414e+00  1.00023e+00
 6.96878e+00  1.00507e+00  1.00023e+00
 6.98748e+00  1.00447e+00  1.00024e+00
 7.00659e+00  1.00379e+00  1.00024e+00
 7.02537e+00  1.00394e+00  1.00024e+00
 7.04470e+00  1.00340e+00  1.00024e+00
 7.06305e+00  1.00371e+00  1.00025e+00
 7.08282e+00  1.00244e+00  1.00025e+00
 7.10110e+00  1.00310e+00  1.00025e+00
 7.12040e+00  1.00249e+00  1.00026e+00
 7.13916e+00  1.00058e+00  1.00026e+00
 7.15808e+00  1.00166e+00  1.00026e+00
 7.17710e+00  1.00175e+00  1.00026e+00
 7.19582e+00  1.00037e+00  1.00027e+00
 7.21495e+00  1.00110e+00  1.00027e+00
 7.23369e+00  1.00045e+00  1.00027e+00
 7.25302e+00  1.00029e+00  1.00027e+00
 7.27137e+00  1.00135e+00  1.00028e+00
 7.29115e+00  1.00051e+00  1.00028e+00
 7.30948e+00  9.98954e-01  1.00028e+00
 7.32874e+00  9.99355e-01  1.00028e+00
 7.34750e+00  1.00070e+00  1.00029e+00
 7.36638e+00  9.99573e-01  1.00029e+00
 7.38542e+00  1.00063e+00  1.00029e+00
 7.40416e+00  9.98805e-01  1.00029e+00
 7.42329e+00  9.99507e-01  1.00030e+00
 7.44203e+00  9.99942e-01  1.00030e+00
 7.46136e+00  9.99111e-01  1.00030e+00
 7.47969e+00  9.99827e-01  1.00030e+00
 7.49948e+00  9.98608e-01  1.00031e+00
 7.51778e+00  9.99885e-01  1.00031e+00
 7.53820e+00  1.00022e+00  1.00031e+00
 7.55768e+00  9.99135e-01  1.00031e+00
 7.57653e+00  9.99391e-01  1.00031e+00
 7.59577e+00  9.98933e-01  1.00032e+00
 7.61447e+00  9.99462e-01  1.00032e+00
 7.63352e+00  1.00042e+00  1.00032e+00
 7.65217e+00  1.00038e+00  1.00032e+00
 7.67152e+00  9.99069e-01  1.00033e+00
 7.69004e+00  9.99958e-01  1.00033e+00
 7.71066e+00  9.98438e-01  1.00033e+00
 7.72969e+00  9.99122e-01  1.00033e+00
 7.74948e+00  9.99142e-01  1.00033e+00
 7.76778e+00  9.98498e-01  1.00034e+00
 7.78706e+00  9.97893e-01  1.00034e+00
 7.80586e+00  9.96775e-01  1.00034e+00
 7.82568e+00  9.96430e-01  1.00034e+00
 7.84577e+00  9.95285e-01  1.00034e+00
 7.86447e+00  9.94044e-01  1.00034e+00
 7.88352e+00  9.93419e-01  1.00035e+00
 7.90217e+00  9.93241e-01  1.00035e+00
 7.92152e+00  9.92399e-01  1.00035e+00
 7.94161e+00  9.93490e-01  1.00035e+00
 7.96136e+00  9.92738e-01  1.00035e+00
 7.98107e+00  9.94006e-01  1.00036e+00
 8.00123e+00  9.93585e-01  1.00036e+00
 8.01960e+00  9.94569e-01  1.00036e+00
 8.03916e+00  9.94837e-01  1.00036e+00
 8.05827e+00  9.96230e-01  1.00036e+00
 8.07933e+00  9.98174e-01  1.00036e+00
 8.09932e+00  9.98124e-01  1.00037e+00
 8.11960e+00  9.99128e-01  1.00037e+00
 8.13916e+00  9.97986e-01  1.00037e+00
 8.15808e+00  1.00021e+00  1.00037e+00
 8.17710e+00  9.98227e-01  1.00037e+00
 8.19580e+00  9.99414e-01  1.00037e+00
 8.21495e+00  9.99167e-01  1.00038e+00
 8.23369e+00  9.98879e-01  1.00038e+00
 8.25302e+00  9.99192e-01  1.00038e+00
 8.27137e+00  1.00061e+00  1.00038e+00
 8.29115e+00  9.99114e-01  1.00038e+00
 8.31189e+00  9.98136e-01  1.00038e+00
 8.33557e+00  9.99389e-01  1.00038e+00
 8.35650e+00  9.98945e-01  1.00039e+00
 8.37623e+00  9.99868e-01  1.00039e+00
 8.39460e+00  9.99681e-01  1.00039e+00
 8.41416e+00  9.99626e-01  1.00039e+00
 8.43308e+00  9.98335e-01  1.00039e+00
 8.45372e+00  9.99965e-01  1.00039e+00
 8.47250e+00  9.98824e-01  1.00039e+00
