186
 1.38880e-02  1.00016e+00  9.99825e-01
 4.35290e-02  1.00045e+00  9.99854e-01
 7.32540e-02  1.00047e+00  9.99883e-01
 1.02932e-01  1.00017e+00  9.99912e-01
 1.32611e-01  1.00042e+00  9.99940e-01
 1.59172e-01  1.00067e+00  9.99965e-01
 1.85217e-01  1.00047e+00  9.99989e-01
 2.12795e-01  1.00007e+00  1.00001e+00
 2.39934e-01  1.00108e+00  1.00004e+00
 2.65374e-01  1.00072e+00  1.00006e+00
 2.88323e-01  1.00080e+00  1.00008e+00
 3.12787e-01  1.00026e+00  1.00010e+00
 3.38792e-01  1.00013e+00  1.00012e+00
 3.62778e-01  1.00089e+00  1.00014e+00
 3.85697e-01  1.00086e+00  1.00016e+00
 4.08625e-01  1.00045e+00  1.00018e+00
 4.32064e-01  1.00060e+00  1.00020e+00
 4.54973e-01  1.00031e+00  1.00022e+00
 4.78402e-01  1.00027e+00  1.00023e+00
 5.01341e-01  1.00037e+00  1.00025e+00
 5.24730e-01  1.00012e+00  1.00027e+00
 5.48188e-01  1.00017e+00  1.00028e+00
 5.73197e-01  1.00023e+00  1.00030e+00
 5.96125e-01  1.00009e+00  1.00031e+00
 6.19554e-01  9.99985e-01  1.00033e+00
 6.43537e-01  9.99845e-01  1.00034e+00
 6.68011e-01  9.99529e-01  1.00035e+00
 6.91400e-01  1.00002e+00  1.00037e+00
 7.14857e-01  9.99615e-01  1.00038e+00
 7.40432e-01  9.99414e-01  1.00039e+00
 7.65393e-01  9.99352e-01  1.00040e+00
 7.90902e-01  9.99158e-01  1.00041e+00
 8.15911e-01  9.99157e-01  1.00042e+00
 8.41429e-01  9.99125e-01  1.00043e+00
 8.71690e-01  9.99515e-01  1.00044e+00
 9.01839e-01  9.99041e-01  1.00044e+00
 9.25268e-01  9.99149e-01  1.00045e+00
 9.49777e-01  9.99365e-01  1.00045e+00
 9.73733e-01  9.99335e-01  1.00045e+00
 9.99222e-01  9.99706e-01  1.00045e+00
 1.02424e+00  9.99685e-01  1.00045e+00
 1.04923e+00  9.99926e-01  1.00044e+00
 1.07529e+00  1.00012e+00  1.00044e+00
 1.10238e+00  1.00083e+00  1.00043e+00
 1.12890e+00  1.00065e+00  1.00042e+00
 1.15337e+00  1.00095e+00  1.00041e+00
 1.17895e+00  1.00130e+00  1.00039e+00
 1.20443e+00  1.00157e+00  1.00038e+00
 1.23101e+00  1.00209e+00  1.00036e+00
 1.25754e+00  1.00195e+00  1.00034e+00
 1.28310e+00  1.00228e+00  1.00031e+00
 1.30965e+00  1.00246e+00  1.00028e+00
 1.33570e+00  1.00239e+00  1.00025e+00
 1.36537e+00  1.00196e+00  1.00021e+00
 1.39300e+00  1.00199e+00  1.00017e+00
 1.42263e+00  1.00170e+00  1.00013e+00
 1.44977e+00  1.00130e+00  1.00008e+00
 1.47631e+00  1.00100e+00  1.00003e+00
 1.50235e+00  1.00083e+00  9.99981e-01
 1.52837e+00  1.00056e+00  9.99927e-01
 1.55393e+00  9.99970e-01  9.99871e-01
 1.58048e+00  9.99574e-01  9.99811e-01
 1.60651e+00  9.99266e-01  9.99750e-01
 1.63254e+00  9.99307e-01  9.99686e-01
 1.65810e+00  9.98869e-01  9.99623e-01
 1.68464e+00  9.98313e-01  9.99556e-01
 1.71068e+00  9.98699e-01  9.99490e-01
 1.73670e+00  9.98916e-01  9.99425e-01
 1.76227e+00  9.98396e-01  9.99362e-01
 1.78883e+00  9.98391e-01  9.99300e-01
 1.81745e+00  9.98578e-01  9.99237e-01
 1.84503e+00  9.99016e-01  9.99183e-01
 1.87318e+00  9.98223e-01  9.99134e-01
 1.90282e+00  9.98852e-01  9.99094e-01
 1.93254e+00  9.98754e-01  9.99066e-01
 1.96223e+00  9.99058e-01  9.99054e-01
 1.99191e+00  9.99297e-01  9.99059e-01
 2.02210e+00  9.99340e-01  9.99084e-01
 2.05127e+00  9.99557e-01  9.99129e-01
 2.08152e+00  9.99445e-01  9.99200e-01
 2.11115e+00  9.99734e-01  9.99295e-01
 2.14088e+00  9.99874e-01  9.99414e-01
 2.17056e+00  9.99917e-01  9.99557e-01
 2.20023e+00  1.00021e+00  9.99724e-01
 2.23044e+00  9.99815e-01  9.99916e-01
 2.25959e+00  1.00025e+00  1.00012e+00
 2.28985e+00  1.00006e+00  1.00034e+00
 2.31948e+00  1.00032e+00  1.00058e+00
 2.34921e+00  1.00038e+00  1.00081e+00
 2.37889e+00  1.00016e+00  1.00105e+00
 2.40857e+00  1.00039e+00  1.00127e+00
 2.43877e+00  1.00043e+00  1.00149e+00
 2.46793e+00  1.00032e+00  1.00168e+00
 2.77760e-02  1.00016e+00  9.99839e-01
 8.70580e-02  1.00045e+00  9.99897e-01
 1.46508e-01  1.00047e+00  9.99953e-01
 2.05864e-01  1.00017e+00  1.00001e+00
 2.65222e-01  1.00042e+00  1.00006e+00
 3.18344e-01  1.00067e+00  1.00011e+00
 3.70435e-01  1.00047e+00  1.00015e+00
 4.25591e-01  1.00007e+00  1.00019e+00
 4.79868e-01  1.00108e+00  1.00023e+00
 5.30749e-01  1.00072e+00  1.00027e+00
 5.76646e-01  1.00080e+00  1.00030e+00
 6.25573e-01  1.00026e+00  1.00033e+00
 6.77585e-01  1.00013e+00  1.00036e+00
 7.25556e-01  1.00089e+00  1.00038e+00
 7.71393e-01  1.00086e+00  1.00040e+00
 8.17251e-01  1.00045e+00  1.00042e+00
 8.64129e-01  1.00060e+00  1.00043e+00
 9.09946e-01  1.00031e+00  1.00044e+00
 9.56805e-01  1.00027e+00  1.00045e+00
 1.00268e+00  1.00037e+00  1.00045e+00
 1.04946e+00  1.00012e+00  1.00044e+00
 1.09638e+00  1.00017e+00  1.00043e+00
 1.14639e+00  1.00023e+00  1.00041e+00
 1.19225e+00  1.00009e+00  1.00039e+00
 1.23911e+00  9.99985e-01  1.00035e+00
 1.28707e+00  9.99845e-01  1.00031e+00
 1.33602e+00  9.99529e-01  1.00025e+00
 1.38280e+00  1.00002e+00  1.00019e+00
 1.42971e+00  9.99615e-01  1.00012e+00
 1.48086e+00  9.99414e-01  1.00002e+00
 1.53079e+00  9.99352e-01  9.99922e-01
 1.58180e+00  9.99158e-01  9.99808e-01
 1.63182e+00  9.99157e-01  9.99688e-01
 1.68286e+00  9.99125e-01  9.99560e-01
 1.74338e+00  9.99515e-01  9.99408e-01
 1.80368e+00  9.99041e-01  9.99267e-01
 1.85054e+00  9.99149e-01  9.99173e-01
 1.89956e+00  9.99365e-01  9.99098e-01
 1.94747e+00  9.99335e-01  9.99058e-01
 1.99845e+00  9.99706e-01  9.99062e-01
 2.04848e+00  9.99685e-01  9.99124e-01
 2.09847e+00  9.99926e-01  9.99251e-01
 2.15059e+00  1.00012e+00  9.99458e-01
 2.20475e+00  1.00083e+00  9.99752e-01
 2.25780e+00  1.00065e+00  1.00011e+00
 2.30674e+00  1.00095e+00  1.00048e+00
 2.35790e+00  1.00130e+00  1.00088e+00
 2.40885e+00  1.00157e+00  1.00127e+00
 2.46202e+00  1.00209e+00  1.00164e+00
 2.51509e+00  1.00195e+00  1.00193e+00
 2.56620e+00  1.00228e+00  1.00212e+00
 2.61930e+00  1.00246e+00  1.00221e+00
 2.67141e+00  1.00239e+00  1.00218e+00
 2.73075e+00  1.00196e+00  1.00204e+00
 2.78600e+00  1.00199e+00  1.00182e+00
 2.84526e+00  1.00170e+00  1.00151e+00
 2.89954e+00  1.00130e+00  1.00120e+00
 2.95262e+00  1.00100e+00  1.00088e+00
 3.00469e+00  1.00083e+00  1.00058e+00
 3.05674e+00  1.00056e+00  1.00030e+00
 3.10785e+00  9.99970e-01  1.00005e+00
 3.16096e+00  9.99574e-01  9.99830e-01
 3.21301e+00  9.99266e-01  9.99646e-01
 3.26509e+00  9.99307e-01  9.99496e-01
 3.31620e+00  9.98869e-01  9.99380e-01
 3.36928e+00  9.98313e-01  9.99289e-01
 3.42135e+00  9.98699e-01  9.99227e-01
 3.47341e+00  9.98916e-01  9.99187e-01
 3.52454e+00  9.98396e-01  9.99167e-01
 3.57766e+00  9.98391e-01  9.99163e-01
 3.63491e+00  9.98578e-01  9.99174e-01
 3.69007e+00  9.99016e-01  9.99197e-01
 3.74635e+00  9.98223e-01  9.99230e-01
 3.80563e+00  9.98852e-01  9.99274e-01
 3.86509e+00  9.98754e-01  9.99324e-01
 3.92446e+00  9.99058e-01  9.99379e-01
 3.98382e+00  9.99297e-01  9.99437e-01
 4.04421e+00  9.99340e-01  9.99497e-01
 4.10255e+00  9.99557e-01  9.99557e-01
 4.16303e+00  9.99445e-01  9.99620e-01
 4.22229e+00  9.99734e-01  9.99681e-01
 4.28177e+00  9.99874e-01  9.99742e-01
 4.34112e+00  9.99917e-01  9.99802e-01
 4.40046e+00  1.00021e+00  9.99861e-01
 4.46089e+00  9.99815e-01  9.99919e-01
 4.51919e+00  1.00025e+00  9.99974e-01
 4.57969e+00  1.00006e+00  1.00003e+00
 4.63895e+00  1.00032e+00  1.00008e+00
 4.69843e+00  1.00038e+00  1.00013e+00
 4.75778e+00  1.00016e+00  1.00018e+00
 4.81714e+00  1.00039e+00  1.00022e+00
 4.87755e+00  1.00043e+00  1.00027e+00
 4.93587e+00  1.00032e+00  1.00031e+00
