168
 1.61410e-02  9.48693e-01  9.45984e-01
 5.39380e-02  9.67481e-01  9.66074e-01
 9.07120e-02  9.89441e-01  9.79678e-01
 1.24529e-01  9.96041e-01  9.88468e-01
 1.59325e-01  9.95393e-01  9.94824e-01
 1.91199e-01  9.97052e-01  9.98892e-01
 2.24471e-01  1.00017e+00  1.00183e+00
 2.59291e-01  1.00276e+00  1.00386e+00
 2.88880e-01  1.00474e+00  1.00497e+00
 3.19531e-01  1.00747e+00  1.00569e+00
 3.48574e-01  1.00908e+00  1.00606e+00
 3.78758e-01  1.01075e+00  1.00622e+00
 4.10894e-01  1.01142e+00  1.00621e+00
 4.44531e-01  1.01265e+00  1.00605e+00
 4.73574e-01  1.01154e+00  1.00583e+00
 5.06315e-01  1.01082e+00  1.00553e+00
 5.39835e-01  1.00875e+00  1.00518e+00
 5.72259e-01  1.00741e+00  1.00482e+00
 6.01380e-01  1.00494e+00  1.00450e+00
 6.32031e-01  1.00324e+00  1.00417e+00
 6.61074e-01  1.00153e+00  1.00386e+00
 6.91258e-01  1.00041e+00  1.00355e+00
 7.20837e-01  9.98622e-01  1.00326e+00
 7.50484e-01  9.98032e-01  1.00299e+00
 7.82928e-01  9.98167e-01  1.00271e+00
 8.12984e-01  9.97237e-01  1.00246e+00
 8.43099e-01  9.97505e-01  1.00224e+00
 8.72210e-01  9.92181e-01  1.00204e+00
 9.02861e-01  9.79927e-01  1.00184e+00
 9.31904e-01  9.74029e-01  1.00168e+00
 9.62098e-01  9.72052e-01  1.00151e+00
 9.94224e-01  9.83684e-01  1.00136e+00
 1.02460e+00  9.95783e-01  1.00123e+00
 1.05672e+00  9.98172e-01  1.00110e+00
 1.08918e+00  9.98385e-01  1.00099e+00
 1.12054e+00  9.99224e-01  1.00089e+00
 1.15286e+00  9.99544e-01  1.00080e+00
 1.18190e+00  1.00004e+00  1.00073e+00
 1.21210e+00  9.99626e-01  1.00066e+00
 1.24166e+00  1.00060e+00  1.00061e+00
 1.27133e+00  1.00056e+00  1.00056e+00
 1.30142e+00  1.00153e+00  1.00052e+00
 1.33055e+00  1.00115e+00  1.00048e+00
 1.36344e+00  1.00121e+00  1.00045e+00
 1.39633e+00  1.00056e+00  1.00042e+00
 1.42642e+00  1.00202e+00  1.00040e+00
 1.45555e+00  1.00158e+00  1.00039e+00
 1.48620e+00  1.00122e+00  1.00038e+00
 1.51524e+00  1.00115e+00  1.00037e+00
 1.54544e+00  1.00103e+00  1.00037e+00
 1.57500e+00  1.00148e+00  1.00037e+00
 1.60466e+00  1.00082e+00  1.00037e+00
 1.63475e+00  1.00120e+00  1.00037e+00
 1.66389e+00  1.00212e+00  1.00038e+00
 1.69612e+00  1.00183e+00  1.00039e+00
 1.72800e+00  1.00245e+00  1.00040e+00
 1.75975e+00  1.00329e+00  1.00042e+00
 1.79007e+00  1.00346e+00  1.00043e+00
 1.82225e+00  1.00346e+00  1.00045e+00
 1.85346e+00  1.00286e+00  1.00046e+00
 1.88476e+00  1.00224e+00  1.00048e+00
 1.91549e+00  1.00277e+00  1.00050e+00
 1.94816e+00  1.00218e+00  1.00052e+00
 1.98478e+00  1.00141e+00  1.00055e+00
 2.02508e+00  1.00103e+00  1.00058e+00
 2.06020e+00  1.00082e+00  1.00060e+00
 2.09865e+00  1.00199e+00  1.00063e+00
 2.13895e+00  1.00256e+00  1.00066e+00
 2.17989e+00  1.00211e+00  1.00069e+00
 2.21835e+00  1.00192e+00  1.00071e+00
 2.25608e+00  1.00176e+00  1.00074e+00
 2.29384e+00  1.00094e+00  1.00077e+00
 2.33477e+00  1.00079e+00  1.00080e+00
 2.37644e+00  1.00043e+00  1.00083e+00
 2.41811e+00  9.99571e-01  1.00085e+00
 2.45882e+00  9.99126e-01  1.00088e+00
 2.49656e+00  9.98491e-01  1.00091e+00
 2.53454e+00  9.98967e-01  1.00093e+00
 2.56467e+00  9.98513e-01  1.00095e+00
 2.59888e+00  9.98496e-01  1.00097e+00
 2.62949e+00  9.97629e-01  1.00098e+00
 2.66066e+00  9.96751e-01  1.00100e+00
 2.69270e+00  9.82120e-01  1.00102e+00
 2.72829e+00  9.56717e-01  1.00104e+00
 3.22810e-02  9.48693e-01  9.55460e-01
 1.07876e-01  9.67481e-01  9.84514e-01
 1.81423e-01  9.89441e-01  9.97793e-01
 2.49058e-01  9.96041e-01  1.00336e+00
 3.18650e-01  9.95393e-01  1.00567e+00
 3.82398e-01  9.97052e-01  1.00623e+00
 4.48941e-01  1.00017e+00  1.00602e+00
 5.18583e-01  1.00276e+00  1.00540e+00
 5.77761e-01  1.00474e+00  1.00476e+00
 6.39062e-01  1.00747e+00  1.00409e+00
 6.97149e-01  1.00908e+00  1.00349e+00
 7.57515e-01  1.01075e+00  1.00292e+00
 8.21788e-01  1.01142e+00  1.00240e+00
 8.89062e-01  1.01265e+00  1.00193e+00
 9.47149e-01  1.01154e+00  1.00159e+00
 1.01263e+00  1.01082e+00  1.00128e+00
 1.07967e+00  1.00875e+00  1.00102e+00
 1.14452e+00  1.00741e+00  1.00082e+00
 1.20276e+00  1.00494e+00  1.00068e+00
 1.26406e+00  1.00324e+00  1.00057e+00
 1.32215e+00  1.00153e+00  1.00049e+00
 1.38251e+00  1.00041e+00  1.00043e+00
 1.44167e+00  9.98622e-01  1.00040e+00
 1.50097e+00  9.98032e-01  1.00038e+00
 1.56585e+00  9.98167e-01  1.00037e+00
 1.62597e+00  9.97237e-01  1.00037e+00
 1.68620e+00  9.97505e-01  1.00039e+00
 1.74442e+00  9.92181e-01  1.00041e+00
 1.80572e+00  9.79927e-01  1.00044e+00
 1.86381e+00  9.74029e-01  1.00047e+00
 1.92420e+00  9.72052e-01  1.00051e+00
 1.98845e+00  9.83684e-01  1.00055e+00
 2.04920e+00  9.95783e-01  1.00059e+00
 2.11345e+00  9.98172e-01  1.00064e+00
 2.17835e+00  9.98385e-01  1.00068e+00
 2.24108e+00  9.99224e-01  1.00073e+00
 2.30572e+00  9.99544e-01  1.00078e+00
 2.36381e+00  1.00004e+00  1.00082e+00
 2.42420e+00  9.99626e-01  1.00086e+00
 2.48331e+00  1.00060e+00  1.00090e+00
 2.54267e+00  1.00056e+00  1.00093e+00
 2.60284e+00  1.00153e+00  1.00097e+00
 2.66110e+00  1.00115e+00  1.00100e+00
 2.72688e+00  1.00121e+00  1.00104e+00
 2.79267e+00  1.00056e+00  1.00107e+00
 2.85284e+00  1.00202e+00  1.00109e+00
 2.91110e+00  1.00158e+00  1.00112e+00
 2.97240e+00  1.00122e+00  1.00114e+00
 3.03049e+00  1.00115e+00  1.00116e+00
 3.09088e+00  1.00103e+00  1.00117e+00
 3.14999e+00  1.00148e+00  1.00118e+00
 3.20933e+00  1.00082e+00  1.00119e+00
 3.26950e+00  1.00120e+00  1.00120e+00
 3.32778e+00  1.00212e+00  1.00120e+00
 3.39225e+00  1.00183e+00  1.00120e+00
 3.45601e+00  1.00245e+00  1.00120e+00
 3.51950e+00  1.00329e+00  1.00119e+00
 3.58015e+00  1.00346e+00  1.00118e+00
 3.64450e+00  1.00346e+00  1.00116e+00
 3.70692e+00  1.00286e+00  1.00115e+00
 3.76952e+00  1.00224e+00  1.00112e+00
 3.83099e+00  1.00277e+00  1.00110e+00
 3.89631e+00  1.00218e+00  1.00106e+00
 3.96956e+00  1.00141e+00  1.00102e+00
 4.05017e+00  1.00103e+00  1.00097e+00
 4.12040e+00  1.00082e+00  1.00092e+00
 4.19731e+00  1.00199e+00  1.00086e+00
 4.27790e+00  1.00256e+00  1.00078e+00
 4.35978e+00  1.00211e+00  1.00070e+00
 4.43670e+00  1.00192e+00  1.00062e+00
 4.51215e+00  1.00176e+00  1.00053e+00
 4.58767e+00  1.00094e+00  1.00043e+00
 4.66954e+00  1.00079e+00  1.00031e+00
 4.75288e+00  1.00043e+00  1.00018e+00
 4.83622e+00  9.99571e-01  1.00004e+00
 4.91765e+00  9.99126e-01  9.99893e-01
 4.99313e+00  9.98491e-01  9.99745e-01
 5.06908e+00  9.98967e-01  9.99586e-01
 5.12933e+00  9.98513e-01  9.99453e-01
 5.19776e+00  9.98496e-01  9.99292e-01
 5.25899e+00  9.97629e-01  9.99139e-01
 5.32133e+00  9.96751e-01  9.98975e-01
 5.38540e+00  9.82120e-01  9.98798e-01
 5.45658e+00  9.56717e-01  9.57250e-01
