1206
 1.65395e+03  1.00135e+00  1.00046e+00
 1.65397e+03  1.00106e+00  1.00042e+00
 1.65399e+03  1.00093e+00  1.00039e+00
 1.65402e+03  1.00042e+00  1.00036e+00
 1.65404e+03  1.00077e+00  1.00033e+00
 1.65406e+03  1.00101e+00  1.00030e+00
 1.65408e+03  1.00101e+00  1.00027e+00
 1.65410e+03  1.00148e+00  1.00024e+00
 1.65412e+03  1.00124e+00  1.00021e+00
 1.65414e+03  1.00080e+00  1.00018e+00
 1.65418e+03  1.00175e+00  1.00013e+00
 1.65420e+03  1.00156e+00  1.00010e+00
 1.65422e+03  1.00186e+00  1.00008e+00
 1.65424e+03  1.00196e+00  1.00006e+00
 1.65429e+03  1.00148e+00  1.00002e+00
 1.65431e+03  1.00152e+00  1.00001e+00
 1.65433e+03  1.00139e+00  9.99990e-01
 1.65435e+03  1.00123e+00  9.99975e-01
 1.65437e+03  1.00181e+00  9.99961e-01
 1.65439e+03  1.00107e+00  9.99948e-01
 1.65441e+03  1.00139e+00  9.99936e-01
 1.65443e+03  1.00131e+00  9.99925e-01
 1.65445e+03  1.00027e+00  9.99915e-01
 1.65447e+03  1.00095e+00  9.99907e-01
 1.65449e+03  1.00054e+00  9.99899e-01
 1.65454e+03  1.00044e+00  9.99886e-01
 1.65456e+03  1.00028e+00  9.99881e-01
 1.65458e+03  1.00043e+00  9.99877e-01
 1.65460e+03  1.00009e+00  9.99874e-01
 1.65462e+03  9.99663e-01  9.99871e-01
 1.65466e+03  9.99903e-01  9.99869e-01
 1.65468e+03  9.99856e-01  9.99869e-01
 1.65470e+03  9.99326e-01  9.99870e-01
 1.65472e+03  9.99713e-01  9.99871e-01
 1.65474e+03  9.99717e-01  9.99873e-01
 1.65477e+03  9.99371e-01  9.99876e-01
 1.65479e+03  9.98936e-01  9.99879e-01
 1.65481e+03  9.99466e-01  9.99883e-01
 1.65483e+03  9.98780e-01  9.99887e-01
 1.65485e+03  9.98980e-01  9.99892e-01
 1.65487e+03  9.99233e-01  9.99897e-01
 1.65489e+03  9.99565e-01  9.99903e-01
 1.65493e+03  9.99326e-01  9.99915e-01
 1.65495e+03  9.99803e-01  9.99921e-01
 1.65497e+03  9.99856e-01  9.99927e-01
 1.65499e+03  9.99885e-01  9.99934e-01
 1.65502e+03  1.00002e+00  9.99940e-01
 1.65504e+03  1.00109e+00  9.99947e-01
 1.65506e+03  1.00125e+00  9.99954e-01
 1.65508e+03  1.00174e+00  9.99961e-01
 1.65510e+03  1.00185e+00  9.99969e-01
 1.65512e+03  1.00216e+00  9.99977e-01
 1.65514e+03  1.00365e+00  9.99986e-01
 1.65516e+03  1.00254e+00  9.99997e-01
 1.65520e+03  1.00361e+00  1.00002e+00
 1.65522e+03  1.00297e+00  1.00004e+00
 1.65524e+03  1.00345e+00  1.00006e+00
 1.65531e+03  1.00292e+00  1.00014e+00
 1.65533e+03  1.00235e+00  1.00017e+00
 1.65535e+03  1.00195e+00  1.00021e+00
 1.65537e+03  1.00223e+00  1.00025e+00
 1.65539e+03  1.00151e+00  1.00029e+00
 1.65543e+03  1.00141e+00  1.00038e+00
 1.65545e+03  1.00124e+00  1.00043e+00
 1.65547e+03  1.00104e+00  1.00047e+00
 1.65549e+03  1.00086e+00  1.00051e+00
 1.65552e+03  1.00069e+00  1.00055e+00
 1.65554e+03  1.00058e+00  1.00058e+00
 1.65556e+03  1.00057e+00  1.00060e+00
 1.65558e+03  1.00056e+00  1.00062e+00
 1.65560e+03  1.00054e+00  1.00063e+00
 1.65562e+03  1.00048e+00  1.00064e+00
 1.65564e+03  1.00010e+00  1.00064e+00
 1.65566e+03  1.00026e+00  1.00063e+00
 1.65568e+03  9.99871e-01  1.00062e+00
 1.65572e+03  9.99783e-01  1.00058e+00
 1.65574e+03  9.99269e-01  1.00056e+00
 1.65577e+03  9.99880e-01  1.00053e+00
 1.65579e+03  9.99752e-01  1.00050e+00
 1.65581e+03  9.99440e-01  1.00047e+00
 1.65583e+03  9.99378e-01  1.00044e+00
 1.65585e+03  9.99755e-01  1.00041e+00
 1.65587e+03  1.00011e+00  1.00037e+00
 1.65589e+03  9.99818e-01  1.00034e+00
 1.65591e+03  9.99399e-01  1.00031e+00
 1.65593e+03  1.00019e+00  1.00028e+00
 1.65595e+03  1.00019e+00  1.00025e+00
 1.65597e+03  9.99712e-01  1.00022e+00
 1.65599e+03  1.00014e+00  1.00019e+00
 1.65602e+03  1.00031e+00  1.00017e+00
 1.65604e+03  9.99813e-01  1.00014e+00
 1.65606e+03  1.00002e+00  1.00012e+00
 1.65608e+03  9.99887e-01  1.00009e+00
 1.65610e+03  1.00003e+00  1.00007e+00
 1.65612e+03  1.00022e+00  1.00005e+00
 1.65614e+03  1.00011e+00  1.00003e+00
 1.65616e+03  9.99948e-01  1.00001e+00
 1.65618e+03  9.99849e-01  9.99997e-01
 1.65620e+03  1.00009e+00  9.99982e-01
 1.65622e+03  1.00015e+00  9.99967e-01
 1.65624e+03  9.99408e-01  9.99954e-01
 1.65627e+03  9.99216e-01  9.99941e-01
 1.65629e+03  9.99495e-01  9.99930e-01
 1.65631e+03  9.99057e-01  9.99920e-01
 1.65633e+03  1.00001e+00  9.99911e-01
 1.65635e+03  9.99336e-01  9.99903e-01
 1.65637e+03  9.99645e-01  9.99895e-01
 1.65639e+03  9.99933e-01  9.99889e-01
 1.65641e+03  1.00022e+00  9.99883e-01
 1.65643e+03  9.99803e-01  9.99879e-01
 1.65645e+03  1.00021e+00  9.99875e-01
 1.65647e+03  9.99618e-01  9.99872e-01
 1.65649e+03  9.99863e-01  9.99870e-01
 1.65652e+03  9.99904e-01  9.99869e-01
 1.65654e+03  9.99743e-01  9.99869e-01
 1.65656e+03  1.00019e+00  9.99869e-01
 1.65658e+03  1.00011e+00  9.99870e-01
 1.65660e+03  9.99988e-01  9.99872e-01
 1.65662e+03  1.00016e+00  9.99874e-01
 1.65664e+03  1.00012e+00  9.99877e-01
 1.65666e+03  9.99647e-01  9.99881e-01
 1.65668e+03  9.99827e-01  9.99885e-01
 1.65670e+03  9.99577e-01  9.99890e-01
 1.65672e+03  9.99612e-01  9.99895e-01
 1.65674e+03  9.99438e-01  9.99900e-01
 1.65677e+03  9.99789e-01  9.99906e-01
 1.65679e+03  1.00008e+00  9.99912e-01
 1.65681e+03  9.99748e-01  9.99918e-01
 1.65683e+03  9.99951e-01  9.99924e-01
 1.65685e+03  9.99646e-01  9.99930e-01
 1.65687e+03  9.99739e-01  9.99937e-01
 1.65689e+03  9.99584e-01  9.99944e-01
 1.65691e+03  9.99689e-01  9.99950e-01
 1.65693e+03  9.99561e-01  9.99957e-01
 1.65695e+03  9.99910e-01  9.99965e-01
 1.65697e+03  1.00047e+00  9.99973e-01
 1.65699e+03  1.00015e+00  9.99982e-01
 1.65702e+03  9.99963e-01  9.99992e-01
 1.65704e+03  9.99938e-01  1.00000e+00
 1.65706e+03  1.00006e+00  1.00002e+00
 1.65708e+03  9.99945e-01  1.00003e+00
 1.65710e+03  1.00041e+00  1.00005e+00
 1.65712e+03  9.99904e-01  1.00007e+00
 1.65714e+03  9.99842e-01  1.00010e+00
 1.65716e+03  1.00030e+00  1.00012e+00
 1.65718e+03  1.00008e+00  1.00016e+00
 1.65720e+03  1.00005e+00  1.00019e+00
 1.65722e+03  9.99537e-01  1.00023e+00
 1.65724e+03  9.99838e-01  1.00027e+00
 1.65727e+03  9.99506e-01  1.00032e+00
 1.65729e+03  1.00024e+00  1.00036e+00
 1.65731e+03  9.99663e-01  1.00041e+00
 1.65733e+03  1.00022e+00  1.00045e+00
 1.65737e+03  9.99515e-01  1.00053e+00
 1.65739e+03  1.00015e+00  1.00056e+00
 1.65752e+03  9.99870e-01  1.00064e+00
 1.65756e+03  9.99731e-01  1.00061e+00
 1.65760e+03  9.99820e-01  1.00057e+00
 1.65768e+03  9.99732e-01  1.00046e+00
 1.65777e+03  1.00031e+00  1.00033e+00
 1.65783e+03  1.00039e+00  1.00023e+00
 1.65787e+03  9.99851e-01  1.00018e+00
 1.65791e+03  1.00014e+00  1.00013e+00
 1.65793e+03  1.00004e+00  1.00010e+00
 1.65795e+03  9.99710e-01  1.00008e+00
 1.65797e+03  9.99647e-01  1.00006e+00
 1.65799e+03  1.00026e+00  1.00004e+00
 1.65806e+03  9.99555e-01  9.99989e-01
 1.65808e+03  1.00025e+00  9.99974e-01
 1.65810e+03  9.99964e-01  9.99960e-01
 1.65812e+03  9.99906e-01  9.99947e-01
 1.65814e+03  1.00027e+00  9.99935e-01
 1.65818e+03  1.00018e+00  9.99915e-01
 1.65820e+03  9.99932e-01  9.99906e-01
 1.65824e+03  9.99638e-01  9.99892e-01
 1.65831e+03  9.99748e-01  9.99877e-01
 1.65833e+03  9.99874e-01  9.99874e-01
 1.65835e+03  9.99879e-01  9.99871e-01
 1.65837e+03  9.99819e-01  9.99870e-01
 1.65839e+03  9.99549e-01  9.99869e-01
 1.65841e+03  1.00003e+00  9.99869e-01
 1.65843e+03  9.99846e-01  9.99870e-01
 1.65845e+03  9.99774e-01  9.99871e-01
 1.65847e+03  1.00001e+00  9.99873e-01
 1.65849e+03  1.00019e+00  9.99876e-01
 1.65852e+03  9.99536e-01  9.99879e-01
 1.65856e+03  9.99607e-01  9.99888e-01
 1.65858e+03  9.99779e-01  9.99892e-01
 1.65860e+03  9.99651e-01  9.99898e-01
 1.65862e+03  9.99740e-01  9.99903e-01
 1.65864e+03  9.99794e-01  9.99909e-01
 1.65866e+03  9.99798e-01  9.99915e-01
 1.65868e+03  1.00020e+00  9.99921e-01
 1.65870e+03  1.00002e+00  9.99927e-01
 1.65872e+03  1.00015e+00  9.99934e-01
 1.65874e+03  9.99714e-01  9.99940e-01
 1.65877e+03  1.00014e+00  9.99947e-01
 1.65879e+03  9.99982e-01  9.99954e-01
 1.65881e+03  1.00003e+00  9.99961e-01
 1.65883e+03  9.99798e-01  9.99969e-01
 1.65885e+03  1.00036e+00  9.99977e-01
 1.65887e+03  1.00006e+00  9.99987e-01
 1.65889e+03  1.00035e+00  9.99998e-01
 1.65891e+03  1.00005e+00  1.00001e+00
 1.65893e+03  9.99553e-01  1.00002e+00
 1.65895e+03  1.00046e+00  1.00004e+00
 1.65897e+03  1.00020e+00  1.00006e+00
 1.65899e+03  9.99622e-01  1.00008e+00
 1.65902e+03  9.99742e-01  1.00011e+00
 1.65904e+03  9.99790e-01  1.00014e+00
 1.65906e+03  1.00000e+00  1.00017e+00
 1.65908e+03  9.99897e-01  1.00021e+00
 1.65910e+03  1.00028e+00  1.00025e+00
 1.65912e+03  9.99868e-01  1.00030e+00
 1.65914e+03  1.00055e+00  1.00034e+00
 1.65916e+03  9.99825e-01  1.00038e+00
 1.65918e+03  1.00025e+00  1.00043e+00
 1.65920e+03  1.00011e+00  1.00047e+00
 1.65922e+03  9.99906e-01  1.00051e+00
 1.65924e+03  1.00008e+00  1.00055e+00
 1.65927e+03  1.00046e+00  1.00058e+00
 1.65929e+03  9.99861e-01  1.00060e+00
 1.65931e+03  1.00021e+00  1.00062e+00
 1.65933e+03  9.99987e-01  1.00063e+00
 1.65935e+03  9.99982e-01  1.00064e+00
 1.65937e+03  1.00007e+00  1.00064e+00
 1.65939e+03  9.99962e-01  1.00063e+00
 1.65941e+03  1.00008e+00  1.00062e+00
 1.65943e+03  1.00005e+00  1.00060e+00
 1.65945e+03  9.99949e-01  1.00058e+00
 1.65947e+03  9.99768e-01  1.00056e+00
 1.65949e+03  1.00015e+00  1.00053e+00
 1.65952e+03  9.99907e-01  1.00050e+00
 1.65954e+03  9.99839e-01  1.00047e+00
 1.65958e+03  1.00069e+00  1.00041e+00
 1.65960e+03  1.00007e+00  1.00037e+00
 1.65962e+03  1.00019e+00  1.00034e+00
 1.65964e+03  1.00001e+00  1.00031e+00
 1.65966e+03  1.00043e+00  1.00028e+00
 1.65968e+03  9.99986e-01  1.00025e+00
 1.65970e+03  1.00027e+00  1.00022e+00
 1.65972e+03  1.00004e+00  1.00019e+00
 1.65977e+03  9.99971e-01  1.00014e+00
 1.65979e+03  1.00030e+00  1.00011e+00
 1.65981e+03  1.00041e+00  1.00009e+00
 1.65983e+03  9.99875e-01  1.00007e+00
 1.65985e+03  9.99992e-01  1.00005e+00
 1.65987e+03  9.99893e-01  1.00003e+00
 1.65989e+03  9.99656e-01  1.00001e+00
 1.65991e+03  9.99890e-01  9.99996e-01
 1.65993e+03  1.00000e+00  9.99981e-01
 1.65995e+03  1.00003e+00  9.99966e-01
 1.65997e+03  1.00032e+00  9.99953e-01
 1.65999e+03  1.00023e+00  9.99941e-01
 1.66002e+03  1.00011e+00  9.99930e-01
 1.66004e+03  1.00053e+00  9.99919e-01
 1.66006e+03  9.99916e-01  9.99910e-01
 1.66008e+03  9.99984e-01  9.99902e-01
 1.66010e+03  9.99831e-01  9.99895e-01
 1.66012e+03  9.99782e-01  9.99889e-01
 1.66014e+03  1.00033e+00  9.99883e-01
 1.66016e+03  1.00030e+00  9.99879e-01
 1.66018e+03  9.99833e-01  9.99875e-01
 1.66020e+03  1.00020e+00  9.99872e-01
 1.66022e+03  1.00003e+00  9.99870e-01
 1.66024e+03  9.99878e-01  9.99869e-01
 1.66027e+03  1.00017e+00  9.99869e-01
 1.66029e+03  1.00003e+00  9.99869e-01
 1.66031e+03  9.99622e-01  9.99870e-01
 1.66033e+03  1.00009e+00  9.99872e-01
 1.66035e+03  9.99882e-01  9.99875e-01
 1.66037e+03  9.99964e-01  9.99878e-01
 1.66039e+03  9.99971e-01  9.99881e-01
 1.66041e+03  9.99648e-01  9.99885e-01
 1.66043e+03  9.99811e-01  9.99890e-01
 1.66045e+03  9.99560e-01  9.99895e-01
 1.66047e+03  1.00008e+00  9.99900e-01
 1.66049e+03  1.00020e+00  9.99906e-01
 1.66052e+03  9.99843e-01  9.99912e-01
 1.66054e+03  1.00023e+00  9.99918e-01
 1.66056e+03  9.99886e-01  9.99924e-01
 1.66058e+03  9.99828e-01  9.99931e-01
 1.66060e+03  1.00007e+00  9.99937e-01
 1.66062e+03  1.00011e+00  9.99944e-01
 1.66064e+03  1.00034e+00  9.99951e-01
 1.66066e+03  1.00040e+00  9.99958e-01
 1.66068e+03  9.99716e-01  9.99965e-01
 1.66070e+03  1.00003e+00  9.99973e-01
 1.66074e+03  1.00028e+00  9.99992e-01
 1.66085e+03  1.00068e+00  1.00007e+00
 1.66087e+03  9.99741e-01  1.00010e+00
 1.66091e+03  1.00050e+00  1.00016e+00
 1.66093e+03  1.00063e+00  1.00019e+00
 1.66095e+03  1.00016e+00  1.00023e+00
 1.66097e+03  1.00037e+00  1.00027e+00
 1.66099e+03  1.00028e+00  1.00032e+00
 1.66102e+03  9.99760e-01  1.00036e+00
 1.66104e+03  1.00062e+00  1.00041e+00
 1.66106e+03  9.99921e-01  1.00045e+00
 1.66108e+03  9.99974e-01  1.00049e+00
 1.66110e+03  1.00031e+00  1.00053e+00
 1.66112e+03  1.00017e+00  1.00056e+00
 1.66114e+03  9.99985e-01  1.00059e+00
 1.66116e+03  1.00021e+00  1.00061e+00
 1.66122e+03  1.00034e+00  1.00064e+00
 1.66124e+03  1.00045e+00  1.00064e+00
 1.66127e+03  1.00009e+00  1.00063e+00
 1.66129e+03  1.00060e+00  1.00061e+00
 1.66131e+03  1.00064e+00  1.00059e+00
 1.66133e+03  1.00030e+00  1.00057e+00
 1.66135e+03  1.00053e+00  1.00054e+00
 1.66137e+03  9.99981e-01  1.00052e+00
 1.66139e+03  1.00043e+00  1.00048e+00
 1.66143e+03  9.99797e-01  1.00042e+00
 1.66145e+03  1.00000e+00  1.00039e+00
 1.66147e+03  1.00029e+00  1.00036e+00
 1.66149e+03  1.00003e+00  1.00032e+00
 1.66152e+03  1.00036e+00  1.00029e+00
 1.66154e+03  1.00008e+00  1.00026e+00
 1.66156e+03  1.00011e+00  1.00023e+00
 1.66158e+03  1.00017e+00  1.00020e+00
 1.66162e+03  9.99787e-01  1.00015e+00
 1.66164e+03  9.99606e-01  1.00013e+00
 1.66166e+03  1.00028e+00  1.00010e+00
 1.66168e+03  1.00042e+00  1.00008e+00
 1.66170e+03  9.99996e-01  1.00006e+00
 1.66172e+03  1.00020e+00  1.00004e+00
 1.66174e+03  1.00045e+00  1.00002e+00
 1.66177e+03  1.00074e+00  1.00000e+00
 1.66179e+03  1.00056e+00  9.99988e-01
 1.66181e+03  1.00066e+00  9.99973e-01
 1.66183e+03  1.00078e+00  9.99959e-01
 1.66185e+03  1.00077e+00  9.99947e-01
 1.66187e+03  1.00063e+00  9.99935e-01
 1.66189e+03  1.00070e+00  9.99924e-01
 1.66191e+03  1.00043e+00  9.99915e-01
 1.66193e+03  9.99836e-01  9.99906e-01
 1.66195e+03  1.00020e+00  9.99898e-01
 1.66197e+03  1.00043e+00  9.99891e-01
 1.66199e+03  9.99620e-01  9.99886e-01
 1.66202e+03  9.99660e-01  9.99881e-01
 1.66204e+03  9.99549e-01  9.99877e-01
 1.66206e+03  9.99306e-01  9.99873e-01
 1.66208e+03  9.99458e-01  9.99871e-01
 1.66210e+03  9.99191e-01  9.99870e-01
 1.66212e+03  9.99206e-01  9.99869e-01
 1.66214e+03  9.99011e-01  9.99869e-01
 1.66218e+03  9.98830e-01  9.99871e-01
 1.66220e+03  9.98952e-01  9.99873e-01
 1.66222e+03  9.98692e-01  9.99876e-01
 1.66224e+03  9.99247e-01  9.99879e-01
 1.66227e+03  9.99027e-01  9.99883e-01
 1.66229e+03  9.99274e-01  9.99888e-01
 1.66231e+03  9.98641e-01  9.99893e-01
 1.66233e+03  9.98954e-01  9.99898e-01
 1.66235e+03  9.99075e-01  9.99903e-01
 1.66237e+03  9.98680e-01  9.99909e-01
 1.66239e+03  9.98648e-01  9.99915e-01
 1.66241e+03  9.98532e-01  9.99921e-01
 1.66243e+03  9.98428e-01  9.99928e-01
 1.66245e+03  9.99041e-01  9.99934e-01
 1.66247e+03  9.98421e-01  9.99941e-01
 1.66249e+03  9.98923e-01  9.99947e-01
 1.66252e+03  9.99149e-01  9.99954e-01
 1.66254e+03  9.99143e-01  9.99962e-01
 1.66256e+03  9.99294e-01  9.99969e-01
 1.66258e+03  9.99794e-01  9.99978e-01
 1.66260e+03  1.00028e+00  9.99987e-01
 1.66262e+03  1.00039e+00  9.99998e-01
 1.66264e+03  1.00060e+00  1.00001e+00
 1.66266e+03  1.00149e+00  1.00003e+00
 1.66268e+03  1.00237e+00  1.00004e+00
 1.66270e+03  1.00219e+00  1.00006e+00
 1.66272e+03  1.00310e+00  1.00009e+00
 1.66274e+03  1.00280e+00  1.00011e+00
 1.66277e+03  1.00321e+00  1.00014e+00
 1.66279e+03  1.00293e+00  1.00018e+00
 1.66281e+03  1.00289e+00  1.00021e+00
 1.66283e+03  1.00297e+00  1.00025e+00
 1.66285e+03  1.00264e+00  1.00030e+00
 1.66287e+03  1.00213e+00  1.00034e+00
 1.66289e+03  1.00200e+00  1.00039e+00
 1.66291e+03  1.00257e+00  1.00043e+00
 1.66293e+03  1.00199e+00  1.00047e+00
 1.66295e+03  1.00175e+00  1.00051e+00
 1.66297e+03  1.00113e+00  1.00055e+00
 1.66299e+03  1.00112e+00  1.00058e+00
 1.66302e+03  1.00106e+00  1.00060e+00
 1.66304e+03  1.00061e+00  1.00062e+00
 1.66306e+03  1.00086e+00  1.00063e+00
 1.66308e+03  1.00107e+00  1.00064e+00
 1.66310e+03  1.00056e+00  1.00064e+00
 1.66312e+03  1.00063e+00  1.00063e+00
 1.66314e+03  1.00069e+00  1.00062e+00
 1.66316e+03  1.00039e+00  1.00060e+00
 1.66318e+03  1.00032e+00  1.00058e+00
 1.66320e+03  1.00035e+00  1.00056e+00
 1.66322e+03  1.00006e+00  1.00053e+00
 1.66324e+03  1.00015e+00  1.00050e+00
 1.66327e+03  1.00002e+00  1.00047e+00
 1.66329e+03  9.99919e-01  1.00044e+00
 1.66331e+03  9.99521e-01  1.00040e+00
 1.66333e+03  9.99888e-01  1.00037e+00
 1.66337e+03  1.00006e+00  1.00031e+00
 1.66339e+03  9.99810e-01  1.00028e+00
 1.66341e+03  9.99742e-01  1.00025e+00
 1.66343e+03  9.99322e-01  1.00022e+00
 1.66345e+03  9.99293e-01  1.00019e+00
 1.66347e+03  9.99204e-01  1.00016e+00
 1.66349e+03  9.99669e-01  1.00014e+00
 1.66352e+03  1.00003e+00  1.00011e+00
 1.66354e+03  1.00022e+00  1.00009e+00
 1.66356e+03  9.99792e-01  1.00007e+00
 1.66358e+03  9.99824e-01  1.00005e+00
 1.66360e+03  1.00027e+00  1.00003e+00
 1.66362e+03  9.99676e-01  1.00001e+00
 1.66364e+03  9.99824e-01  9.99995e-01
 1.66366e+03  9.99808e-01  9.99980e-01
 1.66368e+03  1.00045e+00  9.99966e-01
 1.66370e+03  1.00001e+00  9.99952e-01
 1.66372e+03  9.99939e-01  9.99940e-01
 1.66374e+03  1.00006e+00  9.99929e-01
 1.66377e+03  9.99748e-01  9.99919e-01
 1.66379e+03  1.00005e+00  9.99910e-01
 1.66381e+03  9.99872e-01  9.99902e-01
 1.66383e+03  9.99517e-01  9.99895e-01
 1.66385e+03  9.99376e-01  9.99888e-01
 1.66387e+03  9.99434e-01  9.99883e-01
 1.66389e+03  9.99131e-01  9.99878e-01
 1.66391e+03  9.99359e-01  9.99875e-01
 1.66393e+03  9.99992e-01  9.99872e-01
 1.66395e+03  9.99740e-01  9.99870e-01
 1.66397e+03  9.99750e-01  9.99869e-01
 1.66399e+03  9.99255e-01  9.99869e-01
 1.66402e+03  9.99970e-01  9.99869e-01
 1.66404e+03  9.99617e-01  9.99870e-01
 1.66406e+03  9.99952e-01  9.99872e-01
 1.66408e+03  1.00009e+00  9.99875e-01
 1.66412e+03  9.99845e-01  9.99881e-01
 1.66422e+03  1.00026e+00  9.99906e-01
 1.66424e+03  1.00025e+00  9.99912e-01
 1.66427e+03  1.00003e+00  9.99918e-01
 1.66429e+03  1.00007e+00  9.99925e-01
 1.66431e+03  9.99588e-01  9.99931e-01
 1.66433e+03  9.99522e-01  9.99938e-01
 1.66435e+03  9.99690e-01  9.99944e-01
 1.66437e+03  9.99682e-01  9.99951e-01
 1.66439e+03  9.99957e-01  9.99958e-01
 1.66441e+03  9.99834e-01  9.99966e-01
 1.66445e+03  9.99670e-01  9.99983e-01
 1.66447e+03  9.99808e-01  9.99993e-01
 1.66449e+03  9.99869e-01  1.00000e+00
 1.66452e+03  9.99737e-01  1.00002e+00
 1.66460e+03  1.00012e+00  1.00010e+00
 1.66464e+03  9.99704e-01  1.00016e+00
 1.66468e+03  9.99722e-01  1.00023e+00
 1.66470e+03  9.99493e-01  1.00028e+00
 1.66472e+03  9.99600e-01  1.00032e+00
 1.66474e+03  9.99596e-01  1.00037e+00
 1.66477e+03  1.00004e+00  1.00041e+00
 1.66481e+03  9.99917e-01  1.00050e+00
 1.66483e+03  9.99921e-01  1.00053e+00
 1.66487e+03  1.00000e+00  1.00059e+00
 1.66489e+03  1.00007e+00  1.00061e+00
 1.66493e+03  1.00000e+00  1.00064e+00
 1.66495e+03  9.99950e-01  1.00064e+00
 1.66497e+03  9.99810e-01  1.00064e+00
 1.66499e+03  1.00000e+00  1.00063e+00
 1.66502e+03  9.99749e-01  1.00061e+00
 1.66504e+03  9.99675e-01  1.00059e+00
 1.66506e+03  9.99626e-01  1.00057e+00
 1.66508e+03  9.99760e-01  1.00054e+00
 1.66510e+03  9.99615e-01  1.00051e+00
 1.66512e+03  9.99901e-01  1.00048e+00
 1.66514e+03  1.00001e+00  1.00045e+00
 1.66516e+03  9.99784e-01  1.00042e+00
 1.66518e+03  1.00059e+00  1.00039e+00
 1.66520e+03  9.99995e-01  1.00035e+00
 1.66522e+03  1.00005e+00  1.00032e+00
 1.66524e+03  1.00007e+00  1.00029e+00
 1.66527e+03  9.99951e-01  1.00026e+00
 1.66529e+03  9.99998e-01  1.00023e+00
 1.66537e+03  1.00036e+00  1.00012e+00
 1.66539e+03  1.00018e+00  1.00010e+00
 1.66541e+03  1.00006e+00  1.00008e+00
 1.66543e+03  1.00042e+00  1.00006e+00
 1.66545e+03  1.00016e+00  1.00004e+00
 1.66547e+03  1.00027e+00  1.00002e+00
 1.66549e+03  1.00054e+00  1.00000e+00
 1.66552e+03  1.00040e+00  9.99987e-01
 1.66554e+03  9.99848e-01  9.99972e-01
 1.66556e+03  1.00045e+00  9.99959e-01
 1.66558e+03  9.99855e-01  9.99946e-01
 1.66560e+03  9.99713e-01  9.99934e-01
 1.66562e+03  9.99888e-01  9.99924e-01
 1.66564e+03  9.99876e-01  9.99914e-01
 1.66566e+03  9.99992e-01  9.99905e-01
 1.66568e+03  1.00023e+00  9.99898e-01
 1.66570e+03  9.99979e-01  9.99891e-01
 1.66572e+03  9.99783e-01  9.99885e-01
 1.66574e+03  1.00002e+00  9.99880e-01
 1.66577e+03  1.00017e+00  9.99876e-01
 1.66579e+03  1.00002e+00  9.99873e-01
 1.66581e+03  1.00012e+00  9.99871e-01
 1.66583e+03  1.00039e+00  9.99869e-01
 1.66585e+03  1.00035e+00  9.99869e-01
 1.66587e+03  1.00011e+00  9.99869e-01
 1.66589e+03  9.99737e-01  9.99870e-01
 1.66591e+03  1.00030e+00  9.99871e-01
 1.66593e+03  1.00010e+00  9.99873e-01
 1.66595e+03  1.00031e+00  9.99876e-01
 1.66597e+03  9.99900e-01  9.99880e-01
 1.66602e+03  9.99419e-01  9.99888e-01
 1.66604e+03  1.00013e+00  9.99893e-01
 1.66608e+03  9.99818e-01  9.99904e-01
 1.66610e+03  1.00027e+00  9.99910e-01
 1.66614e+03  9.99584e-01  9.99922e-01
 1.66616e+03  1.00034e+00  9.99928e-01
 1.66618e+03  1.00025e+00  9.99935e-01
 1.66620e+03  1.00009e+00  9.99941e-01
 1.66622e+03  9.99941e-01  9.99948e-01
 1.66624e+03  1.00019e+00  9.99955e-01
 1.66627e+03  1.00020e+00  9.99962e-01
 1.66629e+03  1.00032e+00  9.99970e-01
 1.66631e+03  1.00004e+00  9.99978e-01
 1.66633e+03  1.00040e+00  9.99988e-01
 1.66635e+03  1.00036e+00  9.99999e-01
 1.66637e+03  1.00029e+00  1.00001e+00
 1.66639e+03  9.99426e-01  1.00003e+00
 1.66641e+03  1.00035e+00  1.00004e+00
 1.66643e+03  9.99686e-01  1.00006e+00
 1.66645e+03  1.00008e+00  1.00009e+00
 1.66647e+03  9.99718e-01  1.00011e+00
 1.66649e+03  1.00002e+00  1.00014e+00
 1.66652e+03  9.99539e-01  1.00018e+00
 1.66654e+03  9.99702e-01  1.00022e+00
 1.66656e+03  9.99849e-01  1.00026e+00
 1.66658e+03  9.99916e-01  1.00030e+00
 1.66660e+03  9.99893e-01  1.00034e+00
 1.66662e+03  1.00013e+00  1.00039e+00
 1.66664e+03  9.99528e-01  1.00043e+00
 1.66666e+03  1.00012e+00  1.00048e+00
 1.66668e+03  9.99593e-01  1.00052e+00
 1.66670e+03  1.00012e+00  1.00055e+00
 1.66672e+03  1.00021e+00  1.00058e+00
 1.66674e+03  1.00055e+00  1.00061e+00
 1.66677e+03  1.00017e+00  1.00062e+00
 1.66679e+03  1.00000e+00  1.00063e+00
 1.66681e+03  9.99846e-01  1.00064e+00
 1.66683e+03  9.99933e-01  1.00064e+00
 1.66685e+03  9.99456e-01  1.00063e+00
 1.66687e+03  9.99929e-01  1.00062e+00
 1.66689e+03  9.99899e-01  1.00060e+00
 1.66691e+03  9.99647e-01  1.00058e+00
 1.66693e+03  9.99264e-01  1.00056e+00
 1.66695e+03  9.99784e-01  1.00053e+00
 1.66697e+03  1.00001e+00  1.00050e+00
 1.66699e+03  9.99759e-01  1.00047e+00
 1.66702e+03  9.99879e-01  1.00043e+00
 1.66704e+03  9.99945e-01  1.00040e+00
 1.66706e+03  9.99749e-01  1.00037e+00
 1.66708e+03  1.00000e+00  1.00034e+00
 1.66710e+03  9.99758e-01  1.00031e+00
 1.66712e+03  1.00026e+00  1.00027e+00
 1.66714e+03  9.99943e-01  1.00025e+00
 1.66716e+03  1.00042e+00  1.00022e+00
 1.66718e+03  9.99680e-01  1.00019e+00
 1.66720e+03  9.99682e-01  1.00016e+00
 1.66722e+03  9.99747e-01  1.00014e+00
 1.66724e+03  1.00003e+00  1.00011e+00
 1.66727e+03  1.00022e+00  1.00009e+00
 1.66729e+03  1.00038e+00  1.00007e+00
 1.66731e+03  1.00022e+00  1.00005e+00
 1.66733e+03  9.99921e-01  1.00003e+00
 1.66735e+03  1.00005e+00  1.00001e+00
 1.66739e+03  9.99976e-01  9.99979e-01
 1.66741e+03  9.99657e-01  9.99965e-01
 1.66743e+03  1.00009e+00  9.99952e-01
 1.66745e+03  9.99928e-01  9.99940e-01
 1.66747e+03  9.99876e-01  9.99929e-01
 1.66749e+03  1.00027e+00  9.99919e-01
 1.66752e+03  1.00002e+00  9.99909e-01
 1.66754e+03  9.99822e-01  9.99901e-01
 1.66756e+03  1.00034e+00  9.99894e-01
 1.66758e+03  1.00054e+00  9.99888e-01
 1.66760e+03  1.00006e+00  9.99883e-01
 1.66762e+03  1.00024e+00  9.99878e-01
 1.66764e+03  1.00036e+00  9.99875e-01
 1.66766e+03  1.00023e+00  9.99872e-01
 1.66768e+03  9.99974e-01  9.99870e-01
 1.66864e+03  9.99680e-01  1.00063e+00
 1.66866e+03  1.00024e+00  1.00064e+00
 1.66868e+03  1.00048e+00  1.00064e+00
 1.66870e+03  1.00062e+00  1.00064e+00
 1.66872e+03  1.00112e+00  1.00063e+00
 1.66874e+03  1.00094e+00  1.00061e+00
 1.66877e+03  1.00111e+00  1.00059e+00
 1.66879e+03  1.00115e+00  1.00057e+00
 1.66881e+03  1.00160e+00  1.00054e+00
 1.66883e+03  1.00167e+00  1.00051e+00
 1.66889e+03  1.00162e+00  1.00042e+00
 1.66891e+03  1.00109e+00  1.00039e+00
 1.66893e+03  1.00194e+00  1.00035e+00
 1.66899e+03  1.00106e+00  1.00026e+00
 1.66902e+03  1.00134e+00  1.00023e+00
 1.66904e+03  1.00085e+00  1.00020e+00
 1.66908e+03  1.00055e+00  1.00015e+00
 1.66910e+03  1.00121e+00  1.00012e+00
 1.66914e+03  1.00062e+00  1.00008e+00
 1.66916e+03  1.00045e+00  1.00006e+00
 1.66920e+03  1.00048e+00  1.00002e+00
 1.66922e+03  1.00039e+00  1.00000e+00
 1.66924e+03  1.00007e+00  9.99986e-01
 1.66927e+03  1.00082e+00  9.99972e-01
 1.66929e+03  1.00065e+00  9.99958e-01
 1.66931e+03  1.00052e+00  9.99945e-01
 1.66933e+03  1.00069e+00  9.99934e-01
 1.66935e+03  1.00029e+00  9.99923e-01
 1.66937e+03  1.00062e+00  9.99914e-01
 1.66939e+03  1.00080e+00  9.99905e-01
 1.66941e+03  1.00129e+00  9.99897e-01
 1.66943e+03  1.00098e+00  9.99891e-01
 1.66945e+03  1.00051e+00  9.99885e-01
 1.66949e+03  1.00059e+00  9.99876e-01
 1.66954e+03  1.00092e+00  9.99871e-01
 1.66956e+03  1.00019e+00  9.99869e-01
 1.66958e+03  9.99792e-01  9.99869e-01
 1.66962e+03  9.99749e-01  9.99870e-01
 1.66964e+03  9.99413e-01  9.99871e-01
 1.66966e+03  9.99880e-01  9.99873e-01
 1.66968e+03  9.99269e-01  9.99876e-01
 1.66970e+03  9.99372e-01  9.99880e-01
 1.66972e+03  9.99211e-01  9.99884e-01
 1.66974e+03  9.99018e-01  9.99888e-01
 1.66977e+03  9.98517e-01  9.99893e-01
 1.66979e+03  9.99048e-01  9.99898e-01
 1.66981e+03  9.98823e-01  9.99904e-01
 1.66983e+03  9.98779e-01  9.99910e-01
 1.66985e+03  9.98744e-01  9.99916e-01
 1.66987e+03  9.98886e-01  9.99922e-01
 1.66989e+03  9.98743e-01  9.99928e-01
 1.66991e+03  9.98731e-01  9.99935e-01
 1.66993e+03  9.99167e-01  9.99941e-01
 1.66995e+03  9.98987e-01  9.99948e-01
 1.66997e+03  9.98537e-01  9.99955e-01
 1.66999e+03  9.98841e-01  9.99962e-01
 1.67002e+03  9.99003e-01  9.99970e-01
 1.67004e+03  9.99105e-01  9.99979e-01
 1.67006e+03  9.98927e-01  9.99988e-01
 1.67008e+03  9.99376e-01  9.99999e-01
 1.67010e+03  9.99521e-01  1.00001e+00
 1.67012e+03  9.99342e-01  1.00003e+00
 1.67014e+03  9.99807e-01  1.00004e+00
 1.67016e+03  9.99967e-01  1.00006e+00
 1.67018e+03  1.00037e+00  1.00009e+00
 1.67020e+03  1.00132e+00  1.00011e+00
 1.67022e+03  1.00159e+00  1.00015e+00
 1.67024e+03  1.00173e+00  1.00018e+00
 1.67027e+03  1.00266e+00  1.00022e+00
 1.67029e+03  1.00291e+00  1.00026e+00
 1.67031e+03  1.00334e+00  1.00030e+00
 1.67033e+03  1.00327e+00  1.00035e+00
 1.67035e+03  1.00329e+00  1.00039e+00
 1.67037e+03  1.00324e+00  1.00044e+00
 1.67039e+03  1.00294e+00  1.00048e+00
 1.67041e+03  1.00298e+00  1.00052e+00
 1.67043e+03  1.00241e+00  1.00055e+00
 1.67045e+03  1.00234e+00  1.00058e+00
 1.67047e+03  1.00234e+00  1.00061e+00
 1.67049e+03  1.00150e+00  1.00062e+00
 1.67052e+03  1.00210e+00  1.00064e+00
 1.67054e+03  1.00152e+00  1.00064e+00
 1.67056e+03  1.00140e+00  1.00064e+00
 1.67058e+03  1.00081e+00  1.00063e+00
 1.67060e+03  1.00083e+00  1.00062e+00
 1.67062e+03  1.00094e+00  1.00060e+00
 1.67064e+03  1.00059e+00  1.00058e+00
 1.67066e+03  1.00075e+00  1.00055e+00
 1.67068e+03  1.00067e+00  1.00053e+00
 1.67070e+03  1.00072e+00  1.00050e+00
 1.67072e+03  1.00054e+00  1.00047e+00
 1.67074e+03  1.00075e+00  1.00043e+00
 1.67077e+03  1.00042e+00  1.00040e+00
 1.67079e+03  1.00057e+00  1.00037e+00
 1.67081e+03  1.00015e+00  1.00034e+00
 1.67083e+03  1.00016e+00  1.00030e+00
 1.67085e+03  9.99965e-01  1.00027e+00
 1.67087e+03  9.99559e-01  1.00024e+00
 1.67089e+03  1.00017e+00  1.00021e+00
 1.67091e+03  1.00018e+00  1.00019e+00
 1.67093e+03  1.00003e+00  1.00016e+00
 1.67095e+03  9.99550e-01  1.00014e+00
 1.67097e+03  9.99209e-01  1.00011e+00
 1.67099e+03  1.00018e+00  1.00009e+00
 1.67102e+03  9.99108e-01  1.00007e+00
 1.67104e+03  9.99320e-01  1.00005e+00
 1.67106e+03  9.99822e-01  1.00003e+00
 1.67108e+03  9.99903e-01  1.00001e+00
 1.67110e+03  1.00014e+00  9.99994e-01
 1.67112e+03  1.00011e+00  9.99979e-01
 1.67114e+03  1.00006e+00  9.99964e-01
 1.67116e+03  1.00009e+00  9.99951e-01
 1.67118e+03  1.00037e+00  9.99939e-01
 1.67120e+03  1.00029e+00  9.99928e-01
 1.67122e+03  9.99851e-01  9.99918e-01
 1.67124e+03  1.00020e+00  9.99909e-01
 1.67127e+03  1.00020e+00  9.99901e-01
 1.67129e+03  1.00029e+00  9.99894e-01
 1.67131e+03  9.99425e-01  9.99888e-01
 1.67133e+03  9.99928e-01  9.99882e-01
 1.67135e+03  1.00000e+00  9.99878e-01
 1.67137e+03  9.99719e-01  9.99875e-01
 1.67139e+03  9.99279e-01  9.99872e-01
 1.67141e+03  9.99534e-01  9.99870e-01
 1.67143e+03  9.98831e-01  9.99869e-01
 1.67145e+03  9.99331e-01  9.99869e-01
 1.67147e+03  9.99652e-01  9.99869e-01
 1.67149e+03  9.99921e-01  9.99870e-01
 1.67152e+03  9.99660e-01  9.99872e-01
 1.67154e+03  9.99563e-01  9.99875e-01
 1.67156e+03  9.99777e-01  9.99878e-01
 1.67158e+03  9.99926e-01  9.99882e-01
 1.67160e+03  9.99948e-01  9.99886e-01
 1.67162e+03  9.99631e-01  9.99891e-01
 1.67164e+03  9.99816e-01  9.99896e-01
 1.67166e+03  9.99959e-01  9.99901e-01
 1.67168e+03  9.99771e-01  9.99907e-01
 1.67170e+03  9.99904e-01  9.99913e-01
 1.67172e+03  1.00034e+00  9.99919e-01
 1.67174e+03  9.99800e-01  9.99925e-01
 1.67177e+03  1.00025e+00  9.99932e-01
 1.67179e+03  1.00000e+00  9.99938e-01
 1.67181e+03  9.99832e-01  9.99945e-01
 1.67183e+03  9.99979e-01  9.99952e-01
 1.67185e+03  9.99942e-01  9.99959e-01
 1.67187e+03  9.99664e-01  9.99966e-01
 1.67189e+03  9.99773e-01  9.99975e-01
 1.67191e+03  9.99225e-01  9.99984e-01
 1.67193e+03  9.99601e-01  9.99994e-01
 1.67195e+03  9.99721e-01  1.00001e+00
 1.67197e+03  9.99817e-01  1.00002e+00
 1.67199e+03  9.99429e-01  1.00004e+00
 1.67202e+03  9.99831e-01  1.00005e+00
 1.67204e+03  9.99616e-01  1.00008e+00
 1.67212e+03  1.00059e+00  1.00020e+00
 1.67227e+03  9.99798e-01  1.00050e+00
 1.67229e+03  9.99889e-01  1.00054e+00
 1.67231e+03  9.99659e-01  1.00057e+00
 1.67233e+03  9.99938e-01  1.00060e+00
 1.67235e+03  1.00025e+00  1.00062e+00
 1.67237e+03  1.00020e+00  1.00063e+00
 1.67239e+03  9.99867e-01  1.00064e+00
 1.67241e+03  1.00000e+00  1.00064e+00
 1.67245e+03  9.99670e-01  1.00063e+00
 1.67256e+03  9.99596e-01  1.00051e+00
 1.67258e+03  9.99794e-01  1.00048e+00
 1.67260e+03  9.99501e-01  1.00045e+00
 1.67262e+03  1.00012e+00  1.00042e+00
 1.67264e+03  9.99768e-01  1.00038e+00
 1.67266e+03  9.99944e-01  1.00035e+00
 1.67270e+03  9.99614e-01  1.00029e+00
 1.67272e+03  1.00037e+00  1.00026e+00
 1.67274e+03  1.00005e+00  1.00023e+00
 1.67277e+03  1.00016e+00  1.00020e+00
 1.67279e+03  1.00007e+00  1.00017e+00
 1.67281e+03  1.00020e+00  1.00015e+00
 1.67283e+03  1.00034e+00  1.00012e+00
 1.67285e+03  1.00035e+00  1.00010e+00
 1.67287e+03  1.00015e+00  1.00008e+00
 1.67289e+03  1.00015e+00  1.00006e+00
 1.67291e+03  9.99991e-01  1.00004e+00
 1.67293e+03  1.00009e+00  1.00002e+00
 1.67295e+03  1.00019e+00  1.00000e+00
 1.67299e+03  9.99961e-01  9.99971e-01
 1.67302e+03  1.00032e+00  9.99957e-01
 1.67306e+03  9.99763e-01  9.99933e-01
 1.67308e+03  1.00010e+00  9.99923e-01
 1.67310e+03  9.99825e-01  9.99913e-01
 1.67312e+03  9.99689e-01  9.99905e-01
 1.67314e+03  9.99827e-01  9.99897e-01
 1.67318e+03  9.99606e-01  9.99885e-01
 1.67320e+03  9.99170e-01  9.99880e-01
 1.67322e+03  9.99283e-01  9.99876e-01
 1.67324e+03  1.00038e+00  9.99873e-01
 1.67327e+03  9.99627e-01  9.99871e-01
 1.67329e+03  9.99641e-01  9.99869e-01
 1.67331e+03  9.99705e-01  9.99869e-01
 1.67333e+03  9.99734e-01  9.99869e-01
 1.67335e+03  9.99832e-01  9.99870e-01
 1.67337e+03  9.99834e-01  9.99871e-01
 1.67339e+03  9.99572e-01  9.99874e-01
 1.67341e+03  1.00033e+00  9.99877e-01
 1.67343e+03  9.99715e-01  9.99880e-01
 1.67345e+03  9.99897e-01  9.99884e-01
 1.67347e+03  9.99763e-01  9.99888e-01
 1.67349e+03  9.99806e-01  9.99893e-01
 1.67352e+03  9.99498e-01  9.99899e-01
 1.67354e+03  9.99408e-01  9.99904e-01
 1.67356e+03  9.99516e-01  9.99910e-01
 1.67358e+03  9.99470e-01  9.99916e-01
 1.67360e+03  9.99559e-01  9.99922e-01
 1.67364e+03  1.00002e+00  9.99935e-01
 1.67366e+03  9.99911e-01  9.99942e-01
 1.67368e+03  9.99841e-01  9.99948e-01
 1.67370e+03  9.99525e-01  9.99955e-01
 1.67372e+03  9.99637e-01  9.99963e-01
 1.67374e+03  9.99639e-01  9.99971e-01
 1.67377e+03  9.99383e-01  9.99979e-01
 1.67379e+03  9.99664e-01  9.99989e-01
 1.67381e+03  1.00008e+00  1.00000e+00
 1.67383e+03  1.00021e+00  1.00001e+00
 1.67385e+03  1.00024e+00  1.00003e+00
 1.67387e+03  9.99863e-01  1.00004e+00
 1.67389e+03  1.00016e+00  1.00007e+00
 1.67391e+03  1.00021e+00  1.00009e+00
 1.67393e+03  1.00042e+00  1.00012e+00
 1.67395e+03  1.00003e+00  1.00015e+00
 1.67397e+03  9.99661e-01  1.00018e+00
 1.67399e+03  9.99762e-01  1.00022e+00
 1.67402e+03  9.99896e-01  1.00026e+00
 1.67404e+03  1.00006e+00  1.00030e+00
 1.67406e+03  1.00069e+00  1.00035e+00
 1.67410e+03  9.99666e-01  1.00044e+00
 1.67412e+03  1.00010e+00  1.00048e+00
 1.67414e+03  9.99619e-01  1.00052e+00
 1.67416e+03  9.99849e-01  1.00055e+00
 1.67418e+03  9.99766e-01  1.00058e+00
 1.67420e+03  9.99935e-01  1.00061e+00
 1.67422e+03  9.99833e-01  1.00062e+00
 1.67424e+03  9.99758e-01  1.00064e+00
 1.67427e+03  9.99970e-01  1.00064e+00
 1.67429e+03  1.00001e+00  1.00064e+00
 1.67431e+03  1.00008e+00  1.00063e+00
 1.67433e+03  9.99810e-01  1.00062e+00
 1.67435e+03  9.99939e-01  1.00060e+00
 1.67437e+03  1.00009e+00  1.00058e+00
 1.67441e+03  9.99556e-01  1.00053e+00
 1.67443e+03  9.99888e-01  1.00050e+00
 1.67445e+03  9.99597e-01  1.00046e+00
 1.67447e+03  9.99960e-01  1.00043e+00
 1.67449e+03  9.99936e-01  1.00040e+00
 1.67452e+03  9.99804e-01  1.00037e+00
 1.67454e+03  9.99675e-01  1.00033e+00
 1.67456e+03  9.99477e-01  1.00030e+00
 1.67458e+03  9.99931e-01  1.00027e+00
 1.67460e+03  9.99986e-01  1.00024e+00
 1.67462e+03  1.00001e+00  1.00021e+00
 1.67464e+03  9.99980e-01  1.00019e+00
 1.67466e+03  1.00002e+00  1.00016e+00
 1.67468e+03  1.00003e+00  1.00013e+00
 1.67470e+03  9.99815e-01  1.00011e+00
 1.67472e+03  1.00038e+00  1.00009e+00
 1.67474e+03  1.00068e+00  1.00007e+00
 1.67477e+03  9.99929e-01  1.00005e+00
 1.67479e+03  1.00031e+00  1.00003e+00
 1.67481e+03  1.00009e+00  1.00001e+00
 1.67483e+03  1.00037e+00  9.99993e-01
 1.67485e+03  1.00021e+00  9.99978e-01
 1.67487e+03  1.00043e+00  9.99964e-01
 1.67489e+03  9.99887e-01  9.99951e-01
 1.67491e+03  1.00019e+00  9.99939e-01
 1.67493e+03  1.00043e+00  9.99928e-01
 1.67495e+03  9.99803e-01  9.99918e-01
 1.67497e+03  1.00050e+00  9.99909e-01
 1.67502e+03  9.99795e-01  9.99894e-01
 1.67504e+03  9.99706e-01  9.99887e-01
 1.67506e+03  9.99911e-01  9.99882e-01
 1.67508e+03  9.99758e-01  9.99878e-01
 1.67510e+03  1.00021e+00  9.99874e-01
 1.67512e+03  9.99904e-01  9.99872e-01
 1.67514e+03  1.00024e+00  9.99870e-01
 1.67516e+03  9.99711e-01  9.99869e-01
 1.67518e+03  9.99438e-01  9.99869e-01
 1.67520e+03  1.00025e+00  9.99869e-01
 1.67522e+03  1.00015e+00  9.99871e-01
 1.67524e+03  9.99699e-01  9.99872e-01
 1.67527e+03  1.00034e+00  9.99875e-01
 1.67529e+03  1.00008e+00  9.99878e-01
 1.67531e+03  1.00014e+00  9.99882e-01
 1.67533e+03  9.99894e-01  9.99886e-01
 1.67535e+03  9.99587e-01  9.99891e-01
 1.67537e+03  9.99693e-01  9.99896e-01
 1.67539e+03  9.99433e-01  9.99902e-01
 1.67541e+03  9.99710e-01  9.99907e-01
 1.67545e+03  9.99751e-01  9.99919e-01
 1.67556e+03  1.00040e+00  9.99952e-01
 1.67558e+03  9.99605e-01  9.99959e-01
 1.67560e+03  1.00003e+00  9.99967e-01
 1.67562e+03  1.00031e+00  9.99975e-01
 1.67564e+03  1.00036e+00  9.99984e-01
 1.67566e+03  1.00005e+00  9.99994e-01
 1.67568e+03  1.00026e+00  1.00001e+00
 1.67570e+03  1.00046e+00  1.00002e+00
 1.67572e+03  1.00048e+00  1.00004e+00
 1.67574e+03  1.00037e+00  1.00005e+00
 1.67577e+03  1.00048e+00  1.00008e+00
 1.67579e+03  1.00041e+00  1.00010e+00
 1.67583e+03  9.99974e-01  1.00016e+00
 1.67585e+03  1.00037e+00  1.00020e+00
 1.67587e+03  1.00046e+00  1.00024e+00
 1.67589e+03  1.00017e+00  1.00028e+00
 1.67591e+03  1.00015e+00  1.00033e+00
 1.67593e+03  1.00042e+00  1.00037e+00
 1.67595e+03  1.00021e+00  1.00042e+00
 1.67597e+03  1.00043e+00  1.00046e+00
 1.67599e+03  1.00054e+00  1.00050e+00
 1.67602e+03  1.00022e+00  1.00054e+00
 1.67604e+03  1.00046e+00  1.00057e+00
 1.67606e+03  1.00021e+00  1.00060e+00
 1.67608e+03  1.00041e+00  1.00062e+00
 1.67610e+03  1.00010e+00  1.00063e+00
 1.67612e+03  1.00034e+00  1.00064e+00
 1.67614e+03  1.00007e+00  1.00064e+00
 1.67616e+03  1.00032e+00  1.00063e+00
 1.67618e+03  1.00003e+00  1.00062e+00
 1.67620e+03  1.00069e+00  1.00061e+00
 1.67622e+03  1.00033e+00  1.00059e+00
 1.67624e+03  1.00032e+00  1.00057e+00
 1.67627e+03  1.00053e+00  1.00054e+00
 1.67629e+03  1.00001e+00  1.00051e+00
 1.67633e+03  1.00006e+00  1.00045e+00
 1.67635e+03  1.00024e+00  1.00041e+00
 1.67637e+03  1.00019e+00  1.00038e+00
 1.67639e+03  1.00029e+00  1.00035e+00
 1.67641e+03  1.00029e+00  1.00032e+00
 1.67643e+03  1.00031e+00  1.00029e+00
 1.67645e+03  1.00093e+00  1.00026e+00
 1.67647e+03  1.00026e+00  1.00023e+00
 1.67649e+03  1.00079e+00  1.00020e+00
 1.67652e+03  1.00027e+00  1.00017e+00
 1.67654e+03  1.00065e+00  1.00015e+00
 1.67656e+03  1.00057e+00  1.00012e+00
 1.67658e+03  1.00078e+00  1.00010e+00
 1.67660e+03  1.00072e+00  1.00008e+00
 1.67662e+03  1.00040e+00  1.00006e+00
 1.67664e+03  1.00062e+00  1.00004e+00
 1.67666e+03  1.00035e+00  1.00002e+00
 1.67668e+03  1.00050e+00  1.00000e+00
 1.67670e+03  1.00021e+00  9.99985e-01
 1.67672e+03  1.00025e+00  9.99970e-01
 1.67674e+03  1.00007e+00  9.99957e-01
 1.67677e+03  1.00012e+00  9.99944e-01
 1.67679e+03  1.00045e+00  9.99933e-01
 1.67681e+03  9.99574e-01  9.99922e-01
 1.67683e+03  9.99981e-01  9.99913e-01
 1.67685e+03  1.00030e+00  9.99904e-01
 1.67687e+03  1.00016e+00  9.99897e-01
 1.67689e+03  1.00004e+00  9.99890e-01
 1.67691e+03  1.00040e+00  9.99885e-01
 1.67693e+03  1.00048e+00  9.99880e-01
 1.67695e+03  1.00049e+00  9.99876e-01
 1.67697e+03  1.00010e+00  9.99873e-01
 1.67699e+03  1.00045e+00  9.99871e-01
 1.67702e+03  1.00020e+00  9.99869e-01
 1.67704e+03  1.00042e+00  9.99869e-01
 1.67706e+03  1.00034e+00  9.99869e-01
 1.67708e+03  1.00041e+00  9.99870e-01
 1.67710e+03  9.99800e-01  9.99871e-01
 1.67712e+03  9.99731e-01  9.99874e-01
 1.67714e+03  9.99470e-01  9.99877e-01
 1.67716e+03  9.99189e-01  9.99880e-01
 1.67718e+03  9.99585e-01  9.99884e-01
 1.67720e+03  9.99114e-01  9.99889e-01
 1.67722e+03  9.98968e-01  9.99894e-01
 1.67724e+03  9.99141e-01  9.99899e-01
 1.67727e+03  9.98705e-01  9.99904e-01
 1.67729e+03  9.99024e-01  9.99910e-01
 1.67731e+03  9.99003e-01  9.99916e-01
 1.67733e+03  9.98755e-01  9.99923e-01
 1.67735e+03  9.98557e-01  9.99929e-01
 1.67737e+03  9.98882e-01  9.99935e-01
 1.67739e+03  9.98975e-01  9.99942e-01
 1.67741e+03  9.98727e-01  9.99949e-01
 1.67743e+03  9.98620e-01  9.99956e-01
 1.67745e+03  9.98873e-01  9.99963e-01
 1.67747e+03  9.98745e-01  9.99971e-01
 1.67749e+03  9.98077e-01  9.99980e-01
 1.67752e+03  9.98299e-01  9.99989e-01
 1.67754e+03  9.98293e-01  1.00000e+00
 1.67756e+03  9.98538e-01  1.00001e+00
 1.67758e+03  9.98448e-01  1.00003e+00
 1.67760e+03  9.98457e-01  1.00005e+00
 1.67762e+03  9.98454e-01  1.00007e+00
 1.67764e+03  9.98853e-01  1.00009e+00
 1.67766e+03  9.98681e-01  1.00012e+00
 1.67768e+03  9.99234e-01  1.00015e+00
 1.67770e+03  9.99173e-01  1.00018e+00
 1.67772e+03  9.99954e-01  1.00022e+00
 1.67774e+03  1.00046e+00  1.00026e+00
 1.67779e+03  1.00133e+00  1.00035e+00
 1.67781e+03  1.00175e+00  1.00040e+00
 1.67783e+03  1.00203e+00  1.00044e+00
 1.67785e+03  1.00273e+00  1.00048e+00
 1.67787e+03  1.00290e+00  1.00052e+00
 1.67789e+03  1.00318e+00  1.00056e+00
 1.67791e+03  1.00324e+00  1.00058e+00
 1.67793e+03  1.00298e+00  1.00061e+00
 1.67795e+03  1.00259e+00  1.00063e+00
 1.67797e+03  1.00265e+00  1.00064e+00
 1.67799e+03  1.00234e+00  1.00064e+00
 1.67802e+03  1.00226e+00  1.00064e+00
 1.67804e+03  1.00197e+00  1.00063e+00
 1.67806e+03  1.00163e+00  1.00062e+00
 1.67808e+03  1.00179e+00  1.00060e+00
 1.67810e+03  1.00132e+00  1.00058e+00
 1.67812e+03  1.00152e+00  1.00055e+00
 1.67814e+03  1.00105e+00  1.00052e+00
 1.67816e+03  1.00066e+00  1.00049e+00
 1.67818e+03  1.00092e+00  1.00046e+00
 1.67820e+03  1.00069e+00  1.00043e+00
 1.67822e+03  1.00070e+00  1.00040e+00
 1.67824e+03  1.00077e+00  1.00037e+00
 1.67827e+03  1.00083e+00  1.00033e+00
 1.67829e+03  1.00050e+00  1.00030e+00
 1.67831e+03  1.00027e+00  1.00027e+00
 1.67833e+03  1.00011e+00  1.00024e+00
 1.67835e+03  1.00039e+00  1.00021e+00
 1.67837e+03  1.00041e+00  1.00018e+00
 1.67839e+03  1.00009e+00  1.00016e+00
 1.67843e+03  9.99206e-01  1.00011e+00
 1.67845e+03  9.99628e-01  1.00009e+00
 1.67847e+03  9.99561e-01  1.00007e+00
 1.67849e+03  9.99251e-01  1.00005e+00
 1.67852e+03  9.99111e-01  1.00003e+00
 1.67854e+03  9.99263e-01  1.00001e+00
 1.67856e+03  9.99438e-01  9.99992e-01
 1.67858e+03  9.99445e-01  9.99977e-01
 1.67860e+03  9.99567e-01  9.99963e-01
 1.67862e+03  9.99276e-01  9.99950e-01
 1.67864e+03  9.99861e-01  9.99938e-01
 1.67866e+03  1.00017e+00  9.99927e-01
 1.67868e+03  1.00000e+00  9.99917e-01
 1.67870e+03  1.00007e+00  9.99908e-01
 1.67872e+03  1.00063e+00  9.99900e-01
 1.67874e+03  1.00027e+00  9.99893e-01
 1.67877e+03  1.00009e+00  9.99887e-01
 1.67879e+03  1.00036e+00  9.99882e-01
 1.67883e+03  1.00017e+00  9.99874e-01
 1.67885e+03  1.00036e+00  9.99872e-01
 1.67887e+03  1.00017e+00  9.99870e-01
 1.67889e+03  1.00025e+00  9.99869e-01
 1.67891e+03  1.00002e+00  9.99869e-01
 1.67893e+03  1.00005e+00  9.99869e-01
 1.67895e+03  9.99655e-01  9.99871e-01
 1.67897e+03  9.99577e-01  9.99873e-01
 1.67899e+03  9.99643e-01  9.99875e-01
 1.67902e+03  9.99284e-01  9.99878e-01
 1.67904e+03  9.99462e-01  9.99882e-01
 1.67906e+03  9.99769e-01  9.99886e-01
 1.67908e+03  9.99960e-01  9.99891e-01
 1.67910e+03  9.99720e-01  9.99896e-01
 1.67912e+03  9.99590e-01  9.99902e-01
 1.67914e+03  1.00030e+00  9.99908e-01
 1.67916e+03  9.99663e-01  9.99913e-01
 1.67918e+03  1.00009e+00  9.99920e-01
 1.67920e+03  1.00024e+00  9.99926e-01
 1.67922e+03  1.00020e+00  9.99932e-01
 1.67924e+03  1.00034e+00  9.99939e-01
 1.67927e+03  1.00032e+00  9.99946e-01
 1.67929e+03  1.00010e+00  9.99952e-01
 1.67931e+03  1.00045e+00  9.99960e-01
 1.67933e+03  1.00018e+00  9.99967e-01
 1.67935e+03  9.99842e-01  9.99975e-01
 1.67937e+03  1.00066e+00  9.99985e-01
 1.67939e+03  1.00010e+00  9.99995e-01
 1.67941e+03  9.99948e-01  1.00001e+00
 1.67943e+03  1.00014e+00  1.00002e+00
 1.67945e+03  1.00044e+00  1.00004e+00
 1.67947e+03  9.99953e-01  1.00006e+00
 1.67949e+03  9.99926e-01  1.00008e+00
 1.67952e+03  9.99865e-01  1.00010e+00
 1.67954e+03  9.99940e-01  1.00013e+00
 1.67956e+03  9.99550e-01  1.00017e+00
 1.67958e+03  1.00006e+00  1.00020e+00
 1.67960e+03  9.99543e-01  1.00024e+00
 1.67962e+03  1.00010e+00  1.00028e+00
 1.67964e+03  1.00016e+00  1.00033e+00
 1.67966e+03  9.99918e-01  1.00037e+00
 1.67968e+03  9.99683e-01  1.00042e+00
 1.67970e+03  9.99793e-01  1.00046e+00
 1.67972e+03  9.99715e-01  1.00050e+00
 1.67974e+03  9.99888e-01  1.00054e+00
 1.67977e+03  9.99792e-01  1.00057e+00
 1.67979e+03  9.99784e-01  1.00060e+00
 1.67981e+03  1.00005e+00  1.00062e+00
 1.67983e+03  1.00016e+00  1.00063e+00
 1.67985e+03  9.99933e-01  1.00064e+00
 1.67987e+03  9.99488e-01  1.00064e+00
 1.67989e+03  9.99794e-01  1.00063e+00
 1.67991e+03  9.99662e-01  1.00062e+00
 1.67993e+03  9.99804e-01  1.00061e+00
 1.67995e+03  9.99494e-01  1.00059e+00
 1.67997e+03  9.99760e-01  1.00056e+00
 1.67999e+03  9.99409e-01  1.00054e+00
 1.68002e+03  9.99520e-01  1.00051e+00
 1.68004e+03  9.99947e-01  1.00048e+00
 1.68006e+03  1.00045e+00  1.00045e+00
 1.68008e+03  9.99811e-01  1.00041e+00
 1.68010e+03  9.99556e-01  1.00038e+00
 1.68012e+03  9.99903e-01  1.00035e+00
 1.68014e+03  1.00024e+00  1.00032e+00
 1.68016e+03  9.99977e-01  1.00029e+00
 1.68018e+03  9.99549e-01  1.00025e+00
 1.68020e+03  9.99613e-01  1.00023e+00
 1.68022e+03  9.99768e-01  1.00020e+00
 1.68024e+03  9.99493e-01  1.00017e+00
 1.68027e+03  9.99586e-01  1.00014e+00
 1.68029e+03  1.00007e+00  1.00012e+00
 1.68031e+03  9.99867e-01  1.00010e+00
 1.68033e+03  1.00015e+00  1.00008e+00
 1.68035e+03  9.99922e-01  1.00005e+00
 1.68037e+03  9.99880e-01  1.00004e+00
 1.68039e+03  1.00015e+00  1.00002e+00
 1.68041e+03  9.99877e-01  1.00000e+00
 1.68043e+03  9.99783e-01  9.99984e-01
 1.68045e+03  9.99880e-01  9.99970e-01
 1.68047e+03  1.00025e+00  9.99956e-01
 1.68049e+03  9.99483e-01  9.99944e-01
 1.68052e+03  1.00037e+00  9.99932e-01
 1.68054e+03  9.99733e-01  9.99922e-01
 1.68056e+03  1.00029e+00  9.99912e-01
 1.68058e+03  1.00011e+00  9.99904e-01
 1.68060e+03  1.00019e+00  9.99896e-01
 1.68062e+03  9.99896e-01  9.99890e-01
 1.68064e+03  9.99756e-01  9.99884e-01
 1.68066e+03  9.99560e-01  9.99880e-01
 1.68068e+03  1.00040e+00  9.99876e-01
 1.68070e+03  9.99397e-01  9.99873e-01
 1.68072e+03  9.99638e-01  9.99871e-01
 1.68074e+03  9.99772e-01  9.99869e-01
 1.68077e+03  9.99571e-01  9.99869e-01
 1.68079e+03  9.99285e-01  9.99869e-01
 1.68081e+03  9.99694e-01  9.99870e-01
 1.68083e+03  1.00012e+00  9.99872e-01
 1.68085e+03  9.99802e-01  9.99874e-01
 1.68087e+03  9.99956e-01  9.99877e-01
 1.68089e+03  1.00023e+00  9.99880e-01
 1.68091e+03  9.99962e-01  9.99884e-01
 1.68093e+03  1.00010e+00  9.99889e-01
 1.68095e+03  1.00013e+00  9.99894e-01
 1.68097e+03  9.99963e-01  9.99899e-01
 1.68099e+03  1.00015e+00  9.99905e-01
 1.68102e+03  9.99791e-01  9.99911e-01
 1.68104e+03  9.99688e-01  9.99917e-01
 1.68106e+03  1.00012e+00  9.99923e-01
 1.68108e+03  1.00020e+00  9.99929e-01
 1.68110e+03  9.99923e-01  9.99936e-01
 1.68112e+03  9.99612e-01  9.99942e-01
 1.68114e+03  9.99552e-01  9.99949e-01
 1.68116e+03  9.99616e-01  9.99956e-01
 1.68118e+03  1.00015e+00  9.99963e-01
 1.68120e+03  9.99679e-01  9.99971e-01
 1.68122e+03  9.99633e-01  9.99980e-01
 1.68124e+03  9.99445e-01  9.99990e-01
 1.68127e+03  9.99830e-01  1.00000e+00
 1.68129e+03  9.99864e-01  1.00001e+00
 1.68131e+03  9.99796e-01  1.00003e+00
 1.68133e+03  9.99914e-01  1.00005e+00
 1.68135e+03  9.99910e-01  1.00007e+00
 1.68137e+03  1.00014e+00  1.00009e+00
 1.68139e+03  1.00013e+00  1.00012e+00
 1.68141e+03  9.99817e-01  1.00015e+00
 1.68143e+03  1.00040e+00  1.00018e+00
 1.68145e+03  9.99937e-01  1.00022e+00
 1.68147e+03  9.99926e-01  1.00026e+00
 1.68149e+03  9.99713e-01  1.00031e+00
 1.68152e+03  9.99771e-01  1.00035e+00
 1.68154e+03  9.99568e-01  1.00040e+00
 1.68156e+03  9.99490e-01  1.00044e+00
 1.68158e+03  9.99714e-01  1.00048e+00
 1.68160e+03  1.00019e+00  1.00052e+00
 1.68162e+03  9.99711e-01  1.00056e+00
 1.68164e+03  9.99344e-01  1.00059e+00
 1.68166e+03  1.00004e+00  1.00061e+00
 1.68168e+03  9.99827e-01  1.00063e+00
 1.68170e+03  9.99793e-01  1.00064e+00
 1.68172e+03  1.00005e+00  1.00064e+00
 1.68174e+03  9.99801e-01  1.00064e+00
 1.68177e+03  1.00017e+00  1.00063e+00
 1.68179e+03  1.00026e+00  1.00062e+00
 1.68181e+03  9.99643e-01  1.00060e+00
 1.68183e+03  1.00002e+00  1.00058e+00
 1.68185e+03  1.00009e+00  1.00055e+00
 1.68187e+03  1.00013e+00  1.00052e+00
 1.68189e+03  1.00015e+00  1.00049e+00
 1.68191e+03  9.99864e-01  1.00046e+00
 1.68193e+03  1.00032e+00  1.00043e+00
 1.68195e+03  1.00003e+00  1.00040e+00
 1.68197e+03  9.99847e-01  1.00036e+00
 1.68199e+03  1.00029e+00  1.00033e+00
 1.68202e+03  9.99898e-01  1.00030e+00
 1.68204e+03  9.99959e-01  1.00027e+00
 1.68206e+03  9.99698e-01  1.00024e+00
 1.68208e+03  9.99988e-01  1.00021e+00
 1.68210e+03  1.00037e+00  1.00018e+00
 1.68212e+03  9.99703e-01  1.00016e+00
 1.68214e+03  9.99709e-01  1.00013e+00
 1.68216e+03  9.99712e-01  1.00011e+00
 1.68220e+03  1.00015e+00  1.00006e+00
 1.68222e+03  9.99715e-01  1.00004e+00
 1.68224e+03  9.99918e-01  1.00003e+00
 1.68227e+03  1.00012e+00  1.00001e+00
 1.68229e+03  1.00026e+00  9.99992e-01
 1.68231e+03  1.00056e+00  9.99977e-01
 1.68233e+03  1.00024e+00  9.99962e-01
 1.68235e+03  1.00032e+00  9.99949e-01
