1040
 7.33000e-04  9.99705e-01  9.99018e-01
 2.76900e-03  9.99035e-01  9.99018e-01
 7.54700e-03  9.98356e-01  9.99018e-01
 1.07500e-02  9.98300e-01  9.99017e-01
 1.23860e-02  9.99191e-01  9.99017e-01
 1.62830e-02  9.99286e-01  9.99017e-01
 2.07850e-02  9.97887e-01  9.99016e-01
 2.19860e-02  9.99919e-01  9.99016e-01
 2.55810e-02  9.98812e-01  9.99016e-01
 2.99180e-02  9.98662e-01  9.99016e-01
 3.20690e-02  9.98478e-01  9.99016e-01
 3.49620e-02  9.98664e-01  9.99015e-01
 3.98540e-02  9.98084e-01  9.99015e-01
 4.23020e-02  9.99350e-01  9.99015e-01
 4.39260e-02  9.99675e-01  9.99015e-01
 4.95090e-02  9.98505e-01  9.99015e-01
 5.25550e-02  9.99017e-01  9.99015e-01
 5.42930e-02  9.97910e-01  9.99015e-01
 5.98990e-02  9.99879e-01  9.99015e-01
 6.28280e-02  9.99019e-01  9.99015e-01
 6.45290e-02  1.00055e+00  9.99016e-01
 6.93550e-02  9.99878e-01  9.99016e-01
 7.31040e-02  9.99962e-01  9.99016e-01
 7.46540e-02  9.98181e-01  9.99016e-01
 7.81440e-02  9.99368e-01  9.99016e-01
 8.31270e-02  9.98441e-01  9.99017e-01
 8.42840e-02  9.98224e-01  9.99017e-01
 8.76890e-02  1.00018e+00  9.99018e-01
 9.20240e-02  9.99385e-01  9.99018e-01
 9.45390e-02  9.98289e-01  9.99019e-01
 9.74620e-02  9.99540e-01  9.99019e-01
 1.02387e-01  9.99902e-01  9.99020e-01
 1.04920e-01  9.98949e-01  9.99020e-01
 1.06922e-01  1.00003e+00  9.99021e-01
 1.11717e-01  9.99521e-01  9.99022e-01
 1.15022e-01  9.99834e-01  9.99023e-01
 1.17031e-01  9.98854e-01  9.99023e-01
 1.22407e-01  1.00105e+00  9.99025e-01
 1.25533e-01  9.98791e-01  9.99026e-01
 1.27267e-01  1.00057e+00  9.99026e-01
 1.32503e-01  9.99353e-01  9.99028e-01
 1.35806e-01  9.99504e-01  9.99029e-01
 1.37598e-01  9.98914e-01  9.99030e-01
 1.42582e-01  9.98679e-01  9.99032e-01
 1.45982e-01  9.97985e-01  9.99033e-01
 1.47197e-01  9.98870e-01  9.99034e-01
 1.51315e-01  9.99609e-01  9.99036e-01
 1.55743e-01  1.00013e+00  9.99038e-01
 1.57576e-01  9.98884e-01  9.99039e-01
 1.61072e-01  1.00176e+00  9.99040e-01
 1.65996e-01  9.99519e-01  9.99043e-01
 1.67494e-01  9.98030e-01  9.99044e-01
 1.69942e-01  1.00037e+00  9.99045e-01
 1.74609e-01  1.00113e+00  9.99048e-01
 1.77611e-01  1.00019e+00  9.99050e-01
 1.79500e-01  9.99310e-01  9.99051e-01
 1.84240e-01  1.00097e+00  9.99055e-01
 1.87622e-01  9.99379e-01  9.99057e-01
 1.88857e-01  9.98671e-01  9.99058e-01
 1.92985e-01  1.00046e+00  9.99061e-01
 1.97423e-01  1.00125e+00  9.99065e-01
 1.99216e-01  9.99271e-01  9.99066e-01
 2.02744e-01  1.00129e+00  9.99069e-01
 2.07773e-01  1.00046e+00  9.99074e-01
 2.09284e-01  9.97648e-01  9.99075e-01
 2.12699e-01  1.00065e+00  9.99079e-01
 2.17394e-01  1.00120e+00  9.99083e-01
 2.19630e-01  9.99985e-01  9.99086e-01
 2.22462e-01  1.00097e+00  9.99089e-01
 2.27387e-01  1.00185e+00  9.99094e-01
 2.29798e-01  9.98618e-01  9.99097e-01
 2.31419e-01  1.00064e+00  9.99099e-01
 2.36332e-01  1.00121e+00  9.99105e-01
 2.39833e-01  1.00136e+00  9.99110e-01
 2.41561e-01  9.99716e-01  9.99112e-01
 2.46101e-01  1.00171e+00  9.99118e-01
 2.49982e-01  1.00060e+00  9.99124e-01
 2.51156e-01  9.97689e-01  9.99126e-01
 2.54751e-01  1.00182e+00  9.99131e-01
 2.59098e-01  1.00273e+00  9.99138e-01
 2.61270e-01  9.99800e-01  9.99141e-01
 2.64092e-01  1.00185e+00  9.99146e-01
 2.69077e-01  1.00302e+00  9.99155e-01
 2.71448e-01  9.98557e-01  9.99159e-01
 2.73101e-01  9.99613e-01  9.99162e-01
 2.78333e-01  1.00352e+00  9.99172e-01
 2.81654e-01  9.99881e-01  9.99179e-01
 2.83493e-01  1.00137e+00  9.99182e-01
 2.88430e-01  1.00253e+00  9.99193e-01
 2.91732e-01  1.00113e+00  9.99200e-01
 2.92816e-01  9.97661e-01  9.99202e-01
 2.96437e-01  1.00205e+00  9.99210e-01
 3.01162e-01  1.00209e+00  9.99222e-01
 3.03167e-01  9.99435e-01  9.99226e-01
 3.06167e-01  1.00405e+00  9.99234e-01
 3.11064e-01  1.00359e+00  9.99247e-01
 3.13030e-01  9.98503e-01  9.99252e-01
 3.14529e-01  9.99419e-01  9.99256e-01
 3.19355e-01  1.00397e+00  9.99270e-01
 3.23288e-01  1.00010e+00  9.99281e-01
 3.25104e-01  1.00635e+00  9.99287e-01
 3.29431e-01  1.00169e+00  9.99300e-01
 3.33405e-01  1.00133e+00  9.99313e-01
 3.34668e-01  9.97794e-01  9.99317e-01
 3.38497e-01  1.00315e+00  9.99330e-01
 3.43243e-01  1.00254e+00  9.99346e-01
 3.44891e-01  1.00482e+00  9.99352e-01
 3.48214e-01  1.00406e+00  9.99364e-01
 3.53531e-01  1.00306e+00  9.99385e-01
 3.54999e-01  9.96777e-01  9.99390e-01
 3.58380e-01  1.00156e+00  9.99404e-01
 3.63823e-01  1.00278e+00  9.99427e-01
 3.65913e-01  1.00444e+00  9.99436e-01
 3.69059e-01  1.00424e+00  9.99450e-01
 3.74349e-01  1.00356e+00  9.99474e-01
 3.75829e-01  9.97051e-01  9.99481e-01
 3.78818e-01  1.00278e+00  9.99496e-01
 3.83704e-01  1.00478e+00  9.99520e-01
 3.86179e-01  1.00006e+00  9.99533e-01
 3.88371e-01  1.00718e+00  9.99545e-01
 3.93651e-01  1.00368e+00  9.99573e-01
 3.96317e-01  9.97940e-01  9.99588e-01
 3.98099e-01  1.00066e+00  9.99598e-01
 4.03333e-01  1.00375e+00  9.99629e-01
 4.06681e-01  1.00432e+00  9.99650e-01
 4.09004e-01  1.00386e+00  9.99664e-01
 4.14887e-01  1.00396e+00  9.99702e-01
 4.17200e-01  9.97791e-01  9.99718e-01
 4.19242e-01  1.00102e+00  9.99732e-01
 4.24260e-01  1.00474e+00  9.99767e-01
 4.27611e-01  1.00117e+00  9.99791e-01
 4.29384e-01  1.00692e+00  9.99805e-01
 4.35376e-01  1.00627e+00  9.99850e-01
 4.38028e-01  9.97453e-01  9.99871e-01
 4.39761e-01  1.00033e+00  9.99885e-01
 4.44962e-01  1.00555e+00  9.99928e-01
 4.48316e-01  1.00101e+00  9.99956e-01
 4.49898e-01  1.00499e+00  9.99970e-01
 4.54441e-01  1.00433e+00  1.00001e+00
 4.58405e-01  1.00185e+00  1.00005e+00
 4.59668e-01  9.98713e-01  1.00006e+00
 4.63572e-01  1.00434e+00  1.00009e+00
 4.68675e-01  1.00234e+00  1.00014e+00
 4.70093e-01  1.00350e+00  1.00016e+00
 4.73614e-01  1.00493e+00  1.00019e+00
 4.78586e-01  1.00265e+00  1.00025e+00
 4.80231e-01  9.97710e-01  1.00026e+00
 4.83937e-01  1.00425e+00  1.00030e+00
 4.89085e-01  1.00343e+00  1.00036e+00
 4.90721e-01  1.00292e+00  1.00038e+00
 4.94357e-01  1.00523e+00  1.00042e+00
 4.99328e-01  1.00398e+00  1.00048e+00
 5.00829e-01  9.96963e-01  1.00049e+00
 5.03818e-01  1.00310e+00  1.00053e+00
 5.08704e-01  1.00321e+00  1.00059e+00
 5.11179e-01  1.00030e+00  1.00062e+00
 5.13381e-01  1.00615e+00  1.00065e+00
 5.18984e-01  1.00558e+00  1.00071e+00
 5.21258e-01  9.98102e-01  1.00074e+00
 5.22851e-01  9.99578e-01  1.00076e+00
 5.27675e-01  1.00530e+00  1.00082e+00
 5.31501e-01  1.00201e+00  1.00087e+00
 5.33028e-01  1.00434e+00  1.00089e+00
 5.37143e-01  1.00400e+00  1.00094e+00
 5.41575e-01  1.00214e+00  1.00100e+00
 5.42779e-01  9.97992e-01  1.00101e+00
 5.46437e-01  1.00467e+00  1.00106e+00
 5.51244e-01  1.00259e+00  1.00112e+00
 5.53221e-01  1.00234e+00  1.00114e+00
 5.56524e-01  1.00456e+00  1.00118e+00
 5.61430e-01  1.00368e+00  1.00124e+00
 5.63141e-01  9.97344e-01  1.00126e+00
 5.65263e-01  1.00052e+00  1.00128e+00
 5.70747e-01  1.00325e+00  1.00134e+00
 5.73564e-01  1.00028e+00  1.00137e+00
 5.75363e-01  1.00449e+00  1.00138e+00
 5.80777e-01  1.00332e+00  1.00143e+00
 5.83742e-01  9.98189e-01  1.00146e+00
 5.85359e-01  1.00054e+00  1.00147e+00
 5.90833e-01  1.00275e+00  1.00150e+00
 5.94147e-01  1.00123e+00  1.00152e+00
 5.95757e-01  1.00388e+00  1.00153e+00
 6.00281e-01  1.00215e+00  1.00155e+00
 6.04111e-01  1.00041e+00  1.00156e+00
 6.05279e-01  9.98240e-01  1.00156e+00
 6.08937e-01  1.00300e+00  1.00156e+00
 6.13672e-01  1.00205e+00  1.00156e+00
 6.15520e-01  1.00167e+00  1.00155e+00
 6.18282e-01  1.00331e+00  1.00155e+00
 6.23227e-01  1.00322e+00  1.00152e+00
 6.25651e-01  9.98005e-01  1.00151e+00
 6.27763e-01  1.00226e+00  1.00149e+00
 6.32914e-01  1.00181e+00  1.00144e+00
 6.35976e-01  1.00101e+00  1.00141e+00
 6.37832e-01  1.00260e+00  1.00138e+00
 6.42600e-01  1.00287e+00  1.00132e+00
 6.46111e-01  1.00021e+00  1.00126e+00
 6.47604e-01  1.00118e+00  1.00124e+00
 6.52026e-01  1.00076e+00  1.00116e+00
 6.56483e-01  1.00197e+00  1.00107e+00
 6.58028e-01  1.00175e+00  1.00103e+00
 6.62143e-01  1.00183e+00  1.00094e+00
 6.66585e-01  9.99369e-01  1.00083e+00
 6.67779e-01  9.99730e-01  1.00080e+00
 6.71437e-01  1.00287e+00  1.00071e+00
 6.76172e-01  1.00164e+00  1.00058e+00
 6.78020e-01  1.00159e+00  1.00053e+00
 6.81092e-01  1.00011e+00  1.00045e+00
 6.86478e-01  1.00152e+00  1.00030e+00
 6.88253e-01  9.98720e-01  1.00026e+00
 6.90782e-01  1.00324e+00  1.00019e+00
 6.95814e-01  1.00050e+00  1.00005e+00
 6.98564e-01  1.00109e+00  9.99984e-01
 7.00647e-01  1.00019e+00  9.99932e-01
 7.06518e-01  1.00154e+00  9.99796e-01
 7.08869e-01  9.98709e-01  9.99745e-01
 7.10579e-01  1.00145e+00  9.99710e-01
 7.15833e-01  1.00066e+00  9.99612e-01
 7.19150e-01  1.00164e+00  9.99560e-01
 7.20991e-01  1.00031e+00  9.99533e-01
 7.26607e-01  1.00070e+00  9.99468e-01
 7.29474e-01  9.98138e-01  9.99444e-01
 7.30947e-01  1.00268e+00  9.99433e-01
 7.35366e-01  9.99799e-01  9.99413e-01
 7.39831e-01  1.00133e+00  9.99408e-01
 7.41579e-01  9.99410e-01  9.99410e-01
 7.46768e-01  1.00167e+00  9.99431e-01
 7.50316e-01  9.98078e-01  9.99456e-01
 7.51784e-01  1.00256e+00  9.99470e-01
 7.57147e-01  1.00050e+00  9.99531e-01
 7.60816e-01  1.00106e+00  9.99583e-01
 7.62398e-01  1.00063e+00  9.99608e-01
 7.67592e-01  1.00059e+00  9.99700e-01
 7.71034e-01  9.98247e-01  9.99769e-01
 7.72367e-01  1.00243e+00  9.99796e-01
 7.76387e-01  1.00055e+00  9.99884e-01
 7.81175e-01  1.00165e+00  9.99996e-01
 7.82583e-01  1.00139e+00  1.00003e+00
 7.86114e-01  9.99850e-01  1.00012e+00
 7.91445e-01  9.98069e-01  1.00025e+00
 7.92570e-01  1.00242e+00  1.00028e+00
 7.96027e-01  1.00058e+00  1.00037e+00
 8.00778e-01  1.00041e+00  1.00049e+00
 8.02940e-01  1.00135e+00  1.00054e+00
 8.05892e-01  9.99655e-01  1.00062e+00
 8.11129e-01  9.99066e-01  1.00075e+00
 8.13253e-01  1.00159e+00  1.00080e+00
 8.15782e-01  1.00123e+00  1.00086e+00
 8.20855e-01  1.00046e+00  1.00097e+00
 8.23679e-01  1.00216e+00  1.00103e+00
 8.26173e-01  9.99043e-01  1.00108e+00
 8.31577e-01  9.99775e-01  1.00119e+00
 8.33869e-01  1.00045e+00  1.00123e+00
 8.35854e-01  1.00292e+00  1.00126e+00
 8.41234e-01  9.99389e-01  1.00135e+00
 8.44280e-01  1.00143e+00  1.00139e+00
 8.46229e-01  9.98279e-01  1.00142e+00
 8.51607e-01  9.99858e-01  1.00149e+00
 8.54572e-01  1.00095e+00  1.00152e+00
 8.56181e-01  1.00413e+00  1.00154e+00
 8.61334e-01  9.98876e-01  1.00159e+00
 8.65095e-01  1.00167e+00  1.00162e+00
 8.66809e-01  9.99429e-01  1.00163e+00
 8.71760e-01  9.99636e-01  1.00166e+00
 8.75072e-01  9.99377e-01  1.00168e+00
 8.76328e-01  1.00420e+00  1.00168e+00
 8.80187e-01  9.99264e-01  1.00170e+00
 8.84923e-01  1.00143e+00  1.00171e+00
 8.86541e-01  1.00130e+00  1.00171e+00
 8.89854e-01  9.98820e-01  1.00172e+00
 8.95269e-01  9.99475e-01  1.00172e+00
 8.96710e-01  1.00417e+00  1.00172e+00
 9.00207e-01  1.00011e+00  1.00171e+00
 9.05420e-01  1.00052e+00  1.00171e+00
 9.07381e-01  1.00109e+00  1.00170e+00
 9.10747e-01  9.98652e-01  1.00169e+00
 9.16049e-01  9.97952e-01  1.00168e+00
 9.17499e-01  1.00441e+00  1.00167e+00
 9.20478e-01  9.99081e-01  1.00166e+00
 9.25384e-01  9.99856e-01  1.00164e+00
 9.27844e-01  1.00181e+00  1.00163e+00
 9.30056e-01  9.99914e-01  1.00162e+00
 9.35678e-01  9.98524e-01  1.00159e+00
 9.38161e-01  1.00387e+00  1.00158e+00
 9.40273e-01  1.00217e+00  1.00156e+00
 9.45747e-01  9.99407e-01  1.00153e+00
 9.48607e-01  1.00099e+00  1.00152e+00
 9.50881e-01  9.97483e-01  1.00150e+00
 9.56177e-01  9.98735e-01  1.00147e+00
 9.58758e-01  1.00296e+00  1.00145e+00
 9.60341e-01  1.00271e+00  1.00144e+00
 9.65185e-01  9.98288e-01  1.00141e+00
 9.69000e-01  1.00207e+00  1.00138e+00
 9.70519e-01  9.99143e-01  1.00137e+00
 9.74925e-01  1.00063e+00  1.00134e+00
 9.79215e-01  1.00106e+00  1.00132e+00
 9.80498e-01  1.00372e+00  1.00131e+00
 9.84717e-01  9.98440e-01  1.00128e+00
 9.89655e-01  1.00214e+00  1.00125e+00
 9.91134e-01  1.00037e+00  1.00124e+00
 9.95429e-01  9.98216e-01  1.00121e+00
 1.00001e+00  1.00084e+00  1.00118e+00
 1.00133e+00  1.00422e+00  1.00117e+00
 1.00554e+00  9.99282e-01  1.00114e+00
 1.01035e+00  1.00240e+00  1.00111e+00
 1.01175e+00  1.00079e+00  1.00110e+00
 1.01561e+00  9.99344e-01  1.00107e+00
 1.02062e+00  9.98161e-01  1.00104e+00
 1.02171e+00  1.00424e+00  1.00104e+00
 1.02521e+00  9.98844e-01  1.00101e+00
 1.02993e+00  9.99955e-01  1.00098e+00
 1.03210e+00  1.00166e+00  1.00097e+00
 1.03507e+00  9.97656e-01  1.00095e+00
 1.04030e+00  9.97999e-01  1.00092e+00
 1.04246e+00  1.00421e+00  1.00091e+00
 1.04548e+00  9.99827e-01  1.00089e+00
 1.05075e+00  9.99700e-01  1.00086e+00
 1.05294e+00  1.00213e+00  1.00085e+00
 1.05558e+00  9.97395e-01  1.00083e+00
 1.06073e+00  9.98304e-01  1.00081e+00
 1.06305e+00  1.00479e+00  1.00079e+00
 1.06556e+00  9.99412e-01  1.00078e+00
 1.07079e+00  9.99104e-01  1.00075e+00
 1.07356e+00  1.00145e+00  1.00074e+00
 1.07536e+00  9.99460e-01  1.00073e+00
 1.08108e+00  9.99173e-01  1.00070e+00
 1.08374e+00  1.00381e+00  1.00069e+00
 1.08534e+00  1.00032e+00  1.00068e+00
 1.09018e+00  9.98595e-01  1.00066e+00
 1.09400e+00  1.00130e+00  1.00064e+00
 1.09551e+00  1.00034e+00  1.00063e+00
 1.10028e+00  1.00003e+00  1.00061e+00
 1.10421e+00  1.00126e+00  1.00059e+00
 1.10571e+00  1.00188e+00  1.00059e+00
 1.10972e+00  9.98236e-01  1.00057e+00
 1.11452e+00  1.00249e+00  1.00055e+00
 1.11574e+00  1.01940e+00  1.00054e+00
 1.11902e+00  9.98764e-01  1.00053e+00
 1.12403e+00  1.00282e+00  1.00051e+00
 1.12602e+00  1.00258e+00  1.00050e+00
 1.12980e+00  9.98477e-01  1.00049e+00
 1.13492e+00  9.99251e-01  1.00047e+00
 1.13637e+00  1.01614e+00  1.00046e+00
 1.13947e+00  9.99170e-01  1.00045e+00
 1.14484e+00  9.99059e-01  1.00043e+00
 1.14659e+00  1.00253e+00  1.00042e+00
 1.14998e+00  9.98428e-01  1.00041e+00
 1.15542e+00  9.99771e-01  1.00039e+00
 1.15720e+00  1.01352e+00  1.00039e+00
 1.16029e+00  9.99131e-01  1.00038e+00
 1.16530e+00  9.99764e-01  1.00036e+00
 1.16743e+00  1.00277e+00  1.00035e+00
 1.17048e+00  9.98779e-01  1.00034e+00
 1.17576e+00  1.00030e+00  1.00033e+00
 1.17800e+00  1.01114e+00  1.00032e+00
 1.18090e+00  9.99037e-01  1.00031e+00
 1.18648e+00  9.98699e-01  1.00029e+00
 1.18827e+00  1.00166e+00  1.00029e+00
 1.19167e+00  9.98237e-01  1.00028e+00
 1.19700e+00  1.00029e+00  1.00026e+00
 1.19883e+00  1.00822e+00  1.00026e+00
 1.20171e+00  9.98460e-01  1.00025e+00
 1.20696e+00  9.98082e-01  1.00024e+00
 1.20899e+00  1.00233e+00  1.00023e+00
 1.21162e+00  9.99720e-01  1.00023e+00
 1.21665e+00  9.98263e-01  1.00021e+00
 1.21944e+00  1.00639e+00  1.00021e+00
 1.22149e+00  9.99096e-01  1.00020e+00
 1.22665e+00  9.99185e-01  1.00019e+00
 1.22958e+00  1.00273e+00  1.00018e+00
 1.23140e+00  9.97770e-01  1.00018e+00
 1.23602e+00  9.98994e-01  1.00017e+00
 1.23983e+00  1.01286e+00  1.00016e+00
 1.24114e+00  9.98475e-01  1.00015e+00
 1.24513e+00  9.98861e-01  1.00014e+00
 1.24978e+00  9.99712e-01  1.00013e+00
 1.25109e+00  9.99711e-01  1.00013e+00
 1.25443e+00  9.98167e-01  1.00012e+00
 1.25906e+00  9.97560e-01  1.00011e+00
 1.26112e+00  1.01117e+00  1.00011e+00
 1.26264e+00  9.99843e-01  1.00011e+00
 1.26718e+00  1.00817e+00  1.00010e+00
 1.27099e+00  1.00090e+00  1.00009e+00
 1.27253e+00  1.00238e+00  1.00009e+00
 1.27601e+00  9.98319e-01  1.00008e+00
 1.28092e+00  9.99628e-01  1.00007e+00
 1.28209e+00  1.00861e+00  1.00007e+00
 1.28417e+00  9.97434e-01  1.00006e+00
 1.28876e+00  9.99741e-01  1.00006e+00
 1.29195e+00  1.00078e+00  1.00005e+00
 1.29362e+00  9.96272e-01  1.00005e+00
 1.29846e+00  9.98142e-01  1.00004e+00
 1.30221e+00  9.99869e-01  1.00003e+00
 1.30344e+00  1.00127e+00  1.00003e+00
 1.30684e+00  9.99097e-01  1.00002e+00
 1.31111e+00  9.98914e-01  1.00002e+00
 1.31319e+00  1.00043e+00  1.00001e+00
 1.31513e+00  1.00093e+00  1.00001e+00
 1.32029e+00  9.99218e-01  1.00000e+00
 1.32343e+00  1.00056e+00  9.99997e-01
 1.32491e+00  9.98968e-01  9.99994e-01
 1.32976e+00  9.99274e-01  9.99987e-01
 1.33349e+00  9.99763e-01  9.99981e-01
 1.33503e+00  9.99052e-01  9.99979e-01
 1.33915e+00  9.97436e-01  9.99972e-01
 1.34378e+00  9.99944e-01  9.99965e-01
 1.34507e+00  1.00023e+00  9.99963e-01
 1.34920e+00  9.98691e-01  9.99957e-01
 1.35360e+00  9.99919e-01  9.99951e-01
 1.35524e+00  9.98018e-01  9.99949e-01
 1.35818e+00  9.95909e-01  9.99944e-01
 1.36325e+00  9.98330e-01  9.99937e-01
 1.36543e+00  1.00119e+00  9.99934e-01
 1.36836e+00  9.97574e-01  9.99930e-01
 1.37363e+00  9.98127e-01  9.99923e-01
 1.37578e+00  9.98841e-01  9.99920e-01
 1.37876e+00  9.98075e-01  9.99916e-01
 1.38395e+00  9.96965e-01  9.99910e-01
 1.38606e+00  1.00087e+00  9.99907e-01
 1.38814e+00  9.98779e-01  9.99904e-01
 1.39292e+00  9.96891e-01  9.99898e-01
 1.39613e+00  9.99711e-01  9.99894e-01
 1.39775e+00  9.97994e-01  9.99892e-01
 1.40165e+00  9.97276e-01  9.99888e-01
 1.40606e+00  1.00107e+00  9.99882e-01
 1.40715e+00  1.00102e+00  9.99881e-01
 1.41063e+00  9.98369e-01  9.99877e-01
 1.41569e+00  9.98519e-01  9.99871e-01
 1.41752e+00  9.98035e-01  9.99869e-01
 1.42030e+00  9.97364e-01  9.99866e-01
 1.42525e+00  9.99337e-01  9.99860e-01
 1.42755e+00  1.00201e+00  9.99857e-01
 1.42909e+00  9.99099e-01  9.99856e-01
 1.43384e+00  9.98008e-01  9.99850e-01
 1.43769e+00  9.98679e-01  9.99846e-01
 1.43966e+00  9.97604e-01  9.99844e-01
 1.44397e+00  9.98800e-01  9.99839e-01
 1.44788e+00  1.00056e+00  9.99835e-01
 1.44904e+00  1.00037e+00  9.99834e-01
 1.45264e+00  9.97896e-01  9.99830e-01
 1.45737e+00  9.98087e-01  9.99826e-01
 1.45917e+00  9.97921e-01  9.99824e-01
 1.46197e+00  9.97447e-01  9.99821e-01
 1.46688e+00  9.98199e-01  9.99816e-01
 1.46922e+00  1.00131e+00  9.99814e-01
 1.47073e+00  9.99835e-01  9.99812e-01
 1.47523e+00  9.98123e-01  9.99808e-01
 1.47916e+00  9.99696e-01  9.99804e-01
 1.48067e+00  9.97888e-01  9.99802e-01
 1.48397e+00  9.97577e-01  9.99799e-01
 1.48890e+00  9.98001e-01  9.99795e-01
 1.49044e+00  1.00154e+00  9.99793e-01
 1.49336e+00  9.99749e-01  9.99790e-01
 1.49820e+00  9.98201e-01  9.99786e-01
 1.50069e+00  9.98178e-01  9.99784e-01
 1.50300e+00  9.96489e-01  9.99782e-01
 1.50817e+00  9.98075e-01  9.99777e-01
 1.51085e+00  1.00006e+00  9.99775e-01
 1.51241e+00  9.98752e-01  9.99773e-01
 1.51784e+00  9.99025e-01  9.99768e-01
 1.52114e+00  9.98734e-01  9.99766e-01
 1.52282e+00  9.98130e-01  9.99764e-01
 1.52794e+00  9.99203e-01  9.99760e-01
 1.53133e+00  9.99001e-01  9.99757e-01
 1.53256e+00  1.00053e+00  9.99756e-01
 1.53639e+00  9.98304e-01  9.99753e-01
 1.54151e+00  9.98849e-01  9.99748e-01
 1.54294e+00  9.97458e-01  9.99747e-01
 1.54642e+00  9.98638e-01  9.99744e-01
 1.55139e+00  9.98579e-01  9.99740e-01
 1.55293e+00  1.00079e+00  9.99739e-01
 1.55590e+00  9.97941e-01  9.99737e-01
 1.56073e+00  9.98878e-01  9.99733e-01
 1.56319e+00  9.98033e-01  9.99731e-01
 1.56514e+00  9.97208e-01  9.99729e-01
 1.57028e+00  9.98883e-01  9.99725e-01
 1.57325e+00  9.99588e-01  9.99723e-01
 1.57491e+00  1.00010e+00  9.99722e-01
 1.58003e+00  9.97618e-01  9.99718e-01
 1.58364e+00  9.98243e-01  9.99715e-01
 1.58525e+00  9.97702e-01  9.99714e-01
 1.58979e+00  9.98835e-01  9.99711e-01
 1.59391e+00  9.98892e-01  9.99708e-01
 1.59549e+00  1.00041e+00  9.99706e-01
 1.59960e+00  9.97945e-01  9.99703e-01
 1.60402e+00  9.99601e-01  9.99700e-01
 1.60566e+00  9.97726e-01  9.99699e-01
 1.60936e+00  9.98125e-01  9.99696e-01
 1.61463e+00  9.98632e-01  9.99693e-01
 1.61613e+00  9.99653e-01  9.99692e-01
 1.62006e+00  9.98251e-01  9.99689e-01
 1.62486e+00  9.99274e-01  9.99685e-01
 1.62629e+00  9.97583e-01  9.99684e-01
 1.62982e+00  9.99482e-01  9.99682e-01
 1.63471e+00  9.98050e-01  9.99679e-01
 1.63628e+00  9.99993e-01  9.99678e-01
 1.63918e+00  9.99965e-01  9.99676e-01
 1.64370e+00  9.99966e-01  9.99673e-01
 1.64638e+00  9.98472e-01  9.99671e-01
 1.64820e+00  9.98345e-01  9.99670e-01
 1.65295e+00  9.99182e-01  9.99666e-01
 1.65655e+00  9.98646e-01  9.99664e-01
 1.65823e+00  9.99450e-01  9.99663e-01
 1.66273e+00  9.97378e-01  9.99660e-01
 1.66666e+00  9.99916e-01  9.99658e-01
 1.66816e+00  9.97517e-01  9.99657e-01
 1.67147e+00  9.99857e-01  9.99654e-01
 1.67686e+00  9.97521e-01  9.99651e-01
 1.67839e+00  1.00050e+00  9.99650e-01
 1.68217e+00  9.98079e-01  9.99648e-01
 1.68694e+00  9.98973e-01  9.99645e-01
 1.68857e+00  9.98422e-01  9.99644e-01
 1.69226e+00  9.99716e-01  9.99641e-01
 1.69742e+00  1.00016e+00  9.99638e-01
 1.69884e+00  9.99558e-01  9.99637e-01
 1.70223e+00  9.98956e-01  9.99635e-01
 1.70659e+00  9.97883e-01  9.99633e-01
 1.70900e+00  9.97676e-01  9.99631e-01
 1.71121e+00  9.97766e-01  9.99630e-01
 1.71650e+00  9.98076e-01  9.99627e-01
 1.46700e-03  9.99705e-01  9.99018e-01
 5.53700e-03  9.99035e-01  9.99018e-01
 1.50940e-02  9.98356e-01  9.99017e-01
 2.14990e-02  9.98300e-01  9.99016e-01
 2.47720e-02  9.99191e-01  9.99016e-01
 3.25650e-02  9.99286e-01  9.99016e-01
 4.15700e-02  9.97887e-01  9.99015e-01
 4.39720e-02  9.99919e-01  9.99015e-01
 5.11620e-02  9.98812e-01  9.99015e-01
 5.98350e-02  9.98662e-01  9.99015e-01
 6.41390e-02  9.98478e-01  9.99015e-01
 6.99250e-02  9.98664e-01  9.99016e-01
 7.97070e-02  9.98084e-01  9.99017e-01
 8.46050e-02  9.99350e-01  9.99017e-01
 8.78530e-02  9.99675e-01  9.99018e-01
 9.90180e-02  9.98505e-01  9.99019e-01
 1.05110e-01  9.99017e-01  9.99020e-01
 1.08586e-01  9.97910e-01  9.99021e-01
 1.19798e-01  9.99879e-01  9.99024e-01
 1.25656e-01  9.99019e-01  9.99026e-01
 1.29059e-01  1.00055e+00  9.99027e-01
 1.38709e-01  9.99878e-01  9.99030e-01
 1.46209e-01  9.99962e-01  9.99033e-01
 1.49309e-01  9.98181e-01  9.99035e-01
 1.56288e-01  9.99368e-01  9.99038e-01
 1.66255e-01  9.98441e-01  9.99043e-01
 1.68569e-01  9.98224e-01  9.99044e-01
 1.75378e-01  1.00018e+00  9.99049e-01
 1.84048e-01  9.99385e-01  9.99054e-01
 1.89079e-01  9.98289e-01  9.99058e-01
 1.94925e-01  9.99540e-01  9.99063e-01
 2.04774e-01  9.99902e-01  9.99071e-01
 2.09840e-01  9.98949e-01  9.99076e-01
 2.13844e-01  1.00003e+00  9.99080e-01
 2.23434e-01  9.99521e-01  9.99090e-01
 2.30045e-01  9.99834e-01  9.99097e-01
 2.34062e-01  9.98854e-01  9.99102e-01
 2.44813e-01  1.00105e+00  9.99117e-01
 2.51066e-01  9.98791e-01  9.99125e-01
 2.54535e-01  1.00057e+00  9.99131e-01
 2.65007e-01  9.99353e-01  9.99148e-01
 2.71611e-01  9.99504e-01  9.99159e-01
 2.75196e-01  9.98914e-01  9.99166e-01
 2.85165e-01  9.98679e-01  9.99186e-01
 2.91963e-01  9.97985e-01  9.99200e-01
 2.94394e-01  9.98870e-01  9.99206e-01
 3.02629e-01  9.99609e-01  9.99225e-01
 3.11487e-01  1.00013e+00  9.99248e-01
 3.15152e-01  9.98884e-01  9.99258e-01
 3.22145e-01  1.00176e+00  9.99278e-01
 3.31993e-01  9.99519e-01  9.99308e-01
 3.34987e-01  9.98030e-01  9.99318e-01
 3.39884e-01  1.00037e+00  9.99334e-01
 3.49218e-01  1.00113e+00  9.99368e-01
 3.55222e-01  1.00019e+00  9.99391e-01
 3.58999e-01  9.99310e-01  9.99407e-01
 3.68480e-01  1.00097e+00  9.99447e-01
 3.75243e-01  9.99379e-01  9.99479e-01
 3.77714e-01  9.98671e-01  9.99490e-01
 3.85969e-01  1.00046e+00  9.99532e-01
 3.94847e-01  1.00125e+00  9.99580e-01
 3.98432e-01  9.99271e-01  9.99600e-01
 4.05487e-01  1.00129e+00  9.99642e-01
 4.15545e-01  1.00046e+00  9.99707e-01
 4.18569e-01  9.97648e-01  9.99727e-01
 4.25398e-01  1.00065e+00  9.99775e-01
 4.34789e-01  1.00120e+00  9.99846e-01
 4.39259e-01  9.99985e-01  9.99881e-01
 4.44925e-01  1.00097e+00  9.99928e-01
 4.54774e-01  1.00185e+00  1.00001e+00
 4.59596e-01  9.98618e-01  1.00006e+00
 4.62837e-01  1.00064e+00  1.00009e+00
 4.72665e-01  1.00121e+00  1.00018e+00
 4.79667e-01  1.00136e+00  1.00026e+00
 4.83123e-01  9.99716e-01  1.00029e+00
 4.92203e-01  1.00171e+00  1.00039e+00
 4.99964e-01  1.00060e+00  1.00048e+00
 5.02312e-01  9.97689e-01  1.00051e+00
 5.09502e-01  1.00182e+00  1.00060e+00
 5.18195e-01  1.00273e+00  1.00070e+00
 5.22539e-01  9.99800e-01  1.00076e+00
 5.28185e-01  1.00185e+00  1.00083e+00
 5.38154e-01  1.00302e+00  1.00096e+00
 5.42896e-01  9.98557e-01  1.00102e+00
 5.46201e-01  9.99613e-01  1.00106e+00
 5.56667e-01  1.00352e+00  1.00118e+00
 5.63309e-01  9.99881e-01  1.00126e+00
 5.66986e-01  1.00137e+00  1.00130e+00
 5.76860e-01  1.00253e+00  1.00140e+00
 5.83465e-01  1.00113e+00  1.00145e+00
 5.85632e-01  9.97661e-01  1.00147e+00
 5.92874e-01  1.00205e+00  1.00152e+00
 6.02323e-01  1.00209e+00  1.00155e+00
 6.06333e-01  9.99435e-01  1.00156e+00
 6.12334e-01  1.00405e+00  1.00156e+00
 6.22127e-01  1.00359e+00  1.00153e+00
 6.26060e-01  9.98503e-01  1.00150e+00
 6.29059e-01  9.99419e-01  1.00148e+00
 6.38709e-01  1.00397e+00  1.00137e+00
 6.46576e-01  1.00010e+00  1.00125e+00
 6.50208e-01  1.00635e+00  1.00119e+00
 6.58863e-01  1.00169e+00  1.00101e+00
 6.66809e-01  1.00133e+00  1.00083e+00
 6.69336e-01  9.97794e-01  1.00076e+00
 6.76994e-01  1.00315e+00  1.00056e+00
 6.86487e-01  1.00254e+00  1.00030e+00
 6.89783e-01  1.00482e+00  1.00021e+00
 6.96427e-01  1.00406e+00  1.00004e+00
 7.07063e-01  1.00306e+00  9.99784e-01
 7.09999e-01  9.96777e-01  9.99722e-01
 7.16760e-01  1.00156e+00  9.99597e-01
 7.27646e-01  1.00278e+00  9.99458e-01
 7.31826e-01  1.00444e+00  9.99428e-01
 7.38118e-01  1.00424e+00  9.99408e-01
 7.48699e-01  1.00356e+00  9.99444e-01
 7.51659e-01  9.97051e-01  9.99468e-01
 7.57635e-01  1.00278e+00  9.99537e-01
 7.67408e-01  1.00478e+00  9.99697e-01
 7.72359e-01  1.00006e+00  9.99796e-01
 7.76742e-01  1.00718e+00  9.99892e-01
 7.87302e-01  1.00368e+00  1.00015e+00
 7.92634e-01  9.97940e-01  1.00028e+00
 7.96197e-01  1.00066e+00  1.00037e+00
 8.06667e-01  1.00375e+00  1.00064e+00
 8.13362e-01  1.00432e+00  1.00080e+00
 8.18008e-01  1.00386e+00  1.00091e+00
 8.29774e-01  1.00396e+00  1.00115e+00
 8.34400e-01  9.97791e-01  1.00124e+00
 8.38484e-01  1.00102e+00  1.00131e+00
 8.48521e-01  1.00474e+00  1.00145e+00
 8.55222e-01  1.00117e+00  1.00153e+00
 8.58768e-01  1.00692e+00  1.00156e+00
 8.70752e-01  1.00627e+00  1.00165e+00
 8.76055e-01  9.97453e-01  1.00168e+00
 8.79521e-01  1.00033e+00  1.00169e+00
 8.89924e-01  1.00555e+00  1.00172e+00
 8.96631e-01  1.00101e+00  1.00172e+00
 8.99796e-01  1.00499e+00  1.00171e+00
 9.08883e-01  1.00433e+00  1.00170e+00
 9.16809e-01  1.00185e+00  1.00167e+00
 9.19336e-01  9.98713e-01  1.00167e+00
 9.27143e-01  1.00434e+00  1.00163e+00
 9.37350e-01  1.00234e+00  1.00158e+00
 9.40186e-01  1.00350e+00  1.00156e+00
 9.47227e-01  1.00493e+00  1.00152e+00
 9.57173e-01  1.00265e+00  1.00146e+00
 9.60461e-01  9.97710e-01  1.00144e+00
 9.67874e-01  1.00425e+00  1.00139e+00
 9.78171e-01  1.00343e+00  1.00132e+00
 9.81443e-01  1.00292e+00  1.00130e+00
 9.88714e-01  1.00523e+00  1.00125e+00
 9.98656e-01  1.00398e+00  1.00119e+00
 1.00166e+00  9.96963e-01  1.00117e+00
 1.00764e+00  1.00310e+00  1.00113e+00
 1.01741e+00  1.00321e+00  1.00106e+00
 1.02236e+00  1.00030e+00  1.00103e+00
 1.02676e+00  1.00615e+00  1.00100e+00
 1.03797e+00  1.00558e+00  1.00094e+00
 1.04252e+00  9.98102e-01  1.00091e+00
 1.04570e+00  9.99578e-01  1.00089e+00
 1.05535e+00  1.00530e+00  1.00084e+00
 1.06300e+00  1.00201e+00  1.00079e+00
 1.06606e+00  1.00434e+00  1.00078e+00
 1.07428e+00  1.00400e+00  1.00074e+00
 1.08315e+00  1.00214e+00  1.00069e+00
 1.08556e+00  9.97992e-01  1.00068e+00
 1.09287e+00  1.00467e+00  1.00064e+00
 1.10249e+00  1.00259e+00  1.00060e+00
 1.10644e+00  1.00234e+00  1.00058e+00
 1.11305e+00  1.00456e+00  1.00055e+00
 1.12286e+00  1.00368e+00  1.00051e+00
 1.12628e+00  9.97344e-01  1.00050e+00
 1.13053e+00  1.00052e+00  1.00048e+00
 1.14149e+00  1.00325e+00  1.00044e+00
 1.14713e+00  1.00028e+00  1.00042e+00
 1.15073e+00  1.00449e+00  1.00041e+00
 1.16155e+00  1.00332e+00  1.00037e+00
 1.16749e+00  9.98189e-01  1.00035e+00
 1.17072e+00  1.00054e+00  1.00034e+00
 1.18167e+00  1.00275e+00  1.00031e+00
 1.18829e+00  1.00123e+00  1.00029e+00
 1.19151e+00  1.00388e+00  1.00028e+00
 1.20056e+00  1.00215e+00  1.00026e+00
 1.20822e+00  1.00041e+00  1.00023e+00
 1.21056e+00  9.98240e-01  1.00023e+00
 1.21787e+00  1.00300e+00  1.00021e+00
 1.22734e+00  1.00205e+00  1.00019e+00
 1.23104e+00  1.00167e+00  1.00018e+00
 1.23656e+00  1.00331e+00  1.00016e+00
 1.24645e+00  1.00322e+00  1.00014e+00
 1.25130e+00  9.98005e-01  1.00013e+00
 1.25553e+00  1.00226e+00  1.00012e+00
 1.26583e+00  1.00181e+00  1.00010e+00
 1.27195e+00  1.00101e+00  1.00009e+00
 1.27566e+00  1.00260e+00  1.00008e+00
 1.28520e+00  1.00287e+00  1.00006e+00
 1.29222e+00  1.00021e+00  1.00005e+00
 1.29521e+00  1.00118e+00  1.00004e+00
 1.30405e+00  1.00076e+00  1.00003e+00
 1.31297e+00  1.00197e+00  1.00001e+00
 1.31606e+00  1.00175e+00  1.00001e+00
 1.32428e+00  1.00183e+00  9.99995e-01
 1.33317e+00  9.99369e-01  9.99981e-01
 1.33556e+00  9.99730e-01  9.99978e-01
 1.34287e+00  1.00287e+00  9.99967e-01
 1.35234e+00  1.00164e+00  9.99953e-01
 1.35604e+00  1.00159e+00  9.99947e-01
 1.36218e+00  1.00011e+00  9.99939e-01
 1.37295e+00  1.00152e+00  9.99924e-01
 1.37651e+00  9.98720e-01  9.99919e-01
 1.38156e+00  1.00324e+00  9.99913e-01
 1.39163e+00  1.00050e+00  9.99900e-01
 1.39713e+00  1.00109e+00  9.99893e-01
 1.40129e+00  1.00019e+00  9.99888e-01
 1.41304e+00  1.00154e+00  9.99874e-01
 1.41774e+00  9.98709e-01  9.99869e-01
 1.42116e+00  1.00145e+00  9.99865e-01
 1.43167e+00  1.00066e+00  9.99853e-01
 1.43830e+00  1.00164e+00  9.99846e-01
 1.44198e+00  1.00031e+00  9.99842e-01
 1.45321e+00  1.00070e+00  9.99830e-01
 1.45895e+00  9.98138e-01  9.99824e-01
 1.46189e+00  1.00268e+00  9.99821e-01
 1.47073e+00  9.99799e-01  9.99812e-01
 1.47966e+00  1.00133e+00  9.99803e-01
 1.48316e+00  9.99410e-01  9.99800e-01
 1.49354e+00  1.00167e+00  9.99790e-01
 1.50063e+00  9.98078e-01  9.99784e-01
 1.50357e+00  1.00256e+00  9.99781e-01
 1.51429e+00  1.00050e+00  9.99772e-01
 1.52163e+00  1.00106e+00  9.99765e-01
 1.52480e+00  1.00063e+00  9.99762e-01
 1.53519e+00  1.00059e+00  9.99754e-01
 1.54207e+00  9.98247e-01  9.99748e-01
 1.54473e+00  1.00243e+00  9.99746e-01
 1.55277e+00  1.00055e+00  9.99739e-01
 1.56235e+00  1.00165e+00  9.99732e-01
 1.56517e+00  1.00139e+00  9.99729e-01
 1.57223e+00  9.99850e-01  9.99724e-01
 1.58289e+00  9.98069e-01  9.99716e-01
 1.58514e+00  1.00242e+00  9.99714e-01
 1.59205e+00  1.00058e+00  9.99709e-01
 1.60156e+00  1.00041e+00  9.99702e-01
 1.60588e+00  1.00135e+00  9.99699e-01
 1.61178e+00  9.99655e-01  9.99695e-01
 1.62226e+00  9.99066e-01  9.99687e-01
 1.62651e+00  1.00159e+00  9.99684e-01
 1.63156e+00  1.00123e+00  9.99681e-01
 1.64171e+00  1.00046e+00  9.99674e-01
 1.64736e+00  1.00216e+00  9.99670e-01
 1.65235e+00  9.99043e-01  9.99667e-01
 1.66315e+00  9.99775e-01  9.99660e-01
 1.66774e+00  1.00045e+00  9.99657e-01
 1.67171e+00  1.00292e+00  9.99654e-01
 1.68247e+00  9.99389e-01  9.99647e-01
 1.68856e+00  1.00143e+00  9.99644e-01
 1.69246e+00  9.98279e-01  9.99641e-01
 1.70321e+00  9.99858e-01  9.99635e-01
 1.70914e+00  1.00095e+00  9.99631e-01
 1.71236e+00  1.00413e+00  9.99629e-01
 1.72267e+00  9.98876e-01  9.99623e-01
 1.73019e+00  1.00167e+00  9.99619e-01
 1.73362e+00  9.99429e-01  9.99617e-01
 1.74352e+00  9.99636e-01  9.99611e-01
 1.75015e+00  9.99377e-01  9.99607e-01
 1.75266e+00  1.00420e+00  9.99606e-01
 1.76037e+00  9.99264e-01  9.99601e-01
 1.76985e+00  1.00143e+00  9.99596e-01
 1.77308e+00  1.00130e+00  9.99594e-01
 1.77971e+00  9.98820e-01  9.99591e-01
 1.79054e+00  9.99475e-01  9.99585e-01
 1.79342e+00  1.00417e+00  9.99583e-01
 1.80041e+00  1.00011e+00  9.99579e-01
 1.81084e+00  1.00052e+00  9.99574e-01
 1.81476e+00  1.00109e+00  9.99572e-01
 1.82149e+00  9.98652e-01  9.99568e-01
 1.83210e+00  9.97952e-01  9.99563e-01
 1.83500e+00  1.00441e+00  9.99561e-01
 1.84095e+00  9.99081e-01  9.99558e-01
 1.85077e+00  9.99856e-01  9.99553e-01
 1.85569e+00  1.00181e+00  9.99551e-01
 1.86011e+00  9.99914e-01  9.99549e-01
 1.87136e+00  9.98524e-01  9.99543e-01
 1.87632e+00  1.00387e+00  9.99541e-01
 1.88055e+00  1.00217e+00  9.99538e-01
 1.89149e+00  9.99407e-01  9.99533e-01
 1.89721e+00  1.00099e+00  9.99530e-01
 1.90176e+00  9.97483e-01  9.99528e-01
 1.91235e+00  9.98735e-01  9.99523e-01
 1.91752e+00  1.00296e+00  9.99521e-01
 1.92068e+00  1.00271e+00  9.99519e-01
 1.93037e+00  9.98288e-01  9.99515e-01
 1.93800e+00  1.00207e+00  9.99511e-01
 1.94104e+00  9.99143e-01  9.99510e-01
 1.94985e+00  1.00063e+00  9.99505e-01
 1.95843e+00  1.00106e+00  9.99501e-01
 1.96100e+00  1.00372e+00  9.99500e-01
 1.96943e+00  9.98440e-01  9.99496e-01
 1.97931e+00  1.00214e+00  9.99492e-01
 1.98227e+00  1.00037e+00  9.99491e-01
 1.99086e+00  9.98216e-01  9.99487e-01
 2.00001e+00  1.00084e+00  9.99483e-01
 2.00266e+00  1.00422e+00  9.99481e-01
 2.01107e+00  9.99282e-01  9.99478e-01
 2.02071e+00  1.00240e+00  9.99473e-01
 2.02351e+00  1.00079e+00  9.99472e-01
 2.03121e+00  9.99344e-01  9.99469e-01
 2.04125e+00  9.98161e-01  9.99464e-01
 2.04342e+00  1.00424e+00  9.99463e-01
 2.05041e+00  9.98844e-01  9.99460e-01
 2.05986e+00  9.99955e-01  9.99456e-01
 2.06420e+00  1.00166e+00  9.99454e-01
 2.07014e+00  9.97656e-01  9.99452e-01
 2.08060e+00  9.97999e-01  9.99447e-01
 2.08491e+00  1.00421e+00  9.99446e-01
 2.09096e+00  9.99827e-01  9.99443e-01
 2.10151e+00  9.99700e-01  9.99439e-01
 2.10588e+00  1.00213e+00  9.99437e-01
 2.11116e+00  9.97395e-01  9.99434e-01
 2.12145e+00  9.98304e-01  9.99430e-01
 2.12609e+00  1.00479e+00  9.99428e-01
 2.13113e+00  9.99412e-01  9.99426e-01
 2.14159e+00  9.99104e-01  9.99422e-01
 2.14713e+00  1.00145e+00  9.99419e-01
 2.15073e+00  9.99460e-01  9.99418e-01
 2.16217e+00  9.99173e-01  9.99413e-01
 2.16749e+00  1.00381e+00  9.99411e-01
 2.17068e+00  1.00032e+00  9.99410e-01
 2.18037e+00  9.98595e-01  9.99406e-01
 2.18800e+00  1.00130e+00  9.99403e-01
 2.19102e+00  1.00034e+00  9.99401e-01
 2.20055e+00  1.00003e+00  9.99398e-01
 2.20843e+00  1.00126e+00  9.99394e-01
 2.21142e+00  1.00188e+00  9.99393e-01
 2.21943e+00  9.98236e-01  9.99390e-01
 2.22905e+00  1.00249e+00  9.99386e-01
 2.23147e+00  1.01940e+00  9.99385e-01
 2.23805e+00  9.98764e-01  9.99382e-01
 2.24806e+00  1.00282e+00  9.99378e-01
 2.25204e+00  1.00258e+00  9.99377e-01
 2.25959e+00  9.98477e-01  9.99374e-01
 2.26985e+00  9.99251e-01  9.99370e-01
 2.27275e+00  1.01614e+00  9.99369e-01
 2.27894e+00  9.99170e-01  9.99366e-01
 2.28969e+00  9.99059e-01  9.99362e-01
 2.29317e+00  1.00253e+00  9.99361e-01
 2.29996e+00  9.98428e-01  9.99358e-01
 2.31084e+00  9.99771e-01  9.99354e-01
 2.31441e+00  1.01352e+00  9.99352e-01
 2.32059e+00  9.99131e-01  9.99350e-01
 2.33060e+00  9.99764e-01  9.99346e-01
 2.33486e+00  1.00277e+00  9.99344e-01
 2.34096e+00  9.98779e-01  9.99342e-01
 2.35153e+00  1.00030e+00  9.99338e-01
 2.35600e+00  1.01114e+00  9.99336e-01
 2.36180e+00  9.99037e-01  9.99334e-01
 2.37296e+00  9.98699e-01  9.99329e-01
 2.37654e+00  1.00166e+00  9.99328e-01
 2.38334e+00  9.98237e-01  9.99325e-01
 2.39399e+00  1.00029e+00  9.99321e-01
 2.39765e+00  1.00822e+00  9.99320e-01
 2.40343e+00  9.98460e-01  9.99317e-01
 2.41391e+00  9.98082e-01  9.99313e-01
 2.41798e+00  1.00233e+00  9.99312e-01
 2.42324e+00  9.99720e-01  9.99310e-01
 2.43330e+00  9.98263e-01  9.99306e-01
 2.43889e+00  1.00639e+00  9.99304e-01
 2.44298e+00  9.99096e-01  9.99302e-01
 2.45330e+00  9.99185e-01  9.99298e-01
 2.45916e+00  1.00273e+00  9.99296e-01
 2.46279e+00  9.97770e-01  9.99295e-01
 2.47205e+00  9.98994e-01  9.99291e-01
 2.47966e+00  1.01286e+00  9.99288e-01
 2.48229e+00  9.98475e-01  9.99287e-01
 2.49026e+00  9.98861e-01  9.99284e-01
 2.49957e+00  9.99712e-01  9.99280e-01
 2.50217e+00  9.99711e-01  9.99279e-01
 2.50886e+00  9.98167e-01  9.99277e-01
 2.51811e+00  9.97560e-01  9.99273e-01
 2.52224e+00  1.01117e+00  9.99272e-01
 2.52528e+00  9.99843e-01  9.99271e-01
 2.53436e+00  1.00817e+00  9.99267e-01
 2.54197e+00  1.00090e+00  9.99264e-01
 2.54507e+00  1.00238e+00  9.99263e-01
 2.55203e+00  9.98319e-01  9.99260e-01
 2.56185e+00  9.99628e-01  9.99257e-01
 2.56419e+00  1.00861e+00  9.99256e-01
 2.56834e+00  9.97434e-01  9.99254e-01
 2.57752e+00  9.99741e-01  9.99251e-01
 2.58390e+00  1.00078e+00  9.99248e-01
 2.58724e+00  9.96272e-01  9.99247e-01
 2.59692e+00  9.98142e-01  9.99243e-01
 2.60442e+00  9.99869e-01  9.99240e-01
 2.60688e+00  1.00127e+00  9.99239e-01
 2.61368e+00  9.99097e-01  9.99237e-01
 2.62221e+00  9.98914e-01  9.99234e-01
 2.62637e+00  1.00043e+00  9.99232e-01
 2.63026e+00  1.00093e+00  9.99230e-01
 2.64058e+00  9.99218e-01  9.99227e-01
 2.64686e+00  1.00056e+00  9.99224e-01
 2.64982e+00  9.98968e-01  9.99223e-01
 2.65952e+00  9.99274e-01  9.99219e-01
 2.66697e+00  9.99763e-01  9.99217e-01
 2.67007e+00  9.99052e-01  9.99215e-01
 2.67831e+00  9.97436e-01  9.99212e-01
 2.68757e+00  9.99944e-01  9.99209e-01
 2.69014e+00  1.00023e+00  9.99208e-01
 2.69839e+00  9.98691e-01  9.99205e-01
 2.70719e+00  9.99919e-01  9.99201e-01
 2.71048e+00  9.98018e-01  9.99200e-01
 2.71636e+00  9.95909e-01  9.99198e-01
 2.72650e+00  9.98330e-01  9.99194e-01
 2.73085e+00  1.00119e+00  9.99192e-01
 2.73672e+00  9.97574e-01  9.99190e-01
 2.74726e+00  9.98127e-01  9.99186e-01
 2.75156e+00  9.98841e-01  9.99184e-01
 2.75752e+00  9.98075e-01  9.99182e-01
 2.76789e+00  9.96965e-01  9.99178e-01
 2.77212e+00  1.00087e+00  9.99177e-01
 2.77628e+00  9.98779e-01  9.99175e-01
 2.78584e+00  9.96891e-01  9.99171e-01
 2.79226e+00  9.99711e-01  9.99169e-01
 2.79549e+00  9.97994e-01  9.99168e-01
 2.80331e+00  9.97276e-01  9.99165e-01
 2.81213e+00  1.00107e+00  9.99161e-01
 2.81431e+00  1.00102e+00  9.99161e-01
 2.82126e+00  9.98369e-01  9.99158e-01
 2.83139e+00  9.98519e-01  9.99154e-01
 2.83504e+00  9.98035e-01  9.99153e-01
 2.84061e+00  9.97364e-01  9.99151e-01
 2.85051e+00  9.99337e-01  9.99147e-01
 2.85510e+00  1.00201e+00  9.99145e-01
 2.85818e+00  9.99099e-01  9.99144e-01
 2.86769e+00  9.98008e-01  9.99141e-01
 2.87538e+00  9.98679e-01  9.99138e-01
 2.87931e+00  9.97604e-01  9.99136e-01
 2.88795e+00  9.98800e-01  9.99133e-01
 2.89577e+00  1.00056e+00  9.99130e-01
 2.89807e+00  1.00037e+00  9.99129e-01
 2.90528e+00  9.97896e-01  9.99127e-01
 2.91474e+00  9.98087e-01  9.99123e-01
 2.91834e+00  9.97921e-01  9.99122e-01
 2.92395e+00  9.97447e-01  9.99120e-01
 2.93377e+00  9.98199e-01  9.99116e-01
 2.93844e+00  1.00131e+00  9.99114e-01
 2.94146e+00  9.99835e-01  9.99113e-01
 2.95046e+00  9.98123e-01  9.99110e-01
 2.95831e+00  9.99696e-01  9.99107e-01
 2.96133e+00  9.97888e-01  9.99106e-01
 2.96794e+00  9.97577e-01  9.99104e-01
 2.97779e+00  9.98001e-01  9.99100e-01
 2.98089e+00  1.00154e+00  9.99099e-01
 2.98672e+00  9.99749e-01  9.99097e-01
 2.99641e+00  9.98201e-01  9.99093e-01
 3.00137e+00  9.98178e-01  9.99092e-01
 3.00599e+00  9.96489e-01  9.99090e-01
 3.01634e+00  9.98075e-01  9.99086e-01
 3.02169e+00  1.00006e+00  9.99085e-01
 3.02482e+00  9.98752e-01  9.99084e-01
 3.03569e+00  9.99025e-01  9.99080e-01
 3.04228e+00  9.98734e-01  9.99078e-01
 3.04563e+00  9.98130e-01  9.99076e-01
 3.05589e+00  9.99203e-01  9.99073e-01
 3.06266e+00  9.99001e-01  9.99071e-01
 3.06512e+00  1.00053e+00  9.99070e-01
 3.07278e+00  9.98304e-01  9.99067e-01
 3.08302e+00  9.98849e-01  9.99064e-01
 3.08587e+00  9.97458e-01  9.99063e-01
 3.09285e+00  9.98638e-01  9.99061e-01
 3.10277e+00  9.98579e-01  9.99058e-01
 3.10587e+00  1.00079e+00  9.99057e-01
 3.11180e+00  9.97941e-01  9.99055e-01
 3.12147e+00  9.98878e-01  9.99052e-01
 3.12637e+00  9.98033e-01  9.99050e-01
 3.13028e+00  9.97208e-01  9.99049e-01
 3.14056e+00  9.98883e-01  9.99046e-01
 3.14650e+00  9.99588e-01  9.99045e-01
 3.14982e+00  1.00010e+00  9.99044e-01
 3.16005e+00  9.97618e-01  9.99041e-01
 3.16728e+00  9.98243e-01  9.99039e-01
 3.17049e+00  9.97702e-01  9.99038e-01
 3.17957e+00  9.98835e-01  9.99036e-01
 3.18783e+00  9.98892e-01  9.99034e-01
 3.19098e+00  1.00041e+00  9.99033e-01
 3.19920e+00  9.97945e-01  9.99031e-01
 3.20804e+00  9.99601e-01  9.99029e-01
 3.21131e+00  9.97726e-01  9.99028e-01
 3.21871e+00  9.98125e-01  9.99027e-01
 3.22926e+00  9.98632e-01  9.99025e-01
 3.23226e+00  9.99653e-01  9.99024e-01
 3.24011e+00  9.98251e-01  9.99023e-01
 3.24972e+00  9.99274e-01  9.99021e-01
 3.25257e+00  9.97583e-01  9.99021e-01
 3.25963e+00  9.99482e-01  9.99020e-01
 3.26943e+00  9.98050e-01  9.99018e-01
 3.27256e+00  9.99993e-01  9.99018e-01
 3.27836e+00  9.99965e-01  9.99017e-01
 3.28741e+00  9.99966e-01  9.99016e-01
 3.29277e+00  9.98472e-01  9.99016e-01
 3.29640e+00  9.98345e-01  9.99016e-01
 3.30590e+00  9.99182e-01  9.99015e-01
 3.31311e+00  9.98646e-01  9.99015e-01
 3.31646e+00  9.99450e-01  9.99015e-01
 3.32546e+00  9.97378e-01  9.99015e-01
 3.33331e+00  9.99916e-01  9.99016e-01
 3.33631e+00  9.97517e-01  9.99016e-01
 3.34294e+00  9.99857e-01  9.99016e-01
 3.35371e+00  9.97521e-01  9.99017e-01
 3.35677e+00  1.00050e+00  9.99018e-01
 3.36435e+00  9.98079e-01  9.99019e-01
 3.37388e+00  9.98973e-01  9.99021e-01
 3.37713e+00  9.98422e-01  9.99021e-01
 3.38451e+00  9.99716e-01  9.99023e-01
 3.39485e+00  1.00016e+00  9.99026e-01
 3.39769e+00  9.99558e-01  9.99027e-01
 3.40446e+00  9.98956e-01  9.99029e-01
 3.41317e+00  9.97883e-01  9.99033e-01
 3.41799e+00  9.97676e-01  9.99035e-01
 3.42242e+00  9.97766e-01  9.99037e-01
 3.43300e+00  9.98076e-01  9.99042e-01
