837
 1.51741e+03  9.29450e-01  9.99474e-01
 1.51743e+03  9.41763e-01  9.99474e-01
 1.51745e+03  9.49693e-01  9.99475e-01
 1.51747e+03  9.56369e-01  9.99476e-01
 1.51749e+03  9.61465e-01  9.99476e-01
 1.51751e+03  9.67015e-01  9.99477e-01
 1.51753e+03  9.71524e-01  9.99478e-01
 1.51755e+03  9.75120e-01  9.99478e-01
 1.51758e+03  9.78175e-01  9.99479e-01
 1.51760e+03  9.80919e-01  9.99480e-01
 1.51762e+03  9.83258e-01  9.99480e-01
 1.51764e+03  9.84920e-01  9.99481e-01
 1.51766e+03  9.86417e-01  9.99482e-01
 1.51768e+03  9.88518e-01  9.99482e-01
 1.51770e+03  9.88987e-01  9.99483e-01
 1.51772e+03  9.92819e-01  9.99484e-01
 1.51774e+03  9.92761e-01  9.99484e-01
 1.51776e+03  9.94567e-01  9.99485e-01
 1.51778e+03  9.96965e-01  9.99486e-01
 1.51780e+03  9.97685e-01  9.99486e-01
 1.51783e+03  9.98273e-01  9.99487e-01
 1.51785e+03  9.99308e-01  9.99488e-01
 1.51787e+03  1.00031e+00  9.99488e-01
 1.51789e+03  1.00050e+00  9.99489e-01
 1.51791e+03  1.00119e+00  9.99490e-01
 1.51793e+03  1.00030e+00  9.99490e-01
 1.51797e+03  9.99847e-01  9.99492e-01
 1.51799e+03  1.00000e+00  9.99492e-01
 1.51801e+03  9.99561e-01  9.99493e-01
 1.51803e+03  1.00083e+00  9.99494e-01
 1.51805e+03  9.99852e-01  9.99495e-01
 1.51808e+03  9.99346e-01  9.99495e-01
 1.51810e+03  1.00001e+00  9.99496e-01
 1.51812e+03  1.00119e+00  9.99497e-01
 1.51814e+03  9.99987e-01  9.99497e-01
 1.51816e+03  1.00054e+00  9.99498e-01
 1.51818e+03  1.00144e+00  9.99499e-01
 1.51828e+03  1.00072e+00  9.99502e-01
 1.51833e+03  1.00043e+00  9.99504e-01
 1.51835e+03  1.00079e+00  9.99505e-01
 1.51837e+03  1.00046e+00  9.99505e-01
 1.51839e+03  1.00220e+00  9.99506e-01
 1.51843e+03  1.00079e+00  9.99508e-01
 1.51847e+03  1.00205e+00  9.99509e-01
 1.51849e+03  1.00231e+00  9.99510e-01
 1.51858e+03  1.00203e+00  9.99513e-01
 1.51860e+03  1.00092e+00  9.99514e-01
 1.51864e+03  1.00168e+00  9.99515e-01
 1.51870e+03  1.00140e+00  9.99518e-01
 1.51874e+03  1.00120e+00  9.99519e-01
 1.51876e+03  1.00178e+00  9.99520e-01
 1.51878e+03  1.00117e+00  9.99521e-01
 1.51880e+03  1.00140e+00  9.99522e-01
 1.51883e+03  1.00338e+00  9.99522e-01
 1.51885e+03  1.00221e+00  9.99523e-01
 1.51887e+03  1.00298e+00  9.99524e-01
 1.51889e+03  1.00233e+00  9.99525e-01
 1.51891e+03  1.00097e+00  9.99526e-01
 1.51893e+03  1.00014e+00  9.99527e-01
 1.51895e+03  1.00146e+00  9.99527e-01
 1.51897e+03  1.00013e+00  9.99528e-01
 1.51899e+03  1.00112e+00  9.99529e-01
 1.51901e+03  1.00096e+00  9.99530e-01
 1.51903e+03  1.00179e+00  9.99531e-01
 1.51905e+03  1.00068e+00  9.99532e-01
 1.51908e+03  1.00230e+00  9.99532e-01
 1.51912e+03  1.00264e+00  9.99534e-01
 1.51914e+03  1.00192e+00  9.99535e-01
 1.51916e+03  1.00209e+00  9.99536e-01
 1.51918e+03  1.00130e+00  9.99537e-01
 1.51920e+03  1.00120e+00  9.99537e-01
 1.51922e+03  1.00101e+00  9.99538e-01
 1.51924e+03  1.00094e+00  9.99539e-01
 1.51926e+03  1.00044e+00  9.99540e-01
 1.51928e+03  1.00019e+00  9.99541e-01
 1.51930e+03  9.99884e-01  9.99542e-01
 1.51933e+03  9.99460e-01  9.99543e-01
 1.51935e+03  9.98857e-01  9.99544e-01
 1.51937e+03  9.99365e-01  9.99545e-01
 1.51939e+03  9.98775e-01  9.99545e-01
 1.51941e+03  9.98950e-01  9.99546e-01
 1.51943e+03  9.99846e-01  9.99547e-01
 1.51945e+03  9.99893e-01  9.99548e-01
 1.51947e+03  9.98759e-01  9.99549e-01
 1.51949e+03  9.99232e-01  9.99550e-01
 1.51951e+03  9.99026e-01  9.99551e-01
 1.51953e+03  9.99374e-01  9.99552e-01
 1.51955e+03  9.98334e-01  9.99553e-01
 1.51958e+03  9.98354e-01  9.99554e-01
 1.51960e+03  9.97680e-01  9.99555e-01
 1.51962e+03  9.97677e-01  9.99555e-01
 1.51964e+03  9.98758e-01  9.99556e-01
 1.51966e+03  9.99134e-01  9.99557e-01
 1.51968e+03  9.97262e-01  9.99558e-01
 1.51970e+03  9.98015e-01  9.99559e-01
 1.51972e+03  9.97850e-01  9.99560e-01
 1.51974e+03  9.99237e-01  9.99561e-01
 1.51976e+03  9.97717e-01  9.99562e-01
 1.51980e+03  9.98416e-01  9.99564e-01
 1.51983e+03  9.99055e-01  9.99565e-01
 1.51985e+03  9.97667e-01  9.99566e-01
 1.51987e+03  9.98375e-01  9.99567e-01
 1.51989e+03  9.98079e-01  9.99568e-01
 1.51991e+03  9.98758e-01  9.99569e-01
 1.51995e+03  9.98908e-01  9.99571e-01
 1.51997e+03  9.98325e-01  9.99572e-01
 1.51999e+03  9.99134e-01  9.99573e-01
 1.52001e+03  9.97946e-01  9.99574e-01
 1.52003e+03  9.98475e-01  9.99575e-01
 1.52005e+03  9.98974e-01  9.99576e-01
 1.52008e+03  9.99498e-01  9.99577e-01
 1.52010e+03  9.99548e-01  9.99578e-01
 1.52012e+03  1.00057e+00  9.99579e-01
 1.52014e+03  1.00045e+00  9.99580e-01
 1.52016e+03  1.00120e+00  9.99581e-01
 1.52018e+03  1.00023e+00  9.99582e-01
 1.52020e+03  1.00173e+00  9.99583e-01
 1.52022e+03  1.00063e+00  9.99584e-01
 1.52024e+03  1.00091e+00  9.99585e-01
 1.52026e+03  9.99999e-01  9.99586e-01
 1.52028e+03  1.00109e+00  9.99588e-01
 1.52030e+03  1.00178e+00  9.99589e-01
 1.52033e+03  1.00131e+00  9.99590e-01
 1.52035e+03  1.00221e+00  9.99591e-01
 1.52037e+03  1.00179e+00  9.99592e-01
 1.52039e+03  1.00261e+00  9.99593e-01
 1.52041e+03  1.00215e+00  9.99594e-01
 1.52043e+03  1.00175e+00  9.99595e-01
 1.52045e+03  1.00286e+00  9.99596e-01
 1.52047e+03  1.00222e+00  9.99597e-01
 1.52049e+03  1.00293e+00  9.99598e-01
 1.52053e+03  1.00226e+00  9.99601e-01
 1.52055e+03  1.00311e+00  9.99602e-01
 1.52058e+03  1.00171e+00  9.99603e-01
 1.52060e+03  1.00214e+00  9.99604e-01
 1.52062e+03  1.00280e+00  9.99605e-01
 1.52066e+03  1.00147e+00  9.99608e-01
 1.52068e+03  1.00205e+00  9.99609e-01
 1.52070e+03  1.00328e+00  9.99610e-01
 1.52072e+03  1.00337e+00  9.99611e-01
 1.52074e+03  1.00547e+00  9.99612e-01
 1.52076e+03  1.00435e+00  9.99613e-01
 1.52078e+03  1.00527e+00  9.99615e-01
 1.52080e+03  1.00475e+00  9.99616e-01
 1.52083e+03  1.00496e+00  9.99617e-01
 1.52085e+03  1.00635e+00  9.99618e-01
 1.52087e+03  1.00625e+00  9.99619e-01
 1.52089e+03  1.00634e+00  9.99621e-01
 1.52091e+03  1.00683e+00  9.99622e-01
 1.52093e+03  1.00722e+00  9.99623e-01
 1.52095e+03  1.00723e+00  9.99624e-01
 1.52097e+03  1.00728e+00  9.99626e-01
 1.52099e+03  1.00794e+00  9.99627e-01
 1.52101e+03  1.00664e+00  9.99628e-01
 1.52103e+03  1.00551e+00  9.99629e-01
 1.52105e+03  1.00541e+00  9.99631e-01
 1.52108e+03  1.00417e+00  9.99632e-01
 1.52110e+03  1.00498e+00  9.99633e-01
 1.52112e+03  1.00350e+00  9.99634e-01
 1.52116e+03  1.00290e+00  9.99637e-01
 1.52118e+03  1.00216e+00  9.99638e-01
 1.52120e+03  1.00103e+00  9.99640e-01
 1.52122e+03  9.99516e-01  9.99641e-01
 1.52124e+03  9.99690e-01  9.99642e-01
 1.52126e+03  9.97855e-01  9.99643e-01
 1.52128e+03  9.98482e-01  9.99645e-01
 1.52130e+03  9.98650e-01  9.99646e-01
 1.52133e+03  9.98707e-01  9.99647e-01
 1.52135e+03  9.99316e-01  9.99649e-01
 1.52137e+03  9.99507e-01  9.99650e-01
 1.52139e+03  1.00004e+00  9.99651e-01
 1.52141e+03  1.00012e+00  9.99653e-01
 1.52143e+03  9.99451e-01  9.99654e-01
 1.52145e+03  9.99154e-01  9.99656e-01
 1.52147e+03  1.00009e+00  9.99657e-01
 1.52149e+03  9.99288e-01  9.99658e-01
 1.52151e+03  9.99554e-01  9.99660e-01
 1.52153e+03  9.98365e-01  9.99661e-01
 1.52155e+03  9.99145e-01  9.99663e-01
 1.52158e+03  1.00040e+00  9.99664e-01
 1.52160e+03  9.99875e-01  9.99665e-01
 1.52162e+03  9.99138e-01  9.99667e-01
 1.52164e+03  9.99378e-01  9.99668e-01
 1.52166e+03  9.99569e-01  9.99670e-01
 1.52168e+03  9.99944e-01  9.99671e-01
 1.52170e+03  1.00060e+00  9.99673e-01
 1.52172e+03  1.00002e+00  9.99674e-01
 1.52174e+03  1.00129e+00  9.99676e-01
 1.52176e+03  1.00076e+00  9.99677e-01
 1.52178e+03  1.00200e+00  9.99679e-01
 1.52180e+03  1.00139e+00  9.99680e-01
 1.52183e+03  9.99693e-01  9.99682e-01
 1.52185e+03  9.99710e-01  9.99683e-01
 1.52187e+03  9.99292e-01  9.99685e-01
 1.52189e+03  9.99237e-01  9.99686e-01
 1.52191e+03  1.00023e+00  9.99688e-01
 1.52193e+03  1.00043e+00  9.99689e-01
 1.52195e+03  9.99451e-01  9.99691e-01
 1.52197e+03  9.99347e-01  9.99692e-01
 1.52199e+03  9.99047e-01  9.99694e-01
 1.52201e+03  1.00099e+00  9.99695e-01
 1.52203e+03  9.99897e-01  9.99697e-01
 1.52205e+03  1.00058e+00  9.99699e-01
 1.52208e+03  1.00032e+00  9.99700e-01
 1.52210e+03  1.00007e+00  9.99702e-01
 1.52212e+03  1.00042e+00  9.99703e-01
 1.52216e+03  9.99510e-01  9.99707e-01
 1.52218e+03  9.99742e-01  9.99708e-01
 1.52220e+03  9.99710e-01  9.99710e-01
 1.52222e+03  9.99104e-01  9.99712e-01
 1.52224e+03  9.98365e-01  9.99713e-01
 1.52226e+03  9.97435e-01  9.99715e-01
 1.52230e+03  9.97989e-01  9.99718e-01
 1.52233e+03  9.98889e-01  9.99720e-01
 1.52235e+03  9.98405e-01  9.99722e-01
 1.52237e+03  9.98821e-01  9.99723e-01
 1.52239e+03  9.98271e-01  9.99725e-01
 1.52241e+03  1.00007e+00  9.99727e-01
 1.52243e+03  9.99012e-01  9.99729e-01
 1.52245e+03  9.98093e-01  9.99730e-01
 1.52247e+03  9.98254e-01  9.99732e-01
 1.52249e+03  9.97511e-01  9.99734e-01
 1.52251e+03  9.97756e-01  9.99736e-01
 1.52253e+03  9.98421e-01  9.99738e-01
 1.52255e+03  9.97295e-01  9.99739e-01
 1.52258e+03  9.98175e-01  9.99741e-01
 1.52260e+03  9.98494e-01  9.99743e-01
 1.52262e+03  9.98749e-01  9.99745e-01
 1.52264e+03  9.98036e-01  9.99747e-01
 1.52266e+03  9.98209e-01  9.99748e-01
 1.52268e+03  9.97457e-01  9.99750e-01
 1.52270e+03  9.98106e-01  9.99752e-01
 1.52272e+03  9.98807e-01  9.99754e-01
 1.52274e+03  9.98169e-01  9.99756e-01
 1.52278e+03  1.00003e+00  9.99760e-01
 1.52280e+03  9.99013e-01  9.99762e-01
 1.52283e+03  9.99140e-01  9.99764e-01
 1.52285e+03  9.98899e-01  9.99766e-01
 1.52287e+03  9.98253e-01  9.99768e-01
 1.52289e+03  9.98702e-01  9.99770e-01
 1.52291e+03  9.98274e-01  9.99772e-01
 1.52293e+03  9.96967e-01  9.99773e-01
 1.52295e+03  9.98258e-01  9.99775e-01
 1.52297e+03  9.98726e-01  9.99777e-01
 1.52299e+03  9.98476e-01  9.99780e-01
 1.52301e+03  9.97483e-01  9.99782e-01
 1.52303e+03  9.99005e-01  9.99784e-01
 1.52305e+03  9.99259e-01  9.99786e-01
 1.52308e+03  9.99644e-01  9.99788e-01
 1.52310e+03  9.99921e-01  9.99790e-01
 1.52312e+03  9.99349e-01  9.99792e-01
 1.52314e+03  1.00038e+00  9.99794e-01
 1.52316e+03  1.00088e+00  9.99796e-01
 1.52318e+03  1.00060e+00  9.99798e-01
 1.52320e+03  9.99248e-01  9.99800e-01
 1.52322e+03  1.00030e+00  9.99803e-01
 1.52324e+03  9.99292e-01  9.99805e-01
 1.52326e+03  1.00036e+00  9.99807e-01
 1.52328e+03  9.99708e-01  9.99809e-01
 1.52330e+03  9.99795e-01  9.99811e-01
 1.52333e+03  9.99733e-01  9.99813e-01
 1.52335e+03  1.00056e+00  9.99816e-01
 1.52337e+03  1.00018e+00  9.99818e-01
 1.52339e+03  1.00094e+00  9.99820e-01
 1.52341e+03  1.00127e+00  9.99822e-01
 1.52343e+03  1.00182e+00  9.99825e-01
 1.52345e+03  1.00060e+00  9.99827e-01
 1.52347e+03  1.00079e+00  9.99829e-01
 1.52349e+03  9.99361e-01  9.99832e-01
 1.52351e+03  9.99795e-01  9.99834e-01
 1.52355e+03  9.98470e-01  9.99839e-01
 1.52358e+03  9.99178e-01  9.99841e-01
 1.52360e+03  9.99890e-01  9.99843e-01
 1.52362e+03  9.99893e-01  9.99846e-01
 1.52366e+03  9.99370e-01  9.99851e-01
 1.52368e+03  9.99968e-01  9.99853e-01
 1.52370e+03  9.99932e-01  9.99856e-01
 1.52372e+03  9.99691e-01  9.99858e-01
 1.52374e+03  9.99251e-01  9.99861e-01
 1.52376e+03  1.00012e+00  9.99863e-01
 1.52378e+03  9.99417e-01  9.99866e-01
 1.52380e+03  9.98231e-01  9.99868e-01
 1.52383e+03  9.98624e-01  9.99871e-01
 1.52385e+03  9.98842e-01  9.99873e-01
 1.52387e+03  9.98592e-01  9.99876e-01
 1.52389e+03  9.98748e-01  9.99878e-01
 1.52391e+03  9.97806e-01  9.99881e-01
 1.52393e+03  9.96877e-01  9.99884e-01
 1.52395e+03  9.98232e-01  9.99886e-01
 1.52397e+03  9.98683e-01  9.99889e-01
 1.52399e+03  9.98216e-01  9.99892e-01
 1.52401e+03  9.98881e-01  9.99894e-01
 1.52403e+03  9.98932e-01  9.99897e-01
 1.52405e+03  1.00026e+00  9.99900e-01
 1.52408e+03  9.99220e-01  9.99902e-01
 1.52410e+03  9.99636e-01  9.99905e-01
 1.52412e+03  9.98557e-01  9.99908e-01
 1.52414e+03  9.98645e-01  9.99911e-01
 1.52416e+03  9.98785e-01  9.99914e-01
 1.52418e+03  9.98577e-01  9.99916e-01
 1.52420e+03  9.98775e-01  9.99919e-01
 1.52422e+03  9.98645e-01  9.99922e-01
 1.52424e+03  9.97979e-01  9.99925e-01
 1.52426e+03  9.98272e-01  9.99928e-01
 1.52428e+03  9.98355e-01  9.99931e-01
 1.52430e+03  9.98368e-01  9.99934e-01
 1.52433e+03  9.99477e-01  9.99937e-01
 1.52435e+03  9.99446e-01  9.99940e-01
 1.52437e+03  9.99509e-01  9.99943e-01
 1.52439e+03  9.99643e-01  9.99946e-01
 1.52441e+03  9.99262e-01  9.99949e-01
 1.52443e+03  9.99975e-01  9.99952e-01
 1.52445e+03  1.00095e+00  9.99955e-01
 1.52447e+03  1.00064e+00  9.99958e-01
 1.52449e+03  9.99618e-01  9.99961e-01
 1.52451e+03  1.00088e+00  9.99964e-01
 1.52453e+03  9.99100e-01  9.99967e-01
 1.52455e+03  1.00004e+00  9.99971e-01
 1.52458e+03  9.99168e-01  9.99974e-01
 1.52460e+03  9.99845e-01  9.99977e-01
 1.52462e+03  9.99052e-01  9.99980e-01
 1.52464e+03  1.00033e+00  9.99984e-01
 1.52466e+03  1.00088e+00  9.99987e-01
 1.52468e+03  1.00149e+00  9.99990e-01
 1.52470e+03  1.00014e+00  9.99993e-01
 1.52472e+03  1.00180e+00  9.99997e-01
 1.52474e+03  1.00045e+00  1.00000e+00
 1.52476e+03  1.00065e+00  1.00000e+00
 1.52478e+03  1.00170e+00  1.00001e+00
 1.52480e+03  1.00016e+00  1.00001e+00
 1.52483e+03  1.00102e+00  1.00001e+00
 1.52485e+03  9.99697e-01  1.00002e+00
 1.52487e+03  1.00046e+00  1.00002e+00
 1.52489e+03  1.00079e+00  1.00002e+00
 1.52491e+03  1.00020e+00  1.00003e+00
 1.52493e+03  9.99882e-01  1.00003e+00
 1.52495e+03  1.00089e+00  1.00004e+00
 1.52497e+03  9.99713e-01  1.00004e+00
 1.52499e+03  9.99070e-01  1.00004e+00
 1.52501e+03  9.99606e-01  1.00005e+00
 1.52503e+03  1.00037e+00  1.00005e+00
 1.52505e+03  9.99438e-01  1.00005e+00
 1.52508e+03  1.00121e+00  1.00006e+00
 1.52510e+03  1.00027e+00  1.00006e+00
 1.52512e+03  1.00049e+00  1.00006e+00
 1.52514e+03  1.00094e+00  1.00007e+00
 1.52516e+03  9.99156e-01  1.00007e+00
 1.52518e+03  9.99571e-01  1.00008e+00
 1.52520e+03  9.98475e-01  1.00008e+00
 1.52522e+03  9.99141e-01  1.00008e+00
 1.52524e+03  1.00016e+00  1.00009e+00
 1.52526e+03  9.99613e-01  1.00009e+00
 1.52528e+03  1.00054e+00  1.00010e+00
 1.52530e+03  9.99915e-01  1.00010e+00
 1.52533e+03  9.99164e-01  1.00010e+00
 1.52535e+03  9.99949e-01  1.00011e+00
 1.52537e+03  9.99711e-01  1.00011e+00
 1.52539e+03  9.99080e-01  1.00012e+00
 1.52541e+03  1.00029e+00  1.00012e+00
 1.52543e+03  9.99238e-01  1.00013e+00
 1.52545e+03  9.99128e-01  1.00013e+00
 1.52547e+03  9.99517e-01  1.00013e+00
 1.52549e+03  9.99317e-01  1.00014e+00
 1.52551e+03  9.99477e-01  1.00014e+00
 1.52553e+03  9.99742e-01  1.00015e+00
 1.52555e+03  9.99161e-01  1.00015e+00
 1.52558e+03  9.99359e-01  1.00016e+00
 1.52560e+03  9.99995e-01  1.00016e+00
 1.52562e+03  1.00020e+00  1.00017e+00
 1.52564e+03  1.00021e+00  1.00017e+00
 1.52566e+03  1.00024e+00  1.00017e+00
 1.52568e+03  1.00147e+00  1.00018e+00
 1.52570e+03  1.00130e+00  1.00018e+00
 1.52572e+03  1.00181e+00  1.00019e+00
 1.52574e+03  1.00076e+00  1.00019e+00
 1.52576e+03  1.00059e+00  1.00020e+00
 1.52578e+03  1.00031e+00  1.00020e+00
 1.52580e+03  9.99821e-01  1.00021e+00
 1.52583e+03  9.99880e-01  1.00021e+00
 1.52585e+03  9.99818e-01  1.00022e+00
 1.52587e+03  1.00154e+00  1.00022e+00
 1.52589e+03  1.00083e+00  1.00023e+00
 1.52591e+03  1.00016e+00  1.00023e+00
 1.52593e+03  1.00007e+00  1.00024e+00
 1.52595e+03  9.99722e-01  1.00024e+00
 1.52597e+03  1.00052e+00  1.00025e+00
 1.52599e+03  1.00068e+00  1.00025e+00
 1.52601e+03  1.00071e+00  1.00026e+00
 1.52603e+03  1.00092e+00  1.00026e+00
 1.52605e+03  1.00122e+00  1.00027e+00
 1.52608e+03  1.00233e+00  1.00027e+00
 1.52610e+03  1.00255e+00  1.00028e+00
 1.52612e+03  1.00274e+00  1.00028e+00
 1.52614e+03  1.00125e+00  1.00029e+00
 1.52616e+03  1.00191e+00  1.00030e+00
 1.52618e+03  1.00133e+00  1.00030e+00
 1.52620e+03  1.00115e+00  1.00031e+00
 1.52622e+03  1.00067e+00  1.00031e+00
 1.52624e+03  1.00153e+00  1.00032e+00
 1.52626e+03  1.00210e+00  1.00032e+00
 1.52628e+03  1.00203e+00  1.00033e+00
 1.52630e+03  1.00201e+00  1.00034e+00
 1.52633e+03  1.00340e+00  1.00034e+00
 1.52635e+03  1.00373e+00  1.00035e+00
 1.52637e+03  1.00319e+00  1.00035e+00
 1.52639e+03  1.00247e+00  1.00036e+00
 1.52641e+03  1.00164e+00  1.00037e+00
 1.52643e+03  1.00202e+00  1.00037e+00
 1.52645e+03  1.00317e+00  1.00038e+00
 1.52647e+03  1.00275e+00  1.00038e+00
 1.52649e+03  1.00236e+00  1.00039e+00
 1.52651e+03  1.00412e+00  1.00040e+00
 1.52653e+03  1.00402e+00  1.00040e+00
 1.52655e+03  1.00458e+00  1.00041e+00
 1.52658e+03  1.00419e+00  1.00042e+00
 1.52660e+03  1.00565e+00  1.00042e+00
 1.52662e+03  1.00588e+00  1.00043e+00
 1.52664e+03  1.00690e+00  1.00044e+00
 1.52666e+03  1.00755e+00  1.00044e+00
 1.52668e+03  1.00816e+00  1.00045e+00
 1.52670e+03  1.00952e+00  1.00046e+00
 1.52672e+03  1.00958e+00  1.00046e+00
 1.52674e+03  1.01039e+00  1.00047e+00
 1.52678e+03  1.00836e+00  1.00048e+00
 1.52680e+03  1.00809e+00  1.00049e+00
 1.52683e+03  1.00676e+00  1.00050e+00
 1.52685e+03  1.00576e+00  1.00050e+00
 1.52687e+03  1.00535e+00  1.00051e+00
 1.52689e+03  1.00550e+00  1.00052e+00
 1.52691e+03  1.00550e+00  1.00053e+00
 1.52693e+03  1.00476e+00  1.00053e+00
 1.52695e+03  1.00425e+00  1.00054e+00
 1.52697e+03  1.00413e+00  1.00055e+00
 1.52699e+03  1.00255e+00  1.00056e+00
 1.52701e+03  1.00256e+00  1.00056e+00
 1.52703e+03  1.00153e+00  1.00057e+00
 1.52705e+03  1.00113e+00  1.00058e+00
 1.52708e+03  1.00096e+00  1.00059e+00
 1.52710e+03  1.00099e+00  1.00060e+00
 1.52712e+03  1.00123e+00  1.00060e+00
 1.52714e+03  1.00168e+00  1.00061e+00
 1.52716e+03  1.00053e+00  1.00062e+00
 1.52718e+03  1.00049e+00  1.00063e+00
 1.52720e+03  1.00061e+00  1.00064e+00
 1.52722e+03  9.99348e-01  1.00065e+00
 1.52724e+03  9.99402e-01  1.00065e+00
 1.52726e+03  9.99991e-01  1.00066e+00
 1.52728e+03  9.99827e-01  1.00067e+00
 1.52730e+03  1.00132e+00  1.00068e+00
 1.52733e+03  1.00190e+00  1.00069e+00
 1.52735e+03  1.00098e+00  1.00070e+00
 1.52737e+03  1.00113e+00  1.00071e+00
 1.52739e+03  1.00083e+00  1.00072e+00
 1.52741e+03  1.00033e+00  1.00072e+00
 1.52743e+03  9.98807e-01  1.00073e+00
 1.52745e+03  9.99638e-01  1.00074e+00
 1.52747e+03  1.00045e+00  1.00075e+00
 1.52749e+03  9.99593e-01  1.00076e+00
 1.52751e+03  9.99876e-01  1.00077e+00
 1.52753e+03  1.00029e+00  1.00078e+00
 1.52755e+03  1.00111e+00  1.00079e+00
 1.52758e+03  9.98969e-01  1.00080e+00
 1.52760e+03  9.98852e-01  1.00081e+00
 1.52762e+03  9.99666e-01  1.00082e+00
 1.52764e+03  1.00015e+00  1.00083e+00
 1.52766e+03  1.00088e+00  1.00084e+00
 1.52768e+03  9.98874e-01  1.00085e+00
 1.52770e+03  1.00113e+00  1.00086e+00
 1.52772e+03  1.00074e+00  1.00087e+00
 1.52774e+03  1.00003e+00  1.00088e+00
 1.52776e+03  1.00025e+00  1.00089e+00
 1.52778e+03  9.99199e-01  1.00090e+00
 1.52780e+03  9.98864e-01  1.00091e+00
 1.52783e+03  9.98277e-01  1.00092e+00
 1.52785e+03  9.98018e-01  1.00094e+00
 1.52787e+03  9.98157e-01  1.00095e+00
 1.52789e+03  9.98586e-01  1.00096e+00
 1.52791e+03  1.00011e+00  1.00097e+00
 1.52793e+03  9.99636e-01  1.00098e+00
 1.52795e+03  9.99782e-01  1.00099e+00
 1.52797e+03  9.99632e-01  1.00100e+00
 1.52799e+03  1.00055e+00  1.00102e+00
 1.52801e+03  9.99519e-01  1.00103e+00
 1.52803e+03  9.99293e-01  1.00104e+00
 1.52805e+03  9.98825e-01  1.00105e+00
 1.52808e+03  9.99070e-01  1.00106e+00
 1.52810e+03  9.98602e-01  1.00108e+00
 1.52812e+03  9.98998e-01  1.00109e+00
 1.52814e+03  1.00063e+00  1.00110e+00
 1.52816e+03  9.99601e-01  1.00111e+00
 1.52818e+03  1.00051e+00  1.00113e+00
 1.52820e+03  9.99611e-01  1.00114e+00
 1.52822e+03  9.99369e-01  1.00115e+00
 1.52824e+03  9.99810e-01  1.00117e+00
 1.52826e+03  9.98961e-01  1.00118e+00
 1.52828e+03  9.99564e-01  1.00119e+00
 1.52830e+03  1.00040e+00  1.00121e+00
 1.52833e+03  1.00051e+00  1.00122e+00
 1.52835e+03  1.00066e+00  1.00124e+00
 1.52837e+03  1.00033e+00  1.00125e+00
 1.52839e+03  1.00072e+00  1.00126e+00
 1.52841e+03  9.99911e-01  1.00128e+00
 1.52843e+03  9.99454e-01  1.00129e+00
 1.52845e+03  9.98959e-01  1.00131e+00
 1.52847e+03  9.98941e-01  1.00132e+00
 1.52849e+03  9.98865e-01  1.00134e+00
 1.52851e+03  1.00039e+00  1.00135e+00
 1.52853e+03  1.00008e+00  1.00137e+00
 1.52855e+03  1.00096e+00  1.00138e+00
 1.52858e+03  1.00088e+00  1.00140e+00
 1.52860e+03  1.00039e+00  1.00141e+00
 1.52862e+03  1.00118e+00  1.00143e+00
 1.52864e+03  1.00048e+00  1.00144e+00
 1.52866e+03  1.00101e+00  1.00146e+00
 1.52868e+03  9.99027e-01  1.00148e+00
 1.52870e+03  1.00038e+00  1.00149e+00
 1.52872e+03  9.99833e-01  1.00151e+00
 1.52874e+03  1.00034e+00  1.00153e+00
 1.52876e+03  9.99235e-01  1.00154e+00
 1.52878e+03  1.00047e+00  1.00156e+00
 1.52880e+03  9.98829e-01  1.00158e+00
 1.52883e+03  9.98521e-01  1.00160e+00
 1.52885e+03  9.98949e-01  1.00161e+00
 1.52887e+03  9.98141e-01  1.00163e+00
 1.52889e+03  9.97993e-01  1.00165e+00
 1.52891e+03  9.99085e-01  1.00167e+00
 1.52893e+03  9.99587e-01  1.00169e+00
 1.52895e+03  1.00000e+00  1.00171e+00
 1.52897e+03  1.00050e+00  1.00172e+00
 1.52899e+03  9.99948e-01  1.00174e+00
 1.52901e+03  9.99854e-01  1.00176e+00
 1.52903e+03  9.99925e-01  1.00178e+00
 1.52905e+03  9.97705e-01  1.00180e+00
 1.53533e+03  1.03946e+00  1.02961e+00
 1.53535e+03  1.03861e+00  1.02862e+00
 1.53537e+03  1.03513e+00  1.02766e+00
 1.53539e+03  1.03322e+00  1.02671e+00
 1.53541e+03  1.03133e+00  1.02579e+00
 1.53543e+03  1.02939e+00  1.02490e+00
 1.53545e+03  1.02725e+00  1.02402e+00
 1.53547e+03  1.02559e+00  1.02317e+00
 1.53551e+03  1.02427e+00  1.02154e+00
 1.53553e+03  1.02393e+00  1.02076e+00
 1.53555e+03  1.02039e+00  1.02000e+00
 1.53558e+03  1.01906e+00  1.01926e+00
 1.53560e+03  1.01966e+00  1.01855e+00
 1.53562e+03  1.01767e+00  1.01785e+00
 1.53564e+03  1.01577e+00  1.01718e+00
 1.53566e+03  1.01605e+00  1.01652e+00
 1.53568e+03  1.01506e+00  1.01589e+00
 1.53572e+03  1.01504e+00  1.01468e+00
 1.53574e+03  1.01624e+00  1.01411e+00
 1.53576e+03  1.01463e+00  1.01355e+00
 1.53578e+03  1.01546e+00  1.01301e+00
 1.53580e+03  1.01537e+00  1.01249e+00
 1.53583e+03  1.01413e+00  1.01198e+00
 1.53585e+03  1.01273e+00  1.01150e+00
 1.53587e+03  1.01199e+00  1.01102e+00
 1.53589e+03  1.00970e+00  1.01056e+00
 1.53591e+03  1.00912e+00  1.01012e+00
 1.53593e+03  1.00741e+00  1.00970e+00
 1.53595e+03  1.00665e+00  1.00928e+00
 1.53597e+03  1.00682e+00  1.00888e+00
 1.53599e+03  1.00682e+00  1.00850e+00
 1.53601e+03  1.00569e+00  1.00812e+00
 1.53603e+03  1.00395e+00  1.00776e+00
 1.53605e+03  1.00346e+00  1.00742e+00
 1.53608e+03  1.00251e+00  1.00708e+00
 1.53610e+03  1.00266e+00  1.00675e+00
 1.53612e+03  1.00211e+00  1.00644e+00
 1.53614e+03  1.00206e+00  1.00613e+00
 1.53616e+03  1.00200e+00  1.00584e+00
 1.53618e+03  1.00147e+00  1.00556e+00
 1.53620e+03  1.00139e+00  1.00528e+00
 1.53622e+03  1.00052e+00  1.00502e+00
 1.53624e+03  9.99031e-01  1.00476e+00
 1.53626e+03  1.00024e+00  1.00452e+00
 1.53628e+03  1.00024e+00  1.00428e+00
 1.53631e+03  1.00015e+00  1.00405e+00
 1.53633e+03  1.00018e+00  1.00382e+00
 1.53635e+03  9.98400e-01  1.00361e+00
 1.53637e+03  9.98327e-01  1.00340e+00
 1.53639e+03  9.98809e-01  1.00320e+00
 1.53641e+03  9.99644e-01  1.00301e+00
 1.53643e+03  1.00147e+00  1.00282e+00
 1.53645e+03  9.99425e-01  1.00264e+00
 1.53647e+03  1.00135e+00  1.00246e+00
 1.53649e+03  9.99256e-01  1.00229e+00
 1.53651e+03  1.00016e+00  1.00213e+00
 1.53653e+03  9.97875e-01  1.00197e+00
 1.53658e+03  9.97574e-01  1.00167e+00
 1.53660e+03  9.98301e-01  1.00153e+00
 1.53662e+03  9.97831e-01  1.00139e+00
 1.53664e+03  9.99736e-01  1.00126e+00
 1.53666e+03  9.98036e-01  1.00113e+00
 1.53668e+03  9.98309e-01  1.00101e+00
 1.53670e+03  1.00052e+00  1.00089e+00
 1.53672e+03  9.98921e-01  1.00077e+00
 1.53674e+03  9.99228e-01  1.00066e+00
 1.53676e+03  9.96686e-01  1.00055e+00
 1.53678e+03  9.96651e-01  1.00045e+00
 1.53681e+03  9.97155e-01  1.00035e+00
 1.53683e+03  9.98468e-01  1.00025e+00
 1.53685e+03  9.98035e-01  1.00015e+00
 1.53687e+03  9.97566e-01  1.00006e+00
 1.53689e+03  9.98645e-01  9.99975e-01
 1.53691e+03  9.97210e-01  9.99890e-01
 1.53693e+03  9.98660e-01  9.99807e-01
 1.53695e+03  9.98729e-01  9.99728e-01
 1.53697e+03  9.97868e-01  9.99651e-01
 1.53699e+03  9.96818e-01  9.99576e-01
 1.53701e+03  9.98676e-01  9.99504e-01
 1.53703e+03  9.98487e-01  9.99435e-01
 1.53706e+03  9.99672e-01  9.99368e-01
 1.53708e+03  9.98770e-01  9.99303e-01
 1.53710e+03  9.98658e-01  9.99240e-01
 1.53712e+03  9.99562e-01  9.99179e-01
 1.53714e+03  9.99226e-01  9.99121e-01
 1.53716e+03  9.97719e-01  9.99064e-01
 1.53718e+03  9.99603e-01  9.99009e-01
 1.53720e+03  9.98996e-01  9.98956e-01
 1.53722e+03  9.99219e-01  9.98905e-01
 1.53724e+03  9.99075e-01  9.98855e-01
 1.53726e+03  9.98422e-01  9.98807e-01
 1.53728e+03  9.98499e-01  9.98761e-01
 1.53733e+03  9.98042e-01  9.98673e-01
 1.53737e+03  9.98935e-01  9.98591e-01
 1.53739e+03  9.97115e-01  9.98552e-01
 1.53741e+03  9.96851e-01  9.98514e-01
 1.53743e+03  9.97982e-01  9.98477e-01
 1.53745e+03  9.97543e-01  9.98442e-01
 1.53747e+03  9.99282e-01  9.98408e-01
 1.53749e+03  9.96716e-01  9.98375e-01
 1.53751e+03  9.97212e-01  9.98343e-01
 1.53753e+03  9.99243e-01  9.98313e-01
 1.53758e+03  9.97718e-01  9.98254e-01
 1.53760e+03  9.96144e-01  9.98226e-01
 1.53762e+03  9.97151e-01  9.98200e-01
 1.53764e+03  9.99021e-01  9.98174e-01
 1.53766e+03  9.98011e-01  9.98149e-01
 1.53768e+03  9.98540e-01  9.98125e-01
 1.53770e+03  9.98624e-01  9.98101e-01
 1.53772e+03  9.99259e-01  9.98079e-01
 1.53774e+03  9.97842e-01  9.98057e-01
 1.53776e+03  1.00026e+00  9.98036e-01
 1.53778e+03  9.99594e-01  9.98016e-01
 1.53781e+03  9.98913e-01  9.97996e-01
 1.53783e+03  9.99559e-01  9.97977e-01
 1.53785e+03  9.98835e-01  9.97959e-01
 1.53787e+03  1.00036e+00  9.97941e-01
 1.53789e+03  1.00088e+00  9.97925e-01
 1.53791e+03  1.00032e+00  9.97908e-01
 1.53793e+03  9.99375e-01  9.97892e-01
 1.53795e+03  1.00048e+00  9.97877e-01
 1.53797e+03  1.00004e+00  9.97862e-01
 1.53799e+03  1.00019e+00  9.97848e-01
 1.53801e+03  1.00030e+00  9.97835e-01
 1.53803e+03  9.99727e-01  9.97822e-01
 1.53806e+03  1.00055e+00  9.97809e-01
 1.53810e+03  1.00124e+00  9.97785e-01
 1.53812e+03  1.00076e+00  9.97774e-01
 1.53814e+03  1.00258e+00  9.97763e-01
 1.53816e+03  1.00297e+00  9.97752e-01
 1.53818e+03  1.00351e+00  9.97742e-01
 1.53820e+03  1.00346e+00  9.97733e-01
 1.53822e+03  1.00365e+00  9.97723e-01
 1.53824e+03  1.00434e+00  9.97714e-01
 1.53826e+03  1.00487e+00  9.97706e-01
 1.53828e+03  1.00577e+00  9.97698e-01
 1.53831e+03  1.00570e+00  9.97690e-01
 1.53833e+03  1.00594e+00  9.97682e-01
 1.53835e+03  1.00503e+00  9.97675e-01
 1.53837e+03  1.00304e+00  9.97668e-01
 1.53839e+03  1.00259e+00  9.97661e-01
 1.53841e+03  1.00268e+00  9.97655e-01
 1.53843e+03  1.00229e+00  9.97648e-01
 1.53845e+03  1.00185e+00  9.97643e-01
 1.53847e+03  1.00230e+00  9.97637e-01
 1.53851e+03  1.00037e+00  9.97626e-01
 1.53853e+03  1.00129e+00  9.97622e-01
 1.53856e+03  9.99364e-01  9.97617e-01
 1.53858e+03  9.98898e-01  9.97613e-01
 1.53860e+03  9.97903e-01  9.97608e-01
 1.53862e+03  9.98324e-01  9.97604e-01
 1.53864e+03  9.98590e-01  9.97600e-01
 1.53866e+03  9.99072e-01  9.97597e-01
 1.53868e+03  9.98863e-01  9.97593e-01
 1.53870e+03  9.97668e-01  9.97590e-01
 1.53872e+03  9.99416e-01  9.97587e-01
 1.53874e+03  9.98609e-01  9.97584e-01
 1.53876e+03  9.98342e-01  9.97582e-01
 1.53878e+03  9.98072e-01  9.97579e-01
 1.53881e+03  9.97313e-01  9.97577e-01
 1.53883e+03  9.98699e-01  9.97574e-01
 1.53885e+03  9.97655e-01  9.97572e-01
 1.53887e+03  9.97561e-01  9.97570e-01
 1.53889e+03  9.98116e-01  9.97568e-01
 1.53891e+03  9.99619e-01  9.97567e-01
 1.53893e+03  9.98213e-01  9.97565e-01
 1.53895e+03  9.98606e-01  9.97564e-01
 1.53897e+03  9.97507e-01  9.97563e-01
 1.53899e+03  9.97712e-01  9.97561e-01
 1.53903e+03  9.99763e-01  9.97559e-01
 1.53906e+03  9.98182e-01  9.97559e-01
 1.53908e+03  9.99051e-01  9.97558e-01
 1.53910e+03  9.98575e-01  9.97557e-01
 1.53912e+03  9.99241e-01  9.97557e-01
 1.53914e+03  9.99155e-01  9.97556e-01
 1.53916e+03  9.98051e-01  9.97556e-01
 1.53918e+03  9.98794e-01  9.97556e-01
 1.53920e+03  9.99693e-01  9.97555e-01
 1.53922e+03  9.99137e-01  9.97555e-01
 1.53924e+03  9.98851e-01  9.97555e-01
 1.53926e+03  9.98616e-01  9.97555e-01
 1.53928e+03  9.99688e-01  9.97556e-01
 1.53931e+03  9.98800e-01  9.97556e-01
 1.53933e+03  1.00063e+00  9.97556e-01
 1.53935e+03  9.99581e-01  9.97557e-01
 1.53937e+03  9.98737e-01  9.97557e-01
 1.53939e+03  1.00025e+00  9.97558e-01
 1.53941e+03  9.97600e-01  9.97558e-01
 1.53943e+03  9.98793e-01  9.97559e-01
 1.53945e+03  1.00000e+00  9.97559e-01
 1.53947e+03  9.99036e-01  9.97560e-01
 1.53949e+03  1.00182e+00  9.97561e-01
 1.53953e+03  9.99711e-01  9.97563e-01
 1.53956e+03  9.99330e-01  9.97564e-01
 1.53958e+03  9.98458e-01  9.97565e-01
 1.53960e+03  9.98842e-01  9.97566e-01
 1.53962e+03  9.98461e-01  9.97567e-01
 1.53970e+03  9.98160e-01  9.97572e-01
 1.53972e+03  9.99295e-01  9.97573e-01
 1.53974e+03  9.99987e-01  9.97575e-01
 1.53976e+03  9.97554e-01  9.97576e-01
 1.53978e+03  9.99562e-01  9.97577e-01
 1.53981e+03  9.97651e-01  9.97579e-01
 1.53983e+03  9.98572e-01  9.97580e-01
 1.53985e+03  9.99064e-01  9.97582e-01
 1.53987e+03  9.96393e-01  9.97584e-01
 1.53989e+03  9.98731e-01  9.97585e-01
 1.53991e+03  9.98769e-01  9.97587e-01
 1.53993e+03  9.97552e-01  9.97588e-01
 1.53995e+03  9.98053e-01  9.97590e-01
 1.53997e+03  9.98606e-01  9.97592e-01
 1.53999e+03  9.97826e-01  9.97593e-01
 1.54001e+03  9.97718e-01  9.97595e-01
 1.54003e+03  9.96155e-01  9.97597e-01
 1.54006e+03  9.98616e-01  9.97599e-01
 1.54008e+03  9.99528e-01  9.97601e-01
 1.54010e+03  9.99320e-01  9.97602e-01
 1.54012e+03  9.99431e-01  9.97604e-01
 1.54014e+03  9.97936e-01  9.97606e-01
 1.54016e+03  9.99016e-01  9.97608e-01
 1.54018e+03  9.97186e-01  9.97610e-01
 1.54020e+03  9.99328e-01  9.97612e-01
 1.54022e+03  9.97501e-01  9.97614e-01
 1.54024e+03  9.98235e-01  9.97616e-01
 1.54026e+03  1.00012e+00  9.97618e-01
 1.54028e+03  9.99150e-01  9.97620e-01
 1.54031e+03  9.98960e-01  9.97622e-01
 1.54033e+03  1.00049e+00  9.97624e-01
 1.54035e+03  9.99926e-01  9.97626e-01
 1.54037e+03  9.99976e-01  9.97628e-01
 1.54039e+03  1.00075e+00  9.97630e-01
 1.54041e+03  1.00111e+00  9.97632e-01
 1.54043e+03  1.00040e+00  9.97634e-01
 1.54045e+03  1.00082e+00  9.97636e-01
 1.54047e+03  1.00018e+00  9.97638e-01
 1.54049e+03  1.00074e+00  9.97640e-01
 1.54051e+03  1.00109e+00  9.97642e-01
 1.54053e+03  1.00008e+00  9.97644e-01
 1.54056e+03  1.00042e+00  9.97647e-01
 1.54058e+03  9.98974e-01  9.97649e-01
 1.54060e+03  9.98013e-01  9.97651e-01
 1.54062e+03  1.00001e+00  9.97653e-01
 1.54064e+03  9.99140e-01  9.97655e-01
 1.54066e+03  9.99941e-01  9.97657e-01
 1.54068e+03  9.99626e-01  9.97659e-01
 1.54070e+03  9.99420e-01  9.97662e-01
 1.54072e+03  1.00009e+00  9.97664e-01
 1.54074e+03  1.00033e+00  9.97666e-01
 1.54076e+03  1.00020e+00  9.97668e-01
 1.54078e+03  1.00072e+00  9.97670e-01
 1.54081e+03  9.99686e-01  9.97672e-01
 1.54083e+03  1.00077e+00  9.97675e-01
 1.54085e+03  9.98989e-01  9.97677e-01
 1.54087e+03  9.98333e-01  9.97679e-01
 1.54089e+03  9.97717e-01  9.97681e-01
 1.54091e+03  9.98997e-01  9.97683e-01
 1.54095e+03  9.99103e-01  9.97688e-01
 1.54097e+03  1.00018e+00  9.97690e-01
 1.54099e+03  9.99937e-01  9.97692e-01
 1.54101e+03  9.99914e-01  9.97694e-01
 1.54103e+03  9.98630e-01  9.97697e-01
 1.54106e+03  9.97522e-01  9.97699e-01
 1.54108e+03  1.00010e+00  9.97701e-01
 1.54112e+03  9.98188e-01  9.97705e-01
 1.54114e+03  9.99237e-01  9.97707e-01
 1.54116e+03  9.95256e-01  9.97710e-01
 1.54118e+03  9.97705e-01  9.97712e-01
 1.54120e+03  9.97841e-01  9.97714e-01
 1.54122e+03  9.98187e-01  9.97716e-01
 1.54124e+03  9.97289e-01  9.97718e-01
 1.54126e+03  9.96550e-01  9.97721e-01
 1.54128e+03  9.96514e-01  9.97723e-01
 1.54131e+03  9.97999e-01  9.97725e-01
 1.54133e+03  9.98699e-01  9.97727e-01
 1.54135e+03  9.98689e-01  9.97729e-01
 1.54137e+03  9.98430e-01  9.97731e-01
 1.54139e+03  9.98774e-01  9.97734e-01
 1.54141e+03  9.97691e-01  9.97736e-01
 1.54143e+03  9.98163e-01  9.97738e-01
 1.54145e+03  9.97900e-01  9.97740e-01
 1.54147e+03  9.98364e-01  9.97742e-01
 1.54149e+03  9.99378e-01  9.97744e-01
 1.54151e+03  9.97550e-01  9.97747e-01
 1.54153e+03  9.96622e-01  9.97749e-01
 1.54156e+03  9.98188e-01  9.97751e-01
 1.54158e+03  9.99236e-01  9.97753e-01
 1.54160e+03  9.98646e-01  9.97755e-01
 1.54162e+03  1.00008e+00  9.97757e-01
 1.54164e+03  9.98240e-01  9.97759e-01
 1.54166e+03  9.99564e-01  9.97761e-01
 1.54168e+03  9.99940e-01  9.97764e-01
 1.54170e+03  1.00011e+00  9.97766e-01
 1.54172e+03  9.99120e-01  9.97768e-01
 1.54174e+03  1.00070e+00  9.97770e-01
 1.54176e+03  1.00074e+00  9.97772e-01
 1.54178e+03  9.99623e-01  9.97774e-01
 1.54181e+03  1.00138e+00  9.97776e-01
 1.54183e+03  1.00094e+00  9.97778e-01
 1.54185e+03  1.00059e+00  9.97780e-01
 1.54187e+03  1.00107e+00  9.97782e-01
 1.54191e+03  1.00179e+00  9.97787e-01
 1.54193e+03  1.00126e+00  9.97789e-01
 1.54197e+03  1.00317e+00  9.97793e-01
 1.54199e+03  1.00256e+00  9.97795e-01
