188
 3.13110e-02  1.00072e+00  1.00413e+00
 1.00764e-01  1.00076e+00  1.00250e+00
 1.70901e-01  9.99737e-01  1.00147e+00
 2.45891e-01  9.98962e-01  1.00079e+00
 3.02131e-01  9.98473e-01  1.00045e+00
 3.54201e-01  9.98014e-01  1.00023e+00
 4.13264e-01  9.98861e-01  1.00005e+00
 5.00081e-01  9.99366e-01  9.99869e-01
 6.14661e-01  9.97877e-01  9.99726e-01
 7.18841e-01  9.97546e-01  9.99649e-01
 8.21594e-01  9.98244e-01  9.99603e-01
 9.03527e-01  9.98852e-01  9.99578e-01
 9.75744e-01  9.98893e-01  9.99563e-01
 1.04520e+00  9.98739e-01  9.99553e-01
 1.11949e+00  9.99971e-01  9.99545e-01
 1.19103e+00  1.00065e+00  9.99540e-01
 1.26047e+00  1.00083e+00  9.99536e-01
 1.32992e+00  1.00008e+00  9.99534e-01
 1.42160e+00  1.00110e+00  9.99533e-01
 1.53898e+00  1.00036e+00  9.99533e-01
 1.64592e+00  9.98812e-01  9.99535e-01
 1.77228e+00  9.98415e-01  9.99537e-01
 1.88894e+00  9.98257e-01  9.99539e-01
 1.99310e+00  9.98927e-01  9.99542e-01
 2.09727e+00  9.99825e-01  9.99545e-01
 2.20144e+00  9.99695e-01  9.99547e-01
 2.30839e+00  9.99880e-01  9.99550e-01
 2.43060e+00  9.99935e-01  9.99553e-01
 2.53477e+00  9.98884e-01  9.99555e-01
 2.63894e+00  9.98487e-01  9.99557e-01
 2.74310e+00  9.98511e-01  9.99559e-01
 2.84728e+00  9.99124e-01  9.99561e-01
 2.95145e+00  9.99906e-01  9.99563e-01
 3.05562e+00  1.00146e+00  9.99565e-01
 3.15979e+00  1.00136e+00  9.99566e-01
 3.26395e+00  1.00063e+00  9.99567e-01
 3.36812e+00  1.00077e+00  9.99569e-01
 3.47229e+00  1.00035e+00  9.99570e-01
 3.57645e+00  9.99527e-01  9.99571e-01
 3.68062e+00  9.98468e-01  9.99572e-01
 3.78479e+00  9.99030e-01  9.99573e-01
 3.88895e+00  9.98947e-01  9.99574e-01
 3.99312e+00  9.99668e-01  9.99575e-01
 4.09729e+00  1.00041e+00  9.99577e-01
 4.20423e+00  1.00091e+00  9.99580e-01
 4.31604e+00  1.00046e+00  9.99583e-01
 4.42020e+00  9.99786e-01  9.99588e-01
 4.52437e+00  9.99546e-01  9.99594e-01
 4.62854e+00  9.98749e-01  9.99603e-01
 4.73270e+00  9.97393e-01  9.99617e-01
 4.82855e+00  9.98390e-01  9.99634e-01
 4.89939e+00  9.99318e-01  9.99651e-01
 4.96882e+00  9.99080e-01  9.99673e-01
 5.03828e+00  9.98992e-01  9.99702e-01
 5.10773e+00  9.98988e-01  9.99740e-01
 5.17717e+00  9.98802e-01  9.99792e-01
 5.24661e+00  9.99695e-01  9.99861e-01
 5.31607e+00  1.00014e+00  9.99958e-01
 5.38550e+00  9.99357e-01  1.00009e+00
 5.45495e+00  1.00002e+00  1.00029e+00
 5.52440e+00  9.99129e-01  1.00058e+00
 5.59384e+00  9.99802e-01  1.00101e+00
 5.66328e+00  1.00138e+00  1.00169e+00
 5.73273e+00  1.00246e+00  1.00277e+00
 5.80216e+00  1.00400e+00  1.00447e+00
 5.87160e+00  1.00678e+00  1.00700e+00
 5.94661e+00  1.00894e+00  1.01018e+00
 6.01743e+00  1.01177e+00  1.01172e+00
 6.08689e+00  1.01252e+00  1.01033e+00
 6.15633e+00  1.01103e+00  1.00737e+00
 6.22577e+00  1.00792e+00  1.00470e+00
 6.29522e+00  1.00517e+00  1.00286e+00
 6.36466e+00  1.00281e+00  1.00170e+00
 6.43550e+00  1.00179e+00  1.00096e+00
 6.51049e+00  9.99679e-01  1.00048e+00
 6.57993e+00  9.99484e-01  1.00019e+00
 6.64939e+00  9.98504e-01  9.99993e-01
 6.71883e+00  9.99006e-01  9.99859e-01
 6.79314e+00  9.99250e-01  9.99761e-01
 6.86466e+00  9.98653e-01  9.99694e-01
 6.93410e+00  9.99209e-01  9.99648e-01
 7.00356e+00  9.98549e-01  9.99615e-01
 7.07299e+00  9.99850e-01  9.99590e-01
 7.14868e+00  1.00143e+00  9.99571e-01
 7.21883e+00  1.00184e+00  9.99558e-01
 7.28827e+00  1.00116e+00  9.99549e-01
 7.36189e+00  1.00041e+00  9.99543e-01
 7.43410e+00  1.00029e+00  9.99538e-01
 7.50356e+00  1.00007e+00  9.99535e-01
 7.57299e+00  9.99880e-01  9.99534e-01
 7.64244e+00  9.99605e-01  9.99533e-01
 7.71190e+00  9.98930e-01  9.99533e-01
 7.78134e+00  9.98758e-01  9.99534e-01
 7.85078e+00  9.99935e-01  9.99534e-01
 6.26220e-02  1.00072e+00  1.00330e+00
 2.01529e-01  1.00076e+00  1.00115e+00
 3.41802e-01  9.99737e-01  1.00028e+00
 4.91782e-01  9.98962e-01  9.99883e-01
 6.04262e-01  9.98473e-01  9.99736e-01
 7.08402e-01  9.98014e-01  9.99655e-01
 8.26529e-01  9.98861e-01  9.99601e-01
 1.00016e+00  9.99366e-01  9.99559e-01
 1.22932e+00  9.97877e-01  9.99538e-01
 1.43768e+00  9.97546e-01  9.99533e-01
 1.64319e+00  9.98244e-01  9.99535e-01
 1.80705e+00  9.98852e-01  9.99538e-01
 1.95149e+00  9.98893e-01  9.99541e-01
 2.09039e+00  9.98739e-01  9.99544e-01
 2.23899e+00  9.99971e-01  9.99548e-01
 2.38205e+00  1.00065e+00  9.99552e-01
 2.52094e+00  1.00083e+00  9.99555e-01
 2.65985e+00  1.00008e+00  9.99558e-01
 2.84321e+00  1.00110e+00  9.99561e-01
 3.07796e+00  1.00036e+00  9.99565e-01
 3.29184e+00  9.98812e-01  9.99568e-01
 3.54455e+00  9.98415e-01  9.99570e-01
 3.77787e+00  9.98257e-01  9.99573e-01
 3.98619e+00  9.98927e-01  9.99575e-01
 4.19453e+00  9.99825e-01  9.99579e-01
 4.40287e+00  9.99695e-01  9.99587e-01
 4.61678e+00  9.99880e-01  9.99602e-01
 4.86119e+00  9.99935e-01  9.99641e-01
 5.06953e+00  9.98884e-01  9.99718e-01
 5.27787e+00  9.98487e-01  9.99901e-01
 5.48619e+00  9.98511e-01  1.00040e+00
 5.69455e+00  9.99124e-01  1.00211e+00
 5.90289e+00  9.99906e-01  1.00835e+00
 6.11123e+00  1.00146e+00  1.00935e+00
 6.31957e+00  1.00136e+00  1.00239e+00
 6.52789e+00  1.00063e+00  1.00039e+00
 6.73623e+00  1.00077e+00  9.99833e-01
 6.94457e+00  1.00035e+00  9.99642e-01
 7.15289e+00  9.99527e-01  9.99570e-01
 7.36123e+00  9.98468e-01  9.99543e-01
 7.56957e+00  9.99030e-01  9.99534e-01
 7.77789e+00  9.98947e-01  9.99534e-01
 7.98623e+00  9.99668e-01  9.99537e-01
 8.19457e+00  1.00041e+00  9.99542e-01
 8.40846e+00  1.00091e+00  9.99547e-01
 8.63207e+00  1.00046e+00  9.99553e-01
 8.84039e+00  9.99786e-01  9.99557e-01
 9.04873e+00  9.99546e-01  9.99561e-01
 9.25707e+00  9.98749e-01  9.99564e-01
 9.46539e+00  9.97393e-01  9.99567e-01
 9.65709e+00  9.98390e-01  9.99569e-01
 9.79877e+00  9.99318e-01  9.99571e-01
 9.93764e+00  9.99080e-01  9.99572e-01
 1.00766e+01  9.98992e-01  9.99574e-01
 1.02155e+01  9.98988e-01  9.99576e-01
 1.03543e+01  9.98802e-01  9.99578e-01
 1.04932e+01  9.99695e-01  9.99582e-01
 1.06321e+01  1.00014e+00  9.99588e-01
 1.07710e+01  9.99357e-01  9.99597e-01
 1.09099e+01  1.00002e+00  9.99611e-01
 1.10488e+01  9.99129e-01  9.99635e-01
 1.11877e+01  9.99802e-01  9.99675e-01
 1.13266e+01  1.00138e+00  9.99744e-01
 1.14655e+01  1.00246e+00  9.99868e-01
 1.16043e+01  1.00400e+00  1.00011e+00
 1.17432e+01  1.00678e+00  1.00061e+00
 1.18932e+01  1.00894e+00  1.00191e+00
 1.20349e+01  1.01177e+00  1.00510e+00
 1.21738e+01  1.01252e+00  1.01069e+00
 1.23127e+01  1.01103e+00  1.00984e+00
 1.24515e+01  1.00792e+00  1.00430e+00
 1.25904e+01  1.00517e+00  1.00154e+00
 1.27293e+01  1.00281e+00  1.00045e+00
 1.28710e+01  1.00179e+00  9.99974e-01
 1.30210e+01  9.99679e-01  9.99745e-01
 1.31599e+01  9.99484e-01  9.99641e-01
 1.32988e+01  9.98504e-01  9.99586e-01
 1.34377e+01  9.99006e-01  9.99557e-01
 1.35863e+01  9.99250e-01  9.99542e-01
 1.37293e+01  9.98653e-01  9.99535e-01
 1.38682e+01  9.99209e-01  9.99533e-01
 1.40071e+01  9.98549e-01  9.99534e-01
 1.41460e+01  9.99850e-01  9.99536e-01
 1.42974e+01  1.00143e+00  9.99539e-01
 1.44377e+01  1.00184e+00  9.99542e-01
 1.45765e+01  1.00116e+00  9.99546e-01
 1.47238e+01  1.00041e+00  9.99550e-01
 1.48682e+01  1.00029e+00  9.99553e-01
 1.50071e+01  1.00007e+00  9.99556e-01
 1.51460e+01  9.99880e-01  9.99559e-01
 1.52849e+01  9.99605e-01  9.99561e-01
 1.54238e+01  9.98930e-01  9.99564e-01
 1.55627e+01  9.98758e-01  9.99566e-01
 1.57016e+01  9.99935e-01  9.99567e-01
