868
 5.37600e-03  1.00246e+00  1.00157e+00
 1.28530e-02  1.00245e+00  1.00152e+00
 2.22690e-02  1.00227e+00  1.00146e+00
 3.24610e-02  1.00224e+00  1.00139e+00
 4.09810e-02  1.00209e+00  1.00133e+00
 4.94840e-02  1.00190e+00  1.00128e+00
 5.84900e-02  1.00175e+00  1.00122e+00
 6.83880e-02  1.00147e+00  1.00116e+00
 7.80760e-02  1.00128e+00  1.00110e+00
 8.84020e-02  1.00109e+00  1.00103e+00
 9.69860e-02  1.00110e+00  1.00098e+00
 1.07028e-01  1.00058e+00  1.00092e+00
 1.14768e-01  1.00095e+00  1.00087e+00
 1.23283e-01  1.00067e+00  1.00083e+00
 1.32887e-01  1.00065e+00  1.00077e+00
 1.42603e-01  1.00035e+00  1.00072e+00
 1.52126e-01  1.00017e+00  1.00067e+00
 1.60601e-01  1.00033e+00  1.00062e+00
 1.69905e-01  1.00000e+00  1.00057e+00
 1.77268e-01  1.00011e+00  1.00054e+00
 1.85712e-01  1.00002e+00  1.00049e+00
 1.95324e-01  9.99802e-01  1.00045e+00
 2.04064e-01  9.99717e-01  1.00041e+00
 2.14543e-01  9.99719e-01  1.00036e+00
 2.22824e-01  9.99709e-01  1.00032e+00
 2.32193e-01  9.99631e-01  1.00028e+00
 2.40584e-01  9.99485e-01  1.00024e+00
 2.48722e-01  9.99579e-01  1.00021e+00
 2.57743e-01  9.99397e-01  1.00017e+00
 2.66871e-01  9.99356e-01  1.00014e+00
 2.77228e-01  9.99344e-01  1.00010e+00
 2.86720e-01  9.99310e-01  1.00006e+00
 2.94824e-01  9.99206e-01  1.00003e+00
 3.05407e-01  9.99190e-01  9.99997e-01
 3.14309e-01  9.99499e-01  9.99967e-01
 3.23098e-01  9.99243e-01  9.99939e-01
 3.32193e-01  9.99378e-01  9.99911e-01
 3.40797e-01  9.99190e-01  9.99885e-01
 3.48569e-01  9.99313e-01  9.99862e-01
 3.56731e-01  9.99400e-01  9.99839e-01
 3.64768e-01  9.99130e-01  9.99817e-01
 3.72295e-01  9.99069e-01  9.99798e-01
 3.80366e-01  9.99759e-01  9.99777e-01
 3.88811e-01  9.99406e-01  9.99756e-01
 3.97659e-01  9.99198e-01  9.99736e-01
 4.05592e-01  9.99279e-01  9.99718e-01
 4.13871e-01  9.99257e-01  9.99700e-01
 4.22728e-01  9.99166e-01  9.99681e-01
 4.31002e-01  9.99396e-01  9.99665e-01
 4.38514e-01  9.99151e-01  9.99650e-01
 4.47660e-01  9.99290e-01  9.99633e-01
 4.55928e-01  9.99168e-01  9.99619e-01
 4.64543e-01  9.99213e-01  9.99604e-01
 4.73559e-01  9.99289e-01  9.99590e-01
 4.82507e-01  9.99413e-01  9.99577e-01
 4.90584e-01  9.99362e-01  9.99565e-01
 4.99925e-01  9.99433e-01  9.99553e-01
 5.09230e-01  9.99341e-01  9.99541e-01
 5.19632e-01  9.99495e-01  9.99528e-01
 5.29062e-01  9.99578e-01  9.99518e-01
 5.36720e-01  9.99327e-01  9.99510e-01
 5.45110e-01  9.99444e-01  9.99502e-01
 5.53869e-01  9.99396e-01  9.99494e-01
 5.61761e-01  9.99322e-01  9.99487e-01
 5.70650e-01  9.99476e-01  9.99480e-01
 5.78808e-01  9.99211e-01  9.99474e-01
 5.86963e-01  9.99566e-01  9.99469e-01
 5.95539e-01  9.99365e-01  9.99463e-01
 6.03431e-01  9.99473e-01  9.99459e-01
 6.11637e-01  9.99577e-01  9.99455e-01
 6.19665e-01  9.99509e-01  9.99451e-01
 6.31276e-01  9.99529e-01  9.99446e-01
 6.40055e-01  9.99516e-01  9.99443e-01
 6.47649e-01  9.99751e-01  9.99441e-01
 6.55602e-01  9.99629e-01  9.99439e-01
 6.64064e-01  9.99612e-01  9.99437e-01
 6.73504e-01  9.99530e-01  9.99436e-01
 6.83531e-01  9.99668e-01  9.99435e-01
 6.91612e-01  9.99853e-01  9.99434e-01
 7.00077e-01  9.99764e-01  9.99434e-01
 7.09884e-01  9.99512e-01  9.99434e-01
 7.20539e-01  9.99787e-01  9.99434e-01
 7.29104e-01  9.99701e-01  9.99435e-01
 7.38127e-01  9.99699e-01  9.99436e-01
 7.46550e-01  9.99534e-01  9.99438e-01
 7.54682e-01  9.99950e-01  9.99439e-01
 7.62863e-01  9.99788e-01  9.99441e-01
 7.71922e-01  9.99573e-01  9.99443e-01
 7.81438e-01  9.99861e-01  9.99446e-01
 7.89514e-01  9.99630e-01  9.99449e-01
 7.98116e-01  9.99905e-01  9.99452e-01
 8.05992e-01  9.99691e-01  9.99454e-01
 8.14899e-01  9.99875e-01  9.99458e-01
 8.24301e-01  9.99957e-01  9.99462e-01
 8.33343e-01  9.99764e-01  9.99466e-01
 8.42297e-01  9.99865e-01  9.99470e-01
 8.50740e-01  9.99831e-01  9.99474e-01
 8.60076e-01  1.00006e+00  9.99479e-01
 8.68492e-01  1.00008e+00  9.99483e-01
 8.76697e-01  9.99822e-01  9.99487e-01
 8.87017e-01  1.00008e+00  9.99493e-01
 8.94682e-01  9.99891e-01  9.99497e-01
 9.04593e-01  1.00008e+00  9.99503e-01
 9.12088e-01  1.00091e+00  9.99508e-01
 9.20171e-01  1.00008e+00  9.99513e-01
 9.28859e-01  1.00005e+00  9.99518e-01
 9.38686e-01  9.99912e-01  9.99525e-01
 9.48281e-01  1.00060e+00  9.99531e-01
 9.55635e-01  9.99796e-01  9.99536e-01
 9.64522e-01  1.00006e+00  9.99542e-01
 9.72275e-01  1.00015e+00  9.99547e-01
 9.81306e-01  1.00004e+00  9.99553e-01
 9.91095e-01  1.00012e+00  9.99560e-01
 9.99261e-01  1.00013e+00  9.99566e-01
 1.00823e+00  1.00007e+00  9.99573e-01
 1.01662e+00  9.99940e-01  9.99579e-01
 1.02497e+00  1.00025e+00  9.99585e-01
 1.03517e+00  1.00015e+00  9.99592e-01
 1.04269e+00  1.00019e+00  9.99598e-01
 1.05190e+00  1.00005e+00  9.99605e-01
 1.06019e+00  1.00049e+00  9.99611e-01
 1.06873e+00  1.00018e+00  9.99618e-01
 1.07724e+00  9.99863e-01  9.99624e-01
 1.08656e+00  1.00024e+00  9.99631e-01
 1.09571e+00  9.99993e-01  9.99639e-01
 1.10361e+00  1.00034e+00  9.99645e-01
 1.11218e+00  9.99990e-01  9.99651e-01
 1.11973e+00  1.00013e+00  9.99657e-01
 1.12726e+00  1.00009e+00  9.99663e-01
 1.13597e+00  1.00031e+00  9.99670e-01
 1.14367e+00  1.00012e+00  9.99676e-01
 1.15216e+00  1.00005e+00  9.99682e-01
 1.16062e+00  1.00011e+00  9.99689e-01
 1.16859e+00  1.00017e+00  9.99695e-01
 1.17744e+00  1.00022e+00  9.99702e-01
 1.18576e+00  1.00021e+00  9.99709e-01
 1.19419e+00  1.00022e+00  9.99715e-01
 1.20439e+00  1.00003e+00  9.99723e-01
 1.21214e+00  1.00020e+00  9.99729e-01
 1.22158e+00  1.00019e+00  9.99737e-01
 1.23030e+00  1.00008e+00  9.99743e-01
 1.23888e+00  1.00026e+00  9.99750e-01
 1.24625e+00  1.00003e+00  9.99756e-01
 1.25703e+00  1.00039e+00  9.99764e-01
 1.26477e+00  1.00013e+00  9.99770e-01
 1.27248e+00  1.00009e+00  9.99776e-01
 1.28173e+00  1.00038e+00  9.99783e-01
 1.28994e+00  1.00029e+00  9.99789e-01
 1.29800e+00  1.00026e+00  9.99795e-01
 1.30620e+00  1.00028e+00  9.99801e-01
 1.31406e+00  1.00036e+00  9.99807e-01
 1.32239e+00  1.00047e+00  9.99813e-01
 1.33036e+00  1.00028e+00  9.99819e-01
 1.33862e+00  1.00016e+00  9.99825e-01
 1.34660e+00  1.00032e+00  9.99831e-01
 1.35464e+00  1.00023e+00  9.99837e-01
 1.36427e+00  1.00023e+00  9.99844e-01
 1.37208e+00  1.00020e+00  9.99850e-01
 1.38115e+00  1.00016e+00  9.99856e-01
 1.38954e+00  1.00026e+00  9.99862e-01
 1.39785e+00  1.00019e+00  9.99868e-01
 1.40671e+00  1.00032e+00  9.99874e-01
 1.41737e+00  1.00012e+00  9.99882e-01
 1.42656e+00  1.00043e+00  9.99888e-01
 1.43451e+00  1.00008e+00  9.99894e-01
 1.44286e+00  1.00023e+00  9.99899e-01
 1.45164e+00  1.00015e+00  9.99905e-01
 1.46018e+00  1.00015e+00  9.99911e-01
 1.46931e+00  1.00033e+00  9.99917e-01
 1.47768e+00  1.00014e+00  9.99923e-01
 1.48550e+00  1.00019e+00  9.99928e-01
 1.49343e+00  1.00011e+00  9.99933e-01
 1.50173e+00  1.00001e+00  9.99938e-01
 1.51097e+00  1.00025e+00  9.99944e-01
 1.51934e+00  9.99902e-01  9.99950e-01
 1.52789e+00  1.00031e+00  9.99955e-01
 1.53639e+00  1.00022e+00  9.99960e-01
 1.54517e+00  1.00021e+00  9.99966e-01
 1.55386e+00  1.00031e+00  9.99971e-01
 1.56371e+00  1.00004e+00  9.99977e-01
 1.57260e+00  1.00025e+00  9.99982e-01
 1.58175e+00  1.00009e+00  9.99988e-01
 1.59039e+00  1.00023e+00  9.99993e-01
 1.59889e+00  1.00006e+00  9.99998e-01
 1.60846e+00  1.00026e+00  1.00000e+00
 1.61682e+00  1.00021e+00  1.00001e+00
 1.62631e+00  9.99966e-01  1.00001e+00
 1.63609e+00  1.00042e+00  1.00002e+00
 1.64531e+00  1.00011e+00  1.00002e+00
 1.65480e+00  1.00028e+00  1.00003e+00
 1.66356e+00  1.00020e+00  1.00003e+00
 1.67219e+00  1.00019e+00  1.00004e+00
 1.68093e+00  1.00023e+00  1.00004e+00
 1.69039e+00  1.00006e+00  1.00005e+00
 1.70008e+00  1.00032e+00  1.00005e+00
 1.71005e+00  1.00033e+00  1.00006e+00
 1.71964e+00  1.00015e+00  1.00006e+00
 1.72768e+00  1.00011e+00  1.00007e+00
 1.73631e+00  1.00037e+00  1.00007e+00
 1.74441e+00  1.00015e+00  1.00008e+00
 1.75370e+00  1.00021e+00  1.00008e+00
 1.76237e+00  1.00020e+00  1.00008e+00
 1.77102e+00  1.00026e+00  1.00009e+00
 1.77953e+00  1.00044e+00  1.00009e+00
 1.78988e+00  1.00007e+00  1.00010e+00
 1.79915e+00  1.00024e+00  1.00010e+00
 1.80676e+00  1.00008e+00  1.00011e+00
 1.81525e+00  1.00025e+00  1.00011e+00
 1.82307e+00  1.00032e+00  1.00011e+00
 1.83100e+00  9.99979e-01  1.00012e+00
 1.83989e+00  1.00035e+00  1.00012e+00
 1.84814e+00  1.00023e+00  1.00012e+00
 1.85669e+00  1.00009e+00  1.00013e+00
 1.86576e+00  1.00025e+00  1.00013e+00
 1.87432e+00  9.99955e-01  1.00014e+00
 1.88237e+00  1.00009e+00  1.00014e+00
 1.89265e+00  1.00017e+00  1.00014e+00
 1.90101e+00  1.00025e+00  1.00015e+00
 1.90927e+00  1.00033e+00  1.00015e+00
 1.91752e+00  1.00029e+00  1.00015e+00
 1.92638e+00  1.00004e+00  1.00016e+00
 1.93431e+00  1.00022e+00  1.00016e+00
 1.94274e+00  1.00023e+00  1.00016e+00
 1.95093e+00  1.00008e+00  1.00017e+00
 1.95936e+00  1.00005e+00  1.00017e+00
 1.96826e+00  1.00023e+00  1.00017e+00
 1.97684e+00  9.99968e-01  1.00017e+00
 1.98531e+00  1.00018e+00  1.00018e+00
 1.99473e+00  1.00005e+00  1.00018e+00
 2.00293e+00  9.99911e-01  1.00018e+00
 2.01056e+00  1.00015e+00  1.00019e+00
 2.01850e+00  1.00009e+00  1.00019e+00
 2.02704e+00  1.00025e+00  1.00019e+00
 2.03599e+00  1.00008e+00  1.00020e+00
 2.04514e+00  9.99947e-01  1.00020e+00
 2.05503e+00  1.00021e+00  1.00020e+00
 2.06503e+00  9.99830e-01  1.00020e+00
 2.07430e+00  1.00023e+00  1.00021e+00
 2.08311e+00  1.00015e+00  1.00021e+00
 2.09172e+00  1.00022e+00  1.00021e+00
 2.10273e+00  9.99761e-01  1.00022e+00
 2.11203e+00  1.00030e+00  1.00022e+00
 2.12129e+00  1.00010e+00  1.00022e+00
 2.13231e+00  1.00013e+00  1.00023e+00
 2.14107e+00  1.00008e+00  1.00023e+00
 2.14948e+00  1.00028e+00  1.00023e+00
 2.15770e+00  1.00012e+00  1.00023e+00
 2.16700e+00  1.00008e+00  1.00024e+00
 2.17604e+00  1.00022e+00  1.00024e+00
 2.18544e+00  9.99923e-01  1.00024e+00
 2.19348e+00  1.00023e+00  1.00024e+00
 2.20252e+00  1.00006e+00  1.00024e+00
 2.21128e+00  1.00053e+00  1.00025e+00
 2.22248e+00  1.00010e+00  1.00025e+00
 2.23185e+00  1.00047e+00  1.00025e+00
 2.24022e+00  1.00021e+00  1.00025e+00
 2.24889e+00  1.00024e+00  1.00026e+00
 2.25740e+00  1.00015e+00  1.00026e+00
 2.26607e+00  1.00011e+00  1.00026e+00
 2.27596e+00  1.00004e+00  1.00026e+00
 2.28427e+00  1.00018e+00  1.00026e+00
 2.29420e+00  9.98975e-01  1.00027e+00
 2.30243e+00  1.00015e+00  1.00027e+00
 2.31200e+00  9.99756e-01  1.00027e+00
 2.32124e+00  1.00014e+00  1.00027e+00
 2.32973e+00  9.99211e-01  1.00027e+00
 2.33956e+00  9.99976e-01  1.00028e+00
 2.34819e+00  9.99870e-01  1.00028e+00
 2.35790e+00  1.00003e+00  1.00028e+00
 2.36623e+00  1.00014e+00  1.00028e+00
 2.37574e+00  1.00024e+00  1.00028e+00
 2.38509e+00  9.99991e-01  1.00029e+00
 2.39485e+00  1.00029e+00  1.00029e+00
 2.40350e+00  1.00005e+00  1.00029e+00
 2.41191e+00  9.99891e-01  1.00029e+00
 2.42036e+00  1.00023e+00  1.00029e+00
 2.42980e+00  9.99962e-01  1.00029e+00
 2.43894e+00  9.99847e-01  1.00030e+00
 2.44756e+00  1.00006e+00  1.00030e+00
 2.45615e+00  9.99790e-01  1.00030e+00
 2.46432e+00  1.00002e+00  1.00030e+00
 2.47298e+00  9.99985e-01  1.00030e+00
 2.48200e+00  9.99860e-01  1.00030e+00
 2.49242e+00  9.99890e-01  1.00031e+00
 2.50106e+00  9.99755e-01  1.00031e+00
 2.51017e+00  9.99788e-01  1.00031e+00
 2.51816e+00  9.99671e-01  1.00031e+00
 2.52599e+00  1.00001e+00  1.00031e+00
 2.53409e+00  9.99819e-01  1.00031e+00
 2.54235e+00  9.99653e-01  1.00031e+00
 2.55018e+00  9.99755e-01  1.00032e+00
 2.55962e+00  9.99886e-01  1.00032e+00
 2.56993e+00  1.00005e+00  1.00032e+00
 2.58075e+00  9.99847e-01  1.00032e+00
 2.58973e+00  9.99763e-01  1.00032e+00
 2.59810e+00  9.99877e-01  1.00032e+00
 2.60693e+00  9.99904e-01  1.00032e+00
 2.61604e+00  9.99930e-01  1.00032e+00
 2.62398e+00  9.99529e-01  1.00033e+00
 2.63241e+00  9.99805e-01  1.00033e+00
 2.64155e+00  9.99602e-01  1.00033e+00
 2.65186e+00  9.99726e-01  1.00033e+00
 2.66067e+00  1.00006e+00  1.00033e+00
 2.66895e+00  9.99798e-01  1.00033e+00
 2.67780e+00  9.99716e-01  1.00033e+00
 2.68704e+00  9.99806e-01  1.00033e+00
 2.69583e+00  9.99680e-01  1.00034e+00
 2.70396e+00  9.99468e-01  1.00034e+00
 2.71198e+00  9.99865e-01  1.00034e+00
 2.72110e+00  9.99424e-01  1.00034e+00
 2.73041e+00  9.99569e-01  1.00034e+00
 2.73981e+00  9.99857e-01  1.00034e+00
 2.74871e+00  9.99500e-01  1.00034e+00
 2.75707e+00  9.99655e-01  1.00034e+00
 2.76646e+00  9.99392e-01  1.00034e+00
 2.77478e+00  9.99575e-01  1.00034e+00
 2.78365e+00  9.99517e-01  1.00035e+00
 2.79235e+00  9.99575e-01  1.00035e+00
 2.80095e+00  9.99554e-01  1.00035e+00
 2.80898e+00  9.99338e-01  1.00035e+00
 2.81746e+00  9.99521e-01  1.00035e+00
 2.82696e+00  9.99271e-01  1.00035e+00
 2.83558e+00  9.99539e-01  1.00035e+00
 2.84410e+00  9.99508e-01  1.00035e+00
 2.85362e+00  9.99378e-01  1.00035e+00
 2.86250e+00  9.99451e-01  1.00035e+00
 2.87094e+00  9.99219e-01  1.00035e+00
 2.87909e+00  9.99453e-01  1.00035e+00
 2.88826e+00  9.99384e-01  1.00036e+00
 2.89652e+00  9.99518e-01  1.00036e+00
 2.90514e+00  9.99443e-01  1.00036e+00
 2.91399e+00  9.99307e-01  1.00036e+00
 2.92215e+00  9.99299e-01  1.00036e+00
 2.93181e+00  9.99113e-01  1.00036e+00
 2.94301e+00  9.99411e-01  1.00036e+00
 2.95357e+00  9.99192e-01  1.00036e+00
 2.96204e+00  9.99371e-01  1.00036e+00
 2.97177e+00  9.99203e-01  1.00036e+00
 2.98117e+00  9.99260e-01  1.00036e+00
 2.98938e+00  9.99470e-01  1.00036e+00
 2.99695e+00  9.99096e-01  1.00036e+00
 3.00474e+00  9.99238e-01  1.00037e+00
 3.01445e+00  9.98939e-01  1.00037e+00
 3.02312e+00  9.99327e-01  1.00037e+00
 3.03190e+00  9.99263e-01  1.00037e+00
 3.03987e+00  9.98994e-01  1.00037e+00
 3.04907e+00  9.99176e-01  1.00037e+00
 3.05812e+00  9.99134e-01  1.00037e+00
 3.06758e+00  9.99374e-01  1.00037e+00
 3.07652e+00  9.98953e-01  1.00037e+00
 3.08601e+00  9.99232e-01  1.00037e+00
 3.09470e+00  9.99197e-01  1.00037e+00
 3.10491e+00  9.99204e-01  1.00037e+00
 3.11511e+00  9.99221e-01  1.00037e+00
 3.12327e+00  9.99127e-01  1.00037e+00
 3.13252e+00  9.99186e-01  1.00037e+00
 3.14346e+00  9.99040e-01  1.00037e+00
 3.15325e+00  9.99225e-01  1.00037e+00
 3.16303e+00  9.99161e-01  1.00038e+00
 3.17238e+00  9.99218e-01  1.00038e+00
 3.18142e+00  9.99084e-01  1.00038e+00
 3.18959e+00  9.99439e-01  1.00038e+00
 3.19937e+00  9.98963e-01  1.00038e+00
 3.20652e+00  9.99561e-01  1.00038e+00
 3.21556e+00  9.99520e-01  1.00038e+00
 3.22380e+00  9.99260e-01  1.00038e+00
 3.23165e+00  9.99582e-01  1.00038e+00
 3.24103e+00  9.99252e-01  1.00038e+00
 3.25007e+00  9.99482e-01  1.00038e+00
 3.25953e+00  9.99444e-01  1.00038e+00
 3.26824e+00  9.99504e-01  1.00038e+00
 3.27782e+00  9.99374e-01  1.00038e+00
 3.28638e+00  9.99624e-01  1.00038e+00
 3.29533e+00  9.99376e-01  1.00038e+00
 3.30448e+00  9.99671e-01  1.00038e+00
 3.31443e+00  9.99852e-01  1.00038e+00
 3.32459e+00  9.99893e-01  1.00038e+00
 3.33379e+00  1.00000e+00  1.00038e+00
 3.34300e+00  1.00009e+00  1.00038e+00
 3.35188e+00  1.00023e+00  1.00038e+00
 3.36136e+00  1.00045e+00  1.00039e+00
 3.37048e+00  1.00030e+00  1.00039e+00
 3.38062e+00  1.00037e+00  1.00039e+00
 3.38902e+00  1.00040e+00  1.00039e+00
 3.39628e+00  1.00066e+00  1.00039e+00
 3.40444e+00  1.00062e+00  1.00039e+00
 3.41291e+00  1.00071e+00  1.00039e+00
 3.42135e+00  1.00092e+00  1.00039e+00
 3.43065e+00  1.00086e+00  1.00039e+00
 3.43948e+00  1.00128e+00  1.00039e+00
 3.44867e+00  1.00116e+00  1.00039e+00
 3.45711e+00  1.00144e+00  1.00039e+00
 3.46737e+00  1.00154e+00  1.00039e+00
 3.47648e+00  1.00157e+00  1.00039e+00
 3.48555e+00  1.00156e+00  1.00039e+00
 3.49435e+00  1.00190e+00  1.00039e+00
 3.50263e+00  1.00208e+00  1.00039e+00
 3.51156e+00  1.00198e+00  1.00039e+00
 3.52082e+00  1.00245e+00  1.00039e+00
 3.52991e+00  1.00249e+00  1.00039e+00
 3.53876e+00  1.00259e+00  1.00039e+00
 3.54814e+00  1.00270e+00  1.00039e+00
 3.55689e+00  1.00285e+00  1.00039e+00
 3.56547e+00  1.00291e+00  1.00039e+00
 3.57523e+00  1.00339e+00  1.00039e+00
 3.58360e+00  1.00336e+00  1.00039e+00
 3.59338e+00  1.00367e+00  1.00039e+00
 3.60250e+00  1.00344e+00  1.00039e+00
 3.61296e+00  1.00360e+00  1.00039e+00
 3.62115e+00  1.00357e+00  1.00039e+00
 3.63062e+00  1.00383e+00  1.00039e+00
 3.63941e+00  1.00377e+00  1.00039e+00
 3.64912e+00  1.00382e+00  1.00039e+00
 3.65719e+00  1.00342e+00  1.00039e+00
 3.66548e+00  1.00399e+00  1.00039e+00
 3.67437e+00  1.00366e+00  1.00039e+00
 3.68311e+00  1.00401e+00  1.00039e+00
 3.69267e+00  1.00414e+00  1.00039e+00
 3.70152e+00  1.00400e+00  1.00039e+00
 3.70994e+00  1.00410e+00  1.00039e+00
 3.71854e+00  1.00396e+00  1.00039e+00
 3.72621e+00  1.00393e+00  1.00039e+00
 3.73504e+00  1.00390e+00  1.00039e+00
 3.74350e+00  1.00379e+00  1.00039e+00
 3.75238e+00  1.00382e+00  1.00039e+00
 3.76398e+00  1.00352e+00  1.00039e+00
 3.77330e+00  1.00367e+00  1.00039e+00
 3.78294e+00  1.00352e+00  1.00039e+00
 3.79120e+00  1.00353e+00  1.00039e+00
 3.80086e+00  1.00338e+00  1.00039e+00
 3.80920e+00  1.00324e+00  1.00039e+00
 3.81821e+00  1.00314e+00  1.00039e+00
 3.82722e+00  1.00293e+00  1.00039e+00
 3.83518e+00  1.00288e+00  1.00039e+00
 1.07520e-02  1.00246e+00  1.00154e+00
 2.57060e-02  1.00245e+00  1.00143e+00
 4.45390e-02  1.00227e+00  1.00131e+00
 6.49230e-02  1.00224e+00  1.00118e+00
 8.19630e-02  1.00209e+00  1.00107e+00
 9.89680e-02  1.00190e+00  1.00097e+00
 1.16980e-01  1.00175e+00  1.00086e+00
 1.36775e-01  1.00147e+00  1.00075e+00
 1.56152e-01  1.00128e+00  1.00064e+00
 1.76805e-01  1.00109e+00  1.00054e+00
 1.93972e-01  1.00110e+00  1.00045e+00
 2.14055e-01  1.00058e+00  1.00036e+00
 2.29536e-01  1.00095e+00  1.00029e+00
 2.46566e-01  1.00067e+00  1.00022e+00
 2.65773e-01  1.00065e+00  1.00014e+00
 2.85206e-01  1.00035e+00  1.00007e+00
 3.04252e-01  1.00017e+00  1.00000e+00
 3.21201e-01  1.00033e+00  9.99945e-01
 3.39811e-01  1.00000e+00  9.99888e-01
 3.54536e-01  1.00011e+00  9.99845e-01
 3.71424e-01  1.00002e+00  9.99800e-01
 3.90648e-01  9.99802e-01  9.99752e-01
 4.08127e-01  9.99717e-01  9.99712e-01
 4.29086e-01  9.99719e-01  9.99668e-01
 4.45647e-01  9.99709e-01  9.99637e-01
 4.64386e-01  9.99631e-01  9.99605e-01
 4.81167e-01  9.99485e-01  9.99579e-01
 4.97443e-01  9.99579e-01  9.99556e-01
 5.15486e-01  9.99397e-01  9.99533e-01
 5.33741e-01  9.99356e-01  9.99513e-01
 5.54456e-01  9.99344e-01  9.99493e-01
 5.73440e-01  9.99310e-01  9.99478e-01
 5.89649e-01  9.99206e-01  9.99467e-01
 6.10815e-01  9.99190e-01  9.99455e-01
 6.28618e-01  9.99499e-01  9.99447e-01
 6.46195e-01  9.99243e-01  9.99442e-01
 6.64386e-01  9.99378e-01  9.99437e-01
 6.81594e-01  9.99190e-01  9.99435e-01
 6.97138e-01  9.99313e-01  9.99434e-01
 7.13463e-01  9.99400e-01  9.99434e-01
 7.29536e-01  9.99130e-01  9.99435e-01
 7.44589e-01  9.99069e-01  9.99437e-01
 7.60732e-01  9.99759e-01  9.99441e-01
 7.77621e-01  9.99406e-01  9.99445e-01
 7.95318e-01  9.99198e-01  9.99451e-01
 8.11184e-01  9.99279e-01  9.99456e-01
 8.27741e-01  9.99257e-01  9.99463e-01
 8.45457e-01  9.99166e-01  9.99471e-01
 8.62005e-01  9.99396e-01  9.99479e-01
 8.77027e-01  9.99151e-01  9.99487e-01
 8.95320e-01  9.99290e-01  9.99498e-01
 9.11857e-01  9.99168e-01  9.99508e-01
 9.29086e-01  9.99213e-01  9.99518e-01
 9.47118e-01  9.99289e-01  9.99530e-01
 9.65014e-01  9.99413e-01  9.99542e-01
 9.81167e-01  9.99362e-01  9.99553e-01
 9.99850e-01  9.99433e-01  9.99567e-01
 1.01846e+00  9.99341e-01  9.99580e-01
 1.03927e+00  9.99495e-01  9.99595e-01
 1.05812e+00  9.99578e-01  9.99610e-01
 1.07344e+00  9.99327e-01  9.99621e-01
 1.09022e+00  9.99444e-01  9.99634e-01
 1.10774e+00  9.99396e-01  9.99648e-01
 1.12352e+00  9.99322e-01  9.99660e-01
 1.14130e+00  9.99476e-01  9.99674e-01
 1.15762e+00  9.99211e-01  9.99687e-01
 1.17393e+00  9.99566e-01  9.99700e-01
 1.19108e+00  9.99365e-01  9.99713e-01
 1.20686e+00  9.99473e-01  9.99725e-01
 1.22327e+00  9.99577e-01  9.99738e-01
 1.23933e+00  9.99509e-01  9.99750e-01
 1.26255e+00  9.99529e-01  9.99768e-01
 1.28011e+00  9.99516e-01  9.99782e-01
 1.29530e+00  9.99751e-01  9.99793e-01
 1.31120e+00  9.99629e-01  9.99805e-01
 1.32813e+00  9.99612e-01  9.99818e-01
 1.34701e+00  9.99530e-01  9.99832e-01
 1.36706e+00  9.99668e-01  9.99846e-01
 1.38322e+00  9.99853e-01  9.99858e-01
 1.40015e+00  9.99764e-01  9.99870e-01
 1.41977e+00  9.99512e-01  9.99883e-01
 1.44108e+00  9.99787e-01  9.99898e-01
 1.45821e+00  9.99701e-01  9.99910e-01
 1.47625e+00  9.99699e-01  9.99922e-01
 1.49310e+00  9.99534e-01  9.99933e-01
 1.50937e+00  9.99950e-01  9.99943e-01
 1.52573e+00  9.99788e-01  9.99954e-01
 1.54384e+00  9.99573e-01  9.99965e-01
 1.56288e+00  9.99861e-01  9.99977e-01
 1.57903e+00  9.99630e-01  9.99986e-01
 1.59623e+00  9.99905e-01  9.99996e-01
 1.61199e+00  9.99691e-01  1.00001e+00
 1.62980e+00  9.99875e-01  1.00002e+00
 1.64860e+00  9.99957e-01  1.00003e+00
 1.66669e+00  9.99764e-01  1.00004e+00
 1.68459e+00  9.99865e-01  1.00005e+00
 1.70148e+00  9.99831e-01  1.00005e+00
 1.72015e+00  1.00006e+00  1.00006e+00
 1.73699e+00  1.00008e+00  1.00007e+00
 1.75340e+00  9.99822e-01  1.00008e+00
 1.77403e+00  1.00008e+00  1.00009e+00
 1.78937e+00  9.99891e-01  1.00010e+00
 1.80919e+00  1.00008e+00  1.00011e+00
 1.82418e+00  1.00091e+00  1.00011e+00
 1.84034e+00  1.00008e+00  1.00012e+00
 1.85772e+00  1.00005e+00  1.00013e+00
 1.87737e+00  9.99912e-01  1.00014e+00
 1.89656e+00  1.00060e+00  1.00014e+00
 1.91127e+00  9.99796e-01  1.00015e+00
 1.92904e+00  1.00006e+00  1.00016e+00
 1.94455e+00  1.00015e+00  1.00016e+00
 1.96261e+00  1.00004e+00  1.00017e+00
 1.98219e+00  1.00012e+00  1.00018e+00
 1.99852e+00  1.00013e+00  1.00018e+00
 2.01647e+00  1.00007e+00  1.00019e+00
 2.03325e+00  9.99940e-01  1.00019e+00
 2.04995e+00  1.00025e+00  1.00020e+00
 2.07035e+00  1.00015e+00  1.00021e+00
 2.08539e+00  1.00019e+00  1.00021e+00
 2.10380e+00  1.00005e+00  1.00022e+00
 2.12039e+00  1.00049e+00  1.00022e+00
 2.13747e+00  1.00018e+00  1.00023e+00
 2.15448e+00  9.99863e-01  1.00023e+00
 2.17312e+00  1.00024e+00  1.00024e+00
 2.19142e+00  9.99993e-01  1.00024e+00
 2.20723e+00  1.00034e+00  1.00025e+00
 2.22436e+00  9.99990e-01  1.00025e+00
 2.23947e+00  1.00013e+00  1.00025e+00
 2.25452e+00  1.00009e+00  1.00026e+00
 2.27195e+00  1.00031e+00  1.00026e+00
 2.28735e+00  1.00012e+00  1.00027e+00
 2.30431e+00  1.00005e+00  1.00027e+00
 2.32124e+00  1.00011e+00  1.00027e+00
 2.33719e+00  1.00017e+00  1.00028e+00
 2.35488e+00  1.00022e+00  1.00028e+00
 2.37152e+00  1.00021e+00  1.00028e+00
 2.38837e+00  1.00022e+00  1.00029e+00
 2.40878e+00  1.00003e+00  1.00029e+00
 2.42428e+00  1.00020e+00  1.00029e+00
 2.44315e+00  1.00019e+00  1.00030e+00
 2.46060e+00  1.00008e+00  1.00030e+00
 2.47776e+00  1.00026e+00  1.00030e+00
 2.49251e+00  1.00003e+00  1.00031e+00
 2.51406e+00  1.00039e+00  1.00031e+00
 2.52954e+00  1.00013e+00  1.00031e+00
 2.54495e+00  1.00009e+00  1.00031e+00
 2.56346e+00  1.00038e+00  1.00032e+00
 2.57988e+00  1.00029e+00  1.00032e+00
 2.59599e+00  1.00026e+00  1.00032e+00
 2.61241e+00  1.00028e+00  1.00032e+00
 2.62811e+00  1.00036e+00  1.00033e+00
 2.64479e+00  1.00047e+00  1.00033e+00
 2.66072e+00  1.00028e+00  1.00033e+00
 2.67723e+00  1.00016e+00  1.00033e+00
 2.69320e+00  1.00032e+00  1.00033e+00
 2.70929e+00  1.00023e+00  1.00034e+00
 2.72854e+00  1.00023e+00  1.00034e+00
 2.74416e+00  1.00020e+00  1.00034e+00
 2.76231e+00  1.00016e+00  1.00034e+00
 2.77909e+00  1.00026e+00  1.00034e+00
 2.79571e+00  1.00019e+00  1.00035e+00
 2.81343e+00  1.00032e+00  1.00035e+00
 2.83474e+00  1.00012e+00  1.00035e+00
 2.85313e+00  1.00043e+00  1.00035e+00
 2.86902e+00  1.00008e+00  1.00035e+00
 2.88571e+00  1.00023e+00  1.00036e+00
 2.90327e+00  1.00015e+00  1.00036e+00
 2.92036e+00  1.00015e+00  1.00036e+00
 2.93863e+00  1.00033e+00  1.00036e+00
 2.95535e+00  1.00014e+00  1.00036e+00
 2.97099e+00  1.00019e+00  1.00036e+00
 2.98686e+00  1.00011e+00  1.00036e+00
 3.00346e+00  1.00001e+00  1.00037e+00
 3.02195e+00  1.00025e+00  1.00037e+00
 3.03867e+00  9.99902e-01  1.00037e+00
 3.05578e+00  1.00031e+00  1.00037e+00
 3.07279e+00  1.00022e+00  1.00037e+00
 3.09034e+00  1.00021e+00  1.00037e+00
 3.10772e+00  1.00031e+00  1.00037e+00
 3.12742e+00  1.00004e+00  1.00037e+00
 3.14520e+00  1.00025e+00  1.00037e+00
 3.16350e+00  1.00009e+00  1.00038e+00
 3.18078e+00  1.00023e+00  1.00038e+00
 3.19779e+00  1.00006e+00  1.00038e+00
 3.21691e+00  1.00026e+00  1.00038e+00
 3.23364e+00  1.00021e+00  1.00038e+00
 3.25262e+00  9.99966e-01  1.00038e+00
 3.27218e+00  1.00042e+00  1.00038e+00
 3.29061e+00  1.00011e+00  1.00038e+00
 3.30959e+00  1.00028e+00  1.00038e+00
 3.32713e+00  1.00020e+00  1.00038e+00
 3.34438e+00  1.00019e+00  1.00038e+00
 3.36186e+00  1.00023e+00  1.00039e+00
 3.38079e+00  1.00006e+00  1.00039e+00
 3.40015e+00  1.00032e+00  1.00039e+00
 3.42009e+00  1.00033e+00  1.00039e+00
 3.43928e+00  1.00015e+00  1.00039e+00
 3.45535e+00  1.00011e+00  1.00039e+00
 3.47262e+00  1.00037e+00  1.00039e+00
 3.48882e+00  1.00015e+00  1.00039e+00
 3.50739e+00  1.00021e+00  1.00039e+00
 3.52474e+00  1.00020e+00  1.00039e+00
 3.54203e+00  1.00026e+00  1.00039e+00
 3.55907e+00  1.00044e+00  1.00039e+00
 3.57976e+00  1.00007e+00  1.00039e+00
 3.59829e+00  1.00024e+00  1.00039e+00
 3.61353e+00  1.00008e+00  1.00039e+00
 3.63049e+00  1.00025e+00  1.00039e+00
 3.64614e+00  1.00032e+00  1.00039e+00
 3.66200e+00  9.99979e-01  1.00039e+00
 3.67978e+00  1.00035e+00  1.00039e+00
 3.69628e+00  1.00023e+00  1.00039e+00
 3.71339e+00  1.00009e+00  1.00039e+00
 3.73151e+00  1.00025e+00  1.00039e+00
 3.74864e+00  9.99955e-01  1.00039e+00
 3.76474e+00  1.00009e+00  1.00039e+00
 3.78531e+00  1.00017e+00  1.00039e+00
 3.80203e+00  1.00025e+00  1.00039e+00
 3.81855e+00  1.00033e+00  1.00039e+00
 3.83504e+00  1.00029e+00  1.00039e+00
 3.85276e+00  1.00004e+00  1.00039e+00
 3.86863e+00  1.00022e+00  1.00039e+00
 3.88548e+00  1.00023e+00  1.00039e+00
 3.90187e+00  1.00008e+00  1.00039e+00
 3.91873e+00  1.00005e+00  1.00039e+00
 3.93653e+00  1.00023e+00  1.00039e+00
 3.95368e+00  9.99968e-01  1.00039e+00
 3.97063e+00  1.00018e+00  1.00039e+00
 3.98945e+00  1.00005e+00  1.00039e+00
 4.00586e+00  9.99911e-01  1.00039e+00
 4.02111e+00  1.00015e+00  1.00039e+00
 4.03700e+00  1.00009e+00  1.00039e+00
 4.05409e+00  1.00025e+00  1.00039e+00
 4.07197e+00  1.00008e+00  1.00039e+00
 4.09028e+00  9.99947e-01  1.00039e+00
 4.11006e+00  1.00021e+00  1.00039e+00
 4.13006e+00  9.99830e-01  1.00038e+00
 4.14860e+00  1.00023e+00  1.00038e+00
 4.16622e+00  1.00015e+00  1.00038e+00
 4.18343e+00  1.00022e+00  1.00038e+00
 4.20545e+00  9.99761e-01  1.00038e+00
 4.22405e+00  1.00030e+00  1.00038e+00
 4.24258e+00  1.00010e+00  1.00038e+00
 4.26462e+00  1.00013e+00  1.00037e+00
 4.28214e+00  1.00008e+00  1.00037e+00
 4.29897e+00  1.00028e+00  1.00037e+00
 4.31540e+00  1.00012e+00  1.00037e+00
 4.33400e+00  1.00008e+00  1.00037e+00
 4.35209e+00  1.00022e+00  1.00037e+00
 4.37089e+00  9.99923e-01  1.00036e+00
 4.38696e+00  1.00023e+00  1.00036e+00
 4.40505e+00  1.00006e+00  1.00036e+00
 4.42256e+00  1.00053e+00  1.00036e+00
 4.44495e+00  1.00010e+00  1.00035e+00
 4.46369e+00  1.00047e+00  1.00035e+00
 4.48043e+00  1.00021e+00  1.00035e+00
 4.49779e+00  1.00024e+00  1.00035e+00
 4.51480e+00  1.00015e+00  1.00034e+00
 4.53214e+00  1.00011e+00  1.00034e+00
 4.55193e+00  1.00004e+00  1.00034e+00
 4.56855e+00  1.00018e+00  1.00033e+00
 4.58840e+00  9.98975e-01  1.00033e+00
 4.60486e+00  1.00015e+00  1.00033e+00
 4.62399e+00  9.99756e-01  1.00032e+00
 4.64248e+00  1.00014e+00  1.00032e+00
 4.65947e+00  9.99211e-01  1.00032e+00
 4.67913e+00  9.99976e-01  1.00031e+00
 4.69638e+00  9.99870e-01  1.00031e+00
 4.71579e+00  1.00003e+00  1.00030e+00
 4.73245e+00  1.00014e+00  1.00030e+00
 4.75148e+00  1.00024e+00  1.00029e+00
 4.77017e+00  9.99991e-01  1.00029e+00
 4.78969e+00  1.00029e+00  1.00028e+00
 4.80700e+00  1.00005e+00  1.00028e+00
 4.82382e+00  9.99891e-01  1.00027e+00
 4.84073e+00  1.00023e+00  1.00026e+00
 4.85959e+00  9.99962e-01  1.00026e+00
 4.87788e+00  9.99847e-01  1.00025e+00
 4.89511e+00  1.00006e+00  1.00024e+00
 4.91230e+00  9.99790e-01  1.00024e+00
 4.92864e+00  1.00002e+00  1.00023e+00
 4.94595e+00  9.99985e-01  1.00022e+00
 4.96400e+00  9.99860e-01  1.00022e+00
 4.98484e+00  9.99890e-01  1.00021e+00
 5.00213e+00  9.99755e-01  1.00020e+00
 5.02034e+00  9.99788e-01  1.00019e+00
 5.03632e+00  9.99671e-01  1.00018e+00
 5.05199e+00  1.00001e+00  1.00018e+00
 5.06818e+00  9.99819e-01  1.00017e+00
 5.08469e+00  9.99653e-01  1.00016e+00
 5.10036e+00  9.99755e-01  1.00015e+00
 5.11923e+00  9.99886e-01  1.00014e+00
 5.13986e+00  1.00005e+00  1.00013e+00
 5.16150e+00  9.99847e-01  1.00012e+00
 5.17945e+00  9.99763e-01  1.00010e+00
 5.19620e+00  9.99877e-01  1.00009e+00
 5.21386e+00  9.99904e-01  1.00008e+00
 5.23208e+00  9.99930e-01  1.00007e+00
 5.24797e+00  9.99529e-01  1.00006e+00
 5.26482e+00  9.99805e-01  1.00005e+00
 5.28310e+00  9.99602e-01  1.00003e+00
 5.30372e+00  9.99726e-01  1.00002e+00
 5.32134e+00  1.00006e+00  1.00001e+00
 5.33790e+00  9.99798e-01  9.99992e-01
 5.35560e+00  9.99716e-01  9.99978e-01
 5.37409e+00  9.99806e-01  9.99962e-01
 5.39165e+00  9.99680e-01  9.99947e-01
 5.40792e+00  9.99468e-01  9.99933e-01
 5.42397e+00  9.99865e-01  9.99919e-01
 5.44220e+00  9.99424e-01  9.99902e-01
 5.46081e+00  9.99569e-01  9.99885e-01
 5.47962e+00  9.99857e-01  9.99867e-01
 5.49742e+00  9.99500e-01  9.99849e-01
 5.51414e+00  9.99655e-01  9.99832e-01
 5.53292e+00  9.99392e-01  9.99813e-01
 5.54956e+00  9.99575e-01  9.99796e-01
 5.56730e+00  9.99517e-01  9.99777e-01
 5.58469e+00  9.99575e-01  9.99758e-01
 5.60191e+00  9.99554e-01  9.99739e-01
 5.61795e+00  9.99338e-01  9.99721e-01
 5.63492e+00  9.99521e-01  9.99701e-01
 5.65393e+00  9.99271e-01  9.99679e-01
 5.67115e+00  9.99539e-01  9.99659e-01
 5.68821e+00  9.99508e-01  9.99638e-01
 5.70725e+00  9.99378e-01  9.99615e-01
 5.72499e+00  9.99451e-01  9.99593e-01
 5.74189e+00  9.99219e-01  9.99572e-01
 5.75819e+00  9.99453e-01  9.99552e-01
 5.77652e+00  9.99384e-01  9.99528e-01
 5.79303e+00  9.99518e-01  9.99507e-01
 5.81028e+00  9.99443e-01  9.99485e-01
 5.82798e+00  9.99307e-01  9.99462e-01
 5.84430e+00  9.99299e-01  9.99441e-01
 5.86363e+00  9.99113e-01  9.99415e-01
 5.88602e+00  9.99411e-01  9.99386e-01
 5.90714e+00  9.99192e-01  9.99358e-01
 5.92407e+00  9.99371e-01  9.99336e-01
 5.94355e+00  9.99203e-01  9.99311e-01
 5.96235e+00  9.99260e-01  9.99287e-01
 5.97876e+00  9.99470e-01  9.99266e-01
 5.99389e+00  9.99096e-01  9.99247e-01
 6.00947e+00  9.99238e-01  9.99228e-01
 6.02891e+00  9.98939e-01  9.99204e-01
 6.04624e+00  9.99327e-01  9.99184e-01
 6.06379e+00  9.99263e-01  9.99164e-01
 6.07974e+00  9.98994e-01  9.99146e-01
 6.09814e+00  9.99176e-01  9.99127e-01
 6.11624e+00  9.99134e-01  9.99108e-01
 6.13516e+00  9.99374e-01  9.99091e-01
 6.15303e+00  9.98953e-01  9.99075e-01
 6.17201e+00  9.99232e-01  9.99059e-01
 6.18939e+00  9.99197e-01  9.99047e-01
 6.20982e+00  9.99204e-01  9.99034e-01
 6.23022e+00  9.99221e-01  9.99023e-01
 6.24654e+00  9.99127e-01  9.99016e-01
 6.26504e+00  9.99186e-01  9.99010e-01
 6.28692e+00  9.99040e-01  9.99006e-01
 6.30650e+00  9.99225e-01  9.99006e-01
 6.32607e+00  9.99161e-01  9.99008e-01
 6.34475e+00  9.99218e-01  9.99014e-01
 6.36283e+00  9.99084e-01  9.99022e-01
 6.37918e+00  9.99439e-01  9.99032e-01
 6.39874e+00  9.98963e-01  9.99048e-01
 6.41304e+00  9.99561e-01  9.99062e-01
 6.43111e+00  9.99520e-01  9.99084e-01
 6.44760e+00  9.99260e-01  9.99106e-01
 6.46329e+00  9.99582e-01  9.99131e-01
 6.48206e+00  9.99252e-01  9.99165e-01
 6.50013e+00  9.99482e-01  9.99202e-01
 6.51905e+00  9.99444e-01  9.99246e-01
 6.53649e+00  9.99504e-01  9.99290e-01
 6.55564e+00  9.99374e-01  9.99345e-01
 6.57277e+00  9.99624e-01  9.99398e-01
 6.59065e+00  9.99376e-01  9.99459e-01
 6.60896e+00  9.99671e-01  9.99526e-01
 6.62886e+00  9.99852e-01  9.99606e-01
 6.64917e+00  9.99893e-01  9.99694e-01
 6.66757e+00  1.00000e+00  9.99780e-01
 6.68600e+00  1.00009e+00  9.99871e-01
 6.70376e+00  1.00023e+00  9.99964e-01
 6.72273e+00  1.00045e+00  1.00007e+00
 6.74096e+00  1.00030e+00  1.00018e+00
 6.76125e+00  1.00037e+00  1.00030e+00
 6.77803e+00  1.00040e+00  1.00041e+00
 6.79257e+00  1.00066e+00  1.00051e+00
 6.80888e+00  1.00062e+00  1.00062e+00
 6.82583e+00  1.00071e+00  1.00074e+00
 6.84269e+00  1.00092e+00  1.00087e+00
 6.86131e+00  1.00086e+00  1.00101e+00
 6.87897e+00  1.00128e+00  1.00115e+00
 6.89734e+00  1.00116e+00  1.00129e+00
 6.91423e+00  1.00144e+00  1.00143e+00
 6.93474e+00  1.00154e+00  1.00159e+00
 6.95296e+00  1.00157e+00  1.00174e+00
 6.97110e+00  1.00156e+00  1.00190e+00
 6.98869e+00  1.00190e+00  1.00204e+00
 7.00525e+00  1.00208e+00  1.00218e+00
 7.02312e+00  1.00198e+00  1.00233e+00
 7.04165e+00  1.00245e+00  1.00248e+00
 7.05982e+00  1.00249e+00  1.00262e+00
 7.07752e+00  1.00259e+00  1.00276e+00
 7.09628e+00  1.00270e+00  1.00290e+00
 7.11377e+00  1.00285e+00  1.00303e+00
 7.13093e+00  1.00291e+00  1.00315e+00
 7.15046e+00  1.00339e+00  1.00328e+00
 7.16720e+00  1.00336e+00  1.00339e+00
 7.18675e+00  1.00367e+00  1.00350e+00
 7.20501e+00  1.00344e+00  1.00360e+00
 7.22593e+00  1.00360e+00  1.00370e+00
 7.24230e+00  1.00357e+00  1.00377e+00
 7.26125e+00  1.00383e+00  1.00385e+00
 7.27882e+00  1.00377e+00  1.00390e+00
 7.29824e+00  1.00382e+00  1.00396e+00
 7.31439e+00  1.00342e+00  1.00399e+00
 7.33096e+00  1.00399e+00  1.00402e+00
 7.34875e+00  1.00366e+00  1.00403e+00
 7.36622e+00  1.00401e+00  1.00404e+00
 7.38535e+00  1.00414e+00  1.00404e+00
 7.40303e+00  1.00400e+00  1.00402e+00
 7.41987e+00  1.00410e+00  1.00400e+00
 7.43708e+00  1.00396e+00  1.00397e+00
 7.45241e+00  1.00393e+00  1.00393e+00
 7.47008e+00  1.00390e+00  1.00388e+00
 7.48700e+00  1.00379e+00  1.00382e+00
 7.50477e+00  1.00382e+00  1.00376e+00
 7.52796e+00  1.00352e+00  1.00365e+00
 7.54661e+00  1.00367e+00  1.00356e+00
 7.56587e+00  1.00352e+00  1.00346e+00
 7.58239e+00  1.00353e+00  1.00337e+00
 7.60172e+00  1.00338e+00  1.00325e+00
 7.61840e+00  1.00324e+00  1.00315e+00
 7.63643e+00  1.00314e+00  1.00303e+00
 7.65443e+00  1.00293e+00  1.00291e+00
 7.67036e+00  1.00288e+00  1.00280e+00
