864
 3.26600e-03  1.00049e+00  1.00146e+00
 1.02030e-02  9.99978e-01  1.00134e+00
 1.74560e-02  1.00030e+00  1.00121e+00
 2.41000e-02  1.00089e+00  1.00110e+00
 3.10430e-02  1.00018e+00  1.00098e+00
 3.82860e-02  9.99811e-01  1.00085e+00
 4.49300e-02  1.00076e+00  1.00074e+00
 5.18730e-02  1.00018e+00  1.00062e+00
 5.91200e-02  1.00010e+00  1.00051e+00
 6.57660e-02  1.00032e+00  1.00040e+00
 7.27030e-02  9.99806e-01  1.00029e+00
 7.99560e-02  1.00101e+00  1.00018e+00
 8.66000e-02  1.00026e+00  1.00009e+00
 9.42260e-02  9.99330e-01  9.99980e-01
 1.01392e-01  9.99825e-01  9.99884e-01
 1.08110e-01  1.00070e+00  9.99798e-01
 1.15158e-01  9.99383e-01  9.99713e-01
 1.22222e-01  1.00053e+00  9.99632e-01
 1.28960e-01  1.00030e+00  9.99559e-01
 1.36678e-01  1.00008e+00  9.99482e-01
 1.43744e-01  1.00016e+00  9.99416e-01
 1.50480e-01  1.00045e+00  9.99357e-01
 1.57542e-01  1.00030e+00  9.99301e-01
 1.64567e-01  1.00017e+00  9.99250e-01
 1.71310e-01  9.99746e-01  9.99206e-01
 1.78366e-01  1.00070e+00  9.99164e-01
 1.85404e-01  1.00002e+00  9.99127e-01
 1.92150e-01  1.00014e+00  9.99095e-01
 1.99186e-01  1.00017e+00  9.99067e-01
 2.06244e-01  1.00021e+00  9.99043e-01
 2.12980e-01  9.99933e-01  9.99023e-01
 2.20042e-01  1.00003e+00  9.99006e-01
 2.27459e-01  1.00018e+00  9.98993e-01
 2.34500e-01  1.00019e+00  9.98983e-01
 2.41572e-01  1.00022e+00  9.98977e-01
 2.49083e-01  1.00015e+00  9.98973e-01
 2.56444e-01  9.99877e-01  9.98973e-01
 2.63966e-01  9.99832e-01  9.98975e-01
 2.70424e-01  1.00034e+00  9.98980e-01
 2.76866e-01  1.00052e+00  9.98986e-01
 2.83936e-01  1.00013e+00  9.98994e-01
 2.90754e-01  9.99970e-01  9.99004e-01
 2.97000e-01  1.00055e+00  9.99014e-01
 3.04072e-01  1.00022e+00  9.99026e-01
 3.11370e-01  9.99841e-01  9.99041e-01
 3.17840e-01  1.00074e+00  9.99054e-01
 3.24872e-01  9.99614e-01  9.99069e-01
 3.31829e-01  1.00020e+00  9.99085e-01
 3.37980e-01  1.00056e+00  9.99100e-01
 3.45042e-01  1.00043e+00  9.99117e-01
 3.52360e-01  9.99229e-01  9.99135e-01
 3.59500e-01  1.00075e+00  9.99152e-01
 3.66671e-01  9.99291e-01  9.99170e-01
 3.74560e-01  1.00012e+00  9.99190e-01
 3.81131e-01  1.00026e+00  9.99206e-01
 3.88956e-01  1.00016e+00  9.99224e-01
 3.96021e-01  1.00013e+00  9.99241e-01
 4.02465e-01  9.99851e-01  9.99256e-01
 4.10109e-01  9.99986e-01  9.99273e-01
 4.16851e-01  9.99843e-01  9.99287e-01
 4.23295e-01  1.00006e+00  9.99301e-01
 4.30939e-01  1.00050e+00  9.99316e-01
 4.37661e-01  9.99835e-01  9.99329e-01
 4.44135e-01  9.99866e-01  9.99341e-01
 4.51456e-01  9.99702e-01  9.99354e-01
 4.57924e-01  9.99977e-01  9.99364e-01
 4.64366e-01  9.99262e-01  9.99374e-01
 4.71426e-01  1.00075e+00  9.99385e-01
 4.78254e-01  9.99419e-01  9.99394e-01
 4.84500e-01  9.99641e-01  9.99402e-01
 4.91572e-01  9.99690e-01  9.99411e-01
 4.98479e-01  9.99575e-01  9.99419e-01
 5.04640e-01  1.00036e+00  9.99425e-01
 5.11676e-01  1.00016e+00  9.99432e-01
 5.19036e-01  9.99759e-01  9.99438e-01
 5.25480e-01  9.99579e-01  9.99443e-01
 5.32522e-01  9.99465e-01  9.99448e-01
 5.39487e-01  9.99797e-01  9.99452e-01
 5.46776e-01  9.99720e-01  9.99456e-01
 5.54772e-01  9.99548e-01  9.99460e-01
 5.61564e-01  9.99645e-01  9.99462e-01
 5.67840e-01  1.00030e+00  9.99464e-01
 5.74872e-01  9.99666e-01  9.99466e-01
 5.81829e-01  9.99069e-01  9.99467e-01
 5.87980e-01  9.99562e-01  9.99468e-01
 5.95022e-01  9.99255e-01  9.99469e-01
 6.01987e-01  9.99893e-01  9.99469e-01
 6.08110e-01  9.99681e-01  9.99469e-01
 6.15158e-01  9.99541e-01  9.99469e-01
 6.22212e-01  9.99365e-01  9.99468e-01
 6.28254e-01  9.99660e-01  9.99468e-01
 6.35193e-01  9.99979e-01  9.99467e-01
 6.42446e-01  9.99465e-01  9.99465e-01
 6.49100e-01  9.99854e-01  9.99464e-01
 6.56594e-01  1.00001e+00  9.99462e-01
 6.63892e-01  9.99799e-01  9.99460e-01
 6.69924e-01  9.99419e-01  9.99459e-01
 6.76873e-01  9.99643e-01  9.99457e-01
 6.84712e-01  9.99661e-01  9.99455e-01
 6.90744e-01  1.00019e+00  9.99453e-01
 6.97693e-01  9.99440e-01  9.99450e-01
 7.05528e-01  9.99676e-01  9.99448e-01
 7.12205e-01  9.99830e-01  9.99446e-01
 7.19298e-01  9.99859e-01  9.99443e-01
 7.26684e-01  9.99666e-01  9.99441e-01
 7.33110e-01  9.99834e-01  9.99439e-01
 7.40158e-01  9.99710e-01  9.99437e-01
 7.47219e-01  9.99785e-01  9.99434e-01
 7.53940e-01  9.99408e-01  9.99432e-01
 7.60968e-01  9.98928e-01  9.99430e-01
 7.68049e-01  9.98952e-01  9.99428e-01
 7.74790e-01  1.00003e+00  9.99427e-01
 7.81798e-01  9.99218e-01  9.99425e-01
 7.88892e-01  9.99496e-01  9.99423e-01
 7.94924e-01  9.99385e-01  9.99422e-01
 8.01873e-01  9.99311e-01  9.99421e-01
 8.09687e-01  9.99281e-01  9.99419e-01
 8.15744e-01  9.99829e-01  9.99418e-01
 8.22693e-01  9.99385e-01  9.99417e-01
 8.29934e-01  9.99852e-01  9.99417e-01
 8.36902e-01  9.99506e-01  9.99416e-01
 8.44298e-01  9.99419e-01  9.99416e-01
 8.51773e-01  9.99640e-01  9.99416e-01
 8.58810e-01  9.99778e-01  9.99416e-01
 8.65866e-01  9.99974e-01  9.99416e-01
 8.72892e-01  9.99718e-01  9.99417e-01
 8.79640e-01  9.99873e-01  9.99417e-01
 8.86676e-01  9.99487e-01  9.99418e-01
 8.93732e-01  9.99774e-01  9.99419e-01
 9.00480e-01  9.99751e-01  9.99421e-01
 9.07512e-01  9.99489e-01  9.99422e-01
 9.14575e-01  9.99210e-01  9.99424e-01
 9.21310e-01  9.99212e-01  9.99426e-01
 9.28366e-01  9.99613e-01  9.99428e-01
 9.35392e-01  9.99838e-01  9.99431e-01
 9.42140e-01  9.99743e-01  9.99434e-01
 9.49176e-01  9.99461e-01  9.99437e-01
 9.56239e-01  9.99653e-01  9.99440e-01
 9.63670e-01  9.99731e-01  9.99444e-01
 9.70416e-01  1.01890e+00  9.99448e-01
 9.77075e-01  9.99602e-01  9.99452e-01
 9.83810e-01  9.99760e-01  9.99456e-01
 9.90570e-01  1.01629e+00  9.99460e-01
 9.97219e-01  9.99356e-01  9.99465e-01
 1.00393e+00  9.99793e-01  9.99470e-01
 1.01070e+00  1.01534e+00  9.99475e-01
 1.01742e+00  9.99354e-01  9.99480e-01
 1.02410e+00  9.99436e-01  9.99486e-01
 1.03083e+00  1.01335e+00  9.99492e-01
 1.03759e+00  9.99731e-01  9.99498e-01
 1.04432e+00  1.00004e+00  9.99505e-01
 1.05137e+00  1.01234e+00  9.99512e-01
 1.05842e+00  9.99759e-01  9.99519e-01
 1.06513e+00  9.99852e-01  9.99526e-01
 1.07182e+00  1.01108e+00  9.99534e-01
 1.07853e+00  9.99399e-01  9.99541e-01
 1.08530e+00  9.99825e-01  9.99550e-01
 1.09204e+00  9.99799e-01  9.99558e-01
 1.09871e+00  1.00989e+00  9.99566e-01
 1.10543e+00  9.99622e-01  9.99575e-01
 1.11247e+00  1.00829e+00  9.99585e-01
 1.11954e+00  9.99468e-01  9.99595e-01
 1.12624e+00  9.99663e-01  9.99604e-01
 1.13302e+00  9.99892e-01  9.99614e-01
 1.13968e+00  1.00614e+00  9.99625e-01
 1.14639e+00  9.99393e-01  9.99635e-01
 1.15315e+00  9.99793e-01  9.99646e-01
 1.15990e+00  1.00494e+00  9.99657e-01
 1.16657e+00  9.99173e-01  9.99668e-01
 1.17328e+00  9.99094e-01  9.99680e-01
 1.18006e+00  1.00328e+00  9.99692e-01
 1.18677e+00  9.99808e-01  9.99704e-01
 1.19382e+00  9.99160e-01  9.99717e-01
 1.20145e+00  9.99633e-01  9.99732e-01
 1.20821e+00  9.99730e-01  9.99745e-01
 1.21497e+00  9.99289e-01  9.99759e-01
 1.22171e+00  1.00055e+00  9.99772e-01
 1.22846e+00  9.99777e-01  9.99786e-01
 1.23517e+00  9.99967e-01  9.99801e-01
 1.24187e+00  1.00029e+00  9.99815e-01
 1.24857e+00  9.99584e-01  9.99830e-01
 1.25533e+00  9.99972e-01  9.99846e-01
 1.26208e+00  9.99538e-01  9.99861e-01
 1.26871e+00  9.99886e-01  9.99877e-01
 1.27548e+00  1.00002e+00  9.99894e-01
 1.28222e+00  9.99571e-01  9.99910e-01
 1.28957e+00  1.00015e+00  9.99929e-01
 1.29629e+00  9.99729e-01  9.99946e-01
 1.30337e+00  9.99259e-01  9.99965e-01
 1.31039e+00  9.99327e-01  9.99983e-01
 1.31763e+00  9.99471e-01  1.00000e+00
 1.32487e+00  9.99614e-01  1.00002e+00
 1.33190e+00  9.99310e-01  1.00004e+00
 1.33926e+00  9.99994e-01  1.00007e+00
 1.34601e+00  9.99491e-01  1.00009e+00
 1.35276e+00  1.00009e+00  1.00011e+00
 1.35948e+00  1.00000e+00  1.00013e+00
 1.36656e+00  9.99662e-01  1.00015e+00
 1.37357e+00  9.99747e-01  1.00017e+00
 1.38032e+00  9.99469e-01  1.00019e+00
 1.38708e+00  1.00013e+00  1.00022e+00
 1.39371e+00  9.99564e-01  1.00024e+00
 1.40048e+00  1.00018e+00  1.00026e+00
 1.40721e+00  1.00042e+00  1.00029e+00
 1.41390e+00  1.00002e+00  1.00031e+00
 1.42060e+00  9.99383e-01  1.00033e+00
 1.42736e+00  9.99682e-01  1.00036e+00
 1.43470e+00  1.00034e+00  1.00039e+00
 1.44210e+00  1.00040e+00  1.00042e+00
 1.44889e+00  9.99878e-01  1.00044e+00
 1.45553e+00  1.00022e+00  1.00047e+00
 1.46246e+00  1.00041e+00  1.00050e+00
 1.46971e+00  1.00061e+00  1.00053e+00
 1.47640e+00  1.00047e+00  1.00056e+00
 1.48310e+00  1.00073e+00  1.00058e+00
 1.48986e+00  1.00013e+00  1.00061e+00
 1.49661e+00  9.99765e-01  1.00064e+00
 1.50322e+00  1.00004e+00  1.00068e+00
 1.51019e+00  1.00042e+00  1.00071e+00
 1.51742e+00  1.00115e+00  1.00074e+00
 1.52408e+00  1.00024e+00  1.00077e+00
 1.53083e+00  1.00088e+00  1.00081e+00
 1.53758e+00  1.00014e+00  1.00084e+00
 1.54431e+00  1.00068e+00  1.00088e+00
 1.55097e+00  9.99935e-01  1.00091e+00
 1.55792e+00  1.00059e+00  1.00095e+00
 1.56562e+00  1.00092e+00  1.00099e+00
 1.57251e+00  1.00109e+00  1.00103e+00
 1.57923e+00  1.00155e+00  1.00106e+00
 1.58598e+00  1.00131e+00  1.00110e+00
 1.59263e+00  1.00115e+00  1.00114e+00
 1.59939e+00  1.00125e+00  1.00118e+00
 1.60593e+00  1.00126e+00  1.00122e+00
 1.61200e+00  1.00106e+00  1.00126e+00
 1.61816e+00  1.00126e+00  1.00129e+00
 1.62427e+00  1.00151e+00  1.00133e+00
 1.63041e+00  1.00117e+00  1.00137e+00
 1.63658e+00  1.00136e+00  1.00141e+00
 1.64293e+00  1.00153e+00  1.00145e+00
 1.64969e+00  1.00078e+00  1.00149e+00
 1.65644e+00  1.00191e+00  1.00154e+00
 1.66318e+00  1.00134e+00  1.00159e+00
 1.66983e+00  1.00213e+00  1.00163e+00
 1.67636e+00  1.00168e+00  1.00168e+00
 1.68253e+00  1.00210e+00  1.00172e+00
 1.68856e+00  1.00126e+00  1.00176e+00
 1.69471e+00  1.00199e+00  1.00181e+00
 1.70087e+00  1.00191e+00  1.00185e+00
 1.70700e+00  1.00223e+00  1.00190e+00
 1.71316e+00  1.00238e+00  1.00194e+00
 1.71941e+00  1.00218e+00  1.00199e+00
 1.72599e+00  1.00289e+00  1.00204e+00
 1.73212e+00  1.00212e+00  1.00208e+00
 1.73826e+00  1.00216e+00  1.00213e+00
 1.74437e+00  1.00294e+00  1.00218e+00
 1.75046e+00  1.00285e+00  1.00222e+00
 1.75660e+00  1.00342e+00  1.00227e+00
 1.76287e+00  1.00304e+00  1.00232e+00
 1.76950e+00  1.00279e+00  1.00237e+00
 1.77625e+00  1.00279e+00  1.00242e+00
 1.78241e+00  1.00304e+00  1.00247e+00
 1.78849e+00  1.00290e+00  1.00252e+00
 1.79462e+00  1.00309e+00  1.00257e+00
 1.80075e+00  1.00358e+00  1.00261e+00
 1.80814e+00  1.00429e+00  1.00267e+00
 1.81555e+00  1.00355e+00  1.00273e+00
 1.82232e+00  1.00433e+00  1.00278e+00
 1.82906e+00  1.00381e+00  1.00283e+00
 1.83579e+00  1.00391e+00  1.00287e+00
 1.84246e+00  1.00421e+00  1.00292e+00
 1.84921e+00  1.00464e+00  1.00297e+00
 1.85595e+00  1.00391e+00  1.00301e+00
 1.86329e+00  1.00409e+00  1.00306e+00
 1.87023e+00  1.00393e+00  1.00311e+00
 1.87745e+00  1.00415e+00  1.00315e+00
 1.88482e+00  1.00399e+00  1.00319e+00
 1.89156e+00  1.00384e+00  1.00323e+00
 1.89829e+00  1.00478e+00  1.00326e+00
 1.90496e+00  1.00513e+00  1.00330e+00
 1.91171e+00  1.00884e+00  1.00333e+00
 1.91845e+00  1.00463e+00  1.00335e+00
 1.92579e+00  1.00430e+00  1.00338e+00
 1.93273e+00  1.00469e+00  1.00340e+00
 1.93995e+00  1.00367e+00  1.00342e+00
 1.94663e+00  1.00505e+00  1.00343e+00
 1.95336e+00  1.00834e+00  1.00344e+00
 1.96010e+00  1.00507e+00  1.00345e+00
 1.96686e+00  1.00520e+00  1.00345e+00
 1.97361e+00  1.00456e+00  1.00345e+00
 1.98095e+00  1.00469e+00  1.00344e+00
 1.98768e+00  1.00448e+00  1.00343e+00
 1.99435e+00  1.00589e+00  1.00342e+00
 2.00166e+00  1.00468e+00  1.00339e+00
 2.00882e+00  1.00490e+00  1.00337e+00
 2.01606e+00  1.00476e+00  1.00333e+00
 2.02329e+00  1.00485e+00  1.00330e+00
 2.02996e+00  1.00499e+00  1.00325e+00
 2.03689e+00  1.00452e+00  1.00321e+00
 2.04414e+00  1.00446e+00  1.00315e+00
 2.05079e+00  1.00424e+00  1.00309e+00
 2.05773e+00  1.00425e+00  1.00303e+00
 2.06495e+00  1.00399e+00  1.00296e+00
 2.07161e+00  1.00394e+00  1.00289e+00
 2.07865e+00  1.00353e+00  1.00281e+00
 2.08639e+00  1.00369e+00  1.00271e+00
 2.09315e+00  1.00405e+00  1.00262e+00
 2.09990e+00  1.01222e+00  1.00253e+00
 2.10664e+00  1.00389e+00  1.00244e+00
 2.11329e+00  1.00286e+00  1.00234e+00
 2.12003e+00  1.01285e+00  1.00224e+00
 2.12675e+00  1.00308e+00  1.00213e+00
 2.13351e+00  1.00351e+00  1.00203e+00
 2.14017e+00  1.00730e+00  1.00192e+00
 2.14690e+00  1.00260e+00  1.00181e+00
 2.15367e+00  1.00242e+00  1.00169e+00
 2.16039e+00  1.00209e+00  1.00158e+00
 2.16709e+00  1.00559e+00  1.00146e+00
 2.17380e+00  1.00201e+00  1.00134e+00
 2.18054e+00  1.00161e+00  1.00123e+00
 2.18787e+00  1.00080e+00  1.00110e+00
 2.19462e+00  1.00118e+00  1.00098e+00
 2.20139e+00  1.00152e+00  1.00087e+00
 2.20811e+00  1.00962e+00  1.00075e+00
 2.21477e+00  9.99966e-01  1.00064e+00
 2.22152e+00  1.00044e+00  1.00053e+00
 2.22886e+00  1.00006e+00  1.00041e+00
 2.23559e+00  1.00018e+00  1.00031e+00
 2.24235e+00  1.00028e+00  1.00020e+00
 2.24967e+00  9.99663e-01  1.00010e+00
 2.25643e+00  9.99480e-01  1.00000e+00
 2.26319e+00  9.99734e-01  9.99911e-01
 2.27073e+00  9.99222e-01  9.99814e-01
 2.27798e+00  9.99025e-01  9.99725e-01
 2.28471e+00  9.98612e-01  9.99648e-01
 2.29187e+00  1.00504e+00  9.99570e-01
 2.29879e+00  9.97849e-01  9.99499e-01
 2.30554e+00  9.98319e-01  9.99435e-01
 2.31287e+00  9.98277e-01  9.99370e-01
 2.31962e+00  9.98513e-01  9.99315e-01
 2.32639e+00  9.97840e-01  9.99265e-01
 2.33370e+00  9.97843e-01  9.99215e-01
 2.34048e+00  9.98166e-01  9.99174e-01
 2.34721e+00  9.98406e-01  9.99137e-01
 2.35456e+00  9.98100e-01  9.99102e-01
 2.36129e+00  9.97436e-01  9.99074e-01
 2.36804e+00  9.97430e-01  9.99049e-01
 2.37518e+00  9.99990e-01  9.99028e-01
 2.38212e+00  9.97594e-01  9.99010e-01
 2.38889e+00  9.97090e-01  9.98997e-01
 2.39561e+00  9.97869e-01  9.98986e-01
 2.40227e+00  9.97168e-01  9.98979e-01
 2.40902e+00  9.96747e-01  9.98975e-01
 2.41578e+00  9.99025e-01  9.98973e-01
 2.42250e+00  9.97448e-01  9.98973e-01
 2.42916e+00  9.96599e-01  9.98976e-01
 2.43638e+00  9.96973e-01  9.98981e-01
 2.44332e+00  9.97030e-01  9.98988e-01
 2.45039e+00  9.97673e-01  9.98997e-01
 2.45801e+00  9.97087e-01  9.99009e-01
 2.46477e+00  9.97575e-01  9.99020e-01
 2.47152e+00  9.97475e-01  9.99033e-01
 2.47828e+00  9.96671e-01  9.99047e-01
 2.48499e+00  9.97247e-01  9.99061e-01
 2.49226e+00  9.97436e-01  9.99077e-01
 2.49978e+00  9.97027e-01  9.99095e-01
 2.50643e+00  9.97004e-01  9.99111e-01
 2.51319e+00  9.97807e-01  9.99127e-01
 2.51993e+00  9.97542e-01  9.99144e-01
 2.52697e+00  9.97511e-01  9.99161e-01
 2.53402e+00  9.97535e-01  9.99179e-01
 2.54078e+00  9.97308e-01  9.99195e-01
 2.54749e+00  9.97180e-01  9.99212e-01
 2.55416e+00  9.97706e-01  9.99227e-01
 2.56119e+00  9.97615e-01  9.99244e-01
 2.56862e+00  9.97343e-01  9.99261e-01
 2.57569e+00  9.97536e-01  9.99276e-01
 2.58243e+00  9.97475e-01  9.99291e-01
 2.58916e+00  9.97714e-01  9.99305e-01
 2.59613e+00  9.97655e-01  9.99319e-01
 2.60365e+00  9.97745e-01  9.99333e-01
 2.61158e+00  9.98823e-01  9.99347e-01
 2.61943e+00  9.97778e-01  9.99360e-01
 2.62675e+00  9.98337e-01  9.99372e-01
 2.63381e+00  9.98727e-01  9.99383e-01
 2.64185e+00  9.98077e-01  9.99394e-01
 2.64898e+00  9.97770e-01  9.99403e-01
 2.65652e+00  9.98129e-01  9.99412e-01
 2.66370e+00  9.98409e-01  9.99420e-01
 2.67042e+00  9.98567e-01  9.99427e-01
 2.67716e+00  9.98889e-01  9.99433e-01
 2.68401e+00  9.98563e-01  9.99439e-01
 2.69141e+00  9.99274e-01  9.99444e-01
 2.69870e+00  9.98901e-01  9.99449e-01
 2.70537e+00  9.98118e-01  9.99453e-01
 2.71207e+00  9.99025e-01  9.99457e-01
 2.71884e+00  9.97961e-01  9.99460e-01
 2.72568e+00  9.99199e-01  9.99462e-01
 2.73291e+00  9.99560e-01  9.99464e-01
 2.73983e+00  9.98494e-01  9.99466e-01
 2.74789e+00  9.99454e-01  9.99468e-01
 2.75513e+00  9.98761e-01  9.99469e-01
 2.76189e+00  9.98913e-01  9.99469e-01
 2.76924e+00  9.99403e-01  9.99469e-01
 2.77596e+00  9.99280e-01  9.99469e-01
 2.78342e+00  9.99602e-01  9.99469e-01
 2.79075e+00  9.99557e-01  9.99468e-01
 2.79749e+00  9.99840e-01  9.99467e-01
 2.80463e+00  9.99216e-01  9.99466e-01
 2.81228e+00  9.99397e-01  9.99464e-01
 2.81931e+00  9.99918e-01  9.99463e-01
 2.82666e+00  9.99669e-01  9.99461e-01
 2.83419e+00  9.99380e-01  9.99459e-01
 2.84176e+00  9.99395e-01  9.99457e-01
 2.84889e+00  1.00348e+00  9.99454e-01
 2.85582e+00  1.00243e+00  9.99452e-01
 2.86247e+00  1.00006e+00  9.99450e-01
 2.86952e+00  9.99182e-01  9.99448e-01
 2.87735e+00  9.98971e-01  9.99445e-01
 2.88420e+00  9.98951e-01  9.99443e-01
 2.89332e+00  9.99613e-01  9.99440e-01
 2.90076e+00  1.00023e+00  9.99438e-01
 2.90803e+00  1.00004e+00  9.99435e-01
 2.91564e+00  1.00019e+00  9.99433e-01
 2.92259e+00  1.00069e+00  9.99431e-01
 2.92904e+00  9.99955e-01  9.99429e-01
 2.93698e+00  9.99928e-01  9.99427e-01
 2.94343e+00  9.99875e-01  9.99425e-01
 2.94988e+00  1.00028e+00  9.99424e-01
 2.95722e+00  1.00041e+00  9.99422e-01
 2.96396e+00  1.00017e+00  9.99421e-01
 2.97072e+00  1.00020e+00  9.99420e-01
 2.97805e+00  1.00037e+00  9.99419e-01
 6.53200e-03  1.00049e+00  1.00140e+00
 2.04070e-02  9.99978e-01  1.00116e+00
 3.49130e-02  1.00030e+00  1.00091e+00
 4.82000e-02  1.00089e+00  1.00069e+00
 6.20870e-02  1.00018e+00  1.00046e+00
 7.65730e-02  9.99811e-01  1.00023e+00
 8.98600e-02  1.00076e+00  1.00004e+00
 1.03747e-01  1.00018e+00  9.99853e-01
 1.18240e-01  1.00010e+00  9.99677e-01
 1.31532e-01  1.00032e+00  9.99533e-01
 1.45407e-01  9.99806e-01  9.99401e-01
 1.59913e-01  1.00101e+00  9.99284e-01
 1.73200e-01  1.00026e+00  9.99194e-01
 1.88452e-01  9.99330e-01  9.99112e-01
 2.02783e-01  9.99825e-01  9.99054e-01
 2.16220e-01  1.00070e+00  9.99015e-01
 2.30317e-01  9.99383e-01  9.98988e-01
 2.44443e-01  1.00053e+00  9.98975e-01
 2.57920e-01  1.00030e+00  9.98973e-01
 2.73357e-01  1.00008e+00  9.98982e-01
 2.87488e-01  1.00016e+00  9.98999e-01
 3.00960e-01  1.00045e+00  9.99021e-01
 3.15085e-01  1.00030e+00  9.99048e-01
 3.29135e-01  1.00017e+00  9.99079e-01
 3.42620e-01  9.99746e-01  9.99111e-01
 3.56732e-01  1.00070e+00  9.99146e-01
 3.70808e-01  1.00002e+00  9.99180e-01
 3.84300e-01  1.00014e+00  9.99213e-01
 3.98372e-01  1.00017e+00  9.99246e-01
 4.12488e-01  1.00021e+00  9.99278e-01
 4.25960e-01  9.99933e-01  9.99306e-01
 4.40085e-01  1.00003e+00  9.99333e-01
 4.54917e-01  1.00018e+00  9.99359e-01
 4.69000e-01  1.00019e+00  9.99381e-01
 4.83145e-01  1.00022e+00  9.99401e-01
 4.98167e-01  1.00015e+00  9.99418e-01
 5.12887e-01  9.99877e-01  9.99433e-01
 5.27932e-01  9.99832e-01  9.99445e-01
 5.40848e-01  1.00034e+00  9.99453e-01
 5.53732e-01  1.00052e+00  9.99459e-01
 5.67872e-01  1.00013e+00  9.99464e-01
 5.81508e-01  9.99970e-01  9.99467e-01
 5.94000e-01  1.00055e+00  9.99469e-01
 6.08145e-01  1.00022e+00  9.99469e-01
 6.22740e-01  9.99841e-01  9.99468e-01
 6.35680e-01  1.00074e+00  9.99467e-01
 6.49745e-01  9.99614e-01  9.99464e-01
 6.63658e-01  1.00020e+00  9.99461e-01
 6.75960e-01  1.00056e+00  9.99457e-01
 6.90085e-01  1.00043e+00  9.99453e-01
 7.04720e-01  9.99229e-01  9.99448e-01
 7.19000e-01  1.00075e+00  9.99443e-01
 7.33342e-01  9.99291e-01  9.99439e-01
 7.49120e-01  1.00012e+00  9.99434e-01
 7.62262e-01  1.00026e+00  9.99430e-01
 7.77912e-01  1.00016e+00  9.99426e-01
 7.92043e-01  1.00013e+00  9.99423e-01
 8.04930e-01  9.99851e-01  9.99420e-01
 8.20217e-01  9.99986e-01  9.99418e-01
 8.33703e-01  9.99843e-01  9.99416e-01
 8.46590e-01  1.00006e+00  9.99416e-01
 8.61877e-01  1.00050e+00  9.99416e-01
 8.75323e-01  9.99835e-01  9.99417e-01
 8.88270e-01  9.99866e-01  9.99418e-01
 9.02912e-01  9.99702e-01  9.99421e-01
 9.15848e-01  9.99977e-01  9.99424e-01
 9.28732e-01  9.99262e-01  9.99429e-01
 9.42852e-01  1.00075e+00  9.99434e-01
 9.56508e-01  9.99419e-01  9.99440e-01
 9.69000e-01  9.99641e-01  9.99447e-01
 9.83145e-01  9.99690e-01  9.99455e-01
 9.96958e-01  9.99575e-01  9.99465e-01
 1.00928e+00  1.00036e+00  9.99474e-01
 1.02335e+00  1.00016e+00  9.99485e-01
 1.03807e+00  9.99759e-01  9.99499e-01
 1.05096e+00  9.99579e-01  9.99511e-01
 1.06505e+00  9.99465e-01  9.99526e-01
 1.07897e+00  9.99797e-01  9.99542e-01
 1.09355e+00  9.99720e-01  9.99560e-01
 1.10955e+00  9.99548e-01  9.99581e-01
 1.12313e+00  9.99645e-01  9.99600e-01
 1.13568e+00  1.00030e+00  9.99618e-01
 1.14975e+00  9.99666e-01  9.99640e-01
 1.16366e+00  9.99069e-01  9.99663e-01
 1.17596e+00  9.99562e-01  9.99685e-01
 1.19005e+00  9.99255e-01  9.99710e-01
 1.20397e+00  9.99893e-01  9.99737e-01
 1.21622e+00  9.99681e-01  9.99761e-01
 1.23032e+00  9.99541e-01  9.99790e-01
 1.24442e+00  9.99365e-01  9.99821e-01
 1.25651e+00  9.99660e-01  9.99848e-01
 1.27039e+00  9.99979e-01  9.99881e-01
 1.28489e+00  9.99465e-01  9.99917e-01
 1.29820e+00  9.99854e-01  9.99951e-01
 1.31319e+00  1.00001e+00  9.99991e-01
 1.32778e+00  9.99799e-01  1.00003e+00
 1.33985e+00  9.99419e-01  1.00007e+00
 1.35375e+00  9.99643e-01  1.00011e+00
 1.36942e+00  9.99661e-01  1.00016e+00
 1.38149e+00  1.00019e+00  1.00020e+00
 1.39539e+00  9.99440e-01  1.00024e+00
 1.41106e+00  9.99676e-01  1.00030e+00
 1.42441e+00  9.99830e-01  1.00035e+00
 1.43860e+00  9.99859e-01  1.00040e+00
 1.45337e+00  9.99666e-01  1.00046e+00
 1.46622e+00  9.99834e-01  1.00051e+00
 1.48032e+00  9.99710e-01  1.00057e+00
 1.49444e+00  9.99785e-01  1.00064e+00
 1.50788e+00  9.99408e-01  1.00070e+00
 1.52194e+00  9.98928e-01  1.00076e+00
 1.53610e+00  9.98952e-01  1.00083e+00
 1.54958e+00  1.00003e+00  1.00090e+00
 1.56360e+00  9.99218e-01  1.00098e+00
 1.57778e+00  9.99496e-01  1.00106e+00
 1.58985e+00  9.99385e-01  1.00112e+00
 1.60375e+00  9.99311e-01  1.00121e+00
 1.61938e+00  9.99281e-01  1.00130e+00
 1.63149e+00  9.99829e-01  1.00138e+00
 1.64539e+00  9.99385e-01  1.00147e+00
 1.65987e+00  9.99852e-01  1.00156e+00
 1.67380e+00  9.99506e-01  1.00166e+00
 1.68860e+00  9.99419e-01  1.00176e+00
 1.70355e+00  9.99640e-01  1.00187e+00
 1.71762e+00  9.99778e-01  1.00198e+00
 1.73173e+00  9.99974e-01  1.00208e+00
 1.74578e+00  9.99718e-01  1.00219e+00
 1.75928e+00  9.99873e-01  1.00229e+00
 1.77335e+00  9.99487e-01  1.00240e+00
 1.78746e+00  9.99774e-01  1.00251e+00
 1.80096e+00  9.99751e-01  1.00262e+00
 1.81503e+00  9.99489e-01  1.00272e+00
 1.82915e+00  9.99210e-01  1.00283e+00
 1.84262e+00  9.99212e-01  1.00292e+00
 1.85673e+00  9.99613e-01  1.00302e+00
 1.87078e+00  9.99838e-01  1.00311e+00
 1.88428e+00  9.99743e-01  1.00319e+00
 1.89835e+00  9.99461e-01  1.00326e+00
 1.91248e+00  9.99653e-01  1.00333e+00
 1.92734e+00  9.99731e-01  1.00338e+00
 1.94083e+00  1.01890e+00  1.00342e+00
 1.95415e+00  9.99602e-01  1.00344e+00
 1.96762e+00  9.99760e-01  1.00345e+00
 1.98114e+00  1.01629e+00  1.00344e+00
 1.99444e+00  9.99356e-01  1.00342e+00
 2.00786e+00  9.99793e-01  1.00337e+00
 2.02140e+00  1.01534e+00  1.00331e+00
 2.03485e+00  9.99354e-01  1.00322e+00
 2.04820e+00  9.99436e-01  1.00312e+00
 2.06166e+00  1.01335e+00  1.00299e+00
 2.07518e+00  9.99731e-01  1.00285e+00
 2.08864e+00  1.00004e+00  1.00268e+00
 2.10274e+00  1.01234e+00  1.00249e+00
 2.11684e+00  9.99759e-01  1.00229e+00
 2.13026e+00  9.99852e-01  1.00208e+00
 2.14364e+00  1.01108e+00  1.00186e+00
 2.15706e+00  9.99399e-01  1.00163e+00
 2.17061e+00  9.99825e-01  1.00140e+00
 2.18407e+00  9.99799e-01  1.00116e+00
 2.19741e+00  1.00989e+00  1.00093e+00
 2.21087e+00  9.99622e-01  1.00071e+00
 2.22495e+00  1.00829e+00  1.00047e+00
 2.23908e+00  9.99468e-01  1.00025e+00
 2.25249e+00  9.99663e-01  1.00006e+00
 2.26603e+00  9.99892e-01  9.99874e-01
 2.27937e+00  1.00614e+00  9.99709e-01
 2.29278e+00  9.99393e-01  9.99560e-01
 2.30631e+00  9.99793e-01  9.99428e-01
 2.31981e+00  1.00494e+00  9.99314e-01
 2.33313e+00  9.99173e-01  9.99219e-01
 2.34655e+00  9.99094e-01  9.99141e-01
 2.36013e+00  1.00328e+00  9.99078e-01
 2.37353e+00  9.99808e-01  9.99032e-01
 2.38765e+00  9.99160e-01  9.98999e-01
 2.40289e+00  9.99633e-01  9.98979e-01
 2.41641e+00  9.99730e-01  9.98973e-01
 2.42993e+00  9.99289e-01  9.98977e-01
 2.44341e+00  1.00055e+00  9.98989e-01
 2.45693e+00  9.99777e-01  9.99007e-01
 2.47034e+00  9.99967e-01  9.99031e-01
 2.48374e+00  1.00029e+00  9.99058e-01
 2.49715e+00  9.99584e-01  9.99089e-01
 2.51066e+00  9.99972e-01  9.99121e-01
 2.52416e+00  9.99538e-01  9.99154e-01
 2.53742e+00  9.99886e-01  9.99187e-01
 2.55096e+00  1.00002e+00  9.99220e-01
 2.56444e+00  9.99571e-01  9.99251e-01
 2.57914e+00  1.00015e+00  9.99284e-01
 2.59258e+00  9.99729e-01  9.99312e-01
 2.60673e+00  9.99259e-01  9.99339e-01
 2.62078e+00  9.99327e-01  9.99363e-01
 2.63527e+00  9.99471e-01  9.99385e-01
 2.64974e+00  9.99614e-01  9.99404e-01
 2.66381e+00  9.99310e-01  9.99420e-01
 2.67853e+00  9.99994e-01  9.99434e-01
 2.69203e+00  9.99491e-01  9.99445e-01
 2.70553e+00  1.00009e+00  9.99453e-01
 2.71896e+00  1.00000e+00  9.99460e-01
 2.73312e+00  9.99662e-01  9.99465e-01
 2.74715e+00  9.99747e-01  9.99468e-01
 2.76064e+00  9.99469e-01  9.99469e-01
 2.77416e+00  1.00013e+00  9.99469e-01
 2.78742e+00  9.99564e-01  9.99468e-01
 2.80096e+00  1.00018e+00  9.99466e-01
 2.81442e+00  1.00042e+00  9.99464e-01
 2.82780e+00  1.00002e+00  9.99460e-01
 2.84120e+00  9.99383e-01  9.99457e-01
 2.85472e+00  9.99682e-01  9.99453e-01
 2.86940e+00  1.00034e+00  9.99448e-01
 2.88420e+00  1.00040e+00  9.99443e-01
 2.89778e+00  9.99878e-01  9.99439e-01
 2.91106e+00  1.00022e+00  9.99434e-01
 2.92492e+00  1.00041e+00  9.99430e-01
 2.93942e+00  1.00061e+00  9.99426e-01
 2.95280e+00  1.00047e+00  9.99423e-01
 2.96620e+00  1.00073e+00  9.99421e-01
 2.97972e+00  1.00013e+00  9.99418e-01
 2.99322e+00  9.99765e-01  9.99417e-01
 3.00645e+00  1.00004e+00  9.99416e-01
 3.02039e+00  1.00042e+00  9.99416e-01
 3.03484e+00  1.00115e+00  9.99416e-01
 3.04817e+00  1.00024e+00  9.99418e-01
 3.06166e+00  1.00088e+00  9.99420e-01
 3.07516e+00  1.00014e+00  9.99423e-01
 3.08862e+00  1.00068e+00  9.99427e-01
 3.10193e+00  9.99935e-01  9.99432e-01
 3.11585e+00  1.00059e+00  9.99438e-01
 3.13124e+00  1.00092e+00  9.99446e-01
 3.14502e+00  1.00109e+00  9.99454e-01
 3.15846e+00  1.00155e+00  9.99463e-01
 3.17196e+00  1.00131e+00  9.99473e-01
 3.18526e+00  1.00115e+00  9.99484e-01
 3.19878e+00  1.00125e+00  9.99496e-01
 3.21185e+00  1.00126e+00  9.99508e-01
 3.22399e+00  1.00106e+00  9.99521e-01
 3.23632e+00  1.00126e+00  9.99534e-01
 3.24853e+00  1.00151e+00  9.99549e-01
 3.26081e+00  1.00117e+00  9.99564e-01
 3.27316e+00  1.00136e+00  9.99580e-01
 3.28586e+00  1.00153e+00  9.99598e-01
 3.29937e+00  1.00078e+00  9.99618e-01
 3.31287e+00  1.00191e+00  9.99639e-01
 3.32635e+00  1.00134e+00  9.99661e-01
 3.33966e+00  1.00213e+00  9.99684e-01
 3.35271e+00  1.00168e+00  9.99708e-01
 3.36506e+00  1.00210e+00  9.99731e-01
 3.37712e+00  1.00126e+00  9.99755e-01
 3.38942e+00  1.00199e+00  9.99780e-01
 3.40175e+00  1.00191e+00  9.99807e-01
 3.41400e+00  1.00223e+00  9.99834e-01
 3.42632e+00  1.00238e+00  9.99862e-01
 3.43881e+00  1.00218e+00  9.99892e-01
 3.45198e+00  1.00289e+00  9.99925e-01
 3.46423e+00  1.00212e+00  9.99957e-01
 3.47652e+00  1.00216e+00  9.99990e-01
 3.48874e+00  1.00294e+00  1.00002e+00
 3.50091e+00  1.00285e+00  1.00006e+00
 3.51321e+00  1.00342e+00  1.00010e+00
 3.52575e+00  1.00304e+00  1.00013e+00
 3.53900e+00  1.00279e+00  1.00018e+00
 3.55251e+00  1.00279e+00  1.00022e+00
 3.56482e+00  1.00304e+00  1.00026e+00
 3.57698e+00  1.00290e+00  1.00031e+00
 3.58923e+00  1.00309e+00  1.00035e+00
 3.60150e+00  1.00358e+00  1.00040e+00
 3.61628e+00  1.00429e+00  1.00046e+00
 3.63111e+00  1.00355e+00  1.00052e+00
 3.64464e+00  1.00433e+00  1.00057e+00
 3.65812e+00  1.00381e+00  1.00063e+00
 3.67158e+00  1.00391e+00  1.00070e+00
 3.68492e+00  1.00421e+00  1.00076e+00
 3.69842e+00  1.00464e+00  1.00083e+00
 3.71190e+00  1.00391e+00  1.00089e+00
 3.72657e+00  1.00409e+00  1.00097e+00
 3.74047e+00  1.00393e+00  1.00105e+00
 3.75490e+00  1.00415e+00  1.00113e+00
 3.76964e+00  1.00399e+00  1.00122e+00
 3.78312e+00  1.00384e+00  1.00130e+00
 3.79658e+00  1.00478e+00  1.00138e+00
 3.80992e+00  1.00513e+00  1.00147e+00
 3.82342e+00  1.00884e+00  1.00156e+00
 3.83690e+00  1.00463e+00  1.00165e+00
 3.85157e+00  1.00430e+00  1.00176e+00
 3.86547e+00  1.00469e+00  1.00186e+00
 3.87990e+00  1.00367e+00  1.00196e+00
 3.89326e+00  1.00505e+00  1.00206e+00
 3.90672e+00  1.00834e+00  1.00217e+00
 3.92021e+00  1.00507e+00  1.00227e+00
 3.93371e+00  1.00520e+00  1.00237e+00
 3.94723e+00  1.00456e+00  1.00248e+00
 3.96190e+00  1.00469e+00  1.00259e+00
 3.97536e+00  1.00448e+00  1.00270e+00
 3.98870e+00  1.00589e+00  1.00279e+00
 4.00331e+00  1.00468e+00  1.00290e+00
 4.01765e+00  1.00490e+00  1.00300e+00
 4.03213e+00  1.00476e+00  1.00309e+00
 4.04658e+00  1.00485e+00  1.00318e+00
 4.05992e+00  1.00499e+00  1.00325e+00
 4.07379e+00  1.00452e+00  1.00332e+00
 4.08828e+00  1.00446e+00  1.00337e+00
 4.10157e+00  1.00424e+00  1.00341e+00
 4.11547e+00  1.00425e+00  1.00344e+00
 4.12990e+00  1.00399e+00  1.00345e+00
 4.14322e+00  1.00394e+00  1.00344e+00
 4.15730e+00  1.00353e+00  1.00342e+00
 4.17279e+00  1.00369e+00  1.00337e+00
 4.18630e+00  1.00405e+00  1.00330e+00
 4.19980e+00  1.01222e+00  1.00321e+00
 4.21328e+00  1.00389e+00  1.00311e+00
 4.22657e+00  1.00286e+00  1.00298e+00
 4.24006e+00  1.01285e+00  1.00283e+00
 4.25350e+00  1.00308e+00  1.00267e+00
 4.26702e+00  1.00351e+00  1.00249e+00
 4.28034e+00  1.00730e+00  1.00229e+00
 4.29380e+00  1.00260e+00  1.00208e+00
 4.30733e+00  1.00242e+00  1.00186e+00
 4.32079e+00  1.00209e+00  1.00164e+00
 4.33417e+00  1.00559e+00  1.00140e+00
 4.34759e+00  1.00201e+00  1.00117e+00
 4.36109e+00  1.00161e+00  1.00094e+00
 4.37575e+00  1.00080e+00  1.00069e+00
 4.38923e+00  1.00118e+00  1.00047e+00
 4.40277e+00  1.00152e+00  1.00026e+00
 4.41622e+00  1.00962e+00  1.00006e+00
 4.42955e+00  9.99966e-01  9.99879e-01
 4.44303e+00  1.00044e+00  9.99712e-01
 4.45772e+00  1.00006e+00  9.99549e-01
 4.47119e+00  1.00018e+00  9.99419e-01
 4.48471e+00  1.00028e+00  9.99306e-01
 4.49934e+00  9.99663e-01  9.99204e-01
 4.51285e+00  9.99480e-01  9.99128e-01
 4.52637e+00  9.99734e-01  9.99069e-01
 4.54146e+00  9.99222e-01  9.99021e-01
 4.55595e+00  9.99025e-01  9.98991e-01
 4.56941e+00  9.98612e-01  9.98977e-01
 4.58374e+00  1.00504e+00  9.98973e-01
 4.59757e+00  9.97849e-01  9.98979e-01
 4.61109e+00  9.98319e-01  9.98993e-01
 4.62575e+00  9.98277e-01  9.99015e-01
 4.63923e+00  9.98513e-01  9.99041e-01
 4.65277e+00  9.97840e-01  9.99070e-01
 4.66740e+00  9.97843e-01  9.99104e-01
 4.68095e+00  9.98166e-01  9.99137e-01
 4.69441e+00  9.98406e-01  9.99170e-01
 4.70913e+00  9.98100e-01  9.99206e-01
 4.72257e+00  9.97436e-01  9.99238e-01
 4.73609e+00  9.97430e-01  9.99269e-01
 4.75036e+00  9.99990e-01  9.99299e-01
 4.76423e+00  9.97594e-01  9.99327e-01
 4.77777e+00  9.97090e-01  9.99351e-01
 4.79122e+00  9.97869e-01  9.99373e-01
 4.80455e+00  9.97168e-01  9.99392e-01
 4.81803e+00  9.96747e-01  9.99409e-01
 4.83155e+00  9.99025e-01  9.99424e-01
 4.84499e+00  9.97448e-01  9.99436e-01
 4.85831e+00  9.96599e-01  9.99446e-01
 4.87276e+00  9.96973e-01  9.99455e-01
 4.88664e+00  9.97030e-01  9.99461e-01
 4.90078e+00  9.97673e-01  9.99466e-01
 4.91603e+00  9.97087e-01  9.99468e-01
 4.92955e+00  9.97575e-01  9.99469e-01
 4.94303e+00  9.97475e-01  9.99469e-01
 4.95655e+00  9.96671e-01  9.99468e-01
 4.96997e+00  9.97247e-01  9.99465e-01
 4.98452e+00  9.97436e-01  9.99462e-01
 4.99956e+00  9.97027e-01  9.99458e-01
 5.01285e+00  9.97004e-01  9.99454e-01
 5.02637e+00  9.97807e-01  9.99450e-01
 5.03985e+00  9.97542e-01  9.99446e-01
 5.05394e+00  9.97511e-01  9.99441e-01
 5.06803e+00  9.97535e-01  9.99437e-01
 5.08155e+00  9.97308e-01  9.99432e-01
 5.09497e+00  9.97180e-01  9.99429e-01
 5.10831e+00  9.97706e-01  9.99425e-01
 5.12237e+00  9.97615e-01  9.99422e-01
 5.13724e+00  9.97343e-01  9.99419e-01
 5.15137e+00  9.97536e-01  9.99417e-01
 5.16485e+00  9.97475e-01  9.99416e-01
 5.17831e+00  9.97714e-01  9.99416e-01
 5.19226e+00  9.97655e-01  9.99416e-01
 5.20730e+00  9.97745e-01  9.99417e-01
 5.22315e+00  9.98823e-01  9.99420e-01
 5.23886e+00  9.97778e-01  9.99423e-01
 5.25350e+00  9.98337e-01  9.99427e-01
 5.26762e+00  9.98727e-01  9.99433e-01
 5.28370e+00  9.98077e-01  9.99440e-01
 5.29796e+00  9.97770e-01  9.99448e-01
 5.31304e+00  9.98129e-01  9.99457e-01
 5.32740e+00  9.98409e-01  9.99467e-01
 5.34084e+00  9.98567e-01  9.99477e-01
 5.35432e+00  9.98889e-01  9.99488e-01
 5.36802e+00  9.98563e-01  9.99501e-01
 5.38282e+00  9.99274e-01  9.99515e-01
 5.39740e+00  9.98901e-01  9.99531e-01
 5.41074e+00  9.98118e-01  9.99547e-01
 5.42414e+00  9.99025e-01  9.99563e-01
 5.43768e+00  9.97961e-01  9.99581e-01
 5.45136e+00  9.99199e-01  9.99601e-01
 5.46582e+00  9.99560e-01  9.99622e-01
 5.47966e+00  9.98494e-01  9.99644e-01
 5.49579e+00  9.99454e-01  9.99671e-01
 5.51026e+00  9.98761e-01  9.99696e-01
 5.52378e+00  9.98913e-01  9.99721e-01
 5.53847e+00  9.99403e-01  9.99750e-01
 5.55192e+00  9.99280e-01  9.99777e-01
 5.56685e+00  9.99602e-01  9.99809e-01
 5.58151e+00  9.99557e-01  9.99842e-01
 5.59497e+00  9.99840e-01  9.99874e-01
 5.60926e+00  9.99216e-01  9.99908e-01
 5.62456e+00  9.99397e-01  9.99947e-01
 5.63863e+00  9.99918e-01  9.99985e-01
 5.65333e+00  9.99669e-01  1.00003e+00
 5.66838e+00  9.99380e-01  1.00007e+00
 5.68352e+00  9.99395e-01  1.00011e+00
 5.69778e+00  1.00348e+00  1.00016e+00
 5.71164e+00  1.00243e+00  1.00020e+00
 5.72495e+00  1.00006e+00  1.00025e+00
 5.73904e+00  9.99182e-01  1.00030e+00
 5.75471e+00  9.98971e-01  1.00036e+00
 5.76840e+00  9.98951e-01  1.00041e+00
 5.78664e+00  9.99613e-01  1.00048e+00
 5.80152e+00  1.00023e+00  1.00054e+00
 5.81607e+00  1.00004e+00  1.00061e+00
 5.83128e+00  1.00019e+00  1.00068e+00
 5.84518e+00  1.00069e+00  1.00074e+00
 5.85809e+00  9.99955e-01  1.00080e+00
 5.87396e+00  9.99928e-01  1.00089e+00
 5.88685e+00  9.99875e-01  1.00095e+00
 5.89976e+00  1.00028e+00  1.00102e+00
 5.91443e+00  1.00041e+00  1.00111e+00
 5.92791e+00  1.00017e+00  1.00118e+00
 5.94145e+00  1.00020e+00  1.00127e+00
 5.95611e+00  1.00037e+00  1.00136e+00
