1024
 3.88500e-03  1.00401e+00  1.00513e+00
 1.14760e-02  1.00406e+00  1.00465e+00
 1.81170e-02  1.00423e+00  1.00425e+00
 2.55180e-02  1.00340e+00  1.00382e+00
 3.36040e-02  1.00365e+00  1.00338e+00
 4.02290e-02  1.00335e+00  1.00304e+00
 4.78870e-02  1.00212e+00  1.00267e+00
 5.53010e-02  1.00203e+00  1.00233e+00
 6.17280e-02  1.00203e+00  1.00205e+00
 7.01790e-02  1.00159e+00  1.00171e+00
 7.75110e-02  1.00195e+00  1.00144e+00
 8.39480e-02  1.00094e+00  1.00121e+00
 9.21900e-02  1.00081e+00  1.00094e+00
 9.96090e-02  9.99739e-01  1.00072e+00
 1.06373e-01  1.00061e+00  1.00052e+00
 1.14202e-01  9.99191e-01  1.00032e+00
 1.21166e-01  9.99063e-01  1.00015e+00
 1.28885e-01  9.99557e-01  9.99970e-01
 1.37084e-01  9.97840e-01  9.99798e-01
 1.44997e-01  9.97493e-01  9.99645e-01
 1.52839e-01  9.98682e-01  9.99507e-01
 1.60141e-01  9.96785e-01  9.99388e-01
 1.66588e-01  9.97542e-01  9.99290e-01
 1.74526e-01  9.98033e-01  9.99180e-01
 1.82320e-01  9.95780e-01  9.99080e-01
 1.88869e-01  9.97675e-01  9.99004e-01
 1.96767e-01  9.97130e-01  9.98919e-01
 2.03799e-01  9.93793e-01  9.98849e-01
 2.10523e-01  9.95938e-01  9.98789e-01
 2.19263e-01  9.90471e-01  9.98717e-01
 2.26447e-01  9.85171e-01  9.98664e-01
 2.33858e-01  9.90576e-01  9.98614e-01
 2.41346e-01  9.73811e-01  9.98569e-01
 2.47934e-01  9.70234e-01  9.98533e-01
 2.55452e-01  9.77018e-01  9.98496e-01
 2.62900e-01  9.62753e-01  9.98463e-01
 2.69225e-01  9.64496e-01  9.98438e-01
 2.76473e-01  9.70357e-01  9.98412e-01
 2.84441e-01  9.66848e-01  9.98388e-01
 2.91267e-01  9.74384e-01  9.98369e-01
 2.98679e-01  9.79087e-01  9.98352e-01
 3.05991e-01  9.83960e-01  9.98337e-01
 3.12418e-01  9.89291e-01  9.98326e-01
 3.20254e-01  9.92505e-01  9.98315e-01
 3.27805e-01  9.95199e-01  9.98307e-01
 3.34232e-01  9.96700e-01  9.98301e-01
 3.42617e-01  9.98380e-01  9.98296e-01
 3.49756e-01  9.97658e-01  9.98293e-01
 3.56519e-01  9.97180e-01  9.98291e-01
 3.64202e-01  9.98219e-01  9.98291e-01
 3.71056e-01  9.97797e-01  9.98292e-01
 3.77329e-01  9.97891e-01  9.98294e-01
 3.85765e-01  9.98279e-01  9.98297e-01
 3.92458e-01  9.97985e-01  9.98301e-01
 3.98934e-01  9.97562e-01  9.98306e-01
 4.06595e-01  9.97849e-01  9.98312e-01
 4.13278e-01  9.98521e-01  9.98318e-01
 4.19804e-01  9.97181e-01  9.98325e-01
 4.27425e-01  9.98576e-01  9.98333e-01
 4.34128e-01  9.98615e-01  9.98341e-01
 4.40614e-01  9.97521e-01  9.98349e-01
 4.48265e-01  9.98634e-01  9.98360e-01
 4.54958e-01  9.98743e-01  9.98369e-01
 4.61434e-01  9.97935e-01  9.98379e-01
 4.69242e-01  9.98937e-01  9.98390e-01
 4.77039e-01  9.98447e-01  9.98403e-01
 4.85387e-01  9.99164e-01  9.98416e-01
 4.92801e-01  9.99137e-01  9.98428e-01
 4.99000e-01  9.98689e-01  9.98439e-01
 5.06750e-01  9.98689e-01  9.98452e-01
 5.14762e-01  1.00015e+00  9.98466e-01
 5.21722e-01  9.98772e-01  9.98479e-01
 5.29386e-01  9.99196e-01  9.98493e-01
 5.36450e-01  9.99613e-01  9.98506e-01
 5.42582e-01  9.99370e-01  9.98517e-01
 5.50216e-01  9.99397e-01  9.98531e-01
 5.57706e-01  9.99906e-01  9.98545e-01
 5.64092e-01  9.98726e-01  9.98558e-01
 5.71777e-01  9.99967e-01  9.98572e-01
 5.78799e-01  9.99220e-01  9.98585e-01
 5.84369e-01  1.00155e+00  9.98596e-01
 5.91343e-01  1.00086e+00  9.98609e-01
 5.97890e-01  1.00110e+00  9.98622e-01
 6.03464e-01  1.00015e+00  9.98633e-01
 6.10117e-01  1.00059e+00  9.98645e-01
 6.17466e-01  9.99982e-01  9.98659e-01
 6.23210e-01  9.99755e-01  9.98670e-01
 6.29428e-01  9.99901e-01  9.98682e-01
 6.36318e-01  9.99143e-01  9.98695e-01
 6.42430e-01  9.99867e-01  9.98707e-01
 6.48149e-01  9.99495e-01  9.98718e-01
 6.55151e-01  9.98807e-01  9.98731e-01
 6.61566e-01  9.99075e-01  9.98743e-01
 6.67121e-01  9.98374e-01  9.98754e-01
 6.74154e-01  9.98951e-01  9.98767e-01
 6.81807e-01  9.99538e-01  9.98781e-01
 6.87347e-01  9.99035e-01  9.98791e-01
 6.94113e-01  9.99197e-01  9.98804e-01
 7.01100e-01  9.99914e-01  9.98816e-01
 7.07081e-01  9.99008e-01  9.98827e-01
 7.13532e-01  1.00002e+00  9.98839e-01
 7.20267e-01  9.98529e-01  9.98851e-01
 7.26290e-01  9.99397e-01  9.98862e-01
 7.33325e-01  9.99137e-01  9.98875e-01
 7.41076e-01  1.00001e+00  9.98888e-01
 7.47140e-01  1.00049e+00  9.98899e-01
 7.53261e-01  9.98839e-01  9.98910e-01
 7.60628e-01  9.99749e-01  9.98922e-01
 7.66886e-01  1.00043e+00  9.98933e-01
 7.72493e-01  9.99717e-01  9.98943e-01
 7.79847e-01  9.98995e-01  9.98955e-01
 7.86784e-01  9.99619e-01  9.98967e-01
 7.92729e-01  9.99723e-01  9.98977e-01
 7.99673e-01  9.99608e-01  9.98988e-01
 8.06356e-01  9.99592e-01  9.98999e-01
 8.12347e-01  9.99714e-01  9.99009e-01
 8.19113e-01  9.99830e-01  9.99020e-01
 8.25806e-01  1.00029e+00  9.99031e-01
 8.32541e-01  9.99532e-01  9.99041e-01
 8.40236e-01  9.99643e-01  9.99054e-01
 8.47579e-01  9.99429e-01  9.99065e-01
 8.54017e-01  9.99698e-01  9.99075e-01
 8.60783e-01  1.00008e+00  9.99085e-01
 8.68009e-01  1.00001e+00  9.99096e-01
 8.74679e-01  1.00004e+00  9.99107e-01
 8.81940e-01  1.00012e+00  9.99117e-01
 8.89686e-01  1.00029e+00  9.99129e-01
 8.95687e-01  9.99773e-01  9.99138e-01
 9.02463e-01  9.99598e-01  9.99148e-01
 9.09273e-01  9.99390e-01  9.99157e-01
 9.16028e-01  9.99485e-01  9.99167e-01
 9.23713e-01  9.99236e-01  9.99178e-01
 9.30656e-01  9.99404e-01  9.99188e-01
 9.36868e-01  9.99141e-01  9.99196e-01
 9.44113e-01  9.99684e-01  9.99206e-01
 9.50806e-01  1.00010e+00  9.99215e-01
 9.57091e-01  1.00007e+00  9.99224e-01
 9.63812e-01  1.00033e+00  9.99233e-01
 9.70926e-01  9.99915e-01  9.99242e-01
 9.77339e-01  9.99729e-01  9.99251e-01
 9.83618e-01  9.99917e-01  9.99259e-01
 9.90468e-01  9.99853e-01  9.99268e-01
 9.97003e-01  9.99959e-01  9.99276e-01
 1.00299e+00  9.99830e-01  9.99284e-01
 1.01059e+00  9.99358e-01  9.99293e-01
 1.01725e+00  9.99665e-01  9.99302e-01
 1.02442e+00  9.99309e-01  9.99310e-01
 1.03145e+00  9.99551e-01  9.99319e-01
 1.03807e+00  9.99357e-01  9.99327e-01
 1.04484e+00  9.99672e-01  9.99335e-01
 1.05227e+00  9.99921e-01  9.99344e-01
 1.05894e+00  9.99137e-01  9.99352e-01
 1.06607e+00  9.99479e-01  9.99360e-01
 1.07313e+00  9.99915e-01  9.99368e-01
 1.08102e+00  9.99782e-01  9.99377e-01
 1.08870e+00  9.99908e-01  9.99386e-01
 1.09566e+00  9.87452e-01  9.99394e-01
 1.10251e+00  9.99934e-01  9.99401e-01
 1.10878e+00  9.74860e-01  9.99408e-01
 1.11521e+00  9.90615e-01  9.99415e-01
 1.12205e+00  1.00022e+00  9.99422e-01
 1.12827e+00  9.75805e-01  9.99429e-01
 1.13521e+00  9.93490e-01  9.99436e-01
 1.14210e+00  9.99213e-01  9.99443e-01
 1.14850e+00  9.76257e-01  9.99450e-01
 1.15500e+00  9.94813e-01  9.99457e-01
 1.16143e+00  9.99893e-01  9.99463e-01
 1.16805e+00  9.77418e-01  9.99470e-01
 1.17466e+00  9.95126e-01  9.99477e-01
 1.18095e+00  9.99584e-01  9.99483e-01
 1.18783e+00  9.78211e-01  9.99490e-01
 1.19481e+00  1.00008e+00  9.99496e-01
 1.20205e+00  9.99714e-01  9.99503e-01
 1.20913e+00  9.80012e-01  9.99510e-01
 1.21565e+00  9.99599e-01  9.99516e-01
 1.22167e+00  9.96835e-01  9.99522e-01
 1.22852e+00  1.00003e+00  9.99528e-01
 1.23558e+00  9.81441e-01  9.99535e-01
 1.24250e+00  9.97702e-01  9.99541e-01
 1.24899e+00  1.00015e+00  9.99547e-01
 1.25557e+00  9.82823e-01  9.99553e-01
 1.26265e+00  9.97327e-01  9.99559e-01
 1.26917e+00  1.00010e+00  9.99565e-01
 1.27570e+00  9.84434e-01  9.99571e-01
 1.28233e+00  9.97632e-01  9.99576e-01
 1.28870e+00  9.99708e-01  9.99582e-01
 1.29554e+00  9.85402e-01  9.99588e-01
 1.30301e+00  9.98262e-01  9.99594e-01
 1.30955e+00  9.99916e-01  9.99599e-01
 1.31567e+00  9.89736e-01  9.99604e-01
 1.32166e+00  9.98242e-01  9.99609e-01
 1.32783e+00  1.00236e+00  9.99614e-01
 1.33363e+00  9.88960e-01  9.99619e-01
 1.33988e+00  1.00079e+00  9.99624e-01
 1.34613e+00  9.98463e-01  9.99629e-01
 1.35281e+00  1.00088e+00  9.99634e-01
 1.35853e+00  9.89242e-01  9.99639e-01
 1.36436e+00  9.99148e-01  9.99643e-01
 1.37015e+00  9.99334e-01  9.99648e-01
 1.37603e+00  9.89766e-01  9.99652e-01
 1.38265e+00  9.98338e-01  9.99657e-01
 1.38851e+00  9.99212e-01  9.99662e-01
 1.39480e+00  1.00005e+00  9.99666e-01
 1.40109e+00  9.90188e-01  9.99671e-01
 1.40708e+00  9.98442e-01  9.99675e-01
 1.41300e+00  9.98891e-01  9.99680e-01
 1.41868e+00  9.91834e-01  9.99684e-01
 1.42518e+00  9.98650e-01  9.99689e-01
 1.43086e+00  9.99045e-01  9.99693e-01
 1.43724e+00  9.99655e-01  9.99697e-01
 1.44308e+00  9.91734e-01  9.99701e-01
 1.44876e+00  9.98899e-01  9.99705e-01
 1.45465e+00  9.98800e-01  9.99709e-01
 1.46034e+00  9.92842e-01  9.99713e-01
 1.46638e+00  9.99495e-01  9.99717e-01
 1.47184e+00  9.99802e-01  9.99721e-01
 1.47782e+00  9.99396e-01  9.99725e-01
 1.48353e+00  9.93238e-01  9.99729e-01
 1.48948e+00  9.99556e-01  9.99733e-01
 1.49575e+00  9.99523e-01  9.99737e-01
 1.50185e+00  9.93635e-01  9.99741e-01
 1.50806e+00  9.99539e-01  9.99745e-01
 1.51414e+00  9.99528e-01  9.99749e-01
 1.52001e+00  1.00001e+00  9.99752e-01
 1.52581e+00  9.94070e-01  9.99756e-01
 1.53160e+00  9.99509e-01  9.99760e-01
 1.53741e+00  9.99278e-01  9.99763e-01
 1.54305e+00  9.95533e-01  9.99767e-01
 1.54913e+00  9.99645e-01  9.99771e-01
 1.55471e+00  9.99264e-01  9.99774e-01
 1.56115e+00  9.99450e-01  9.99778e-01
 1.56684e+00  9.95259e-01  9.99781e-01
 1.57272e+00  9.99049e-01  9.99785e-01
 1.57882e+00  9.99157e-01  9.99788e-01
 1.58504e+00  9.95744e-01  9.99792e-01
 1.59159e+00  9.99603e-01  9.99796e-01
 1.59832e+00  9.99574e-01  9.99800e-01
 1.60461e+00  9.95452e-01  9.99803e-01
 1.61114e+00  9.99198e-01  9.99807e-01
 1.61736e+00  9.99204e-01  9.99811e-01
 1.62481e+00  9.96068e-01  9.99815e-01
 1.63127e+00  9.99392e-01  9.99818e-01
 1.63796e+00  9.98913e-01  9.99822e-01
 1.64447e+00  9.99800e-01  9.99826e-01
 1.65081e+00  9.96079e-01  9.99829e-01
 1.65708e+00  1.00021e+00  9.99833e-01
 1.66346e+00  9.99242e-01  9.99836e-01
 1.66969e+00  9.96700e-01  9.99839e-01
 1.67616e+00  9.99750e-01  9.99843e-01
 1.68231e+00  9.99358e-01  9.99846e-01
 1.68914e+00  9.96429e-01  9.99849e-01
 1.69575e+00  9.99242e-01  9.99853e-01
 1.70185e+00  9.99398e-01  9.99856e-01
 1.70817e+00  9.97228e-01  9.99859e-01
 1.71462e+00  9.99331e-01  9.99863e-01
 1.72100e+00  9.99373e-01  9.99866e-01
 1.72811e+00  9.99100e-01  9.99869e-01
 1.73480e+00  9.96979e-01  9.99873e-01
 1.74156e+00  9.99620e-01  9.99876e-01
 1.74807e+00  9.99807e-01  9.99879e-01
 1.75428e+00  9.97547e-01  9.99882e-01
 1.76068e+00  9.99316e-01  9.99885e-01
 1.76694e+00  9.98363e-01  9.99888e-01
 1.77352e+00  9.99337e-01  9.99891e-01
 1.78034e+00  1.00031e+00  9.99894e-01
 1.78648e+00  9.99525e-01  9.99897e-01
 1.79271e+00  9.98351e-01  9.99900e-01
 1.79932e+00  9.99059e-01  9.99903e-01
 1.80532e+00  9.99592e-01  9.99906e-01
 1.81175e+00  9.98886e-01  9.99909e-01
 1.81812e+00  9.97827e-01  9.99912e-01
 1.82481e+00  1.00048e+00  9.99915e-01
 1.83139e+00  9.99858e-01  9.99918e-01
 1.83822e+00  9.98515e-01  9.99921e-01
 1.84514e+00  1.00020e+00  9.99924e-01
 1.85159e+00  1.00022e+00  9.99926e-01
 1.85782e+00  9.98601e-01  9.99929e-01
 1.86425e+00  1.00064e+00  9.99932e-01
 1.87052e+00  9.99401e-01  9.99935e-01
 1.87668e+00  9.98693e-01  9.99937e-01
 1.88325e+00  9.99735e-01  9.99940e-01
 1.88943e+00  1.00052e+00  9.99943e-01
 1.89688e+00  9.98554e-01  9.99946e-01
 1.90366e+00  9.99632e-01  9.99948e-01
 1.91020e+00  9.99690e-01  9.99951e-01
 1.91706e+00  9.99089e-01  9.99954e-01
 1.92364e+00  1.00022e+00  9.99956e-01
 1.92968e+00  9.99927e-01  9.99959e-01
 1.93616e+00  9.99967e-01  9.99961e-01
 1.94312e+00  9.98812e-01  9.99964e-01
 1.94978e+00  9.99730e-01  9.99967e-01
 1.95672e+00  1.00051e+00  9.99969e-01
 1.96330e+00  9.98861e-01  9.99972e-01
 1.96958e+00  1.00070e+00  9.99974e-01
 1.97597e+00  9.99434e-01  9.99977e-01
 1.98234e+00  9.99438e-01  9.99979e-01
 1.98953e+00  9.99984e-01  9.99982e-01
 1.99614e+00  9.99284e-01  9.99984e-01
 2.00235e+00  9.99128e-01  9.99987e-01
 2.00889e+00  1.00022e+00  9.99989e-01
 2.01497e+00  9.99784e-01  9.99991e-01
 2.02128e+00  9.99611e-01  9.99994e-01
 2.02785e+00  1.00019e+00  9.99996e-01
 2.03495e+00  9.99328e-01  9.99999e-01
 2.04152e+00  9.99431e-01  1.00000e+00
 2.04795e+00  1.00029e+00  1.00000e+00
 2.05462e+00  9.99844e-01  1.00001e+00
 2.06116e+00  9.99401e-01  1.00001e+00
 2.06744e+00  9.99250e-01  1.00001e+00
 2.07376e+00  9.99813e-01  1.00001e+00
 2.08010e+00  9.99774e-01  1.00001e+00
 2.08636e+00  1.00006e+00  1.00002e+00
 2.09300e+00  1.00006e+00  1.00002e+00
 2.09968e+00  1.00006e+00  1.00002e+00
 2.10587e+00  9.98945e-01  1.00002e+00
 2.11297e+00  9.99662e-01  1.00003e+00
 2.11952e+00  9.99798e-01  1.00003e+00
 2.12604e+00  9.99820e-01  1.00003e+00
 2.13267e+00  1.00026e+00  1.00003e+00
 2.13935e+00  1.00006e+00  1.00003e+00
 2.14567e+00  1.00024e+00  1.00004e+00
 2.15212e+00  9.99572e-01  1.00004e+00
 2.15823e+00  1.00005e+00  1.00004e+00
 2.16476e+00  1.00074e+00  1.00004e+00
 2.17116e+00  1.00015e+00  1.00004e+00
 2.17793e+00  9.99463e-01  1.00005e+00
 2.18452e+00  1.00046e+00  1.00005e+00
 2.19193e+00  9.99582e-01  1.00005e+00
 2.19906e+00  1.00021e+00  1.00005e+00
 2.20572e+00  1.00014e+00  1.00005e+00
 2.21337e+00  9.99764e-01  1.00006e+00
 2.22014e+00  9.99872e-01  1.00006e+00
 2.22660e+00  1.00014e+00  1.00006e+00
 2.23362e+00  9.99629e-01  1.00006e+00
 2.24043e+00  1.00017e+00  1.00006e+00
 2.24680e+00  9.99658e-01  1.00007e+00
 2.25304e+00  9.99900e-01  1.00007e+00
 2.26065e+00  1.00026e+00  1.00007e+00
 2.26694e+00  1.00007e+00  1.00007e+00
 2.27319e+00  9.99652e-01  1.00007e+00
 2.28079e+00  1.00039e+00  1.00008e+00
 2.28848e+00  1.00024e+00  1.00008e+00
 2.29510e+00  1.00025e+00  1.00008e+00
 2.30234e+00  9.99375e-01  1.00008e+00
 2.30864e+00  9.99517e-01  1.00008e+00
 2.31495e+00  9.99722e-01  1.00009e+00
 2.32291e+00  1.00021e+00  1.00009e+00
 2.32966e+00  9.99043e-01  1.00009e+00
 2.33639e+00  9.99582e-01  1.00009e+00
 2.34343e+00  9.99462e-01  1.00009e+00
 2.34984e+00  9.99542e-01  1.00010e+00
 2.35654e+00  1.00041e+00  1.00010e+00
 2.36428e+00  9.99937e-01  1.00010e+00
 2.37121e+00  1.00005e+00  1.00010e+00
 2.37831e+00  9.99944e-01  1.00010e+00
 2.38568e+00  9.99904e-01  1.00010e+00
 2.39209e+00  9.99368e-01  1.00011e+00
 2.39889e+00  1.00008e+00  1.00011e+00
 2.40593e+00  9.99888e-01  1.00011e+00
 2.41266e+00  1.00019e+00  1.00011e+00
 2.41957e+00  1.00083e+00  1.00011e+00
 2.42678e+00  9.99445e-01  1.00012e+00
 2.43349e+00  1.00013e+00  1.00012e+00
 2.44039e+00  1.00034e+00  1.00012e+00
 2.44815e+00  1.00017e+00  1.00012e+00
 2.45577e+00  1.00046e+00  1.00012e+00
 2.46375e+00  1.00053e+00  1.00012e+00
 2.47088e+00  9.99827e-01  1.00013e+00
 2.47798e+00  1.00028e+00  1.00013e+00
 2.48539e+00  1.00078e+00  1.00013e+00
 2.49242e+00  1.00018e+00  1.00013e+00
 2.49945e+00  1.00009e+00  1.00013e+00
 2.50698e+00  1.00114e+00  1.00013e+00
 2.51395e+00  1.00001e+00  1.00014e+00
 2.52091e+00  1.00069e+00  1.00014e+00
 2.52857e+00  1.00025e+00  1.00014e+00
 2.53538e+00  1.01967e+00  1.00014e+00
 2.54242e+00  1.00044e+00  1.00014e+00
 2.55078e+00  1.00025e+00  1.00014e+00
 2.55751e+00  1.01712e+00  1.00015e+00
 2.56399e+00  1.00059e+00  1.00015e+00
 2.57261e+00  1.00009e+00  1.00015e+00
 2.57977e+00  1.01503e+00  1.00015e+00
 2.58777e+00  1.00055e+00  1.00015e+00
 2.59588e+00  1.00031e+00  1.00015e+00
 2.60232e+00  1.01343e+00  1.00016e+00
 2.60960e+00  1.00063e+00  1.00016e+00
 2.61673e+00  9.99950e-01  1.00016e+00
 2.62315e+00  1.01017e+00  1.00016e+00
 2.63128e+00  1.00036e+00  1.00016e+00
 2.63924e+00  1.00787e+00  1.00016e+00
 2.64591e+00  9.99879e-01  1.00016e+00
 2.65357e+00  1.00003e+00  1.00017e+00
 2.66039e+00  1.00597e+00  1.00017e+00
 2.66730e+00  9.99924e-01  1.00017e+00
 2.67521e+00  1.00088e+00  1.00017e+00
 2.68184e+00  1.00500e+00  1.00017e+00
 2.68826e+00  1.00049e+00  1.00017e+00
 2.69602e+00  1.00048e+00  1.00017e+00
 2.70265e+00  1.00324e+00  1.00018e+00
 2.70908e+00  1.00006e+00  1.00018e+00
 2.71686e+00  9.99956e-01  1.00018e+00
 2.72352e+00  1.00222e+00  1.00018e+00
 2.72992e+00  1.00028e+00  1.00018e+00
 2.73771e+00  1.00025e+00  1.00018e+00
 2.74434e+00  1.00147e+00  1.00018e+00
 2.75138e+00  1.00023e+00  1.00019e+00
 2.75926e+00  1.00041e+00  1.00019e+00
 2.76666e+00  1.00107e+00  1.00019e+00
 2.77416e+00  1.00063e+00  1.00019e+00
 2.78209e+00  1.00017e+00  1.00019e+00
 2.78867e+00  1.00045e+00  1.00019e+00
 2.79538e+00  1.00063e+00  1.00019e+00
 2.80295e+00  1.00005e+00  1.00019e+00
 2.80948e+00  9.99789e-01  1.00020e+00
 2.81623e+00  1.00049e+00  1.00020e+00
 2.82376e+00  1.00042e+00  1.00020e+00
 2.83029e+00  1.00032e+00  1.00020e+00
 2.83705e+00  1.00067e+00  1.00020e+00
 2.84459e+00  9.99766e-01  1.00020e+00
 2.85134e+00  1.00004e+00  1.00020e+00
 2.85878e+00  1.00028e+00  1.00020e+00
 2.86605e+00  1.00053e+00  1.00021e+00
 2.87297e+00  9.99634e-01  1.00021e+00
 2.88043e+00  1.00035e+00  1.00021e+00
 2.88754e+00  9.99702e-01  1.00021e+00
 2.89420e+00  9.99958e-01  1.00021e+00
 2.90204e+00  1.00048e+00  1.00021e+00
 2.90903e+00  9.99651e-01  1.00021e+00
 2.91548e+00  1.00048e+00  1.00021e+00
 2.92416e+00  9.99832e-01  1.00022e+00
 2.93185e+00  9.99637e-01  1.00022e+00
 2.93827e+00  1.00034e+00  1.00022e+00
 2.94671e+00  1.00074e+00  1.00022e+00
 2.95333e+00  1.00025e+00  1.00022e+00
 2.95977e+00  1.00093e+00  1.00022e+00
 2.96791e+00  1.00049e+00  1.00022e+00
 2.97488e+00  1.00037e+00  1.00022e+00
 2.98207e+00  1.00080e+00  1.00022e+00
 2.98997e+00  1.00023e+00  1.00023e+00
 2.99698e+00  1.00037e+00  1.00023e+00
 3.00373e+00  1.00030e+00  1.00023e+00
 3.01126e+00  1.00013e+00  1.00023e+00
 3.01840e+00  1.00039e+00  1.00023e+00
 3.02545e+00  1.00067e+00  1.00023e+00
 3.03269e+00  1.00064e+00  1.00023e+00
 3.03925e+00  1.00094e+00  1.00023e+00
 3.04628e+00  1.00052e+00  1.00023e+00
 3.05355e+00  1.00067e+00  1.00024e+00
 3.06040e+00  1.00045e+00  1.00024e+00
 3.06793e+00  1.00134e+00  1.00024e+00
 3.07505e+00  1.00095e+00  1.00024e+00
 3.08148e+00  9.99857e-01  1.00024e+00
 3.08875e+00  1.00067e+00  1.00024e+00
 3.09590e+00  1.00113e+00  1.00024e+00
 3.10277e+00  1.00021e+00  1.00024e+00
 3.11060e+00  1.00127e+00  1.00024e+00
 3.11875e+00  1.00007e+00  1.00025e+00
 3.12577e+00  1.00102e+00  1.00025e+00
 3.13355e+00  1.00111e+00  1.00025e+00
 3.14018e+00  1.00091e+00  1.00025e+00
 3.14704e+00  1.00088e+00  1.00025e+00
 3.15509e+00  1.00068e+00  1.00025e+00
 3.16168e+00  1.00143e+00  1.00025e+00
 3.16864e+00  1.00077e+00  1.00025e+00
 3.17707e+00  1.00129e+00  1.00025e+00
 3.18433e+00  1.00100e+00  1.00025e+00
 3.19124e+00  1.00126e+00  1.00026e+00
 3.19877e+00  1.00135e+00  1.00026e+00
 3.20549e+00  1.00168e+00  1.00026e+00
 3.21336e+00  1.00110e+00  1.00026e+00
 3.22153e+00  1.00153e+00  1.00026e+00
 3.22799e+00  1.00136e+00  1.00026e+00
 3.23554e+00  1.00130e+00  1.00026e+00
 3.24303e+00  1.00126e+00  1.00026e+00
 3.24946e+00  1.00156e+00  1.00026e+00
 3.25700e+00  1.00131e+00  1.00026e+00
 3.26385e+00  1.00190e+00  1.00026e+00
 3.27028e+00  1.00182e+00  1.00027e+00
 3.27857e+00  1.00127e+00  1.00027e+00
 3.28599e+00  1.00142e+00  1.00027e+00
 3.29243e+00  1.00144e+00  1.00027e+00
 3.30041e+00  1.00121e+00  1.00027e+00
 3.30820e+00  1.00217e+00  1.00027e+00
 3.31497e+00  1.00200e+00  1.00027e+00
 3.32331e+00  1.00197e+00  1.00027e+00
 3.33032e+00  1.00212e+00  1.00027e+00
 3.33705e+00  1.00184e+00  1.00027e+00
 3.34489e+00  1.00264e+00  1.00028e+00
 3.35176e+00  1.00254e+00  1.00028e+00
 3.35881e+00  1.00235e+00  1.00028e+00
 3.36719e+00  1.00305e+00  1.00028e+00
 3.37382e+00  1.00298e+00  1.00028e+00
 3.38123e+00  1.00200e+00  1.00028e+00
 3.38949e+00  1.00293e+00  1.00028e+00
 3.39722e+00  1.00274e+00  1.00028e+00
 3.40568e+00  1.00240e+00  1.00028e+00
 3.41367e+00  1.00349e+00  1.00028e+00
 3.42054e+00  1.00348e+00  1.00028e+00
 3.42954e+00  1.00396e+00  1.00029e+00
 3.43751e+00  1.00327e+00  1.00029e+00
 3.44619e+00  1.00276e+00  1.00029e+00
 3.45406e+00  1.00467e+00  1.00029e+00
 3.46048e+00  1.00428e+00  1.00029e+00
 3.46840e+00  1.00336e+00  1.00029e+00
 3.47551e+00  1.00515e+00  1.00029e+00
 3.48208e+00  1.00423e+00  1.00029e+00
 3.48999e+00  1.00385e+00  1.00029e+00
 3.49705e+00  1.00491e+00  1.00029e+00
 3.50464e+00  1.00355e+00  1.00029e+00
 3.51229e+00  1.00459e+00  1.00029e+00
 3.51900e+00  1.00521e+00  1.00030e+00
 7.77100e-03  1.00401e+00  1.00488e+00
 2.29530e-02  1.00406e+00  1.00396e+00
 3.62340e-02  1.00423e+00  1.00324e+00
 5.10350e-02  1.00340e+00  1.00252e+00
 6.72080e-02  1.00365e+00  1.00183e+00
 8.04580e-02  1.00335e+00  1.00133e+00
 9.57740e-02  1.00212e+00  1.00083e+00
 1.10602e-01  1.00203e+00  1.00041e+00
 1.23456e-01  1.00203e+00  1.00009e+00
 1.40358e-01  1.00159e+00  9.99733e-01
 1.55022e-01  1.00195e+00  9.99470e-01
 1.67896e-01  1.00094e+00  9.99271e-01
 1.84380e-01  1.00081e+00  9.99056e-01
 1.99218e-01  9.99739e-01  9.98894e-01
 2.12745e-01  1.00061e+00  9.98770e-01
 2.28404e-01  9.99191e-01  9.98650e-01
 2.42333e-01  9.99063e-01  9.98563e-01
 2.57771e-01  9.99557e-01  9.98485e-01
 2.74168e-01  9.97840e-01  9.98420e-01
 2.89993e-01  9.97493e-01  9.98372e-01
 3.05678e-01  9.98682e-01  9.98338e-01
 3.20282e-01  9.96785e-01  9.98315e-01
 3.33176e-01  9.97542e-01  9.98302e-01
 3.49052e-01  9.98033e-01  9.98293e-01
 3.64640e-01  9.95780e-01  9.98291e-01
 3.77738e-01  9.97675e-01  9.98294e-01
 3.93534e-01  9.97130e-01  9.98302e-01
 4.07598e-01  9.93793e-01  9.98313e-01
 4.21045e-01  9.95938e-01  9.98326e-01
 4.38527e-01  9.90471e-01  9.98347e-01
 4.52894e-01  9.85171e-01  9.98366e-01
 4.67715e-01  9.90576e-01  9.98388e-01
 4.82693e-01  9.73811e-01  9.98412e-01
 4.95867e-01  9.70234e-01  9.98434e-01
 5.10904e-01  9.77018e-01  9.98460e-01
 5.25800e-01  9.62753e-01  9.98486e-01
 5.38451e-01  9.64496e-01  9.98509e-01
 5.52945e-01  9.70357e-01  9.98537e-01
 5.68882e-01  9.66848e-01  9.98567e-01
 5.82535e-01  9.74384e-01  9.98593e-01
 5.97358e-01  9.79087e-01  9.98621e-01
 6.11982e-01  9.83960e-01  9.98649e-01
 6.24836e-01  9.89291e-01  9.98674e-01
 6.40508e-01  9.92505e-01  9.98703e-01
 6.55610e-01  9.95199e-01  9.98732e-01
 6.68464e-01  9.96700e-01  9.98756e-01
 6.85234e-01  9.98380e-01  9.98787e-01
 6.99511e-01  9.97658e-01  9.98814e-01
 7.13039e-01  9.97180e-01  9.98838e-01
 7.28404e-01  9.98219e-01  9.98866e-01
 7.42113e-01  9.97797e-01  9.98890e-01
 7.54659e-01  9.97891e-01  9.98912e-01
 7.71531e-01  9.98279e-01  9.98941e-01
 7.84917e-01  9.97985e-01  9.98964e-01
 7.97868e-01  9.97562e-01  9.98985e-01
 8.13191e-01  9.97849e-01  9.99010e-01
 8.26557e-01  9.98521e-01  9.99032e-01
 8.39608e-01  9.97181e-01  9.99053e-01
 8.54851e-01  9.98576e-01  9.99076e-01
 8.68257e-01  9.98615e-01  9.99097e-01
 8.81228e-01  9.97521e-01  9.99116e-01
 8.96531e-01  9.98634e-01  9.99139e-01
 9.09917e-01  9.98743e-01  9.99158e-01
 9.22868e-01  9.97935e-01  9.99177e-01
 9.38485e-01  9.98937e-01  9.99198e-01
 9.54078e-01  9.98447e-01  9.99220e-01
 9.70774e-01  9.99164e-01  9.99242e-01
 9.85602e-01  9.99137e-01  9.99261e-01
 9.98000e-01  9.98689e-01  9.99277e-01
 1.01350e+00  9.98689e-01  9.99297e-01
 1.02952e+00  1.00015e+00  9.99317e-01
 1.04344e+00  9.98772e-01  9.99333e-01
 1.05877e+00  9.99196e-01  9.99351e-01
 1.07290e+00  9.99613e-01  9.99368e-01
 1.08516e+00  9.99370e-01  9.99382e-01
 1.10043e+00  9.99397e-01  9.99399e-01
 1.11541e+00  9.99906e-01  9.99415e-01
 1.12818e+00  9.98726e-01  9.99429e-01
 1.14355e+00  9.99967e-01  9.99445e-01
 1.15760e+00  9.99220e-01  9.99459e-01
 1.16874e+00  1.00155e+00  9.99471e-01
 1.18269e+00  1.00086e+00  9.99485e-01
 1.19578e+00  1.00110e+00  9.99497e-01
 1.20693e+00  1.00015e+00  9.99508e-01
 1.22023e+00  1.00059e+00  9.99521e-01
 1.23493e+00  9.99982e-01  9.99534e-01
 1.24642e+00  9.99755e-01  9.99545e-01
 1.25886e+00  9.99901e-01  9.99556e-01
 1.27264e+00  9.99143e-01  9.99568e-01
 1.28486e+00  9.99867e-01  9.99579e-01
 1.29630e+00  9.99495e-01  9.99588e-01
 1.31030e+00  9.98807e-01  9.99600e-01
 1.32313e+00  9.99075e-01  9.99611e-01
 1.33424e+00  9.98374e-01  9.99620e-01
 1.34831e+00  9.98951e-01  9.99631e-01
 1.36361e+00  9.99538e-01  9.99643e-01
 1.37469e+00  9.99035e-01  9.99651e-01
 1.38823e+00  9.99197e-01  9.99661e-01
 1.40220e+00  9.99914e-01  9.99672e-01
 1.41416e+00  9.99008e-01  9.99681e-01
 1.42706e+00  1.00002e+00  9.99690e-01
 1.44053e+00  9.98529e-01  9.99699e-01
 1.45258e+00  9.99397e-01  9.99708e-01
 1.46665e+00  9.99137e-01  9.99717e-01
 1.48215e+00  1.00001e+00  9.99728e-01
 1.49428e+00  1.00049e+00  9.99736e-01
 1.50652e+00  9.98839e-01  9.99744e-01
 1.52126e+00  9.99749e-01  9.99753e-01
 1.53377e+00  1.00043e+00  9.99761e-01
 1.54499e+00  9.99717e-01  9.99768e-01
 1.55969e+00  9.98995e-01  9.99777e-01
 1.57357e+00  9.99619e-01  9.99785e-01
 1.58546e+00  9.99723e-01  9.99792e-01
 1.59935e+00  9.99608e-01  9.99800e-01
 1.61271e+00  9.99592e-01  9.99808e-01
 1.62469e+00  9.99714e-01  9.99815e-01
 1.63823e+00  9.99830e-01  9.99822e-01
 1.65161e+00  1.00029e+00  9.99830e-01
 1.66508e+00  9.99532e-01  9.99837e-01
 1.68047e+00  9.99643e-01  9.99845e-01
 1.69516e+00  9.99429e-01  9.99853e-01
 1.70803e+00  9.99698e-01  9.99859e-01
 1.72157e+00  1.00008e+00  9.99866e-01
 1.73602e+00  1.00001e+00  9.99873e-01
 1.74936e+00  1.00004e+00  9.99880e-01
 1.76388e+00  1.00012e+00  9.99887e-01
 1.77937e+00  1.00029e+00  9.99894e-01
 1.79137e+00  9.99773e-01  9.99900e-01
 1.80493e+00  9.99598e-01  9.99906e-01
 1.81855e+00  9.99390e-01  9.99912e-01
 1.83206e+00  9.99485e-01  9.99918e-01
 1.84743e+00  9.99236e-01  9.99925e-01
 1.86131e+00  9.99404e-01  9.99931e-01
 1.87374e+00  9.99141e-01  9.99936e-01
 1.88823e+00  9.99684e-01  9.99942e-01
 1.90161e+00  1.00010e+00  9.99948e-01
 1.91418e+00  1.00007e+00  9.99953e-01
 1.92762e+00  1.00033e+00  9.99958e-01
 1.94185e+00  9.99915e-01  9.99964e-01
 1.95468e+00  9.99729e-01  9.99969e-01
 1.96724e+00  9.99917e-01  9.99974e-01
 1.98094e+00  9.99853e-01  9.99979e-01
 1.99401e+00  9.99959e-01  9.99984e-01
 2.00598e+00  9.99830e-01  9.99988e-01
 2.02119e+00  9.99358e-01  9.99994e-01
 2.03450e+00  9.99665e-01  9.99998e-01
 2.04885e+00  9.99309e-01  1.00000e+00
 2.06290e+00  9.99551e-01  1.00001e+00
 2.07614e+00  9.99357e-01  1.00001e+00
 2.08968e+00  9.99672e-01  1.00002e+00
 2.10454e+00  9.99921e-01  1.00002e+00
 2.11788e+00  9.99137e-01  1.00003e+00
 2.13213e+00  9.99479e-01  1.00003e+00
 2.14626e+00  9.99915e-01  1.00004e+00
 2.16205e+00  9.99782e-01  1.00004e+00
 2.17740e+00  9.99908e-01  1.00005e+00
 2.19133e+00  9.87452e-01  1.00005e+00
 2.20501e+00  9.99934e-01  1.00005e+00
 2.21755e+00  9.74860e-01  1.00006e+00
 2.23041e+00  9.90615e-01  1.00006e+00
 2.24410e+00  1.00022e+00  1.00007e+00
 2.25653e+00  9.75805e-01  1.00007e+00
 2.27042e+00  9.93490e-01  1.00007e+00
 2.28421e+00  9.99213e-01  1.00008e+00
 2.29701e+00  9.76257e-01  1.00008e+00
 2.31001e+00  9.94813e-01  1.00008e+00
 2.32286e+00  9.99893e-01  1.00009e+00
 2.33610e+00  9.77418e-01  1.00009e+00
 2.34932e+00  9.95126e-01  1.00010e+00
 2.36190e+00  9.99584e-01  1.00010e+00
 2.37566e+00  9.78211e-01  1.00010e+00
 2.38963e+00  1.00008e+00  1.00011e+00
 2.40411e+00  9.99714e-01  1.00011e+00
 2.41825e+00  9.80012e-01  1.00011e+00
 2.43131e+00  9.99599e-01  1.00012e+00
 2.44333e+00  9.96835e-01  1.00012e+00
 2.45703e+00  1.00003e+00  1.00012e+00
 2.47117e+00  9.81441e-01  1.00013e+00
 2.48499e+00  9.97702e-01  1.00013e+00
 2.49798e+00  1.00015e+00  1.00013e+00
 2.51113e+00  9.82823e-01  1.00014e+00
 2.52529e+00  9.97327e-01  1.00014e+00
 2.53833e+00  1.00010e+00  1.00014e+00
 2.55139e+00  9.84434e-01  1.00014e+00
 2.56465e+00  9.97632e-01  1.00015e+00
 2.57740e+00  9.99708e-01  1.00015e+00
 2.59108e+00  9.85402e-01  1.00015e+00
 2.60602e+00  9.98262e-01  1.00016e+00
 2.61910e+00  9.99916e-01  1.00016e+00
 2.63133e+00  9.89736e-01  1.00016e+00
 2.64333e+00  9.98242e-01  1.00016e+00
 2.65566e+00  1.00236e+00  1.00017e+00
 2.66725e+00  9.88960e-01  1.00017e+00
 2.67977e+00  1.00079e+00  1.00017e+00
 2.69227e+00  9.98463e-01  1.00017e+00
 2.70562e+00  1.00088e+00  1.00018e+00
 2.71705e+00  9.89242e-01  1.00018e+00
 2.72872e+00  9.99148e-01  1.00018e+00
 2.74031e+00  9.99334e-01  1.00018e+00
 2.75206e+00  9.89766e-01  1.00019e+00
 2.76530e+00  9.98338e-01  1.00019e+00
 2.77702e+00  9.99212e-01  1.00019e+00
 2.78960e+00  1.00005e+00  1.00019e+00
 2.80217e+00  9.90188e-01  1.00019e+00
 2.81415e+00  9.98442e-01  1.00020e+00
 2.82600e+00  9.98891e-01  1.00020e+00
 2.83735e+00  9.91834e-01  1.00020e+00
 2.85036e+00  9.98650e-01  1.00020e+00
 2.86171e+00  9.99045e-01  1.00020e+00
 2.87447e+00  9.99655e-01  1.00021e+00
 2.88616e+00  9.91734e-01  1.00021e+00
 2.89751e+00  9.98899e-01  1.00021e+00
 2.90930e+00  9.98800e-01  1.00021e+00
 2.92067e+00  9.92842e-01  1.00021e+00
 2.93277e+00  9.99495e-01  1.00022e+00
 2.94367e+00  9.99802e-01  1.00022e+00
 2.95564e+00  9.99396e-01  1.00022e+00
 2.96705e+00  9.93238e-01  1.00022e+00
 2.97896e+00  9.99556e-01  1.00022e+00
 2.99150e+00  9.99523e-01  1.00023e+00
 3.00370e+00  9.93635e-01  1.00023e+00
 3.01612e+00  9.99539e-01  1.00023e+00
 3.02829e+00  9.99528e-01  1.00023e+00
 3.04002e+00  1.00001e+00  1.00023e+00
 3.05163e+00  9.94070e-01  1.00024e+00
 3.06319e+00  9.99509e-01  1.00024e+00
 3.07482e+00  9.99278e-01  1.00024e+00
 3.08610e+00  9.95533e-01  1.00024e+00
 3.09826e+00  9.99645e-01  1.00024e+00
 3.10941e+00  9.99264e-01  1.00024e+00
 3.12230e+00  9.99450e-01  1.00025e+00
 3.13367e+00  9.95259e-01  1.00025e+00
 3.14545e+00  9.99049e-01  1.00025e+00
 3.15765e+00  9.99157e-01  1.00025e+00
 3.17007e+00  9.95744e-01  1.00025e+00
 3.18317e+00  9.99603e-01  1.00025e+00
 3.19665e+00  9.99574e-01  1.00026e+00
 3.20923e+00  9.95452e-01  1.00026e+00
 3.22228e+00  9.99198e-01  1.00026e+00
 3.23473e+00  9.99204e-01  1.00026e+00
 3.24962e+00  9.96068e-01  1.00026e+00
 3.26254e+00  9.99392e-01  1.00026e+00
 3.27593e+00  9.98913e-01  1.00027e+00
 3.28894e+00  9.99800e-01  1.00027e+00
 3.30163e+00  9.96079e-01  1.00027e+00
 3.31415e+00  1.00021e+00  1.00027e+00
 3.32692e+00  9.99242e-01  1.00027e+00
 3.33938e+00  9.96700e-01  1.00027e+00
 3.35232e+00  9.99750e-01  1.00028e+00
 3.36463e+00  9.99358e-01  1.00028e+00
 3.37829e+00  9.96429e-01  1.00028e+00
 3.39149e+00  9.99242e-01  1.00028e+00
 3.40369e+00  9.99398e-01  1.00028e+00
 3.41634e+00  9.97228e-01  1.00028e+00
 3.42924e+00  9.99331e-01  1.00029e+00
 3.44200e+00  9.99373e-01  1.00029e+00
 3.45623e+00  9.99100e-01  1.00029e+00
 3.46960e+00  9.96979e-01  1.00029e+00
 3.48312e+00  9.99620e-01  1.00029e+00
 3.49614e+00  9.99807e-01  1.00029e+00
 3.50856e+00  9.97547e-01  1.00029e+00
 3.52137e+00  9.99316e-01  1.00030e+00
 3.53388e+00  9.98363e-01  1.00030e+00
 3.54704e+00  9.99337e-01  1.00030e+00
 3.56068e+00  1.00031e+00  1.00030e+00
 3.57296e+00  9.99525e-01  1.00030e+00
 3.58542e+00  9.98351e-01  1.00030e+00
 3.59864e+00  9.99059e-01  1.00030e+00
 3.61063e+00  9.99592e-01  1.00030e+00
 3.62350e+00  9.98886e-01  1.00031e+00
 3.63624e+00  9.97827e-01  1.00031e+00
 3.64961e+00  1.00048e+00  1.00031e+00
 3.66278e+00  9.99858e-01  1.00031e+00
 3.67643e+00  9.98515e-01  1.00031e+00
 3.69029e+00  1.00020e+00  1.00031e+00
 3.70318e+00  1.00022e+00  1.00031e+00
 3.71563e+00  9.98601e-01  1.00031e+00
 3.72849e+00  1.00064e+00  1.00032e+00
 3.74105e+00  9.99401e-01  1.00032e+00
 3.75335e+00  9.98693e-01  1.00032e+00
 3.76649e+00  9.99735e-01  1.00032e+00
 3.77886e+00  1.00052e+00  1.00032e+00
 3.79376e+00  9.98554e-01  1.00032e+00
 3.80732e+00  9.99632e-01  1.00032e+00
 3.82039e+00  9.99690e-01  1.00032e+00
 3.83412e+00  9.99089e-01  1.00033e+00
 3.84728e+00  1.00022e+00  1.00033e+00
 3.85935e+00  9.99927e-01  1.00033e+00
 3.87232e+00  9.99967e-01  1.00033e+00
 3.88624e+00  9.98812e-01  1.00033e+00
 3.89955e+00  9.99730e-01  1.00033e+00
 3.91344e+00  1.00051e+00  1.00033e+00
 3.92661e+00  9.98861e-01  1.00033e+00
 3.93915e+00  1.00070e+00  1.00033e+00
 3.95194e+00  9.99434e-01  1.00034e+00
 3.96468e+00  9.99438e-01  1.00034e+00
 3.97906e+00  9.99984e-01  1.00034e+00
 3.99228e+00  9.99284e-01  1.00034e+00
 4.00469e+00  9.99128e-01  1.00034e+00
 4.01778e+00  1.00022e+00  1.00034e+00
 4.02995e+00  9.99784e-01  1.00034e+00
 4.04257e+00  9.99611e-01  1.00034e+00
 4.05570e+00  1.00019e+00  1.00034e+00
 4.06989e+00  9.99328e-01  1.00035e+00
 4.08304e+00  9.99431e-01  1.00035e+00
 4.09590e+00  1.00029e+00  1.00035e+00
 4.10924e+00  9.99844e-01  1.00035e+00
 4.12232e+00  9.99401e-01  1.00035e+00
 4.13489e+00  9.99250e-01  1.00035e+00
 4.14751e+00  9.99813e-01  1.00035e+00
 4.16020e+00  9.99774e-01  1.00035e+00
 4.17272e+00  1.00006e+00  1.00035e+00
 4.18600e+00  1.00006e+00  1.00035e+00
 4.19937e+00  1.00006e+00  1.00036e+00
 4.21173e+00  9.98945e-01  1.00036e+00
 4.22594e+00  9.99662e-01  1.00036e+00
 4.23904e+00  9.99798e-01  1.00036e+00
 4.25208e+00  9.99820e-01  1.00036e+00
 4.26534e+00  1.00026e+00  1.00036e+00
 4.27869e+00  1.00006e+00  1.00036e+00
 4.29134e+00  1.00024e+00  1.00036e+00
 4.30424e+00  9.99572e-01  1.00036e+00
 4.31646e+00  1.00005e+00  1.00036e+00
 4.32952e+00  1.00074e+00  1.00036e+00
 4.34233e+00  1.00015e+00  1.00037e+00
 4.35585e+00  9.99463e-01  1.00037e+00
 4.36904e+00  1.00046e+00  1.00037e+00
 4.38387e+00  9.99582e-01  1.00037e+00
 4.39812e+00  1.00021e+00  1.00037e+00
 4.41144e+00  1.00014e+00  1.00037e+00
 4.42674e+00  9.99764e-01  1.00037e+00
 4.44029e+00  9.99872e-01  1.00037e+00
 4.45320e+00  1.00014e+00  1.00037e+00
 4.46725e+00  9.99629e-01  1.00037e+00
 4.48085e+00  1.00017e+00  1.00037e+00
 4.49360e+00  9.99658e-01  1.00038e+00
 4.50607e+00  9.99900e-01  1.00038e+00
 4.52130e+00  1.00026e+00  1.00038e+00
 4.53388e+00  1.00007e+00  1.00038e+00
 4.54639e+00  9.99652e-01  1.00038e+00
 4.56158e+00  1.00039e+00  1.00038e+00
 4.57696e+00  1.00024e+00  1.00038e+00
 4.59020e+00  1.00025e+00  1.00038e+00
 4.60469e+00  9.99375e-01  1.00038e+00
 4.61728e+00  9.99517e-01  1.00038e+00
 4.62990e+00  9.99722e-01  1.00038e+00
 4.64582e+00  1.00021e+00  1.00039e+00
 4.65932e+00  9.99043e-01  1.00039e+00
 4.67279e+00  9.99582e-01  1.00039e+00
 4.68685e+00  9.99462e-01  1.00039e+00
 4.69968e+00  9.99542e-01  1.00039e+00
 4.71307e+00  1.00041e+00  1.00039e+00
 4.72856e+00  9.99937e-01  1.00039e+00
 4.74242e+00  1.00005e+00  1.00039e+00
 4.75661e+00  9.99944e-01  1.00039e+00
 4.77137e+00  9.99904e-01  1.00039e+00
 4.78418e+00  9.99368e-01  1.00039e+00
 4.79779e+00  1.00008e+00  1.00039e+00
 4.81185e+00  9.99888e-01  1.00040e+00
 4.82533e+00  1.00019e+00  1.00040e+00
 4.83914e+00  1.00083e+00  1.00040e+00
 4.85355e+00  9.99445e-01  1.00040e+00
 4.86699e+00  1.00013e+00  1.00040e+00
 4.88078e+00  1.00034e+00  1.00040e+00
 4.89630e+00  1.00017e+00  1.00040e+00
 4.91153e+00  1.00046e+00  1.00040e+00
 4.92751e+00  1.00053e+00  1.00040e+00
 4.94177e+00  9.99827e-01  1.00040e+00
 4.95595e+00  1.00028e+00  1.00040e+00
 4.97077e+00  1.00078e+00  1.00041e+00
 4.98485e+00  1.00018e+00  1.00041e+00
 4.99891e+00  1.00009e+00  1.00041e+00
 5.01396e+00  1.00114e+00  1.00041e+00
 5.02790e+00  1.00001e+00  1.00041e+00
 5.04182e+00  1.00069e+00  1.00041e+00
 5.05713e+00  1.00025e+00  1.00041e+00
 5.07076e+00  1.01967e+00  1.00041e+00
 5.08483e+00  1.00044e+00  1.00041e+00
 5.10156e+00  1.00025e+00  1.00042e+00
 5.11502e+00  1.01712e+00  1.00042e+00
 5.12798e+00  1.00059e+00  1.00042e+00
 5.14521e+00  1.00009e+00  1.00042e+00
 5.15953e+00  1.01503e+00  1.00042e+00
 5.17555e+00  1.00055e+00  1.00042e+00
 5.19177e+00  1.00031e+00  1.00042e+00
 5.20463e+00  1.01343e+00  1.00042e+00
 5.21919e+00  1.00063e+00  1.00042e+00
 5.23347e+00  9.99950e-01  1.00043e+00
 5.24629e+00  1.01017e+00  1.00043e+00
 5.26256e+00  1.00036e+00  1.00043e+00
 5.27848e+00  1.00787e+00  1.00043e+00
 5.29182e+00  9.99879e-01  1.00043e+00
 5.30713e+00  1.00003e+00  1.00043e+00
 5.32078e+00  1.00597e+00  1.00043e+00
 5.33460e+00  9.99924e-01  1.00044e+00
 5.35042e+00  1.00088e+00  1.00044e+00
 5.36368e+00  1.00500e+00  1.00044e+00
 5.37651e+00  1.00049e+00  1.00044e+00
 5.39204e+00  1.00048e+00  1.00044e+00
 5.40530e+00  1.00324e+00  1.00044e+00
 5.41815e+00  1.00006e+00  1.00044e+00
 5.43372e+00  9.99956e-01  1.00045e+00
 5.44704e+00  1.00222e+00  1.00045e+00
 5.45983e+00  1.00028e+00  1.00045e+00
 5.47542e+00  1.00025e+00  1.00045e+00
 5.48868e+00  1.00147e+00  1.00045e+00
 5.50276e+00  1.00023e+00  1.00045e+00
 5.51853e+00  1.00041e+00  1.00046e+00
 5.53331e+00  1.00107e+00  1.00046e+00
 5.54831e+00  1.00063e+00  1.00046e+00
 5.56417e+00  1.00017e+00  1.00046e+00
 5.57734e+00  1.00045e+00  1.00047e+00
 5.59076e+00  1.00063e+00  1.00047e+00
 5.60589e+00  1.00005e+00  1.00047e+00
 5.61896e+00  9.99789e-01  1.00047e+00
 5.63246e+00  1.00049e+00  1.00047e+00
 5.64751e+00  1.00042e+00  1.00048e+00
 5.66058e+00  1.00032e+00  1.00048e+00
 5.67410e+00  1.00067e+00  1.00048e+00
 5.68917e+00  9.99766e-01  1.00049e+00
 5.70267e+00  1.00004e+00  1.00049e+00
 5.71755e+00  1.00028e+00  1.00049e+00
 5.73211e+00  1.00053e+00  1.00049e+00
 5.74594e+00  9.99634e-01  1.00050e+00
 5.76087e+00  1.00035e+00  1.00050e+00
 5.77509e+00  9.99702e-01  1.00051e+00
 5.78839e+00  9.99958e-01  1.00051e+00
 5.80407e+00  1.00048e+00  1.00051e+00
 5.81807e+00  9.99651e-01  1.00052e+00
 5.83095e+00  1.00048e+00  1.00052e+00
 5.84833e+00  9.99832e-01  1.00053e+00
 5.86370e+00  9.99637e-01  1.00053e+00
 5.87653e+00  1.00034e+00  1.00053e+00
 5.89341e+00  1.00074e+00  1.00054e+00
 5.90666e+00  1.00025e+00  1.00055e+00
 5.91953e+00  1.00093e+00  1.00055e+00
 5.93581e+00  1.00049e+00  1.00056e+00
 5.94976e+00  1.00037e+00  1.00056e+00
 5.96414e+00  1.00080e+00  1.00057e+00
 5.97995e+00  1.00023e+00  1.00058e+00
 5.99396e+00  1.00037e+00  1.00058e+00
 6.00746e+00  1.00030e+00  1.00059e+00
 6.02251e+00  1.00013e+00  1.00060e+00
 6.03679e+00  1.00039e+00  1.00060e+00
 6.05089e+00  1.00067e+00  1.00061e+00
 6.06539e+00  1.00064e+00  1.00062e+00
 6.07849e+00  1.00094e+00  1.00063e+00
 6.09255e+00  1.00052e+00  1.00064e+00
 6.10711e+00  1.00067e+00  1.00065e+00
 6.12080e+00  1.00045e+00  1.00066e+00
 6.13587e+00  1.00134e+00  1.00067e+00
 6.15011e+00  1.00095e+00  1.00068e+00
 6.16296e+00  9.99857e-01  1.00069e+00
 6.17751e+00  1.00067e+00  1.00070e+00
 6.19179e+00  1.00113e+00  1.00071e+00
 6.20554e+00  1.00021e+00  1.00072e+00
 6.22120e+00  1.00127e+00  1.00074e+00
 6.23751e+00  1.00007e+00  1.00076e+00
 6.25153e+00  1.00102e+00  1.00077e+00
 6.26710e+00  1.00111e+00  1.00079e+00
 6.28036e+00  1.00091e+00  1.00080e+00
 6.29409e+00  1.00088e+00  1.00082e+00
 6.31018e+00  1.00068e+00  1.00084e+00
 6.32336e+00  1.00143e+00  1.00086e+00
 6.33728e+00  1.00077e+00  1.00088e+00
 6.35414e+00  1.00129e+00  1.00091e+00
 6.36866e+00  1.00100e+00  1.00093e+00
 6.38248e+00  1.00126e+00  1.00095e+00
 6.39753e+00  1.00135e+00  1.00098e+00
 6.41097e+00  1.00168e+00  1.00101e+00
 6.42671e+00  1.00110e+00  1.00104e+00
 6.44307e+00  1.00153e+00  1.00107e+00
 6.45597e+00  1.00136e+00  1.00110e+00
 6.47109e+00  1.00130e+00  1.00114e+00
 6.48606e+00  1.00126e+00  1.00118e+00
 6.49893e+00  1.00156e+00  1.00121e+00
 6.51400e+00  1.00131e+00  1.00125e+00
 6.52771e+00  1.00190e+00  1.00129e+00
 6.54057e+00  1.00182e+00  1.00133e+00
 6.55713e+00  1.00127e+00  1.00139e+00
 6.57198e+00  1.00142e+00  1.00144e+00
 6.58485e+00  1.00144e+00  1.00149e+00
 6.60082e+00  1.00121e+00  1.00155e+00
 6.61640e+00  1.00217e+00  1.00162e+00
 6.62994e+00  1.00200e+00  1.00168e+00
 6.64661e+00  1.00197e+00  1.00175e+00
 6.66064e+00  1.00212e+00  1.00183e+00
 6.67410e+00  1.00184e+00  1.00190e+00
 6.68978e+00  1.00264e+00  1.00198e+00
 6.70351e+00  1.00254e+00  1.00206e+00
 6.71762e+00  1.00235e+00  1.00215e+00
 6.73437e+00  1.00305e+00  1.00226e+00
 6.74763e+00  1.00298e+00  1.00236e+00
 6.76245e+00  1.00200e+00  1.00246e+00
 6.77898e+00  1.00293e+00  1.00259e+00
 6.79444e+00  1.00274e+00  1.00272e+00
 6.81136e+00  1.00240e+00  1.00286e+00
 6.82734e+00  1.00349e+00  1.00300e+00
 6.84108e+00  1.00348e+00  1.00313e+00
 6.85908e+00  1.00396e+00  1.00330e+00
 6.87502e+00  1.00327e+00  1.00345e+00
 6.89239e+00  1.00276e+00  1.00362e+00
 6.90812e+00  1.00467e+00  1.00377e+00
 6.92095e+00  1.00428e+00  1.00389e+00
 6.93679e+00  1.00336e+00  1.00402e+00
 6.95102e+00  1.00515e+00  1.00413e+00
 6.96416e+00  1.00423e+00  1.00421e+00
 6.97997e+00  1.00385e+00  1.00427e+00
 6.99411e+00  1.00491e+00  1.00428e+00
 7.00927e+00  1.00355e+00  1.00424e+00
 7.02459e+00  1.00459e+00  1.00410e+00
 7.03799e+00  1.00521e+00  1.00390e+00
