1036
 4.02900e-03  1.00054e+00  1.00119e+00
 1.10560e-02  1.00045e+00  1.00119e+00
 1.81040e-02  1.00077e+00  1.00120e+00
 2.48490e-02  1.00112e+00  1.00120e+00
 3.19060e-02  1.00019e+00  1.00121e+00
 3.89140e-02  1.00021e+00  1.00121e+00
 4.58460e-02  1.00225e+00  1.00122e+00
 5.34380e-02  1.00109e+00  1.00122e+00
 6.04540e-02  9.99990e-01  1.00122e+00
 6.72180e-02  1.00084e+00  1.00123e+00
 7.42580e-02  1.00151e+00  1.00123e+00
 8.15020e-02  1.00093e+00  1.00123e+00
 8.91640e-02  1.00016e+00  1.00123e+00
 9.66060e-02  1.00057e+00  1.00124e+00
 1.03434e-01  1.00120e+00  1.00124e+00
 1.10220e-01  1.00139e+00  1.00124e+00
 1.17446e-01  1.00101e+00  1.00124e+00
 1.24284e-01  1.00147e+00  1.00124e+00
 1.31582e-01  1.00135e+00  1.00124e+00
 1.39053e-01  1.00061e+00  1.00124e+00
 1.45776e-01  1.00085e+00  1.00124e+00
 1.52540e-01  9.99592e-01  1.00124e+00
 1.59873e-01  1.00061e+00  1.00124e+00
 1.66596e-01  1.00097e+00  1.00124e+00
 1.73370e-01  1.00047e+00  1.00124e+00
 1.80713e-01  1.00037e+00  1.00123e+00
 1.87555e-01  1.00021e+00  1.00123e+00
 1.94890e-01  1.00071e+00  1.00123e+00
 2.02243e-01  9.99734e-01  1.00123e+00
 2.08966e-01  1.00131e+00  1.00122e+00
 2.15750e-01  1.00090e+00  1.00122e+00
 2.23073e-01  1.00102e+00  1.00122e+00
 2.29796e-01  1.00108e+00  1.00121e+00
 2.36560e-01  1.00081e+00  1.00121e+00
 2.43913e-01  1.00105e+00  1.00121e+00
 2.50636e-01  1.00083e+00  1.00120e+00
 2.57440e-01  1.00065e+00  1.00120e+00
 2.65443e-01  1.00086e+00  1.00119e+00
 2.71664e-01  1.00028e+00  1.00118e+00
 2.78250e-01  1.00047e+00  1.00118e+00
 2.85573e-01  1.00117e+00  1.00117e+00
 2.91853e-01  1.00072e+00  1.00116e+00
 2.98370e-01  1.00034e+00  1.00116e+00
 3.06413e-01  1.00018e+00  1.00115e+00
 3.12811e-01  1.00113e+00  1.00114e+00
 3.19890e-01  1.00045e+00  1.00113e+00
 3.27233e-01  1.00109e+00  1.00112e+00
 3.33533e-01  1.00125e+00  1.00111e+00
 3.40050e-01  1.00009e+00  1.00110e+00
 3.47393e-01  1.00084e+00  1.00109e+00
 3.53761e-01  1.00092e+00  1.00108e+00
 3.60220e-01  1.00087e+00  1.00107e+00
 3.67690e-01  1.00107e+00  1.00106e+00
 3.74818e-01  1.00102e+00  1.00105e+00
 3.82016e-01  1.00125e+00  1.00104e+00
 3.90117e-01  1.00098e+00  1.00102e+00
 3.96664e-01  1.00108e+00  1.00101e+00
 4.03250e-01  1.00093e+00  1.00100e+00
 4.10583e-01  1.00067e+00  1.00098e+00
 4.16853e-01  1.00041e+00  1.00097e+00
 4.24002e-01  9.99705e-01  1.00095e+00
 4.31413e-01  9.99648e-01  1.00094e+00
 4.37693e-01  1.00021e+00  1.00092e+00
 4.44190e-01  1.00174e+00  1.00091e+00
 4.51553e-01  1.00119e+00  1.00089e+00
 4.58533e-01  1.00153e+00  1.00087e+00
 4.65050e-01  1.00052e+00  1.00085e+00
 4.72463e-01  1.00144e+00  1.00083e+00
 4.79353e-01  1.00078e+00  1.00082e+00
 4.85870e-01  1.00007e+00  1.00080e+00
 4.93913e-01  9.99714e-01  1.00077e+00
 5.00193e-01  1.00117e+00  1.00076e+00
 5.06690e-01  1.00089e+00  1.00074e+00
 5.14053e-01  1.00066e+00  1.00071e+00
 5.20451e-01  1.00084e+00  1.00069e+00
 5.26890e-01  9.99590e-01  1.00067e+00
 5.34126e-01  1.00044e+00  1.00065e+00
 5.40717e-01  1.00091e+00  1.00062e+00
 5.47020e-01  1.00068e+00  1.00060e+00
 5.54227e-01  1.00142e+00  1.00058e+00
 5.60926e-01  1.00049e+00  1.00055e+00
 5.67218e-01  1.00100e+00  1.00053e+00
 5.74268e-01  1.00036e+00  1.00050e+00
 5.81165e-01  1.00133e+00  1.00047e+00
 5.87359e-01  1.00157e+00  1.00045e+00
 5.94436e-01  1.00094e+00  1.00042e+00
 6.01414e-01  1.00098e+00  1.00039e+00
 6.08071e-01  1.00083e+00  1.00036e+00
 6.15246e-01  1.00087e+00  1.00033e+00
 6.22757e-01  1.00118e+00  1.00029e+00
 6.29718e-01  1.00030e+00  1.00026e+00
 6.36768e-01  1.00007e+00  1.00023e+00
 6.44583e-01  1.00107e+00  1.00019e+00
 6.51890e-01  1.00090e+00  1.00016e+00
 6.59126e-01  1.00030e+00  1.00012e+00
 6.66063e-01  1.00078e+00  1.00008e+00
 6.72720e-01  1.00015e+00  1.00005e+00
 6.79946e-01  1.00069e+00  1.00001e+00
 6.87495e-01  1.00073e+00  9.99970e-01
 6.94890e-01  1.00053e+00  9.99929e-01
 7.02243e-01  1.00021e+00  9.99888e-01
 7.09105e-01  1.00030e+00  9.99849e-01
 7.15750e-01  1.00022e+00  9.99811e-01
 7.23764e-01  9.99622e-01  9.99763e-01
 7.31275e-01  1.00044e+00  9.99718e-01
 7.38001e-01  1.00060e+00  9.99677e-01
 7.45293e-01  9.99183e-01  9.99632e-01
 7.52440e-01  1.00035e+00  9.99587e-01
 7.59954e-01  1.00021e+00  9.99539e-01
 7.68063e-01  9.99676e-01  9.99486e-01
 7.75844e-01  9.99250e-01  9.99435e-01
 7.83417e-01  9.98624e-01  9.99384e-01
 7.90392e-01  9.99528e-01  9.99337e-01
 7.97030e-01  9.99471e-01  9.99291e-01
 8.04729e-01  9.98672e-01  9.99238e-01
 8.11913e-01  9.99050e-01  9.99187e-01
 8.18540e-01  9.99385e-01  9.99140e-01
 8.25786e-01  9.98997e-01  9.99088e-01
 8.33335e-01  9.99420e-01  9.99033e-01
 8.40060e-01  9.99449e-01  9.98983e-01
 8.47393e-01  9.97598e-01  9.98929e-01
 8.54235e-01  9.98884e-01  9.98878e-01
 8.60870e-01  9.99301e-01  9.98828e-01
 8.68648e-01  9.98912e-01  9.98769e-01
 8.76464e-01  9.98721e-01  9.98709e-01
 8.83081e-01  9.98316e-01  9.98658e-01
 8.90443e-01  9.97842e-01  9.98601e-01
 8.97305e-01  9.97681e-01  9.98548e-01
 9.03960e-01  9.97998e-01  9.98496e-01
 9.11421e-01  9.97359e-01  9.98437e-01
 9.19435e-01  9.98675e-01  9.98374e-01
 9.26240e-01  9.97278e-01  9.98321e-01
 9.33493e-01  9.98359e-01  9.98264e-01
 9.40414e-01  9.98797e-01  9.98210e-01
 9.47779e-01  9.98083e-01  9.98152e-01
 9.55090e-01  9.98090e-01  9.98095e-01
 9.61719e-01  9.97399e-01  9.98043e-01
 9.68659e-01  9.98156e-01  9.97989e-01
 9.75900e-01  9.97287e-01  9.97933e-01
 9.82559e-01  9.97385e-01  9.97882e-01
 9.89459e-01  9.95962e-01  9.97830e-01
 9.96887e-01  9.97562e-01  9.97774e-01
 1.00467e+00  9.96901e-01  9.97717e-01
 1.01257e+00  9.96956e-01  9.97659e-01
 1.02005e+00  9.97023e-01  9.97605e-01
 1.02691e+00  9.96543e-01  9.97557e-01
 1.03413e+00  9.97273e-01  9.97507e-01
 1.04108e+00  9.95868e-01  9.97461e-01
 1.04773e+00  9.95681e-01  9.97417e-01
 1.05494e+00  9.95151e-01  9.97371e-01
 1.06191e+00  9.95436e-01  9.97328e-01
 1.06854e+00  9.96306e-01  9.97288e-01
 1.07579e+00  9.95677e-01  9.97246e-01
 1.08323e+00  9.95887e-01  9.97205e-01
 1.09114e+00  9.94761e-01  9.97164e-01
 1.09877e+00  9.95546e-01  9.97126e-01
 1.10563e+00  9.95429e-01  9.97095e-01
 1.11227e+00  9.95946e-01  9.97066e-01
 1.12036e+00  9.94888e-01  9.97034e-01
 1.12776e+00  9.94816e-01  9.97007e-01
 1.13456e+00  9.93908e-01  9.96985e-01
 1.14183e+00  9.93492e-01  9.96964e-01
 1.14861e+00  9.92841e-01  9.96948e-01
 1.15544e+00  9.90972e-01  9.96934e-01
 1.16278e+00  9.91073e-01  9.96922e-01
 1.17017e+00  9.90733e-01  9.96913e-01
 1.17811e+00  9.90739e-01  9.96908e-01
 1.18558e+00  9.90961e-01  9.96907e-01
 1.19222e+00  9.92386e-01  9.96910e-01
 1.19927e+00  9.92395e-01  9.96916e-01
 1.20697e+00  9.93788e-01  9.96927e-01
 1.21441e+00  9.93741e-01  9.96942e-01
 1.22163e+00  9.94153e-01  9.96960e-01
 1.22858e+00  9.95287e-01  9.96982e-01
 1.23577e+00  9.94399e-01  9.97009e-01
 1.24379e+00  9.94217e-01  9.97044e-01
 1.25141e+00  9.94845e-01  9.97082e-01
 1.25808e+00  9.94969e-01  9.97120e-01
 1.26544e+00  9.95112e-01  9.97166e-01
 1.27231e+00  9.94976e-01  9.97213e-01
 1.27907e+00  9.94906e-01  9.97264e-01
 1.28696e+00  9.94843e-01  9.97328e-01
 1.29380e+00  9.95605e-01  9.97388e-01
 1.30066e+00  9.95804e-01  9.97453e-01
 1.30849e+00  9.96203e-01  9.97531e-01
 1.31541e+00  9.95418e-01  9.97605e-01
 1.32278e+00  9.95644e-01  9.97689e-01
 1.33009e+00  9.96491e-01  9.97776e-01
 1.33672e+00  9.95547e-01  9.97858e-01
 1.34428e+00  9.95839e-01  9.97957e-01
 1.35156e+00  9.96063e-01  9.98056e-01
 1.35821e+00  9.97322e-01  9.98151e-01
 1.36576e+00  9.96327e-01  9.98261e-01
 1.37353e+00  9.96982e-01  9.98379e-01
 1.38035e+00  9.97831e-01  9.98487e-01
 1.38757e+00  9.98198e-01  9.98603e-01
 1.39457e+00  9.98111e-01  9.98719e-01
 1.40085e+00  9.97692e-01  9.98825e-01
 1.40768e+00  9.99000e-01  9.98942e-01
 1.41438e+00  9.99159e-01  9.99059e-01
 1.42077e+00  1.00067e+00  9.99172e-01
 1.42699e+00  1.01565e+00  9.99284e-01
 1.43323e+00  9.98876e-01  9.99397e-01
 1.43989e+00  9.99953e-01  9.99519e-01
 1.44590e+00  1.01256e+00  9.99629e-01
 1.45198e+00  1.00040e+00  9.99741e-01
 1.45885e+00  1.00171e+00  9.99868e-01
 1.46549e+00  1.00088e+00  9.99991e-01
 1.47169e+00  1.01148e+00  1.00010e+00
 1.47872e+00  1.00182e+00  1.00023e+00
 1.48614e+00  1.00261e+00  1.00037e+00
 1.49252e+00  1.00940e+00  1.00048e+00
 1.49873e+00  1.00333e+00  1.00059e+00
 1.50472e+00  1.00325e+00  1.00070e+00
 1.51080e+00  1.00973e+00  1.00080e+00
 1.51799e+00  1.00374e+00  1.00093e+00
 1.52596e+00  1.00510e+00  1.00106e+00
 1.53267e+00  1.00950e+00  1.00117e+00
 1.53911e+00  1.00605e+00  1.00127e+00
 1.54524e+00  1.00753e+00  1.00136e+00
 1.55185e+00  1.00925e+00  1.00145e+00
 1.55913e+00  1.00653e+00  1.00156e+00
 1.56605e+00  1.00761e+00  1.00165e+00
 1.57219e+00  1.00912e+00  1.00172e+00
 1.57827e+00  1.00895e+00  1.00180e+00
 1.58512e+00  1.00869e+00  1.00188e+00
 1.59171e+00  1.01057e+00  1.00194e+00
 1.59908e+00  1.01024e+00  1.00202e+00
 1.60533e+00  1.00928e+00  1.00207e+00
 1.61132e+00  1.00976e+00  1.00212e+00
 1.61803e+00  1.01046e+00  1.00217e+00
 1.62484e+00  1.00984e+00  1.00222e+00
 1.63193e+00  1.00970e+00  1.00226e+00
 1.63886e+00  1.01240e+00  1.00229e+00
 1.64576e+00  1.01097e+00  1.00232e+00
 1.65267e+00  1.01113e+00  1.00234e+00
 1.65969e+00  1.01230e+00  1.00235e+00
 1.66603e+00  1.01130e+00  1.00236e+00
 1.67226e+00  1.01221e+00  1.00237e+00
 1.67918e+00  1.01266e+00  1.00236e+00
 1.68560e+00  1.01250e+00  1.00236e+00
 1.69174e+00  1.01160e+00  1.00234e+00
 1.69863e+00  1.01224e+00  1.00233e+00
 1.70546e+00  1.01182e+00  1.00230e+00
 1.71256e+00  1.01109e+00  1.00227e+00
 1.71979e+00  1.01260e+00  1.00223e+00
 1.72602e+00  1.01179e+00  1.00220e+00
 1.73215e+00  1.01121e+00  1.00216e+00
 1.73896e+00  1.01243e+00  1.00211e+00
 1.74559e+00  1.00991e+00  1.00206e+00
 1.75179e+00  1.00945e+00  1.00201e+00
 1.75830e+00  1.01130e+00  1.00195e+00
 1.76512e+00  1.01056e+00  1.00188e+00
 1.77127e+00  1.02053e+00  1.00182e+00
 1.77712e+00  1.00972e+00  1.00176e+00
 1.78340e+00  1.01040e+00  1.00169e+00
 1.78919e+00  1.00435e+00  1.00163e+00
 1.79533e+00  1.00254e+00  1.00156e+00
 1.80214e+00  1.00622e+00  1.00148e+00
 1.80843e+00  1.00774e+00  1.00140e+00
 1.81411e+00  1.00761e+00  1.00133e+00
 1.82057e+00  1.00988e+00  1.00125e+00
 1.82636e+00  1.00866e+00  1.00117e+00
 1.83270e+00  1.00634e+00  1.00109e+00
 1.83864e+00  1.00733e+00  1.00101e+00
 1.84488e+00  1.00698e+00  1.00092e+00
 1.85073e+00  1.00520e+00  1.00084e+00
 1.85687e+00  1.00440e+00  1.00076e+00
 1.86311e+00  1.00629e+00  1.00067e+00
 1.86976e+00  1.00382e+00  1.00058e+00
 1.87687e+00  1.00416e+00  1.00049e+00
 1.88308e+00  1.00414e+00  1.00040e+00
 1.88927e+00  1.00341e+00  1.00032e+00
 1.89523e+00  1.00282e+00  1.00023e+00
 1.90147e+00  1.00334e+00  1.00015e+00
 1.90738e+00  1.00354e+00  1.00007e+00
 1.91353e+00  1.00300e+00  9.99988e-01
 1.91937e+00  1.00238e+00  9.99912e-01
 1.92537e+00  1.00232e+00  9.99833e-01
 1.93106e+00  1.00238e+00  9.99760e-01
 1.93687e+00  1.00224e+00  9.99687e-01
 1.94246e+00  1.00136e+00  9.99617e-01
 1.94868e+00  1.00223e+00  9.99541e-01
 1.95491e+00  1.00156e+00  9.99465e-01
 1.96103e+00  1.00094e+00  9.99393e-01
 1.96705e+00  1.00146e+00  9.99324e-01
 1.97272e+00  1.00019e+00  9.99260e-01
 1.97853e+00  9.99670e-01  9.99195e-01
 1.98416e+00  9.99627e-01  9.99134e-01
 1.99013e+00  1.00063e+00  9.99072e-01
 1.99593e+00  9.98802e-01  9.99012e-01
 2.00179e+00  9.99300e-01  9.98954e-01
 2.00808e+00  9.99953e-01  9.98893e-01
 2.01386e+00  9.99069e-01  9.98838e-01
 2.01958e+00  9.99312e-01  9.98786e-01
 2.02606e+00  9.98824e-01  9.98729e-01
 2.03290e+00  9.98727e-01  9.98672e-01
 2.03933e+00  9.99804e-01  9.98620e-01
 2.04565e+00  9.99122e-01  9.98570e-01
 2.05232e+00  9.99584e-01  9.98521e-01
 2.05876e+00  9.98017e-01  9.98475e-01
 2.06529e+00  9.97827e-01  9.98431e-01
 2.07185e+00  9.98326e-01  9.98389e-01
 2.07744e+00  9.97728e-01  9.98354e-01
 2.08405e+00  9.98422e-01  9.98316e-01
 2.09024e+00  9.97453e-01  9.98282e-01
 2.09645e+00  9.98292e-01  9.98250e-01
 2.10330e+00  9.98323e-01  9.98217e-01
 2.11016e+00  9.97436e-01  9.98185e-01
 2.11690e+00  9.96924e-01  9.98157e-01
 2.12270e+00  9.97243e-01  9.98135e-01
 2.12868e+00  9.97606e-01  9.98113e-01
 2.13516e+00  9.98899e-01  9.98091e-01
 2.14124e+00  9.97500e-01  9.98073e-01
 2.14800e+00  9.97239e-01  9.98054e-01
 2.15461e+00  9.97527e-01  9.98037e-01
 2.16077e+00  9.97095e-01  9.98024e-01
 2.16689e+00  9.97517e-01  9.98012e-01
 2.17295e+00  9.96218e-01  9.98001e-01
 2.17912e+00  9.96756e-01  9.97992e-01
 2.18552e+00  9.96494e-01  9.97985e-01
 2.19184e+00  9.96338e-01  9.97978e-01
 2.19832e+00  9.96898e-01  9.97973e-01
 2.20430e+00  9.96569e-01  9.97970e-01
 2.21104e+00  9.97229e-01  9.97968e-01
 2.21705e+00  9.96762e-01  9.97968e-01
 2.22323e+00  9.97704e-01  9.97968e-01
 2.22998e+00  9.97394e-01  9.97971e-01
 2.23607e+00  9.96364e-01  9.97974e-01
 2.24239e+00  9.96934e-01  9.97978e-01
 2.24871e+00  9.97182e-01  9.97984e-01
 2.25600e+00  9.97227e-01  9.97992e-01
 2.26246e+00  9.98253e-01  9.98000e-01
 2.26852e+00  9.97314e-01  9.98008e-01
 2.27482e+00  9.96932e-01  9.98018e-01
 2.28150e+00  9.97546e-01  9.98030e-01
 2.28758e+00  9.97424e-01  9.98041e-01
 2.29377e+00  9.97879e-01  9.98054e-01
 2.30032e+00  9.97307e-01  9.98068e-01
 2.30606e+00  9.96628e-01  9.98081e-01
 2.31253e+00  9.97784e-01  9.98096e-01
 2.31920e+00  9.97912e-01  9.98113e-01
 2.32561e+00  9.98464e-01  9.98130e-01
 2.33167e+00  9.97300e-01  9.98147e-01
 2.33839e+00  9.97731e-01  9.98166e-01
 2.34488e+00  9.98267e-01  9.98186e-01
 2.35124e+00  9.98721e-01  9.98205e-01
 2.35853e+00  9.98053e-01  9.98228e-01
 2.36533e+00  9.98568e-01  9.98250e-01
 2.37148e+00  9.97474e-01  9.98271e-01
 2.37785e+00  9.97819e-01  9.98292e-01
 2.38505e+00  9.98131e-01  9.98318e-01
 2.39113e+00  9.98405e-01  9.98339e-01
 2.39793e+00  9.98297e-01  9.98364e-01
 2.40392e+00  9.98531e-01  9.98386e-01
 2.41012e+00  9.98512e-01  9.98409e-01
 2.41729e+00  9.98291e-01  9.98437e-01
 2.42426e+00  9.98693e-01  9.98463e-01
 2.43095e+00  9.98608e-01  9.98490e-01
 2.43713e+00  1.01512e+00  9.98514e-01
 2.44350e+00  9.99206e-01  9.98539e-01
 2.44996e+00  9.98588e-01  9.98565e-01
 2.45603e+00  1.00976e+00  9.98590e-01
 2.46272e+00  9.98671e-01  9.98617e-01
 2.46988e+00  9.99541e-01  9.98647e-01
 2.47607e+00  1.00740e+00  9.98672e-01
 2.48202e+00  9.98485e-01  9.98697e-01
 2.48921e+00  9.98212e-01  9.98727e-01
 2.49530e+00  9.99346e-01  9.98753e-01
 2.50088e+00  1.00553e+00  9.98776e-01
 2.50735e+00  9.98859e-01  9.98804e-01
 2.51426e+00  9.99442e-01  9.98833e-01
 2.52101e+00  1.00106e+00  9.98862e-01
 2.52752e+00  9.99240e-01  9.98890e-01
 2.53395e+00  9.99227e-01  9.98917e-01
 2.53968e+00  1.00051e+00  9.98942e-01
 2.54565e+00  9.99971e-01  9.98967e-01
 2.55251e+00  9.99558e-01  9.98996e-01
 2.55924e+00  9.99504e-01  9.99025e-01
 2.56578e+00  9.99671e-01  9.99053e-01
 2.57255e+00  1.00062e+00  9.99082e-01
 2.57891e+00  9.99749e-01  9.99109e-01
 2.58480e+00  9.99467e-01  9.99134e-01
 2.59136e+00  9.98595e-01  9.99161e-01
 2.59773e+00  9.99867e-01  9.99188e-01
 2.60432e+00  9.99634e-01  9.99216e-01
 2.61086e+00  1.00044e+00  9.99244e-01
 2.61690e+00  9.98826e-01  9.99269e-01
 2.62271e+00  9.99297e-01  9.99293e-01
 2.62897e+00  1.00084e+00  9.99319e-01
 2.63555e+00  1.00047e+00  9.99346e-01
 2.64176e+00  1.00018e+00  9.99372e-01
 2.64832e+00  9.99607e-01  9.99399e-01
 2.65635e+00  9.99486e-01  9.99431e-01
 2.66260e+00  9.99849e-01  9.99457e-01
 2.66883e+00  1.00007e+00  9.99482e-01
 2.67602e+00  9.99918e-01  9.99511e-01
 2.68244e+00  9.99191e-01  9.99536e-01
 2.68902e+00  1.00045e+00  9.99563e-01
 2.69623e+00  1.00025e+00  9.99591e-01
 2.70308e+00  9.99214e-01  9.99618e-01
 2.70981e+00  1.00037e+00  9.99644e-01
 2.71636e+00  1.00131e+00  9.99669e-01
 2.72262e+00  9.99661e-01  9.99693e-01
 2.72932e+00  1.00005e+00  9.99719e-01
 2.73586e+00  1.00024e+00  9.99743e-01
 2.74278e+00  1.00071e+00  9.99769e-01
 2.74898e+00  1.00111e+00  9.99792e-01
 2.75625e+00  1.00179e+00  9.99819e-01
 2.76310e+00  1.00052e+00  9.99844e-01
 2.76919e+00  1.00074e+00  9.99866e-01
 2.77545e+00  1.00099e+00  9.99889e-01
 2.78238e+00  1.00082e+00  9.99914e-01
 2.78910e+00  1.00092e+00  9.99938e-01
 2.79565e+00  1.00074e+00  9.99961e-01
 2.80222e+00  1.00073e+00  9.99983e-01
 2.80858e+00  1.00163e+00  1.00001e+00
 2.81545e+00  1.00131e+00  1.00003e+00
 2.82209e+00  1.01997e+00  1.00005e+00
 2.82874e+00  1.00078e+00  1.00007e+00
 2.83551e+00  1.00083e+00  1.00010e+00
 2.84216e+00  1.01648e+00  1.00012e+00
 2.84823e+00  1.00044e+00  1.00014e+00
 2.85451e+00  1.00046e+00  1.00016e+00
 2.86283e+00  1.00050e+00  1.00018e+00
 2.86906e+00  1.00088e+00  1.00020e+00
 2.87522e+00  1.00051e+00  1.00022e+00
 2.88304e+00  1.00019e+00  1.00025e+00
 2.88988e+00  9.99999e-01  1.00027e+00
 2.89608e+00  1.00104e+00  1.00029e+00
 2.90307e+00  1.00046e+00  1.00031e+00
 2.90959e+00  9.99364e-01  1.00033e+00
 2.91565e+00  1.00062e+00  1.00035e+00
 2.92197e+00  1.00066e+00  1.00036e+00
 2.92890e+00  1.00118e+00  1.00038e+00
 2.93562e+00  1.00067e+00  1.00040e+00
 2.94254e+00  1.00084e+00  1.00042e+00
 2.94974e+00  9.99749e-01  1.00044e+00
 2.95699e+00  1.00032e+00  1.00046e+00
 2.96343e+00  1.00801e+00  1.00048e+00
 2.96951e+00  1.00323e+00  1.00050e+00
 2.97591e+00  1.00035e+00  1.00051e+00
 2.98267e+00  1.00596e+00  1.00053e+00
 2.98939e+00  1.00106e+00  1.00055e+00
 2.99608e+00  1.00011e+00  1.00057e+00
 3.00285e+00  1.00042e+00  1.00058e+00
 3.00959e+00  1.00524e+00  1.00060e+00
 3.01624e+00  1.00026e+00  1.00062e+00
 3.02301e+00  1.00027e+00  1.00063e+00
 3.02972e+00  1.00357e+00  1.00065e+00
 3.03642e+00  1.00051e+00  1.00066e+00
 3.04320e+00  1.00018e+00  1.00068e+00
 3.04979e+00  1.00344e+00  1.00069e+00
 3.05725e+00  1.00087e+00  1.00071e+00
 3.06339e+00  1.00050e+00  1.00072e+00
 3.07039e+00  1.00248e+00  1.00074e+00
 3.07738e+00  1.00021e+00  1.00076e+00
 3.08455e+00  1.00046e+00  1.00077e+00
 3.09191e+00  1.00242e+00  1.00079e+00
 3.09893e+00  1.00039e+00  1.00080e+00
 3.10570e+00  1.00049e+00  1.00081e+00
 3.11336e+00  1.00097e+00  1.00083e+00
 3.12041e+00  1.00036e+00  1.00084e+00
 3.12716e+00  1.00064e+00  1.00086e+00
 3.13437e+00  1.00176e+00  1.00087e+00
 3.14124e+00  9.99438e-01  1.00088e+00
 3.14801e+00  1.00025e+00  1.00090e+00
 3.15520e+00  1.00055e+00  1.00091e+00
 3.16210e+00  1.00057e+00  1.00092e+00
 3.16883e+00  1.00022e+00  1.00093e+00
 3.17601e+00  1.00078e+00  1.00094e+00
 3.18291e+00  1.00043e+00  1.00096e+00
 3.18967e+00  1.00100e+00  1.00097e+00
 3.19687e+00  9.99823e-01  1.00098e+00
 3.20374e+00  1.00020e+00  1.00099e+00
 3.21109e+00  9.99827e-01  1.00100e+00
 3.21920e+00  1.00060e+00  1.00101e+00
 3.22603e+00  1.00069e+00  1.00102e+00
 3.23359e+00  1.00137e+00  1.00103e+00
 3.24140e+00  1.00038e+00  1.00105e+00
 3.24819e+00  1.00065e+00  1.00105e+00
 3.25627e+00  9.99587e-01  1.00107e+00
 3.26322e+00  1.00029e+00  1.00107e+00
 3.26962e+00  1.00015e+00  1.00108e+00
 3.27610e+00  1.00012e+00  1.00109e+00
 3.28309e+00  1.00078e+00  1.00110e+00
 3.28998e+00  1.00075e+00  1.00111e+00
 3.29731e+00  1.00042e+00  1.00112e+00
 3.30460e+00  9.99884e-01  1.00112e+00
 3.31128e+00  1.00062e+00  1.00113e+00
 3.31815e+00  1.00093e+00  1.00114e+00
 3.32608e+00  1.00040e+00  1.00115e+00
 3.33306e+00  1.00005e+00  1.00115e+00
 3.34042e+00  1.00056e+00  1.00116e+00
 3.34763e+00  1.00011e+00  1.00117e+00
 3.35465e+00  1.00040e+00  1.00117e+00
 3.36205e+00  1.00034e+00  1.00118e+00
 3.36906e+00  9.99834e-01  1.00118e+00
 3.37632e+00  1.00040e+00  1.00119e+00
 3.38359e+00  1.00031e+00  1.00119e+00
 3.39059e+00  9.99615e-01  1.00120e+00
 3.39737e+00  1.00009e+00  1.00120e+00
 3.40441e+00  9.99196e-01  1.00121e+00
 3.41188e+00  9.99996e-01  1.00121e+00
 3.41883e+00  9.99281e-01  1.00122e+00
 3.42603e+00  9.99399e-01  1.00122e+00
 3.43291e+00  1.00002e+00  1.00122e+00
 3.43967e+00  1.00176e+00  1.00123e+00
 3.44687e+00  1.00092e+00  1.00123e+00
 3.45376e+00  1.00084e+00  1.00123e+00
 3.46050e+00  1.00081e+00  1.00123e+00
 3.46770e+00  1.00110e+00  1.00123e+00
 3.47460e+00  1.00041e+00  1.00124e+00
 3.48133e+00  1.00061e+00  1.00124e+00
 3.48853e+00  1.00059e+00  1.00124e+00
 3.49541e+00  9.99904e-01  1.00124e+00
 3.50275e+00  1.00094e+00  1.00124e+00
 3.51009e+00  1.00098e+00  1.00124e+00
 8.05900e-03  1.00054e+00  1.00119e+00
 2.21130e-02  1.00045e+00  1.00120e+00
 3.62070e-02  1.00077e+00  1.00121e+00
 4.96990e-02  1.00112e+00  1.00122e+00
 6.38130e-02  1.00019e+00  1.00122e+00
 7.78270e-02  1.00021e+00  1.00123e+00
 9.16920e-02  1.00225e+00  1.00123e+00
 1.06875e-01  1.00109e+00  1.00124e+00
 1.20907e-01  9.99990e-01  1.00124e+00
 1.34437e-01  1.00084e+00  1.00124e+00
 1.48515e-01  1.00151e+00  1.00124e+00
 1.63004e-01  1.00093e+00  1.00124e+00
 1.78328e-01  1.00016e+00  1.00124e+00
 1.93211e-01  1.00057e+00  1.00123e+00
 2.06868e-01  1.00120e+00  1.00123e+00
 2.20440e-01  1.00139e+00  1.00122e+00
 2.34891e-01  1.00101e+00  1.00121e+00
 2.48568e-01  1.00147e+00  1.00120e+00
 2.63165e-01  1.00135e+00  1.00119e+00
 2.78105e-01  1.00061e+00  1.00118e+00
 2.91553e-01  1.00085e+00  1.00116e+00
 3.05081e-01  9.99592e-01  1.00115e+00
 3.19745e-01  1.00061e+00  1.00113e+00
 3.33193e-01  1.00097e+00  1.00111e+00
 3.46741e-01  1.00047e+00  1.00110e+00
 3.61425e-01  1.00037e+00  1.00107e+00
 3.75109e-01  1.00021e+00  1.00105e+00
 3.89781e-01  1.00071e+00  1.00102e+00
 4.04485e-01  9.99734e-01  1.00099e+00
 4.17933e-01  1.00131e+00  1.00097e+00
 4.31501e-01  1.00090e+00  1.00094e+00
 4.46145e-01  1.00102e+00  1.00090e+00
 4.59593e-01  1.00108e+00  1.00087e+00
 4.73121e-01  1.00081e+00  1.00083e+00
 4.87825e-01  1.00105e+00  1.00079e+00
 5.01273e-01  1.00083e+00  1.00075e+00
 5.14880e-01  1.00065e+00  1.00071e+00
 5.30885e-01  1.00086e+00  1.00066e+00
 5.43327e-01  1.00028e+00  1.00061e+00
 5.56501e-01  1.00047e+00  1.00057e+00
 5.71145e-01  1.00117e+00  1.00051e+00
 5.83707e-01  1.00072e+00  1.00046e+00
 5.96741e-01  1.00034e+00  1.00041e+00
 6.12825e-01  1.00018e+00  1.00034e+00
 6.25623e-01  1.00113e+00  1.00028e+00
 6.39781e-01  1.00045e+00  1.00021e+00
 6.54465e-01  1.00109e+00  1.00014e+00
 6.67067e-01  1.00125e+00  1.00008e+00
 6.80101e-01  1.00009e+00  1.00001e+00
 6.94785e-01  1.00084e+00  9.99930e-01
 7.07523e-01  1.00092e+00  9.99858e-01
 7.20440e-01  1.00087e+00  9.99783e-01
 7.35381e-01  1.00107e+00  9.99693e-01
 7.49637e-01  1.00102e+00  9.99605e-01
 7.64031e-01  1.00125e+00  9.99513e-01
 7.80235e-01  1.00098e+00  9.99406e-01
 7.93327e-01  1.00108e+00  9.99317e-01
 8.06501e-01  1.00093e+00  9.99225e-01
 8.21165e-01  1.00067e+00  9.99121e-01
 8.33707e-01  1.00041e+00  9.99030e-01
 8.48004e-01  9.99705e-01  9.98924e-01
 8.62825e-01  9.99648e-01  9.98813e-01
 8.75387e-01  1.00021e+00  9.98717e-01
 8.88381e-01  1.00174e+00  9.98617e-01
 9.03105e-01  1.00119e+00  9.98502e-01
 9.17067e-01  1.00153e+00  9.98393e-01
 9.30101e-01  1.00052e+00  9.98291e-01
 9.44926e-01  1.00144e+00  9.98174e-01
 9.58707e-01  1.00078e+00  9.98066e-01
 9.71741e-01  1.00007e+00  9.97965e-01
 9.87825e-01  9.99714e-01  9.97842e-01
 1.00039e+00  1.00117e+00  9.97748e-01
 1.01338e+00  1.00089e+00  9.97653e-01
 1.02811e+00  1.00066e+00  9.97549e-01
 1.04090e+00  1.00084e+00  9.97462e-01
 1.05378e+00  9.99590e-01  9.97378e-01
 1.06825e+00  1.00044e+00  9.97290e-01
 1.08143e+00  1.00091e+00  9.97215e-01
 1.09404e+00  1.00068e+00  9.97149e-01
 1.10845e+00  1.00142e+00  9.97082e-01
 1.12185e+00  1.00049e+00  9.97028e-01
 1.13444e+00  1.00100e+00  9.96986e-01
 1.14854e+00  1.00036e+00  9.96948e-01
 1.16233e+00  1.00133e+00  9.96922e-01
 1.17472e+00  1.00157e+00  9.96910e-01
 1.18887e+00  1.00094e+00  9.96908e-01
 1.20283e+00  1.00098e+00  9.96920e-01
 1.21614e+00  1.00083e+00  9.96946e-01
 1.23049e+00  1.00087e+00  9.96989e-01
 1.24551e+00  1.00118e+00  9.97052e-01
 1.25944e+00  1.00030e+00  9.97128e-01
 1.27354e+00  1.00007e+00  9.97222e-01
 1.28916e+00  1.00107e+00  9.97347e-01
 1.30378e+00  1.00090e+00  9.97484e-01
 1.31825e+00  1.00030e+00  9.97637e-01
 1.33213e+00  1.00078e+00  9.97801e-01
 1.34544e+00  1.00015e+00  9.97973e-01
 1.35989e+00  1.00069e+00  9.98175e-01
 1.37499e+00  1.00073e+00  9.98402e-01
 1.38978e+00  1.00053e+00  9.98639e-01
 1.40448e+00  1.00021e+00  9.98887e-01
 1.41821e+00  1.00030e+00  9.99127e-01
 1.43150e+00  1.00022e+00  9.99366e-01
 1.44753e+00  9.99622e-01  9.99659e-01
 1.46255e+00  1.00044e+00  9.99936e-01
 1.47600e+00  1.00060e+00  1.00018e+00
 1.49059e+00  9.99183e-01  1.00045e+00
 1.50488e+00  1.00035e+00  1.00070e+00
 1.51991e+00  1.00021e+00  1.00096e+00
 1.53612e+00  9.99676e-01  1.00122e+00
 1.55169e+00  9.99250e-01  1.00145e+00
 1.56683e+00  9.98624e-01  1.00166e+00
 1.58078e+00  9.99528e-01  1.00183e+00
 1.59406e+00  9.99471e-01  1.00197e+00
 1.60946e+00  9.98672e-01  1.00211e+00
 1.62383e+00  9.99050e-01  1.00221e+00
 1.63708e+00  9.99385e-01  1.00228e+00
 1.65157e+00  9.98997e-01  1.00234e+00
 1.66667e+00  9.99420e-01  1.00236e+00
 1.68012e+00  9.99449e-01  1.00236e+00
 1.69478e+00  9.97598e-01  1.00234e+00
 1.70847e+00  9.98884e-01  1.00229e+00
 1.72174e+00  9.99301e-01  1.00222e+00
 1.73730e+00  9.98912e-01  1.00212e+00
 1.75293e+00  9.98721e-01  1.00200e+00
 1.76616e+00  9.98316e-01  1.00187e+00
 1.78089e+00  9.97842e-01  1.00172e+00
 1.79461e+00  9.97681e-01  1.00157e+00
 1.80792e+00  9.97998e-01  1.00141e+00
 1.82284e+00  9.97359e-01  1.00122e+00
 1.83887e+00  9.98675e-01  1.00100e+00
 1.85248e+00  9.97278e-01  1.00082e+00
 1.86698e+00  9.98359e-01  1.00062e+00
 1.88083e+00  9.98797e-01  1.00043e+00
 1.89556e+00  9.98083e-01  1.00023e+00
 1.91018e+00  9.98090e-01  1.00003e+00
 1.92344e+00  9.97399e-01  9.99858e-01
 1.93732e+00  9.98156e-01  9.99681e-01
 1.95180e+00  9.97287e-01  9.99503e-01
 1.96512e+00  9.97385e-01  9.99346e-01
 1.97892e+00  9.95962e-01  9.99191e-01
 1.99378e+00  9.97562e-01  9.99034e-01
 2.00934e+00  9.96901e-01  9.98881e-01
 2.02513e+00  9.96956e-01  9.98737e-01
 2.04011e+00  9.97023e-01  9.98613e-01
 2.05382e+00  9.96543e-01  9.98510e-01
 2.06825e+00  9.97273e-01  9.98411e-01
 2.08216e+00  9.95868e-01  9.98327e-01
 2.09546e+00  9.95681e-01  9.98255e-01
 2.10987e+00  9.95151e-01  9.98187e-01
 2.12383e+00  9.95436e-01  9.98130e-01
 2.13708e+00  9.96306e-01  9.98085e-01
 2.15157e+00  9.95677e-01  9.98045e-01
 2.16647e+00  9.95887e-01  9.98013e-01
 2.18227e+00  9.94761e-01  9.97988e-01
 2.19754e+00  9.95546e-01  9.97974e-01
 2.21127e+00  9.95429e-01  9.97968e-01
 2.22454e+00  9.95946e-01  9.97969e-01
 2.24072e+00  9.94888e-01  9.97977e-01
 2.25553e+00  9.94816e-01  9.97991e-01
 2.26912e+00  9.93908e-01  9.98009e-01
 2.28367e+00  9.93492e-01  9.98034e-01
 2.29721e+00  9.92841e-01  9.98061e-01
 2.31088e+00  9.90972e-01  9.98092e-01
 2.32556e+00  9.91073e-01  9.98130e-01
 2.34033e+00  9.90733e-01  9.98172e-01
 2.35622e+00  9.90739e-01  9.98221e-01
 2.37116e+00  9.90961e-01  9.98270e-01
 2.38444e+00  9.92386e-01  9.98315e-01
 2.39853e+00  9.92395e-01  9.98366e-01
 2.41393e+00  9.93788e-01  9.98424e-01
 2.42882e+00  9.93741e-01  9.98481e-01
 2.44325e+00  9.94153e-01  9.98538e-01
 2.45716e+00  9.95287e-01  9.98595e-01
 2.47154e+00  9.94399e-01  9.98654e-01
 2.48759e+00  9.94217e-01  9.98721e-01
 2.50283e+00  9.94845e-01  9.98785e-01
 2.51616e+00  9.94969e-01  9.98841e-01
 2.53089e+00  9.95112e-01  9.98904e-01
 2.54461e+00  9.94976e-01  9.98963e-01
 2.55814e+00  9.94906e-01  9.99020e-01
 2.57393e+00  9.94843e-01  9.99088e-01
 2.58759e+00  9.95605e-01  9.99145e-01
 2.60132e+00  9.95804e-01  9.99203e-01
 2.61699e+00  9.96203e-01  9.99269e-01
 2.63083e+00  9.95418e-01  9.99327e-01
 2.64556e+00  9.95644e-01  9.99387e-01
 2.66018e+00  9.96491e-01  9.99447e-01
 2.67344e+00  9.95547e-01  9.99500e-01
 2.68856e+00  9.95839e-01  9.99561e-01
 2.70312e+00  9.96063e-01  9.99618e-01
 2.71642e+00  9.97322e-01  9.99669e-01
 2.73152e+00  9.96327e-01  9.99727e-01
 2.74705e+00  9.96982e-01  9.99785e-01
 2.76070e+00  9.97831e-01  9.99836e-01
 2.77513e+00  9.98198e-01  9.99888e-01
 2.78914e+00  9.98111e-01  9.99938e-01
 2.80171e+00  9.97692e-01  9.99982e-01
 2.81535e+00  9.99000e-01  1.00003e+00
 2.82876e+00  9.99159e-01  1.00007e+00
 2.84154e+00  1.00067e+00  1.00012e+00
 2.85398e+00  1.01565e+00  1.00016e+00
 2.86645e+00  9.98876e-01  1.00020e+00
 2.87978e+00  9.99953e-01  1.00024e+00
 2.89179e+00  1.01256e+00  1.00027e+00
 2.90395e+00  1.00040e+00  1.00031e+00
 2.91770e+00  1.00171e+00  1.00035e+00
 2.93099e+00  1.00088e+00  1.00039e+00
 2.94339e+00  1.01148e+00  1.00042e+00
 2.95744e+00  1.00182e+00  1.00046e+00
 2.97228e+00  1.00261e+00  1.00050e+00
 2.98505e+00  1.00940e+00  1.00054e+00
 2.99747e+00  1.00333e+00  1.00057e+00
 3.00944e+00  1.00325e+00  1.00060e+00
 3.02160e+00  1.00973e+00  1.00063e+00
 3.03597e+00  1.00374e+00  1.00066e+00
 3.05193e+00  1.00510e+00  1.00070e+00
 3.06533e+00  1.00950e+00  1.00073e+00
 3.07822e+00  1.00605e+00  1.00076e+00
 3.09047e+00  1.00753e+00  1.00078e+00
 3.10370e+00  1.00925e+00  1.00081e+00
 3.11826e+00  1.00653e+00  1.00084e+00
 3.13209e+00  1.00761e+00  1.00087e+00
 3.14437e+00  1.00912e+00  1.00089e+00
 3.15654e+00  1.00895e+00  1.00091e+00
 3.17024e+00  1.00869e+00  1.00093e+00
 3.18341e+00  1.01057e+00  1.00096e+00
 3.19816e+00  1.01024e+00  1.00098e+00
 3.21066e+00  1.00928e+00  1.00100e+00
 3.22263e+00  1.00976e+00  1.00102e+00
 3.23605e+00  1.01046e+00  1.00104e+00
 3.24967e+00  1.00984e+00  1.00106e+00
 3.26385e+00  1.00970e+00  1.00108e+00
 3.27773e+00  1.01240e+00  1.00109e+00
 3.29151e+00  1.01097e+00  1.00111e+00
 3.30534e+00  1.01113e+00  1.00112e+00
 3.31937e+00  1.01230e+00  1.00114e+00
 3.33207e+00  1.01130e+00  1.00115e+00
 3.34451e+00  1.01221e+00  1.00116e+00
 3.35835e+00  1.01266e+00  1.00118e+00
 3.37120e+00  1.01250e+00  1.00119e+00
 3.38347e+00  1.01160e+00  1.00119e+00
 3.39725e+00  1.01224e+00  1.00120e+00
 3.41091e+00  1.01182e+00  1.00121e+00
 3.42511e+00  1.01109e+00  1.00122e+00
 3.43958e+00  1.01260e+00  1.00123e+00
 3.45204e+00  1.01179e+00  1.00123e+00
 3.46431e+00  1.01121e+00  1.00123e+00
 3.47791e+00  1.01243e+00  1.00124e+00
 3.49118e+00  1.00991e+00  1.00124e+00
 3.50358e+00  1.00945e+00  1.00124e+00
 3.51660e+00  1.01130e+00  1.00124e+00
 3.53023e+00  1.01056e+00  1.00124e+00
 3.54254e+00  1.02053e+00  1.00124e+00
 3.55423e+00  1.00972e+00  1.00123e+00
 3.56679e+00  1.01040e+00  1.00123e+00
 3.57838e+00  1.00435e+00  1.00123e+00
 3.59065e+00  1.00254e+00  1.00122e+00
 3.60427e+00  1.00622e+00  1.00121e+00
 3.61687e+00  1.00774e+00  1.00121e+00
 3.62823e+00  1.00761e+00  1.00120e+00
 3.64114e+00  1.00988e+00  1.00119e+00
 3.65272e+00  1.00866e+00  1.00118e+00
 3.66541e+00  1.00634e+00  1.00116e+00
 3.67728e+00  1.00733e+00  1.00115e+00
 3.68976e+00  1.00698e+00  1.00114e+00
 3.70147e+00  1.00520e+00  1.00112e+00
 3.71374e+00  1.00440e+00  1.00110e+00
 3.72622e+00  1.00629e+00  1.00109e+00
 3.73952e+00  1.00382e+00  1.00106e+00
 3.75374e+00  1.00416e+00  1.00104e+00
 3.76616e+00  1.00414e+00  1.00102e+00
 3.77854e+00  1.00341e+00  1.00099e+00
 3.79047e+00  1.00282e+00  1.00097e+00
 3.80293e+00  1.00334e+00  1.00094e+00
 3.81476e+00  1.00354e+00  1.00091e+00
 3.82706e+00  1.00300e+00  1.00088e+00
 3.83874e+00  1.00238e+00  1.00085e+00
 3.85074e+00  1.00232e+00  1.00082e+00
 3.86212e+00  1.00238e+00  1.00079e+00
 3.87375e+00  1.00224e+00  1.00075e+00
 3.88491e+00  1.00136e+00  1.00072e+00
 3.89735e+00  1.00223e+00  1.00068e+00
 3.90983e+00  1.00156e+00  1.00064e+00
 3.92206e+00  1.00094e+00  1.00059e+00
 3.93410e+00  1.00146e+00  1.00055e+00
 3.94544e+00  1.00019e+00  1.00051e+00
 3.95707e+00  9.99670e-01  1.00046e+00
 3.96831e+00  9.99627e-01  1.00041e+00
 3.98026e+00  1.00063e+00  1.00036e+00
 3.99187e+00  9.98802e-01  1.00031e+00
 4.00358e+00  9.99300e-01  1.00026e+00
 4.01616e+00  9.99953e-01  1.00020e+00
 4.02771e+00  9.99069e-01  1.00014e+00
 4.03917e+00  9.99312e-01  1.00008e+00
 4.05212e+00  9.98824e-01  1.00002e+00
 4.06581e+00  9.98727e-01  9.99941e-01
 4.07866e+00  9.99804e-01  9.99869e-01
 4.09130e+00  9.99122e-01  9.99796e-01
 4.10463e+00  9.99584e-01  9.99716e-01
 4.11752e+00  9.98017e-01  9.99637e-01
 4.13058e+00  9.97827e-01  9.99554e-01
 4.14370e+00  9.98326e-01  9.99469e-01
 4.15488e+00  9.97728e-01  9.99394e-01
 4.16810e+00  9.98422e-01  9.99304e-01
 4.18048e+00  9.97453e-01  9.99218e-01
 4.19289e+00  9.98292e-01  9.99130e-01
 4.20660e+00  9.98323e-01  9.99031e-01
 4.22032e+00  9.97436e-01  9.98929e-01
 4.23380e+00  9.96924e-01  9.98828e-01
 4.24540e+00  9.97243e-01  9.98740e-01
 4.25737e+00  9.97606e-01  9.98648e-01
 4.27032e+00  9.98899e-01  9.98547e-01
 4.28248e+00  9.97500e-01  9.98452e-01
 4.29599e+00  9.97239e-01  9.98346e-01
 4.30922e+00  9.97527e-01  9.98242e-01
 4.32154e+00  9.97095e-01  9.98146e-01
 4.33377e+00  9.97517e-01  9.98050e-01
 4.34589e+00  9.96218e-01  9.97956e-01
 4.35823e+00  9.96756e-01  9.97862e-01
 4.37103e+00  9.96494e-01  9.97766e-01
 4.38369e+00  9.96338e-01  9.97673e-01
 4.39664e+00  9.96898e-01  9.97580e-01
 4.40861e+00  9.96569e-01  9.97497e-01
 4.42208e+00  9.97229e-01  9.97408e-01
 4.43410e+00  9.96762e-01  9.97333e-01
 4.44646e+00  9.97704e-01  9.97259e-01
 4.45996e+00  9.97394e-01  9.97185e-01
 4.47214e+00  9.96364e-01  9.97124e-01
 4.48477e+00  9.96934e-01  9.97068e-01
 4.49743e+00  9.97182e-01  9.97019e-01
 4.51200e+00  9.97227e-01  9.96972e-01
 4.52491e+00  9.98253e-01  9.96941e-01
 4.53704e+00  9.97314e-01  9.96920e-01
 4.54964e+00  9.96932e-01  9.96909e-01
 4.56299e+00  9.97546e-01  9.96908e-01
 4.57517e+00  9.97424e-01  9.96919e-01
 4.58754e+00  9.97879e-01  9.96942e-01
 4.60065e+00  9.97307e-01  9.96979e-01
 4.61212e+00  9.96628e-01  9.97023e-01
 4.62505e+00  9.97784e-01  9.97086e-01
 4.63840e+00  9.97912e-01  9.97166e-01
 4.65121e+00  9.98464e-01  9.97258e-01
 4.66334e+00  9.97300e-01  9.97358e-01
 4.67679e+00  9.97731e-01  9.97484e-01
 4.68976e+00  9.98267e-01  9.97621e-01
 4.70248e+00  9.98721e-01  9.97768e-01
 4.71705e+00  9.98053e-01  9.97954e-01
 4.73065e+00  9.98568e-01  9.98143e-01
 4.74296e+00  9.97474e-01  9.98325e-01
 4.75570e+00  9.97819e-01  9.98524e-01
 4.77011e+00  9.98131e-01  9.98761e-01
 4.78226e+00  9.98405e-01  9.98970e-01
 4.79586e+00  9.98297e-01  9.99210e-01
 4.80784e+00  9.98531e-01  9.99427e-01
 4.82024e+00  9.98512e-01  9.99654e-01
 4.83458e+00  9.98291e-01  9.99919e-01
 4.84851e+00  9.98693e-01  1.00018e+00
 4.86190e+00  9.98608e-01  1.00042e+00
 4.87426e+00  1.01512e+00  1.00064e+00
 4.88700e+00  9.99206e-01  1.00086e+00
 4.89991e+00  9.98588e-01  1.00107e+00
 4.91206e+00  1.00976e+00  1.00127e+00
 4.92543e+00  9.98671e-01  1.00146e+00
 4.93976e+00  9.99541e-01  1.00166e+00
 4.95214e+00  1.00740e+00  1.00181e+00
 4.96403e+00  9.98485e-01  1.00194e+00
 4.97842e+00  9.98212e-01  1.00207e+00
 4.99061e+00  9.99346e-01  1.00217e+00
 5.00175e+00  1.00553e+00  1.00224e+00
 5.01470e+00  9.98859e-01  1.00230e+00
 5.02852e+00  9.99442e-01  1.00235e+00
 5.04201e+00  1.00106e+00  1.00237e+00
 5.05504e+00  9.99240e-01  1.00236e+00
 5.06789e+00  9.99227e-01  1.00234e+00
 5.07937e+00  1.00051e+00  1.00230e+00
 5.09130e+00  9.99971e-01  1.00224e+00
 5.10502e+00  9.99558e-01  1.00216e+00
 5.11849e+00  9.99504e-01  1.00206e+00
 5.13156e+00  9.99671e-01  1.00195e+00
 5.14511e+00  1.00062e+00  1.00181e+00
 5.15782e+00  9.99749e-01  1.00168e+00
 5.16960e+00  9.99467e-01  1.00154e+00
 5.18272e+00  9.98595e-01  1.00138e+00
 5.19546e+00  9.99867e-01  1.00122e+00
 5.20865e+00  9.99634e-01  1.00105e+00
 5.22172e+00  1.00044e+00  1.00087e+00
 5.23380e+00  9.98826e-01  1.00071e+00
 5.24542e+00  9.99297e-01  1.00055e+00
 5.25794e+00  1.00084e+00  1.00037e+00
 5.27109e+00  1.00047e+00  1.00019e+00
 5.28353e+00  1.00018e+00  1.00003e+00
 5.29665e+00  9.99607e-01  9.99855e-01
 5.31269e+00  9.99486e-01  9.99651e-01
 5.32521e+00  9.99849e-01  9.99498e-01
 5.33765e+00  1.00007e+00  9.99351e-01
 5.35205e+00  9.99918e-01  9.99189e-01
 5.36488e+00  9.99191e-01  9.99053e-01
 5.37803e+00  1.00045e+00  9.98922e-01
 5.39246e+00  1.00025e+00  9.98787e-01
 5.40616e+00  9.99214e-01  9.98669e-01
 5.41962e+00  1.00037e+00  9.98563e-01
 5.43272e+00  1.00131e+00  9.98468e-01
 5.44524e+00  9.99661e-01  9.98386e-01
 5.45865e+00  1.00005e+00  9.98307e-01
 5.47172e+00  1.00024e+00  9.98238e-01
 5.48556e+00  1.00071e+00  9.98175e-01
 5.49796e+00  1.00111e+00  9.98126e-01
 5.51250e+00  1.00179e+00  9.98078e-01
 5.52619e+00  1.00052e+00  9.98041e-01
 5.53838e+00  1.00074e+00  9.98015e-01
 5.55090e+00  1.00099e+00  9.97994e-01
 5.56476e+00  1.00082e+00  9.97978e-01
 5.57821e+00  1.00092e+00  9.97970e-01
 5.59130e+00  1.00074e+00  9.97968e-01
 5.60443e+00  1.00073e+00  9.97971e-01
 5.61716e+00  1.00163e+00  9.97980e-01
 5.63089e+00  1.00131e+00  9.97994e-01
 5.64418e+00  1.01997e+00  9.98012e-01
 5.65748e+00  1.00078e+00  9.98035e-01
 5.67101e+00  1.00083e+00  9.98063e-01
 5.68432e+00  1.01648e+00  9.98094e-01
 5.69646e+00  1.00044e+00  9.98125e-01
 5.70903e+00  1.00046e+00  9.98160e-01
 5.72567e+00  1.00050e+00  9.98210e-01
 5.73812e+00  1.00088e+00  9.98250e-01
 5.75045e+00  1.00051e+00  9.98291e-01
 5.76608e+00  1.00019e+00  9.98346e-01
 5.77976e+00  9.99999e-01  9.98397e-01
 5.79217e+00  1.00104e+00  9.98444e-01
 5.80615e+00  1.00046e+00  9.98498e-01
 5.81918e+00  9.99364e-01  9.98550e-01
 5.83130e+00  1.00062e+00  9.98599e-01
 5.84394e+00  1.00066e+00  9.98651e-01
 5.85780e+00  1.00118e+00  9.98709e-01
 5.87125e+00  1.00067e+00  9.98765e-01
 5.88509e+00  1.00084e+00  9.98824e-01
 5.89948e+00  9.99749e-01  9.98885e-01
 5.91398e+00  1.00032e+00  9.98947e-01
 5.92687e+00  1.00801e+00  9.99002e-01
 5.93901e+00  1.00323e+00  9.99054e-01
 5.95183e+00  1.00035e+00  9.99108e-01
 5.96534e+00  1.00596e+00  9.99166e-01
 5.97878e+00  1.00106e+00  9.99222e-01
 5.99216e+00  1.00011e+00  9.99278e-01
 6.00570e+00  1.00042e+00  9.99335e-01
 6.01918e+00  1.00524e+00  9.99390e-01
 6.03248e+00  1.00026e+00  9.99444e-01
 6.04601e+00  1.00027e+00  9.99499e-01
 6.05944e+00  1.00357e+00  9.99552e-01
 6.07284e+00  1.00051e+00  9.99605e-01
 6.08639e+00  1.00018e+00  9.99658e-01
 6.09958e+00  1.00344e+00  9.99708e-01
 6.11450e+00  1.00087e+00  9.99765e-01
 6.12677e+00  1.00050e+00  9.99810e-01
 6.14079e+00  1.00248e+00  9.99861e-01
 6.15476e+00  1.00021e+00  9.99912e-01
 6.16910e+00  1.00046e+00  9.99962e-01
 6.18383e+00  1.00242e+00  1.00001e+00
 6.19786e+00  1.00039e+00  1.00006e+00
 6.21139e+00  1.00049e+00  1.00011e+00
 6.22671e+00  1.00097e+00  1.00016e+00
 6.24082e+00  1.00036e+00  1.00020e+00
 6.25432e+00  1.00064e+00  1.00024e+00
 6.26875e+00  1.00176e+00  1.00029e+00
 6.28248e+00  9.99438e-01  1.00033e+00
 6.29601e+00  1.00025e+00  1.00037e+00
 6.31041e+00  1.00055e+00  1.00041e+00
 6.32420e+00  1.00057e+00  1.00045e+00
 6.33765e+00  1.00022e+00  1.00048e+00
 6.35203e+00  1.00078e+00  1.00052e+00
 6.36582e+00  1.00043e+00  1.00056e+00
 6.37934e+00  1.00100e+00  1.00059e+00
 6.39375e+00  9.99823e-01  1.00063e+00
 6.40748e+00  1.00020e+00  1.00066e+00
 6.42218e+00  9.99827e-01  1.00069e+00
 6.43840e+00  1.00060e+00  1.00073e+00
 6.45207e+00  1.00069e+00  1.00076e+00
 6.46717e+00  1.00137e+00  1.00079e+00
 6.48280e+00  1.00038e+00  1.00082e+00
 6.49639e+00  1.00065e+00  1.00085e+00
 6.51254e+00  9.99587e-01  1.00088e+00
 6.52643e+00  1.00029e+00  1.00091e+00
 6.53925e+00  1.00015e+00  1.00093e+00
 6.55221e+00  1.00012e+00  1.00095e+00
 6.56618e+00  1.00078e+00  1.00097e+00
 6.57996e+00  1.00075e+00  1.00099e+00
 6.59462e+00  1.00042e+00  1.00102e+00
 6.60920e+00  9.99884e-01  1.00104e+00
 6.62257e+00  1.00062e+00  1.00106e+00
 6.63630e+00  1.00093e+00  1.00107e+00
 6.65216e+00  1.00040e+00  1.00109e+00
 6.66612e+00  1.00005e+00  1.00111e+00
 6.68083e+00  1.00056e+00  1.00113e+00
 6.69526e+00  1.00011e+00  1.00114e+00
 6.70930e+00  1.00040e+00  1.00116e+00
 6.72411e+00  1.00034e+00  1.00117e+00
 6.73812e+00  9.99834e-01  1.00118e+00
 6.75264e+00  1.00040e+00  1.00119e+00
 6.76717e+00  1.00031e+00  1.00120e+00
 6.78118e+00  9.99615e-01  1.00121e+00
 6.79473e+00  1.00009e+00  1.00122e+00
 6.80881e+00  9.99196e-01  1.00122e+00
 6.82377e+00  9.99996e-01  1.00123e+00
 6.83765e+00  9.99281e-01  1.00123e+00
 6.85207e+00  9.99399e-01  1.00124e+00
 6.86582e+00  1.00002e+00  1.00124e+00
 6.87934e+00  1.00176e+00  1.00124e+00
 6.89375e+00  1.00092e+00  1.00124e+00
 6.90752e+00  1.00084e+00  1.00124e+00
 6.92099e+00  1.00081e+00  1.00124e+00
 6.93541e+00  1.00110e+00  1.00123e+00
 6.94920e+00  1.00041e+00  1.00123e+00
 6.96265e+00  1.00061e+00  1.00122e+00
 6.97707e+00  1.00059e+00  1.00121e+00
 6.99082e+00  9.99904e-01  1.00120e+00
 7.00550e+00  1.00094e+00  1.00119e+00
 7.02019e+00  1.00098e+00  1.00118e+00
