848
 5.74900e-03  1.00057e+00  1.00013e+00
 1.45840e-02  1.00030e+00  1.00013e+00
 2.43980e-02  1.00115e+00  1.00013e+00
 3.41960e-02  1.00027e+00  1.00014e+00
 4.36200e-02  1.00022e+00  1.00014e+00
 5.23290e-02  1.00083e+00  1.00014e+00
 6.31700e-02  1.00091e+00  1.00014e+00
 7.33770e-02  1.00069e+00  1.00014e+00
 8.38040e-02  1.00139e+00  1.00015e+00
 9.31550e-02  1.00064e+00  1.00015e+00
 1.02910e-01  1.00018e+00  1.00015e+00
 1.13259e-01  1.00065e+00  1.00015e+00
 1.22442e-01  1.00064e+00  1.00015e+00
 1.33376e-01  1.00030e+00  1.00015e+00
 1.43057e-01  1.00068e+00  1.00016e+00
 1.54200e-01  1.00070e+00  1.00016e+00
 1.63253e-01  1.00086e+00  1.00016e+00
 1.75046e-01  1.00035e+00  1.00016e+00
 1.84737e-01  1.00073e+00  1.00017e+00
 1.95876e-01  1.00021e+00  1.00017e+00
 2.06234e-01  9.99992e-01  1.00017e+00
 2.16739e-01  1.00040e+00  1.00017e+00
 2.27094e-01  1.00014e+00  1.00017e+00
 2.37569e-01  1.00047e+00  1.00018e+00
 2.47914e-01  9.99510e-01  1.00018e+00
 2.59969e-01  1.00022e+00  1.00018e+00
 2.70784e-01  9.99841e-01  1.00018e+00
 2.80845e-01  1.00073e+00  1.00019e+00
 2.91595e-01  1.00019e+00  1.00019e+00
 3.01665e-01  1.00003e+00  1.00019e+00
 3.11761e-01  1.00044e+00  1.00019e+00
 3.21628e-01  1.00003e+00  1.00020e+00
 3.32061e-01  9.99400e-01  1.00020e+00
 3.42478e-01  9.99887e-01  1.00020e+00
 3.52244e-01  9.99454e-01  1.00021e+00
 3.62546e-01  9.99683e-01  1.00021e+00
 3.72413e-01  9.99921e-01  1.00021e+00
 3.83376e-01  9.99615e-01  1.00021e+00
 3.92579e-01  9.99471e-01  1.00022e+00
 4.03451e-01  1.00012e+00  1.00022e+00
 4.11912e-01  1.00011e+00  1.00022e+00
 4.23708e-01  9.99560e-01  1.00023e+00
 4.32732e-01  9.99602e-01  1.00023e+00
 4.44561e-01  9.99282e-01  1.00023e+00
 4.54426e-01  1.00005e+00  1.00023e+00
 4.65951e-01  9.99861e-01  1.00024e+00
 4.74412e-01  9.99822e-01  1.00024e+00
 4.86221e-01  9.99176e-01  1.00024e+00
 4.97410e-01  9.99915e-01  1.00025e+00
 5.08376e-01  9.99645e-01  1.00025e+00
 5.18243e-01  1.00023e+00  1.00026e+00
 5.29916e-01  9.99538e-01  1.00026e+00
 5.40421e-01  1.00007e+00  1.00026e+00
 5.50808e-01  1.00007e+00  1.00027e+00
 5.61251e-01  9.99422e-01  1.00027e+00
 5.71769e-01  1.00005e+00  1.00027e+00
 5.83294e-01  9.99929e-01  1.00028e+00
 5.93345e-01  1.00040e+00  1.00028e+00
 6.04821e-01  1.00021e+00  1.00029e+00
 6.15047e-01  1.00019e+00  1.00029e+00
 6.26182e-01  1.00004e+00  1.00030e+00
 6.37182e-01  9.99450e-01  1.00030e+00
 6.47787e-01  1.00002e+00  1.00031e+00
 6.58022e-01  1.00022e+00  1.00031e+00
 6.67878e-01  9.99734e-01  1.00031e+00
 6.79503e-01  1.00026e+00  1.00032e+00
 6.91856e-01  1.00015e+00  1.00033e+00
 7.03523e-01  1.00013e+00  1.00033e+00
 7.15401e-01  1.00059e+00  1.00034e+00
 7.25266e-01  9.99750e-01  1.00034e+00
 7.36794e-01  1.00036e+00  1.00035e+00
 7.47420e-01  1.00060e+00  1.00035e+00
 7.58376e-01  1.00050e+00  1.00036e+00
 7.68243e-01  1.00062e+00  1.00037e+00
 7.79226e-01  9.99946e-01  1.00037e+00
 7.89093e-01  1.00052e+00  1.00038e+00
 8.00056e-01  9.99863e-01  1.00039e+00
 8.11261e-01  1.00002e+00  1.00039e+00
 8.22469e-01  1.00009e+00  1.00040e+00
 8.33294e-01  1.00068e+00  1.00041e+00
 8.43345e-01  9.99978e-01  1.00041e+00
 8.54121e-01  1.00067e+00  1.00042e+00
 8.63308e-01  1.00051e+00  1.00043e+00
 8.73084e-01  1.00071e+00  1.00044e+00
 8.83376e-01  1.00044e+00  1.00044e+00
 8.94571e-01  1.00066e+00  1.00045e+00
 9.04978e-01  1.00068e+00  1.00046e+00
 9.16088e-01  1.00118e+00  1.00047e+00
 9.27534e-01  1.00122e+00  1.00048e+00
 9.38682e-01  1.00168e+00  1.00049e+00
 9.48367e-01  1.00103e+00  1.00050e+00
 9.59512e-01  1.00148e+00  1.00051e+00
 9.70359e-01  1.00152e+00  1.00052e+00
 9.81971e-01  1.00134e+00  1.00054e+00
 9.92536e-01  1.00180e+00  1.00055e+00
 1.00303e+00  1.00126e+00  1.00056e+00
 1.01457e+00  1.00170e+00  1.00058e+00
 1.02389e+00  1.02042e+00  1.00059e+00
 1.03487e+00  1.00136e+00  1.00060e+00
 1.04471e+00  1.01524e+00  1.00062e+00
 1.05504e+00  1.00200e+00  1.00063e+00
 1.06467e+00  1.01224e+00  1.00065e+00
 1.07450e+00  1.00222e+00  1.00067e+00
 1.08541e+00  1.01037e+00  1.00069e+00
 1.09422e+00  1.00202e+00  1.00070e+00
 1.10542e+00  1.01489e+00  1.00072e+00
 1.11408e+00  1.00547e+00  1.00074e+00
 1.12371e+00  1.00656e+00  1.00076e+00
 1.13254e+00  1.00147e+00  1.00078e+00
 1.14097e+00  1.00232e+00  1.00081e+00
 1.14950e+00  1.00671e+00  1.00083e+00
 1.15844e+00  1.00366e+00  1.00085e+00
 1.16732e+00  1.00586e+00  1.00088e+00
 1.17727e+00  1.00395e+00  1.00091e+00
 1.18621e+00  1.00633e+00  1.00094e+00
 1.19504e+00  1.00446e+00  1.00097e+00
 1.20357e+00  1.00430e+00  1.00101e+00
 1.21286e+00  1.00520e+00  1.00105e+00
 1.22208e+00  1.00509e+00  1.00109e+00
 1.23050e+00  1.00605e+00  1.00114e+00
 1.24047e+00  1.00487e+00  1.00119e+00
 1.24990e+00  1.00570e+00  1.00125e+00
 1.25987e+00  1.00484e+00  1.00132e+00
 1.26954e+00  1.00558e+00  1.00140e+00
 1.27906e+00  1.00474e+00  1.00149e+00
 1.28835e+00  1.00496e+00  1.00159e+00
 1.29733e+00  1.00585e+00  1.00170e+00
 1.30617e+00  1.00528e+00  1.00184e+00
 1.31457e+00  1.00657e+00  1.00199e+00
 1.32456e+00  1.00518e+00  1.00221e+00
 1.33458e+00  1.00531e+00  1.00251e+00
 1.34336e+00  1.00526e+00  1.00285e+00
 1.35286e+00  1.00552e+00  1.00331e+00
 1.36248e+00  1.00469e+00  1.00383e+00
 1.37171e+00  1.00529e+00  1.00415e+00
 1.38065e+00  1.00495e+00  1.00403e+00
 1.38949e+00  1.00431e+00  1.00349e+00
 1.39885e+00  1.00544e+00  1.00278e+00
 1.40845e+00  1.00452e+00  1.00216e+00
 1.41792e+00  1.00418e+00  1.00172e+00
 1.42744e+00  1.00377e+00  1.00139e+00
 1.43735e+00  1.00366e+00  1.00114e+00
 1.44579e+00  1.00264e+00  1.00097e+00
 1.45587e+00  1.00313e+00  1.00081e+00
 1.46590e+00  1.00228e+00  1.00068e+00
 1.47431e+00  1.00308e+00  1.00059e+00
 1.48367e+00  1.00248e+00  1.00051e+00
 1.49293e+00  1.00120e+00  1.00044e+00
 1.50201e+00  1.00213e+00  1.00038e+00
 1.51206e+00  1.00145e+00  1.00032e+00
 1.52211e+00  1.00142e+00  1.00028e+00
 1.53061e+00  1.00076e+00  1.00024e+00
 1.54054e+00  1.00157e+00  1.00020e+00
 1.54997e+00  9.99998e-01  1.00017e+00
 1.55851e+00  1.00042e+00  1.00015e+00
 1.56861e+00  1.00027e+00  1.00012e+00
 1.57773e+00  9.99682e-01  1.00010e+00
 1.58699e+00  9.99664e-01  1.00008e+00
 1.59656e+00  9.99610e-01  1.00006e+00
 1.60551e+00  9.99758e-01  1.00005e+00
 1.61408e+00  9.99141e-01  1.00003e+00
 1.62371e+00  9.99568e-01  1.00002e+00
 1.63254e+00  9.98381e-01  1.00001e+00
 1.64097e+00  9.99385e-01  9.99995e-01
 1.64968e+00  9.99448e-01  9.99985e-01
 1.65959e+00  9.99009e-01  9.99974e-01
 1.66801e+00  9.98556e-01  9.99966e-01
 1.67727e+00  9.98243e-01  9.99957e-01
 1.68621e+00  9.98478e-01  9.99949e-01
 1.69504e+00  9.98044e-01  9.99942e-01
 1.70347e+00  9.98298e-01  9.99936e-01
 1.71200e+00  9.98906e-01  9.99929e-01
 1.72095e+00  9.98850e-01  9.99923e-01
 1.72976e+00  9.98384e-01  9.99918e-01
 1.73821e+00  9.98075e-01  9.99913e-01
 1.74671e+00  9.98266e-01  9.99908e-01
 1.75565e+00  9.98546e-01  9.99903e-01
 1.76449e+00  9.98002e-01  9.99899e-01
 1.77291e+00  9.98516e-01  9.99894e-01
 1.78146e+00  9.97980e-01  9.99891e-01
 1.79037e+00  9.98428e-01  9.99887e-01
 1.79923e+00  9.98434e-01  9.99883e-01
 1.80765e+00  9.98362e-01  9.99880e-01
 1.81614e+00  9.98267e-01  9.99877e-01
 1.82511e+00  9.98202e-01  9.99873e-01
 1.83392e+00  9.98194e-01  9.99871e-01
 1.84239e+00  9.97797e-01  9.99868e-01
 1.85104e+00  9.98629e-01  9.99865e-01
 1.86099e+00  9.98763e-01  9.99862e-01
 1.87010e+00  9.98011e-01  9.99860e-01
 1.87865e+00  9.98722e-01  9.99858e-01
 1.88761e+00  9.98904e-01  9.99855e-01
 1.89642e+00  9.98488e-01  9.99853e-01
 1.90558e+00  9.98980e-01  9.99851e-01
 1.91423e+00  9.99298e-01  9.99849e-01
 1.92423e+00  9.98308e-01  9.99847e-01
 1.93265e+00  9.98089e-01  9.99845e-01
 1.94260e+00  9.99402e-01  9.99843e-01
 1.95266e+00  9.99633e-01  9.99842e-01
 1.96199e+00  9.99658e-01  9.99840e-01
 1.97095e+00  9.98968e-01  9.99838e-01
 1.97977e+00  9.98888e-01  9.99837e-01
 1.98831e+00  9.99140e-01  9.99836e-01
 1.99826e+00  9.98934e-01  9.99834e-01
 2.00755e+00  9.99479e-01  9.99833e-01
 2.01597e+00  9.98779e-01  9.99832e-01
 2.02535e+00  9.99561e-01  9.99831e-01
 2.03533e+00  9.99180e-01  9.99829e-01
 2.04445e+00  1.00002e+00  9.99828e-01
 2.05315e+00  9.99265e-01  9.99827e-01
 2.06235e+00  9.99077e-01  9.99826e-01
 2.07080e+00  9.99274e-01  9.99825e-01
 2.07933e+00  9.99088e-01  9.99825e-01
 2.08902e+00  9.99684e-01  9.99824e-01
 2.09783e+00  9.99869e-01  9.99823e-01
 2.10625e+00  9.99629e-01  9.99822e-01
 2.11479e+00  9.99827e-01  9.99821e-01
 2.12371e+00  9.99120e-01  9.99821e-01
 2.13255e+00  9.99357e-01  9.99820e-01
 2.14235e+00  9.99568e-01  9.99819e-01
 2.15152e+00  1.00007e+00  9.99819e-01
 2.16101e+00  9.99748e-01  9.99818e-01
 2.16946e+00  9.99393e-01  9.99817e-01
 2.17875e+00  9.99400e-01  9.99817e-01
 2.18811e+00  9.99621e-01  9.99816e-01
 2.19654e+00  9.99697e-01  9.99816e-01
 2.20503e+00  9.99511e-01  9.99815e-01
 2.21511e+00  9.99385e-01  9.99815e-01
 2.22501e+00  9.99628e-01  9.99814e-01
 2.23368e+00  9.99857e-01  9.99814e-01
 2.24294e+00  9.99236e-01  9.99813e-01
 2.25136e+00  9.99315e-01  9.99813e-01
 2.25990e+00  9.99995e-01  9.99813e-01
 2.27015e+00  9.99872e-01  9.99812e-01
 2.27914e+00  9.99412e-01  9.99812e-01
 2.28837e+00  9.99685e-01  9.99811e-01
 2.29735e+00  9.99469e-01  9.99811e-01
 2.30618e+00  9.99039e-01  9.99811e-01
 2.31543e+00  9.99169e-01  9.99811e-01
 2.32511e+00  9.99782e-01  9.99810e-01
 2.33392e+00  9.99532e-01  9.99810e-01
 2.34238e+00  9.99882e-01  9.99810e-01
 2.35105e+00  9.99624e-01  9.99810e-01
 2.36163e+00  9.98907e-01  9.99809e-01
 2.37016e+00  9.99127e-01  9.99809e-01
 2.37866e+00  1.00002e+00  9.99809e-01
 2.38761e+00  9.99447e-01  9.99809e-01
 2.39709e+00  9.99715e-01  9.99808e-01
 2.40644e+00  9.99960e-01  9.99808e-01
 2.41538e+00  9.99183e-01  9.99808e-01
 2.42424e+00  9.98840e-01  9.99808e-01
 2.43265e+00  9.99055e-01  9.99808e-01
 2.44116e+00  9.99429e-01  9.99808e-01
 2.45072e+00  9.99854e-01  9.99808e-01
 2.46035e+00  9.99364e-01  9.99808e-01
 2.46911e+00  9.99041e-01  9.99807e-01
 2.47903e+00  9.99048e-01  9.99807e-01
 2.48749e+00  9.99219e-01  9.99807e-01
 2.49686e+00  9.99641e-01  9.99807e-01
 2.50746e+00  9.98954e-01  9.99807e-01
 2.51597e+00  9.99505e-01  9.99807e-01
 2.52465e+00  9.99341e-01  9.99807e-01
 2.53460e+00  9.99359e-01  9.99807e-01
 2.54370e+00  9.99656e-01  9.99807e-01
 2.55246e+00  9.99729e-01  9.99807e-01
 2.56237e+00  9.99745e-01  9.99807e-01
 2.57080e+00  9.99309e-01  9.99807e-01
 2.57934e+00  9.99521e-01  9.99807e-01
 2.58962e+00  9.99729e-01  9.99807e-01
 2.59858e+00  9.99998e-01  9.99807e-01
 2.60712e+00  9.99733e-01  9.99807e-01
 2.61679e+00  9.99928e-01  9.99807e-01
 2.62628e+00  9.99215e-01  9.99807e-01
 2.63576e+00  1.00002e+00  9.99807e-01
 2.64569e+00  9.98972e-01  9.99807e-01
 2.65482e+00  9.99650e-01  9.99807e-01
 2.66424e+00  9.99551e-01  9.99807e-01
 2.67351e+00  9.99700e-01  9.99807e-01
 2.68260e+00  9.99060e-01  9.99807e-01
 2.69201e+00  9.99815e-01  9.99807e-01
 2.70191e+00  1.00020e+00  9.99807e-01
 2.71041e+00  9.99696e-01  9.99807e-01
 2.71894e+00  1.00049e+00  9.99807e-01
 2.72785e+00  1.00009e+00  9.99807e-01
 2.73670e+00  9.99868e-01  9.99807e-01
 2.74510e+00  1.00018e+00  9.99807e-01
 2.75382e+00  9.99703e-01  9.99807e-01
 2.76313e+00  9.99554e-01  9.99808e-01
 2.77074e+00  9.97631e-01  9.99808e-01
 2.77909e+00  9.99667e-01  9.99808e-01
 2.78748e+00  1.00019e+00  9.99808e-01
 2.79614e+00  9.99709e-01  9.99808e-01
 2.80541e+00  9.99917e-01  9.99808e-01
 2.81380e+00  9.99951e-01  9.99808e-01
 2.82221e+00  1.00016e+00  9.99808e-01
 2.83085e+00  9.99627e-01  9.99808e-01
 2.84085e+00  1.00046e+00  9.99808e-01
 2.85103e+00  1.00030e+00  9.99809e-01
 2.86097e+00  9.99614e-01  9.99809e-01
 2.86937e+00  9.99353e-01  9.99809e-01
 2.87794e+00  1.00037e+00  9.99809e-01
 2.88759e+00  1.00076e+00  9.99809e-01
 2.89638e+00  1.00033e+00  9.99809e-01
 2.90481e+00  1.00090e+00  9.99809e-01
 2.91334e+00  1.00036e+00  9.99809e-01
 2.92366e+00  1.00076e+00  9.99810e-01
 2.93260e+00  1.00006e+00  9.99810e-01
 2.94112e+00  1.00065e+00  9.99810e-01
 2.95009e+00  1.00066e+00  9.99810e-01
 2.95888e+00  1.00035e+00  9.99810e-01
 2.96732e+00  9.99537e-01  9.99810e-01
 2.97584e+00  9.99860e-01  9.99810e-01
 2.98481e+00  9.99845e-01  9.99811e-01
 2.99365e+00  1.00104e+00  9.99811e-01
 3.00207e+00  9.99395e-01  9.99811e-01
 3.01209e+00  1.00051e+00  9.99811e-01
 3.02138e+00  1.00032e+00  9.99811e-01
 3.02982e+00  1.00033e+00  9.99811e-01
 3.03837e+00  1.00002e+00  9.99812e-01
 3.04847e+00  1.00048e+00  9.99812e-01
 3.05687e+00  1.00022e+00  9.99812e-01
 3.06595e+00  1.00030e+00  9.99812e-01
 3.07509e+00  1.00002e+00  9.99812e-01
 3.08463e+00  1.00007e+00  9.99812e-01
 3.09390e+00  1.00051e+00  9.99813e-01
 3.10356e+00  1.00016e+00  9.99813e-01
 3.11323e+00  1.00046e+00  9.99813e-01
 3.12437e+00  1.00048e+00  9.99813e-01
 3.13326e+00  1.00010e+00  9.99813e-01
 3.14163e+00  1.00033e+00  9.99814e-01
 3.15030e+00  1.00050e+00  9.99814e-01
 3.15957e+00  1.00007e+00  9.99814e-01
 3.16797e+00  9.99542e-01  9.99814e-01
 3.17639e+00  1.00074e+00  9.99814e-01
 3.18503e+00  9.99574e-01  9.99815e-01
 3.19479e+00  1.00036e+00  9.99815e-01
 3.20342e+00  1.00023e+00  9.99815e-01
 3.21195e+00  1.00060e+00  9.99815e-01
 3.22207e+00  9.99691e-01  9.99815e-01
 3.23046e+00  9.99585e-01  9.99816e-01
 3.23979e+00  1.00031e+00  9.99816e-01
 3.24984e+00  9.99796e-01  9.99816e-01
 3.25952e+00  1.00079e+00  9.99816e-01
 3.26835e+00  9.99629e-01  9.99816e-01
 3.27812e+00  1.00051e+00  9.99817e-01
 3.28676e+00  9.99881e-01  9.99817e-01
 3.29528e+00  1.00015e+00  9.99817e-01
 3.30541e+00  1.00023e+00  9.99817e-01
 3.31384e+00  1.00005e+00  9.99817e-01
 3.32377e+00  1.00054e+00  9.99818e-01
 3.33315e+00  9.99665e-01  9.99818e-01
 3.34211e+00  1.00041e+00  9.99818e-01
 3.35084e+00  9.99944e-01  9.99818e-01
 3.36028e+00  9.99545e-01  9.99819e-01
 3.36937e+00  9.99829e-01  9.99819e-01
 3.37775e+00  9.99330e-01  9.99819e-01
 3.38759e+00  9.99786e-01  9.99819e-01
 3.39784e+00  9.99373e-01  9.99820e-01
 3.40888e+00  9.98890e-01  9.99820e-01
 3.41799e+00  9.99383e-01  9.99820e-01
 3.42794e+00  1.00006e+00  9.99820e-01
 3.43734e+00  9.99299e-01  9.99821e-01
 3.44628e+00  9.99465e-01  9.99821e-01
 3.45500e+00  9.99469e-01  9.99821e-01
 3.46445e+00  9.99428e-01  9.99821e-01
 3.47431e+00  9.98945e-01  9.99821e-01
 3.48408e+00  9.99146e-01  9.99822e-01
 3.49365e+00  9.99631e-01  9.99822e-01
 3.50204e+00  9.99261e-01  9.99822e-01
 3.51173e+00  9.98986e-01  9.99822e-01
 3.52140e+00  9.98964e-01  9.99823e-01
 3.53035e+00  9.99280e-01  9.99823e-01
 3.53920e+00  9.99724e-01  9.99823e-01
 3.54897e+00  9.99379e-01  9.99823e-01
 3.55846e+00  9.99570e-01  9.99824e-01
 3.56862e+00  9.99443e-01  9.99824e-01
 3.57773e+00  9.99053e-01  9.99824e-01
 3.58696e+00  9.99541e-01  9.99824e-01
 3.59707e+00  9.99761e-01  9.99825e-01
 3.60547e+00  9.99595e-01  9.99825e-01
 3.61457e+00  1.00027e+00  9.99825e-01
 3.62368e+00  9.98562e-01  9.99825e-01
 3.63308e+00  9.99327e-01  9.99826e-01
 3.64250e+00  9.99642e-01  9.99826e-01
 3.65243e+00  9.98868e-01  9.99826e-01
 3.66176e+00  1.00002e+00  9.99827e-01
 3.67028e+00  9.99365e-01  9.99827e-01
 3.68111e+00  9.99361e-01  9.99827e-01
 3.68958e+00  9.99323e-01  9.99827e-01
 3.70009e+00  9.99236e-01  9.99828e-01
 3.70965e+00  9.99232e-01  9.99828e-01
 3.72022e+00  9.99712e-01  9.99828e-01
 3.73045e+00  9.99687e-01  9.99828e-01
 3.73957e+00  1.00001e+00  9.99829e-01
 3.74868e+00  9.99718e-01  9.99829e-01
 3.75805e+00  9.99443e-01  9.99829e-01
 3.76665e+00  9.99690e-01  9.99830e-01
 3.77577e+00  9.99772e-01  9.99830e-01
 3.78532e+00  1.00011e+00  9.99830e-01
 3.79461e+00  9.99874e-01  9.99830e-01
 3.80542e+00  1.00022e+00  9.99831e-01
 3.81382e+00  1.00016e+00  9.99831e-01
 3.82290e+00  1.00058e+00  9.99831e-01
 3.83201e+00  9.99935e-01  9.99831e-01
 3.84138e+00  1.00066e+00  9.99832e-01
 3.84998e+00  9.99901e-01  9.99832e-01
 3.85908e+00  1.00001e+00  9.99832e-01
 3.86939e+00  1.00016e+00  9.99833e-01
 3.87864e+00  1.00013e+00  9.99833e-01
 3.88943e+00  1.00041e+00  9.99833e-01
 3.89786e+00  1.00054e+00  9.99833e-01
 3.90711e+00  1.00041e+00  9.99834e-01
 3.91717e+00  9.99973e-01  9.99834e-01
 3.92707e+00  1.00023e+00  9.99834e-01
 3.93687e+00  1.00041e+00  9.99835e-01
 3.94722e+00  1.00006e+00  9.99835e-01
 3.95765e+00  1.00047e+00  9.99835e-01
 3.96713e+00  1.00099e+00  9.99835e-01
 3.97584e+00  1.00058e+00  9.99836e-01
 3.98527e+00  1.00092e+00  9.99836e-01
 3.99438e+00  1.00089e+00  9.99836e-01
 4.00276e+00  1.00077e+00  9.99837e-01
 4.01258e+00  1.00062e+00  9.99837e-01
 4.02268e+00  1.00056e+00  9.99837e-01
 1.14970e-02  1.00057e+00  1.00013e+00
 2.91670e-02  1.00030e+00  1.00014e+00
 4.87970e-02  1.00115e+00  1.00014e+00
 6.83930e-02  1.00027e+00  1.00014e+00
 8.72390e-02  1.00022e+00  1.00015e+00
 1.04657e-01  1.00083e+00  1.00015e+00
 1.26340e-01  1.00091e+00  1.00015e+00
 1.46755e-01  1.00069e+00  1.00016e+00
 1.67609e-01  1.00139e+00  1.00016e+00
 1.86311e-01  1.00064e+00  1.00017e+00
 2.05820e-01  1.00018e+00  1.00017e+00
 2.26518e-01  1.00065e+00  1.00017e+00
 2.44884e-01  1.00064e+00  1.00018e+00
 2.66752e-01  1.00030e+00  1.00018e+00
 2.86114e-01  1.00068e+00  1.00019e+00
 3.08400e-01  1.00070e+00  1.00019e+00
 3.26506e-01  1.00086e+00  1.00020e+00
 3.50092e-01  1.00035e+00  1.00020e+00
 3.69474e-01  1.00073e+00  1.00021e+00
 3.91752e-01  1.00021e+00  1.00022e+00
 4.12467e-01  9.99992e-01  1.00022e+00
 4.33478e-01  1.00040e+00  1.00023e+00
 4.54187e-01  1.00014e+00  1.00023e+00
 4.75138e-01  1.00047e+00  1.00024e+00
 4.95827e-01  9.99510e-01  1.00025e+00
 5.19937e-01  1.00022e+00  1.00026e+00
 5.41569e-01  9.99841e-01  1.00026e+00
 5.61690e-01  1.00073e+00  1.00027e+00
 5.83190e-01  1.00019e+00  1.00028e+00
 6.03330e-01  1.00003e+00  1.00029e+00
 6.23523e-01  1.00044e+00  1.00029e+00
 6.43257e-01  1.00003e+00  1.00030e+00
 6.64122e-01  9.99400e-01  1.00031e+00
 6.84957e-01  9.99887e-01  1.00032e+00
 7.04488e-01  9.99454e-01  1.00033e+00
 7.25092e-01  9.99683e-01  1.00034e+00
 7.44826e-01  9.99921e-01  1.00035e+00
 7.66752e-01  9.99615e-01  1.00037e+00
 7.85159e-01  9.99471e-01  1.00038e+00
 8.06901e-01  1.00012e+00  1.00039e+00
 8.23825e-01  1.00011e+00  1.00040e+00
 8.47415e-01  9.99560e-01  1.00042e+00
 8.65465e-01  9.99602e-01  1.00043e+00
 8.89122e-01  9.99282e-01  1.00045e+00
 9.08851e-01  1.00005e+00  1.00047e+00
 9.31901e-01  9.99861e-01  1.00049e+00
 9.48825e-01  9.99822e-01  1.00050e+00
 9.72442e-01  9.99176e-01  1.00053e+00
 9.94820e-01  9.99915e-01  1.00055e+00
 1.01675e+00  9.99645e-01  1.00058e+00
 1.03649e+00  1.00023e+00  1.00061e+00
 1.05983e+00  9.99538e-01  1.00064e+00
 1.08084e+00  1.00007e+00  1.00068e+00
 1.10162e+00  1.00007e+00  1.00072e+00
 1.12250e+00  9.99422e-01  1.00076e+00
 1.14354e+00  1.00005e+00  1.00081e+00
 1.16659e+00  9.99929e-01  1.00088e+00
 1.18669e+00  1.00040e+00  1.00094e+00
 1.20964e+00  1.00021e+00  1.00103e+00
 1.23009e+00  1.00019e+00  1.00113e+00
 1.25236e+00  1.00004e+00  1.00127e+00
 1.27436e+00  9.99450e-01  1.00145e+00
 1.29557e+00  1.00002e+00  1.00168e+00
 1.31604e+00  1.00022e+00  1.00202e+00
 1.33576e+00  9.99734e-01  1.00255e+00
 1.35901e+00  1.00026e+00  1.00365e+00
 1.38371e+00  1.00015e+00  1.00388e+00
 1.40705e+00  1.00013e+00  1.00224e+00
 1.43080e+00  1.00059e+00  1.00130e+00
 1.45053e+00  9.99750e-01  1.00089e+00
 1.47359e+00  1.00036e+00  1.00060e+00
 1.49484e+00  1.00060e+00  1.00043e+00
 1.51675e+00  1.00050e+00  1.00030e+00
 1.53649e+00  1.00062e+00  1.00022e+00
 1.55845e+00  9.99946e-01  1.00015e+00
 1.57819e+00  1.00052e+00  1.00010e+00
 1.60011e+00  9.99863e-01  1.00005e+00
 1.62252e+00  1.00002e+00  1.00002e+00
 1.64494e+00  1.00009e+00  9.99990e-01
 1.66659e+00  1.00068e+00  9.99967e-01
 1.68669e+00  9.99978e-01  9.99949e-01
 1.70824e+00  1.00067e+00  9.99932e-01
 1.72662e+00  1.00051e+00  9.99920e-01
 1.74617e+00  1.00071e+00  9.99908e-01
 1.76675e+00  1.00044e+00  9.99897e-01
 1.78914e+00  1.00066e+00  9.99887e-01
 1.80996e+00  1.00068e+00  9.99879e-01
 1.83218e+00  1.00118e+00  9.99871e-01
 1.85507e+00  1.00122e+00  9.99864e-01
 1.87736e+00  1.00168e+00  9.99858e-01
 1.89674e+00  1.00103e+00  9.99853e-01
 1.91902e+00  1.00148e+00  9.99848e-01
 1.94072e+00  1.00152e+00  9.99844e-01
 1.96394e+00  1.00134e+00  9.99840e-01
 1.98507e+00  1.00180e+00  9.99836e-01
 2.00605e+00  1.00126e+00  9.99833e-01
 2.02914e+00  1.00170e+00  9.99830e-01
 2.04777e+00  1.02042e+00  9.99828e-01
 2.06974e+00  1.00136e+00  9.99826e-01
 2.08941e+00  1.01524e+00  9.99824e-01
 2.11007e+00  1.00200e+00  9.99822e-01
 2.12933e+00  1.01224e+00  9.99820e-01
 2.14900e+00  1.00222e+00  9.99819e-01
 2.17083e+00  1.01037e+00  9.99817e-01
 2.18844e+00  1.00202e+00  9.99816e-01
 2.21085e+00  1.01489e+00  9.99815e-01
 2.22815e+00  1.00547e+00  9.99814e-01
 2.24742e+00  1.00656e+00  9.99813e-01
 2.26508e+00  1.00147e+00  9.99812e-01
 2.28195e+00  1.00232e+00  9.99812e-01
 2.29900e+00  1.00671e+00  9.99811e-01
 2.31687e+00  1.00366e+00  9.99810e-01
 2.33464e+00  1.00586e+00  9.99810e-01
 2.35453e+00  1.00395e+00  9.99809e-01
 2.37242e+00  1.00633e+00  9.99809e-01
 2.39008e+00  1.00446e+00  9.99809e-01
 2.40714e+00  1.00430e+00  9.99808e-01
 2.42572e+00  1.00520e+00  9.99808e-01
 2.44416e+00  1.00509e+00  9.99808e-01
 2.46100e+00  1.00605e+00  9.99807e-01
 2.48095e+00  1.00487e+00  9.99807e-01
 2.49980e+00  1.00570e+00  9.99807e-01
 2.51974e+00  1.00484e+00  9.99807e-01
 2.53907e+00  1.00558e+00  9.99807e-01
 2.55813e+00  1.00474e+00  9.99807e-01
 2.57669e+00  1.00496e+00  9.99807e-01
 2.59465e+00  1.00585e+00  9.99807e-01
 2.61233e+00  1.00528e+00  9.99807e-01
 2.62914e+00  1.00657e+00  9.99807e-01
 2.64912e+00  1.00518e+00  9.99807e-01
 2.66917e+00  1.00531e+00  9.99807e-01
 2.68671e+00  1.00526e+00  9.99807e-01
 2.70572e+00  1.00552e+00  9.99807e-01
 2.72496e+00  1.00469e+00  9.99807e-01
 2.74342e+00  1.00529e+00  9.99807e-01
 2.76129e+00  1.00495e+00  9.99808e-01
 2.77899e+00  1.00431e+00  9.99808e-01
 2.79770e+00  1.00544e+00  9.99808e-01
 2.81689e+00  1.00452e+00  9.99808e-01
 2.83585e+00  1.00418e+00  9.99808e-01
 2.85487e+00  1.00377e+00  9.99809e-01
 2.87471e+00  1.00366e+00  9.99809e-01
 2.89158e+00  1.00264e+00  9.99809e-01
 2.91175e+00  1.00313e+00  9.99809e-01
 2.93180e+00  1.00228e+00  9.99810e-01
 2.94863e+00  1.00308e+00  9.99810e-01
 2.96734e+00  1.00248e+00  9.99810e-01
 2.98586e+00  1.00120e+00  9.99811e-01
 3.00401e+00  1.00213e+00  9.99811e-01
 3.02412e+00  1.00145e+00  9.99811e-01
 3.04421e+00  1.00142e+00  9.99812e-01
 3.06121e+00  1.00076e+00  9.99812e-01
 3.08108e+00  1.00157e+00  9.99812e-01
 3.09994e+00  9.99998e-01  9.99813e-01
 3.11701e+00  1.00042e+00  9.99813e-01
 3.13722e+00  1.00027e+00  9.99814e-01
 3.15547e+00  9.99682e-01  9.99814e-01
 3.17397e+00  9.99664e-01  9.99814e-01
 3.19312e+00  9.99610e-01  9.99815e-01
 3.21102e+00  9.99758e-01  9.99815e-01
 3.22815e+00  9.99141e-01  9.99815e-01
 3.24742e+00  9.99568e-01  9.99816e-01
 3.26508e+00  9.98381e-01  9.99816e-01
 3.28195e+00  9.99385e-01  9.99817e-01
 3.29935e+00  9.99448e-01  9.99817e-01
 3.31918e+00  9.99009e-01  9.99818e-01
 3.33602e+00  9.98556e-01  9.99818e-01
 3.35453e+00  9.98243e-01  9.99818e-01
 3.37242e+00  9.98478e-01  9.99819e-01
 3.39008e+00  9.98044e-01  9.99819e-01
 3.40695e+00  9.98298e-01  9.99820e-01
 3.42400e+00  9.98906e-01  9.99820e-01
 3.44189e+00  9.98850e-01  9.99821e-01
 3.45952e+00  9.98384e-01  9.99821e-01
 3.47642e+00  9.98075e-01  9.99822e-01
 3.49342e+00  9.98266e-01  9.99822e-01
 3.51129e+00  9.98546e-01  9.99822e-01
 3.52899e+00  9.98002e-01  9.99823e-01
 3.54582e+00  9.98516e-01  9.99823e-01
 3.56292e+00  9.97980e-01  9.99824e-01
 3.58073e+00  9.98428e-01  9.99824e-01
 3.59846e+00  9.98434e-01  9.99825e-01
 3.61531e+00  9.98362e-01  9.99825e-01
 3.63228e+00  9.98267e-01  9.99826e-01
 3.65021e+00  9.98202e-01  9.99826e-01
 3.66784e+00  9.98194e-01  9.99827e-01
 3.68478e+00  9.97797e-01  9.99827e-01
 3.70207e+00  9.98629e-01  9.99828e-01
 3.72199e+00  9.98763e-01  9.99828e-01
 3.74020e+00  9.98011e-01  9.99829e-01
 3.75730e+00  9.98722e-01  9.99829e-01
 3.77521e+00  9.98904e-01  9.99830e-01
 3.79284e+00  9.98488e-01  9.99830e-01
 3.81116e+00  9.98980e-01  9.99831e-01
 3.82845e+00  9.99298e-01  9.99831e-01
 3.84846e+00  9.98308e-01  9.99832e-01
 3.86531e+00  9.98089e-01  9.99832e-01
 3.88521e+00  9.99402e-01  9.99833e-01
 3.90532e+00  9.99633e-01  9.99834e-01
 3.92397e+00  9.99658e-01  9.99834e-01
 3.94189e+00  9.98968e-01  9.99835e-01
 3.95954e+00  9.98888e-01  9.99835e-01
 3.97662e+00  9.99140e-01  9.99836e-01
 3.99651e+00  9.98934e-01  9.99836e-01
 4.01510e+00  9.99479e-01  9.99837e-01
 4.03195e+00  9.98779e-01  9.99837e-01
 4.05070e+00  9.99561e-01  9.99838e-01
 4.07067e+00  9.99180e-01  9.99839e-01
 4.08889e+00  1.00002e+00  9.99839e-01
 4.10630e+00  9.99265e-01  9.99840e-01
 4.12471e+00  9.99077e-01  9.99840e-01
 4.14160e+00  9.99274e-01  9.99841e-01
 4.15865e+00  9.99088e-01  9.99841e-01
 4.17803e+00  9.99684e-01  9.99842e-01
 4.19567e+00  9.99869e-01  9.99843e-01
 4.21249e+00  9.99629e-01  9.99843e-01
 4.22958e+00  9.99827e-01  9.99844e-01
 4.24742e+00  9.99120e-01  9.99844e-01
 4.26510e+00  9.99357e-01  9.99845e-01
 4.28470e+00  9.99568e-01  9.99845e-01
 4.30303e+00  1.00007e+00  9.99846e-01
 4.32202e+00  9.99748e-01  9.99847e-01
 4.33893e+00  9.99393e-01  9.99847e-01
 4.35750e+00  9.99400e-01  9.99848e-01
 4.37622e+00  9.99621e-01  9.99848e-01
 4.39308e+00  9.99697e-01  9.99849e-01
 4.41006e+00  9.99511e-01  9.99850e-01
 4.43021e+00  9.99385e-01  9.99850e-01
 4.45003e+00  9.99628e-01  9.99851e-01
 4.46737e+00  9.99857e-01  9.99851e-01
 4.48588e+00  9.99236e-01  9.99852e-01
 4.50272e+00  9.99315e-01  9.99853e-01
 4.51979e+00  9.99995e-01  9.99853e-01
 4.54031e+00  9.99872e-01  9.99854e-01
 4.55828e+00  9.99412e-01  9.99855e-01
 4.57673e+00  9.99685e-01  9.99855e-01
 4.59469e+00  9.99469e-01  9.99856e-01
 4.61235e+00  9.99039e-01  9.99856e-01
 4.63086e+00  9.99169e-01  9.99857e-01
 4.65021e+00  9.99782e-01  9.99858e-01
 4.66784e+00  9.99532e-01  9.99858e-01
 4.68476e+00  9.99882e-01  9.99859e-01
 4.70209e+00  9.99624e-01  9.99859e-01
 4.72327e+00  9.98907e-01  9.99860e-01
 4.74033e+00  9.99127e-01  9.99861e-01
 4.75732e+00  1.00002e+00  9.99861e-01
 4.77521e+00  9.99447e-01  9.99862e-01
 4.79419e+00  9.99715e-01  9.99863e-01
 4.81287e+00  9.99960e-01  9.99863e-01
 4.83075e+00  9.99183e-01  9.99864e-01
 4.84848e+00  9.98840e-01  9.99865e-01
 4.86531e+00  9.99055e-01  9.99865e-01
 4.88232e+00  9.99429e-01  9.99866e-01
 4.90144e+00  9.99854e-01  9.99867e-01
 4.92071e+00  9.99364e-01  9.99867e-01
 4.93822e+00  9.99041e-01  9.99868e-01
 4.95807e+00  9.99048e-01  9.99869e-01
 4.97498e+00  9.99219e-01  9.99869e-01
 4.99373e+00  9.99641e-01  9.99870e-01
 5.01493e+00  9.98954e-01  9.99871e-01
 5.03195e+00  9.99505e-01  9.99871e-01
 5.04931e+00  9.99341e-01  9.99872e-01
 5.06920e+00  9.99359e-01  9.99873e-01
 5.08739e+00  9.99656e-01  9.99873e-01
 5.10492e+00  9.99729e-01  9.99874e-01
 5.12475e+00  9.99745e-01  9.99875e-01
 5.14160e+00  9.99309e-01  9.99875e-01
 5.15867e+00  9.99521e-01  9.99876e-01
 5.17924e+00  9.99729e-01  9.99877e-01
 5.19717e+00  9.99998e-01  9.99878e-01
 5.21423e+00  9.99733e-01  9.99878e-01
 5.23357e+00  9.99928e-01  9.99879e-01
 5.25257e+00  9.99215e-01  9.99880e-01
 5.27151e+00  1.00002e+00  9.99880e-01
 5.29139e+00  9.98972e-01  9.99881e-01
 5.30964e+00  9.99650e-01  9.99882e-01
 5.32847e+00  9.99551e-01  9.99883e-01
 5.34701e+00  9.99700e-01  9.99883e-01
 5.36520e+00  9.99060e-01  9.99884e-01
 5.38403e+00  9.99815e-01  9.99885e-01
 5.40381e+00  1.00020e+00  9.99886e-01
 5.42082e+00  9.99696e-01  9.99886e-01
 5.43788e+00  1.00049e+00  9.99887e-01
 5.45570e+00  1.00009e+00  9.99888e-01
 5.47340e+00  9.99868e-01  9.99888e-01
 5.49020e+00  1.00018e+00  9.99889e-01
 5.50765e+00  9.99703e-01  9.99890e-01
 5.52625e+00  9.99554e-01  9.99890e-01
 5.54148e+00  9.97631e-01  9.99891e-01
 5.55818e+00  9.99667e-01  9.99892e-01
 5.57497e+00  1.00019e+00  9.99892e-01
 5.59229e+00  9.99709e-01  9.99893e-01
 5.61082e+00  9.99917e-01  9.99894e-01
 5.62759e+00  9.99951e-01  9.99895e-01
 5.64442e+00  1.00016e+00  9.99895e-01
 5.66169e+00  9.99627e-01  9.99896e-01
 5.68170e+00  1.00046e+00  9.99897e-01
 5.70207e+00  1.00030e+00  9.99898e-01
 5.72193e+00  9.99614e-01  9.99899e-01
 5.73874e+00  9.99353e-01  9.99899e-01
 5.75588e+00  1.00037e+00  9.99900e-01
 5.77517e+00  1.00076e+00  9.99901e-01
 5.79276e+00  1.00033e+00  9.99902e-01
 5.80963e+00  1.00090e+00  9.99902e-01
 5.82667e+00  1.00036e+00  9.99903e-01
 5.84732e+00  1.00076e+00  9.99904e-01
 5.86520e+00  1.00006e+00  9.99905e-01
 5.88223e+00  1.00065e+00  9.99906e-01
 5.90017e+00  1.00066e+00  9.99906e-01
 5.91776e+00  1.00035e+00  9.99907e-01
 5.93465e+00  9.99537e-01  9.99908e-01
 5.95167e+00  9.99860e-01  9.99909e-01
 5.96962e+00  9.99845e-01  9.99909e-01
 5.98729e+00  1.00104e+00  9.99910e-01
 6.00414e+00  9.99395e-01  9.99911e-01
 6.02419e+00  1.00051e+00  9.99912e-01
 6.04276e+00  1.00032e+00  9.99913e-01
 6.05965e+00  1.00033e+00  9.99914e-01
 6.07673e+00  1.00002e+00  9.99914e-01
 6.09693e+00  1.00048e+00  9.99915e-01
 6.11374e+00  1.00022e+00  9.99916e-01
 6.13191e+00  1.00030e+00  9.99917e-01
 6.15017e+00  1.00002e+00  9.99918e-01
 6.16926e+00  1.00007e+00  9.99919e-01
 6.18779e+00  1.00051e+00  9.99920e-01
 6.20712e+00  1.00016e+00  9.99920e-01
 6.22645e+00  1.00046e+00  9.99921e-01
 6.24874e+00  1.00048e+00  9.99922e-01
 6.26652e+00  1.00010e+00  9.99923e-01
 6.28327e+00  1.00033e+00  9.99924e-01
 6.30061e+00  1.00050e+00  9.99925e-01
 6.31914e+00  1.00007e+00  9.99926e-01
 6.33593e+00  9.99542e-01  9.99927e-01
 6.35278e+00  1.00074e+00  9.99928e-01
 6.37005e+00  9.99574e-01  9.99928e-01
 6.38958e+00  1.00036e+00  9.99929e-01
 6.40684e+00  1.00023e+00  9.99930e-01
 6.42389e+00  1.00060e+00  9.99931e-01
 6.44414e+00  9.99691e-01  9.99932e-01
 6.46091e+00  9.99585e-01  9.99933e-01
 6.47958e+00  1.00031e+00  9.99934e-01
 6.49969e+00  9.99796e-01  9.99935e-01
 6.51904e+00  1.00079e+00  9.99936e-01
 6.53669e+00  9.99629e-01  9.99937e-01
 6.55624e+00  1.00051e+00  9.99938e-01
 6.57352e+00  9.99881e-01  9.99939e-01
 6.59055e+00  1.00015e+00  9.99940e-01
 6.61082e+00  1.00023e+00  9.99941e-01
 6.62768e+00  1.00005e+00  9.99942e-01
 6.64755e+00  1.00054e+00  9.99943e-01
 6.66631e+00  9.99665e-01  9.99944e-01
 6.68422e+00  1.00041e+00  9.99945e-01
 6.70167e+00  9.99944e-01  9.99946e-01
 6.72056e+00  9.99545e-01  9.99947e-01
 6.73874e+00  9.99829e-01  9.99948e-01
 6.75550e+00  9.99330e-01  9.99949e-01
 6.77517e+00  9.99786e-01  9.99950e-01
 6.79568e+00  9.99373e-01  9.99951e-01
 6.81776e+00  9.98890e-01  9.99952e-01
 6.83598e+00  9.99383e-01  9.99953e-01
 6.85589e+00  1.00006e+00  9.99955e-01
 6.87469e+00  9.99299e-01  9.99956e-01
 6.89256e+00  9.99465e-01  9.99957e-01
 6.91000e+00  9.99469e-01  9.99958e-01
 6.92890e+00  9.99428e-01  9.99959e-01
 6.94862e+00  9.98945e-01  9.99960e-01
 6.96816e+00  9.99146e-01  9.99961e-01
 6.98729e+00  9.99631e-01  9.99962e-01
 7.00408e+00  9.99261e-01  9.99964e-01
 7.02347e+00  9.98986e-01  9.99965e-01
 7.04280e+00  9.98964e-01  9.99966e-01
 7.06070e+00  9.99280e-01  9.99967e-01
 7.07839e+00  9.99724e-01  9.99968e-01
 7.09795e+00  9.99379e-01  9.99969e-01
 7.11693e+00  9.99570e-01  9.99971e-01
 7.13724e+00  9.99443e-01  9.99972e-01
 7.15545e+00  9.99053e-01  9.99973e-01
 7.17391e+00  9.99541e-01  9.99974e-01
 7.19414e+00  9.99761e-01  9.99976e-01
 7.21093e+00  9.99595e-01  9.99977e-01
 7.22914e+00  1.00027e+00  9.99978e-01
 7.24736e+00  9.98562e-01  9.99979e-01
 7.26615e+00  9.99327e-01  9.99981e-01
 7.28500e+00  9.99642e-01  9.99982e-01
 7.30487e+00  9.98868e-01  9.99983e-01
 7.32352e+00  1.00002e+00  9.99985e-01
 7.34055e+00  9.99365e-01  9.99986e-01
 7.36222e+00  9.99361e-01  9.99987e-01
 7.37916e+00  9.99323e-01  9.99988e-01
 7.40017e+00  9.99236e-01  9.99990e-01
 7.41930e+00  9.99232e-01  9.99991e-01
 7.44043e+00  9.99712e-01  9.99993e-01
 7.46091e+00  9.99687e-01  9.99994e-01
 7.47914e+00  1.00001e+00  9.99996e-01
 7.49736e+00  9.99718e-01  9.99997e-01
 7.51610e+00  9.99443e-01  9.99999e-01
 7.53331e+00  9.99690e-01  1.00000e+00
 7.55154e+00  9.99772e-01  1.00000e+00
 7.57064e+00  1.00011e+00  1.00000e+00
 7.58923e+00  9.99874e-01  1.00000e+00
 7.61084e+00  1.00022e+00  1.00001e+00
 7.62763e+00  1.00016e+00  1.00001e+00
 7.64579e+00  1.00058e+00  1.00001e+00
 7.66402e+00  9.99935e-01  1.00001e+00
 7.68276e+00  1.00066e+00  1.00001e+00
 7.69997e+00  9.99901e-01  1.00001e+00
 7.71816e+00  1.00001e+00  1.00002e+00
 7.73879e+00  1.00016e+00  1.00002e+00
 7.75727e+00  1.00013e+00  1.00002e+00
 7.77886e+00  1.00041e+00  1.00002e+00
 7.79572e+00  1.00054e+00  1.00002e+00
 7.81423e+00  1.00041e+00  1.00002e+00
 7.83434e+00  9.99973e-01  1.00003e+00
 7.85414e+00  1.00023e+00  1.00003e+00
 7.87373e+00  1.00041e+00  1.00003e+00
 7.89444e+00  1.00006e+00  1.00003e+00
 7.91529e+00  1.00047e+00  1.00003e+00
 7.93426e+00  1.00099e+00  1.00003e+00
 7.95167e+00  1.00058e+00  1.00004e+00
 7.97054e+00  1.00092e+00  1.00004e+00
 7.98876e+00  1.00089e+00  1.00004e+00
 8.00552e+00  1.00077e+00  1.00004e+00
 8.02515e+00  1.00062e+00  1.00004e+00
 8.04536e+00  1.00056e+00  1.00005e+00
