204
 4.66390e-02  9.79921e-01  9.99065e-01
 1.57049e-01  8.81707e-01  9.99785e-01
 2.56885e-01  7.90714e-01  1.00006e+00
 3.29754e-01  7.94062e-01  1.00018e+00
 4.00471e-01  8.57238e-01  1.00026e+00
 4.69262e-01  9.31809e-01  1.00032e+00
 5.38094e-01  9.85073e-01  1.00036e+00
 6.08801e-01  9.96927e-01  1.00040e+00
 6.69385e-01  9.76862e-01  1.00043e+00
 7.29641e-01  9.70823e-01  1.00045e+00
 7.81844e-01  9.85368e-01  1.00046e+00
 8.33934e-01  9.86170e-01  1.00047e+00
 8.86004e-01  9.92938e-01  1.00048e+00
 9.38104e-01  9.95081e-01  1.00049e+00
 9.90184e-01  9.98525e-01  1.00049e+00
 1.04226e+00  9.99535e-01  1.00050e+00
 1.09438e+00  1.00174e+00  1.00050e+00
 1.15068e+00  1.00257e+00  1.00050e+00
 1.20468e+00  1.00377e+00  1.00050e+00
 1.25485e+00  1.00476e+00  1.00050e+00
 1.30886e+00  1.00539e+00  1.00049e+00
 1.35903e+00  1.00551e+00  1.00048e+00
 1.41303e+00  1.00374e+00  1.00047e+00
 1.46320e+00  1.00341e+00  1.00046e+00
 1.51720e+00  1.00303e+00  1.00045e+00
 1.56736e+00  1.00236e+00  1.00043e+00
 1.62137e+00  1.00153e+00  1.00040e+00
 1.67153e+00  1.00156e+00  1.00037e+00
 1.72553e+00  1.00099e+00  1.00034e+00
 1.77570e+00  1.00088e+00  1.00029e+00
 1.82970e+00  9.99372e-01  1.00023e+00
 1.87986e+00  9.99565e-01  1.00015e+00
 1.93387e+00  9.89991e-01  1.00004e+00
 1.98403e+00  9.48183e-01  9.99881e-01
 2.03803e+00  8.85983e-01  9.99621e-01
 2.08820e+00  8.21265e-01  9.99296e-01
 2.14220e+00  7.77274e-01  7.78923e-01
 2.19236e+00  7.88676e-01  9.99050e-01
 2.24637e+00  8.45074e-01  9.99486e-01
 2.29653e+00  9.10823e-01  9.99752e-01
 2.35053e+00  9.67506e-01  9.99936e-01
 2.40070e+00  9.97597e-01  1.00005e+00
 2.45470e+00  9.99558e-01  1.00015e+00
 2.50486e+00  9.99998e-01  1.00021e+00
 2.55887e+00  1.00008e+00  1.00027e+00
 2.60903e+00  9.99390e-01  1.00031e+00
 2.66303e+00  9.99529e-01  1.00035e+00
 2.71320e+00  9.99978e-01  1.00038e+00
 2.76720e+00  1.00035e+00  1.00041e+00
 2.81736e+00  1.00032e+00  1.00043e+00
 2.87137e+00  1.00017e+00  1.00044e+00
 2.92349e+00  1.00019e+00  1.00046e+00
 2.97979e+00  1.00069e+00  1.00047e+00
 3.03187e+00  1.00037e+00  1.00048e+00
 3.08396e+00  1.00039e+00  1.00049e+00
 3.13825e+00  1.00010e+00  1.00049e+00
 3.20684e+00  1.00026e+00  1.00050e+00
 3.26104e+00  9.99836e-01  1.00050e+00
 3.31313e+00  9.99989e-01  1.00050e+00
 3.36524e+00  1.00074e+00  1.00050e+00
 3.42363e+00  9.89859e-01  1.00049e+00
 3.47979e+00  1.00038e+00  1.00049e+00
 3.53188e+00  1.00049e+00  1.00048e+00
 3.58397e+00  1.00066e+00  1.00047e+00
 3.64013e+00  1.00073e+00  1.00045e+00
 3.69238e+00  1.00078e+00  1.00044e+00
 3.75052e+00  1.00056e+00  1.00041e+00
 3.81305e+00  9.99813e-01  1.00038e+00
 3.87563e+00  1.00034e+00  1.00033e+00
 3.93388e+00  1.00044e+00  1.00028e+00
 3.98809e+00  1.00022e+00  1.00021e+00
 4.04450e+00  1.00002e+00  1.00012e+00
 4.10468e+00  1.00086e+00  9.99972e-01
 4.16097e+00  9.99789e-01  9.99755e-01
 4.21726e+00  9.99986e-01  9.99408e-01
 4.27147e+00  9.99626e-01  9.99981e-01
 4.32576e+00  9.99753e-01  9.98980e-01
 4.38605e+00  9.99749e-01  9.99432e-01
 4.44231e+00  1.00025e+00  9.99744e-01
 4.50469e+00  1.00029e+00  9.99954e-01
 4.56314e+00  1.00010e+00  1.00008e+00
 4.61524e+00  1.00108e+00  1.00017e+00
 4.67771e+00  1.00060e+00  1.00024e+00
 4.74022e+00  1.00072e+00  1.00030e+00
 4.79654e+00  1.00095e+00  1.00034e+00
 4.85056e+00  1.00057e+00  1.00037e+00
 4.90071e+00  1.00040e+00  1.00040e+00
 4.95677e+00  1.00003e+00  1.00042e+00
 5.01719e+00  1.00029e+00  1.00044e+00
 5.07555e+00  1.00015e+00  1.00046e+00
 5.13396e+00  9.99682e-01  1.00047e+00
 5.21946e+00  1.00065e+00  1.00049e+00
 5.30268e+00  1.00020e+00  1.00050e+00
 5.38196e+00  9.99604e-01  1.00050e+00
 5.45908e+00  1.00026e+00  1.00050e+00
 5.53820e+00  1.00025e+00  1.00050e+00
 5.61530e+00  9.99764e-01  1.00049e+00
 5.69226e+00  9.99987e-01  1.00048e+00
 5.77768e+00  1.00041e+00  1.00046e+00
 5.87546e+00  1.00046e+00  1.00042e+00
 5.97963e+00  9.99883e-01  1.00037e+00
 6.08379e+00  1.00036e+00  1.00028e+00
 9.32780e-02  9.79921e-01  9.99449e-01
 3.14098e-01  8.81707e-01  1.00016e+00
 5.13770e-01  7.90714e-01  1.00035e+00
 6.59509e-01  7.94062e-01  1.00042e+00
 8.00943e-01  8.57238e-01  1.00046e+00
 9.38525e-01  9.31809e-01  1.00049e+00
 1.07619e+00  9.85073e-01  1.00050e+00
 1.21760e+00  9.96927e-01  1.00050e+00
 1.33877e+00  9.76862e-01  1.00049e+00
 1.45928e+00  9.70823e-01  1.00046e+00
 1.56369e+00  9.85368e-01  1.00043e+00
 1.66787e+00  9.86170e-01  1.00038e+00
 1.77201e+00  9.92938e-01  1.00030e+00
 1.87621e+00  9.95081e-01  1.00016e+00
 1.98037e+00  9.98525e-01  9.99895e-01
 2.08453e+00  9.99535e-01  9.99312e-01
 2.18877e+00  1.00174e+00  9.99023e-01
 2.30135e+00  1.00257e+00  9.99771e-01
 2.40937e+00  1.00377e+00  1.00007e+00
 2.50969e+00  1.00476e+00  1.00022e+00
 2.61773e+00  1.00539e+00  1.00032e+00
 2.71805e+00  1.00551e+00  1.00038e+00
 2.82606e+00  1.00374e+00  1.00043e+00
 2.92639e+00  1.00341e+00  1.00046e+00
 3.03441e+00  1.00303e+00  1.00048e+00
 3.13471e+00  1.00236e+00  1.00049e+00
 3.24275e+00  1.00153e+00  1.00050e+00
 3.34305e+00  1.00156e+00  1.00050e+00
 3.45106e+00  1.00099e+00  1.00049e+00
 3.55139e+00  1.00088e+00  1.00048e+00
 3.65941e+00  9.99372e-01  1.00045e+00
 3.75971e+00  9.99565e-01  1.00041e+00
 3.86775e+00  9.89991e-01  1.00034e+00
 3.96805e+00  9.48183e-01  1.00024e+00
 4.07606e+00  8.85983e-01  1.00005e+00
 4.17639e+00  8.21265e-01  9.99675e-01
 4.28440e+00  7.77274e-01  7.77211e-01
 4.38471e+00  7.88676e-01  9.99422e-01
 4.49275e+00  8.45074e-01  9.99921e-01
 4.59305e+00  9.10823e-01  1.00013e+00
 4.70106e+00  9.67506e-01  1.00027e+00
 4.80139e+00  9.97597e-01  1.00035e+00
 4.90940e+00  9.99558e-01  1.00040e+00
 5.00971e+00  9.99998e-01  1.00044e+00
 5.11775e+00  1.00008e+00  1.00047e+00
 5.21805e+00  9.99390e-01  1.00049e+00
 5.32606e+00  9.99529e-01  1.00050e+00
 5.42639e+00  9.99978e-01  1.00050e+00
 5.53440e+00  1.00035e+00  1.00050e+00
 5.63471e+00  1.00032e+00  1.00049e+00
 5.74275e+00  1.00017e+00  1.00047e+00
 5.84699e+00  1.00019e+00  1.00043e+00
 5.95959e+00  1.00069e+00  1.00038e+00
 6.06375e+00  1.00037e+00  1.00030e+00
 6.16793e+00  1.00039e+00  1.00016e+00
 6.27649e+00  1.00010e+00  9.99892e-01
 6.41369e+00  1.00026e+00  9.99847e-01
 6.52209e+00  9.99836e-01  9.99344e-01
 6.62627e+00  9.99989e-01  9.99878e-01
 6.73049e+00  1.00074e+00  1.00012e+00
 6.84725e+00  9.89859e-01  1.00026e+00
 6.95959e+00  1.00038e+00  1.00035e+00
 7.06377e+00  1.00049e+00  1.00041e+00
 7.16795e+00  1.00066e+00  1.00044e+00
 7.28026e+00  1.00073e+00  1.00047e+00
 7.38475e+00  1.00078e+00  1.00049e+00
 7.50104e+00  1.00056e+00  1.00050e+00
 7.62610e+00  9.99813e-01  1.00050e+00
 7.75127e+00  1.00034e+00  1.00049e+00
 7.86777e+00  1.00044e+00  1.00047e+00
 7.97619e+00  1.00022e+00  1.00044e+00
 8.08899e+00  1.00002e+00  1.00039e+00
 8.20936e+00  1.00086e+00  1.00030e+00
 8.32194e+00  9.99789e-01  1.00015e+00
 8.43453e+00  9.99986e-01  9.99852e-01
 8.54295e+00  9.99626e-01  9.99298e-01
 8.65151e+00  9.99753e-01  9.99190e-01
 8.77211e+00  9.99749e-01  9.99872e-01
 8.88463e+00  1.00025e+00  1.00013e+00
 9.00938e+00  1.00029e+00  1.00028e+00
 9.12629e+00  1.00010e+00  1.00036e+00
 9.23049e+00  1.00108e+00  1.00041e+00
 9.35543e+00  1.00060e+00  1.00046e+00
 9.48045e+00  1.00072e+00  1.00048e+00
 9.59307e+00  1.00095e+00  1.00050e+00
 9.70112e+00  1.00057e+00  1.00050e+00
 9.80141e+00  1.00040e+00  1.00050e+00
 9.91354e+00  1.00003e+00  1.00049e+00
 1.00344e+01  1.00029e+00  1.00047e+00
 1.01511e+01  1.00015e+00  1.00043e+00
 1.02679e+01  9.99682e-01  1.00037e+00
 1.04389e+01  1.00065e+00  1.00020e+00
 1.06054e+01  1.00020e+00  9.99748e-01
 1.07639e+01  9.99604e-01  9.98994e-01
 1.09182e+01  1.00026e+00  9.99867e-01
 1.10764e+01  1.00025e+00  1.00019e+00
 1.12306e+01  9.99764e-01  1.00034e+00
 1.13845e+01  9.99987e-01  1.00042e+00
 1.15554e+01  1.00041e+00  1.00047e+00
 1.17509e+01  1.00046e+00  1.00050e+00
 1.19593e+01  9.99883e-01  1.00050e+00
 1.21676e+01  1.00036e+00  1.00047e+00
