862
 5.91300e-03  1.00330e+00  9.99832e-01
 1.97130e-02  9.99198e-01  9.99833e-01
 3.41200e-02  1.00300e+00  9.99834e-01
 4.87790e-02  9.99736e-01  9.99836e-01
 6.44360e-02  1.00008e+00  9.99837e-01
 7.71700e-02  1.00689e+00  9.99838e-01
 9.18390e-02  9.99676e-01  9.99840e-01
 1.06086e-01  1.00033e+00  9.99841e-01
 1.20567e-01  9.99676e-01  9.99842e-01
 1.35073e-01  9.99753e-01  9.99843e-01
 1.49052e-01  9.99704e-01  9.99845e-01
 1.61900e-01  1.00549e+00  9.99846e-01
 1.75442e-01  9.99837e-01  9.99847e-01
 1.89426e-01  1.00002e+00  9.99848e-01
 2.03118e-01  9.98995e-01  9.99849e-01
 2.17375e-01  1.00012e+00  9.99850e-01
 2.32982e-01  9.99485e-01  9.99852e-01
 2.46610e-01  1.00222e+00  9.99853e-01
 2.59722e-01  9.99737e-01  9.99854e-01
 2.71994e-01  9.99266e-01  9.99855e-01
 2.84110e-01  1.00134e+00  9.99856e-01
 2.96343e-01  9.99920e-01  9.99857e-01
 3.09969e-01  9.99997e-01  9.99858e-01
 3.22573e-01  1.00004e+00  9.99859e-01
 3.35773e-01  9.99900e-01  9.99860e-01
 3.47918e-01  9.99915e-01  9.99861e-01
 3.60063e-01  1.00011e+00  9.99862e-01
 3.72469e-01  1.00057e+00  9.99863e-01
 3.84722e-01  1.00005e+00  9.99863e-01
 3.96994e-01  9.99655e-01  9.99864e-01
 4.09110e-01  9.99798e-01  9.99865e-01
 4.21343e-01  9.99781e-01  9.99866e-01
 4.33839e-01  9.99692e-01  9.99867e-01
 4.46014e-01  9.99783e-01  9.99868e-01
 4.58179e-01  9.99842e-01  9.99869e-01
 4.70314e-01  1.00048e+00  9.99870e-01
 4.82801e-01  9.99838e-01  9.99871e-01
 4.96079e-01  9.99639e-01  9.99871e-01
 5.08752e-01  9.99748e-01  9.99872e-01
 5.21994e-01  9.99764e-01  9.99873e-01
 5.34110e-01  9.99840e-01  9.99874e-01
 5.46343e-01  9.99766e-01  9.99875e-01
 5.58839e-01  9.99629e-01  9.99876e-01
 5.71004e-01  9.99254e-01  9.99877e-01
 5.83179e-01  9.99405e-01  9.99877e-01
 5.95835e-01  9.99441e-01  9.99878e-01
 6.08843e-01  9.99413e-01  9.99879e-01
 6.21339e-01  9.99867e-01  9.99880e-01
 6.33504e-01  9.99932e-01  9.99881e-01
 6.46383e-01  9.99357e-01  9.99882e-01
 6.59100e-01  9.99768e-01  9.99883e-01
 6.70822e-01  1.00130e+00  9.99883e-01
 6.81350e-01  1.00152e+00  9.99884e-01
 6.91662e-01  1.00077e+00  9.99885e-01
 7.02261e-01  1.00029e+00  9.99885e-01
 7.13453e-01  9.99849e-01  9.99886e-01
 7.25080e-01  1.00020e+00  9.99887e-01
 7.35341e-01  1.00034e+00  9.99888e-01
 7.45991e-01  1.00012e+00  9.99888e-01
 7.56181e-01  9.99974e-01  9.99889e-01
 7.67427e-01  1.00059e+00  9.99890e-01
 7.78133e-01  1.00038e+00  9.99890e-01
 7.88619e-01  1.00004e+00  9.99891e-01
 7.98973e-01  1.00025e+00  9.99892e-01
 8.09449e-01  1.00080e+00  9.99893e-01
 8.19813e-01  1.00032e+00  9.99893e-01
 8.30279e-01  1.00042e+00  9.99894e-01
 8.40633e-01  1.00017e+00  9.99895e-01
 8.51119e-01  1.00019e+00  9.99895e-01
 8.61473e-01  9.99956e-01  9.99896e-01
 8.71949e-01  9.99880e-01  9.99897e-01
 8.82313e-01  9.99694e-01  9.99897e-01
 8.93651e-01  1.00082e+00  9.99898e-01
 9.04182e-01  1.00059e+00  9.99899e-01
 9.14650e-01  1.00036e+00  9.99900e-01
 9.25022e-01  1.00006e+00  9.99900e-01
 9.35490e-01  1.00017e+00  9.99901e-01
 9.45852e-01  1.00002e+00  9.99902e-01
 9.56320e-01  1.00006e+00  9.99902e-01
 9.66682e-01  9.99782e-01  9.99903e-01
 9.77150e-01  1.00037e+00  9.99904e-01
 9.87522e-01  9.99856e-01  9.99904e-01
 9.97990e-01  1.00004e+00  9.99905e-01
 1.00834e+00  9.99781e-01  9.99906e-01
 1.01881e+00  1.00059e+00  9.99907e-01
 1.02918e+00  9.99512e-01  9.99907e-01
 1.03965e+00  1.00002e+00  9.99908e-01
 1.05002e+00  1.00005e+00  9.99909e-01
 1.06049e+00  9.99611e-01  9.99910e-01
 1.07084e+00  9.99924e-01  9.99910e-01
 1.08131e+00  1.00012e+00  9.99911e-01
 1.09168e+00  9.99586e-01  9.99912e-01
 1.10215e+00  9.99610e-01  9.99912e-01
 1.11252e+00  9.99632e-01  9.99913e-01
 1.12299e+00  9.99643e-01  9.99914e-01
 1.13419e+00  9.99696e-01  9.99915e-01
 1.14479e+00  1.00049e+00  9.99916e-01
 1.15528e+00  9.99782e-01  9.99916e-01
 1.16571e+00  9.99599e-01  9.99917e-01
 1.17804e+00  9.99013e-01  9.99918e-01
 1.18862e+00  9.99971e-01  9.99919e-01
 1.19990e+00  1.00019e+00  9.99920e-01
 1.21060e+00  9.99552e-01  9.99920e-01
 1.22134e+00  9.99610e-01  9.99921e-01
 1.23245e+00  9.99475e-01  9.99922e-01
 1.24263e+00  9.99995e-01  9.99923e-01
 1.25328e+00  9.99585e-01  9.99924e-01
 1.26423e+00  1.00019e+00  9.99925e-01
 1.27524e+00  9.99726e-01  9.99925e-01
 1.28758e+00  9.99272e-01  9.99926e-01
 1.29836e+00  9.99925e-01  9.99927e-01
 1.30945e+00  9.99076e-01  9.99928e-01
 1.32039e+00  9.99422e-01  9.99929e-01
 1.33131e+00  9.99492e-01  9.99930e-01
 1.34244e+00  9.99259e-01  9.99931e-01
 1.35313e+00  9.99750e-01  9.99932e-01
 1.36441e+00  9.99289e-01  9.99933e-01
 1.37499e+00  9.99566e-01  9.99934e-01
 1.38636e+00  9.99293e-01  9.99935e-01
 1.39696e+00  9.99041e-01  9.99936e-01
 1.40823e+00  9.99267e-01  9.99936e-01
 1.41900e+00  9.99147e-01  9.99937e-01
 1.43013e+00  9.99979e-01  9.99938e-01
 1.44086e+00  9.99583e-01  9.99939e-01
 1.45217e+00  9.99226e-01  9.99940e-01
 1.46274e+00  9.99621e-01  9.99941e-01
 1.47414e+00  9.99126e-01  9.99942e-01
 1.48472e+00  9.99630e-01  9.99943e-01
 1.49599e+00  9.99003e-01  9.99944e-01
 1.50668e+00  1.00010e+00  9.99945e-01
 1.51777e+00  9.99593e-01  9.99946e-01
 1.52874e+00  9.98902e-01  9.99947e-01
 1.53965e+00  1.00008e+00  9.99948e-01
 1.55079e+00  9.99842e-01  9.99949e-01
 1.56163e+00  9.99434e-01  9.99951e-01
 1.57473e+00  9.99421e-01  9.99952e-01
 1.58740e+00  9.99913e-01  9.99953e-01
 1.59914e+00  9.99468e-01  9.99954e-01
 1.61056e+00  9.99667e-01  9.99955e-01
 1.62194e+00  9.99844e-01  9.99957e-01
 1.63289e+00  1.00001e+00  9.99958e-01
 1.64381e+00  1.00036e+00  9.99959e-01
 1.65520e+00  1.00045e+00  9.99960e-01
 1.66667e+00  9.99598e-01  9.99961e-01
 1.67801e+00  1.00032e+00  9.99962e-01
 1.68861e+00  1.00040e+00  9.99964e-01
 1.69989e+00  9.99984e-01  9.99965e-01
 1.71067e+00  1.00006e+00  9.99966e-01
 1.72179e+00  1.00012e+00  9.99967e-01
 1.73254e+00  1.00059e+00  9.99968e-01
 1.74381e+00  9.99538e-01  9.99970e-01
 1.75439e+00  1.00002e+00  9.99971e-01
 1.76580e+00  9.99641e-01  9.99972e-01
 1.77637e+00  1.00013e+00  9.99973e-01
 1.78767e+00  1.00038e+00  9.99975e-01
 1.79834e+00  1.00004e+00  9.99976e-01
 1.80943e+00  9.99696e-01  9.99977e-01
 1.82039e+00  9.99832e-01  9.99978e-01
 1.83131e+00  9.99509e-01  9.99980e-01
 1.84244e+00  1.00006e+00  9.99981e-01
 1.85313e+00  9.99882e-01  9.99982e-01
 1.86438e+00  9.99808e-01  9.99984e-01
 1.87498e+00  1.00025e+00  9.99985e-01
 1.88636e+00  1.00031e+00  9.99987e-01
 1.89696e+00  1.00010e+00  9.99988e-01
 1.90823e+00  1.00002e+00  9.99989e-01
 1.91900e+00  1.00015e+00  9.99991e-01
 1.93010e+00  1.00046e+00  9.99992e-01
 1.94085e+00  9.99986e-01  9.99994e-01
 1.95217e+00  9.99582e-01  9.99995e-01
 1.96274e+00  1.00014e+00  9.99996e-01
 1.97414e+00  9.99971e-01  9.99998e-01
 1.98469e+00  1.00041e+00  9.99999e-01
 1.99597e+00  9.99890e-01  1.00000e+00
 2.00668e+00  1.00040e+00  1.00000e+00
 2.01777e+00  9.99834e-01  1.00000e+00
 2.02874e+00  1.00010e+00  1.00001e+00
 2.03963e+00  1.00032e+00  1.00001e+00
 2.05076e+00  1.00045e+00  1.00001e+00
 2.06144e+00  1.00012e+00  1.00001e+00
 2.07272e+00  1.00001e+00  1.00001e+00
 2.08334e+00  1.00000e+00  1.00001e+00
 2.09469e+00  1.00085e+00  1.00002e+00
 2.10528e+00  1.00060e+00  1.00002e+00
 2.11654e+00  1.00067e+00  1.00002e+00
 2.12731e+00  1.00018e+00  1.00002e+00
 2.13845e+00  9.99958e-01  1.00002e+00
 2.14921e+00  1.00059e+00  1.00002e+00
 2.16050e+00  1.00063e+00  1.00003e+00
 2.17106e+00  1.00066e+00  1.00003e+00
 2.18244e+00  1.00018e+00  1.00003e+00
 2.19303e+00  9.99978e-01  1.00003e+00
 2.20432e+00  1.00039e+00  1.00003e+00
 2.21501e+00  1.00009e+00  1.00003e+00
 2.22609e+00  1.00006e+00  1.00004e+00
 2.23706e+00  9.99921e-01  1.00004e+00
 2.24796e+00  1.00022e+00  1.00004e+00
 2.25910e+00  9.99596e-01  1.00004e+00
 2.26978e+00  9.99926e-01  1.00004e+00
 2.28105e+00  9.99720e-01  1.00004e+00
 2.29164e+00  9.99919e-01  1.00005e+00
 2.30301e+00  1.00026e+00  1.00005e+00
 2.31361e+00  9.99666e-01  1.00005e+00
 2.32488e+00  9.99858e-01  1.00005e+00
 2.33565e+00  9.99894e-01  1.00005e+00
 2.34590e+00  1.00839e+00  1.00006e+00
 2.35517e+00  1.00301e+00  1.00006e+00
 2.36584e+00  9.98535e-01  1.00006e+00
 2.37487e+00  9.97302e-01  1.00006e+00
 2.38522e+00  1.00003e+00  1.00006e+00
 2.39494e+00  9.99483e-01  1.00007e+00
 2.40604e+00  1.00057e+00  1.00007e+00
 2.41567e+00  1.00081e+00  1.00007e+00
 2.42576e+00  9.99785e-01  1.00007e+00
 2.43564e+00  1.00003e+00  1.00007e+00
 2.44504e+00  9.98669e-01  1.00007e+00
 2.45473e+00  9.99530e-01  1.00008e+00
 2.46384e+00  9.99735e-01  1.00008e+00
 2.47369e+00  9.99305e-01  1.00008e+00
 2.48287e+00  9.99718e-01  1.00008e+00
 2.49258e+00  1.00007e+00  1.00008e+00
 2.50179e+00  9.99447e-01  1.00009e+00
 2.51169e+00  1.00013e+00  1.00009e+00
 2.52070e+00  9.99721e-01  1.00009e+00
 2.53052e+00  9.99091e-01  1.00009e+00
 2.53980e+00  9.98808e-01  1.00009e+00
 2.54920e+00  9.98917e-01  1.00010e+00
 2.55890e+00  1.00026e+00  1.00010e+00
 2.56890e+00  1.00027e+00  1.00010e+00
 2.57950e+00  9.98641e-01  1.00010e+00
 2.59034e+00  9.98186e-01  1.00010e+00
 2.60146e+00  9.98609e-01  1.00011e+00
 2.61345e+00  9.98226e-01  1.00011e+00
 2.62428e+00  9.98453e-01  1.00011e+00
 2.63550e+00  9.98407e-01  1.00011e+00
 2.64607e+00  9.98169e-01  1.00012e+00
 2.65788e+00  9.97864e-01  1.00012e+00
 2.66918e+00  9.97904e-01  1.00012e+00
 2.68044e+00  9.97355e-01  1.00012e+00
 2.69121e+00  9.98165e-01  1.00013e+00
 2.70234e+00  9.98050e-01  1.00013e+00
 2.71308e+00  9.98097e-01  1.00013e+00
 2.72430e+00  9.97771e-01  1.00013e+00
 2.73505e+00  9.97984e-01  1.00014e+00
 2.74617e+00  9.98483e-01  1.00014e+00
 2.75797e+00  9.98119e-01  1.00014e+00
 2.76915e+00  9.98914e-01  1.00014e+00
 2.78012e+00  9.99291e-01  1.00015e+00
 2.79095e+00  9.98869e-01  1.00015e+00
 2.80215e+00  9.99921e-01  1.00015e+00
 2.81273e+00  9.99588e-01  1.00015e+00
 2.82421e+00  9.99434e-01  1.00016e+00
 2.83583e+00  1.00075e+00  1.00016e+00
 2.84712e+00  1.00035e+00  1.00016e+00
 2.85857e+00  1.00125e+00  1.00017e+00
 2.87012e+00  1.00120e+00  1.00017e+00
 2.88088e+00  1.00209e+00  1.00017e+00
 2.89200e+00  1.00280e+00  1.00017e+00
 2.90283e+00  1.00301e+00  1.00018e+00
 2.91430e+00  1.00349e+00  1.00018e+00
 2.92594e+00  1.00377e+00  1.00018e+00
 2.93679e+00  1.00408e+00  1.00019e+00
 2.94799e+00  1.00487e+00  1.00019e+00
 2.95856e+00  1.00522e+00  1.00019e+00
 2.97004e+00  1.00560e+00  1.00019e+00
 2.98045e+00  1.00648e+00  1.00020e+00
 2.99190e+00  1.00618e+00  1.00020e+00
 3.00354e+00  1.00718e+00  1.00020e+00
 3.01483e+00  1.00674e+00  1.00021e+00
 3.02557e+00  1.00709e+00  1.00021e+00
 3.03680e+00  1.00717e+00  1.00021e+00
 3.04754e+00  1.00750e+00  1.00021e+00
 3.05971e+00  1.00773e+00  1.00022e+00
 3.07073e+00  1.00799e+00  1.00022e+00
 3.08261e+00  1.00751e+00  1.00022e+00
 3.09383e+00  1.00718e+00  1.00023e+00
 3.10440e+00  1.00707e+00  1.00023e+00
 3.11620e+00  1.00691e+00  1.00023e+00
 3.12751e+00  1.00712e+00  1.00024e+00
 3.13877e+00  1.00661e+00  1.00024e+00
 3.14954e+00  1.00716e+00  1.00024e+00
 3.16068e+00  1.00659e+00  1.00024e+00
 3.17159e+00  1.00652e+00  1.00025e+00
 3.18368e+00  1.00609e+00  1.00025e+00
 3.19520e+00  1.00526e+00  1.00025e+00
 3.20700e+00  1.00521e+00  1.00026e+00
 3.21986e+00  1.00437e+00  1.00026e+00
 3.23382e+00  1.00446e+00  1.00027e+00
 3.24617e+00  1.00450e+00  1.00027e+00
 3.25701e+00  1.00389e+00  1.00027e+00
 3.26811e+00  1.00494e+00  1.00027e+00
 3.27976e+00  1.00412e+00  1.00028e+00
 3.29140e+00  1.00349e+00  1.00028e+00
 3.30335e+00  1.00353e+00  1.00028e+00
 3.31379e+00  1.00275e+00  1.00029e+00
 3.32523e+00  1.00304e+00  1.00029e+00
 3.33678e+00  1.00270e+00  1.00029e+00
 3.34818e+00  1.00321e+00  1.00030e+00
 3.36004e+00  1.00259e+00  1.00030e+00
 3.37142e+00  1.00238e+00  1.00030e+00
 3.38306e+00  1.00186e+00  1.00031e+00
 3.39502e+00  1.00257e+00  1.00031e+00
 3.40633e+00  1.00195e+00  1.00031e+00
 3.41690e+00  1.00174e+00  1.00032e+00
 3.42835e+00  1.00145e+00  1.00032e+00
 3.43879e+00  1.00119e+00  1.00032e+00
 3.45022e+00  1.00123e+00  1.00033e+00
 3.46083e+00  1.00127e+00  1.00033e+00
 3.47212e+00  1.00138e+00  1.00033e+00
 3.48323e+00  1.00131e+00  1.00033e+00
 3.49521e+00  1.00078e+00  1.00034e+00
 3.50700e+00  1.00078e+00  1.00034e+00
 3.51811e+00  1.00074e+00  1.00034e+00
 3.52889e+00  1.00032e+00  1.00035e+00
 3.53999e+00  1.00123e+00  1.00035e+00
 3.55095e+00  1.00023e+00  1.00035e+00
 3.56178e+00  1.00051e+00  1.00035e+00
 3.57401e+00  1.00045e+00  1.00036e+00
 3.58583e+00  1.00021e+00  1.00036e+00
 3.59790e+00  1.00048e+00  1.00036e+00
 3.60979e+00  1.00024e+00  1.00037e+00
 3.62229e+00  9.99751e-01  1.00037e+00
 3.63330e+00  1.00019e+00  1.00037e+00
 3.64511e+00  1.00004e+00  1.00037e+00
 3.65675e+00  1.00031e+00  1.00038e+00
 3.66794e+00  1.00029e+00  1.00038e+00
 3.68001e+00  9.99855e-01  1.00038e+00
 3.69121e+00  9.99983e-01  1.00038e+00
 3.70327e+00  1.00012e+00  1.00039e+00
 3.71559e+00  1.00071e+00  1.00039e+00
 3.72863e+00  1.00019e+00  1.00039e+00
 3.74129e+00  9.99911e-01  1.00040e+00
 3.75284e+00  1.00083e+00  1.00040e+00
 3.76793e+00  1.00043e+00  1.00040e+00
 3.77914e+00  9.99924e-01  1.00040e+00
 3.79147e+00  1.00046e+00  1.00040e+00
 3.80570e+00  1.00066e+00  1.00041e+00
 3.81725e+00  1.00020e+00  1.00041e+00
 3.82999e+00  1.00022e+00  1.00041e+00
 3.84330e+00  1.00050e+00  1.00041e+00
 3.85701e+00  9.99815e-01  1.00041e+00
 3.87133e+00  9.99619e-01  1.00041e+00
 3.88467e+00  1.00066e+00  1.00042e+00
 3.89833e+00  1.00058e+00  1.00042e+00
 3.91205e+00  1.00032e+00  1.00042e+00
 3.92463e+00  9.99566e-01  1.00042e+00
 3.93730e+00  1.00066e+00  1.00042e+00
 3.95082e+00  1.00000e+00  1.00042e+00
 3.96204e+00  9.99890e-01  1.00042e+00
 3.97403e+00  1.00065e+00  1.00042e+00
 3.98504e+00  9.99621e-01  1.00042e+00
 3.99762e+00  9.99323e-01  1.00042e+00
 4.00995e+00  9.98819e-01  1.00042e+00
 4.02228e+00  9.98930e-01  1.00042e+00
 4.03668e+00  9.99356e-01  1.00042e+00
 4.04893e+00  1.00052e+00  1.00042e+00
 4.06229e+00  9.99953e-01  1.00042e+00
 4.07582e+00  1.00263e+00  1.00042e+00
 4.08858e+00  9.99538e-01  1.00041e+00
 4.10291e+00  9.99399e-01  1.00041e+00
 4.11612e+00  1.00484e+00  1.00041e+00
 4.12887e+00  1.00017e+00  1.00041e+00
 4.14223e+00  1.00507e+00  1.00040e+00
 4.15542e+00  9.99654e-01  1.00040e+00
 4.16915e+00  1.00032e+00  1.00040e+00
 4.18356e+00  9.99531e-01  1.00039e+00
 4.19709e+00  1.00011e+00  1.00039e+00
 4.21080e+00  1.00021e+00  1.00038e+00
 4.22521e+00  9.99956e-01  1.00038e+00
 4.23947e+00  9.99338e-01  1.00037e+00
 4.25387e+00  9.99586e-01  1.00037e+00
 4.26827e+00  1.00017e+00  1.00036e+00
 4.28181e+00  9.99591e-01  1.00035e+00
 4.29554e+00  9.99884e-01  1.00034e+00
 4.30994e+00  9.99595e-01  1.00034e+00
 4.32495e+00  1.00023e+00  1.00033e+00
 4.33971e+00  9.99554e-01  1.00032e+00
 4.35396e+00  9.99394e-01  1.00031e+00
 4.36828e+00  9.99417e-01  1.00030e+00
 4.38173e+00  9.99486e-01  1.00028e+00
 4.39562e+00  1.00002e+00  1.00027e+00
 4.40993e+00  9.99917e-01  1.00026e+00
 4.42340e+00  9.99345e-01  1.00025e+00
 4.43799e+00  9.99647e-01  1.00023e+00
 4.45298e+00  1.00005e+00  1.00022e+00
 4.46653e+00  9.99676e-01  1.00020e+00
 4.48084e+00  9.99317e-01  1.00019e+00
 4.49606e+00  9.99785e-01  1.00017e+00
 4.50959e+00  9.99401e-01  1.00015e+00
 4.52330e+00  9.99954e-01  1.00013e+00
 4.53797e+00  9.99010e-01  1.00011e+00
 4.55266e+00  9.99643e-01  1.00009e+00
 4.56637e+00  9.99532e-01  1.00007e+00
 4.58076e+00  9.99989e-01  1.00005e+00
 4.59431e+00  1.00011e+00  1.00002e+00
 4.60803e+00  9.99857e-01  1.00000e+00
 4.62279e+00  9.99616e-01  9.99974e-01
 4.63744e+00  9.99681e-01  9.99947e-01
 4.65108e+00  9.99710e-01  9.99920e-01
 4.66541e+00  9.99829e-01  9.99891e-01
 4.67912e+00  9.99772e-01  9.99863e-01
 4.69276e+00  9.99822e-01  9.99833e-01
 4.70707e+00  9.99949e-01  9.99802e-01
 4.72078e+00  9.99519e-01  9.99770e-01
 4.73442e+00  9.99137e-01  9.99738e-01
 4.74874e+00  9.99802e-01  9.99702e-01
 4.76244e+00  1.00023e+00  9.99668e-01
 4.77608e+00  9.99826e-01  9.99632e-01
 4.79084e+00  9.99606e-01  9.99592e-01
 4.80578e+00  9.99572e-01  9.99551e-01
 4.81922e+00  9.99473e-01  9.99513e-01
 4.83312e+00  1.00016e+00  9.99472e-01
 4.84657e+00  1.01844e+00  9.99432e-01
 4.86064e+00  1.01703e+00  9.99389e-01
 4.87374e+00  9.98750e-01  9.99348e-01
 4.88684e+00  1.01533e+00  9.99306e-01
 4.89969e+00  1.00328e+00  9.99264e-01
 4.91324e+00  1.01357e+00  9.99219e-01
 4.92724e+00  1.01223e+00  9.99172e-01
 4.93997e+00  1.00196e+00  9.99129e-01
 4.95351e+00  1.01073e+00  9.99081e-01
 4.96749e+00  1.00887e+00  9.99032e-01
 4.98025e+00  1.00036e+00  9.98987e-01
 4.99380e+00  1.00654e+00  9.98938e-01
 5.00785e+00  1.00458e+00  9.98887e-01
 5.02139e+00  9.99313e-01  9.98838e-01
 5.03656e+00  9.99487e-01  9.98783e-01
 5.05085e+00  1.00157e+00  9.98730e-01
 5.06452e+00  9.99375e-01  9.98681e-01
 5.07826e+00  1.00978e+00  9.98631e-01
 5.09265e+00  1.00005e+00  9.98579e-01
 1.18270e-02  1.00330e+00  9.99832e-01
 3.94270e-02  9.99198e-01  9.99835e-01
 6.82410e-02  1.00300e+00  9.99837e-01
 9.75590e-02  9.99736e-01  9.99840e-01
 1.28873e-01  1.00008e+00  9.99843e-01
 1.54341e-01  1.00689e+00  9.99845e-01
 1.83679e-01  9.99676e-01  9.99848e-01
 2.12173e-01  1.00033e+00  9.99850e-01
 2.41135e-01  9.99676e-01  9.99852e-01
 2.70147e-01  9.99753e-01  9.99855e-01
 2.98105e-01  9.99704e-01  9.99857e-01
 3.23801e-01  1.00549e+00  9.99859e-01
 3.50885e-01  9.99837e-01  9.99861e-01
 3.78853e-01  1.00002e+00  9.99863e-01
 4.06237e-01  9.98995e-01  9.99865e-01
 4.34751e-01  1.00012e+00  9.99867e-01
 4.65964e-01  9.99485e-01  9.99869e-01
 4.93221e-01  1.00222e+00  9.99871e-01
 5.19443e-01  9.99737e-01  9.99873e-01
 5.43987e-01  9.99266e-01  9.99875e-01
 5.68221e-01  1.00134e+00  9.99876e-01
 5.92685e-01  9.99920e-01  9.99878e-01
 6.19939e-01  9.99997e-01  9.99880e-01
 6.45147e-01  1.00004e+00  9.99882e-01
 6.71547e-01  9.99900e-01  9.99883e-01
 6.95835e-01  9.99915e-01  9.99885e-01
 7.20127e-01  1.00011e+00  9.99887e-01
 7.44939e-01  1.00057e+00  9.99888e-01
 7.69443e-01  1.00005e+00  9.99890e-01
 7.93987e-01  9.99655e-01  9.99892e-01
 8.18221e-01  9.99798e-01  9.99893e-01
 8.42685e-01  9.99781e-01  9.99895e-01
 8.67677e-01  9.99692e-01  9.99896e-01
 8.92029e-01  9.99783e-01  9.99898e-01
 9.16357e-01  9.99842e-01  9.99900e-01
 9.40629e-01  1.00048e+00  9.99901e-01
 9.65601e-01  9.99838e-01  9.99903e-01
 9.92159e-01  9.99639e-01  9.99905e-01
 1.01751e+00  9.99748e-01  9.99907e-01
 1.04399e+00  9.99764e-01  9.99908e-01
 1.06822e+00  9.99840e-01  9.99910e-01
 1.09268e+00  9.99766e-01  9.99912e-01
 1.11768e+00  9.99629e-01  9.99914e-01
 1.14201e+00  9.99254e-01  9.99915e-01
 1.16636e+00  9.99405e-01  9.99917e-01
 1.19167e+00  9.99441e-01  9.99919e-01
 1.21768e+00  9.99413e-01  9.99921e-01
 1.24268e+00  9.99867e-01  9.99923e-01
 1.26701e+00  9.99932e-01  9.99925e-01
 1.29276e+00  9.99357e-01  9.99927e-01
 1.31820e+00  9.99768e-01  9.99929e-01
 1.34164e+00  1.00130e+00  9.99931e-01
 1.36270e+00  1.00152e+00  9.99933e-01
 1.38332e+00  1.00077e+00  9.99934e-01
 1.40452e+00  1.00029e+00  9.99936e-01
 1.42691e+00  9.99849e-01  9.99938e-01
 1.45016e+00  1.00020e+00  9.99940e-01
 1.47068e+00  1.00034e+00  9.99942e-01
 1.49198e+00  1.00012e+00  9.99944e-01
 1.51236e+00  9.99974e-01  9.99946e-01
 1.53485e+00  1.00059e+00  9.99948e-01
 1.55627e+00  1.00038e+00  9.99950e-01
 1.57724e+00  1.00004e+00  9.99952e-01
 1.59795e+00  1.00025e+00  9.99954e-01
 1.61890e+00  1.00080e+00  9.99956e-01
 1.63963e+00  1.00032e+00  9.99958e-01
 1.66056e+00  1.00042e+00  9.99961e-01
 1.68127e+00  1.00017e+00  9.99963e-01
 1.70224e+00  1.00019e+00  9.99965e-01
 1.72295e+00  9.99956e-01  9.99967e-01
 1.74390e+00  9.99880e-01  9.99970e-01
 1.76463e+00  9.99694e-01  9.99972e-01
 1.78730e+00  1.00082e+00  9.99975e-01
 1.80836e+00  1.00059e+00  9.99977e-01
 1.82930e+00  1.00036e+00  9.99979e-01
 1.85004e+00  1.00006e+00  9.99982e-01
 1.87098e+00  1.00017e+00  9.99985e-01
 1.89170e+00  1.00002e+00  9.99987e-01
 1.91264e+00  1.00006e+00  9.99990e-01
 1.93336e+00  9.99782e-01  9.99993e-01
 1.95430e+00  1.00037e+00  9.99995e-01
 1.97504e+00  9.99856e-01  9.99998e-01
 1.99598e+00  1.00004e+00  1.00000e+00
 2.01668e+00  9.99781e-01  1.00000e+00
 2.03762e+00  1.00059e+00  1.00001e+00
 2.05836e+00  9.99512e-01  1.00001e+00
 2.07930e+00  1.00002e+00  1.00001e+00
 2.10004e+00  1.00005e+00  1.00002e+00
 2.12098e+00  9.99611e-01  1.00002e+00
 2.14168e+00  9.99924e-01  1.00002e+00
 2.16262e+00  1.00012e+00  1.00003e+00
 2.18336e+00  9.99586e-01  1.00003e+00
 2.20430e+00  9.99610e-01  1.00003e+00
 2.22504e+00  9.99632e-01  1.00004e+00
 2.24598e+00  9.99643e-01  1.00004e+00
 2.26839e+00  9.99696e-01  1.00004e+00
 2.28958e+00  1.00049e+00  1.00005e+00
 2.31056e+00  9.99782e-01  1.00005e+00
 2.33142e+00  9.99599e-01  1.00005e+00
 2.35608e+00  9.99013e-01  1.00006e+00
 2.37724e+00  9.99971e-01  1.00006e+00
 2.39980e+00  1.00019e+00  1.00007e+00
 2.42120e+00  9.99552e-01  1.00007e+00
 2.44268e+00  9.99610e-01  1.00007e+00
 2.46490e+00  9.99475e-01  1.00008e+00
 2.48526e+00  9.99995e-01  1.00008e+00
 2.50657e+00  9.99585e-01  1.00009e+00
 2.52846e+00  1.00019e+00  1.00009e+00
 2.55048e+00  9.99726e-01  1.00010e+00
 2.57516e+00  9.99272e-01  1.00010e+00
 2.59672e+00  9.99925e-01  1.00011e+00
 2.61890e+00  9.99076e-01  1.00011e+00
 2.64078e+00  9.99422e-01  1.00011e+00
 2.66262e+00  9.99492e-01  1.00012e+00
 2.68488e+00  9.99259e-01  1.00012e+00
 2.70626e+00  9.99750e-01  1.00013e+00
 2.72881e+00  9.99289e-01  1.00013e+00
 2.74998e+00  9.99566e-01  1.00014e+00
 2.77272e+00  9.99293e-01  1.00014e+00
 2.79392e+00  9.99041e-01  1.00015e+00
 2.81646e+00  9.99267e-01  1.00016e+00
 2.83800e+00  9.99147e-01  1.00016e+00
 2.86026e+00  9.99979e-01  1.00017e+00
 2.88171e+00  9.99583e-01  1.00017e+00
 2.90434e+00  9.99226e-01  1.00018e+00
 2.92548e+00  9.99621e-01  1.00018e+00
 2.94828e+00  9.99126e-01  1.00019e+00
 2.96944e+00  9.99630e-01  1.00019e+00
 2.99198e+00  9.99003e-01  1.00020e+00
 3.01336e+00  1.00010e+00  1.00021e+00
 3.03554e+00  9.99593e-01  1.00021e+00
 3.05748e+00  9.98902e-01  1.00022e+00
 3.07930e+00  1.00008e+00  1.00022e+00
 3.10158e+00  9.99842e-01  1.00023e+00
 3.12326e+00  9.99434e-01  1.00023e+00
 3.14946e+00  9.99421e-01  1.00024e+00
 3.17480e+00  9.99913e-01  1.00025e+00
 3.19828e+00  9.99468e-01  1.00026e+00
 3.22112e+00  9.99667e-01  1.00026e+00
 3.24388e+00  9.99844e-01  1.00027e+00
 3.26578e+00  1.00001e+00  1.00027e+00
 3.28762e+00  1.00036e+00  1.00028e+00
 3.31040e+00  1.00045e+00  1.00029e+00
 3.33334e+00  9.99598e-01  1.00029e+00
 3.35602e+00  1.00032e+00  1.00030e+00
 3.37722e+00  1.00040e+00  1.00031e+00
 3.39978e+00  9.99984e-01  1.00031e+00
 3.42134e+00  1.00006e+00  1.00032e+00
 3.44358e+00  1.00012e+00  1.00032e+00
 3.46508e+00  1.00059e+00  1.00033e+00
 3.48762e+00  9.99538e-01  1.00034e+00
 3.50878e+00  1.00002e+00  1.00034e+00
 3.53160e+00  9.99641e-01  1.00035e+00
 3.55274e+00  1.00013e+00  1.00035e+00
 3.57534e+00  1.00038e+00  1.00036e+00
 3.59668e+00  1.00004e+00  1.00036e+00
 3.61886e+00  9.99696e-01  1.00037e+00
 3.64078e+00  9.99832e-01  1.00037e+00
 3.66262e+00  9.99509e-01  1.00038e+00
 3.68488e+00  1.00006e+00  1.00038e+00
 3.70626e+00  9.99882e-01  1.00039e+00
 3.72876e+00  9.99808e-01  1.00039e+00
 3.74996e+00  1.00025e+00  1.00040e+00
 3.77272e+00  1.00031e+00  1.00040e+00
 3.79392e+00  1.00010e+00  1.00040e+00
 3.81646e+00  1.00002e+00  1.00041e+00
 3.83800e+00  1.00015e+00  1.00041e+00
 3.86020e+00  1.00046e+00  1.00041e+00
 3.88170e+00  9.99986e-01  1.00042e+00
 3.90434e+00  9.99582e-01  1.00042e+00
 3.92548e+00  1.00014e+00  1.00042e+00
 3.94828e+00  9.99971e-01  1.00042e+00
 3.96938e+00  1.00041e+00  1.00042e+00
 3.99194e+00  9.99890e-01  1.00042e+00
 4.01336e+00  1.00040e+00  1.00042e+00
 4.03554e+00  9.99834e-01  1.00042e+00
 4.05748e+00  1.00010e+00  1.00042e+00
 4.07926e+00  1.00032e+00  1.00042e+00
 4.10152e+00  1.00045e+00  1.00041e+00
 4.12288e+00  1.00012e+00  1.00041e+00
 4.14543e+00  1.00001e+00  1.00040e+00
 4.16668e+00  1.00000e+00  1.00040e+00
 4.18938e+00  1.00085e+00  1.00039e+00
 4.21056e+00  1.00060e+00  1.00038e+00
 4.23308e+00  1.00067e+00  1.00038e+00
 4.25462e+00  1.00018e+00  1.00037e+00
 4.27690e+00  9.99958e-01  1.00035e+00
 4.29842e+00  1.00059e+00  1.00034e+00
 4.32100e+00  1.00063e+00  1.00033e+00
 4.34212e+00  1.00066e+00  1.00031e+00
 4.36488e+00  1.00018e+00  1.00030e+00
 4.38606e+00  9.99978e-01  1.00028e+00
 4.40864e+00  1.00039e+00  1.00026e+00
 4.43002e+00  1.00009e+00  1.00024e+00
 4.45218e+00  1.00006e+00  1.00022e+00
 4.47412e+00  9.99921e-01  1.00019e+00
 4.49592e+00  1.00022e+00  1.00017e+00
 4.51820e+00  9.99596e-01  1.00014e+00
 4.53956e+00  9.99926e-01  1.00011e+00
 4.56210e+00  9.99720e-01  1.00008e+00
 4.58328e+00  9.99919e-01  1.00004e+00
 4.60602e+00  1.00026e+00  1.00000e+00
 4.62722e+00  9.99666e-01  9.99966e-01
 4.64976e+00  9.99858e-01  9.99923e-01
 4.67130e+00  9.99894e-01  9.99879e-01
 4.69179e+00  1.00839e+00  9.99836e-01
 4.71034e+00  1.00301e+00  9.99794e-01
 4.73168e+00  9.98535e-01  9.99744e-01
 4.74975e+00  9.97302e-01  9.99700e-01
 4.77043e+00  1.00003e+00  9.99647e-01
 4.78988e+00  9.99483e-01  9.99595e-01
 4.81209e+00  1.00057e+00  9.99533e-01
 4.83133e+00  1.00081e+00  9.99477e-01
 4.85152e+00  9.99785e-01  9.99417e-01
 4.87128e+00  1.00003e+00  9.99356e-01
 4.89008e+00  9.98669e-01  9.99296e-01
 4.90946e+00  9.99530e-01  9.99232e-01
 4.92769e+00  9.99735e-01  9.99171e-01
 4.94737e+00  9.99305e-01  9.99103e-01
 4.96573e+00  9.99718e-01  9.99039e-01
 4.98515e+00  1.00007e+00  9.98969e-01
 5.00359e+00  9.99447e-01  9.98903e-01
 5.02337e+00  1.00013e+00  9.98831e-01
 5.04141e+00  9.99721e-01  9.98765e-01
 5.06103e+00  9.99091e-01  9.98693e-01
 5.07960e+00  9.98808e-01  9.98626e-01
 5.09840e+00  9.98917e-01  9.98558e-01
 5.11780e+00  1.00026e+00  9.98490e-01
 5.13781e+00  1.00027e+00  9.98421e-01
 5.15900e+00  9.98641e-01  9.98351e-01
 5.18069e+00  9.98186e-01  9.98283e-01
 5.20292e+00  9.98609e-01  9.98219e-01
 5.22690e+00  9.98226e-01  9.98156e-01
 5.24857e+00  9.98453e-01  9.98107e-01
 5.27100e+00  9.98407e-01  9.98065e-01
 5.29214e+00  9.98169e-01  9.98035e-01
 5.31576e+00  9.97864e-01  9.98015e-01
 5.33836e+00  9.97904e-01  9.98009e-01
 5.36089e+00  9.97355e-01  9.98018e-01
 5.38242e+00  9.98165e-01  9.98043e-01
 5.40467e+00  9.98050e-01  9.98086e-01
 5.42616e+00  9.98097e-01  9.98146e-01
 5.44861e+00  9.97771e-01  9.98231e-01
 5.47010e+00  9.97984e-01  9.98333e-01
 5.49234e+00  9.98483e-01  9.98462e-01
 5.51594e+00  9.98119e-01  9.98626e-01
 5.53830e+00  9.98914e-01  9.98808e-01
 5.56024e+00  9.99291e-01  9.99013e-01
 5.58191e+00  9.98869e-01  9.99241e-01
 5.60431e+00  9.99921e-01  9.99503e-01
 5.62546e+00  9.99588e-01  9.99774e-01
 5.64843e+00  9.99434e-01  1.00010e+00
 5.67166e+00  1.00075e+00  1.00045e+00
 5.69425e+00  1.00035e+00  1.00081e+00
 5.71714e+00  1.00125e+00  1.00120e+00
 5.74025e+00  1.00120e+00  1.00161e+00
 5.76176e+00  1.00209e+00  1.00201e+00
 5.78400e+00  1.00280e+00  1.00243e+00
 5.80567e+00  1.00301e+00  1.00285e+00
 5.82860e+00  1.00349e+00  1.00329e+00
 5.85188e+00  1.00377e+00  1.00374e+00
 5.87359e+00  1.00408e+00  1.00415e+00
 5.89598e+00  1.00487e+00  1.00456e+00
 5.91712e+00  1.00522e+00  1.00494e+00
 5.94009e+00  1.00560e+00  1.00532e+00
 5.96090e+00  1.00648e+00  1.00565e+00
 5.98380e+00  1.00618e+00  1.00599e+00
 6.00709e+00  1.00718e+00  1.00630e+00
 6.02966e+00  1.00674e+00  1.00656e+00
 6.05114e+00  1.00709e+00  1.00678e+00
 6.07361e+00  1.00717e+00  1.00697e+00
 6.09508e+00  1.00750e+00  1.00712e+00
 6.11942e+00  1.00773e+00  1.00724e+00
 6.14147e+00  1.00799e+00  1.00731e+00
 6.16523e+00  1.00751e+00  1.00735e+00
 6.18766e+00  1.00718e+00  1.00735e+00
 6.20880e+00  1.00707e+00  1.00731e+00
 6.23240e+00  1.00691e+00  1.00724e+00
 6.25502e+00  1.00712e+00  1.00714e+00
 6.27755e+00  1.00661e+00  1.00701e+00
 6.29908e+00  1.00716e+00  1.00687e+00
 6.32135e+00  1.00659e+00  1.00669e+00
 6.34319e+00  1.00652e+00  1.00651e+00
 6.36736e+00  1.00609e+00  1.00628e+00
 6.39041e+00  1.00526e+00  1.00605e+00
 6.41401e+00  1.00521e+00  1.00580e+00
 6.43973e+00  1.00437e+00  1.00552e+00
 6.46765e+00  1.00446e+00  1.00521e+00
 6.49234e+00  1.00450e+00  1.00493e+00
 6.51403e+00  1.00389e+00  1.00469e+00
 6.53622e+00  1.00494e+00  1.00444e+00
 6.55952e+00  1.00412e+00  1.00418e+00
 6.58279e+00  1.00349e+00  1.00393e+00
 6.60671e+00  1.00353e+00  1.00367e+00
 6.62758e+00  1.00275e+00  1.00346e+00
 6.65046e+00  1.00304e+00  1.00322e+00
 6.67356e+00  1.00270e+00  1.00300e+00
 6.69635e+00  1.00321e+00  1.00279e+00
 6.72008e+00  1.00259e+00  1.00257e+00
 6.74284e+00  1.00238e+00  1.00238e+00
 6.76611e+00  1.00186e+00  1.00219e+00
 6.79004e+00  1.00257e+00  1.00201e+00
 6.81266e+00  1.00195e+00  1.00184e+00
 6.83380e+00  1.00174e+00  1.00169e+00
 6.85671e+00  1.00145e+00  1.00154e+00
 6.87758e+00  1.00119e+00  1.00141e+00
 6.90044e+00  1.00123e+00  1.00128e+00
 6.92166e+00  1.00127e+00  1.00116e+00
 6.94425e+00  1.00138e+00  1.00105e+00
 6.96646e+00  1.00131e+00  1.00094e+00
 6.99043e+00  1.00078e+00  1.00083e+00
 7.01401e+00  1.00078e+00  1.00074e+00
 7.03622e+00  1.00074e+00  1.00065e+00
 7.05778e+00  1.00032e+00  1.00057e+00
 7.07998e+00  1.00123e+00  1.00050e+00
 7.10190e+00  1.00023e+00  1.00043e+00
 7.12357e+00  1.00051e+00  1.00037e+00
 7.14802e+00  1.00045e+00  1.00030e+00
 7.17166e+00  1.00021e+00  1.00024e+00
 7.19581e+00  1.00048e+00  1.00019e+00
 7.21958e+00  1.00024e+00  1.00014e+00
 7.24458e+00  9.99751e-01  1.00009e+00
 7.26661e+00  1.00019e+00  1.00005e+00
 7.29023e+00  1.00004e+00  1.00002e+00
 7.31351e+00  1.00031e+00  9.99984e-01
 7.33588e+00  1.00029e+00  9.99955e-01
 7.36002e+00  9.99855e-01  9.99927e-01
 7.38242e+00  9.99983e-01  9.99903e-01
 7.40654e+00  1.00012e+00  9.99880e-01
 7.43118e+00  1.00071e+00  9.99858e-01
 7.45727e+00  1.00019e+00  9.99838e-01
 7.48258e+00  9.99911e-01  9.99821e-01
 7.50568e+00  1.00083e+00  9.99807e-01
 7.53587e+00  1.00043e+00  9.99791e-01
 7.55828e+00  9.99924e-01  9.99781e-01
 7.58293e+00  1.00046e+00  9.99771e-01
 7.61140e+00  1.00066e+00  9.99762e-01
 7.63450e+00  1.00020e+00  9.99755e-01
 7.65998e+00  1.00022e+00  9.99749e-01
 7.68659e+00  1.00050e+00  9.99743e-01
 7.71402e+00  9.99815e-01  9.99739e-01
 7.74265e+00  9.99619e-01  9.99735e-01
 7.76935e+00  1.00066e+00  9.99733e-01
 7.79666e+00  1.00058e+00  9.99731e-01
 7.82409e+00  1.00032e+00  9.99730e-01
 7.84926e+00  9.99566e-01  9.99730e-01
 7.87459e+00  1.00066e+00  9.99730e-01
 7.90164e+00  1.00000e+00  9.99731e-01
 7.92408e+00  9.99890e-01  9.99732e-01
 7.94805e+00  1.00065e+00  9.99733e-01
 7.97008e+00  9.99621e-01  9.99734e-01
 7.99524e+00  9.99323e-01  9.99736e-01
 8.01990e+00  9.98819e-01  9.99738e-01
 8.04457e+00  9.98930e-01  9.99741e-01
 8.07337e+00  9.99356e-01  9.99743e-01
 8.09786e+00  1.00052e+00  9.99746e-01
 8.12459e+00  9.99953e-01  9.99749e-01
 8.15164e+00  1.00263e+00  9.99752e-01
 8.17716e+00  9.99538e-01  9.99755e-01
 8.20583e+00  9.99399e-01  9.99758e-01
 8.23224e+00  1.00484e+00  9.99762e-01
 8.25774e+00  1.00017e+00  9.99765e-01
 8.28447e+00  1.00507e+00  9.99768e-01
 8.31085e+00  9.99654e-01  9.99772e-01
 8.33830e+00  1.00032e+00  9.99775e-01
 8.36712e+00  9.99531e-01  9.99779e-01
 8.39419e+00  1.00011e+00  9.99782e-01
 8.42161e+00  1.00021e+00  9.99786e-01
 8.45042e+00  9.99956e-01  9.99789e-01
 8.47895e+00  9.99338e-01  9.99793e-01
 8.50774e+00  9.99586e-01  9.99796e-01
 8.53654e+00  1.00017e+00  9.99800e-01
 8.56363e+00  9.99591e-01  9.99803e-01
 8.59108e+00  9.99884e-01  9.99806e-01
 8.61988e+00  9.99595e-01  9.99809e-01
 8.64991e+00  1.00023e+00  9.99813e-01
 8.67942e+00  9.99554e-01  9.99816e-01
 8.70791e+00  9.99394e-01  9.99819e-01
 8.73656e+00  9.99417e-01  9.99822e-01
 8.76346e+00  9.99486e-01  9.99825e-01
 8.79123e+00  1.00002e+00  9.99827e-01
 8.81986e+00  9.99917e-01  9.99830e-01
 8.84680e+00  9.99345e-01  9.99833e-01
 8.87597e+00  9.99647e-01  9.99836e-01
 8.90596e+00  1.00005e+00  9.99838e-01
 8.93307e+00  9.99676e-01  9.99841e-01
 8.96168e+00  9.99317e-01  9.99843e-01
 8.99212e+00  9.99785e-01  9.99846e-01
 9.01918e+00  9.99401e-01  9.99848e-01
 9.04660e+00  9.99954e-01  9.99851e-01
 9.07594e+00  9.99010e-01  9.99853e-01
 9.10533e+00  9.99643e-01  9.99855e-01
 9.13274e+00  9.99532e-01  9.99857e-01
 9.16152e+00  9.99989e-01  9.99860e-01
 9.18863e+00  1.00011e+00  9.99862e-01
 9.21606e+00  9.99857e-01  9.99864e-01
 9.24559e+00  9.99616e-01  9.99866e-01
 9.27488e+00  9.99681e-01  9.99868e-01
 9.30216e+00  9.99710e-01  9.99870e-01
 9.33083e+00  9.99829e-01  9.99872e-01
 9.35825e+00  9.99772e-01  9.99874e-01
 9.38552e+00  9.99822e-01  9.99876e-01
 9.41415e+00  9.99949e-01  9.99878e-01
 9.44157e+00  9.99519e-01  9.99880e-01
 9.46884e+00  9.99137e-01  9.99881e-01
 9.49749e+00  9.99802e-01  9.99883e-01
 9.52488e+00  1.00023e+00  9.99885e-01
 9.55216e+00  9.99826e-01  9.99887e-01
 9.58169e+00  9.99606e-01  9.99889e-01
 9.61156e+00  9.99572e-01  9.99891e-01
 9.63844e+00  9.99473e-01  9.99893e-01
 9.66623e+00  1.00016e+00  9.99894e-01
 9.69314e+00  1.01844e+00  9.99896e-01
 9.72128e+00  1.01703e+00  9.99898e-01
 9.74749e+00  9.98750e-01  9.99900e-01
 9.77369e+00  1.01533e+00  9.99902e-01
 9.79938e+00  1.00328e+00  9.99903e-01
 9.82648e+00  1.01357e+00  9.99905e-01
 9.85447e+00  1.01223e+00  9.99907e-01
 9.87994e+00  1.00196e+00  9.99909e-01
 9.90703e+00  1.01073e+00  9.99911e-01
 9.93499e+00  1.00887e+00  9.99913e-01
 9.96050e+00  1.00036e+00  9.99915e-01
 9.98761e+00  1.00654e+00  9.99917e-01
 1.00157e+01  1.00458e+00  9.99919e-01
 1.00428e+01  9.99313e-01  9.99921e-01
 1.00731e+01  9.99487e-01  9.99923e-01
 1.01017e+01  1.00157e+00  9.99925e-01
 1.01290e+01  9.99375e-01  9.99928e-01
 1.01565e+01  1.00978e+00  9.99930e-01
 1.01853e+01  1.00005e+00  9.99932e-01
