1026
 7.49000e-04  9.98973e-01  1.00393e+00
 5.74100e-03  1.00404e+00  1.00408e+00
 1.75630e-02  1.00576e+00  1.00444e+00
 2.26310e-02  9.98366e-01  1.00460e+00
 3.25280e-02  1.00964e+00  1.00489e+00
 4.16510e-02  1.00132e+00  1.00515e+00
 4.54680e-02  1.00304e+00  1.00526e+00
 5.61380e-02  1.00915e+00  1.00555e+00
 6.32810e-02  9.96198e-01  1.00573e+00
 6.92380e-02  1.00930e+00  1.00588e+00
 8.00110e-02  1.00662e+00  1.00613e+00
 8.48160e-02  9.98861e-01  1.00623e+00
 9.15660e-02  1.00942e+00  1.00636e+00
 1.02563e-01  1.00556e+00  1.00654e+00
 1.06007e-01  1.00015e+00  1.00660e+00
 1.15168e-01  1.00865e+00  1.00671e+00
 1.24606e-01  1.00291e+00  1.00681e+00
 1.27847e-01  1.00298e+00  1.00684e+00
 1.38680e-01  1.00772e+00  1.00690e+00
 1.45810e-01  1.00172e+00  1.00692e+00
 1.49619e-01  1.00301e+00  1.00693e+00
 1.60273e-01  1.00730e+00  1.00691e+00
 1.67038e-01  1.00032e+00  1.00689e+00
 1.72423e-01  1.00579e+00  1.00686e+00
 1.82859e-01  1.00500e+00  1.00677e+00
 1.88344e-01  1.00118e+00  1.00672e+00
 1.94238e-01  1.00489e+00  1.00665e+00
 2.04695e-01  1.00518e+00  1.00650e+00
 2.09485e-01  1.00205e+00  1.00643e+00
 2.15823e-01  1.00417e+00  1.00632e+00
 2.26584e-01  1.00413e+00  1.00612e+00
 2.31007e-01  1.00278e+00  1.00603e+00
 2.39424e-01  1.00399e+00  1.00585e+00
 2.49203e-01  1.00410e+00  1.00563e+00
 2.52516e-01  1.00345e+00  1.00556e+00
 2.62307e-01  1.00258e+00  1.00533e+00
 2.70327e-01  1.00514e+00  1.00513e+00
 2.73326e-01  1.00373e+00  1.00505e+00
 2.83157e-01  1.00230e+00  1.00481e+00
 2.91167e-01  1.00714e+00  1.00460e+00
 2.94185e-01  1.00389e+00  1.00452e+00
 3.03978e-01  1.00185e+00  1.00427e+00
 3.12007e-01  1.00619e+00  1.00406e+00
 3.15340e-01  1.00290e+00  1.00398e+00
 3.26871e-01  1.00099e+00  1.00368e+00
 3.33578e-01  1.00803e+00  1.00352e+00
 3.37119e-01  1.00219e+00  1.00343e+00
 3.47773e-01  1.00080e+00  1.00317e+00
 3.54430e-01  1.00848e+00  1.00301e+00
 3.57968e-01  1.00248e+00  1.00292e+00
 3.68596e-01  1.00055e+00  1.00268e+00
 3.75244e-01  1.01621e+00  1.00253e+00
 3.78155e-01  1.00184e+00  1.00246e+00
 3.87981e-01  9.99765e-01  1.00225e+00
 3.94959e-01  1.00516e+00  1.00210e+00
 3.97962e-01  1.01034e+00  1.00204e+00
 4.05465e-01  9.99915e-01  1.00189e+00
 4.15080e-01  1.00259e+00  1.00170e+00
 4.18202e-01  1.01051e+00  1.00165e+00
 4.24190e-01  9.99876e-01  1.00154e+00
 4.35516e-01  1.00194e+00  1.00134e+00
 4.38397e-01  1.00964e+00  1.00129e+00
 4.43541e-01  9.99639e-01  1.00120e+00
 4.52669e-01  9.99188e-01  1.00106e+00
 4.58562e-01  1.00865e+00  1.00097e+00
 4.61157e-01  1.00207e+00  1.00093e+00
 4.71331e-01  9.99324e-01  1.00078e+00
 4.78325e-01  1.00339e+00  1.00069e+00
 4.81669e-01  1.00193e+00  1.00064e+00
 4.89450e-01  9.99145e-01  1.00054e+00
 4.98403e-01  1.00143e+00  1.00044e+00
 5.01856e-01  1.00544e+00  1.00040e+00
 5.08873e-01  9.99323e-01  1.00032e+00
 5.19556e-01  1.00152e+00  1.00020e+00
 5.22664e-01  1.00417e+00  1.00017e+00
 5.29049e-01  9.99064e-01  1.00011e+00
 5.39327e-01  1.00091e+00  1.00001e+00
 5.43494e-01  1.00370e+00  9.99975e-01
 5.49915e-01  9.99197e-01  9.99920e-01
 5.60516e-01  9.99869e-01  9.99835e-01
 5.63720e-01  1.00394e+00  9.99811e-01
 5.69993e-01  9.99060e-01  9.99764e-01
 5.81336e-01  1.00015e+00  9.99686e-01
 5.84520e-01  1.00329e+00  9.99665e-01
 5.90097e-01  9.98690e-01  9.99629e-01
 5.99205e-01  9.98574e-01  9.99575e-01
 6.04869e-01  1.00296e+00  9.99542e-01
 6.09242e-01  9.99153e-01  9.99519e-01
 6.19616e-01  9.98934e-01  9.99465e-01
 6.25793e-01  1.00244e+00  9.99435e-01
 6.30069e-01  9.98838e-01  9.99416e-01
 6.39443e-01  9.99733e-01  9.99375e-01
 6.45763e-01  1.00146e+00  9.99349e-01
 6.49619e-01  9.99260e-01  9.99334e-01
 6.60263e-01  9.98087e-01  9.99294e-01
 6.67347e-01  1.00103e+00  9.99270e-01
 6.70769e-01  9.99189e-01  9.99259e-01
 6.81148e-01  9.98941e-01  9.99227e-01
 6.87804e-01  1.00097e+00  9.99208e-01
 6.91309e-01  9.99221e-01  9.99198e-01
 7.01933e-01  9.98355e-01  9.99171e-01
 7.08733e-01  1.00064e+00  9.99155e-01
 7.13379e-01  9.99083e-01  9.99145e-01
 7.22773e-01  9.98185e-01  9.99126e-01
 7.29177e-01  1.00018e+00  9.99114e-01
 7.32314e-01  9.99150e-01  9.99108e-01
 7.42151e-01  9.99523e-01  9.99091e-01
 7.49175e-01  9.98844e-01  9.99080e-01
 7.52185e-01  1.00049e+00  9.99076e-01
 7.60927e-01  9.98330e-01  9.99064e-01
 7.69609e-01  9.99055e-01  9.99053e-01
 7.72987e-01  1.00018e+00  9.99049e-01
 7.79765e-01  9.97980e-01  9.99042e-01
 7.89991e-01  9.98588e-01  9.99032e-01
 7.93507e-01  9.99547e-01  9.99029e-01
 8.00605e-01  9.99382e-01  9.99023e-01
 8.10516e-01  9.98662e-01  9.99016e-01
 8.13700e-01  1.00003e+00  9.99014e-01
 8.20048e-01  9.98583e-01  9.99010e-01
 8.30672e-01  9.98757e-01  9.99005e-01
 8.34520e-01  1.00005e+00  9.99003e-01
 8.40806e-01  9.98059e-01  9.99001e-01
 8.50182e-01  9.98382e-01  9.98998e-01
 8.55599e-01  1.00011e+00  9.98996e-01
 8.61673e-01  9.99037e-01  9.98995e-01
 8.71336e-01  9.98682e-01  9.98993e-01
 8.76153e-01  1.00000e+00  9.98993e-01
 8.82512e-01  9.98590e-01  9.98992e-01
 8.92843e-01  9.98207e-01  9.98992e-01
 8.97625e-01  9.99665e-01  9.98992e-01
 9.06093e-01  9.98626e-01  9.98992e-01
 9.15053e-01  9.98508e-01  9.98993e-01
 9.18507e-01  9.98503e-01  9.98994e-01
 9.25596e-01  9.97660e-01  9.98995e-01
 9.35903e-01  9.98271e-01  9.98997e-01
 9.39012e-01  9.99347e-01  9.98997e-01
 9.45720e-01  9.97777e-01  9.98999e-01
 9.56346e-01  9.99052e-01  9.99002e-01
 9.59825e-01  9.99242e-01  9.99003e-01
 9.65839e-01  9.98154e-01  9.99005e-01
 9.76809e-01  9.98661e-01  9.99009e-01
 9.80702e-01  9.99448e-01  9.99010e-01
 9.87399e-01  9.98209e-01  9.99013e-01
 9.98016e-01  9.98652e-01  9.99017e-01
 1.00119e+00  9.99023e-01  9.99018e-01
 1.00679e+00  9.98570e-01  9.99021e-01
 1.01588e+00  9.98130e-01  9.99025e-01
 1.02162e+00  9.99369e-01  9.99027e-01
 1.02686e+00  9.98067e-01  9.99030e-01
 1.03599e+00  9.98257e-01  9.99034e-01
 1.04197e+00  9.99283e-01  9.99037e-01
 1.04481e+00  9.99033e-01  9.99039e-01
 1.05465e+00  9.99055e-01  9.99044e-01
 1.06167e+00  9.98823e-01  9.99048e-01
 1.06466e+00  9.99305e-01  9.99049e-01
 1.07279e+00  9.98773e-01  9.99054e-01
 1.08179e+00  9.98377e-01  9.99059e-01
 1.08582e+00  9.99290e-01  9.99061e-01
 1.09565e+00  9.98591e-01  9.99067e-01
 1.10333e+00  9.99186e-01  9.99072e-01
 1.10635e+00  9.98617e-01  9.99073e-01
 1.11377e+00  9.99184e-01  9.99078e-01
 1.12393e+00  9.99820e-01  9.99084e-01
 1.12753e+00  9.99058e-01  9.99086e-01
 1.13731e+00  9.98226e-01  9.99092e-01
 1.14499e+00  9.98267e-01  9.99097e-01
 1.14829e+00  9.99450e-01  9.99099e-01
 1.15611e+00  9.97809e-01  9.99104e-01
 1.16506e+00  1.00119e+00  9.99109e-01
 1.16849e+00  9.99501e-01  9.99112e-01
 1.17489e+00  1.00422e+00  9.99116e-01
 1.18585e+00  9.99152e-01  9.99123e-01
 1.18930e+00  9.99054e-01  9.99125e-01
 1.19842e+00  9.99398e-01  9.99131e-01
 1.20748e+00  9.98997e-01  9.99137e-01
 1.21112e+00  9.98400e-01  9.99139e-01
 1.22200e+00  9.98957e-01  9.99146e-01
 1.22949e+00  9.98217e-01  9.99151e-01
 1.23490e+00  9.99410e-01  9.99154e-01
 1.24530e+00  9.99688e-01  9.99161e-01
 1.25077e+00  9.98441e-01  9.99165e-01
 1.25673e+00  9.99291e-01  9.99168e-01
 1.26713e+00  9.98493e-01  9.99175e-01
 1.27225e+00  9.98613e-01  9.99178e-01
 1.27970e+00  9.99122e-01  9.99183e-01
 1.29041e+00  9.99323e-01  9.99190e-01
 1.29415e+00  9.98734e-01  9.99193e-01
 1.30395e+00  9.99316e-01  9.99199e-01
 1.31204e+00  9.99274e-01  9.99204e-01
 1.31529e+00  9.98844e-01  9.99206e-01
 1.32618e+00  9.98872e-01  9.99213e-01
 1.33324e+00  9.98499e-01  9.99218e-01
 1.33709e+00  9.98961e-01  9.99220e-01
 1.34773e+00  9.99703e-01  9.99227e-01
 1.35448e+00  9.99594e-01  9.99231e-01
 1.35892e+00  9.99588e-01  9.99234e-01
 1.36930e+00  9.99737e-01  9.99241e-01
 1.37597e+00  9.99421e-01  9.99245e-01
 1.38247e+00  9.98686e-01  9.99249e-01
 1.39316e+00  9.98460e-01  9.99256e-01
 1.39790e+00  9.99489e-01  9.99259e-01
 1.40675e+00  9.99272e-01  9.99264e-01
 1.41620e+00  9.99408e-01  9.99270e-01
 1.42044e+00  9.99494e-01  9.99272e-01
 1.43180e+00  9.98945e-01  9.99279e-01
 1.43817e+00  9.98908e-01  9.99283e-01
 1.44391e+00  9.99242e-01  9.99287e-01
 1.45465e+00  9.99690e-01  9.99293e-01
 1.45974e+00  9.99578e-01  9.99296e-01
 1.46651e+00  9.99730e-01  9.99300e-01
 1.47789e+00  9.99387e-01  9.99307e-01
 1.48135e+00  9.99346e-01  9.99309e-01
 1.49070e+00  9.99617e-01  9.99315e-01
 1.49875e+00  9.99493e-01  9.99320e-01
 1.50209e+00  9.99538e-01  9.99322e-01
 1.50885e+00  9.99568e-01  9.99326e-01
 1.51914e+00  9.99683e-01  9.99332e-01
 1.52294e+00  9.99832e-01  9.99334e-01
 1.53101e+00  9.99206e-01  9.99339e-01
 1.54038e+00  9.99947e-01  9.99344e-01
 1.54407e+00  9.99964e-01  9.99346e-01
 1.55185e+00  1.00000e+00  9.99350e-01
 1.56085e+00  9.99592e-01  9.99356e-01
 1.56429e+00  1.00014e+00  9.99358e-01
 1.57202e+00  9.99675e-01  9.99362e-01
 1.58173e+00  9.99344e-01  9.99367e-01
 1.58543e+00  9.99990e-01  9.99369e-01
 1.59217e+00  9.99431e-01  9.99373e-01
 1.60210e+00  9.99698e-01  9.99379e-01
 1.60592e+00  9.99876e-01  9.99381e-01
 1.61230e+00  9.99239e-01  9.99384e-01
 1.62194e+00  9.99168e-01  9.99390e-01
 1.62611e+00  1.00012e+00  9.99392e-01
 1.63167e+00  9.99798e-01  9.99395e-01
 1.64108e+00  9.99453e-01  9.99400e-01
 1.64688e+00  9.99893e-01  9.99403e-01
 1.65249e+00  9.99225e-01  9.99406e-01
 1.66162e+00  9.98762e-01  9.99411e-01
 1.66736e+00  9.99776e-01  9.99414e-01
 1.67164e+00  9.99679e-01  9.99416e-01
 1.68102e+00  9.99538e-01  9.99421e-01
 1.68741e+00  9.99565e-01  9.99424e-01
 1.69056e+00  9.99275e-01  9.99426e-01
 1.70111e+00  9.99122e-01  9.99432e-01
 1.70828e+00  9.99773e-01  9.99435e-01
 1.71234e+00  9.99560e-01  9.99437e-01
 1.72263e+00  9.99503e-01  9.99443e-01
 1.72909e+00  1.00030e+00  9.99446e-01
 1.73293e+00  9.99207e-01  9.99448e-01
 1.74278e+00  1.00005e+00  9.99453e-01
 1.74961e+00  9.99692e-01  9.99456e-01
 1.75306e+00  9.99609e-01  9.99458e-01
 1.76356e+00  9.99380e-01  9.99463e-01
 1.77036e+00  9.99418e-01  9.99467e-01
 1.77357e+00  9.99720e-01  9.99468e-01
 1.78236e+00  9.98939e-01  9.99472e-01
 1.79079e+00  9.99708e-01  9.99477e-01
 1.79408e+00  1.00011e+00  9.99478e-01
 1.80185e+00  9.98824e-01  9.99482e-01
 1.81085e+00  1.00009e+00  9.99486e-01
 1.81429e+00  9.99996e-01  9.99488e-01
 1.82135e+00  9.98043e-01  9.99491e-01
 1.83132e+00  1.00100e+00  9.99496e-01
 1.83542e+00  9.99284e-01  9.99498e-01
 1.84217e+00  9.99174e-01  9.99501e-01
 1.85210e+00  9.99911e-01  9.99506e-01
 1.85562e+00  9.99641e-01  9.99507e-01
 1.86158e+00  9.99551e-01  9.99510e-01
 1.87094e+00  9.98808e-01  9.99515e-01
 1.87605e+00  9.99733e-01  9.99517e-01
 1.88167e+00  9.99511e-01  9.99519e-01
 1.89081e+00  9.99383e-01  9.99524e-01
 1.89654e+00  9.99923e-01  9.99526e-01
 1.90175e+00  9.98734e-01  9.99529e-01
 1.91162e+00  9.99621e-01  9.99533e-01
 1.91736e+00  9.99844e-01  9.99536e-01
 1.92309e+00  9.99601e-01  9.99538e-01
 1.93344e+00  9.99260e-01  9.99543e-01
 1.93861e+00  1.00008e+00  9.99545e-01
 1.94417e+00  9.99323e-01  9.99547e-01
 1.95331e+00  9.99475e-01  9.99551e-01
 1.95903e+00  9.99660e-01  9.99554e-01
 1.96425e+00  9.98693e-01  9.99556e-01
 1.97340e+00  9.99689e-01  9.99560e-01
 1.97948e+00  9.98725e-01  9.99563e-01
 1.98319e+00  9.99340e-01  9.99564e-01
 1.99347e+00  9.99263e-01  9.99569e-01
 1.99991e+00  1.00024e+00  9.99572e-01
 2.00466e+00  9.99233e-01  9.99574e-01
 2.01436e+00  9.99754e-01  9.99578e-01
 2.02076e+00  9.99288e-01  9.99580e-01
 2.02482e+00  9.99508e-01  9.99582e-01
 2.03445e+00  9.99351e-01  9.99586e-01
 2.04121e+00  9.98854e-01  9.99589e-01
 2.04473e+00  9.99226e-01  9.99590e-01
 2.05454e+00  9.99537e-01  9.99594e-01
 2.06164e+00  9.99600e-01  9.99597e-01
 2.06491e+00  9.99439e-01  9.99599e-01
 2.07269e+00  1.00005e+00  9.99602e-01
 2.08205e+00  9.99669e-01  9.99605e-01
 2.08541e+00  9.99618e-01  9.99607e-01
 2.09217e+00  1.00021e+00  9.99610e-01
 2.10210e+00  9.99916e-01  9.99614e-01
 2.10622e+00  9.99006e-01  9.99615e-01
 2.11302e+00  1.00073e+00  9.99618e-01
 2.12296e+00  1.00009e+00  9.99622e-01
 2.12644e+00  9.99251e-01  9.99623e-01
 2.13241e+00  9.99147e-01  9.99625e-01
 2.14179e+00  1.00038e+00  9.99629e-01
 2.14750e+00  9.99553e-01  9.99631e-01
 2.15394e+00  1.00113e+00  9.99634e-01
 2.16360e+00  1.00030e+00  9.99638e-01
 2.16779e+00  9.99942e-01  9.99639e-01
 2.17335e+00  1.00056e+00  9.99641e-01
 2.18275e+00  9.99948e-01  9.99645e-01
 2.18822e+00  9.96005e-01  9.99647e-01
 2.19247e+00  9.99826e-01  9.99648e-01
 2.20255e+00  1.00016e+00  9.99652e-01
 2.20862e+00  9.99335e-01  9.99655e-01
 2.21232e+00  1.00005e+00  9.99656e-01
 2.22195e+00  9.99769e-01  9.99660e-01
 2.22867e+00  9.96853e-01  9.99662e-01
 2.23190e+00  9.99759e-01  9.99663e-01
 2.24070e+00  1.00009e+00  9.99666e-01
 2.24874e+00  9.96742e-01  9.99669e-01
 2.25176e+00  9.99472e-01  9.99670e-01
 2.25813e+00  1.00024e+00  9.99673e-01
 2.26779e+00  9.99832e-01  9.99676e-01
 2.27162e+00  9.97033e-01  9.99678e-01
 2.27675e+00  9.99383e-01  9.99679e-01
 2.28660e+00  9.99671e-01  9.99683e-01
 2.29231e+00  9.97167e-01  9.99685e-01
 2.29664e+00  9.99954e-01  9.99687e-01
 2.30602e+00  9.99851e-01  9.99690e-01
 2.31238e+00  9.97855e-01  9.99692e-01
 2.31523e+00  9.99991e-01  9.99693e-01
 2.32404e+00  1.00029e+00  9.99696e-01
 2.33207e+00  9.97935e-01  9.99699e-01
 2.33508e+00  9.99212e-01  9.99700e-01
 2.34145e+00  9.99581e-01  9.99702e-01
 2.35211e+00  9.98923e-01  9.99706e-01
 2.35558e+00  9.98134e-01  9.99707e-01
 2.36227e+00  9.99759e-01  9.99709e-01
 2.37262e+00  9.98792e-01  9.99713e-01
 2.37644e+00  1.00022e+00  9.99714e-01
 2.38440e+00  1.00031e+00  9.99717e-01
 2.39492e+00  9.98597e-01  9.99721e-01
 2.39854e+00  9.99722e-01  9.99722e-01
 2.40738e+00  1.00083e+00  9.99725e-01
 2.41575e+00  9.98699e-01  9.99728e-01
 2.41909e+00  9.99685e-01  9.99729e-01
 2.42820e+00  9.99919e-01  9.99732e-01
 2.43662e+00  9.99445e-01  9.99734e-01
 2.43959e+00  1.00051e+00  9.99735e-01
 2.44701e+00  1.00071e+00  9.99738e-01
 2.45704e+00  1.00132e+00  9.99741e-01
 2.46008e+00  9.99727e-01  9.99742e-01
 2.46783e+00  9.99568e-01  9.99745e-01
 2.47787e+00  1.00011e+00  9.99748e-01
 2.48124e+00  1.00067e+00  9.99749e-01
 2.49003e+00  1.00111e+00  9.99752e-01
 2.49911e+00  9.99958e-01  9.99755e-01
 2.50241e+00  9.99862e-01  9.99756e-01
 2.51223e+00  1.00030e+00  9.99759e-01
 2.52032e+00  9.99715e-01  9.99761e-01
 2.52325e+00  1.00012e+00  9.99762e-01
 2.53309e+00  1.00068e+00  9.99765e-01
 2.54156e+00  9.99745e-01  9.99768e-01
 2.54635e+00  9.99857e-01  9.99770e-01
 2.55675e+00  1.00034e+00  9.99773e-01
 2.56313e+00  9.99951e-01  9.99775e-01
 2.56718e+00  1.00007e+00  9.99776e-01
 2.57858e+00  1.00092e+00  9.99780e-01
 2.58406e+00  9.99386e-01  9.99781e-01
 2.58998e+00  1.00116e+00  9.99783e-01
 2.60044e+00  1.00027e+00  9.99786e-01
 2.60499e+00  9.99793e-01  9.99788e-01
 2.61081e+00  1.00032e+00  9.99789e-01
 2.62127e+00  1.00183e+00  9.99793e-01
 2.62609e+00  9.99766e-01  9.99794e-01
 2.63247e+00  1.00106e+00  9.99796e-01
 2.64418e+00  1.00040e+00  9.99799e-01
 2.64794e+00  1.00002e+00  9.99801e-01
 2.65807e+00  1.00041e+00  9.99804e-01
 2.66617e+00  1.00013e+00  9.99806e-01
 2.66943e+00  1.00046e+00  9.99807e-01
 2.68025e+00  1.00002e+00  9.99810e-01
 2.68739e+00  9.99781e-01  9.99812e-01
 2.69121e+00  1.00048e+00  9.99813e-01
 2.70186e+00  1.00043e+00  9.99816e-01
 2.70859e+00  9.99836e-01  9.99818e-01
 2.71300e+00  1.00022e+00  9.99820e-01
 2.72343e+00  1.00102e+00  9.99823e-01
 2.72982e+00  9.99673e-01  9.99824e-01
 2.73482e+00  1.00078e+00  9.99826e-01
 2.74562e+00  1.00071e+00  9.99829e-01
 2.75109e+00  9.99700e-01  9.99830e-01
 2.75810e+00  1.00115e+00  9.99832e-01
 2.76915e+00  1.00061e+00  9.99836e-01
 2.77257e+00  1.00022e+00  9.99837e-01
 2.78099e+00  1.00045e+00  9.99839e-01
 2.79077e+00  1.00068e+00  9.99842e-01
 2.79410e+00  1.00041e+00  9.99843e-01
 2.80388e+00  1.00110e+00  9.99845e-01
 2.81201e+00  1.00063e+00  9.99848e-01
 2.81526e+00  1.00040e+00  9.99848e-01
 2.82610e+00  1.00170e+00  9.99851e-01
 2.83322e+00  1.00120e+00  9.99853e-01
 2.83704e+00  1.00031e+00  9.99854e-01
 2.84769e+00  1.00152e+00  9.99857e-01
 2.85444e+00  1.00018e+00  9.99859e-01
 2.85885e+00  1.00134e+00  9.99860e-01
 2.86925e+00  1.00087e+00  9.99863e-01
 2.87565e+00  1.00124e+00  9.99865e-01
 2.88065e+00  1.00128e+00  9.99866e-01
 2.89111e+00  1.00116e+00  9.99869e-01
 2.89683e+00  1.00015e+00  9.99871e-01
 2.90324e+00  1.00123e+00  9.99872e-01
 2.91429e+00  1.00086e+00  9.99875e-01
 2.91842e+00  9.99971e-01  9.99876e-01
 2.92617e+00  1.00104e+00  9.99878e-01
 2.93657e+00  1.00079e+00  9.99881e-01
 2.93993e+00  1.00039e+00  9.99882e-01
 2.94973e+00  1.00106e+00  9.99885e-01
 2.95783e+00  1.00073e+00  9.99887e-01
 2.96108e+00  1.00092e+00  9.99888e-01
 2.97194e+00  1.00080e+00  9.99890e-01
 2.97906e+00  1.00179e+00  9.99892e-01
 2.98384e+00  1.00051e+00  9.99893e-01
 2.99425e+00  1.00018e+00  9.99896e-01
 3.00066e+00  1.00023e+00  9.99898e-01
 3.00633e+00  1.00007e+00  9.99899e-01
 3.01845e+00  1.00240e+00  9.99902e-01
 3.02257e+00  1.00009e+00  9.99903e-01
 3.03034e+00  1.00052e+00  9.99905e-01
 3.04037e+00  1.00114e+00  9.99908e-01
 3.04375e+00  1.00025e+00  9.99909e-01
 3.05252e+00  1.00102e+00  9.99911e-01
 3.06162e+00  1.00134e+00  9.99913e-01
 3.06493e+00  1.00072e+00  9.99914e-01
 3.07546e+00  1.00066e+00  9.99917e-01
 3.08322e+00  1.00132e+00  9.99919e-01
 3.08800e+00  1.00105e+00  9.99920e-01
 3.09843e+00  1.00103e+00  9.99922e-01
 3.10481e+00  1.00301e+00  9.99924e-01
 3.10983e+00  1.00076e+00  9.99925e-01
 3.12026e+00  1.00054e+00  9.99928e-01
 3.12575e+00  1.00136e+00  9.99929e-01
 3.13171e+00  1.00099e+00  9.99931e-01
 3.14318e+00  1.00089e+00  9.99933e-01
 3.14761e+00  1.00094e+00  9.99934e-01
 3.15671e+00  1.00007e+00  9.99937e-01
 3.16586e+00  1.00115e+00  9.99939e-01
 3.16942e+00  1.00085e+00  9.99940e-01
 3.18026e+00  1.00042e+00  9.99942e-01
 3.18778e+00  1.00151e+00  9.99944e-01
 3.19218e+00  9.99905e-01  9.99945e-01
 3.20259e+00  9.99829e-01  9.99948e-01
 3.20898e+00  1.00072e+00  9.99949e-01
 3.21498e+00  1.00058e+00  9.99951e-01
 3.22544e+00  9.99868e-01  9.99953e-01
 3.23053e+00  1.00073e+00  9.99954e-01
 3.23731e+00  1.00057e+00  9.99956e-01
 3.24832e+00  1.00059e+00  9.99959e-01
 3.25205e+00  9.99907e-01  9.99959e-01
 3.26086e+00  1.00032e+00  9.99962e-01
 3.26995e+00  1.00016e+00  9.99964e-01
 3.27357e+00  1.00003e+00  9.99965e-01
 3.28519e+00  9.99502e-01  9.99967e-01
 3.29194e+00  1.00054e+00  9.99969e-01
 3.29733e+00  1.00014e+00  9.99970e-01
 3.30776e+00  9.99626e-01  9.99972e-01
 3.31351e+00  1.00008e+00  9.99974e-01
 3.31990e+00  9.99549e-01  9.99975e-01
 3.33063e+00  9.99945e-01  9.99978e-01
 3.33501e+00  1.00060e+00  9.99979e-01
 3.34284e+00  1.00030e+00  9.99981e-01
 3.35287e+00  1.00065e+00  9.99983e-01
 3.35657e+00  1.00054e+00  9.99984e-01
 3.36638e+00  1.00033e+00  9.99986e-01
 3.37452e+00  1.00042e+00  9.99988e-01
 3.37871e+00  9.99702e-01  9.99989e-01
 3.38935e+00  1.00075e+00  9.99991e-01
 3.39619e+00  9.99797e-01  9.99993e-01
 3.40248e+00  1.00084e+00  9.99994e-01
 3.41294e+00  1.01159e+00  9.99996e-01
 3.41831e+00  1.00066e+00  9.99998e-01
 3.42617e+00  1.00125e+00  9.99999e-01
 3.43630e+00  1.00072e+00  1.00000e+00
 3.44121e+00  1.00088e+00  1.00000e+00
 3.45185e+00  1.00188e+00  1.00001e+00
 3.45860e+00  1.00036e+00  1.00001e+00
 3.46398e+00  1.00157e+00  1.00001e+00
 3.47474e+00  1.00239e+00  1.00001e+00
 3.48081e+00  1.00079e+00  1.00001e+00
 3.48867e+00  1.00236e+00  1.00001e+00
 3.49912e+00  1.00086e+00  1.00002e+00
 3.50243e+00  9.93743e-01  1.00002e+00
 3.51222e+00  1.00389e+00  1.00002e+00
 3.52034e+00  1.00050e+00  1.00002e+00
 3.52453e+00  9.95672e-01  1.00002e+00
 3.53591e+00  1.00479e+00  1.00002e+00
 3.54260e+00  9.92601e-01  1.00003e+00
 3.54982e+00  1.00593e+00  1.00003e+00
 3.56082e+00  1.00337e+00  1.00003e+00
 3.56425e+00  9.94917e-01  1.00003e+00
 3.57200e+00  1.00641e+00  1.00003e+00
 3.58205e+00  1.00323e+00  1.00003e+00
 3.58604e+00  9.98138e-01  1.00003e+00
 3.59694e+00  1.00796e+00  1.00004e+00
 3.60406e+00  1.00094e+00  1.00004e+00
 3.60788e+00  1.00085e+00  1.00004e+00
 3.61851e+00  1.00871e+00  1.00004e+00
 1.49800e-03  9.98973e-01  1.00396e+00
 1.14820e-02  1.00404e+00  1.00426e+00
 3.51260e-02  1.00576e+00  1.00497e+00
 4.52620e-02  9.98366e-01  1.00525e+00
 6.50560e-02  1.00964e+00  1.00578e+00
 8.33030e-02  1.00132e+00  1.00620e+00
 9.09350e-02  1.00304e+00  1.00635e+00
 1.12276e-01  1.00915e+00  1.00668e+00
 1.26562e-01  9.96198e-01  1.00683e+00
 1.38477e-01  1.00930e+00  1.00690e+00
 1.60022e-01  1.00662e+00  1.00691e+00
 1.69632e-01  9.98861e-01  1.00687e+00
 1.83133e-01  1.00942e+00  1.00677e+00
 2.05125e-01  1.00556e+00  1.00649e+00
 2.12014e-01  1.00015e+00  1.00638e+00
 2.30336e-01  1.00865e+00  1.00604e+00
 2.49213e-01  1.00291e+00  1.00563e+00
 2.55694e-01  1.00298e+00  1.00548e+00
 2.77359e-01  1.00772e+00  1.00495e+00
 2.91620e-01  1.00172e+00  1.00459e+00
 2.99238e-01  1.00301e+00  1.00439e+00
 3.20546e-01  1.00730e+00  1.00385e+00
 3.34077e-01  1.00032e+00  1.00350e+00
 3.44847e-01  1.00579e+00  1.00324e+00
 3.65719e-01  1.00500e+00  1.00274e+00
 3.76688e-01  1.00118e+00  1.00249e+00
 3.88477e-01  1.00489e+00  1.00224e+00
 4.09390e-01  1.00518e+00  1.00181e+00
 4.18970e-01  1.00205e+00  1.00163e+00
 4.31646e-01  1.00417e+00  1.00140e+00
 4.53168e-01  1.00413e+00  1.00105e+00
 4.62014e-01  1.00278e+00  1.00092e+00
 4.78849e-01  1.00399e+00  1.00068e+00
 4.98405e-01  1.00410e+00  1.00044e+00
 5.05033e-01  1.00345e+00  1.00036e+00
 5.24614e-01  1.00258e+00  1.00015e+00
 5.40654e-01  1.00514e+00  1.00000e+00
 5.46653e-01  1.00373e+00  9.99948e-01
 5.66314e-01  1.00230e+00  9.99791e-01
 5.82334e-01  1.00714e+00  9.99679e-01
 5.88370e-01  1.00389e+00  9.99640e-01
 6.07957e-01  1.00185e+00  9.99526e-01
 6.24014e-01  1.00619e+00  9.99444e-01
 6.30680e-01  1.00290e+00  9.99413e-01
 6.53742e-01  1.00099e+00  9.99318e-01
 6.67157e-01  1.00803e+00  9.99271e-01
 6.74238e-01  1.00219e+00  9.99248e-01
 6.95546e-01  1.00080e+00  9.99187e-01
 7.08859e-01  1.00848e+00  9.99155e-01
 7.15935e-01  1.00248e+00  9.99140e-01
 7.37191e-01  1.00055e+00  9.99099e-01
 7.50487e-01  1.01621e+00  9.99078e-01
 7.56310e-01  1.00184e+00  9.99070e-01
 7.75962e-01  9.99765e-01  9.99046e-01
 7.89919e-01  1.00516e+00  9.99032e-01
 7.95924e-01  1.01034e+00  9.99027e-01
 8.10930e-01  9.99915e-01  9.99016e-01
 8.30160e-01  1.00259e+00  9.99005e-01
 8.36404e-01  1.01051e+00  9.99002e-01
 8.48381e-01  9.99876e-01  9.98998e-01
 8.71032e-01  1.00194e+00  9.98993e-01
 8.76795e-01  1.00964e+00  9.98992e-01
 8.87082e-01  9.99639e-01  9.98992e-01
 9.05338e-01  9.99188e-01  9.98992e-01
 9.17125e-01  1.00865e+00  9.98993e-01
 9.22314e-01  1.00207e+00  9.98994e-01
 9.42662e-01  9.99324e-01  9.98998e-01
 9.56651e-01  1.00339e+00  9.99002e-01
 9.63338e-01  1.00193e+00  9.99004e-01
 9.78901e-01  9.99145e-01  9.99009e-01
 9.96805e-01  1.00143e+00  9.99016e-01
 1.00371e+00  1.00544e+00  9.99019e-01
 1.01775e+00  9.99323e-01  9.99026e-01
 1.03911e+00  1.00152e+00  9.99036e-01
 1.04533e+00  1.00417e+00  9.99039e-01
 1.05810e+00  9.99064e-01  9.99046e-01
 1.07865e+00  1.00091e+00  9.99057e-01
 1.08699e+00  1.00370e+00  9.99062e-01
 1.09983e+00  9.99197e-01  9.99069e-01
 1.12103e+00  9.99869e-01  9.99082e-01
 1.12744e+00  1.00394e+00  9.99086e-01
 1.13999e+00  9.99060e-01  9.99094e-01
 1.16267e+00  1.00015e+00  9.99108e-01
 1.16904e+00  1.00329e+00  9.99112e-01
 1.18019e+00  9.98690e-01  9.99119e-01
 1.19841e+00  9.98574e-01  9.99131e-01
 1.20974e+00  1.00296e+00  9.99138e-01
 1.21848e+00  9.99153e-01  9.99144e-01
 1.23923e+00  9.98934e-01  9.99157e-01
 1.25159e+00  1.00244e+00  9.99165e-01
 1.26014e+00  9.98838e-01  9.99171e-01
 1.27889e+00  9.99733e-01  9.99183e-01
 1.29153e+00  1.00146e+00  9.99191e-01
 1.29924e+00  9.99260e-01  9.99196e-01
 1.32053e+00  9.98087e-01  9.99210e-01
 1.33469e+00  1.00103e+00  9.99219e-01
 1.34154e+00  9.99189e-01  9.99223e-01
 1.36230e+00  9.98941e-01  9.99236e-01
 1.37561e+00  1.00097e+00  9.99245e-01
 1.38262e+00  9.99221e-01  9.99249e-01
 1.40387e+00  9.98355e-01  9.99262e-01
 1.41747e+00  1.00064e+00  9.99271e-01
 1.42676e+00  9.99083e-01  9.99276e-01
 1.44555e+00  9.98185e-01  9.99288e-01
 1.45836e+00  1.00018e+00  9.99296e-01
 1.46463e+00  9.99150e-01  9.99299e-01
 1.48430e+00  9.99523e-01  9.99311e-01
 1.49835e+00  9.98844e-01  9.99319e-01
 1.50437e+00  1.00049e+00  9.99323e-01
 1.52185e+00  9.98330e-01  9.99333e-01
 1.53922e+00  9.99055e-01  9.99343e-01
 1.54597e+00  1.00018e+00  9.99347e-01
 1.55953e+00  9.97980e-01  9.99355e-01
 1.57998e+00  9.98588e-01  9.99366e-01
 1.58701e+00  9.99547e-01  9.99370e-01
 1.60121e+00  9.99382e-01  9.99378e-01
 1.62103e+00  9.98662e-01  9.99389e-01
 1.62740e+00  1.00003e+00  9.99393e-01
 1.64010e+00  9.98583e-01  9.99399e-01
 1.66134e+00  9.98757e-01  9.99411e-01
 1.66904e+00  1.00005e+00  9.99415e-01
 1.68161e+00  9.98059e-01  9.99421e-01
 1.70036e+00  9.98382e-01  9.99431e-01
 1.71120e+00  1.00011e+00  9.99437e-01
 1.72335e+00  9.99037e-01  9.99443e-01
 1.74267e+00  9.98682e-01  9.99453e-01
 1.75231e+00  1.00000e+00  9.99458e-01
 1.76502e+00  9.98590e-01  9.99464e-01
 1.78568e+00  9.98207e-01  9.99474e-01
 1.79525e+00  9.99665e-01  9.99479e-01
 1.81219e+00  9.98626e-01  9.99487e-01
 1.83011e+00  9.98508e-01  9.99495e-01
 1.83701e+00  9.98503e-01  9.99499e-01
 1.85119e+00  9.97660e-01  9.99505e-01
 1.87180e+00  9.98271e-01  9.99515e-01
 1.87802e+00  9.99347e-01  9.99518e-01
 1.89144e+00  9.97777e-01  9.99524e-01
 1.91269e+00  9.99052e-01  9.99534e-01
 1.91965e+00  9.99242e-01  9.99537e-01
 1.93168e+00  9.98154e-01  9.99542e-01
 1.95362e+00  9.98661e-01  9.99552e-01
 1.96140e+00  9.99448e-01  9.99555e-01
 1.97480e+00  9.98209e-01  9.99561e-01
 1.99603e+00  9.98652e-01  9.99570e-01
 2.00238e+00  9.99023e-01  9.99573e-01
 2.01357e+00  9.98570e-01  9.99577e-01
 2.03177e+00  9.98130e-01  9.99585e-01
 2.04323e+00  9.99369e-01  9.99590e-01
 2.05372e+00  9.98067e-01  9.99594e-01
 2.07198e+00  9.98257e-01  9.99601e-01
 2.08395e+00  9.99283e-01  9.99606e-01
 2.08963e+00  9.99033e-01  9.99609e-01
 2.10930e+00  9.99055e-01  9.99616e-01
 2.12335e+00  9.98823e-01  9.99622e-01
 2.12933e+00  9.99305e-01  9.99624e-01
 2.14558e+00  9.98773e-01  9.99631e-01
 2.16357e+00  9.98377e-01  9.99638e-01
 2.17164e+00  9.99290e-01  9.99641e-01
 2.19129e+00  9.98591e-01  9.99648e-01
 2.20667e+00  9.99186e-01  9.99654e-01
 2.21269e+00  9.98617e-01  9.99656e-01
 2.22754e+00  9.99184e-01  9.99662e-01
 2.24787e+00  9.99820e-01  9.99669e-01
 2.25507e+00  9.99058e-01  9.99672e-01
 2.27462e+00  9.98226e-01  9.99679e-01
 2.28999e+00  9.98267e-01  9.99684e-01
 2.29659e+00  9.99450e-01  9.99687e-01
 2.31222e+00  9.97809e-01  9.99692e-01
 2.33012e+00  1.00119e+00  9.99698e-01
 2.33698e+00  9.99501e-01  9.99701e-01
 2.34978e+00  1.00422e+00  9.99705e-01
 2.37170e+00  9.99152e-01  9.99713e-01
 2.37860e+00  9.99054e-01  9.99715e-01
 2.39684e+00  9.99398e-01  9.99721e-01
 2.41496e+00  9.98997e-01  9.99727e-01
 2.42225e+00  9.98400e-01  9.99730e-01
 2.44401e+00  9.98957e-01  9.99737e-01
 2.45898e+00  9.98217e-01  9.99742e-01
 2.46981e+00  9.99410e-01  9.99745e-01
 2.49060e+00  9.99688e-01  9.99752e-01
 2.50154e+00  9.98441e-01  9.99755e-01
 2.51345e+00  9.99291e-01  9.99759e-01
 2.53427e+00  9.98493e-01  9.99766e-01
 2.54449e+00  9.98613e-01  9.99769e-01
 2.55939e+00  9.99122e-01  9.99774e-01
 2.58081e+00  9.99323e-01  9.99780e-01
 2.58831e+00  9.98734e-01  9.99783e-01
 2.60791e+00  9.99316e-01  9.99789e-01
 2.62407e+00  9.99274e-01  9.99793e-01
 2.63059e+00  9.98844e-01  9.99795e-01
 2.65235e+00  9.98872e-01  9.99802e-01
 2.66648e+00  9.98499e-01  9.99806e-01
 2.67419e+00  9.98961e-01  9.99808e-01
 2.69546e+00  9.99703e-01  9.99814e-01
 2.70895e+00  9.99594e-01  9.99818e-01
 2.71784e+00  9.99588e-01  9.99821e-01
 2.73861e+00  9.99737e-01  9.99827e-01
 2.75193e+00  9.99421e-01  9.99831e-01
 2.76494e+00  9.98686e-01  9.99834e-01
 2.78632e+00  9.98460e-01  9.99840e-01
 2.79581e+00  9.99489e-01  9.99843e-01
 2.81350e+00  9.99272e-01  9.99848e-01
 2.83239e+00  9.99408e-01  9.99853e-01
 2.84089e+00  9.99494e-01  9.99855e-01
 2.86359e+00  9.98945e-01  9.99862e-01
 2.87633e+00  9.98908e-01  9.99865e-01
 2.88781e+00  9.99242e-01  9.99868e-01
 2.90931e+00  9.99690e-01  9.99874e-01
 2.91948e+00  9.99578e-01  9.99877e-01
 2.93303e+00  9.99730e-01  9.99880e-01
 2.95578e+00  9.99387e-01  9.99886e-01
 2.96270e+00  9.99346e-01  9.99888e-01
 2.98140e+00  9.99617e-01  9.99893e-01
 2.99749e+00  9.99493e-01  9.99897e-01
 3.00418e+00  9.99538e-01  9.99899e-01
 3.01770e+00  9.99568e-01  9.99902e-01
 3.03827e+00  9.99683e-01  9.99907e-01
 3.04587e+00  9.99832e-01  9.99909e-01
 3.06203e+00  9.99206e-01  9.99913e-01
 3.08076e+00  9.99947e-01  9.99918e-01
 3.08814e+00  9.99964e-01  9.99920e-01
 3.10371e+00  1.00000e+00  9.99924e-01
 3.12170e+00  9.99592e-01  9.99928e-01
 3.12859e+00  1.00014e+00  9.99930e-01
 3.14404e+00  9.99675e-01  9.99934e-01
 3.16347e+00  9.99344e-01  9.99938e-01
 3.17085e+00  9.99990e-01  9.99940e-01
 3.18434e+00  9.99431e-01  9.99943e-01
 3.20421e+00  9.99698e-01  9.99948e-01
 3.21184e+00  9.99876e-01  9.99950e-01
 3.22460e+00  9.99239e-01  9.99953e-01
 3.24388e+00  9.99168e-01  9.99958e-01
 3.25222e+00  1.00012e+00  9.99959e-01
 3.26334e+00  9.99798e-01  9.99962e-01
 3.28217e+00  9.99453e-01  9.99967e-01
 3.29376e+00  9.99893e-01  9.99969e-01
 3.30498e+00  9.99225e-01  9.99972e-01
 3.32324e+00  9.98762e-01  9.99976e-01
 3.33471e+00  9.99776e-01  9.99979e-01
 3.34328e+00  9.99679e-01  9.99981e-01
 3.36203e+00  9.99538e-01  9.99985e-01
 3.37482e+00  9.99565e-01  9.99988e-01
 3.38111e+00  9.99275e-01  9.99989e-01
 3.40222e+00  9.99122e-01  9.99994e-01
 3.41657e+00  9.99773e-01  9.99997e-01
 3.42467e+00  9.99560e-01  9.99999e-01
 3.44526e+00  9.99503e-01  1.00000e+00
 3.45818e+00  1.00030e+00  1.00001e+00
 3.46587e+00  9.99207e-01  1.00001e+00
 3.48556e+00  1.00005e+00  1.00001e+00
 3.49921e+00  9.99692e-01  1.00002e+00
 3.50611e+00  9.99609e-01  1.00002e+00
 3.52711e+00  9.99380e-01  1.00002e+00
 3.54071e+00  9.99418e-01  1.00002e+00
 3.54714e+00  9.99720e-01  1.00003e+00
 3.56472e+00  9.98939e-01  1.00003e+00
 3.58157e+00  9.99708e-01  1.00003e+00
 3.58816e+00  1.00011e+00  1.00003e+00
 3.60371e+00  9.98824e-01  1.00004e+00
 3.62170e+00  1.00009e+00  1.00004e+00
 3.62859e+00  9.99996e-01  1.00004e+00
 3.64270e+00  9.98043e-01  1.00005e+00
 3.66264e+00  1.00100e+00  1.00005e+00
 3.67084e+00  9.99284e-01  1.00005e+00
 3.68434e+00  9.99174e-01  1.00006e+00
 3.70421e+00  9.99911e-01  1.00006e+00
 3.71124e+00  9.99641e-01  1.00006e+00
 3.72315e+00  9.99551e-01  1.00006e+00
 3.74189e+00  9.98808e-01  1.00007e+00
 3.75210e+00  9.99733e-01  1.00007e+00
 3.76334e+00  9.99511e-01  1.00007e+00
 3.78162e+00  9.99383e-01  1.00008e+00
 3.79308e+00  9.99923e-01  1.00008e+00
 3.80351e+00  9.98734e-01  1.00008e+00
 3.82324e+00  9.99621e-01  1.00008e+00
 3.83471e+00  9.99844e-01  1.00009e+00
 3.84617e+00  9.99601e-01  1.00009e+00
 3.86687e+00  9.99260e-01  1.00009e+00
 3.87722e+00  1.00008e+00  1.00010e+00
 3.88834e+00  9.99323e-01  1.00010e+00
 3.90662e+00  9.99475e-01  1.00010e+00
 3.91806e+00  9.99660e-01  1.00010e+00
 3.92851e+00  9.98693e-01  1.00011e+00
 3.94680e+00  9.99689e-01  1.00011e+00
 3.95895e+00  9.98725e-01  1.00011e+00
 3.96637e+00  9.99340e-01  1.00011e+00
 3.98694e+00  9.99263e-01  1.00012e+00
 3.99982e+00  1.00024e+00  1.00012e+00
 4.00932e+00  9.99233e-01  1.00012e+00
 4.02871e+00  9.99754e-01  1.00013e+00
 4.04152e+00  9.99288e-01  1.00013e+00
 4.04964e+00  9.99508e-01  1.00013e+00
 4.06890e+00  9.99351e-01  1.00013e+00
 4.08243e+00  9.98854e-01  1.00014e+00
 4.08947e+00  9.99226e-01  1.00014e+00
 4.10909e+00  9.99537e-01  1.00014e+00
 4.12328e+00  9.99600e-01  1.00014e+00
 4.12982e+00  9.99439e-01  1.00015e+00
 4.14539e+00  1.00005e+00  1.00015e+00
 4.16410e+00  9.99669e-01  1.00015e+00
 4.17082e+00  9.99618e-01  1.00015e+00
 4.18434e+00  1.00021e+00  1.00016e+00
 4.20421e+00  9.99916e-01  1.00016e+00
 4.21245e+00  9.99006e-01  1.00016e+00
 4.22604e+00  1.00073e+00  1.00016e+00
 4.24591e+00  1.00009e+00  1.00017e+00
 4.25289e+00  9.99251e-01  1.00017e+00
 4.26481e+00  9.99147e-01  1.00017e+00
 4.28359e+00  1.00038e+00  1.00018e+00
 4.29499e+00  9.99553e-01  1.00018e+00
 4.30788e+00  1.00113e+00  1.00018e+00
 4.32720e+00  1.00030e+00  1.00018e+00
 4.33558e+00  9.99942e-01  1.00019e+00
 4.34670e+00  1.00056e+00  1.00019e+00
 4.36549e+00  9.99948e-01  1.00019e+00
 4.37645e+00  9.96005e-01  1.00019e+00
 4.38494e+00  9.99826e-01  1.00019e+00
 4.40509e+00  1.00016e+00  1.00020e+00
 4.41724e+00  9.99335e-01  1.00020e+00
 4.42464e+00  1.00005e+00  1.00020e+00
 4.44390e+00  9.99769e-01  1.00021e+00
 4.45734e+00  9.96853e-01  1.00021e+00
 4.46381e+00  9.99759e-01  1.00021e+00
 4.48140e+00  1.00009e+00  1.00021e+00
 4.49748e+00  9.96742e-01  1.00022e+00
 4.50353e+00  9.99472e-01  1.00022e+00
 4.51626e+00  1.00024e+00  1.00022e+00
 4.53558e+00  9.99832e-01  1.00022e+00
 4.54324e+00  9.97033e-01  1.00023e+00
 4.55351e+00  9.99383e-01  1.00023e+00
 4.57320e+00  9.99671e-01  1.00023e+00
 4.58463e+00  9.97167e-01  1.00023e+00
 4.59328e+00  9.99954e-01  1.00024e+00
 4.61203e+00  9.99851e-01  1.00024e+00
 4.62476e+00  9.97855e-01  1.00024e+00
 4.63046e+00  9.99991e-01  1.00024e+00
 4.64808e+00  1.00029e+00  1.00025e+00
 4.66414e+00  9.97935e-01  1.00025e+00
 4.67017e+00  9.99212e-01  1.00025e+00
 4.68290e+00  9.99581e-01  1.00025e+00
 4.70423e+00  9.98923e-01  1.00026e+00
 4.71116e+00  9.98134e-01  1.00026e+00
 4.72453e+00  9.99759e-01  1.00026e+00
 4.74523e+00  9.98792e-01  1.00027e+00
 4.75289e+00  1.00022e+00  1.00027e+00
 4.76879e+00  1.00031e+00  1.00027e+00
 4.78984e+00  9.98597e-01  1.00027e+00
 4.79709e+00  9.99722e-01  1.00028e+00
 4.81476e+00  1.00083e+00  1.00028e+00
 4.83150e+00  9.98699e-01  1.00028e+00
 4.83818e+00  9.99685e-01  1.00028e+00
 4.85640e+00  9.99919e-01  1.00029e+00
 4.87325e+00  9.99445e-01  1.00029e+00
 4.87918e+00  1.00051e+00  1.00029e+00
 4.89403e+00  1.00071e+00  1.00029e+00
 4.91408e+00  1.00132e+00  1.00030e+00
 4.92017e+00  9.99727e-01  1.00030e+00
 4.93567e+00  9.99568e-01  1.00030e+00
 4.95574e+00  1.00011e+00  1.00031e+00
 4.96248e+00  1.00067e+00  1.00031e+00
 4.98005e+00  1.00111e+00  1.00031e+00
 4.99821e+00  9.99958e-01  1.00032e+00
 5.00482e+00  9.99862e-01  1.00032e+00
 5.02446e+00  1.00030e+00  1.00032e+00
 5.04064e+00  9.99715e-01  1.00033e+00
 5.04649e+00  1.00012e+00  1.00033e+00
 5.06618e+00  1.00068e+00  1.00033e+00
 5.08313e+00  9.99745e-01  1.00033e+00
 5.09270e+00  9.99857e-01  1.00034e+00
 5.11350e+00  1.00034e+00  1.00034e+00
 5.12626e+00  9.99951e-01  1.00034e+00
 5.13436e+00  1.00007e+00  1.00035e+00
 5.15716e+00  1.00092e+00  1.00035e+00
 5.16813e+00  9.99386e-01  1.00035e+00
 5.17997e+00  1.00116e+00  1.00035e+00
 5.20087e+00  1.00027e+00  1.00036e+00
 5.20998e+00  9.99793e-01  1.00036e+00
 5.22163e+00  1.00032e+00  1.00036e+00
 5.24253e+00  1.00183e+00  1.00037e+00
 5.25217e+00  9.99766e-01  1.00037e+00
 5.26494e+00  1.00106e+00  1.00037e+00
 5.28836e+00  1.00040e+00  1.00038e+00
 5.29588e+00  1.00002e+00  1.00038e+00
 5.31614e+00  1.00041e+00  1.00039e+00
 5.33234e+00  1.00013e+00  1.00039e+00
 5.33886e+00  1.00046e+00  1.00039e+00
 5.36051e+00  1.00002e+00  1.00040e+00
 5.37479e+00  9.99781e-01  1.00040e+00
 5.38242e+00  1.00048e+00  1.00040e+00
 5.40371e+00  1.00043e+00  1.00041e+00
 5.41719e+00  9.99836e-01  1.00041e+00
 5.42601e+00  1.00022e+00  1.00041e+00
 5.44686e+00  1.00102e+00  1.00042e+00
 5.45964e+00  9.99673e-01  1.00042e+00
 5.46965e+00  1.00078e+00  1.00042e+00
 5.49124e+00  1.00071e+00  1.00043e+00
 5.50217e+00  9.99700e-01  1.00043e+00
 5.51619e+00  1.00115e+00  1.00043e+00
 5.53829e+00  1.00061e+00  1.00044e+00
 5.54514e+00  1.00022e+00  1.00044e+00
 5.56198e+00  1.00045e+00  1.00045e+00
 5.58153e+00  1.00068e+00  1.00045e+00
 5.58819e+00  1.00041e+00  1.00045e+00
 5.60776e+00  1.00110e+00  1.00046e+00
 5.62402e+00  1.00063e+00  1.00046e+00
 5.63052e+00  1.00040e+00  1.00046e+00
 5.65221e+00  1.00170e+00  1.00047e+00
 5.66643e+00  1.00120e+00  1.00047e+00
 5.67408e+00  1.00031e+00  1.00048e+00
 5.69537e+00  1.00152e+00  1.00048e+00
 5.70888e+00  1.00018e+00  1.00048e+00
 5.71770e+00  1.00134e+00  1.00049e+00
 5.73850e+00  1.00087e+00  1.00049e+00
 5.75130e+00  1.00124e+00  1.00050e+00
 5.76131e+00  1.00128e+00  1.00050e+00
 5.78223e+00  1.00116e+00  1.00051e+00
 5.79367e+00  1.00015e+00  1.00051e+00
 5.80647e+00  1.00123e+00  1.00051e+00
 5.82857e+00  1.00086e+00  1.00052e+00
 5.83683e+00  9.99971e-01  1.00052e+00
 5.85234e+00  1.00104e+00  1.00052e+00
 5.87314e+00  1.00079e+00  1.00053e+00
 5.87985e+00  1.00039e+00  1.00053e+00
 5.89946e+00  1.00106e+00  1.00054e+00
 5.91566e+00  1.00073e+00  1.00054e+00
 5.92216e+00  1.00092e+00  1.00054e+00
 5.94389e+00  1.00080e+00  1.00055e+00
 5.95813e+00  1.00179e+00  1.00055e+00
 5.96768e+00  1.00051e+00  1.00056e+00
 5.98850e+00  1.00018e+00  1.00056e+00
 6.00132e+00  1.00023e+00  1.00057e+00
 6.01267e+00  1.00007e+00  1.00057e+00
 6.03689e+00  1.00240e+00  1.00058e+00
 6.04514e+00  1.00009e+00  1.00058e+00
 6.06069e+00  1.00052e+00  1.00058e+00
 6.08074e+00  1.00114e+00  1.00059e+00
 6.08749e+00  1.00025e+00  1.00059e+00
 6.10503e+00  1.00102e+00  1.00059e+00
 6.12323e+00  1.00134e+00  1.00060e+00
 6.12985e+00  1.00072e+00  1.00060e+00
 6.15093e+00  1.00066e+00  1.00060e+00
 6.16644e+00  1.00132e+00  1.00060e+00
 6.17601e+00  1.00105e+00  1.00061e+00
 6.19686e+00  1.00103e+00  1.00061e+00
 6.20962e+00  1.00301e+00  1.00061e+00
 6.21967e+00  1.00076e+00  1.00061e+00
 6.24053e+00  1.00054e+00  1.00061e+00
 6.25151e+00  1.00136e+00  1.00061e+00
 6.26341e+00  1.00099e+00  1.00062e+00
 6.28636e+00  1.00089e+00  1.00062e+00
 6.29523e+00  1.00094e+00  1.00061e+00
 6.31341e+00  1.00007e+00  1.00061e+00
 6.33171e+00  1.00115e+00  1.00061e+00
 6.33884e+00  1.00085e+00  1.00061e+00
 6.36053e+00  1.00042e+00  1.00061e+00
 6.37556e+00  1.00151e+00  1.00060e+00
 6.38436e+00  9.99905e-01  1.00060e+00
 6.40518e+00  9.99829e-01  1.00059e+00
 6.41796e+00  1.00072e+00  1.00059e+00
 6.42997e+00  1.00058e+00  1.00058e+00
 6.45087e+00  9.99868e-01  1.00057e+00
 6.46106e+00  1.00073e+00  1.00056e+00
 6.47462e+00  1.00057e+00  1.00055e+00
 6.49663e+00  1.00059e+00  1.00053e+00
 6.50410e+00  9.99907e-01  1.00053e+00
 6.52171e+00  1.00032e+00  1.00051e+00
 6.53989e+00  1.00016e+00  1.00049e+00
 6.54713e+00  1.00003e+00  1.00048e+00
 6.57037e+00  9.99502e-01  1.00045e+00
 6.58387e+00  1.00054e+00  1.00043e+00
 6.59465e+00  1.00014e+00  1.00042e+00
 6.61553e+00  9.99626e-01  1.00038e+00
 6.62702e+00  1.00008e+00  1.00037e+00
 6.63979e+00  9.99549e-01  1.00034e+00
 6.66126e+00  9.99945e-01  1.00031e+00
 6.67002e+00  1.00060e+00  1.00029e+00
 6.68569e+00  1.00030e+00  1.00027e+00
 6.70574e+00  1.00065e+00  1.00024e+00
 6.71313e+00  1.00054e+00  1.00023e+00
 6.73276e+00  1.00033e+00  1.00020e+00
 6.74904e+00  1.00042e+00  1.00019e+00
 6.75741e+00  9.99702e-01  1.00018e+00
 6.77869e+00  1.00075e+00  1.00018e+00
 6.79239e+00  9.99797e-01  1.00019e+00
 6.80497e+00  1.00084e+00  1.00021e+00
 6.82587e+00  1.01159e+00  1.00026e+00
 6.83662e+00  1.00066e+00  1.00030e+00
 6.85234e+00  1.00125e+00  1.00038e+00
 6.87260e+00  1.00072e+00  1.00052e+00
 6.88241e+00  1.00088e+00  1.00060e+00
 6.90369e+00  1.00188e+00  1.00083e+00
 6.91720e+00  1.00036e+00  1.00101e+00
 6.92797e+00  1.00157e+00  1.00118e+00
 6.94948e+00  1.00239e+00  1.00156e+00
 6.96162e+00  1.00079e+00  1.00181e+00
 6.97734e+00  1.00236e+00  1.00217e+00
 6.99823e+00  1.00086e+00  1.00271e+00
 7.00486e+00  9.93743e-01  1.00289e+00
 7.02444e+00  1.00389e+00  1.00345e+00
 7.04068e+00  1.00050e+00  1.00394e+00
 7.04906e+00  9.95672e-01  1.00419e+00
 7.07182e+00  1.00479e+00  1.00488e+00
 7.08519e+00  9.92601e-01  1.00526e+00
 7.09964e+00  1.00593e+00  1.00565e+00
 7.12163e+00  1.00337e+00  1.00617e+00
 7.12850e+00  9.94917e-01  1.00631e+00
 7.14400e+00  1.00641e+00  1.00657e+00
 7.16410e+00  1.00323e+00  1.00681e+00
 7.17209e+00  9.98138e-01  1.00687e+00
 7.19389e+00  1.00796e+00  1.00692e+00
 7.20813e+00  1.00094e+00  1.00688e+00
 7.21576e+00  1.00085e+00  1.00683e+00
 7.23703e+00  1.00871e+00  1.00661e+00
