1962
 1.73868e+03  9.98811e-01  1.00021e+00
 1.73870e+03  9.96306e-01  1.00021e+00
 1.73872e+03  9.95364e-01  1.00021e+00
 1.73874e+03  9.95761e-01  1.00021e+00
 1.73876e+03  9.95712e-01  1.00021e+00
 1.73879e+03  9.95880e-01  1.00021e+00
 1.73881e+03  9.97121e-01  1.00021e+00
 1.73883e+03  9.95975e-01  1.00021e+00
 1.73885e+03  9.95102e-01  1.00021e+00
 1.73887e+03  9.95436e-01  1.00021e+00
 1.73889e+03  9.95736e-01  1.00021e+00
 1.73891e+03  9.96079e-01  1.00021e+00
 1.73893e+03  9.95507e-01  1.00021e+00
 1.73895e+03  9.95205e-01  1.00021e+00
 1.73897e+03  9.95874e-01  1.00021e+00
 1.73899e+03  9.95675e-01  1.00021e+00
 1.73901e+03  9.94339e-01  1.00021e+00
 1.73904e+03  9.95378e-01  1.00021e+00
 1.73906e+03  9.96609e-01  1.00021e+00
 1.73908e+03  9.96253e-01  1.00021e+00
 1.73910e+03  9.94376e-01  1.00021e+00
 1.73912e+03  9.94614e-01  1.00021e+00
 1.73914e+03  9.95300e-01  1.00021e+00
 1.73916e+03  9.96366e-01  1.00021e+00
 1.73918e+03  9.95011e-01  1.00021e+00
 1.73920e+03  9.96732e-01  1.00021e+00
 1.73922e+03  9.96320e-01  1.00021e+00
 1.73924e+03  9.95244e-01  1.00021e+00
 1.73926e+03  9.96918e-01  1.00021e+00
 1.73929e+03  9.94881e-01  1.00021e+00
 1.73931e+03  9.97543e-01  1.00021e+00
 1.73933e+03  9.94638e-01  1.00021e+00
 1.73935e+03  9.94616e-01  1.00021e+00
 1.73937e+03  9.97460e-01  1.00021e+00
 1.73939e+03  9.95822e-01  1.00021e+00
 1.73943e+03  9.93684e-01  1.00021e+00
 1.73947e+03  9.95849e-01  1.00021e+00
 1.73949e+03  9.97684e-01  1.00021e+00
 1.73951e+03  9.98550e-01  1.00021e+00
 1.73954e+03  9.95883e-01  1.00021e+00
 1.73956e+03  9.94600e-01  1.00021e+00
 1.73958e+03  9.95629e-01  1.00021e+00
 1.73960e+03  9.94891e-01  1.00021e+00
 1.73962e+03  9.95503e-01  1.00021e+00
 1.73964e+03  9.96994e-01  1.00021e+00
 1.73966e+03  9.94655e-01  1.00021e+00
 1.73968e+03  9.95622e-01  1.00021e+00
 1.73970e+03  9.95702e-01  1.00021e+00
 1.73972e+03  9.95770e-01  1.00021e+00
 1.73974e+03  9.94657e-01  1.00021e+00
 1.73976e+03  9.94587e-01  1.00021e+00
 1.73979e+03  9.95698e-01  1.00021e+00
 1.73981e+03  9.96505e-01  1.00021e+00
 1.73983e+03  9.95589e-01  1.00021e+00
 1.73985e+03  9.95143e-01  1.00021e+00
 1.73987e+03  9.95356e-01  1.00021e+00
 1.73989e+03  9.95162e-01  1.00021e+00
 1.73991e+03  9.95235e-01  1.00021e+00
 1.73993e+03  9.95089e-01  1.00021e+00
 1.73995e+03  9.95514e-01  1.00021e+00
 1.73997e+03  9.96966e-01  1.00021e+00
 1.73999e+03  9.95769e-01  1.00021e+00
 1.74001e+03  9.93619e-01  1.00021e+00
 1.74004e+03  9.95275e-01  1.00021e+00
 1.74006e+03  9.96110e-01  1.00021e+00
 1.74008e+03  9.95507e-01  1.00021e+00
 1.74010e+03  9.95601e-01  1.00021e+00
 1.74012e+03  9.95447e-01  1.00021e+00
 1.74014e+03  9.94766e-01  1.00021e+00
 1.74016e+03  9.96973e-01  1.00021e+00
 1.74018e+03  9.95597e-01  1.00021e+00
 1.74020e+03  9.96098e-01  1.00021e+00
 1.74022e+03  9.96065e-01  1.00021e+00
 1.74024e+03  9.96207e-01  1.00021e+00
 1.74026e+03  9.97203e-01  1.00021e+00
 1.74029e+03  9.97727e-01  1.00021e+00
 1.74031e+03  9.97174e-01  1.00021e+00
 1.74033e+03  9.97014e-01  1.00021e+00
 1.74035e+03  9.97905e-01  1.00021e+00
 1.74037e+03  9.98673e-01  1.00021e+00
 1.74039e+03  9.97700e-01  1.00021e+00
 1.74041e+03  9.98087e-01  1.00021e+00
 1.74043e+03  9.98945e-01  1.00021e+00
 1.74045e+03  9.97898e-01  1.00021e+00
 1.74047e+03  9.98045e-01  1.00021e+00
 1.74049e+03  9.95884e-01  1.00021e+00
 1.74051e+03  9.96783e-01  1.00021e+00
 1.74054e+03  9.96983e-01  1.00021e+00
 1.74056e+03  9.98650e-01  1.00021e+00
 1.74058e+03  1.00071e+00  1.00021e+00
 1.74060e+03  9.98404e-01  1.00021e+00
 1.74062e+03  9.98425e-01  1.00021e+00
 1.74064e+03  9.99960e-01  1.00021e+00
 1.74066e+03  9.95211e-01  1.00021e+00
 1.74068e+03  9.99376e-01  1.00021e+00
 1.74070e+03  1.00265e+00  1.00021e+00
 1.74074e+03  9.98596e-01  1.00021e+00
 1.74076e+03  9.99393e-01  1.00021e+00
 1.74081e+03  9.98247e-01  1.00021e+00
 1.74083e+03  1.00086e+00  1.00021e+00
 1.74085e+03  1.00183e+00  1.00021e+00
 1.74087e+03  1.00095e+00  1.00021e+00
 1.74089e+03  1.00142e+00  1.00021e+00
 1.74091e+03  9.97030e-01  1.00021e+00
 1.74093e+03  1.00102e+00  1.00021e+00
 1.74097e+03  1.00273e+00  1.00021e+00
 1.74099e+03  1.00369e+00  1.00021e+00
 1.74101e+03  1.00351e+00  1.00021e+00
 1.74104e+03  1.00521e+00  1.00021e+00
 1.74106e+03  1.00681e+00  1.00021e+00
 1.74108e+03  1.00539e+00  1.00021e+00
 1.74110e+03  1.00640e+00  1.00021e+00
 1.74112e+03  1.00646e+00  1.00021e+00
 1.74114e+03  1.00453e+00  1.00021e+00
 1.74116e+03  1.00794e+00  1.00021e+00
 1.74118e+03  1.00833e+00  1.00021e+00
 1.74120e+03  1.00839e+00  1.00021e+00
 1.74122e+03  1.00827e+00  1.00021e+00
 1.74124e+03  1.00584e+00  1.00021e+00
 1.74126e+03  1.00796e+00  1.00021e+00
 1.74129e+03  1.00865e+00  1.00021e+00
 1.74131e+03  1.00728e+00  1.00021e+00
 1.74133e+03  1.00852e+00  1.00021e+00
 1.74135e+03  1.00821e+00  1.00021e+00
 1.74137e+03  1.00955e+00  1.00021e+00
 1.74139e+03  1.00876e+00  1.00021e+00
 1.74141e+03  1.00714e+00  1.00021e+00
 1.74143e+03  1.00990e+00  1.00021e+00
 1.74145e+03  1.00952e+00  1.00021e+00
 1.74147e+03  1.01070e+00  1.00021e+00
 1.74149e+03  1.01141e+00  1.00021e+00
 1.74151e+03  1.00984e+00  1.00021e+00
 1.74154e+03  1.00954e+00  1.00021e+00
 1.74156e+03  1.01014e+00  1.00021e+00
 1.74158e+03  1.01084e+00  1.00021e+00
 1.74160e+03  1.01122e+00  1.00021e+00
 1.74162e+03  1.01015e+00  1.00021e+00
 1.74164e+03  1.00887e+00  1.00021e+00
 1.74166e+03  1.00826e+00  1.00021e+00
 1.74168e+03  1.00739e+00  1.00021e+00
 1.74170e+03  1.00927e+00  1.00021e+00
 1.74172e+03  1.00756e+00  1.00021e+00
 1.74174e+03  1.00807e+00  1.00021e+00
 1.74179e+03  1.00442e+00  1.00021e+00
 1.74181e+03  1.00431e+00  1.00021e+00
 1.74185e+03  1.00670e+00  1.00021e+00
 1.74187e+03  1.00765e+00  1.00021e+00
 1.74191e+03  1.00591e+00  1.00021e+00
 1.74193e+03  1.00509e+00  1.00021e+00
 1.74195e+03  1.00450e+00  1.00021e+00
 1.74197e+03  1.00663e+00  1.00021e+00
 1.74199e+03  1.00313e+00  1.00021e+00
 1.74201e+03  1.00851e+00  1.00021e+00
 1.74204e+03  1.00545e+00  1.00021e+00
 1.74206e+03  1.00397e+00  1.00021e+00
 1.74208e+03  1.00421e+00  1.00021e+00
 1.74210e+03  1.00220e+00  1.00021e+00
 1.74212e+03  1.00515e+00  1.00021e+00
 1.74214e+03  1.00489e+00  1.00021e+00
 1.74216e+03  1.00340e+00  1.00021e+00
 1.74218e+03  1.00560e+00  1.00021e+00
 1.74222e+03  1.00404e+00  1.00021e+00
 1.74226e+03  1.00222e+00  1.00021e+00
 1.74229e+03  1.00483e+00  1.00021e+00
 1.74231e+03  1.00437e+00  1.00021e+00
 1.74233e+03  1.00480e+00  1.00021e+00
 1.74235e+03  1.00202e+00  1.00021e+00
 1.74237e+03  1.00365e+00  1.00021e+00
 1.74239e+03  1.00260e+00  1.00021e+00
 1.74241e+03  1.00130e+00  1.00021e+00
 1.74243e+03  1.00374e+00  1.00021e+00
 1.74245e+03  1.00222e+00  1.00021e+00
 1.74249e+03  1.00252e+00  1.00021e+00
 1.74251e+03  1.00141e+00  1.00021e+00
 1.74254e+03  1.00123e+00  1.00021e+00
 1.74256e+03  1.00218e+00  1.00021e+00
 1.74258e+03  1.00050e+00  1.00021e+00
 1.74260e+03  1.00294e+00  1.00021e+00
 1.74262e+03  1.00227e+00  1.00021e+00
 1.74264e+03  1.00167e+00  1.00021e+00
 1.74266e+03  1.00204e+00  1.00021e+00
 1.74268e+03  1.00023e+00  1.00021e+00
 1.74270e+03  1.00306e+00  1.00021e+00
 1.74272e+03  1.00299e+00  1.00021e+00
 1.74274e+03  1.00000e+00  1.00021e+00
 1.74276e+03  1.00088e+00  1.00021e+00
 1.74279e+03  1.00020e+00  1.00021e+00
 1.74281e+03  1.00021e+00  1.00021e+00
 1.74283e+03  1.00048e+00  1.00021e+00
 1.74285e+03  1.00069e+00  1.00021e+00
 1.74287e+03  9.98631e-01  1.00021e+00
 1.74289e+03  9.99255e-01  1.00021e+00
 1.74291e+03  9.99639e-01  1.00021e+00
 1.74293e+03  9.99699e-01  1.00021e+00
 1.74295e+03  9.97506e-01  1.00021e+00
 1.74297e+03  9.98438e-01  1.00021e+00
 1.74299e+03  9.99892e-01  1.00021e+00
 1.74301e+03  9.98896e-01  1.00021e+00
 1.74304e+03  1.00055e+00  1.00021e+00
 1.74306e+03  9.99288e-01  1.00021e+00
 1.74308e+03  9.99830e-01  1.00021e+00
 1.74310e+03  9.99817e-01  1.00021e+00
 1.74312e+03  1.00058e+00  1.00021e+00
 1.74314e+03  1.00208e+00  1.00021e+00
 1.74316e+03  9.99143e-01  1.00021e+00
 1.74318e+03  9.99226e-01  1.00021e+00
 1.74320e+03  9.98899e-01  1.00021e+00
 1.74322e+03  9.98608e-01  1.00021e+00
 1.74324e+03  9.99749e-01  1.00021e+00
 1.74326e+03  9.99653e-01  1.00021e+00
 1.74329e+03  9.99869e-01  1.00021e+00
 1.74331e+03  9.99221e-01  1.00021e+00
 1.74333e+03  9.98092e-01  1.00021e+00
 1.74335e+03  9.98024e-01  1.00021e+00
 1.74337e+03  9.99380e-01  1.00021e+00
 1.74339e+03  9.98869e-01  1.00021e+00
 1.74341e+03  9.99393e-01  1.00021e+00
 1.74343e+03  9.98811e-01  1.00021e+00
 1.74345e+03  9.99807e-01  1.00020e+00
 1.74347e+03  9.99532e-01  1.00020e+00
 1.74349e+03  9.98820e-01  1.00020e+00
 1.74351e+03  9.99113e-01  1.00020e+00
 1.74354e+03  9.99982e-01  1.00020e+00
 1.74356e+03  1.00088e+00  1.00020e+00
 1.74358e+03  1.00107e+00  1.00020e+00
 1.74360e+03  1.00123e+00  1.00020e+00
 1.74362e+03  9.99580e-01  1.00020e+00
 1.74364e+03  9.99430e-01  1.00020e+00
 1.74366e+03  1.00018e+00  1.00020e+00
 1.74368e+03  1.00049e+00  1.00020e+00
 1.74370e+03  1.00061e+00  1.00020e+00
 1.74372e+03  9.99676e-01  1.00020e+00
 1.74374e+03  9.97190e-01  1.00020e+00
 1.74376e+03  9.98470e-01  1.00020e+00
 1.74379e+03  9.99203e-01  1.00020e+00
 1.74381e+03  9.99301e-01  1.00020e+00
 1.74383e+03  9.99879e-01  1.00020e+00
 1.74385e+03  9.98819e-01  1.00020e+00
 1.74387e+03  9.99656e-01  1.00020e+00
 1.74389e+03  1.00122e+00  1.00020e+00
 1.74391e+03  1.00026e+00  1.00020e+00
 1.74393e+03  9.99409e-01  1.00020e+00
 1.74395e+03  9.99025e-01  1.00020e+00
 1.74397e+03  1.00050e+00  1.00020e+00
 1.74399e+03  1.00161e+00  1.00020e+00
 1.74401e+03  1.00163e+00  1.00020e+00
 1.74404e+03  1.00010e+00  1.00020e+00
 1.74406e+03  9.98795e-01  1.00020e+00
 1.74408e+03  1.00057e+00  1.00020e+00
 1.74410e+03  1.00078e+00  1.00020e+00
 1.74412e+03  1.00052e+00  1.00020e+00
 1.74414e+03  9.99810e-01  1.00020e+00
 1.74416e+03  9.99965e-01  1.00020e+00
 1.74418e+03  1.00035e+00  1.00020e+00
 1.74420e+03  1.00062e+00  1.00020e+00
 1.74422e+03  9.99942e-01  1.00020e+00
 1.74424e+03  9.99178e-01  1.00020e+00
 1.74426e+03  9.99202e-01  1.00020e+00
 1.74429e+03  9.99427e-01  1.00020e+00
 1.74431e+03  1.00016e+00  1.00020e+00
 1.74433e+03  9.98561e-01  1.00020e+00
 1.74435e+03  1.00055e+00  1.00020e+00
 1.74437e+03  9.98796e-01  1.00020e+00
 1.74439e+03  1.00038e+00  1.00020e+00
 1.74441e+03  1.00033e+00  1.00020e+00
 1.74443e+03  9.98933e-01  1.00020e+00
 1.74445e+03  9.99298e-01  1.00020e+00
 1.74447e+03  9.98920e-01  1.00020e+00
 1.74449e+03  1.00037e+00  1.00020e+00
 1.74451e+03  9.99534e-01  1.00020e+00
 1.74456e+03  9.98846e-01  1.00020e+00
 1.74458e+03  9.99902e-01  1.00020e+00
 1.74460e+03  9.98023e-01  1.00020e+00
 1.74462e+03  9.98820e-01  1.00020e+00
 1.74464e+03  9.98669e-01  1.00020e+00
 1.74466e+03  9.99701e-01  1.00020e+00
 1.74468e+03  9.98554e-01  1.00020e+00
 1.74470e+03  9.98819e-01  1.00020e+00
 1.74472e+03  9.99622e-01  1.00020e+00
 1.74474e+03  9.99030e-01  1.00020e+00
 1.74476e+03  9.99477e-01  1.00020e+00
 1.74479e+03  1.00023e+00  1.00020e+00
 1.74481e+03  9.96190e-01  1.00020e+00
 1.74483e+03  9.98979e-01  1.00020e+00
 1.74485e+03  9.99200e-01  1.00020e+00
 1.74487e+03  9.98140e-01  1.00020e+00
 1.74489e+03  9.99506e-01  1.00020e+00
 1.74491e+03  9.97444e-01  1.00020e+00
 1.74493e+03  9.98595e-01  1.00020e+00
 1.74495e+03  9.98252e-01  1.00020e+00
 1.74497e+03  9.96343e-01  1.00020e+00
 1.74499e+03  9.99176e-01  1.00020e+00
 1.74501e+03  9.98891e-01  1.00020e+00
 1.74504e+03  9.98260e-01  1.00020e+00
 1.74506e+03  9.98318e-01  1.00020e+00
 1.74508e+03  9.99709e-01  1.00020e+00
 1.74510e+03  9.99847e-01  1.00020e+00
 1.74512e+03  9.98257e-01  1.00020e+00
 1.74514e+03  9.98433e-01  1.00020e+00
 1.74516e+03  9.99239e-01  1.00020e+00
 1.74518e+03  1.00217e+00  1.00020e+00
 1.74520e+03  9.98345e-01  1.00020e+00
 1.74522e+03  1.00060e+00  1.00020e+00
 1.74524e+03  9.99346e-01  1.00020e+00
 1.74526e+03  9.99362e-01  1.00020e+00
 1.74529e+03  9.99438e-01  1.00020e+00
 1.74531e+03  9.99668e-01  1.00020e+00
 1.74533e+03  9.99868e-01  1.00020e+00
 1.74535e+03  1.00091e+00  1.00020e+00
 1.74537e+03  9.99437e-01  1.00020e+00
 1.74539e+03  9.96695e-01  1.00020e+00
 1.74541e+03  9.99705e-01  1.00020e+00
 1.74543e+03  9.98232e-01  1.00020e+00
 1.74545e+03  1.00013e+00  1.00020e+00
 1.74547e+03  9.99477e-01  1.00020e+00
 1.74549e+03  1.00054e+00  1.00020e+00
 1.74551e+03  1.00096e+00  1.00020e+00
 1.74554e+03  9.97086e-01  1.00020e+00
 1.74556e+03  1.00007e+00  1.00020e+00
 1.74558e+03  9.98443e-01  1.00020e+00
 1.74560e+03  1.00077e+00  1.00020e+00
 1.74562e+03  1.00079e+00  1.00020e+00
 1.74564e+03  9.99593e-01  1.00020e+00
 1.74566e+03  1.00175e+00  1.00020e+00
 1.74568e+03  9.99346e-01  1.00020e+00
 1.74570e+03  9.97906e-01  1.00020e+00
 1.74572e+03  9.99051e-01  1.00020e+00
 1.74574e+03  9.98593e-01  1.00020e+00
 1.74576e+03  9.99694e-01  1.00020e+00
 1.74579e+03  1.00041e+00  1.00020e+00
 1.74581e+03  9.98898e-01  1.00020e+00
 1.74583e+03  9.99033e-01  1.00020e+00
 1.74585e+03  9.97339e-01  1.00020e+00
 1.74587e+03  9.97172e-01  1.00020e+00
 1.74591e+03  9.99450e-01  1.00020e+00
 1.74593e+03  1.00028e+00  1.00020e+00
 1.74595e+03  9.99159e-01  1.00020e+00
 1.74597e+03  9.98098e-01  1.00020e+00
 1.74599e+03  9.98802e-01  1.00020e+00
 1.74601e+03  1.00000e+00  1.00020e+00
 1.74604e+03  1.00125e+00  1.00020e+00
 1.74606e+03  1.00026e+00  1.00020e+00
 1.74608e+03  1.00079e+00  1.00020e+00
 1.74610e+03  1.00075e+00  1.00020e+00
 1.74612e+03  9.98730e-01  1.00020e+00
 1.74614e+03  9.98975e-01  1.00020e+00
 1.74616e+03  9.99582e-01  1.00020e+00
 1.74618e+03  9.98699e-01  1.00020e+00
 1.74620e+03  9.99708e-01  1.00020e+00
 1.74622e+03  9.99605e-01  1.00020e+00
 1.74624e+03  1.00025e+00  1.00020e+00
 1.74626e+03  9.98387e-01  1.00020e+00
 1.74629e+03  9.97914e-01  1.00020e+00
 1.74631e+03  9.99702e-01  1.00020e+00
 1.74633e+03  9.99445e-01  1.00020e+00
 1.74635e+03  1.00065e+00  1.00020e+00
 1.74637e+03  1.00111e+00  1.00020e+00
 1.74639e+03  1.00087e+00  1.00020e+00
 1.74641e+03  1.00110e+00  1.00020e+00
 1.74643e+03  9.99419e-01  1.00020e+00
 1.74645e+03  9.99484e-01  1.00020e+00
 1.74647e+03  9.99857e-01  1.00020e+00
 1.74649e+03  1.00052e+00  1.00020e+00
 1.74651e+03  1.00160e+00  1.00020e+00
 1.74654e+03  9.98052e-01  1.00020e+00
 1.74656e+03  9.99451e-01  1.00020e+00
 1.74658e+03  1.00056e+00  1.00020e+00
 1.74662e+03  1.00055e+00  1.00020e+00
 1.74664e+03  9.98755e-01  1.00020e+00
 1.74666e+03  1.00026e+00  1.00020e+00
 1.74668e+03  1.00024e+00  1.00020e+00
 1.74670e+03  9.99853e-01  1.00020e+00
 1.74672e+03  1.00082e+00  1.00020e+00
 1.74674e+03  9.99475e-01  1.00020e+00
 1.74676e+03  1.00005e+00  1.00020e+00
 1.74679e+03  1.00089e+00  1.00020e+00
 1.74681e+03  9.99981e-01  1.00020e+00
 1.74685e+03  1.00047e+00  1.00020e+00
 1.74687e+03  9.99564e-01  1.00020e+00
 1.74691e+03  9.99910e-01  1.00020e+00
 1.74693e+03  1.00222e+00  1.00020e+00
 1.74695e+03  9.99385e-01  1.00020e+00
 1.74697e+03  1.00008e+00  1.00020e+00
 1.74699e+03  1.00117e+00  1.00020e+00
 1.74701e+03  1.00121e+00  1.00020e+00
 1.74704e+03  9.99245e-01  1.00020e+00
 1.74706e+03  1.00081e+00  1.00020e+00
 1.74708e+03  1.00126e+00  1.00020e+00
 1.74710e+03  1.00092e+00  1.00020e+00
 1.74712e+03  1.00041e+00  1.00020e+00
 1.74714e+03  9.99535e-01  1.00020e+00
 1.74716e+03  1.00008e+00  1.00020e+00
 1.74718e+03  1.00166e+00  1.00020e+00
 1.74720e+03  1.00254e+00  1.00020e+00
 1.74722e+03  9.99700e-01  1.00020e+00
 1.74724e+03  1.00109e+00  1.00020e+00
 1.74726e+03  1.00219e+00  1.00020e+00
 1.74729e+03  1.00197e+00  1.00020e+00
 1.74731e+03  1.00135e+00  1.00020e+00
 1.74733e+03  1.00183e+00  1.00020e+00
 1.74735e+03  1.00244e+00  1.00020e+00
 1.74737e+03  1.00049e+00  1.00020e+00
 1.74739e+03  1.00135e+00  1.00020e+00
 1.74741e+03  1.00187e+00  1.00020e+00
 1.74743e+03  1.00199e+00  1.00020e+00
 1.74745e+03  1.00219e+00  1.00020e+00
 1.74747e+03  1.00145e+00  1.00020e+00
 1.74749e+03  1.00129e+00  1.00020e+00
 1.74751e+03  1.00155e+00  1.00020e+00
 1.74754e+03  1.00214e+00  1.00020e+00
 1.74756e+03  1.00122e+00  1.00020e+00
 1.74758e+03  1.00082e+00  1.00020e+00
 1.74760e+03  9.98898e-01  1.00020e+00
 1.74762e+03  1.00356e+00  1.00020e+00
 1.74764e+03  9.99265e-01  1.00020e+00
 1.74766e+03  1.00122e+00  1.00020e+00
 1.74768e+03  1.00192e+00  1.00020e+00
 1.74770e+03  1.00223e+00  1.00020e+00
 1.74772e+03  1.00380e+00  1.00020e+00
 1.74774e+03  1.00261e+00  1.00020e+00
 1.74776e+03  9.99962e-01  1.00020e+00
 1.74779e+03  1.00197e+00  1.00020e+00
 1.74781e+03  1.00237e+00  1.00020e+00
 1.74783e+03  1.00070e+00  1.00020e+00
 1.74785e+03  1.00154e+00  1.00020e+00
 1.74787e+03  1.00023e+00  1.00020e+00
 1.74789e+03  1.00178e+00  1.00020e+00
 1.74791e+03  1.00506e+00  1.00020e+00
 1.74793e+03  1.00349e+00  1.00020e+00
 1.74795e+03  1.00061e+00  1.00020e+00
 1.74797e+03  1.00271e+00  1.00020e+00
 1.74801e+03  1.00094e+00  1.00020e+00
 1.74804e+03  1.00283e+00  1.00020e+00
 1.74806e+03  1.00101e+00  1.00020e+00
 1.74808e+03  1.00169e+00  1.00020e+00
 1.74812e+03  9.99864e-01  1.00020e+00
 1.74814e+03  1.00291e+00  1.00020e+00
 1.74816e+03  1.00217e+00  1.00020e+00
 1.74818e+03  1.00169e+00  1.00020e+00
 1.74820e+03  1.00219e+00  1.00020e+00
 1.74822e+03  1.00097e+00  1.00020e+00
 1.74824e+03  1.00154e+00  1.00020e+00
 1.74826e+03  1.00143e+00  1.00020e+00
 1.74829e+03  9.99868e-01  1.00020e+00
 1.74831e+03  1.00380e+00  1.00020e+00
 1.74833e+03  1.00145e+00  1.00020e+00
 1.74835e+03  1.00360e+00  1.00020e+00
 1.74839e+03  9.99881e-01  1.00020e+00
 1.74841e+03  1.00182e+00  1.00020e+00
 1.74843e+03  1.00432e+00  1.00020e+00
 1.74845e+03  1.00349e+00  1.00020e+00
 1.74847e+03  1.00177e+00  1.00020e+00
 1.74849e+03  1.00231e+00  1.00020e+00
 1.74851e+03  1.00191e+00  1.00020e+00
 1.74856e+03  1.00205e+00  1.00020e+00
 1.74858e+03  1.00225e+00  1.00020e+00
 1.74860e+03  1.00224e+00  1.00020e+00
 1.74862e+03  1.00303e+00  1.00020e+00
 1.74864e+03  1.00155e+00  1.00020e+00
 1.74866e+03  1.00095e+00  1.00020e+00
 1.74868e+03  1.00050e+00  1.00020e+00
 1.74870e+03  1.00062e+00  1.00020e+00
 1.74872e+03  1.00108e+00  1.00020e+00
 1.74874e+03  1.00211e+00  1.00020e+00
 1.74876e+03  1.00126e+00  1.00020e+00
 1.74879e+03  1.00147e+00  1.00020e+00
 1.74881e+03  9.98151e-01  1.00020e+00
 1.74883e+03  9.99028e-01  1.00020e+00
 1.74885e+03  1.00029e+00  1.00020e+00
 1.74887e+03  1.00133e+00  1.00020e+00
 1.74889e+03  1.00074e+00  1.00020e+00
 1.74891e+03  9.99973e-01  1.00020e+00
 1.74893e+03  1.00032e+00  1.00020e+00
 1.74895e+03  9.99223e-01  1.00020e+00
 1.74897e+03  1.00023e+00  1.00020e+00
 1.74899e+03  1.00039e+00  1.00020e+00
 1.74901e+03  9.99603e-01  1.00020e+00
 1.74904e+03  1.00071e+00  1.00020e+00
 1.74906e+03  9.99508e-01  1.00020e+00
 1.74908e+03  9.99906e-01  1.00020e+00
 1.74910e+03  1.00014e+00  1.00020e+00
 1.74912e+03  9.96200e-01  1.00020e+00
 1.74914e+03  9.99322e-01  1.00020e+00
 1.74916e+03  1.00098e+00  1.00020e+00
 1.74918e+03  1.00139e+00  1.00020e+00
 1.74920e+03  9.99474e-01  1.00020e+00
 1.74922e+03  9.96473e-01  1.00020e+00
 1.74924e+03  9.98624e-01  1.00020e+00
 1.74926e+03  1.00043e+00  1.00020e+00
 1.74929e+03  9.98937e-01  1.00020e+00
 1.74931e+03  9.99601e-01  1.00020e+00
 1.74933e+03  9.99499e-01  1.00020e+00
 1.74935e+03  9.98630e-01  1.00020e+00
 1.74937e+03  1.00138e+00  1.00020e+00
 1.74939e+03  9.99958e-01  1.00020e+00
 1.74941e+03  9.99212e-01  1.00020e+00
 1.74943e+03  1.00038e+00  1.00020e+00
 1.74945e+03  1.00059e+00  1.00020e+00
 1.74947e+03  1.00050e+00  1.00020e+00
 1.74949e+03  9.98289e-01  1.00020e+00
 1.74951e+03  1.00121e+00  1.00020e+00
 1.74954e+03  1.00020e+00  1.00020e+00
 1.74956e+03  9.99714e-01  1.00020e+00
 1.74958e+03  9.99012e-01  1.00020e+00
 1.74960e+03  9.98575e-01  1.00020e+00
 1.74962e+03  1.00031e+00  1.00020e+00
 1.74964e+03  1.00427e+00  1.00020e+00
 1.74966e+03  1.00465e+00  1.00020e+00
 1.74968e+03  1.00481e+00  1.00020e+00
 1.74970e+03  1.00301e+00  1.00020e+00
 1.74972e+03  1.00477e+00  1.00020e+00
 1.74974e+03  1.00302e+00  1.00020e+00
 1.74976e+03  1.00201e+00  1.00020e+00
 1.74979e+03  1.00395e+00  1.00020e+00
 1.74981e+03  1.00147e+00  1.00020e+00
 1.74983e+03  1.00194e+00  1.00020e+00
 1.74985e+03  1.00258e+00  1.00020e+00
 1.74987e+03  1.00275e+00  1.00020e+00
 1.74989e+03  1.00099e+00  1.00020e+00
 1.74991e+03  1.00166e+00  1.00020e+00
 1.74993e+03  1.00259e+00  1.00020e+00
 1.74995e+03  1.00251e+00  1.00020e+00
 1.74997e+03  1.00003e+00  1.00020e+00
 1.74999e+03  1.00031e+00  1.00020e+00
 1.75001e+03  9.99169e-01  1.00020e+00
 1.75004e+03  9.99954e-01  1.00020e+00
 1.75006e+03  1.00136e+00  1.00020e+00
 1.75008e+03  9.99873e-01  1.00020e+00
 1.75010e+03  1.00102e+00  1.00020e+00
 1.75012e+03  9.99065e-01  1.00020e+00
 1.75014e+03  9.99964e-01  1.00020e+00
 1.75016e+03  9.99875e-01  1.00020e+00
 1.75018e+03  9.99745e-01  1.00020e+00
 1.75020e+03  9.98782e-01  1.00020e+00
 1.75022e+03  9.98326e-01  1.00020e+00
 1.75024e+03  9.99188e-01  1.00020e+00
 1.75026e+03  1.00188e+00  1.00020e+00
 1.75029e+03  1.00185e+00  1.00020e+00
 1.75031e+03  1.00106e+00  1.00020e+00
 1.75033e+03  9.99283e-01  1.00020e+00
 1.75035e+03  9.98085e-01  1.00020e+00
 1.75168e+03  1.00499e+00  1.00020e+00
 1.75170e+03  1.00588e+00  1.00020e+00
 1.75172e+03  1.00539e+00  1.00020e+00
 1.75174e+03  1.00628e+00  1.00020e+00
 1.75176e+03  1.00442e+00  1.00020e+00
 1.75179e+03  1.00377e+00  1.00020e+00
 1.75181e+03  1.00510e+00  1.00020e+00
 1.75183e+03  1.00391e+00  1.00020e+00
 1.75185e+03  1.00403e+00  1.00020e+00
 1.75187e+03  1.00565e+00  1.00020e+00
 1.75189e+03  1.00468e+00  1.00020e+00
 1.75191e+03  1.00431e+00  1.00020e+00
 1.75193e+03  1.00420e+00  1.00020e+00
 1.75195e+03  1.00434e+00  1.00020e+00
 1.75197e+03  1.00394e+00  1.00020e+00
 1.75199e+03  1.00196e+00  1.00020e+00
 1.75201e+03  1.00070e+00  1.00020e+00
 1.75204e+03  1.00260e+00  1.00020e+00
 1.75206e+03  1.00403e+00  1.00020e+00
 1.75208e+03  1.00170e+00  1.00020e+00
 1.75210e+03  1.00140e+00  1.00020e+00
 1.75212e+03  1.00134e+00  1.00020e+00
 1.75214e+03  1.00153e+00  1.00020e+00
 1.75216e+03  1.00176e+00  1.00020e+00
 1.75218e+03  1.00295e+00  1.00020e+00
 1.75220e+03  1.00241e+00  1.00020e+00
 1.75222e+03  1.00224e+00  1.00020e+00
 1.75224e+03  1.00099e+00  1.00020e+00
 1.75226e+03  1.00094e+00  1.00020e+00
 1.75229e+03  1.00116e+00  1.00020e+00
 1.75231e+03  1.00347e+00  1.00020e+00
 1.75233e+03  1.00191e+00  1.00020e+00
 1.75235e+03  1.00334e+00  1.00020e+00
 1.75237e+03  1.00075e+00  1.00020e+00
 1.75239e+03  1.00286e+00  1.00020e+00
 1.75241e+03  1.00182e+00  1.00020e+00
 1.75243e+03  9.99965e-01  1.00020e+00
 1.75245e+03  1.00038e+00  1.00020e+00
 1.75247e+03  1.00162e+00  1.00020e+00
 1.75249e+03  1.00258e+00  1.00020e+00
 1.75251e+03  1.00145e+00  1.00020e+00
 1.75254e+03  9.99438e-01  1.00020e+00
 1.75256e+03  9.99243e-01  1.00020e+00
 1.75258e+03  1.00087e+00  1.00020e+00
 1.75260e+03  1.00061e+00  1.00020e+00
 1.75262e+03  1.00169e+00  1.00020e+00
 1.75264e+03  1.00106e+00  1.00020e+00
 1.75266e+03  1.00225e+00  1.00020e+00
 1.75268e+03  1.00075e+00  1.00020e+00
 1.75270e+03  1.00056e+00  1.00020e+00
 1.75272e+03  9.98969e-01  1.00020e+00
 1.75274e+03  1.00056e+00  1.00020e+00
 1.75276e+03  1.00145e+00  1.00020e+00
 1.75279e+03  1.00044e+00  1.00020e+00
 1.75281e+03  1.00157e+00  1.00020e+00
 1.75283e+03  1.00275e+00  1.00020e+00
 1.75285e+03  1.00006e+00  1.00020e+00
 1.75287e+03  9.99401e-01  1.00020e+00
 1.75289e+03  1.00138e+00  1.00020e+00
 1.75291e+03  1.00175e+00  1.00020e+00
 1.75293e+03  1.00232e+00  1.00020e+00
 1.75295e+03  1.00029e+00  1.00020e+00
 1.75297e+03  9.99411e-01  1.00020e+00
 1.75299e+03  1.00024e+00  1.00020e+00
 1.75301e+03  1.00070e+00  1.00020e+00
 1.75304e+03  1.00079e+00  1.00020e+00
 1.75306e+03  1.00047e+00  1.00020e+00
 1.75308e+03  1.00102e+00  1.00020e+00
 1.75310e+03  1.00160e+00  1.00020e+00
 1.75312e+03  1.00058e+00  1.00020e+00
 1.75314e+03  1.00117e+00  1.00020e+00
 1.75316e+03  1.00171e+00  1.00020e+00
 1.75318e+03  1.00215e+00  1.00020e+00
 1.75320e+03  1.00118e+00  1.00020e+00
 1.75322e+03  1.00210e+00  1.00020e+00
 1.75324e+03  1.00243e+00  1.00020e+00
 1.75326e+03  1.00011e+00  1.00020e+00
 1.75329e+03  9.99609e-01  1.00020e+00
 1.75331e+03  1.00065e+00  1.00020e+00
 1.75333e+03  1.00113e+00  1.00020e+00
 1.75335e+03  1.00123e+00  1.00020e+00
 1.75337e+03  1.00129e+00  1.00020e+00
 1.75339e+03  1.00081e+00  1.00020e+00
 1.75341e+03  9.99907e-01  1.00020e+00
 1.75345e+03  9.99906e-01  1.00020e+00
 1.75347e+03  1.00092e+00  1.00020e+00
 1.75349e+03  1.00124e+00  1.00020e+00
 1.75351e+03  1.00125e+00  1.00020e+00
 1.75354e+03  1.00021e+00  1.00020e+00
 1.75356e+03  1.00071e+00  1.00020e+00
 1.75358e+03  1.00130e+00  1.00020e+00
 1.75360e+03  1.00077e+00  1.00020e+00
 1.75362e+03  1.00035e+00  1.00020e+00
 1.75364e+03  1.00148e+00  1.00020e+00
 1.75366e+03  1.00191e+00  1.00020e+00
 1.75368e+03  1.00103e+00  1.00020e+00
 1.75370e+03  1.00117e+00  1.00020e+00
 1.75372e+03  1.00092e+00  1.00020e+00
 1.75374e+03  1.00000e+00  1.00020e+00
 1.75376e+03  1.00093e+00  1.00020e+00
 1.75379e+03  1.00050e+00  1.00020e+00
 1.75381e+03  1.00060e+00  1.00020e+00
 1.75383e+03  1.00164e+00  1.00020e+00
 1.75385e+03  9.98800e-01  1.00020e+00
 1.75387e+03  9.98733e-01  1.00020e+00
 1.75389e+03  1.00027e+00  1.00020e+00
 1.75391e+03  1.00182e+00  1.00020e+00
 1.75393e+03  1.00116e+00  1.00020e+00
 1.75395e+03  9.97204e-01  1.00020e+00
 1.75397e+03  9.99177e-01  1.00020e+00
 1.75399e+03  1.00095e+00  1.00020e+00
 1.75401e+03  9.99881e-01  1.00020e+00
 1.75404e+03  1.00088e+00  1.00020e+00
 1.75406e+03  1.00109e+00  1.00020e+00
 1.75408e+03  1.00241e+00  1.00020e+00
 1.75410e+03  1.00142e+00  1.00020e+00
 1.75412e+03  1.00086e+00  1.00020e+00
 1.75414e+03  1.00070e+00  1.00020e+00
 1.75416e+03  1.00030e+00  1.00020e+00
 1.75418e+03  1.00107e+00  1.00020e+00
 1.75420e+03  1.00156e+00  1.00020e+00
 1.75422e+03  1.00067e+00  1.00020e+00
 1.75424e+03  1.00195e+00  1.00020e+00
 1.75426e+03  1.00080e+00  1.00020e+00
 1.75429e+03  1.00010e+00  1.00020e+00
 1.75431e+03  1.00117e+00  1.00020e+00
 1.75433e+03  1.00033e+00  1.00020e+00
 1.75435e+03  1.00126e+00  1.00020e+00
 1.75437e+03  1.00039e+00  1.00020e+00
 1.75439e+03  1.00139e+00  1.00020e+00
 1.75441e+03  1.00234e+00  1.00020e+00
 1.75443e+03  1.00038e+00  1.00020e+00
 1.75445e+03  1.00068e+00  1.00020e+00
 1.75447e+03  1.00138e+00  1.00020e+00
 1.75449e+03  1.00046e+00  1.00020e+00
 1.75451e+03  1.00102e+00  1.00020e+00
 1.75454e+03  1.00022e+00  1.00020e+00
 1.75456e+03  1.00140e+00  1.00020e+00
 1.75458e+03  1.00125e+00  1.00020e+00
 1.75460e+03  1.00079e+00  1.00020e+00
 1.75462e+03  1.00061e+00  1.00020e+00
 1.75464e+03  9.99488e-01  1.00020e+00
 1.75466e+03  1.00199e+00  1.00020e+00
 1.75468e+03  1.00130e+00  1.00020e+00
 1.75470e+03  1.00092e+00  1.00020e+00
 1.75472e+03  1.00206e+00  1.00020e+00
 1.75474e+03  1.00038e+00  1.00020e+00
 1.75476e+03  9.99943e-01  1.00020e+00
 1.75481e+03  1.00038e+00  1.00020e+00
 1.75483e+03  1.00070e+00  1.00020e+00
 1.75485e+03  1.00036e+00  1.00020e+00
 1.75487e+03  1.00044e+00  1.00020e+00
 1.75489e+03  1.00109e+00  1.00020e+00
 1.75491e+03  1.00011e+00  1.00020e+00
 1.75493e+03  9.99795e-01  1.00020e+00
 1.75495e+03  1.00011e+00  1.00020e+00
 1.75497e+03  9.99840e-01  1.00020e+00
 1.75499e+03  1.00056e+00  1.00020e+00
 1.75501e+03  9.99608e-01  1.00020e+00
 1.75504e+03  9.99905e-01  1.00020e+00
 1.75508e+03  1.00021e+00  1.00020e+00
 1.75510e+03  9.98537e-01  1.00020e+00
 1.75512e+03  9.99502e-01  1.00020e+00
 1.75514e+03  1.00060e+00  1.00020e+00
 1.75518e+03  1.00007e+00  1.00020e+00
 1.75520e+03  1.00004e+00  1.00020e+00
 1.75522e+03  9.98988e-01  1.00020e+00
 1.75524e+03  9.98478e-01  1.00020e+00
 1.75526e+03  9.98269e-01  1.00020e+00
 1.75529e+03  9.99200e-01  1.00020e+00
 1.75531e+03  1.00075e+00  1.00020e+00
 1.75533e+03  1.00019e+00  1.00020e+00
 1.75535e+03  9.99607e-01  1.00020e+00
 1.75537e+03  9.99116e-01  1.00020e+00
 1.75539e+03  9.99813e-01  1.00020e+00
 1.75541e+03  1.00093e+00  1.00020e+00
 1.75543e+03  9.98735e-01  1.00020e+00
 1.75545e+03  9.99688e-01  1.00020e+00
 1.75547e+03  1.00027e+00  1.00020e+00
 1.75549e+03  1.00035e+00  1.00020e+00
 1.75551e+03  9.98747e-01  1.00020e+00
 1.75554e+03  9.97162e-01  1.00020e+00
 1.75556e+03  9.97974e-01  1.00020e+00
 1.75558e+03  9.99016e-01  1.00020e+00
 1.75560e+03  9.99175e-01  1.00020e+00
 1.75562e+03  1.00056e+00  1.00020e+00
 1.75566e+03  9.98337e-01  1.00020e+00
 1.75568e+03  9.98466e-01  1.00020e+00
 1.75570e+03  9.97467e-01  1.00020e+00
 1.75572e+03  9.98165e-01  1.00020e+00
 1.75574e+03  9.99166e-01  1.00020e+00
 1.75576e+03  9.99420e-01  1.00020e+00
 1.75579e+03  9.99473e-01  1.00020e+00
 1.75581e+03  9.99212e-01  1.00020e+00
 1.75583e+03  9.99101e-01  1.00020e+00
 1.75585e+03  9.97601e-01  1.00020e+00
 1.75587e+03  9.97604e-01  1.00020e+00
 1.75591e+03  9.99618e-01  1.00020e+00
 1.75593e+03  9.99828e-01  1.00020e+00
 1.75595e+03  9.98618e-01  1.00020e+00
 1.75597e+03  9.97521e-01  1.00020e+00
 1.75599e+03  9.98416e-01  1.00020e+00
 1.75601e+03  9.99224e-01  1.00020e+00
 1.75604e+03  1.00029e+00  1.00020e+00
 1.75606e+03  9.98733e-01  1.00020e+00
 1.75608e+03  9.98490e-01  1.00020e+00
 1.75610e+03  9.98953e-01  1.00020e+00
 1.75612e+03  9.98303e-01  1.00020e+00
 1.75614e+03  9.98928e-01  1.00020e+00
 1.75616e+03  9.99372e-01  1.00020e+00
 1.75618e+03  9.98960e-01  1.00020e+00
 1.75620e+03  9.98520e-01  1.00020e+00
 1.75622e+03  9.98134e-01  1.00020e+00
 1.75624e+03  9.98181e-01  1.00020e+00
 1.75626e+03  9.98545e-01  1.00020e+00
 1.75629e+03  9.98553e-01  1.00020e+00
 1.75631e+03  9.98505e-01  1.00020e+00
 1.75633e+03  9.98805e-01  1.00020e+00
 1.75635e+03  9.98588e-01  1.00020e+00
 1.75637e+03  9.99375e-01  1.00020e+00
 1.75639e+03  9.98346e-01  1.00020e+00
 1.75641e+03  9.98689e-01  1.00020e+00
 1.75643e+03  9.98382e-01  1.00020e+00
 1.75645e+03  1.00007e+00  1.00020e+00
 1.75647e+03  9.98233e-01  1.00020e+00
 1.75649e+03  9.97400e-01  1.00020e+00
 1.75651e+03  9.98451e-01  1.00020e+00
 1.75654e+03  9.98158e-01  1.00020e+00
 1.75656e+03  9.99115e-01  1.00020e+00
 1.75658e+03  9.98434e-01  1.00020e+00
 1.75660e+03  9.97573e-01  1.00020e+00
 1.75662e+03  9.98025e-01  1.00020e+00
 1.75664e+03  9.98424e-01  1.00020e+00
 1.75666e+03  9.97417e-01  1.00020e+00
 1.75668e+03  9.97762e-01  1.00020e+00
 1.75670e+03  9.98157e-01  1.00020e+00
 1.75672e+03  9.99084e-01  1.00020e+00
 1.75674e+03  9.98240e-01  1.00020e+00
 1.75676e+03  1.00118e+00  1.00020e+00
 1.75679e+03  9.99288e-01  1.00020e+00
 1.75681e+03  9.98007e-01  1.00020e+00
 1.75683e+03  9.99190e-01  1.00020e+00
 1.75685e+03  9.98549e-01  1.00020e+00
 1.75687e+03  1.00000e+00  1.00020e+00
 1.75689e+03  1.00015e+00  1.00020e+00
 1.75691e+03  9.99271e-01  1.00020e+00
 1.75693e+03  9.98061e-01  1.00020e+00
 1.75695e+03  9.98130e-01  1.00020e+00
 1.75697e+03  9.98560e-01  1.00020e+00
 1.75699e+03  9.97611e-01  1.00020e+00
 1.75701e+03  9.96883e-01  1.00020e+00
 1.75704e+03  9.98383e-01  1.00020e+00
 1.75706e+03  9.98179e-01  1.00020e+00
 1.75708e+03  9.97900e-01  1.00020e+00
 1.75710e+03  9.95919e-01  1.00020e+00
 1.75712e+03  9.98408e-01  1.00020e+00
 1.75714e+03  9.98024e-01  1.00020e+00
 1.75716e+03  9.98785e-01  1.00020e+00
 1.75718e+03  9.99170e-01  1.00020e+00
 1.75720e+03  9.98836e-01  1.00020e+00
 1.75722e+03  9.98642e-01  1.00020e+00
 1.75724e+03  9.98416e-01  1.00020e+00
 1.75726e+03  9.98683e-01  1.00020e+00
 1.75729e+03  9.98933e-01  1.00020e+00
 1.75731e+03  9.99212e-01  1.00020e+00
 1.75733e+03  9.97577e-01  1.00020e+00
 1.75735e+03  9.97307e-01  1.00020e+00
 1.75737e+03  9.97888e-01  1.00020e+00
 1.75739e+03  9.97154e-01  1.00020e+00
 1.75741e+03  9.96720e-01  1.00020e+00
 1.75743e+03  9.97238e-01  1.00020e+00
 1.75745e+03  9.97316e-01  1.00020e+00
 1.75747e+03  9.97281e-01  1.00020e+00
 1.75749e+03  9.97372e-01  1.00020e+00
 1.75751e+03  9.98231e-01  1.00020e+00
 1.75756e+03  9.97823e-01  1.00020e+00
 1.75758e+03  9.99518e-01  1.00020e+00
 1.75760e+03  1.00096e+00  1.00020e+00
 1.75762e+03  9.99082e-01  1.00020e+00
 1.75764e+03  9.98393e-01  1.00020e+00
 1.75766e+03  9.99315e-01  1.00020e+00
 1.75768e+03  9.99359e-01  1.00020e+00
 1.75770e+03  9.99903e-01  1.00020e+00
 1.75772e+03  9.98968e-01  1.00020e+00
 1.75774e+03  9.98619e-01  1.00020e+00
 1.75776e+03  9.98143e-01  1.00020e+00
 1.75779e+03  9.98701e-01  1.00020e+00
 1.75781e+03  9.98293e-01  1.00020e+00
 1.75783e+03  9.98913e-01  1.00020e+00
 1.75785e+03  9.99313e-01  1.00020e+00
 1.75787e+03  9.98469e-01  1.00020e+00
 1.75789e+03  9.97961e-01  1.00020e+00
 1.75791e+03  9.98763e-01  1.00020e+00
 1.75793e+03  9.99509e-01  1.00020e+00
 1.75795e+03  9.97963e-01  1.00020e+00
 1.75797e+03  9.98152e-01  1.00020e+00
 1.75799e+03  9.99222e-01  1.00020e+00
 1.75801e+03  9.99693e-01  1.00020e+00
 1.75804e+03  9.98431e-01  1.00020e+00
 1.75806e+03  9.98339e-01  1.00020e+00
 1.75808e+03  9.98061e-01  1.00020e+00
 1.75810e+03  9.98453e-01  1.00020e+00
 1.75812e+03  9.98585e-01  1.00020e+00
 1.75814e+03  9.98919e-01  1.00020e+00
 1.75816e+03  9.96883e-01  1.00020e+00
 1.75818e+03  9.98243e-01  1.00020e+00
 1.75820e+03  9.99089e-01  1.00020e+00
 1.75822e+03  9.98089e-01  1.00020e+00
 1.75824e+03  9.97483e-01  1.00020e+00
 1.75826e+03  9.97433e-01  1.00020e+00
 1.75829e+03  9.97763e-01  1.00020e+00
 1.75831e+03  9.98417e-01  1.00020e+00
 1.75833e+03  9.97064e-01  1.00020e+00
 1.75835e+03  9.97365e-01  1.00020e+00
 1.75837e+03  9.97894e-01  1.00020e+00
 1.75839e+03  9.97593e-01  1.00020e+00
 1.75841e+03  9.97126e-01  1.00020e+00
 1.75843e+03  9.97872e-01  1.00020e+00
 1.75845e+03  9.98915e-01  1.00020e+00
 1.75847e+03  9.98132e-01  1.00020e+00
 1.75849e+03  9.97622e-01  1.00020e+00
 1.75851e+03  9.98517e-01  1.00020e+00
 1.75854e+03  9.96907e-01  1.00020e+00
 1.75856e+03  9.98599e-01  1.00020e+00
 1.75858e+03  9.97621e-01  1.00020e+00
 1.75860e+03  9.97726e-01  1.00020e+00
 1.75862e+03  9.98233e-01  1.00020e+00
 1.75864e+03  9.97613e-01  1.00020e+00
 1.75866e+03  9.97740e-01  1.00020e+00
 1.75868e+03  9.96955e-01  1.00020e+00
 1.75870e+03  9.95989e-01  1.00020e+00
 1.75872e+03  9.98203e-01  1.00020e+00
 1.75874e+03  9.98534e-01  1.00020e+00
 1.75876e+03  9.96621e-01  1.00020e+00
 1.75879e+03  9.98791e-01  1.00020e+00
 1.75881e+03  9.95940e-01  1.00020e+00
 1.75883e+03  9.98736e-01  1.00020e+00
 1.75885e+03  9.97994e-01  1.00020e+00
 1.75887e+03  9.96791e-01  1.00020e+00
 1.75889e+03  9.98302e-01  1.00020e+00
 1.75891e+03  9.97862e-01  1.00020e+00
 1.75893e+03  9.99556e-01  1.00020e+00
 1.75895e+03  9.98121e-01  1.00020e+00
 1.75897e+03  9.97439e-01  1.00020e+00
 1.75899e+03  9.97783e-01  1.00020e+00
 1.75901e+03  9.97956e-01  1.00020e+00
 1.75904e+03  9.99363e-01  1.00020e+00
 1.75906e+03  9.99380e-01  1.00020e+00
 1.75908e+03  9.98853e-01  1.00020e+00
 1.75910e+03  9.99277e-01  1.00020e+00
 1.75912e+03  9.98409e-01  1.00020e+00
 1.75914e+03  9.98312e-01  1.00020e+00
 1.75916e+03  9.99596e-01  1.00020e+00
 1.75918e+03  9.99708e-01  1.00020e+00
 1.75920e+03  1.00118e+00  1.00020e+00
 1.75922e+03  1.00072e+00  1.00020e+00
 1.75924e+03  1.00036e+00  1.00020e+00
 1.75926e+03  1.00050e+00  1.00020e+00
 1.75929e+03  1.00016e+00  1.00020e+00
 1.75931e+03  1.00104e+00  1.00020e+00
 1.75933e+03  1.00117e+00  1.00020e+00
 1.75935e+03  1.00299e+00  1.00020e+00
 1.75937e+03  1.00309e+00  1.00020e+00
 1.75939e+03  1.00059e+00  1.00020e+00
 1.75941e+03  1.00197e+00  1.00020e+00
 1.75943e+03  1.00232e+00  1.00020e+00
 1.75945e+03  1.00249e+00  1.00020e+00
 1.75947e+03  1.00241e+00  1.00020e+00
 1.75949e+03  1.00297e+00  1.00020e+00
 1.75951e+03  1.00424e+00  1.00020e+00
 1.75954e+03  1.00442e+00  1.00020e+00
 1.75956e+03  1.00397e+00  1.00020e+00
 1.75958e+03  1.00274e+00  1.00020e+00
 1.75960e+03  1.00370e+00  1.00020e+00
 1.75962e+03  1.00567e+00  1.00020e+00
 1.75964e+03  1.00607e+00  1.00020e+00
 1.75966e+03  1.00659e+00  1.00020e+00
 1.75968e+03  1.00683e+00  1.00020e+00
 1.75970e+03  1.00584e+00  1.00020e+00
 1.75972e+03  1.00592e+00  1.00020e+00
 1.75974e+03  1.00715e+00  1.00020e+00
 1.75976e+03  1.00745e+00  1.00020e+00
 1.75979e+03  1.00851e+00  1.00020e+00
 1.75981e+03  1.00781e+00  1.00020e+00
 1.75983e+03  1.00720e+00  1.00020e+00
 1.75985e+03  1.00779e+00  1.00020e+00
 1.75987e+03  1.00831e+00  1.00020e+00
 1.75989e+03  1.00824e+00  1.00020e+00
 1.75991e+03  1.00770e+00  1.00020e+00
 1.75993e+03  1.00925e+00  1.00020e+00
 1.75995e+03  1.00832e+00  1.00020e+00
 1.75997e+03  1.00788e+00  1.00020e+00
 1.75999e+03  1.00751e+00  1.00020e+00
 1.76001e+03  1.00796e+00  1.00020e+00
 1.76004e+03  1.00760e+00  1.00020e+00
 1.76006e+03  1.00944e+00  1.00020e+00
 1.76008e+03  1.00785e+00  1.00020e+00
 1.76010e+03  1.00819e+00  1.00020e+00
 1.76012e+03  1.00670e+00  1.00020e+00
 1.76014e+03  1.00679e+00  1.00020e+00
 1.76016e+03  1.00649e+00  1.00020e+00
 1.76018e+03  1.00655e+00  1.00020e+00
 1.76020e+03  1.00651e+00  1.00020e+00
 1.76022e+03  1.00681e+00  1.00020e+00
 1.76024e+03  1.00675e+00  1.00020e+00
 1.76026e+03  1.00491e+00  1.00020e+00
 1.76029e+03  1.00342e+00  1.00020e+00
 1.76031e+03  1.00401e+00  1.00020e+00
 1.76033e+03  1.00589e+00  1.00020e+00
 1.76035e+03  1.00551e+00  1.00020e+00
 1.76037e+03  1.00531e+00  1.00020e+00
 1.76039e+03  1.00456e+00  1.00020e+00
 1.76041e+03  1.00296e+00  1.00020e+00
 1.76045e+03  1.00302e+00  1.00020e+00
 1.76047e+03  1.00296e+00  1.00020e+00
 1.76049e+03  1.00376e+00  1.00020e+00
 1.76051e+03  1.00254e+00  1.00020e+00
 1.76054e+03  1.00284e+00  1.00020e+00
 1.76056e+03  1.00191e+00  1.00020e+00
 1.76060e+03  1.00144e+00  1.00020e+00
 1.76062e+03  1.00105e+00  1.00020e+00
 1.76064e+03  1.00304e+00  1.00020e+00
 1.76066e+03  1.00274e+00  1.00020e+00
 1.76068e+03  1.00194e+00  1.00020e+00
 1.76070e+03  1.00098e+00  1.00020e+00
 1.76072e+03  9.99680e-01  1.00020e+00
 1.76074e+03  1.00199e+00  1.00020e+00
 1.76076e+03  1.00215e+00  1.00020e+00
 1.76079e+03  1.00147e+00  1.00020e+00
 1.76081e+03  1.00054e+00  1.00020e+00
 1.76083e+03  1.00128e+00  1.00020e+00
 1.76085e+03  1.00088e+00  1.00020e+00
 1.76087e+03  1.00050e+00  1.00020e+00
 1.76089e+03  9.99897e-01  1.00020e+00
 1.76091e+03  1.00105e+00  1.00020e+00
 1.76093e+03  1.00120e+00  1.00020e+00
 1.76095e+03  1.00121e+00  1.00020e+00
 1.76097e+03  1.00019e+00  1.00020e+00
 1.76099e+03  9.98201e-01  1.00020e+00
 1.76101e+03  9.99329e-01  1.00020e+00
 1.76104e+03  9.98168e-01  1.00020e+00
 1.76106e+03  9.98335e-01  1.00020e+00
 1.76108e+03  1.00044e+00  1.00020e+00
 1.76110e+03  1.00070e+00  1.00020e+00
 1.76112e+03  9.99031e-01  1.00020e+00
 1.76114e+03  9.97538e-01  1.00020e+00
 1.76116e+03  9.99640e-01  1.00020e+00
 1.76120e+03  9.97379e-01  1.00020e+00
 1.76122e+03  9.97159e-01  1.00020e+00
 1.76124e+03  9.96846e-01  1.00020e+00
 1.76126e+03  9.96591e-01  1.00020e+00
 1.76129e+03  9.96157e-01  1.00020e+00
 1.76131e+03  9.94809e-01  1.00020e+00
 1.76133e+03  9.95599e-01  1.00020e+00
 1.76135e+03  9.96112e-01  1.00020e+00
 1.76137e+03  9.96847e-01  1.00020e+00
 1.76139e+03  9.97828e-01  1.00020e+00
 1.76141e+03  9.95299e-01  1.00020e+00
 1.76143e+03  9.97271e-01  1.00020e+00
 1.76145e+03  9.96571e-01  1.00020e+00
 1.76147e+03  9.95111e-01  1.00020e+00
 1.76149e+03  9.96430e-01  1.00020e+00
 1.76151e+03  9.96961e-01  1.00020e+00
 1.76154e+03  9.96944e-01  1.00020e+00
 1.76156e+03  9.97043e-01  1.00020e+00
 1.76158e+03  9.95076e-01  1.00020e+00
 1.76160e+03  9.96111e-01  1.00020e+00
 1.76162e+03  9.95993e-01  1.00020e+00
 1.76164e+03  9.96173e-01  1.00020e+00
 1.76166e+03  9.95177e-01  1.00020e+00
 1.76168e+03  9.95835e-01  1.00020e+00
 1.76170e+03  9.96466e-01  1.00020e+00
 1.76172e+03  9.96107e-01  1.00020e+00
 1.76174e+03  9.97160e-01  1.00020e+00
 1.76176e+03  9.95774e-01  1.00020e+00
 1.76179e+03  9.96504e-01  1.00020e+00
 1.76181e+03  9.97191e-01  1.00020e+00
 1.76183e+03  9.96346e-01  1.00020e+00
 1.76185e+03  9.98162e-01  1.00020e+00
 1.76187e+03  9.98300e-01  1.00020e+00
 1.76189e+03  9.98199e-01  1.00020e+00
 1.76191e+03  1.00064e+00  1.00020e+00
 1.76193e+03  9.94313e-01  1.00020e+00
 1.76195e+03  9.96752e-01  1.00020e+00
 1.76197e+03  9.98447e-01  1.00020e+00
 1.76199e+03  9.97359e-01  1.00020e+00
 1.76201e+03  9.98436e-01  1.00020e+00
 1.76204e+03  9.97899e-01  1.00020e+00
 1.76206e+03  9.98725e-01  1.00020e+00
 1.76208e+03  9.99361e-01  1.00020e+00
 1.76210e+03  9.98567e-01  1.00020e+00
 1.76212e+03  1.00011e+00  1.00020e+00
 1.76214e+03  9.99957e-01  1.00020e+00
 1.76216e+03  1.00215e+00  1.00020e+00
 1.76218e+03  1.00154e+00  1.00020e+00
 1.76220e+03  1.00080e+00  1.00020e+00
 1.76222e+03  1.00058e+00  1.00020e+00
 1.76224e+03  9.99763e-01  1.00020e+00
 1.76226e+03  9.98950e-01  1.00020e+00
 1.76229e+03  1.00025e+00  1.00020e+00
 1.76231e+03  1.00052e+00  1.00020e+00
 1.76233e+03  1.00063e+00  1.00020e+00
 1.76235e+03  1.00082e+00  1.00020e+00
 1.76237e+03  9.99829e-01  1.00020e+00
 1.76239e+03  1.00152e+00  1.00020e+00
 1.76241e+03  1.00224e+00  1.00020e+00
 1.76243e+03  1.00178e+00  1.00020e+00
 1.76245e+03  1.00287e+00  1.00020e+00
 1.76247e+03  1.00352e+00  1.00020e+00
 1.76249e+03  1.00816e+00  1.00020e+00
 1.76251e+03  1.00445e+00  1.00020e+00
 1.76256e+03  1.00199e+00  1.00020e+00
 1.76258e+03  1.00157e+00  1.00020e+00
 1.76260e+03  1.00276e+00  1.00020e+00
 1.76262e+03  1.00218e+00  1.00020e+00
 1.76264e+03  1.00230e+00  1.00020e+00
 1.76266e+03  1.00136e+00  1.00020e+00
 1.76268e+03  1.00090e+00  1.00020e+00
 1.76270e+03  1.00284e+00  1.00020e+00
 1.76272e+03  9.89693e-01  1.00020e+00
 1.76274e+03  1.00120e+00  1.00020e+00
 1.76276e+03  9.99271e-01  1.00020e+00
 1.76279e+03  1.00253e+00  1.00020e+00
 1.76281e+03  1.00380e+00  1.00020e+00
 1.76283e+03  1.00295e+00  1.00020e+00
 1.76285e+03  9.98432e-01  1.00020e+00
 1.76287e+03  1.00415e+00  1.00020e+00
 1.76289e+03  1.00393e+00  1.00020e+00
 1.76291e+03  1.00341e+00  1.00020e+00
 1.76293e+03  1.00361e+00  1.00020e+00
 1.76295e+03  1.00219e+00  1.00020e+00
 1.76297e+03  1.00211e+00  1.00020e+00
 1.76299e+03  1.00225e+00  1.00020e+00
 1.76301e+03  1.00223e+00  1.00020e+00
 1.76304e+03  1.00170e+00  1.00020e+00
 1.76306e+03  1.00124e+00  1.00020e+00
 1.76308e+03  9.99969e-01  1.00020e+00
 1.76310e+03  9.97966e-01  1.00020e+00
 1.76312e+03  9.98037e-01  1.00020e+00
 1.76314e+03  9.95552e-01  1.00020e+00
 1.76316e+03  9.98717e-01  1.00020e+00
 1.76318e+03  9.97050e-01  1.00020e+00
 1.76320e+03  9.96759e-01  1.00020e+00
 1.76322e+03  9.96875e-01  1.00020e+00
 1.76324e+03  9.94104e-01  1.00020e+00
 1.76326e+03  9.95928e-01  1.00020e+00
 1.76329e+03  9.98177e-01  1.00020e+00
 1.76331e+03  9.97767e-01  1.00020e+00
 1.76470e+03  1.01355e+00  1.00019e+00
 1.76472e+03  1.01346e+00  1.00019e+00
 1.76474e+03  1.01307e+00  1.00019e+00
 1.76476e+03  1.01346e+00  1.00019e+00
 1.76479e+03  1.01094e+00  1.00019e+00
 1.76481e+03  1.01046e+00  1.00019e+00
 1.76483e+03  1.01129e+00  1.00019e+00
 1.76485e+03  1.01118e+00  1.00019e+00
 1.76487e+03  1.01327e+00  1.00019e+00
 1.76489e+03  1.01025e+00  1.00019e+00
 1.76491e+03  1.01317e+00  1.00019e+00
 1.76493e+03  1.01108e+00  1.00019e+00
 1.76495e+03  1.01196e+00  1.00019e+00
 1.76497e+03  1.01260e+00  1.00019e+00
 1.76499e+03  1.01109e+00  1.00019e+00
 1.76501e+03  1.01259e+00  1.00019e+00
 1.76504e+03  1.01340e+00  1.00019e+00
 1.76506e+03  1.01048e+00  1.00019e+00
 1.76508e+03  1.00826e+00  1.00019e+00
 1.76510e+03  1.00724e+00  1.00019e+00
 1.76512e+03  1.01034e+00  1.00019e+00
 1.76516e+03  1.00934e+00  1.00019e+00
 1.76518e+03  1.01240e+00  1.00019e+00
 1.76520e+03  1.00790e+00  1.00019e+00
 1.76522e+03  1.00874e+00  1.00019e+00
 1.76524e+03  1.00849e+00  1.00019e+00
 1.76526e+03  1.00802e+00  1.00019e+00
 1.76529e+03  1.00494e+00  1.00019e+00
 1.76533e+03  1.00739e+00  1.00019e+00
 1.76535e+03  1.00773e+00  1.00019e+00
 1.76537e+03  1.00574e+00  1.00019e+00
 1.76541e+03  1.00145e+00  1.00019e+00
 1.76543e+03  1.00371e+00  1.00019e+00
 1.76545e+03  1.00143e+00  1.00019e+00
 1.76547e+03  1.00287e+00  1.00019e+00
 1.76549e+03  1.00422e+00  1.00019e+00
 1.76551e+03  1.00320e+00  1.00019e+00
 1.76556e+03  9.97162e-01  1.00019e+00
 1.76558e+03  9.96665e-01  1.00019e+00
 1.76560e+03  1.00199e+00  1.00019e+00
 1.76562e+03  1.00044e+00  1.00019e+00
 1.76564e+03  1.00081e+00  1.00019e+00
 1.76566e+03  9.96911e-01  1.00019e+00
 1.76568e+03  9.98898e-01  1.00019e+00
 1.76570e+03  1.00394e+00  1.00019e+00
 1.76574e+03  1.00067e+00  1.00019e+00
 1.76576e+03  9.97052e-01  1.00019e+00
 1.76579e+03  1.00104e+00  1.00019e+00
 1.76581e+03  1.00042e+00  1.00019e+00
 1.76583e+03  9.96601e-01  1.00019e+00
 1.76585e+03  9.95818e-01  1.00019e+00
 1.76587e+03  9.99160e-01  1.00019e+00
 1.76593e+03  1.00162e+00  1.00019e+00
 1.76595e+03  9.97966e-01  1.00019e+00
 1.76599e+03  9.94185e-01  1.00019e+00
 1.76604e+03  9.95750e-01  1.00019e+00
 1.76606e+03  9.97835e-01  1.00019e+00
 1.76608e+03  9.97546e-01  1.00019e+00
 1.76610e+03  9.99853e-01  1.00019e+00
 1.76612e+03  1.00072e+00  1.00019e+00
 1.76614e+03  1.00068e+00  1.00019e+00
 1.76616e+03  1.00213e+00  1.00019e+00
 1.76618e+03  1.00223e+00  1.00019e+00
 1.76620e+03  9.98656e-01  1.00019e+00
 1.76622e+03  1.00207e+00  1.00019e+00
 1.76624e+03  9.99727e-01  1.00019e+00
 1.76626e+03  9.96875e-01  1.00019e+00
 1.76629e+03  9.99202e-01  1.00019e+00
 1.76631e+03  9.98248e-01  1.00019e+00
 1.76633e+03  1.00008e+00  1.00019e+00
 1.76635e+03  1.00124e+00  1.00019e+00
 1.76637e+03  1.00096e+00  1.00019e+00
 1.76639e+03  1.00267e+00  1.00019e+00
 1.76641e+03  1.00067e+00  1.00019e+00
 1.76643e+03  1.00024e+00  1.00019e+00
 1.76645e+03  9.97713e-01  1.00019e+00
 1.76647e+03  9.98000e-01  1.00019e+00
 1.76649e+03  1.00129e+00  1.00019e+00
 1.76651e+03  1.00197e+00  1.00019e+00
 1.76654e+03  9.99093e-01  1.00019e+00
 1.76656e+03  9.99765e-01  1.00019e+00
 1.76658e+03  1.00000e+00  1.00019e+00
 1.76660e+03  1.00058e+00  1.00019e+00
 1.76662e+03  9.99967e-01  1.00019e+00
 1.76664e+03  1.00012e+00  1.00019e+00
 1.76666e+03  9.97266e-01  1.00019e+00
 1.76668e+03  9.97837e-01  1.00019e+00
 1.76670e+03  1.00104e+00  1.00019e+00
 1.76672e+03  1.00009e+00  1.00019e+00
 1.76674e+03  9.95165e-01  1.00019e+00
 1.76676e+03  1.00119e+00  1.00019e+00
 1.76679e+03  1.00006e+00  1.00019e+00
 1.76681e+03  1.00081e+00  1.00019e+00
 1.76683e+03  9.99195e-01  1.00019e+00
 1.76685e+03  9.99155e-01  1.00019e+00
 1.76687e+03  9.99441e-01  1.00019e+00
 1.76689e+03  9.99707e-01  1.00019e+00
 1.76691e+03  9.97980e-01  1.00019e+00
 1.76693e+03  1.00189e+00  1.00019e+00
 1.76695e+03  9.99926e-01  1.00019e+00
 1.76697e+03  1.00086e+00  1.00019e+00
 1.76699e+03  9.98144e-01  1.00019e+00
 1.76701e+03  1.00102e+00  1.00019e+00
 1.76704e+03  9.99337e-01  1.00019e+00
 1.76706e+03  1.00119e+00  1.00019e+00
 1.76708e+03  9.99709e-01  1.00019e+00
 1.76710e+03  9.97453e-01  1.00019e+00
 1.76712e+03  1.00029e+00  1.00019e+00
 1.76714e+03  9.99406e-01  1.00019e+00
 1.76716e+03  9.98728e-01  1.00019e+00
 1.76718e+03  1.00084e+00  1.00019e+00
 1.76720e+03  9.99899e-01  1.00019e+00
 1.76722e+03  1.00038e+00  1.00019e+00
 1.76724e+03  9.99981e-01  1.00019e+00
 1.76726e+03  9.97555e-01  1.00019e+00
 1.76729e+03  1.00151e+00  1.00019e+00
 1.76731e+03  9.99718e-01  1.00019e+00
 1.76733e+03  9.99938e-01  1.00019e+00
 1.76735e+03  9.99211e-01  1.00019e+00
 1.76737e+03  9.99934e-01  1.00019e+00
 1.76739e+03  9.98963e-01  1.00019e+00
 1.76741e+03  1.00057e+00  1.00019e+00
 1.76743e+03  9.97999e-01  1.00019e+00
 1.76745e+03  9.98971e-01  1.00019e+00
 1.76747e+03  9.99501e-01  1.00019e+00
 1.76749e+03  9.99972e-01  1.00019e+00
 1.76751e+03  1.00023e+00  1.00019e+00
 1.76754e+03  9.99670e-01  1.00019e+00
 1.76756e+03  9.96723e-01  1.00019e+00
 1.76758e+03  9.98421e-01  1.00019e+00
 1.76760e+03  9.98770e-01  1.00019e+00
 1.76762e+03  1.00083e+00  1.00019e+00
 1.76764e+03  9.96603e-01  1.00019e+00
 1.76766e+03  9.99067e-01  1.00019e+00
 1.76768e+03  9.96782e-01  1.00019e+00
 1.76770e+03  9.99532e-01  1.00019e+00
 1.76772e+03  9.96855e-01  1.00019e+00
 1.76774e+03  9.97753e-01  1.00019e+00
 1.76776e+03  9.99109e-01  1.00019e+00
 1.76779e+03  1.00075e+00  1.00019e+00
 1.76781e+03  9.99516e-01  1.00019e+00
 1.76783e+03  9.99833e-01  1.00019e+00
 1.76785e+03  9.97938e-01  1.00019e+00
 1.76787e+03  9.96778e-01  1.00019e+00
 1.76789e+03  9.98534e-01  1.00019e+00
 1.76791e+03  9.97623e-01  1.00019e+00
 1.76793e+03  9.98329e-01  1.00019e+00
 1.76795e+03  9.97121e-01  1.00019e+00
 1.76797e+03  9.96768e-01  1.00019e+00
 1.76799e+03  9.98158e-01  1.00019e+00
 1.76801e+03  9.97095e-01  1.00019e+00
 1.76804e+03  9.94686e-01  1.00019e+00
 1.76806e+03  9.97720e-01  1.00019e+00
 1.76808e+03  9.95781e-01  1.00019e+00
 1.76810e+03  9.99552e-01  1.00019e+00
 1.76812e+03  9.96055e-01  1.00019e+00
 1.76814e+03  9.98460e-01  1.00019e+00
 1.76816e+03  9.93402e-01  1.00019e+00
 1.76818e+03  9.97227e-01  1.00019e+00
 1.76820e+03  9.97320e-01  1.00019e+00
 1.76822e+03  9.97673e-01  1.00019e+00
 1.76824e+03  9.97104e-01  1.00019e+00
 1.76826e+03  9.97716e-01  1.00019e+00
 1.76829e+03  9.96309e-01  1.00019e+00
 1.76831e+03  1.00038e+00  1.00019e+00
 1.76833e+03  9.97058e-01  1.00019e+00
 1.76835e+03  9.97992e-01  1.00019e+00
 1.76837e+03  9.99083e-01  1.00019e+00
 1.76839e+03  9.99476e-01  1.00019e+00
 1.76841e+03  9.99556e-01  1.00019e+00
 1.76843e+03  9.98723e-01  1.00019e+00
 1.76845e+03  9.99219e-01  1.00019e+00
 1.76847e+03  9.98741e-01  1.00019e+00
 1.76849e+03  1.00016e+00  1.00019e+00
 1.76851e+03  1.00085e+00  1.00019e+00
 1.76854e+03  1.00102e+00  1.00019e+00
 1.76856e+03  1.00228e+00  1.00019e+00
 1.76858e+03  9.97096e-01  1.00019e+00
 1.76862e+03  1.00139e+00  1.00019e+00
 1.76864e+03  1.00045e+00  1.00019e+00
 1.76866e+03  1.00059e+00  1.00019e+00
 1.76868e+03  9.98598e-01  1.00019e+00
 1.76870e+03  9.98714e-01  1.00019e+00
 1.76872e+03  9.97397e-01  1.00019e+00
 1.76874e+03  1.00055e+00  1.00019e+00
 1.76876e+03  1.00038e+00  1.00019e+00
 1.76879e+03  1.00278e+00  1.00019e+00
 1.76881e+03  1.00056e+00  1.00019e+00
 1.76883e+03  1.00107e+00  1.00019e+00
 1.76885e+03  9.96659e-01  1.00019e+00
 1.76887e+03  9.97356e-01  1.00019e+00
 1.76889e+03  1.00049e+00  1.00019e+00
 1.76891e+03  1.00078e+00  1.00019e+00
 1.76893e+03  1.00011e+00  1.00019e+00
 1.76895e+03  9.99386e-01  1.00019e+00
 1.76897e+03  1.00250e+00  1.00019e+00
 1.76899e+03  1.00474e+00  1.00019e+00
 1.76901e+03  1.00270e+00  1.00019e+00
 1.76904e+03  1.00646e+00  1.00019e+00
 1.76906e+03  1.00432e+00  1.00019e+00
 1.76908e+03  1.00835e+00  1.00019e+00
 1.76910e+03  1.00733e+00  1.00019e+00
 1.76912e+03  1.00542e+00  1.00019e+00
 1.76914e+03  1.00653e+00  1.00019e+00
 1.76916e+03  1.00890e+00  1.00019e+00
 1.76918e+03  1.00611e+00  1.00019e+00
 1.76920e+03  1.00866e+00  1.00019e+00
 1.76922e+03  1.00567e+00  1.00019e+00
 1.76924e+03  1.00623e+00  1.00019e+00
 1.76926e+03  1.00426e+00  1.00019e+00
 1.76929e+03  1.00416e+00  1.00019e+00
 1.76931e+03  1.00639e+00  1.00018e+00
 1.76933e+03  1.00502e+00  1.00018e+00
 1.76935e+03  1.00672e+00  1.00018e+00
 1.76937e+03  1.00457e+00  1.00018e+00
 1.76939e+03  1.00005e+00  1.00018e+00
 1.76941e+03  1.00288e+00  1.00018e+00
 1.76943e+03  1.01071e+00  1.00018e+00
 1.76945e+03  1.01108e+00  1.00018e+00
 1.76947e+03  1.00752e+00  1.00018e+00
 1.76949e+03  1.00587e+00  1.00018e+00
 1.76951e+03  1.00798e+00  1.00018e+00
 1.76954e+03  1.00495e+00  1.00018e+00
 1.76956e+03  1.00763e+00  1.00018e+00
 1.76958e+03  1.00637e+00  1.00018e+00
 1.76960e+03  1.00468e+00  1.00018e+00
 1.76962e+03  1.00574e+00  1.00018e+00
 1.76964e+03  1.00459e+00  1.00018e+00
 1.76966e+03  1.00604e+00  1.00018e+00
 1.76968e+03  1.00267e+00  1.00018e+00
 1.76970e+03  1.00133e+00  1.00018e+00
 1.76972e+03  1.00248e+00  1.00018e+00
 1.76974e+03  1.00392e+00  1.00018e+00
 1.76976e+03  1.00490e+00  1.00018e+00
 1.76979e+03  1.00434e+00  1.00018e+00
 1.76981e+03  1.00073e+00  1.00018e+00
 1.76983e+03  1.00055e+00  1.00018e+00
 1.76985e+03  1.00402e+00  1.00018e+00
 1.76987e+03  1.00388e+00  1.00018e+00
 1.76989e+03  1.00385e+00  1.00018e+00
 1.76991e+03  1.00502e+00  1.00018e+00
 1.76993e+03  1.00234e+00  1.00018e+00
 1.76995e+03  1.00561e+00  1.00018e+00
 1.76997e+03  1.00145e+00  1.00018e+00
 1.76999e+03  9.99914e-01  1.00018e+00
 1.77001e+03  1.00179e+00  1.00018e+00
 1.77004e+03  1.00062e+00  1.00018e+00
 1.77006e+03  1.00349e+00  1.00018e+00
 1.77008e+03  9.98782e-01  1.00018e+00
 1.77010e+03  1.00121e+00  1.00018e+00
 1.77012e+03  9.99812e-01  1.00018e+00
 1.77014e+03  1.00177e+00  1.00018e+00
 1.77016e+03  1.00162e+00  1.00018e+00
 1.77018e+03  1.00115e+00  1.00018e+00
 1.77020e+03  1.00008e+00  1.00018e+00
 1.77022e+03  1.00290e+00  1.00018e+00
 1.77024e+03  9.99096e-01  1.00018e+00
 1.77026e+03  9.99308e-01  1.00018e+00
 1.77029e+03  1.00283e+00  1.00018e+00
 1.77031e+03  9.97930e-01  1.00018e+00
 1.77033e+03  1.00203e+00  1.00018e+00
 1.77035e+03  1.00022e+00  1.00018e+00
 1.77037e+03  1.00218e+00  1.00018e+00
 1.77039e+03  9.97670e-01  1.00018e+00
 1.77041e+03  9.99757e-01  1.00018e+00
 1.77043e+03  1.00045e+00  1.00018e+00
 1.77045e+03  1.00208e+00  1.00018e+00
 1.77047e+03  1.00117e+00  1.00018e+00
 1.77049e+03  1.00108e+00  1.00018e+00
 1.77051e+03  9.97395e-01  1.00018e+00
 1.77054e+03  9.98679e-01  1.00018e+00
 1.77056e+03  9.98940e-01  1.00018e+00
 1.77058e+03  9.99554e-01  1.00018e+00
 1.77060e+03  1.00219e+00  1.00018e+00
 1.77062e+03  9.98317e-01  1.00018e+00
 1.77064e+03  9.97494e-01  1.00018e+00
 1.77066e+03  9.99386e-01  1.00018e+00
 1.77068e+03  9.98690e-01  1.00018e+00
 1.77070e+03  9.97742e-01  1.00018e+00
 1.77072e+03  9.97911e-01  1.00018e+00
 1.77074e+03  1.00017e+00  1.00018e+00
 1.77076e+03  9.99071e-01  1.00018e+00
 1.77079e+03  9.98185e-01  1.00018e+00
 1.77081e+03  1.00015e+00  1.00018e+00
 1.77083e+03  9.97919e-01  1.00018e+00
 1.77085e+03  9.98662e-01  1.00018e+00
 1.77087e+03  9.97557e-01  1.00018e+00
 1.77089e+03  9.97993e-01  1.00018e+00
 1.77091e+03  9.96390e-01  1.00018e+00
 1.77093e+03  9.98523e-01  1.00018e+00
 1.77095e+03  9.97967e-01  1.00018e+00
 1.77097e+03  9.99969e-01  1.00018e+00
 1.77099e+03  9.97485e-01  1.00018e+00
 1.77101e+03  9.98333e-01  1.00018e+00
 1.77104e+03  9.97219e-01  1.00018e+00
 1.77106e+03  9.96403e-01  1.00018e+00
 1.77108e+03  9.98857e-01  1.00018e+00
 1.77110e+03  9.93692e-01  1.00018e+00
 1.77112e+03  9.96861e-01  1.00018e+00
 1.77114e+03  9.98884e-01  1.00018e+00
 1.77116e+03  9.99811e-01  1.00018e+00
 1.77118e+03  9.95396e-01  1.00018e+00
 1.77120e+03  9.98674e-01  1.00018e+00
 1.77122e+03  9.97083e-01  1.00018e+00
 1.77124e+03  9.97127e-01  1.00018e+00
 1.77126e+03  9.97757e-01  1.00018e+00
 1.77129e+03  9.99835e-01  1.00018e+00
 1.77131e+03  9.97707e-01  1.00018e+00
 1.77133e+03  9.97126e-01  1.00018e+00
 1.77135e+03  9.98962e-01  1.00018e+00
 1.77137e+03  9.97185e-01  1.00018e+00
 1.77139e+03  9.97681e-01  1.00018e+00
 1.77141e+03  9.97598e-01  1.00018e+00
 1.77143e+03  1.00036e+00  1.00018e+00
 1.77145e+03  9.97748e-01  1.00018e+00
 1.77147e+03  9.97990e-01  1.00018e+00
 1.77149e+03  9.97127e-01  1.00018e+00
 1.77151e+03  9.96199e-01  1.00018e+00
 1.77154e+03  9.98932e-01  1.00018e+00
 1.77156e+03  9.98925e-01  1.00018e+00
 1.77158e+03  9.97188e-01  1.00018e+00
 1.77160e+03  9.98411e-01  1.00018e+00
 1.77162e+03  9.99286e-01  1.00018e+00
 1.77164e+03  9.98220e-01  1.00018e+00
 1.77166e+03  9.98361e-01  1.00018e+00
 1.77168e+03  9.98765e-01  1.00018e+00
 1.77170e+03  9.99823e-01  1.00018e+00
 1.77172e+03  9.98389e-01  1.00018e+00
 1.77174e+03  1.00025e+00  1.00018e+00
 1.77176e+03  9.98152e-01  1.00018e+00
 1.77179e+03  9.98361e-01  1.00018e+00
 1.77181e+03  9.98668e-01  1.00018e+00
 1.77183e+03  9.97788e-01  1.00018e+00
 1.77185e+03  9.99171e-01  1.00018e+00
 1.77187e+03  9.98470e-01  1.00018e+00
 1.77189e+03  1.00049e+00  1.00018e+00
 1.77191e+03  9.99781e-01  1.00018e+00
 1.77193e+03  1.00000e+00  1.00018e+00
 1.77195e+03  9.98147e-01  1.00018e+00
 1.77197e+03  9.99791e-01  1.00018e+00
 1.77199e+03  9.99055e-01  1.00018e+00
 1.77201e+03  1.00008e+00  1.00018e+00
 1.77204e+03  1.00054e+00  1.00018e+00
 1.77206e+03  9.98810e-01  1.00018e+00
 1.77208e+03  9.99099e-01  1.00018e+00
 1.77210e+03  9.98110e-01  1.00018e+00
 1.77212e+03  1.00048e+00  1.00018e+00
 1.77214e+03  1.00040e+00  1.00018e+00
 1.77216e+03  1.00063e+00  1.00018e+00
 1.77218e+03  9.97160e-01  1.00018e+00
 1.77551e+03  1.00154e+00  1.00020e+00
 1.77554e+03  1.00123e+00  1.00020e+00
 1.77556e+03  1.00157e+00  1.00020e+00
 1.77558e+03  1.00125e+00  1.00020e+00
 1.77560e+03  1.00125e+00  1.00020e+00
 1.77562e+03  1.00018e+00  1.00020e+00
 1.77564e+03  1.00038e+00  1.00020e+00
 1.77566e+03  9.98858e-01  1.00020e+00
 1.77568e+03  9.98496e-01  1.00021e+00
 1.77776e+03  9.76877e-01  9.78268e-01
 1.77779e+03  9.76224e-01  9.78211e-01
 1.77781e+03  9.78184e-01  9.78315e-01
 1.77783e+03  9.82764e-01  9.78582e-01
 1.77785e+03  9.80490e-01  9.79012e-01
 1.77787e+03  9.82290e-01  9.79604e-01
 1.77789e+03  9.84981e-01  9.80340e-01
 1.77791e+03  9.82958e-01  9.81210e-01
 1.77793e+03  9.84484e-01  9.82201e-01
 1.77795e+03  9.81225e-01  9.83284e-01
 1.77797e+03  9.81977e-01  9.84440e-01
 1.77799e+03  9.87371e-01  9.85652e-01
 1.77801e+03  9.87649e-01  9.86884e-01
 1.77804e+03  9.89933e-01  9.88122e-01
 1.77806e+03  9.90297e-01  9.89348e-01
 1.77808e+03  9.88491e-01  9.90534e-01
 1.77812e+03  9.90691e-01  9.92749e-01
 1.77814e+03  9.93443e-01  9.93750e-01
 1.77816e+03  9.92533e-01  9.94673e-01
 1.77818e+03  9.91570e-01  9.95517e-01
 1.77820e+03  9.94384e-01  9.96274e-01
 1.77822e+03  9.93621e-01  9.96948e-01
 1.77824e+03  9.96130e-01  9.97545e-01
 1.77829e+03  9.94336e-01  9.98508e-01
 1.77831e+03  9.97207e-01  9.98890e-01
 1.77833e+03  9.96800e-01  9.99209e-01
 1.77835e+03  9.96322e-01  9.99474e-01
 1.77837e+03  9.97761e-01  9.99691e-01
 1.77839e+03  9.97975e-01  9.99865e-01
 1.77841e+03  9.98612e-01  1.00000e+00
 1.77843e+03  9.99438e-01  1.00010e+00
 1.77845e+03  1.00081e+00  1.00018e+00
 1.77847e+03  1.00078e+00  1.00023e+00
 1.77849e+03  1.00110e+00  1.00027e+00
 1.77851e+03  1.00039e+00  1.00028e+00
 1.77854e+03  1.00108e+00  1.00028e+00
 1.77856e+03  1.00172e+00  1.00028e+00
 1.77858e+03  1.00392e+00  1.00026e+00
 1.77860e+03  1.00089e+00  1.00023e+00
 1.77862e+03  1.00021e+00  1.00020e+00
 1.77864e+03  1.00154e+00  1.00017e+00
 1.77866e+03  1.00417e+00  1.00014e+00
 1.77868e+03  1.00152e+00  1.00010e+00
 1.77870e+03  1.00275e+00  1.00006e+00
 1.77872e+03  1.00060e+00  1.00002e+00
 1.77874e+03  1.00039e+00  9.99986e-01
 1.77876e+03  1.00018e+00  9.99949e-01
 1.77879e+03  1.00106e+00  9.99913e-01
 1.77881e+03  1.00338e+00  9.99879e-01
 1.77883e+03  1.00143e+00  9.99846e-01
 1.77885e+03  1.00018e+00  9.99814e-01
 1.77887e+03  1.00234e+00  9.99785e-01
 1.77889e+03  1.00133e+00  9.99758e-01
 1.77891e+03  1.00027e+00  9.99732e-01
 1.77893e+03  1.00088e+00  9.99708e-01
 1.77895e+03  9.99810e-01  9.99686e-01
 1.77897e+03  1.00141e+00  9.99666e-01
 1.77899e+03  1.00143e+00  9.99647e-01
 1.77901e+03  1.00209e+00  9.99630e-01
 1.77904e+03  1.00079e+00  9.99615e-01
 1.77906e+03  1.00119e+00  9.99601e-01
 1.77908e+03  9.96815e-01  9.99589e-01
 1.77910e+03  1.00117e+00  9.99578e-01
 1.77912e+03  1.00060e+00  9.99569e-01
 1.77914e+03  1.00198e+00  9.99560e-01
 1.77916e+03  1.00015e+00  9.99553e-01
 1.77918e+03  9.99474e-01  9.99547e-01
 1.77920e+03  1.00021e+00  9.99542e-01
 1.77922e+03  1.00043e+00  9.99538e-01
 1.77924e+03  9.98661e-01  9.99534e-01
 1.77926e+03  1.00101e+00  9.99532e-01
 1.77929e+03  9.99253e-01  9.99530e-01
 1.77931e+03  1.00156e+00  9.99529e-01
 1.77933e+03  9.99974e-01  9.99529e-01
 1.77935e+03  1.00158e+00  9.99529e-01
 1.77937e+03  9.99883e-01  9.99530e-01
 1.77939e+03  1.00112e+00  9.99532e-01
 1.77941e+03  1.00086e+00  9.99534e-01
 1.77943e+03  1.00084e+00  9.99536e-01
 1.77945e+03  1.00365e+00  9.99539e-01
 1.77947e+03  1.00023e+00  9.99542e-01
 1.77949e+03  1.00057e+00  9.99545e-01
 1.77951e+03  1.00135e+00  9.99549e-01
 1.77954e+03  9.99068e-01  9.99553e-01
 1.77956e+03  9.99843e-01  9.99557e-01
 1.77958e+03  1.00176e+00  9.99562e-01
 1.77960e+03  9.99760e-01  9.99566e-01
 1.77962e+03  1.00057e+00  9.99571e-01
 1.77964e+03  9.99846e-01  9.99576e-01
 1.77966e+03  9.98196e-01  9.99581e-01
 1.77968e+03  9.99797e-01  9.99586e-01
 1.77970e+03  1.00013e+00  9.99592e-01
 1.77972e+03  9.98549e-01  9.99597e-01
 1.77974e+03  1.00007e+00  9.99603e-01
 1.77976e+03  9.99693e-01  9.99609e-01
 1.77979e+03  9.99829e-01  9.99614e-01
 1.77981e+03  1.00205e+00  9.99620e-01
 1.77983e+03  9.99258e-01  9.99626e-01
 1.77985e+03  1.00062e+00  9.99632e-01
 1.77987e+03  9.97730e-01  9.99637e-01
 1.77989e+03  1.00063e+00  9.99643e-01
 1.77991e+03  1.00046e+00  9.99649e-01
 1.77993e+03  1.00031e+00  9.99655e-01
 1.77995e+03  1.00141e+00  9.99661e-01
 1.77997e+03  9.99471e-01  9.99667e-01
 1.77999e+03  1.00066e+00  9.99672e-01
 1.78001e+03  9.99441e-01  9.99678e-01
 1.78004e+03  1.00131e+00  9.99684e-01
 1.78006e+03  9.98918e-01  9.99690e-01
 1.78008e+03  9.99340e-01  9.99695e-01
 1.78010e+03  9.99313e-01  9.99701e-01
 1.78012e+03  1.00190e+00  9.99707e-01
 1.78014e+03  1.00006e+00  9.99712e-01
 1.78016e+03  9.98128e-01  9.99718e-01
 1.78018e+03  9.99178e-01  9.99723e-01
 1.78020e+03  1.00066e+00  9.99729e-01
 1.78022e+03  1.00019e+00  9.99734e-01
 1.78024e+03  1.00035e+00  9.99740e-01
 1.78026e+03  9.99250e-01  9.99745e-01
 1.78029e+03  9.98915e-01  9.99750e-01
 1.78031e+03  9.98644e-01  9.99755e-01
 1.78033e+03  1.00070e+00  9.99760e-01
 1.78035e+03  1.00015e+00  9.99765e-01
 1.78037e+03  9.98879e-01  9.99770e-01
 1.78039e+03  9.99673e-01  9.99775e-01
 1.78041e+03  9.99615e-01  9.99780e-01
 1.78043e+03  9.99209e-01  9.99785e-01
 1.78045e+03  9.98875e-01  9.99790e-01
 1.78047e+03  1.00025e+00  9.99795e-01
 1.78049e+03  9.99622e-01  9.99799e-01
 1.78051e+03  1.00079e+00  9.99804e-01
 1.78054e+03  1.00109e+00  9.99809e-01
 1.78056e+03  9.97658e-01  9.99813e-01
 1.78058e+03  9.98459e-01  9.99818e-01
 1.78060e+03  1.00226e+00  9.99822e-01
 1.78062e+03  1.00185e+00  9.99826e-01
 1.78064e+03  9.99814e-01  9.99831e-01
 1.78066e+03  1.00157e+00  9.99835e-01
 1.78068e+03  9.98575e-01  9.99839e-01
 1.78070e+03  9.97773e-01  9.99843e-01
 1.78072e+03  1.00131e+00  9.99847e-01
 1.78074e+03  9.99833e-01  9.99851e-01
 1.78076e+03  9.98794e-01  9.99855e-01
 1.78079e+03  1.00087e+00  9.99859e-01
 1.78081e+03  9.99248e-01  9.99863e-01
 1.78083e+03  9.95618e-01  9.99867e-01
 1.78085e+03  9.98808e-01  9.99870e-01
 1.78087e+03  9.99701e-01  9.99874e-01
 1.78089e+03  9.98843e-01  9.99878e-01
 1.78091e+03  9.98461e-01  9.99881e-01
 1.78093e+03  1.00262e+00  9.99885e-01
 1.78095e+03  1.00135e+00  9.99888e-01
 1.78097e+03  9.98851e-01  9.99892e-01
 1.78099e+03  9.99774e-01  9.99895e-01
 1.78101e+03  9.99548e-01  9.99899e-01
 1.78104e+03  9.99891e-01  9.99902e-01
 1.78106e+03  1.00180e+00  9.99905e-01
 1.78108e+03  1.00094e+00  9.99908e-01
 1.78110e+03  1.00059e+00  9.99912e-01
 1.78112e+03  9.98993e-01  9.99915e-01
 1.78114e+03  1.00212e+00  9.99918e-01
 1.78116e+03  1.00033e+00  9.99921e-01
 1.78118e+03  9.99599e-01  9.99924e-01
 1.78120e+03  1.00280e+00  9.99927e-01
 1.78122e+03  1.00013e+00  9.99930e-01
 1.78124e+03  9.97303e-01  9.99933e-01
 1.78126e+03  1.00090e+00  9.99936e-01
 1.78129e+03  9.99059e-01  9.99938e-01
 1.78131e+03  9.98740e-01  9.99941e-01
 1.78133e+03  9.99889e-01  9.99944e-01
 1.78135e+03  1.00103e+00  9.99947e-01
 1.78137e+03  9.99411e-01  9.99949e-01
 1.78139e+03  9.99186e-01  9.99952e-01
 1.78141e+03  9.99704e-01  9.99955e-01
 1.78143e+03  1.00057e+00  9.99957e-01
 1.78145e+03  9.97585e-01  9.99960e-01
 1.78147e+03  1.00202e+00  9.99962e-01
 1.78149e+03  9.98750e-01  9.99965e-01
 1.78151e+03  9.99935e-01  9.99967e-01
 1.78154e+03  1.00036e+00  9.99969e-01
 1.78156e+03  1.00012e+00  9.99972e-01
 1.78158e+03  1.00016e+00  9.99974e-01
 1.78160e+03  9.98173e-01  9.99976e-01
 1.78162e+03  1.00170e+00  9.99979e-01
 1.78164e+03  1.00077e+00  9.99981e-01
 1.78166e+03  1.00013e+00  9.99983e-01
 1.78168e+03  1.00105e+00  9.99985e-01
 1.78170e+03  1.00048e+00  9.99988e-01
 1.78172e+03  9.98618e-01  9.99990e-01
 1.78174e+03  9.99155e-01  9.99992e-01
 1.78176e+03  1.00253e+00  9.99994e-01
 1.78181e+03  1.00152e+00  9.99998e-01
 1.78185e+03  1.00123e+00  1.00000e+00
 1.78187e+03  1.00090e+00  1.00000e+00
 1.78189e+03  1.00246e+00  1.00001e+00
 1.78191e+03  1.00116e+00  1.00001e+00
 1.78193e+03  1.00195e+00  1.00001e+00
 1.78195e+03  1.00005e+00  1.00001e+00
 1.78197e+03  1.00255e+00  1.00001e+00
 1.78199e+03  1.00059e+00  1.00001e+00
 1.78201e+03  9.99541e-01  1.00002e+00
 1.78204e+03  1.00187e+00  1.00002e+00
 1.78206e+03  1.00378e+00  1.00002e+00
 1.78208e+03  1.00091e+00  1.00002e+00
 1.78210e+03  9.98383e-01  1.00002e+00
 1.78212e+03  1.00323e+00  1.00003e+00
 1.78216e+03  9.98827e-01  1.00003e+00
 1.78218e+03  1.00121e+00  1.00003e+00
 1.78220e+03  9.99288e-01  1.00003e+00
 1.78222e+03  1.00177e+00  1.00003e+00
 1.78224e+03  1.00080e+00  1.00003e+00
 1.78226e+03  1.00166e+00  1.00004e+00
 1.78229e+03  1.00045e+00  1.00004e+00
 1.78231e+03  9.97961e-01  1.00004e+00
 1.78233e+03  1.00209e+00  1.00004e+00
 1.78235e+03  1.00040e+00  1.00004e+00
 1.78237e+03  9.99252e-01  1.00004e+00
 1.78239e+03  9.99519e-01  1.00005e+00
 1.78241e+03  9.98281e-01  1.00005e+00
 1.78243e+03  1.00189e+00  1.00005e+00
 1.78245e+03  9.99987e-01  1.00005e+00
 1.78247e+03  1.00000e+00  1.00005e+00
 1.78249e+03  1.00073e+00  1.00005e+00
 1.78251e+03  9.99888e-01  1.00005e+00
 1.78254e+03  1.00037e+00  1.00005e+00
 1.78256e+03  1.00028e+00  1.00006e+00
 1.78258e+03  9.99176e-01  1.00006e+00
 1.78260e+03  9.99429e-01  1.00006e+00
 1.78262e+03  9.99775e-01  1.00006e+00
 1.78264e+03  1.00255e+00  1.00006e+00
 1.78268e+03  1.00082e+00  1.00006e+00
 1.78270e+03  1.00044e+00  1.00006e+00
 1.78272e+03  1.00096e+00  1.00007e+00
 1.78274e+03  1.00000e+00  1.00007e+00
 1.78276e+03  9.99989e-01  1.00007e+00
 1.78279e+03  1.00187e+00  1.00007e+00
 1.78281e+03  1.00280e+00  1.00007e+00
 1.78283e+03  9.98662e-01  1.00007e+00
 1.78285e+03  1.00086e+00  1.00007e+00
 1.78287e+03  1.00116e+00  1.00007e+00
 1.78289e+03  1.00217e+00  1.00007e+00
 1.78291e+03  9.99114e-01  1.00008e+00
 1.78293e+03  9.99190e-01  1.00008e+00
 1.78295e+03  1.00050e+00  1.00008e+00
 1.78297e+03  1.00062e+00  1.00008e+00
 1.78299e+03  9.99328e-01  1.00008e+00
 1.78301e+03  9.99716e-01  1.00008e+00
 1.78304e+03  1.00064e+00  1.00008e+00
 1.78306e+03  9.99784e-01  1.00008e+00
 1.78308e+03  9.99682e-01  1.00008e+00
 1.78310e+03  1.00006e+00  1.00009e+00
 1.78312e+03  1.00071e+00  1.00009e+00
 1.78314e+03  9.99056e-01  1.00009e+00
 1.78316e+03  9.98867e-01  1.00009e+00
 1.78318e+03  1.00247e+00  1.00009e+00
 1.78320e+03  1.00228e+00  1.00009e+00
 1.78322e+03  9.99736e-01  1.00009e+00
 1.78324e+03  9.99676e-01  1.00009e+00
 1.78326e+03  1.00002e+00  1.00009e+00
 1.78329e+03  1.00153e+00  1.00009e+00
 1.78331e+03  9.98098e-01  1.00009e+00
 1.78333e+03  9.98209e-01  1.00010e+00
 1.78335e+03  9.99723e-01  1.00010e+00
 1.78337e+03  1.00016e+00  1.00010e+00
 1.78339e+03  9.98075e-01  1.00010e+00
 1.78341e+03  9.96717e-01  1.00010e+00
 1.78343e+03  9.98549e-01  1.00010e+00
 1.78345e+03  9.98364e-01  1.00010e+00
 1.78347e+03  9.98043e-01  1.00010e+00
 1.78349e+03  9.99269e-01  1.00010e+00
 1.78351e+03  9.98332e-01  1.00010e+00
 1.78354e+03  1.00211e+00  1.00010e+00
 1.78356e+03  9.97908e-01  1.00010e+00
 1.78358e+03  9.98379e-01  1.00010e+00
 1.78360e+03  9.99939e-01  1.00011e+00
 1.78362e+03  1.00046e+00  1.00011e+00
 1.78364e+03  1.00035e+00  1.00011e+00
 1.78366e+03  9.97829e-01  1.00011e+00
 1.78368e+03  9.97656e-01  1.00011e+00
 1.78370e+03  9.99590e-01  1.00011e+00
 1.78372e+03  9.99771e-01  1.00011e+00
 1.78374e+03  9.97529e-01  1.00011e+00
 1.78376e+03  9.98834e-01  1.00011e+00
 1.78379e+03  9.99123e-01  1.00011e+00
 1.78381e+03  9.97987e-01  1.00011e+00
 1.78383e+03  9.97746e-01  1.00011e+00
 1.78385e+03  9.98391e-01  1.00011e+00
 1.78387e+03  9.99595e-01  1.00011e+00
 1.78389e+03  1.00120e+00  1.00012e+00
 1.78391e+03  1.00016e+00  1.00012e+00
 1.78393e+03  9.99391e-01  1.00012e+00
 1.78395e+03  9.99151e-01  1.00012e+00
 1.78397e+03  1.00034e+00  1.00012e+00
 1.78399e+03  1.00329e+00  1.00012e+00
 1.78401e+03  1.00058e+00  1.00012e+00
 1.78404e+03  9.98778e-01  1.00012e+00
 1.78406e+03  9.98553e-01  1.00012e+00
 1.78408e+03  1.00014e+00  1.00012e+00
 1.78410e+03  9.99603e-01  1.00012e+00
 1.78412e+03  9.99931e-01  1.00012e+00
 1.78414e+03  1.00073e+00  1.00012e+00
 1.78416e+03  1.00035e+00  1.00012e+00
 1.78418e+03  1.00267e+00  1.00012e+00
 1.78420e+03  9.97899e-01  1.00012e+00
 1.78422e+03  9.99717e-01  1.00013e+00
 1.78424e+03  9.97327e-01  1.00013e+00
 1.78426e+03  9.98051e-01  1.00013e+00
 1.78429e+03  1.00122e+00  1.00013e+00
 1.78431e+03  1.00024e+00  1.00013e+00
 1.78433e+03  1.00129e+00  1.00013e+00
 1.78435e+03  9.99163e-01  1.00013e+00
 1.78437e+03  9.99812e-01  1.00013e+00
 1.78439e+03  9.98281e-01  1.00013e+00
 1.78441e+03  1.00148e+00  1.00013e+00
 1.78445e+03  1.00064e+00  1.00013e+00
 1.78447e+03  1.00068e+00  1.00013e+00
 1.78449e+03  9.97708e-01  1.00013e+00
 1.78451e+03  9.98959e-01  1.00013e+00
 1.78454e+03  1.00017e+00  1.00013e+00
 1.78456e+03  9.98717e-01  1.00013e+00
 1.78458e+03  1.00118e+00  1.00013e+00
 1.78460e+03  1.00017e+00  1.00013e+00
 1.78462e+03  1.00051e+00  1.00013e+00
 1.78464e+03  9.99404e-01  1.00014e+00
 1.78466e+03  1.00044e+00  1.00014e+00
 1.78468e+03  9.98532e-01  1.00014e+00
 1.78470e+03  1.00132e+00  1.00014e+00
 1.78472e+03  9.99367e-01  1.00014e+00
 1.78474e+03  9.98914e-01  1.00014e+00
 1.78476e+03  1.00137e+00  1.00014e+00
 1.78479e+03  9.99745e-01  1.00014e+00
 1.78481e+03  9.98755e-01  1.00014e+00
 1.78483e+03  9.99416e-01  1.00014e+00
 1.78485e+03  1.00049e+00  1.00014e+00
 1.78487e+03  1.00092e+00  1.00014e+00
 1.78489e+03  1.00271e+00  1.00014e+00
 1.78491e+03  1.00128e+00  1.00014e+00
 1.78493e+03  9.99633e-01  1.00014e+00
 1.78495e+03  9.97622e-01  1.00014e+00
 1.78497e+03  9.98174e-01  1.00014e+00
 1.78499e+03  1.00112e+00  1.00014e+00
 1.78501e+03  1.00061e+00  1.00014e+00
 1.78504e+03  9.99796e-01  1.00014e+00
 1.78506e+03  9.98819e-01  1.00014e+00
 1.78508e+03  9.99571e-01  1.00014e+00
 1.78510e+03  1.00006e+00  1.00014e+00
 1.78512e+03  1.00019e+00  1.00015e+00
 1.78514e+03  1.00033e+00  1.00015e+00
 1.78516e+03  9.97860e-01  1.00015e+00
 1.78518e+03  9.99496e-01  1.00015e+00
 1.78520e+03  1.00102e+00  1.00015e+00
 1.78522e+03  9.98050e-01  1.00015e+00
 1.78524e+03  9.99000e-01  1.00015e+00
 1.78526e+03  1.00099e+00  1.00015e+00
 1.78529e+03  1.00006e+00  1.00015e+00
 1.78531e+03  1.00090e+00  1.00015e+00
 1.78533e+03  9.99161e-01  1.00015e+00
 1.78535e+03  9.99430e-01  1.00015e+00
 1.78537e+03  9.96593e-01  1.00015e+00
 1.78539e+03  9.99032e-01  1.00015e+00
 1.78543e+03  9.99099e-01  1.00015e+00
 1.78545e+03  9.99095e-01  1.00015e+00
 1.78547e+03  9.97162e-01  1.00015e+00
 1.78549e+03  9.98358e-01  1.00015e+00
 1.78551e+03  9.98839e-01  1.00015e+00
 1.78554e+03  9.97111e-01  1.00015e+00
 1.78556e+03  9.96984e-01  1.00015e+00
 1.78558e+03  1.00030e+00  1.00015e+00
 1.78560e+03  9.98829e-01  1.00015e+00
 1.78562e+03  9.98043e-01  1.00015e+00
 1.78564e+03  9.97394e-01  1.00015e+00
 1.78566e+03  9.96006e-01  1.00015e+00
 1.78568e+03  9.99043e-01  1.00015e+00
 1.78570e+03  9.99752e-01  1.00015e+00
 1.78572e+03  1.00029e+00  1.00016e+00
 1.78574e+03  1.00136e+00  1.00016e+00
 1.78581e+03  9.98470e-01  1.00016e+00
 1.78583e+03  1.00270e+00  1.00016e+00
 1.78585e+03  9.99627e-01  1.00016e+00
 1.78587e+03  9.99261e-01  1.00016e+00
 1.78589e+03  1.00075e+00  1.00016e+00
 1.78591e+03  9.98728e-01  1.00016e+00
 1.78593e+03  9.99005e-01  1.00016e+00
 1.78595e+03  9.95876e-01  1.00016e+00
 1.78597e+03  9.99664e-01  1.00016e+00
 1.78599e+03  9.98050e-01  1.00016e+00
 1.78601e+03  1.00023e+00  1.00016e+00
 1.78604e+03  9.99455e-01  1.00016e+00
 1.78606e+03  1.00027e+00  1.00016e+00
 1.78608e+03  1.00222e+00  1.00016e+00
 1.78610e+03  9.99026e-01  1.00016e+00
 1.78614e+03  9.99173e-01  1.00016e+00
 1.78616e+03  9.99441e-01  1.00016e+00
 1.78618e+03  1.00040e+00  1.00016e+00
 1.78620e+03  9.99464e-01  1.00016e+00
 1.78622e+03  9.98992e-01  1.00016e+00
 1.78626e+03  9.97837e-01  1.00016e+00
 1.78629e+03  9.98576e-01  1.00016e+00
 1.78631e+03  9.99715e-01  1.00016e+00
 1.78633e+03  9.98712e-01  1.00016e+00
 1.78635e+03  9.97772e-01  1.00016e+00
 1.78639e+03  9.96392e-01  1.00016e+00
 1.78641e+03  9.97967e-01  1.00016e+00
 1.78643e+03  9.99023e-01  1.00016e+00
 1.78645e+03  1.00039e+00  1.00016e+00
 1.78647e+03  9.95809e-01  1.00016e+00
 1.78649e+03  1.00095e+00  1.00016e+00
 1.78651e+03  9.99703e-01  1.00017e+00
 1.78654e+03  9.96113e-01  1.00017e+00
 1.78656e+03  9.99962e-01  1.00017e+00
 1.78658e+03  1.00099e+00  1.00017e+00
 1.78660e+03  9.99026e-01  1.00017e+00
 1.78662e+03  9.98687e-01  1.00017e+00
 1.78664e+03  1.00137e+00  1.00017e+00
 1.78666e+03  1.00130e+00  1.00017e+00
 1.78668e+03  9.98107e-01  1.00017e+00
 1.78670e+03  9.99485e-01  1.00017e+00
 1.78672e+03  1.00005e+00  1.00017e+00
 1.78674e+03  9.97338e-01  1.00017e+00
 1.78676e+03  9.99715e-01  1.00017e+00
 1.78681e+03  9.99182e-01  1.00017e+00
 1.78683e+03  9.99612e-01  1.00017e+00
 1.78685e+03  9.98776e-01  1.00017e+00
 1.78687e+03  9.99655e-01  1.00017e+00
 1.78689e+03  1.00007e+00  1.00017e+00
 1.78691e+03  1.00095e+00  1.00017e+00
 1.78693e+03  1.00059e+00  1.00017e+00
 1.78695e+03  1.00156e+00  1.00017e+00
 1.78697e+03  1.00042e+00  1.00017e+00
 1.78699e+03  1.00058e+00  1.00017e+00
 1.78701e+03  1.00005e+00  1.00017e+00
 1.78704e+03  1.00181e+00  1.00017e+00
 1.78706e+03  1.00101e+00  1.00017e+00
 1.78710e+03  1.00028e+00  1.00017e+00
 1.78712e+03  9.99835e-01  1.00017e+00
 1.78714e+03  1.00141e+00  1.00017e+00
 1.78716e+03  1.00164e+00  1.00017e+00
 1.78718e+03  1.00150e+00  1.00017e+00
 1.78720e+03  1.00102e+00  1.00017e+00
 1.78722e+03  1.00068e+00  1.00017e+00
 1.78724e+03  1.00187e+00  1.00017e+00
 1.78726e+03  1.00444e+00  1.00017e+00
 1.78729e+03  1.00243e+00  1.00017e+00
 1.78731e+03  1.00186e+00  1.00017e+00
 1.78733e+03  1.00297e+00  1.00017e+00
 1.78735e+03  1.00680e+00  1.00017e+00
 1.78737e+03  1.00412e+00  1.00017e+00
 1.78739e+03  1.00461e+00  1.00017e+00
 1.78741e+03  1.00413e+00  1.00017e+00
 1.78743e+03  1.00331e+00  1.00017e+00
 1.78745e+03  1.00521e+00  1.00017e+00
 1.78747e+03  1.00574e+00  1.00017e+00
 1.78749e+03  1.00347e+00  1.00017e+00
 1.78751e+03  1.00696e+00  1.00017e+00
 1.78754e+03  1.00683e+00  1.00017e+00
 1.78756e+03  1.00604e+00  1.00017e+00
 1.78758e+03  1.00388e+00  1.00018e+00
 1.78760e+03  1.00548e+00  1.00018e+00
 1.78762e+03  1.00673e+00  1.00018e+00
 1.78764e+03  1.00479e+00  1.00018e+00
 1.78766e+03  1.00550e+00  1.00018e+00
 1.78768e+03  1.00529e+00  1.00018e+00
 1.78770e+03  1.00538e+00  1.00018e+00
 1.78772e+03  1.00610e+00  1.00018e+00
 1.78774e+03  1.00543e+00  1.00018e+00
 1.78776e+03  1.00689e+00  1.00018e+00
 1.78779e+03  1.00633e+00  1.00018e+00
 1.78781e+03  1.00529e+00  1.00018e+00
 1.78783e+03  1.00610e+00  1.00018e+00
 1.78785e+03  1.00571e+00  1.00018e+00
 1.78787e+03  1.00304e+00  1.00018e+00
 1.78789e+03  1.00281e+00  1.00018e+00
 1.78791e+03  1.00050e+00  1.00018e+00
 1.78793e+03  9.90799e-01  1.00018e+00
 1.78795e+03  9.89783e-01  1.00018e+00
 1.78797e+03  9.88794e-01  1.00018e+00
 1.78799e+03  9.88275e-01  1.00018e+00
 1.78801e+03  9.88433e-01  1.00018e+00
 1.78804e+03  9.90888e-01  1.00018e+00
 1.78806e+03  9.91940e-01  1.00018e+00
 1.78808e+03  9.91131e-01  1.00018e+00
 1.78810e+03  9.93410e-01  1.00018e+00
 1.78812e+03  9.92027e-01  1.00018e+00
 1.78814e+03  9.92518e-01  1.00018e+00
 1.78816e+03  9.94052e-01  1.00018e+00
 1.78818e+03  9.94514e-01  1.00018e+00
 1.78820e+03  9.94242e-01  1.00018e+00
 1.78822e+03  9.93725e-01  1.00018e+00
 1.78824e+03  9.93118e-01  1.00018e+00
 1.78826e+03  9.93717e-01  1.00018e+00
 1.78828e+03  9.92187e-01  1.00018e+00
 1.78831e+03  9.93687e-01  1.00018e+00
 1.78833e+03  9.94382e-01  1.00018e+00
 1.78835e+03  9.96558e-01  1.00018e+00
 1.78837e+03  9.97470e-01  1.00018e+00
 1.78839e+03  9.97333e-01  1.00018e+00
 1.78841e+03  9.98366e-01  1.00018e+00
 1.78845e+03  1.00112e+00  1.00018e+00
 1.78849e+03  1.00627e+00  1.00018e+00
 1.78851e+03  1.00910e+00  1.00018e+00
 1.78853e+03  1.01095e+00  1.00018e+00
 1.78856e+03  1.01260e+00  1.00018e+00
 1.78858e+03  1.01526e+00  1.00018e+00
 1.78860e+03  1.01766e+00  1.00018e+00
 1.78862e+03  1.01955e+00  1.00018e+00
 1.78864e+03  1.01991e+00  1.00018e+00
 1.78866e+03  1.02152e+00  1.00018e+00
 1.78868e+03  1.02526e+00  1.00018e+00
 1.78870e+03  1.02571e+00  1.00018e+00
 1.78960e+03  8.88082e-01  1.00019e+00
 1.78962e+03  8.99710e-01  1.00019e+00
 1.78964e+03  9.13975e-01  1.00019e+00
 1.78966e+03  9.28546e-01  1.00019e+00
 1.78968e+03  9.43013e-01  1.00019e+00
