1020
 1.99460e-02  9.99583e-01  1.00073e+00
 5.32760e-02  9.98984e-01  1.00056e+00
 9.21660e-02  9.99068e-01  1.00042e+00
 1.35347e-01  1.00034e+00  1.00032e+00
 1.70156e-01  9.99487e-01  1.00027e+00
 2.03854e-01  9.99150e-01  1.00023e+00
 2.37306e-01  1.00063e+00  1.00020e+00
 2.70854e-01  9.99434e-01  1.00017e+00
 3.04409e-01  9.96669e-01  1.00014e+00
 3.40519e-01  1.00016e+00  1.00011e+00
 3.75714e-01  9.99744e-01  1.00009e+00
 4.09259e-01  1.00002e+00  1.00006e+00
 4.40872e-01  1.00032e+00  1.00004e+00
 4.70247e-01  1.00096e+00  1.00002e+00
 5.01414e-01  9.99782e-01  9.99996e-01
 5.39232e-01  1.00227e+00  9.99972e-01
 5.71647e-01  9.99234e-01  9.99953e-01
 6.01956e-01  1.00174e+00  9.99937e-01
 6.31377e-01  1.00046e+00  9.99922e-01
 6.59242e-01  1.00158e+00  9.99909e-01
 6.86805e-01  1.00084e+00  9.99897e-01
 7.12497e-01  9.97056e-01  9.99886e-01
 7.37346e-01  1.00071e+00  9.99876e-01
 7.61190e-01  1.00382e+00  9.99868e-01
 7.84586e-01  1.00486e+00  9.99860e-01
 8.07599e-01  1.00278e+00  9.99852e-01
 8.32627e-01  1.00225e+00  9.99845e-01
 8.58307e-01  1.00205e+00  9.99838e-01
 8.84017e-01  1.00077e+00  9.99831e-01
 9.07030e-01  1.00091e+00  9.99825e-01
 9.30406e-01  1.00126e+00  9.99820e-01
 9.54260e-01  1.00006e+00  9.99815e-01
 9.80387e-01  1.00257e+00  9.99810e-01
 1.00415e+00  1.00099e+00  9.99805e-01
 1.02766e+00  1.00038e+00  9.99801e-01
 1.05067e+00  9.99654e-01  9.99798e-01
 1.07370e+00  1.00074e+00  9.99794e-01
 1.09710e+00  9.99724e-01  9.99791e-01
 1.12070e+00  9.99413e-01  9.99788e-01
 1.14780e+00  1.00076e+00  9.99785e-01
 1.17082e+00  1.00092e+00  9.99783e-01
 1.19570e+00  1.00044e+00  9.99780e-01
 1.21955e+00  9.99663e-01  9.99778e-01
 1.24291e+00  9.99807e-01  9.99777e-01
 1.26749e+00  9.98647e-01  9.99775e-01
 1.29151e+00  9.99902e-01  9.99773e-01
 1.31444e+00  9.99575e-01  9.99772e-01
 1.33751e+00  9.99823e-01  9.99771e-01
 1.36097e+00  9.99708e-01  9.99770e-01
 1.38402e+00  9.99873e-01  9.99770e-01
 1.40705e+00  9.99972e-01  9.99769e-01
 1.43042e+00  9.99405e-01  9.99769e-01
 1.45345e+00  9.99966e-01  9.99768e-01
 1.47694e+00  9.99729e-01  9.99768e-01
 1.50194e+00  9.99565e-01  9.99768e-01
 1.52709e+00  9.99600e-01  9.99768e-01
 1.55069e+00  9.99710e-01  9.99769e-01
 1.57511e+00  9.99470e-01  9.99769e-01
 1.59930e+00  1.00019e+00  9.99769e-01
 1.62430e+00  1.00032e+00  9.99770e-01
 1.64780e+00  1.00021e+00  9.99771e-01
 1.67084e+00  9.99347e-01  9.99772e-01
 1.69431e+00  9.99323e-01  9.99773e-01
 1.71831e+00  9.99816e-01  9.99774e-01
 1.74293e+00  9.99555e-01  9.99775e-01
 1.76942e+00  9.99631e-01  9.99776e-01
 1.79363e+00  9.99140e-01  9.99778e-01
 1.81736e+00  9.99497e-01  9.99779e-01
 1.84237e+00  9.96244e-01  9.99781e-01
 1.86537e+00  9.99447e-01  9.99783e-01
 1.88876e+00  9.99111e-01  9.99785e-01
 1.91180e+00  9.99137e-01  9.99786e-01
 1.93471e+00  9.99224e-01  9.99788e-01
 1.95946e+00  9.98901e-01  9.99790e-01
 1.98405e+00  9.98949e-01  9.99793e-01
 2.00902e+00  9.99451e-01  9.99795e-01
 2.03205e+00  9.99434e-01  9.99797e-01
 2.05543e+00  9.99673e-01  9.99800e-01
 2.07845e+00  9.98732e-01  9.99802e-01
 2.10140e+00  9.99346e-01  9.99805e-01
 2.12484e+00  9.99103e-01  9.99808e-01
 2.14780e+00  9.99267e-01  9.99810e-01
 2.17084e+00  9.98852e-01  9.99813e-01
 2.19433e+00  9.99617e-01  9.99816e-01
 2.21955e+00  9.98974e-01  9.99819e-01
 2.24294e+00  9.99444e-01  9.99822e-01
 2.26597e+00  9.99204e-01  9.99826e-01
 2.28890e+00  9.99965e-01  9.99829e-01
 2.31237e+00  9.99539e-01  9.99832e-01
 2.33530e+00  9.99833e-01  9.99836e-01
 2.35834e+00  1.00024e+00  9.99839e-01
 2.38405e+00  9.99876e-01  9.99843e-01
 2.40705e+00  9.99563e-01  9.99847e-01
 2.43044e+00  9.99274e-01  9.99851e-01
 2.45347e+00  9.96708e-01  9.99854e-01
 2.47640e+00  1.00053e+00  9.99858e-01
 2.49987e+00  9.99677e-01  9.99863e-01
 2.52280e+00  9.99522e-01  9.99867e-01
 2.54584e+00  9.99341e-01  9.99871e-01
 2.56934e+00  1.00001e+00  9.99875e-01
 2.59237e+00  9.99040e-01  9.99880e-01
 2.61538e+00  9.95931e-01  9.99884e-01
 2.63946e+00  9.98876e-01  9.99889e-01
 2.66652e+00  9.99195e-01  9.99895e-01
 2.68948e+00  9.99147e-01  9.99900e-01
 2.71251e+00  1.00002e+00  9.99905e-01
 2.73599e+00  9.99441e-01  9.99910e-01
 2.75905e+00  9.99774e-01  9.99915e-01
 2.78205e+00  9.99155e-01  9.99920e-01
 2.80544e+00  9.99903e-01  9.99926e-01
 2.82848e+00  9.97704e-01  9.99931e-01
 2.85140e+00  9.98868e-01  9.99937e-01
 2.87487e+00  9.96709e-01  9.99943e-01
 2.89919e+00  9.99922e-01  9.99949e-01
 2.92349e+00  9.99561e-01  9.99956e-01
 2.94656e+00  9.99414e-01  9.99962e-01
 2.96955e+00  9.96691e-01  9.99968e-01
 2.99362e+00  9.99829e-01  9.99975e-01
 3.01808e+00  9.96702e-01  9.99982e-01
 3.04152e+00  9.99160e-01  9.99989e-01
 3.06461e+00  9.96818e-01  9.99996e-01
 3.09017e+00  9.99165e-01  1.00000e+00
 3.11320e+00  9.96809e-01  1.00001e+00
 3.13671e+00  9.98926e-01  1.00002e+00
 3.16240e+00  1.00015e+00  1.00003e+00
 3.18737e+00  9.99594e-01  1.00004e+00
 3.21031e+00  9.99555e-01  1.00004e+00
 3.23406e+00  9.99139e-01  1.00005e+00
 3.25906e+00  9.98818e-01  1.00006e+00
 3.28205e+00  9.99039e-01  1.00007e+00
 3.30544e+00  9.98838e-01  1.00008e+00
 3.32848e+00  9.99009e-01  1.00009e+00
 3.35141e+00  9.99155e-01  1.00010e+00
 3.37487e+00  1.00009e+00  1.00011e+00
 3.39910e+00  9.99272e-01  1.00012e+00
 3.42350e+00  9.87157e-01  1.00013e+00
 3.44864e+00  9.99675e-01  1.00014e+00
 3.47213e+00  9.99213e-01  1.00015e+00
 3.49513e+00  1.00016e+00  1.00016e+00
 3.51808e+00  9.99943e-01  1.00017e+00
 3.54154e+00  9.99317e-01  1.00019e+00
 3.56448e+00  9.99466e-01  1.00020e+00
 3.58753e+00  9.98938e-01  1.00021e+00
 3.61100e+00  9.99524e-01  1.00022e+00
 3.63406e+00  9.99287e-01  1.00024e+00
 3.65707e+00  9.99224e-01  1.00025e+00
 3.68044e+00  9.99454e-01  1.00026e+00
 3.70558e+00  9.99887e-01  1.00028e+00
 3.73030e+00  9.99359e-01  1.00030e+00
 3.75490e+00  1.00025e+00  1.00031e+00
 3.77989e+00  9.99890e-01  1.00033e+00
 3.80289e+00  9.99834e-01  1.00035e+00
 3.82781e+00  1.00067e+00  1.00036e+00
 3.85254e+00  1.00076e+00  1.00038e+00
 3.87712e+00  9.99517e-01  1.00040e+00
 3.90268e+00  1.00041e+00  1.00042e+00
 3.92666e+00  1.00109e+00  1.00044e+00
 3.95129e+00  1.00091e+00  1.00046e+00
 3.97432e+00  1.00072e+00  1.00048e+00
 3.99724e+00  1.00080e+00  1.00051e+00
 4.02070e+00  1.00111e+00  1.00053e+00
 4.04702e+00  1.00126e+00  1.00055e+00
 4.07156e+00  1.00154e+00  1.00058e+00
 4.09457e+00  1.00103e+00  1.00060e+00
 4.11795e+00  1.00104e+00  1.00063e+00
 4.14098e+00  1.00145e+00  1.00066e+00
 4.16393e+00  1.00224e+00  1.00068e+00
 4.18737e+00  1.00243e+00  1.00071e+00
 4.21031e+00  1.00351e+00  1.00074e+00
 4.23337e+00  1.00390e+00  1.00077e+00
 4.25684e+00  1.00353e+00  1.00080e+00
 4.27989e+00  1.00439e+00  1.00084e+00
 4.30290e+00  1.00477e+00  1.00087e+00
 4.32686e+00  1.00537e+00  1.00091e+00
 4.35255e+00  1.00588e+00  1.00095e+00
 4.37698e+00  1.00716e+00  1.00100e+00
 4.40003e+00  1.00635e+00  1.00105e+00
 4.42351e+00  1.00765e+00  1.00110e+00
 4.44656e+00  1.00666e+00  1.00116e+00
 4.47004e+00  1.00724e+00  1.00121e+00
 4.49514e+00  1.00648e+00  1.00127e+00
 4.51808e+00  1.00639e+00  1.00131e+00
 4.54155e+00  1.00709e+00  1.00132e+00
 4.56449e+00  1.00656e+00  1.00131e+00
 4.59018e+00  1.00573e+00  1.00125e+00
 4.61333e+00  1.00564e+00  1.00115e+00
 4.63936e+00  1.00524e+00  1.00101e+00
 4.66393e+00  1.00494e+00  1.00086e+00
 4.68739e+00  1.00409e+00  1.00072e+00
 4.71448e+00  1.00296e+00  1.00058e+00
 4.74755e+00  1.00344e+00  1.00045e+00
 4.77573e+00  1.00276e+00  1.00037e+00
 4.80074e+00  1.00156e+00  1.00032e+00
 4.82514e+00  1.00241e+00  1.00028e+00
 4.85015e+00  1.00200e+00  1.00025e+00
 4.87489e+00  1.00079e+00  1.00023e+00
 4.89782e+00  1.00030e+00  1.00020e+00
 4.92088e+00  1.00116e+00  1.00018e+00
 4.94436e+00  1.00010e+00  1.00016e+00
 4.96740e+00  1.00032e+00  1.00015e+00
 4.99182e+00  1.00058e+00  1.00013e+00
 5.01599e+00  1.00107e+00  1.00011e+00
 5.03894e+00  1.00076e+00  1.00009e+00
 5.06810e+00  1.00084e+00  1.00007e+00
 5.09240e+00  9.99311e-01  1.00005e+00
 5.11543e+00  9.99230e-01  1.00003e+00
 5.13880e+00  9.98856e-01  1.00001e+00
 5.16183e+00  9.99584e-01  9.99999e-01
 5.18477e+00  1.00046e+00  9.99984e-01
 5.20936e+00  9.99816e-01  9.99969e-01
 5.23338e+00  9.99556e-01  9.99955e-01
 5.26000e+00  1.00002e+00  9.99941e-01
 5.28463e+00  9.98864e-01  9.99928e-01
 5.30767e+00  1.00006e+00  9.99917e-01
 5.33059e+00  1.00026e+00  9.99906e-01
 5.35406e+00  9.99112e-01  9.99896e-01
 5.37829e+00  1.00016e+00  9.99886e-01
 5.40269e+00  9.99649e-01  9.99877e-01
 5.42971e+00  1.00118e+00  9.99867e-01
 5.46381e+00  1.00003e+00  9.99855e-01
 5.49043e+00  9.99473e-01  9.99847e-01
 5.51656e+00  9.99582e-01  9.99840e-01
 5.54367e+00  1.00033e+00  9.99832e-01
 5.56857e+00  1.00041e+00  9.99826e-01
 5.59319e+00  1.00019e+00  9.99821e-01
 5.61798e+00  1.00017e+00  9.99815e-01
 5.64308e+00  9.99884e-01  9.99810e-01
 5.66656e+00  1.00069e+00  9.99806e-01
 5.68950e+00  1.00015e+00  9.99802e-01
 5.71255e+00  9.99986e-01  9.99798e-01
 5.73603e+00  1.00087e+00  9.99795e-01
 5.75908e+00  9.99397e-01  9.99792e-01
 5.78208e+00  9.99640e-01  9.99789e-01
 5.80548e+00  9.99748e-01  9.99786e-01
 5.82751e+00  9.97130e-01  9.99784e-01
 5.84834e+00  9.98366e-01  9.99782e-01
 5.86918e+00  9.98711e-01  9.99780e-01
 5.89001e+00  9.97387e-01  9.99778e-01
 5.91084e+00  9.97545e-01  9.99776e-01
 5.93168e+00  9.97937e-01  9.99775e-01
 5.95251e+00  9.97756e-01  9.99774e-01
 5.97415e+00  9.99223e-01  9.99773e-01
 5.99835e+00  9.98644e-01  9.99771e-01
 6.01917e+00  9.98710e-01  9.99771e-01
 6.04002e+00  9.98668e-01  9.99770e-01
 6.06085e+00  9.98540e-01  9.99769e-01
 6.08375e+00  9.99498e-01  9.99769e-01
 6.10462e+00  9.99152e-01  9.99768e-01
 6.12751e+00  9.99117e-01  9.99768e-01
 6.14835e+00  9.99391e-01  9.99768e-01
 6.16917e+00  9.99519e-01  9.99768e-01
 6.19140e+00  9.99787e-01  9.99768e-01
 6.21293e+00  9.99512e-01  9.99768e-01
 6.23551e+00  9.99185e-01  9.99769e-01
 6.25962e+00  1.00026e+00  9.99769e-01
 6.28375e+00  9.99493e-01  9.99770e-01
 6.30461e+00  1.00011e+00  9.99771e-01
 6.32683e+00  9.99887e-01  9.99771e-01
 6.34834e+00  1.00036e+00  9.99772e-01
 6.37072e+00  1.00021e+00  9.99773e-01
 6.39364e+00  9.99799e-01  9.99774e-01
 6.41501e+00  9.99939e-01  9.99775e-01
 6.43585e+00  1.00013e+00  9.99776e-01
 6.45667e+00  9.99829e-01  9.99778e-01
 6.47751e+00  9.99913e-01  9.99779e-01
 6.49992e+00  1.00009e+00  9.99781e-01
 6.52335e+00  1.00032e+00  9.99782e-01
 6.54569e+00  1.00068e+00  9.99784e-01
 6.56710e+00  1.00011e+00  9.99786e-01
 6.58793e+00  1.00010e+00  9.99787e-01
 6.60875e+00  9.99200e-01  9.99789e-01
 6.62960e+00  1.00029e+00  9.99791e-01
 6.65043e+00  9.99828e-01  9.99793e-01
 6.67125e+00  9.99995e-01  9.99795e-01
 6.69210e+00  9.99609e-01  9.99797e-01
 6.71293e+00  9.98884e-01  9.99799e-01
 6.73375e+00  9.99995e-01  9.99801e-01
 6.75460e+00  9.99147e-01  9.99803e-01
 6.77543e+00  1.00000e+00  9.99806e-01
 6.79625e+00  9.99437e-01  9.99808e-01
 6.81818e+00  9.99975e-01  9.99811e-01
 6.84001e+00  9.99938e-01  9.99813e-01
 6.86084e+00  9.99683e-01  9.99816e-01
 6.88168e+00  1.00019e+00  9.99819e-01
 6.90251e+00  9.99914e-01  9.99822e-01
 6.92405e+00  1.00035e+00  9.99824e-01
 6.94712e+00  1.00099e+00  9.99828e-01
 6.96918e+00  1.00020e+00  9.99831e-01
 6.99002e+00  9.99833e-01  9.99834e-01
 7.01084e+00  9.99835e-01  9.99837e-01
 7.03168e+00  9.99025e-01  9.99840e-01
 7.05348e+00  9.99903e-01  9.99844e-01
 7.07542e+00  9.99520e-01  9.99847e-01
 7.09626e+00  9.99954e-01  9.99851e-01
 7.11711e+00  9.99770e-01  9.99854e-01
 7.13916e+00  9.99784e-01  9.99858e-01
 7.16085e+00  9.99362e-01  9.99862e-01
 7.18169e+00  9.99835e-01  9.99865e-01
 7.20250e+00  9.99874e-01  9.99869e-01
 7.22335e+00  9.99783e-01  9.99873e-01
 7.24555e+00  1.00012e+00  9.99877e-01
 7.26708e+00  9.99446e-01  9.99882e-01
 7.28794e+00  9.99843e-01  9.99886e-01
 7.30876e+00  1.00010e+00  9.99890e-01
 7.32958e+00  9.99648e-01  9.99894e-01
 7.35146e+00  9.99698e-01  9.99899e-01
 7.37334e+00  9.99824e-01  9.99904e-01
 7.39417e+00  1.00045e+00  9.99908e-01
 7.41503e+00  1.00019e+00  9.99913e-01
 7.43584e+00  9.99665e-01  9.99918e-01
 7.45667e+00  9.99361e-01  9.99922e-01
 7.47753e+00  9.99766e-01  9.99927e-01
 7.49834e+00  1.00042e+00  9.99933e-01
 7.52126e+00  9.98878e-01  9.99938e-01
 7.54213e+00  9.99496e-01  9.99943e-01
 7.56500e+00  1.00031e+00  9.99949e-01
 7.58585e+00  9.99682e-01  9.99955e-01
 7.60669e+00  1.00006e+00  9.99961e-01
 7.62750e+00  9.99069e-01  9.99966e-01
 7.64835e+00  9.99778e-01  9.99972e-01
 7.66919e+00  9.99208e-01  9.99978e-01
 7.69000e+00  1.00013e+00  9.99984e-01
 7.71085e+00  1.00015e+00  9.99990e-01
 7.73169e+00  1.00033e+00  9.99997e-01
 7.75266e+00  1.00033e+00  1.00000e+00
 7.77543e+00  1.00048e+00  1.00001e+00
 7.79628e+00  9.99924e-01  1.00002e+00
 7.81759e+00  9.99691e-01  1.00002e+00
 7.84001e+00  1.00021e+00  1.00003e+00
 7.86086e+00  1.00053e+00  1.00004e+00
 7.88167e+00  1.00011e+00  1.00005e+00
 7.90251e+00  9.99274e-01  1.00005e+00
 7.92336e+00  1.00036e+00  1.00006e+00
 7.94417e+00  1.00017e+00  1.00007e+00
 7.96501e+00  1.00035e+00  1.00008e+00
 7.98586e+00  9.99548e-01  1.00009e+00
 8.00667e+00  9.99408e-01  1.00009e+00
 8.02751e+00  1.00023e+00  1.00010e+00
 8.04836e+00  9.99498e-01  1.00011e+00
 8.06917e+00  1.00029e+00  1.00012e+00
 8.09001e+00  1.00021e+00  1.00013e+00
 8.11086e+00  9.99543e-01  1.00014e+00
 8.13306e+00  1.00058e+00  1.00015e+00
 8.15459e+00  9.99456e-01  1.00016e+00
 8.17544e+00  1.00040e+00  1.00017e+00
 8.19626e+00  9.99795e-01  1.00018e+00
 8.21709e+00  1.00069e+00  1.00019e+00
 8.23933e+00  1.00002e+00  1.00020e+00
 8.26084e+00  1.00030e+00  1.00022e+00
 8.28168e+00  1.00025e+00  1.00023e+00
 8.30252e+00  1.00079e+00  1.00024e+00
 8.32334e+00  9.99653e-01  1.00025e+00
 8.34418e+00  1.00014e+00  1.00026e+00
 8.36502e+00  1.00027e+00  1.00028e+00
 8.38663e+00  1.00058e+00  1.00029e+00
 8.40877e+00  9.99787e-01  1.00030e+00
 8.42960e+00  9.99892e-01  1.00032e+00
 8.45236e+00  1.00074e+00  1.00033e+00
 8.47336e+00  9.99849e-01  1.00035e+00
 8.49418e+00  9.99876e-01  1.00036e+00
 8.51500e+00  1.00054e+00  1.00038e+00
 8.53586e+00  1.00115e+00  1.00040e+00
 8.55668e+00  1.00045e+00  1.00041e+00
 8.57750e+00  1.00020e+00  1.00043e+00
 8.59836e+00  1.00057e+00  1.00045e+00
 8.61918e+00  1.00029e+00  1.00047e+00
 8.64000e+00  1.00058e+00  1.00049e+00
 8.66086e+00  1.00092e+00  1.00050e+00
 8.68168e+00  1.00060e+00  1.00052e+00
 8.70251e+00  1.00007e+00  1.00054e+00
 8.72336e+00  1.00012e+00  1.00057e+00
 8.74418e+00  9.99580e-01  1.00059e+00
 8.76501e+00  9.99717e-01  1.00061e+00
 8.78586e+00  9.99756e-01  1.00063e+00
 8.80668e+00  1.00039e+00  1.00066e+00
 8.82751e+00  9.99892e-01  1.00068e+00
 8.84836e+00  1.00020e+00  1.00071e+00
 8.86918e+00  1.00086e+00  1.00073e+00
 8.89001e+00  9.99483e-01  1.00076e+00
 8.91086e+00  9.99863e-01  1.00079e+00
 8.93168e+00  9.99324e-01  1.00082e+00
 8.95252e+00  1.00021e+00  1.00085e+00
 8.97487e+00  9.99600e-01  1.00088e+00
 8.99626e+00  9.99668e-01  1.00092e+00
 9.01711e+00  1.00008e+00  1.00095e+00
 9.04002e+00  1.00068e+00  1.00100e+00
 9.06293e+00  1.00023e+00  1.00104e+00
 9.08587e+00  1.00076e+00  1.00110e+00
 9.10669e+00  1.00089e+00  1.00115e+00
 9.12751e+00  1.00039e+00  1.00120e+00
 9.14837e+00  1.00017e+00  1.00124e+00
 9.16919e+00  1.00072e+00  1.00129e+00
 9.19001e+00  1.00001e+00  1.00131e+00
 9.21086e+00  1.00041e+00  1.00132e+00
 9.23169e+00  9.99813e-01  1.00131e+00
 9.25265e+00  1.00028e+00  1.00126e+00
 9.27544e+00  1.00003e+00  1.00117e+00
 9.29735e+00  1.00023e+00  1.00105e+00
 9.32041e+00  9.99762e-01  1.00092e+00
 9.34211e+00  9.99558e-01  1.00079e+00
 9.36294e+00  9.99751e-01  1.00067e+00
 9.38376e+00  9.99630e-01  1.00056e+00
 9.40658e+00  1.00018e+00  1.00047e+00
 9.42752e+00  1.00061e+00  1.00041e+00
 9.45122e+00  1.00050e+00  1.00035e+00
 9.47487e+00  1.00039e+00  1.00030e+00
 9.49626e+00  1.00070e+00  1.00027e+00
 9.51710e+00  9.99930e-01  1.00025e+00
 9.53795e+00  9.99588e-01  1.00023e+00
 9.55876e+00  1.00077e+00  1.00021e+00
 9.57960e+00  1.00067e+00  1.00019e+00
 9.60200e+00  9.99461e-01  1.00017e+00
 9.62335e+00  9.99964e-01  1.00015e+00
 9.64418e+00  1.00046e+00  1.00014e+00
 9.66503e+00  1.00007e+00  1.00012e+00
 9.68651e+00  9.99299e-01  1.00010e+00
 9.71239e+00  9.99851e-01  1.00008e+00
 9.73485e+00  9.99949e-01  1.00006e+00
 9.75667e+00  9.99622e-01  1.00005e+00
 9.77754e+00  9.99664e-01  1.00003e+00
 9.79890e+00  9.99983e-01  1.00002e+00
 9.82126e+00  9.99875e-01  1.00000e+00
 9.84352e+00  9.99777e-01  9.99989e-01
 9.86502e+00  1.00000e+00  9.99975e-01
 9.88737e+00  9.99307e-01  9.99962e-01
 9.90878e+00  9.99962e-01  9.99950e-01
 9.92960e+00  9.99981e-01  9.99939e-01
 9.95240e+00  9.98411e-01  9.99927e-01
 9.97337e+00  9.99946e-01  9.99917e-01
 9.99418e+00  9.99691e-01  9.99907e-01
 1.00171e+01  9.99808e-01  9.99897e-01
 1.00379e+01  9.99785e-01  9.99888e-01
 1.00588e+01  9.98594e-01  9.99880e-01
 1.00817e+01  9.99740e-01  9.99872e-01
 1.01067e+01  9.98943e-01  9.99863e-01
 1.01275e+01  1.00015e+00  9.99856e-01
 1.01484e+01  1.00015e+00  9.99849e-01
 1.01692e+01  9.99890e-01  9.99843e-01
 1.01907e+01  9.99036e-01  9.99837e-01
 1.02129e+01  1.00002e+00  9.99832e-01
 1.02348e+01  1.00008e+00  9.99826e-01
 1.02579e+01  9.99266e-01  9.99821e-01
 1.02796e+01  9.99243e-01  9.99816e-01
 1.03004e+01  9.99529e-01  9.99812e-01
 1.03227e+01  9.99815e-01  9.99808e-01
 1.03442e+01  9.99660e-01  9.99804e-01
 1.03650e+01  9.99945e-01  9.99800e-01
 1.03861e+01  9.99459e-01  9.99797e-01
 1.04088e+01  1.00069e+00  9.99794e-01
 1.04305e+01  9.99786e-01  9.99791e-01
 1.04535e+01  1.00032e+00  9.99788e-01
 1.04764e+01  9.98850e-01  9.99785e-01
 1.04983e+01  1.00014e+00  9.99783e-01
 1.05197e+01  9.98735e-01  9.99781e-01
 1.05421e+01  1.00001e+00  9.99779e-01
 1.05629e+01  1.00034e+00  9.99777e-01
 1.05838e+01  9.99671e-01  9.99776e-01
 1.06052e+01  9.99340e-01  9.99774e-01
 1.06287e+01  1.00052e+00  9.99773e-01
 1.06525e+01  9.99388e-01  9.99772e-01
 1.06733e+01  9.99428e-01  9.99771e-01
 1.06970e+01  1.00069e+00  9.99770e-01
 1.07192e+01  9.99999e-01  9.99769e-01
 1.07434e+01  9.99886e-01  9.99769e-01
 1.07718e+01  9.99533e-01  9.99768e-01
 1.08001e+01  1.00011e+00  9.99768e-01
 1.08354e+01  1.00008e+00  9.99768e-01
 1.08716e+01  9.99735e-01  9.99768e-01
 1.09042e+01  1.00059e+00  9.99769e-01
 1.09355e+01  1.00004e+00  9.99770e-01
 1.09674e+01  1.00034e+00  9.99770e-01
 1.09994e+01  1.00026e+00  9.99772e-01
 1.10292e+01  9.99959e-01  9.99773e-01
 1.10602e+01  1.00007e+00  9.99774e-01
 1.10961e+01  1.00027e+00  9.99776e-01
 1.11354e+01  1.00032e+00  9.99779e-01
 1.11661e+01  1.00034e+00  9.99781e-01
 1.11993e+01  1.00039e+00  9.99783e-01
 1.12355e+01  9.99964e-01  9.99786e-01
 1.12742e+01  1.00020e+00  9.99789e-01
 1.13119e+01  1.00030e+00  9.99792e-01
 1.13443e+01  1.00128e+00  9.99795e-01
 1.13814e+01  1.00121e+00  9.99799e-01
 1.14177e+01  1.00161e+00  9.99803e-01
 1.14532e+01  9.98728e-01  9.99807e-01
 1.14968e+01  1.00671e+00  9.99812e-01
 1.15668e+01  9.99874e-01  9.99821e-01
 1.16112e+01  1.00165e+00  9.99827e-01
 1.16515e+01  1.00163e+00  9.99833e-01
 1.16903e+01  1.00158e+00  9.99839e-01
 1.17283e+01  9.98929e-01  9.99845e-01
 1.17634e+01  9.99222e-01  9.99851e-01
 1.18012e+01  9.99823e-01  9.99857e-01
 1.18390e+01  1.00249e+00  9.99864e-01
 1.18802e+01  1.00059e+00  9.99871e-01
 1.19246e+01  1.00051e+00  9.99880e-01
 1.19663e+01  9.99905e-01  9.99888e-01
 1.20079e+01  9.99732e-01  9.99897e-01
 1.20496e+01  1.00056e+00  9.99906e-01
 1.20913e+01  9.99420e-01  9.99915e-01
 1.21330e+01  1.00043e+00  9.99925e-01
 1.21746e+01  1.00017e+00  9.99935e-01
 1.22163e+01  1.00001e+00  9.99946e-01
 1.22580e+01  1.00091e+00  9.99957e-01
 1.22996e+01  1.00042e+00  9.99968e-01
 1.23413e+01  1.00038e+00  9.99980e-01
 1.23897e+01  1.00025e+00  9.99994e-01
 1.24289e+01  9.99609e-01  1.00001e+00
 1.24603e+01  1.00046e+00  1.00002e+00
 1.24939e+01  1.00123e+00  1.00003e+00
 3.98920e-02  9.99583e-01  1.00062e+00
 1.06552e-01  9.98984e-01  1.00038e+00
 1.84332e-01  9.99068e-01  1.00025e+00
 2.70695e-01  1.00034e+00  1.00017e+00
 3.40311e-01  9.99487e-01  1.00011e+00
 4.07709e-01  9.99150e-01  1.00006e+00
 4.74612e-01  1.00063e+00  1.00001e+00
 5.41707e-01  9.99434e-01  9.99970e-01
 6.08817e-01  9.96669e-01  9.99933e-01
 6.81037e-01  1.00016e+00  9.99899e-01
 7.51427e-01  9.99744e-01  9.99871e-01
 8.18517e-01  1.00002e+00  9.99849e-01
 8.81744e-01  1.00032e+00  9.99832e-01
 9.40494e-01  1.00096e+00  9.99818e-01
 1.00283e+00  9.99782e-01  9.99806e-01
 1.07846e+00  1.00227e+00  9.99794e-01
 1.14329e+00  9.99234e-01  9.99786e-01
 1.20391e+00  1.00174e+00  9.99780e-01
 1.26275e+00  1.00046e+00  9.99775e-01
 1.31848e+00  1.00158e+00  9.99772e-01
 1.37361e+00  1.00084e+00  9.99770e-01
 1.42499e+00  9.97056e-01  9.99769e-01
 1.47469e+00  1.00071e+00  9.99768e-01
 1.52238e+00  1.00382e+00  9.99768e-01
 1.56917e+00  1.00486e+00  9.99769e-01
 1.61520e+00  1.00278e+00  9.99770e-01
 1.66525e+00  1.00225e+00  9.99771e-01
 1.71661e+00  1.00205e+00  9.99774e-01
 1.76803e+00  1.00077e+00  9.99776e-01
 1.81406e+00  1.00091e+00  9.99779e-01
 1.86081e+00  1.00126e+00  9.99782e-01
 1.90852e+00  1.00006e+00  9.99786e-01
 1.96077e+00  1.00257e+00  9.99791e-01
 2.00829e+00  1.00099e+00  9.99795e-01
 2.05531e+00  1.00038e+00  9.99800e-01
 2.10133e+00  9.99654e-01  9.99805e-01
 2.14740e+00  1.00074e+00  9.99810e-01
 2.19419e+00  9.99724e-01  9.99816e-01
 2.24139e+00  9.99413e-01  9.99822e-01
 2.29559e+00  1.00076e+00  9.99830e-01
 2.34163e+00  1.00092e+00  9.99836e-01
 2.39139e+00  1.00044e+00  9.99844e-01
 2.43910e+00  9.99663e-01  9.99852e-01
 2.48581e+00  9.99807e-01  9.99860e-01
 2.53498e+00  9.98647e-01  9.99869e-01
 2.58302e+00  9.99902e-01  9.99878e-01
 2.62887e+00  9.99575e-01  9.99887e-01
 2.67501e+00  9.99823e-01  9.99897e-01
 2.72193e+00  9.99708e-01  9.99907e-01
 2.76803e+00  9.99873e-01  9.99917e-01
 2.81410e+00  9.99972e-01  9.99928e-01
 2.86083e+00  9.99405e-01  9.99940e-01
 2.90690e+00  9.99966e-01  9.99951e-01
 2.95388e+00  9.99729e-01  9.99964e-01
 3.00387e+00  9.99565e-01  9.99978e-01
 3.05417e+00  9.99600e-01  9.99993e-01
 3.10137e+00  9.99710e-01  1.00001e+00
 3.15022e+00  9.99470e-01  1.00002e+00
 3.19860e+00  1.00019e+00  1.00004e+00
 3.24859e+00  1.00032e+00  1.00006e+00
 3.29559e+00  1.00021e+00  1.00008e+00
 3.34167e+00  9.99347e-01  1.00009e+00
 3.38861e+00  9.99323e-01  1.00011e+00
 3.43662e+00  9.99816e-01  1.00014e+00
 3.48585e+00  9.99555e-01  1.00016e+00
 3.53884e+00  9.99631e-01  1.00019e+00
 3.58725e+00  9.99140e-01  1.00021e+00
 3.63471e+00  9.99497e-01  1.00024e+00
 3.68473e+00  9.96244e-01  1.00027e+00
 3.73074e+00  9.99447e-01  1.00030e+00
 3.77751e+00  9.99111e-01  1.00033e+00
 3.82360e+00  9.99137e-01  1.00036e+00
 3.86941e+00  9.99224e-01  1.00040e+00
 3.91891e+00  9.98901e-01  1.00044e+00
 3.96811e+00  9.98949e-01  1.00048e+00
 4.01803e+00  9.99451e-01  1.00053e+00
 4.06410e+00  9.99434e-01  1.00057e+00
 4.11085e+00  9.99673e-01  1.00062e+00
 4.15690e+00  9.98732e-01  1.00067e+00
 4.20279e+00  9.99346e-01  1.00073e+00
 4.24967e+00  9.99103e-01  1.00079e+00
 4.29559e+00  9.99267e-01  1.00086e+00
 4.34167e+00  9.98852e-01  1.00094e+00
 4.38865e+00  9.99617e-01  1.00103e+00
 4.43910e+00  9.98974e-01  1.00114e+00
 4.48587e+00  9.99444e-01  1.00125e+00
 4.53194e+00  9.99204e-01  1.00132e+00
 4.57779e+00  9.99965e-01  1.00128e+00
 4.62474e+00  9.99539e-01  1.00109e+00
 4.67059e+00  9.99833e-01  1.00082e+00
 4.71667e+00  1.00024e+00  1.00057e+00
 4.76809e+00  9.99876e-01  1.00039e+00
 4.81410e+00  9.99563e-01  1.00030e+00
 4.86087e+00  9.99274e-01  1.00024e+00
 4.90694e+00  9.96708e-01  1.00020e+00
 4.95279e+00  1.00053e+00  1.00016e+00
 4.99974e+00  9.99677e-01  1.00012e+00
 5.04559e+00  9.99522e-01  1.00008e+00
 5.09167e+00  9.99341e-01  1.00005e+00
 5.13867e+00  1.00001e+00  1.00001e+00
 5.18473e+00  9.99040e-01  9.99984e-01
 5.23076e+00  9.95931e-01  9.99957e-01
 5.27891e+00  9.98876e-01  9.99931e-01
 5.33303e+00  9.99195e-01  9.99905e-01
 5.37895e+00  9.99147e-01  9.99886e-01
 5.42501e+00  1.00002e+00  9.99868e-01
 5.47197e+00  9.99441e-01  9.99853e-01
 5.51809e+00  9.99774e-01  9.99839e-01
 5.56410e+00  9.99155e-01  9.99827e-01
 5.61087e+00  9.99903e-01  9.99817e-01
 5.65696e+00  9.97704e-01  9.99808e-01
 5.70279e+00  9.98868e-01  9.99800e-01
 5.74974e+00  9.96709e-01  9.99793e-01
 5.79837e+00  9.99922e-01  9.99787e-01
 5.84697e+00  9.99561e-01  9.99782e-01
 5.89311e+00  9.99414e-01  9.99778e-01
 5.93910e+00  9.96691e-01  9.99775e-01
 5.98724e+00  9.99829e-01  9.99772e-01
 6.03615e+00  9.96702e-01  9.99770e-01
 6.08303e+00  9.99160e-01  9.99769e-01
 6.12921e+00  9.96818e-01  9.99768e-01
 6.18033e+00  9.99165e-01  9.99768e-01
 6.22639e+00  9.96809e-01  9.99769e-01
 6.27341e+00  9.98926e-01  9.99770e-01
 6.32479e+00  1.00015e+00  9.99771e-01
 6.37474e+00  9.99594e-01  9.99773e-01
 6.42061e+00  9.99555e-01  9.99776e-01
 6.46811e+00  9.99139e-01  9.99778e-01
 6.51811e+00  9.98818e-01  9.99782e-01
 6.56410e+00  9.99039e-01  9.99785e-01
 6.61087e+00  9.98838e-01  9.99789e-01
 6.65696e+00  9.99009e-01  9.99793e-01
 6.70281e+00  9.99155e-01  9.99798e-01
 6.74974e+00  1.00009e+00  9.99803e-01
 6.79820e+00  9.99272e-01  9.99808e-01
 6.84699e+00  9.87157e-01  9.99814e-01
 6.89727e+00  9.99675e-01  9.99821e-01
 6.94425e+00  9.99213e-01  9.99827e-01
 6.99026e+00  1.00016e+00  9.99834e-01
 7.03615e+00  9.99943e-01  9.99841e-01
 7.08308e+00  9.99317e-01  9.99848e-01
 7.12895e+00  9.99466e-01  9.99856e-01
 7.17505e+00  9.98938e-01  9.99864e-01
 7.22199e+00  9.99524e-01  9.99873e-01
 7.26811e+00  9.99287e-01  9.99882e-01
 7.31414e+00  9.99224e-01  9.99891e-01
 7.36087e+00  9.99454e-01  9.99901e-01
 7.41115e+00  9.99887e-01  9.99912e-01
 7.46059e+00  9.99359e-01  9.99923e-01
 7.50981e+00  1.00025e+00  9.99935e-01
 7.55977e+00  9.99890e-01  9.99948e-01
 7.60578e+00  9.99834e-01  9.99960e-01
 7.65561e+00  1.00067e+00  9.99974e-01
 7.70509e+00  1.00076e+00  9.99989e-01
 7.75425e+00  9.99517e-01  1.00000e+00
 7.80535e+00  1.00041e+00  1.00002e+00
 7.85332e+00  1.00109e+00  1.00004e+00
 7.90257e+00  1.00091e+00  1.00005e+00
 7.94864e+00  1.00072e+00  1.00007e+00
 7.99447e+00  1.00080e+00  1.00009e+00
 8.04139e+00  1.00111e+00  1.00011e+00
 8.09404e+00  1.00126e+00  1.00013e+00
 8.14311e+00  1.00154e+00  1.00015e+00
 8.18914e+00  1.00103e+00  1.00018e+00
 8.23589e+00  1.00104e+00  1.00020e+00
 8.28196e+00  1.00145e+00  1.00023e+00
 8.32785e+00  1.00224e+00  1.00025e+00
 8.37473e+00  1.00243e+00  1.00028e+00
 8.42061e+00  1.00351e+00  1.00031e+00
 8.46673e+00  1.00390e+00  1.00034e+00
 8.51367e+00  1.00353e+00  1.00038e+00
 8.55977e+00  1.00439e+00  1.00042e+00
 8.60580e+00  1.00477e+00  1.00045e+00
 8.65373e+00  1.00537e+00  1.00050e+00
 8.70511e+00  1.00588e+00  1.00055e+00
 8.75395e+00  1.00716e+00  1.00060e+00
 8.80005e+00  1.00635e+00  1.00065e+00
 8.84701e+00  1.00765e+00  1.00070e+00
 8.89311e+00  1.00666e+00  1.00076e+00
 8.94007e+00  1.00724e+00  1.00083e+00
 8.99028e+00  1.00648e+00  1.00091e+00
 9.03615e+00  1.00639e+00  1.00099e+00
 9.08310e+00  1.00709e+00  1.00109e+00
 9.12897e+00  1.00656e+00  1.00120e+00
 9.18035e+00  1.00573e+00  1.00130e+00
 9.22666e+00  1.00564e+00  1.00131e+00
 9.27873e+00  1.00524e+00  1.00115e+00
 9.32785e+00  1.00494e+00  1.00087e+00
 9.37477e+00  1.00409e+00  1.00061e+00
 9.42895e+00  1.00296e+00  1.00040e+00
 9.49511e+00  1.00344e+00  1.00028e+00
 9.55145e+00  1.00276e+00  1.00022e+00
 9.60147e+00  1.00156e+00  1.00017e+00
 9.65028e+00  1.00241e+00  1.00013e+00
 9.70030e+00  1.00200e+00  1.00009e+00
 9.74977e+00  1.00079e+00  1.00005e+00
 9.79563e+00  1.00030e+00  1.00002e+00
 9.84175e+00  1.00116e+00  9.99990e-01
 9.88871e+00  1.00010e+00  9.99961e-01
 9.93479e+00  1.00032e+00  9.99936e-01
 9.98364e+00  1.00058e+00  9.99912e-01
 1.00320e+01  1.00107e+00  9.99891e-01
 1.00779e+01  1.00076e+00  9.99873e-01
 1.01362e+01  1.00084e+00  9.99853e-01
 1.01848e+01  9.99311e-01  9.99839e-01
 1.02309e+01  9.99230e-01  9.99827e-01
 1.02776e+01  9.98856e-01  9.99817e-01
 1.03237e+01  9.99584e-01  9.99807e-01
 1.03695e+01  1.00046e+00  9.99800e-01
 1.04187e+01  9.99816e-01  9.99792e-01
 1.04668e+01  9.99556e-01  9.99786e-01
 1.05200e+01  1.00002e+00  9.99781e-01
 1.05693e+01  9.98864e-01  9.99777e-01
 1.06153e+01  1.00006e+00  9.99774e-01
 1.06612e+01  1.00026e+00  9.99772e-01
 1.07081e+01  9.99112e-01  9.99770e-01
 1.07566e+01  1.00016e+00  9.99769e-01
 1.08054e+01  9.99649e-01  9.99768e-01
 1.08594e+01  1.00118e+00  9.99768e-01
 1.09276e+01  1.00003e+00  9.99769e-01
 1.09809e+01  9.99473e-01  9.99771e-01
 1.10331e+01  9.99582e-01  9.99773e-01
 1.10873e+01  1.00033e+00  9.99776e-01
 1.11371e+01  1.00041e+00  9.99779e-01
 1.11864e+01  1.00019e+00  9.99782e-01
 1.12360e+01  1.00017e+00  9.99786e-01
 1.12862e+01  9.99884e-01  9.99790e-01
 1.13331e+01  1.00069e+00  9.99794e-01
 1.13790e+01  1.00015e+00  9.99799e-01
 1.14251e+01  9.99986e-01  9.99804e-01
 1.14721e+01  1.00087e+00  9.99809e-01
 1.15182e+01  9.99397e-01  9.99815e-01
 1.15642e+01  9.99640e-01  9.99821e-01
 1.16110e+01  9.99748e-01  9.99827e-01
 1.16550e+01  9.97130e-01  9.99834e-01
 1.16967e+01  9.98366e-01  9.99840e-01
 1.17384e+01  9.98711e-01  9.99847e-01
 1.17800e+01  9.97387e-01  9.99854e-01
 1.18217e+01  9.97545e-01  9.99861e-01
 1.18634e+01  9.97937e-01  9.99868e-01
 1.19050e+01  9.97756e-01  9.99876e-01
 1.19483e+01  9.99223e-01  9.99885e-01
 1.19967e+01  9.98644e-01  9.99895e-01
 1.20383e+01  9.98710e-01  9.99903e-01
 1.20800e+01  9.98668e-01  9.99913e-01
 1.21217e+01  9.98540e-01  9.99922e-01
 1.21675e+01  9.99498e-01  9.99933e-01
 1.22092e+01  9.99152e-01  9.99944e-01
 1.22550e+01  9.99117e-01  9.99956e-01
 1.22967e+01  9.99391e-01  9.99967e-01
 1.23383e+01  9.99519e-01  9.99979e-01
 1.23828e+01  9.99787e-01  9.99992e-01
 1.24259e+01  9.99512e-01  1.00001e+00
 1.24710e+01  9.99185e-01  1.00002e+00
 1.25192e+01  1.00026e+00  1.00004e+00
 1.25675e+01  9.99493e-01  1.00005e+00
 1.26092e+01  1.00011e+00  1.00007e+00
 1.26537e+01  9.99887e-01  1.00009e+00
 1.26967e+01  1.00036e+00  1.00010e+00
 1.27414e+01  1.00021e+00  1.00012e+00
 1.27873e+01  9.99799e-01  1.00014e+00
 1.28300e+01  9.99939e-01  1.00017e+00
 1.28717e+01  1.00013e+00  1.00019e+00
 1.29133e+01  9.99829e-01  1.00021e+00
 1.29550e+01  9.99913e-01  1.00023e+00
 1.29998e+01  1.00009e+00  1.00026e+00
 1.30467e+01  1.00032e+00  1.00029e+00
 1.30914e+01  1.00068e+00  1.00032e+00
 1.31342e+01  1.00011e+00  1.00035e+00
 1.31759e+01  1.00010e+00  1.00038e+00
 1.32175e+01  9.99200e-01  1.00041e+00
 1.32592e+01  1.00029e+00  1.00044e+00
 1.33009e+01  9.99828e-01  1.00048e+00
 1.33425e+01  9.99995e-01  1.00052e+00
 1.33842e+01  9.99609e-01  1.00056e+00
 1.34259e+01  9.98884e-01  1.00060e+00
 1.34675e+01  9.99995e-01  1.00065e+00
 1.35092e+01  9.99147e-01  1.00070e+00
 1.35509e+01  1.00000e+00  1.00075e+00
 1.35925e+01  9.99437e-01  1.00081e+00
 1.36364e+01  9.99975e-01  1.00087e+00
 1.36800e+01  9.99938e-01  1.00095e+00
 1.37217e+01  9.99683e-01  1.00103e+00
 1.37634e+01  1.00019e+00  1.00112e+00
 1.38050e+01  9.99914e-01  1.00122e+00
 1.38481e+01  1.00035e+00  1.00131e+00
 1.38942e+01  1.00099e+00  1.00131e+00
 1.39384e+01  1.00020e+00  1.00118e+00
 1.39800e+01  9.99833e-01  1.00095e+00
 1.40217e+01  9.99835e-01  1.00070e+00
 1.40634e+01  9.99025e-01  1.00051e+00
 1.41070e+01  9.99903e-01  1.00037e+00
 1.41508e+01  9.99520e-01  1.00029e+00
 1.41925e+01  9.99954e-01  1.00024e+00
 1.42342e+01  9.99770e-01  1.00020e+00
 1.42783e+01  9.99784e-01  1.00016e+00
 1.43217e+01  9.99362e-01  1.00013e+00
 1.43634e+01  9.99835e-01  1.00009e+00
 1.44050e+01  9.99874e-01  1.00006e+00
 1.44467e+01  9.99783e-01  1.00003e+00
 1.44911e+01  1.00012e+00  1.00000e+00
 1.45342e+01  9.99446e-01  9.99973e-01
 1.45759e+01  9.99843e-01  9.99949e-01
 1.46175e+01  1.00010e+00  9.99927e-01
 1.46592e+01  9.99648e-01  9.99907e-01
 1.47029e+01  9.99698e-01  9.99889e-01
 1.47467e+01  9.99824e-01  9.99872e-01
 1.47883e+01  1.00045e+00  9.99858e-01
 1.48301e+01  1.00019e+00  9.99845e-01
 1.48717e+01  9.99665e-01  9.99833e-01
 1.49133e+01  9.99361e-01  9.99823e-01
 1.49551e+01  9.99766e-01  9.99814e-01
 1.49967e+01  1.00042e+00  9.99806e-01
 1.50425e+01  9.98878e-01  9.99798e-01
 1.50843e+01  9.99496e-01  9.99792e-01
 1.51300e+01  1.00031e+00  9.99787e-01
 1.51717e+01  9.99682e-01  9.99782e-01
 1.52134e+01  1.00006e+00  9.99779e-01
 1.52550e+01  9.99069e-01  9.99775e-01
 1.52967e+01  9.99778e-01  9.99773e-01
 1.53384e+01  9.99208e-01  9.99771e-01
 1.53800e+01  1.00013e+00  9.99770e-01
 1.54217e+01  1.00015e+00  9.99769e-01
 1.54634e+01  1.00033e+00  9.99768e-01
 1.55053e+01  1.00033e+00  9.99768e-01
 1.55509e+01  1.00048e+00  9.99769e-01
 1.55926e+01  9.99924e-01  9.99769e-01
 1.56352e+01  9.99691e-01  9.99771e-01
 1.56800e+01  1.00021e+00  9.99772e-01
 1.57217e+01  1.00053e+00  9.99774e-01
 1.57633e+01  1.00011e+00  9.99776e-01
 1.58050e+01  9.99274e-01  9.99779e-01
 1.58467e+01  1.00036e+00  9.99782e-01
 1.58883e+01  1.00017e+00  9.99785e-01
 1.59300e+01  1.00035e+00  9.99788e-01
 1.59717e+01  9.99548e-01  9.99792e-01
 1.60133e+01  9.99408e-01  9.99796e-01
 1.60550e+01  1.00023e+00  9.99800e-01
 1.60967e+01  9.99498e-01  9.99805e-01
 1.61383e+01  1.00029e+00  9.99809e-01
 1.61800e+01  1.00021e+00  9.99815e-01
 1.62217e+01  9.99543e-01  9.99820e-01
 1.62661e+01  1.00058e+00  9.99826e-01
 1.63092e+01  9.99456e-01  9.99832e-01
 1.63509e+01  1.00040e+00  9.99838e-01
 1.63925e+01  9.99795e-01  9.99845e-01
 1.64342e+01  1.00069e+00  9.99852e-01
 1.64787e+01  1.00002e+00  9.99859e-01
 1.65217e+01  1.00030e+00  9.99867e-01
 1.65634e+01  1.00025e+00  9.99875e-01
 1.66050e+01  1.00079e+00  9.99883e-01
 1.66467e+01  9.99653e-01  9.99891e-01
 1.66884e+01  1.00014e+00  9.99900e-01
 1.67300e+01  1.00027e+00  9.99909e-01
 1.67733e+01  1.00058e+00  9.99919e-01
 1.68175e+01  9.99787e-01  9.99930e-01
 1.68592e+01  9.99892e-01  9.99940e-01
 1.69047e+01  1.00074e+00  9.99952e-01
 1.69467e+01  9.99849e-01  9.99963e-01
 1.69884e+01  9.99876e-01  9.99975e-01
 1.70300e+01  1.00054e+00  9.99987e-01
 1.70717e+01  1.00115e+00  9.99999e-01
 1.71134e+01  1.00045e+00  1.00001e+00
 1.71550e+01  1.00020e+00  1.00003e+00
 1.71967e+01  1.00057e+00  1.00004e+00
 1.72384e+01  1.00029e+00  1.00006e+00
 1.72800e+01  1.00058e+00  1.00007e+00
 1.73217e+01  1.00092e+00  1.00009e+00
 1.73634e+01  1.00060e+00  1.00011e+00
 1.74050e+01  1.00007e+00  1.00012e+00
 1.74467e+01  1.00012e+00  1.00014e+00
 1.74884e+01  9.99580e-01  1.00016e+00
 1.75300e+01  9.99717e-01  1.00018e+00
 1.75717e+01  9.99756e-01  1.00020e+00
 1.76134e+01  1.00039e+00  1.00023e+00
 1.76550e+01  9.99892e-01  1.00025e+00
 1.76967e+01  1.00020e+00  1.00028e+00
 1.77384e+01  1.00086e+00  1.00030e+00
 1.77800e+01  9.99483e-01  1.00033e+00
 1.78217e+01  9.99863e-01  1.00036e+00
 1.78634e+01  9.99324e-01  1.00039e+00
 1.79050e+01  1.00021e+00  1.00043e+00
 1.79497e+01  9.99600e-01  1.00047e+00
 1.79925e+01  9.99668e-01  1.00050e+00
 1.80342e+01  1.00008e+00  1.00054e+00
 1.80800e+01  1.00068e+00  1.00059e+00
 1.81259e+01  1.00023e+00  1.00064e+00
 1.81717e+01  1.00076e+00  1.00070e+00
 1.82134e+01  1.00089e+00  1.00075e+00
 1.82550e+01  1.00039e+00  1.00080e+00
 1.82967e+01  1.00017e+00  1.00087e+00
 1.83384e+01  1.00072e+00  1.00093e+00
 1.83800e+01  1.00001e+00  1.00101e+00
 1.84217e+01  1.00041e+00  1.00111e+00
 1.84634e+01  9.99813e-01  1.00121e+00
 1.85053e+01  1.00028e+00  1.00129e+00
 1.85509e+01  1.00003e+00  1.00132e+00
 1.85947e+01  1.00023e+00  1.00122e+00
 1.86408e+01  9.99762e-01  1.00098e+00
 1.86842e+01  9.99558e-01  1.00072e+00
 1.87259e+01  9.99751e-01  1.00052e+00
 1.87675e+01  9.99630e-01  1.00038e+00
 1.88132e+01  1.00018e+00  1.00029e+00
 1.88550e+01  1.00061e+00  1.00024e+00
 1.89024e+01  1.00050e+00  1.00020e+00
 1.89497e+01  1.00039e+00  1.00016e+00
 1.89925e+01  1.00070e+00  1.00012e+00
 1.90342e+01  9.99930e-01  1.00009e+00
 1.90759e+01  9.99588e-01  1.00006e+00
 1.91175e+01  1.00077e+00  1.00003e+00
 1.91592e+01  1.00067e+00  9.99999e-01
 1.92040e+01  9.99461e-01  9.99971e-01
 1.92467e+01  9.99964e-01  9.99946e-01
 1.92884e+01  1.00046e+00  9.99925e-01
 1.93301e+01  1.00007e+00  9.99905e-01
 1.93730e+01  9.99299e-01  9.99887e-01
 1.94248e+01  9.99851e-01  9.99867e-01
 1.94697e+01  9.99949e-01  9.99853e-01
 1.95133e+01  9.99622e-01  9.99840e-01
 1.95551e+01  9.99664e-01  9.99829e-01
 1.95978e+01  9.99983e-01  9.99819e-01
 1.96425e+01  9.99875e-01  9.99810e-01
 1.96870e+01  9.99777e-01  9.99802e-01
 1.97300e+01  1.00000e+00  9.99795e-01
 1.97747e+01  9.99307e-01  9.99789e-01
 1.98176e+01  9.99962e-01  9.99784e-01
 1.98592e+01  9.99981e-01  9.99780e-01
 1.99048e+01  9.98411e-01  9.99777e-01
 1.99467e+01  9.99946e-01  9.99774e-01
 1.99884e+01  9.99691e-01  9.99772e-01
 2.00342e+01  9.99808e-01  9.99770e-01
 2.00759e+01  9.99785e-01  9.99769e-01
 2.01175e+01  9.98594e-01  9.99768e-01
 2.01635e+01  9.99740e-01  9.99768e-01
 2.02134e+01  9.98943e-01  9.99769e-01
 2.02550e+01  1.00015e+00  9.99769e-01
 2.02967e+01  1.00015e+00  9.99770e-01
 2.03384e+01  9.99890e-01  9.99772e-01
 2.03814e+01  9.99036e-01  9.99774e-01
 2.04259e+01  1.00002e+00  9.99776e-01
 2.04697e+01  1.00008e+00  9.99779e-01
 2.05159e+01  9.99266e-01  9.99782e-01
 2.05592e+01  9.99243e-01  9.99785e-01
 2.06009e+01  9.99529e-01  9.99789e-01
 2.06453e+01  9.99815e-01  9.99793e-01
 2.06884e+01  9.99660e-01  9.99797e-01
 2.07300e+01  9.99945e-01  9.99801e-01
 2.07722e+01  9.99459e-01  9.99806e-01
 2.08175e+01  1.00069e+00  9.99811e-01
 2.08610e+01  9.99786e-01  9.99817e-01
 2.09071e+01  1.00032e+00  9.99823e-01
 2.09529e+01  9.98850e-01  9.99829e-01
 2.09967e+01  1.00014e+00  9.99835e-01
 2.10394e+01  9.98735e-01  9.99842e-01
 2.10842e+01  1.00001e+00  9.99849e-01
 2.11259e+01  1.00034e+00  9.99856e-01
 2.11675e+01  9.99671e-01  9.99863e-01
 2.12103e+01  9.99340e-01  9.99871e-01
 2.12575e+01  1.00052e+00  9.99880e-01
 2.13050e+01  9.99388e-01  9.99890e-01
 2.13467e+01  9.99428e-01  9.99899e-01
 2.13939e+01  1.00069e+00  9.99909e-01
 2.14384e+01  9.99999e-01  9.99919e-01
 2.14868e+01  9.99886e-01  9.99930e-01
 2.15436e+01  9.99533e-01  9.99945e-01
 2.16001e+01  1.00011e+00  9.99960e-01
 2.16709e+01  1.00008e+00  9.99979e-01
 2.17433e+01  9.99735e-01  1.00000e+00
 2.18085e+01  1.00059e+00  1.00002e+00
 2.18710e+01  1.00004e+00  1.00004e+00
 2.19348e+01  1.00034e+00  1.00007e+00
 2.19988e+01  1.00026e+00  1.00009e+00
 2.20585e+01  9.99959e-01  1.00012e+00
 2.21204e+01  1.00007e+00  1.00015e+00
 2.21922e+01  1.00027e+00  1.00018e+00
 2.22707e+01  1.00032e+00  1.00022e+00
 2.23321e+01  1.00034e+00  1.00026e+00
 2.23987e+01  1.00039e+00  1.00030e+00
 2.24710e+01  9.99964e-01  1.00035e+00
 2.25484e+01  1.00020e+00  1.00041e+00
 2.26238e+01  1.00030e+00  1.00047e+00
 2.26885e+01  1.00128e+00  1.00053e+00
 2.27627e+01  1.00121e+00  1.00061e+00
 2.28354e+01  1.00161e+00  1.00069e+00
 2.29064e+01  9.98728e-01  1.00078e+00
 2.29936e+01  1.00671e+00  1.00092e+00
 2.31335e+01  9.99874e-01  1.00122e+00
 2.32224e+01  1.00165e+00  1.00132e+00
 2.33031e+01  1.00163e+00  1.00100e+00
 2.33806e+01  1.00158e+00  1.00056e+00
 2.34565e+01  9.98929e-01  1.00033e+00
 2.35267e+01  9.99222e-01  1.00024e+00
 2.36023e+01  9.99823e-01  1.00017e+00
 2.36781e+01  1.00249e+00  1.00011e+00
 2.37603e+01  1.00059e+00  1.00004e+00
 2.38492e+01  1.00051e+00  9.99983e-01
 2.39325e+01  9.99905e-01  9.99935e-01
 2.40159e+01  9.99732e-01  9.99896e-01
 2.40992e+01  1.00056e+00  9.99864e-01
 2.41826e+01  9.99420e-01  9.99839e-01
 2.42659e+01  1.00043e+00  9.99818e-01
 2.43492e+01  1.00017e+00  9.99802e-01
 2.44326e+01  1.00001e+00  9.99790e-01
 2.45159e+01  1.00091e+00  9.99781e-01
 2.45992e+01  1.00042e+00  9.99775e-01
 2.46826e+01  1.00038e+00  9.99771e-01
 2.47794e+01  1.00025e+00  9.99768e-01
 2.48578e+01  9.99609e-01  9.99768e-01
 2.49205e+01  1.00046e+00  9.99769e-01
 2.49878e+01  1.00123e+00  9.99771e-01
