1014
 3.63200e-03  1.00057e+00  1.00309e+00
 1.22190e-02  1.00122e+00  1.00251e+00
 2.00160e-02  1.00038e+00  1.00204e+00
 2.86160e-02  1.00061e+00  1.00159e+00
 3.68110e-02  1.00099e+00  1.00122e+00
 4.48850e-02  1.00077e+00  1.00091e+00
 5.31850e-02  1.00218e+00  1.00063e+00
 6.09660e-02  1.00185e+00  1.00041e+00
 7.00240e-02  1.00053e+00  1.00018e+00
 7.91240e-02  1.00151e+00  9.99996e-01
 8.91680e-02  1.00050e+00  9.99822e-01
 9.90250e-02  1.00125e+00  9.99679e-01
 1.08019e-01  1.00108e+00  9.99571e-01
 1.16803e-01  1.00125e+00  9.99480e-01
 1.25159e-01  9.99795e-01  9.99407e-01
 1.34298e-01  1.00102e+00  9.99339e-01
 1.42610e-01  1.00092e+00  9.99286e-01
 1.51379e-01  1.00099e+00  9.99239e-01
 1.60145e-01  1.00151e+00  9.99198e-01
 1.69304e-01  1.00099e+00  9.99163e-01
 1.78461e-01  1.00073e+00  9.99134e-01
 1.86808e-01  1.00067e+00  9.99111e-01
 1.95963e-01  1.00205e+00  9.99090e-01
 2.04273e-01  1.00020e+00  9.99075e-01
 2.13879e-01  9.99801e-01  9.99060e-01
 2.22645e-01  1.00104e+00  9.99050e-01
 2.31110e-01  1.00009e+00  9.99042e-01
 2.40120e-01  1.00103e+00  9.99035e-01
 2.48762e-01  1.00080e+00  9.99030e-01
 2.58463e-01  1.00097e+00  9.99027e-01
 2.66874e-01  9.99943e-01  9.99025e-01
 2.76379e-01  1.00053e+00  9.99025e-01
 2.85145e-01  1.00041e+00  9.99025e-01
 2.93554e-01  1.00194e+00  9.99026e-01
 3.02620e-01  1.00058e+00  9.99028e-01
 3.10910e-01  1.00000e+00  9.99031e-01
 3.20131e-01  1.00076e+00  9.99034e-01
 3.29240e-01  9.99438e-01  9.99038e-01
 3.38700e-01  9.99420e-01  9.99043e-01
 3.47645e-01  9.99403e-01  9.99048e-01
 3.56054e-01  9.99637e-01  9.99053e-01
 3.65120e-01  9.99459e-01  9.99059e-01
 3.73410e-01  1.00029e+00  9.99064e-01
 3.83664e-01  9.99523e-01  9.99071e-01
 3.92554e-01  9.99770e-01  9.99077e-01
 4.01389e-01  9.99552e-01  9.99084e-01
 4.10145e-01  9.98835e-01  9.99090e-01
 4.18554e-01  9.99014e-01  9.99096e-01
 4.27620e-01  1.00005e+00  9.99103e-01
 4.35910e-01  1.00008e+00  9.99110e-01
 4.45024e-01  9.99650e-01  9.99117e-01
 4.53451e-01  9.99097e-01  9.99124e-01
 4.62133e-01  1.00010e+00  9.99131e-01
 4.70973e-01  9.99626e-01  9.99138e-01
 4.79263e-01  1.00021e+00  9.99145e-01
 4.88468e-01  1.00086e+00  9.99152e-01
 4.96724e-01  1.00031e+00  9.99159e-01
 5.05559e-01  9.99824e-01  9.99166e-01
 5.14315e-01  9.99684e-01  9.99173e-01
 5.22734e-01  1.00032e+00  9.99180e-01
 5.31790e-01  9.99652e-01  9.99188e-01
 5.40080e-01  1.00042e+00  9.99194e-01
 5.49621e-01  1.00140e+00  9.99202e-01
 5.58403e-01  1.00047e+00  9.99209e-01
 5.67190e-01  1.00064e+00  9.99217e-01
 5.75984e-01  1.00090e+00  9.99224e-01
 5.84278e-01  1.00049e+00  9.99230e-01
 5.93856e-01  1.00029e+00  9.99238e-01
 6.02580e-01  9.99921e-01  9.99245e-01
 6.11684e-01  1.00076e+00  9.99253e-01
 6.20900e-01  1.00030e+00  9.99260e-01
 6.29740e-01  1.00014e+00  9.99267e-01
 6.39315e-01  9.99524e-01  9.99275e-01
 6.47734e-01  1.00013e+00  9.99281e-01
 6.56790e-01  1.00001e+00  9.99288e-01
 6.65080e-01  1.00062e+00  9.99295e-01
 6.74184e-01  9.99778e-01  9.99302e-01
 6.82611e-01  9.99999e-01  9.99308e-01
 6.91303e-01  1.00080e+00  9.99315e-01
 7.00153e-01  9.99003e-01  9.99322e-01
 7.09008e-01  9.99921e-01  9.99329e-01
 7.18449e-01  9.98918e-01  9.99336e-01
 7.26739e-01  9.99326e-01  9.99342e-01
 7.36034e-01  9.99225e-01  9.99349e-01
 7.45111e-01  9.98734e-01  9.99356e-01
 7.53803e-01  9.99537e-01  9.99362e-01
 7.62780e-01  9.99996e-01  9.99369e-01
 7.72478e-01  9.99540e-01  9.99376e-01
 7.82083e-01  1.00039e+00  9.99383e-01
 7.90921e-01  1.00033e+00  9.99389e-01
 8.00130e-01  1.00037e+00  9.99396e-01
 8.08413e-01  1.00013e+00  9.99402e-01
 8.17190e-01  9.99405e-01  9.99408e-01
 8.25984e-01  1.00033e+00  9.99414e-01
 8.34278e-01  1.00014e+00  9.99420e-01
 8.43439e-01  1.00029e+00  9.99427e-01
 8.52311e-01  1.00030e+00  9.99433e-01
 8.61684e-01  1.00055e+00  9.99439e-01
 8.70111e-01  1.00076e+00  9.99445e-01
 8.79791e-01  1.00129e+00  9.99452e-01
 8.89315e-01  1.00074e+00  9.99458e-01
 8.97734e-01  1.00081e+00  9.99464e-01
 9.06780e-01  1.00124e+00  9.99470e-01
 9.15534e-01  1.00097e+00  9.99476e-01
 9.25130e-01  1.00091e+00  9.99483e-01
 9.33413e-01  1.00168e+00  9.99488e-01
 9.42190e-01  1.00098e+00  9.99494e-01
 9.51266e-01  1.00165e+00  9.99500e-01
 9.60234e-01  1.00068e+00  9.99506e-01
 9.69280e-01  1.00130e+00  9.99512e-01
 9.77600e-01  1.00146e+00  9.99517e-01
 9.87223e-01  1.00091e+00  9.99524e-01
 9.95913e-01  1.00088e+00  9.99529e-01
 1.00469e+00  1.00056e+00  9.99535e-01
 1.01348e+00  1.00145e+00  9.99541e-01
 1.02178e+00  1.00042e+00  9.99546e-01
 1.03094e+00  1.00014e+00  9.99552e-01
 1.03926e+00  1.00074e+00  9.99557e-01
 1.04820e+00  1.00055e+00  9.99563e-01
 1.05682e+00  1.00083e+00  9.99568e-01
 1.06537e+00  1.00047e+00  9.99573e-01
 1.07430e+00  1.00039e+00  9.99579e-01
 1.08258e+00  9.99988e-01  9.99584e-01
 1.09180e+00  1.00018e+00  9.99590e-01
 1.10010e+00  1.00025e+00  9.99595e-01
 1.10885e+00  9.99954e-01  9.99600e-01
 1.11764e+00  1.00057e+00  9.99606e-01
 1.12656e+00  9.99836e-01  9.99611e-01
 1.13666e+00  9.99626e-01  9.99617e-01
 1.14508e+00  1.00023e+00  9.99622e-01
 1.15430e+00  9.99225e-01  9.99628e-01
 1.16260e+00  9.99439e-01  9.99633e-01
 1.17135e+00  9.99473e-01  9.99638e-01
 1.18014e+00  1.00045e+00  9.99643e-01
 1.18847e+00  1.00006e+00  9.99648e-01
 1.19761e+00  1.00027e+00  9.99654e-01
 1.20590e+00  9.99920e-01  9.99659e-01
 1.21489e+00  1.00090e+00  9.99664e-01
 1.22430e+00  1.00011e+00  9.99670e-01
 1.23365e+00  1.00121e+00  9.99675e-01
 1.24264e+00  1.00012e+00  9.99680e-01
 1.25097e+00  1.00041e+00  9.99685e-01
 1.26011e+00  1.00063e+00  9.99691e-01
 1.26840e+00  1.00048e+00  9.99695e-01
 1.27767e+00  1.00139e+00  9.99701e-01
 1.28680e+00  1.00097e+00  9.99706e-01
 1.29601e+00  1.00109e+00  9.99711e-01
 1.30514e+00  1.00086e+00  9.99717e-01
 1.31347e+00  1.00108e+00  9.99721e-01
 1.32261e+00  1.00145e+00  9.99727e-01
 1.33147e+00  1.00229e+00  9.99732e-01
 1.34139e+00  1.00060e+00  9.99737e-01
 1.35049e+00  1.00079e+00  9.99743e-01
 1.36084e+00  1.00069e+00  9.99749e-01
 1.37074e+00  1.00085e+00  9.99754e-01
 1.38168e+00  1.00069e+00  9.99760e-01
 1.39146e+00  9.99684e-01  9.99766e-01
 1.40137e+00  1.00067e+00  9.99771e-01
 1.41138e+00  1.00066e+00  9.99777e-01
 1.42115e+00  1.00030e+00  9.99783e-01
 1.43127e+00  1.00043e+00  9.99788e-01
 1.44106e+00  1.00011e+00  9.99794e-01
 1.45211e+00  9.99738e-01  9.99800e-01
 1.46185e+00  1.00020e+00  9.99805e-01
 1.47253e+00  9.99695e-01  9.99811e-01
 1.48267e+00  9.99508e-01  9.99817e-01
 1.49279e+00  1.00005e+00  9.99823e-01
 1.50246e+00  9.99595e-01  9.99828e-01
 1.51358e+00  1.00026e+00  9.99834e-01
 1.52365e+00  9.99573e-01  9.99840e-01
 1.53444e+00  9.99373e-01  9.99846e-01
 1.54491e+00  9.99361e-01  9.99852e-01
 1.55529e+00  1.00003e+00  9.99857e-01
 1.56496e+00  1.00011e+00  9.99863e-01
 1.57523e+00  1.00052e+00  9.99868e-01
 1.58539e+00  1.00044e+00  9.99874e-01
 1.59691e+00  1.00047e+00  9.99880e-01
 1.60660e+00  9.99814e-01  9.99886e-01
 1.61691e+00  1.00029e+00  9.99891e-01
 1.62637e+00  1.00071e+00  9.99897e-01
 1.63677e+00  1.00131e+00  9.99902e-01
 1.64621e+00  1.00103e+00  9.99907e-01
 1.65650e+00  1.00098e+00  9.99913e-01
 1.66675e+00  1.00124e+00  9.99919e-01
 1.67734e+00  1.00064e+00  9.99925e-01
 1.68703e+00  1.00067e+00  9.99930e-01
 1.69721e+00  1.00149e+00  9.99936e-01
 1.70759e+00  1.00010e+00  9.99941e-01
 1.71804e+00  9.99238e-01  9.99947e-01
 1.72846e+00  1.00081e+00  9.99953e-01
 1.73984e+00  1.00081e+00  9.99959e-01
 1.75040e+00  1.00055e+00  9.99965e-01
 1.76067e+00  1.00081e+00  9.99971e-01
 1.77121e+00  1.00043e+00  9.99977e-01
 1.78150e+00  9.99904e-01  9.99982e-01
 1.79205e+00  1.00056e+00  9.99988e-01
 1.80234e+00  1.00004e+00  9.99994e-01
 1.81290e+00  1.00064e+00  1.00000e+00
 1.82317e+00  1.00006e+00  1.00001e+00
 1.83371e+00  1.00117e+00  1.00001e+00
 1.84400e+00  1.00001e+00  1.00002e+00
 1.85457e+00  1.00003e+00  1.00002e+00
 1.86484e+00  9.99981e-01  1.00003e+00
 1.87540e+00  9.99757e-01  1.00004e+00
 1.88567e+00  1.00026e+00  1.00004e+00
 1.89621e+00  9.99256e-01  1.00005e+00
 1.90650e+00  1.00066e+00  1.00005e+00
 1.91707e+00  9.99286e-01  1.00006e+00
 1.92734e+00  9.99474e-01  1.00006e+00
 1.93790e+00  9.99588e-01  1.00007e+00
 1.94929e+00  9.99314e-01  1.00008e+00
 1.95968e+00  9.99946e-01  1.00008e+00
 1.97012e+00  9.98681e-01  1.00009e+00
 1.98053e+00  9.99756e-01  1.00010e+00
 1.99096e+00  1.00022e+00  1.00010e+00
 2.00137e+00  1.00001e+00  1.00011e+00
 2.01179e+00  9.99939e-01  1.00011e+00
 2.02218e+00  9.99421e-01  1.00012e+00
 2.03261e+00  1.00030e+00  1.00013e+00
 2.04304e+00  9.99522e-01  1.00013e+00
 2.05346e+00  9.99522e-01  1.00014e+00
 2.06387e+00  9.98824e-01  1.00014e+00
 2.07429e+00  1.00002e+00  1.00015e+00
 2.08541e+00  9.99459e-01  1.00016e+00
 2.09609e+00  9.99376e-01  1.00016e+00
 2.10746e+00  1.00039e+00  1.00017e+00
 2.11796e+00  1.00062e+00  1.00018e+00
 2.12940e+00  1.00031e+00  1.00018e+00
 2.14068e+00  1.00017e+00  1.00019e+00
 2.15292e+00  9.99627e-01  1.00020e+00
 2.16388e+00  9.98778e-01  1.00021e+00
 2.17555e+00  9.99025e-01  1.00021e+00
 2.18596e+00  9.99728e-01  1.00022e+00
 2.19778e+00  9.99814e-01  1.00023e+00
 2.20929e+00  9.98898e-01  1.00023e+00
 2.22011e+00  9.99579e-01  1.00024e+00
 2.23126e+00  1.00044e+00  1.00025e+00
 2.24194e+00  1.00082e+00  1.00026e+00
 2.25330e+00  9.99405e-01  1.00026e+00
 2.26552e+00  9.99212e-01  1.00027e+00
 2.27752e+00  9.99066e-01  1.00028e+00
 2.28774e+00  9.99817e-01  1.00029e+00
 2.29959e+00  9.99092e-01  1.00029e+00
 2.30971e+00  1.00001e+00  1.00030e+00
 2.32138e+00  9.99093e-01  1.00031e+00
 2.33178e+00  9.99134e-01  1.00032e+00
 2.34359e+00  1.00011e+00  1.00032e+00
 2.35514e+00  9.98957e-01  1.00033e+00
 2.36666e+00  9.99097e-01  1.00034e+00
 2.37940e+00  9.99211e-01  1.00035e+00
 2.39068e+00  9.98998e-01  1.00036e+00
 2.40292e+00  9.99526e-01  1.00037e+00
 2.41388e+00  9.99789e-01  1.00038e+00
 2.42565e+00  9.99393e-01  1.00039e+00
 2.43724e+00  1.00010e+00  1.00039e+00
 2.44901e+00  1.00001e+00  1.00040e+00
 2.46042e+00  1.00148e+00  1.00041e+00
 2.47289e+00  9.99658e-01  1.00042e+00
 2.48469e+00  9.99272e-01  1.00043e+00
 2.49652e+00  9.99412e-01  1.00044e+00
 2.50888e+00  9.99182e-01  1.00045e+00
 2.52056e+00  9.99351e-01  1.00046e+00
 2.53150e+00  9.99355e-01  1.00047e+00
 2.54264e+00  9.99371e-01  1.00048e+00
 2.55346e+00  9.98691e-01  1.00049e+00
 2.56459e+00  9.99496e-01  1.00050e+00
 2.57528e+00  9.99624e-01  1.00051e+00
 2.58662e+00  9.99069e-01  1.00052e+00
 2.59886e+00  9.98390e-01  1.00053e+00
 2.61086e+00  9.99208e-01  1.00054e+00
 2.62107e+00  1.00272e+00  1.00055e+00
 2.63293e+00  9.99280e-01  1.00056e+00
 2.64275e+00  1.01773e+00  1.00057e+00
 2.65386e+00  9.98493e-01  1.00059e+00
 2.66513e+00  9.98573e-01  1.00060e+00
 2.67637e+00  9.99194e-01  1.00061e+00
 2.68681e+00  1.00628e+00  1.00062e+00
 2.69722e+00  9.99039e-01  1.00063e+00
 2.70763e+00  1.00316e+00  1.00064e+00
 2.71803e+00  9.97980e-01  1.00066e+00
 2.72847e+00  1.00049e+00  1.00067e+00
 2.73887e+00  9.99307e-01  1.00068e+00
 2.74931e+00  9.99651e-01  1.00070e+00
 2.75972e+00  9.98429e-01  1.00071e+00
 2.77013e+00  9.97697e-01  1.00072e+00
 2.78053e+00  9.99183e-01  1.00074e+00
 2.79183e+00  9.97965e-01  1.00075e+00
 2.80234e+00  9.98909e-01  1.00077e+00
 2.81293e+00  9.97605e-01  1.00078e+00
 2.82360e+00  9.98042e-01  1.00080e+00
 2.83593e+00  9.98703e-01  1.00082e+00
 2.84738e+00  9.98399e-01  1.00084e+00
 2.85870e+00  9.97984e-01  1.00086e+00
 2.87039e+00  1.00031e+00  1.00088e+00
 2.88170e+00  9.97354e-01  1.00090e+00
 2.89192e+00  9.98000e-01  1.00092e+00
 2.90374e+00  9.97080e-01  1.00095e+00
 2.91359e+00  9.97635e-01  1.00097e+00
 2.92336e+00  1.00368e+00  1.00099e+00
 2.93302e+00  1.00028e+00  1.00102e+00
 2.94223e+00  9.99795e-01  1.00104e+00
 2.95269e+00  9.99601e-01  1.00107e+00
 2.96219e+00  9.99027e-01  1.00109e+00
 2.97098e+00  1.00121e+00  1.00112e+00
 2.98043e+00  9.97798e-01  1.00115e+00
 2.99015e+00  9.99810e-01  1.00118e+00
 3.00029e+00  9.99180e-01  1.00122e+00
 3.01013e+00  1.00043e+00  1.00125e+00
 3.01918e+00  1.00110e+00  1.00129e+00
 3.02971e+00  9.98936e-01  1.00134e+00
 3.03959e+00  9.99493e-01  1.00138e+00
 3.05055e+00  9.99360e-01  1.00144e+00
 3.06155e+00  1.00130e+00  1.00150e+00
 3.07124e+00  1.00079e+00  1.00156e+00
 3.08154e+00  1.00151e+00  1.00163e+00
 3.09178e+00  1.00145e+00  1.00170e+00
 3.10417e+00  1.00348e+00  1.00180e+00
 3.11430e+00  1.00195e+00  1.00189e+00
 3.12321e+00  1.00059e+00  1.00198e+00
 3.13334e+00  1.00320e+00  1.00210e+00
 3.14434e+00  1.00279e+00  1.00223e+00
 3.15514e+00  1.00305e+00  1.00239e+00
 3.16617e+00  1.00357e+00  1.00257e+00
 3.17653e+00  1.00525e+00  1.00276e+00
 3.18793e+00  1.00468e+00  1.00300e+00
 3.19764e+00  1.00532e+00  1.00324e+00
 3.20654e+00  1.00695e+00  1.00349e+00
 3.21679e+00  1.00666e+00  1.00381e+00
 3.22640e+00  1.00742e+00  1.00415e+00
 3.23601e+00  1.00716e+00  1.00453e+00
 3.24552e+00  1.00780e+00  1.00494e+00
 3.25475e+00  1.00917e+00  1.00537e+00
 3.26352e+00  1.00858e+00  1.00581e+00
 3.27318e+00  1.00887e+00  1.00628e+00
 3.28345e+00  1.00928e+00  1.00674e+00
 3.29362e+00  1.00944e+00  1.00706e+00
 3.30295e+00  1.01034e+00  1.00716e+00
 3.31293e+00  1.01015e+00  1.00694e+00
 3.32319e+00  1.01116e+00  1.00630e+00
 3.33252e+00  1.01048e+00  1.00538e+00
 3.34179e+00  1.01142e+00  1.00436e+00
 3.35055e+00  1.01159e+00  1.00362e+00
 3.36059e+00  1.01048e+00  1.00342e+00
 3.36961e+00  1.01081e+00  1.00398e+00
 3.37955e+00  1.00985e+00  1.00517e+00
 3.38950e+00  1.01043e+00  1.00645e+00
 3.39959e+00  1.01073e+00  1.00734e+00
 3.40904e+00  1.01136e+00  1.00760e+00
 3.41936e+00  1.00944e+00  1.00730e+00
 3.42931e+00  1.00819e+00  1.00663e+00
 3.43910e+00  1.00764e+00  1.00578e+00
 3.44848e+00  1.00781e+00  1.00492e+00
 3.45763e+00  1.00745e+00  1.00412e+00
 3.46706e+00  1.00625e+00  1.00335e+00
 3.47680e+00  1.00617e+00  1.00266e+00
 3.48657e+00  1.00567e+00  1.00206e+00
 3.49513e+00  1.00471e+00  1.00161e+00
 3.50388e+00  1.00291e+00  1.00122e+00
 3.51265e+00  1.00387e+00  1.00088e+00
 3.52098e+00  1.00117e+00  1.00060e+00
 3.53014e+00  1.00063e+00  1.00035e+00
 3.53930e+00  1.00153e+00  1.00013e+00
 3.54852e+00  1.00082e+00  9.99950e-01
 3.55763e+00  9.99866e-01  9.99798e-01
 3.56638e+00  9.99032e-01  9.99674e-01
 3.57612e+00  9.98985e-01  9.99558e-01
 3.58528e+00  9.98047e-01  9.99466e-01
 3.59607e+00  9.97761e-01  9.99376e-01
 3.60517e+00  9.96702e-01  9.99313e-01
 3.61431e+00  9.96966e-01  9.99259e-01
 3.62319e+00  9.95992e-01  9.99216e-01
 3.63296e+00  9.95611e-01  9.99175e-01
 3.64260e+00  9.95966e-01  9.99142e-01
 3.65252e+00  9.95346e-01  9.99114e-01
 3.66260e+00  9.96223e-01  9.99091e-01
 3.67348e+00  9.94400e-01  9.99071e-01
 3.68386e+00  9.94258e-01  9.99056e-01
 3.69310e+00  9.93714e-01  9.99046e-01
 3.70294e+00  9.94231e-01  9.99038e-01
 3.71286e+00  9.95021e-01  9.99032e-01
 3.72184e+00  9.94083e-01  9.99028e-01
 3.73113e+00  9.93929e-01  9.99026e-01
 3.74070e+00  9.94701e-01  9.99025e-01
 3.75100e+00  9.93976e-01  9.99025e-01
 3.76014e+00  9.94218e-01  9.99026e-01
 3.76903e+00  9.93286e-01  9.99028e-01
 3.77835e+00  9.93647e-01  9.99031e-01
 3.78746e+00  9.93814e-01  9.99035e-01
 3.79755e+00  9.94081e-01  9.99039e-01
 3.80710e+00  9.94070e-01  9.99044e-01
 3.81638e+00  9.94875e-01  9.99049e-01
 3.82558e+00  9.94048e-01  9.99055e-01
 3.83528e+00  9.94787e-01  9.99061e-01
 3.84541e+00  9.94679e-01  9.99067e-01
 3.85577e+00  9.95466e-01  9.99075e-01
 3.86515e+00  9.95427e-01  9.99081e-01
 3.87418e+00  9.95766e-01  9.99088e-01
 3.88348e+00  9.95980e-01  9.99095e-01
 3.89220e+00  9.95868e-01  9.99102e-01
 3.90223e+00  9.96264e-01  9.99109e-01
 3.91261e+00  9.95445e-01  9.99118e-01
 3.92226e+00  9.96271e-01  9.99125e-01
 3.93115e+00  9.96187e-01  9.99132e-01
 3.94042e+00  9.96499e-01  9.99140e-01
 3.94930e+00  9.97665e-01  9.99147e-01
 3.95847e+00  9.97002e-01  9.99155e-01
 3.96764e+00  9.96816e-01  9.99162e-01
 3.97737e+00  9.97589e-01  9.99170e-01
 3.98672e+00  9.97776e-01  9.99178e-01
 3.99550e+00  9.97344e-01  9.99185e-01
 4.00544e+00  9.97031e-01  9.99193e-01
 4.01447e+00  9.97747e-01  9.99201e-01
 4.02440e+00  9.97719e-01  9.99209e-01
 4.03404e+00  9.97679e-01  9.99217e-01
 4.04322e+00  1.00601e+00  9.99224e-01
 4.05166e+00  1.00278e+00  9.99231e-01
 4.06026e+00  1.00167e+00  9.99238e-01
 4.06850e+00  1.00199e+00  9.99244e-01
 4.07624e+00  1.00131e+00  9.99251e-01
 4.08511e+00  1.00335e+00  9.99258e-01
 4.09330e+00  9.99488e-01  9.99264e-01
 4.10109e+00  1.00110e+00  9.99270e-01
 4.10931e+00  9.99406e-01  9.99277e-01
 4.11709e+00  9.99754e-01  9.99283e-01
 4.12529e+00  1.00011e+00  9.99290e-01
 4.13345e+00  9.98827e-01  9.99296e-01
 4.14191e+00  9.98719e-01  9.99302e-01
 4.15097e+00  1.00064e+00  9.99309e-01
 4.15875e+00  9.99553e-01  9.99315e-01
 4.16765e+00  9.98869e-01  9.99322e-01
 4.17585e+00  9.98405e-01  9.99328e-01
 4.18360e+00  9.98788e-01  9.99334e-01
 4.19225e+00  9.98607e-01  9.99341e-01
 4.20110e+00  9.99366e-01  9.99348e-01
 4.20941e+00  1.00039e+00  9.99354e-01
 4.21761e+00  9.99280e-01  9.99360e-01
 4.22636e+00  9.98957e-01  9.99366e-01
 4.23516e+00  1.00011e+00  9.99373e-01
 4.24293e+00  9.99928e-01  9.99378e-01
 4.25180e+00  9.99459e-01  9.99385e-01
 4.25997e+00  9.99533e-01  9.99391e-01
 4.26775e+00  9.99713e-01  9.99396e-01
 4.27597e+00  9.99381e-01  9.99402e-01
 4.28485e+00  1.00137e+00  9.99409e-01
 4.29348e+00  1.00000e+00  9.99415e-01
 4.30166e+00  1.00032e+00  9.99421e-01
 4.30944e+00  9.99940e-01  9.99426e-01
 4.31766e+00  1.00055e+00  9.99432e-01
 4.32584e+00  1.00096e+00  9.99437e-01
 4.33570e+00  1.00083e+00  9.99444e-01
 4.34414e+00  1.00053e+00  9.99450e-01
 4.35311e+00  1.00105e+00  9.99456e-01
 4.36180e+00  1.00061e+00  9.99462e-01
 4.36959e+00  1.00045e+00  9.99468e-01
 4.37888e+00  9.99958e-01  9.99474e-01
 4.38710e+00  1.00124e+00  9.99479e-01
 4.39527e+00  1.00125e+00  9.99485e-01
 4.40344e+00  9.99857e-01  9.99490e-01
 4.41182e+00  1.00031e+00  9.99496e-01
 4.42013e+00  1.00071e+00  9.99501e-01
 4.42806e+00  1.00098e+00  9.99507e-01
 4.43611e+00  1.00011e+00  9.99512e-01
 4.44432e+00  1.00006e+00  9.99517e-01
 4.45207e+00  1.00064e+00  9.99522e-01
 4.46014e+00  9.99673e-01  9.99527e-01
 4.46914e+00  1.00033e+00  9.99533e-01
 4.47905e+00  1.00053e+00  9.99540e-01
 4.48753e+00  1.00008e+00  9.99545e-01
 4.49634e+00  1.00040e+00  9.99551e-01
 4.50514e+00  1.00007e+00  9.99556e-01
 4.51292e+00  1.00072e+00  9.99561e-01
 4.52111e+00  9.99643e-01  9.99566e-01
 4.52917e+00  9.99534e-01  9.99571e-01
 4.53694e+00  1.00059e+00  9.99576e-01
 4.54513e+00  1.00059e+00  9.99581e-01
 4.55377e+00  9.99642e-01  9.99587e-01
 4.56304e+00  9.99391e-01  9.99592e-01
 4.57213e+00  1.00121e+00  9.99598e-01
 4.58110e+00  9.99826e-01  9.99604e-01
 4.58931e+00  1.00110e+00  9.99609e-01
 4.59834e+00  1.00143e+00  9.99614e-01
 4.60801e+00  1.00110e+00  9.99620e-01
 4.61629e+00  1.00066e+00  9.99625e-01
 4.62445e+00  1.00097e+00  9.99630e-01
 4.63262e+00  1.00003e+00  9.99635e-01
 4.64030e+00  1.00005e+00  9.99639e-01
 4.64919e+00  1.00104e+00  9.99645e-01
 4.65761e+00  1.00047e+00  9.99650e-01
 4.66650e+00  1.00024e+00  9.99655e-01
 4.67556e+00  1.00101e+00  9.99660e-01
 4.68470e+00  1.00044e+00  9.99666e-01
 4.69405e+00  9.99827e-01  9.99671e-01
 4.70209e+00  1.00155e+00  9.99676e-01
 4.71073e+00  1.00003e+00  9.99681e-01
 4.71901e+00  1.00085e+00  9.99686e-01
 4.72708e+00  1.00076e+00  9.99691e-01
 4.73600e+00  1.00093e+00  9.99696e-01
 4.74374e+00  1.00099e+00  9.99700e-01
 4.75256e+00  1.00047e+00  9.99705e-01
 4.76194e+00  1.00078e+00  9.99711e-01
 4.77028e+00  1.00110e+00  9.99716e-01
 4.77775e+00  1.00208e+00  9.99720e-01
 4.78541e+00  1.00061e+00  9.99724e-01
 4.79388e+00  1.00221e+00  9.99729e-01
 4.80167e+00  1.00067e+00  9.99734e-01
 4.81111e+00  1.00095e+00  9.99739e-01
 4.81874e+00  1.00188e+00  9.99743e-01
 7.26500e-03  1.00057e+00  1.00283e+00
 2.44380e-02  1.00122e+00  1.00180e+00
 4.00320e-02  1.00038e+00  1.00109e+00
 5.72330e-02  1.00061e+00  1.00051e+00
 7.36230e-02  1.00099e+00  1.00011e+00
 8.97700e-02  1.00077e+00  9.99812e-01
 1.06370e-01  1.00218e+00  9.99589e-01
 1.21933e-01  1.00185e+00  9.99434e-01
 1.40048e-01  1.00053e+00  9.99301e-01
 1.58248e-01  1.00151e+00  9.99207e-01
 1.78335e-01  1.00050e+00  9.99134e-01
 1.98050e-01  1.00125e+00  9.99086e-01
 2.16038e-01  1.00108e+00  9.99058e-01
 2.33605e-01  1.00125e+00  9.99040e-01
 2.50318e-01  9.99795e-01  9.99030e-01
 2.68595e-01  1.00102e+00  9.99025e-01
 2.85220e-01  1.00092e+00  9.99025e-01
 3.02758e-01  1.00099e+00  9.99028e-01
 3.20290e-01  1.00151e+00  9.99035e-01
 3.38607e-01  1.00099e+00  9.99043e-01
 3.56923e-01  1.00073e+00  9.99053e-01
 3.73615e-01  1.00067e+00  9.99064e-01
 3.91925e-01  1.00205e+00  9.99077e-01
 4.08545e-01  1.00020e+00  9.99089e-01
 4.27758e-01  9.99801e-01  9.99103e-01
 4.45290e-01  1.00104e+00  9.99117e-01
 4.62220e-01  1.00009e+00  9.99131e-01
 4.80240e-01  1.00103e+00  9.99145e-01
 4.97525e-01  1.00080e+00  9.99159e-01
 5.16925e-01  1.00097e+00  9.99175e-01
 5.33748e-01  9.99943e-01  9.99189e-01
 5.52758e-01  1.00053e+00  9.99205e-01
 5.70290e-01  1.00041e+00  9.99219e-01
 5.87108e-01  1.00194e+00  9.99233e-01
 6.05240e-01  1.00058e+00  9.99247e-01
 6.21820e-01  1.00000e+00  9.99261e-01
 6.40263e-01  1.00076e+00  9.99275e-01
 6.58481e-01  9.99438e-01  9.99290e-01
 6.77400e-01  9.99420e-01  9.99304e-01
 6.95290e-01  9.99403e-01  9.99318e-01
 7.12108e-01  9.99637e-01  9.99331e-01
 7.30240e-01  9.99459e-01  9.99345e-01
 7.46820e-01  1.00029e+00  9.99357e-01
 7.67327e-01  9.99523e-01  9.99372e-01
 7.85108e-01  9.99770e-01  9.99385e-01
 8.02778e-01  9.99552e-01  9.99398e-01
 8.20290e-01  9.98835e-01  9.99410e-01
 8.37108e-01  9.99014e-01  9.99422e-01
 8.55240e-01  1.00005e+00  9.99435e-01
 8.71820e-01  1.00008e+00  9.99446e-01
 8.90048e-01  9.99650e-01  9.99459e-01
 9.06903e-01  9.99097e-01  9.99470e-01
 9.24265e-01  1.00010e+00  9.99482e-01
 9.41945e-01  9.99626e-01  9.99494e-01
 9.58525e-01  1.00021e+00  9.99505e-01
 9.76935e-01  1.00086e+00  9.99517e-01
 9.93448e-01  1.00031e+00  9.99528e-01
 1.01112e+00  9.99824e-01  9.99539e-01
 1.02863e+00  9.99684e-01  9.99550e-01
 1.04547e+00  1.00032e+00  9.99561e-01
 1.06358e+00  9.99652e-01  9.99572e-01
 1.08016e+00  1.00042e+00  9.99583e-01
 1.09924e+00  1.00140e+00  9.99594e-01
 1.11681e+00  1.00047e+00  9.99605e-01
 1.13438e+00  1.00064e+00  9.99616e-01
 1.15197e+00  1.00090e+00  9.99627e-01
 1.16856e+00  1.00049e+00  9.99637e-01
 1.18771e+00  1.00029e+00  9.99648e-01
 1.20516e+00  9.99921e-01  9.99658e-01
 1.22337e+00  1.00076e+00  9.99669e-01
 1.24180e+00  1.00030e+00  9.99680e-01
 1.25948e+00  1.00014e+00  9.99690e-01
 1.27863e+00  9.99524e-01  9.99701e-01
 1.29547e+00  1.00013e+00  9.99711e-01
 1.31358e+00  1.00001e+00  9.99722e-01
 1.33016e+00  1.00062e+00  9.99731e-01
 1.34837e+00  9.99778e-01  9.99741e-01
 1.36522e+00  9.99999e-01  9.99751e-01
 1.38261e+00  1.00080e+00  9.99761e-01
 1.40030e+00  9.99003e-01  9.99771e-01
 1.41802e+00  9.99921e-01  9.99781e-01
 1.43690e+00  9.98918e-01  9.99791e-01
 1.45348e+00  9.99326e-01  9.99801e-01
 1.47207e+00  9.99225e-01  9.99811e-01
 1.49022e+00  9.98734e-01  9.99821e-01
 1.50761e+00  9.99537e-01  9.99831e-01
 1.52556e+00  9.99996e-01  9.99841e-01
 1.54496e+00  9.99540e-01  9.99852e-01
 1.56417e+00  1.00039e+00  9.99862e-01
 1.58184e+00  1.00033e+00  9.99872e-01
 1.60026e+00  1.00037e+00  9.99882e-01
 1.61682e+00  1.00013e+00  9.99891e-01
 1.63438e+00  9.99405e-01  9.99901e-01
 1.65197e+00  1.00033e+00  9.99911e-01
 1.66856e+00  1.00014e+00  9.99920e-01
 1.68688e+00  1.00029e+00  9.99930e-01
 1.70462e+00  1.00030e+00  9.99940e-01
 1.72337e+00  1.00055e+00  9.99950e-01
 1.74022e+00  1.00076e+00  9.99959e-01
 1.75958e+00  1.00129e+00  9.99970e-01
 1.77863e+00  1.00074e+00  9.99981e-01
 1.79547e+00  1.00081e+00  9.99990e-01
 1.81356e+00  1.00124e+00  1.00000e+00
 1.83107e+00  1.00097e+00  1.00001e+00
 1.85026e+00  1.00091e+00  1.00002e+00
 1.86682e+00  1.00168e+00  1.00003e+00
 1.88438e+00  1.00098e+00  1.00004e+00
 1.90253e+00  1.00165e+00  1.00005e+00
 1.92047e+00  1.00068e+00  1.00006e+00
 1.93856e+00  1.00130e+00  1.00007e+00
 1.95520e+00  1.00146e+00  1.00008e+00
 1.97445e+00  1.00091e+00  1.00009e+00
 1.99182e+00  1.00088e+00  1.00010e+00
 2.00938e+00  1.00056e+00  1.00011e+00
 2.02697e+00  1.00145e+00  1.00012e+00
 2.04356e+00  1.00042e+00  1.00013e+00
 2.06188e+00  1.00014e+00  1.00014e+00
 2.07852e+00  1.00074e+00  1.00015e+00
 2.09640e+00  1.00055e+00  1.00016e+00
 2.11363e+00  1.00083e+00  1.00017e+00
 2.13074e+00  1.00047e+00  1.00019e+00
 2.14860e+00  1.00039e+00  1.00020e+00
 2.16516e+00  9.99988e-01  1.00021e+00
 2.18361e+00  1.00018e+00  1.00022e+00
 2.20020e+00  1.00025e+00  1.00023e+00
 2.21770e+00  9.99954e-01  1.00024e+00
 2.23529e+00  1.00057e+00  1.00025e+00
 2.25311e+00  9.99836e-01  1.00026e+00
 2.27333e+00  9.99626e-01  1.00028e+00
 2.29016e+00  1.00023e+00  1.00029e+00
 2.30861e+00  9.99225e-01  1.00030e+00
 2.32520e+00  9.99439e-01  1.00031e+00
 2.34270e+00  9.99473e-01  1.00032e+00
 2.36029e+00  1.00045e+00  1.00034e+00
 2.37694e+00  1.00006e+00  1.00035e+00
 2.39522e+00  1.00027e+00  1.00036e+00
 2.41180e+00  9.99920e-01  1.00037e+00
 2.42978e+00  1.00090e+00  1.00039e+00
 2.44860e+00  1.00011e+00  1.00040e+00
 2.46730e+00  1.00121e+00  1.00042e+00
 2.48529e+00  1.00012e+00  1.00043e+00
 2.50194e+00  1.00041e+00  1.00045e+00
 2.52022e+00  1.00063e+00  1.00046e+00
 2.53680e+00  1.00048e+00  1.00048e+00
 2.55535e+00  1.00139e+00  1.00049e+00
 2.57360e+00  1.00097e+00  1.00051e+00
 2.59202e+00  1.00109e+00  1.00052e+00
 2.61029e+00  1.00086e+00  1.00054e+00
 2.62694e+00  1.00108e+00  1.00056e+00
 2.64522e+00  1.00145e+00  1.00058e+00
 2.66294e+00  1.00229e+00  1.00060e+00
 2.68279e+00  1.00060e+00  1.00062e+00
 2.70099e+00  1.00079e+00  1.00064e+00
 2.72168e+00  1.00069e+00  1.00066e+00
 2.74149e+00  1.00085e+00  1.00069e+00
 2.76336e+00  1.00069e+00  1.00071e+00
 2.78292e+00  9.99684e-01  1.00074e+00
 2.80274e+00  1.00067e+00  1.00077e+00
 2.82277e+00  1.00066e+00  1.00080e+00
 2.84230e+00  1.00030e+00  1.00083e+00
 2.86253e+00  1.00043e+00  1.00087e+00
 2.88211e+00  1.00011e+00  1.00090e+00
 2.90422e+00  9.99738e-01  1.00095e+00
 2.92370e+00  1.00020e+00  1.00099e+00
 2.94507e+00  9.99695e-01  1.00105e+00
 2.96534e+00  9.99508e-01  1.00110e+00
 2.98558e+00  1.00005e+00  1.00117e+00
 3.00493e+00  9.99595e-01  1.00123e+00
 3.02717e+00  1.00026e+00  1.00133e+00
 3.04730e+00  9.99573e-01  1.00142e+00
 3.06888e+00  9.99373e-01  1.00154e+00
 3.08983e+00  9.99361e-01  1.00169e+00
 3.11058e+00  1.00003e+00  1.00186e+00
 3.12993e+00  1.00011e+00  1.00206e+00
 3.15046e+00  1.00052e+00  1.00232e+00
 3.17077e+00  1.00044e+00  1.00265e+00
 3.19381e+00  1.00047e+00  1.00314e+00
 3.21320e+00  9.99814e-01  1.00369e+00
 3.23382e+00  1.00029e+00  1.00444e+00
 3.25273e+00  1.00071e+00  1.00528e+00
 3.27354e+00  1.00131e+00  1.00630e+00
 3.29243e+00  1.00103e+00  1.00704e+00
 3.31299e+00  1.00098e+00  1.00694e+00
 3.33350e+00  1.00124e+00  1.00527e+00
 3.35467e+00  1.00064e+00  1.00343e+00
 3.37407e+00  1.00067e+00  1.00447e+00
 3.39442e+00  1.00149e+00  1.00696e+00
 3.41518e+00  1.00010e+00  1.00748e+00
 3.43608e+00  9.99238e-01  1.00605e+00
 3.45692e+00  1.00081e+00  1.00418e+00
 3.47967e+00  1.00081e+00  1.00247e+00
 3.50081e+00  1.00055e+00  1.00135e+00
 3.52134e+00  1.00081e+00  1.00059e+00
 3.54243e+00  1.00043e+00  1.00007e+00
 3.56299e+00  9.99904e-01  9.99720e-01
 3.58411e+00  1.00056e+00  9.99477e-01
 3.60467e+00  1.00004e+00  9.99316e-01
 3.62581e+00  1.00064e+00  9.99204e-01
 3.64634e+00  1.00006e+00  9.99131e-01
 3.66743e+00  1.00117e+00  9.99082e-01
 3.68799e+00  1.00001e+00  9.99052e-01
 3.70913e+00  1.00003e+00  9.99034e-01
 3.72967e+00  9.99981e-01  9.99026e-01
 3.75081e+00  9.99757e-01  9.99025e-01
 3.77134e+00  1.00026e+00  9.99029e-01
 3.79243e+00  9.99256e-01  9.99037e-01
 3.81299e+00  1.00066e+00  9.99047e-01
 3.83413e+00  9.99286e-01  9.99060e-01
 3.85467e+00  9.99474e-01  9.99074e-01
 3.87581e+00  9.99588e-01  9.99089e-01
 3.89858e+00  9.99314e-01  9.99106e-01
 3.91937e+00  9.99946e-01  9.99123e-01
 3.94023e+00  9.98681e-01  9.99140e-01
 3.96107e+00  9.99756e-01  9.99157e-01
 3.98191e+00  1.00022e+00  9.99174e-01
 4.00275e+00  1.00001e+00  9.99191e-01
 4.02358e+00  9.99939e-01  9.99208e-01
 4.04437e+00  9.99421e-01  9.99225e-01
 4.06522e+00  1.00030e+00  9.99242e-01
 4.08607e+00  9.99522e-01  9.99259e-01
 4.10691e+00  9.99522e-01  9.99275e-01
 4.12775e+00  9.98824e-01  9.99291e-01
 4.14858e+00  1.00002e+00  9.99308e-01
 4.17082e+00  9.99459e-01  9.99325e-01
 4.19218e+00  9.99376e-01  9.99341e-01
 4.21492e+00  1.00039e+00  9.99358e-01
 4.23592e+00  1.00062e+00  9.99373e-01
 4.25879e+00  1.00031e+00  9.99390e-01
 4.28137e+00  1.00017e+00  9.99406e-01
 4.30583e+00  9.99627e-01  9.99424e-01
 4.32776e+00  9.98778e-01  9.99439e-01
 4.35109e+00  9.99025e-01  9.99455e-01
 4.37192e+00  9.99728e-01  9.99469e-01
 4.39557e+00  9.99814e-01  9.99485e-01
 4.41858e+00  9.98898e-01  9.99500e-01
 4.44022e+00  9.99579e-01  9.99515e-01
 4.46253e+00  1.00044e+00  9.99529e-01
 4.48388e+00  1.00082e+00  9.99543e-01
 4.50660e+00  9.99405e-01  9.99557e-01
 4.53105e+00  9.99212e-01  9.99573e-01
 4.55504e+00  9.99066e-01  9.99587e-01
 4.57547e+00  9.99817e-01  9.99600e-01
 4.59919e+00  9.99092e-01  9.99615e-01
 4.61942e+00  1.00001e+00  9.99627e-01
 4.64276e+00  9.99093e-01  9.99641e-01
 4.66357e+00  9.99134e-01  9.99653e-01
 4.68719e+00  1.00011e+00  9.99667e-01
 4.71028e+00  9.98957e-01  9.99681e-01
 4.73332e+00  9.99097e-01  9.99694e-01
 4.75879e+00  9.99211e-01  9.99709e-01
 4.78137e+00  9.98998e-01  9.99722e-01
 4.80583e+00  9.99526e-01  9.99736e-01
 4.82776e+00  9.99789e-01  9.99748e-01
 4.85130e+00  9.99393e-01  9.99762e-01
 4.87448e+00  1.00010e+00  9.99775e-01
 4.89802e+00  1.00001e+00  9.99788e-01
 4.92084e+00  1.00148e+00  9.99801e-01
 4.94578e+00  9.99658e-01  9.99815e-01
 4.96938e+00  9.99272e-01  9.99828e-01
 4.99303e+00  9.99412e-01  9.99841e-01
 5.01776e+00  9.99182e-01  9.99855e-01
 5.04113e+00  9.99351e-01  9.99868e-01
 5.06299e+00  9.99355e-01  9.99880e-01
 5.08528e+00  9.99371e-01  9.99892e-01
 5.10691e+00  9.98691e-01  9.99904e-01
 5.12918e+00  9.99496e-01  9.99916e-01
 5.15056e+00  9.99624e-01  9.99928e-01
 5.17324e+00  9.99069e-01  9.99941e-01
 5.19773e+00  9.98390e-01  9.99954e-01
 5.22173e+00  9.99208e-01  9.99968e-01
 5.24214e+00  1.00272e+00  9.99979e-01
 5.26587e+00  9.99280e-01  9.99992e-01
 5.28550e+00  1.01773e+00  1.00000e+00
 5.30772e+00  9.98493e-01  1.00002e+00
 5.33027e+00  9.98573e-01  1.00003e+00
 5.35274e+00  9.99194e-01  1.00004e+00
 5.37361e+00  1.00628e+00  1.00005e+00
 5.39444e+00  9.99039e-01  1.00006e+00
 5.41525e+00  1.00316e+00  1.00008e+00
 5.43606e+00  9.97980e-01  1.00009e+00
 5.45695e+00  1.00049e+00  1.00010e+00
 5.47774e+00  9.99307e-01  1.00011e+00
 5.49861e+00  9.99651e-01  1.00013e+00
 5.51944e+00  9.98429e-01  1.00014e+00
 5.54025e+00  9.97697e-01  1.00015e+00
 5.56106e+00  9.99183e-01  1.00016e+00
 5.58366e+00  9.97965e-01  1.00018e+00
 5.60468e+00  9.98909e-01  1.00019e+00
 5.62586e+00  9.97605e-01  1.00020e+00
 5.64719e+00  9.98042e-01  1.00022e+00
 5.67186e+00  9.98703e-01  1.00023e+00
 5.69477e+00  9.98399e-01  1.00025e+00
 5.71741e+00  9.97984e-01  1.00026e+00
 5.74078e+00  1.00031e+00  1.00028e+00
 5.76340e+00  9.97354e-01  1.00029e+00
 5.78383e+00  9.98000e-01  1.00031e+00
 5.80749e+00  9.97080e-01  1.00032e+00
 5.82719e+00  9.97635e-01  1.00034e+00
 5.84673e+00  1.00368e+00  1.00035e+00
 5.86604e+00  1.00028e+00  1.00037e+00
 5.88447e+00  9.99795e-01  1.00038e+00
 5.90538e+00  9.99601e-01  1.00039e+00
 5.92437e+00  9.99027e-01  1.00041e+00
 5.94196e+00  1.00121e+00  1.00042e+00
 5.96085e+00  9.97798e-01  1.00044e+00
 5.98030e+00  9.99810e-01  1.00046e+00
 6.00058e+00  9.99180e-01  1.00047e+00
 6.02026e+00  1.00043e+00  1.00049e+00
 6.03836e+00  1.00110e+00  1.00051e+00
 6.05942e+00  9.98936e-01  1.00053e+00
 6.07918e+00  9.99493e-01  1.00054e+00
 6.10110e+00  9.99360e-01  1.00057e+00
 6.12310e+00  1.00130e+00  1.00059e+00
 6.14249e+00  1.00079e+00  1.00061e+00
 6.16308e+00  1.00151e+00  1.00063e+00
 6.18355e+00  1.00145e+00  1.00066e+00
 6.20833e+00  1.00348e+00  1.00069e+00
 6.22860e+00  1.00195e+00  1.00071e+00
 6.24642e+00  1.00059e+00  1.00074e+00
 6.26669e+00  1.00320e+00  1.00076e+00
 6.28868e+00  1.00279e+00  1.00080e+00
 6.31027e+00  1.00305e+00  1.00083e+00
 6.33233e+00  1.00357e+00  1.00087e+00
 6.35306e+00  1.00525e+00  1.00091e+00
 6.37586e+00  1.00468e+00  1.00096e+00
 6.39528e+00  1.00532e+00  1.00100e+00
 6.41308e+00  1.00695e+00  1.00105e+00
 6.43358e+00  1.00666e+00  1.00111e+00
 6.45280e+00  1.00742e+00  1.00117e+00
 6.47203e+00  1.00716e+00  1.00124e+00
 6.49104e+00  1.00780e+00  1.00131e+00
 6.50951e+00  1.00917e+00  1.00140e+00
 6.52705e+00  1.00858e+00  1.00149e+00
 6.54637e+00  1.00887e+00  1.00161e+00
 6.56690e+00  1.00928e+00  1.00176e+00
 6.58723e+00  1.00944e+00  1.00195e+00
 6.60589e+00  1.01034e+00  1.00216e+00
 6.62586e+00  1.01015e+00  1.00245e+00
 6.64637e+00  1.01116e+00  1.00282e+00
 6.66505e+00  1.01048e+00  1.00325e+00
 6.68358e+00  1.01142e+00  1.00380e+00
 6.70111e+00  1.01159e+00  1.00445e+00
 6.72118e+00  1.01048e+00  1.00535e+00
 6.73923e+00  1.01081e+00  1.00624e+00
 6.75911e+00  1.00985e+00  1.00703e+00
 6.77899e+00  1.01043e+00  1.00698e+00
 6.79917e+00  1.01073e+00  1.00541e+00
 6.81808e+00  1.01136e+00  1.00359e+00
 6.83871e+00  1.00944e+00  1.00420e+00
 6.85862e+00  1.00819e+00  1.00669e+00
 6.87820e+00  1.00764e+00  1.00758e+00
 6.89696e+00  1.00781e+00  1.00657e+00
 6.91527e+00  1.00745e+00  1.00494e+00
 6.93412e+00  1.00625e+00  1.00335e+00
 6.95360e+00  1.00617e+00  1.00206e+00
 6.97314e+00  1.00567e+00  1.00112e+00
 6.99026e+00  1.00471e+00  1.00054e+00
 7.00775e+00  1.00291e+00  1.00010e+00
 7.02531e+00  1.00387e+00  9.99787e-01
 7.04195e+00  1.00117e+00  9.99570e-01
 7.06027e+00  1.00063e+00  9.99397e-01
 7.07860e+00  1.00153e+00  9.99274e-01
 7.09705e+00  1.00082e+00  9.99186e-01
 7.11526e+00  9.99866e-01  9.99125e-01
 7.13275e+00  9.99032e-01  9.99085e-01
 7.15224e+00  9.98985e-01  9.99055e-01
 7.17056e+00  9.98047e-01  9.99037e-01
 7.19215e+00  9.97761e-01  9.99027e-01
 7.21034e+00  9.96702e-01  9.99025e-01
 7.22862e+00  9.96966e-01  9.99027e-01
 7.24639e+00  9.95992e-01  9.99032e-01
 7.26591e+00  9.95611e-01  9.99040e-01
 7.28519e+00  9.95966e-01  9.99050e-01
 7.30504e+00  9.95346e-01  9.99062e-01
 7.32519e+00  9.96223e-01  9.99076e-01
 7.34696e+00  9.94400e-01  9.99092e-01
 7.36772e+00  9.94258e-01  9.99108e-01
 7.38620e+00  9.93714e-01  9.99123e-01
 7.40587e+00  9.94231e-01  9.99139e-01
 7.42573e+00  9.95021e-01  9.99155e-01
 7.44367e+00  9.94083e-01  9.99170e-01
 7.46225e+00  9.93929e-01  9.99185e-01
 7.48140e+00  9.94701e-01  9.99200e-01
 7.50200e+00  9.93976e-01  9.99217e-01
 7.52028e+00  9.94218e-01  9.99232e-01
 7.53805e+00  9.93286e-01  9.99247e-01
 7.55671e+00  9.93647e-01  9.99261e-01
 7.57491e+00  9.93814e-01  9.99276e-01
 7.59510e+00  9.94081e-01  9.99292e-01
 7.61419e+00  9.94070e-01  9.99307e-01
 7.63275e+00  9.94875e-01  9.99321e-01
 7.65116e+00  9.94048e-01  9.99335e-01
 7.67056e+00  9.94787e-01  9.99349e-01
 7.69082e+00  9.94679e-01  9.99364e-01
 7.71154e+00  9.95466e-01  9.99380e-01
 7.73030e+00  9.95427e-01  9.99393e-01
 7.74836e+00  9.95766e-01  9.99406e-01
 7.76696e+00  9.95980e-01  9.99419e-01
 7.78440e+00  9.95868e-01  9.99432e-01
 7.80446e+00  9.96264e-01  9.99446e-01
 7.82522e+00  9.95445e-01  9.99460e-01
 7.84452e+00  9.96271e-01  9.99473e-01
 7.86230e+00  9.96187e-01  9.99485e-01
 7.88085e+00  9.96499e-01  9.99497e-01
 7.89860e+00  9.97665e-01  9.99509e-01
 7.91694e+00  9.97002e-01  9.99521e-01
 7.93527e+00  9.96816e-01  9.99533e-01
 7.95475e+00  9.97589e-01  9.99545e-01
 7.97345e+00  9.97776e-01  9.99557e-01
 7.99101e+00  9.97344e-01  9.99568e-01
 8.01089e+00  9.97031e-01  9.99581e-01
 8.02894e+00  9.97747e-01  9.99592e-01
 8.04881e+00  9.97719e-01  9.99604e-01
 8.06808e+00  9.97679e-01  9.99616e-01
 8.08645e+00  1.00601e+00  9.99627e-01
 8.10332e+00  1.00278e+00  9.99637e-01
 8.12052e+00  1.00167e+00  9.99647e-01
 8.13699e+00  1.00199e+00  9.99657e-01
 8.15249e+00  1.00131e+00  9.99666e-01
 8.17022e+00  1.00335e+00  9.99677e-01
 8.18660e+00  9.99488e-01  9.99686e-01
 8.20218e+00  1.00110e+00  9.99695e-01
 8.21863e+00  9.99406e-01  9.99705e-01
 8.23419e+00  9.99754e-01  9.99714e-01
 8.25058e+00  1.00011e+00  9.99723e-01
 8.26689e+00  9.98827e-01  9.99733e-01
 8.28382e+00  9.98719e-01  9.99742e-01
 8.30193e+00  1.00064e+00  9.99753e-01
 8.31751e+00  9.99553e-01  9.99761e-01
 8.33529e+00  9.98869e-01  9.99771e-01
 8.35169e+00  9.98405e-01  9.99781e-01
 8.36720e+00  9.98788e-01  9.99789e-01
 8.38451e+00  9.98607e-01  9.99799e-01
 8.40221e+00  9.99366e-01  9.99809e-01
 8.41882e+00  1.00039e+00  9.99818e-01
 8.43521e+00  9.99280e-01  9.99827e-01
 8.45271e+00  9.98957e-01  9.99837e-01
 8.47031e+00  1.00011e+00  9.99847e-01
 8.48587e+00  9.99928e-01  9.99855e-01
 8.50360e+00  9.99459e-01  9.99865e-01
 8.51994e+00  9.99533e-01  9.99874e-01
 8.53549e+00  9.99713e-01  9.99883e-01
 8.55193e+00  9.99381e-01  9.99892e-01
 8.56971e+00  1.00137e+00  9.99902e-01
 8.58695e+00  1.00000e+00  9.99911e-01
 8.60332e+00  1.00032e+00  9.99920e-01
 8.61887e+00  9.99940e-01  9.99929e-01
 8.63531e+00  1.00055e+00  9.99938e-01
 8.65168e+00  1.00096e+00  9.99947e-01
 8.67140e+00  1.00083e+00  9.99958e-01
 8.68829e+00  1.00053e+00  9.99967e-01
 8.70621e+00  1.00105e+00  9.99977e-01
 8.72361e+00  1.00061e+00  9.99987e-01
 8.73918e+00  1.00045e+00  9.99996e-01
 8.75775e+00  9.99958e-01  1.00001e+00
 8.77420e+00  1.00124e+00  1.00002e+00
 8.79055e+00  1.00125e+00  1.00002e+00
 8.80689e+00  9.99857e-01  1.00003e+00
 8.82364e+00  1.00031e+00  1.00004e+00
 8.84027e+00  1.00071e+00  1.00005e+00
 8.85612e+00  1.00098e+00  1.00006e+00
 8.87223e+00  1.00011e+00  1.00007e+00
 8.88864e+00  1.00006e+00  1.00008e+00
 8.90414e+00  1.00064e+00  1.00009e+00
 8.92027e+00  9.99673e-01  1.00010e+00
 8.93827e+00  1.00033e+00  1.00011e+00
 8.95810e+00  1.00053e+00  1.00012e+00
 8.97506e+00  1.00008e+00  1.00013e+00
 8.99268e+00  1.00040e+00  1.00014e+00
 9.01029e+00  1.00007e+00  1.00015e+00
 9.02585e+00  1.00072e+00  1.00016e+00
 9.04222e+00  9.99643e-01  1.00017e+00
 9.05834e+00  9.99534e-01  1.00018e+00
 9.07388e+00  1.00059e+00  1.00019e+00
 9.09027e+00  1.00059e+00  1.00020e+00
 9.10753e+00  9.99642e-01  1.00021e+00
 9.12608e+00  9.99391e-01  1.00022e+00
 9.14425e+00  1.00121e+00  1.00024e+00
 9.16220e+00  9.99826e-01  1.00025e+00
 9.17861e+00  1.00110e+00  1.00026e+00
 9.19669e+00  1.00143e+00  1.00027e+00
 9.21602e+00  1.00110e+00  1.00028e+00
 9.23258e+00  1.00066e+00  1.00029e+00
 9.24891e+00  1.00097e+00  1.00030e+00
 9.26525e+00  1.00003e+00  1.00032e+00
 9.28059e+00  1.00005e+00  1.00033e+00
 9.29838e+00  1.00104e+00  1.00034e+00
 9.31523e+00  1.00047e+00  1.00035e+00
 9.33301e+00  1.00024e+00  1.00037e+00
 9.35112e+00  1.00101e+00  1.00038e+00
 9.36939e+00  1.00044e+00  1.00039e+00
 9.38809e+00  9.99827e-01  1.00041e+00
 9.40418e+00  1.00155e+00  1.00042e+00
 9.42147e+00  1.00003e+00  1.00043e+00
 9.43802e+00  1.00085e+00  1.00045e+00
 9.45415e+00  1.00076e+00  1.00046e+00
 9.47199e+00  1.00093e+00  1.00048e+00
 9.48748e+00  1.00099e+00  1.00049e+00
 9.50511e+00  1.00047e+00  1.00051e+00
 9.52387e+00  1.00078e+00  1.00052e+00
 9.54057e+00  1.00110e+00  1.00054e+00
 9.55551e+00  1.00208e+00  1.00055e+00
 9.57082e+00  1.00061e+00  1.00057e+00
 9.58776e+00  1.00221e+00  1.00059e+00
 9.60333e+00  1.00067e+00  1.00060e+00
 9.62223e+00  1.00095e+00  1.00062e+00
 9.63747e+00  1.00188e+00  1.00064e+00
