852
 2.01031e+03  9.94471e-01  1.00168e+00
 2.01033e+03  1.01906e+00  1.00168e+00
 2.01037e+03  1.04301e+00  1.00169e+00
 2.01039e+03  1.06848e+00  1.00170e+00
 2.01041e+03  1.06265e+00  1.00171e+00
 2.01043e+03  1.08403e+00  1.00171e+00
 2.01047e+03  1.05027e+00  1.00172e+00
 2.01049e+03  1.05775e+00  1.00173e+00
 2.01051e+03  1.04653e+00  1.00173e+00
 2.01054e+03  1.04568e+00  1.00174e+00
 2.01056e+03  1.03201e+00  1.00174e+00
 2.01058e+03  1.04442e+00  1.00175e+00
 2.01060e+03  1.03322e+00  1.00175e+00
 2.01062e+03  1.02616e+00  1.00175e+00
 2.01064e+03  1.03658e+00  1.00176e+00
 2.01066e+03  1.04721e+00  1.00176e+00
 2.01068e+03  1.03755e+00  1.00177e+00
 2.01070e+03  1.03232e+00  1.00177e+00
 2.01072e+03  1.04347e+00  1.00178e+00
 2.01074e+03  1.02170e+00  1.00178e+00
 2.01076e+03  1.01969e+00  1.00179e+00
 2.01079e+03  1.01591e+00  1.00179e+00
 2.01081e+03  1.00910e+00  1.00179e+00
 2.01083e+03  1.00408e+00  1.00180e+00
 2.01085e+03  1.00982e+00  1.00180e+00
 2.01087e+03  1.01396e+00  1.00181e+00
 2.01089e+03  1.01240e+00  1.00181e+00
 2.01091e+03  1.00141e+00  1.00182e+00
 2.01093e+03  1.00608e+00  1.00182e+00
 2.01095e+03  9.96362e-01  1.00182e+00
 2.01097e+03  1.00058e+00  1.00183e+00
 2.01099e+03  1.00401e+00  1.00183e+00
 2.01101e+03  9.94741e-01  1.00183e+00
 2.01104e+03  9.98893e-01  1.00184e+00
 2.01106e+03  9.95457e-01  1.00184e+00
 2.01108e+03  9.88833e-01  1.00185e+00
 2.01110e+03  9.84140e-01  1.00185e+00
 2.01112e+03  9.92013e-01  1.00185e+00
 2.01114e+03  9.78354e-01  1.00186e+00
 2.01116e+03  1.00000e+00  1.00186e+00
 2.01118e+03  9.95163e-01  1.00186e+00
 2.01120e+03  9.97044e-01  1.00187e+00
 2.01122e+03  9.92853e-01  1.00187e+00
 2.01124e+03  9.83781e-01  1.00187e+00
 2.01126e+03  9.86357e-01  1.00188e+00
 2.01129e+03  9.69335e-01  1.00188e+00
 2.01131e+03  9.74137e-01  1.00188e+00
 2.01133e+03  9.67146e-01  1.00189e+00
 2.01135e+03  9.67502e-01  1.00189e+00
 2.01137e+03  9.55993e-01  1.00189e+00
 2.01139e+03  9.63787e-01  1.00190e+00
 2.01141e+03  9.63882e-01  1.00190e+00
 2.01143e+03  9.65065e-01  1.00190e+00
 2.01145e+03  9.72759e-01  1.00191e+00
 2.01147e+03  9.70359e-01  1.00191e+00
 2.01149e+03  9.82487e-01  1.00191e+00
 2.01151e+03  9.77124e-01  1.00192e+00
 2.01154e+03  9.66830e-01  1.00192e+00
 2.01156e+03  9.65803e-01  1.00192e+00
 2.01158e+03  9.68431e-01  1.00192e+00
 2.01160e+03  9.64316e-01  1.00193e+00
 2.01162e+03  9.78577e-01  1.00193e+00
 2.01164e+03  9.93903e-01  1.00193e+00
 2.01166e+03  9.90615e-01  1.00194e+00
 2.01168e+03  1.00164e+00  1.00194e+00
 2.01170e+03  1.01472e+00  1.00194e+00
 2.01172e+03  9.95085e-01  1.00194e+00
 2.01174e+03  1.00264e+00  1.00195e+00
 2.01179e+03  9.99578e-01  1.00195e+00
 2.01183e+03  1.00943e+00  1.00196e+00
 2.01185e+03  1.00692e+00  1.00196e+00
 2.01187e+03  1.00698e+00  1.00196e+00
 2.01189e+03  1.01011e+00  1.00197e+00
 2.01195e+03  1.01660e+00  1.00197e+00
 2.01197e+03  1.03886e+00  1.00197e+00
 2.01199e+03  1.03169e+00  1.00198e+00
 2.01201e+03  1.02727e+00  1.00198e+00
 2.01204e+03  1.01778e+00  1.00198e+00
 2.01206e+03  1.02590e+00  1.00198e+00
 2.01208e+03  1.05117e+00  1.00199e+00
 2.01210e+03  1.04125e+00  1.00199e+00
 2.01212e+03  1.04711e+00  1.00199e+00
 2.01216e+03  1.05174e+00  1.00200e+00
 2.01218e+03  1.04403e+00  1.00200e+00
 2.01220e+03  1.04814e+00  1.00200e+00
 2.01222e+03  1.05522e+00  1.00200e+00
 2.01224e+03  1.05286e+00  1.00201e+00
 2.01229e+03  1.05329e+00  1.00201e+00
 2.01231e+03  1.04746e+00  1.00201e+00
 2.01233e+03  1.05822e+00  1.00201e+00
 2.01235e+03  1.05766e+00  1.00202e+00
 2.01237e+03  1.06380e+00  1.00202e+00
 2.01239e+03  1.06971e+00  1.00202e+00
 2.01241e+03  1.05564e+00  1.00202e+00
 2.01243e+03  1.05481e+00  1.00202e+00
 2.01245e+03  1.06596e+00  1.00203e+00
 2.01249e+03  1.06642e+00  1.00203e+00
 2.01254e+03  1.06708e+00  1.00203e+00
 2.01256e+03  1.06097e+00  1.00204e+00
 2.01258e+03  1.05194e+00  1.00204e+00
 2.01260e+03  1.06293e+00  1.00204e+00
 2.01262e+03  1.05285e+00  1.00204e+00
 2.01264e+03  1.07281e+00  1.00204e+00
 2.01266e+03  1.05554e+00  1.00205e+00
 2.01270e+03  1.03949e+00  1.00205e+00
 2.01272e+03  1.04120e+00  1.00205e+00
 2.01279e+03  1.05244e+00  1.00206e+00
 2.01281e+03  1.02695e+00  1.00206e+00
 2.01283e+03  1.03830e+00  1.00206e+00
 2.01285e+03  1.02877e+00  1.00206e+00
 2.01289e+03  1.02804e+00  1.00207e+00
 2.01291e+03  1.02287e+00  1.00207e+00
 2.01293e+03  1.01426e+00  1.00207e+00
 2.01295e+03  1.02859e+00  1.00207e+00
 2.01297e+03  1.00983e+00  1.00207e+00
 2.01299e+03  1.02472e+00  1.00208e+00
 2.01302e+03  1.02254e+00  1.00208e+00
 2.01304e+03  1.01857e+00  1.00208e+00
 2.01306e+03  1.02789e+00  1.00208e+00
 2.01308e+03  1.00867e+00  1.00208e+00
 2.01314e+03  1.01612e+00  1.00209e+00
 2.01320e+03  9.97944e-01  1.00209e+00
 2.01322e+03  9.96432e-01  1.00209e+00
 2.01327e+03  9.93677e-01  1.00210e+00
 2.01331e+03  1.00619e+00  1.00210e+00
 2.01333e+03  1.00021e+00  1.00210e+00
 2.01335e+03  9.86180e-01  1.00210e+00
 2.01337e+03  9.89455e-01  1.00211e+00
 2.01339e+03  9.93797e-01  1.00211e+00
 2.01341e+03  9.83267e-01  1.00211e+00
 2.01343e+03  9.80951e-01  1.00211e+00
 2.01345e+03  9.74153e-01  1.00211e+00
 2.01349e+03  9.61253e-01  1.00211e+00
 2.01354e+03  9.67273e-01  1.00212e+00
 2.01356e+03  9.46298e-01  1.00212e+00
 2.01362e+03  9.62341e-01  1.00212e+00
 2.01366e+03  9.57710e-01  1.00213e+00
 2.01368e+03  9.54446e-01  1.00213e+00
 2.01372e+03  9.61518e-01  1.00213e+00
 2.01377e+03  9.75790e-01  1.00213e+00
 2.01379e+03  9.66470e-01  1.00214e+00
 2.01381e+03  9.67669e-01  1.00214e+00
 2.01385e+03  9.63787e-01  1.00214e+00
 2.01389e+03  9.77922e-01  1.00214e+00
 2.01391e+03  9.71252e-01  1.00214e+00
 2.01393e+03  9.60802e-01  1.00215e+00
 2.01397e+03  9.64792e-01  1.00215e+00
 2.01399e+03  9.77492e-01  1.00215e+00
 2.01402e+03  9.68723e-01  1.00215e+00
 2.01404e+03  9.77093e-01  1.00215e+00
 2.01412e+03  9.87489e-01  1.00216e+00
 2.01414e+03  9.87288e-01  1.00216e+00
 2.01418e+03  9.72872e-01  1.00216e+00
 2.01420e+03  9.70429e-01  1.00216e+00
 2.01422e+03  9.78042e-01  1.00217e+00
 2.01424e+03  9.87708e-01  1.00217e+00
 2.01427e+03  9.80597e-01  1.00217e+00
 2.01433e+03  9.86786e-01  1.00217e+00
 2.01437e+03  9.92775e-01  1.00218e+00
 2.01441e+03  9.86492e-01  1.00218e+00
 2.01445e+03  9.97935e-01  1.00218e+00
 2.01447e+03  9.86949e-01  1.00218e+00
 2.01452e+03  9.89942e-01  1.00219e+00
 2.01456e+03  1.00704e+00  1.00219e+00
 2.01458e+03  9.91284e-01  1.00219e+00
 2.01460e+03  1.00191e+00  1.00219e+00
 2.01466e+03  9.99266e-01  1.00220e+00
 2.01468e+03  9.90280e-01  1.00220e+00
 2.01470e+03  9.94808e-01  1.00220e+00
 2.01474e+03  9.93307e-01  1.00220e+00
 2.01479e+03  9.89916e-01  1.00220e+00
 2.01481e+03  9.85187e-01  1.00220e+00
 2.01485e+03  9.82259e-01  1.00221e+00
 2.01489e+03  9.86544e-01  1.00221e+00
 2.01491e+03  9.60842e-01  1.00221e+00
 2.01495e+03  9.56848e-01  1.00221e+00
 2.01499e+03  9.76860e-01  1.00222e+00
 2.01502e+03  9.62412e-01  1.00222e+00
 2.01504e+03  9.73680e-01  1.00222e+00
 2.01508e+03  9.86838e-01  1.00222e+00
 2.01510e+03  9.71283e-01  1.00222e+00
 2.01512e+03  9.65287e-01  1.00223e+00
 2.01516e+03  9.61390e-01  1.00223e+00
 2.01520e+03  9.67372e-01  1.00223e+00
 2.01522e+03  9.61886e-01  1.00223e+00
 2.01527e+03  9.51074e-01  1.00224e+00
 2.01529e+03  9.56056e-01  1.00224e+00
 2.01531e+03  9.72666e-01  1.00224e+00
 2.01533e+03  9.63709e-01  1.00224e+00
 2.01537e+03  9.66403e-01  1.00224e+00
 2.01539e+03  9.52368e-01  1.00224e+00
 2.01541e+03  9.74207e-01  1.00225e+00
 2.01543e+03  9.59362e-01  1.00225e+00
 2.01547e+03  9.52638e-01  1.00225e+00
 2.01549e+03  9.52154e-01  1.00225e+00
 2.01552e+03  9.43115e-01  1.00225e+00
 2.01558e+03  9.36756e-01  1.00226e+00
 2.01560e+03  9.45550e-01  1.00226e+00
 2.01562e+03  9.50368e-01  1.00226e+00
 2.01564e+03  9.49907e-01  1.00226e+00
 2.01570e+03  9.54284e-01  1.00227e+00
 2.01572e+03  9.50130e-01  1.00227e+00
 2.01574e+03  9.59963e-01  1.00227e+00
 2.01583e+03  9.84969e-01  1.00227e+00
 2.01585e+03  1.01917e+00  1.00228e+00
 2.01597e+03  1.00438e+00  1.00228e+00
 2.01599e+03  1.01222e+00  1.00229e+00
 2.01602e+03  1.03632e+00  1.00229e+00
 2.01604e+03  1.02758e+00  1.00229e+00
 2.01608e+03  1.03037e+00  1.00229e+00
 2.01610e+03  1.02250e+00  1.00229e+00
 2.01612e+03  1.07140e+00  1.00229e+00
 2.01614e+03  1.02734e+00  1.00230e+00
 2.01622e+03  1.06356e+00  1.00230e+00
 2.01624e+03  1.05462e+00  1.00230e+00
 2.01633e+03  1.01930e+00  1.00231e+00
 2.01635e+03  1.00933e+00  1.00231e+00
 2.01637e+03  1.01715e+00  1.00231e+00
 2.01639e+03  1.02709e+00  1.00231e+00
 2.01641e+03  1.02682e+00  1.00232e+00
 2.01643e+03  1.03281e+00  1.00232e+00
 2.01645e+03  1.02847e+00  1.00232e+00
 2.01649e+03  1.03690e+00  1.00232e+00
 2.01652e+03  1.05976e+00  1.00232e+00
 2.01654e+03  1.04004e+00  1.00233e+00
 2.01656e+03  1.03207e+00  1.00233e+00
 2.01658e+03  1.04980e+00  1.00233e+00
 2.01660e+03  1.05443e+00  1.00233e+00
 2.01662e+03  1.05153e+00  1.00233e+00
 2.01664e+03  1.04076e+00  1.00233e+00
 2.01666e+03  1.04158e+00  1.00234e+00
 2.01668e+03  1.05680e+00  1.00234e+00
 2.01670e+03  1.04698e+00  1.00234e+00
 2.01672e+03  1.04946e+00  1.00234e+00
 2.01674e+03  1.03152e+00  1.00234e+00
 2.01677e+03  1.03941e+00  1.00234e+00
 2.01679e+03  1.03168e+00  1.00235e+00
 2.01681e+03  1.03164e+00  1.00235e+00
 2.01683e+03  1.02886e+00  1.00235e+00
 2.01685e+03  1.02213e+00  1.00235e+00
 2.01687e+03  1.03518e+00  1.00235e+00
 2.01689e+03  1.03444e+00  1.00235e+00
 2.01691e+03  1.02953e+00  1.00236e+00
 2.01695e+03  1.02645e+00  1.00236e+00
 2.01697e+03  1.02877e+00  1.00236e+00
 2.01699e+03  1.02759e+00  1.00236e+00
 2.01702e+03  1.02569e+00  1.00236e+00
 2.01704e+03  1.01350e+00  1.00237e+00
 2.01706e+03  1.02382e+00  1.00237e+00
 2.01708e+03  1.02701e+00  1.00237e+00
 2.01710e+03  1.02704e+00  1.00237e+00
 2.01712e+03  1.02637e+00  1.00237e+00
 2.01714e+03  1.01185e+00  1.00237e+00
 2.01716e+03  1.02196e+00  1.00238e+00
 2.01718e+03  1.01833e+00  1.00238e+00
 2.01720e+03  1.01112e+00  1.00238e+00
 2.01722e+03  1.00700e+00  1.00238e+00
 2.01724e+03  1.00829e+00  1.00238e+00
 2.01727e+03  1.01544e+00  1.00239e+00
 2.01729e+03  1.00436e+00  1.00239e+00
 2.01731e+03  1.00600e+00  1.00239e+00
 2.01733e+03  9.98325e-01  1.00239e+00
 2.01735e+03  1.01108e+00  1.00239e+00
 2.01737e+03  1.00181e+00  1.00239e+00
 2.01739e+03  1.01399e+00  1.00240e+00
 2.01741e+03  9.94772e-01  1.00240e+00
 2.01743e+03  1.00733e+00  1.00240e+00
 2.01745e+03  1.00292e+00  1.00240e+00
 2.01747e+03  1.00089e+00  1.00240e+00
 2.01749e+03  9.95958e-01  1.00241e+00
 2.01752e+03  9.93608e-01  1.00241e+00
 2.01754e+03  1.01017e+00  1.00241e+00
 2.01756e+03  1.00600e+00  1.00241e+00
 2.01758e+03  9.81085e-01  1.00241e+00
 2.01760e+03  9.80061e-01  1.00242e+00
 2.01762e+03  9.81744e-01  1.00242e+00
 2.01764e+03  9.79268e-01  1.00242e+00
 2.01766e+03  9.75073e-01  1.00242e+00
 2.01768e+03  9.62481e-01  1.00242e+00
 2.01770e+03  9.64629e-01  1.00243e+00
 2.01772e+03  9.67226e-01  1.00243e+00
 2.01774e+03  9.63131e-01  1.00243e+00
 2.01777e+03  9.58552e-01  1.00243e+00
 2.01779e+03  9.54770e-01  1.00243e+00
 2.01781e+03  9.61894e-01  1.00244e+00
 2.01785e+03  9.65173e-01  1.00244e+00
 2.01787e+03  9.74498e-01  1.00244e+00
 2.01789e+03  9.75279e-01  1.00244e+00
 2.01791e+03  9.77970e-01  1.00245e+00
 2.01793e+03  9.83645e-01  1.00245e+00
 2.01795e+03  9.84419e-01  1.00245e+00
 2.01797e+03  9.78225e-01  1.00245e+00
 2.01799e+03  9.82501e-01  1.00245e+00
 2.01802e+03  9.88963e-01  1.00246e+00
 2.01804e+03  9.91690e-01  1.00246e+00
 2.01806e+03  9.87937e-01  1.00246e+00
 2.01808e+03  9.87564e-01  1.00246e+00
 2.01810e+03  9.85444e-01  1.00246e+00
 2.01812e+03  9.88306e-01  1.00247e+00
 2.01814e+03  9.96534e-01  1.00247e+00
 2.01816e+03  9.91679e-01  1.00247e+00
 2.01818e+03  9.93099e-01  1.00247e+00
 2.01820e+03  1.00231e+00  1.00248e+00
 2.01822e+03  9.98203e-01  1.00248e+00
 2.01824e+03  9.81645e-01  1.00248e+00
 2.01827e+03  9.94298e-01  1.00248e+00
 2.01829e+03  9.79983e-01  1.00248e+00
 2.01831e+03  9.89601e-01  1.00249e+00
 2.01833e+03  9.95721e-01  1.00249e+00
 2.01835e+03  9.97712e-01  1.00249e+00
 2.01837e+03  9.99811e-01  1.00249e+00
 2.01839e+03  1.00175e+00  1.00250e+00
 2.01841e+03  9.97965e-01  1.00250e+00
 2.01843e+03  9.87978e-01  1.00250e+00
 2.01845e+03  1.01307e+00  1.00250e+00
 2.01849e+03  9.95462e-01  1.00251e+00
 2.01852e+03  9.97367e-01  1.00251e+00
 2.01854e+03  1.00067e+00  1.00251e+00
 2.01856e+03  1.01075e+00  1.00251e+00
 2.01858e+03  1.00184e+00  1.00252e+00
 2.01860e+03  1.00908e+00  1.00252e+00
 2.01862e+03  9.96802e-01  1.00252e+00
 2.01864e+03  1.00846e+00  1.00252e+00
 2.01866e+03  1.00592e+00  1.00253e+00
 2.01868e+03  1.00504e+00  1.00253e+00
 2.01870e+03  1.00666e+00  1.00253e+00
 2.01872e+03  1.01483e+00  1.00253e+00
 2.01874e+03  1.01617e+00  1.00254e+00
 2.01877e+03  1.00348e+00  1.00254e+00
 2.01879e+03  1.00569e+00  1.00254e+00
 2.01881e+03  1.00732e+00  1.00254e+00
 2.01883e+03  1.01996e+00  1.00255e+00
 2.01885e+03  1.00466e+00  1.00255e+00
 2.01887e+03  1.00576e+00  1.00255e+00
 2.01889e+03  9.97439e-01  1.00255e+00
 2.01891e+03  1.00146e+00  1.00256e+00
 2.01893e+03  1.00548e+00  1.00256e+00
 2.01895e+03  9.98960e-01  1.00256e+00
 2.01899e+03  9.95026e-01  1.00257e+00
 2.01902e+03  9.95526e-01  1.00257e+00
 2.01904e+03  1.00526e+00  1.00257e+00
 2.01906e+03  9.96398e-01  1.00257e+00
 2.01910e+03  9.92546e-01  1.00258e+00
 2.01912e+03  9.89723e-01  1.00258e+00
 2.01914e+03  9.84977e-01  1.00259e+00
 2.01916e+03  9.89157e-01  1.00259e+00
 2.01918e+03  9.88763e-01  1.00259e+00
 2.01920e+03  9.87328e-01  1.00259e+00
 2.01922e+03  9.84837e-01  1.00260e+00
 2.01924e+03  9.87605e-01  1.00260e+00
 2.01929e+03  9.86754e-01  1.00260e+00
 2.01931e+03  9.87190e-01  1.00261e+00
 2.01933e+03  9.73649e-01  1.00261e+00
 2.01935e+03  9.76759e-01  1.00261e+00
 2.01937e+03  9.81212e-01  1.00262e+00
 2.01941e+03  9.86711e-01  1.00262e+00
 2.01947e+03  9.85208e-01  1.00263e+00
 2.01949e+03  9.80127e-01  1.00263e+00
 2.01958e+03  9.74294e-01  1.00264e+00
 2.01962e+03  9.76644e-01  1.00265e+00
 2.01966e+03  9.72879e-01  1.00266e+00
 2.01974e+03  9.56879e-01  1.00267e+00
 2.01979e+03  9.75252e-01  1.00268e+00
 2.01981e+03  9.60601e-01  1.00268e+00
 2.01985e+03  9.63358e-01  1.00269e+00
 2.01989e+03  9.63532e-01  1.00269e+00
 2.01993e+03  9.63315e-01  1.00270e+00
 2.01997e+03  9.73833e-01  1.00270e+00
 2.01999e+03  9.83649e-01  1.00271e+00
 2.02008e+03  1.00153e+00  1.00272e+00
 2.02012e+03  1.00775e+00  1.00273e+00
 2.02016e+03  1.01012e+00  1.00273e+00
 2.02020e+03  1.00746e+00  1.00274e+00
 2.02024e+03  1.00997e+00  1.00275e+00
 2.02029e+03  1.02758e+00  1.00276e+00
 2.02033e+03  1.03508e+00  1.00276e+00
 2.02035e+03  1.02854e+00  1.00277e+00
 2.02041e+03  1.03498e+00  1.00278e+00
 2.02043e+03  1.02622e+00  1.00278e+00
 2.02049e+03  1.05318e+00  1.00279e+00
 2.02056e+03  1.03554e+00  1.00280e+00
 2.02060e+03  1.07774e+00  1.00281e+00
 2.02066e+03  1.03385e+00  1.00282e+00
 2.02068e+03  1.05816e+00  1.00283e+00
 2.02074e+03  1.04731e+00  1.00284e+00
 2.02079e+03  1.05378e+00  1.00285e+00
 2.02083e+03  1.05340e+00  1.00285e+00
 2.02087e+03  1.05733e+00  1.00286e+00
 2.02091e+03  1.04871e+00  1.00287e+00
 2.02095e+03  1.05779e+00  1.00288e+00
 2.02099e+03  1.03632e+00  1.00289e+00
 2.02104e+03  1.05259e+00  1.00289e+00
 2.02108e+03  1.03759e+00  1.00290e+00
 2.02110e+03  1.03568e+00  1.00291e+00
 2.02112e+03  1.03994e+00  1.00291e+00
 2.02114e+03  1.03307e+00  1.00291e+00
 2.02120e+03  1.04944e+00  1.00293e+00
 2.02124e+03  1.01421e+00  1.00294e+00
 2.02129e+03  1.02069e+00  1.00295e+00
 2.02131e+03  1.02053e+00  1.00295e+00
 2.02135e+03  1.01337e+00  1.00296e+00
 2.02137e+03  1.02306e+00  1.00296e+00
 2.02139e+03  1.00256e+00  1.00297e+00
 2.02143e+03  9.95931e-01  1.00298e+00
 2.02145e+03  1.00286e+00  1.00298e+00
 2.02147e+03  9.93597e-01  1.00299e+00
 2.02154e+03  9.83827e-01  1.00300e+00
 2.02156e+03  9.90850e-01  1.00300e+00
 2.02162e+03  9.86047e-01  1.00302e+00
 2.02164e+03  9.78779e-01  1.00302e+00
 2.02170e+03  9.77748e-01  1.00304e+00
 2.02174e+03  9.65097e-01  1.00305e+00
 2.02177e+03  9.73848e-01  1.00305e+00
 2.02179e+03  9.71648e-01  1.00306e+00
 2.02183e+03  9.57069e-01  1.00307e+00
 2.02187e+03  9.79075e-01  1.00308e+00
 2.02189e+03  9.74431e-01  1.00308e+00
 2.02191e+03  9.56805e-01  1.00309e+00
 2.02195e+03  9.78296e-01  1.00310e+00
 2.02197e+03  9.88955e-01  1.00310e+00
 2.02202e+03  9.91765e-01  1.00311e+00
 2.02204e+03  1.00341e+00  1.00312e+00
 2.02206e+03  1.00459e+00  1.00312e+00
 2.02208e+03  1.00436e+00  1.00313e+00
 2.02210e+03  1.00751e+00  1.00313e+00
 2.02216e+03  1.02479e+00  1.00315e+00
 2.02314e+03  9.89977e-01  1.00340e+00
 2.02316e+03  9.88534e-01  1.00341e+00
 2.02318e+03  9.82659e-01  1.00341e+00
 2.02322e+03  9.82575e-01  1.00342e+00
 2.02324e+03  9.82667e-01  1.00343e+00
 2.02327e+03  9.76090e-01  1.00344e+00
 2.02329e+03  9.68746e-01  1.00344e+00
 2.02331e+03  9.77466e-01  1.00345e+00
 2.02333e+03  9.77075e-01  1.00345e+00
 2.02335e+03  9.71504e-01  1.00346e+00
 2.02337e+03  9.77843e-01  1.00346e+00
 2.02339e+03  9.82290e-01  1.00347e+00
 2.02343e+03  9.67092e-01  1.00348e+00
 2.02345e+03  9.67608e-01  1.00348e+00
 2.02347e+03  9.64451e-01  1.00349e+00
 2.02349e+03  9.63406e-01  1.00350e+00
 2.02352e+03  9.63242e-01  1.00350e+00
 2.02356e+03  9.68575e-01  1.00351e+00
 2.02358e+03  9.61024e-01  1.00352e+00
 2.02362e+03  9.54583e-01  1.00353e+00
 2.02364e+03  9.57483e-01  1.00353e+00
 2.02366e+03  9.55875e-01  1.00354e+00
 2.02368e+03  9.50353e-01  1.00354e+00
 2.02372e+03  9.55338e-01  1.00355e+00
 2.02374e+03  9.58700e-01  1.00356e+00
 2.02377e+03  9.54251e-01  1.00356e+00
 2.02379e+03  9.56334e-01  1.00356e+00
 2.02381e+03  9.58269e-01  1.00357e+00
 2.02383e+03  9.47647e-01  1.00357e+00
 2.02385e+03  9.43951e-01  1.00358e+00
 2.02387e+03  9.43604e-01  1.00358e+00
 2.02389e+03  9.39260e-01  1.00359e+00
 2.02391e+03  9.33429e-01  1.00359e+00
 2.02393e+03  9.42510e-01  1.00360e+00
 2.02395e+03  9.41108e-01  1.00360e+00
 2.02397e+03  9.41309e-01  1.00360e+00
 2.02399e+03  9.40072e-01  1.00361e+00
 2.02404e+03  9.40709e-01  1.00362e+00
 2.02406e+03  9.42535e-01  1.00362e+00
 2.02410e+03  9.47773e-01  1.00363e+00
 2.02412e+03  9.43603e-01  1.00363e+00
 2.02414e+03  9.50710e-01  1.00363e+00
 2.02416e+03  9.54403e-01  1.00364e+00
 2.02418e+03  9.60955e-01  1.00364e+00
 2.02420e+03  9.73588e-01  1.00364e+00
 2.02422e+03  9.77605e-01  1.00364e+00
 2.02424e+03  9.92735e-01  1.00365e+00
 2.02427e+03  9.84020e-01  1.00365e+00
 2.02429e+03  9.85995e-01  1.00365e+00
 2.02431e+03  1.00498e+00  1.00365e+00
 2.02433e+03  9.89622e-01  1.00366e+00
 2.02435e+03  9.90218e-01  1.00366e+00
 2.02441e+03  1.00098e+00  1.00366e+00
 2.02443e+03  1.01056e+00  1.00366e+00
 2.02445e+03  1.00982e+00  1.00366e+00
 2.02447e+03  1.00381e+00  1.00367e+00
 2.02449e+03  1.00772e+00  1.00367e+00
 2.02452e+03  1.01705e+00  1.00367e+00
 2.02454e+03  1.02618e+00  1.00367e+00
 2.02456e+03  1.00203e+00  1.00367e+00
 2.02458e+03  1.01600e+00  1.00367e+00
 2.02460e+03  1.02928e+00  1.00367e+00
 2.02462e+03  1.02841e+00  1.00366e+00
 2.02464e+03  1.02655e+00  1.00366e+00
 2.02466e+03  1.02801e+00  1.00366e+00
 2.02468e+03  1.03092e+00  1.00366e+00
 2.02470e+03  1.03590e+00  1.00366e+00
 2.02472e+03  1.03307e+00  1.00366e+00
 2.02474e+03  1.03430e+00  1.00365e+00
 2.02477e+03  1.03923e+00  1.00365e+00
 2.02479e+03  1.04770e+00  1.00365e+00
 2.02481e+03  1.03856e+00  1.00364e+00
 2.02483e+03  1.04670e+00  1.00364e+00
 2.02489e+03  1.04740e+00  1.00363e+00
 2.02491e+03  1.04773e+00  1.00362e+00
 2.02493e+03  1.05525e+00  1.00361e+00
 2.02495e+03  1.05674e+00  1.00361e+00
 2.02497e+03  1.05706e+00  1.00360e+00
 2.02502e+03  1.05516e+00  1.00359e+00
 2.02506e+03  1.05109e+00  1.00357e+00
 2.02514e+03  1.05086e+00  1.00353e+00
 2.02516e+03  1.05287e+00  1.00352e+00
 2.02518e+03  1.05486e+00  1.00350e+00
 2.02520e+03  1.05128e+00  1.00349e+00
 2.02522e+03  1.04318e+00  1.00348e+00
 2.02531e+03  1.04218e+00  1.00342e+00
 2.02533e+03  1.04014e+00  1.00340e+00
 2.02535e+03  1.04189e+00  1.00338e+00
 2.02537e+03  1.03132e+00  1.00336e+00
 2.02539e+03  1.03460e+00  1.00334e+00
 2.02541e+03  1.03193e+00  1.00332e+00
 2.02543e+03  1.03426e+00  1.00330e+00
 2.02545e+03  1.03573e+00  1.00328e+00
 2.02547e+03  1.03462e+00  1.00326e+00
 2.02549e+03  1.01593e+00  1.00323e+00
 2.02552e+03  1.02757e+00  1.00321e+00
 2.02554e+03  1.02120e+00  1.00318e+00
 2.02556e+03  1.02284e+00  1.00315e+00
 2.02558e+03  1.01948e+00  1.00312e+00
 2.02560e+03  1.01425e+00  1.00309e+00
 2.02562e+03  1.01509e+00  1.00306e+00
 2.02564e+03  1.01729e+00  1.00303e+00
 2.02566e+03  1.01419e+00  1.00300e+00
 2.02568e+03  1.00945e+00  1.00296e+00
 2.02570e+03  1.01542e+00  1.00292e+00
 2.02572e+03  1.00328e+00  1.00289e+00
 2.02574e+03  1.00989e+00  1.00285e+00
 2.02577e+03  1.00627e+00  1.00281e+00
 2.02579e+03  1.00742e+00  1.00276e+00
 2.02581e+03  1.00195e+00  1.00272e+00
 2.02583e+03  1.00022e+00  1.00267e+00
 2.02585e+03  1.00264e+00  1.00263e+00
 2.02587e+03  1.00317e+00  1.00258e+00
 2.02589e+03  9.97707e-01  1.00252e+00
 2.02591e+03  1.00241e+00  1.00247e+00
 2.02593e+03  1.00245e+00  1.00242e+00
 2.02595e+03  9.89470e-01  1.00236e+00
 2.02597e+03  9.87753e-01  1.00230e+00
 2.02599e+03  9.87429e-01  1.00224e+00
 2.02602e+03  9.80947e-01  1.00217e+00
 2.02604e+03  9.73641e-01  1.00211e+00
 2.02606e+03  9.72477e-01  1.00204e+00
 2.02608e+03  9.73217e-01  1.00197e+00
 2.02610e+03  9.80238e-01  1.00189e+00
 2.02612e+03  9.66687e-01  1.00182e+00
 2.02618e+03  9.73691e-01  1.00157e+00
 2.02620e+03  9.74282e-01  1.00148e+00
 2.02622e+03  9.69761e-01  1.00139e+00
 2.02624e+03  9.73517e-01  1.00130e+00
 2.02627e+03  9.87202e-01  1.00120e+00
 2.02629e+03  9.87862e-01  1.00110e+00
 2.02635e+03  9.80900e-01  1.00078e+00
 2.02637e+03  9.82713e-01  1.00066e+00
 2.02641e+03  9.81321e-01  1.00042e+00
 2.02645e+03  9.89136e-01  1.00016e+00
 2.02652e+03  9.87369e-01  9.99734e-01
 2.02654e+03  9.86645e-01  9.99583e-01
 2.02660e+03  9.86105e-01  9.99098e-01
 2.02662e+03  9.87508e-01  9.98925e-01
 2.02666e+03  9.88079e-01  9.98564e-01
 2.02668e+03  9.96837e-01  9.98373e-01
 2.02670e+03  9.94095e-01  9.98177e-01
 2.02672e+03  9.87085e-01  9.97974e-01
 2.02674e+03  9.88154e-01  9.97764e-01
 2.02677e+03  9.95928e-01  9.97548e-01
 2.02679e+03  9.89726e-01  9.97325e-01
 2.02681e+03  1.01314e+00  9.97094e-01
 2.02683e+03  9.96867e-01  9.96856e-01
 2.02685e+03  9.94125e-01  9.96612e-01
 2.02687e+03  9.87776e-01  9.96358e-01
 2.02693e+03  9.97712e-01  9.95550e-01
 2.02695e+03  9.92291e-01  9.95264e-01
 2.02697e+03  1.00000e+00  9.94970e-01
 2.02704e+03  1.00944e+00  9.94032e-01
 2.02710e+03  1.00379e+00  9.93008e-01
 2.02712e+03  9.98520e-01  9.92646e-01
 2.02714e+03  9.99392e-01  9.92276e-01
 2.02720e+03  9.97968e-01  9.91101e-01
 2.02722e+03  1.00354e+00  9.90689e-01
 2.02724e+03  9.96981e-01  9.90264e-01
 2.02727e+03  9.98740e-01  9.89830e-01
 2.02729e+03  9.97502e-01  9.89386e-01
 2.02731e+03  9.97306e-01  9.88929e-01
 2.02737e+03  9.94282e-01  9.87499e-01
 2.02745e+03  9.80570e-01  9.85448e-01
 2.02747e+03  9.91083e-01  9.84912e-01
 2.02752e+03  9.78900e-01  9.83812e-01
 2.02756e+03  9.76956e-01  9.82681e-01
 2.02762e+03  9.79881e-01  9.80942e-01
 2.02766e+03  9.72547e-01  9.79766e-01
 2.02770e+03  9.77561e-01  9.78585e-01
 2.02772e+03  9.73100e-01  9.77999e-01
 2.02774e+03  9.73803e-01  9.77414e-01
 2.02779e+03  9.66845e-01  9.76271e-01
 2.02781e+03  9.69829e-01  9.75712e-01
 2.02783e+03  9.61353e-01  9.75170e-01
 2.02785e+03  9.69454e-01  9.74644e-01
 2.02787e+03  9.64826e-01  9.74134e-01
 2.02789e+03  9.68735e-01  9.73650e-01
 2.02795e+03  9.64533e-01  9.72367e-01
 2.02799e+03  9.83056e-01  9.71695e-01
 2.02804e+03  9.62403e-01  9.71213e-01
 2.02806e+03  9.59306e-01  9.71056e-01
 2.02810e+03  9.49236e-01  9.70936e-01
 2.02814e+03  9.48536e-01  9.71114e-01
 2.02818e+03  9.53823e-01  9.71640e-01
 2.02820e+03  9.54300e-01  9.72048e-01
 2.02824e+03  9.53039e-01  9.73189e-01
 2.02827e+03  9.60655e-01  9.73931e-01
 2.02829e+03  9.60417e-01  9.74798e-01
 2.02835e+03  9.77789e-01  9.78201e-01
 2.02837e+03  9.81402e-01  9.79624e-01
 2.02843e+03  9.99972e-01  9.84782e-01
 2.02845e+03  1.00331e+00  9.86807e-01
 2.02852e+03  1.00479e+00  9.93822e-01
 2.02856e+03  1.01350e+00  9.99254e-01
 2.02860e+03  1.02638e+00  1.00522e+00
 2.02864e+03  1.02586e+00  1.01169e+00
 2.02868e+03  1.03721e+00  1.01855e+00
 2.02872e+03  1.02799e+00  1.02566e+00
 2.02874e+03  1.04052e+00  1.02929e+00
 2.02881e+03  1.04373e+00  1.04014e+00
 2.02883e+03  1.04173e+00  1.04368e+00
 2.02885e+03  1.04518e+00  1.04715e+00
 2.02887e+03  1.04731e+00  1.05054e+00
 2.02893e+03  1.05235e+00  1.05991e+00
 2.02897e+03  1.05158e+00  1.06531e+00
 2.02899e+03  1.05823e+00  1.06771e+00
 2.02902e+03  1.05912e+00  1.06988e+00
 2.02904e+03  1.06761e+00  1.07182e+00
 2.02908e+03  1.07100e+00  1.07496e+00
 2.02910e+03  1.07467e+00  1.07614e+00
 2.02912e+03  1.08187e+00  1.07706e+00
 2.02918e+03  1.08268e+00  1.07823e+00
 2.02920e+03  1.07821e+00  1.07811e+00
 2.02922e+03  1.08103e+00  1.07774e+00
 2.02924e+03  1.08055e+00  1.07713e+00
 2.02927e+03  1.07142e+00  1.07630e+00
 2.02929e+03  1.07035e+00  1.07526e+00
 2.02931e+03  1.07082e+00  1.07400e+00
 2.02933e+03  1.06148e+00  1.07257e+00
 2.02935e+03  1.06147e+00  1.07097e+00
 2.02937e+03  1.06628e+00  1.06920e+00
 2.02939e+03  1.07395e+00  1.06731e+00
 2.02941e+03  1.06326e+00  1.06529e+00
 2.02943e+03  1.05493e+00  1.06315e+00
 2.02945e+03  1.05516e+00  1.06093e+00
 2.02952e+03  1.04912e+00  1.05387e+00
 2.02954e+03  1.05187e+00  1.05144e+00
 2.02956e+03  1.05937e+00  1.04898e+00
 2.02958e+03  1.05398e+00  1.04652e+00
 2.02960e+03  1.04848e+00  1.04407e+00
 2.02962e+03  1.05099e+00  1.04162e+00
 2.02964e+03  1.06111e+00  1.03920e+00
 2.02966e+03  1.04398e+00  1.03682e+00
 2.02968e+03  1.04064e+00  1.03447e+00
 2.02970e+03  1.04347e+00  1.03218e+00
 2.02972e+03  1.04179e+00  1.02993e+00
 2.02974e+03  1.03546e+00  1.02774e+00
 2.02977e+03  1.03751e+00  1.02562e+00
 2.02979e+03  1.03390e+00  1.02356e+00
 2.02981e+03  1.03472e+00  1.02157e+00
 2.02983e+03  1.02538e+00  1.01965e+00
 2.02985e+03  1.02170e+00  1.01781e+00
 2.02987e+03  1.02368e+00  1.01603e+00
 2.02991e+03  1.01443e+00  1.01271e+00
 2.02993e+03  1.01947e+00  1.01116e+00
 2.02995e+03  1.01984e+00  1.00968e+00
 2.02997e+03  1.00781e+00  1.00828e+00
 2.02999e+03  1.00552e+00  1.00695e+00
 2.03002e+03  1.00675e+00  1.00569e+00
 2.03004e+03  1.01167e+00  1.00450e+00
 2.03006e+03  9.99291e-01  1.00337e+00
 2.03010e+03  1.00821e+00  1.00131e+00
 2.03012e+03  1.00572e+00  1.00037e+00
 2.03014e+03  1.00254e+00  9.99498e-01
 2.03016e+03  9.88880e-01  9.98679e-01
 2.03022e+03  9.85504e-01  9.96534e-01
 2.03024e+03  9.80600e-01  9.95916e-01
 2.03027e+03  9.76968e-01  9.95346e-01
 2.03029e+03  9.76286e-01  9.94820e-01
 2.03031e+03  9.73483e-01  9.94333e-01
 2.03033e+03  9.74001e-01  9.93887e-01
 2.03035e+03  9.73497e-01  9.93479e-01
 2.03037e+03  9.81242e-01  9.93104e-01
 2.03039e+03  9.79091e-01  9.92765e-01
 2.03041e+03  9.81155e-01  9.92457e-01
 2.03043e+03  9.80067e-01  9.92178e-01
 2.03045e+03  9.86354e-01  9.91928e-01
 2.03047e+03  9.87663e-01  9.91706e-01
 2.03049e+03  9.85401e-01  9.91507e-01
 2.03054e+03  9.98078e-01  9.91180e-01
 2.03056e+03  9.98078e-01  9.91048e-01
 2.03058e+03  9.93105e-01  9.90937e-01
 2.03060e+03  9.92703e-01  9.90843e-01
 2.03062e+03  9.94943e-01  9.90766e-01
 2.03064e+03  9.97626e-01  9.90706e-01
 2.03066e+03  9.99102e-01  9.90661e-01
 2.03068e+03  9.95925e-01  9.90629e-01
 2.03072e+03  9.98935e-01  9.90604e-01
 2.03074e+03  9.91919e-01  9.90609e-01
 2.03077e+03  9.93690e-01  9.90624e-01
 2.03079e+03  9.93970e-01  9.90648e-01
 2.03081e+03  9.91810e-01  9.90682e-01
 2.03083e+03  1.00137e+00  9.90724e-01
 2.03085e+03  9.96914e-01  9.90774e-01
 2.03087e+03  1.00702e+00  9.90831e-01
 2.03089e+03  1.00407e+00  9.90894e-01
 2.03091e+03  9.99246e-01  9.90963e-01
 2.03093e+03  1.00198e+00  9.91038e-01
 2.03095e+03  1.00390e+00  9.91117e-01
 2.03097e+03  1.00437e+00  9.91201e-01
 2.03099e+03  1.00202e+00  9.91289e-01
 2.03102e+03  9.97239e-01  9.91381e-01
 2.03104e+03  1.01975e+00  9.91475e-01
 2.03106e+03  1.00338e+00  9.91574e-01
 2.03108e+03  1.00290e+00  9.91674e-01
 2.03110e+03  1.00519e+00  9.91777e-01
 2.03112e+03  1.00987e+00  9.91883e-01
 2.03114e+03  1.00539e+00  9.91990e-01
 2.03116e+03  1.00971e+00  9.92098e-01
 2.03118e+03  1.01868e+00  9.92208e-01
 2.03120e+03  1.01380e+00  9.92319e-01
 2.03122e+03  1.01703e+00  9.92431e-01
 2.03124e+03  1.00689e+00  9.92544e-01
 2.03127e+03  1.01232e+00  9.92657e-01
 2.03129e+03  1.01649e+00  9.92771e-01
 2.03131e+03  1.00983e+00  9.92885e-01
 2.03133e+03  1.00923e+00  9.92999e-01
 2.03135e+03  1.01233e+00  9.93113e-01
 2.03137e+03  1.01711e+00  9.93228e-01
 2.03139e+03  1.00844e+00  9.93342e-01
 2.03143e+03  1.00968e+00  9.93569e-01
 2.03145e+03  1.00606e+00  9.93681e-01
 2.03149e+03  1.00311e+00  9.93905e-01
 2.03152e+03  1.01358e+00  9.94016e-01
 2.03154e+03  1.00072e+00  9.94126e-01
 2.03156e+03  9.99436e-01  9.94235e-01
 2.03160e+03  1.00504e+00  9.94451e-01
 2.03162e+03  9.91855e-01  9.94558e-01
 2.03164e+03  9.89164e-01  9.94663e-01
 2.03166e+03  9.92166e-01  9.94768e-01
 2.03168e+03  9.96560e-01  9.94871e-01
 2.03170e+03  9.87817e-01  9.94974e-01
 2.03172e+03  9.89351e-01  9.95075e-01
 2.03174e+03  9.89094e-01  9.95175e-01
 2.03177e+03  9.80847e-01  9.95274e-01
 2.03179e+03  9.82536e-01  9.95372e-01
 2.03181e+03  9.73820e-01  9.95469e-01
 2.03183e+03  9.79946e-01  9.95565e-01
 2.03185e+03  9.78456e-01  9.95659e-01
 2.03187e+03  9.75146e-01  9.95753e-01
 2.03189e+03  9.73427e-01  9.95845e-01
 2.03191e+03  9.75845e-01  9.95936e-01
 2.03193e+03  9.68964e-01  9.96026e-01
 2.03195e+03  9.71732e-01  9.96114e-01
 2.03197e+03  9.70490e-01  9.96201e-01
 2.03199e+03  9.75679e-01  9.96288e-01
 2.03202e+03  9.69679e-01  9.96373e-01
 2.03204e+03  9.63094e-01  9.96457e-01
 2.03206e+03  9.70790e-01  9.96540e-01
 2.03208e+03  9.72413e-01  9.96621e-01
 2.03210e+03  9.68572e-01  9.96701e-01
 2.03212e+03  9.71570e-01  9.96781e-01
 2.03214e+03  9.67611e-01  9.96859e-01
 2.03216e+03  9.81368e-01  9.96935e-01
 2.03218e+03  9.75955e-01  9.97012e-01
 2.03220e+03  9.71156e-01  9.97086e-01
 2.03222e+03  9.64251e-01  9.97160e-01
 2.03224e+03  9.60995e-01  9.97232e-01
 2.03227e+03  9.52307e-01  9.97304e-01
 2.03229e+03  9.58628e-01  9.97374e-01
 2.03237e+03  9.57336e-01  9.97645e-01
 2.03239e+03  9.56106e-01  9.97711e-01
 2.03243e+03  9.64238e-01  9.97838e-01
 2.03247e+03  9.65223e-01  9.97962e-01
 2.03254e+03  9.78230e-01  9.98140e-01
 2.03256e+03  9.93115e-01  9.98198e-01
 2.03262e+03  1.00355e+00  9.98366e-01
 2.03266e+03  1.01967e+00  9.98473e-01
 2.03270e+03  1.01686e+00  9.98577e-01
 2.03272e+03  1.01395e+00  9.98628e-01
 2.03274e+03  1.02880e+00  9.98678e-01
 2.03279e+03  1.02690e+00  9.98776e-01
 2.03281e+03  1.03045e+00  9.98824e-01
 2.03283e+03  1.02809e+00  9.98871e-01
 2.03287e+03  1.03541e+00  9.98962e-01
 2.03291e+03  1.03073e+00  9.99051e-01
 2.03295e+03  1.04747e+00  9.99138e-01
 2.03299e+03  1.05852e+00  9.99221e-01
 2.03304e+03  1.04365e+00  9.99302e-01
 2.03306e+03  1.06212e+00  9.99342e-01
 2.03308e+03  1.05016e+00  9.99381e-01
 2.03312e+03  1.05172e+00  9.99457e-01
 2.03318e+03  1.05638e+00  9.99567e-01
 2.03322e+03  1.06571e+00  9.99637e-01
 2.03324e+03  1.06809e+00  9.99672e-01
 2.03331e+03  1.06495e+00  9.99772e-01
 2.03335e+03  1.06430e+00  9.99836e-01
 2.03339e+03  1.07083e+00  9.99898e-01
 2.03343e+03  1.06661e+00  9.99958e-01
 2.03347e+03  1.06615e+00  1.00002e+00
 2.03354e+03  1.06253e+00  1.00010e+00
 2.03356e+03  1.06151e+00  1.00013e+00
 2.03362e+03  1.05536e+00  1.00021e+00
 2.03364e+03  1.05459e+00  1.00023e+00
 2.03368e+03  1.04936e+00  1.00028e+00
 2.03370e+03  1.05242e+00  1.00031e+00
 2.03379e+03  1.04277e+00  1.00040e+00
 2.03383e+03  1.04473e+00  1.00045e+00
 2.03385e+03  1.03631e+00  1.00047e+00
 2.03393e+03  1.03060e+00  1.00056e+00
 2.03395e+03  1.02969e+00  1.00058e+00
 2.03399e+03  1.01467e+00  1.00062e+00
 2.03408e+03  1.01163e+00  1.00069e+00
 2.03410e+03  1.02003e+00  1.00071e+00
 2.03412e+03  1.00994e+00  1.00073e+00
 2.03416e+03  1.00882e+00  1.00077e+00
 2.03418e+03  1.01120e+00  1.00078e+00
 2.03422e+03  1.00344e+00  1.00082e+00
 2.03427e+03  1.01463e+00  1.00085e+00
 2.03431e+03  9.99187e-01  1.00089e+00
 2.03433e+03  9.99897e-01  1.00090e+00
 2.03435e+03  9.97903e-01  1.00092e+00
 2.03441e+03  9.82262e-01  1.00096e+00
 2.03443e+03  9.84947e-01  1.00098e+00
 2.03449e+03  9.73241e-01  1.00102e+00
 2.03454e+03  9.73419e-01  1.00105e+00
 2.03456e+03  9.73649e-01  1.00106e+00
 2.03458e+03  9.79130e-01  1.00108e+00
 2.03462e+03  9.80067e-01  1.00110e+00
 2.03466e+03  9.90776e-01  1.00113e+00
 2.03468e+03  9.96202e-01  1.00114e+00
 2.03470e+03  9.91843e-01  1.00115e+00
 2.03474e+03  9.99789e-01  1.00118e+00
 2.03479e+03  9.96942e-01  1.00120e+00
 2.03483e+03  1.00044e+00  1.00122e+00
 2.03489e+03  1.00619e+00  1.00126e+00
 2.03495e+03  9.96708e-01  1.00129e+00
 2.03497e+03  9.97464e-01  1.00130e+00
 2.03502e+03  9.99948e-01  1.00132e+00
 2.03504e+03  1.00165e+00  1.00133e+00
 2.03506e+03  1.00374e+00  1.00134e+00
 2.03508e+03  1.01374e+00  1.00135e+00
 2.03510e+03  1.01702e+00  1.00136e+00
 2.03512e+03  1.01496e+00  1.00137e+00
