212
 1.84398e-01  9.99631e-01  1.00031e+00
 3.96496e-01  1.00046e+00  1.00032e+00
 5.15256e-01  1.00116e+00  1.00032e+00
 6.25666e-01  9.99809e-01  1.00032e+00
 7.40119e-01  9.99370e-01  1.00033e+00
 8.44416e-01  9.99909e-01  1.00033e+00
 9.48586e-01  9.99336e-01  1.00034e+00
 1.05692e+00  9.99577e-01  1.00034e+00
 1.16929e+00  9.98574e-01  1.00034e+00
 1.28609e+00  9.98877e-01  1.00035e+00
 1.39651e+00  9.99072e-01  1.00035e+00
 1.50067e+00  9.99671e-01  1.00035e+00
 1.60484e+00  9.99746e-01  1.00036e+00
 1.70901e+00  9.99985e-01  1.00036e+00
 1.81317e+00  1.00029e+00  1.00037e+00
 1.91734e+00  1.00075e+00  1.00037e+00
 2.02151e+00  1.00045e+00  1.00037e+00
 2.12970e+00  1.00163e+00  1.00038e+00
 2.24872e+00  1.00099e+00  1.00038e+00
 2.35679e+00  1.00066e+00  1.00038e+00
 2.46942e+00  1.00008e+00  1.00039e+00
 2.57984e+00  1.00059e+00  1.00039e+00
 2.71747e+00  9.90457e-01  1.00040e+00
 2.86526e+00  9.97994e-01  1.00040e+00
 2.96942e+00  1.00028e+00  1.00040e+00
 3.07997e+00  1.00198e+00  1.00041e+00
 3.20262e+00  1.00449e+00  1.00041e+00
 3.32555e+00  1.00598e+00  1.00042e+00
 3.44430e+00  1.00458e+00  1.00042e+00
 3.56304e+00  1.00383e+00  1.00042e+00
 3.69221e+00  1.00352e+00  1.00043e+00
 3.84638e+00  1.00281e+00  1.00043e+00
 3.96942e+00  1.00171e+00  1.00044e+00
 4.08192e+00  1.00041e+00  1.00044e+00
 4.18818e+00  9.99826e-01  1.00045e+00
 4.30496e+00  1.00077e+00  1.00045e+00
 4.41734e+00  9.99839e-01  1.00045e+00
 4.52150e+00  1.00028e+00  1.00046e+00
 4.63180e+00  1.00039e+00  1.00046e+00
 4.74026e+00  9.99900e-01  1.00046e+00
 4.84442e+00  1.00013e+00  1.00047e+00
 4.94859e+00  9.99877e-01  1.00047e+00
 5.05276e+00  9.99294e-01  1.00047e+00
 5.16121e+00  9.99653e-01  1.00048e+00
 5.27150e+00  9.90445e-01  1.00048e+00
 5.37984e+00  9.91699e-01  1.00048e+00
 5.49026e+00  9.99002e-01  1.00049e+00
 5.59442e+00  1.00014e+00  1.00049e+00
 5.69859e+00  1.00203e+00  1.00049e+00
 5.80276e+00  1.00368e+00  1.00050e+00
 5.90692e+00  1.00544e+00  1.00050e+00
 6.01109e+00  1.00444e+00  1.00050e+00
 6.11526e+00  1.00321e+00  1.00050e+00
 6.21942e+00  1.00208e+00  1.00051e+00
 6.32359e+00  1.00130e+00  1.00051e+00
 6.42776e+00  1.00017e+00  1.00051e+00
 6.53192e+00  9.99709e-01  1.00052e+00
 6.63609e+00  9.99953e-01  1.00052e+00
 6.74026e+00  1.00005e+00  1.00052e+00
 6.85079e+00  9.99956e-01  1.00052e+00
 6.95900e+00  9.99745e-01  1.00053e+00
 7.06943e+00  9.99412e-01  1.00053e+00
 7.17776e+00  1.00003e+00  1.00053e+00
 7.28192e+00  1.00051e+00  1.00053e+00
 7.38609e+00  1.00044e+00  1.00054e+00
 7.49026e+00  1.00096e+00  1.00054e+00
 7.59442e+00  1.00028e+00  1.00054e+00
 7.69859e+00  1.00059e+00  1.00054e+00
 7.80276e+00  1.00090e+00  1.00054e+00
 7.91735e+00  1.00101e+00  1.00055e+00
 8.03609e+00  1.00118e+00  1.00055e+00
 8.18412e+00  9.99001e-01  1.00055e+00
 8.31109e+00  9.88340e-01  1.00055e+00
 8.44466e+00  9.91863e-01  1.00056e+00
 8.56317e+00  9.95291e-01  1.00056e+00
 8.67359e+00  9.96756e-01  1.00056e+00
 8.78193e+00  9.99520e-01  1.00056e+00
 8.88609e+00  9.65845e-01  1.00056e+00
 8.99454e+00  8.82221e-01  1.00056e+00
 9.12567e+00  9.86655e-01  1.00057e+00
 9.24859e+00  9.58035e-01  1.00057e+00
 9.35484e+00  9.28100e-01  1.00057e+00
 9.45901e+00  9.56871e-01  1.00057e+00
 9.56942e+00  1.00276e+00  1.00057e+00
 9.67775e+00  1.00887e+00  1.00057e+00
 9.78193e+00  1.00229e+00  1.00057e+00
 9.89442e+00  1.00442e+00  1.00057e+00
 1.00007e+01  1.00846e+00  1.00057e+00
 1.01048e+01  1.00809e+00  1.00057e+00
 1.02111e+01  1.01137e+00  1.00057e+00
 1.03236e+01  1.01212e+00  1.00057e+00
 1.04277e+01  1.01001e+00  1.00057e+00
 1.05403e+01  1.00702e+00  1.00057e+00
 1.06465e+01  1.00645e+00  1.00057e+00
 1.07507e+01  1.00457e+00  1.00057e+00
 1.08548e+01  9.95045e-01  1.00057e+00
 1.09609e+01  9.92659e-01  1.00057e+00
 1.10736e+01  1.00038e+00  1.00057e+00
 1.11777e+01  9.97867e-01  1.00056e+00
 1.12819e+01  9.96250e-01  1.00056e+00
 1.13965e+01  9.93341e-01  1.00056e+00
 1.15006e+01  9.91392e-01  1.00056e+00
 1.16048e+01  9.87474e-01  1.00056e+00
 1.17605e+01  9.89669e-01  9.90025e-01
 1.27772e+01  9.93644e-01  1.00052e+00
 1.34022e+01  9.97654e-01  1.00049e+00
 3.68795e-01  9.99631e-01  1.00031e+00
 7.92992e-01  1.00046e+00  1.00033e+00
 1.03051e+00  1.00116e+00  1.00034e+00
 1.25133e+00  9.99809e-01  1.00035e+00
 1.48024e+00  9.99370e-01  1.00035e+00
 1.68883e+00  9.99909e-01  1.00036e+00
 1.89717e+00  9.99336e-01  1.00037e+00
 2.11383e+00  9.99577e-01  1.00038e+00
 2.33858e+00  9.98574e-01  1.00038e+00
 2.57217e+00  9.98877e-01  1.00039e+00
 2.79301e+00  9.99072e-01  1.00040e+00
 3.00133e+00  9.99671e-01  1.00041e+00
 3.20967e+00  9.99746e-01  1.00041e+00
 3.41801e+00  9.99985e-01  1.00042e+00
 3.62633e+00  1.00029e+00  1.00043e+00
 3.83467e+00  1.00075e+00  1.00043e+00
 4.04301e+00  1.00045e+00  1.00044e+00
 4.25940e+00  1.00163e+00  1.00045e+00
 4.49745e+00  1.00099e+00  1.00046e+00
 4.71358e+00  1.00066e+00  1.00046e+00
 4.93883e+00  1.00008e+00  1.00047e+00
 5.15967e+00  1.00059e+00  1.00048e+00
 5.43495e+00  9.90457e-01  1.00048e+00
 5.73051e+00  9.97994e-01  1.00049e+00
 5.93883e+00  1.00028e+00  1.00050e+00
 6.15995e+00  1.00198e+00  1.00051e+00
 6.40524e+00  1.00449e+00  1.00051e+00
 6.65110e+00  1.00598e+00  1.00052e+00
 6.88860e+00  1.00458e+00  1.00052e+00
 7.12608e+00  1.00383e+00  1.00053e+00
 7.38442e+00  1.00352e+00  1.00054e+00
 7.69276e+00  1.00281e+00  1.00054e+00
 7.93883e+00  1.00171e+00  1.00055e+00
 8.16383e+00  1.00041e+00  1.00055e+00
 8.37635e+00  9.99826e-01  1.00056e+00
 8.60993e+00  1.00077e+00  1.00056e+00
 8.83467e+00  9.99839e-01  1.00056e+00
 9.04299e+00  1.00028e+00  1.00056e+00
 9.26360e+00  1.00039e+00  1.00057e+00
 9.48051e+00  9.99900e-01  1.00057e+00
 9.68883e+00  1.00013e+00  1.00057e+00
 9.89717e+00  9.99877e-01  1.00057e+00
 1.01055e+01  9.99294e-01  1.00057e+00
 1.03224e+01  9.99653e-01  1.00057e+00
 1.05430e+01  9.90445e-01  1.00057e+00
 1.07597e+01  9.91699e-01  1.00057e+00
 1.09805e+01  9.99002e-01  1.00057e+00
 1.11888e+01  1.00014e+00  1.00056e+00
 1.13972e+01  1.00203e+00  1.00056e+00
 1.16055e+01  1.00368e+00  1.00056e+00
 1.18138e+01  1.00544e+00  1.00055e+00
 1.20222e+01  1.00444e+00  1.00055e+00
 1.22305e+01  1.00321e+00  1.00054e+00
 1.24388e+01  1.00208e+00  1.00053e+00
 1.26472e+01  1.00130e+00  1.00053e+00
 1.28555e+01  1.00017e+00  1.00052e+00
 1.30638e+01  9.99709e-01  1.00051e+00
 1.32722e+01  9.99953e-01  1.00050e+00
 1.34805e+01  1.00005e+00  1.00049e+00
 1.37016e+01  9.99956e-01  1.00048e+00
 1.39180e+01  9.99745e-01  1.00047e+00
 1.41389e+01  9.99412e-01  1.00045e+00
 1.43555e+01  1.00003e+00  1.00044e+00
 1.45638e+01  1.00051e+00  1.00043e+00
 1.47722e+01  1.00044e+00  1.00041e+00
 1.49805e+01  1.00096e+00  1.00040e+00
 1.51888e+01  1.00028e+00  1.00039e+00
 1.53972e+01  1.00059e+00  1.00038e+00
 1.56055e+01  1.00090e+00  1.00037e+00
 1.58347e+01  1.00101e+00  1.00037e+00
 1.60722e+01  1.00118e+00  1.00037e+00
 1.63682e+01  9.99001e-01  1.00038e+00
 1.66222e+01  9.88340e-01  1.00039e+00
 1.68893e+01  9.91863e-01  1.00043e+00
 1.71263e+01  9.95291e-01  1.00048e+00
 1.73472e+01  9.96756e-01  1.00055e+00
 1.75639e+01  9.99520e-01  1.00064e+00
 1.77722e+01  9.65845e-01  1.00075e+00
 1.79891e+01  8.82221e-01  1.00090e+00
 1.82513e+01  9.86655e-01  1.00113e+00
 1.84972e+01  9.58035e-01  1.00142e+00
 1.87097e+01  9.28100e-01  1.00173e+00
 1.89180e+01  9.56871e-01  1.00209e+00
 1.91388e+01  1.00276e+00  1.00255e+00
 1.93555e+01  1.00887e+00  1.00308e+00
 1.95639e+01  1.00229e+00  1.00367e+00
 1.97888e+01  1.00442e+00  1.00437e+00
 2.00013e+01  1.00846e+00  1.00509e+00
 2.02097e+01  1.00809e+00  1.00580e+00
 2.04222e+01  1.01137e+00  1.00650e+00
 2.06472e+01  1.01212e+00  1.00711e+00
 2.08555e+01  1.01001e+00  1.00748e+00
 2.10805e+01  1.00702e+00  1.00752e+00
 2.12930e+01  1.00645e+00  1.00711e+00
 2.15013e+01  1.00457e+00  1.00619e+00
 2.17097e+01  9.95045e-01  1.00471e+00
 2.19219e+01  9.92659e-01  1.00264e+00
 2.21471e+01  1.00038e+00  9.99946e-01
 2.23555e+01  9.97867e-01  9.97198e-01
 2.25638e+01  9.96250e-01  9.94441e-01
 2.27930e+01  9.93341e-01  9.91685e-01
 2.30013e+01  9.91392e-01  9.89648e-01
 2.32097e+01  9.87474e-01  9.88189e-01
 2.35210e+01  9.89669e-01  9.87159e-01
 2.55543e+01  9.93644e-01  9.95281e-01
 2.68043e+01  9.97654e-01  9.98521e-01
