2235
 1.68339e+03  1.00660e+00  1.00014e+00
 1.68341e+03  1.00077e+00  1.00014e+00
 1.68343e+03  9.97247e-01  1.00014e+00
 1.68347e+03  9.96137e-01  1.00014e+00
 1.68349e+03  9.97489e-01  1.00014e+00
 1.68351e+03  9.98678e-01  1.00014e+00
 1.68353e+03  9.99202e-01  1.00014e+00
 1.68366e+03  9.98472e-01  1.00014e+00
 1.68368e+03  9.99285e-01  1.00014e+00
 1.68370e+03  9.98534e-01  1.00014e+00
 1.68374e+03  9.97786e-01  1.00014e+00
 1.68376e+03  9.97775e-01  1.00014e+00
 1.68378e+03  9.97422e-01  1.00014e+00
 1.68381e+03  9.98507e-01  1.00014e+00
 1.68383e+03  9.98180e-01  1.00014e+00
 1.68385e+03  9.97635e-01  1.00014e+00
 1.68387e+03  9.97867e-01  1.00014e+00
 1.68393e+03  9.97975e-01  1.00014e+00
 1.68395e+03  9.97491e-01  1.00014e+00
 1.68397e+03  9.98361e-01  1.00014e+00
 1.68399e+03  9.98153e-01  1.00014e+00
 1.68401e+03  9.98854e-01  1.00014e+00
 1.68403e+03  9.98478e-01  1.00014e+00
 1.68408e+03  9.97982e-01  1.00014e+00
 1.68412e+03  9.98457e-01  1.00014e+00
 1.68414e+03  1.00077e+00  1.00014e+00
 1.68416e+03  9.99354e-01  1.00014e+00
 1.68418e+03  9.99886e-01  1.00014e+00
 1.68420e+03  9.99639e-01  1.00014e+00
 1.68422e+03  1.00075e+00  1.00014e+00
 1.68426e+03  1.00209e+00  1.00014e+00
 1.68428e+03  1.00184e+00  1.00014e+00
 1.68431e+03  1.00139e+00  1.00014e+00
 1.68433e+03  1.00338e+00  1.00014e+00
 1.68435e+03  1.00331e+00  1.00014e+00
 1.68437e+03  1.00384e+00  1.00014e+00
 1.68439e+03  1.00368e+00  1.00014e+00
 1.68441e+03  1.00380e+00  1.00014e+00
 1.68443e+03  1.00355e+00  1.00014e+00
 1.68445e+03  1.00464e+00  1.00014e+00
 1.68447e+03  1.00557e+00  1.00014e+00
 1.68451e+03  1.00464e+00  1.00014e+00
 1.68453e+03  1.00520e+00  1.00014e+00
 1.68456e+03  1.00488e+00  1.00014e+00
 1.68458e+03  1.00487e+00  1.00014e+00
 1.68460e+03  1.00480e+00  1.00014e+00
 1.68462e+03  1.00418e+00  1.00014e+00
 1.68464e+03  1.00457e+00  1.00014e+00
 1.68466e+03  1.00344e+00  1.00014e+00
 1.68468e+03  1.00399e+00  1.00014e+00
 1.68470e+03  1.00302e+00  1.00014e+00
 1.68472e+03  1.00275e+00  1.00014e+00
 1.68474e+03  1.00270e+00  1.00014e+00
 1.68476e+03  1.00282e+00  1.00014e+00
 1.68478e+03  1.00104e+00  1.00014e+00
 1.68481e+03  1.00140e+00  1.00014e+00
 1.68483e+03  1.00105e+00  1.00014e+00
 1.68485e+03  1.00059e+00  1.00014e+00
 1.68487e+03  1.00155e+00  1.00014e+00
 1.68489e+03  9.99808e-01  1.00014e+00
 1.68491e+03  1.00101e+00  1.00014e+00
 1.68493e+03  1.00087e+00  1.00014e+00
 1.68495e+03  1.00044e+00  1.00014e+00
 1.68497e+03  9.99691e-01  1.00014e+00
 1.68501e+03  9.99895e-01  1.00014e+00
 1.68503e+03  9.99245e-01  1.00014e+00
 1.68506e+03  9.99779e-01  1.00014e+00
 1.68508e+03  9.99773e-01  1.00014e+00
 1.68510e+03  9.99330e-01  1.00014e+00
 1.68512e+03  9.99521e-01  1.00014e+00
 1.68514e+03  9.99583e-01  1.00014e+00
 1.68516e+03  9.99449e-01  1.00014e+00
 1.68518e+03  9.99726e-01  1.00014e+00
 1.68520e+03  9.99824e-01  1.00014e+00
 1.68522e+03  9.99712e-01  1.00014e+00
 1.68524e+03  9.99722e-01  1.00014e+00
 1.68526e+03  1.00004e+00  1.00014e+00
 1.68528e+03  9.99479e-01  1.00014e+00
 1.68531e+03  9.99982e-01  1.00014e+00
 1.68533e+03  9.99478e-01  1.00014e+00
 1.68535e+03  9.99353e-01  1.00014e+00
 1.68537e+03  9.99064e-01  1.00014e+00
 1.68539e+03  9.99034e-01  1.00014e+00
 1.68541e+03  9.99294e-01  1.00014e+00
 1.68543e+03  9.99651e-01  1.00014e+00
 1.68545e+03  9.99645e-01  1.00014e+00
 1.68549e+03  9.99546e-01  1.00014e+00
 1.68551e+03  1.00007e+00  1.00014e+00
 1.68553e+03  9.99924e-01  1.00014e+00
 1.68556e+03  9.99710e-01  1.00014e+00
 1.68558e+03  9.98797e-01  1.00014e+00
 1.68560e+03  1.00002e+00  1.00014e+00
 1.68562e+03  9.99645e-01  1.00014e+00
 1.68564e+03  9.99587e-01  1.00014e+00
 1.68566e+03  9.98768e-01  1.00014e+00
 1.68568e+03  9.98969e-01  1.00014e+00
 1.68570e+03  9.98511e-01  1.00014e+00
 1.68572e+03  9.99608e-01  1.00014e+00
 1.68574e+03  9.98705e-01  1.00014e+00
 1.68576e+03  9.99529e-01  1.00014e+00
 1.68578e+03  1.00049e+00  1.00014e+00
 1.68581e+03  9.99606e-01  1.00014e+00
 1.68583e+03  9.99154e-01  1.00014e+00
 1.68585e+03  9.99525e-01  1.00014e+00
 1.68587e+03  9.99572e-01  1.00014e+00
 1.68589e+03  1.00036e+00  1.00014e+00
 1.68591e+03  9.99971e-01  1.00014e+00
 1.68593e+03  9.99210e-01  1.00014e+00
 1.68595e+03  9.99805e-01  1.00014e+00
 1.68597e+03  9.99347e-01  1.00014e+00
 1.68601e+03  1.00007e+00  1.00014e+00
 1.68603e+03  9.99580e-01  1.00014e+00
 1.68606e+03  9.99681e-01  1.00014e+00
 1.68608e+03  9.99798e-01  1.00014e+00
 1.68610e+03  1.00035e+00  1.00014e+00
 1.68612e+03  9.99779e-01  1.00014e+00
 1.68614e+03  9.99495e-01  1.00014e+00
 1.68616e+03  9.99684e-01  1.00014e+00
 1.68618e+03  1.00009e+00  1.00014e+00
 1.68620e+03  9.99397e-01  1.00014e+00
 1.68622e+03  1.00034e+00  1.00014e+00
 1.68624e+03  9.99760e-01  1.00014e+00
 1.68626e+03  1.00008e+00  1.00014e+00
 1.68628e+03  9.99861e-01  1.00014e+00
 1.68631e+03  1.00011e+00  1.00014e+00
 1.68633e+03  9.99605e-01  1.00014e+00
 1.68635e+03  9.99450e-01  1.00014e+00
 1.68637e+03  1.00007e+00  1.00014e+00
 1.68639e+03  1.00006e+00  1.00014e+00
 1.68641e+03  9.99943e-01  1.00014e+00
 1.68643e+03  9.99567e-01  1.00014e+00
 1.68647e+03  9.98951e-01  1.00014e+00
 1.68649e+03  1.00028e+00  1.00014e+00
 1.68651e+03  9.99943e-01  1.00014e+00
 1.68653e+03  1.00004e+00  1.00014e+00
 1.68656e+03  9.99651e-01  1.00014e+00
 1.68658e+03  9.99386e-01  1.00014e+00
 1.68660e+03  9.99294e-01  1.00014e+00
 1.68662e+03  1.00014e+00  1.00014e+00
 1.68666e+03  1.00027e+00  1.00014e+00
 1.68668e+03  1.00014e+00  1.00014e+00
 1.68670e+03  1.00015e+00  1.00014e+00
 1.68672e+03  1.00029e+00  1.00014e+00
 1.68674e+03  9.99936e-01  1.00014e+00
 1.68676e+03  1.00015e+00  1.00014e+00
 1.68678e+03  1.00008e+00  1.00014e+00
 1.68681e+03  9.99911e-01  1.00014e+00
 1.68683e+03  1.00031e+00  1.00014e+00
 1.68685e+03  1.00023e+00  1.00014e+00
 1.68687e+03  1.00068e+00  1.00014e+00
 1.68689e+03  9.99344e-01  1.00014e+00
 1.68691e+03  9.99966e-01  1.00014e+00
 1.68693e+03  9.99596e-01  1.00014e+00
 1.68695e+03  1.00020e+00  1.00014e+00
 1.68697e+03  1.00028e+00  1.00014e+00
 1.68699e+03  9.99658e-01  1.00014e+00
 1.68701e+03  9.99728e-01  1.00014e+00
 1.68703e+03  9.99737e-01  1.00014e+00
 1.68706e+03  9.99390e-01  1.00014e+00
 1.68708e+03  1.00016e+00  1.00014e+00
 1.68710e+03  9.99897e-01  1.00014e+00
 1.68712e+03  9.99975e-01  1.00014e+00
 1.68714e+03  9.99725e-01  1.00014e+00
 1.68716e+03  9.98935e-01  1.00014e+00
 1.68718e+03  9.99719e-01  1.00014e+00
 1.68720e+03  9.99295e-01  1.00014e+00
 1.68722e+03  1.00010e+00  1.00014e+00
 1.68724e+03  1.00042e+00  1.00014e+00
 1.68726e+03  1.00011e+00  1.00014e+00
 1.68728e+03  9.99418e-01  1.00014e+00
 1.68731e+03  9.99281e-01  1.00014e+00
 1.68733e+03  9.98873e-01  1.00014e+00
 1.68735e+03  9.99589e-01  1.00014e+00
 1.68737e+03  9.99112e-01  1.00014e+00
 1.68739e+03  9.98853e-01  1.00014e+00
 1.68741e+03  9.98911e-01  1.00014e+00
 1.68743e+03  1.00000e+00  1.00014e+00
 1.68745e+03  9.99414e-01  1.00014e+00
 1.68747e+03  9.99921e-01  1.00014e+00
 1.68749e+03  9.99573e-01  1.00014e+00
 1.68751e+03  9.99879e-01  1.00014e+00
 1.68753e+03  9.99915e-01  1.00014e+00
 1.68758e+03  9.98893e-01  1.00014e+00
 1.68760e+03  9.98451e-01  1.00014e+00
 1.68762e+03  9.98206e-01  1.00015e+00
 1.68764e+03  9.98185e-01  1.00015e+00
 1.68766e+03  9.98652e-01  1.00015e+00
 1.68768e+03  9.98723e-01  1.00015e+00
 1.68770e+03  9.99543e-01  1.00015e+00
 1.68772e+03  9.99118e-01  1.00015e+00
 1.68774e+03  9.99205e-01  1.00015e+00
 1.68776e+03  9.99590e-01  1.00015e+00
 1.68778e+03  9.99371e-01  1.00015e+00
 1.68781e+03  9.99156e-01  1.00015e+00
 1.68783e+03  9.99922e-01  1.00015e+00
 1.68785e+03  9.98947e-01  1.00015e+00
 1.68787e+03  9.98810e-01  1.00015e+00
 1.68789e+03  9.98344e-01  1.00015e+00
 1.68795e+03  9.99569e-01  1.00015e+00
 1.68799e+03  9.99822e-01  1.00015e+00
 1.68801e+03  1.00017e+00  1.00015e+00
 1.68803e+03  1.00006e+00  1.00015e+00
 1.68810e+03  1.00083e+00  1.00015e+00
 1.68812e+03  1.00121e+00  1.00015e+00
 1.68814e+03  1.00047e+00  1.00015e+00
 1.68816e+03  1.00018e+00  1.00015e+00
 1.68820e+03  9.99505e-01  1.00015e+00
 1.68822e+03  9.98952e-01  1.00015e+00
 1.68824e+03  9.98791e-01  1.00015e+00
 1.68826e+03  9.99559e-01  1.00015e+00
 1.68835e+03  9.99572e-01  1.00015e+00
 1.68837e+03  9.98915e-01  1.00015e+00
 1.68839e+03  9.99940e-01  1.00015e+00
 1.68843e+03  1.00062e+00  1.00015e+00
 1.68847e+03  1.00037e+00  1.00015e+00
 1.68849e+03  1.00045e+00  1.00015e+00
 1.68853e+03  1.00010e+00  1.00015e+00
 1.68858e+03  9.99598e-01  1.00015e+00
 1.68860e+03  9.99829e-01  1.00015e+00
 1.68868e+03  9.99569e-01  1.00015e+00
 1.68870e+03  9.99496e-01  1.00015e+00
 1.68872e+03  1.00106e+00  1.00015e+00
 1.68874e+03  1.00109e+00  1.00015e+00
 1.68876e+03  1.00135e+00  1.00015e+00
 1.68878e+03  1.00088e+00  1.00015e+00
 1.68881e+03  1.00068e+00  1.00015e+00
 1.68883e+03  1.00047e+00  1.00015e+00
 1.68885e+03  1.00062e+00  1.00015e+00
 1.68887e+03  9.99538e-01  1.00015e+00
 1.68891e+03  9.99706e-01  1.00015e+00
 1.68893e+03  1.00012e+00  1.00015e+00
 1.68895e+03  9.99546e-01  1.00015e+00
 1.68897e+03  1.00058e+00  1.00015e+00
 1.68903e+03  1.00131e+00  1.00015e+00
 1.68906e+03  1.00061e+00  1.00015e+00
 1.68908e+03  1.00050e+00  1.00015e+00
 1.68916e+03  1.00068e+00  1.00015e+00
 1.68918e+03  1.00046e+00  1.00015e+00
 1.68920e+03  9.99278e-01  1.00015e+00
 1.68924e+03  1.00015e+00  1.00015e+00
 1.68926e+03  9.98711e-01  1.00015e+00
 1.68928e+03  9.99208e-01  1.00015e+00
 1.68931e+03  9.99341e-01  1.00015e+00
 1.68935e+03  9.99588e-01  1.00015e+00
 1.68937e+03  9.98721e-01  1.00015e+00
 1.68939e+03  9.98929e-01  1.00015e+00
 1.68941e+03  9.98714e-01  1.00015e+00
 1.68945e+03  9.99134e-01  1.00015e+00
 1.68947e+03  9.99517e-01  1.00015e+00
 1.68949e+03  9.99220e-01  1.00015e+00
 1.68951e+03  9.99579e-01  1.00015e+00
 1.68956e+03  9.99725e-01  1.00015e+00
 1.68958e+03  9.99102e-01  1.00015e+00
 1.68960e+03  1.00003e+00  1.00015e+00
 1.68962e+03  1.00014e+00  1.00015e+00
 1.68964e+03  9.99427e-01  1.00015e+00
 1.68966e+03  9.99276e-01  1.00015e+00
 1.68968e+03  9.99753e-01  1.00015e+00
 1.68970e+03  9.99752e-01  1.00015e+00
 1.68972e+03  9.99841e-01  1.00015e+00
 1.68974e+03  1.00006e+00  1.00015e+00
 1.68976e+03  1.00099e+00  1.00015e+00
 1.68978e+03  1.00082e+00  1.00015e+00
 1.68981e+03  1.00116e+00  1.00015e+00
 1.68983e+03  1.00090e+00  1.00015e+00
 1.68985e+03  1.00082e+00  1.00015e+00
 1.68987e+03  1.00193e+00  1.00015e+00
 1.68989e+03  1.00187e+00  1.00015e+00
 1.68991e+03  1.00223e+00  1.00015e+00
 1.68995e+03  1.00209e+00  1.00015e+00
 1.68997e+03  1.00278e+00  1.00015e+00
 1.68999e+03  1.00343e+00  1.00015e+00
 1.69003e+03  1.00376e+00  1.00015e+00
 1.69006e+03  1.00423e+00  1.00015e+00
 1.69008e+03  1.00493e+00  1.00015e+00
 1.69010e+03  1.00513e+00  1.00015e+00
 1.69012e+03  1.00605e+00  1.00015e+00
 1.69014e+03  1.00657e+00  1.00015e+00
 1.69016e+03  1.00721e+00  1.00015e+00
 1.69018e+03  1.00788e+00  1.00015e+00
 1.69020e+03  1.00678e+00  1.00015e+00
 1.69022e+03  1.00644e+00  1.00015e+00
 1.69024e+03  1.00653e+00  1.00015e+00
 1.69026e+03  1.00541e+00  1.00015e+00
 1.69028e+03  1.00502e+00  1.00015e+00
 1.69031e+03  1.00387e+00  1.00015e+00
 1.69033e+03  1.00373e+00  1.00015e+00
 1.69037e+03  1.00389e+00  1.00015e+00
 1.69039e+03  1.00361e+00  1.00015e+00
 1.69043e+03  1.00277e+00  1.00015e+00
 1.69045e+03  1.00228e+00  1.00015e+00
 1.69047e+03  1.00284e+00  1.00015e+00
 1.69049e+03  1.00248e+00  1.00015e+00
 1.69051e+03  1.00229e+00  1.00015e+00
 1.69053e+03  1.00174e+00  1.00015e+00
 1.69056e+03  1.00200e+00  1.00015e+00
 1.69058e+03  1.00159e+00  1.00015e+00
 1.69060e+03  1.00028e+00  1.00015e+00
 1.69062e+03  1.00006e+00  1.00015e+00
 1.69064e+03  9.99602e-01  1.00015e+00
 1.69066e+03  1.00017e+00  1.00015e+00
 1.69068e+03  1.00064e+00  1.00015e+00
 1.69070e+03  1.00102e+00  1.00015e+00
 1.69072e+03  1.00144e+00  1.00015e+00
 1.69074e+03  1.00173e+00  1.00015e+00
 1.69076e+03  1.00205e+00  1.00015e+00
 1.69078e+03  1.00200e+00  1.00015e+00
 1.69081e+03  1.00068e+00  1.00015e+00
 1.69083e+03  1.00034e+00  1.00015e+00
 1.69085e+03  1.00069e+00  1.00015e+00
 1.69087e+03  1.00053e+00  1.00015e+00
 1.69089e+03  1.00144e+00  1.00015e+00
 1.69091e+03  1.00218e+00  1.00015e+00
 1.69093e+03  1.00277e+00  1.00015e+00
 1.69095e+03  1.00331e+00  1.00015e+00
 1.69097e+03  1.00197e+00  1.00015e+00
 1.69099e+03  1.00161e+00  1.00015e+00
 1.69101e+03  1.00125e+00  1.00015e+00
 1.69103e+03  1.00139e+00  1.00015e+00
 1.69106e+03  1.00037e+00  1.00015e+00
 1.69108e+03  1.00011e+00  1.00015e+00
 1.69110e+03  9.98501e-01  1.00015e+00
 1.69112e+03  9.98895e-01  1.00015e+00
 1.69114e+03  9.98313e-01  1.00015e+00
 1.69116e+03  1.00035e+00  1.00015e+00
 1.69118e+03  1.00106e+00  1.00015e+00
 1.69120e+03  1.00263e+00  1.00015e+00
 1.69122e+03  1.00082e+00  1.00015e+00
 1.69124e+03  1.00138e+00  1.00015e+00
 1.69126e+03  1.00114e+00  1.00015e+00
 1.69128e+03  9.99584e-01  1.00015e+00
 1.69131e+03  9.98972e-01  1.00015e+00
 1.69133e+03  9.99233e-01  1.00015e+00
 1.69135e+03  1.00108e+00  1.00015e+00
 1.69137e+03  1.00052e+00  1.00015e+00
 1.69141e+03  1.00119e+00  1.00015e+00
 1.69143e+03  1.00166e+00  1.00015e+00
 1.69145e+03  1.00092e+00  1.00015e+00
 1.69147e+03  1.00020e+00  1.00015e+00
 1.69149e+03  1.00070e+00  1.00015e+00
 1.69151e+03  1.00130e+00  1.00015e+00
 1.69153e+03  1.00125e+00  1.00015e+00
 1.69156e+03  1.00082e+00  1.00015e+00
 1.69158e+03  1.00137e+00  1.00015e+00
 1.69160e+03  1.00282e+00  1.00015e+00
 1.69162e+03  1.00171e+00  1.00015e+00
 1.69164e+03  1.00078e+00  1.00015e+00
 1.69166e+03  9.97811e-01  1.00015e+00
 1.69168e+03  9.97467e-01  1.00015e+00
 1.69170e+03  9.97761e-01  1.00015e+00
 1.69172e+03  9.98559e-01  1.00015e+00
 1.69176e+03  9.98734e-01  1.00015e+00
 1.69181e+03  9.99551e-01  1.00015e+00
 1.69191e+03  9.99300e-01  1.00015e+00
 1.69195e+03  9.98139e-01  1.00015e+00
 1.69197e+03  1.00024e+00  1.00015e+00
 1.69199e+03  1.00002e+00  1.00015e+00
 1.69201e+03  9.99522e-01  1.00015e+00
 1.69203e+03  9.99238e-01  1.00015e+00
 1.69208e+03  1.00104e+00  1.00015e+00
 1.69212e+03  9.98928e-01  1.00015e+00
 1.69214e+03  1.00026e+00  1.00015e+00
 1.69216e+03  9.98093e-01  1.00015e+00
 1.69218e+03  1.00159e+00  1.00015e+00
 1.69220e+03  1.00265e+00  1.00015e+00
 1.69222e+03  1.00211e+00  1.00015e+00
 1.69224e+03  1.00146e+00  1.00015e+00
 1.69226e+03  9.99881e-01  1.00015e+00
 1.69228e+03  9.95788e-01  1.00015e+00
 1.69231e+03  9.93616e-01  1.00015e+00
 1.69233e+03  9.97924e-01  1.00015e+00
 1.69235e+03  1.00120e+00  1.00015e+00
 1.69237e+03  1.00336e+00  1.00015e+00
 1.69239e+03  1.00590e+00  1.00015e+00
 1.69243e+03  9.98694e-01  1.00015e+00
 1.69247e+03  9.95143e-01  1.00015e+00
 1.69251e+03  9.93284e-01  1.00015e+00
 1.69253e+03  9.98904e-01  1.00015e+00
 1.69256e+03  1.00863e+00  1.00015e+00
 1.69262e+03  1.00678e+00  1.00015e+00
 1.69264e+03  9.97543e-01  1.00015e+00
 1.69268e+03  9.99249e-01  1.00015e+00
 1.69270e+03  1.00619e+00  1.00015e+00
 1.69274e+03  1.00274e+00  1.00015e+00
 1.69278e+03  9.99115e-01  1.00015e+00
 1.69281e+03  1.00206e+00  1.00015e+00
 1.69285e+03  1.00040e+00  1.00015e+00
 1.69287e+03  1.00368e+00  1.00015e+00
 1.69289e+03  1.00286e+00  1.00015e+00
 1.69297e+03  9.98147e-01  1.00016e+00
 1.69299e+03  9.93188e-01  1.00016e+00
 1.69306e+03  1.00583e+00  1.00016e+00
 1.69308e+03  9.86989e-01  1.00016e+00
 1.69312e+03  9.91516e-01  1.00016e+00
 1.69314e+03  1.01010e+00  1.00016e+00
 1.69316e+03  1.00766e+00  1.00016e+00
 1.69318e+03  9.88599e-01  1.00016e+00
 1.69320e+03  9.90317e-01  1.00016e+00
 1.69322e+03  1.00221e+00  1.00016e+00
 1.69324e+03  1.00702e+00  1.00016e+00
 1.69326e+03  1.01022e+00  1.00016e+00
 1.69328e+03  1.00874e+00  1.00016e+00
 1.69331e+03  1.00108e+00  1.00016e+00
 1.69335e+03  9.85663e-01  1.00016e+00
 1.69337e+03  9.93054e-01  1.00016e+00
 1.69339e+03  1.00557e+00  1.00016e+00
 1.69341e+03  1.01461e+00  1.00016e+00
 1.69343e+03  1.01426e+00  1.00016e+00
 1.69345e+03  1.00342e+00  1.00016e+00
 1.69347e+03  9.76787e-01  1.00016e+00
 1.69351e+03  1.00144e+00  1.00016e+00
 1.69356e+03  9.77843e-01  1.00016e+00
 1.69360e+03  1.02180e+00  1.00016e+00
 1.69362e+03  1.02050e+00  1.00016e+00
 1.69364e+03  1.00493e+00  1.00016e+00
 1.69366e+03  9.96722e-01  1.00016e+00
 1.69368e+03  9.97705e-01  1.00016e+00
 1.69370e+03  9.97962e-01  1.00016e+00
 1.69372e+03  9.98374e-01  1.00016e+00
 1.69374e+03  1.00837e+00  1.00016e+00
 1.69376e+03  1.01488e+00  1.00016e+00
 1.69378e+03  1.00392e+00  1.00016e+00
 1.69381e+03  9.97955e-01  1.00016e+00
 1.69383e+03  9.95437e-01  1.00016e+00
 1.69385e+03  9.95840e-01  1.00016e+00
 1.69387e+03  1.00225e+00  1.00016e+00
 1.69389e+03  1.00679e+00  1.00016e+00
 1.69391e+03  1.00567e+00  1.00016e+00
 1.69393e+03  1.00452e+00  1.00016e+00
 1.69395e+03  9.97753e-01  1.00016e+00
 1.69397e+03  9.95220e-01  1.00016e+00
 1.69399e+03  9.97962e-01  1.00016e+00
 1.69401e+03  1.00030e+00  1.00016e+00
 1.69403e+03  1.00106e+00  1.00016e+00
 1.69408e+03  1.00205e+00  1.00016e+00
 1.69410e+03  1.00125e+00  1.00016e+00
 1.69412e+03  1.00130e+00  1.00016e+00
 1.69414e+03  1.00069e+00  1.00016e+00
 1.69416e+03  9.99881e-01  1.00016e+00
 1.69418e+03  9.99871e-01  1.00016e+00
 1.69420e+03  9.99963e-01  1.00016e+00
 1.69422e+03  1.00069e+00  1.00016e+00
 1.69424e+03  1.00005e+00  1.00016e+00
 1.69426e+03  1.00128e+00  1.00016e+00
 1.69428e+03  9.99803e-01  1.00016e+00
 1.69431e+03  1.00154e+00  1.00016e+00
 1.69433e+03  1.00097e+00  1.00016e+00
 1.69435e+03  1.00120e+00  1.00016e+00
 1.69437e+03  1.00131e+00  1.00016e+00
 1.69439e+03  1.00205e+00  1.00016e+00
 1.69441e+03  1.00166e+00  1.00016e+00
 1.69443e+03  1.00043e+00  1.00016e+00
 1.69445e+03  1.00050e+00  1.00016e+00
 1.69447e+03  1.00101e+00  1.00016e+00
 1.69449e+03  1.00118e+00  1.00016e+00
 1.69451e+03  1.00072e+00  1.00016e+00
 1.69453e+03  1.00106e+00  1.00016e+00
 1.69456e+03  1.00143e+00  1.00016e+00
 1.69458e+03  1.00210e+00  1.00016e+00
 1.69460e+03  1.00076e+00  1.00016e+00
 1.69462e+03  1.00144e+00  1.00016e+00
 1.69464e+03  1.00220e+00  1.00016e+00
 1.69466e+03  1.00161e+00  1.00016e+00
 1.69468e+03  9.99945e-01  1.00016e+00
 1.69470e+03  1.00035e+00  1.00016e+00
 1.69472e+03  1.00039e+00  1.00016e+00
 1.69474e+03  9.99769e-01  1.00016e+00
 1.69476e+03  9.98665e-01  1.00016e+00
 1.69478e+03  9.99072e-01  1.00016e+00
 1.69481e+03  9.99780e-01  1.00016e+00
 1.69483e+03  1.00047e+00  1.00016e+00
 1.69485e+03  9.99583e-01  1.00016e+00
 1.69487e+03  1.00001e+00  1.00016e+00
 1.69489e+03  1.00096e+00  1.00016e+00
 1.69491e+03  1.00106e+00  1.00016e+00
 1.69493e+03  1.00029e+00  1.00016e+00
 1.69495e+03  9.99714e-01  1.00016e+00
 1.69497e+03  9.99812e-01  1.00016e+00
 1.69499e+03  1.00027e+00  1.00016e+00
 1.69503e+03  9.99421e-01  1.00016e+00
 1.69508e+03  9.99696e-01  1.00016e+00
 1.69510e+03  9.98702e-01  1.00016e+00
 1.69512e+03  9.98402e-01  1.00016e+00
 1.69514e+03  9.98929e-01  1.00016e+00
 1.69516e+03  9.98618e-01  1.00016e+00
 1.69518e+03  9.99335e-01  1.00016e+00
 1.69520e+03  9.98294e-01  1.00016e+00
 1.69522e+03  9.99364e-01  1.00016e+00
 1.69524e+03  9.98706e-01  1.00016e+00
 1.69526e+03  9.98857e-01  1.00016e+00
 1.69528e+03  9.98367e-01  1.00016e+00
 1.69531e+03  9.98644e-01  1.00016e+00
 1.69533e+03  9.98214e-01  1.00016e+00
 1.69535e+03  9.98888e-01  1.00016e+00
 1.69537e+03  9.98661e-01  1.00016e+00
 1.69539e+03  9.97736e-01  1.00016e+00
 1.69541e+03  9.98910e-01  1.00016e+00
 1.69543e+03  9.99563e-01  1.00016e+00
 1.69545e+03  9.99641e-01  1.00016e+00
 1.69547e+03  9.98924e-01  1.00016e+00
 1.69549e+03  9.99347e-01  1.00016e+00
 1.69551e+03  9.99983e-01  1.00016e+00
 1.69553e+03  1.00048e+00  1.00016e+00
 1.69556e+03  1.00027e+00  1.00016e+00
 1.69558e+03  1.00020e+00  1.00016e+00
 1.69560e+03  1.00065e+00  1.00016e+00
 1.69562e+03  1.00138e+00  1.00016e+00
 1.69564e+03  1.00200e+00  1.00016e+00
 1.69566e+03  1.00156e+00  1.00016e+00
 1.69570e+03  1.00214e+00  1.00016e+00
 1.69572e+03  1.00335e+00  1.00016e+00
 1.69574e+03  1.00412e+00  1.00016e+00
 1.69576e+03  1.00448e+00  1.00016e+00
 1.69578e+03  1.00504e+00  1.00016e+00
 1.69581e+03  1.00536e+00  1.00016e+00
 1.69583e+03  1.00586e+00  1.00016e+00
 1.69585e+03  1.00548e+00  1.00016e+00
 1.69587e+03  1.00557e+00  1.00016e+00
 1.69589e+03  1.00530e+00  1.00016e+00
 1.69593e+03  1.00561e+00  1.00016e+00
 1.69595e+03  1.00499e+00  1.00016e+00
 1.69597e+03  1.00524e+00  1.00016e+00
 1.69599e+03  1.00549e+00  1.00016e+00
 1.69601e+03  1.00452e+00  1.00016e+00
 1.69603e+03  1.00369e+00  1.00016e+00
 1.69606e+03  1.00334e+00  1.00016e+00
 1.69608e+03  1.00249e+00  1.00016e+00
 1.69610e+03  1.00183e+00  1.00016e+00
 1.69612e+03  1.00046e+00  1.00016e+00
 1.69614e+03  9.99811e-01  1.00016e+00
 1.69616e+03  9.99805e-01  1.00016e+00
 1.69618e+03  9.98939e-01  1.00016e+00
 1.69620e+03  9.98278e-01  1.00016e+00
 1.69622e+03  9.98009e-01  1.00016e+00
 1.69624e+03  9.97191e-01  1.00016e+00
 1.69626e+03  9.97346e-01  1.00016e+00
 1.69628e+03  9.95848e-01  1.00016e+00
 1.69631e+03  9.96724e-01  1.00016e+00
 1.69633e+03  9.96416e-01  1.00016e+00
 1.69635e+03  9.95718e-01  1.00016e+00
 1.69637e+03  9.94987e-01  1.00016e+00
 1.69737e+03  1.00223e+00  1.00016e+00
 1.69739e+03  1.00147e+00  1.00016e+00
 1.69741e+03  1.00087e+00  1.00016e+00
 1.69743e+03  1.00041e+00  1.00016e+00
 1.69745e+03  9.99778e-01  1.00016e+00
 1.69751e+03  9.98235e-01  1.00016e+00
 1.69753e+03  9.99723e-01  1.00016e+00
 1.69756e+03  1.00005e+00  1.00016e+00
 1.69758e+03  9.99174e-01  1.00016e+00
 1.69762e+03  9.99561e-01  1.00016e+00
 1.69764e+03  9.98938e-01  1.00016e+00
 1.69766e+03  9.98234e-01  1.00016e+00
 1.69768e+03  9.99860e-01  1.00016e+00
 1.69770e+03  9.98716e-01  1.00016e+00
 1.69772e+03  9.98733e-01  1.00016e+00
 1.69774e+03  9.97098e-01  1.00016e+00
 1.69778e+03  9.98171e-01  1.00016e+00
 1.69781e+03  9.97282e-01  1.00016e+00
 1.69783e+03  9.98327e-01  1.00016e+00
 1.69791e+03  9.98718e-01  1.00016e+00
 1.69793e+03  9.97890e-01  1.00016e+00
 1.69795e+03  9.97968e-01  1.00016e+00
 1.69799e+03  9.98058e-01  1.00016e+00
 1.69801e+03  9.98103e-01  1.00016e+00
 1.69803e+03  9.98359e-01  1.00016e+00
 1.69810e+03  9.99800e-01  1.00016e+00
 1.69812e+03  1.00069e+00  1.00016e+00
 1.69814e+03  1.00035e+00  1.00016e+00
 1.69818e+03  1.00062e+00  1.00016e+00
 1.69820e+03  1.00003e+00  1.00016e+00
 1.69822e+03  1.00038e+00  1.00016e+00
 1.69824e+03  1.00072e+00  1.00016e+00
 1.69826e+03  1.00000e+00  1.00016e+00
 1.69828e+03  9.99848e-01  1.00016e+00
 1.69831e+03  9.99771e-01  1.00016e+00
 1.69833e+03  9.99894e-01  1.00016e+00
 1.69835e+03  1.00054e+00  1.00016e+00
 1.69837e+03  1.00058e+00  1.00016e+00
 1.69839e+03  1.00032e+00  1.00016e+00
 1.69841e+03  1.00089e+00  1.00016e+00
 1.69843e+03  9.99785e-01  1.00016e+00
 1.69845e+03  1.00010e+00  1.00016e+00
 1.69847e+03  9.99841e-01  1.00016e+00
 1.69849e+03  1.00014e+00  1.00016e+00
 1.69851e+03  1.00044e+00  1.00016e+00
 1.69853e+03  9.99668e-01  1.00016e+00
 1.69856e+03  1.00007e+00  1.00016e+00
 1.69858e+03  1.00030e+00  1.00017e+00
 1.69860e+03  1.00116e+00  1.00017e+00
 1.69862e+03  1.00026e+00  1.00017e+00
 1.69864e+03  1.00080e+00  1.00017e+00
 1.69866e+03  1.00073e+00  1.00017e+00
 1.69868e+03  1.00021e+00  1.00017e+00
 1.69870e+03  1.00083e+00  1.00017e+00
 1.69872e+03  1.00051e+00  1.00017e+00
 1.69874e+03  1.00083e+00  1.00017e+00
 1.69876e+03  1.00065e+00  1.00017e+00
 1.69878e+03  9.99417e-01  1.00017e+00
 1.69881e+03  1.00059e+00  1.00017e+00
 1.69883e+03  1.00057e+00  1.00017e+00
 1.69885e+03  1.00003e+00  1.00017e+00
 1.69887e+03  1.00048e+00  1.00017e+00
 1.69889e+03  1.00026e+00  1.00017e+00
 1.69891e+03  1.00040e+00  1.00017e+00
 1.69893e+03  1.00111e+00  1.00017e+00
 1.69895e+03  9.99919e-01  1.00017e+00
 1.69897e+03  1.00033e+00  1.00017e+00
 1.69899e+03  1.00057e+00  1.00017e+00
 1.69901e+03  1.00010e+00  1.00017e+00
 1.69903e+03  1.00026e+00  1.00017e+00
 1.69906e+03  1.00030e+00  1.00017e+00
 1.69908e+03  1.00077e+00  1.00017e+00
 1.69910e+03  9.99868e-01  1.00017e+00
 1.69912e+03  1.00051e+00  1.00017e+00
 1.69914e+03  1.00066e+00  1.00017e+00
 1.69916e+03  1.00044e+00  1.00017e+00
 1.69918e+03  1.00029e+00  1.00017e+00
 1.69920e+03  9.99870e-01  1.00017e+00
 1.69922e+03  9.99927e-01  1.00017e+00
 1.69924e+03  1.00031e+00  1.00017e+00
 1.69926e+03  1.00028e+00  1.00017e+00
 1.69928e+03  1.00028e+00  1.00017e+00
 1.69931e+03  1.00015e+00  1.00017e+00
 1.69933e+03  1.00047e+00  1.00017e+00
 1.69935e+03  1.00026e+00  1.00017e+00
 1.69937e+03  1.00023e+00  1.00017e+00
 1.69939e+03  1.00018e+00  1.00017e+00
 1.69941e+03  9.99611e-01  1.00017e+00
 1.69943e+03  1.00032e+00  1.00017e+00
 1.69945e+03  1.00011e+00  1.00017e+00
 1.69947e+03  1.00007e+00  1.00017e+00
 1.69949e+03  9.99926e-01  1.00017e+00
 1.69951e+03  9.99827e-01  1.00017e+00
 1.69953e+03  9.99797e-01  1.00017e+00
 1.69956e+03  1.00029e+00  1.00017e+00
 1.69958e+03  1.00013e+00  1.00017e+00
 1.69960e+03  1.00064e+00  1.00017e+00
 1.69962e+03  9.99756e-01  1.00017e+00
 1.69964e+03  9.99808e-01  1.00017e+00
 1.69966e+03  1.00009e+00  1.00017e+00
 1.69968e+03  1.00032e+00  1.00017e+00
 1.69970e+03  9.99655e-01  1.00017e+00
 1.69972e+03  9.99229e-01  1.00017e+00
 1.69974e+03  9.98588e-01  1.00017e+00
 1.69976e+03  9.99896e-01  1.00017e+00
 1.69978e+03  9.99574e-01  1.00017e+00
 1.69981e+03  1.00001e+00  1.00017e+00
 1.69983e+03  9.99777e-01  1.00017e+00
 1.69985e+03  1.00069e+00  1.00017e+00
 1.69987e+03  9.99454e-01  1.00017e+00
 1.69989e+03  1.00003e+00  1.00017e+00
 1.69991e+03  9.99871e-01  1.00017e+00
 1.69993e+03  1.00049e+00  1.00017e+00
 1.69995e+03  1.00031e+00  1.00017e+00
 1.69997e+03  9.99833e-01  1.00017e+00
 1.69999e+03  9.99819e-01  1.00017e+00
 1.70001e+03  1.00039e+00  1.00017e+00
 1.70003e+03  1.00034e+00  1.00017e+00
 1.70006e+03  1.00008e+00  1.00017e+00
 1.70008e+03  9.99772e-01  1.00017e+00
 1.70010e+03  1.00001e+00  1.00017e+00
 1.70012e+03  1.00013e+00  1.00017e+00
 1.70014e+03  9.99846e-01  1.00017e+00
 1.70016e+03  1.00009e+00  1.00017e+00
 1.70018e+03  1.00007e+00  1.00017e+00
 1.70020e+03  1.00029e+00  1.00017e+00
 1.70022e+03  9.99490e-01  1.00017e+00
 1.70024e+03  9.99749e-01  1.00017e+00
 1.70026e+03  9.99576e-01  1.00017e+00
 1.70028e+03  1.00012e+00  1.00017e+00
 1.70031e+03  9.99560e-01  1.00017e+00
 1.70033e+03  9.99861e-01  1.00017e+00
 1.70035e+03  9.99927e-01  1.00017e+00
 1.70037e+03  9.99239e-01  1.00017e+00
 1.70039e+03  9.99712e-01  1.00017e+00
 1.70041e+03  9.99908e-01  1.00017e+00
 1.70043e+03  9.99592e-01  1.00017e+00
 1.70045e+03  9.99783e-01  1.00017e+00
 1.70047e+03  9.99538e-01  1.00017e+00
 1.70049e+03  9.99401e-01  1.00017e+00
 1.70051e+03  1.00019e+00  1.00017e+00
 1.70053e+03  1.00012e+00  1.00017e+00
 1.70056e+03  9.99951e-01  1.00017e+00
 1.70058e+03  9.99452e-01  1.00017e+00
 1.70060e+03  9.99812e-01  1.00017e+00
 1.70062e+03  9.98716e-01  1.00017e+00
 1.70064e+03  9.99751e-01  1.00017e+00
 1.70066e+03  9.98629e-01  1.00017e+00
 1.70068e+03  9.99045e-01  1.00017e+00
 1.70070e+03  9.99095e-01  1.00017e+00
 1.70072e+03  9.98716e-01  1.00017e+00
 1.70074e+03  9.98906e-01  1.00017e+00
 1.70076e+03  9.99380e-01  1.00017e+00
 1.70078e+03  9.98778e-01  1.00017e+00
 1.70081e+03  9.99519e-01  1.00017e+00
 1.70083e+03  9.98691e-01  1.00017e+00
 1.70085e+03  9.99043e-01  1.00017e+00
 1.70087e+03  9.98815e-01  1.00017e+00
 1.70089e+03  9.98834e-01  1.00017e+00
 1.70091e+03  9.98428e-01  1.00017e+00
 1.70093e+03  9.97982e-01  1.00017e+00
 1.70095e+03  9.98443e-01  1.00017e+00
 1.70097e+03  9.98299e-01  1.00017e+00
 1.70099e+03  9.98969e-01  1.00017e+00
 1.70101e+03  9.98941e-01  1.00017e+00
 1.70103e+03  9.98945e-01  1.00017e+00
 1.70106e+03  9.98858e-01  1.00017e+00
 1.70108e+03  9.99168e-01  1.00017e+00
 1.70110e+03  9.99252e-01  1.00017e+00
 1.70112e+03  9.99074e-01  1.00017e+00
 1.70114e+03  9.99131e-01  1.00017e+00
 1.70116e+03  9.98663e-01  1.00017e+00
 1.70118e+03  9.99078e-01  1.00017e+00
 1.70120e+03  9.99160e-01  1.00017e+00
 1.70122e+03  9.99185e-01  1.00017e+00
 1.70126e+03  9.99836e-01  1.00017e+00
 1.70128e+03  9.99546e-01  1.00017e+00
 1.70131e+03  1.00054e+00  1.00017e+00
 1.70133e+03  1.00124e+00  1.00017e+00
 1.70135e+03  1.00121e+00  1.00017e+00
 1.70137e+03  1.00158e+00  1.00017e+00
 1.70139e+03  1.00254e+00  1.00017e+00
 1.70141e+03  1.00242e+00  1.00017e+00
 1.70143e+03  1.00227e+00  1.00017e+00
 1.70145e+03  1.00220e+00  1.00017e+00
 1.70147e+03  1.00286e+00  1.00017e+00
 1.70149e+03  1.00310e+00  1.00017e+00
 1.70151e+03  1.00340e+00  1.00017e+00
 1.70153e+03  1.00424e+00  1.00017e+00
 1.70156e+03  1.00423e+00  1.00017e+00
 1.70158e+03  1.00435e+00  1.00017e+00
 1.70160e+03  1.00524e+00  1.00017e+00
 1.70162e+03  1.00468e+00  1.00017e+00
 1.70166e+03  1.00498e+00  1.00017e+00
 1.70172e+03  1.00491e+00  1.00017e+00
 1.70174e+03  1.00407e+00  1.00017e+00
 1.70176e+03  1.00424e+00  1.00017e+00
 1.70178e+03  1.00246e+00  1.00017e+00
 1.70181e+03  1.00319e+00  1.00017e+00
 1.70183e+03  1.00246e+00  1.00017e+00
 1.70185e+03  1.00141e+00  1.00017e+00
 1.70187e+03  1.00154e+00  1.00017e+00
 1.70189e+03  1.00116e+00  1.00017e+00
 1.70191e+03  1.00112e+00  1.00017e+00
 1.70193e+03  1.00014e+00  1.00017e+00
 1.70195e+03  9.99549e-01  1.00017e+00
 1.70197e+03  1.00083e+00  1.00017e+00
 1.70199e+03  1.00010e+00  1.00017e+00
 1.70201e+03  9.99263e-01  1.00017e+00
 1.70203e+03  9.99133e-01  1.00017e+00
 1.70206e+03  9.99255e-01  1.00017e+00
 1.70208e+03  9.98231e-01  1.00017e+00
 1.70210e+03  9.98268e-01  1.00017e+00
 1.70214e+03  9.98596e-01  1.00017e+00
 1.70216e+03  9.98356e-01  1.00017e+00
 1.70218e+03  9.98124e-01  1.00017e+00
 1.70220e+03  9.98268e-01  1.00017e+00
 1.70222e+03  9.97737e-01  1.00017e+00
 1.70224e+03  9.98346e-01  1.00017e+00
 1.70226e+03  9.97906e-01  1.00017e+00
 1.70231e+03  9.97660e-01  1.00017e+00
 1.70233e+03  9.97306e-01  1.00017e+00
 1.70235e+03  9.98002e-01  1.00017e+00
 1.70237e+03  9.97650e-01  1.00017e+00
 1.70239e+03  9.97529e-01  1.00017e+00
 1.70241e+03  9.98199e-01  1.00017e+00
 1.70243e+03  9.97369e-01  1.00017e+00
 1.70245e+03  9.97875e-01  1.00017e+00
 1.70247e+03  9.98268e-01  1.00017e+00
 1.70249e+03  9.98887e-01  1.00017e+00
 1.70251e+03  9.98551e-01  1.00017e+00
 1.70253e+03  9.98488e-01  1.00017e+00
 1.70256e+03  9.98091e-01  1.00017e+00
 1.70258e+03  9.98449e-01  1.00017e+00
 1.70260e+03  9.97233e-01  1.00017e+00
 1.70264e+03  9.96752e-01  1.00017e+00
 1.70266e+03  9.98664e-01  1.00017e+00
 1.70268e+03  9.97578e-01  1.00017e+00
 1.70272e+03  9.97176e-01  1.00017e+00
 1.70274e+03  9.98765e-01  1.00017e+00
 1.70276e+03  9.98318e-01  1.00017e+00
 1.70278e+03  9.98709e-01  1.00017e+00
 1.70281e+03  9.98933e-01  1.00017e+00
 1.70283e+03  9.99101e-01  1.00017e+00
 1.70285e+03  9.99412e-01  1.00017e+00
 1.70287e+03  9.99546e-01  1.00017e+00
 1.70289e+03  9.99506e-01  1.00017e+00
 1.70291e+03  9.99239e-01  1.00017e+00
 1.70293e+03  9.98895e-01  1.00017e+00
 1.70295e+03  9.98494e-01  1.00017e+00
 1.70297e+03  9.98904e-01  1.00017e+00
 1.70299e+03  9.98632e-01  1.00017e+00
 1.70301e+03  9.98141e-01  1.00017e+00
 1.70303e+03  9.98739e-01  1.00017e+00
 1.70306e+03  9.98876e-01  1.00017e+00
 1.70308e+03  9.99431e-01  1.00017e+00
 1.70310e+03  9.99480e-01  1.00017e+00
 1.70312e+03  9.99981e-01  1.00017e+00
 1.70314e+03  9.99835e-01  1.00017e+00
 1.70316e+03  9.99681e-01  1.00017e+00
 1.70318e+03  9.99314e-01  1.00017e+00
 1.70320e+03  9.99346e-01  1.00017e+00
 1.70322e+03  9.99288e-01  1.00017e+00
 1.70324e+03  9.99366e-01  1.00017e+00
 1.70328e+03  9.99526e-01  1.00017e+00
 1.70331e+03  9.99355e-01  1.00017e+00
 1.70333e+03  9.99134e-01  1.00017e+00
 1.70335e+03  9.99427e-01  1.00017e+00
 1.70337e+03  9.98771e-01  1.00017e+00
 1.70339e+03  9.98764e-01  1.00017e+00
 1.70341e+03  9.98865e-01  1.00017e+00
 1.70343e+03  9.99054e-01  1.00017e+00
 1.70345e+03  9.99539e-01  1.00017e+00
 1.70347e+03  9.99544e-01  1.00017e+00
 1.70349e+03  1.00018e+00  1.00017e+00
 1.70351e+03  9.98944e-01  1.00017e+00
 1.70353e+03  1.00025e+00  1.00017e+00
 1.70356e+03  1.00127e+00  1.00017e+00
 1.70358e+03  1.00078e+00  1.00017e+00
 1.70360e+03  9.99980e-01  1.00017e+00
 1.70362e+03  1.00049e+00  1.00017e+00
 1.70366e+03  1.00040e+00  1.00017e+00
 1.70368e+03  1.00020e+00  1.00017e+00
 1.70370e+03  1.00095e+00  1.00017e+00
 1.70372e+03  1.00032e+00  1.00017e+00
 1.70374e+03  1.00100e+00  1.00017e+00
 1.70376e+03  9.99773e-01  1.00017e+00
 1.70378e+03  1.00191e+00  1.00017e+00
 1.70381e+03  1.00080e+00  1.00017e+00
 1.70383e+03  1.00123e+00  1.00017e+00
 1.70385e+03  1.00082e+00  1.00017e+00
 1.70387e+03  1.00135e+00  1.00017e+00
 1.70389e+03  1.00074e+00  1.00017e+00
 1.70391e+03  1.00051e+00  1.00017e+00
 1.70393e+03  1.00048e+00  1.00017e+00
 1.70395e+03  1.00076e+00  1.00017e+00
 1.70397e+03  1.00049e+00  1.00017e+00
 1.70399e+03  1.00069e+00  1.00017e+00
 1.70401e+03  1.00051e+00  1.00017e+00
 1.70403e+03  1.00144e+00  1.00017e+00
 1.70406e+03  1.00114e+00  1.00017e+00
 1.70408e+03  1.00080e+00  1.00017e+00
 1.70410e+03  1.00134e+00  1.00017e+00
 1.70412e+03  1.00116e+00  1.00017e+00
 1.70414e+03  1.00168e+00  1.00017e+00
 1.70416e+03  1.00159e+00  1.00017e+00
 1.70418e+03  1.00123e+00  1.00017e+00
 1.70420e+03  1.00135e+00  1.00017e+00
 1.70422e+03  1.00203e+00  1.00017e+00
 1.70424e+03  1.00030e+00  1.00017e+00
 1.70426e+03  1.00043e+00  1.00018e+00
 1.70431e+03  1.00133e+00  1.00018e+00
 1.70433e+03  1.00124e+00  1.00018e+00
 1.70435e+03  1.00068e+00  1.00018e+00
 1.70437e+03  1.00064e+00  1.00018e+00
 1.70439e+03  9.99463e-01  1.00018e+00
 1.70441e+03  1.00006e+00  1.00018e+00
 1.70443e+03  9.99887e-01  1.00018e+00
 1.70445e+03  1.00070e+00  1.00018e+00
 1.70447e+03  1.00069e+00  1.00018e+00
 1.70449e+03  1.00063e+00  1.00018e+00
 1.70451e+03  1.00096e+00  1.00018e+00
 1.70453e+03  1.00190e+00  1.00018e+00
 1.70456e+03  1.00130e+00  1.00018e+00
 1.70458e+03  1.00061e+00  1.00018e+00
 1.70460e+03  1.00166e+00  1.00018e+00
 1.70462e+03  1.00134e+00  1.00018e+00
 1.70464e+03  1.00090e+00  1.00018e+00
 1.70466e+03  1.00193e+00  1.00018e+00
 1.70468e+03  1.00203e+00  1.00018e+00
 1.70470e+03  1.00185e+00  1.00018e+00
 1.70472e+03  1.00192e+00  1.00018e+00
 1.70474e+03  1.00093e+00  1.00018e+00
 1.70476e+03  1.00042e+00  1.00018e+00
 1.70478e+03  1.00037e+00  1.00018e+00
 1.70481e+03  1.00065e+00  1.00018e+00
 1.70485e+03  1.00021e+00  1.00018e+00
 1.70487e+03  9.99828e-01  1.00018e+00
 1.70489e+03  1.00099e+00  1.00018e+00
 1.70491e+03  1.00007e+00  1.00018e+00
 1.70493e+03  9.99364e-01  1.00018e+00
 1.70495e+03  1.00052e+00  1.00018e+00
 1.70497e+03  1.00105e+00  1.00018e+00
 1.70499e+03  1.00197e+00  1.00018e+00
 1.70501e+03  1.00147e+00  1.00018e+00
 1.70503e+03  1.00051e+00  1.00018e+00
 1.70506e+03  9.99209e-01  1.00018e+00
 1.70508e+03  9.98587e-01  1.00018e+00
 1.70510e+03  1.00024e+00  1.00018e+00
 1.70512e+03  9.99469e-01  1.00018e+00
 1.70514e+03  9.99971e-01  1.00018e+00
 1.70516e+03  9.98155e-01  1.00018e+00
 1.70518e+03  9.98637e-01  1.00018e+00
 1.70520e+03  1.00129e+00  1.00018e+00
 1.70522e+03  1.00200e+00  1.00018e+00
 1.70526e+03  1.00127e+00  1.00018e+00
 1.70528e+03  1.00106e+00  1.00018e+00
 1.70531e+03  1.00014e+00  1.00018e+00
 1.70535e+03  9.99461e-01  1.00018e+00
 1.70537e+03  9.99947e-01  1.00018e+00
 1.70539e+03  9.99958e-01  1.00018e+00
 1.70541e+03  1.00058e+00  1.00018e+00
 1.70543e+03  1.00034e+00  1.00018e+00
 1.70545e+03  1.00086e+00  1.00018e+00
 1.70547e+03  1.00044e+00  1.00018e+00
 1.70549e+03  1.00055e+00  1.00018e+00
 1.70551e+03  1.00077e+00  1.00018e+00
 1.70553e+03  1.00004e+00  1.00018e+00
 1.70556e+03  1.00124e+00  1.00018e+00
 1.70558e+03  9.99880e-01  1.00018e+00
 1.70560e+03  9.98995e-01  1.00018e+00
 1.70562e+03  9.98071e-01  1.00018e+00
 1.70564e+03  9.98360e-01  1.00018e+00
 1.70566e+03  9.98676e-01  1.00018e+00
 1.70568e+03  1.00017e+00  1.00018e+00
 1.70570e+03  1.00019e+00  1.00018e+00
 1.70572e+03  9.99224e-01  1.00018e+00
 1.70574e+03  1.00023e+00  1.00018e+00
 1.70576e+03  1.00028e+00  1.00018e+00
 1.70578e+03  1.00002e+00  1.00018e+00
 1.70581e+03  9.98082e-01  1.00018e+00
 1.70583e+03  9.96176e-01  1.00018e+00
 1.70585e+03  9.97752e-01  1.00018e+00
 1.70587e+03  9.99970e-01  1.00018e+00
 1.70591e+03  1.00268e+00  1.00018e+00
 1.70593e+03  1.00142e+00  1.00018e+00
 1.70597e+03  1.00264e+00  1.00018e+00
 1.70599e+03  1.00129e+00  1.00018e+00
 1.70601e+03  1.00027e+00  1.00018e+00
 1.70603e+03  1.00137e+00  1.00018e+00
 1.70606e+03  9.98802e-01  1.00018e+00
 1.70608e+03  9.97046e-01  1.00018e+00
 1.70614e+03  9.96937e-01  1.00018e+00
 1.70616e+03  9.99925e-01  1.00018e+00
 1.70618e+03  1.00141e+00  1.00018e+00
 1.70622e+03  9.99575e-01  1.00018e+00
 1.70624e+03  1.00006e+00  1.00018e+00
 1.70626e+03  1.00038e+00  1.00018e+00
 1.70628e+03  9.98929e-01  1.00018e+00
 1.70631e+03  9.98755e-01  1.00018e+00
 1.70633e+03  1.00005e+00  1.00018e+00
 1.70635e+03  1.00087e+00  1.00018e+00
 1.70639e+03  9.97127e-01  1.00018e+00
 1.70641e+03  9.95726e-01  1.00018e+00
 1.70643e+03  9.95680e-01  1.00018e+00
 1.70645e+03  9.94517e-01  1.00018e+00
 1.70647e+03  9.98267e-01  1.00018e+00
 1.70649e+03  1.00630e+00  1.00018e+00
 1.70653e+03  1.00514e+00  1.00018e+00
 1.70656e+03  1.00163e+00  1.00018e+00
 1.70658e+03  9.98840e-01  1.00018e+00
 1.70660e+03  9.98888e-01  1.00018e+00
 1.70662e+03  9.97657e-01  1.00018e+00
 1.70664e+03  9.99439e-01  1.00018e+00
 1.70666e+03  9.98787e-01  1.00018e+00
 1.70668e+03  9.97706e-01  1.00018e+00
 1.70670e+03  9.97966e-01  1.00018e+00
 1.70672e+03  9.96987e-01  1.00018e+00
 1.70674e+03  9.97066e-01  1.00018e+00
 1.70676e+03  9.95753e-01  1.00018e+00
 1.70678e+03  9.98975e-01  1.00018e+00
 1.70681e+03  1.00412e+00  1.00018e+00
 1.70683e+03  1.00640e+00  1.00018e+00
 1.70685e+03  1.00380e+00  1.00018e+00
 1.70687e+03  1.00099e+00  1.00018e+00
 1.70689e+03  1.00156e+00  1.00018e+00
 1.70691e+03  9.97892e-01  1.00018e+00
 1.70693e+03  9.93715e-01  1.00018e+00
 1.70695e+03  9.98927e-01  1.00018e+00
 1.70697e+03  1.00041e+00  1.00018e+00
 1.70699e+03  9.99714e-01  1.00018e+00
 1.70701e+03  1.00156e+00  1.00018e+00
 1.70703e+03  1.00460e+00  1.00018e+00
 1.70706e+03  1.00653e+00  1.00018e+00
 1.70708e+03  1.00298e+00  1.00018e+00
 1.70710e+03  1.00150e+00  1.00018e+00
 1.70712e+03  1.00313e+00  1.00018e+00
 1.70714e+03  1.00433e+00  1.00018e+00
 1.70716e+03  1.00426e+00  1.00018e+00
 1.70718e+03  1.00318e+00  1.00018e+00
 1.70720e+03  9.97832e-01  1.00018e+00
 1.70722e+03  1.00502e+00  1.00018e+00
 1.70724e+03  1.00711e+00  1.00018e+00
 1.70726e+03  1.00772e+00  1.00018e+00
 1.70728e+03  1.00717e+00  1.00018e+00
 1.70731e+03  1.00149e+00  1.00018e+00
 1.70733e+03  9.98200e-01  1.00018e+00
 1.70735e+03  1.00156e+00  1.00018e+00
 1.70737e+03  1.00469e+00  1.00018e+00
 1.70739e+03  1.00645e+00  1.00018e+00
 1.70741e+03  1.01162e+00  1.00018e+00
 1.70743e+03  1.01143e+00  1.00018e+00
 1.70745e+03  1.00752e+00  1.00018e+00
 1.70747e+03  1.00226e+00  1.00018e+00
 1.70749e+03  9.94884e-01  1.00018e+00
 1.70751e+03  9.87740e-01  1.00018e+00
 1.70753e+03  9.95381e-01  1.00018e+00
 1.70756e+03  1.01181e+00  1.00018e+00
 1.70758e+03  1.02015e+00  1.00018e+00
 1.70760e+03  1.01263e+00  1.00018e+00
 1.70762e+03  1.00190e+00  1.00018e+00
 1.70764e+03  9.87952e-01  1.00018e+00
 1.70766e+03  9.80215e-01  1.00018e+00
 1.70768e+03  9.89298e-01  1.00018e+00
 1.70770e+03  1.00935e+00  1.00018e+00
 1.70772e+03  1.01762e+00  1.00018e+00
 1.70774e+03  1.01132e+00  1.00018e+00
 1.70776e+03  1.00053e+00  1.00018e+00
 1.70778e+03  9.93431e-01  1.00018e+00
 1.70781e+03  9.95268e-01  1.00018e+00
 1.70783e+03  9.96506e-01  1.00018e+00
 1.70785e+03  9.97046e-01  1.00018e+00
 1.70787e+03  9.96107e-01  1.00018e+00
 1.70789e+03  9.96356e-01  1.00018e+00
 1.70791e+03  1.00067e+00  1.00018e+00
 1.70793e+03  1.00081e+00  1.00018e+00
 1.70795e+03  9.98418e-01  1.00018e+00
 1.70797e+03  9.97023e-01  1.00018e+00
 1.70799e+03  1.00051e+00  1.00018e+00
 1.70801e+03  1.00228e+00  1.00018e+00
 1.70803e+03  1.00363e+00  1.00018e+00
 1.70806e+03  1.00264e+00  1.00018e+00
 1.70808e+03  9.96672e-01  1.00018e+00
 1.70810e+03  9.97075e-01  1.00018e+00
 1.70812e+03  9.99689e-01  1.00018e+00
 1.70814e+03  1.00010e+00  1.00018e+00
 1.70816e+03  1.00148e+00  1.00018e+00
 1.70818e+03  1.00103e+00  1.00018e+00
 1.70820e+03  9.99232e-01  1.00018e+00
 1.70822e+03  9.98501e-01  1.00018e+00
 1.70824e+03  9.97949e-01  1.00018e+00
 1.70826e+03  9.98183e-01  1.00018e+00
 1.70828e+03  9.96644e-01  1.00018e+00
 1.70831e+03  9.98120e-01  1.00018e+00
 1.70833e+03  9.98000e-01  1.00018e+00
 1.70835e+03  9.98104e-01  1.00018e+00
 1.70837e+03  9.97990e-01  1.00018e+00
 1.70839e+03  9.98942e-01  1.00018e+00
 1.70841e+03  9.99433e-01  1.00018e+00
 1.70843e+03  9.99583e-01  1.00018e+00
 1.70845e+03  9.99650e-01  1.00018e+00
 1.70847e+03  9.99735e-01  1.00018e+00
 1.70849e+03  1.00014e+00  1.00018e+00
 1.70851e+03  1.00001e+00  1.00018e+00
 1.70853e+03  9.99777e-01  1.00018e+00
 1.70856e+03  1.00068e+00  1.00018e+00
 1.70858e+03  1.00074e+00  1.00018e+00
 1.70860e+03  1.00125e+00  1.00018e+00
 1.70862e+03  1.00143e+00  1.00018e+00
 1.70864e+03  1.00112e+00  1.00018e+00
 1.70866e+03  1.00113e+00  1.00018e+00
 1.70868e+03  1.00127e+00  1.00018e+00
 1.70870e+03  1.00106e+00  1.00018e+00
 1.70872e+03  1.00137e+00  1.00018e+00
 1.70874e+03  1.00076e+00  1.00018e+00
 1.70876e+03  1.00132e+00  1.00018e+00
 1.70878e+03  1.00065e+00  1.00018e+00
 1.70881e+03  1.00192e+00  1.00018e+00
 1.70883e+03  1.00254e+00  1.00018e+00
 1.70885e+03  1.00164e+00  1.00018e+00
 1.70887e+03  1.00125e+00  1.00018e+00
 1.70889e+03  1.00181e+00  1.00018e+00
 1.70891e+03  1.00159e+00  1.00018e+00
 1.70893e+03  1.00101e+00  1.00018e+00
 1.70895e+03  1.00140e+00  1.00018e+00
 1.70897e+03  1.00099e+00  1.00018e+00
 1.70899e+03  1.00168e+00  1.00018e+00
 1.70901e+03  1.00098e+00  1.00018e+00
 1.70903e+03  1.00064e+00  1.00018e+00
 1.70906e+03  1.00051e+00  1.00018e+00
 1.70908e+03  1.00001e+00  1.00018e+00
 1.70910e+03  1.00011e+00  1.00018e+00
 1.70912e+03  9.99630e-01  1.00018e+00
 1.70914e+03  1.00053e+00  1.00018e+00
 1.70916e+03  1.00034e+00  1.00018e+00
 1.70918e+03  9.99689e-01  1.00018e+00
 1.70920e+03  9.99891e-01  1.00018e+00
 1.70922e+03  1.00018e+00  1.00018e+00
 1.70924e+03  1.00039e+00  1.00018e+00
 1.70926e+03  1.00029e+00  1.00018e+00
 1.70928e+03  9.99950e-01  1.00018e+00
 1.70931e+03  9.99904e-01  1.00018e+00
 1.70933e+03  1.00026e+00  1.00018e+00
 1.70935e+03  9.99386e-01  1.00018e+00
 1.70937e+03  9.99158e-01  1.00018e+00
 1.70939e+03  9.99102e-01  1.00018e+00
 1.70941e+03  9.99491e-01  1.00018e+00
 1.70943e+03  9.99628e-01  1.00018e+00
 1.70945e+03  9.98548e-01  1.00018e+00
 1.70947e+03  9.99400e-01  1.00018e+00
 1.70949e+03  1.00008e+00  1.00018e+00
 1.70951e+03  9.98737e-01  1.00018e+00
 1.70953e+03  9.98693e-01  1.00018e+00
 1.70956e+03  9.99402e-01  1.00018e+00
 1.70958e+03  9.99692e-01  1.00018e+00
 1.70960e+03  9.99827e-01  1.00018e+00
 1.70962e+03  9.98699e-01  1.00018e+00
 1.70964e+03  9.99576e-01  1.00018e+00
 1.70966e+03  1.00015e+00  1.00019e+00
 1.70968e+03  9.99914e-01  1.00019e+00
 1.70970e+03  9.99481e-01  1.00019e+00
 1.70972e+03  9.99874e-01  1.00019e+00
 1.70974e+03  9.99888e-01  1.00019e+00
 1.70976e+03  9.99262e-01  1.00019e+00
 1.70978e+03  9.99571e-01  1.00019e+00
 1.70981e+03  1.00017e+00  1.00019e+00
 1.70983e+03  1.00084e+00  1.00019e+00
 1.70985e+03  9.99824e-01  1.00019e+00
 1.70987e+03  1.00010e+00  1.00019e+00
 1.70989e+03  1.00035e+00  1.00019e+00
 1.70991e+03  1.00027e+00  1.00019e+00
 1.70993e+03  9.99333e-01  1.00019e+00
 1.70995e+03  1.00014e+00  1.00019e+00
 1.70997e+03  1.00047e+00  1.00019e+00
 1.70999e+03  1.00212e+00  1.00019e+00
 1.71001e+03  1.00138e+00  1.00019e+00
 1.71003e+03  1.00099e+00  1.00019e+00
 1.71006e+03  9.99385e-01  1.00019e+00
 1.71008e+03  9.98593e-01  1.00019e+00
 1.71010e+03  9.97594e-01  1.00019e+00
 1.71012e+03  9.97949e-01  1.00019e+00
 1.71014e+03  1.00034e+00  1.00019e+00
 1.71016e+03  1.00654e+00  1.00019e+00
 1.71018e+03  1.01427e+00  1.00019e+00
 1.71139e+03  1.02385e+00  1.00019e+00
 1.71141e+03  1.01006e+00  1.00019e+00
 1.71143e+03  9.99814e-01  1.00019e+00
 1.71145e+03  9.94772e-01  1.00019e+00
 1.71147e+03  9.94263e-01  1.00019e+00
 1.71149e+03  9.96580e-01  1.00019e+00
 1.71151e+03  9.98498e-01  1.00019e+00
 1.71156e+03  1.00067e+00  1.00019e+00
 1.71158e+03  1.00117e+00  1.00019e+00
 1.71160e+03  1.00082e+00  1.00019e+00
 1.71162e+03  9.99370e-01  1.00019e+00
 1.71164e+03  9.98996e-01  1.00019e+00
 1.71166e+03  9.99935e-01  1.00019e+00
 1.71168e+03  9.99200e-01  1.00019e+00
 1.71170e+03  9.99670e-01  1.00019e+00
 1.71174e+03  9.99956e-01  1.00019e+00
 1.71176e+03  1.00008e+00  1.00019e+00
 1.71178e+03  1.00100e+00  1.00019e+00
 1.71181e+03  1.00103e+00  1.00019e+00
 1.71185e+03  9.99691e-01  1.00019e+00
 1.71187e+03  9.98996e-01  1.00019e+00
 1.71189e+03  9.99798e-01  1.00019e+00
 1.71193e+03  1.00006e+00  1.00019e+00
 1.71195e+03  1.00046e+00  1.00019e+00
 1.71197e+03  9.99875e-01  1.00019e+00
 1.71199e+03  9.99637e-01  1.00019e+00
 1.71203e+03  9.99252e-01  1.00019e+00
 1.71206e+03  9.99154e-01  1.00019e+00
 1.71208e+03  9.98579e-01  1.00019e+00
 1.71210e+03  9.99435e-01  1.00019e+00
 1.71212e+03  9.99419e-01  1.00019e+00
 1.71214e+03  9.99186e-01  1.00019e+00
 1.71216e+03  9.99014e-01  1.00019e+00
 1.71218e+03  9.99314e-01  1.00019e+00
 1.71220e+03  9.98836e-01  1.00019e+00
 1.71224e+03  9.98837e-01  1.00019e+00
 1.71226e+03  9.99008e-01  1.00019e+00
 1.71228e+03  9.99234e-01  1.00019e+00
 1.71231e+03  9.98120e-01  1.00019e+00
 1.71233e+03  9.98754e-01  1.00019e+00
 1.71235e+03  9.98217e-01  1.00019e+00
 1.71237e+03  9.97686e-01  1.00019e+00
 1.71239e+03  9.98871e-01  1.00019e+00
 1.71241e+03  9.97897e-01  1.00019e+00
 1.71243e+03  9.98883e-01  1.00019e+00
 1.71245e+03  9.98001e-01  1.00019e+00
 1.71247e+03  9.98622e-01  1.00019e+00
 1.71249e+03  9.98770e-01  1.00019e+00
 1.71251e+03  9.98803e-01  1.00019e+00
 1.71253e+03  9.99504e-01  1.00019e+00
 1.71256e+03  9.98845e-01  1.00019e+00
 1.71258e+03  9.99557e-01  1.00019e+00
 1.71260e+03  9.98835e-01  1.00019e+00
 1.71262e+03  9.99266e-01  1.00019e+00
 1.71264e+03  9.98567e-01  1.00019e+00
 1.71266e+03  9.99811e-01  1.00019e+00
 1.71268e+03  9.99923e-01  1.00019e+00
 1.71270e+03  1.00042e+00  1.00019e+00
 1.71272e+03  1.00024e+00  1.00019e+00
 1.71274e+03  1.00037e+00  1.00019e+00
 1.71276e+03  1.00083e+00  1.00019e+00
 1.71278e+03  1.00235e+00  1.00019e+00
 1.71281e+03  1.00234e+00  1.00019e+00
 1.71283e+03  1.00240e+00  1.00019e+00
 1.71285e+03  1.00276e+00  1.00019e+00
 1.71287e+03  1.00278e+00  1.00019e+00
 1.71289e+03  1.00376e+00  1.00019e+00
 1.71291e+03  1.00491e+00  1.00019e+00
 1.71293e+03  1.00418e+00  1.00019e+00
 1.71295e+03  1.00397e+00  1.00019e+00
 1.71297e+03  1.00437e+00  1.00019e+00
 1.71299e+03  1.00395e+00  1.00019e+00
 1.71301e+03  1.00451e+00  1.00019e+00
 1.71303e+03  1.00517e+00  1.00019e+00
 1.71306e+03  1.00508e+00  1.00019e+00
 1.71308e+03  1.00602e+00  1.00019e+00
 1.71310e+03  1.00490e+00  1.00019e+00
 1.71312e+03  1.00479e+00  1.00019e+00
 1.71314e+03  1.00485e+00  1.00019e+00
 1.71316e+03  1.00393e+00  1.00019e+00
 1.71318e+03  1.00455e+00  1.00019e+00
 1.71320e+03  1.00362e+00  1.00019e+00
 1.71322e+03  1.00366e+00  1.00019e+00
 1.71324e+03  1.00340e+00  1.00019e+00
 1.71326e+03  1.00328e+00  1.00019e+00
 1.71328e+03  1.00285e+00  1.00019e+00
 1.71331e+03  1.00193e+00  1.00019e+00
 1.71333e+03  1.00201e+00  1.00019e+00
 1.71335e+03  1.00213e+00  1.00019e+00
 1.71337e+03  1.00193e+00  1.00019e+00
 1.71339e+03  1.00167e+00  1.00019e+00
 1.71341e+03  1.00108e+00  1.00019e+00
 1.71343e+03  1.00046e+00  1.00019e+00
 1.71345e+03  1.00050e+00  1.00019e+00
 1.71347e+03  1.00009e+00  1.00019e+00
 1.71349e+03  1.00070e+00  1.00019e+00
 1.71351e+03  1.00008e+00  1.00019e+00
 1.71353e+03  1.00040e+00  1.00019e+00
 1.71356e+03  9.99831e-01  1.00019e+00
 1.71358e+03  1.00012e+00  1.00019e+00
 1.71360e+03  9.99971e-01  1.00019e+00
 1.71362e+03  1.00029e+00  1.00019e+00
 1.71364e+03  9.99567e-01  1.00019e+00
 1.71366e+03  9.99710e-01  1.00019e+00
 1.71368e+03  9.99520e-01  1.00019e+00
 1.71370e+03  9.98906e-01  1.00019e+00
 1.71372e+03  9.99548e-01  1.00019e+00
 1.71374e+03  9.99540e-01  1.00019e+00
 1.71376e+03  9.99828e-01  1.00019e+00
 1.71378e+03  9.99583e-01  1.00019e+00
 1.71381e+03  9.98591e-01  1.00019e+00
 1.71383e+03  9.99165e-01  1.00019e+00
 1.71385e+03  9.99406e-01  1.00019e+00
 1.71387e+03  9.99216e-01  1.00019e+00
 1.71389e+03  9.99899e-01  1.00019e+00
 1.71391e+03  9.99241e-01  1.00019e+00
 1.71393e+03  9.99387e-01  1.00019e+00
 1.71395e+03  9.99525e-01  1.00019e+00
 1.71397e+03  9.98992e-01  1.00019e+00
 1.71399e+03  9.99205e-01  1.00019e+00
 1.71401e+03  9.99593e-01  1.00019e+00
 1.71403e+03  9.99772e-01  1.00019e+00
 1.71406e+03  9.99574e-01  1.00019e+00
 1.71408e+03  9.99199e-01  1.00019e+00
 1.71410e+03  9.99865e-01  1.00019e+00
 1.71412e+03  9.99154e-01  1.00019e+00
 1.71414e+03  9.99371e-01  1.00019e+00
 1.71416e+03  9.99415e-01  1.00019e+00
 1.71418e+03  9.99675e-01  1.00019e+00
 1.71420e+03  9.99525e-01  1.00019e+00
 1.71422e+03  9.99906e-01  1.00019e+00
 1.71424e+03  9.99431e-01  1.00019e+00
 1.71426e+03  1.00005e+00  1.00019e+00
 1.71428e+03  9.99247e-01  1.00019e+00
 1.71431e+03  1.00014e+00  1.00019e+00
 1.71433e+03  9.99657e-01  1.00019e+00
 1.71435e+03  9.99811e-01  1.00019e+00
 1.71437e+03  9.99576e-01  1.00019e+00
 1.71439e+03  9.99457e-01  1.00019e+00
 1.71441e+03  1.00007e+00  1.00019e+00
 1.71443e+03  9.99450e-01  1.00019e+00
 1.71445e+03  9.99266e-01  1.00019e+00
 1.71447e+03  9.99446e-01  1.00019e+00
 1.71449e+03  9.99663e-01  1.00020e+00
 1.71453e+03  9.98779e-01  1.00020e+00
 1.71456e+03  9.98295e-01  1.00020e+00
 1.71458e+03  9.98545e-01  1.00020e+00
 1.71466e+03  9.98938e-01  1.00020e+00
 1.71468e+03  9.98699e-01  1.00020e+00
 1.71472e+03  9.99253e-01  1.00020e+00
 1.71474e+03  9.99683e-01  1.00020e+00
 1.71476e+03  9.99400e-01  1.00020e+00
 1.71478e+03  9.99261e-01  1.00020e+00
 1.71481e+03  9.99836e-01  1.00020e+00
 1.71483e+03  9.99135e-01  1.00020e+00
 1.71485e+03  9.99292e-01  1.00020e+00
 1.71487e+03  9.99397e-01  1.00020e+00
 1.71489e+03  9.99391e-01  1.00020e+00
 1.71491e+03  9.99451e-01  1.00020e+00
 1.71493e+03  9.99708e-01  1.00020e+00
 1.71497e+03  9.99748e-01  1.00020e+00
 1.71499e+03  1.00001e+00  1.00020e+00
 1.71501e+03  9.99945e-01  1.00020e+00
 1.71503e+03  9.99538e-01  1.00020e+00
 1.71506e+03  9.99840e-01  1.00020e+00
 1.71508e+03  9.99980e-01  1.00020e+00
 1.71510e+03  9.99763e-01  1.00020e+00
 1.71512e+03  9.99816e-01  1.00020e+00
 1.71514e+03  9.99554e-01  1.00020e+00
 1.71516e+03  9.99761e-01  1.00020e+00
 1.71518e+03  9.99557e-01  1.00020e+00
 1.71520e+03  9.99682e-01  1.00020e+00
 1.71522e+03  9.99217e-01  1.00020e+00
 1.71524e+03  9.99682e-01  1.00020e+00
 1.71526e+03  9.99194e-01  1.00020e+00
 1.71528e+03  9.98992e-01  1.00020e+00
 1.71531e+03  9.99735e-01  1.00020e+00
 1.71533e+03  9.99107e-01  1.00020e+00
 1.71535e+03  9.98914e-01  1.00020e+00
 1.71537e+03  9.98814e-01  1.00020e+00
 1.71539e+03  9.99523e-01  1.00020e+00
 1.71541e+03  9.99336e-01  1.00020e+00
 1.71543e+03  9.99448e-01  1.00020e+00
 1.71545e+03  9.99811e-01  1.00020e+00
 1.71547e+03  9.99467e-01  1.00020e+00
 1.71549e+03  9.99476e-01  1.00020e+00
 1.71551e+03  9.98996e-01  1.00020e+00
 1.71553e+03  9.99669e-01  1.00020e+00
 1.71556e+03  9.99464e-01  1.00020e+00
 1.71558e+03  9.98628e-01  1.00020e+00
 1.71560e+03  9.99284e-01  1.00020e+00
 1.71562e+03  9.98816e-01  1.00020e+00
 1.71564e+03  9.99284e-01  1.00020e+00
 1.71568e+03  1.00075e+00  1.00020e+00
 1.71570e+03  1.00077e+00  1.00020e+00
 1.71574e+03  1.00009e+00  1.00020e+00
 1.71576e+03  1.00030e+00  1.00020e+00
 1.71578e+03  9.99336e-01  1.00020e+00
 1.71581e+03  1.00095e+00  1.00020e+00
 1.71583e+03  9.87356e-01  1.00020e+00
 1.71585e+03  9.99901e-01  1.00020e+00
 1.71587e+03  9.99953e-01  1.00020e+00
 1.71589e+03  1.00077e+00  1.00020e+00
 1.71591e+03  9.99616e-01  1.00020e+00
 1.71593e+03  1.00004e+00  1.00020e+00
 1.71595e+03  1.00027e+00  1.00020e+00
 1.71597e+03  1.00007e+00  1.00020e+00
 1.71599e+03  1.00045e+00  1.00020e+00
 1.71601e+03  1.00031e+00  1.00020e+00
 1.71603e+03  1.00002e+00  1.00020e+00
 1.71606e+03  1.00015e+00  1.00020e+00
 1.71608e+03  1.00085e+00  1.00020e+00
 1.71610e+03  1.00085e+00  1.00020e+00
 1.71612e+03  9.99789e-01  1.00020e+00
 1.71614e+03  1.00082e+00  1.00020e+00
 1.71616e+03  1.00018e+00  1.00020e+00
 1.71618e+03  1.00032e+00  1.00020e+00
 1.71620e+03  1.00018e+00  1.00020e+00
 1.71624e+03  9.99915e-01  1.00020e+00
 1.71626e+03  1.00011e+00  1.00020e+00
 1.71628e+03  1.00015e+00  1.00020e+00
 1.71631e+03  9.99995e-01  1.00020e+00
 1.71633e+03  1.00027e+00  1.00020e+00
 1.71635e+03  1.00009e+00  1.00020e+00
 1.71637e+03  1.00038e+00  1.00020e+00
 1.71639e+03  1.00058e+00  1.00020e+00
 1.71641e+03  1.00062e+00  1.00020e+00
 1.71643e+03  1.00047e+00  1.00020e+00
 1.71645e+03  1.00035e+00  1.00020e+00
 1.71647e+03  1.00058e+00  1.00020e+00
 1.71649e+03  1.00017e+00  1.00020e+00
 1.71651e+03  1.00039e+00  1.00020e+00
 1.71653e+03  1.00064e+00  1.00020e+00
 1.71656e+03  1.00049e+00  1.00020e+00
 1.71658e+03  1.00089e+00  1.00020e+00
 1.71660e+03  1.00021e+00  1.00020e+00
 1.71662e+03  1.00023e+00  1.00020e+00
 1.71664e+03  9.99834e-01  1.00020e+00
 1.71666e+03  9.99579e-01  1.00020e+00
 1.71668e+03  9.99988e-01  1.00020e+00
 1.71670e+03  1.00053e+00  1.00020e+00
 1.71672e+03  1.00041e+00  1.00020e+00
 1.71674e+03  1.00085e+00  1.00020e+00
 1.71676e+03  1.00007e+00  1.00020e+00
 1.71678e+03  1.00022e+00  1.00020e+00
 1.71681e+03  9.99943e-01  1.00020e+00
 1.71683e+03  1.00050e+00  1.00020e+00
 1.71685e+03  1.00050e+00  1.00020e+00
 1.71687e+03  1.00005e+00  1.00020e+00
 1.71689e+03  9.99571e-01  1.00020e+00
 1.71691e+03  1.00025e+00  1.00020e+00
 1.71693e+03  1.00020e+00  1.00020e+00
 1.71695e+03  1.00047e+00  1.00020e+00
 1.71697e+03  1.00054e+00  1.00020e+00
 1.71699e+03  1.00054e+00  1.00020e+00
 1.71701e+03  1.00028e+00  1.00020e+00
 1.71703e+03  1.00028e+00  1.00020e+00
 1.71706e+03  1.00016e+00  1.00020e+00
 1.71708e+03  1.00039e+00  1.00020e+00
 1.71710e+03  9.99600e-01  1.00020e+00
 1.71712e+03  9.99768e-01  1.00020e+00
 1.71714e+03  1.00022e+00  1.00020e+00
 1.71716e+03  1.00052e+00  1.00020e+00
 1.71718e+03  1.00037e+00  1.00020e+00
 1.71720e+03  1.00049e+00  1.00020e+00
 1.71722e+03  9.99856e-01  1.00020e+00
 1.71724e+03  1.00050e+00  1.00020e+00
 1.71726e+03  1.00027e+00  1.00020e+00
 1.71731e+03  9.99719e-01  1.00020e+00
 1.71733e+03  1.00049e+00  1.00020e+00
 1.71735e+03  9.99924e-01  1.00020e+00
 1.71737e+03  9.99811e-01  1.00020e+00
 1.71739e+03  1.00011e+00  1.00020e+00
 1.71741e+03  1.00011e+00  1.00020e+00
 1.71743e+03  1.00037e+00  1.00020e+00
 1.71745e+03  9.99834e-01  1.00020e+00
 1.71747e+03  9.99680e-01  1.00020e+00
 1.71749e+03  9.99885e-01  1.00020e+00
 1.71751e+03  1.00054e+00  1.00020e+00
 1.71753e+03  1.00014e+00  1.00020e+00
 1.71756e+03  9.99974e-01  1.00020e+00
 1.71758e+03  9.99118e-01  1.00020e+00
 1.71760e+03  9.99721e-01  1.00020e+00
 1.71762e+03  9.99126e-01  1.00020e+00
 1.71764e+03  9.99779e-01  1.00020e+00
 1.71766e+03  9.99366e-01  1.00020e+00
 1.71768e+03  9.99692e-01  1.00020e+00
 1.71770e+03  9.99598e-01  1.00020e+00
 1.71772e+03  9.99410e-01  1.00020e+00
 1.71774e+03  1.00010e+00  1.00020e+00
 1.71776e+03  1.00017e+00  1.00020e+00
 1.71778e+03  9.99082e-01  1.00020e+00
 1.71781e+03  9.99979e-01  1.00020e+00
 1.71783e+03  1.00008e+00  1.00020e+00
 1.71785e+03  9.99085e-01  1.00020e+00
 1.71787e+03  9.98721e-01  1.00020e+00
 1.71789e+03  9.99154e-01  1.00020e+00
 1.71791e+03  9.98597e-01  1.00020e+00
 1.71793e+03  9.99041e-01  1.00020e+00
 1.71795e+03  8.81153e-01  1.00020e+00
 1.71797e+03  9.99199e-01  1.00020e+00
 1.71799e+03  9.98897e-01  1.00020e+00
 1.71801e+03  9.99338e-01  1.00020e+00
 1.71803e+03  9.99064e-01  1.00020e+00
 1.71806e+03  9.99982e-01  1.00020e+00
 1.71808e+03  9.98958e-01  1.00020e+00
 1.71810e+03  9.98811e-01  1.00020e+00
 1.71812e+03  9.98990e-01  1.00020e+00
 1.71814e+03  9.99034e-01  1.00020e+00
 1.71816e+03  9.98205e-01  1.00020e+00
 1.71818e+03  9.99027e-01  1.00020e+00
 1.71820e+03  9.99207e-01  1.00020e+00
 1.71822e+03  9.99658e-01  1.00020e+00
 1.71824e+03  9.98926e-01  1.00020e+00
 1.71826e+03  9.99621e-01  1.00020e+00
 1.71828e+03  1.00014e+00  1.00020e+00
 1.71831e+03  9.99966e-01  1.00020e+00
 1.71833e+03  1.00032e+00  1.00020e+00
 1.71835e+03  1.00008e+00  1.00020e+00
 1.71837e+03  1.00061e+00  1.00020e+00
 1.71839e+03  1.00075e+00  1.00020e+00
 1.71841e+03  1.00077e+00  1.00020e+00
 1.71843e+03  1.00128e+00  1.00020e+00
 1.71845e+03  1.00187e+00  1.00020e+00
 1.71847e+03  1.00154e+00  1.00020e+00
 1.71849e+03  1.00215e+00  1.00020e+00
 1.71851e+03  1.00203e+00  1.00020e+00
 1.71853e+03  1.00330e+00  1.00020e+00
 1.71856e+03  1.00270e+00  1.00020e+00
 1.71858e+03  1.00340e+00  1.00020e+00
 1.71860e+03  1.00459e+00  1.00020e+00
 1.71862e+03  1.00430e+00  1.00021e+00
 1.71864e+03  1.00441e+00  1.00021e+00
 1.71866e+03  1.00467e+00  1.00021e+00
 1.71868e+03  1.00530e+00  1.00021e+00
 1.71870e+03  1.00446e+00  1.00021e+00
 1.71872e+03  1.00523e+00  1.00021e+00
 1.71874e+03  1.00507e+00  1.00021e+00
 1.71876e+03  1.00483e+00  1.00021e+00
 1.71878e+03  1.00335e+00  1.00021e+00
 1.71881e+03  1.00427e+00  1.00021e+00
 1.71883e+03  1.00433e+00  1.00021e+00
 1.71885e+03  1.00356e+00  1.00021e+00
 1.71887e+03  1.00468e+00  1.00021e+00
 1.71889e+03  1.00293e+00  1.00021e+00
 1.71891e+03  1.00358e+00  1.00021e+00
 1.71893e+03  1.00298e+00  1.00021e+00
 1.71895e+03  1.00282e+00  1.00021e+00
 1.71897e+03  1.00145e+00  1.00021e+00
 1.71899e+03  1.00223e+00  1.00021e+00
 1.71901e+03  1.00097e+00  1.00021e+00
 1.71903e+03  1.00137e+00  1.00021e+00
 1.71906e+03  1.00173e+00  1.00021e+00
 1.71908e+03  1.00055e+00  1.00021e+00
 1.71910e+03  1.00056e+00  1.00021e+00
 1.71912e+03  1.00111e+00  1.00021e+00
 1.71914e+03  1.00057e+00  1.00021e+00
 1.71916e+03  9.99741e-01  1.00021e+00
 1.71918e+03  9.99957e-01  1.00021e+00
 1.71920e+03  9.99758e-01  1.00021e+00
 1.71922e+03  9.99726e-01  1.00021e+00
 1.71924e+03  9.99475e-01  1.00021e+00
 1.71926e+03  9.99378e-01  1.00021e+00
 1.71928e+03  9.99771e-01  1.00021e+00
 1.71931e+03  1.00032e+00  1.00021e+00
 1.71933e+03  9.99819e-01  1.00021e+00
 1.71935e+03  9.99493e-01  1.00021e+00
 1.71937e+03  9.99788e-01  1.00021e+00
 1.71939e+03  9.99132e-01  1.00021e+00
 1.71941e+03  9.99339e-01  1.00021e+00
 1.71943e+03  9.99397e-01  1.00021e+00
 1.71945e+03  9.99190e-01  1.00021e+00
 1.71947e+03  1.00009e+00  1.00021e+00
 1.71949e+03  9.99549e-01  1.00021e+00
 1.71951e+03  9.99100e-01  1.00021e+00
 1.71953e+03  9.99091e-01  1.00021e+00
 1.71956e+03  9.99824e-01  1.00021e+00
 1.71958e+03  9.99344e-01  1.00021e+00
 1.71960e+03  9.99619e-01  1.00021e+00
 1.71962e+03  9.99890e-01  1.00021e+00
 1.71964e+03  9.99255e-01  1.00021e+00
 1.71966e+03  1.00009e+00  1.00021e+00
 1.71968e+03  9.99471e-01  1.00021e+00
 1.71970e+03  9.99873e-01  1.00021e+00
 1.71972e+03  9.99118e-01  1.00021e+00
 1.71974e+03  9.99587e-01  1.00021e+00
 1.71976e+03  9.99891e-01  1.00021e+00
 1.71978e+03  9.99182e-01  1.00021e+00
 1.71981e+03  9.99689e-01  1.00021e+00
 1.71983e+03  9.99615e-01  1.00021e+00
 1.71985e+03  9.98641e-01  1.00021e+00
 1.71987e+03  1.00024e+00  1.00021e+00
 1.71989e+03  9.99527e-01  1.00021e+00
 1.71993e+03  9.99626e-01  1.00021e+00
 1.71995e+03  1.00000e+00  1.00021e+00
 1.71997e+03  9.99937e-01  1.00021e+00
 1.72006e+03  1.00016e+00  1.00021e+00
 1.72008e+03  1.00020e+00  1.00021e+00
 1.72012e+03  1.00044e+00  1.00021e+00
 1.72014e+03  9.99790e-01  1.00021e+00
 1.72016e+03  9.99717e-01  1.00021e+00
 1.72020e+03  9.99634e-01  1.00021e+00
 1.72022e+03  9.97610e-01  1.00021e+00
 1.72024e+03  9.99972e-01  1.00021e+00
 1.72026e+03  9.99106e-01  1.00021e+00
 1.72033e+03  1.00020e+00  1.00021e+00
 1.72035e+03  9.99315e-01  1.00021e+00
 1.72037e+03  1.00006e+00  1.00021e+00
 1.72041e+03  1.00018e+00  1.00021e+00
 1.72043e+03  9.99926e-01  1.00021e+00
 1.72045e+03  9.99484e-01  1.00021e+00
 1.72047e+03  9.99976e-01  1.00021e+00
 1.72049e+03  1.00005e+00  1.00021e+00
 1.72051e+03  1.00066e+00  1.00021e+00
 1.72053e+03  1.00023e+00  1.00021e+00
 1.72058e+03  1.00013e+00  1.00021e+00
 1.72060e+03  1.00079e+00  1.00021e+00
 1.72062e+03  1.00070e+00  1.00021e+00
 1.72064e+03  1.00004e+00  1.00021e+00
 1.72066e+03  1.00042e+00  1.00021e+00
 1.72068e+03  1.00092e+00  1.00021e+00
 1.72070e+03  1.00141e+00  1.00021e+00
 1.72072e+03  1.00085e+00  1.00021e+00
 1.72074e+03  1.00007e+00  1.00021e+00
 1.72076e+03  1.00036e+00  1.00021e+00
 1.72078e+03  1.00102e+00  1.00021e+00
 1.72081e+03  1.00047e+00  1.00021e+00
 1.72083e+03  9.99942e-01  1.00021e+00
 1.72085e+03  1.00039e+00  1.00021e+00
 1.72087e+03  1.00128e+00  1.00021e+00
 1.72089e+03  1.00092e+00  1.00021e+00
 1.72097e+03  9.97739e-01  1.00021e+00
 1.72099e+03  1.00452e+00  1.00021e+00
 1.72101e+03  1.00638e+00  1.00021e+00
 1.72106e+03  9.93600e-01  1.00021e+00
 1.72108e+03  9.98137e-01  1.00021e+00
 1.72110e+03  1.00365e+00  1.00021e+00
 1.72112e+03  1.00673e+00  1.00021e+00
 1.72114e+03  1.00010e+00  1.00021e+00
 1.72116e+03  9.93939e-01  1.00021e+00
 1.72118e+03  9.98475e-01  1.00021e+00
 1.72120e+03  1.00294e+00  1.00021e+00
 1.72122e+03  1.00196e+00  1.00021e+00
 1.72124e+03  1.00013e+00  1.00021e+00
 1.72126e+03  9.99237e-01  1.00021e+00
 1.72128e+03  1.00004e+00  1.00021e+00
 1.72131e+03  1.00184e+00  1.00021e+00
 1.72133e+03  1.00010e+00  1.00021e+00
 1.72135e+03  9.99155e-01  1.00021e+00
 1.72137e+03  9.99915e-01  1.00021e+00
 1.72139e+03  9.98793e-01  1.00021e+00
 1.72141e+03  9.99996e-01  1.00021e+00
 1.72143e+03  9.99235e-01  1.00021e+00
 1.72147e+03  1.00290e+00  1.00021e+00
 1.72149e+03  1.00211e+00  1.00021e+00
 1.72151e+03  9.99504e-01  1.00021e+00
 1.72153e+03  1.00241e+00  1.00021e+00
 1.72156e+03  9.99975e-01  1.00021e+00
 1.72158e+03  9.98145e-01  1.00021e+00
 1.72160e+03  1.00056e+00  1.00021e+00
 1.72162e+03  1.00039e+00  1.00021e+00
 1.72164e+03  1.00077e+00  1.00021e+00
 1.72166e+03  1.00082e+00  1.00021e+00
 1.72168e+03  1.00134e+00  1.00021e+00
 1.72170e+03  1.00026e+00  1.00021e+00
 1.72172e+03  1.00023e+00  1.00021e+00
 1.72176e+03  9.99869e-01  1.00021e+00
 1.72178e+03  1.00010e+00  1.00021e+00
 1.72181e+03  1.00118e+00  1.00021e+00
 1.72183e+03  1.00061e+00  1.00021e+00
 1.72185e+03  1.00062e+00  1.00021e+00
 1.72187e+03  1.00038e+00  1.00021e+00
 1.72189e+03  1.00011e+00  1.00021e+00
 1.72191e+03  1.00087e+00  1.00021e+00
 1.72193e+03  1.00038e+00  1.00021e+00
 1.72195e+03  1.00056e+00  1.00021e+00
 1.72197e+03  9.99935e-01  1.00021e+00
 1.72199e+03  1.00036e+00  1.00021e+00
 1.72201e+03  1.00018e+00  1.00021e+00
 1.72203e+03  1.00020e+00  1.00022e+00
 1.72206e+03  1.00027e+00  1.00022e+00
 1.72208e+03  1.00005e+00  1.00022e+00
 1.72210e+03  1.00001e+00  1.00022e+00
 1.72212e+03  1.00079e+00  1.00022e+00
 1.72216e+03  1.00071e+00  1.00022e+00
 1.72218e+03  1.00067e+00  1.00022e+00
 1.72220e+03  1.00062e+00  1.00022e+00
 1.72222e+03  1.00091e+00  1.00022e+00
 1.72224e+03  1.00090e+00  1.00022e+00
 1.72226e+03  1.00007e+00  1.00022e+00
 1.72228e+03  1.00046e+00  1.00022e+00
 1.72231e+03  1.00023e+00  1.00022e+00
 1.72233e+03  1.00045e+00  1.00022e+00
 1.72235e+03  1.00034e+00  1.00022e+00
 1.72237e+03  1.00007e+00  1.00022e+00
 1.72239e+03  9.99885e-01  1.00022e+00
 1.72241e+03  9.99763e-01  1.00022e+00
 1.72243e+03  1.00002e+00  1.00022e+00
 1.72245e+03  9.99784e-01  1.00022e+00
 1.72247e+03  1.00020e+00  1.00022e+00
 1.72249e+03  1.00062e+00  1.00022e+00
 1.72251e+03  1.00022e+00  1.00022e+00
 1.72253e+03  1.00087e+00  1.00022e+00
 1.72256e+03  1.00032e+00  1.00022e+00
 1.72258e+03  1.00054e+00  1.00022e+00
 1.72260e+03  1.00088e+00  1.00022e+00
 1.72262e+03  1.00105e+00  1.00022e+00
 1.72264e+03  1.00059e+00  1.00022e+00
 1.72266e+03  1.00078e+00  1.00022e+00
 1.72268e+03  9.99893e-01  1.00022e+00
 1.72270e+03  1.00024e+00  1.00022e+00
 1.72272e+03  1.00002e+00  1.00022e+00
 1.72274e+03  1.00037e+00  1.00022e+00
 1.72276e+03  9.99989e-01  1.00022e+00
 1.72278e+03  1.00025e+00  1.00022e+00
 1.72281e+03  9.99562e-01  1.00022e+00
 1.72285e+03  1.00051e+00  1.00022e+00
 1.72287e+03  9.99761e-01  1.00022e+00
 1.72289e+03  1.00054e+00  1.00022e+00
 1.72291e+03  1.00005e+00  1.00022e+00
 1.72293e+03  1.00017e+00  1.00022e+00
 1.72295e+03  9.99502e-01  1.00022e+00
 1.72297e+03  1.00036e+00  1.00022e+00
 1.72299e+03  9.99780e-01  1.00022e+00
 1.72301e+03  1.00038e+00  1.00022e+00
 1.72303e+03  9.99905e-01  1.00022e+00
 1.72306e+03  1.00041e+00  1.00022e+00
 1.72308e+03  9.99796e-01  1.00022e+00
 1.72310e+03  9.99986e-01  1.00022e+00
 1.72312e+03  1.00049e+00  1.00022e+00
 1.72314e+03  1.00100e+00  1.00022e+00
 1.72316e+03  1.00000e+00  1.00022e+00
 1.72318e+03  1.00030e+00  1.00022e+00
 1.72320e+03  9.99599e-01  1.00022e+00
 1.72322e+03  1.00070e+00  1.00022e+00
 1.72324e+03  1.00011e+00  1.00022e+00
 1.72326e+03  1.00037e+00  1.00022e+00
 1.72328e+03  1.00017e+00  1.00022e+00
 1.72331e+03  1.00017e+00  1.00022e+00
 1.72333e+03  1.00087e+00  1.00022e+00
 1.72335e+03  1.00059e+00  1.00022e+00
 1.72337e+03  1.00081e+00  1.00022e+00
 1.72339e+03  1.00105e+00  1.00022e+00
 1.72341e+03  1.00014e+00  1.00022e+00
 1.72343e+03  1.00029e+00  1.00022e+00
 1.72345e+03  1.00008e+00  1.00022e+00
 1.72347e+03  1.00031e+00  1.00022e+00
 1.72349e+03  1.00033e+00  1.00022e+00
 1.72351e+03  9.99925e-01  1.00022e+00
 1.72353e+03  1.00002e+00  1.00022e+00
 1.72356e+03  1.00013e+00  1.00022e+00
 1.72358e+03  1.00019e+00  1.00022e+00
 1.72360e+03  1.00035e+00  1.00022e+00
 1.72362e+03  1.00031e+00  1.00022e+00
 1.72364e+03  1.00004e+00  1.00022e+00
 1.72366e+03  1.00038e+00  1.00022e+00
 1.72368e+03  9.99674e-01  1.00022e+00
 1.72370e+03  1.00075e+00  1.00022e+00
 1.72372e+03  1.00040e+00  1.00022e+00
 1.72374e+03  1.00036e+00  1.00022e+00
 1.72376e+03  1.00029e+00  1.00022e+00
 1.72378e+03  1.00003e+00  1.00022e+00
 1.72381e+03  9.98883e-01  1.00022e+00
 1.72497e+03  1.00479e+00  1.00023e+00
 1.72499e+03  1.00336e+00  1.00023e+00
 1.72501e+03  1.00270e+00  1.00023e+00
 1.72503e+03  1.00177e+00  1.00023e+00
 1.72506e+03  1.00248e+00  1.00023e+00
 1.72514e+03  1.00152e+00  1.00023e+00
 1.72516e+03  1.00077e+00  1.00023e+00
 1.72518e+03  1.00020e+00  1.00023e+00
 1.72520e+03  1.00051e+00  1.00023e+00
 1.72522e+03  1.00003e+00  1.00023e+00
 1.72524e+03  1.00088e+00  1.00023e+00
 1.72526e+03  9.99822e-01  1.00023e+00
 1.72531e+03  1.00010e+00  1.00023e+00
 1.72533e+03  1.00048e+00  1.00023e+00
 1.72535e+03  9.99670e-01  1.00023e+00
 1.72539e+03  1.00065e+00  1.00023e+00
 1.72543e+03  1.00032e+00  1.00023e+00
 1.72551e+03  1.00025e+00  1.00023e+00
 1.72558e+03  9.99352e-01  1.00023e+00
 1.72560e+03  9.99332e-01  1.00023e+00
 1.72562e+03  9.98342e-01  1.00023e+00
 1.72566e+03  9.98896e-01  1.00023e+00
 1.72568e+03  9.99304e-01  1.00023e+00
 1.72572e+03  9.98347e-01  1.00023e+00
 1.72576e+03  9.99302e-01  1.00023e+00
 1.72581e+03  9.99574e-01  1.00023e+00
 1.72583e+03  9.99664e-01  1.00023e+00
 1.72585e+03  9.99925e-01  1.00023e+00
 1.72587e+03  9.99139e-01  1.00023e+00
 1.72589e+03  9.98718e-01  1.00023e+00
 1.72599e+03  9.99908e-01  1.00023e+00
 1.72601e+03  9.99858e-01  1.00023e+00
 1.72603e+03  1.00029e+00  1.00023e+00
 1.72606e+03  9.99111e-01  1.00023e+00
 1.72608e+03  1.00005e+00  1.00023e+00
 1.72610e+03  1.00042e+00  1.00023e+00
 1.72612e+03  1.00044e+00  1.00023e+00
 1.72614e+03  1.00017e+00  1.00023e+00
 1.72618e+03  1.00084e+00  1.00023e+00
 1.72620e+03  9.99889e-01  1.00023e+00
 1.72622e+03  1.00030e+00  1.00023e+00
 1.72624e+03  1.00012e+00  1.00023e+00
 1.72626e+03  1.00075e+00  1.00023e+00
 1.72628e+03  9.99933e-01  1.00023e+00
 1.72631e+03  1.00030e+00  1.00023e+00
 1.72635e+03  1.00009e+00  1.00023e+00
 1.72637e+03  1.00052e+00  1.00023e+00
 1.72639e+03  1.00013e+00  1.00023e+00
 1.72641e+03  1.00028e+00  1.00023e+00
 1.72643e+03  9.99908e-01  1.00023e+00
 1.72645e+03  1.00058e+00  1.00023e+00
 1.72647e+03  9.99428e-01  1.00023e+00
 1.72649e+03  9.99995e-01  1.00023e+00
 1.72653e+03  9.99780e-01  1.00023e+00
 1.72656e+03  9.99390e-01  1.00023e+00
 1.72658e+03  9.99056e-01  1.00023e+00
 1.72660e+03  1.00003e+00  1.00023e+00
 1.72662e+03  9.99423e-01  1.00023e+00
 1.72664e+03  9.99831e-01  1.00023e+00
 1.72666e+03  9.99874e-01  1.00023e+00
 1.72668e+03  1.00003e+00  1.00023e+00
 1.72672e+03  9.99918e-01  1.00023e+00
 1.72674e+03  9.99469e-01  1.00023e+00
 1.72676e+03  9.99734e-01  1.00023e+00
 1.72678e+03  9.99722e-01  1.00023e+00
 1.72681e+03  9.99880e-01  1.00023e+00
 1.72683e+03  9.99249e-01  1.00023e+00
 1.72687e+03  9.99736e-01  1.00023e+00
 1.72689e+03  1.00022e+00  1.00023e+00
 1.72691e+03  1.00028e+00  1.00023e+00
 1.72695e+03  9.99610e-01  1.00024e+00
 1.72697e+03  1.00020e+00  1.00024e+00
 1.72699e+03  9.99792e-01  1.00024e+00
 1.72701e+03  9.99787e-01  1.00024e+00
 1.72703e+03  1.00088e+00  1.00024e+00
 1.72706e+03  1.00053e+00  1.00024e+00
 1.72708e+03  9.99700e-01  1.00024e+00
 1.72710e+03  9.99613e-01  1.00024e+00
 1.72712e+03  1.00031e+00  1.00024e+00
 1.72714e+03  1.00059e+00  1.00024e+00
 1.72716e+03  1.00047e+00  1.00024e+00
 1.72718e+03  9.99396e-01  1.00024e+00
 1.72720e+03  9.99763e-01  1.00024e+00
 1.72722e+03  1.00038e+00  1.00024e+00
 1.72724e+03  9.98858e-01  1.00024e+00
 1.72726e+03  1.00042e+00  1.00024e+00
 1.72728e+03  1.00037e+00  1.00024e+00
 1.72731e+03  1.00024e+00  1.00024e+00
 1.72733e+03  1.00033e+00  1.00024e+00
 1.72735e+03  1.00068e+00  1.00024e+00
 1.72737e+03  1.00028e+00  1.00024e+00
 1.72739e+03  1.00079e+00  1.00024e+00
 1.72741e+03  9.99630e-01  1.00024e+00
 1.72743e+03  1.00025e+00  1.00024e+00
 1.72745e+03  1.00050e+00  1.00024e+00
 1.72747e+03  1.00098e+00  1.00024e+00
 1.72749e+03  1.00061e+00  1.00024e+00
 1.72751e+03  1.00043e+00  1.00024e+00
 1.72753e+03  1.00000e+00  1.00024e+00
 1.72756e+03  1.00086e+00  1.00024e+00
 1.72758e+03  1.00070e+00  1.00024e+00
 1.72760e+03  1.00043e+00  1.00024e+00
 1.72762e+03  1.00077e+00  1.00024e+00
 1.72764e+03  1.00053e+00  1.00024e+00
 1.72766e+03  1.00073e+00  1.00024e+00
 1.72768e+03  1.00068e+00  1.00024e+00
 1.72770e+03  1.00055e+00  1.00024e+00
 1.72772e+03  1.00089e+00  1.00024e+00
 1.72774e+03  1.00091e+00  1.00024e+00
 1.72776e+03  1.00106e+00  1.00024e+00
 1.72778e+03  1.00081e+00  1.00024e+00
 1.72781e+03  1.00071e+00  1.00024e+00
 1.72783e+03  1.00019e+00  1.00024e+00
 1.72785e+03  9.99327e-01  1.00024e+00
 1.72787e+03  1.00059e+00  1.00024e+00
 1.72789e+03  1.00095e+00  1.00024e+00
 1.72791e+03  1.00088e+00  1.00024e+00
 1.72793e+03  1.00061e+00  1.00024e+00
 1.72795e+03  1.00042e+00  1.00024e+00
 1.72797e+03  1.00052e+00  1.00024e+00
 1.72799e+03  1.00041e+00  1.00024e+00
 1.72801e+03  1.00054e+00  1.00024e+00
 1.72806e+03  1.00078e+00  1.00024e+00
 1.72808e+03  1.00065e+00  1.00024e+00
 1.72810e+03  9.99699e-01  1.00024e+00
 1.72812e+03  9.98936e-01  1.00024e+00
 1.72814e+03  1.00013e+00  1.00024e+00
 1.72816e+03  1.00019e+00  1.00024e+00
 1.72818e+03  9.99932e-01  1.00024e+00
 1.72820e+03  1.00043e+00  1.00024e+00
 1.72824e+03  1.00062e+00  1.00024e+00
 1.72826e+03  1.00001e+00  1.00024e+00
 1.72828e+03  1.00000e+00  1.00024e+00
 1.72831e+03  1.00041e+00  1.00024e+00
 1.72833e+03  1.00049e+00  1.00024e+00
 1.72835e+03  1.00026e+00  1.00024e+00
 1.72837e+03  1.00017e+00  1.00024e+00
 1.72839e+03  9.99891e-01  1.00024e+00
 1.72843e+03  1.00063e+00  1.00024e+00
 1.72845e+03  9.99837e-01  1.00024e+00
 1.72847e+03  1.00020e+00  1.00024e+00
 1.72849e+03  9.99655e-01  1.00024e+00
 1.72851e+03  1.00012e+00  1.00024e+00
 1.72853e+03  1.01004e+00  1.00024e+00
 1.72856e+03  9.99911e-01  1.00024e+00
 1.72858e+03  1.00019e+00  1.00024e+00
 1.72860e+03  1.00032e+00  1.00024e+00
 1.72862e+03  1.00004e+00  1.00024e+00
 1.72864e+03  9.99810e-01  1.00025e+00
 1.72866e+03  1.00034e+00  1.00025e+00
 1.72868e+03  1.00052e+00  1.00025e+00
 1.72870e+03  9.99621e-01  1.00025e+00
 1.72872e+03  9.99588e-01  1.00025e+00
 1.72874e+03  1.00043e+00  1.00025e+00
 1.72876e+03  9.99909e-01  1.00025e+00
 1.72881e+03  1.00031e+00  1.00025e+00
 1.72883e+03  9.99936e-01  1.00025e+00
 1.72885e+03  9.99933e-01  1.00025e+00
 1.72887e+03  9.99640e-01  1.00025e+00
 1.72889e+03  9.99574e-01  1.00025e+00
 1.72893e+03  1.00025e+00  1.00025e+00
 1.72895e+03  9.98456e-01  1.00025e+00
 1.72897e+03  9.99864e-01  1.00025e+00
 1.72901e+03  9.98667e-01  1.00025e+00
 1.72903e+03  9.98642e-01  1.00025e+00
 1.72906e+03  9.99156e-01  1.00025e+00
 1.72910e+03  9.98685e-01  1.00025e+00
 1.72912e+03  9.99270e-01  1.00025e+00
 1.72914e+03  9.98861e-01  1.00025e+00
 1.72918e+03  9.99131e-01  1.00025e+00
 1.72920e+03  9.98889e-01  1.00025e+00
 1.72922e+03  9.99277e-01  1.00025e+00
 1.72926e+03  1.00008e+00  1.00025e+00
 1.72928e+03  9.98948e-01  1.00025e+00
 1.72931e+03  9.97904e-01  1.00025e+00
 1.72935e+03  9.99538e-01  1.00025e+00
 1.72937e+03  9.98858e-01  1.00025e+00
 1.72939e+03  9.98853e-01  1.00025e+00
 1.72941e+03  9.98459e-01  1.00025e+00
 1.72945e+03  9.99254e-01  1.00025e+00
 1.72947e+03  9.98615e-01  1.00025e+00
 1.72953e+03  9.98924e-01  1.00025e+00
 1.72956e+03  9.99069e-01  1.00025e+00
 1.72958e+03  9.99312e-01  1.00025e+00
 1.72960e+03  9.99251e-01  1.00025e+00
 1.72962e+03  9.99307e-01  1.00025e+00
 1.72964e+03  9.99179e-01  1.00025e+00
 1.72966e+03  9.99150e-01  1.00025e+00
 1.72970e+03  9.99714e-01  1.00025e+00
 1.72972e+03  9.99246e-01  1.00025e+00
 1.72974e+03  1.00039e+00  1.00025e+00
 1.72976e+03  1.00054e+00  1.00025e+00
 1.72978e+03  1.00061e+00  1.00025e+00
 1.72981e+03  1.00068e+00  1.00025e+00
 1.72983e+03  1.00148e+00  1.00025e+00
 1.72985e+03  1.00142e+00  1.00025e+00
 1.72987e+03  1.00162e+00  1.00025e+00
 1.72989e+03  1.00216e+00  1.00025e+00
 1.72991e+03  1.00247e+00  1.00025e+00
 1.72993e+03  1.00264e+00  1.00025e+00
 1.72995e+03  1.00326e+00  1.00026e+00
 1.72999e+03  1.00390e+00  1.00026e+00
 1.73001e+03  1.00417e+00  1.00026e+00
 1.73003e+03  1.00490e+00  1.00026e+00
 1.73006e+03  1.00452e+00  1.00026e+00
 1.73008e+03  1.00259e+00  1.00026e+00
 1.73010e+03  1.00520e+00  1.00026e+00
 1.73012e+03  1.00549e+00  1.00026e+00
 1.73014e+03  1.00491e+00  1.00026e+00
 1.73016e+03  1.00540e+00  1.00026e+00
 1.73018e+03  1.00507e+00  1.00026e+00
 1.73020e+03  1.00477e+00  1.00026e+00
 1.73022e+03  1.00463e+00  1.00026e+00
 1.73024e+03  1.00444e+00  1.00026e+00
 1.73026e+03  1.00496e+00  1.00026e+00
 1.73028e+03  1.00439e+00  1.00026e+00
 1.73031e+03  1.00336e+00  1.00026e+00
 1.73033e+03  1.00306e+00  1.00026e+00
 1.73035e+03  1.00377e+00  1.00026e+00
 1.73037e+03  1.00342e+00  1.00026e+00
 1.73039e+03  1.00252e+00  1.00026e+00
 1.73041e+03  1.00255e+00  1.00026e+00
 1.73043e+03  1.00218e+00  1.00026e+00
 1.73045e+03  1.00201e+00  1.00026e+00
 1.73047e+03  1.00185e+00  1.00026e+00
 1.73049e+03  1.00147e+00  1.00026e+00
 1.73051e+03  1.00093e+00  1.00026e+00
 1.73053e+03  1.00079e+00  1.00026e+00
 1.73056e+03  1.00192e+00  1.00026e+00
 1.73058e+03  1.00071e+00  1.00026e+00
 1.73060e+03  1.00057e+00  1.00026e+00
 1.73062e+03  1.00070e+00  1.00026e+00
 1.73064e+03  9.99686e-01  1.00026e+00
 1.73066e+03  1.00011e+00  1.00026e+00
 1.73068e+03  1.00019e+00  1.00026e+00
 1.73070e+03  1.00060e+00  1.00026e+00
 1.73072e+03  9.99384e-01  1.00026e+00
 1.73074e+03  9.99207e-01  1.00026e+00
 1.73076e+03  9.99557e-01  1.00026e+00
 1.73078e+03  9.99909e-01  1.00026e+00
 1.73081e+03  9.99525e-01  1.00026e+00
 1.73083e+03  9.99851e-01  1.00026e+00
 1.73085e+03  9.99527e-01  1.00026e+00
 1.73087e+03  9.99523e-01  1.00026e+00
 1.73089e+03  9.99558e-01  1.00026e+00
 1.73091e+03  9.99199e-01  1.00026e+00
 1.73095e+03  9.99501e-01  1.00026e+00
 1.73097e+03  9.98981e-01  1.00026e+00
 1.73099e+03  9.99002e-01  1.00027e+00
 1.73101e+03  9.99251e-01  1.00027e+00
 1.73103e+03  9.99503e-01  1.00027e+00
 1.73106e+03  9.99495e-01  1.00027e+00
 1.73108e+03  9.99580e-01  1.00027e+00
 1.73110e+03  9.99666e-01  1.00027e+00
 1.73112e+03  9.99910e-01  1.00027e+00
 1.73114e+03  9.99404e-01  1.00027e+00
 1.73116e+03  9.98913e-01  1.00027e+00
 1.73118e+03  9.99581e-01  1.00027e+00
 1.73120e+03  9.99537e-01  1.00027e+00
 1.73122e+03  9.99350e-01  1.00027e+00
 1.73124e+03  9.99485e-01  1.00027e+00
 1.73126e+03  1.00298e+00  1.00027e+00
 1.73128e+03  9.99270e-01  1.00027e+00
 1.73131e+03  9.99831e-01  1.00027e+00
 1.73133e+03  9.99743e-01  1.00027e+00
 1.73135e+03  9.99264e-01  1.00027e+00
 1.73137e+03  9.99789e-01  1.00027e+00
 1.73139e+03  9.99617e-01  1.00027e+00
 1.73141e+03  9.99496e-01  1.00027e+00
 1.73143e+03  9.99548e-01  1.00027e+00
 1.73145e+03  9.99743e-01  1.00027e+00
 1.73147e+03  9.99538e-01  1.00027e+00
 1.73149e+03  9.99807e-01  1.00027e+00
 1.73151e+03  9.99327e-01  1.00027e+00
 1.73153e+03  9.99921e-01  1.00027e+00
 1.73156e+03  9.99568e-01  1.00027e+00
 1.73158e+03  9.99524e-01  1.00027e+00
 1.73160e+03  9.99393e-01  1.00027e+00
 1.73162e+03  9.99646e-01  1.00027e+00
 1.73164e+03  9.99047e-01  1.00027e+00
 1.73166e+03  9.99147e-01  1.00027e+00
 1.73168e+03  9.99763e-01  1.00027e+00
 1.73170e+03  9.57952e-01  1.00027e+00
 1.73172e+03  9.99526e-01  1.00027e+00
 1.73174e+03  9.99357e-01  1.00027e+00
 1.73176e+03  9.99218e-01  1.00027e+00
 1.73178e+03  1.00004e+00  1.00028e+00
 1.73181e+03  9.99764e-01  1.00028e+00
 1.73183e+03  9.99514e-01  1.00028e+00
 1.73185e+03  9.98694e-01  1.00028e+00
 1.73187e+03  1.00076e+00  1.00028e+00
 1.73189e+03  9.99476e-01  1.00028e+00
 1.73191e+03  9.98860e-01  1.00028e+00
 1.73193e+03  9.99513e-01  1.00028e+00
 1.73195e+03  9.99908e-01  1.00028e+00
 1.73197e+03  9.99917e-01  1.00028e+00
 1.73199e+03  9.99254e-01  1.00028e+00
 1.73203e+03  9.99765e-01  1.00028e+00
 1.73206e+03  9.99720e-01  1.00028e+00
 1.73208e+03  9.99431e-01  1.00028e+00
 1.73210e+03  9.99134e-01  1.00028e+00
 1.73212e+03  1.00010e+00  1.00028e+00
 1.73214e+03  9.99588e-01  1.00028e+00
 1.73216e+03  9.99552e-01  1.00028e+00
 1.73218e+03  9.93491e-01  1.00028e+00
 1.73220e+03  9.99646e-01  1.00028e+00
 1.73222e+03  9.99584e-01  1.00028e+00
 1.73224e+03  9.99777e-01  1.00028e+00
 1.73226e+03  1.00017e+00  1.00028e+00
 1.73228e+03  1.00066e+00  1.00028e+00
 1.73231e+03  9.99779e-01  1.00028e+00
 1.73233e+03  9.99695e-01  1.00028e+00
 1.73235e+03  9.99913e-01  1.00028e+00
 1.73237e+03  1.00036e+00  1.00028e+00
 1.73239e+03  1.00002e+00  1.00028e+00
 1.73241e+03  9.99472e-01  1.00029e+00
 1.73243e+03  1.00033e+00  1.00029e+00
 1.73245e+03  1.00012e+00  1.00029e+00
 1.73247e+03  1.00021e+00  1.00029e+00
 1.73249e+03  9.99919e-01  1.00029e+00
 1.73251e+03  9.99568e-01  1.00029e+00
 1.73253e+03  1.00003e+00  1.00029e+00
 1.73256e+03  9.99424e-01  1.00029e+00
 1.73258e+03  1.00027e+00  1.00029e+00
 1.73260e+03  1.00020e+00  1.00029e+00
 1.73262e+03  9.99962e-01  1.00029e+00
 1.73264e+03  9.99428e-01  1.00029e+00
 1.73266e+03  9.99783e-01  1.00029e+00
 1.73268e+03  9.99891e-01  1.00029e+00
 1.73270e+03  1.00046e+00  1.00029e+00
 1.73272e+03  9.99969e-01  1.00029e+00
 1.73274e+03  9.99569e-01  1.00029e+00
 1.73276e+03  9.99467e-01  1.00029e+00
 1.73278e+03  9.99859e-01  1.00029e+00
 1.73281e+03  9.99876e-01  1.00029e+00
 1.73283e+03  9.99533e-01  1.00029e+00
 1.73285e+03  1.00041e+00  1.00029e+00
 1.73287e+03  9.99465e-01  1.00029e+00
 1.73289e+03  9.99698e-01  1.00029e+00
 1.73291e+03  9.99440e-01  1.00030e+00
 1.73293e+03  9.99732e-01  1.00030e+00
 1.73295e+03  9.99711e-01  1.00030e+00
 1.73297e+03  1.00004e+00  1.00030e+00
 1.73299e+03  9.99283e-01  1.00030e+00
 1.73301e+03  9.99759e-01  1.00030e+00
 1.73303e+03  1.00023e+00  1.00030e+00
 1.73306e+03  1.00009e+00  1.00030e+00
 1.73308e+03  1.00020e+00  1.00030e+00
 1.73310e+03  9.99614e-01  1.00030e+00
 1.73312e+03  1.00044e+00  1.00030e+00
 1.73314e+03  1.00047e+00  1.00030e+00
 1.73316e+03  9.99801e-01  1.00030e+00
 1.73318e+03  9.99999e-01  1.00030e+00
 1.73320e+03  1.00031e+00  1.00030e+00
 1.73322e+03  1.00013e+00  1.00030e+00
 1.73324e+03  9.99973e-01  1.00030e+00
 1.73326e+03  9.99901e-01  1.00030e+00
 1.73328e+03  9.99709e-01  1.00030e+00
 1.73331e+03  1.00060e+00  1.00031e+00
 1.73333e+03  9.99963e-01  1.00031e+00
 1.73335e+03  9.99243e-01  1.00031e+00
 1.73337e+03  1.00047e+00  1.00031e+00
 1.73339e+03  9.99940e-01  1.00031e+00
 1.73341e+03  9.99705e-01  1.00031e+00
 1.73343e+03  9.99428e-01  1.00031e+00
 1.73345e+03  1.00052e+00  1.00031e+00
 1.73347e+03  1.00035e+00  1.00031e+00
 1.73351e+03  1.00003e+00  1.00031e+00
 1.73353e+03  9.99910e-01  1.00031e+00
 1.73356e+03  1.00101e+00  1.00031e+00
 1.73358e+03  1.00012e+00  1.00031e+00
 1.73360e+03  1.00017e+00  1.00032e+00
 1.73362e+03  1.00047e+00  1.00032e+00
 1.73366e+03  1.00072e+00  1.00032e+00
 1.73368e+03  1.00049e+00  1.00032e+00
 1.73370e+03  1.00057e+00  1.00032e+00
 1.73372e+03  1.00080e+00  1.00032e+00
 1.73374e+03  1.00096e+00  1.00032e+00
 1.73376e+03  1.00028e+00  1.00032e+00
 1.73378e+03  1.00046e+00  1.00032e+00
 1.73383e+03  9.99935e-01  1.00032e+00
 1.73385e+03  1.00110e+00  1.00033e+00
 1.73387e+03  1.00003e+00  1.00033e+00
 1.73389e+03  1.00022e+00  1.00033e+00
 1.73391e+03  1.00091e+00  1.00033e+00
 1.73393e+03  1.00117e+00  1.00033e+00
 1.73395e+03  1.00011e+00  1.00033e+00
 1.73397e+03  1.00045e+00  1.00033e+00
 1.73401e+03  1.00065e+00  1.00033e+00
 1.73403e+03  1.00040e+00  1.00033e+00
 1.73406e+03  9.99745e-01  1.00034e+00
 1.73408e+03  1.00166e+00  1.00034e+00
 1.73410e+03  1.00103e+00  1.00034e+00
 1.73412e+03  1.00098e+00  1.00034e+00
 1.73414e+03  1.00054e+00  1.00034e+00
 1.73416e+03  9.99365e-01  1.00034e+00
 1.73418e+03  1.00058e+00  1.00034e+00
 1.73420e+03  1.00021e+00  1.00034e+00
 1.73422e+03  1.00052e+00  1.00035e+00
 1.73424e+03  1.00059e+00  1.00035e+00
 1.73426e+03  1.00044e+00  1.00035e+00
 1.73428e+03  9.99384e-01  1.00035e+00
 1.73431e+03  9.99842e-01  1.00035e+00
 1.73433e+03  1.00054e+00  1.00035e+00
 1.73435e+03  9.99787e-01  1.00035e+00
 1.73437e+03  1.00083e+00  1.00036e+00
 1.73439e+03  9.99913e-01  1.00036e+00
 1.73441e+03  1.00078e+00  1.00036e+00
 1.73443e+03  1.00069e+00  1.00036e+00
 1.73445e+03  1.00001e+00  1.00036e+00
 1.73447e+03  9.98529e-01  1.00037e+00
 1.73449e+03  1.00031e+00  1.00037e+00
 1.73451e+03  1.00040e+00  1.00037e+00
 1.73453e+03  9.99775e-01  1.00037e+00
 1.73456e+03  9.99362e-01  1.00037e+00
 1.73458e+03  9.99880e-01  1.00038e+00
 1.73460e+03  1.00039e+00  1.00038e+00
 1.73462e+03  1.00143e+00  1.00038e+00
 1.73464e+03  1.00095e+00  1.00038e+00
 1.73466e+03  9.99790e-01  1.00039e+00
 1.73468e+03  9.98371e-01  1.00039e+00
 1.73470e+03  9.97495e-01  1.00039e+00
 1.73472e+03  1.00081e+00  1.00040e+00
 1.73476e+03  1.00637e+00  1.00040e+00
 1.73478e+03  9.97359e-01  1.00041e+00
 1.73481e+03  9.95179e-01  1.00041e+00
 1.73483e+03  9.98387e-01  1.00041e+00
 1.73485e+03  1.00259e+00  1.00042e+00
 1.73487e+03  1.00045e+00  1.00042e+00
 1.73489e+03  9.91976e-01  1.00043e+00
 1.73491e+03  9.92763e-01  1.00043e+00
 1.73493e+03  1.00083e+00  1.00044e+00
 1.73495e+03  1.00102e+00  1.00044e+00
 1.73497e+03  9.99534e-01  1.00045e+00
 1.73499e+03  9.99138e-01  1.00046e+00
 1.73501e+03  9.98543e-01  1.00046e+00
 1.73503e+03  9.84100e-01  1.00047e+00
 1.73506e+03  9.97731e-01  1.00048e+00
 1.73508e+03  1.00043e+00  1.00049e+00
 1.73510e+03  9.98127e-01  1.00049e+00
 1.73512e+03  9.98699e-01  1.00050e+00
 1.73514e+03  9.97146e-01  1.00051e+00
 1.73516e+03  9.96484e-01  1.00052e+00
 1.73518e+03  1.00011e+00  1.00054e+00
 1.73520e+03  1.00142e+00  1.00055e+00
 1.73522e+03  9.99155e-01  1.00056e+00
 1.73524e+03  9.96669e-01  1.00058e+00
 1.73526e+03  9.99071e-01  1.00060e+00
 1.73528e+03  9.99532e-01  1.00061e+00
 1.73531e+03  9.99464e-01  1.00063e+00
 1.73533e+03  9.97598e-01  1.00066e+00
 1.73535e+03  9.98622e-01  1.00068e+00
 1.73537e+03  9.97033e-01  1.00071e+00
 1.73539e+03  1.00086e+00  1.00074e+00
 1.73541e+03  1.00024e+00  1.00078e+00
 1.73543e+03  1.00032e+00  1.00082e+00
 1.73545e+03  9.99258e-01  1.00086e+00
 1.73547e+03  9.99233e-01  1.00091e+00
 1.73549e+03  9.99850e-01  1.00097e+00
 1.73551e+03  1.00054e+00  1.00103e+00
 1.73553e+03  1.00037e+00  1.00111e+00
 1.73556e+03  1.00166e+00  1.00120e+00
 1.73558e+03  1.00171e+00  1.00130e+00
 1.73562e+03  1.00212e+00  1.00155e+00
 1.73564e+03  1.00226e+00  1.00171e+00
 1.73566e+03  1.00985e+00  1.00189e+00
 1.73570e+03  1.00329e+00  1.00234e+00
 1.73572e+03  1.00342e+00  1.00261e+00
 1.73574e+03  1.00373e+00  1.00291e+00
 1.73576e+03  1.00395e+00  1.00323e+00
 1.73578e+03  1.00406e+00  1.00356e+00
 1.73581e+03  1.00428e+00  1.00388e+00
 1.73583e+03  1.00418e+00  1.00417e+00
 1.73585e+03  1.00224e+00  1.00440e+00
 1.73587e+03  1.00339e+00  1.00454e+00
 1.73589e+03  1.00272e+00  1.00457e+00
 1.73591e+03  1.00373e+00  1.00449e+00
 1.73593e+03  1.00324e+00  1.00431e+00
 1.73595e+03  1.00224e+00  1.00404e+00
 1.73597e+03  1.00354e+00  1.00372e+00
 1.73599e+03  1.00387e+00  1.00336e+00
 1.73601e+03  1.00225e+00  1.00300e+00
 1.73603e+03  1.00260e+00  1.00265e+00
 1.73606e+03  1.00274e+00  1.00233e+00
 1.73608e+03  1.00169e+00  1.00204e+00
 1.73610e+03  1.00127e+00  1.00178e+00
 1.73612e+03  1.00086e+00  1.00155e+00
 1.73614e+03  1.00157e+00  1.00136e+00
 1.73616e+03  1.00080e+00  1.00119e+00
 1.73618e+03  1.00100e+00  1.00105e+00
 1.73620e+03  1.00036e+00  1.00092e+00
 1.73622e+03  1.00025e+00  1.00081e+00
 1.73624e+03  9.99551e-01  1.00072e+00
 1.73626e+03  9.99603e-01  1.00064e+00
 1.73628e+03  9.98976e-01  1.00058e+00
 1.73631e+03  9.98945e-01  1.00052e+00
 1.73633e+03  9.99061e-01  1.00046e+00
 1.73635e+03  9.99133e-01  1.00042e+00
 1.73637e+03  9.98405e-01  1.00038e+00
 1.73641e+03  9.98741e-01  1.00032e+00
 1.73643e+03  9.98271e-01  1.00029e+00
 1.73645e+03  9.98939e-01  1.00026e+00
 1.73647e+03  9.98442e-01  1.00024e+00
 1.73649e+03  9.98592e-01  1.00023e+00
 1.73651e+03  9.98358e-01  1.00021e+00
 1.73653e+03  9.98722e-01  1.00019e+00
 1.73656e+03  9.98702e-01  1.00018e+00
 1.73658e+03  9.98560e-01  1.00017e+00
 1.73660e+03  9.98913e-01  1.00016e+00
 1.73662e+03  9.99453e-01  1.00015e+00
 1.73664e+03  9.99051e-01  1.00014e+00
 1.73666e+03  9.99191e-01  1.00013e+00
 1.73668e+03  9.98661e-01  1.00012e+00
 1.73670e+03  9.98935e-01  1.00012e+00
 1.73672e+03  9.99918e-01  1.00011e+00
 1.73674e+03  1.00007e+00  1.00011e+00
 1.73676e+03  9.99785e-01  1.00010e+00
 1.73678e+03  9.99525e-01  1.00010e+00
 1.73681e+03  9.99748e-01  1.00009e+00
 1.73683e+03  1.00011e+00  1.00009e+00
 1.73685e+03  9.99886e-01  1.00008e+00
 1.73687e+03  9.99925e-01  1.00008e+00
 1.73689e+03  1.03177e+00  1.00008e+00
 1.73691e+03  1.00043e+00  1.00008e+00
 1.73693e+03  1.00094e+00  1.00007e+00
 1.73695e+03  1.00070e+00  1.00007e+00
 1.73697e+03  1.00138e+00  1.00007e+00
 1.73699e+03  1.00008e+00  1.00007e+00
 1.73701e+03  1.00047e+00  1.00007e+00
 1.73703e+03  1.00108e+00  1.00006e+00
 1.73706e+03  1.00041e+00  1.00006e+00
 1.73708e+03  1.00063e+00  1.00006e+00
 1.73710e+03  1.00121e+00  1.00006e+00
 1.73712e+03  9.99891e-01  1.00006e+00
 1.73714e+03  1.00080e+00  1.00006e+00
 1.73716e+03  1.00115e+00  1.00006e+00
 1.73718e+03  1.00101e+00  1.00006e+00
 1.73720e+03  1.00325e+00  1.00006e+00
 1.73722e+03  1.00323e+00  1.00005e+00
 1.73724e+03  1.00256e+00  1.00005e+00
 1.73726e+03  1.00165e+00  1.00005e+00
 1.73728e+03  9.99239e-01  1.00005e+00
 1.73731e+03  9.97764e-01  1.00005e+00
 1.73733e+03  9.98201e-01  1.00005e+00
 1.73735e+03  1.00241e+00  1.00005e+00
 1.73737e+03  1.01224e+00  1.00005e+00
 1.73739e+03  1.02504e+00  1.00005e+00
