214
 1.20930e-02  9.99212e-01  1.00028e+00
 3.29500e-02  1.00012e+00  1.00003e+00
 5.21750e-02  9.99187e-01  9.99857e-01
 7.09550e-02  9.99712e-01  9.99732e-01
 8.96750e-02  9.98920e-01  9.99647e-01
 1.11147e-01  9.99070e-01  9.99584e-01
 1.29750e-01  9.99412e-01  9.99552e-01
 1.52011e-01  9.99481e-01  9.99532e-01
 1.73811e-01  9.99308e-01  9.99526e-01
 1.94487e-01  9.99340e-01  9.99529e-01
 2.14354e-01  9.99409e-01  9.99537e-01
 2.34863e-01  9.99140e-01  9.99549e-01
 2.58438e-01  9.99430e-01  9.99566e-01
 2.79740e-01  9.98927e-01  9.99584e-01
 2.96390e-01  9.98557e-01  9.99598e-01
 3.14695e-01  9.99323e-01  9.99615e-01
 3.37277e-01  9.99890e-01  9.99636e-01
 3.57439e-01  9.98663e-01  9.99656e-01
 3.78292e-01  9.99120e-01  9.99676e-01
 3.98005e-01  9.99007e-01  9.99696e-01
 4.16889e-01  9.99238e-01  9.99714e-01
 4.35338e-01  9.99158e-01  9.99733e-01
 4.55536e-01  9.99366e-01  9.99753e-01
 4.74289e-01  9.99849e-01  9.99772e-01
 4.94474e-01  9.99421e-01  9.99793e-01
 5.18180e-01  9.99077e-01  9.99817e-01
 5.36612e-01  9.99216e-01  9.99836e-01
 5.54255e-01  9.99592e-01  9.99855e-01
 5.71410e-01  9.99856e-01  9.99873e-01
 5.87749e-01  9.99419e-01  9.99890e-01
 6.05827e-01  9.99116e-01  9.99910e-01
 6.23490e-01  9.98821e-01  9.99929e-01
 6.42230e-01  9.98924e-01  9.99950e-01
 6.63368e-01  9.98585e-01  9.99974e-01
 6.83435e-01  9.98890e-01  9.99998e-01
 6.99620e-01  1.00006e+00  1.00002e+00
 7.15625e-01  9.99547e-01  1.00004e+00
 7.33248e-01  9.99960e-01  1.00006e+00
 7.55372e-01  1.00018e+00  1.00009e+00
 7.78914e-01  1.00033e+00  1.00012e+00
 7.99276e-01  1.00022e+00  1.00015e+00
 8.20420e-01  1.00031e+00  1.00019e+00
 8.44300e-01  1.00004e+00  1.00023e+00
 8.63070e-01  1.00026e+00  1.00027e+00
 8.80847e-01  1.00042e+00  1.00031e+00
 9.02630e-01  1.00020e+00  1.00036e+00
 9.20417e-01  1.00037e+00  1.00041e+00
 9.37739e-01  1.00025e+00  1.00046e+00
 9.55041e-01  1.00051e+00  1.00052e+00
 9.72664e-01  1.00095e+00  1.00060e+00
 9.93193e-01  1.00125e+00  1.00069e+00
 1.01418e+00  1.00095e+00  1.00080e+00
 1.03484e+00  1.00100e+00  1.00092e+00
 1.05489e+00  1.00113e+00  1.00103e+00
 1.07651e+00  1.00094e+00  1.00109e+00
 1.09734e+00  1.00102e+00  1.00105e+00
 1.11625e+00  1.00110e+00  1.00092e+00
 1.13391e+00  1.00111e+00  1.00081e+00
 1.15312e+00  1.00123e+00  1.00079e+00
 1.17442e+00  1.00085e+00  1.00080e+00
 1.19447e+00  1.00082e+00  1.00068e+00
 1.21673e+00  1.00041e+00  1.00042e+00
 1.23836e+00  1.00000e+00  1.00014e+00
 1.25921e+00  9.99930e-01  9.99927e-01
 1.27941e+00  9.99770e-01  9.99773e-01
 1.29718e+00  9.99672e-01  9.99679e-01
 1.31706e+00  9.98911e-01  9.99608e-01
 1.33822e+00  9.96460e-01  9.99562e-01
 1.35888e+00  9.93805e-01  9.99538e-01
 1.37828e+00  9.94625e-01  9.99528e-01
 1.39880e+00  9.97438e-01  9.99527e-01
 1.41946e+00  9.99154e-01  9.99532e-01
 1.43772e+00  9.99445e-01  9.99541e-01
 1.45745e+00  9.99572e-01  9.99554e-01
 1.47811e+00  9.99315e-01  9.99569e-01
 1.49686e+00  9.99394e-01  9.99585e-01
 1.51577e+00  9.99244e-01  9.99602e-01
 1.53405e+00  9.99697e-01  9.99618e-01
 1.55310e+00  9.99540e-01  9.99637e-01
 1.57187e+00  9.99371e-01  9.99655e-01
 1.59286e+00  9.99731e-01  9.99675e-01
 1.61306e+00  9.99818e-01  9.99695e-01
 1.63197e+00  9.99848e-01  9.99714e-01
 1.65072e+00  9.99652e-01  9.99733e-01
 1.67330e+00  1.00022e+00  9.99756e-01
 1.69318e+00  9.99846e-01  9.99776e-01
 1.71209e+00  9.99759e-01  9.99795e-01
 1.72986e+00  9.99504e-01  9.99813e-01
 1.75135e+00  9.99436e-01  9.99836e-01
 1.77380e+00  9.99254e-01  9.99859e-01
 1.79637e+00  9.99872e-01  9.99883e-01
 1.81833e+00  1.00004e+00  9.99907e-01
 1.83997e+00  9.99921e-01  9.99930e-01
 1.86080e+00  9.99827e-01  9.99954e-01
 1.88115e+00  1.00010e+00  9.99977e-01
 1.89958e+00  9.99663e-01  9.99999e-01
 1.91961e+00  9.99915e-01  1.00002e+00
 1.93947e+00  9.99428e-01  1.00005e+00
 1.95903e+00  9.99520e-01  1.00007e+00
 1.97970e+00  9.99716e-01  1.00010e+00
 1.99972e+00  9.99683e-01  1.00013e+00
 2.01754e+00  9.99890e-01  1.00016e+00
 2.03819e+00  9.99826e-01  1.00019e+00
 2.06320e+00  9.99615e-01  1.00024e+00
 2.08402e+00  9.99807e-01  1.00028e+00
 2.10389e+00  9.99811e-01  1.00032e+00
 2.12280e+00  9.99786e-01  1.00037e+00
 2.41860e-02  9.99212e-01  1.00013e+00
 6.59000e-02  1.00012e+00  9.99761e-01
 1.04350e-01  9.99187e-01  9.99601e-01
 1.41910e-01  9.99712e-01  9.99539e-01
 1.79350e-01  9.98920e-01  9.99526e-01
 2.22294e-01  9.99070e-01  9.99541e-01
 2.59500e-01  9.99412e-01  9.99567e-01
 3.04022e-01  9.99481e-01  9.99605e-01
 3.47622e-01  9.99308e-01  9.99646e-01
 3.88974e-01  9.99340e-01  9.99687e-01
 4.28708e-01  9.99409e-01  9.99726e-01
 4.69726e-01  9.99140e-01  9.99768e-01
 5.16876e-01  9.99430e-01  9.99816e-01
 5.59480e-01  9.98927e-01  9.99860e-01
 5.92780e-01  9.98557e-01  9.99896e-01
 6.29390e-01  9.99323e-01  9.99936e-01
 6.74554e-01  9.99890e-01  9.99987e-01
 7.14878e-01  9.98663e-01  1.00004e+00
 7.56584e-01  9.99120e-01  1.00009e+00
 7.96010e-01  9.99007e-01  1.00015e+00
 8.33778e-01  9.99238e-01  1.00021e+00
 8.70676e-01  9.99158e-01  1.00028e+00
 9.11072e-01  9.99366e-01  1.00038e+00
 9.48578e-01  9.99849e-01  1.00050e+00
 9.88948e-01  9.99421e-01  1.00067e+00
 1.03636e+00  9.99077e-01  1.00093e+00
 1.07322e+00  9.99216e-01  1.00109e+00
 1.10851e+00  9.99592e-01  1.00098e+00
 1.14282e+00  9.99856e-01  1.00079e+00
 1.17550e+00  9.99419e-01  1.00080e+00
 1.21165e+00  9.99116e-01  1.00048e+00
 1.24698e+00  9.98821e-01  1.00005e+00
 1.28446e+00  9.98924e-01  9.99743e-01
 1.32674e+00  9.98585e-01  9.99584e-01
 1.36687e+00  9.98890e-01  9.99533e-01
 1.39924e+00  1.00006e+00  9.99527e-01
 1.43125e+00  9.99547e-01  9.99538e-01
 1.46650e+00  9.99960e-01  9.99561e-01
 1.51074e+00  1.00018e+00  9.99597e-01
 1.55783e+00  1.00033e+00  9.99641e-01
 1.59855e+00  1.00022e+00  9.99681e-01
 1.64084e+00  1.00031e+00  9.99723e-01
 1.68860e+00  1.00004e+00  9.99771e-01
 1.72614e+00  1.00026e+00  9.99810e-01
 1.76169e+00  1.00042e+00  9.99846e-01
 1.80526e+00  1.00020e+00  9.99892e-01
 1.84083e+00  1.00037e+00  9.99931e-01
 1.87548e+00  1.00025e+00  9.99970e-01
 1.91008e+00  1.00051e+00  1.00001e+00
 1.94533e+00  1.00095e+00  1.00006e+00
 1.98639e+00  1.00125e+00  1.00011e+00
 2.02836e+00  1.00095e+00  1.00018e+00
 2.06969e+00  1.00100e+00  1.00025e+00
 2.10977e+00  1.00113e+00  1.00034e+00
 2.15303e+00  1.00094e+00  1.00046e+00
 2.19469e+00  1.00102e+00  1.00062e+00
 2.23249e+00  1.00110e+00  1.00082e+00
 2.26782e+00  1.00111e+00  1.00102e+00
 2.30624e+00  1.00123e+00  1.00107e+00
 2.34885e+00  1.00085e+00  1.00082e+00
 2.38893e+00  1.00082e+00  1.00080e+00
 2.43347e+00  1.00041e+00  1.00040e+00
 2.47672e+00  1.00000e+00  9.99908e-01
 2.51842e+00  9.99930e-01  9.99654e-01
 2.55882e+00  9.99770e-01  9.99554e-01
 2.59435e+00  9.99672e-01  9.99528e-01
 2.63411e+00  9.98911e-01  9.99532e-01
 2.67643e+00  9.96460e-01  9.99557e-01
 2.71776e+00  9.93805e-01  9.99590e-01
 2.75656e+00  9.94625e-01  9.99625e-01
 2.79760e+00  9.97438e-01  9.99665e-01
 2.83891e+00  9.99154e-01  9.99706e-01
 2.87544e+00  9.99445e-01  9.99742e-01
 2.91490e+00  9.99572e-01  9.99782e-01
 2.95622e+00  9.99315e-01  9.99825e-01
 2.99371e+00  9.99394e-01  9.99864e-01
 3.03154e+00  9.99244e-01  9.99904e-01
 3.06809e+00  9.99697e-01  9.99944e-01
 3.10621e+00  9.99540e-01  9.99988e-01
 3.14374e+00  9.99371e-01  1.00003e+00
 3.18572e+00  9.99731e-01  1.00009e+00
 3.22612e+00  9.99818e-01  1.00015e+00
 3.26393e+00  9.99848e-01  1.00021e+00
 3.30143e+00  9.99652e-01  1.00028e+00
 3.34659e+00  1.00022e+00  1.00040e+00
 3.38637e+00  9.99846e-01  1.00053e+00
 3.42417e+00  9.99759e-01  1.00069e+00
 3.45973e+00  9.99504e-01  1.00089e+00
 3.50270e+00  9.99436e-01  1.00109e+00
 3.54760e+00  9.99254e-01  1.00092e+00
 3.59275e+00  9.99872e-01  1.00080e+00
 3.63665e+00  1.00004e+00  1.00056e+00
 3.67993e+00  9.99921e-01  1.00002e+00
 3.72159e+00  9.99827e-01  9.99709e-01
 3.76230e+00  1.00010e+00  9.99574e-01
 3.79915e+00  9.99663e-01  9.99532e-01
 3.83922e+00  9.99915e-01  9.99529e-01
 3.87894e+00  9.99428e-01  9.99548e-01
 3.91805e+00  9.99520e-01  9.99577e-01
 3.95940e+00  9.99716e-01  9.99613e-01
 3.99945e+00  9.99683e-01  9.99652e-01
 4.03508e+00  9.99890e-01  9.99686e-01
 4.07639e+00  9.99826e-01  9.99728e-01
 4.12639e+00  9.99615e-01  9.99778e-01
 4.16805e+00  9.99807e-01  9.99821e-01
 4.20779e+00  9.99811e-01  9.99862e-01
 4.24560e+00  9.99786e-01  9.99903e-01
