832
 4.13400e-03  9.79392e-01  1.00189e+00
 1.13140e-02  9.85417e-01  1.00189e+00
 1.78360e-02  9.91750e-01  1.00188e+00
 2.48060e-02  9.95834e-01  1.00188e+00
 3.17380e-02  9.97367e-01  1.00187e+00
 3.91370e-02  9.97276e-01  1.00187e+00
 4.63540e-02  9.97421e-01  1.00186e+00
 5.38280e-02  9.98101e-01  1.00185e+00
 6.09000e-02  9.97810e-01  1.00185e+00
 6.77870e-02  9.98040e-01  1.00184e+00
 7.42780e-02  9.97793e-01  1.00184e+00
 8.10280e-02  9.98513e-01  1.00183e+00
 8.79170e-02  9.98524e-01  1.00183e+00
 9.44720e-02  9.98638e-01  1.00182e+00
 1.01871e-01  9.97489e-01  1.00181e+00
 1.08765e-01  9.99906e-01  1.00181e+00
 1.15474e-01  9.99085e-01  1.00180e+00
 1.22013e-01  9.99152e-01  1.00180e+00
 1.28905e-01  9.99484e-01  1.00179e+00
 1.35228e-01  9.99785e-01  1.00179e+00
 1.41603e-01  9.99453e-01  1.00178e+00
 1.48655e-01  9.99753e-01  1.00178e+00
 1.56422e-01  9.99753e-01  1.00177e+00
 1.62990e-01  1.00018e+00  1.00176e+00
 1.70413e-01  1.00077e+00  1.00176e+00
 1.77515e-01  1.00147e+00  1.00175e+00
 1.83820e-01  1.00118e+00  1.00175e+00
 1.90796e-01  1.00238e+00  1.00174e+00
 1.98802e-01  1.00193e+00  1.00173e+00
 2.05336e-01  1.00214e+00  1.00173e+00
 2.12229e-01  1.00374e+00  1.00172e+00
 2.18538e-01  1.00336e+00  1.00172e+00
 2.24950e-01  1.00322e+00  1.00171e+00
 2.32608e-01  1.00378e+00  1.00171e+00
 2.39398e-01  1.00405e+00  1.00170e+00
 2.45783e-01  1.00350e+00  1.00169e+00
 2.52845e-01  1.00431e+00  1.00169e+00
 2.60218e-01  1.00490e+00  1.00168e+00
 2.66842e-01  1.00443e+00  1.00168e+00
 2.73543e-01  1.00536e+00  1.00167e+00
 2.80348e-01  1.00641e+00  1.00167e+00
 2.86750e-01  1.00640e+00  1.00166e+00
 2.93064e-01  1.00685e+00  1.00165e+00
 2.99500e-01  1.00782e+00  1.00165e+00
 3.05738e-01  1.00807e+00  1.00164e+00
 3.11964e-01  1.00741e+00  1.00164e+00
 3.18323e-01  1.01009e+00  1.00163e+00
 3.24707e-01  1.00850e+00  1.00163e+00
 3.30921e-01  1.00870e+00  1.00162e+00
 3.37773e-01  1.01090e+00  1.00162e+00
 3.44159e-01  1.00934e+00  1.00161e+00
 3.51075e-01  1.00879e+00  1.00161e+00
 3.57903e-01  1.01057e+00  1.00160e+00
 3.64398e-01  1.01073e+00  1.00159e+00
 3.70783e-01  1.01076e+00  1.00159e+00
 3.77331e-01  1.01121e+00  1.00158e+00
 3.84188e-01  1.01078e+00  1.00158e+00
 3.91700e-01  1.01152e+00  1.00157e+00
 3.98865e-01  1.01191e+00  1.00157e+00
 4.05493e-01  1.01202e+00  1.00156e+00
 4.12629e-01  1.01158e+00  1.00155e+00
 4.19901e-01  1.01150e+00  1.00155e+00
 4.26888e-01  1.01109e+00  1.00154e+00
 4.33820e-01  1.01102e+00  1.00154e+00
 4.40525e-01  1.01047e+00  1.00153e+00
 4.47153e-01  1.01019e+00  1.00152e+00
 4.53410e-01  1.00990e+00  1.00152e+00
 4.60198e-01  1.00921e+00  1.00151e+00
 4.67310e-01  1.00847e+00  1.00151e+00
 4.73774e-01  1.00855e+00  1.00150e+00
 4.81254e-01  1.00747e+00  1.00150e+00
 4.88140e-01  1.00667e+00  1.00149e+00
 4.94867e-01  1.00608e+00  1.00148e+00
 5.02090e-01  1.00511e+00  1.00148e+00
 5.09423e-01  1.00531e+00  1.00147e+00
 5.15910e-01  1.00382e+00  1.00147e+00
 5.22698e-01  1.00329e+00  1.00146e+00
 5.29810e-01  1.00217e+00  1.00145e+00
 5.36122e-01  1.00180e+00  1.00145e+00
 5.42607e-01  1.00047e+00  1.00144e+00
 5.49490e-01  1.00069e+00  1.00144e+00
 5.55969e-01  9.99186e-01  1.00143e+00
 5.62971e-01  9.98560e-01  1.00142e+00
 5.70786e-01  9.98064e-01  1.00142e+00
 5.77228e-01  9.97795e-01  1.00141e+00
 5.83575e-01  9.96737e-01  1.00141e+00
 5.91162e-01  9.96427e-01  1.00140e+00
 5.97366e-01  9.96469e-01  1.00139e+00
 6.03958e-01  9.95605e-01  1.00139e+00
 6.11525e-01  9.94888e-01  1.00138e+00
 6.18238e-01  9.95405e-01  1.00138e+00
 6.25014e-01  9.94186e-01  1.00137e+00
 6.32820e-01  9.94552e-01  1.00136e+00
 6.39038e-01  9.95059e-01  1.00136e+00
 6.45377e-01  9.94541e-01  1.00135e+00
 6.52289e-01  9.89895e-01  1.00135e+00
 6.58595e-01  9.80183e-01  1.00134e+00
 6.64953e-01  9.67650e-01  1.00134e+00
 6.71793e-01  9.50783e-01  1.00133e+00
 6.78887e-01  9.33671e-01  1.00132e+00
 6.85091e-01  9.16568e-01  1.00132e+00
 6.92613e-01  8.96136e-01  1.00131e+00
 6.99017e-01  8.82113e-01  1.00131e+00
 7.05225e-01  8.69089e-01  1.00130e+00
 7.12312e-01  8.55371e-01  1.00129e+00
 7.19159e-01  8.49575e-01  1.00129e+00
 7.25490e-01  8.44916e-01  1.00128e+00
 7.32185e-01  8.46978e-01  1.00128e+00
 7.38830e-01  8.53037e-01  1.00127e+00
 7.45083e-01  8.61316e-01  1.00127e+00
 7.51615e-01  8.72949e-01  1.00126e+00
 7.58360e-01  8.88547e-01  1.00125e+00
 7.65292e-01  9.07074e-01  1.00125e+00
 7.72609e-01  9.25813e-01  1.00124e+00
 7.80259e-01  9.47308e-01  1.00124e+00
 7.86750e-01  9.63127e-01  1.00123e+00
 7.93295e-01  9.78940e-01  1.00122e+00
 8.00407e-01  9.90630e-01  1.00122e+00
 8.07349e-01  9.96441e-01  1.00121e+00
 8.14115e-01  9.98677e-01  1.00121e+00
 8.21460e-01  9.98191e-01  1.00120e+00
 8.27792e-01  9.98797e-01  1.00119e+00
 8.34267e-01  9.98434e-01  1.00119e+00
 8.41169e-01  9.99262e-01  1.00118e+00
 8.48066e-01  9.99598e-01  1.00118e+00
 8.55107e-01  1.00079e+00  1.00117e+00
 8.61980e-01  9.99435e-01  1.00116e+00
 8.68218e-01  9.99838e-01  1.00116e+00
 8.75765e-01  1.00006e+00  1.00115e+00
 8.82820e-01  9.99487e-01  1.00114e+00
 8.89038e-01  9.99985e-01  1.00114e+00
 8.95377e-01  1.00001e+00  1.00113e+00
 9.02513e-01  9.99770e-01  1.00113e+00
 9.09184e-01  1.00010e+00  1.00112e+00
 9.15527e-01  1.00022e+00  1.00112e+00
 9.22473e-01  1.00081e+00  1.00111e+00
 9.30411e-01  1.00014e+00  1.00110e+00
 9.37027e-01  1.00048e+00  1.00110e+00
 9.43939e-01  9.99838e-01  1.00109e+00
 9.51538e-01  1.00032e+00  1.00108e+00
 9.57877e-01  1.00057e+00  1.00108e+00
 9.64789e-01  1.00021e+00  1.00107e+00
 9.71085e-01  1.00031e+00  1.00107e+00
 9.77766e-01  1.00066e+00  1.00106e+00
 9.84963e-01  1.00027e+00  1.00105e+00
 9.91844e-01  9.99350e-01  1.00105e+00
 9.98273e-01  9.99892e-01  1.00104e+00
 1.00512e+00  1.00062e+00  1.00104e+00
 1.01152e+00  1.00010e+00  1.00103e+00
 1.01818e+00  1.00046e+00  1.00102e+00
 1.02527e+00  1.00026e+00  1.00102e+00
 1.03174e+00  9.98941e-01  1.00101e+00
 1.03856e+00  1.00006e+00  1.00101e+00
 1.04585e+00  1.00018e+00  1.00100e+00
 1.05319e+00  9.99715e-01  1.00099e+00
 1.05940e+00  9.99884e-01  1.00099e+00
 1.06622e+00  1.00019e+00  1.00098e+00
 1.07271e+00  9.99454e-01  1.00098e+00
 1.07909e+00  9.99701e-01  1.00097e+00
 1.08567e+00  9.99590e-01  1.00096e+00
 1.09231e+00  9.99475e-01  1.00096e+00
 1.09862e+00  9.99233e-01  1.00095e+00
 1.10579e+00  9.99631e-01  1.00095e+00
 1.11252e+00  9.99611e-01  1.00094e+00
 1.11913e+00  9.98801e-01  1.00093e+00
 1.12592e+00  9.99902e-01  1.00093e+00
 1.13314e+00  9.99363e-01  1.00092e+00
 1.13973e+00  9.99307e-01  1.00092e+00
 1.14607e+00  9.99388e-01  1.00091e+00
 1.15297e+00  9.99849e-01  1.00090e+00
 1.15918e+00  9.99576e-01  1.00090e+00
 1.16575e+00  9.99440e-01  1.00089e+00
 1.17401e+00  9.99651e-01  1.00088e+00
 1.18118e+00  9.99460e-01  1.00088e+00
 1.18772e+00  9.99734e-01  1.00087e+00
 1.19486e+00  9.99562e-01  1.00087e+00
 1.20154e+00  1.00011e+00  1.00086e+00
 1.20787e+00  9.99611e-01  1.00085e+00
 1.21479e+00  9.99890e-01  1.00085e+00
 1.22168e+00  1.00011e+00  1.00084e+00
 1.22800e+00  1.00035e+00  1.00084e+00
 1.23603e+00  9.99886e-01  1.00083e+00
 1.24252e+00  1.00033e+00  1.00082e+00
 1.24884e+00  1.00081e+00  1.00082e+00
 1.25605e+00  1.00083e+00  1.00081e+00
 1.26276e+00  1.00063e+00  1.00080e+00
 1.26910e+00  1.00069e+00  1.00080e+00
 1.27597e+00  1.00107e+00  1.00079e+00
 1.28235e+00  1.00077e+00  1.00079e+00
 1.28855e+00  1.00130e+00  1.00078e+00
 1.29538e+00  1.00126e+00  1.00078e+00
 1.30187e+00  1.00133e+00  1.00077e+00
 1.30826e+00  1.00146e+00  1.00076e+00
 1.31505e+00  1.00150e+00  1.00076e+00
 1.32271e+00  1.00178e+00  1.00075e+00
 1.32908e+00  1.00198e+00  1.00074e+00
 1.33590e+00  1.00223e+00  1.00074e+00
 1.34354e+00  1.00225e+00  1.00073e+00
 1.34992e+00  1.00234e+00  1.00073e+00
 1.35647e+00  1.00158e+00  1.00072e+00
 1.36335e+00  1.00247e+00  1.00071e+00
 1.37007e+00  1.00128e+00  1.00071e+00
 1.37685e+00  1.00231e+00  1.00070e+00
 1.38442e+00  1.00208e+00  1.00069e+00
 1.39114e+00  1.00262e+00  1.00069e+00
 1.39885e+00  1.00216e+00  1.00068e+00
 1.40549e+00  1.00211e+00  1.00068e+00
 1.41220e+00  1.00219e+00  1.00067e+00
 1.41966e+00  1.00251e+00  1.00066e+00
 1.42655e+00  1.00221e+00  1.00066e+00
 1.43326e+00  1.00172e+00  1.00065e+00
 1.43982e+00  1.00243e+00  1.00064e+00
 1.44646e+00  1.00136e+00  1.00064e+00
 1.45278e+00  1.00203e+00  1.00063e+00
 1.45927e+00  1.00129e+00  1.00063e+00
 1.46615e+00  1.00148e+00  1.00062e+00
 1.47236e+00  1.00134e+00  1.00062e+00
 1.47893e+00  1.00148e+00  1.00061e+00
 1.48651e+00  1.00184e+00  1.00060e+00
 1.49321e+00  1.00141e+00  1.00060e+00
 1.49954e+00  1.00085e+00  1.00059e+00
 1.50698e+00  1.00080e+00  1.00058e+00
 1.51427e+00  1.00077e+00  1.00058e+00
 1.52107e+00  1.00069e+00  1.00057e+00
 1.52796e+00  1.00066e+00  1.00057e+00
 1.53417e+00  1.00065e+00  1.00056e+00
 1.54050e+00  1.00064e+00  1.00055e+00
 1.54746e+00  1.00063e+00  1.00055e+00
 1.55387e+00  1.00021e+00  1.00054e+00
 1.56009e+00  1.00003e+00  1.00054e+00
 1.56691e+00  1.00051e+00  1.00053e+00
 1.57365e+00  1.00041e+00  1.00052e+00
 1.58021e+00  1.00026e+00  1.00052e+00
 1.58706e+00  9.99757e-01  1.00051e+00
 1.59439e+00  9.99961e-01  1.00051e+00
 1.60150e+00  9.99532e-01  1.00050e+00
 1.60903e+00  9.99483e-01  1.00049e+00
 1.61613e+00  9.99624e-01  1.00049e+00
 1.62306e+00  9.99089e-01  1.00048e+00
 1.63096e+00  9.99539e-01  1.00047e+00
 1.63835e+00  9.99069e-01  1.00047e+00
 1.64466e+00  9.99070e-01  1.00046e+00
 1.65212e+00  9.99393e-01  1.00045e+00
 1.65857e+00  9.99038e-01  1.00045e+00
 1.66493e+00  9.98833e-01  1.00044e+00
 1.67176e+00  9.98238e-01  1.00044e+00
 1.67826e+00  9.98555e-01  1.00043e+00
 1.68428e+00  9.98787e-01  1.00042e+00
 1.69075e+00  9.98517e-01  1.00042e+00
 1.69715e+00  9.98374e-01  1.00041e+00
 1.70279e+00  9.99562e-01  1.00041e+00
 1.70879e+00  9.98845e-01  1.00040e+00
 1.71568e+00  9.99191e-01  1.00040e+00
 1.72175e+00  9.98840e-01  1.00039e+00
 1.72778e+00  9.99312e-01  1.00039e+00
 1.73473e+00  9.98609e-01  1.00038e+00
 1.74044e+00  9.99213e-01  1.00037e+00
 1.74631e+00  9.99136e-01  1.00037e+00
 1.75231e+00  9.99255e-01  1.00036e+00
 1.76011e+00  9.99601e-01  1.00036e+00
 1.76590e+00  9.99959e-01  1.00035e+00
 1.77245e+00  9.99701e-01  1.00035e+00
 1.77872e+00  9.99674e-01  1.00034e+00
 1.78440e+00  9.99414e-01  1.00034e+00
 1.79027e+00  9.99011e-01  1.00033e+00
 1.79654e+00  9.99459e-01  1.00032e+00
 1.80233e+00  9.99462e-01  1.00032e+00
 1.80826e+00  9.99811e-01  1.00031e+00
 1.81412e+00  9.99871e-01  1.00031e+00
 1.82038e+00  9.99299e-01  1.00030e+00
 1.82608e+00  1.00004e+00  1.00030e+00
 1.83216e+00  9.99683e-01  1.00029e+00
 1.83923e+00  1.00026e+00  1.00029e+00
 1.84530e+00  9.99398e-01  1.00028e+00
 1.85093e+00  1.00014e+00  1.00028e+00
 1.85725e+00  1.00071e+00  1.00027e+00
 1.86428e+00  1.00081e+00  1.00026e+00
 1.87123e+00  1.00093e+00  1.00026e+00
 1.87738e+00  1.00014e+00  1.00025e+00
 1.88404e+00  1.00136e+00  1.00025e+00
 1.89028e+00  1.00107e+00  1.00024e+00
 1.89699e+00  1.00133e+00  1.00023e+00
 1.90465e+00  1.00112e+00  1.00023e+00
 1.91110e+00  1.00150e+00  1.00022e+00
 1.91735e+00  1.00153e+00  1.00022e+00
 1.92532e+00  1.00077e+00  1.00021e+00
 1.93234e+00  1.00156e+00  1.00020e+00
 1.93919e+00  1.00158e+00  1.00020e+00
 1.94700e+00  1.00194e+00  1.00019e+00
 1.95386e+00  1.00135e+00  1.00018e+00
 1.96026e+00  1.00135e+00  1.00018e+00
 1.96729e+00  1.00164e+00  1.00017e+00
 1.97314e+00  1.00112e+00  1.00017e+00
 1.97892e+00  1.00062e+00  1.00016e+00
 1.98544e+00  1.00071e+00  1.00016e+00
 1.99166e+00  1.00117e+00  1.00015e+00
 1.99806e+00  1.00063e+00  1.00015e+00
 2.00502e+00  1.00099e+00  1.00014e+00
 2.01336e+00  1.00073e+00  1.00013e+00
 2.01942e+00  1.00026e+00  1.00013e+00
 2.02611e+00  1.00035e+00  1.00012e+00
 2.03325e+00  1.00030e+00  1.00012e+00
 2.03901e+00  1.00038e+00  1.00011e+00
 2.04501e+00  1.00325e+00  1.00011e+00
 2.05185e+00  1.00024e+00  1.00010e+00
 2.05803e+00  1.00010e+00  1.00009e+00
 2.06388e+00  1.00223e+00  1.00009e+00
 2.07016e+00  9.99750e-01  1.00008e+00
 2.07676e+00  9.99365e-01  1.00008e+00
 2.08254e+00  1.00199e+00  1.00007e+00
 2.08899e+00  9.99570e-01  1.00007e+00
 2.09552e+00  9.99139e-01  1.00006e+00
 2.10151e+00  9.99399e-01  1.00006e+00
 2.10726e+00  9.99195e-01  1.00005e+00
 2.11318e+00  1.00007e+00  1.00005e+00
 2.11898e+00  9.98973e-01  1.00004e+00
 2.12453e+00  9.99207e-01  1.00004e+00
 2.13062e+00  1.00177e+00  1.00003e+00
 2.13697e+00  9.99316e-01  1.00003e+00
 2.14212e+00  9.98705e-01  1.00002e+00
 2.14884e+00  9.99676e-01  1.00002e+00
 2.15602e+00  9.99160e-01  1.00001e+00
 2.16240e+00  9.98847e-01  1.00000e+00
 2.16865e+00  1.00066e+00  9.99999e-01
 2.17485e+00  9.98858e-01  9.99993e-01
 2.18092e+00  9.99892e-01  9.99988e-01
 2.18786e+00  1.00074e+00  9.99982e-01
 2.19499e+00  9.99140e-01  9.99976e-01
 2.20106e+00  9.98793e-01  9.99971e-01
 2.20692e+00  9.99198e-01  9.99966e-01
 2.21297e+00  9.99988e-01  9.99961e-01
 2.21936e+00  9.99038e-01  9.99956e-01
 2.22591e+00  9.98268e-01  9.99950e-01
 2.23184e+00  9.99587e-01  9.99945e-01
 2.23750e+00  9.99684e-01  9.99940e-01
 2.24342e+00  9.99286e-01  9.99935e-01
 2.24945e+00  9.99226e-01  9.99930e-01
 2.25553e+00  9.99410e-01  9.99925e-01
 2.26197e+00  9.99675e-01  9.99920e-01
 2.26758e+00  9.98409e-01  9.99915e-01
 2.27374e+00  9.99759e-01  9.99910e-01
 2.28000e+00  9.99047e-01  9.99905e-01
 2.28654e+00  9.99213e-01  9.99899e-01
 2.29326e+00  9.98768e-01  9.99894e-01
 2.29955e+00  9.99718e-01  9.99888e-01
 2.30615e+00  9.99855e-01  9.99883e-01
 2.31242e+00  9.99158e-01  9.99878e-01
 2.31851e+00  1.00073e+00  9.99873e-01
 2.32447e+00  9.99739e-01  9.99868e-01
 2.33008e+00  9.99607e-01  9.99863e-01
 2.33602e+00  9.99637e-01  9.99858e-01
 2.34167e+00  9.99797e-01  9.99854e-01
 2.34758e+00  1.00055e+00  9.99849e-01
 2.35383e+00  9.99375e-01  9.99844e-01
 2.36090e+00  1.00035e+00  9.99838e-01
 2.36773e+00  1.00074e+00  9.99832e-01
 2.37407e+00  1.00038e+00  9.99827e-01
 2.38054e+00  1.00004e+00  9.99822e-01
 2.38751e+00  1.00031e+00  9.99816e-01
 2.39317e+00  1.00009e+00  9.99812e-01
 2.39993e+00  1.00146e+00  9.99806e-01
 2.40711e+00  1.00019e+00  9.99800e-01
 2.41317e+00  1.00128e+00  9.99796e-01
 2.41964e+00  1.00043e+00  9.99790e-01
 2.42708e+00  1.00063e+00  9.99784e-01
 2.43332e+00  1.00103e+00  9.99779e-01
 2.43956e+00  1.00016e+00  9.99774e-01
 2.44630e+00  1.00106e+00  9.99769e-01
 2.45240e+00  1.00145e+00  9.99764e-01
 2.45869e+00  1.00110e+00  9.99759e-01
 2.46537e+00  1.00136e+00  9.99754e-01
 2.47189e+00  1.00133e+00  9.99749e-01
 2.47773e+00  1.00155e+00  9.99744e-01
 2.48388e+00  1.00131e+00  9.99739e-01
 2.49112e+00  1.00109e+00  9.99733e-01
 2.49736e+00  1.00079e+00  9.99729e-01
 2.50331e+00  1.00140e+00  9.99724e-01
 2.51018e+00  1.00103e+00  9.99718e-01
 2.51589e+00  1.00104e+00  9.99714e-01
 2.52173e+00  1.00118e+00  9.99709e-01
 2.52840e+00  1.00078e+00  9.99704e-01
 2.53508e+00  1.00148e+00  9.99699e-01
 2.54117e+00  1.00114e+00  9.99694e-01
 2.54770e+00  1.00052e+00  9.99689e-01
 2.55438e+00  1.00172e+00  9.99684e-01
 2.56086e+00  1.00146e+00  9.99679e-01
 2.56780e+00  1.00045e+00  9.99674e-01
 2.57379e+00  1.00022e+00  9.99669e-01
 2.57960e+00  1.00073e+00  9.99665e-01
 2.58539e+00  1.00065e+00  9.99661e-01
 2.59204e+00  1.00075e+00  9.99655e-01
 2.59812e+00  1.00012e+00  9.99651e-01
 2.60383e+00  9.99958e-01  9.99647e-01
 2.61020e+00  1.00025e+00  9.99642e-01
 2.61712e+00  9.99793e-01  9.99637e-01
 2.62304e+00  9.96616e-01  9.99632e-01
 2.62892e+00  9.92288e-01  9.99628e-01
 2.63518e+00  9.87810e-01  9.99623e-01
 2.64089e+00  9.83390e-01  9.99619e-01
 2.64719e+00  9.75775e-01  9.99614e-01
 2.65393e+00  9.69673e-01  9.99609e-01
 2.66008e+00  9.65261e-01  9.99605e-01
 2.66570e+00  9.59161e-01  9.99601e-01
 2.67198e+00  9.54042e-01  9.99596e-01
 2.67793e+00  9.51755e-01  9.99592e-01
 2.68378e+00  9.47485e-01  9.99587e-01
 2.69024e+00  9.44553e-01  9.99583e-01
 2.69645e+00  9.44539e-01  9.99578e-01
 2.70276e+00  9.43565e-01  9.99574e-01
 2.70868e+00  9.44182e-01  9.99569e-01
 2.71481e+00  9.46134e-01  9.99565e-01
 2.72082e+00  9.49572e-01  9.99561e-01
 2.72671e+00  9.52097e-01  9.99556e-01
 2.73311e+00  9.57148e-01  9.99552e-01
 2.73934e+00  9.63248e-01  9.99547e-01
 2.74559e+00  9.70005e-01  9.99543e-01
 8.26800e-03  9.79392e-01  1.00189e+00
 2.26290e-02  9.85417e-01  1.00188e+00
 3.56710e-02  9.91750e-01  1.00187e+00
 4.96110e-02  9.95834e-01  1.00186e+00
 6.34750e-02  9.97367e-01  1.00185e+00
 7.82740e-02  9.97276e-01  1.00183e+00
 9.27080e-02  9.97421e-01  1.00182e+00
 1.07655e-01  9.98101e-01  1.00181e+00
 1.21799e-01  9.97810e-01  1.00180e+00
 1.35574e-01  9.98040e-01  1.00179e+00
 1.48556e-01  9.97793e-01  1.00178e+00
 1.62055e-01  9.98513e-01  1.00176e+00
 1.75834e-01  9.98524e-01  1.00175e+00
 1.88944e-01  9.98638e-01  1.00174e+00
 2.03743e-01  9.97489e-01  1.00173e+00
 2.17530e-01  9.99906e-01  1.00172e+00
 2.30949e-01  9.99085e-01  1.00171e+00
 2.44027e-01  9.99152e-01  1.00170e+00
 2.57810e-01  9.99484e-01  1.00168e+00
 2.70455e-01  9.99785e-01  1.00167e+00
 2.83207e-01  9.99453e-01  1.00166e+00
 2.97309e-01  9.99753e-01  1.00165e+00
 3.12845e-01  9.99753e-01  1.00164e+00
 3.25979e-01  1.00018e+00  1.00163e+00
 3.40826e-01  1.00077e+00  1.00161e+00
 3.55030e-01  1.00147e+00  1.00160e+00
 3.67639e-01  1.00118e+00  1.00159e+00
 3.81591e-01  1.00238e+00  1.00158e+00
 3.97605e-01  1.00193e+00  1.00157e+00
 4.10671e-01  1.00214e+00  1.00156e+00
 4.24458e-01  1.00374e+00  1.00154e+00
 4.37075e-01  1.00336e+00  1.00153e+00
 4.49899e-01  1.00322e+00  1.00152e+00
 4.65216e-01  1.00378e+00  1.00151e+00
 4.78795e-01  1.00405e+00  1.00150e+00
 4.91567e-01  1.00350e+00  1.00149e+00
 5.05689e-01  1.00431e+00  1.00147e+00
 5.20435e-01  1.00490e+00  1.00146e+00
 5.33685e-01  1.00443e+00  1.00145e+00
 5.47087e-01  1.00536e+00  1.00144e+00
 5.60695e-01  1.00641e+00  1.00143e+00
 5.73499e-01  1.00640e+00  1.00142e+00
 5.86128e-01  1.00685e+00  1.00140e+00
 5.99001e-01  1.00782e+00  1.00139e+00
 6.11476e-01  1.00807e+00  1.00138e+00
 6.23929e-01  1.00741e+00  1.00137e+00
 6.36646e-01  1.01009e+00  1.00136e+00
 6.49414e-01  1.00850e+00  1.00135e+00
 6.61842e-01  1.00870e+00  1.00134e+00
 6.75546e-01  1.01090e+00  1.00133e+00
 6.88318e-01  1.00934e+00  1.00132e+00
 7.02149e-01  1.00879e+00  1.00130e+00
 7.15806e-01  1.01057e+00  1.00129e+00
 7.28795e-01  1.01073e+00  1.00128e+00
 7.41567e-01  1.01076e+00  1.00127e+00
 7.54662e-01  1.01121e+00  1.00126e+00
 7.68376e-01  1.01078e+00  1.00125e+00
 7.83401e-01  1.01152e+00  1.00123e+00
 7.97730e-01  1.01191e+00  1.00122e+00
 8.10987e-01  1.01202e+00  1.00121e+00
 8.25258e-01  1.01158e+00  1.00120e+00
 8.39803e-01  1.01150e+00  1.00118e+00
 8.53775e-01  1.01109e+00  1.00117e+00
 8.67639e-01  1.01102e+00  1.00116e+00
 8.81050e-01  1.01047e+00  1.00115e+00
 8.94307e-01  1.01019e+00  1.00113e+00
 9.06819e-01  1.00990e+00  1.00112e+00
 9.20395e-01  1.00921e+00  1.00111e+00
 9.34619e-01  1.00847e+00  1.00110e+00
 9.47549e-01  1.00855e+00  1.00109e+00
 9.62508e-01  1.00747e+00  1.00107e+00
 9.76279e-01  1.00667e+00  1.00106e+00
 9.89734e-01  1.00608e+00  1.00105e+00
 1.00418e+00  1.00511e+00  1.00104e+00
 1.01885e+00  1.00531e+00  1.00102e+00
 1.03182e+00  1.00382e+00  1.00101e+00
 1.04540e+00  1.00329e+00  1.00100e+00
 1.05962e+00  1.00217e+00  1.00099e+00
 1.07224e+00  1.00180e+00  1.00098e+00
 1.08521e+00  1.00047e+00  1.00096e+00
 1.09898e+00  1.00069e+00  1.00095e+00
 1.11194e+00  9.99186e-01  1.00094e+00
 1.12594e+00  9.98560e-01  1.00093e+00
 1.14157e+00  9.98064e-01  1.00091e+00
 1.15446e+00  9.97795e-01  1.00090e+00
 1.16715e+00  9.96737e-01  1.00089e+00
 1.18233e+00  9.96427e-01  1.00088e+00
 1.19473e+00  9.96469e-01  1.00087e+00
 1.20792e+00  9.95605e-01  1.00085e+00
 1.22305e+00  9.94888e-01  1.00084e+00
 1.23648e+00  9.95405e-01  1.00083e+00
 1.25003e+00  9.94186e-01  1.00082e+00
 1.26564e+00  9.94552e-01  1.00080e+00
 1.27808e+00  9.95059e-01  1.00079e+00
 1.29075e+00  9.94541e-01  1.00078e+00
 1.30458e+00  9.89895e-01  1.00077e+00
 1.31719e+00  9.80183e-01  1.00076e+00
 1.32990e+00  9.67650e-01  1.00074e+00
 1.34359e+00  9.50783e-01  1.00073e+00
 1.35777e+00  9.33671e-01  1.00072e+00
 1.37018e+00  9.16568e-01  1.00071e+00
 1.38523e+00  8.96136e-01  1.00069e+00
 1.39803e+00  8.82113e-01  1.00068e+00
 1.41045e+00  8.69089e-01  1.00067e+00
 1.42462e+00  8.55371e-01  1.00066e+00
 1.43832e+00  8.49575e-01  1.00065e+00
 1.45098e+00  8.44916e-01  1.00063e+00
 1.46437e+00  8.46978e-01  1.00062e+00
 1.47766e+00  8.53037e-01  1.00061e+00
 1.49017e+00  8.61316e-01  1.00060e+00
 1.50323e+00  8.72949e-01  1.00059e+00
 1.51672e+00  8.88547e-01  1.00058e+00
 1.53058e+00  9.07074e-01  1.00056e+00
 1.54522e+00  9.25813e-01  1.00055e+00
 1.56052e+00  9.47308e-01  1.00054e+00
 1.57350e+00  9.63127e-01  1.00052e+00
 1.58659e+00  9.78940e-01  1.00051e+00
 1.60081e+00  9.90630e-01  1.00050e+00
 1.61470e+00  9.96441e-01  1.00049e+00
 1.62823e+00  9.98677e-01  1.00048e+00
 1.64292e+00  9.98191e-01  1.00046e+00
 1.65558e+00  9.98797e-01  1.00045e+00
 1.66853e+00  9.98434e-01  1.00044e+00
 1.68234e+00  9.99262e-01  1.00043e+00
 1.69613e+00  9.99598e-01  1.00041e+00
 1.71021e+00  1.00079e+00  1.00040e+00
 1.72396e+00  9.99435e-01  1.00039e+00
 1.73644e+00  9.99838e-01  1.00038e+00
 1.75153e+00  1.00006e+00  1.00036e+00
 1.76564e+00  9.99487e-01  1.00035e+00
 1.77808e+00  9.99985e-01  1.00034e+00
 1.79075e+00  1.00001e+00  1.00033e+00
 1.80503e+00  9.99770e-01  1.00032e+00
 1.81837e+00  1.00010e+00  1.00030e+00
 1.83105e+00  1.00022e+00  1.00029e+00
 1.84495e+00  1.00081e+00  1.00028e+00
 1.86082e+00  1.00014e+00  1.00027e+00
 1.87405e+00  1.00048e+00  1.00026e+00
 1.88788e+00  9.99838e-01  1.00024e+00
 1.90308e+00  1.00032e+00  1.00023e+00
 1.91575e+00  1.00057e+00  1.00022e+00
 1.92958e+00  1.00021e+00  1.00021e+00
 1.94217e+00  1.00031e+00  1.00020e+00
 1.95553e+00  1.00066e+00  1.00018e+00
 1.96993e+00  1.00027e+00  1.00017e+00
 1.98369e+00  9.99350e-01  1.00016e+00
 1.99655e+00  9.99892e-01  1.00015e+00
 2.01024e+00  1.00062e+00  1.00014e+00
 2.02303e+00  1.00010e+00  1.00012e+00
 2.03636e+00  1.00046e+00  1.00011e+00
 2.05055e+00  1.00026e+00  1.00010e+00
 2.06347e+00  9.98941e-01  1.00009e+00
 2.07713e+00  1.00006e+00  1.00008e+00
 2.09170e+00  1.00018e+00  1.00006e+00
 2.10637e+00  9.99715e-01  1.00005e+00
 2.11879e+00  9.99884e-01  1.00004e+00
 2.13245e+00  1.00019e+00  1.00003e+00
 2.14541e+00  9.99454e-01  1.00002e+00
 2.15819e+00  9.99701e-01  1.00001e+00
 2.17133e+00  9.99590e-01  9.99996e-01
 2.18462e+00  9.99475e-01  9.99985e-01
 2.19724e+00  9.99233e-01  9.99974e-01
 2.21157e+00  9.99631e-01  9.99962e-01
 2.22504e+00  9.99611e-01  9.99951e-01
 2.23827e+00  9.98801e-01  9.99940e-01
 2.25183e+00  9.99902e-01  9.99928e-01
 2.26629e+00  9.99363e-01  9.99916e-01
 2.27945e+00  9.99307e-01  9.99905e-01
 2.29213e+00  9.99388e-01  9.99895e-01
 2.30594e+00  9.99849e-01  9.99883e-01
 2.31837e+00  9.99576e-01  9.99873e-01
 2.33149e+00  9.99440e-01  9.99862e-01
 2.34803e+00  9.99651e-01  9.99848e-01
 2.36235e+00  9.99460e-01  9.99837e-01
 2.37544e+00  9.99734e-01  9.99826e-01
 2.38973e+00  9.99562e-01  9.99814e-01
 2.40308e+00  1.00011e+00  9.99804e-01
 2.41573e+00  9.99611e-01  9.99793e-01
 2.42958e+00  9.99890e-01  9.99782e-01
 2.44336e+00  1.00011e+00  9.99771e-01
 2.45599e+00  1.00035e+00  9.99761e-01
 2.47207e+00  9.99886e-01  9.99748e-01
 2.48505e+00  1.00033e+00  9.99738e-01
 2.49767e+00  1.00081e+00  9.99728e-01
 2.51211e+00  1.00083e+00  9.99717e-01
 2.52551e+00  1.00063e+00  9.99707e-01
 2.53820e+00  1.00069e+00  9.99697e-01
 2.55193e+00  1.00107e+00  9.99686e-01
 2.56469e+00  1.00077e+00  9.99676e-01
 2.57711e+00  1.00130e+00  9.99667e-01
 2.59077e+00  1.00126e+00  9.99656e-01
 2.60373e+00  1.00133e+00  9.99647e-01
 2.61653e+00  1.00146e+00  9.99637e-01
 2.63011e+00  1.00150e+00  9.99627e-01
 2.64541e+00  1.00178e+00  9.99615e-01
 2.65817e+00  1.00198e+00  9.99606e-01
 2.67181e+00  1.00223e+00  9.99596e-01
 2.68708e+00  1.00225e+00  9.99585e-01
 2.69984e+00  1.00234e+00  9.99576e-01
 2.71294e+00  1.00158e+00  9.99566e-01
 2.72670e+00  1.00247e+00  9.99556e-01
 2.74015e+00  1.00128e+00  9.99547e-01
 2.75371e+00  1.00231e+00  9.99537e-01
 2.76884e+00  1.00208e+00  9.99527e-01
 2.78228e+00  1.00262e+00  9.99517e-01
 2.79771e+00  1.00216e+00  9.99507e-01
 2.81099e+00  1.00211e+00  9.99498e-01
 2.82439e+00  1.00219e+00  9.99489e-01
 2.83933e+00  1.00251e+00  9.99479e-01
 2.85309e+00  1.00221e+00  9.99469e-01
 2.86653e+00  1.00172e+00  9.99461e-01
 2.87964e+00  1.00243e+00  9.99452e-01
 2.89293e+00  1.00136e+00  9.99443e-01
 2.90556e+00  1.00203e+00  9.99435e-01
 2.91853e+00  1.00129e+00  9.99427e-01
 2.93230e+00  1.00148e+00  9.99418e-01
 2.94472e+00  1.00134e+00  9.99411e-01
 2.95786e+00  1.00148e+00  9.99403e-01
 2.97302e+00  1.00184e+00  9.99393e-01
 2.98641e+00  1.00141e+00  9.99385e-01
 2.99907e+00  1.00085e+00  9.99378e-01
 3.01396e+00  1.00080e+00  9.99369e-01
 3.02854e+00  1.00077e+00  9.99360e-01
 3.04213e+00  1.00069e+00  9.99353e-01
 3.05592e+00  1.00066e+00  9.99345e-01
 3.06835e+00  1.00065e+00  9.99338e-01
 3.08099e+00  1.00064e+00  9.99331e-01
 3.09493e+00  1.00063e+00  9.99323e-01
 3.10773e+00  1.00021e+00  9.99316e-01
 3.12019e+00  1.00003e+00  9.99310e-01
 3.13383e+00  1.00051e+00  9.99303e-01
 3.14730e+00  1.00041e+00  9.99296e-01
 3.16043e+00  1.00026e+00  9.99289e-01
 3.17413e+00  9.99757e-01  9.99282e-01
 3.18878e+00  9.99961e-01  9.99275e-01
 3.20300e+00  9.99532e-01  9.99269e-01
 3.21806e+00  9.99483e-01  9.99261e-01
 3.23226e+00  9.99624e-01  9.99255e-01
 3.24612e+00  9.99089e-01  9.99249e-01
 3.26191e+00  9.99539e-01  9.99242e-01
 3.27669e+00  9.99069e-01  9.99236e-01
 3.28931e+00  9.99070e-01  9.99230e-01
 3.30424e+00  9.99393e-01  9.99224e-01
 3.31713e+00  9.99038e-01  9.99219e-01
 3.32986e+00  9.98833e-01  9.99214e-01
 3.34353e+00  9.98238e-01  9.99209e-01
 3.35653e+00  9.98555e-01  9.99204e-01
 3.36856e+00  9.98787e-01  9.99200e-01
 3.38149e+00  9.98517e-01  9.99195e-01
 3.39431e+00  9.98374e-01  9.99191e-01
 3.40558e+00  9.99562e-01  9.99187e-01
 3.41758e+00  9.98845e-01  9.99184e-01
 3.43137e+00  9.99191e-01  9.99179e-01
 3.44351e+00  9.98840e-01  9.99176e-01
 3.45555e+00  9.99312e-01  9.99172e-01
 3.46946e+00  9.98609e-01  9.99169e-01
 3.48089e+00  9.99213e-01  9.99166e-01
 3.49262e+00  9.99136e-01  9.99163e-01
 3.50461e+00  9.99255e-01  9.99160e-01
 3.52022e+00  9.99601e-01  9.99156e-01
 3.53180e+00  9.99959e-01  9.99154e-01
 3.54491e+00  9.99701e-01  9.99151e-01
 3.55745e+00  9.99674e-01  9.99149e-01
 3.56880e+00  9.99414e-01  9.99147e-01
 3.58054e+00  9.99011e-01  9.99145e-01
 3.59308e+00  9.99459e-01  9.99143e-01
 3.60465e+00  9.99462e-01  9.99141e-01
 3.61653e+00  9.99811e-01  9.99140e-01
 3.62825e+00  9.99871e-01  9.99138e-01
 3.64077e+00  9.99299e-01  9.99137e-01
 3.65216e+00  1.00004e+00  9.99136e-01
 3.66432e+00  9.99683e-01  9.99135e-01
 3.67845e+00  1.00026e+00  9.99134e-01
 3.69061e+00  9.99398e-01  9.99133e-01
 3.70186e+00  1.00014e+00  9.99133e-01
 3.71449e+00  1.00071e+00  9.99133e-01
 3.72856e+00  1.00081e+00  9.99133e-01
 3.74246e+00  1.00093e+00  9.99133e-01
 3.75475e+00  1.00014e+00  9.99133e-01
 3.76808e+00  1.00136e+00  9.99134e-01
 3.78057e+00  1.00107e+00  9.99134e-01
 3.79398e+00  1.00133e+00  9.99135e-01
 3.80930e+00  1.00112e+00  9.99137e-01
 3.82220e+00  1.00150e+00  9.99138e-01
 3.83469e+00  1.00153e+00  9.99140e-01
 3.85064e+00  1.00077e+00  9.99142e-01
 3.86468e+00  1.00156e+00  9.99144e-01
 3.87838e+00  1.00158e+00  9.99147e-01
 3.89399e+00  1.00194e+00  9.99150e-01
 3.90773e+00  1.00135e+00  9.99153e-01
 3.92052e+00  1.00135e+00  9.99156e-01
 3.93458e+00  1.00164e+00  9.99160e-01
 3.94627e+00  1.00112e+00  9.99163e-01
 3.95784e+00  1.00062e+00  9.99167e-01
 3.97089e+00  1.00071e+00  9.99171e-01
 3.98332e+00  1.00117e+00  9.99175e-01
 3.99612e+00  1.00063e+00  9.99180e-01
 4.01004e+00  1.00099e+00  9.99185e-01
 4.02672e+00  1.00073e+00  9.99192e-01
 4.03884e+00  1.00026e+00  9.99197e-01
 4.05221e+00  1.00035e+00  9.99203e-01
 4.06650e+00  1.00030e+00  9.99210e-01
 4.07802e+00  1.00038e+00  9.99215e-01
 4.09002e+00  1.00325e+00  9.99222e-01
 4.10369e+00  1.00024e+00  9.99229e-01
 4.11606e+00  1.00010e+00  9.99236e-01
 4.12775e+00  1.00223e+00  9.99243e-01
 4.14033e+00  9.99750e-01  9.99250e-01
 4.15352e+00  9.99365e-01  9.99258e-01
 4.16508e+00  1.00199e+00  9.99266e-01
 4.17798e+00  9.99570e-01  9.99275e-01
 4.19105e+00  9.99139e-01  9.99284e-01
 4.20302e+00  9.99399e-01  9.99292e-01
 4.21451e+00  9.99195e-01  9.99301e-01
 4.22637e+00  1.00007e+00  9.99310e-01
 4.23797e+00  9.98973e-01  9.99319e-01
 4.24906e+00  9.99207e-01  9.99328e-01
 4.26123e+00  1.00177e+00  9.99338e-01
 4.27394e+00  9.99316e-01  9.99349e-01
 4.28423e+00  9.98705e-01  9.99358e-01
 4.29768e+00  9.99676e-01  9.99370e-01
 4.31204e+00  9.99160e-01  9.99384e-01
 4.32479e+00  9.98847e-01  9.99396e-01
 4.33730e+00  1.00066e+00  9.99409e-01
 4.34970e+00  9.98858e-01  9.99421e-01
 4.36183e+00  9.99892e-01  9.99434e-01
 4.37573e+00  1.00074e+00  9.99449e-01
 4.38998e+00  9.99140e-01  9.99465e-01
 4.40213e+00  9.98793e-01  9.99479e-01
 4.41384e+00  9.99198e-01  9.99493e-01
 4.42593e+00  9.99988e-01  9.99507e-01
 4.43873e+00  9.99038e-01  9.99523e-01
 4.45182e+00  9.98268e-01  9.99540e-01
 4.46368e+00  9.99587e-01  9.99555e-01
 4.47501e+00  9.99684e-01  9.99570e-01
 4.48683e+00  9.99286e-01  9.99586e-01
 4.49890e+00  9.99226e-01  9.99603e-01
 4.51107e+00  9.99410e-01  9.99620e-01
 4.52394e+00  9.99675e-01  9.99639e-01
 4.53516e+00  9.98409e-01  9.99655e-01
 4.54748e+00  9.99759e-01  9.99674e-01
 4.56001e+00  9.99047e-01  9.99693e-01
 4.57308e+00  9.99213e-01  9.99714e-01
 4.58652e+00  9.98768e-01  9.99736e-01
 4.59909e+00  9.99718e-01  9.99757e-01
 4.61229e+00  9.99855e-01  9.99779e-01
 4.62484e+00  9.99158e-01  9.99801e-01
 4.63702e+00  1.00073e+00  9.99822e-01
 4.64894e+00  9.99739e-01  9.99844e-01
 4.66016e+00  9.99607e-01  9.99865e-01
 4.67203e+00  9.99637e-01  9.99887e-01
 4.68334e+00  9.99797e-01  9.99909e-01
 4.69515e+00  1.00055e+00  9.99932e-01
 4.70767e+00  9.99375e-01  9.99957e-01
 4.72180e+00  1.00035e+00  9.99985e-01
 4.73545e+00  1.00074e+00  1.00001e+00
 4.74815e+00  1.00038e+00  1.00004e+00
 4.76109e+00  1.00004e+00  1.00007e+00
 4.77501e+00  1.00031e+00  1.00010e+00
 4.78634e+00  1.00009e+00  1.00013e+00
 4.79985e+00  1.00146e+00  1.00016e+00
 4.81421e+00  1.00019e+00  1.00019e+00
 4.82633e+00  1.00128e+00  1.00022e+00
 4.83929e+00  1.00043e+00  1.00025e+00
 4.85417e+00  1.00063e+00  1.00029e+00
 4.86664e+00  1.00103e+00  1.00032e+00
 4.87912e+00  1.00016e+00  1.00035e+00
 4.89260e+00  1.00106e+00  1.00039e+00
 4.90480e+00  1.00145e+00  1.00042e+00
 4.91737e+00  1.00110e+00  1.00046e+00
 4.93074e+00  1.00136e+00  1.00049e+00
 4.94379e+00  1.00133e+00  1.00053e+00
 4.95546e+00  1.00155e+00  1.00056e+00
 4.96777e+00  1.00131e+00  1.00060e+00
 4.98225e+00  1.00109e+00  1.00064e+00
 4.99472e+00  1.00079e+00  1.00068e+00
 5.00663e+00  1.00140e+00  1.00072e+00
 5.02037e+00  1.00103e+00  1.00076e+00
 5.03177e+00  1.00104e+00  1.00080e+00
 5.04347e+00  1.00118e+00  1.00084e+00
 5.05681e+00  1.00078e+00  1.00088e+00
 5.07015e+00  1.00148e+00  1.00093e+00
 5.08234e+00  1.00114e+00  1.00097e+00
 5.09540e+00  1.00052e+00  1.00102e+00
 5.10877e+00  1.00172e+00  1.00106e+00
 5.12171e+00  1.00146e+00  1.00111e+00
 5.13561e+00  1.00045e+00  1.00116e+00
 5.14757e+00  1.00022e+00  1.00121e+00
 5.15921e+00  1.00073e+00  1.00125e+00
 5.17078e+00  1.00065e+00  1.00130e+00
 5.18407e+00  1.00075e+00  1.00135e+00
 5.19624e+00  1.00012e+00  1.00140e+00
 5.20765e+00  9.99958e-01  1.00144e+00
 5.22040e+00  1.00025e+00  1.00150e+00
 5.23424e+00  9.99793e-01  1.00156e+00
 5.24609e+00  9.96616e-01  1.00161e+00
 5.25784e+00  9.92288e-01  1.00166e+00
 5.27037e+00  9.87810e-01  1.00171e+00
 5.28177e+00  9.83390e-01  1.00176e+00
 5.29438e+00  9.75775e-01  1.00182e+00
 5.30786e+00  9.69673e-01  9.48411e-01
 5.32015e+00  9.65261e-01  9.48469e-01
 5.33141e+00  9.59161e-01  9.48523e-01
 5.34397e+00  9.54042e-01  9.48584e-01
 5.35587e+00  9.51755e-01  9.48643e-01
 5.36757e+00  9.47485e-01  9.48701e-01
 5.38048e+00  9.44553e-01  9.48767e-01
 5.39290e+00  9.44539e-01  9.48831e-01
 5.40552e+00  9.43565e-01  9.48897e-01
 5.41735e+00  9.44182e-01  9.48960e-01
 5.42961e+00  9.46134e-01  9.49026e-01
 5.44164e+00  9.49572e-01  9.49092e-01
 5.45341e+00  9.52097e-01  9.49158e-01
 5.46622e+00  9.57148e-01  9.49230e-01
 5.47868e+00  9.63248e-01  9.49302e-01
 5.49119e+00  9.70005e-01  9.49375e-01
