868
 3.94100e-03  9.99579e-01  9.97645e-01
 5.70600e-03  1.00084e+00  9.97673e-01
 1.09490e-02  9.99381e-01  9.97746e-01
 1.37150e-02  1.00026e+00  9.97780e-01
 1.80990e-02  9.99268e-01  9.97830e-01
 2.02790e-02  9.98801e-01  9.97854e-01
 2.49350e-02  1.00019e+00  9.97904e-01
 2.66510e-02  1.00036e+00  9.97922e-01
 3.17810e-02  9.98967e-01  9.97975e-01
 3.35140e-02  9.98160e-01  9.97994e-01
 3.87210e-02  9.99016e-01  9.98048e-01
 4.10040e-02  9.99134e-01  9.98072e-01
 4.57830e-02  9.98852e-01  9.98123e-01
 4.80630e-02  9.99555e-01  9.98147e-01
 5.27950e-02  9.99141e-01  9.98198e-01
 5.65750e-02  9.97288e-01  9.98238e-01
 5.99470e-02  9.98101e-01  9.98273e-01
 6.31130e-02  9.95859e-01  9.98307e-01
 6.68130e-02  9.98411e-01  9.98346e-01
 6.94930e-02  9.96179e-01  9.98374e-01
 7.37430e-02  9.98176e-01  9.98418e-01
 7.75780e-02  9.98350e-01  9.98457e-01
 8.07970e-02  9.96247e-01  9.98490e-01
 8.39530e-02  9.95226e-01  9.98521e-01
 8.76760e-02  9.97691e-01  9.98558e-01
 9.15140e-02  9.97399e-01  9.98596e-01
 9.46870e-02  9.96523e-01  9.98626e-01
 9.89290e-02  9.98435e-01  9.98666e-01
 1.01746e-01  9.96332e-01  9.98693e-01
 1.05982e-01  9.95684e-01  9.98732e-01
 1.08661e-01  9.96493e-01  9.98756e-01
 1.13513e-01  9.97918e-01  9.98799e-01
 1.15919e-01  9.98227e-01  9.98820e-01
 1.21473e-01  9.97389e-01  9.98868e-01
 1.22898e-01  9.93699e-01  9.98880e-01
 1.27902e-01  9.98015e-01  9.98921e-01
 1.29669e-01  9.96257e-01  9.98936e-01
 1.34888e-01  9.98074e-01  9.98977e-01
 1.36675e-01  9.96367e-01  9.98991e-01
 1.42327e-01  9.96730e-01  9.99035e-01
 1.43992e-01  9.99439e-01  9.99048e-01
 1.49827e-01  9.96519e-01  9.99091e-01
 1.51236e-01  1.00002e+00  9.99102e-01
 1.56781e-01  9.95981e-01  9.99142e-01
 1.58514e-01  9.97852e-01  9.99154e-01
 1.63721e-01  9.96031e-01  9.99190e-01
 1.64955e-01  9.95699e-01  9.99199e-01
 1.70567e-01  9.96302e-01  9.99236e-01
 1.71953e-01  9.94756e-01  9.99245e-01
 1.77569e-01  9.96329e-01  9.99282e-01
 1.79723e-01  9.94725e-01  9.99296e-01
 1.84655e-01  9.96477e-01  9.99327e-01
 1.86357e-01  9.87447e-01  9.99337e-01
 1.91523e-01  9.96454e-01  9.99369e-01
 1.92876e-01  9.81715e-01  9.99377e-01
 1.98399e-01  9.95605e-01  9.99410e-01
 2.00573e-01  9.83173e-01  9.99422e-01
 2.05505e-01  9.93531e-01  9.99451e-01
 2.07197e-01  9.71650e-01  9.99460e-01
 2.12431e-01  9.90980e-01  9.99489e-01
 2.13736e-01  9.66355e-01  9.99496e-01
 2.19181e-01  9.90325e-01  9.99526e-01
 2.21014e-01  9.67436e-01  9.99535e-01
 2.26231e-01  9.86006e-01  9.99563e-01
 2.27445e-01  9.63048e-01  9.99569e-01
 2.33067e-01  9.82505e-01  9.99598e-01
 2.34132e-01  9.60521e-01  9.99603e-01
 2.39154e-01  9.79674e-01  9.99628e-01
 2.41032e-01  9.63285e-01  9.99637e-01
 2.46612e-01  9.73283e-01  9.99664e-01
 2.48285e-01  9.65385e-01  9.99672e-01
 2.53887e-01  9.70237e-01  9.99698e-01
 2.54962e-01  9.64667e-01  9.99703e-01
 2.59906e-01  9.75876e-01  9.99726e-01
 2.61882e-01  9.71526e-01  9.99735e-01
 2.67323e-01  9.71367e-01  9.99759e-01
 2.68728e-01  9.72048e-01  9.99765e-01
 2.73331e-01  9.76240e-01  9.99785e-01
 2.75589e-01  9.74168e-01  9.99795e-01
 2.80225e-01  9.79801e-01  9.99815e-01
 2.82384e-01  9.81849e-01  9.99824e-01
 2.87091e-01  9.78367e-01  9.99844e-01
 2.89300e-01  9.86798e-01  9.99853e-01
 2.93075e-01  9.82240e-01  9.99868e-01
 2.96077e-01  9.88055e-01  9.99880e-01
 2.99363e-01  9.88587e-01  9.99893e-01
 3.02913e-01  9.88557e-01  9.99907e-01
 3.06122e-01  9.89625e-01  9.99920e-01
 3.09889e-01  9.91066e-01  9.99934e-01
 3.12744e-01  9.91612e-01  9.99945e-01
 3.16709e-01  9.91907e-01  9.99960e-01
 3.19472e-01  9.93183e-01  9.99970e-01
 3.23649e-01  9.93477e-01  9.99986e-01
 3.26376e-01  9.94609e-01  9.99996e-01
 3.30769e-01  9.94247e-01  1.00001e+00
 3.34162e-01  9.94361e-01  1.00002e+00
 3.37643e-01  9.95636e-01  1.00004e+00
 3.41500e-01  9.94417e-01  1.00005e+00
 3.44735e-01  9.95681e-01  1.00006e+00
 3.49549e-01  9.94504e-01  1.00008e+00
 3.51842e-01  9.96253e-01  1.00009e+00
 3.56130e-01  9.95020e-01  1.00010e+00
 3.58835e-01  9.96470e-01  1.00011e+00
 3.64537e-01  9.95197e-01  1.00013e+00
 3.66158e-01  9.96450e-01  1.00013e+00
 3.72023e-01  9.96269e-01  1.00015e+00
 3.73295e-01  9.99211e-01  1.00016e+00
 3.78451e-01  9.95721e-01  1.00017e+00
 3.79974e-01  9.98401e-01  1.00018e+00
 3.85377e-01  9.97064e-01  1.00019e+00
 3.86882e-01  9.98571e-01  1.00020e+00
 3.92345e-01  9.98013e-01  1.00022e+00
 3.93932e-01  1.00363e+00  1.00022e+00
 3.98816e-01  9.98946e-01  1.00024e+00
 4.00528e-01  1.00158e+00  1.00024e+00
 4.05183e-01  9.99117e-01  1.00025e+00
 4.07375e-01  1.00236e+00  1.00026e+00
 4.12049e-01  9.99174e-01  1.00027e+00
 4.14300e-01  1.00030e+00  1.00028e+00
 4.17487e-01  1.00522e+00  1.00029e+00
 4.20993e-01  1.00063e+00  1.00030e+00
 4.23664e-01  1.00536e+00  1.00031e+00
 4.27829e-01  1.00013e+00  1.00032e+00
 4.29984e-01  1.00415e+00  1.00033e+00
 4.34759e-01  1.00103e+00  1.00034e+00
 4.36606e-01  1.00839e+00  1.00034e+00
 4.41501e-01  1.00244e+00  1.00036e+00
 4.42558e-01  1.00812e+00  1.00036e+00
 4.47877e-01  1.00252e+00  1.00038e+00
 4.49237e-01  1.00868e+00  1.00038e+00
 4.54330e-01  1.00305e+00  1.00039e+00
 4.56060e-01  1.00930e+00  1.00040e+00
 4.59791e-01  1.00683e+00  1.00041e+00
 4.62903e-01  1.00980e+00  1.00042e+00
 4.67100e-01  1.00763e+00  1.00043e+00
 4.69781e-01  1.00883e+00  1.00043e+00
 4.73402e-01  1.00767e+00  1.00044e+00
 4.76637e-01  1.01056e+00  1.00045e+00
 4.78844e-01  1.01148e+00  1.00046e+00
 4.83383e-01  1.01060e+00  1.00047e+00
 4.85711e-01  1.01423e+00  1.00048e+00
 4.90225e-01  1.00994e+00  1.00049e+00
 4.91894e-01  1.01379e+00  1.00049e+00
 4.97051e-01  1.01030e+00  1.00050e+00
 4.98132e-01  1.01688e+00  1.00051e+00
 5.02994e-01  1.01026e+00  1.00052e+00
 5.05303e-01  1.01318e+00  1.00052e+00
 5.10937e-01  1.01341e+00  1.00054e+00
 5.12152e-01  1.01568e+00  1.00054e+00
 5.17787e-01  1.01415e+00  1.00055e+00
 5.18796e-01  1.01918e+00  1.00056e+00
 5.23317e-01  1.01001e+00  1.00057e+00
 5.25432e-01  1.01797e+00  1.00057e+00
 5.29143e-01  1.01198e+00  1.00058e+00
 5.32317e-01  1.01889e+00  1.00059e+00
 5.36494e-01  1.01256e+00  1.00060e+00
 5.39252e-01  1.01646e+00  1.00061e+00
 5.42954e-01  1.01337e+00  1.00061e+00
 5.46094e-01  1.01733e+00  1.00062e+00
 5.49373e-01  1.01026e+00  1.00063e+00
 5.52923e-01  1.01954e+00  1.00064e+00
 5.55558e-01  1.01189e+00  1.00064e+00
 5.59769e-01  1.01746e+00  1.00065e+00
 5.61056e-01  1.00913e+00  1.00066e+00
 5.66387e-01  1.01755e+00  1.00067e+00
 5.67364e-01  1.01745e+00  1.00067e+00
 5.71931e-01  1.01185e+00  1.00068e+00
 5.74175e-01  1.01355e+00  1.00069e+00
 5.79330e-01  1.01310e+00  1.00070e+00
 5.81070e-01  1.01411e+00  1.00070e+00
 5.84795e-01  1.00898e+00  1.00071e+00
 5.87921e-01  1.01310e+00  1.00072e+00
 5.91625e-01  1.01042e+00  1.00072e+00
 5.94687e-01  1.01270e+00  1.00073e+00
 5.97814e-01  1.00949e+00  1.00074e+00
 6.01647e-01  1.01216e+00  1.00075e+00
 6.04404e-01  1.00738e+00  1.00075e+00
 6.08389e-01  1.01145e+00  1.00076e+00
 6.09592e-01  1.00746e+00  1.00076e+00
 6.15007e-01  1.01149e+00  1.00077e+00
 6.16090e-01  1.00535e+00  1.00078e+00
 6.21493e-01  1.00964e+00  1.00079e+00
 6.22819e-01  1.00500e+00  1.00079e+00
 6.26970e-01  1.00942e+00  1.00080e+00
 6.29486e-01  1.00356e+00  1.00081e+00
 6.32119e-01  1.00611e+00  1.00081e+00
 6.36235e-01  1.00457e+00  1.00082e+00
 6.38898e-01  1.00084e+00  1.00083e+00
 6.43167e-01  1.00425e+00  1.00083e+00
 6.45514e-01  9.97934e-01  1.00084e+00
 6.50017e-01  1.00107e+00  1.00085e+00
 6.51813e-01  9.94987e-01  1.00085e+00
 6.56895e-01  1.00026e+00  1.00086e+00
 6.58554e-01  9.91596e-01  1.00087e+00
 6.63799e-01  9.99847e-01  1.00088e+00
 6.65611e-01  9.84562e-01  1.00088e+00
 6.70785e-01  9.98703e-01  1.00089e+00
 6.72085e-01  9.77200e-01  1.00089e+00
 6.77507e-01  9.97880e-01  1.00090e+00
 6.78590e-01  9.75535e-01  1.00091e+00
 6.83993e-01  9.93769e-01  1.00092e+00
 6.85319e-01  9.72644e-01  1.00092e+00
 6.89470e-01  9.80659e-01  1.00093e+00
 6.92076e-01  9.68427e-01  1.00093e+00
 6.95197e-01  9.69639e-01  1.00094e+00
 6.98753e-01  9.73286e-01  1.00095e+00
 7.01972e-01  9.63906e-01  1.00095e+00
 7.05713e-01  9.64403e-01  1.00096e+00
 7.07450e-01  9.49524e-01  1.00096e+00
 7.12331e-01  9.68440e-01  1.00097e+00
 7.13718e-01  9.44336e-01  1.00098e+00
 7.19177e-01  9.63710e-01  1.00099e+00
 7.20386e-01  9.39690e-01  1.00099e+00
 7.26117e-01  9.53724e-01  1.00100e+00
 7.27136e-01  9.30027e-01  1.00100e+00
 7.32146e-01  9.58912e-01  1.00101e+00
 7.34034e-01  9.33175e-01  1.00102e+00
 7.38643e-01  9.56510e-01  1.00102e+00
 7.41194e-01  9.48575e-01  1.00103e+00
 7.46965e-01  9.30915e-01  9.30762e-01
 7.48373e-01  9.61657e-01  9.30765e-01
 7.53905e-01  9.28755e-01  9.30775e-01
 7.55006e-01  9.63266e-01  9.30777e-01
 7.59898e-01  9.44062e-01  1.00106e+00
 7.61747e-01  9.64087e-01  1.00107e+00
 7.66830e-01  9.44590e-01  1.00108e+00
 7.68669e-01  9.73066e-01  1.00108e+00
 7.73233e-01  9.54390e-01  1.00109e+00
 7.75468e-01  9.79403e-01  1.00109e+00
 7.79125e-01  9.68583e-01  1.00110e+00
 7.82245e-01  9.78199e-01  1.00111e+00
 7.85902e-01  9.71043e-01  1.00111e+00
 7.89204e-01  9.85274e-01  1.00112e+00
 7.91909e-01  9.86693e-01  1.00113e+00
 7.95922e-01  9.86689e-01  1.00113e+00
 7.98213e-01  9.89896e-01  1.00114e+00
 8.02837e-01  9.89050e-01  1.00115e+00
 8.05568e-01  9.90820e-01  1.00115e+00
 8.09809e-01  9.95501e-01  1.00116e+00
 8.11620e-01  9.98085e-01  1.00116e+00
 8.16523e-01  9.96481e-01  1.00117e+00
 8.18469e-01  9.98215e-01  1.00117e+00
 8.23473e-01  9.98745e-01  1.00118e+00
 8.25234e-01  9.97965e-01  1.00119e+00
 8.30423e-01  9.99653e-01  1.00120e+00
 8.31675e-01  1.00013e+00  1.00120e+00
 8.36785e-01  9.99557e-01  1.00121e+00
 8.38330e-01  1.00061e+00  1.00121e+00
 8.43238e-01  9.99248e-01  1.00122e+00
 8.45087e-01  1.00128e+00  1.00122e+00
 8.50150e-01  9.99752e-01  1.00123e+00
 8.51999e-01  1.00120e+00  1.00124e+00
 8.56130e-01  9.99124e-01  1.00124e+00
 8.58743e-01  1.00182e+00  1.00125e+00
 8.62950e-01  9.99874e-01  1.00126e+00
 8.65683e-01  1.00294e+00  1.00126e+00
 8.69884e-01  1.00055e+00  1.00127e+00
 8.72702e-01  1.00153e+00  1.00127e+00
 8.76415e-01  1.00027e+00  1.00128e+00
 8.79465e-01  1.00310e+00  1.00129e+00
 8.83285e-01  9.99953e-01  1.00129e+00
 8.86415e-01  1.00277e+00  1.00130e+00
 8.90072e-01  1.00098e+00  1.00130e+00
 8.93293e-01  1.00312e+00  1.00131e+00
 8.95514e-01  1.00217e+00  1.00131e+00
 8.99981e-01  1.00199e+00  1.00132e+00
 9.01813e-01  1.00204e+00  1.00133e+00
 9.06813e-01  1.00376e+00  1.00133e+00
 9.08985e-01  1.00261e+00  1.00134e+00
 9.13903e-01  1.00211e+00  1.00135e+00
 9.16775e-01  1.00115e+00  1.00135e+00
 9.21027e-01  1.00398e+00  1.00136e+00
 9.23799e-01  1.00174e+00  1.00136e+00
 9.27825e-01  1.00317e+00  1.00137e+00
 9.30411e-01  1.00292e+00  1.00138e+00
 9.34829e-01  1.00394e+00  1.00138e+00
 9.36620e-01  1.00198e+00  1.00139e+00
 9.41597e-01  1.00403e+00  1.00140e+00
 9.42905e-01  1.00207e+00  1.00140e+00
 9.48333e-01  1.00405e+00  1.00141e+00
 9.49440e-01  1.00192e+00  1.00141e+00
 9.54809e-01  1.00307e+00  1.00142e+00
 9.56169e-01  1.00344e+00  1.00142e+00
 9.60318e-01  1.00249e+00  1.00143e+00
 9.62921e-01  1.00312e+00  1.00143e+00
 9.66639e-01  1.00245e+00  1.00144e+00
 9.69818e-01  1.00227e+00  1.00144e+00
 9.74641e-01  1.00216e+00  1.00145e+00
 9.76999e-01  1.00238e+00  1.00146e+00
 9.81148e-01  1.00212e+00  1.00146e+00
 9.83761e-01  1.00400e+00  1.00147e+00
 9.87465e-01  1.00191e+00  1.00148e+00
 9.90533e-01  1.00378e+00  1.00148e+00
 9.93664e-01  1.00173e+00  1.00149e+00
 9.97473e-01  1.00340e+00  1.00149e+00
 9.99684e-01  1.00182e+00  1.00150e+00
 1.00411e+00  1.00254e+00  1.00150e+00
 1.00541e+00  1.00039e+00  1.00151e+00
 1.01083e+00  1.00261e+00  1.00152e+00
 1.01194e+00  1.00187e+00  1.00152e+00
 1.01731e+00  1.00217e+00  1.00153e+00
 1.01879e+00  1.00150e+00  1.00153e+00
 1.02332e+00  1.00201e+00  1.00154e+00
 1.02552e+00  1.00206e+00  1.00154e+00
 1.03019e+00  1.00180e+00  1.00155e+00
 1.03239e+00  1.00167e+00  1.00155e+00
 1.03757e+00  1.00143e+00  1.00156e+00
 1.03958e+00  1.00119e+00  1.00156e+00
 1.04415e+00  1.00154e+00  1.00157e+00
 1.04626e+00  1.00175e+00  1.00157e+00
 1.05045e+00  1.00187e+00  1.00158e+00
 1.05313e+00  1.00078e+00  1.00159e+00
 1.05674e+00  1.00100e+00  1.00159e+00
 1.05997e+00  1.00136e+00  1.00160e+00
 1.06218e+00  1.00170e+00  1.00160e+00
 1.06661e+00  1.00141e+00  1.00161e+00
 1.06834e+00  1.00290e+00  1.00161e+00
 1.07344e+00  1.00094e+00  1.00162e+00
 1.07506e+00  1.00094e+00  1.00162e+00
 1.08054e+00  1.00120e+00  1.00163e+00
 1.08189e+00  1.00237e+00  1.00163e+00
 1.08721e+00  1.00098e+00  1.00164e+00
 1.08856e+00  1.00152e+00  1.00164e+00
 1.09434e+00  1.00091e+00  1.00165e+00
 1.09607e+00  1.00174e+00  1.00165e+00
 1.10123e+00  1.00158e+00  1.00166e+00
 1.10248e+00  1.00208e+00  1.00166e+00
 1.10761e+00  1.00244e+00  1.00167e+00
 1.10901e+00  1.00196e+00  1.00167e+00
 1.11410e+00  1.00225e+00  1.00168e+00
 1.11593e+00  1.00134e+00  1.00169e+00
 1.12100e+00  1.00105e+00  1.00169e+00
 1.12273e+00  1.00257e+00  1.00170e+00
 1.12641e+00  1.00046e+00  1.00170e+00
 1.12942e+00  1.00127e+00  1.00171e+00
 1.13259e+00  1.00200e+00  1.00171e+00
 1.13626e+00  1.00265e+00  1.00172e+00
 1.13934e+00  1.00058e+00  1.00172e+00
 1.14320e+00  1.00275e+00  1.00173e+00
 1.14494e+00  1.00160e+00  1.00173e+00
 1.14986e+00  1.00083e+00  1.00173e+00
 1.15168e+00  1.00131e+00  1.00174e+00
 1.15678e+00  1.00152e+00  1.00174e+00
 1.15840e+00  1.00082e+00  1.00175e+00
 1.16373e+00  1.00099e+00  1.00175e+00
 1.16495e+00  1.00127e+00  1.00175e+00
 1.17011e+00  1.00082e+00  1.00176e+00
 1.17151e+00  1.00022e+00  1.00176e+00
 1.17705e+00  1.00059e+00  1.00177e+00
 1.17855e+00  1.00079e+00  1.00177e+00
 1.18399e+00  1.00024e+00  1.00178e+00
 1.18534e+00  1.00015e+00  1.00178e+00
 1.18952e+00  1.00049e+00  1.00179e+00
 1.19211e+00  1.00139e+00  1.00179e+00
 1.19633e+00  9.99807e-01  1.00179e+00
 1.19909e+00  1.00169e+00  1.00180e+00
 1.20384e+00  9.99868e-01  1.00180e+00
 1.20605e+00  1.00167e+00  1.00180e+00
 1.20985e+00  1.00013e+00  1.00181e+00
 1.21293e+00  1.00128e+00  1.00181e+00
 1.21717e+00  9.99980e-01  1.00181e+00
 1.21988e+00  1.00114e+00  1.00182e+00
 1.22409e+00  1.00117e+00  1.00182e+00
 1.22693e+00  1.00045e+00  1.00182e+00
 1.23118e+00  1.00021e+00  1.00183e+00
 1.23385e+00  1.00084e+00  1.00183e+00
 1.23861e+00  1.00105e+00  1.00183e+00
 1.24081e+00  1.00124e+00  1.00183e+00
 1.24551e+00  1.00127e+00  1.00184e+00
 1.24773e+00  1.00233e+00  1.00184e+00
 1.25147e+00  1.00040e+00  1.00184e+00
 1.25452e+00  1.00119e+00  1.00184e+00
 1.25823e+00  1.00075e+00  1.00184e+00
 1.26145e+00  1.00134e+00  1.00184e+00
 1.26463e+00  9.95225e-01  1.00185e+00
 1.26829e+00  1.00056e+00  1.00185e+00
 1.27053e+00  1.00182e+00  1.00185e+00
 1.27504e+00  1.00241e+00  1.00185e+00
 1.27771e+00  1.00074e+00  1.00185e+00
 1.28210e+00  1.00174e+00  1.00185e+00
 1.28429e+00  9.99409e-01  1.00185e+00
 1.28906e+00  1.00211e+00  1.00185e+00
 1.29135e+00  1.00187e+00  1.00185e+00
 1.29588e+00  1.00238e+00  1.00185e+00
 1.29873e+00  1.00083e+00  1.00185e+00
 1.30294e+00  1.00157e+00  1.00184e+00
 1.30512e+00  9.98852e-01  1.00184e+00
 1.30979e+00  1.00238e+00  1.00184e+00
 1.31207e+00  1.00205e+00  1.00184e+00
 1.31672e+00  1.00245e+00  1.00184e+00
 1.31989e+00  1.00129e+00  1.00183e+00
 1.32385e+00  1.00209e+00  1.00183e+00
 1.32705e+00  1.00167e+00  1.00183e+00
 1.33088e+00  1.00424e+00  1.00182e+00
 1.33408e+00  1.00139e+00  1.00182e+00
 1.33775e+00  1.00212e+00  1.00182e+00
 1.34096e+00  1.00067e+00  1.00181e+00
 1.34480e+00  1.00197e+00  1.00181e+00
 1.34971e+00  9.97860e-01  1.00180e+00
 1.35190e+00  1.00188e+00  1.00180e+00
 1.35616e+00  1.00083e+00  1.00179e+00
 1.35888e+00  1.00009e+00  1.00179e+00
 1.36361e+00  1.00056e+00  1.00178e+00
 1.36581e+00  1.00090e+00  1.00178e+00
 1.37051e+00  1.00175e+00  1.00177e+00
 1.37284e+00  1.00160e+00  1.00177e+00
 1.37756e+00  1.00028e+00  1.00176e+00
 1.37983e+00  9.99727e-01  1.00176e+00
 1.38498e+00  1.00084e+00  1.00175e+00
 1.38677e+00  1.00095e+00  1.00175e+00
 1.39138e+00  9.98865e-01  1.00174e+00
 1.39355e+00  1.00105e+00  1.00174e+00
 1.39778e+00  1.00000e+00  1.00174e+00
 1.40048e+00  1.00107e+00  1.00173e+00
 1.40527e+00  9.99334e-01  1.00173e+00
 1.40770e+00  9.97933e-01  1.00173e+00
 1.41274e+00  1.00012e+00  1.00172e+00
 1.41450e+00  1.00204e+00  1.00172e+00
 1.41918e+00  1.00002e+00  1.00170e+00
 1.42138e+00  1.00040e+00  1.00169e+00
 1.42611e+00  9.99415e-01  1.00166e+00
 1.42831e+00  9.99904e-01  1.00163e+00
 1.43248e+00  9.98870e-01  1.00156e+00
 1.43515e+00  1.00097e+00  1.00150e+00
 1.43889e+00  9.98779e-01  1.00136e+00
 1.44212e+00  9.99554e-01  1.00119e+00
 1.44633e+00  1.00010e+00  1.00085e+00
 1.44905e+00  1.00036e+00  1.00054e+00
 1.45273e+00  9.98137e-01  9.99945e-01
 1.45596e+00  1.00128e+00  9.99211e-01
 1.45967e+00  9.99671e-01  9.98025e-01
 1.46285e+00  1.00093e+00  9.96623e-01
 1.46711e+00  9.99713e-01  9.93978e-01
 1.46988e+00  9.99913e-01  9.91656e-01
 7.88300e-03  9.99579e-01  9.97705e-01
 1.14110e-02  1.00084e+00  9.97752e-01
 2.18990e-02  9.99381e-01  9.97871e-01
 2.74290e-02  1.00026e+00  9.97930e-01
 3.61980e-02  9.99268e-01  9.98022e-01
 4.05580e-02  9.98801e-01  9.98068e-01
 4.98710e-02  1.00019e+00  9.98166e-01
 5.33020e-02  1.00036e+00  9.98203e-01
 6.35630e-02  9.98967e-01  9.98312e-01
 6.70270e-02  9.98160e-01  9.98348e-01
 7.74430e-02  9.99016e-01  9.98456e-01
 8.20070e-02  9.99134e-01  9.98502e-01
 9.15670e-02  9.98852e-01  9.98596e-01
 9.61260e-02  9.99555e-01  9.98640e-01
 1.05590e-01  9.99141e-01  9.98728e-01
 1.13149e-01  9.97288e-01  9.98796e-01
 1.19894e-01  9.98101e-01  9.98854e-01
 1.26226e-01  9.95859e-01  9.98907e-01
 1.33626e-01  9.98411e-01  9.98967e-01
 1.38986e-01  9.96179e-01  9.99009e-01
 1.47486e-01  9.98176e-01  9.99074e-01
 1.55156e-01  9.98350e-01  9.99130e-01
 1.61594e-01  9.96247e-01  9.99175e-01
 1.67906e-01  9.95226e-01  9.99219e-01
 1.75353e-01  9.97691e-01  9.99268e-01
 1.83028e-01  9.97399e-01  9.99317e-01
 1.89374e-01  9.96523e-01  9.99356e-01
 1.97857e-01  9.98435e-01  9.99407e-01
 2.03492e-01  9.96332e-01  9.99439e-01
 2.11964e-01  9.95684e-01  9.99487e-01
 2.17322e-01  9.96493e-01  9.99516e-01
 2.27026e-01  9.97918e-01  9.99567e-01
 2.31839e-01  9.98227e-01  9.99591e-01
 2.42945e-01  9.97389e-01  9.99646e-01
 2.45797e-01  9.93699e-01  9.99660e-01
 2.55803e-01  9.98015e-01  9.99707e-01
 2.59339e-01  9.96257e-01  9.99723e-01
 2.69775e-01  9.98074e-01  9.99770e-01
 2.73351e-01  9.96367e-01  9.99786e-01
 2.84653e-01  9.96730e-01  9.99834e-01
 2.87983e-01  9.99439e-01  9.99847e-01
 2.99655e-01  9.96519e-01  9.99894e-01
 3.02472e-01  1.00002e+00  9.99905e-01
 3.13563e-01  9.95981e-01  9.99948e-01
 3.17027e-01  9.97852e-01  9.99961e-01
 3.27443e-01  9.96031e-01  1.00000e+00
 3.29909e-01  9.95699e-01  1.00001e+00
 3.41135e-01  9.96302e-01  1.00005e+00
 3.43905e-01  9.94756e-01  1.00006e+00
 3.55139e-01  9.96329e-01  1.00010e+00
 3.59445e-01  9.94725e-01  1.00011e+00
 3.69311e-01  9.96477e-01  1.00014e+00
 3.72714e-01  9.87447e-01  1.00015e+00
 3.83047e-01  9.96454e-01  1.00019e+00
 3.85752e-01  9.81715e-01  1.00020e+00
 3.96799e-01  9.95605e-01  1.00023e+00
 4.01145e-01  9.83173e-01  1.00024e+00
 4.11011e-01  9.93531e-01  1.00027e+00
 4.14394e-01  9.71650e-01  1.00028e+00
 4.24863e-01  9.90980e-01  1.00031e+00
 4.27472e-01  9.66355e-01  1.00032e+00
 4.38363e-01  9.90325e-01  1.00035e+00
 4.42027e-01  9.67436e-01  1.00036e+00
 4.52463e-01  9.86006e-01  1.00039e+00
 4.54889e-01  9.63048e-01  1.00039e+00
 4.66135e-01  9.82505e-01  1.00042e+00
 4.68263e-01  9.60521e-01  1.00043e+00
 4.78307e-01  9.79674e-01  1.00046e+00
 4.82065e-01  9.63285e-01  1.00047e+00
 4.93225e-01  9.73283e-01  1.00049e+00
 4.96569e-01  9.65385e-01  1.00050e+00
 5.07775e-01  9.70237e-01  1.00053e+00
 5.09923e-01  9.64667e-01  1.00054e+00
 5.19811e-01  9.75876e-01  1.00056e+00
 5.23765e-01  9.71526e-01  1.00057e+00
 5.34645e-01  9.71367e-01  1.00059e+00
 5.37457e-01  9.72048e-01  1.00060e+00
 5.46661e-01  9.76240e-01  1.00062e+00
 5.51177e-01  9.74168e-01  1.00063e+00
 5.60449e-01  9.79801e-01  1.00065e+00
 5.64768e-01  9.81849e-01  1.00066e+00
 5.74182e-01  9.78367e-01  1.00069e+00
 5.78600e-01  9.86798e-01  1.00070e+00
 5.86150e-01  9.82240e-01  1.00071e+00
 5.92154e-01  9.88055e-01  1.00073e+00
 5.98726e-01  9.88587e-01  1.00074e+00
 6.05826e-01  9.88557e-01  1.00076e+00
 6.12244e-01  9.89625e-01  1.00077e+00
 6.19778e-01  9.91066e-01  1.00078e+00
 6.25488e-01  9.91612e-01  1.00080e+00
 6.33418e-01  9.91907e-01  1.00081e+00
 6.38943e-01  9.93183e-01  1.00083e+00
 6.47298e-01  9.93477e-01  1.00084e+00
 6.52751e-01  9.94609e-01  1.00085e+00
 6.61538e-01  9.94247e-01  1.00087e+00
 6.68324e-01  9.94361e-01  1.00089e+00
 6.75286e-01  9.95636e-01  1.00090e+00
 6.83000e-01  9.94417e-01  1.00092e+00
 6.89470e-01  9.95681e-01  1.00093e+00
 6.99098e-01  9.94504e-01  1.00095e+00
 7.03684e-01  9.96253e-01  1.00096e+00
 7.12260e-01  9.95020e-01  1.00097e+00
 7.17671e-01  9.96470e-01  1.00098e+00
 7.29073e-01  9.95197e-01  1.00101e+00
 7.32317e-01  9.96450e-01  1.00101e+00
 7.44047e-01  9.96269e-01  1.00103e+00
 7.46589e-01  9.99211e-01  1.00104e+00
 7.56901e-01  9.95721e-01  1.00106e+00
 7.59949e-01  9.98401e-01  1.00107e+00
 7.70753e-01  9.97064e-01  1.00109e+00
 7.73765e-01  9.98571e-01  1.00109e+00
 7.84689e-01  9.98013e-01  1.00111e+00
 7.87863e-01  1.00363e+00  1.00112e+00
 7.97631e-01  9.98946e-01  1.00114e+00
 8.01056e-01  1.00158e+00  1.00114e+00
 8.10366e-01  9.99117e-01  1.00116e+00
 8.14750e-01  1.00236e+00  1.00117e+00
 8.24098e-01  9.99174e-01  1.00118e+00
 8.28600e-01  1.00030e+00  1.00119e+00
 8.34974e-01  1.00522e+00  1.00120e+00
 8.41986e-01  1.00063e+00  1.00122e+00
 8.47327e-01  1.00536e+00  1.00123e+00
 8.55658e-01  1.00013e+00  1.00124e+00
 8.59967e-01  1.00415e+00  1.00125e+00
 8.69518e-01  1.00103e+00  1.00127e+00
 8.73212e-01  1.00839e+00  1.00127e+00
 8.83003e-01  1.00244e+00  1.00129e+00
 8.85115e-01  1.00812e+00  1.00130e+00
 8.95753e-01  1.00252e+00  1.00131e+00
 8.98475e-01  1.00868e+00  1.00132e+00
 9.08659e-01  1.00305e+00  1.00134e+00
 9.12120e-01  1.00930e+00  1.00134e+00
 9.19582e-01  1.00683e+00  1.00136e+00
 9.25806e-01  1.00980e+00  1.00137e+00
 9.34200e-01  1.00763e+00  1.00138e+00
 9.39562e-01  1.00883e+00  1.00139e+00
 9.46804e-01  1.00767e+00  1.00140e+00
 9.53274e-01  1.01056e+00  1.00142e+00
 9.57688e-01  1.01148e+00  1.00142e+00
 9.66766e-01  1.01060e+00  1.00144e+00
 9.71422e-01  1.01423e+00  1.00145e+00
 9.80451e-01  1.00994e+00  1.00146e+00
 9.83787e-01  1.01379e+00  1.00147e+00
 9.94103e-01  1.01030e+00  1.00149e+00
 9.96263e-01  1.01688e+00  1.00149e+00
 1.00599e+00  1.01026e+00  1.00151e+00
 1.01060e+00  1.01318e+00  1.00151e+00
 1.02188e+00  1.01341e+00  1.00153e+00
 1.02430e+00  1.01568e+00  1.00154e+00
 1.03557e+00  1.01415e+00  1.00156e+00
 1.03759e+00  1.01918e+00  1.00156e+00
 1.04663e+00  1.01001e+00  1.00158e+00
 1.05086e+00  1.01797e+00  1.00158e+00
 1.05829e+00  1.01198e+00  1.00159e+00
 1.06463e+00  1.01889e+00  1.00160e+00
 1.07299e+00  1.01256e+00  1.00162e+00
 1.07850e+00  1.01646e+00  1.00163e+00
 1.08591e+00  1.01337e+00  1.00164e+00
 1.09219e+00  1.01733e+00  1.00165e+00
 1.09875e+00  1.01026e+00  1.00166e+00
 1.10585e+00  1.01954e+00  1.00167e+00
 1.11112e+00  1.01189e+00  1.00168e+00
 1.11954e+00  1.01746e+00  1.00169e+00
 1.12211e+00  1.00913e+00  1.00169e+00
 1.13278e+00  1.01755e+00  1.00171e+00
 1.13473e+00  1.01745e+00  1.00171e+00
 1.14386e+00  1.01185e+00  1.00173e+00
 1.14835e+00  1.01355e+00  1.00173e+00
 1.15866e+00  1.01310e+00  1.00175e+00
 1.16214e+00  1.01411e+00  1.00175e+00
 1.16959e+00  1.00898e+00  1.00176e+00
 1.17584e+00  1.01310e+00  1.00177e+00
 1.18325e+00  1.01042e+00  1.00178e+00
 1.18937e+00  1.01270e+00  1.00179e+00
 1.19563e+00  1.00949e+00  1.00179e+00
 1.20329e+00  1.01216e+00  1.00180e+00
 1.20881e+00  1.00738e+00  1.00181e+00
 1.21678e+00  1.01145e+00  1.00181e+00
 1.21918e+00  1.00746e+00  1.00182e+00
 1.23002e+00  1.01149e+00  1.00183e+00
 1.23218e+00  1.00535e+00  1.00183e+00
 1.24299e+00  1.00964e+00  1.00184e+00
 1.24564e+00  1.00500e+00  1.00184e+00
 1.25394e+00  1.00942e+00  1.00184e+00
 1.25897e+00  1.00356e+00  1.00184e+00
 1.26424e+00  1.00611e+00  1.00185e+00
 1.27247e+00  1.00457e+00  1.00185e+00
 1.27780e+00  1.00084e+00  1.00185e+00
 1.28633e+00  1.00425e+00  1.00185e+00
 1.29103e+00  9.97934e-01  1.00185e+00
 1.30004e+00  1.00107e+00  1.00185e+00
 1.30363e+00  9.94987e-01  1.00184e+00
 1.31379e+00  1.00026e+00  1.00184e+00
 1.31711e+00  9.91596e-01  1.00184e+00
 1.32760e+00  9.99847e-01  1.00183e+00
 1.33122e+00  9.84562e-01  1.00182e+00
 1.34157e+00  9.98703e-01  1.00181e+00
 1.34417e+00  9.77200e-01  1.00181e+00
 1.35502e+00  9.97880e-01  1.00179e+00
 1.35718e+00  9.75535e-01  1.00179e+00
 1.36799e+00  9.93769e-01  1.00177e+00
 1.37064e+00  9.72644e-01  1.00177e+00
 1.37894e+00  9.80659e-01  1.00176e+00
 1.38415e+00  9.68427e-01  1.00175e+00
 1.39039e+00  9.69639e-01  1.00174e+00
 1.39751e+00  9.73286e-01  1.00174e+00
 1.40394e+00  9.63906e-01  1.00173e+00
 1.41143e+00  9.64403e-01  1.00172e+00
 1.41490e+00  9.49524e-01  1.00172e+00
 1.42466e+00  9.68440e-01  1.00167e+00
 1.42744e+00  9.44336e-01  1.00164e+00
 1.43836e+00  9.63710e-01  1.00138e+00
 1.44077e+00  9.39690e-01  1.00127e+00
 1.45223e+00  9.53724e-01  1.00004e+00
 1.45427e+00  9.30027e-01  9.99623e-01
 1.46429e+00  9.58912e-01  9.95837e-01
 1.46807e+00  9.33175e-01  9.93234e-01
 1.47728e+00  9.56510e-01  9.82332e-01
 1.48239e+00  9.48575e-01  9.72740e-01
 1.49393e+00  9.30915e-01  9.40739e-01
 1.49674e+00  9.61657e-01  9.34555e-01
 1.50781e+00  9.28755e-01  9.27336e-01
 1.51001e+00  9.63266e-01  9.29815e-01
 1.51980e+00  9.44062e-01  9.53971e-01
 1.52350e+00  9.64087e-01  9.62626e-01
 1.53366e+00  9.44590e-01  9.81125e-01
 1.53734e+00  9.73066e-01  9.85508e-01
 1.54647e+00  9.54390e-01  9.92264e-01
 1.55094e+00  9.79403e-01  9.94092e-01
 1.55825e+00  9.68583e-01  9.95873e-01
 1.56449e+00  9.78199e-01  9.96684e-01
 1.57180e+00  9.71043e-01  9.97198e-01
 1.57841e+00  9.85274e-01  9.97452e-01
 1.58382e+00  9.86693e-01  9.97584e-01
 1.59184e+00  9.86689e-01  9.97715e-01
 1.59643e+00  9.89896e-01  9.97774e-01
 1.60567e+00  9.89050e-01  9.97877e-01
 1.61113e+00  9.90820e-01  9.97935e-01
 1.61962e+00  9.95501e-01  9.98024e-01
 1.62324e+00  9.98085e-01  9.98062e-01
 1.63305e+00  9.96481e-01  9.98166e-01
 1.63694e+00  9.98215e-01  9.98207e-01
 1.64695e+00  9.98745e-01  9.98313e-01
 1.65047e+00  9.97965e-01  9.98350e-01
 1.66085e+00  9.99653e-01  9.98457e-01
 1.66335e+00  1.00013e+00  9.98483e-01
 1.67357e+00  9.99557e-01  9.98584e-01
 1.67666e+00  1.00061e+00  9.98614e-01
 1.68647e+00  9.99248e-01  9.98706e-01
 1.69017e+00  1.00128e+00  9.98740e-01
 1.70030e+00  9.99752e-01  9.98830e-01
 1.70400e+00  1.00120e+00  9.98862e-01
 1.71226e+00  9.99124e-01  9.98930e-01
 1.71749e+00  1.00182e+00  9.98972e-01
 1.72590e+00  9.99874e-01  9.99038e-01
 1.73137e+00  1.00294e+00  9.99079e-01
 1.73977e+00  1.00055e+00  9.99140e-01
 1.74540e+00  1.00153e+00  9.99179e-01
 1.75283e+00  1.00027e+00  9.99230e-01
 1.75893e+00  1.00310e+00  9.99270e-01
 1.76657e+00  9.99953e-01  9.99319e-01
 1.77283e+00  1.00277e+00  9.99357e-01
 1.78014e+00  1.00098e+00  9.99401e-01
 1.78659e+00  1.00312e+00  9.99438e-01
 1.79103e+00  1.00217e+00  9.99463e-01
 1.79996e+00  1.00199e+00  9.99512e-01
 1.80363e+00  1.00204e+00  9.99532e-01
 1.81363e+00  1.00376e+00  9.99584e-01
 1.81797e+00  1.00261e+00  9.99606e-01
 1.82781e+00  1.00211e+00  9.99654e-01
 1.83355e+00  1.00115e+00  9.99682e-01
 1.84205e+00  1.00398e+00  9.99721e-01
 1.84760e+00  1.00174e+00  9.99746e-01
 1.85565e+00  1.00317e+00  9.99782e-01
 1.86082e+00  1.00292e+00  9.99804e-01
 1.86966e+00  1.00394e+00  9.99841e-01
 1.87324e+00  1.00198e+00  9.99856e-01
 1.88319e+00  1.00403e+00  9.99896e-01
 1.88581e+00  1.00207e+00  9.99906e-01
 1.89667e+00  1.00405e+00  9.99948e-01
 1.89888e+00  1.00192e+00  9.99956e-01
 1.90962e+00  1.00307e+00  9.99996e-01
 1.91234e+00  1.00344e+00  1.00001e+00
 1.92064e+00  1.00249e+00  1.00004e+00
 1.92584e+00  1.00312e+00  1.00005e+00
 1.93328e+00  1.00245e+00  1.00008e+00
 1.93964e+00  1.00227e+00  1.00010e+00
 1.94928e+00  1.00216e+00  1.00013e+00
 1.95400e+00  1.00238e+00  1.00015e+00
 1.96230e+00  1.00212e+00  1.00017e+00
 1.96752e+00  1.00400e+00  1.00019e+00
 1.97493e+00  1.00191e+00  1.00021e+00
 1.98107e+00  1.00378e+00  1.00023e+00
 1.98733e+00  1.00173e+00  1.00025e+00
 1.99495e+00  1.00340e+00  1.00027e+00
 1.99937e+00  1.00182e+00  1.00029e+00
 2.00822e+00  1.00254e+00  1.00031e+00
 2.01081e+00  1.00039e+00  1.00032e+00
 2.02167e+00  1.00261e+00  1.00035e+00
 2.02388e+00  1.00187e+00  1.00036e+00
 2.03462e+00  1.00217e+00  1.00039e+00
 2.03758e+00  1.00150e+00  1.00039e+00
 2.04663e+00  1.00201e+00  1.00042e+00
 2.05105e+00  1.00206e+00  1.00043e+00
 2.06039e+00  1.00180e+00  1.00045e+00
 2.06478e+00  1.00167e+00  1.00046e+00
 2.07513e+00  1.00143e+00  1.00049e+00
 2.07916e+00  1.00119e+00  1.00050e+00
 2.08829e+00  1.00154e+00  1.00052e+00
 2.09252e+00  1.00175e+00  1.00053e+00
 2.10090e+00  1.00187e+00  1.00055e+00
 2.10625e+00  1.00078e+00  1.00057e+00
 2.11348e+00  1.00100e+00  1.00058e+00
 2.11995e+00  1.00136e+00  1.00060e+00
 2.12437e+00  1.00170e+00  1.00061e+00
 2.13322e+00  1.00141e+00  1.00063e+00
 2.13668e+00  1.00290e+00  1.00064e+00
 2.14688e+00  1.00094e+00  1.00066e+00
 2.15012e+00  1.00094e+00  1.00067e+00
 2.16108e+00  1.00120e+00  1.00069e+00
 2.16377e+00  1.00237e+00  1.00070e+00
 2.17443e+00  1.00098e+00  1.00072e+00
 2.17712e+00  1.00152e+00  1.00073e+00
 2.18867e+00  1.00091e+00  1.00075e+00
 2.19215e+00  1.00174e+00  1.00076e+00
 2.20246e+00  1.00158e+00  1.00078e+00
 2.20497e+00  1.00208e+00  1.00079e+00
 2.21521e+00  1.00244e+00  1.00081e+00
 2.21801e+00  1.00196e+00  1.00082e+00
 2.22819e+00  1.00225e+00  1.00084e+00
 2.23185e+00  1.00134e+00  1.00085e+00
 2.24200e+00  1.00105e+00  1.00087e+00
 2.24545e+00  1.00257e+00  1.00087e+00
 2.25283e+00  1.00046e+00  1.00089e+00
 2.25885e+00  1.00127e+00  1.00090e+00
 2.26517e+00  1.00200e+00  1.00091e+00
 2.27252e+00  1.00265e+00  1.00093e+00
 2.27867e+00  1.00058e+00  1.00094e+00
 2.28640e+00  1.00275e+00  1.00096e+00
 2.28988e+00  1.00160e+00  1.00096e+00
 2.29973e+00  1.00083e+00  1.00098e+00
 2.30336e+00  1.00131e+00  1.00099e+00
 2.31356e+00  1.00152e+00  1.00101e+00
 2.31680e+00  1.00082e+00  1.00101e+00
 2.32746e+00  1.00099e+00  1.00104e+00
 2.32991e+00  1.00127e+00  1.00104e+00
 2.34021e+00  1.00082e+00  1.00106e+00
 2.34301e+00  1.00022e+00  1.00106e+00
 2.35411e+00  1.00059e+00  1.00109e+00
 2.35711e+00  1.00079e+00  1.00109e+00
 2.36798e+00  1.00024e+00  1.00111e+00
 2.37068e+00  1.00015e+00  1.00112e+00
 2.37904e+00  1.00049e+00  1.00113e+00
 2.38422e+00  1.00139e+00  1.00114e+00
 2.39267e+00  9.99807e-01  1.00116e+00
 2.39819e+00  1.00169e+00  1.00117e+00
 2.40768e+00  9.99868e-01  1.00119e+00
 2.41209e+00  1.00167e+00  1.00119e+00
 2.41971e+00  1.00013e+00  1.00121e+00
 2.42586e+00  1.00128e+00  1.00122e+00
 2.43435e+00  9.99980e-01  1.00123e+00
 2.43976e+00  1.00114e+00  1.00124e+00
 2.44817e+00  1.00117e+00  1.00126e+00
 2.45387e+00  1.00045e+00  1.00127e+00
 2.46237e+00  1.00021e+00  1.00128e+00
 2.46770e+00  1.00084e+00  1.00129e+00
 2.47722e+00  1.00105e+00  1.00131e+00
 2.48162e+00  1.00124e+00  1.00132e+00
 2.49102e+00  1.00127e+00  1.00134e+00
 2.49545e+00  1.00233e+00  1.00134e+00
 2.50295e+00  1.00040e+00  1.00136e+00
 2.50903e+00  1.00119e+00  1.00137e+00
 2.51646e+00  1.00075e+00  1.00138e+00
 2.52289e+00  1.00134e+00  1.00139e+00
 2.52927e+00  9.95225e-01  1.00140e+00
 2.53659e+00  1.00056e+00  1.00142e+00
 2.54106e+00  1.00182e+00  1.00142e+00
 2.55009e+00  1.00241e+00  1.00144e+00
 2.55541e+00  1.00074e+00  1.00145e+00
 2.56420e+00  1.00174e+00  1.00146e+00
 2.56858e+00  9.99409e-01  1.00147e+00
 2.57812e+00  1.00211e+00  1.00149e+00
 2.58270e+00  1.00187e+00  1.00150e+00
 2.59177e+00  1.00238e+00  1.00151e+00
 2.59745e+00  1.00083e+00  1.00152e+00
 2.60588e+00  1.00157e+00  1.00154e+00
 2.61024e+00  9.98852e-01  1.00154e+00
 2.61959e+00  1.00238e+00  1.00156e+00
 2.62415e+00  1.00205e+00  1.00157e+00
 2.63343e+00  1.00245e+00  1.00158e+00
 2.63978e+00  1.00129e+00  1.00159e+00
 2.64771e+00  1.00209e+00  1.00160e+00
 2.65411e+00  1.00167e+00  1.00161e+00
 2.66175e+00  1.00424e+00  1.00163e+00
 2.66816e+00  1.00139e+00  1.00164e+00
 2.67551e+00  1.00212e+00  1.00165e+00
 2.68192e+00  1.00067e+00  1.00166e+00
 2.68960e+00  1.00197e+00  1.00167e+00
 2.69942e+00  9.97860e-01  1.00169e+00
 2.70379e+00  1.00188e+00  1.00169e+00
 2.71233e+00  1.00083e+00  1.00170e+00
 2.71777e+00  1.00009e+00  1.00171e+00
 2.72722e+00  1.00056e+00  1.00173e+00
 2.73162e+00  1.00090e+00  1.00173e+00
 2.74102e+00  1.00175e+00  1.00175e+00
 2.74568e+00  1.00160e+00  1.00175e+00
 2.75513e+00  1.00028e+00  1.00176e+00
 2.75965e+00  9.99727e-01  1.00177e+00
 2.76996e+00  1.00084e+00  1.00178e+00
 2.77353e+00  1.00095e+00  1.00179e+00
 2.78276e+00  9.98865e-01  1.00180e+00
 2.78709e+00  1.00105e+00  1.00180e+00
 2.79556e+00  1.00000e+00  1.00181e+00
 2.80096e+00  1.00107e+00  1.00182e+00
 2.81054e+00  9.99334e-01  1.00182e+00
 2.81541e+00  9.97933e-01  1.00183e+00
 2.82548e+00  1.00012e+00  1.00183e+00
 2.82900e+00  1.00204e+00  1.00184e+00
 2.83837e+00  1.00002e+00  1.00184e+00
 2.84277e+00  1.00040e+00  1.00184e+00
 2.85222e+00  9.99415e-01  1.00185e+00
 2.85662e+00  9.99904e-01  1.00185e+00
 2.86496e+00  9.98870e-01  1.00185e+00
 2.87029e+00  1.00097e+00  1.00185e+00
 2.87778e+00  9.98779e-01  1.00185e+00
 2.88424e+00  9.99554e-01  1.00185e+00
 2.89267e+00  1.00010e+00  1.00184e+00
 2.89810e+00  1.00036e+00  1.00184e+00
 2.90545e+00  9.98137e-01  1.00183e+00
 2.91192e+00  1.00128e+00  1.00183e+00
 2.91935e+00  9.99671e-01  1.00182e+00
 2.92569e+00  1.00093e+00  1.00181e+00
 2.93422e+00  9.99713e-01  1.00180e+00
 2.93976e+00  9.99913e-01  1.00179e+00
