868
 1.51741e+03  7.23200e-01  7.29668e-01
 1.51743e+03  7.56069e-01  7.55657e-01
 1.51745e+03  7.82460e-01  7.78894e-01
 1.51747e+03  8.03597e-01  7.99792e-01
 1.51749e+03  8.21968e-01  8.18687e-01
 1.51751e+03  8.38814e-01  8.35624e-01
 1.51753e+03  8.53130e-01  8.50965e-01
 1.51756e+03  8.65913e-01  8.64742e-01
 1.51758e+03  8.78205e-01  8.77186e-01
 1.51760e+03  8.88233e-01  8.88490e-01
 1.51762e+03  8.95787e-01  8.98669e-01
 1.51764e+03  9.03447e-01  9.07891e-01
 1.51766e+03  9.10407e-01  9.16290e-01
 1.51768e+03  9.18101e-01  9.23874e-01
 1.51770e+03  9.25464e-01  9.30762e-01
 1.51772e+03  9.32980e-01  9.37053e-01
 1.51774e+03  9.38485e-01  9.42748e-01
 1.51776e+03  9.44607e-01  9.47934e-01
 1.51778e+03  9.51438e-01  9.52681e-01
 1.51781e+03  9.57026e-01  9.56989e-01
 1.51783e+03  9.61731e-01  9.60920e-01
 1.51785e+03  9.67172e-01  9.64526e-01
 1.51787e+03  9.70967e-01  9.67805e-01
 1.51789e+03  9.73310e-01  9.70804e-01
 1.51791e+03  9.76580e-01  9.73559e-01
 1.51793e+03  9.77868e-01  9.76069e-01
 1.51797e+03  9.82591e-01  9.80484e-01
 1.51799e+03  9.83492e-01  9.82414e-01
 1.51801e+03  9.85095e-01  9.84184e-01
 1.51803e+03  9.87374e-01  9.85815e-01
 1.51808e+03  9.90453e-01  9.88672e-01
 1.51810e+03  9.92834e-01  9.89933e-01
 1.51812e+03  9.95023e-01  9.91085e-01
 1.51814e+03  9.97164e-01  9.92144e-01
 1.51816e+03  9.98135e-01  9.93120e-01
 1.51818e+03  1.00203e+00  9.94013e-01
 1.51820e+03  1.00274e+00  9.94832e-01
 1.51822e+03  1.00360e+00  9.95589e-01
 1.51824e+03  1.00379e+00  9.96280e-01
 1.51828e+03  1.00327e+00  9.97499e-01
 1.51833e+03  1.00233e+00  9.98523e-01
 1.51835e+03  1.00180e+00  9.98974e-01
 1.51837e+03  9.99653e-01  9.99385e-01
 1.51839e+03  1.00074e+00  9.99761e-01
 1.51843e+03  9.98256e-01  1.00042e+00
 1.51847e+03  9.99093e-01  1.00097e+00
 1.51849e+03  9.99751e-01  1.00121e+00
 1.51851e+03  9.98980e-01  1.00143e+00
 1.51853e+03  9.99313e-01  1.00162e+00
 1.51858e+03  9.99224e-01  1.00196e+00
 1.51860e+03  9.97161e-01  1.00211e+00
 1.51862e+03  9.97980e-01  1.00224e+00
 1.51864e+03  1.00016e+00  1.00235e+00
 1.51866e+03  9.98008e-01  1.00246e+00
 1.51868e+03  9.98253e-01  1.00255e+00
 1.51870e+03  9.98897e-01  1.00263e+00
 1.51872e+03  9.97936e-01  1.00270e+00
 1.51874e+03  1.00088e+00  1.00276e+00
 1.51876e+03  9.99941e-01  1.00282e+00
 1.51878e+03  1.00030e+00  1.00286e+00
 1.51881e+03  9.98356e-01  1.00290e+00
 1.51883e+03  1.00056e+00  1.00293e+00
 1.51885e+03  1.00140e+00  1.00295e+00
 1.51887e+03  1.00042e+00  1.00297e+00
 1.51889e+03  1.00022e+00  1.00298e+00
 1.51891e+03  1.00065e+00  1.00299e+00
 1.51893e+03  1.00130e+00  1.00299e+00
 1.51895e+03  1.00199e+00  1.00299e+00
 1.51897e+03  1.00143e+00  1.00299e+00
 1.51899e+03  1.00198e+00  1.00298e+00
 1.51901e+03  1.00248e+00  1.00297e+00
 1.51903e+03  1.00206e+00  1.00295e+00
 1.51906e+03  1.00136e+00  1.00293e+00
 1.51908e+03  1.00240e+00  1.00291e+00
 1.51910e+03  1.00257e+00  1.00289e+00
 1.51912e+03  1.00296e+00  1.00286e+00
 1.51914e+03  1.00265e+00  1.00283e+00
 1.51916e+03  1.00222e+00  1.00280e+00
 1.51918e+03  1.00191e+00  1.00277e+00
 1.51920e+03  1.00277e+00  1.00274e+00
 1.51922e+03  1.00154e+00  1.00270e+00
 1.51924e+03  1.00219e+00  1.00267e+00
 1.51926e+03  1.00198e+00  1.00263e+00
 1.51928e+03  1.00151e+00  1.00259e+00
 1.51931e+03  1.00193e+00  1.00255e+00
 1.51933e+03  1.00129e+00  1.00251e+00
 1.51935e+03  1.00017e+00  1.00247e+00
 1.51937e+03  1.00167e+00  1.00243e+00
 1.51939e+03  1.00012e+00  1.00239e+00
 1.51941e+03  1.00136e+00  1.00234e+00
 1.51943e+03  1.00106e+00  1.00230e+00
 1.51945e+03  1.00002e+00  1.00226e+00
 1.51947e+03  1.00063e+00  1.00221e+00
 1.51949e+03  1.00054e+00  1.00217e+00
 1.51951e+03  1.00026e+00  1.00212e+00
 1.51953e+03  1.00047e+00  1.00208e+00
 1.51956e+03  9.99110e-01  1.00203e+00
 1.51958e+03  9.99875e-01  1.00199e+00
 1.51960e+03  9.99389e-01  1.00194e+00
 1.51962e+03  9.99764e-01  1.00190e+00
 1.51964e+03  9.99552e-01  1.00185e+00
 1.51966e+03  1.00040e+00  1.00180e+00
 1.51968e+03  1.00031e+00  1.00176e+00
 1.51970e+03  9.99565e-01  1.00171e+00
 1.51972e+03  9.99538e-01  1.00167e+00
 1.51974e+03  1.00082e+00  1.00162e+00
 1.51976e+03  9.99983e-01  1.00158e+00
 1.51978e+03  9.99302e-01  1.00153e+00
 1.51981e+03  1.00023e+00  1.00149e+00
 1.51983e+03  9.99536e-01  1.00144e+00
 1.51985e+03  9.99562e-01  1.00140e+00
 1.51987e+03  9.98959e-01  1.00136e+00
 1.51989e+03  9.99734e-01  1.00131e+00
 1.51991e+03  9.99736e-01  1.00127e+00
 1.51995e+03  9.99094e-01  1.00118e+00
 1.51997e+03  9.98839e-01  1.00114e+00
 1.51999e+03  1.00055e+00  1.00110e+00
 1.52001e+03  9.99293e-01  1.00106e+00
 1.52003e+03  9.99264e-01  1.00101e+00
 1.52006e+03  9.99514e-01  1.00097e+00
 1.52008e+03  9.99803e-01  1.00093e+00
 1.52010e+03  9.99049e-01  1.00089e+00
 1.52012e+03  1.00021e+00  1.00085e+00
 1.52014e+03  1.00000e+00  1.00081e+00
 1.52016e+03  1.00013e+00  1.00077e+00
 1.52018e+03  9.99597e-01  1.00073e+00
 1.52020e+03  9.99681e-01  1.00069e+00
 1.52022e+03  9.99756e-01  1.00065e+00
 1.52024e+03  9.98785e-01  1.00061e+00
 1.52026e+03  9.98756e-01  1.00058e+00
 1.52028e+03  9.99628e-01  1.00054e+00
 1.52031e+03  1.00002e+00  1.00050e+00
 1.52033e+03  9.99596e-01  1.00046e+00
 1.52035e+03  9.99118e-01  1.00043e+00
 1.52037e+03  9.99460e-01  1.00039e+00
 1.52039e+03  9.99073e-01  1.00035e+00
 1.52041e+03  9.99664e-01  1.00032e+00
 1.52043e+03  1.00024e+00  1.00028e+00
 1.52045e+03  1.00039e+00  1.00025e+00
 1.52047e+03  1.00099e+00  1.00021e+00
 1.52049e+03  1.00096e+00  1.00018e+00
 1.52053e+03  1.00010e+00  1.00011e+00
 1.52056e+03  9.99829e-01  1.00008e+00
 1.52058e+03  1.00012e+00  1.00004e+00
 1.52060e+03  1.00120e+00  1.00001e+00
 1.52062e+03  1.00026e+00  9.99980e-01
 1.52064e+03  1.00097e+00  9.99948e-01
 1.52066e+03  9.99206e-01  9.99916e-01
 1.52068e+03  9.99615e-01  9.99884e-01
 1.52070e+03  9.99207e-01  9.99853e-01
 1.52072e+03  9.98811e-01  9.99823e-01
 1.52074e+03  9.99727e-01  9.99792e-01
 1.52076e+03  1.00006e+00  9.99762e-01
 1.52078e+03  1.00030e+00  9.99732e-01
 1.52081e+03  1.00014e+00  9.99703e-01
 1.52083e+03  1.00036e+00  9.99673e-01
 1.52085e+03  9.99938e-01  9.99644e-01
 1.52087e+03  1.00012e+00  9.99616e-01
 1.52089e+03  1.00008e+00  9.99587e-01
 1.52091e+03  1.00020e+00  9.99559e-01
 1.52093e+03  9.99900e-01  9.99532e-01
 1.52095e+03  1.00079e+00  9.99504e-01
 1.52097e+03  9.99982e-01  9.99477e-01
 1.52099e+03  1.00020e+00  9.99450e-01
 1.52101e+03  1.00077e+00  9.99423e-01
 1.52103e+03  1.00042e+00  9.99397e-01
 1.52106e+03  1.00142e+00  9.99371e-01
 1.52108e+03  1.00125e+00  9.99345e-01
 1.52110e+03  1.00146e+00  9.99320e-01
 1.52112e+03  1.00287e+00  9.99294e-01
 1.52114e+03  1.00371e+00  9.99269e-01
 1.52116e+03  1.00421e+00  9.99245e-01
 1.52118e+03  1.00396e+00  9.99220e-01
 1.52120e+03  1.00505e+00  9.99196e-01
 1.52122e+03  1.00536e+00  9.99172e-01
 1.52124e+03  1.00554e+00  9.99148e-01
 1.52126e+03  1.00576e+00  9.99124e-01
 1.52128e+03  1.00519e+00  9.99101e-01
 1.52131e+03  1.00421e+00  9.99078e-01
 1.52133e+03  1.00316e+00  9.99055e-01
 1.52135e+03  1.00209e+00  9.99033e-01
 1.52137e+03  1.00156e+00  9.99011e-01
 1.52139e+03  1.00033e+00  9.98988e-01
 1.52141e+03  9.99404e-01  9.98967e-01
 1.52143e+03  9.98249e-01  9.98945e-01
 1.52145e+03  9.97837e-01  9.98923e-01
 1.52147e+03  9.96590e-01  9.98902e-01
 1.52149e+03  9.96496e-01  9.98881e-01
 1.52151e+03  9.95060e-01  9.98860e-01
 1.52153e+03  9.95982e-01  9.98840e-01
 1.52158e+03  9.95519e-01  9.98799e-01
 1.52160e+03  9.96010e-01  9.98779e-01
 1.52162e+03  9.95783e-01  9.98760e-01
 1.52164e+03  9.95537e-01  9.98740e-01
 1.52166e+03  9.95649e-01  9.98721e-01
 1.52168e+03  9.95181e-01  9.98702e-01
 1.52170e+03  9.96159e-01  9.98682e-01
 1.52172e+03  9.96341e-01  9.98664e-01
 1.52174e+03  9.97890e-01  9.98645e-01
 1.52176e+03  9.96210e-01  9.98627e-01
 1.52178e+03  9.96505e-01  9.98608e-01
 1.52181e+03  9.96996e-01  9.98590e-01
 1.52183e+03  9.97222e-01  9.98573e-01
 1.52185e+03  9.97634e-01  9.98555e-01
 1.52187e+03  9.98175e-01  9.98537e-01
 1.52189e+03  9.98720e-01  9.98520e-01
 1.52191e+03  9.98817e-01  9.98503e-01
 1.52193e+03  9.98971e-01  9.98486e-01
 1.52195e+03  9.98998e-01  9.98469e-01
 1.52197e+03  9.99525e-01  9.98452e-01
 1.52199e+03  9.99503e-01  9.98436e-01
 1.52201e+03  9.99609e-01  9.98419e-01
 1.52203e+03  1.00021e+00  9.98403e-01
 1.52206e+03  1.00027e+00  9.98387e-01
 1.52208e+03  9.99977e-01  9.98371e-01
 1.52210e+03  1.00096e+00  9.98356e-01
 1.52212e+03  1.00087e+00  9.98340e-01
 1.52214e+03  1.00079e+00  9.98325e-01
 1.52216e+03  1.00034e+00  9.98309e-01
 1.52218e+03  1.00020e+00  9.98294e-01
 1.52220e+03  1.00116e+00  9.98279e-01
 1.52222e+03  1.00069e+00  9.98264e-01
 1.52224e+03  1.00108e+00  9.98250e-01
 1.52226e+03  1.00160e+00  9.98235e-01
 1.52228e+03  1.00104e+00  9.98221e-01
 1.52231e+03  1.00096e+00  9.98206e-01
 1.52233e+03  1.00008e+00  9.98192e-01
 1.52235e+03  1.00086e+00  9.98178e-01
 1.52237e+03  9.99962e-01  9.98164e-01
 1.52239e+03  1.00070e+00  9.98150e-01
 1.52241e+03  1.00029e+00  9.98137e-01
 1.52243e+03  1.00006e+00  9.98123e-01
 1.52245e+03  1.00028e+00  9.98110e-01
 1.52247e+03  9.99816e-01  9.98097e-01
 1.52249e+03  1.00050e+00  9.98084e-01
 1.52251e+03  1.00051e+00  9.98071e-01
 1.52253e+03  1.00003e+00  9.98058e-01
 1.52256e+03  1.00028e+00  9.98045e-01
 1.52258e+03  9.99823e-01  9.98032e-01
 1.52260e+03  1.00055e+00  9.98020e-01
 1.52262e+03  9.99373e-01  9.98007e-01
 1.52264e+03  9.99695e-01  9.97995e-01
 1.52266e+03  1.00018e+00  9.97983e-01
 1.52268e+03  1.00067e+00  9.97971e-01
 1.52270e+03  1.00008e+00  9.97959e-01
 1.52272e+03  9.99938e-01  9.97947e-01
 1.52274e+03  1.00055e+00  9.97935e-01
 1.52278e+03  9.99872e-01  9.97912e-01
 1.52281e+03  9.99023e-01  9.97900e-01
 1.52283e+03  9.99419e-01  9.97889e-01
 1.52285e+03  9.99171e-01  9.97878e-01
 1.52287e+03  9.99654e-01  9.97867e-01
 1.52289e+03  9.98868e-01  9.97856e-01
 1.52291e+03  9.99373e-01  9.97845e-01
 1.52293e+03  1.00045e+00  9.97834e-01
 1.52295e+03  1.00033e+00  9.97823e-01
 1.52297e+03  1.00006e+00  9.97813e-01
 1.52301e+03  9.99247e-01  9.97791e-01
 1.52303e+03  9.99582e-01  9.97781e-01
 1.52306e+03  9.99183e-01  9.97771e-01
 1.52308e+03  9.99259e-01  9.97761e-01
 1.52310e+03  9.98992e-01  9.97751e-01
 1.52312e+03  9.98872e-01  9.97740e-01
 1.52314e+03  9.99617e-01  9.97731e-01
 1.52316e+03  9.99144e-01  9.97721e-01
 1.52318e+03  9.99715e-01  9.97711e-01
 1.52320e+03  9.98815e-01  9.97701e-01
 1.52322e+03  9.99694e-01  9.97692e-01
 1.52324e+03  1.00026e+00  9.97682e-01
 1.52326e+03  9.99650e-01  9.97673e-01
 1.52328e+03  9.98874e-01  9.97663e-01
 1.52331e+03  9.99778e-01  9.97654e-01
 1.52333e+03  9.98537e-01  9.97645e-01
 1.52335e+03  1.00003e+00  9.97636e-01
 1.52337e+03  1.00013e+00  9.97627e-01
 1.52339e+03  1.00001e+00  9.97618e-01
 1.52341e+03  1.00060e+00  9.97609e-01
 1.52343e+03  1.00063e+00  9.97600e-01
 1.52345e+03  9.99888e-01  9.97591e-01
 1.52347e+03  9.99638e-01  9.97583e-01
 1.52349e+03  9.99769e-01  9.97574e-01
 1.52351e+03  1.00007e+00  9.97565e-01
 1.52353e+03  1.00091e+00  9.97557e-01
 1.52356e+03  1.00078e+00  9.97549e-01
 1.52358e+03  1.00086e+00  9.97540e-01
 1.52360e+03  1.00027e+00  9.97532e-01
 1.52362e+03  1.00065e+00  9.97524e-01
 1.52366e+03  9.99572e-01  9.97508e-01
 1.52368e+03  9.99971e-01  9.97500e-01
 1.52370e+03  9.99052e-01  9.97492e-01
 1.52372e+03  9.99958e-01  9.97484e-01
 1.52374e+03  9.99816e-01  9.97476e-01
 1.52376e+03  9.97646e-01  9.97468e-01
 1.52381e+03  9.99590e-01  9.97453e-01
 1.52383e+03  9.98947e-01  9.97446e-01
 1.52385e+03  9.99434e-01  9.97438e-01
 1.52387e+03  9.98853e-01  9.97431e-01
 1.52389e+03  1.00004e+00  9.97423e-01
 1.52391e+03  9.99039e-01  9.97416e-01
 1.52393e+03  9.97997e-01  9.97409e-01
 1.52395e+03  9.99256e-01  9.97402e-01
 1.52397e+03  9.99613e-01  9.97395e-01
 1.52399e+03  9.99952e-01  9.97387e-01
 1.52401e+03  1.00052e+00  9.97380e-01
 1.52403e+03  9.99739e-01  9.97373e-01
 1.52406e+03  1.00033e+00  9.97367e-01
 1.52408e+03  9.99966e-01  9.97360e-01
 1.52410e+03  1.00073e+00  9.97353e-01
 1.52412e+03  1.00181e+00  9.97346e-01
 1.52414e+03  1.00195e+00  9.97339e-01
 1.52416e+03  1.00215e+00  9.97333e-01
 1.52418e+03  1.00325e+00  9.97326e-01
 1.52420e+03  1.00364e+00  9.97320e-01
 1.52422e+03  1.00468e+00  9.97313e-01
 1.52424e+03  1.00415e+00  9.97307e-01
 1.52426e+03  1.00495e+00  9.97300e-01
 1.52428e+03  1.00444e+00  9.97294e-01
 1.52431e+03  1.00528e+00  9.97288e-01
 1.52433e+03  1.00347e+00  9.97282e-01
 1.52435e+03  1.00332e+00  9.97275e-01
 1.52437e+03  1.00209e+00  9.97269e-01
 1.52439e+03  1.00167e+00  9.97263e-01
 1.52441e+03  9.99956e-01  9.97257e-01
 1.52443e+03  1.00031e+00  9.97251e-01
 1.52445e+03  9.98698e-01  9.97245e-01
 1.52447e+03  9.98437e-01  9.97239e-01
 1.52449e+03  9.97773e-01  9.97233e-01
 1.52451e+03  9.96639e-01  9.97227e-01
 1.52453e+03  9.96402e-01  9.97222e-01
 1.52456e+03  9.95011e-01  9.97216e-01
 1.52458e+03  9.95606e-01  9.97210e-01
 1.52460e+03  9.94969e-01  9.97204e-01
 1.52462e+03  9.95807e-01  9.97199e-01
 1.52464e+03  9.96017e-01  9.97193e-01
 1.52466e+03  9.95648e-01  9.97188e-01
 1.52468e+03  9.95818e-01  9.97182e-01
 1.52470e+03  9.96172e-01  9.97177e-01
 1.52472e+03  9.95898e-01  9.97171e-01
 1.52474e+03  9.95667e-01  9.97166e-01
 1.52476e+03  9.95773e-01  9.97161e-01
 1.52478e+03  9.96810e-01  9.97155e-01
 1.52481e+03  9.95205e-01  9.97150e-01
 1.52483e+03  9.97118e-01  9.97145e-01
 1.52485e+03  9.96786e-01  9.97140e-01
 1.52487e+03  9.97053e-01  9.97135e-01
 1.52489e+03  9.98111e-01  9.97129e-01
 1.52491e+03  9.98682e-01  9.97124e-01
 1.52493e+03  9.98717e-01  9.97119e-01
 1.52495e+03  9.98191e-01  9.97114e-01
 1.52497e+03  9.98229e-01  9.97109e-01
 1.52499e+03  9.98597e-01  9.97104e-01
 1.52501e+03  1.00000e+00  9.97100e-01
 1.52503e+03  1.00042e+00  9.97095e-01
 1.52506e+03  1.00045e+00  9.97090e-01
 1.52508e+03  9.99906e-01  9.97085e-01
 1.52510e+03  1.00070e+00  9.97080e-01
 1.52512e+03  1.00005e+00  9.97076e-01
 1.52514e+03  1.00125e+00  9.97071e-01
 1.52516e+03  1.00018e+00  9.97066e-01
 1.52518e+03  1.00149e+00  9.97062e-01
 1.52520e+03  1.00117e+00  9.97057e-01
 1.52522e+03  1.00177e+00  9.97052e-01
 1.52524e+03  1.00115e+00  9.97048e-01
 1.52526e+03  1.00134e+00  9.97043e-01
 1.52528e+03  1.00105e+00  9.97039e-01
 1.52531e+03  1.00113e+00  9.97035e-01
 1.52533e+03  9.99929e-01  9.97030e-01
 1.52535e+03  9.99948e-01  9.97026e-01
 1.52537e+03  1.00039e+00  9.97021e-01
 1.52539e+03  9.99470e-01  9.97017e-01
 1.52541e+03  1.00040e+00  9.97013e-01
 1.52543e+03  9.99490e-01  9.97009e-01
 1.52545e+03  1.00023e+00  9.97004e-01
 1.52547e+03  1.00018e+00  9.97000e-01
 1.52549e+03  1.00044e+00  9.96996e-01
 1.52551e+03  1.00042e+00  9.96992e-01
 1.52553e+03  1.00032e+00  9.96988e-01
 1.52556e+03  9.99402e-01  9.96984e-01
 1.52558e+03  1.00010e+00  9.96980e-01
 1.52560e+03  1.00017e+00  9.96976e-01
 1.52562e+03  9.99820e-01  9.96972e-01
 1.52564e+03  9.99567e-01  9.96968e-01
 1.52566e+03  1.00087e+00  9.96964e-01
 1.52568e+03  9.99389e-01  9.96960e-01
 1.52570e+03  9.99827e-01  9.96956e-01
 1.52572e+03  1.00090e+00  9.96952e-01
 1.52574e+03  1.00014e+00  9.96948e-01
 1.52578e+03  9.99551e-01  9.96940e-01
 1.52581e+03  9.99682e-01  9.96937e-01
 1.52583e+03  1.00026e+00  9.96933e-01
 1.52585e+03  1.00036e+00  9.96929e-01
 1.52587e+03  9.99039e-01  9.96926e-01
 1.52589e+03  1.00082e+00  9.96922e-01
 1.52591e+03  9.99802e-01  9.96918e-01
 1.52593e+03  9.99505e-01  9.96915e-01
 1.52595e+03  9.99390e-01  9.96911e-01
 1.52597e+03  9.98999e-01  9.96907e-01
 1.52599e+03  9.99925e-01  9.96904e-01
 1.52601e+03  9.99657e-01  9.96900e-01
 1.52603e+03  9.99339e-01  9.96897e-01
 1.52606e+03  9.99638e-01  9.96893e-01
 1.52608e+03  9.99374e-01  9.96890e-01
 1.52610e+03  9.99255e-01  9.96886e-01
 1.52612e+03  9.98853e-01  9.96883e-01
 1.52614e+03  9.98883e-01  9.96880e-01
 1.52616e+03  9.99760e-01  9.96876e-01
 1.52618e+03  9.99302e-01  9.96873e-01
 1.52620e+03  9.99681e-01  9.96870e-01
 1.52622e+03  1.00005e+00  9.96866e-01
 1.52624e+03  9.99763e-01  9.96863e-01
 1.52626e+03  9.99122e-01  9.96860e-01
 1.52629e+03  9.99364e-01  9.96856e-01
 1.52631e+03  1.00009e+00  9.96853e-01
 1.52633e+03  9.98871e-01  9.96850e-01
 1.52635e+03  1.00025e+00  9.96847e-01
 1.52639e+03  9.99664e-01  9.96841e-01
 1.52641e+03  1.00029e+00  9.96837e-01
 1.52643e+03  9.99310e-01  9.96834e-01
 1.52645e+03  1.00047e+00  9.96831e-01
 1.52647e+03  1.00077e+00  9.96828e-01
 1.52649e+03  1.00043e+00  9.96825e-01
 1.52651e+03  1.00000e+00  9.96822e-01
 1.52654e+03  9.99974e-01  9.96819e-01
 1.52656e+03  1.00029e+00  9.96816e-01
 1.52658e+03  1.00109e+00  9.96813e-01
 1.52660e+03  1.00102e+00  9.96810e-01
 1.52662e+03  1.00054e+00  9.96807e-01
 1.52664e+03  1.00010e+00  9.96804e-01
 1.52666e+03  1.00001e+00  9.96801e-01
 1.52668e+03  1.00099e+00  9.96798e-01
 1.52670e+03  1.00149e+00  9.96796e-01
 1.52672e+03  1.00189e+00  9.96793e-01
 1.52674e+03  1.00146e+00  9.96790e-01
 1.52679e+03  1.00033e+00  9.96784e-01
 1.52681e+03  1.00072e+00  9.96782e-01
 1.52683e+03  9.99816e-01  9.96779e-01
 1.52685e+03  9.99910e-01  9.96776e-01
 1.52687e+03  1.00016e+00  9.96773e-01
 1.52689e+03  9.99702e-01  9.96771e-01
 1.52691e+03  1.00118e+00  9.96768e-01
 1.52693e+03  1.00026e+00  9.96765e-01
 1.52695e+03  1.00107e+00  9.96763e-01
 1.52697e+03  1.00168e+00  9.96760e-01
 1.52699e+03  1.00099e+00  9.96757e-01
 1.52701e+03  9.99986e-01  9.96755e-01
 1.52704e+03  1.00098e+00  9.96752e-01
 1.52706e+03  1.00148e+00  9.96749e-01
 1.52708e+03  1.00060e+00  9.96747e-01
 1.52710e+03  1.00251e+00  9.96744e-01
 1.52712e+03  1.00136e+00  9.96742e-01
 1.52714e+03  1.00315e+00  9.96739e-01
 1.52716e+03  1.00350e+00  9.96737e-01
 1.52718e+03  1.00349e+00  9.96734e-01
 1.52720e+03  1.00369e+00  9.96732e-01
 1.52722e+03  1.00458e+00  9.96729e-01
 1.52724e+03  1.00486e+00  9.96727e-01
 1.52726e+03  1.00590e+00  9.96724e-01
 1.52729e+03  1.00611e+00  9.96722e-01
 1.52731e+03  1.00580e+00  9.96720e-01
 1.52733e+03  1.00578e+00  9.96717e-01
 1.52735e+03  1.00559e+00  9.96715e-01
 1.52737e+03  1.00391e+00  9.96712e-01
 1.52739e+03  1.00445e+00  9.96710e-01
 1.52741e+03  1.00387e+00  9.96708e-01
 1.52743e+03  1.00252e+00  9.96705e-01
 1.52745e+03  1.00131e+00  9.96703e-01
 1.52747e+03  9.99426e-01  9.96701e-01
 1.52749e+03  9.99786e-01  9.96699e-01
 1.52751e+03  9.98402e-01  9.96696e-01
 1.52754e+03  9.97648e-01  9.96694e-01
 1.52756e+03  9.96704e-01  9.96692e-01
 1.52758e+03  9.97208e-01  9.96690e-01
 1.52760e+03  9.95703e-01  9.96687e-01
 1.52762e+03  9.96239e-01  9.96685e-01
 1.52764e+03  9.96103e-01  9.96683e-01
 1.52766e+03  9.95697e-01  9.96681e-01
 1.52768e+03  9.95881e-01  9.96679e-01
 1.52770e+03  9.95900e-01  9.96676e-01
 1.52772e+03  9.95691e-01  9.96674e-01
 1.52774e+03  9.96339e-01  9.96672e-01
 1.52776e+03  9.95832e-01  9.96670e-01
 1.52779e+03  9.96665e-01  9.96668e-01
 1.52781e+03  9.96773e-01  9.96666e-01
 1.52783e+03  9.96916e-01  9.96664e-01
 1.52785e+03  9.97624e-01  9.96662e-01
 1.52787e+03  9.97096e-01  9.96660e-01
 1.52789e+03  9.98134e-01  9.96658e-01
 1.52791e+03  9.99151e-01  9.96655e-01
 1.52793e+03  9.98887e-01  9.96653e-01
 1.52795e+03  9.99005e-01  9.96651e-01
 1.52797e+03  9.99249e-01  9.96649e-01
 1.52799e+03  9.99693e-01  9.96647e-01
 1.52801e+03  9.99319e-01  9.96645e-01
 1.52804e+03  1.00007e+00  9.96643e-01
 1.52806e+03  1.00024e+00  9.96642e-01
 1.52808e+03  9.99775e-01  9.96640e-01
 1.52810e+03  1.00195e+00  9.96638e-01
 1.52812e+03  9.99842e-01  9.96636e-01
 1.52814e+03  1.00110e+00  9.96634e-01
 1.52816e+03  1.00116e+00  9.96632e-01
 1.52818e+03  1.00088e+00  9.96630e-01
 1.52820e+03  1.00122e+00  9.96628e-01
 1.52822e+03  1.00117e+00  9.96626e-01
 1.52824e+03  1.00090e+00  9.96624e-01
 1.52826e+03  1.00171e+00  9.96622e-01
 1.52829e+03  1.00123e+00  9.96621e-01
 1.52831e+03  1.00212e+00  9.96619e-01
 1.52833e+03  1.00090e+00  9.96617e-01
 1.52835e+03  1.00102e+00  9.96615e-01
 1.52837e+03  1.00191e+00  9.96613e-01
 1.52839e+03  1.00127e+00  9.96612e-01
 1.52841e+03  1.00145e+00  9.96610e-01
 1.52843e+03  1.00126e+00  9.96608e-01
 1.52845e+03  1.00118e+00  9.96606e-01
 1.52847e+03  1.00115e+00  9.96604e-01
 1.52849e+03  1.00034e+00  9.96603e-01
 1.52851e+03  1.00073e+00  9.96601e-01
 1.52854e+03  1.00103e+00  9.96599e-01
 1.52856e+03  1.00049e+00  9.96598e-01
 1.52858e+03  1.00027e+00  9.96596e-01
 1.52860e+03  1.00089e+00  9.96594e-01
 1.52862e+03  1.00050e+00  9.96592e-01
 1.52864e+03  1.00127e+00  9.96591e-01
 1.52866e+03  1.00065e+00  9.96589e-01
 1.52868e+03  1.00108e+00  9.96587e-01
 1.52870e+03  1.00094e+00  9.96586e-01
 1.52872e+03  1.00087e+00  9.96584e-01
 1.52874e+03  1.00159e+00  9.96582e-01
 1.52876e+03  1.00047e+00  9.96581e-01
 1.52879e+03  1.00078e+00  9.96579e-01
 1.52881e+03  1.00088e+00  9.96578e-01
 1.52883e+03  1.00023e+00  9.96576e-01
 1.52885e+03  1.00050e+00  9.96574e-01
 1.52887e+03  1.00031e+00  9.96573e-01
 1.52889e+03  1.00019e+00  9.96571e-01
 1.52891e+03  9.99602e-01  9.96570e-01
 1.52893e+03  9.99889e-01  9.96568e-01
 1.52895e+03  1.00001e+00  9.96566e-01
 1.52897e+03  1.00006e+00  9.96565e-01
 1.52899e+03  9.99744e-01  9.96563e-01
 1.52901e+03  1.00028e+00  9.96562e-01
 1.52904e+03  9.99267e-01  9.96560e-01
 1.52906e+03  9.99855e-01  9.96559e-01
 1.53504e+03  8.64494e-01  9.96321e-01
 1.53506e+03  8.64780e-01  9.96320e-01
 1.53508e+03  8.67960e-01  9.96320e-01
 1.53510e+03  8.69845e-01  9.96319e-01
 1.53512e+03  8.74441e-01  9.96319e-01
 1.53514e+03  8.79518e-01  9.96318e-01
 1.53516e+03  8.86913e-01  9.96318e-01
 1.53518e+03  8.94243e-01  9.96318e-01
 1.53520e+03  9.00145e-01  9.96317e-01
 1.53522e+03  9.07474e-01  9.96317e-01
 1.53524e+03  9.12820e-01  9.96316e-01
 1.53526e+03  9.18775e-01  9.96316e-01
 1.53529e+03  9.26373e-01  9.96316e-01
 1.53531e+03  9.31162e-01  9.96315e-01
 1.53533e+03  9.35760e-01  9.96315e-01
 1.53537e+03  9.46804e-01  9.96314e-01
 1.53539e+03  9.51062e-01  9.96314e-01
 1.53541e+03  9.55162e-01  9.96313e-01
 1.53543e+03  9.59160e-01  9.96313e-01
 1.53545e+03  9.63252e-01  9.96312e-01
 1.53547e+03  9.65935e-01  9.96312e-01
 1.53549e+03  9.71352e-01  9.96312e-01
 1.53551e+03  9.75659e-01  9.96311e-01
 1.53554e+03  9.77741e-01  9.96311e-01
 1.53556e+03  9.81554e-01  9.96311e-01
 1.53558e+03  9.81047e-01  9.96310e-01
 1.53560e+03  9.85211e-01  9.96310e-01
 1.53562e+03  9.88226e-01  9.96309e-01
 1.53564e+03  9.89636e-01  9.96309e-01
 1.53566e+03  9.89747e-01  9.96309e-01
 1.53568e+03  9.94775e-01  9.96308e-01
 1.53572e+03  9.95465e-01  9.96308e-01
 1.53574e+03  9.96665e-01  9.96307e-01
 1.53576e+03  9.98332e-01  9.96307e-01
 1.53579e+03  9.98916e-01  9.96306e-01
 1.53581e+03  9.97911e-01  9.96306e-01
 1.53583e+03  1.00048e+00  9.96306e-01
 1.53585e+03  9.98408e-01  9.96305e-01
 1.53587e+03  1.00111e+00  9.96305e-01
 1.53589e+03  1.00051e+00  9.96305e-01
 1.53593e+03  1.00099e+00  9.96304e-01
 1.53595e+03  1.00118e+00  9.96304e-01
 1.53597e+03  1.00108e+00  9.96303e-01
 1.53599e+03  1.00085e+00  9.96303e-01
 1.53601e+03  1.00156e+00  9.96302e-01
 1.53604e+03  1.00184e+00  9.96302e-01
 1.53606e+03  9.99382e-01  9.96302e-01
 1.53608e+03  1.00254e+00  9.96301e-01
 1.53610e+03  1.00180e+00  9.96301e-01
 1.53612e+03  1.00180e+00  9.96301e-01
 1.53614e+03  1.00484e+00  9.96300e-01
 1.53616e+03  1.00394e+00  9.96300e-01
 1.53618e+03  1.00500e+00  9.96300e-01
 1.53620e+03  1.00512e+00  9.96299e-01
 1.53622e+03  1.00505e+00  9.96299e-01
 1.53624e+03  1.00553e+00  9.96299e-01
 1.53626e+03  1.00432e+00  9.96298e-01
 1.53629e+03  1.00604e+00  9.96298e-01
 1.53631e+03  1.00619e+00  9.96298e-01
 1.53633e+03  1.00649e+00  9.96297e-01
 1.53635e+03  1.00758e+00  9.96297e-01
 1.53637e+03  1.00596e+00  9.96297e-01
 1.53639e+03  1.00813e+00  9.96296e-01
 1.53641e+03  1.00977e+00  9.96296e-01
 1.53643e+03  1.00802e+00  9.96296e-01
 1.53645e+03  1.00553e+00  9.96295e-01
 1.53647e+03  1.00538e+00  9.96295e-01
 1.53649e+03  1.00439e+00  9.96295e-01
 1.53651e+03  1.00331e+00  9.96294e-01
 1.53654e+03  1.00180e+00  9.96294e-01
 1.53658e+03  1.00030e+00  9.96294e-01
 1.53660e+03  9.98912e-01  9.96293e-01
 1.53662e+03  9.98416e-01  9.96293e-01
 1.53664e+03  9.97845e-01  9.96293e-01
 1.53666e+03  9.99404e-01  9.96292e-01
 1.53668e+03  9.98280e-01  9.96292e-01
 1.53670e+03  9.98132e-01  9.96292e-01
 1.53672e+03  9.97224e-01  9.96291e-01
 1.53674e+03  9.96475e-01  9.96291e-01
 1.53676e+03  9.97813e-01  9.96291e-01
 1.53679e+03  9.97410e-01  9.96290e-01
 1.53681e+03  9.98756e-01  9.96290e-01
 1.53683e+03  9.97404e-01  9.96290e-01
 1.53685e+03  9.97703e-01  9.96290e-01
 1.53687e+03  9.96842e-01  9.96289e-01
 1.53689e+03  9.97251e-01  9.96289e-01
 1.53691e+03  9.98057e-01  9.96289e-01
 1.53693e+03  9.98474e-01  9.96288e-01
 1.53695e+03  9.97996e-01  9.96288e-01
 1.53697e+03  9.98682e-01  9.96288e-01
 1.53699e+03  9.99014e-01  9.96287e-01
 1.53701e+03  1.00025e+00  9.96287e-01
 1.53704e+03  9.98647e-01  9.96287e-01
 1.53706e+03  1.00115e+00  9.96287e-01
 1.53708e+03  9.99547e-01  9.96286e-01
 1.53710e+03  9.98900e-01  9.96286e-01
 1.53712e+03  9.98414e-01  9.96286e-01
 1.53714e+03  1.00312e+00  9.96285e-01
 1.53716e+03  1.00192e+00  9.96285e-01
 1.53718e+03  1.00275e+00  9.96285e-01
 1.53720e+03  1.00218e+00  9.96285e-01
 1.53722e+03  1.00150e+00  9.96284e-01
 1.53724e+03  1.00314e+00  9.96284e-01
 1.53726e+03  1.00289e+00  9.96284e-01
 1.53729e+03  1.00368e+00  9.96284e-01
 1.53731e+03  1.00068e+00  9.96283e-01
 1.53733e+03  1.00156e+00  9.96283e-01
 1.53735e+03  1.00187e+00  9.96283e-01
 1.53737e+03  1.00069e+00  9.96282e-01
 1.53739e+03  1.00178e+00  9.96282e-01
 1.53741e+03  1.00148e+00  9.96282e-01
 1.53743e+03  9.99947e-01  9.96282e-01
 1.53745e+03  1.00041e+00  9.96281e-01
 1.53747e+03  1.00078e+00  9.96281e-01
 1.53749e+03  9.99781e-01  9.96281e-01
 1.53751e+03  1.00062e+00  9.96281e-01
 1.53754e+03  1.00129e+00  9.96280e-01
 1.53756e+03  9.99538e-01  9.96280e-01
 1.53758e+03  1.00134e+00  9.96280e-01
 1.53760e+03  1.00147e+00  9.96280e-01
 1.53762e+03  1.00038e+00  9.96279e-01
 1.53764e+03  1.00003e+00  9.96279e-01
 1.53766e+03  1.00059e+00  9.96279e-01
 1.53768e+03  9.98217e-01  9.96278e-01
 1.53770e+03  9.99858e-01  9.96278e-01
 1.53772e+03  9.99450e-01  9.96278e-01
 1.53774e+03  1.00017e+00  9.96278e-01
 1.53776e+03  9.98886e-01  9.96277e-01
 1.53779e+03  9.99703e-01  9.96277e-01
 1.53781e+03  9.99973e-01  9.96277e-01
 1.53783e+03  9.98786e-01  9.96277e-01
 1.53785e+03  9.99130e-01  9.96276e-01
 1.53787e+03  9.99900e-01  9.96276e-01
 1.53789e+03  9.99300e-01  9.96276e-01
 1.53791e+03  1.00013e+00  9.96276e-01
 1.53793e+03  9.99509e-01  9.96275e-01
 1.53795e+03  9.98674e-01  9.96275e-01
 1.53797e+03  9.98985e-01  9.96275e-01
 1.53799e+03  9.98601e-01  9.96275e-01
 1.53801e+03  9.99071e-01  9.96274e-01
 1.53804e+03  1.00031e+00  9.96274e-01
 1.53806e+03  9.97080e-01  9.96274e-01
 1.53808e+03  9.99497e-01  9.96274e-01
 1.53810e+03  9.98941e-01  9.96274e-01
 1.53812e+03  9.99670e-01  9.96273e-01
 1.53814e+03  9.98980e-01  9.96273e-01
 1.53816e+03  9.98886e-01  9.96273e-01
 1.53818e+03  9.99301e-01  9.96273e-01
 1.53820e+03  9.98786e-01  9.96272e-01
 1.53822e+03  1.00024e+00  9.96272e-01
 1.53824e+03  9.99161e-01  9.96272e-01
 1.53826e+03  9.98196e-01  9.96272e-01
 1.53829e+03  9.99217e-01  9.96271e-01
 1.53831e+03  9.98134e-01  9.96271e-01
 1.53833e+03  9.99905e-01  9.96271e-01
 1.53835e+03  9.99042e-01  9.96271e-01
 1.53837e+03  9.98518e-01  9.96271e-01
 1.53839e+03  9.98698e-01  9.96270e-01
 1.53841e+03  9.99987e-01  9.96270e-01
 1.53843e+03  9.98764e-01  9.96270e-01
 1.53845e+03  9.98885e-01  9.96270e-01
 1.53847e+03  9.99149e-01  9.96269e-01
 1.53849e+03  9.99671e-01  9.96269e-01
 1.53851e+03  1.00030e+00  9.96269e-01
 1.53854e+03  9.99691e-01  9.96269e-01
 1.53856e+03  9.99773e-01  9.96269e-01
 1.53858e+03  9.98613e-01  9.96268e-01
 1.53860e+03  9.99577e-01  9.96268e-01
 1.53862e+03  9.99936e-01  9.96268e-01
 1.53864e+03  1.00031e+00  9.96268e-01
 1.53866e+03  9.98974e-01  9.96267e-01
 1.53868e+03  9.99069e-01  9.96267e-01
 1.53870e+03  1.00061e+00  9.96267e-01
 1.53872e+03  9.99384e-01  9.96267e-01
 1.53874e+03  1.00065e+00  9.96267e-01
 1.53876e+03  9.99777e-01  9.96266e-01
 1.53879e+03  1.00025e+00  9.96266e-01
 1.53881e+03  9.99630e-01  9.96266e-01
 1.53883e+03  9.99692e-01  9.96266e-01
 1.53885e+03  1.00079e+00  9.96266e-01
 1.53887e+03  1.00111e+00  9.96265e-01
 1.53889e+03  1.00153e+00  9.96265e-01
 1.53891e+03  1.00092e+00  9.96265e-01
 1.53893e+03  1.00175e+00  9.96265e-01
 1.53895e+03  1.00128e+00  9.96265e-01
 1.53897e+03  1.00122e+00  9.96264e-01
 1.53899e+03  1.00234e+00  9.96264e-01
 1.53901e+03  1.00046e+00  9.96264e-01
 1.53904e+03  1.00141e+00  9.96264e-01
 1.53906e+03  1.00135e+00  9.96264e-01
 1.53908e+03  1.00203e+00  9.96263e-01
 1.53910e+03  9.99722e-01  9.96263e-01
 1.53912e+03  1.00149e+00  9.96263e-01
 1.53914e+03  1.00022e+00  9.96263e-01
 1.53918e+03  1.00177e+00  9.96262e-01
 1.53920e+03  1.00119e+00  9.96262e-01
 1.53922e+03  1.00207e+00  9.96262e-01
 1.53924e+03  1.00123e+00  9.96262e-01
 1.53926e+03  1.00301e+00  9.96262e-01
 1.53929e+03  1.00287e+00  9.96261e-01
 1.53931e+03  1.00299e+00  9.96261e-01
 1.53933e+03  1.00559e+00  9.96261e-01
 1.53935e+03  1.00487e+00  9.96261e-01
 1.53937e+03  1.00540e+00  9.96261e-01
 1.53939e+03  1.00704e+00  9.96260e-01
 1.53941e+03  1.00555e+00  9.96260e-01
 1.53943e+03  1.00455e+00  9.96260e-01
 1.53945e+03  1.00455e+00  9.96260e-01
 1.53947e+03  1.00492e+00  9.96260e-01
 1.53949e+03  1.00247e+00  9.96259e-01
 1.53951e+03  1.00071e+00  9.96259e-01
 1.53954e+03  1.00228e+00  9.96259e-01
 1.53956e+03  9.99721e-01  9.96259e-01
 1.53958e+03  9.98771e-01  9.96259e-01
 1.53960e+03  9.98351e-01  9.96259e-01
 1.53962e+03  9.97228e-01  9.96258e-01
 1.53970e+03  9.98017e-01  9.96258e-01
 1.53972e+03  9.97574e-01  9.96258e-01
 1.53974e+03  9.95220e-01  9.96257e-01
 1.53976e+03  9.94648e-01  9.96257e-01
 1.53979e+03  9.95087e-01  9.96257e-01
 1.53981e+03  9.95143e-01  9.96257e-01
 1.53983e+03  9.94151e-01  9.96257e-01
 1.53985e+03  9.95698e-01  9.96256e-01
 1.53987e+03  9.95226e-01  9.96256e-01
 1.53989e+03  9.95403e-01  9.96256e-01
 1.53991e+03  9.97008e-01  9.96256e-01
 1.53993e+03  9.97411e-01  9.96256e-01
 1.53995e+03  9.98024e-01  9.96256e-01
 1.53997e+03  9.97721e-01  9.96255e-01
 1.53999e+03  9.97320e-01  9.96255e-01
 1.54001e+03  9.96715e-01  9.96255e-01
 1.54004e+03  9.96679e-01  9.96255e-01
 1.54006e+03  9.97779e-01  9.96255e-01
 1.54008e+03  9.97303e-01  9.96255e-01
 1.54010e+03  9.98956e-01  9.96254e-01
 1.54012e+03  9.98202e-01  9.96254e-01
 1.54014e+03  1.00029e+00  9.96254e-01
 1.54018e+03  9.99267e-01  9.96254e-01
 1.54020e+03  1.00116e+00  9.96254e-01
 1.54022e+03  1.00002e+00  9.96253e-01
 1.54024e+03  1.00052e+00  9.96253e-01
 1.54026e+03  1.00300e+00  9.96253e-01
 1.54029e+03  1.00204e+00  9.96253e-01
 1.54031e+03  1.00206e+00  9.96253e-01
 1.54033e+03  1.00240e+00  9.96253e-01
 1.54035e+03  1.00254e+00  9.96253e-01
 1.54037e+03  1.00090e+00  9.96252e-01
 1.54039e+03  1.00168e+00  9.96252e-01
 1.54041e+03  1.00082e+00  9.96252e-01
 1.54043e+03  1.00036e+00  9.96252e-01
 1.54045e+03  1.00157e+00  9.96252e-01
 1.54047e+03  1.00236e+00  9.96252e-01
 1.54049e+03  9.99981e-01  9.96251e-01
 1.54051e+03  1.00146e+00  9.96251e-01
 1.54054e+03  1.00032e+00  9.96251e-01
 1.54056e+03  1.00000e+00  9.96251e-01
 1.54058e+03  9.99096e-01  9.96251e-01
 1.54060e+03  1.00025e+00  9.96251e-01
 1.54062e+03  9.99960e-01  9.96251e-01
 1.54066e+03  9.99408e-01  9.96250e-01
 1.54068e+03  1.00090e+00  9.96250e-01
 1.54070e+03  9.98749e-01  9.96250e-01
 1.54072e+03  1.00153e+00  9.96250e-01
 1.54074e+03  9.99385e-01  9.96250e-01
 1.54076e+03  9.99966e-01  9.96249e-01
 1.54079e+03  1.00023e+00  9.96249e-01
 1.54081e+03  1.00151e+00  9.96249e-01
 1.54083e+03  1.00083e+00  9.96249e-01
 1.54085e+03  1.00097e+00  9.96249e-01
 1.54087e+03  9.99629e-01  9.96249e-01
 1.54089e+03  9.99941e-01  9.96249e-01
 1.54091e+03  1.00005e+00  9.96248e-01
 1.54093e+03  1.00005e+00  9.96248e-01
 1.54095e+03  1.00002e+00  9.96248e-01
 1.54097e+03  9.99013e-01  9.96248e-01
 1.54099e+03  1.00041e+00  9.96248e-01
 1.54101e+03  1.00019e+00  9.96248e-01
 1.54104e+03  9.99697e-01  9.96248e-01
 1.54106e+03  1.00074e+00  9.96248e-01
 1.54108e+03  1.00042e+00  9.96247e-01
 1.54110e+03  9.98102e-01  9.96247e-01
 1.54112e+03  9.99796e-01  9.96247e-01
 1.54114e+03  9.98444e-01  9.96247e-01
 1.54116e+03  9.99695e-01  9.96247e-01
 1.54118e+03  1.00029e+00  9.96247e-01
 1.54120e+03  9.95605e-01  9.96247e-01
 1.54122e+03  1.00011e+00  9.96246e-01
 1.54124e+03  1.00047e+00  9.96246e-01
 1.54126e+03  1.00078e+00  9.96246e-01
 1.54129e+03  1.00064e+00  9.96246e-01
 1.54131e+03  1.00000e+00  9.96246e-01
 1.54133e+03  9.99232e-01  9.96246e-01
 1.54135e+03  1.00027e+00  9.96246e-01
 1.54137e+03  9.99802e-01  9.96246e-01
 1.54139e+03  9.99966e-01  9.96245e-01
 1.54141e+03  1.00022e+00  9.96245e-01
 1.54143e+03  9.99242e-01  9.96245e-01
 1.54145e+03  1.00012e+00  9.96245e-01
 1.54147e+03  1.00080e+00  9.96245e-01
 1.54149e+03  9.99537e-01  9.96245e-01
 1.54151e+03  9.99029e-01  9.96245e-01
 1.54153e+03  1.00022e+00  9.96244e-01
 1.54156e+03  9.98577e-01  9.96244e-01
 1.54158e+03  9.99675e-01  9.96244e-01
 1.54160e+03  9.98497e-01  9.96244e-01
 1.54162e+03  1.00034e+00  9.96244e-01
 1.54164e+03  9.99634e-01  9.96244e-01
 1.54166e+03  9.98605e-01  9.96244e-01
 1.54168e+03  9.99617e-01  9.96244e-01
 1.54170e+03  9.99392e-01  9.96243e-01
 1.54172e+03  1.00038e+00  9.96243e-01
 1.54174e+03  9.99609e-01  9.96243e-01
 1.54176e+03  1.00091e+00  9.96243e-01
 1.54178e+03  1.00050e+00  9.96243e-01
 1.54181e+03  1.00103e+00  9.96243e-01
 1.54183e+03  9.99002e-01  9.96243e-01
 1.54185e+03  1.00185e+00  9.96243e-01
 1.54187e+03  9.99946e-01  9.96243e-01
 1.54189e+03  1.00050e+00  9.96242e-01
 1.54191e+03  9.99249e-01  9.96242e-01
 1.54193e+03  1.00135e+00  9.96242e-01
 1.54195e+03  1.00114e+00  9.96242e-01
 1.54197e+03  1.00019e+00  9.96242e-01
 1.54199e+03  1.00028e+00  9.96242e-01
