2235
 1.68339e+03  1.00965e+00  1.00731e+00
 1.68341e+03  1.00885e+00  1.00730e+00
 1.68343e+03  1.00977e+00  1.00724e+00
 1.68347e+03  1.01221e+00  1.00703e+00
 1.68349e+03  1.01370e+00  1.00689e+00
 1.68351e+03  1.01879e+00  1.00672e+00
 1.68353e+03  1.02130e+00  1.00653e+00
 1.68366e+03  1.02195e+00  1.00515e+00
 1.68368e+03  1.01374e+00  1.00490e+00
 1.68370e+03  1.01072e+00  1.00465e+00
 1.68374e+03  1.01710e+00  1.00414e+00
 1.68376e+03  1.01678e+00  1.00389e+00
 1.68378e+03  1.01837e+00  1.00365e+00
 1.68381e+03  1.01586e+00  1.00341e+00
 1.68383e+03  1.01648e+00  1.00317e+00
 1.68385e+03  1.02006e+00  1.00293e+00
 1.68387e+03  1.01178e+00  1.00271e+00
 1.68393e+03  1.01590e+00  1.00206e+00
 1.68395e+03  1.01755e+00  1.00186e+00
 1.68397e+03  1.01360e+00  1.00166e+00
 1.68399e+03  1.01244e+00  1.00147e+00
 1.68401e+03  1.00823e+00  1.00129e+00
 1.68403e+03  1.01257e+00  1.00111e+00
 1.68408e+03  1.01373e+00  1.00078e+00
 1.68412e+03  1.00903e+00  1.00047e+00
 1.68414e+03  9.98294e-01  1.00032e+00
 1.68416e+03  1.01239e+00  1.00018e+00
 1.68418e+03  1.01000e+00  1.00005e+00
 1.68420e+03  1.00892e+00  9.99919e-01
 1.68422e+03  1.00564e+00  9.99797e-01
 1.68426e+03  1.00246e+00  9.99567e-01
 1.68428e+03  9.96363e-01  9.99460e-01
 1.68431e+03  9.98007e-01  9.99358e-01
 1.68433e+03  9.89261e-01  9.99260e-01
 1.68435e+03  9.83142e-01  9.99167e-01
 1.68437e+03  9.76897e-01  9.99078e-01
 1.68439e+03  9.72619e-01  9.98993e-01
 1.68441e+03  9.69668e-01  9.98912e-01
 1.68443e+03  9.72674e-01  9.98835e-01
 1.68445e+03  9.64047e-01  9.98762e-01
 1.68447e+03  9.59672e-01  9.98692e-01
 1.68451e+03  9.65214e-01  9.98563e-01
 1.68453e+03  9.65347e-01  9.98503e-01
 1.68456e+03  9.67530e-01  9.98446e-01
 1.68458e+03  9.71849e-01  9.98392e-01
 1.68460e+03  9.75101e-01  9.98340e-01
 1.68462e+03  9.81388e-01  9.98292e-01
 1.68464e+03  9.85353e-01  9.98245e-01
 1.68466e+03  9.87802e-01  9.98201e-01
 1.68468e+03  9.92074e-01  9.98160e-01
 1.68470e+03  9.95494e-01  9.98120e-01
 1.68472e+03  9.96744e-01  9.98083e-01
 1.68474e+03  9.96342e-01  9.98048e-01
 1.68476e+03  9.90406e-01  9.98014e-01
 1.68478e+03  1.00120e+00  9.97983e-01
 1.68481e+03  9.99312e-01  9.97953e-01
 1.68483e+03  1.00368e+00  9.97925e-01
 1.68485e+03  1.00158e+00  9.97898e-01
 1.68487e+03  9.92066e-01  9.97874e-01
 1.68489e+03  1.00065e+00  9.97850e-01
 1.68491e+03  1.00089e+00  9.97828e-01
 1.68493e+03  9.94434e-01  9.97807e-01
 1.68495e+03  1.00163e+00  9.97787e-01
 1.68497e+03  9.96282e-01  9.97769e-01
 1.68501e+03  9.98221e-01  9.97736e-01
 1.68503e+03  9.99141e-01  9.97721e-01
 1.68506e+03  9.98244e-01  9.97707e-01
 1.68508e+03  9.96880e-01  9.97694e-01
 1.68510e+03  9.98772e-01  9.97682e-01
 1.68512e+03  1.00049e+00  9.97670e-01
 1.68514e+03  1.00390e+00  9.97660e-01
 1.68516e+03  1.00537e+00  9.97650e-01
 1.68518e+03  1.00255e+00  9.97641e-01
 1.68520e+03  1.00615e+00  9.97633e-01
 1.68522e+03  1.01248e+00  9.97626e-01
 1.68524e+03  1.00969e+00  9.97619e-01
 1.68526e+03  1.01037e+00  9.97613e-01
 1.68528e+03  1.01035e+00  9.97607e-01
 1.68531e+03  1.01175e+00  9.97602e-01
 1.68533e+03  1.01914e+00  9.97597e-01
 1.68535e+03  1.02150e+00  9.97594e-01
 1.68537e+03  1.02347e+00  9.97590e-01
 1.68539e+03  1.01998e+00  9.97587e-01
 1.68541e+03  1.02145e+00  9.97584e-01
 1.68543e+03  1.01988e+00  9.97582e-01
 1.68545e+03  1.01565e+00  9.97581e-01
 1.68549e+03  1.02099e+00  9.97578e-01
 1.68551e+03  1.01896e+00  9.97578e-01
 1.68553e+03  1.02506e+00  9.97577e-01
 1.68556e+03  1.02131e+00  9.97578e-01
 1.68558e+03  1.02600e+00  9.97578e-01
 1.68560e+03  1.01744e+00  9.97578e-01
 1.68562e+03  1.01697e+00  9.97579e-01
 1.68564e+03  1.01899e+00  9.97581e-01
 1.68566e+03  1.02243e+00  9.97582e-01
 1.68568e+03  1.02251e+00  9.97584e-01
 1.68570e+03  1.01681e+00  9.97586e-01
 1.68572e+03  1.01490e+00  9.97588e-01
 1.68574e+03  1.01975e+00  9.97590e-01
 1.68576e+03  1.01695e+00  9.97593e-01
 1.68578e+03  1.01648e+00  9.97595e-01
 1.68581e+03  1.01741e+00  9.97598e-01
 1.68583e+03  1.01828e+00  9.97601e-01
 1.68585e+03  1.01487e+00  9.97604e-01
 1.68587e+03  1.01392e+00  9.97608e-01
 1.68589e+03  1.00487e+00  9.97611e-01
 1.68591e+03  1.00860e+00  9.97615e-01
 1.68593e+03  1.00954e+00  9.97619e-01
 1.68595e+03  1.00734e+00  9.97623e-01
 1.68597e+03  1.00602e+00  9.97627e-01
 1.68601e+03  1.00026e+00  9.97635e-01
 1.68603e+03  1.00437e+00  9.97639e-01
 1.68606e+03  1.00012e+00  9.97644e-01
 1.68608e+03  9.99801e-01  9.97648e-01
 1.68610e+03  9.98737e-01  9.97653e-01
 1.68612e+03  9.99535e-01  9.97658e-01
 1.68614e+03  9.99643e-01  9.97663e-01
 1.68616e+03  9.98724e-01  9.97667e-01
 1.68618e+03  9.92007e-01  9.97672e-01
 1.68620e+03  9.97493e-01  9.97677e-01
 1.68622e+03  9.92023e-01  9.97682e-01
 1.68624e+03  9.93249e-01  9.97687e-01
 1.68626e+03  9.90878e-01  9.97693e-01
 1.68628e+03  9.91183e-01  9.97698e-01
 1.68631e+03  9.93128e-01  9.97703e-01
 1.68633e+03  9.91698e-01  9.97708e-01
 1.68635e+03  9.91356e-01  9.97714e-01
 1.68637e+03  9.87883e-01  9.97719e-01
 1.68639e+03  9.89643e-01  9.97725e-01
 1.68641e+03  9.88100e-01  9.97730e-01
 1.68643e+03  9.90500e-01  9.97736e-01
 1.68647e+03  9.92618e-01  9.97747e-01
 1.68649e+03  9.86947e-01  9.97752e-01
 1.68651e+03  9.86070e-01  9.97758e-01
 1.68653e+03  9.85254e-01  9.97764e-01
 1.68656e+03  9.85821e-01  9.97769e-01
 1.68658e+03  9.85722e-01  9.97775e-01
 1.68660e+03  9.81732e-01  9.97781e-01
 1.68662e+03  9.76345e-01  9.97787e-01
 1.68666e+03  9.69973e-01  9.97798e-01
 1.68668e+03  9.72129e-01  9.97804e-01
 1.68670e+03  9.68532e-01  9.97810e-01
 1.68672e+03  9.64516e-01  9.97816e-01
 1.68674e+03  9.61234e-01  9.97822e-01
 1.68676e+03  9.64279e-01  9.97828e-01
 1.68678e+03  9.67915e-01  9.97833e-01
 1.68681e+03  9.71170e-01  9.97839e-01
 1.68683e+03  9.73455e-01  9.97845e-01
 1.68685e+03  9.78003e-01  9.97851e-01
 1.68687e+03  9.78612e-01  9.97857e-01
 1.68689e+03  9.87477e-01  9.97863e-01
 1.68691e+03  9.88674e-01  9.97869e-01
 1.68693e+03  9.92849e-01  9.97875e-01
 1.68695e+03  9.93868e-01  9.97881e-01
 1.68697e+03  9.89523e-01  9.97887e-01
 1.68699e+03  9.92098e-01  9.97893e-01
 1.68701e+03  9.96971e-01  9.97899e-01
 1.68703e+03  9.96237e-01  9.97905e-01
 1.68706e+03  1.00115e+00  9.97911e-01
 1.68708e+03  9.94527e-01  9.97917e-01
 1.68710e+03  9.97712e-01  9.97923e-01
 1.68712e+03  9.99716e-01  9.97929e-01
 1.68714e+03  9.97523e-01  9.97935e-01
 1.68716e+03  9.97657e-01  9.97942e-01
 1.68718e+03  9.98560e-01  9.97948e-01
 1.68720e+03  9.99367e-01  9.97954e-01
 1.68722e+03  9.94176e-01  9.97960e-01
 1.68724e+03  9.91814e-01  9.97966e-01
 1.68726e+03  9.94476e-01  9.97972e-01
 1.68728e+03  9.99114e-01  9.97978e-01
 1.68731e+03  9.94306e-01  9.97984e-01
 1.68733e+03  9.97688e-01  9.97991e-01
 1.68735e+03  9.92729e-01  9.97997e-01
 1.68737e+03  9.97270e-01  9.98003e-01
 1.68739e+03  9.98041e-01  9.98009e-01
 1.68741e+03  9.94812e-01  9.98015e-01
 1.68743e+03  9.93623e-01  9.98022e-01
 1.68745e+03  9.96314e-01  9.98028e-01
 1.68747e+03  9.94909e-01  9.98034e-01
 1.68749e+03  9.98243e-01  9.98040e-01
 1.68751e+03  9.98133e-01  9.98047e-01
 1.68753e+03  1.00006e+00  9.98053e-01
 1.68758e+03  9.99231e-01  9.98066e-01
 1.68760e+03  1.00208e+00  9.98072e-01
 1.68762e+03  1.00173e+00  9.98079e-01
 1.68764e+03  1.00180e+00  9.98085e-01
 1.68766e+03  9.98306e-01  9.98091e-01
 1.68768e+03  9.99053e-01  9.98098e-01
 1.68770e+03  9.94081e-01  9.98104e-01
 1.68772e+03  9.93756e-01  9.98111e-01
 1.68774e+03  9.97823e-01  9.98117e-01
 1.68776e+03  1.00401e+00  9.98124e-01
 1.68778e+03  1.00215e+00  9.98130e-01
 1.68781e+03  1.00432e+00  9.98137e-01
 1.68783e+03  9.99027e-01  9.98144e-01
 1.68785e+03  9.93006e-01  9.98150e-01
 1.68787e+03  1.00746e+00  9.98157e-01
 1.68789e+03  1.00834e+00  9.98164e-01
 1.68795e+03  1.00200e+00  9.98184e-01
 1.68799e+03  1.00155e+00  9.98198e-01
 1.68801e+03  1.00285e+00  9.98205e-01
 1.68803e+03  1.00595e+00  9.98212e-01
 1.68810e+03  1.00436e+00  9.98233e-01
 1.68812e+03  1.00272e+00  9.98240e-01
 1.68814e+03  1.00667e+00  9.98247e-01
 1.68816e+03  1.00655e+00  9.98254e-01
 1.68820e+03  1.00833e+00  9.98269e-01
 1.68822e+03  1.00542e+00  9.98276e-01
 1.68824e+03  1.01037e+00  9.98284e-01
 1.68826e+03  1.00095e+00  9.98291e-01
 1.68835e+03  1.00203e+00  9.98322e-01
 1.68837e+03  1.00484e+00  9.98330e-01
 1.68839e+03  1.00127e+00  9.98337e-01
 1.68843e+03  9.98385e-01  9.98353e-01
 1.68847e+03  1.00656e+00  9.98369e-01
 1.68849e+03  9.99093e-01  9.98378e-01
 1.68853e+03  1.00038e+00  9.98394e-01
 1.68858e+03  1.00372e+00  9.98411e-01
 1.68860e+03  1.00501e+00  9.98420e-01
 1.68868e+03  1.00486e+00  9.98455e-01
 1.68870e+03  1.01301e+00  9.98464e-01
 1.68872e+03  1.00510e+00  9.98473e-01
 1.68874e+03  1.00904e+00  9.98483e-01
 1.68876e+03  1.00690e+00  9.98492e-01
 1.68878e+03  1.00702e+00  9.98502e-01
 1.68881e+03  1.00647e+00  9.98511e-01
 1.68883e+03  1.00975e+00  9.98521e-01
 1.68885e+03  1.00828e+00  9.98531e-01
 1.68887e+03  1.01141e+00  9.98541e-01
 1.68891e+03  1.01112e+00  9.98561e-01
 1.68893e+03  1.00667e+00  9.98571e-01
 1.68895e+03  1.00943e+00  9.98582e-01
 1.68897e+03  1.00421e+00  9.98592e-01
 1.68903e+03  1.00010e+00  9.98625e-01
 1.68906e+03  1.00296e+00  9.98636e-01
 1.68908e+03  1.00225e+00  9.98648e-01
 1.68916e+03  9.98744e-01  9.98695e-01
 1.68918e+03  9.98666e-01  9.98707e-01
 1.68920e+03  1.00199e+00  9.98719e-01
 1.68924e+03  9.93203e-01  9.98744e-01
 1.68926e+03  9.98888e-01  9.98757e-01
 1.68928e+03  9.95947e-01  9.98770e-01
 1.68931e+03  9.93181e-01  9.98784e-01
 1.68935e+03  9.93942e-01  9.98811e-01
 1.68937e+03  9.98927e-01  9.98825e-01
 1.68939e+03  9.99716e-01  9.98839e-01
 1.68941e+03  9.99604e-01  9.98854e-01
 1.68945e+03  9.99309e-01  9.98884e-01
 1.68947e+03  1.00082e+00  9.98899e-01
 1.68949e+03  1.00045e+00  9.98914e-01
 1.68951e+03  1.00330e+00  9.98930e-01
 1.68956e+03  9.99830e-01  9.98962e-01
 1.68958e+03  1.00274e+00  9.98979e-01
 1.68960e+03  1.00657e+00  9.98996e-01
 1.68962e+03  1.00340e+00  9.99013e-01
 1.68964e+03  9.99357e-01  9.99030e-01
 1.68966e+03  1.00791e+00  9.99048e-01
 1.68968e+03  1.00181e+00  9.99066e-01
 1.68970e+03  1.00544e+00  9.99085e-01
 1.68972e+03  1.00532e+00  9.99104e-01
 1.68974e+03  1.00292e+00  9.99123e-01
 1.68976e+03  1.00496e+00  9.99142e-01
 1.68978e+03  1.00735e+00  9.99162e-01
 1.68981e+03  1.00729e+00  9.99182e-01
 1.68983e+03  1.00858e+00  9.99203e-01
 1.68985e+03  1.01156e+00  9.99224e-01
 1.68987e+03  1.00699e+00  9.99246e-01
 1.68989e+03  1.00710e+00  9.99267e-01
 1.68991e+03  1.00715e+00  9.99290e-01
 1.68995e+03  1.00456e+00  9.99336e-01
 1.68997e+03  1.00678e+00  9.99359e-01
 1.68999e+03  1.00078e+00  9.99383e-01
 1.69003e+03  1.00277e+00  9.99433e-01
 1.69006e+03  9.97227e-01  9.99458e-01
 1.69008e+03  9.94207e-01  9.99484e-01
 1.69010e+03  9.94272e-01  9.99511e-01
 1.69012e+03  1.00131e+00  9.99538e-01
 1.69014e+03  1.00199e+00  9.99566e-01
 1.69016e+03  9.99363e-01  9.99594e-01
 1.69018e+03  9.97827e-01  9.99623e-01
 1.69020e+03  1.00064e+00  9.99652e-01
 1.69022e+03  1.00000e+00  9.99682e-01
 1.69024e+03  9.95966e-01  9.99713e-01
 1.69026e+03  9.92013e-01  9.99744e-01
 1.69028e+03  9.84922e-01  9.99776e-01
 1.69031e+03  9.83145e-01  9.99809e-01
 1.69033e+03  9.75403e-01  9.99842e-01
 1.69037e+03  9.63337e-01  9.99911e-01
 1.69039e+03  9.60027e-01  9.99946e-01
 1.69043e+03  9.57864e-01  1.00002e+00
 1.69045e+03  9.58299e-01  1.00006e+00
 1.69047e+03  9.57353e-01  1.00009e+00
 1.69049e+03  9.61339e-01  1.00013e+00
 1.69051e+03  9.62913e-01  1.00017e+00
 1.69053e+03  9.67582e-01  1.00021e+00
 1.69056e+03  9.64328e-01  1.00026e+00
 1.69058e+03  9.71878e-01  1.00030e+00
 1.69060e+03  9.79435e-01  1.00034e+00
 1.69062e+03  9.85345e-01  1.00039e+00
 1.69064e+03  9.88588e-01  1.00043e+00
 1.69066e+03  9.91082e-01  1.00048e+00
 1.69068e+03  9.82314e-01  1.00052e+00
 1.69070e+03  9.82646e-01  1.00057e+00
 1.69072e+03  9.82483e-01  1.00062e+00
 1.69074e+03  9.86623e-01  1.00067e+00
 1.69076e+03  9.85724e-01  1.00072e+00
 1.69078e+03  9.87489e-01  1.00077e+00
 1.69081e+03  9.86319e-01  1.00082e+00
 1.69083e+03  9.88178e-01  1.00087e+00
 1.69085e+03  9.90111e-01  1.00093e+00
 1.69087e+03  9.88578e-01  1.00098e+00
 1.69089e+03  9.88851e-01  1.00104e+00
 1.69091e+03  9.87690e-01  1.00109e+00
 1.69093e+03  9.85541e-01  1.00115e+00
 1.69095e+03  9.87272e-01  1.00121e+00
 1.69097e+03  9.90234e-01  1.00127e+00
 1.69099e+03  9.90430e-01  1.00133e+00
 1.69101e+03  9.89253e-01  1.00139e+00
 1.69103e+03  9.89766e-01  1.00145e+00
 1.69106e+03  9.92092e-01  1.00151e+00
 1.69108e+03  9.92982e-01  1.00157e+00
 1.69110e+03  9.96207e-01  1.00163e+00
 1.69112e+03  1.00062e+00  1.00169e+00
 1.69114e+03  9.99049e-01  1.00176e+00
 1.69116e+03  1.00180e+00  1.00182e+00
 1.69118e+03  1.00143e+00  1.00188e+00
 1.69120e+03  1.00472e+00  1.00194e+00
 1.69122e+03  1.00506e+00  1.00201e+00
 1.69124e+03  1.00660e+00  1.00207e+00
 1.69126e+03  1.00561e+00  1.00213e+00
 1.69128e+03  1.00506e+00  1.00219e+00
 1.69131e+03  1.00858e+00  1.00225e+00
 1.69133e+03  1.00809e+00  1.00231e+00
 1.69135e+03  1.01173e+00  1.00237e+00
 1.69137e+03  1.00681e+00  1.00242e+00
 1.69141e+03  1.01538e+00  1.00253e+00
 1.69143e+03  1.02175e+00  1.00258e+00
 1.69145e+03  1.02193e+00  1.00262e+00
 1.69147e+03  1.01809e+00  1.00266e+00
 1.69149e+03  1.02347e+00  1.00270e+00
 1.69151e+03  1.02011e+00  1.00273e+00
 1.69153e+03  1.02032e+00  1.00276e+00
 1.69156e+03  1.01851e+00  1.00278e+00
 1.69158e+03  1.01818e+00  1.00280e+00
 1.69160e+03  1.01657e+00  1.00281e+00
 1.69162e+03  1.01492e+00  1.00281e+00
 1.69164e+03  1.01532e+00  1.00280e+00
 1.69166e+03  1.01509e+00  1.00278e+00
 1.69168e+03  1.01577e+00  1.00275e+00
 1.69170e+03  1.01383e+00  1.00271e+00
 1.69172e+03  1.01089e+00  1.00266e+00
 1.69176e+03  1.01094e+00  1.00252e+00
 1.69181e+03  1.00824e+00  1.00231e+00
 1.69191e+03  9.96698e-01  1.00143e+00
 1.69195e+03  9.91722e-01  1.00091e+00
 1.69197e+03  9.93513e-01  1.00060e+00
 1.69199e+03  9.91201e-01  1.00027e+00
 1.69201e+03  9.90797e-01  9.99909e-01
 1.69203e+03  9.95768e-01  9.99511e-01
 1.69208e+03  9.98407e-01  9.98618e-01
 1.69212e+03  9.88303e-01  9.97584e-01
 1.69214e+03  9.92814e-01  9.97015e-01
 1.69216e+03  9.90572e-01  9.96410e-01
 1.69218e+03  9.96282e-01  9.95773e-01
 1.69220e+03  9.90934e-01  9.95102e-01
 1.69222e+03  9.96085e-01  9.94403e-01
 1.69224e+03  9.97320e-01  9.93678e-01
 1.69226e+03  9.96849e-01  9.92924e-01
 1.69228e+03  9.96183e-01  9.92155e-01
 1.69231e+03  9.95828e-01  9.91370e-01
 1.69233e+03  9.96258e-01  9.90573e-01
 1.69235e+03  9.93641e-01  9.89776e-01
 1.69237e+03  9.93731e-01  9.88983e-01
 1.69239e+03  9.90514e-01  9.88199e-01
 1.69243e+03  9.95150e-01  9.86710e-01
 1.69247e+03  9.96561e-01  9.85376e-01
 1.69251e+03  9.92750e-01  9.84282e-01
 1.69253e+03  9.91328e-01  9.83851e-01
 1.69256e+03  9.89229e-01  9.83508e-01
 1.69262e+03  9.72137e-01  9.83087e-01
 1.69264e+03  9.72948e-01  9.83171e-01
 1.69268e+03  9.70366e-01  9.83689e-01
 1.69270e+03  9.71556e-01  9.84127e-01
 1.69274e+03  9.73639e-01  9.85334e-01
 1.69278e+03  9.70687e-01  9.86952e-01
 1.69281e+03  9.71662e-01  9.87888e-01
 1.69285e+03  9.81630e-01  9.89968e-01
 1.69287e+03  9.87859e-01  9.91081e-01
 1.69289e+03  9.87376e-01  9.92230e-01
 1.69297e+03  1.00082e+00  9.96865e-01
 1.69299e+03  1.00007e+00  9.97973e-01
 1.69306e+03  1.00725e+00  1.00102e+00
 1.69308e+03  1.00374e+00  1.00192e+00
 1.69312e+03  1.00315e+00  1.00351e+00
 1.69314e+03  1.00230e+00  1.00420e+00
 1.69316e+03  1.00263e+00  1.00481e+00
 1.69318e+03  1.00609e+00  1.00535e+00
 1.69320e+03  1.00807e+00  1.00582e+00
 1.69322e+03  1.00642e+00  1.00621e+00
 1.69324e+03  1.00486e+00  1.00654e+00
 1.69326e+03  1.00727e+00  1.00681e+00
 1.69328e+03  1.00623e+00  1.00702e+00
 1.69331e+03  1.00409e+00  1.00716e+00
 1.69335e+03  1.00174e+00  1.00731e+00
 1.69337e+03  1.00405e+00  1.00731e+00
 1.69339e+03  1.00287e+00  1.00727e+00
 1.69341e+03  1.00291e+00  1.00720e+00
 1.69343e+03  1.00051e+00  1.00710e+00
 1.69345e+03  1.00264e+00  1.00696e+00
 1.69347e+03  1.00188e+00  1.00680e+00
 1.69351e+03  1.00225e+00  1.00643e+00
 1.69356e+03  1.00740e+00  1.00600e+00
 1.69360e+03  1.00225e+00  1.00552e+00
 1.69362e+03  9.99926e-01  1.00528e+00
 1.69364e+03  1.00978e+00  1.00503e+00
 1.69366e+03  1.00735e+00  1.00477e+00
 1.69368e+03  1.00698e+00  1.00452e+00
 1.69370e+03  1.00866e+00  1.00427e+00
 1.69372e+03  1.00702e+00  1.00402e+00
 1.69374e+03  1.00381e+00  1.00377e+00
 1.69376e+03  1.00388e+00  1.00353e+00
 1.69378e+03  1.00618e+00  1.00329e+00
 1.69381e+03  1.00571e+00  1.00305e+00
 1.69383e+03  1.00566e+00  1.00282e+00
 1.69385e+03  1.00390e+00  1.00260e+00
 1.69387e+03  1.00301e+00  1.00238e+00
 1.69389e+03  1.00634e+00  1.00216e+00
 1.69391e+03  1.00282e+00  1.00196e+00
 1.69393e+03  1.00290e+00  1.00176e+00
 1.69395e+03  1.00490e+00  1.00157e+00
 1.69397e+03  1.00511e+00  1.00138e+00
 1.69399e+03  1.00335e+00  1.00120e+00
 1.69401e+03  1.00322e+00  1.00102e+00
 1.69403e+03  1.00349e+00  1.00086e+00
 1.69408e+03  1.00188e+00  1.00054e+00
 1.69410e+03  9.99946e-01  1.00039e+00
 1.69412e+03  1.00357e+00  1.00025e+00
 1.69414e+03  1.00404e+00  1.00011e+00
 1.69416e+03  1.00491e+00  9.99983e-01
 1.69418e+03  1.00070e+00  9.99858e-01
 1.69420e+03  1.00486e+00  9.99738e-01
 1.69422e+03  1.00127e+00  9.99623e-01
 1.69424e+03  1.00581e+00  9.99513e-01
 1.69426e+03  9.97527e-01  9.99409e-01
 1.69428e+03  1.00810e+00  9.99309e-01
 1.69431e+03  1.00567e+00  9.99213e-01
 1.69433e+03  1.00906e+00  9.99122e-01
 1.69435e+03  1.00843e+00  9.99035e-01
 1.69437e+03  1.00634e+00  9.98952e-01
 1.69439e+03  9.98758e-01  9.98874e-01
 1.69441e+03  9.98715e-01  9.98799e-01
 1.69443e+03  1.00194e+00  9.98727e-01
 1.69445e+03  9.99282e-01  9.98659e-01
 1.69447e+03  1.00152e+00  9.98594e-01
 1.69449e+03  1.00274e+00  9.98533e-01
 1.69451e+03  1.00310e+00  9.98474e-01
 1.69453e+03  1.00028e+00  9.98419e-01
 1.69456e+03  9.98200e-01  9.98366e-01
 1.69458e+03  9.93853e-01  9.98316e-01
 1.69460e+03  1.00318e+00  9.98268e-01
 1.69462e+03  9.98233e-01  9.98223e-01
 1.69464e+03  9.97351e-01  9.98180e-01
 1.69466e+03  1.00020e+00  9.98140e-01
 1.69468e+03  1.00313e+00  9.98101e-01
 1.69470e+03  1.00741e+00  9.98065e-01
 1.69472e+03  1.00346e+00  9.98031e-01
 1.69474e+03  1.00521e+00  9.97998e-01
 1.69476e+03  1.00942e+00  9.97968e-01
 1.69478e+03  1.00826e+00  9.97939e-01
 1.69481e+03  1.00513e+00  9.97912e-01
 1.69483e+03  1.00240e+00  9.97886e-01
 1.69485e+03  1.00741e+00  9.97862e-01
 1.69487e+03  1.00679e+00  9.97839e-01
 1.69489e+03  1.00399e+00  9.97817e-01
 1.69491e+03  1.00274e+00  9.97797e-01
 1.69493e+03  1.00569e+00  9.97778e-01
 1.69495e+03  1.00709e+00  9.97760e-01
 1.69497e+03  1.00300e+00  9.97744e-01
 1.69499e+03  9.99048e-01  9.97728e-01
 1.69503e+03  1.00046e+00  9.97700e-01
 1.69508e+03  9.97483e-01  9.97676e-01
 1.69510e+03  9.99925e-01  9.97665e-01
 1.69512e+03  9.98792e-01  9.97655e-01
 1.69514e+03  9.96775e-01  9.97646e-01
 1.69516e+03  9.98327e-01  9.97637e-01
 1.69518e+03  9.94127e-01  9.97629e-01
 1.69520e+03  9.98969e-01  9.97622e-01
 1.69522e+03  9.95867e-01  9.97616e-01
 1.69524e+03  9.96316e-01  9.97610e-01
 1.69526e+03  9.94791e-01  9.97604e-01
 1.69528e+03  1.00067e+00  9.97600e-01
 1.69531e+03  9.98337e-01  9.97595e-01
 1.69533e+03  9.97019e-01  9.97592e-01
 1.69535e+03  9.92177e-01  9.97589e-01
 1.69537e+03  9.93600e-01  9.97586e-01
 1.69539e+03  9.97522e-01  9.97583e-01
 1.69541e+03  9.96307e-01  9.97581e-01
 1.69543e+03  9.91259e-01  9.97580e-01
 1.69545e+03  9.93973e-01  9.97579e-01
 1.69547e+03  9.99255e-01  9.97578e-01
 1.69549e+03  9.96641e-01  9.97578e-01
 1.69551e+03  9.95396e-01  9.97577e-01
 1.69553e+03  9.93871e-01  9.97578e-01
 1.69556e+03  9.93948e-01  9.97578e-01
 1.69558e+03  9.95337e-01  9.97579e-01
 1.69560e+03  9.94296e-01  9.97580e-01
 1.69562e+03  9.91663e-01  9.97581e-01
 1.69564e+03  9.92532e-01  9.97583e-01
 1.69566e+03  9.93281e-01  9.97585e-01
 1.69570e+03  9.87184e-01  9.97589e-01
 1.69572e+03  9.88963e-01  9.97591e-01
 1.69574e+03  9.91299e-01  9.97594e-01
 1.69576e+03  9.88084e-01  9.97597e-01
 1.69578e+03  9.89922e-01  9.97600e-01
 1.69581e+03  9.90999e-01  9.97603e-01
 1.69583e+03  9.88810e-01  9.97606e-01
 1.69585e+03  9.92961e-01  9.97610e-01
 1.69587e+03  9.90730e-01  9.97613e-01
 1.69589e+03  9.92069e-01  9.97617e-01
 1.69593e+03  9.92426e-01  9.97625e-01
 1.69595e+03  9.94439e-01  9.97629e-01
 1.69597e+03  9.94848e-01  9.97633e-01
 1.69599e+03  9.88005e-01  9.97637e-01
 1.69601e+03  9.92349e-01  9.97642e-01
 1.69603e+03  9.96026e-01  9.97646e-01
 1.69606e+03  9.96764e-01  9.97651e-01
 1.69608e+03  9.96809e-01  9.97655e-01
 1.69610e+03  9.97912e-01  9.97660e-01
 1.69612e+03  1.00327e+00  9.97665e-01
 1.69614e+03  1.00385e+00  9.97670e-01
 1.69616e+03  9.99707e-01  9.97675e-01
 1.69618e+03  1.00010e+00  9.97680e-01
 1.69620e+03  1.00048e+00  9.97685e-01
 1.69622e+03  1.00358e+00  9.97690e-01
 1.69624e+03  1.00881e+00  9.97695e-01
 1.69626e+03  1.00234e+00  9.97700e-01
 1.69628e+03  1.00181e+00  9.97706e-01
 1.69631e+03  1.00326e+00  9.97711e-01
 1.69633e+03  1.00117e+00  9.97716e-01
 1.69635e+03  9.96839e-01  9.97722e-01
 1.69637e+03  9.93985e-01  9.97727e-01
 1.69737e+03  1.01765e+00  9.98012e-01
 1.69739e+03  1.01380e+00  9.98019e-01
 1.69741e+03  1.02634e+00  9.98025e-01
 1.69743e+03  1.03548e+00  9.98031e-01
 1.69745e+03  1.03800e+00  9.98037e-01
 1.69751e+03  1.05853e+00  9.98056e-01
 1.69753e+03  1.04312e+00  9.98063e-01
 1.69756e+03  1.04672e+00  9.98069e-01
 1.69758e+03  1.04744e+00  9.98075e-01
 1.69762e+03  1.04292e+00  9.98088e-01
 1.69764e+03  1.03965e+00  9.98095e-01
 1.69766e+03  1.03687e+00  9.98101e-01
 1.69768e+03  1.02973e+00  9.98108e-01
 1.69770e+03  1.04033e+00  9.98114e-01
 1.69772e+03  1.03842e+00  9.98121e-01
 1.69774e+03  1.03888e+00  9.98127e-01
 1.69778e+03  1.03112e+00  9.98140e-01
 1.69781e+03  1.02014e+00  9.98147e-01
 1.69783e+03  1.03038e+00  9.98154e-01
 1.69791e+03  1.02185e+00  9.98181e-01
 1.69793e+03  1.01839e+00  9.98187e-01
 1.69795e+03  1.02389e+00  9.98194e-01
 1.69799e+03  1.02233e+00  9.98208e-01
 1.69801e+03  1.02196e+00  9.98215e-01
 1.69803e+03  1.02295e+00  9.98222e-01
 1.69810e+03  1.01366e+00  9.98244e-01
 1.69812e+03  1.00693e+00  9.98251e-01
 1.69814e+03  1.00956e+00  9.98258e-01
 1.69818e+03  1.00576e+00  9.98273e-01
 1.69820e+03  1.01084e+00  9.98280e-01
 1.69822e+03  1.00498e+00  9.98288e-01
 1.69824e+03  1.00195e+00  9.98295e-01
 1.69826e+03  1.00079e+00  9.98303e-01
 1.69828e+03  1.00478e+00  9.98310e-01
 1.69831e+03  1.01117e+00  9.98318e-01
 1.69833e+03  1.00456e+00  9.98326e-01
 1.69835e+03  1.00533e+00  9.98333e-01
 1.69837e+03  1.00321e+00  9.98341e-01
 1.69839e+03  1.00920e+00  9.98349e-01
 1.69841e+03  9.99696e-01  9.98357e-01
 1.69843e+03  1.00088e+00  9.98365e-01
 1.69845e+03  1.00163e+00  9.98374e-01
 1.69847e+03  1.00297e+00  9.98382e-01
 1.69849e+03  9.97726e-01  9.98390e-01
 1.69851e+03  9.94091e-01  9.98398e-01
 1.69853e+03  9.97810e-01  9.98407e-01
 1.69856e+03  9.90643e-01  9.98415e-01
 1.69858e+03  9.83093e-01  9.98424e-01
 1.69860e+03  9.78307e-01  9.98433e-01
 1.69862e+03  9.85848e-01  9.98442e-01
 1.69864e+03  9.75709e-01  9.98451e-01
 1.69866e+03  9.73380e-01  9.98460e-01
 1.69868e+03  9.71470e-01  9.98469e-01
 1.69870e+03  9.74124e-01  9.98478e-01
 1.69872e+03  9.71976e-01  9.98487e-01
 1.69874e+03  9.63567e-01  9.98497e-01
 1.69876e+03  9.68766e-01  9.98506e-01
 1.69878e+03  9.81273e-01  9.98516e-01
 1.69881e+03  9.81111e-01  9.98526e-01
 1.69883e+03  9.81331e-01  9.98536e-01
 1.69885e+03  9.90625e-01  9.98546e-01
 1.69887e+03  9.95092e-01  9.98556e-01
 1.69889e+03  9.98974e-01  9.98566e-01
 1.69891e+03  9.98061e-01  9.98576e-01
 1.69893e+03  9.97434e-01  9.98587e-01
 1.69895e+03  1.00397e+00  9.98598e-01
 1.69897e+03  1.00685e+00  9.98608e-01
 1.69899e+03  1.00041e+00  9.98619e-01
 1.69901e+03  1.00387e+00  9.98630e-01
 1.69903e+03  1.00746e+00  9.98642e-01
 1.69906e+03  1.00328e+00  9.98653e-01
 1.69908e+03  1.00007e+00  9.98665e-01
 1.69910e+03  1.00733e+00  9.98677e-01
 1.69912e+03  1.00307e+00  9.98688e-01
 1.69914e+03  9.96290e-01  9.98701e-01
 1.69916e+03  9.94797e-01  9.98713e-01
 1.69918e+03  1.00055e+00  9.98725e-01
 1.69920e+03  1.00435e+00  9.98738e-01
 1.69922e+03  9.98994e-01  9.98751e-01
 1.69924e+03  9.95849e-01  9.98764e-01
 1.69926e+03  9.97121e-01  9.98777e-01
 1.69928e+03  1.00453e+00  9.98791e-01
 1.69931e+03  1.00459e+00  9.98804e-01
 1.69933e+03  9.96571e-01  9.98818e-01
 1.69935e+03  1.00144e+00  9.98832e-01
 1.69937e+03  1.00129e+00  9.98847e-01
 1.69939e+03  9.95715e-01  9.98861e-01
 1.69941e+03  9.93664e-01  9.98876e-01
 1.69943e+03  9.92023e-01  9.98891e-01
 1.69945e+03  9.98761e-01  9.98906e-01
 1.69947e+03  9.92442e-01  9.98922e-01
 1.69949e+03  9.95586e-01  9.98938e-01
 1.69951e+03  9.96596e-01  9.98954e-01
 1.69953e+03  9.98734e-01  9.98971e-01
 1.69956e+03  9.95620e-01  9.98987e-01
 1.69958e+03  9.96443e-01  9.99004e-01
 1.69960e+03  9.98842e-01  9.99022e-01
 1.69962e+03  9.98597e-01  9.99039e-01
 1.69964e+03  1.00167e+00  9.99057e-01
 1.69966e+03  9.98812e-01  9.99075e-01
 1.69968e+03  9.93021e-01  9.99094e-01
 1.69970e+03  1.00000e+00  9.99113e-01
 1.69972e+03  1.00417e+00  9.99132e-01
 1.69974e+03  9.95706e-01  9.99152e-01
 1.69976e+03  9.99255e-01  9.99172e-01
 1.69978e+03  1.00174e+00  9.99193e-01
 1.69981e+03  1.00292e+00  9.99213e-01
 1.69983e+03  9.98430e-01  9.99235e-01
 1.69985e+03  9.99363e-01  9.99256e-01
 1.69987e+03  1.00379e+00  9.99278e-01
 1.69989e+03  1.00735e+00  9.99301e-01
 1.69991e+03  1.00305e+00  9.99324e-01
 1.69993e+03  9.99805e-01  9.99347e-01
 1.69995e+03  1.00009e+00  9.99371e-01
 1.69997e+03  1.00543e+00  9.99395e-01
 1.69999e+03  9.99969e-01  9.99420e-01
 1.70001e+03  9.97796e-01  9.99445e-01
 1.70003e+03  1.00120e+00  9.99471e-01
 1.70006e+03  1.00487e+00  9.99498e-01
 1.70008e+03  1.00284e+00  9.99524e-01
 1.70010e+03  9.97695e-01  9.99552e-01
 1.70012e+03  1.00627e+00  9.99580e-01
 1.70014e+03  1.00594e+00  9.99608e-01
 1.70016e+03  1.00583e+00  9.99637e-01
 1.70018e+03  1.00220e+00  9.99667e-01
 1.70020e+03  1.00411e+00  9.99697e-01
 1.70022e+03  1.00483e+00  9.99728e-01
 1.70024e+03  1.00183e+00  9.99760e-01
 1.70026e+03  1.00010e+00  9.99792e-01
 1.70028e+03  1.00376e+00  9.99825e-01
 1.70031e+03  1.00251e+00  9.99859e-01
 1.70033e+03  1.00281e+00  9.99893e-01
 1.70035e+03  1.00310e+00  9.99928e-01
 1.70037e+03  1.00598e+00  9.99964e-01
 1.70039e+03  1.00383e+00  1.00000e+00
 1.70041e+03  1.00151e+00  1.00004e+00
 1.70043e+03  1.00470e+00  1.00008e+00
 1.70045e+03  1.00507e+00  1.00011e+00
 1.70047e+03  1.00744e+00  1.00015e+00
 1.70049e+03  1.00765e+00  1.00019e+00
 1.70051e+03  1.00399e+00  1.00023e+00
 1.70053e+03  1.00292e+00  1.00028e+00
 1.70056e+03  1.00689e+00  1.00032e+00
 1.70058e+03  1.00717e+00  1.00036e+00
 1.70060e+03  1.00069e+00  1.00041e+00
 1.70062e+03  1.00661e+00  1.00045e+00
 1.70064e+03  1.00422e+00  1.00050e+00
 1.70066e+03  1.00839e+00  1.00055e+00
 1.70068e+03  9.98565e-01  1.00059e+00
 1.70070e+03  1.00772e+00  1.00064e+00
 1.70072e+03  1.01392e+00  1.00069e+00
 1.70074e+03  1.01220e+00  1.00074e+00
 1.70076e+03  1.00722e+00  1.00079e+00
 1.70078e+03  1.00905e+00  1.00085e+00
 1.70081e+03  1.00891e+00  1.00090e+00
 1.70083e+03  1.01095e+00  1.00095e+00
 1.70085e+03  1.00159e+00  1.00101e+00
 1.70087e+03  1.00761e+00  1.00106e+00
 1.70089e+03  1.00892e+00  1.00112e+00
 1.70091e+03  1.01205e+00  1.00118e+00
 1.70093e+03  1.00498e+00  1.00124e+00
 1.70095e+03  1.00463e+00  1.00130e+00
 1.70097e+03  1.00948e+00  1.00135e+00
 1.70099e+03  1.01040e+00  1.00142e+00
 1.70101e+03  1.00361e+00  1.00148e+00
 1.70103e+03  1.00210e+00  1.00154e+00
 1.70106e+03  1.00518e+00  1.00160e+00
 1.70108e+03  1.00680e+00  1.00166e+00
 1.70110e+03  1.00165e+00  1.00172e+00
 1.70112e+03  9.98645e-01  1.00179e+00
 1.70114e+03  1.00189e+00  1.00185e+00
 1.70116e+03  1.00461e+00  1.00191e+00
 1.70118e+03  1.00005e+00  1.00198e+00
 1.70120e+03  1.00155e+00  1.00204e+00
 1.70122e+03  1.00096e+00  1.00210e+00
 1.70126e+03  1.00105e+00  1.00222e+00
 1.70128e+03  1.00073e+00  1.00228e+00
 1.70131e+03  1.00512e+00  1.00234e+00
 1.70133e+03  1.00268e+00  1.00239e+00
 1.70135e+03  1.00008e+00  1.00245e+00
 1.70137e+03  1.00053e+00  1.00250e+00
 1.70139e+03  9.99560e-01  1.00255e+00
 1.70141e+03  1.00234e+00  1.00260e+00
 1.70143e+03  1.00199e+00  1.00264e+00
 1.70145e+03  9.98112e-01  1.00268e+00
 1.70147e+03  1.00070e+00  1.00272e+00
 1.70149e+03  9.98349e-01  1.00275e+00
 1.70151e+03  9.99270e-01  1.00277e+00
 1.70153e+03  1.00136e+00  1.00279e+00
 1.70156e+03  1.00222e+00  1.00280e+00
 1.70158e+03  1.00358e+00  1.00281e+00
 1.70160e+03  1.00406e+00  1.00280e+00
 1.70162e+03  1.00423e+00  1.00279e+00
 1.70166e+03  1.00240e+00  1.00274e+00
 1.70172e+03  1.00109e+00  1.00256e+00
 1.70174e+03  1.00334e+00  1.00247e+00
 1.70176e+03  9.94639e-01  1.00237e+00
 1.70178e+03  1.00271e+00  1.00224e+00
 1.70181e+03  9.86595e-01  1.00210e+00
 1.70183e+03  9.98363e-01  1.00194e+00
 1.70185e+03  9.98282e-01  1.00175e+00
 1.70187e+03  1.00081e+00  1.00154e+00
 1.70189e+03  9.92655e-01  1.00131e+00
 1.70191e+03  1.00104e+00  1.00105e+00
 1.70193e+03  9.97240e-01  1.00076e+00
 1.70195e+03  9.94296e-01  1.00044e+00
 1.70197e+03  9.89243e-01  1.00010e+00
 1.70199e+03  9.94115e-01  9.99716e-01
 1.70201e+03  9.94818e-01  9.99303e-01
 1.70203e+03  9.94274e-01  9.98855e-01
 1.70206e+03  9.91222e-01  9.98374e-01
 1.70208e+03  9.96909e-01  9.97858e-01
 1.70210e+03  9.90874e-01  9.97305e-01
 1.70214e+03  9.93751e-01  9.96100e-01
 1.70216e+03  9.92689e-01  9.95445e-01
 1.70218e+03  9.92591e-01  9.94761e-01
 1.70220e+03  9.86353e-01  9.94049e-01
 1.70222e+03  9.89749e-01  9.93307e-01
 1.70224e+03  9.88301e-01  9.92547e-01
 1.70226e+03  9.83015e-01  9.91770e-01
 1.70231e+03  9.70153e-01  9.90180e-01
 1.70233e+03  9.70543e-01  9.89384e-01
 1.70235e+03  9.59090e-01  9.88593e-01
 1.70237e+03  9.54881e-01  9.87821e-01
 1.70239e+03  9.53075e-01  9.87075e-01
 1.70241e+03  9.50386e-01  9.86361e-01
 1.70243e+03  9.54206e-01  9.85694e-01
 1.70245e+03  9.52638e-01  9.85082e-01
 1.70247e+03  9.51214e-01  9.84532e-01
 1.70249e+03  9.56558e-01  9.84059e-01
 1.70251e+03  9.62592e-01  9.83670e-01
 1.70253e+03  9.67081e-01  9.83373e-01
 1.70256e+03  9.58795e-01  9.83178e-01
 1.70258e+03  9.75728e-01  9.83089e-01
 1.70260e+03  9.79257e-01  9.83114e-01
 1.70264e+03  9.83361e-01  9.83513e-01
 1.70266e+03  9.88483e-01  9.83891e-01
 1.70268e+03  9.96809e-01  9.84384e-01
 1.70272e+03  9.91969e-01  9.85701e-01
 1.70274e+03  9.95176e-01  9.86508e-01
 1.70276e+03  9.93173e-01  9.87404e-01
 1.70278e+03  9.97636e-01  9.88382e-01
 1.70281e+03  9.98686e-01  9.89421e-01
 1.70283e+03  9.89744e-01  9.90512e-01
 1.70285e+03  9.90314e-01  9.91647e-01
 1.70287e+03  9.92838e-01  9.92802e-01
 1.70289e+03  9.90971e-01  9.93969e-01
 1.70291e+03  9.88220e-01  9.95140e-01
 1.70293e+03  9.89482e-01  9.96290e-01
 1.70295e+03  9.87874e-01  9.97416e-01
 1.70297e+03  9.93794e-01  9.98510e-01
 1.70299e+03  9.91084e-01  9.99553e-01
 1.70301e+03  9.99181e-01  1.00054e+00
 1.70303e+03  9.95399e-01  1.00148e+00
 1.70306e+03  9.98393e-01  1.00234e+00
 1.70308e+03  1.00428e+00  1.00313e+00
 1.70310e+03  1.00692e+00  1.00386e+00
 1.70312e+03  1.00079e+00  1.00451e+00
 1.70314e+03  1.00741e+00  1.00508e+00
 1.70316e+03  1.01296e+00  1.00559e+00
 1.70318e+03  1.01167e+00  1.00602e+00
 1.70320e+03  1.01112e+00  1.00639e+00
 1.70322e+03  1.01833e+00  1.00668e+00
 1.70324e+03  1.00994e+00  1.00692e+00
 1.70328e+03  1.01288e+00  1.00722e+00
 1.70331e+03  1.01135e+00  1.00729e+00
 1.70333e+03  1.01731e+00  1.00731e+00
 1.70335e+03  1.01410e+00  1.00730e+00
 1.70337e+03  1.01141e+00  1.00724e+00
 1.70339e+03  9.96891e-01  1.00715e+00
 1.70341e+03  1.01337e+00  1.00703e+00
 1.70343e+03  1.01865e+00  1.00689e+00
 1.70345e+03  1.00919e+00  1.00672e+00
 1.70347e+03  1.01392e+00  1.00653e+00
 1.70349e+03  1.01688e+00  1.00633e+00
 1.70351e+03  1.02426e+00  1.00611e+00
 1.70353e+03  1.02318e+00  1.00588e+00
 1.70356e+03  1.01830e+00  1.00565e+00
 1.70358e+03  1.02679e+00  1.00540e+00
 1.70360e+03  1.02824e+00  1.00515e+00
 1.70362e+03  1.01318e+00  1.00490e+00
 1.70366e+03  1.02288e+00  1.00440e+00
 1.70368e+03  1.01596e+00  1.00415e+00
 1.70370e+03  1.01797e+00  1.00390e+00
 1.70372e+03  1.00276e+00  1.00365e+00
 1.70374e+03  1.01486e+00  1.00341e+00
 1.70376e+03  1.02340e+00  1.00317e+00
 1.70378e+03  1.01378e+00  1.00294e+00
 1.70381e+03  1.00637e+00  1.00271e+00
 1.70383e+03  1.01243e+00  1.00249e+00
 1.70385e+03  1.01851e+00  1.00227e+00
 1.70387e+03  1.00946e+00  1.00206e+00
 1.70389e+03  1.00704e+00  1.00186e+00
 1.70391e+03  1.00769e+00  1.00166e+00
 1.70393e+03  1.01340e+00  1.00147e+00
 1.70395e+03  9.98169e-01  1.00129e+00
 1.70397e+03  1.00385e+00  1.00111e+00
 1.70399e+03  1.01040e+00  1.00094e+00
 1.70401e+03  1.00242e+00  1.00078e+00
 1.70403e+03  1.00133e+00  1.00062e+00
 1.70406e+03  9.99315e-01  1.00047e+00
 1.70408e+03  1.00040e+00  1.00032e+00
 1.70410e+03  9.94788e-01  1.00018e+00
 1.70412e+03  1.00266e+00  1.00005e+00
 1.70414e+03  9.99126e-01  9.99921e-01
 1.70416e+03  1.01082e+00  9.99798e-01
 1.70418e+03  1.00616e+00  9.99681e-01
 1.70420e+03  1.00570e+00  9.99569e-01
 1.70422e+03  9.99113e-01  9.99461e-01
 1.70424e+03  1.00036e+00  9.99359e-01
 1.70426e+03  9.84480e-01  9.99261e-01
 1.70431e+03  9.94630e-01  9.99079e-01
 1.70433e+03  1.00071e+00  9.98994e-01
 1.70435e+03  9.97315e-01  9.98913e-01
 1.70437e+03  9.89356e-01  9.98836e-01
 1.70439e+03  9.88996e-01  9.98763e-01
 1.70441e+03  9.95152e-01  9.98693e-01
 1.70443e+03  9.96404e-01  9.98627e-01
 1.70445e+03  9.90857e-01  9.98563e-01
 1.70447e+03  9.91248e-01  9.98503e-01
 1.70449e+03  9.94329e-01  9.98446e-01
 1.70451e+03  9.86124e-01  9.98392e-01
 1.70453e+03  9.87453e-01  9.98341e-01
 1.70456e+03  9.89444e-01  9.98292e-01
 1.70458e+03  9.84080e-01  9.98246e-01
 1.70460e+03  9.83430e-01  9.98202e-01
 1.70462e+03  9.78934e-01  9.98160e-01
 1.70464e+03  9.65353e-01  9.98121e-01
 1.70466e+03  9.69166e-01  9.98083e-01
 1.70468e+03  9.64960e-01  9.98048e-01
 1.70470e+03  9.67298e-01  9.98015e-01
 1.70472e+03  9.65425e-01  9.97983e-01
 1.70474e+03  9.63694e-01  9.97953e-01
 1.70476e+03  9.65212e-01  9.97925e-01
 1.70478e+03  9.82889e-01  9.97899e-01
 1.70481e+03  9.82715e-01  9.97874e-01
 1.70485e+03  9.83662e-01  9.97828e-01
 1.70487e+03  9.90837e-01  9.97807e-01
 1.70489e+03  9.99964e-01  9.97788e-01
 1.70491e+03  9.90992e-01  9.97769e-01
 1.70493e+03  9.88950e-01  9.97752e-01
 1.70495e+03  9.95514e-01  9.97736e-01
 1.70497e+03  1.00549e+00  9.97721e-01
 1.70499e+03  1.00441e+00  9.97707e-01
 1.70501e+03  9.99949e-01  9.97694e-01
 1.70503e+03  1.00150e+00  9.97682e-01
 1.70506e+03  1.00789e+00  9.97670e-01
 1.70508e+03  9.98125e-01  9.97660e-01
 1.70510e+03  1.00184e+00  9.97650e-01
 1.70512e+03  1.00415e+00  9.97641e-01
 1.70514e+03  1.00559e+00  9.97633e-01
 1.70516e+03  9.92954e-01  9.97626e-01
 1.70518e+03  9.97585e-01  9.97619e-01
 1.70520e+03  1.00013e+00  9.97613e-01
 1.70522e+03  9.98322e-01  9.97607e-01
 1.70526e+03  9.98720e-01  9.97598e-01
 1.70528e+03  1.00020e+00  9.97594e-01
 1.70531e+03  9.96574e-01  9.97590e-01
 1.70535e+03  9.92025e-01  9.97585e-01
 1.70537e+03  9.98605e-01  9.97582e-01
 1.70539e+03  9.92816e-01  9.97581e-01
 1.70541e+03  9.99039e-01  9.97579e-01
 1.70543e+03  9.90776e-01  9.97578e-01
 1.70545e+03  1.00231e+00  9.97578e-01
 1.70547e+03  9.96312e-01  9.97577e-01
 1.70549e+03  9.92464e-01  9.97577e-01
 1.70551e+03  9.98273e-01  9.97578e-01
 1.70553e+03  9.96316e-01  9.97578e-01
 1.70556e+03  9.96065e-01  9.97579e-01
 1.70558e+03  9.96330e-01  9.97581e-01
 1.70560e+03  9.98512e-01  9.97582e-01
 1.70562e+03  1.00141e+00  9.97584e-01
 1.70564e+03  1.00060e+00  9.97586e-01
 1.70566e+03  9.91891e-01  9.97588e-01
 1.70568e+03  9.99564e-01  9.97590e-01
 1.70570e+03  1.00046e+00  9.97593e-01
 1.70572e+03  1.00024e+00  9.97595e-01
 1.70574e+03  9.99550e-01  9.97598e-01
 1.70576e+03  1.00121e+00  9.97601e-01
 1.70578e+03  1.00262e+00  9.97604e-01
 1.70581e+03  1.00362e+00  9.97608e-01
 1.70583e+03  1.00081e+00  9.97611e-01
 1.70585e+03  1.00120e+00  9.97615e-01
 1.70587e+03  1.00372e+00  9.97619e-01
 1.70591e+03  1.00006e+00  9.97627e-01
 1.70593e+03  9.99461e-01  9.97631e-01
 1.70597e+03  1.00684e+00  9.97639e-01
 1.70599e+03  1.00722e+00  9.97644e-01
 1.70601e+03  1.00072e+00  9.97648e-01
 1.70603e+03  1.00215e+00  9.97653e-01
 1.70606e+03  1.00531e+00  9.97658e-01
 1.70608e+03  1.00405e+00  9.97663e-01
 1.70614e+03  1.00734e+00  9.97677e-01
 1.70616e+03  1.00660e+00  9.97682e-01
 1.70618e+03  1.00876e+00  9.97687e-01
 1.70622e+03  1.00466e+00  9.97698e-01
 1.70624e+03  1.00539e+00  9.97703e-01
 1.70626e+03  1.00797e+00  9.97708e-01
 1.70628e+03  1.00433e+00  9.97714e-01
 1.70631e+03  1.00401e+00  9.97719e-01
 1.70633e+03  1.00490e+00  9.97725e-01
 1.70635e+03  1.00710e+00  9.97730e-01
 1.70639e+03  1.00362e+00  9.97741e-01
 1.70641e+03  1.00293e+00  9.97747e-01
 1.70643e+03  1.00250e+00  9.97752e-01
 1.70645e+03  9.99742e-01  9.97758e-01
 1.70647e+03  9.99865e-01  9.97764e-01
 1.70649e+03  9.98849e-01  9.97769e-01
 1.70653e+03  9.99038e-01  9.97781e-01
 1.70656e+03  9.98283e-01  9.97787e-01
 1.70658e+03  9.97805e-01  9.97792e-01
 1.70660e+03  9.99932e-01  9.97798e-01
 1.70662e+03  1.00127e+00  9.97804e-01
 1.70664e+03  1.00044e+00  9.97810e-01
 1.70666e+03  1.00296e+00  9.97816e-01
 1.70668e+03  1.00341e+00  9.97822e-01
 1.70670e+03  1.00167e+00  9.97827e-01
 1.70672e+03  1.00410e+00  9.97833e-01
 1.70674e+03  1.00345e+00  9.97839e-01
 1.70676e+03  1.00421e+00  9.97845e-01
 1.70678e+03  1.00635e+00  9.97851e-01
 1.70681e+03  1.00511e+00  9.97857e-01
 1.70683e+03  1.00536e+00  9.97863e-01
 1.70685e+03  1.00698e+00  9.97869e-01
 1.70687e+03  1.00706e+00  9.97875e-01
 1.70689e+03  1.00441e+00  9.97881e-01
 1.70691e+03  1.00442e+00  9.97887e-01
 1.70693e+03  1.00268e+00  9.97893e-01
 1.70695e+03  1.00273e+00  9.97899e-01
 1.70697e+03  1.00187e+00  9.97905e-01
 1.70699e+03  1.00275e+00  9.97911e-01
 1.70701e+03  1.00714e+00  9.97917e-01
 1.70703e+03  1.00600e+00  9.97923e-01
 1.70706e+03  1.00371e+00  9.97929e-01
 1.70708e+03  1.00372e+00  9.97935e-01
 1.70710e+03  1.00193e+00  9.97941e-01
 1.70712e+03  1.00181e+00  9.97948e-01
 1.70714e+03  1.00010e+00  9.97954e-01
 1.70716e+03  9.99702e-01  9.97960e-01
 1.70718e+03  1.00040e+00  9.97966e-01
 1.70720e+03  9.98316e-01  9.97972e-01
 1.70722e+03  9.95198e-01  9.97978e-01
 1.70724e+03  9.92116e-01  9.97984e-01
 1.70726e+03  9.97978e-01  9.97991e-01
 1.70728e+03  9.95994e-01  9.97997e-01
 1.70731e+03  9.91160e-01  9.98003e-01
 1.70733e+03  9.95791e-01  9.98009e-01
 1.70735e+03  9.97449e-01  9.98015e-01
 1.70737e+03  9.94050e-01  9.98022e-01
 1.70739e+03  9.93373e-01  9.98028e-01
 1.70741e+03  9.95394e-01  9.98034e-01
 1.70743e+03  9.96599e-01  9.98040e-01
 1.70745e+03  9.94563e-01  9.98047e-01
 1.70747e+03  9.93637e-01  9.98053e-01
 1.70749e+03  9.92942e-01  9.98059e-01
 1.70751e+03  9.95371e-01  9.98066e-01
 1.70753e+03  9.93978e-01  9.98072e-01
 1.70756e+03  9.92768e-01  9.98079e-01
 1.70758e+03  9.88987e-01  9.98085e-01
 1.70760e+03  9.89523e-01  9.98091e-01
 1.70762e+03  9.90710e-01  9.98098e-01
 1.70764e+03  9.89900e-01  9.98104e-01
 1.70766e+03  9.92905e-01  9.98111e-01
 1.70768e+03  9.93434e-01  9.98117e-01
 1.70770e+03  9.91985e-01  9.98124e-01
 1.70772e+03  9.91015e-01  9.98130e-01
 1.70774e+03  9.92017e-01  9.98137e-01
 1.70776e+03  9.92382e-01  9.98144e-01
 1.70778e+03  9.93077e-01  9.98150e-01
 1.70781e+03  9.90578e-01  9.98157e-01
 1.70783e+03  9.92633e-01  9.98164e-01
 1.70785e+03  9.93627e-01  9.98170e-01
 1.70787e+03  9.94965e-01  9.98177e-01
 1.70789e+03  9.94538e-01  9.98184e-01
 1.70791e+03  9.96166e-01  9.98191e-01
 1.70793e+03  9.96131e-01  9.98198e-01
 1.70795e+03  9.96656e-01  9.98205e-01
 1.70797e+03  9.93524e-01  9.98212e-01
 1.70799e+03  9.97844e-01  9.98219e-01
 1.70801e+03  9.98922e-01  9.98226e-01
 1.70803e+03  9.96674e-01  9.98233e-01
 1.70806e+03  9.95530e-01  9.98240e-01
 1.70808e+03  9.92612e-01  9.98247e-01
 1.70810e+03  9.96718e-01  9.98254e-01
 1.70812e+03  9.94116e-01  9.98262e-01
 1.70814e+03  9.92839e-01  9.98269e-01
 1.70816e+03  9.93708e-01  9.98276e-01
 1.70818e+03  9.96877e-01  9.98284e-01
 1.70820e+03  9.93167e-01  9.98291e-01
 1.70822e+03  9.89478e-01  9.98299e-01
 1.70824e+03  9.84795e-01  9.98306e-01
 1.70826e+03  9.80295e-01  9.98314e-01
 1.70828e+03  9.72880e-01  9.98322e-01
 1.70831e+03  9.66113e-01  9.98329e-01
 1.70833e+03  9.64005e-01  9.98337e-01
 1.70835e+03  9.59380e-01  9.98345e-01
 1.70837e+03  9.59756e-01  9.98353e-01
 1.70839e+03  9.54277e-01  9.98361e-01
 1.70841e+03  9.51526e-01  9.98369e-01
 1.70843e+03  9.49488e-01  9.98378e-01
 1.70845e+03  9.54690e-01  9.98386e-01
 1.70847e+03  9.58060e-01  9.98394e-01
 1.70849e+03  9.55136e-01  9.98403e-01
 1.70851e+03  9.56702e-01  9.98411e-01
 1.70853e+03  9.71797e-01  9.98420e-01
 1.70856e+03  9.71075e-01  9.98428e-01
 1.70858e+03  9.75604e-01  9.98437e-01
 1.70860e+03  9.78519e-01  9.98446e-01
 1.70862e+03  9.86700e-01  9.98455e-01
 1.70864e+03  9.92612e-01  9.98464e-01
 1.70866e+03  9.87302e-01  9.98473e-01
 1.70868e+03  9.91329e-01  9.98483e-01
 1.70870e+03  9.90968e-01  9.98492e-01
 1.70872e+03  9.83298e-01  9.98501e-01
 1.70874e+03  9.91876e-01  9.98511e-01
 1.70876e+03  9.84824e-01  9.98521e-01
 1.70878e+03  9.91188e-01  9.98531e-01
 1.70881e+03  9.94879e-01  9.98540e-01
 1.70883e+03  9.86526e-01  9.98551e-01
 1.70885e+03  9.97378e-01  9.98561e-01
 1.70887e+03  9.93273e-01  9.98571e-01
 1.70889e+03  9.92552e-01  9.98582e-01
 1.70891e+03  9.88148e-01  9.98592e-01
 1.70893e+03  9.93407e-01  9.98603e-01
 1.70895e+03  9.95640e-01  9.98614e-01
 1.70897e+03  9.97532e-01  9.98625e-01
 1.70899e+03  9.88679e-01  9.98636e-01
 1.70901e+03  9.92482e-01  9.98647e-01
 1.70903e+03  9.95236e-01  9.98659e-01
 1.70906e+03  9.91078e-01  9.98671e-01
 1.70908e+03  9.94428e-01  9.98682e-01
 1.70910e+03  9.94409e-01  9.98694e-01
 1.70912e+03  9.99361e-01  9.98707e-01
 1.70914e+03  9.96702e-01  9.98719e-01
 1.70916e+03  9.97549e-01  9.98731e-01
 1.70918e+03  1.00858e+00  9.98744e-01
 1.70920e+03  1.00675e+00  9.98757e-01
 1.70922e+03  1.00408e+00  9.98770e-01
 1.70924e+03  9.99650e-01  9.98784e-01
 1.70926e+03  1.00458e+00  9.98797e-01
 1.70928e+03  1.00693e+00  9.98811e-01
 1.70931e+03  1.00690e+00  9.98825e-01
 1.70933e+03  1.00586e+00  9.98839e-01
 1.70935e+03  1.01042e+00  9.98854e-01
 1.70937e+03  1.01271e+00  9.98868e-01
 1.70939e+03  1.00980e+00  9.98883e-01
 1.70941e+03  1.00965e+00  9.98899e-01
 1.70943e+03  1.00808e+00  9.98914e-01
 1.70945e+03  1.01591e+00  9.98930e-01
 1.70947e+03  1.01035e+00  9.98946e-01
 1.70949e+03  1.00456e+00  9.98962e-01
 1.70951e+03  1.01084e+00  9.98979e-01
 1.70953e+03  1.01093e+00  9.98996e-01
 1.70956e+03  1.00843e+00  9.99013e-01
 1.70958e+03  1.00332e+00  9.99030e-01
 1.70960e+03  9.99616e-01  9.99048e-01
 1.70962e+03  1.01381e+00  9.99066e-01
 1.70964e+03  1.00771e+00  9.99085e-01
 1.70966e+03  1.00114e+00  9.99103e-01
 1.70968e+03  1.00380e+00  9.99123e-01
 1.70970e+03  1.00290e+00  9.99142e-01
 1.70972e+03  1.00380e+00  9.99162e-01
 1.70974e+03  9.99350e-01  9.99182e-01
 1.70976e+03  9.99525e-01  9.99203e-01
 1.70978e+03  9.99665e-01  9.99224e-01
 1.70981e+03  9.96692e-01  9.99245e-01
 1.70983e+03  9.85837e-01  9.99267e-01
 1.70985e+03  9.99131e-01  9.99289e-01
 1.70987e+03  1.00272e+00  9.99312e-01
 1.70989e+03  1.00011e+00  9.99335e-01
 1.70991e+03  9.92766e-01  9.99359e-01
 1.70993e+03  9.99311e-01  9.99383e-01
 1.70995e+03  9.98444e-01  9.99407e-01
 1.70997e+03  9.99291e-01  9.99432e-01
 1.70999e+03  9.93974e-01  9.99458e-01
 1.71001e+03  9.96474e-01  9.99484e-01
 1.71003e+03  9.95218e-01  9.99511e-01
 1.71006e+03  9.95862e-01  9.99538e-01
 1.71008e+03  9.93891e-01  9.99565e-01
 1.71010e+03  9.86319e-01  9.99594e-01
 1.71012e+03  9.93472e-01  9.99623e-01
 1.71014e+03  9.95069e-01  9.99652e-01
 1.71016e+03  9.94120e-01  9.99682e-01
 1.71018e+03  9.92937e-01  9.99713e-01
 1.71139e+03  9.82674e-01  1.00262e+00
 1.71141e+03  9.80534e-01  1.00266e+00
 1.71143e+03  9.79561e-01  1.00270e+00
 1.71145e+03  9.80591e-01  1.00273e+00
 1.71147e+03  9.79449e-01  1.00276e+00
 1.71149e+03  9.83909e-01  1.00278e+00
 1.71151e+03  9.82478e-01  1.00280e+00
 1.71156e+03  9.85314e-01  1.00281e+00
 1.71158e+03  9.84635e-01  1.00280e+00
 1.71160e+03  9.85367e-01  1.00278e+00
 1.71162e+03  9.87749e-01  1.00275e+00
 1.71164e+03  9.86536e-01  1.00271e+00
 1.71166e+03  9.93665e-01  1.00266e+00
 1.71168e+03  9.89697e-01  1.00260e+00
 1.71170e+03  9.93759e-01  1.00252e+00
 1.71174e+03  9.90871e-01  1.00231e+00
 1.71176e+03  9.89955e-01  1.00218e+00
 1.71178e+03  9.95640e-01  1.00202e+00
 1.71181e+03  9.98759e-01  1.00185e+00
 1.71185e+03  9.96961e-01  1.00143e+00
 1.71187e+03  9.95627e-01  1.00119e+00
 1.71189e+03  9.97004e-01  1.00091e+00
 1.71193e+03  9.96837e-01  1.00028e+00
 1.71195e+03  9.97246e-01  9.99914e-01
 1.71197e+03  9.97158e-01  9.99519e-01
 1.71199e+03  9.96898e-01  9.99088e-01
 1.71203e+03  9.99184e-01  9.98127e-01
 1.71206e+03  9.97392e-01  9.97591e-01
 1.71208e+03  9.95931e-01  9.97024e-01
 1.71210e+03  9.99943e-01  9.96421e-01
 1.71212e+03  1.00223e+00  9.95782e-01
 1.71214e+03  1.00068e+00  9.95115e-01
 1.71216e+03  1.00115e+00  9.94417e-01
 1.71218e+03  1.00321e+00  9.93688e-01
 1.71220e+03  1.00332e+00  9.92939e-01
 1.71224e+03  1.00342e+00  9.91381e-01
 1.71226e+03  1.00495e+00  9.90588e-01
 1.71228e+03  1.00292e+00  9.89791e-01
 1.71231e+03  1.00129e+00  9.88994e-01
 1.71233e+03  1.00214e+00  9.88214e-01
 1.71235e+03  1.00222e+00  9.87453e-01
 1.71237e+03  9.99263e-01  9.86720e-01
 1.71239e+03  1.00361e+00  9.86029e-01
 1.71241e+03  9.99302e-01  9.85388e-01
 1.71243e+03  9.99708e-01  9.84803e-01
 1.71245e+03  1.00107e+00  9.84291e-01
 1.71247e+03  9.99016e-01  9.83858e-01
 1.71249e+03  9.99751e-01  9.83512e-01
 1.71251e+03  9.99347e-01  9.83264e-01
 1.71253e+03  1.00022e+00  9.83121e-01
 1.71256e+03  9.96892e-01  9.83087e-01
 1.71258e+03  1.00041e+00  9.83168e-01
 1.71260e+03  9.98297e-01  9.83366e-01
 1.71262e+03  9.99719e-01  9.83684e-01
 1.71264e+03  9.96525e-01  9.84117e-01
 1.71266e+03  9.98691e-01  9.84668e-01
 1.71268e+03  9.97697e-01  9.85324e-01
 1.71270e+03  9.97122e-01  9.86083e-01
 1.71272e+03  1.00061e+00  9.86939e-01
 1.71274e+03  9.99940e-01  9.87875e-01
 1.71276e+03  1.00036e+00  9.88881e-01
 1.71278e+03  1.00411e+00  9.89953e-01
 1.71281e+03  1.00063e+00  9.91064e-01
 1.71283e+03  9.98817e-01  9.92208e-01
 1.71285e+03  9.97758e-01  9.93377e-01
 1.71287e+03  9.98146e-01  9.94544e-01
 1.71289e+03  9.99531e-01  9.95704e-01
 1.71291e+03  1.00585e+00  9.96849e-01
 1.71293e+03  9.98159e-01  9.97957e-01
 1.71295e+03  9.97642e-01  9.99025e-01
 1.71297e+03  9.99675e-01  1.00005e+00
 1.71299e+03  9.98466e-01  1.00101e+00
 1.71301e+03  9.98884e-01  1.00191e+00
 1.71303e+03  1.00540e+00  1.00274e+00
 1.71306e+03  1.00469e+00  1.00350e+00
 1.71308e+03  1.00578e+00  1.00419e+00
 1.71310e+03  1.00481e+00  1.00480e+00
 1.71312e+03  1.00463e+00  1.00534e+00
 1.71314e+03  1.00483e+00  1.00581e+00
 1.71316e+03  1.00466e+00  1.00621e+00
 1.71318e+03  1.00259e+00  1.00654e+00
 1.71320e+03  1.00189e+00  1.00681e+00
 1.71322e+03  1.00341e+00  1.00701e+00
 1.71324e+03  1.00425e+00  1.00716e+00
 1.71326e+03  1.00437e+00  1.00726e+00
 1.71328e+03  1.00453e+00  1.00731e+00
 1.71331e+03  1.00216e+00  1.00731e+00
 1.71333e+03  1.00028e+00  1.00727e+00
 1.71335e+03  9.98823e-01  1.00720e+00
 1.71337e+03  9.99202e-01  1.00710e+00
 1.71339e+03  9.98757e-01  1.00696e+00
 1.71341e+03  1.00242e+00  1.00681e+00
 1.71343e+03  1.00325e+00  1.00663e+00
 1.71345e+03  1.00101e+00  1.00643e+00
 1.71347e+03  9.99573e-01  1.00622e+00
 1.71349e+03  9.99509e-01  1.00600e+00
 1.71351e+03  1.00241e+00  1.00577e+00
 1.71353e+03  9.99162e-01  1.00553e+00
 1.71356e+03  1.00112e+00  1.00528e+00
 1.71358e+03  1.00432e+00  1.00503e+00
 1.71360e+03  1.00422e+00  1.00478e+00
 1.71362e+03  1.00663e+00  1.00453e+00
 1.71364e+03  1.00496e+00  1.00427e+00
 1.71366e+03  1.00576e+00  1.00402e+00
 1.71368e+03  1.00525e+00  1.00378e+00
 1.71370e+03  1.00739e+00  1.00353e+00
 1.71372e+03  1.00610e+00  1.00329e+00
 1.71374e+03  1.00572e+00  1.00306e+00
 1.71376e+03  1.00699e+00  1.00283e+00
 1.71378e+03  1.00615e+00  1.00260e+00
 1.71381e+03  1.00443e+00  1.00238e+00
 1.71383e+03  1.00063e+00  1.00217e+00
 1.71385e+03  1.00242e+00  1.00196e+00
 1.71387e+03  1.00183e+00  1.00176e+00
 1.71389e+03  1.00337e+00  1.00157e+00
 1.71391e+03  1.00296e+00  1.00138e+00
 1.71393e+03  1.00158e+00  1.00120e+00
 1.71395e+03  1.00179e+00  1.00103e+00
 1.71397e+03  9.99800e-01  1.00086e+00
 1.71399e+03  9.97338e-01  1.00070e+00
 1.71401e+03  9.97042e-01  1.00054e+00
 1.71403e+03  9.98100e-01  1.00040e+00
 1.71406e+03  9.96807e-01  1.00025e+00
 1.71408e+03  9.97614e-01  1.00012e+00
 1.71410e+03  9.96686e-01  9.99985e-01
 1.71412e+03  9.95408e-01  9.99860e-01
 1.71414e+03  9.96169e-01  9.99740e-01
 1.71416e+03  9.96000e-01  9.99625e-01
 1.71418e+03  9.94723e-01  9.99515e-01
 1.71420e+03  9.96074e-01  9.99411e-01
 1.71422e+03  9.91837e-01  9.99310e-01
 1.71424e+03  9.85528e-01  9.99215e-01
 1.71426e+03  9.82578e-01  9.99124e-01
 1.71428e+03  9.79371e-01  9.99037e-01
 1.71431e+03  9.78289e-01  9.98954e-01
 1.71433e+03  9.73502e-01  9.98875e-01
 1.71435e+03  9.69691e-01  9.98800e-01
 1.71437e+03  9.70522e-01  9.98728e-01
 1.71439e+03  9.68683e-01  9.98660e-01
 1.71441e+03  9.68710e-01  9.98595e-01
 1.71443e+03  9.70913e-01  9.98534e-01
 1.71445e+03  9.72750e-01  9.98475e-01
 1.71447e+03  9.71898e-01  9.98419e-01
 1.71449e+03  9.74066e-01  9.98367e-01
 1.71453e+03  9.80726e-01  9.98269e-01
 1.71456e+03  9.83976e-01  9.98224e-01
 1.71458e+03  9.86029e-01  9.98181e-01
 1.71466e+03  9.95422e-01  9.98031e-01
 1.71468e+03  9.94463e-01  9.97999e-01
 1.71472e+03  9.95570e-01  9.97939e-01
 1.71474e+03  9.94666e-01  9.97912e-01
 1.71476e+03  9.92820e-01  9.97886e-01
 1.71478e+03  9.93254e-01  9.97862e-01
 1.71481e+03  9.93913e-01  9.97839e-01
 1.71483e+03  9.92972e-01  9.97818e-01
 1.71485e+03  9.95225e-01  9.97797e-01
 1.71487e+03  9.96351e-01  9.97779e-01
 1.71489e+03  9.96316e-01  9.97761e-01
 1.71491e+03  9.99289e-01  9.97744e-01
 1.71493e+03  9.97198e-01  9.97729e-01
 1.71497e+03  1.00105e+00  9.97700e-01
 1.71499e+03  1.00519e+00  9.97688e-01
 1.71501e+03  9.99332e-01  9.97676e-01
 1.71503e+03  1.00030e+00  9.97665e-01
 1.71506e+03  1.00291e+00  9.97655e-01
 1.71508e+03  1.00212e+00  9.97646e-01
 1.71510e+03  1.00052e+00  9.97637e-01
 1.71512e+03  1.00361e+00  9.97629e-01
 1.71514e+03  1.00235e+00  9.97622e-01
 1.71516e+03  1.00381e+00  9.97616e-01
 1.71518e+03  1.00394e+00  9.97610e-01
 1.71520e+03  1.00626e+00  9.97605e-01
 1.71522e+03  1.00770e+00  9.97600e-01
 1.71524e+03  1.01195e+00  9.97596e-01
 1.71526e+03  1.01106e+00  9.97592e-01
 1.71528e+03  1.01357e+00  9.97589e-01
 1.71531e+03  1.01287e+00  9.97586e-01
 1.71533e+03  1.01164e+00  9.97583e-01
 1.71535e+03  1.01378e+00  9.97581e-01
 1.71537e+03  1.01007e+00  9.97580e-01
 1.71539e+03  1.01124e+00  9.97579e-01
 1.71541e+03  1.01256e+00  9.97578e-01
 1.71543e+03  1.01199e+00  9.97578e-01
 1.71545e+03  1.01354e+00  9.97577e-01
 1.71547e+03  1.01127e+00  9.97578e-01
 1.71549e+03  1.01120e+00  9.97578e-01
 1.71551e+03  1.01097e+00  9.97579e-01
 1.71553e+03  1.01391e+00  9.97580e-01
 1.71556e+03  1.01212e+00  9.97581e-01
 1.71558e+03  1.01205e+00  9.97583e-01
 1.71560e+03  1.01350e+00  9.97585e-01
 1.71562e+03  1.00939e+00  9.97587e-01
 1.71564e+03  1.00922e+00  9.97589e-01
 1.71568e+03  1.01077e+00  9.97594e-01
 1.71570e+03  1.01278e+00  9.97597e-01
 1.71574e+03  1.00610e+00  9.97603e-01
 1.71576e+03  1.00356e+00  9.97606e-01
 1.71578e+03  1.00023e+00  9.97610e-01
 1.71581e+03  1.00462e+00  9.97613e-01
 1.71583e+03  9.54421e-01  9.97617e-01
 1.71585e+03  1.00308e+00  9.97621e-01
 1.71587e+03  1.00283e+00  9.97625e-01
 1.71589e+03  1.00440e+00  9.97629e-01
 1.71591e+03  1.00190e+00  9.97633e-01
 1.71593e+03  1.00354e+00  9.97637e-01
 1.71595e+03  1.00503e+00  9.97642e-01
 1.71597e+03  1.00283e+00  9.97646e-01
 1.71599e+03  1.00193e+00  9.97651e-01
 1.71601e+03  1.00119e+00  9.97655e-01
 1.71603e+03  1.00438e+00  9.97660e-01
 1.71606e+03  1.00707e+00  9.97665e-01
 1.71608e+03  1.00639e+00  9.97670e-01
 1.71610e+03  1.00660e+00  9.97675e-01
 1.71612e+03  1.00106e+00  9.97680e-01
 1.71614e+03  1.00065e+00  9.97685e-01
 1.71616e+03  9.99823e-01  9.97690e-01
 1.71618e+03  1.00170e+00  9.97695e-01
 1.71620e+03  9.98560e-01  9.97700e-01
 1.71624e+03  9.98787e-01  9.97711e-01
 1.71626e+03  1.00071e+00  9.97716e-01
 1.71628e+03  1.00023e+00  9.97722e-01
 1.71631e+03  9.99162e-01  9.97727e-01
 1.71633e+03  9.99902e-01  9.97733e-01
 1.71635e+03  1.00067e+00  9.97738e-01
 1.71637e+03  9.99387e-01  9.97744e-01
 1.71639e+03  9.98737e-01  9.97749e-01
 1.71641e+03  9.96010e-01  9.97755e-01
 1.71643e+03  9.94079e-01  9.97761e-01
 1.71645e+03  9.96520e-01  9.97766e-01
 1.71647e+03  9.95485e-01  9.97772e-01
 1.71649e+03  9.88695e-01  9.97778e-01
 1.71651e+03  9.87013e-01  9.97784e-01
 1.71653e+03  9.87943e-01  9.97789e-01
 1.71656e+03  9.83080e-01  9.97795e-01
 1.71658e+03  9.80632e-01  9.97801e-01
 1.71660e+03  9.76434e-01  9.97807e-01
 1.71662e+03  9.76380e-01  9.97813e-01
 1.71664e+03  9.75869e-01  9.97819e-01
 1.71666e+03  9.76307e-01  9.97824e-01
 1.71668e+03  9.79361e-01  9.97830e-01
 1.71670e+03  9.78238e-01  9.97836e-01
 1.71672e+03  9.78072e-01  9.97842e-01
 1.71674e+03  9.82555e-01  9.97848e-01
 1.71676e+03  9.84955e-01  9.97854e-01
 1.71678e+03  9.87253e-01  9.97860e-01
 1.71681e+03  9.89666e-01  9.97866e-01
 1.71683e+03  9.91543e-01  9.97872e-01
 1.71685e+03  9.95160e-01  9.97878e-01
 1.71687e+03  9.97995e-01  9.97884e-01
 1.71689e+03  9.95487e-01  9.97890e-01
 1.71691e+03  9.95353e-01  9.97896e-01
 1.71693e+03  9.98229e-01  9.97902e-01
 1.71695e+03  9.99331e-01  9.97908e-01
 1.71697e+03  1.00013e+00  9.97914e-01
 1.71699e+03  1.00067e+00  9.97920e-01
 1.71701e+03  9.99983e-01  9.97926e-01
 1.71703e+03  9.97172e-01  9.97932e-01
 1.71706e+03  9.99683e-01  9.97938e-01
 1.71708e+03  9.96642e-01  9.97944e-01
 1.71710e+03  9.98209e-01  9.97951e-01
 1.71712e+03  9.97122e-01  9.97957e-01
 1.71714e+03  9.95631e-01  9.97963e-01
 1.71716e+03  9.96564e-01  9.97969e-01
 1.71718e+03  9.97286e-01  9.97975e-01
 1.71720e+03  9.98032e-01  9.97981e-01
 1.71722e+03  9.98464e-01  9.97987e-01
 1.71724e+03  1.00098e+00  9.97994e-01
 1.71726e+03  9.99982e-01  9.98000e-01
 1.71731e+03  9.98614e-01  9.98012e-01
 1.71733e+03  1.00004e+00  9.98018e-01
 1.71735e+03  9.99968e-01  9.98025e-01
 1.71737e+03  1.00063e+00  9.98031e-01
 1.71739e+03  9.99523e-01  9.98037e-01
 1.71741e+03  1.00000e+00  9.98044e-01
 1.71743e+03  1.00082e+00  9.98050e-01
 1.71745e+03  1.00231e+00  9.98056e-01
 1.71747e+03  1.00206e+00  9.98062e-01
 1.71749e+03  1.00107e+00  9.98069e-01
 1.71751e+03  1.00170e+00  9.98075e-01
 1.71753e+03  1.00222e+00  9.98082e-01
 1.71756e+03  1.00209e+00  9.98088e-01
 1.71758e+03  1.00360e+00  9.98094e-01
 1.71760e+03  1.00044e+00  9.98101e-01
 1.71762e+03  9.98266e-01  9.98107e-01
 1.71764e+03  1.00339e+00  9.98114e-01
 1.71766e+03  1.00220e+00  9.98120e-01
 1.71768e+03  1.00535e+00  9.98127e-01
 1.71770e+03  1.00352e+00  9.98134e-01
 1.71772e+03  1.00362e+00  9.98140e-01
 1.71774e+03  1.00417e+00  9.98147e-01
 1.71776e+03  1.00460e+00  9.98154e-01
 1.71778e+03  1.00428e+00  9.98160e-01
 1.71781e+03  1.00301e+00  9.98167e-01
 1.71783e+03  1.00614e+00  9.98174e-01
 1.71785e+03  1.00424e+00  9.98181e-01
 1.71787e+03  1.00484e+00  9.98187e-01
 1.71789e+03  1.00547e+00  9.98194e-01
 1.71791e+03  1.00290e+00  9.98201e-01
 1.71793e+03  1.00409e+00  9.98208e-01
 1.71795e+03  7.74781e-01  9.98215e-01
 1.71797e+03  1.00489e+00  9.98222e-01
 1.71799e+03  9.99890e-01  9.98229e-01
 1.71801e+03  1.00366e+00  9.98236e-01
 1.71803e+03  1.00520e+00  9.98243e-01
 1.71806e+03  1.00838e+00  9.98251e-01
 1.71808e+03  1.00287e+00  9.98258e-01
 1.71810e+03  1.00330e+00  9.98265e-01
 1.71812e+03  1.00397e+00  9.98273e-01
 1.71814e+03  1.00672e+00  9.98280e-01
 1.71816e+03  1.00487e+00  9.98287e-01
 1.71818e+03  1.00349e+00  9.98295e-01
 1.71820e+03  1.00535e+00  9.98302e-01
 1.71822e+03  1.00421e+00  9.98310e-01
 1.71824e+03  1.00401e+00  9.98318e-01
 1.71826e+03  1.00553e+00  9.98325e-01
 1.71828e+03  1.00296e+00  9.98333e-01
 1.71831e+03  1.00561e+00  9.98341e-01
 1.71833e+03  1.00441e+00  9.98349e-01
 1.71835e+03  1.00226e+00  9.98357e-01
 1.71837e+03  1.00511e+00  9.98365e-01
 1.71839e+03  1.00596e+00  9.98373e-01
 1.71841e+03  1.00372e+00  9.98382e-01
 1.71843e+03  1.00116e+00  9.98390e-01
 1.71845e+03  9.99837e-01  9.98398e-01
 1.71847e+03  1.00072e+00  9.98407e-01
 1.71849e+03  1.00351e+00  9.98415e-01
 1.71851e+03  1.00552e+00  9.98424e-01
 1.71853e+03  1.01015e+00  9.98433e-01
 1.71856e+03  1.00227e+00  9.98442e-01
 1.71858e+03  1.00377e+00  9.98450e-01
 1.71860e+03  1.01092e+00  9.98459e-01
 1.71862e+03  1.00422e+00  9.98469e-01
 1.71864e+03  1.00480e+00  9.98478e-01
 1.71866e+03  1.00339e+00  9.98487e-01
 1.71868e+03  1.00707e+00  9.98497e-01
 1.71870e+03  1.00404e+00  9.98506e-01
 1.71872e+03  1.01112e+00  9.98516e-01
 1.71874e+03  1.00786e+00  9.98525e-01
 1.71876e+03  1.00310e+00  9.98535e-01
 1.71878e+03  9.98821e-01  9.98545e-01
 1.71881e+03  1.00220e+00  9.98555e-01
 1.71883e+03  1.00236e+00  9.98566e-01
 1.71885e+03  1.00135e+00  9.98576e-01
 1.71887e+03  1.00666e+00  9.98587e-01
 1.71889e+03  1.00118e+00  9.98597e-01
 1.71891e+03  1.00510e+00  9.98608e-01
 1.71893e+03  9.99490e-01  9.98619e-01
 1.71895e+03  9.99959e-01  9.98630e-01
 1.71897e+03  9.99337e-01  9.98642e-01
 1.71899e+03  1.00455e+00  9.98653e-01
 1.71901e+03  9.96825e-01  9.98664e-01
 1.71903e+03  9.98304e-01  9.98676e-01
 1.71906e+03  1.00356e+00  9.98688e-01
 1.71908e+03  9.97281e-01  9.98700e-01
 1.71910e+03  9.99257e-01  9.98713e-01
 1.71912e+03  1.00381e+00  9.98725e-01
 1.71914e+03  9.97205e-01  9.98738e-01
 1.71916e+03  1.00069e+00  9.98751e-01
 1.71918e+03  9.97323e-01  9.98764e-01
 1.71920e+03  1.00174e+00  9.98777e-01
 1.71922e+03  9.97657e-01  9.98790e-01
 1.71924e+03  1.00021e+00  9.98804e-01
 1.71926e+03  9.96129e-01  9.98818e-01
 1.71928e+03  1.00161e+00  9.98832e-01
 1.71931e+03  1.00427e+00  9.98846e-01
 1.71933e+03  9.95221e-01  9.98861e-01
 1.71935e+03  1.00154e+00  9.98876e-01
 1.71937e+03  1.00037e+00  9.98891e-01
 1.71939e+03  1.00067e+00  9.98906e-01
 1.71941e+03  9.98105e-01  9.98922e-01
 1.71943e+03  1.00347e+00  9.98938e-01
 1.71945e+03  9.98120e-01  9.98954e-01
 1.71947e+03  1.00347e+00  9.98970e-01
 1.71949e+03  9.99614e-01  9.98987e-01
 1.71951e+03  9.96870e-01  9.99004e-01
 1.71953e+03  9.99166e-01  9.99021e-01
 1.71956e+03  1.00451e+00  9.99039e-01
 1.71958e+03  9.97265e-01  9.99057e-01
 1.71960e+03  9.97560e-01  9.99075e-01
 1.71962e+03  1.00691e+00  9.99094e-01
 1.71964e+03  1.00189e+00  9.99113e-01
 1.71966e+03  1.00479e+00  9.99132e-01
 1.71968e+03  9.96132e-01  9.99152e-01
 1.71970e+03  9.98636e-01  9.99172e-01
 1.71972e+03  9.91893e-01  9.99192e-01
 1.71974e+03  1.00237e+00  9.99213e-01
 1.71976e+03  1.00168e+00  9.99234e-01
 1.71978e+03  1.00059e+00  9.99256e-01
 1.71981e+03  1.00300e+00  9.99278e-01
 1.71983e+03  1.00375e+00  9.99300e-01
 1.71985e+03  9.94515e-01  9.99323e-01
 1.71987e+03  1.00492e+00  9.99347e-01
 1.71989e+03  9.95215e-01  9.99370e-01
 1.71993e+03  9.99186e-01  9.99420e-01
 1.71995e+03  1.00093e+00  9.99445e-01
 1.71997e+03  9.97983e-01  9.99471e-01
 1.72006e+03  9.96487e-01  9.99579e-01
 1.72008e+03  9.97313e-01  9.99608e-01
 1.72012e+03  1.00048e+00  9.99666e-01
 1.72014e+03  9.97680e-01  9.99697e-01
 1.72016e+03  1.00157e+00  9.99728e-01
 1.72020e+03  9.95646e-01  9.99791e-01
 1.72022e+03  9.96845e-01  9.99824e-01
 1.72024e+03  9.91918e-01  9.99858e-01
 1.72026e+03  9.88953e-01  9.99892e-01
 1.72033e+03  9.76687e-01  9.99999e-01
 1.72035e+03  9.77467e-01  1.00004e+00
 1.72037e+03  9.77688e-01  1.00007e+00
 1.72041e+03  9.74770e-01  1.00015e+00
 1.72043e+03  9.74130e-01  1.00019e+00
 1.72045e+03  9.76039e-01  1.00023e+00
 1.72047e+03  9.83883e-01  1.00028e+00
 1.72049e+03  9.79748e-01  1.00032e+00
 1.72051e+03  9.79916e-01  1.00036e+00
 1.72053e+03  9.86599e-01  1.00041e+00
 1.72058e+03  9.95468e-01  1.00050e+00
 1.72060e+03  9.95427e-01  1.00054e+00
 1.72062e+03  9.98743e-01  1.00059e+00
 1.72064e+03  9.97800e-01  1.00064e+00
 1.72066e+03  1.00116e+00  1.00069e+00
 1.72068e+03  9.99653e-01  1.00074e+00
 1.72070e+03  1.00081e+00  1.00079e+00
 1.72072e+03  1.00176e+00  1.00085e+00
 1.72074e+03  1.00147e+00  1.00090e+00
 1.72076e+03  1.00052e+00  1.00095e+00
 1.72078e+03  1.00225e+00  1.00101e+00
 1.72081e+03  9.98124e-01  1.00106e+00
 1.72083e+03  9.90552e-01  1.00112e+00
 1.72085e+03  9.90585e-01  1.00118e+00
 1.72087e+03  9.92606e-01  1.00124e+00
 1.72089e+03  9.92414e-01  1.00129e+00
 1.72097e+03  9.94819e-01  1.00154e+00
 1.72099e+03  9.98265e-01  1.00160e+00
 1.72101e+03  9.98033e-01  1.00166e+00
 1.72106e+03  1.00048e+00  1.00179e+00
 1.72108e+03  1.00058e+00  1.00185e+00
 1.72110e+03  1.00245e+00  1.00191e+00
 1.72112e+03  9.93162e-01  1.00197e+00
 1.72114e+03  9.88339e-01  1.00204e+00
 1.72116e+03  9.94879e-01  1.00210e+00
 1.72118e+03  9.91974e-01  1.00216e+00
 1.72120e+03  9.92950e-01  1.00222e+00
 1.72122e+03  9.95364e-01  1.00228e+00
 1.72124e+03  9.96545e-01  1.00234e+00
 1.72126e+03  9.98333e-01  1.00239e+00
 1.72128e+03  1.00748e+00  1.00245e+00
 1.72131e+03  1.00929e+00  1.00250e+00
 1.72133e+03  1.01109e+00  1.00255e+00
 1.72135e+03  1.00565e+00  1.00260e+00
 1.72137e+03  1.01778e+00  1.00264e+00
 1.72139e+03  1.01496e+00  1.00268e+00
 1.72141e+03  1.01123e+00  1.00272e+00
 1.72143e+03  1.01187e+00  1.00275e+00
 1.72147e+03  1.01448e+00  1.00279e+00
 1.72149e+03  1.01689e+00  1.00280e+00
 1.72151e+03  1.01358e+00  1.00281e+00
 1.72153e+03  1.01852e+00  1.00280e+00
 1.72156e+03  1.02047e+00  1.00279e+00
 1.72158e+03  1.01323e+00  1.00277e+00
 1.72160e+03  1.01520e+00  1.00274e+00
 1.72162e+03  1.01504e+00  1.00269e+00
 1.72164e+03  1.01447e+00  1.00263e+00
 1.72166e+03  1.01490e+00  1.00256e+00
 1.72168e+03  1.00804e+00  1.00247e+00
 1.72170e+03  1.00905e+00  1.00237e+00
 1.72172e+03  1.00988e+00  1.00225e+00
 1.72176e+03  1.00745e+00  1.00194e+00
 1.72178e+03  1.00164e+00  1.00176e+00
 1.72181e+03  1.00160e+00  1.00155e+00
 1.72183e+03  1.00290e+00  1.00132e+00
 1.72185e+03  1.00244e+00  1.00106e+00
 1.72187e+03  1.00441e+00  1.00077e+00
 1.72189e+03  1.00080e+00  1.00045e+00
 1.72191e+03  1.00001e+00  1.00010e+00
 1.72193e+03  1.00208e+00  9.99725e-01
 1.72195e+03  1.00216e+00  9.99314e-01
 1.72197e+03  1.00475e+00  9.98866e-01
 1.72199e+03  1.00541e+00  9.98386e-01
 1.72201e+03  1.00604e+00  9.97871e-01
 1.72203e+03  9.99895e-01  9.97319e-01
 1.72206e+03  1.00369e+00  9.96734e-01
 1.72208e+03  9.99789e-01  9.96115e-01
 1.72210e+03  1.00137e+00  9.95460e-01
 1.72212e+03  1.00288e+00  9.94778e-01
 1.72216e+03  1.00113e+00  9.93325e-01
 1.72218e+03  9.98738e-01  9.92566e-01
 1.72220e+03  1.00045e+00  9.91788e-01
 1.72222e+03  9.99014e-01  9.90995e-01
 1.72224e+03  1.00014e+00  9.90199e-01
 1.72226e+03  9.95805e-01  9.89403e-01
 1.72228e+03  9.98681e-01  9.88611e-01
 1.72231e+03  9.92790e-01  9.87839e-01
 1.72233e+03  9.94810e-01  9.87093e-01
 1.72235e+03  9.94386e-01  9.86377e-01
 1.72237e+03  9.96257e-01  9.85709e-01
 1.72239e+03  9.99281e-01  9.85096e-01
 1.72241e+03  1.00376e+00  9.84547e-01
 1.72243e+03  9.97743e-01  9.84069e-01
 1.72245e+03  9.98944e-01  9.83678e-01
 1.72247e+03  9.96405e-01  9.83380e-01
 1.72249e+03  9.93641e-01  9.83181e-01
 1.72251e+03  9.85239e-01  9.83090e-01
 1.72253e+03  9.82857e-01  9.83112e-01
 1.72256e+03  9.81798e-01  9.83250e-01
 1.72258e+03  9.71710e-01  9.83506e-01
 1.72260e+03  9.76674e-01  9.83879e-01
 1.72262e+03  9.73811e-01  9.84371e-01
 1.72264e+03  9.77019e-01  9.84972e-01
 1.72266e+03  9.78951e-01  9.85679e-01
 1.72268e+03  9.74874e-01  9.86488e-01
 1.72270e+03  9.76429e-01  9.87382e-01
 1.72272e+03  9.76556e-01  9.88353e-01
 1.72274e+03  9.78440e-01  9.89395e-01
 1.72276e+03  9.87853e-01  9.90485e-01
 1.72278e+03  9.87540e-01  9.91614e-01
 1.72281e+03  9.86543e-01  9.92774e-01
 1.72285e+03  9.94727e-01  9.95106e-01
 1.72287e+03  9.92870e-01  9.96263e-01
 1.72289e+03  9.94028e-01  9.97389e-01
 1.72291e+03  9.96115e-01  9.98479e-01
 1.72293e+03  9.98610e-01  9.99528e-01
 1.72295e+03  9.99119e-01  1.00052e+00
 1.72297e+03  1.00305e+00  1.00145e+00
 1.72299e+03  1.00202e+00  1.00232e+00
 1.72301e+03  1.00407e+00  1.00312e+00
 1.72303e+03  1.00406e+00  1.00384e+00
 1.72306e+03  1.00489e+00  1.00449e+00
 1.72308e+03  9.96233e-01  1.00507e+00
 1.72310e+03  1.00316e+00  1.00558e+00
 1.72312e+03  1.00504e+00  1.00601e+00
 1.72314e+03  1.00373e+00  1.00638e+00
 1.72316e+03  1.00335e+00  1.00668e+00
 1.72318e+03  1.00063e+00  1.00691e+00
 1.72320e+03  9.96687e-01  1.00709e+00
 1.72322e+03  9.97107e-01  1.00721e+00
 1.72324e+03  9.96507e-01  1.00729e+00
 1.72326e+03  1.00109e+00  1.00731e+00
 1.72328e+03  1.00291e+00  1.00730e+00
 1.72331e+03  1.00352e+00  1.00724e+00
 1.72333e+03  1.00538e+00  1.00715e+00
 1.72335e+03  1.00426e+00  1.00704e+00
 1.72337e+03  1.00321e+00  1.00689e+00
 1.72339e+03  1.00351e+00  1.00672e+00
 1.72341e+03  1.00333e+00  1.00654e+00
 1.72343e+03  1.00411e+00  1.00633e+00
 1.72345e+03  1.00096e+00  1.00612e+00
 1.72347e+03  9.97660e-01  1.00589e+00
 1.72349e+03  1.00158e+00  1.00565e+00
 1.72351e+03  9.95873e-01  1.00541e+00
 1.72353e+03  9.93717e-01  1.00516e+00
 1.72356e+03  9.94836e-01  1.00491e+00
 1.72358e+03  9.94124e-01  1.00466e+00
 1.72360e+03  9.96188e-01  1.00440e+00
 1.72362e+03  9.97789e-01  1.00415e+00
 1.72364e+03  1.00141e+00  1.00390e+00
 1.72366e+03  9.98260e-01  1.00366e+00
 1.72368e+03  9.99761e-01  1.00341e+00
 1.72370e+03  1.00049e+00  1.00318e+00
 1.72372e+03  1.00027e+00  1.00294e+00
 1.72374e+03  1.00084e+00  1.00271e+00
 1.72376e+03  9.98914e-01  1.00249e+00
 1.72378e+03  1.00085e+00  1.00228e+00
 1.72381e+03  9.96173e-01  1.00207e+00
 1.72497e+03  1.00055e+00  9.97682e-01
 1.72499e+03  1.00021e+00  9.97671e-01
 1.72501e+03  1.00097e+00  9.97660e-01
 1.72503e+03  1.00156e+00  9.97651e-01
 1.72506e+03  9.99994e-01  9.97642e-01
 1.72514e+03  1.00131e+00  9.97613e-01
 1.72516e+03  9.98673e-01  9.97607e-01
 1.72518e+03  1.00158e+00  9.97602e-01
 1.72520e+03  9.95668e-01  9.97598e-01
 1.72522e+03  9.98035e-01  9.97594e-01
 1.72524e+03  9.94529e-01  9.97590e-01
 1.72526e+03  9.89735e-01  9.97587e-01
 1.72531e+03  9.97121e-01  9.97582e-01
 1.72533e+03  9.96864e-01  9.97581e-01
 1.72535e+03  9.93823e-01  9.97579e-01
 1.72539e+03  9.99432e-01  9.97578e-01
 1.72543e+03  9.97165e-01  9.97577e-01
 1.72551e+03  9.94973e-01  9.97581e-01
 1.72558e+03  9.91327e-01  9.97586e-01
 1.72560e+03  1.00056e+00  9.97588e-01
 1.72562e+03  9.99964e-01  9.97590e-01
 1.72566e+03  9.96759e-01  9.97595e-01
 1.72568e+03  1.00000e+00  9.97598e-01
 1.72572e+03  9.95015e-01  9.97604e-01
 1.72576e+03  9.97163e-01  9.97611e-01
 1.72581e+03  9.95253e-01  9.97619e-01
 1.72583e+03  1.00016e+00  9.97623e-01
 1.72585e+03  9.98155e-01  9.97627e-01
 1.72587e+03  1.00014e+00  9.97631e-01
 1.72589e+03  9.97070e-01  9.97635e-01
 1.72599e+03  9.97330e-01  9.97658e-01
 1.72601e+03  9.99950e-01  9.97662e-01
 1.72603e+03  9.95704e-01  9.97667e-01
 1.72606e+03  9.93748e-01  9.97672e-01
 1.72608e+03  9.96340e-01  9.97677e-01
 1.72610e+03  9.97032e-01  9.97682e-01
 1.72612e+03  9.95530e-01  9.97687e-01
 1.72614e+03  9.93590e-01  9.97692e-01
 1.72618e+03  9.94686e-01  9.97703e-01
 1.72620e+03  9.83639e-01  9.97708e-01
 1.72622e+03  9.87338e-01  9.97714e-01
 1.72624e+03  9.80682e-01  9.97719e-01
 1.72626e+03  9.77494e-01  9.97724e-01
 1.72628e+03  9.77276e-01  9.97730e-01
 1.72631e+03  9.70236e-01  9.97735e-01
 1.72635e+03  9.70547e-01  9.97747e-01
 1.72637e+03  9.70577e-01  9.97752e-01
 1.72639e+03  9.70283e-01  9.97758e-01
 1.72641e+03  9.61691e-01  9.97764e-01
 1.72643e+03  9.72835e-01  9.97769e-01
 1.72645e+03  9.70441e-01  9.97775e-01
 1.72647e+03  9.72976e-01  9.97781e-01
 1.72649e+03  9.74872e-01  9.97786e-01
 1.72653e+03  9.82971e-01  9.97798e-01
 1.72656e+03  9.86007e-01  9.97804e-01
 1.72658e+03  9.88743e-01  9.97810e-01
 1.72660e+03  9.96079e-01  9.97816e-01
 1.72662e+03  9.92214e-01  9.97821e-01
 1.72664e+03  9.95246e-01  9.97827e-01
 1.72666e+03  9.96915e-01  9.97833e-01
 1.72668e+03  1.00017e+00  9.97839e-01
 1.72672e+03  9.96979e-01  9.97851e-01
 1.72674e+03  9.92290e-01  9.97857e-01
 1.72676e+03  9.99438e-01  9.97863e-01
 1.72678e+03  9.97292e-01  9.97869e-01
 1.72681e+03  9.96709e-01  9.97875e-01
 1.72683e+03  9.90834e-01  9.97881e-01
 1.72687e+03  1.00028e+00  9.97893e-01
 1.72689e+03  9.98610e-01  9.97899e-01
 1.72691e+03  9.92583e-01  9.97905e-01
 1.72695e+03  9.99583e-01  9.97917e-01
 1.72697e+03  9.99504e-01  9.97923e-01
 1.72699e+03  1.00201e+00  9.97929e-01
 1.72701e+03  1.00262e+00  9.97935e-01
 1.72703e+03  1.00459e+00  9.97941e-01
 1.72706e+03  9.99598e-01  9.97947e-01
 1.72708e+03  1.00526e+00  9.97953e-01
 1.72710e+03  1.00227e+00  9.97960e-01
 1.72712e+03  1.00225e+00  9.97966e-01
 1.72714e+03  1.00701e+00  9.97972e-01
 1.72716e+03  1.01101e+00  9.97978e-01
 1.72718e+03  1.01013e+00  9.97984e-01
 1.72720e+03  1.01319e+00  9.97990e-01
 1.72722e+03  1.01358e+00  9.97997e-01
 1.72724e+03  1.00816e+00  9.98003e-01
 1.72726e+03  1.01813e+00  9.98009e-01
 1.72728e+03  1.00965e+00  9.98015e-01
 1.72731e+03  1.01453e+00  9.98021e-01
 1.72733e+03  1.01043e+00  9.98028e-01
 1.72735e+03  1.01486e+00  9.98034e-01
 1.72737e+03  1.01579e+00  9.98040e-01
 1.72739e+03  1.01371e+00  9.98047e-01
 1.72741e+03  1.01049e+00  9.98053e-01
 1.72743e+03  1.01584e+00  9.98059e-01
 1.72745e+03  1.01374e+00  9.98066e-01
 1.72747e+03  1.01886e+00  9.98072e-01
 1.72749e+03  1.01582e+00  9.98078e-01
 1.72751e+03  1.01782e+00  9.98085e-01
 1.72753e+03  1.01649e+00  9.98091e-01
 1.72756e+03  1.01255e+00  9.98098e-01
 1.72758e+03  1.01398e+00  9.98104e-01
 1.72760e+03  1.01134e+00  9.98111e-01
 1.72762e+03  1.00883e+00  9.98117e-01
 1.72764e+03  1.01082e+00  9.98124e-01
 1.72766e+03  1.00964e+00  9.98130e-01
 1.72768e+03  1.01151e+00  9.98137e-01
 1.72770e+03  1.00375e+00  9.98143e-01
 1.72772e+03  1.00707e+00  9.98150e-01
 1.72774e+03  1.00813e+00  9.98157e-01
 1.72776e+03  1.00533e+00  9.98163e-01
 1.72778e+03  1.00514e+00  9.98170e-01
 1.72781e+03  1.00612e+00  9.98177e-01
 1.72783e+03  1.00935e+00  9.98184e-01
 1.72785e+03  1.00455e+00  9.98191e-01
 1.72787e+03  1.00409e+00  9.98198e-01
 1.72789e+03  1.00378e+00  9.98204e-01
 1.72791e+03  1.00253e+00  9.98211e-01
 1.72793e+03  1.00145e+00  9.98218e-01
 1.72795e+03  9.99983e-01  9.98226e-01
 1.72797e+03  9.98461e-01  9.98233e-01
 1.72799e+03  9.98492e-01  9.98240e-01
 1.72801e+03  1.00190e+00  9.98247e-01
 1.72806e+03  1.00116e+00  9.98261e-01
 1.72808e+03  9.99204e-01  9.98269e-01
 1.72810e+03  9.97576e-01  9.98276e-01
 1.72812e+03  9.94308e-01  9.98283e-01
 1.72814e+03  1.00862e+00  9.98291e-01
 1.72816e+03  9.99060e-01  9.98299e-01
 1.72818e+03  9.94653e-01  9.98306e-01
 1.72820e+03  9.95636e-01  9.98314e-01
 1.72824e+03  9.98996e-01  9.98329e-01
 1.72826e+03  9.94179e-01  9.98337e-01
 1.72828e+03  1.00058e+00  9.98345e-01
 1.72831e+03  9.99263e-01  9.98353e-01
 1.72833e+03  9.92762e-01  9.98361e-01
 1.72835e+03  9.91969e-01  9.98369e-01
 1.72837e+03  9.92916e-01  9.98377e-01
 1.72839e+03  9.95096e-01  9.98386e-01
 1.72843e+03  9.93026e-01  9.98402e-01
 1.72845e+03  9.93817e-01  9.98411e-01
 1.72847e+03  9.92734e-01  9.98419e-01
 1.72849e+03  9.86883e-01  9.98428e-01
 1.72851e+03  9.87158e-01  9.98437e-01
 1.72853e+03  1.01537e+00  9.98446e-01
 1.72856e+03  9.80535e-01  9.98455e-01
 1.72858e+03  9.80343e-01  9.98464e-01
 1.72860e+03  9.76470e-01  9.98473e-01
 1.72862e+03  9.76666e-01  9.98482e-01
 1.72864e+03  9.75104e-01  9.98492e-01
 1.72866e+03  9.78398e-01  9.98501e-01
 1.72868e+03  9.74665e-01  9.98511e-01
 1.72870e+03  9.81568e-01  9.98520e-01
 1.72872e+03  9.84169e-01  9.98530e-01
 1.72874e+03  9.79672e-01  9.98540e-01
 1.72876e+03  9.83513e-01  9.98550e-01
 1.72881e+03  9.90875e-01  9.98571e-01
 1.72883e+03  9.94072e-01  9.98581e-01
 1.72885e+03  9.98248e-01  9.98592e-01
 1.72887e+03  9.94579e-01  9.98603e-01
 1.72889e+03  9.91502e-01  9.98613e-01
 1.72893e+03  9.92778e-01  9.98636e-01
 1.72895e+03  9.94265e-01  9.98647e-01
 1.72897e+03  9.94638e-01  9.98658e-01
 1.72901e+03  9.90427e-01  9.98682e-01
 1.72903e+03  9.92376e-01  9.98694e-01
 1.72906e+03  9.95049e-01  9.98706e-01
 1.72910e+03  9.96075e-01  9.98731e-01
 1.72912e+03  9.95576e-01  9.98744e-01
 1.72914e+03  9.99425e-01  9.98757e-01
 1.72918e+03  1.00073e+00  9.98783e-01
 1.72920e+03  1.00080e+00  9.98797e-01
 1.72922e+03  9.99074e-01  9.98811e-01
 1.72926e+03  1.00265e+00  9.98839e-01
 1.72928e+03  9.97164e-01  9.98853e-01
 1.72931e+03  9.95216e-01  9.98868e-01
 1.72935e+03  9.97065e-01  9.98898e-01
 1.72937e+03  9.97635e-01  9.98914e-01
 1.72939e+03  9.98106e-01  9.98929e-01
 1.72941e+03  9.98509e-01  9.98945e-01
 1.72945e+03  9.97449e-01  9.98978e-01
 1.72947e+03  9.97806e-01  9.98995e-01
 1.72953e+03  9.99223e-01  9.99047e-01
 1.72956e+03  9.97634e-01  9.99066e-01
 1.72958e+03  9.98412e-01  9.99084e-01
 1.72960e+03  9.96719e-01  9.99103e-01
 1.72962e+03  9.97455e-01  9.99122e-01
 1.72964e+03  9.98344e-01  9.99141e-01
 1.72966e+03  9.96858e-01  9.99161e-01
 1.72970e+03  1.00123e+00  9.99202e-01
 1.72972e+03  9.98942e-01  9.99223e-01
 1.72974e+03  1.00624e+00  9.99245e-01
 1.72976e+03  1.00055e+00  9.99266e-01
 1.72978e+03  1.00178e+00  9.99289e-01
 1.72981e+03  1.00162e+00  9.99311e-01
 1.72983e+03  1.00221e+00  9.99335e-01
 1.72985e+03  1.00641e+00  9.99358e-01
 1.72987e+03  1.00462e+00  9.99382e-01
 1.72989e+03  1.00196e+00  9.99407e-01
 1.72991e+03  1.00141e+00  9.99432e-01
 1.72993e+03  1.00712e+00  9.99457e-01
 1.72995e+03  1.00345e+00  9.99483e-01
 1.72999e+03  1.00308e+00  9.99537e-01
 1.73001e+03  1.00711e+00  9.99565e-01
 1.73003e+03  1.00654e+00  9.99593e-01
 1.73006e+03  1.00459e+00  9.99622e-01
 1.73008e+03  9.99928e-01  9.99651e-01
 1.73010e+03  1.00504e+00  9.99681e-01
 1.73012e+03  1.00366e+00  9.99712e-01
 1.73014e+03  1.00151e+00  9.99743e-01
 1.73016e+03  1.00022e+00  9.99775e-01
 1.73018e+03  1.00414e+00  9.99807e-01
 1.73020e+03  1.00327e+00  9.99841e-01
 1.73022e+03  1.00180e+00  9.99874e-01
 1.73024e+03  1.00168e+00  9.99909e-01
 1.73026e+03  1.00448e+00  9.99944e-01
 1.73028e+03  1.00283e+00  9.99980e-01
 1.73031e+03  1.00018e+00  1.00002e+00
 1.73033e+03  9.99874e-01  1.00005e+00
 1.73035e+03  1.00204e+00  1.00009e+00
 1.73037e+03  1.00277e+00  1.00013e+00
 1.73039e+03  1.00148e+00  1.00017e+00
 1.73041e+03  9.98926e-01  1.00021e+00
 1.73043e+03  1.00395e+00  1.00025e+00
 1.73045e+03  1.00533e+00  1.00030e+00
 1.73047e+03  1.00309e+00  1.00034e+00
 1.73049e+03  9.99509e-01  1.00038e+00
 1.73051e+03  1.00354e+00  1.00043e+00
 1.73053e+03  1.00249e+00  1.00047e+00
 1.73056e+03  1.00913e+00  1.00052e+00
 1.73058e+03  1.00288e+00  1.00057e+00
 1.73060e+03  1.00262e+00  1.00062e+00
 1.73062e+03  1.00477e+00  1.00067e+00
 1.73064e+03  1.00509e+00  1.00072e+00
 1.73066e+03  1.00334e+00  1.00077e+00
 1.73068e+03  1.00780e+00  1.00082e+00
 1.73070e+03  1.00851e+00  1.00087e+00
 1.73072e+03  1.00510e+00  1.00092e+00
 1.73074e+03  1.00655e+00  1.00098e+00
 1.73076e+03  1.00705e+00  1.00103e+00
 1.73078e+03  1.00655e+00  1.00109e+00
 1.73081e+03  1.00490e+00  1.00115e+00
 1.73083e+03  1.00681e+00  1.00120e+00
 1.73085e+03  9.97621e-01  1.00126e+00
 1.73087e+03  1.00720e+00  1.00132e+00
 1.73089e+03  9.96371e-01  1.00138e+00
 1.73091e+03  1.00728e+00  1.00144e+00
 1.73095e+03  1.01039e+00  1.00157e+00
 1.73097e+03  1.00693e+00  1.00163e+00
 1.73099e+03  1.00908e+00  1.00169e+00
 1.73101e+03  1.00470e+00  1.00175e+00
 1.73103e+03  1.00741e+00  1.00182e+00
 1.73106e+03  1.00443e+00  1.00188e+00
 1.73108e+03  1.00556e+00  1.00194e+00
 1.73110e+03  1.00582e+00  1.00200e+00
 1.73112e+03  1.00548e+00  1.00207e+00
 1.73114e+03  1.00111e+00  1.00213e+00
 1.73116e+03  1.00326e+00  1.00219e+00
 1.73118e+03  1.00066e+00  1.00225e+00
 1.73120e+03  1.00200e+00  1.00231e+00
 1.73122e+03  9.99686e-01  1.00236e+00
 1.73124e+03  1.00149e+00  1.00242e+00
 1.73126e+03  1.10289e+00  1.00247e+00
 1.73128e+03  1.00345e+00  1.00252e+00
 1.73131e+03  1.00081e+00  1.00257e+00
 1.73133e+03  1.00386e+00  1.00262e+00
 1.73135e+03  1.00473e+00  1.00266e+00
 1.73137e+03  1.00380e+00  1.00270e+00
 1.73139e+03  9.99704e-01  1.00273e+00
 1.73141e+03  1.00233e+00  1.00276e+00
 1.73143e+03  1.00160e+00  1.00278e+00
 1.73145e+03  1.00237e+00  1.00280e+00
 1.73147e+03  1.00203e+00  1.00281e+00
 1.73149e+03  9.98717e-01  1.00281e+00
 1.73151e+03  9.98659e-01  1.00280e+00
 1.73153e+03  1.00435e+00  1.00278e+00
 1.73156e+03  1.00129e+00  1.00275e+00
 1.73158e+03  9.98777e-01  1.00272e+00
 1.73160e+03  9.98901e-01  1.00266e+00
 1.73162e+03  1.00367e+00  1.00260e+00
 1.73164e+03  9.99273e-01  1.00252e+00
 1.73166e+03  9.95991e-01  1.00242e+00
 1.73168e+03  1.00354e+00  1.00231e+00
 1.73170e+03  1.17458e+00  1.00218e+00
 1.73172e+03  1.00162e+00  1.00203e+00
 1.73174e+03  1.00237e+00  1.00186e+00
 1.73176e+03  9.98072e-01  1.00166e+00
 1.73178e+03  1.00120e+00  1.00144e+00
 1.73181e+03  9.96951e-01  1.00119e+00
 1.73183e+03  9.99554e-01  1.00092e+00
 1.73185e+03  9.99427e-01  1.00062e+00
 1.73187e+03  1.00301e+00  1.00029e+00
 1.73189e+03  1.00168e+00  9.99927e-01
 1.73191e+03  9.98089e-01  9.99530e-01
 1.73193e+03  9.98174e-01  9.99103e-01
 1.73195e+03  9.97980e-01  9.98641e-01
 1.73197e+03  9.93951e-01  9.98141e-01
 1.73199e+03  9.95147e-01  9.97610e-01
 1.73203e+03  9.91901e-01  9.96439e-01
 1.73206e+03  9.93289e-01  9.95804e-01
 1.73208e+03  9.92044e-01  9.95137e-01
 1.73210e+03  9.94668e-01  9.94437e-01
 1.73212e+03  9.96138e-01  9.93713e-01
 1.73214e+03  9.93153e-01  9.92964e-01
 1.73216e+03  9.90122e-01  9.92192e-01
 1.73218e+03  1.03260e+00  9.91408e-01
 1.73220e+03  9.86697e-01  9.90614e-01
 1.73222e+03  9.81074e-01  9.89814e-01
 1.73224e+03  9.81244e-01  9.89021e-01
 1.73226e+03  9.78334e-01  9.88239e-01
 1.73228e+03  9.78568e-01  9.87475e-01
 1.73231e+03  9.72192e-01  9.86744e-01
 1.73233e+03  9.71327e-01  9.86051e-01
 1.73235e+03  9.72705e-01  9.85405e-01
 1.73237e+03  9.71487e-01  9.84822e-01
 1.73239e+03  9.72188e-01  9.84307e-01
 1.73241e+03  9.70940e-01  9.83869e-01
 1.73243e+03  9.73303e-01  9.83522e-01
 1.73245e+03  9.77382e-01  9.83271e-01
 1.73247e+03  9.77319e-01  9.83123e-01
 1.73249e+03  9.79558e-01  9.83086e-01
 1.73251e+03  9.83882e-01  9.83163e-01
 1.73253e+03  9.89893e-01  9.83359e-01
 1.73256e+03  9.90402e-01  9.83671e-01
 1.73258e+03  9.91622e-01  9.84101e-01
 1.73260e+03  9.94655e-01  9.84648e-01
 1.73262e+03  9.99171e-01  9.85301e-01
 1.73264e+03  9.94981e-01  9.86056e-01
 1.73266e+03  9.91767e-01  9.86909e-01
 1.73268e+03  9.97560e-01  9.87842e-01
 1.73270e+03  9.93887e-01  9.88847e-01
 1.73272e+03  9.93874e-01  9.89916e-01
 1.73274e+03  9.93656e-01  9.91027e-01
 1.73276e+03  9.93565e-01  9.92170e-01
 1.73278e+03  9.94596e-01  9.93338e-01
 1.73281e+03  9.95290e-01  9.94505e-01
 1.73283e+03  9.96366e-01  9.95665e-01
 1.73285e+03  9.96876e-01  9.96811e-01
 1.73287e+03  9.97491e-01  9.97921e-01
 1.73289e+03  9.98775e-01  9.98990e-01
 1.73291e+03  9.99632e-01  1.00001e+00
 1.73293e+03  1.00132e+00  1.00098e+00
 1.73295e+03  9.97723e-01  1.00188e+00
 1.73297e+03  9.98800e-01  1.00271e+00
 1.73299e+03  9.99858e-01  1.00347e+00
 1.73301e+03  1.00407e+00  1.00416e+00
 1.73303e+03  1.00192e+00  1.00478e+00
 1.73306e+03  1.00110e+00  1.00532e+00
 1.73308e+03  1.00550e+00  1.00580e+00
 1.73310e+03  1.00389e+00  1.00620e+00
 1.73312e+03  1.00373e+00  1.00653e+00
 1.73314e+03  1.00641e+00  1.00680e+00
 1.73316e+03  1.00791e+00  1.00701e+00
 1.73318e+03  1.00559e+00  1.00716e+00
 1.73320e+03  1.00642e+00  1.00726e+00
 1.73322e+03  1.00884e+00  1.00731e+00
 1.73324e+03  1.00648e+00  1.00731e+00
 1.73326e+03  1.00756e+00  1.00728e+00
 1.73328e+03  1.00897e+00  1.00720e+00
 1.73331e+03  1.01041e+00  1.00710e+00
 1.73333e+03  1.00831e+00  1.00697e+00
 1.73335e+03  1.00920e+00  1.00681e+00
 1.73337e+03  1.01309e+00  1.00664e+00
 1.73339e+03  1.01398e+00  1.00644e+00
 1.73341e+03  1.01163e+00  1.00623e+00
 1.73343e+03  1.01263e+00  1.00601e+00
 1.73345e+03  1.01720e+00  1.00578e+00
 1.73347e+03  1.01426e+00  1.00554e+00
 1.73351e+03  1.01264e+00  1.00504e+00
 1.73353e+03  1.01109e+00  1.00479e+00
 1.73356e+03  1.01376e+00  1.00453e+00
 1.73358e+03  1.01008e+00  1.00428e+00
 1.73360e+03  1.00895e+00  1.00403e+00
 1.73362e+03  1.00932e+00  1.00378e+00
 1.73366e+03  1.00928e+00  1.00330e+00
 1.73368e+03  1.00969e+00  1.00306e+00
 1.73370e+03  1.00497e+00  1.00283e+00
 1.73372e+03  1.00790e+00  1.00261e+00
 1.73374e+03  1.00628e+00  1.00239e+00
 1.73376e+03  1.00452e+00  1.00218e+00
 1.73378e+03  1.00268e+00  1.00197e+00
 1.73383e+03  1.00432e+00  1.00158e+00
 1.73385e+03  1.00518e+00  1.00139e+00
 1.73387e+03  1.00421e+00  1.00121e+00
 1.73389e+03  1.00127e+00  1.00103e+00
 1.73391e+03  1.00083e+00  1.00087e+00
 1.73393e+03  1.00203e+00  1.00070e+00
 1.73395e+03  9.94507e-01  1.00055e+00
 1.73397e+03  1.00155e+00  1.00040e+00
 1.73401e+03  9.99852e-01  1.00012e+00
 1.73403e+03  1.00090e+00  9.99990e-01
 1.73406e+03  9.93906e-01  9.99864e-01
 1.73408e+03  1.00072e+00  9.99744e-01
 1.73410e+03  9.98517e-01  9.99629e-01
 1.73412e+03  1.00091e+00  9.99519e-01
 1.73414e+03  9.95614e-01  9.99414e-01
 1.73416e+03  9.96284e-01  9.99314e-01
 1.73418e+03  9.98586e-01  9.99218e-01
 1.73420e+03  9.97170e-01  9.99127e-01
 1.73422e+03  9.97027e-01  9.99040e-01
 1.73424e+03  1.00100e+00  9.98957e-01
 1.73426e+03  9.99539e-01  9.98878e-01
 1.73428e+03  9.91093e-01  9.98802e-01
 1.73431e+03  9.96147e-01  9.98730e-01
 1.73433e+03  9.99612e-01  9.98662e-01
 1.73435e+03  9.95789e-01  9.98598e-01
 1.73437e+03  9.94357e-01  9.98536e-01
 1.73439e+03  9.96034e-01  9.98477e-01
 1.73441e+03  1.00102e+00  9.98421e-01
 1.73443e+03  9.99665e-01  9.98368e-01
 1.73445e+03  9.94901e-01  9.98318e-01
 1.73447e+03  9.86009e-01  9.98271e-01
 1.73449e+03  9.91437e-01  9.98225e-01
 1.73451e+03  9.88104e-01  9.98183e-01
 1.73453e+03  9.87749e-01  9.98142e-01
 1.73456e+03  9.85294e-01  9.98103e-01
 1.73458e+03  9.81452e-01  9.98067e-01
 1.73460e+03  9.83048e-01  9.98033e-01
 1.73462e+03  9.77983e-01  9.98000e-01
 1.73464e+03  9.77902e-01  9.97969e-01
 1.73466e+03  9.87470e-01  9.97940e-01
 1.73468e+03  9.81699e-01  9.97913e-01
 1.73470e+03  9.76581e-01  9.97887e-01
 1.73472e+03  9.85254e-01  9.97863e-01
 1.73476e+03  9.93413e-01  9.97818e-01
 1.73478e+03  9.89671e-01  9.97798e-01
 1.73481e+03  1.00001e+00  9.97779e-01
 1.73483e+03  9.94648e-01  9.97761e-01
 1.73485e+03  9.91490e-01  9.97745e-01
 1.73487e+03  9.92406e-01  9.97729e-01
 1.73489e+03  9.87566e-01  9.97714e-01
 1.73491e+03  9.91552e-01  9.97701e-01
 1.73493e+03  9.90286e-01  9.97688e-01
 1.73495e+03  9.91992e-01  9.97676e-01
 1.73497e+03  9.96232e-01  9.97666e-01
 1.73499e+03  9.96447e-01  9.97655e-01
 1.73501e+03  1.00162e+00  9.97646e-01
 1.73503e+03  1.04827e+00  9.97638e-01
 1.73506e+03  1.00539e+00  9.97630e-01
 1.73508e+03  1.00021e+00  9.97623e-01
 1.73510e+03  1.00558e+00  9.97616e-01
 1.73512e+03  1.00480e+00  9.97610e-01
 1.73514e+03  1.00174e+00  9.97605e-01
 1.73516e+03  1.00323e+00  9.97600e-01
 1.73518e+03  1.00529e+00  9.97596e-01
 1.73520e+03  9.99491e-01  9.97592e-01
 1.73522e+03  1.00177e+00  9.97589e-01
 1.73524e+03  9.99908e-01  9.97586e-01
 1.73526e+03  1.00247e+00  9.97583e-01
 1.73528e+03  1.00361e+00  9.97582e-01
 1.73531e+03  1.00031e+00  9.97580e-01
 1.73533e+03  1.00261e+00  9.97579e-01
 1.73535e+03  9.96362e-01  9.97578e-01
 1.73537e+03  1.00153e+00  9.97578e-01
 1.73539e+03  1.00140e+00  9.97577e-01
 1.73541e+03  1.00162e+00  9.97578e-01
 1.73543e+03  1.00350e+00  9.97578e-01
 1.73545e+03  1.00578e+00  9.97579e-01
 1.73547e+03  1.00024e+00  9.97580e-01
 1.73549e+03  1.00079e+00  9.97581e-01
 1.73551e+03  1.00167e+00  9.97583e-01
 1.73553e+03  1.00167e+00  9.97585e-01
 1.73556e+03  9.98123e-01  9.97587e-01
 1.73558e+03  1.00002e+00  9.97589e-01
 1.73562e+03  1.00332e+00  9.97594e-01
 1.73564e+03  1.00148e+00  9.97597e-01
 1.73566e+03  1.06944e+00  9.97600e-01
 1.73570e+03  1.00319e+00  9.97606e-01
 1.73572e+03  1.00114e+00  9.97609e-01
 1.73574e+03  1.00490e+00  9.97613e-01
 1.73576e+03  1.00701e+00  9.97617e-01
 1.73578e+03  1.00316e+00  9.97621e-01
 1.73581e+03  1.00513e+00  9.97624e-01
 1.73583e+03  1.00726e+00  9.97629e-01
 1.73585e+03  1.00425e+00  9.97633e-01
 1.73587e+03  1.00743e+00  9.97637e-01
 1.73589e+03  1.00429e+00  9.97641e-01
 1.73591e+03  1.00608e+00  9.97646e-01
 1.73593e+03  1.00893e+00  9.97650e-01
 1.73595e+03  1.00619e+00  9.97655e-01
 1.73597e+03  1.00733e+00  9.97660e-01
 1.73599e+03  1.00604e+00  9.97665e-01
 1.73601e+03  1.00467e+00  9.97670e-01
 1.73603e+03  1.00525e+00  9.97675e-01
 1.73606e+03  1.00796e+00  9.97680e-01
 1.73608e+03  1.00606e+00  9.97685e-01
 1.73610e+03  1.00327e+00  9.97690e-01
 1.73612e+03  1.00561e+00  9.97695e-01
 1.73614e+03  1.00635e+00  9.97700e-01
 1.73616e+03  1.00720e+00  9.97705e-01
 1.73618e+03  1.00313e+00  9.97711e-01
 1.73620e+03  9.99893e-01  9.97716e-01
 1.73622e+03  1.00093e+00  9.97722e-01
 1.73624e+03  1.00145e+00  9.97727e-01
 1.73626e+03  1.00094e+00  9.97733e-01
 1.73628e+03  1.00091e+00  9.97738e-01
 1.73631e+03  9.96179e-01  9.97744e-01
 1.73633e+03  9.95471e-01  9.97749e-01
 1.73635e+03  9.97220e-01  9.97755e-01
 1.73637e+03  9.95501e-01  9.97761e-01
 1.73641e+03  9.96978e-01  9.97772e-01
 1.73643e+03  9.98878e-01  9.97778e-01
 1.73645e+03  1.00416e+00  9.97783e-01
 1.73647e+03  1.00020e+00  9.97789e-01
 1.73649e+03  9.98050e-01  9.97795e-01
 1.73651e+03  9.97054e-01  9.97801e-01
 1.73653e+03  1.00002e+00  9.97807e-01
 1.73656e+03  9.99210e-01  9.97812e-01
 1.73658e+03  9.97461e-01  9.97818e-01
 1.73660e+03  9.98658e-01  9.97824e-01
 1.73662e+03  1.00069e+00  9.97830e-01
 1.73664e+03  9.99885e-01  9.97836e-01
 1.73666e+03  9.98288e-01  9.97842e-01
 1.73668e+03  9.99034e-01  9.97848e-01
 1.73670e+03  9.99345e-01  9.97854e-01
 1.73672e+03  1.00138e+00  9.97860e-01
 1.73674e+03  1.00642e+00  9.97866e-01
 1.73676e+03  1.00355e+00  9.97872e-01
 1.73678e+03  9.99644e-01  9.97878e-01
 1.73681e+03  1.00511e+00  9.97884e-01
 1.73683e+03  1.00596e+00  9.97890e-01
 1.73685e+03  1.00585e+00  9.97896e-01
 1.73687e+03  1.00520e+00  9.97902e-01
 1.73689e+03  1.07935e+00  9.97908e-01
 1.73691e+03  1.00745e+00  9.97914e-01
 1.73693e+03  1.00288e+00  9.97920e-01
 1.73695e+03  9.98865e-01  9.97926e-01
 1.73697e+03  1.00231e+00  9.97932e-01
 1.73699e+03  1.00189e+00  9.97938e-01
 1.73701e+03  9.98024e-01  9.97944e-01
 1.73703e+03  1.00016e+00  9.97950e-01
 1.73706e+03  9.99113e-01  9.97956e-01
 1.73708e+03  9.97562e-01  9.97963e-01
 1.73710e+03  9.97029e-01  9.97969e-01
 1.73712e+03  9.93047e-01  9.97975e-01
 1.73714e+03  9.98754e-01  9.97981e-01
 1.73716e+03  9.97160e-01  9.97987e-01
 1.73718e+03  9.93353e-01  9.97993e-01
 1.73720e+03  9.91896e-01  9.98000e-01
 1.73722e+03  9.91334e-01  9.98006e-01
 1.73724e+03  9.93222e-01  9.98012e-01
 1.73726e+03  9.95247e-01  9.98018e-01
 1.73728e+03  9.96077e-01  9.98024e-01
 1.73731e+03  9.94409e-01  9.98031e-01
 1.73733e+03  9.93635e-01  9.98037e-01
 1.73735e+03  9.99167e-01  9.98043e-01
 1.73737e+03  9.92680e-01  9.98050e-01
 1.73739e+03  9.92930e-01  9.98056e-01
