1133
 1.62499e+03  9.95341e-01  9.98674e-01
 1.62502e+03  9.82895e-01  9.98674e-01
 1.62504e+03  9.76307e-01  9.98674e-01
 1.62506e+03  9.75633e-01  9.98674e-01
 1.62508e+03  9.77620e-01  9.98675e-01
 1.62510e+03  9.82364e-01  9.98675e-01
 1.62512e+03  9.83754e-01  9.98675e-01
 1.62514e+03  9.86850e-01  9.98675e-01
 1.62516e+03  9.84828e-01  9.98675e-01
 1.62520e+03  9.87075e-01  9.98675e-01
 1.62529e+03  9.85195e-01  9.98676e-01
 1.62535e+03  9.87665e-01  9.98677e-01
 1.62537e+03  9.89521e-01  9.98677e-01
 1.62539e+03  9.88406e-01  9.98677e-01
 1.62541e+03  9.90431e-01  9.98677e-01
 1.62543e+03  9.91919e-01  9.98677e-01
 1.62545e+03  9.92074e-01  9.98677e-01
 1.62549e+03  9.91905e-01  9.98678e-01
 1.62552e+03  9.91568e-01  9.98678e-01
 1.62554e+03  9.92228e-01  9.98678e-01
 1.62556e+03  9.91380e-01  9.98678e-01
 1.62558e+03  9.93065e-01  9.98678e-01
 1.62560e+03  9.92146e-01  9.98679e-01
 1.62562e+03  9.94132e-01  9.98679e-01
 1.62564e+03  9.91746e-01  9.98679e-01
 1.62566e+03  9.94615e-01  9.98679e-01
 1.62568e+03  9.97868e-01  9.98679e-01
 1.62570e+03  9.96951e-01  9.98679e-01
 1.62572e+03  9.98135e-01  9.98680e-01
 1.62574e+03  9.95815e-01  9.98680e-01
 1.62577e+03  9.97650e-01  9.98680e-01
 1.62579e+03  9.97683e-01  9.98680e-01
 1.62581e+03  9.97857e-01  9.98680e-01
 1.62583e+03  9.98841e-01  9.98680e-01
 1.62585e+03  9.98887e-01  9.98681e-01
 1.62587e+03  9.97703e-01  9.98681e-01
 1.62589e+03  9.97386e-01  9.98681e-01
 1.62591e+03  9.99568e-01  9.98681e-01
 1.62593e+03  9.98326e-01  9.98681e-01
 1.62595e+03  1.00044e+00  9.98681e-01
 1.62597e+03  9.99593e-01  9.98682e-01
 1.62599e+03  9.98811e-01  9.98682e-01
 1.62602e+03  1.00138e+00  9.98682e-01
 1.62604e+03  9.97189e-01  9.98682e-01
 1.62606e+03  1.00164e+00  9.98682e-01
 1.62608e+03  1.00014e+00  9.98682e-01
 1.62610e+03  9.99091e-01  9.98683e-01
 1.62612e+03  1.00092e+00  9.98683e-01
 1.62614e+03  9.98405e-01  9.98683e-01
 1.62616e+03  1.00019e+00  9.98683e-01
 1.62618e+03  1.00070e+00  9.98683e-01
 1.62620e+03  1.00033e+00  9.98684e-01
 1.62622e+03  9.99853e-01  9.98684e-01
 1.62624e+03  1.00089e+00  9.98684e-01
 1.62627e+03  1.00077e+00  9.98684e-01
 1.62629e+03  1.00199e+00  9.98684e-01
 1.62631e+03  1.00073e+00  9.98684e-01
 1.62633e+03  1.00191e+00  9.98685e-01
 1.62635e+03  1.00148e+00  9.98685e-01
 1.62637e+03  1.00152e+00  9.98685e-01
 1.62641e+03  1.00156e+00  9.98685e-01
 1.62643e+03  1.00170e+00  9.98685e-01
 1.62645e+03  1.00120e+00  9.98686e-01
 1.62647e+03  1.00063e+00  9.98686e-01
 1.62649e+03  1.00193e+00  9.98686e-01
 1.62652e+03  1.00173e+00  9.98686e-01
 1.62654e+03  1.00139e+00  9.98686e-01
 1.62656e+03  1.00092e+00  9.98687e-01
 1.62658e+03  1.00001e+00  9.98687e-01
 1.62660e+03  1.00093e+00  9.98687e-01
 1.62662e+03  1.00144e+00  9.98687e-01
 1.62664e+03  1.00194e+00  9.98687e-01
 1.62666e+03  1.00112e+00  9.98687e-01
 1.62668e+03  1.00143e+00  9.98688e-01
 1.62670e+03  1.00009e+00  9.98688e-01
 1.62672e+03  1.00164e+00  9.98688e-01
 1.62674e+03  1.00168e+00  9.98688e-01
 1.62677e+03  1.00245e+00  9.98688e-01
 1.62679e+03  1.00060e+00  9.98688e-01
 1.62681e+03  1.00159e+00  9.98689e-01
 1.62683e+03  1.00190e+00  9.98689e-01
 1.62685e+03  1.00133e+00  9.98689e-01
 1.62687e+03  1.00214e+00  9.98689e-01
 1.62689e+03  9.99832e-01  9.98689e-01
 1.62691e+03  1.00127e+00  9.98690e-01
 1.62693e+03  1.00240e+00  9.98690e-01
 1.62695e+03  1.00151e+00  9.98690e-01
 1.62697e+03  1.00228e+00  9.98690e-01
 1.62699e+03  1.00165e+00  9.98690e-01
 1.62702e+03  1.00236e+00  9.98691e-01
 1.62704e+03  1.00150e+00  9.98691e-01
 1.62706e+03  1.00025e+00  9.98691e-01
 1.62708e+03  1.00162e+00  9.98691e-01
 1.62710e+03  1.00069e+00  9.98691e-01
 1.62712e+03  1.00237e+00  9.98691e-01
 1.62714e+03  1.00246e+00  9.98692e-01
 1.62716e+03  9.99427e-01  9.98692e-01
 1.62718e+03  1.00238e+00  9.98692e-01
 1.62722e+03  1.00011e+00  9.98692e-01
 1.62724e+03  1.00152e+00  9.98693e-01
 1.62727e+03  1.00199e+00  9.98693e-01
 1.62729e+03  1.00199e+00  9.98693e-01
 1.62731e+03  9.99697e-01  9.98693e-01
 1.62733e+03  1.00072e+00  9.98693e-01
 1.62735e+03  9.99223e-01  9.98694e-01
 1.62737e+03  1.00169e+00  9.98694e-01
 1.62739e+03  1.00066e+00  9.98694e-01
 1.62741e+03  1.00152e+00  9.98694e-01
 1.62743e+03  1.00169e+00  9.98694e-01
 1.62745e+03  1.00156e+00  9.98694e-01
 1.62747e+03  9.98794e-01  9.98695e-01
 1.62749e+03  1.00162e+00  9.98695e-01
 1.62752e+03  9.96737e-01  9.98695e-01
 1.62754e+03  1.00193e+00  9.98695e-01
 1.62756e+03  1.00210e+00  9.98695e-01
 1.62758e+03  1.00085e+00  9.98696e-01
 1.62760e+03  1.00148e+00  9.98696e-01
 1.62762e+03  1.00026e+00  9.98696e-01
 1.62764e+03  9.99377e-01  9.98696e-01
 1.62766e+03  1.00076e+00  9.98696e-01
 1.62768e+03  1.00166e+00  9.98697e-01
 1.62770e+03  1.00136e+00  9.98697e-01
 1.62772e+03  9.99996e-01  9.98697e-01
 1.62774e+03  9.97996e-01  9.98697e-01
 1.62777e+03  9.98976e-01  9.98697e-01
 1.62779e+03  9.98721e-01  9.98698e-01
 1.62781e+03  9.99909e-01  9.98698e-01
 1.62783e+03  9.98034e-01  9.98698e-01
 1.62785e+03  9.99997e-01  9.98698e-01
 1.62787e+03  9.99738e-01  9.98698e-01
 1.62789e+03  1.00000e+00  9.98699e-01
 1.62791e+03  1.00002e+00  9.98699e-01
 1.62793e+03  9.98055e-01  9.98699e-01
 1.62795e+03  9.98378e-01  9.98699e-01
 1.62797e+03  9.99090e-01  9.98699e-01
 1.62799e+03  9.98911e-01  9.98700e-01
 1.62802e+03  9.99630e-01  9.98700e-01
 1.62804e+03  9.98141e-01  9.98700e-01
 1.62806e+03  9.98053e-01  9.98700e-01
 1.62808e+03  9.99380e-01  9.98700e-01
 1.62810e+03  9.97682e-01  9.98701e-01
 1.62824e+03  9.97605e-01  9.98702e-01
 1.62827e+03  9.98456e-01  9.98702e-01
 1.62843e+03  9.97687e-01  9.98704e-01
 1.62858e+03  9.96925e-01  9.98705e-01
 1.62864e+03  9.94009e-01  9.98706e-01
 1.62866e+03  9.96108e-01  9.98706e-01
 1.62868e+03  9.96430e-01  9.98706e-01
 1.62870e+03  9.93876e-01  9.98707e-01
 1.62874e+03  9.94092e-01  9.98707e-01
 1.62877e+03  9.92002e-01  9.98707e-01
 1.62885e+03  9.96593e-01  9.98708e-01
 1.62887e+03  9.92961e-01  9.98708e-01
 1.62895e+03  9.95097e-01  9.98709e-01
 1.62902e+03  9.95375e-01  9.98710e-01
 1.62904e+03  9.96607e-01  9.98710e-01
 1.62906e+03  9.95407e-01  9.98710e-01
 1.62908e+03  9.97413e-01  9.98710e-01
 1.62910e+03  9.96012e-01  9.98711e-01
 1.62912e+03  9.95424e-01  9.98711e-01
 1.62914e+03  9.96282e-01  9.98711e-01
 1.62916e+03  9.96307e-01  9.98711e-01
 1.62918e+03  9.97203e-01  9.98712e-01
 1.62922e+03  9.95404e-01  9.98712e-01
 1.62924e+03  9.96880e-01  9.98712e-01
 1.62927e+03  9.97037e-01  9.98712e-01
 1.62929e+03  9.96617e-01  9.98713e-01
 1.62931e+03  9.95639e-01  9.98713e-01
 1.62933e+03  9.97472e-01  9.98713e-01
 1.62935e+03  9.97380e-01  9.98713e-01
 1.62937e+03  9.97710e-01  9.98714e-01
 1.62939e+03  9.97735e-01  9.98714e-01
 1.62941e+03  9.98204e-01  9.98714e-01
 1.62943e+03  9.97110e-01  9.98714e-01
 1.62945e+03  9.99270e-01  9.98714e-01
 1.62947e+03  9.97653e-01  9.98715e-01
 1.62949e+03  9.97446e-01  9.98715e-01
 1.62952e+03  9.99218e-01  9.98715e-01
 1.62960e+03  1.00008e+00  9.98716e-01
 1.62966e+03  1.00194e+00  9.98717e-01
 1.62968e+03  1.00245e+00  9.98717e-01
 1.62970e+03  1.00251e+00  9.98717e-01
 1.62972e+03  1.00110e+00  9.98717e-01
 1.62974e+03  1.00770e+00  9.98718e-01
 1.62977e+03  1.00429e+00  9.98718e-01
 1.62979e+03  1.00211e+00  9.98718e-01
 1.62981e+03  1.00481e+00  9.98718e-01
 1.62983e+03  1.00437e+00  9.98719e-01
 1.62985e+03  1.00490e+00  9.98719e-01
 1.62987e+03  1.00468e+00  9.98719e-01
 1.62989e+03  1.00603e+00  9.98719e-01
 1.62991e+03  1.00446e+00  9.98720e-01
 1.62993e+03  1.00740e+00  9.98720e-01
 1.62995e+03  1.00789e+00  9.98720e-01
 1.62997e+03  1.00803e+00  9.98720e-01
 1.62999e+03  1.00781e+00  9.98720e-01
 1.63002e+03  1.00850e+00  9.98721e-01
 1.63004e+03  1.00842e+00  9.98721e-01
 1.63006e+03  1.00836e+00  9.98721e-01
 1.63008e+03  1.00985e+00  9.98721e-01
 1.63010e+03  1.00897e+00  9.98722e-01
 1.63012e+03  1.00790e+00  9.98722e-01
 1.63014e+03  1.00872e+00  9.98722e-01
 1.63016e+03  1.00868e+00  9.98722e-01
 1.63018e+03  1.00951e+00  9.98723e-01
 1.63020e+03  1.00808e+00  9.98723e-01
 1.63022e+03  1.00783e+00  9.98723e-01
 1.63024e+03  1.00807e+00  9.98723e-01
 1.63027e+03  1.00895e+00  9.98724e-01
 1.63029e+03  1.00728e+00  9.98724e-01
 1.63031e+03  1.00586e+00  9.98724e-01
 1.63033e+03  1.00794e+00  9.98724e-01
 1.63035e+03  1.00666e+00  9.98725e-01
 1.63037e+03  1.00698e+00  9.98725e-01
 1.63039e+03  1.00445e+00  9.98725e-01
 1.63041e+03  1.00510e+00  9.98725e-01
 1.63043e+03  1.00439e+00  9.98726e-01
 1.63045e+03  1.00331e+00  9.98726e-01
 1.63047e+03  1.00321e+00  9.98726e-01
 1.63049e+03  1.00358e+00  9.98726e-01
 1.63052e+03  1.00248e+00  9.98727e-01
 1.63054e+03  1.00187e+00  9.98727e-01
 1.63056e+03  1.00191e+00  9.98727e-01
 1.63058e+03  1.00031e+00  9.98727e-01
 1.63060e+03  1.00187e+00  9.98728e-01
 1.63062e+03  1.00147e+00  9.98728e-01
 1.63064e+03  9.99631e-01  9.98728e-01
 1.63066e+03  1.00022e+00  9.98728e-01
 1.63068e+03  1.00025e+00  9.98729e-01
 1.63070e+03  9.99349e-01  9.98729e-01
 1.63072e+03  9.99021e-01  9.98729e-01
 1.63075e+03  9.98603e-01  9.98729e-01
 1.63077e+03  9.98566e-01  9.98730e-01
 1.63079e+03  9.98233e-01  9.98730e-01
 1.63081e+03  9.97604e-01  9.98730e-01
 1.63083e+03  9.96548e-01  9.98730e-01
 1.63085e+03  9.97112e-01  9.98731e-01
 1.63087e+03  9.96202e-01  9.98731e-01
 1.63089e+03  9.96862e-01  9.98731e-01
 1.63091e+03  9.96579e-01  9.98731e-01
 1.63093e+03  9.96504e-01  9.98732e-01
 1.63095e+03  9.95976e-01  9.98732e-01
 1.63097e+03  9.94747e-01  9.98732e-01
 1.63100e+03  9.93387e-01  9.98732e-01
 1.63102e+03  9.96383e-01  9.98733e-01
 1.63104e+03  9.95836e-01  9.98733e-01
 1.63106e+03  9.93712e-01  9.98733e-01
 1.63108e+03  9.96991e-01  9.98733e-01
 1.63112e+03  9.92240e-01  9.98734e-01
 1.63114e+03  9.89881e-01  9.98734e-01
 1.63116e+03  9.84937e-01  9.98734e-01
 1.63118e+03  9.80503e-01  9.98735e-01
 1.63120e+03  9.78102e-01  9.98735e-01
 1.63122e+03  9.76122e-01  9.98735e-01
 1.63129e+03  9.78599e-01  9.98736e-01
 1.63131e+03  9.80952e-01  9.98736e-01
 1.63135e+03  9.86483e-01  9.98737e-01
 1.63137e+03  9.92403e-01  9.98737e-01
 1.63139e+03  9.95148e-01  9.98737e-01
 1.63145e+03  9.96290e-01  9.98738e-01
 1.63147e+03  9.97524e-01  9.98738e-01
 1.63150e+03  9.97772e-01  9.98739e-01
 1.63154e+03  9.99573e-01  9.98739e-01
 1.63156e+03  9.97671e-01  9.98740e-01
 1.63160e+03  9.98808e-01  9.98740e-01
 1.63162e+03  9.99098e-01  9.98740e-01
 1.63164e+03  9.99596e-01  9.98741e-01
 1.63166e+03  9.99621e-01  9.98741e-01
 1.63170e+03  9.98775e-01  9.98741e-01
 1.63172e+03  9.98820e-01  9.98742e-01
 1.63179e+03  1.00071e+00  9.98743e-01
 1.63185e+03  9.98788e-01  9.98743e-01
 1.63187e+03  1.00073e+00  9.98744e-01
 1.63191e+03  9.99168e-01  9.98744e-01
 1.63195e+03  9.99204e-01  9.98745e-01
 1.63197e+03  1.00034e+00  9.98745e-01
 1.63200e+03  9.99219e-01  9.98745e-01
 1.63204e+03  9.99302e-01  9.98746e-01
 1.63212e+03  1.00196e+00  9.98747e-01
 1.63214e+03  9.99273e-01  9.98747e-01
 1.63218e+03  1.00253e+00  9.98748e-01
 1.63222e+03  9.98794e-01  9.98749e-01
 1.63229e+03  9.98585e-01  9.98749e-01
 1.63231e+03  1.00047e+00  9.98750e-01
 1.63233e+03  1.00115e+00  9.98750e-01
 1.63235e+03  9.99388e-01  9.98750e-01
 1.63237e+03  1.00229e+00  9.98751e-01
 1.63239e+03  1.00106e+00  9.98751e-01
 1.63241e+03  9.99262e-01  9.98751e-01
 1.63243e+03  1.00128e+00  9.98751e-01
 1.63245e+03  9.99959e-01  9.98752e-01
 1.63247e+03  9.99962e-01  9.98752e-01
 1.63249e+03  1.00101e+00  9.98752e-01
 1.63252e+03  1.00159e+00  9.98753e-01
 1.63254e+03  1.00171e+00  9.98753e-01
 1.63256e+03  9.99920e-01  9.98753e-01
 1.63260e+03  9.99240e-01  9.98754e-01
 1.63262e+03  9.99298e-01  9.98754e-01
 1.63264e+03  1.00263e+00  9.98754e-01
 1.63266e+03  9.99792e-01  9.98755e-01
 1.63268e+03  1.00240e+00  9.98755e-01
 1.63270e+03  9.98723e-01  9.98755e-01
 1.63272e+03  9.99341e-01  9.98756e-01
 1.63274e+03  1.00078e+00  9.98756e-01
 1.63277e+03  9.98530e-01  9.98756e-01
 1.63279e+03  1.00147e+00  9.98757e-01
 1.63283e+03  1.00086e+00  9.98757e-01
 1.63285e+03  9.98405e-01  9.98757e-01
 1.63287e+03  9.99841e-01  9.98758e-01
 1.63289e+03  1.00049e+00  9.98758e-01
 1.63291e+03  1.00130e+00  9.98758e-01
 1.63293e+03  1.00112e+00  9.98759e-01
 1.63295e+03  1.00062e+00  9.98759e-01
 1.63297e+03  9.99631e-01  9.98759e-01
 1.63299e+03  9.98605e-01  9.98760e-01
 1.63302e+03  1.00093e+00  9.98760e-01
 1.63308e+03  1.00097e+00  9.98761e-01
 1.63310e+03  1.00001e+00  9.98761e-01
 1.63312e+03  9.99766e-01  9.98761e-01
 1.63314e+03  9.98616e-01  9.98762e-01
 1.63316e+03  1.00057e+00  9.98762e-01
 1.63318e+03  1.00004e+00  9.98762e-01
 1.63320e+03  1.00137e+00  9.98763e-01
 1.63322e+03  1.00059e+00  9.98763e-01
 1.63324e+03  1.00129e+00  9.98763e-01
 1.63327e+03  1.00082e+00  9.98764e-01
 1.63329e+03  1.00019e+00  9.98764e-01
 1.63331e+03  1.00128e+00  9.98764e-01
 1.63333e+03  1.00075e+00  9.98765e-01
 1.63335e+03  1.00068e+00  9.98765e-01
 1.63337e+03  1.00189e+00  9.98765e-01
 1.63339e+03  1.00123e+00  9.98766e-01
 1.63341e+03  1.00054e+00  9.98766e-01
 1.63343e+03  1.00059e+00  9.98766e-01
 1.63345e+03  1.00126e+00  9.98767e-01
 1.63347e+03  1.00051e+00  9.98767e-01
 1.63349e+03  1.00126e+00  9.98767e-01
 1.63352e+03  1.00103e+00  9.98768e-01
 1.63354e+03  1.00253e+00  9.98768e-01
 1.63356e+03  1.00094e+00  9.98768e-01
 1.63358e+03  1.00237e+00  9.98769e-01
 1.63360e+03  9.99733e-01  9.98769e-01
 1.63362e+03  1.00167e+00  9.98769e-01
 1.63364e+03  1.00043e+00  9.98770e-01
 1.63366e+03  1.00096e+00  9.98770e-01
 1.63368e+03  1.00032e+00  9.98770e-01
 1.63370e+03  1.00076e+00  9.98771e-01
 1.63372e+03  9.99916e-01  9.98771e-01
 1.63374e+03  1.00111e+00  9.98771e-01
 1.63377e+03  1.00038e+00  9.98772e-01
 1.63379e+03  1.00133e+00  9.98772e-01
 1.63381e+03  1.00152e+00  9.98772e-01
 1.63383e+03  1.00076e+00  9.98773e-01
 1.63385e+03  1.00012e+00  9.98773e-01
 1.63387e+03  1.00057e+00  9.98773e-01
 1.63389e+03  1.00177e+00  9.98774e-01
 1.63391e+03  1.00090e+00  9.98774e-01
 1.63393e+03  1.00083e+00  9.98774e-01
 1.63395e+03  1.00049e+00  9.98775e-01
 1.63397e+03  1.00153e+00  9.98775e-01
 1.63399e+03  1.00132e+00  9.98775e-01
 1.63402e+03  1.00150e+00  9.98776e-01
 1.63404e+03  1.00105e+00  9.98776e-01
 1.63406e+03  9.99463e-01  9.98776e-01
 1.63408e+03  1.00078e+00  9.98777e-01
 1.63410e+03  1.00063e+00  9.98777e-01
 1.63412e+03  1.00164e+00  9.98777e-01
 1.63414e+03  1.00076e+00  9.98778e-01
 1.63416e+03  1.00062e+00  9.98778e-01
 1.63418e+03  1.00100e+00  9.98778e-01
 1.63420e+03  1.00069e+00  9.98779e-01
 1.63422e+03  1.00132e+00  9.98779e-01
 1.63424e+03  9.99927e-01  9.98779e-01
 1.63427e+03  1.00105e+00  9.98780e-01
 1.63429e+03  1.00172e+00  9.98780e-01
 1.63431e+03  9.99852e-01  9.98780e-01
 1.63433e+03  1.00082e+00  9.98781e-01
 1.63435e+03  1.00088e+00  9.98781e-01
 1.63441e+03  1.00176e+00  9.98782e-01
 1.63443e+03  1.00087e+00  9.98783e-01
 1.63445e+03  1.00233e+00  9.98783e-01
 1.63447e+03  1.00114e+00  9.98783e-01
 1.63449e+03  1.00119e+00  9.98784e-01
 1.63452e+03  1.00023e+00  9.98784e-01
 1.63454e+03  1.00200e+00  9.98784e-01
 1.63456e+03  1.00150e+00  9.98785e-01
 1.63458e+03  1.00108e+00  9.98785e-01
 1.63460e+03  1.00202e+00  9.98785e-01
 1.63462e+03  1.00141e+00  9.98786e-01
 1.63464e+03  1.00157e+00  9.98786e-01
 1.63466e+03  1.00272e+00  9.98787e-01
 1.63468e+03  1.00102e+00  9.98787e-01
 1.63470e+03  1.00143e+00  9.98787e-01
 1.63472e+03  1.00197e+00  9.98788e-01
 1.63474e+03  1.00525e+00  9.98788e-01
 1.63477e+03  1.00153e+00  9.98788e-01
 1.63479e+03  1.00172e+00  9.98789e-01
 1.63481e+03  1.00123e+00  9.98789e-01
 1.63483e+03  1.00043e+00  9.98789e-01
 1.63485e+03  1.00226e+00  9.98790e-01
 1.63487e+03  9.98703e-01  9.98790e-01
 1.63489e+03  9.99942e-01  9.98791e-01
 1.63491e+03  1.00072e+00  9.98791e-01
 1.63493e+03  1.00052e+00  9.98791e-01
 1.63495e+03  9.97607e-01  9.98792e-01
 1.63497e+03  1.00028e+00  9.98792e-01
 1.63499e+03  9.99846e-01  9.98792e-01
 1.63504e+03  1.00057e+00  9.98793e-01
 1.63506e+03  1.00073e+00  9.98794e-01
 1.63508e+03  9.99692e-01  9.98794e-01
 1.63512e+03  9.99002e-01  9.98795e-01
 1.63516e+03  9.99668e-01  9.98796e-01
 1.63518e+03  1.00008e+00  9.98796e-01
 1.63520e+03  9.99949e-01  9.98796e-01
 1.63524e+03  9.98665e-01  9.98797e-01
 1.63527e+03  1.00078e+00  9.98797e-01
 1.63529e+03  9.99659e-01  9.98798e-01
 1.63535e+03  9.98889e-01  9.98799e-01
 1.63539e+03  1.00026e+00  9.98800e-01
 1.63541e+03  1.00042e+00  9.98800e-01
 1.63543e+03  1.00004e+00  9.98801e-01
 1.63545e+03  9.98653e-01  9.98801e-01
 1.63547e+03  1.00077e+00  9.98801e-01
 1.63549e+03  1.00014e+00  9.98802e-01
 1.63552e+03  9.98647e-01  9.98802e-01
 1.63554e+03  9.99548e-01  9.98803e-01
 1.63556e+03  1.00085e+00  9.98803e-01
 1.63558e+03  9.99286e-01  9.98803e-01
 1.63562e+03  1.00017e+00  9.98804e-01
 1.63564e+03  9.99692e-01  9.98805e-01
 1.63566e+03  1.00002e+00  9.98805e-01
 1.63568e+03  9.97892e-01  9.98805e-01
 1.63570e+03  9.98621e-01  9.98806e-01
 1.63574e+03  1.00070e+00  9.98807e-01
 1.63577e+03  1.00163e+00  9.98807e-01
 1.63579e+03  9.97361e-01  9.98807e-01
 1.63581e+03  9.99307e-01  9.98808e-01
 1.63583e+03  9.97771e-01  9.98808e-01
 1.63587e+03  1.00005e+00  9.98809e-01
 1.63589e+03  9.98322e-01  9.98809e-01
 1.63591e+03  9.98714e-01  9.98810e-01
 1.63593e+03  9.98087e-01  9.98810e-01
 1.63595e+03  9.98011e-01  9.98811e-01
 1.63597e+03  9.98542e-01  9.98811e-01
 1.63599e+03  9.98084e-01  9.98812e-01
 1.63602e+03  9.99147e-01  9.98812e-01
 1.63604e+03  9.97846e-01  9.98812e-01
 1.63606e+03  9.97192e-01  9.98813e-01
 1.63608e+03  9.98656e-01  9.98813e-01
 1.63610e+03  9.98177e-01  9.98814e-01
 1.63612e+03  9.99288e-01  9.98814e-01
 1.63614e+03  9.98064e-01  9.98814e-01
 1.63616e+03  9.96499e-01  9.98815e-01
 1.63618e+03  9.97083e-01  9.98815e-01
 1.63620e+03  9.96517e-01  9.98816e-01
 1.63622e+03  9.93577e-01  9.98816e-01
 1.63624e+03  9.93746e-01  9.98817e-01
 1.63627e+03  9.93122e-01  9.98817e-01
 1.63629e+03  9.93509e-01  9.98817e-01
 1.63631e+03  9.93711e-01  9.98818e-01
 1.63633e+03  9.95294e-01  9.98818e-01
 1.63635e+03  9.96765e-01  9.98819e-01
 1.63637e+03  9.96658e-01  9.98819e-01
 1.63639e+03  9.97085e-01  9.98820e-01
 1.63641e+03  9.97006e-01  9.98820e-01
 1.63643e+03  9.97332e-01  9.98821e-01
 1.63645e+03  9.96283e-01  9.98821e-01
 1.63647e+03  9.96572e-01  9.98821e-01
 1.63649e+03  9.96979e-01  9.98822e-01
 1.63652e+03  9.97787e-01  9.98822e-01
 1.63654e+03  9.95848e-01  9.98823e-01
 1.63656e+03  9.96380e-01  9.98823e-01
 1.63658e+03  9.96798e-01  9.98824e-01
 1.63660e+03  9.97345e-01  9.98824e-01
 1.63662e+03  9.97172e-01  9.98824e-01
 1.63664e+03  9.96563e-01  9.98825e-01
 1.63666e+03  9.96670e-01  9.98825e-01
 1.63668e+03  9.96250e-01  9.98826e-01
 1.63670e+03  9.97256e-01  9.98826e-01
 1.63672e+03  9.97164e-01  9.98827e-01
 1.63674e+03  9.97384e-01  9.98827e-01
 1.63677e+03  9.97544e-01  9.98828e-01
 1.63679e+03  9.96705e-01  9.98828e-01
 1.63681e+03  9.97525e-01  9.98829e-01
 1.63683e+03  9.98229e-01  9.98829e-01
 1.63685e+03  9.98091e-01  9.98829e-01
 1.63687e+03  9.97956e-01  9.98830e-01
 1.63689e+03  9.98519e-01  9.98830e-01
 1.63691e+03  9.97330e-01  9.98831e-01
 1.63693e+03  9.98503e-01  9.98831e-01
 1.63695e+03  9.99300e-01  9.98832e-01
 1.63697e+03  9.98948e-01  9.98832e-01
 1.63699e+03  1.00106e+00  9.98833e-01
 1.63702e+03  1.00066e+00  9.98833e-01
 1.63706e+03  1.00071e+00  9.98834e-01
 1.63708e+03  1.00207e+00  9.98835e-01
 1.63710e+03  1.00424e+00  9.98835e-01
 1.63712e+03  1.00179e+00  9.98836e-01
 1.63714e+03  1.00222e+00  9.98836e-01
 1.63716e+03  1.00217e+00  9.98836e-01
 1.63718e+03  1.00266e+00  9.98837e-01
 1.63720e+03  1.00286e+00  9.98837e-01
 1.63722e+03  1.00456e+00  9.98838e-01
 1.63724e+03  1.00408e+00  9.98838e-01
 1.63727e+03  1.00411e+00  9.98839e-01
 1.63729e+03  1.00531e+00  9.98839e-01
 1.63731e+03  1.00475e+00  9.98840e-01
 1.63733e+03  1.00623e+00  9.98840e-01
 1.63735e+03  1.00610e+00  9.98841e-01
 1.63737e+03  1.00709e+00  9.98841e-01
 1.63739e+03  1.00688e+00  9.98842e-01
 1.63743e+03  1.00797e+00  9.98843e-01
 1.63745e+03  1.00822e+00  9.98843e-01
 1.63747e+03  1.00859e+00  9.98844e-01
 1.63760e+03  1.00775e+00  9.98847e-01
 1.63764e+03  1.00781e+00  9.98848e-01
 1.63768e+03  1.00924e+00  9.98849e-01
 1.63779e+03  1.00925e+00  9.98851e-01
 1.63783e+03  1.00742e+00  9.98852e-01
 1.63789e+03  1.00760e+00  9.98854e-01
 1.63791e+03  1.00768e+00  9.98854e-01
 1.63793e+03  1.00645e+00  9.98855e-01
 1.63797e+03  1.00508e+00  9.98856e-01
 1.63799e+03  1.00572e+00  9.98856e-01
 1.63810e+03  1.00364e+00  9.98859e-01
 1.63814e+03  1.00234e+00  9.98860e-01
 1.63816e+03  1.00133e+00  9.98860e-01
 1.63818e+03  1.00162e+00  9.98861e-01
 1.63820e+03  1.00148e+00  9.98862e-01
 1.63829e+03  9.99697e-01  9.98864e-01
 1.63831e+03  1.00028e+00  9.98864e-01
 1.63835e+03  1.00052e+00  9.98865e-01
 1.63841e+03  1.00242e+00  9.98867e-01
 1.63843e+03  1.00022e+00  9.98867e-01
 1.63845e+03  9.99904e-01  9.98868e-01
 1.63854e+03  1.00036e+00  9.98870e-01
 1.63856e+03  1.00034e+00  9.98871e-01
 1.63860e+03  9.99043e-01  9.98872e-01
 1.63862e+03  9.97947e-01  9.98872e-01
 1.63864e+03  9.99973e-01  9.98873e-01
 1.63866e+03  9.96056e-01  9.98874e-01
 1.63868e+03  9.92380e-01  9.98874e-01
 1.63870e+03  9.87510e-01  9.98875e-01
 1.63872e+03  9.85061e-01  9.98875e-01
 1.63874e+03  9.81982e-01  9.98876e-01
 1.63877e+03  9.81125e-01  9.98876e-01
 1.63879e+03  9.80481e-01  9.98877e-01
 1.63881e+03  9.82055e-01  9.98878e-01
 1.63883e+03  9.82485e-01  9.98878e-01
 1.63885e+03  9.88234e-01  9.98879e-01
 1.63887e+03  9.93612e-01  9.98879e-01
 1.63889e+03  9.96895e-01  9.98880e-01
 1.63891e+03  1.00100e+00  9.98880e-01
 1.63893e+03  1.00434e+00  9.98881e-01
 1.63897e+03  1.00521e+00  9.98882e-01
 1.64006e+03  9.83115e-01  9.98914e-01
 1.64008e+03  9.81217e-01  9.98915e-01
 1.64010e+03  9.81559e-01  9.98916e-01
 1.64016e+03  9.79306e-01  9.98918e-01
 1.64018e+03  9.79911e-01  9.98918e-01
 1.64020e+03  9.79145e-01  9.98919e-01
 1.64022e+03  9.79138e-01  9.98920e-01
 1.64027e+03  9.77957e-01  9.98921e-01
 1.64029e+03  9.81814e-01  9.98922e-01
 1.64031e+03  9.80908e-01  9.98922e-01
 1.64035e+03  9.82860e-01  9.98924e-01
 1.64039e+03  9.85015e-01  9.98925e-01
 1.64041e+03  9.85695e-01  9.98926e-01
 1.64045e+03  9.86374e-01  9.98927e-01
 1.64047e+03  9.87611e-01  9.98928e-01
 1.64052e+03  9.87770e-01  9.98929e-01
 1.64054e+03  9.87670e-01  9.98930e-01
 1.64056e+03  9.90068e-01  9.98931e-01
 1.64058e+03  9.90278e-01  9.98931e-01
 1.64060e+03  9.91567e-01  9.98932e-01
 1.64062e+03  9.92618e-01  9.98933e-01
 1.64064e+03  9.92918e-01  9.98934e-01
 1.64066e+03  9.93555e-01  9.98934e-01
 1.64068e+03  9.96515e-01  9.98935e-01
 1.64070e+03  9.95603e-01  9.98936e-01
 1.64072e+03  9.96190e-01  9.98936e-01
 1.64079e+03  9.96158e-01  9.98939e-01
 1.64081e+03  9.96634e-01  9.98939e-01
 1.64083e+03  9.97331e-01  9.98940e-01
 1.64085e+03  9.97327e-01  9.98941e-01
 1.64087e+03  9.98048e-01  9.98941e-01
 1.64091e+03  9.98813e-01  9.98943e-01
 1.64093e+03  9.97926e-01  9.98944e-01
 1.64095e+03  9.97782e-01  9.98944e-01
 1.64099e+03  1.00054e+00  9.98946e-01
 1.64102e+03  9.99467e-01  9.98947e-01
 1.64104e+03  1.00029e+00  9.98947e-01
 1.64106e+03  9.98032e-01  9.98948e-01
 1.64108e+03  1.00053e+00  9.98949e-01
 1.64110e+03  1.00047e+00  9.98950e-01
 1.64112e+03  9.98960e-01  9.98950e-01
 1.64114e+03  1.00114e+00  9.98951e-01
 1.64116e+03  9.99552e-01  9.98952e-01
 1.64118e+03  1.00065e+00  9.98953e-01
 1.64120e+03  1.00066e+00  9.98953e-01
 1.64122e+03  1.00098e+00  9.98954e-01
 1.64124e+03  1.00120e+00  9.98955e-01
 1.64127e+03  1.00096e+00  9.98956e-01
 1.64129e+03  1.00093e+00  9.98956e-01
 1.64131e+03  9.98839e-01  9.98957e-01
 1.64133e+03  1.00099e+00  9.98958e-01
 1.64135e+03  1.00114e+00  9.98959e-01
 1.64137e+03  1.00103e+00  9.98960e-01
 1.64139e+03  1.00259e+00  9.98960e-01
 1.64141e+03  1.00074e+00  9.98961e-01
 1.64143e+03  1.00093e+00  9.98962e-01
 1.64145e+03  1.00062e+00  9.98963e-01
 1.64147e+03  1.00197e+00  9.98963e-01
 1.64149e+03  1.00035e+00  9.98964e-01
 1.64152e+03  1.00092e+00  9.98965e-01
 1.64154e+03  1.00195e+00  9.98966e-01
 1.64156e+03  1.00238e+00  9.98967e-01
 1.64158e+03  1.00269e+00  9.98967e-01
 1.64160e+03  1.00218e+00  9.98968e-01
 1.64162e+03  1.00125e+00  9.98969e-01
 1.64164e+03  1.00150e+00  9.98970e-01
 1.64166e+03  1.00097e+00  9.98971e-01
 1.64168e+03  1.00112e+00  9.98972e-01
 1.64170e+03  1.00208e+00  9.98972e-01
 1.64172e+03  1.00166e+00  9.98973e-01
 1.64174e+03  1.00200e+00  9.98974e-01
 1.64177e+03  1.00029e+00  9.98975e-01
 1.64179e+03  1.00199e+00  9.98976e-01
 1.64181e+03  1.00070e+00  9.98976e-01
 1.64183e+03  1.00158e+00  9.98977e-01
 1.64185e+03  1.00020e+00  9.98978e-01
 1.64187e+03  1.00115e+00  9.98979e-01
 1.64189e+03  1.00000e+00  9.98980e-01
 1.64191e+03  1.00109e+00  9.98981e-01
 1.64193e+03  1.00153e+00  9.98981e-01
 1.64195e+03  1.00138e+00  9.98982e-01
 1.64197e+03  1.00152e+00  9.98983e-01
 1.64199e+03  1.00123e+00  9.98984e-01
 1.64202e+03  1.00260e+00  9.98985e-01
 1.64204e+03  1.00221e+00  9.98986e-01
 1.64206e+03  1.00169e+00  9.98986e-01
 1.64208e+03  1.00110e+00  9.98987e-01
 1.64210e+03  1.00233e+00  9.98988e-01
 1.64212e+03  1.00031e+00  9.98989e-01
 1.64216e+03  1.00106e+00  9.98991e-01
 1.64218e+03  1.00199e+00  9.98992e-01
 1.64220e+03  1.00293e+00  9.98992e-01
 1.64222e+03  1.00161e+00  9.98993e-01
 1.64224e+03  1.00067e+00  9.98994e-01
 1.64227e+03  1.00109e+00  9.98995e-01
 1.64229e+03  1.00130e+00  9.98996e-01
 1.64231e+03  1.00127e+00  9.98997e-01
 1.64233e+03  1.00064e+00  9.98998e-01
 1.64235e+03  1.00109e+00  9.98999e-01
 1.64237e+03  1.00088e+00  9.99000e-01
 1.64239e+03  1.00011e+00  9.99000e-01
 1.64241e+03  1.00004e+00  9.99001e-01
 1.64243e+03  1.00057e+00  9.99002e-01
 1.64245e+03  1.00041e+00  9.99003e-01
 1.64247e+03  9.99792e-01  9.99004e-01
 1.64249e+03  1.00098e+00  9.99005e-01
 1.64252e+03  1.00024e+00  9.99006e-01
 1.64254e+03  9.99940e-01  9.99007e-01
 1.64256e+03  9.99492e-01  9.99008e-01
 1.64258e+03  9.99233e-01  9.99009e-01
 1.64260e+03  9.99422e-01  9.99009e-01
 1.64262e+03  9.99578e-01  9.99010e-01
 1.64264e+03  9.98535e-01  9.99011e-01
 1.64266e+03  9.98584e-01  9.99012e-01
 1.64268e+03  9.98948e-01  9.99013e-01
 1.64270e+03  9.98973e-01  9.99014e-01
 1.64272e+03  9.99352e-01  9.99015e-01
 1.64274e+03  9.99930e-01  9.99016e-01
 1.64277e+03  9.99372e-01  9.99017e-01
 1.64279e+03  9.98502e-01  9.99018e-01
 1.64281e+03  9.98558e-01  9.99019e-01
 1.64283e+03  9.99499e-01  9.99020e-01
 1.64285e+03  9.98896e-01  9.99021e-01
 1.64287e+03  9.98584e-01  9.99022e-01
 1.64289e+03  1.00027e+00  9.99023e-01
 1.64291e+03  9.98996e-01  9.99023e-01
 1.64293e+03  9.98214e-01  9.99024e-01
 1.64295e+03  9.98458e-01  9.99025e-01
 1.64297e+03  9.98876e-01  9.99026e-01
 1.64299e+03  9.97906e-01  9.99027e-01
 1.64302e+03  9.98903e-01  9.99028e-01
 1.64304e+03  9.97344e-01  9.99029e-01
 1.64306e+03  9.97802e-01  9.99030e-01
 1.64308e+03  9.97955e-01  9.99031e-01
 1.64310e+03  9.97596e-01  9.99032e-01
 1.64312e+03  9.97934e-01  9.99033e-01
 1.64314e+03  9.97486e-01  9.99034e-01
 1.64316e+03  9.98358e-01  9.99035e-01
 1.64318e+03  9.98692e-01  9.99036e-01
 1.64327e+03  1.00124e+00  9.99040e-01
 1.64329e+03  9.97573e-01  9.99041e-01
 1.64333e+03  9.97183e-01  9.99043e-01
 1.64337e+03  9.96886e-01  9.99045e-01
 1.64339e+03  9.95483e-01  9.99046e-01
 1.64341e+03  9.97483e-01  9.99047e-01
 1.64343e+03  9.97221e-01  9.99048e-01
 1.64345e+03  9.96893e-01  9.99049e-01
 1.64347e+03  9.95793e-01  9.99050e-01
 1.64349e+03  9.97035e-01  9.99051e-01
 1.64352e+03  9.96817e-01  9.99052e-01
 1.64354e+03  9.97648e-01  9.99053e-01
 1.64356e+03  9.98479e-01  9.99055e-01
 1.64358e+03  9.96544e-01  9.99056e-01
 1.64360e+03  9.96488e-01  9.99057e-01
 1.64362e+03  9.98662e-01  9.99058e-01
 1.64364e+03  9.97020e-01  9.99059e-01
 1.64366e+03  9.96284e-01  9.99060e-01
 1.64368e+03  9.96277e-01  9.99061e-01
 1.64370e+03  9.95698e-01  9.99062e-01
 1.64372e+03  9.94375e-01  9.99063e-01
 1.64374e+03  9.93196e-01  9.99064e-01
 1.64377e+03  9.93013e-01  9.99065e-01
 1.64379e+03  9.92430e-01  9.99066e-01
 1.64381e+03  9.92004e-01  9.99067e-01
 1.64383e+03  9.92754e-01  9.99068e-01
 1.64385e+03  9.92380e-01  9.99069e-01
 1.64387e+03  9.93867e-01  9.99071e-01
 1.64389e+03  9.95838e-01  9.99072e-01
 1.64391e+03  9.96195e-01  9.99073e-01
 1.64393e+03  9.95225e-01  9.99074e-01
 1.64395e+03  9.96605e-01  9.99075e-01
 1.64397e+03  9.96551e-01  9.99076e-01
 1.64399e+03  9.96112e-01  9.99077e-01
 1.64402e+03  9.95930e-01  9.99078e-01
 1.64404e+03  9.95737e-01  9.99079e-01
 1.64406e+03  9.94878e-01  9.99081e-01
 1.64408e+03  9.96087e-01  9.99082e-01
 1.64410e+03  9.95969e-01  9.99083e-01
 1.64412e+03  9.95299e-01  9.99084e-01
 1.64414e+03  9.95806e-01  9.99085e-01
 1.64416e+03  9.95288e-01  9.99086e-01
 1.64418e+03  9.96040e-01  9.99087e-01
 1.64420e+03  9.95688e-01  9.99089e-01
 1.64422e+03  9.95413e-01  9.99090e-01
 1.64424e+03  9.96666e-01  9.99091e-01
 1.64427e+03  9.96419e-01  9.99092e-01
 1.64429e+03  9.96647e-01  9.99093e-01
 1.64431e+03  9.96693e-01  9.99094e-01
 1.64433e+03  9.96720e-01  9.99095e-01
 1.64435e+03  9.96804e-01  9.99097e-01
 1.64437e+03  9.97262e-01  9.99098e-01
 1.64439e+03  9.96552e-01  9.99099e-01
 1.64441e+03  9.97814e-01  9.99100e-01
 1.64443e+03  9.96802e-01  9.99101e-01
 1.64445e+03  9.96842e-01  9.99103e-01
 1.64447e+03  9.97133e-01  9.99104e-01
 1.64449e+03  9.99075e-01  9.99105e-01
 1.64452e+03  9.98578e-01  9.99106e-01
 1.64454e+03  9.98945e-01  9.99107e-01
 1.64456e+03  9.98117e-01  9.99109e-01
 1.64458e+03  9.99016e-01  9.99110e-01
 1.64460e+03  9.98853e-01  9.99111e-01
 1.64462e+03  9.98740e-01  9.99112e-01
 1.64464e+03  1.00175e+00  9.99113e-01
 1.64466e+03  1.00132e+00  9.99115e-01
 1.64468e+03  1.00109e+00  9.99116e-01
 1.64470e+03  1.00260e+00  9.99117e-01
 1.64472e+03  1.00128e+00  9.99118e-01
 1.64474e+03  1.00264e+00  9.99120e-01
 1.64477e+03  1.00241e+00  9.99121e-01
 1.64479e+03  1.00401e+00  9.99122e-01
 1.64481e+03  1.00398e+00  9.99123e-01
 1.64483e+03  1.00351e+00  9.99125e-01
 1.64485e+03  1.00547e+00  9.99126e-01
 1.64487e+03  1.00433e+00  9.99127e-01
 1.64489e+03  1.00572e+00  9.99128e-01
 1.64491e+03  1.00464e+00  9.99130e-01
 1.64493e+03  1.00648e+00  9.99131e-01
 1.64495e+03  1.00491e+00  9.99132e-01
 1.64497e+03  1.00596e+00  9.99134e-01
 1.64499e+03  1.00646e+00  9.99135e-01
 1.64502e+03  1.00637e+00  9.99136e-01
 1.64504e+03  1.00527e+00  9.99137e-01
 1.64506e+03  1.00657e+00  9.99139e-01
 1.64508e+03  1.00837e+00  9.99140e-01
 1.64510e+03  1.00621e+00  9.99141e-01
 1.64512e+03  1.00767e+00  9.99143e-01
 1.64514e+03  1.00814e+00  9.99144e-01
 1.64516e+03  1.00847e+00  9.99145e-01
 1.64518e+03  1.00800e+00  9.99147e-01
 1.64520e+03  1.00977e+00  9.99148e-01
 1.64522e+03  1.00802e+00  9.99149e-01
 1.64524e+03  1.00895e+00  9.99151e-01
 1.64527e+03  1.00642e+00  9.99152e-01
 1.64529e+03  1.00722e+00  9.99153e-01
 1.64531e+03  1.00856e+00  9.99155e-01
 1.64533e+03  1.00736e+00  9.99156e-01
 1.64535e+03  1.00813e+00  9.99157e-01
 1.64537e+03  1.00772e+00  9.99159e-01
 1.64541e+03  1.00526e+00  9.99162e-01
 1.64543e+03  1.00486e+00  9.99163e-01
 1.64545e+03  1.00459e+00  9.99164e-01
 1.64547e+03  1.00580e+00  9.99166e-01
 1.64549e+03  1.00456e+00  9.99167e-01
 1.64552e+03  1.00431e+00  9.99169e-01
 1.64554e+03  1.00283e+00  9.99170e-01
 1.64556e+03  1.00283e+00  9.99171e-01
 1.64558e+03  1.00215e+00  9.99173e-01
 1.64560e+03  1.00198e+00  9.99174e-01
 1.64562e+03  1.00050e+00  9.99176e-01
 1.64564e+03  1.00057e+00  9.99177e-01
 1.64566e+03  1.00099e+00  9.99178e-01
 1.64568e+03  9.99882e-01  9.99180e-01
 1.64570e+03  9.97244e-01  9.99181e-01
 1.64572e+03  9.99265e-01  9.99183e-01
 1.64574e+03  9.97127e-01  9.99184e-01
 1.64577e+03  9.97378e-01  9.99186e-01
 1.64579e+03  9.98137e-01  9.99187e-01
 1.64581e+03  9.98426e-01  9.99189e-01
 1.64583e+03  9.99243e-01  9.99190e-01
 1.64585e+03  9.98403e-01  9.99192e-01
 1.64587e+03  9.96851e-01  9.99193e-01
 1.64589e+03  9.98871e-01  9.99194e-01
 1.64591e+03  9.95903e-01  9.99196e-01
 1.64593e+03  9.97077e-01  9.99197e-01
 1.64595e+03  9.96433e-01  9.99199e-01
 1.64597e+03  9.96156e-01  9.99200e-01
 1.64599e+03  9.95888e-01  9.99202e-01
 1.64602e+03  9.95973e-01  9.99203e-01
 1.64604e+03  9.95519e-01  9.99205e-01
 1.64606e+03  9.95709e-01  9.99207e-01
 1.64608e+03  9.95415e-01  9.99208e-01
 1.64610e+03  9.94855e-01  9.99210e-01
 1.64612e+03  9.96610e-01  9.99211e-01
 1.64614e+03  9.97634e-01  9.99213e-01
 1.64616e+03  9.96464e-01  9.99214e-01
 1.64618e+03  9.93241e-01  9.99216e-01
 1.64620e+03  9.89601e-01  9.99217e-01
 1.64622e+03  9.83910e-01  9.99219e-01
 1.64624e+03  9.79712e-01  9.99220e-01
 1.64627e+03  9.76460e-01  9.99222e-01
 1.64629e+03  9.72340e-01  9.99224e-01
 1.64631e+03  9.73443e-01  9.99225e-01
 1.64635e+03  9.77273e-01  9.99228e-01
 1.64637e+03  9.79198e-01  9.99230e-01
 1.64639e+03  9.82999e-01  9.99232e-01
 1.64641e+03  9.87386e-01  9.99233e-01
 1.64643e+03  9.91739e-01  9.99235e-01
 1.64645e+03  9.95765e-01  9.99236e-01
 1.64647e+03  9.97266e-01  9.99238e-01
 1.64649e+03  9.96434e-01  9.99240e-01
 1.64652e+03  9.98234e-01  9.99241e-01
 1.64654e+03  9.99847e-01  9.99243e-01
 1.64656e+03  9.98365e-01  9.99245e-01
 1.64658e+03  9.97902e-01  9.99246e-01
 1.64660e+03  9.98132e-01  9.99248e-01
 1.64662e+03  9.97594e-01  9.99250e-01
 1.64664e+03  9.98617e-01  9.99251e-01
 1.64666e+03  9.97594e-01  9.99253e-01
 1.64668e+03  9.98895e-01  9.99255e-01
 1.64670e+03  9.98090e-01  9.99256e-01
 1.64672e+03  9.97810e-01  9.99258e-01
 1.64677e+03  9.98717e-01  9.99262e-01
 1.64679e+03  9.98399e-01  9.99263e-01
 1.64681e+03  9.99132e-01  9.99265e-01
 1.64683e+03  9.98673e-01  9.99267e-01
 1.64685e+03  9.99095e-01  9.99268e-01
 1.64687e+03  9.97882e-01  9.99270e-01
 1.64689e+03  9.99141e-01  9.99272e-01
 1.64691e+03  1.00070e+00  9.99274e-01
 1.64693e+03  9.99519e-01  9.99275e-01
 1.64695e+03  9.98993e-01  9.99277e-01
 1.64697e+03  1.00002e+00  9.99279e-01
 1.64699e+03  9.99007e-01  9.99281e-01
 1.64702e+03  1.00063e+00  9.99283e-01
 1.64704e+03  1.00009e+00  9.99284e-01
 1.64706e+03  9.99706e-01  9.99286e-01
 1.64708e+03  9.99362e-01  9.99288e-01
 1.64710e+03  1.00304e+00  9.99290e-01
 1.64712e+03  1.00014e+00  9.99292e-01
 1.64714e+03  1.00078e+00  9.99293e-01
 1.64716e+03  1.00021e+00  9.99295e-01
 1.64718e+03  1.00033e+00  9.99297e-01
 1.64720e+03  1.00110e+00  9.99299e-01
 1.64722e+03  1.00105e+00  9.99301e-01
 1.64724e+03  1.00087e+00  9.99303e-01
 1.64727e+03  1.00077e+00  9.99304e-01
 1.64729e+03  1.00072e+00  9.99306e-01
 1.64731e+03  1.00134e+00  9.99308e-01
 1.64733e+03  1.00021e+00  9.99310e-01
 1.64735e+03  1.00080e+00  9.99312e-01
 1.64737e+03  1.00042e+00  9.99314e-01
 1.64739e+03  1.00061e+00  9.99316e-01
 1.64741e+03  1.00083e+00  9.99318e-01
 1.64743e+03  1.00111e+00  9.99320e-01
 1.64745e+03  1.00168e+00  9.99321e-01
 1.64747e+03  1.00061e+00  9.99323e-01
 1.64749e+03  1.00103e+00  9.99325e-01
 1.64752e+03  1.00034e+00  9.99327e-01
 1.64754e+03  1.00134e+00  9.99329e-01
 1.64756e+03  1.00055e+00  9.99331e-01
 1.64758e+03  1.00194e+00  9.99333e-01
 1.64760e+03  1.00111e+00  9.99335e-01
 1.64762e+03  1.00164e+00  9.99337e-01
 1.64764e+03  1.00177e+00  9.99339e-01
 1.64766e+03  1.00192e+00  9.99341e-01
 1.64768e+03  1.00171e+00  9.99343e-01
 1.64770e+03  1.00091e+00  9.99345e-01
 1.64772e+03  1.00079e+00  9.99347e-01
 1.64774e+03  1.00123e+00  9.99349e-01
 1.64777e+03  1.00067e+00  9.99351e-01
 1.64779e+03  1.00200e+00  9.99353e-01
 1.64781e+03  1.00110e+00  9.99355e-01
 1.64783e+03  1.00073e+00  9.99357e-01
 1.64785e+03  1.00148e+00  9.99359e-01
 1.64787e+03  1.00049e+00  9.99361e-01
 1.64789e+03  1.00122e+00  9.99363e-01
 1.64791e+03  1.00117e+00  9.99366e-01
 1.64793e+03  1.00126e+00  9.99368e-01
 1.64795e+03  1.00171e+00  9.99370e-01
 1.64797e+03  1.00241e+00  9.99372e-01
 1.64799e+03  1.00274e+00  9.99374e-01
 1.64802e+03  1.00179e+00  9.99376e-01
 1.64804e+03  1.00194e+00  9.99378e-01
 1.64806e+03  1.00138e+00  9.99380e-01
 1.64808e+03  1.00101e+00  9.99383e-01
 1.64810e+03  1.00188e+00  9.99385e-01
 1.64812e+03  1.00058e+00  9.99387e-01
 1.64814e+03  1.00312e+00  9.99389e-01
 1.64816e+03  1.00079e+00  9.99391e-01
 1.64818e+03  1.00141e+00  9.99393e-01
 1.64820e+03  1.00007e+00  9.99396e-01
 1.64822e+03  1.00104e+00  9.99398e-01
 1.64824e+03  1.00318e+00  9.99400e-01
 1.64827e+03  1.00135e+00  9.99402e-01
 1.64829e+03  9.99640e-01  9.99404e-01
 1.64831e+03  1.00282e+00  9.99407e-01
 1.64833e+03  1.00081e+00  9.99409e-01
 1.64835e+03  9.99606e-01  9.99411e-01
 1.64837e+03  1.00094e+00  9.99413e-01
 1.64839e+03  1.00161e+00  9.99416e-01
 1.64841e+03  1.00073e+00  9.99418e-01
 1.64843e+03  1.00205e+00  9.99420e-01
 1.64845e+03  9.99491e-01  9.99423e-01
 1.64847e+03  1.00193e+00  9.99425e-01
 1.64849e+03  1.00172e+00  9.99427e-01
 1.64852e+03  1.00204e+00  9.99429e-01
 1.64854e+03  1.00016e+00  9.99432e-01
 1.64856e+03  1.00102e+00  9.99434e-01
 1.64858e+03  9.99336e-01  9.99436e-01
 1.64860e+03  1.00166e+00  9.99439e-01
 1.64862e+03  9.98839e-01  9.99441e-01
 1.64864e+03  1.00187e+00  9.99444e-01
 1.64866e+03  1.00118e+00  9.99446e-01
 1.64868e+03  1.00197e+00  9.99448e-01
 1.64870e+03  9.99798e-01  9.99451e-01
 1.64872e+03  1.00066e+00  9.99453e-01
 1.64874e+03  1.00020e+00  9.99456e-01
 1.64877e+03  1.00095e+00  9.99458e-01
 1.64879e+03  1.00131e+00  9.99460e-01
 1.64881e+03  1.00058e+00  9.99463e-01
 1.64883e+03  1.00044e+00  9.99465e-01
 1.64885e+03  9.99902e-01  9.99468e-01
 1.64887e+03  1.00228e+00  9.99470e-01
 1.64889e+03  1.00097e+00  9.99473e-01
 1.64891e+03  1.00075e+00  9.99475e-01
 1.64893e+03  1.00004e+00  9.99478e-01
 1.64895e+03  9.98840e-01  9.99480e-01
 1.64897e+03  1.00092e+00  9.99483e-01
 1.64899e+03  9.99685e-01  9.99485e-01
 1.64902e+03  1.00011e+00  9.99488e-01
 1.64904e+03  9.99153e-01  9.99491e-01
 1.64906e+03  9.99463e-01  9.99493e-01
 1.64908e+03  1.00057e+00  9.99496e-01
 1.64910e+03  9.98100e-01  9.99498e-01
 1.64912e+03  9.99622e-01  9.99501e-01
 1.64914e+03  9.99362e-01  9.99503e-01
 1.64916e+03  9.98938e-01  9.99506e-01
 1.64918e+03  9.98754e-01  9.99509e-01
 1.64920e+03  1.00059e+00  9.99511e-01
 1.64922e+03  9.98416e-01  9.99514e-01
 1.64924e+03  1.00055e+00  9.99517e-01
 1.64927e+03  1.00036e+00  9.99519e-01
 1.64931e+03  1.00089e+00  9.99525e-01
 1.64933e+03  9.98787e-01  9.99527e-01
 1.64935e+03  1.00192e+00  9.99530e-01
 1.64937e+03  9.99465e-01  9.99533e-01
 1.64939e+03  1.00051e+00  9.99536e-01
 1.64941e+03  1.00033e+00  9.99538e-01
 1.64943e+03  1.00124e+00  9.99541e-01
 1.64947e+03  1.00095e+00  9.99547e-01
 1.64949e+03  1.00167e+00  9.99549e-01
 1.64952e+03  1.00204e+00  9.99552e-01
 1.64954e+03  1.00188e+00  9.99555e-01
 1.64956e+03  1.00293e+00  9.99558e-01
 1.64958e+03  1.00187e+00  9.99561e-01
 1.64960e+03  1.00239e+00  9.99564e-01
 1.64962e+03  1.00109e+00  9.99566e-01
 1.64964e+03  1.00321e+00  9.99569e-01
 1.64966e+03  1.00134e+00  9.99572e-01
 1.64968e+03  1.00287e+00  9.99575e-01
 1.64970e+03  1.00263e+00  9.99578e-01
 1.64972e+03  1.00239e+00  9.99581e-01
 1.64974e+03  1.00175e+00  9.99584e-01
 1.64977e+03  1.00221e+00  9.99587e-01
 1.64979e+03  1.00184e+00  9.99590e-01
 1.64981e+03  1.00210e+00  9.99593e-01
 1.64983e+03  1.00239e+00  9.99596e-01
 1.64985e+03  1.00255e+00  9.99599e-01
 1.64987e+03  1.00189e+00  9.99602e-01
 1.64989e+03  1.00255e+00  9.99605e-01
 1.64991e+03  1.00184e+00  9.99608e-01
 1.64993e+03  1.00221e+00  9.99611e-01
 1.64995e+03  1.00177e+00  9.99614e-01
 1.64997e+03  1.00142e+00  9.99617e-01
 1.64999e+03  1.00190e+00  9.99620e-01
 1.65002e+03  1.00147e+00  9.99623e-01
 1.65004e+03  1.00243e+00  9.99626e-01
 1.65006e+03  1.00148e+00  9.99629e-01
 1.65008e+03  1.00181e+00  9.99633e-01
 1.65010e+03  1.00032e+00  9.99636e-01
 1.65012e+03  1.00160e+00  9.99639e-01
 1.65014e+03  1.00010e+00  9.99642e-01
 1.65016e+03  1.00146e+00  9.99645e-01
 1.65018e+03  1.00094e+00  9.99648e-01
 1.65020e+03  1.00108e+00  9.99652e-01
 1.65022e+03  9.99951e-01  9.99655e-01
 1.65024e+03  1.00139e+00  9.99658e-01
 1.65027e+03  1.00080e+00  9.99661e-01
 1.65029e+03  1.00042e+00  9.99665e-01
 1.65031e+03  1.00124e+00  9.99668e-01
 1.65033e+03  1.00103e+00  9.99671e-01
 1.65035e+03  1.00097e+00  9.99675e-01
 1.65037e+03  1.00029e+00  9.99678e-01
 1.65039e+03  1.00041e+00  9.99681e-01
 1.65041e+03  1.00050e+00  9.99685e-01
 1.65043e+03  1.00032e+00  9.99688e-01
 1.65045e+03  9.99100e-01  9.99691e-01
 1.65047e+03  1.00037e+00  9.99695e-01
 1.65049e+03  9.98670e-01  9.99698e-01
 1.65052e+03  1.00210e+00  9.99702e-01
 1.65054e+03  9.99795e-01  9.99705e-01
 1.65056e+03  1.00010e+00  9.99708e-01
 1.65058e+03  9.99955e-01  9.99712e-01
 1.65060e+03  9.99814e-01  9.99715e-01
 1.65062e+03  9.99346e-01  9.99719e-01
 1.65064e+03  1.00027e+00  9.99722e-01
 1.65066e+03  9.99714e-01  9.99726e-01
 1.65068e+03  9.99680e-01  9.99729e-01
 1.65070e+03  1.00009e+00  9.99733e-01
 1.65072e+03  9.98668e-01  9.99737e-01
 1.65074e+03  9.99264e-01  9.99740e-01
 1.65077e+03  9.98881e-01  9.99744e-01
 1.65079e+03  9.98799e-01  9.99747e-01
 1.65081e+03  9.98397e-01  9.99751e-01
 1.65083e+03  9.98373e-01  9.99755e-01
 1.65085e+03  9.98342e-01  9.99758e-01
 1.65087e+03  9.98871e-01  9.99762e-01
 1.65089e+03  9.98940e-01  9.99766e-01
 1.65091e+03  9.98515e-01  9.99770e-01
 1.65093e+03  9.99276e-01  9.99773e-01
 1.65095e+03  9.99098e-01  9.99777e-01
 1.65097e+03  9.98872e-01  9.99781e-01
 1.65099e+03  9.98795e-01  9.99785e-01
 1.65102e+03  9.97837e-01  9.99788e-01
 1.65104e+03  9.99235e-01  9.99792e-01
 1.65106e+03  9.98310e-01  9.99796e-01
 1.65108e+03  9.98465e-01  9.99800e-01
 1.65110e+03  9.97672e-01  9.99804e-01
 1.65112e+03  9.98011e-01  9.99808e-01
 1.65114e+03  9.97391e-01  9.99812e-01
 1.65116e+03  9.98492e-01  9.99816e-01
 1.65118e+03  9.97082e-01  9.99820e-01
 1.65120e+03  9.97379e-01  9.99823e-01
 1.65122e+03  9.97933e-01  9.99827e-01
 1.65124e+03  9.97003e-01  9.99831e-01
 1.65127e+03  9.96962e-01  9.99835e-01
 1.65129e+03  9.96352e-01  9.99840e-01
 1.65131e+03  9.96084e-01  9.99844e-01
 1.65133e+03  9.95002e-01  9.99848e-01
 1.65135e+03  9.92568e-01  9.99852e-01
 1.65137e+03  9.93423e-01  9.99856e-01
 1.65139e+03  9.93520e-01  9.99860e-01
 1.65141e+03  9.96264e-01  9.99864e-01
 1.65143e+03  9.96349e-01  9.99868e-01
 1.65145e+03  9.96336e-01  9.99872e-01
 1.65147e+03  9.95961e-01  9.99877e-01
 1.65149e+03  9.94341e-01  9.99881e-01
 1.65152e+03  9.96393e-01  9.99885e-01
 1.65154e+03  9.95574e-01  9.99889e-01
 1.65156e+03  9.95384e-01  9.99894e-01
 1.65158e+03  9.95967e-01  9.99898e-01
 1.65160e+03  9.95580e-01  9.99902e-01
 1.65162e+03  9.95631e-01  9.99907e-01
 1.65164e+03  9.95324e-01  9.99911e-01
 1.65166e+03  9.96559e-01  9.99915e-01
 1.65168e+03  9.96907e-01  9.99920e-01
 1.65170e+03  9.96324e-01  9.99924e-01
 1.65172e+03  9.98429e-01  9.99929e-01
 1.65174e+03  9.96628e-01  9.99933e-01
 1.65177e+03  9.96785e-01  9.99938e-01
 1.65179e+03  9.96400e-01  9.99942e-01
 1.65181e+03  9.97920e-01  9.99947e-01
 1.65183e+03  9.98173e-01  9.99951e-01
 1.65185e+03  9.97260e-01  9.99956e-01
 1.65187e+03  9.97226e-01  9.99960e-01
 1.65189e+03  9.98596e-01  9.99965e-01
 1.65191e+03  9.98072e-01  9.99970e-01
 1.65193e+03  9.98401e-01  9.99974e-01
 1.65195e+03  9.99063e-01  9.99979e-01
 1.65197e+03  9.99451e-01  9.99984e-01
 1.65199e+03  9.98780e-01  9.99989e-01
 1.65202e+03  9.98905e-01  9.99993e-01
 1.65204e+03  1.00004e+00  9.99998e-01
 1.65206e+03  9.99808e-01  1.00000e+00
 1.65208e+03  9.99925e-01  1.00001e+00
 1.65210e+03  1.00034e+00  1.00001e+00
 1.65212e+03  1.00082e+00  1.00002e+00
 1.65214e+03  1.00107e+00  1.00002e+00
 1.65216e+03  1.00117e+00  1.00003e+00
 1.65218e+03  1.00254e+00  1.00003e+00
 1.65220e+03  1.00239e+00  1.00004e+00
 1.65222e+03  1.00134e+00  1.00004e+00
 1.65224e+03  1.00204e+00  1.00005e+00
 1.65227e+03  1.00141e+00  1.00005e+00
 1.65229e+03  1.00239e+00  1.00006e+00
 1.65231e+03  1.00219e+00  1.00006e+00
 1.65233e+03  1.00417e+00  1.00007e+00
 1.65235e+03  1.00500e+00  1.00007e+00
 1.65237e+03  1.00738e+00  1.00008e+00
 1.65239e+03  1.00636e+00  1.00008e+00
 1.65241e+03  1.00436e+00  1.00009e+00
 1.65243e+03  1.00163e+00  1.00009e+00
 1.65245e+03  9.99052e-01  1.00010e+00
 1.65247e+03  1.00021e+00  1.00010e+00
 1.65249e+03  1.00731e+00  1.00011e+00
 1.65252e+03  1.02109e+00  1.00011e+00
 1.65254e+03  1.04156e+00  1.00012e+00
