992
 1.79070e+03  9.97921e-01  1.00003e+00
 1.79072e+03  9.99931e-01  1.00002e+00
 1.79074e+03  9.98667e-01  1.00002e+00
 1.79077e+03  9.98484e-01  1.00001e+00
 1.79079e+03  9.98780e-01  1.00001e+00
 1.79081e+03  9.95740e-01  1.00000e+00
 1.79083e+03  9.96610e-01  9.99995e-01
 1.79085e+03  9.97419e-01  9.99991e-01
 1.79087e+03  9.96432e-01  9.99988e-01
 1.79089e+03  9.97309e-01  9.99985e-01
 1.79091e+03  9.96204e-01  9.99982e-01
 1.79093e+03  9.95737e-01  9.99980e-01
 1.79095e+03  9.96997e-01  9.99979e-01
 1.79097e+03  9.97625e-01  9.99978e-01
 1.79099e+03  9.96601e-01  9.99978e-01
 1.79102e+03  9.98037e-01  9.99978e-01
 1.79104e+03  9.94906e-01  9.99979e-01
 1.79106e+03  9.96139e-01  9.99980e-01
 1.79110e+03  9.94937e-01  9.99984e-01
 1.79139e+03  1.00239e+00  1.00008e+00
 1.79141e+03  1.00263e+00  1.00009e+00
 1.79143e+03  1.00109e+00  1.00010e+00
 1.79145e+03  1.00047e+00  1.00011e+00
 1.79147e+03  9.99285e-01  1.00012e+00
 1.79149e+03  9.99947e-01  1.00014e+00
 1.79152e+03  1.00005e+00  1.00015e+00
 1.79154e+03  1.00074e+00  1.00017e+00
 1.79156e+03  9.99642e-01  1.00018e+00
 1.79158e+03  1.00003e+00  1.00020e+00
 1.79160e+03  1.00040e+00  1.00021e+00
 1.79162e+03  1.00075e+00  1.00023e+00
 1.79164e+03  1.00076e+00  1.00025e+00
 1.79166e+03  1.00149e+00  1.00026e+00
 1.79168e+03  1.00179e+00  1.00028e+00
 1.79170e+03  1.00183e+00  1.00030e+00
 1.79172e+03  1.00192e+00  1.00032e+00
 1.79174e+03  1.00148e+00  1.00034e+00
 1.79177e+03  1.00005e+00  1.00036e+00
 1.79179e+03  9.99702e-01  1.00038e+00
 1.79181e+03  1.00128e+00  1.00040e+00
 1.79183e+03  1.00063e+00  1.00042e+00
 1.79185e+03  1.00065e+00  1.00044e+00
 1.79187e+03  9.99767e-01  1.00047e+00
 1.79189e+03  1.00083e+00  1.00049e+00
 1.79191e+03  1.00024e+00  1.00051e+00
 1.79193e+03  9.99928e-01  1.00053e+00
 1.79195e+03  1.00049e+00  1.00056e+00
 1.79197e+03  9.98974e-01  1.00058e+00
 1.79199e+03  1.00128e+00  1.00060e+00
 1.79202e+03  9.99459e-01  1.00063e+00
 1.79204e+03  1.00046e+00  1.00065e+00
 1.79206e+03  1.00046e+00  1.00068e+00
 1.79208e+03  1.00042e+00  1.00070e+00
 1.79210e+03  9.99913e-01  1.00073e+00
 1.79212e+03  9.99723e-01  1.00075e+00
 1.79214e+03  9.98849e-01  1.00077e+00
 1.79216e+03  9.98805e-01  1.00080e+00
 1.79218e+03  9.99734e-01  1.00082e+00
 1.79220e+03  9.99491e-01  1.00085e+00
 1.79222e+03  9.99934e-01  1.00087e+00
 1.79224e+03  9.98558e-01  1.00089e+00
 1.79227e+03  9.98200e-01  1.00092e+00
 1.79229e+03  9.99004e-01  1.00094e+00
 1.79231e+03  9.99633e-01  1.00096e+00
 1.79233e+03  9.98982e-01  1.00098e+00
 1.79235e+03  9.98822e-01  1.00100e+00
 1.79237e+03  1.00040e+00  1.00102e+00
 1.79239e+03  9.98090e-01  1.00104e+00
 1.79241e+03  9.99745e-01  1.00106e+00
 1.79243e+03  9.99126e-01  1.00108e+00
 1.79245e+03  9.99308e-01  1.00110e+00
 1.79247e+03  9.99351e-01  1.00111e+00
 1.79249e+03  9.99949e-01  1.00113e+00
 1.79252e+03  9.99052e-01  1.00114e+00
 1.79254e+03  9.99928e-01  1.00115e+00
 1.79256e+03  1.00013e+00  1.00117e+00
 1.79258e+03  1.00091e+00  1.00118e+00
 1.79260e+03  9.99844e-01  1.00119e+00
 1.79262e+03  1.00061e+00  1.00120e+00
 1.79264e+03  1.00081e+00  1.00120e+00
 1.79266e+03  1.00050e+00  1.00121e+00
 1.79268e+03  1.00062e+00  1.00122e+00
 1.79270e+03  1.00139e+00  1.00122e+00
 1.79272e+03  9.99878e-01  1.00122e+00
 1.79274e+03  1.00185e+00  1.00123e+00
 1.79277e+03  1.00113e+00  1.00123e+00
 1.79279e+03  1.00058e+00  1.00123e+00
 1.79281e+03  1.00044e+00  1.00122e+00
 1.79283e+03  9.99941e-01  1.00122e+00
 1.79285e+03  9.99450e-01  1.00122e+00
 1.79287e+03  1.00079e+00  1.00121e+00
 1.79289e+03  9.99281e-01  1.00121e+00
 1.79291e+03  1.00079e+00  1.00120e+00
 1.79293e+03  9.99834e-01  1.00119e+00
 1.79295e+03  1.00045e+00  1.00118e+00
 1.79297e+03  9.99796e-01  1.00117e+00
 1.79299e+03  9.99992e-01  1.00116e+00
 1.79302e+03  1.00083e+00  1.00115e+00
 1.79304e+03  1.00107e+00  1.00113e+00
 1.79306e+03  1.00104e+00  1.00112e+00
 1.79308e+03  1.00098e+00  1.00111e+00
 1.79310e+03  1.00190e+00  1.00109e+00
 1.79312e+03  1.00039e+00  1.00108e+00
 1.79314e+03  1.00273e+00  1.00106e+00
 1.79316e+03  1.00182e+00  1.00104e+00
 1.79318e+03  1.00390e+00  1.00102e+00
 1.79320e+03  1.00410e+00  1.00101e+00
 1.79322e+03  1.00515e+00  1.00099e+00
 1.79324e+03  1.00717e+00  1.00097e+00
 1.79327e+03  1.00601e+00  1.00095e+00
 1.79329e+03  1.00775e+00  1.00093e+00
 1.79331e+03  1.00755e+00  1.00091e+00
 1.79333e+03  1.00760e+00  1.00089e+00
 1.79335e+03  1.00837e+00  1.00087e+00
 1.79337e+03  1.00908e+00  1.00085e+00
 1.79339e+03  1.00945e+00  1.00083e+00
 1.79341e+03  1.00947e+00  1.00081e+00
 1.79343e+03  1.00777e+00  1.00079e+00
 1.79345e+03  1.00683e+00  1.00076e+00
 1.79347e+03  1.00667e+00  1.00074e+00
 1.79349e+03  1.00742e+00  1.00072e+00
 1.79352e+03  1.00584e+00  1.00070e+00
 1.79354e+03  1.00559e+00  1.00068e+00
 1.79356e+03  1.00381e+00  1.00066e+00
 1.79358e+03  1.00420e+00  1.00064e+00
 1.79360e+03  1.00266e+00  1.00062e+00
 1.79362e+03  1.00293e+00  1.00060e+00
 1.79364e+03  1.00239e+00  1.00057e+00
 1.79366e+03  1.00127e+00  1.00055e+00
 1.79368e+03  1.00066e+00  1.00053e+00
 1.79370e+03  1.00047e+00  1.00051e+00
 1.79372e+03  1.00029e+00  1.00049e+00
 1.79374e+03  1.00032e+00  1.00047e+00
 1.79377e+03  9.99516e-01  1.00045e+00
 1.79379e+03  9.99749e-01  1.00044e+00
 1.79381e+03  9.99239e-01  1.00042e+00
 1.79383e+03  9.98206e-01  1.00040e+00
 1.79385e+03  9.98361e-01  1.00038e+00
 1.79387e+03  9.99448e-01  1.00036e+00
 1.79389e+03  9.98438e-01  1.00034e+00
 1.79391e+03  9.99221e-01  1.00033e+00
 1.79393e+03  9.98514e-01  1.00031e+00
 1.79395e+03  9.99745e-01  1.00029e+00
 1.79397e+03  9.98631e-01  1.00028e+00
 1.79399e+03  9.98636e-01  1.00026e+00
 1.79402e+03  9.97988e-01  1.00024e+00
 1.79404e+03  9.97488e-01  1.00023e+00
 1.79406e+03  9.96490e-01  1.00021e+00
 1.79408e+03  9.98041e-01  1.00020e+00
 1.79410e+03  9.98543e-01  1.00019e+00
 1.79412e+03  9.98267e-01  1.00017e+00
 1.79414e+03  9.98497e-01  1.00016e+00
 1.79416e+03  9.98236e-01  1.00015e+00
 1.79418e+03  9.96811e-01  1.00013e+00
 1.79420e+03  9.96562e-01  1.00012e+00
 1.79422e+03  9.98375e-01  1.00011e+00
 1.79424e+03  9.98127e-01  1.00010e+00
 1.79427e+03  9.98369e-01  1.00009e+00
 1.79429e+03  9.98533e-01  1.00008e+00
 1.79431e+03  9.98001e-01  1.00007e+00
 1.79433e+03  9.98402e-01  1.00006e+00
 1.79435e+03  9.98328e-01  1.00005e+00
 1.79437e+03  9.97964e-01  1.00004e+00
 1.79439e+03  9.99125e-01  1.00003e+00
 1.79441e+03  9.98064e-01  1.00003e+00
 1.79443e+03  9.98145e-01  1.00002e+00
 1.79445e+03  9.99070e-01  1.00001e+00
 1.79447e+03  9.99254e-01  1.00001e+00
 1.79449e+03  9.99303e-01  1.00000e+00
 1.79452e+03  9.97787e-01  9.99998e-01
 1.79454e+03  9.98093e-01  9.99993e-01
 1.79456e+03  9.98682e-01  9.99990e-01
 1.79458e+03  9.98920e-01  9.99986e-01
 1.79460e+03  9.98802e-01  9.99984e-01
 1.79462e+03  9.97770e-01  9.99981e-01
 1.79464e+03  9.97789e-01  9.99980e-01
 1.79466e+03  9.97649e-01  9.99978e-01
 1.79468e+03  9.98018e-01  9.99978e-01
 1.79470e+03  9.98208e-01  9.99978e-01
 1.79472e+03  9.98854e-01  9.99978e-01
 1.79474e+03  9.98819e-01  9.99979e-01
 1.79477e+03  9.99282e-01  9.99981e-01
 1.79479e+03  9.98348e-01  9.99983e-01
 1.79481e+03  9.99117e-01  9.99986e-01
 1.79483e+03  9.98693e-01  9.99989e-01
 1.79485e+03  9.99031e-01  9.99993e-01
 1.79487e+03  9.99190e-01  9.99997e-01
 1.79489e+03  9.99038e-01  1.00000e+00
 1.79491e+03  9.99000e-01  1.00001e+00
 1.79493e+03  9.98979e-01  1.00001e+00
 1.79497e+03  9.99360e-01  1.00003e+00
 1.79499e+03  9.98986e-01  1.00004e+00
 1.79502e+03  9.98878e-01  1.00004e+00
 1.79504e+03  9.99286e-01  1.00005e+00
 1.79506e+03  9.99427e-01  1.00006e+00
 1.79508e+03  9.99371e-01  1.00007e+00
 1.79510e+03  9.99603e-01  1.00008e+00
 1.79512e+03  9.99157e-01  1.00009e+00
 1.79516e+03  9.97959e-01  1.00012e+00
 1.79518e+03  9.99012e-01  1.00013e+00
 1.79520e+03  1.00025e+00  1.00014e+00
 1.79522e+03  1.00013e+00  1.00016e+00
 1.79524e+03  9.99714e-01  1.00017e+00
 1.79527e+03  1.00094e+00  1.00019e+00
 1.79529e+03  1.00063e+00  1.00020e+00
 1.79531e+03  9.99823e-01  1.00022e+00
 1.79533e+03  9.99521e-01  1.00024e+00
 1.79535e+03  1.00050e+00  1.00025e+00
 1.79537e+03  1.00050e+00  1.00027e+00
 1.79539e+03  9.99642e-01  1.00029e+00
 1.79541e+03  1.00002e+00  1.00031e+00
 1.79543e+03  1.00216e+00  1.00033e+00
 1.79545e+03  1.00058e+00  1.00035e+00
 1.79547e+03  1.00040e+00  1.00037e+00
 1.79549e+03  1.00129e+00  1.00039e+00
 1.79552e+03  1.00170e+00  1.00041e+00
 1.79554e+03  1.00098e+00  1.00043e+00
 1.79556e+03  1.00152e+00  1.00045e+00
 1.79558e+03  1.00119e+00  1.00048e+00
 1.79560e+03  1.00123e+00  1.00050e+00
 1.79562e+03  1.00077e+00  1.00052e+00
 1.79564e+03  1.00151e+00  1.00055e+00
 1.79566e+03  1.00167e+00  1.00057e+00
 1.79568e+03  1.00154e+00  1.00059e+00
 1.79570e+03  1.00183e+00  1.00062e+00
 1.79572e+03  1.00041e+00  1.00064e+00
 1.79574e+03  1.00157e+00  1.00066e+00
 1.79577e+03  1.00118e+00  1.00069e+00
 1.79579e+03  1.00139e+00  1.00071e+00
 1.79581e+03  1.00064e+00  1.00074e+00
 1.79583e+03  1.00007e+00  1.00076e+00
 1.79585e+03  1.00056e+00  1.00079e+00
 1.79587e+03  1.00046e+00  1.00081e+00
 1.79589e+03  9.99076e-01  1.00083e+00
 1.79591e+03  9.99025e-01  1.00086e+00
 1.79593e+03  1.00077e+00  1.00088e+00
 1.79595e+03  1.00105e+00  1.00090e+00
 1.79597e+03  1.00033e+00  1.00093e+00
 1.79599e+03  9.99994e-01  1.00095e+00
 1.79602e+03  1.00052e+00  1.00097e+00
 1.79604e+03  1.00163e+00  1.00099e+00
 1.79606e+03  1.00155e+00  1.00101e+00
 1.79608e+03  1.00163e+00  1.00103e+00
 1.79610e+03  1.00220e+00  1.00105e+00
 1.79612e+03  1.00254e+00  1.00107e+00
 1.79614e+03  1.00412e+00  1.00109e+00
 1.79616e+03  1.00560e+00  1.00110e+00
 1.79618e+03  1.00474e+00  1.00112e+00
 1.79620e+03  1.00735e+00  1.00113e+00
 1.79622e+03  1.00856e+00  1.00115e+00
 1.79624e+03  1.00629e+00  1.00116e+00
 1.79627e+03  1.00811e+00  1.00117e+00
 1.79629e+03  1.00844e+00  1.00118e+00
 1.79631e+03  1.00951e+00  1.00119e+00
 1.79633e+03  1.00860e+00  1.00120e+00
 1.79635e+03  1.00926e+00  1.00121e+00
 1.79637e+03  1.00855e+00  1.00121e+00
 1.79639e+03  1.00654e+00  1.00122e+00
 1.79641e+03  1.00760e+00  1.00122e+00
 1.79643e+03  1.00592e+00  1.00122e+00
 1.79645e+03  1.00512e+00  1.00123e+00
 1.79647e+03  1.00472e+00  1.00123e+00
 1.79649e+03  1.00448e+00  1.00122e+00
 1.79652e+03  1.00488e+00  1.00122e+00
 1.79654e+03  1.00208e+00  1.00122e+00
 1.79656e+03  1.00214e+00  1.00121e+00
 1.79658e+03  1.00144e+00  1.00121e+00
 1.79660e+03  1.00294e+00  1.00120e+00
 1.79662e+03  1.00117e+00  1.00119e+00
 1.79664e+03  1.00092e+00  1.00119e+00
 1.79666e+03  1.00047e+00  1.00118e+00
 1.79668e+03  1.00047e+00  1.00117e+00
 1.79670e+03  1.00029e+00  1.00115e+00
 1.79672e+03  1.00004e+00  1.00114e+00
 1.79674e+03  9.99801e-01  1.00113e+00
 1.79677e+03  9.98602e-01  1.00111e+00
 1.79679e+03  9.97737e-01  1.00110e+00
 1.79681e+03  9.98290e-01  1.00108e+00
 1.79683e+03  9.96936e-01  1.00107e+00
 1.79685e+03  9.98062e-01  1.00105e+00
 1.79687e+03  1.00035e+00  1.00103e+00
 1.79689e+03  9.98148e-01  1.00102e+00
 1.79691e+03  9.98085e-01  1.00100e+00
 1.79693e+03  9.96943e-01  1.00098e+00
 1.79695e+03  9.97612e-01  1.00096e+00
 1.79697e+03  9.95752e-01  1.00094e+00
 1.79699e+03  9.95853e-01  1.00092e+00
 1.79702e+03  9.96586e-01  1.00090e+00
 1.79704e+03  9.95991e-01  1.00088e+00
 1.79706e+03  9.96803e-01  1.00086e+00
 1.79708e+03  9.96401e-01  1.00084e+00
 1.79710e+03  9.95920e-01  1.00082e+00
 1.79712e+03  9.96936e-01  1.00080e+00
 1.79714e+03  9.96130e-01  1.00077e+00
 1.79716e+03  9.97467e-01  1.00075e+00
 1.79718e+03  9.96731e-01  1.00073e+00
 1.79720e+03  9.96524e-01  1.00071e+00
 1.79722e+03  9.95894e-01  1.00069e+00
 1.79724e+03  9.96577e-01  1.00067e+00
 1.79727e+03  9.97049e-01  1.00065e+00
 1.79729e+03  9.98956e-01  1.00063e+00
 1.79731e+03  9.96449e-01  1.00061e+00
 1.79733e+03  9.95846e-01  1.00059e+00
 1.79735e+03  9.97164e-01  1.00056e+00
 1.79737e+03  9.97540e-01  1.00054e+00
 1.79739e+03  9.96280e-01  1.00052e+00
 1.79741e+03  9.96578e-01  1.00050e+00
 1.79743e+03  9.97280e-01  1.00048e+00
 1.79745e+03  9.97645e-01  1.00046e+00
 1.79747e+03  9.96007e-01  1.00044e+00
 1.79749e+03  9.98309e-01  1.00043e+00
 1.79752e+03  9.98535e-01  1.00041e+00
 1.79754e+03  9.97337e-01  1.00039e+00
 1.79756e+03  9.97866e-01  1.00037e+00
 1.79758e+03  9.98181e-01  1.00035e+00
 1.79760e+03  9.98576e-01  1.00033e+00
 1.79762e+03  9.98447e-01  1.00032e+00
 1.79764e+03  9.97883e-01  1.00030e+00
 1.79766e+03  9.98313e-01  1.00028e+00
 1.79768e+03  9.97530e-01  1.00027e+00
 1.79770e+03  9.97738e-01  1.00025e+00
 1.79772e+03  9.98453e-01  1.00024e+00
 1.79774e+03  9.98321e-01  1.00022e+00
 1.79777e+03  9.98249e-01  1.00021e+00
 1.79779e+03  9.99188e-01  1.00019e+00
 1.79781e+03  9.99177e-01  1.00018e+00
 1.79783e+03  9.98683e-01  1.00017e+00
 1.79785e+03  9.99530e-01  1.00015e+00
 1.79787e+03  9.98048e-01  1.00014e+00
 1.79789e+03  9.98164e-01  1.00013e+00
 1.79791e+03  9.98519e-01  1.00012e+00
 1.79793e+03  9.98978e-01  1.00010e+00
 1.79795e+03  9.98320e-01  1.00009e+00
 1.79797e+03  9.99650e-01  1.00008e+00
 1.79799e+03  9.98282e-01  1.00007e+00
 1.79802e+03  9.98316e-01  1.00006e+00
 1.79804e+03  9.97671e-01  1.00005e+00
 1.79806e+03  9.98479e-01  1.00005e+00
 1.79808e+03  9.98774e-01  1.00004e+00
 1.79810e+03  9.98614e-01  1.00003e+00
 1.79814e+03  9.99298e-01  1.00002e+00
 1.79816e+03  9.98708e-01  1.00001e+00
 1.79818e+03  9.99516e-01  1.00001e+00
 1.79820e+03  9.99373e-01  1.00000e+00
 1.79822e+03  9.99096e-01  9.99995e-01
 1.79824e+03  9.99517e-01  9.99991e-01
 1.79827e+03  9.99873e-01  9.99988e-01
 1.79829e+03  9.99353e-01  9.99985e-01
 1.79831e+03  1.00060e+00  9.99982e-01
 1.79833e+03  9.99946e-01  9.99980e-01
 1.79835e+03  1.00011e+00  9.99979e-01
 1.79837e+03  9.99396e-01  9.99978e-01
 1.79839e+03  1.00000e+00  9.99978e-01
 1.79841e+03  1.00003e+00  9.99978e-01
 1.79843e+03  1.00020e+00  9.99979e-01
 1.79845e+03  1.00146e+00  9.99980e-01
 1.79847e+03  1.00205e+00  9.99982e-01
 1.79849e+03  1.00266e+00  9.99984e-01
 1.79852e+03  1.00065e+00  9.99987e-01
 1.79854e+03  1.00076e+00  9.99991e-01
 1.79856e+03  1.00176e+00  9.99995e-01
 1.79858e+03  1.00246e+00  9.99999e-01
 1.79860e+03  1.00239e+00  1.00000e+00
 1.79862e+03  1.00186e+00  1.00001e+00
 1.79864e+03  1.00123e+00  1.00002e+00
 1.79866e+03  1.00031e+00  1.00002e+00
 1.79868e+03  1.00136e+00  1.00003e+00
 1.79870e+03  1.00105e+00  1.00004e+00
 1.79872e+03  1.00096e+00  1.00005e+00
 1.79874e+03  1.00091e+00  1.00006e+00
 1.79877e+03  1.00147e+00  1.00007e+00
 1.79879e+03  1.00093e+00  1.00008e+00
 1.79881e+03  1.00119e+00  1.00009e+00
 1.79883e+03  1.00062e+00  1.00010e+00
 1.79885e+03  1.00082e+00  1.00011e+00
 1.79887e+03  9.99642e-01  1.00012e+00
 1.79889e+03  9.99760e-01  1.00014e+00
 1.79891e+03  9.99070e-01  1.00015e+00
 1.79893e+03  1.00123e+00  1.00017e+00
 1.79895e+03  1.00116e+00  1.00018e+00
 1.79897e+03  1.00181e+00  1.00020e+00
 1.79899e+03  1.00159e+00  1.00021e+00
 1.79902e+03  1.00254e+00  1.00023e+00
 1.79904e+03  1.00389e+00  1.00025e+00
 1.79906e+03  1.00470e+00  1.00026e+00
 1.79908e+03  1.00359e+00  1.00028e+00
 1.79910e+03  1.00542e+00  1.00030e+00
 1.79912e+03  1.00719e+00  1.00032e+00
 1.79914e+03  1.00776e+00  1.00034e+00
 1.79916e+03  1.00921e+00  1.00036e+00
 1.79918e+03  1.00865e+00  1.00038e+00
 1.79922e+03  1.01094e+00  1.00042e+00
 1.79924e+03  1.01033e+00  1.00044e+00
 1.79927e+03  1.01113e+00  1.00047e+00
 1.79929e+03  1.00901e+00  1.00049e+00
 1.79931e+03  1.01054e+00  1.00051e+00
 1.79933e+03  1.00955e+00  1.00053e+00
 1.79935e+03  1.00792e+00  1.00056e+00
 1.79937e+03  1.00745e+00  1.00058e+00
 1.79939e+03  1.00667e+00  1.00060e+00
 1.79941e+03  1.00473e+00  1.00063e+00
 1.79943e+03  1.00399e+00  1.00065e+00
 1.79945e+03  1.00376e+00  1.00068e+00
 1.79947e+03  1.00365e+00  1.00070e+00
 1.79949e+03  1.00384e+00  1.00072e+00
 1.79952e+03  1.00227e+00  1.00075e+00
 1.79954e+03  1.00179e+00  1.00077e+00
 1.79956e+03  1.00242e+00  1.00080e+00
 1.79958e+03  1.00053e+00  1.00082e+00
 1.79960e+03  1.00016e+00  1.00085e+00
 1.79962e+03  9.99727e-01  1.00087e+00
 1.79964e+03  1.00055e+00  1.00089e+00
 1.79966e+03  9.98470e-01  1.00091e+00
 1.79968e+03  9.99541e-01  1.00094e+00
 1.79970e+03  9.99548e-01  1.00096e+00
 1.79972e+03  9.97451e-01  1.00098e+00
 1.79974e+03  9.98147e-01  1.00100e+00
 1.79977e+03  9.97957e-01  1.00102e+00
 1.79979e+03  9.98245e-01  1.00104e+00
 1.79981e+03  9.97808e-01  1.00106e+00
 1.79983e+03  9.99272e-01  1.00108e+00
 1.79985e+03  9.99085e-01  1.00109e+00
 1.79987e+03  9.96821e-01  1.00111e+00
 1.79989e+03  9.98157e-01  1.00113e+00
 1.79991e+03  9.98186e-01  1.00114e+00
 1.79993e+03  9.98142e-01  1.00115e+00
 1.79995e+03  9.97046e-01  1.00117e+00
 1.79997e+03  9.97186e-01  1.00118e+00
 1.79999e+03  9.97490e-01  1.00119e+00
 1.80002e+03  9.97844e-01  1.00120e+00
 1.80004e+03  9.98538e-01  1.00120e+00
 1.80006e+03  9.97884e-01  1.00121e+00
 1.80008e+03  9.98198e-01  1.00122e+00
 1.80010e+03  9.98239e-01  1.00122e+00
 1.80012e+03  9.98527e-01  1.00122e+00
 1.80014e+03  9.98338e-01  1.00123e+00
 1.80016e+03  1.00063e+00  1.00123e+00
 1.80018e+03  1.00192e+00  1.00123e+00
 1.80020e+03  9.99855e-01  1.00122e+00
 1.80022e+03  9.98993e-01  1.00122e+00
 1.80024e+03  9.98855e-01  1.00122e+00
 1.80027e+03  1.00004e+00  1.00121e+00
 1.80029e+03  1.00081e+00  1.00121e+00
 1.80031e+03  1.00152e+00  1.00120e+00
 1.80033e+03  1.00055e+00  1.00119e+00
 1.80035e+03  9.99989e-01  1.00118e+00
 1.80037e+03  1.00024e+00  1.00117e+00
 1.80347e+03  1.00489e+00  1.00103e+00
 1.80350e+03  1.00688e+00  1.00105e+00
 1.80352e+03  1.00594e+00  1.00107e+00
 1.80354e+03  1.00463e+00  1.00109e+00
 1.80356e+03  1.00520e+00  1.00110e+00
 1.80358e+03  1.00600e+00  1.00112e+00
 1.80360e+03  1.00553e+00  1.00113e+00
 1.80362e+03  1.00644e+00  1.00115e+00
 1.80364e+03  1.00702e+00  1.00116e+00
 1.80366e+03  1.00784e+00  1.00117e+00
 1.80368e+03  1.00434e+00  1.00118e+00
 1.80370e+03  1.00486e+00  1.00119e+00
 1.80372e+03  1.00528e+00  1.00120e+00
 1.80375e+03  1.00438e+00  1.00121e+00
 1.80377e+03  1.00542e+00  1.00121e+00
 1.80379e+03  1.00619e+00  1.00122e+00
 1.80381e+03  1.00495e+00  1.00122e+00
 1.80383e+03  1.00403e+00  1.00122e+00
 1.80385e+03  1.00415e+00  1.00123e+00
 1.80387e+03  1.00516e+00  1.00123e+00
 1.80389e+03  1.00399e+00  1.00122e+00
 1.80391e+03  1.00423e+00  1.00122e+00
 1.80393e+03  1.00320e+00  1.00122e+00
 1.80395e+03  1.00361e+00  1.00121e+00
 1.80397e+03  1.00372e+00  1.00121e+00
 1.80400e+03  1.00195e+00  1.00120e+00
 1.80402e+03  1.00479e+00  1.00119e+00
 1.80404e+03  1.00320e+00  1.00119e+00
 1.80406e+03  1.00182e+00  1.00118e+00
 1.80408e+03  1.00286e+00  1.00117e+00
 1.80410e+03  1.00335e+00  1.00115e+00
 1.80412e+03  1.00326e+00  1.00114e+00
 1.80414e+03  1.00275e+00  1.00113e+00
 1.80416e+03  1.00198e+00  1.00111e+00
 1.80418e+03  1.00319e+00  1.00110e+00
 1.80420e+03  1.00255e+00  1.00108e+00
 1.80422e+03  1.00280e+00  1.00107e+00
 1.80425e+03  1.00148e+00  1.00105e+00
 1.80427e+03  1.00367e+00  1.00103e+00
 1.80429e+03  1.00257e+00  1.00102e+00
 1.80431e+03  1.00298e+00  1.00100e+00
 1.80433e+03  1.00471e+00  1.00098e+00
 1.80435e+03  1.00398e+00  1.00096e+00
 1.80437e+03  1.00275e+00  1.00094e+00
 1.80439e+03  1.00376e+00  1.00092e+00
 1.80441e+03  1.00274e+00  1.00090e+00
 1.80443e+03  1.00156e+00  1.00088e+00
 1.80445e+03  1.00294e+00  1.00086e+00
 1.80447e+03  9.97528e-01  1.00084e+00
 1.80450e+03  1.00191e+00  1.00082e+00
 1.80452e+03  1.00217e+00  1.00080e+00
 1.80454e+03  1.00118e+00  1.00078e+00
 1.80456e+03  1.00200e+00  1.00075e+00
 1.80458e+03  1.00077e+00  1.00073e+00
 1.80460e+03  9.98691e-01  1.00071e+00
 1.80462e+03  1.00157e+00  1.00069e+00
 1.80464e+03  9.99654e-01  1.00067e+00
 1.80466e+03  1.00057e+00  1.00065e+00
 1.80468e+03  9.99348e-01  1.00063e+00
 1.80470e+03  9.99117e-01  1.00061e+00
 1.80472e+03  1.00041e+00  1.00059e+00
 1.80475e+03  1.00049e+00  1.00056e+00
 1.80477e+03  9.99910e-01  1.00054e+00
 1.80479e+03  9.99275e-01  1.00052e+00
 1.80481e+03  1.00146e+00  1.00050e+00
 1.80483e+03  9.99095e-01  1.00048e+00
 1.80485e+03  1.00152e+00  1.00046e+00
 1.80487e+03  1.00075e+00  1.00045e+00
 1.80489e+03  1.00247e+00  1.00043e+00
 1.80491e+03  1.00352e+00  1.00041e+00
 1.80493e+03  1.00272e+00  1.00039e+00
 1.80495e+03  1.00266e+00  1.00037e+00
 1.80497e+03  1.00639e+00  1.00035e+00
 1.80500e+03  1.00666e+00  1.00033e+00
 1.80502e+03  1.00568e+00  1.00032e+00
 1.80504e+03  1.00675e+00  1.00030e+00
 1.80506e+03  1.00719e+00  1.00028e+00
 1.80508e+03  1.00735e+00  1.00027e+00
 1.80510e+03  1.00882e+00  1.00025e+00
 1.80512e+03  1.00613e+00  1.00024e+00
 1.80514e+03  1.00845e+00  1.00022e+00
 1.80516e+03  1.00786e+00  1.00021e+00
 1.80518e+03  1.00633e+00  1.00019e+00
 1.80520e+03  1.00492e+00  1.00018e+00
 1.80522e+03  1.00585e+00  1.00017e+00
 1.80525e+03  1.00576e+00  1.00015e+00
 1.80527e+03  1.00326e+00  1.00014e+00
 1.80529e+03  1.00185e+00  1.00013e+00
 1.80531e+03  1.00372e+00  1.00012e+00
 1.80533e+03  1.00141e+00  1.00010e+00
 1.80535e+03  1.00169e+00  1.00009e+00
 1.80537e+03  1.00082e+00  1.00008e+00
 1.80539e+03  1.00059e+00  1.00007e+00
 1.80541e+03  9.99980e-01  1.00006e+00
 1.80543e+03  9.98842e-01  1.00005e+00
 1.80545e+03  9.98689e-01  1.00005e+00
 1.80547e+03  9.98438e-01  1.00004e+00
 1.80550e+03  9.96247e-01  1.00003e+00
 1.80552e+03  9.98612e-01  1.00002e+00
 1.80554e+03  9.99940e-01  1.00002e+00
 1.80556e+03  9.97298e-01  1.00001e+00
 1.80558e+03  9.96744e-01  1.00001e+00
 1.80560e+03  9.96964e-01  1.00000e+00
 1.80562e+03  9.97650e-01  9.99995e-01
 1.80564e+03  9.94892e-01  9.99991e-01
 1.80566e+03  9.96980e-01  9.99988e-01
 1.80568e+03  9.95737e-01  9.99985e-01
 1.80570e+03  9.95075e-01  9.99982e-01
 1.80572e+03  9.94166e-01  9.99980e-01
 1.80575e+03  9.95613e-01  9.99979e-01
 1.80577e+03  9.93595e-01  9.99978e-01
 1.80579e+03  9.95755e-01  9.99978e-01
 1.80581e+03  9.94722e-01  9.99978e-01
 1.80583e+03  9.95479e-01  9.99979e-01
 1.80585e+03  9.94600e-01  9.99980e-01
 1.80587e+03  9.96872e-01  9.99982e-01
 1.80589e+03  9.94448e-01  9.99984e-01
 1.80591e+03  9.96825e-01  9.99987e-01
 1.80593e+03  9.95587e-01  9.99991e-01
 1.80595e+03  9.92973e-01  9.99995e-01
 1.80597e+03  9.95444e-01  9.99999e-01
 1.80600e+03  9.96318e-01  1.00000e+00
 1.80602e+03  9.97344e-01  1.00001e+00
 1.80604e+03  9.95825e-01  1.00002e+00
 1.80606e+03  9.96578e-01  1.00002e+00
 1.80608e+03  9.96387e-01  1.00003e+00
 1.80610e+03  9.96864e-01  1.00004e+00
 1.80612e+03  9.98222e-01  1.00005e+00
 1.80614e+03  9.96319e-01  1.00006e+00
 1.80616e+03  9.95975e-01  1.00007e+00
 1.80618e+03  9.97332e-01  1.00008e+00
 1.80620e+03  9.97348e-01  1.00009e+00
 1.80622e+03  9.96984e-01  1.00010e+00
 1.80625e+03  9.97707e-01  1.00011e+00
 1.80627e+03  9.97564e-01  1.00012e+00
 1.80629e+03  9.97185e-01  1.00014e+00
 1.80631e+03  9.96862e-01  1.00015e+00
 1.80633e+03  9.95620e-01  1.00017e+00
 1.80635e+03  9.93731e-01  1.00018e+00
 1.80637e+03  9.96126e-01  1.00020e+00
 1.80639e+03  9.97884e-01  1.00021e+00
 1.80641e+03  9.96330e-01  1.00023e+00
 1.80643e+03  9.97662e-01  1.00025e+00
 1.80645e+03  9.98130e-01  1.00026e+00
 1.80647e+03  9.98229e-01  1.00028e+00
 1.80650e+03  9.96078e-01  1.00030e+00
 1.80652e+03  9.97693e-01  1.00032e+00
 1.80654e+03  1.00065e+00  1.00034e+00
 1.80656e+03  9.97950e-01  1.00036e+00
 1.80658e+03  9.97506e-01  1.00038e+00
 1.80660e+03  9.97839e-01  1.00040e+00
 1.80662e+03  9.98678e-01  1.00042e+00
 1.80664e+03  9.97151e-01  1.00044e+00
 1.80666e+03  9.98872e-01  1.00046e+00
 1.80668e+03  9.98129e-01  1.00049e+00
 1.80670e+03  9.98360e-01  1.00051e+00
 1.80672e+03  1.00042e+00  1.00053e+00
 1.80675e+03  9.98059e-01  1.00056e+00
 1.80677e+03  1.00051e+00  1.00058e+00
 1.80679e+03  9.98210e-01  1.00060e+00
 1.80681e+03  9.98610e-01  1.00063e+00
 1.80683e+03  9.99726e-01  1.00065e+00
 1.80685e+03  9.98347e-01  1.00068e+00
 1.80687e+03  9.99208e-01  1.00070e+00
 1.80689e+03  9.98310e-01  1.00072e+00
 1.80691e+03  9.98570e-01  1.00075e+00
 1.80693e+03  9.98321e-01  1.00077e+00
 1.80695e+03  9.99520e-01  1.00080e+00
 1.80697e+03  9.99313e-01  1.00082e+00
 1.80700e+03  9.99130e-01  1.00085e+00
 1.80702e+03  9.98955e-01  1.00087e+00
 1.80704e+03  9.99277e-01  1.00089e+00
 1.80706e+03  9.99189e-01  1.00091e+00
 1.80708e+03  1.00086e+00  1.00094e+00
 1.80710e+03  9.99705e-01  1.00096e+00
 1.80712e+03  1.00009e+00  1.00098e+00
 1.80714e+03  1.00121e+00  1.00100e+00
 1.80716e+03  1.00095e+00  1.00102e+00
 1.80718e+03  1.00037e+00  1.00104e+00
 1.80720e+03  1.00080e+00  1.00106e+00
 1.80722e+03  9.99873e-01  1.00108e+00
 1.80725e+03  1.00039e+00  1.00109e+00
 1.80727e+03  9.99608e-01  1.00111e+00
 1.80729e+03  1.00111e+00  1.00113e+00
 1.80731e+03  9.99007e-01  1.00114e+00
 1.80733e+03  1.00095e+00  1.00115e+00
 1.80735e+03  1.00096e+00  1.00117e+00
 1.80737e+03  1.00068e+00  1.00118e+00
 1.80739e+03  1.00040e+00  1.00119e+00
 1.80741e+03  9.99999e-01  1.00120e+00
 1.80743e+03  9.99386e-01  1.00120e+00
 1.80745e+03  1.00121e+00  1.00121e+00
 1.80747e+03  1.00007e+00  1.00122e+00
 1.80750e+03  9.99937e-01  1.00122e+00
 1.80752e+03  9.99840e-01  1.00122e+00
 1.80754e+03  9.99851e-01  1.00123e+00
 1.80756e+03  1.00109e+00  1.00123e+00
 1.80758e+03  9.99581e-01  1.00123e+00
 1.80760e+03  1.00296e+00  1.00122e+00
 1.80762e+03  1.00052e+00  1.00122e+00
 1.80764e+03  1.00165e+00  1.00122e+00
 1.80766e+03  1.00159e+00  1.00121e+00
 1.80768e+03  1.00007e+00  1.00121e+00
 1.80770e+03  1.00000e+00  1.00120e+00
 1.80772e+03  9.99371e-01  1.00119e+00
 1.80775e+03  9.99392e-01  1.00118e+00
 1.80777e+03  1.00290e+00  1.00117e+00
 1.80779e+03  1.00471e+00  1.00116e+00
 1.80781e+03  1.00304e+00  1.00115e+00
 1.80783e+03  1.00351e+00  1.00113e+00
 1.80785e+03  1.00538e+00  1.00112e+00
 1.80787e+03  1.00545e+00  1.00111e+00
 1.80789e+03  1.00547e+00  1.00109e+00
 1.80791e+03  1.00699e+00  1.00108e+00
 1.80793e+03  1.00646e+00  1.00106e+00
 1.80795e+03  1.00843e+00  1.00104e+00
 1.80797e+03  1.00791e+00  1.00103e+00
 1.80802e+03  1.01002e+00  1.00099e+00
 1.80804e+03  1.00865e+00  1.00097e+00
 1.80806e+03  1.01052e+00  1.00095e+00
 1.80808e+03  1.00946e+00  1.00093e+00
 1.80812e+03  1.00883e+00  1.00089e+00
 1.80814e+03  1.00764e+00  1.00087e+00
 1.80816e+03  1.00868e+00  1.00085e+00
 1.80818e+03  1.00834e+00  1.00083e+00
 1.80820e+03  1.00638e+00  1.00081e+00
 1.80822e+03  1.00413e+00  1.00079e+00
 1.80825e+03  9.99220e-01  1.00076e+00
 1.80827e+03  1.00322e+00  1.00074e+00
 1.80829e+03  1.00205e+00  1.00072e+00
 1.80831e+03  1.00385e+00  1.00070e+00
 1.80833e+03  1.00271e+00  1.00068e+00
 1.80835e+03  1.00159e+00  1.00066e+00
 1.80837e+03  1.00011e+00  1.00064e+00
 1.80839e+03  1.00078e+00  1.00062e+00
 1.80841e+03  1.00082e+00  1.00060e+00
 1.80843e+03  9.99824e-01  1.00058e+00
 1.80845e+03  9.99251e-01  1.00055e+00
 1.80847e+03  9.99139e-01  1.00053e+00
 1.80850e+03  1.00034e+00  1.00051e+00
 1.80852e+03  1.00127e+00  1.00049e+00
 1.80854e+03  9.99888e-01  1.00047e+00
 1.80856e+03  9.99407e-01  1.00045e+00
 1.80858e+03  9.99798e-01  1.00044e+00
 1.80860e+03  9.98636e-01  1.00042e+00
 1.80862e+03  1.00007e+00  1.00040e+00
 1.80864e+03  9.99283e-01  1.00038e+00
 1.80866e+03  9.99902e-01  1.00036e+00
 1.80868e+03  9.99583e-01  1.00034e+00
 1.80870e+03  9.98961e-01  1.00033e+00
 1.80872e+03  9.99247e-01  1.00031e+00
 1.80875e+03  9.99256e-01  1.00029e+00
 1.80877e+03  9.99120e-01  1.00028e+00
 1.80879e+03  9.98681e-01  1.00026e+00
 1.80881e+03  9.96921e-01  1.00024e+00
 1.80883e+03  9.99428e-01  1.00023e+00
 1.80885e+03  9.99098e-01  1.00021e+00
 1.80887e+03  9.99939e-01  1.00020e+00
 1.80889e+03  9.99095e-01  1.00019e+00
 1.80891e+03  9.99879e-01  1.00017e+00
 1.80893e+03  9.96086e-01  1.00016e+00
 1.80895e+03  9.98711e-01  1.00015e+00
 1.80897e+03  1.00042e+00  1.00013e+00
 1.80900e+03  9.99143e-01  1.00012e+00
 1.80902e+03  9.99314e-01  1.00011e+00
 1.80904e+03  9.98667e-01  1.00010e+00
 1.80906e+03  9.99806e-01  1.00009e+00
 1.80908e+03  9.97630e-01  1.00008e+00
 1.80910e+03  9.98348e-01  1.00007e+00
 1.80912e+03  9.98537e-01  1.00006e+00
 1.80914e+03  9.97292e-01  1.00005e+00
 1.80916e+03  9.98763e-01  1.00004e+00
 1.80918e+03  9.99110e-01  1.00003e+00
 1.80920e+03  9.97791e-01  1.00003e+00
 1.80922e+03  9.97697e-01  1.00002e+00
 1.80925e+03  9.99482e-01  1.00001e+00
 1.80927e+03  9.98807e-01  1.00001e+00
 1.80929e+03  9.99378e-01  1.00000e+00
 1.80931e+03  9.98762e-01  9.99998e-01
 1.80933e+03  9.98096e-01  9.99993e-01
 1.80935e+03  9.99065e-01  9.99990e-01
 1.80937e+03  9.98881e-01  9.99986e-01
 1.80939e+03  9.99853e-01  9.99984e-01
 1.80941e+03  9.98726e-01  9.99981e-01
 1.80943e+03  9.99909e-01  9.99980e-01
 1.80945e+03  9.98271e-01  9.99978e-01
 1.80947e+03  9.99112e-01  9.99978e-01
 1.80950e+03  9.97877e-01  9.99978e-01
 1.80952e+03  9.99291e-01  9.99978e-01
 1.80954e+03  9.98345e-01  9.99979e-01
 1.80956e+03  9.99860e-01  9.99981e-01
 1.80958e+03  9.99211e-01  9.99983e-01
 1.80960e+03  9.99446e-01  9.99986e-01
 1.80962e+03  9.97523e-01  9.99989e-01
 1.80964e+03  9.99230e-01  9.99993e-01
 1.80966e+03  9.99473e-01  9.99997e-01
 1.80968e+03  1.00035e+00  1.00000e+00
 1.80970e+03  9.99284e-01  1.00001e+00
 1.80972e+03  1.00048e+00  1.00001e+00
 1.80975e+03  9.98793e-01  1.00002e+00
 1.80977e+03  9.99500e-01  1.00003e+00
 1.80979e+03  9.98582e-01  1.00003e+00
 1.80981e+03  9.98927e-01  1.00004e+00
 1.80983e+03  9.98351e-01  1.00005e+00
 1.80985e+03  9.98437e-01  1.00006e+00
 1.80987e+03  9.99896e-01  1.00007e+00
 1.80989e+03  1.00077e+00  1.00008e+00
 1.80991e+03  1.00050e+00  1.00009e+00
 1.80993e+03  9.99969e-01  1.00011e+00
 1.80995e+03  9.99709e-01  1.00012e+00
 1.80997e+03  9.99035e-01  1.00013e+00
 1.81000e+03  9.98999e-01  1.00014e+00
 1.81002e+03  9.98998e-01  1.00016e+00
 1.81004e+03  9.98776e-01  1.00017e+00
 1.81006e+03  9.98581e-01  1.00019e+00
 1.81008e+03  9.98769e-01  1.00020e+00
 1.81010e+03  1.00007e+00  1.00022e+00
 1.81012e+03  1.00038e+00  1.00024e+00
 1.81014e+03  1.00160e+00  1.00025e+00
 1.81016e+03  1.00171e+00  1.00027e+00
 1.81018e+03  1.00226e+00  1.00029e+00
 1.81020e+03  9.99309e-01  1.00031e+00
 1.81022e+03  9.99820e-01  1.00033e+00
 1.81025e+03  1.00311e+00  1.00035e+00
 1.81027e+03  9.99172e-01  1.00037e+00
 1.81029e+03  1.00111e+00  1.00039e+00
 1.81031e+03  1.00393e+00  1.00041e+00
 1.81033e+03  1.00129e+00  1.00043e+00
 1.81035e+03  1.00207e+00  1.00045e+00
 1.81037e+03  1.00125e+00  1.00048e+00
 1.81039e+03  9.99651e-01  1.00050e+00
 1.81041e+03  1.00106e+00  1.00052e+00
 1.81043e+03  1.00235e+00  1.00054e+00
 1.81045e+03  1.00098e+00  1.00057e+00
 1.81047e+03  1.00226e+00  1.00059e+00
 1.81050e+03  1.00157e+00  1.00062e+00
 1.81052e+03  1.00051e+00  1.00064e+00
 1.81054e+03  1.00183e+00  1.00066e+00
 1.81056e+03  1.00438e+00  1.00069e+00
 1.81058e+03  1.00253e+00  1.00071e+00
 1.81060e+03  1.00203e+00  1.00074e+00
 1.81062e+03  1.00303e+00  1.00076e+00
 1.81064e+03  1.00332e+00  1.00079e+00
 1.81066e+03  1.00187e+00  1.00081e+00
 1.81068e+03  1.00292e+00  1.00083e+00
 1.81070e+03  1.00358e+00  1.00086e+00
 1.81072e+03  1.00334e+00  1.00088e+00
 1.81075e+03  1.00125e+00  1.00090e+00
 1.81077e+03  1.00553e+00  1.00093e+00
 1.81079e+03  1.00677e+00  1.00095e+00
 1.81081e+03  1.00686e+00  1.00097e+00
 1.81083e+03  1.00733e+00  1.00099e+00
 1.81085e+03  1.00997e+00  1.00101e+00
 1.81087e+03  1.00865e+00  1.00103e+00
 1.81089e+03  1.01050e+00  1.00105e+00
 1.81091e+03  1.01045e+00  1.00107e+00
 1.81093e+03  1.00997e+00  1.00109e+00
 1.81095e+03  1.01148e+00  1.00110e+00
 1.81097e+03  1.01125e+00  1.00112e+00
 1.81100e+03  1.01128e+00  1.00113e+00
 1.81102e+03  1.01024e+00  1.00115e+00
 1.81104e+03  1.00978e+00  1.00116e+00
 1.81106e+03  1.01051e+00  1.00117e+00
 1.81110e+03  1.00716e+00  1.00119e+00
 1.81112e+03  1.00655e+00  1.00120e+00
 1.81114e+03  1.00521e+00  1.00121e+00
 1.81116e+03  1.00500e+00  1.00121e+00
 1.81118e+03  1.00277e+00  1.00122e+00
 1.81120e+03  1.00414e+00  1.00122e+00
 1.81122e+03  1.00378e+00  1.00122e+00
 1.81125e+03  1.00187e+00  1.00123e+00
 1.81127e+03  1.00303e+00  1.00123e+00
 1.81129e+03  1.00070e+00  1.00122e+00
 1.81131e+03  1.00263e+00  1.00122e+00
 1.81133e+03  1.00130e+00  1.00122e+00
 1.81135e+03  1.00117e+00  1.00121e+00
 1.81137e+03  1.00028e+00  1.00121e+00
 1.81139e+03  1.00056e+00  1.00120e+00
 1.81141e+03  1.00006e+00  1.00119e+00
 1.81143e+03  9.99769e-01  1.00119e+00
 1.81145e+03  9.99186e-01  1.00118e+00
 1.81147e+03  1.00084e+00  1.00117e+00
 1.81150e+03  9.99108e-01  1.00115e+00
 1.81152e+03  1.00014e+00  1.00114e+00
 1.81154e+03  1.00060e+00  1.00113e+00
 1.81156e+03  9.99980e-01  1.00111e+00
 1.81158e+03  9.99104e-01  1.00110e+00
 1.81160e+03  9.99603e-01  1.00108e+00
 1.81162e+03  9.98347e-01  1.00107e+00
 1.81164e+03  9.99853e-01  1.00105e+00
 1.81166e+03  9.98964e-01  1.00103e+00
 1.81168e+03  9.98640e-01  1.00102e+00
 1.81170e+03  9.98461e-01  1.00100e+00
 1.81172e+03  9.98457e-01  1.00098e+00
 1.81175e+03  9.96456e-01  1.00096e+00
 1.81177e+03  9.96211e-01  1.00094e+00
 1.81179e+03  9.96846e-01  1.00092e+00
 1.81181e+03  9.99765e-01  1.00090e+00
 1.81183e+03  9.97952e-01  1.00088e+00
 1.81185e+03  9.98031e-01  1.00086e+00
 1.81187e+03  9.98438e-01  1.00084e+00
 1.81189e+03  9.99558e-01  1.00082e+00
 1.81191e+03  9.99320e-01  1.00080e+00
 1.81193e+03  9.98905e-01  1.00078e+00
 1.81195e+03  9.98342e-01  1.00075e+00
 1.81197e+03  9.99791e-01  1.00073e+00
 1.81200e+03  1.00003e+00  1.00071e+00
 1.81202e+03  9.99608e-01  1.00069e+00
 1.81204e+03  9.99105e-01  1.00067e+00
 1.81206e+03  9.99133e-01  1.00065e+00
 1.81208e+03  9.99103e-01  1.00063e+00
 1.81210e+03  9.99047e-01  1.00061e+00
 1.81212e+03  9.98800e-01  1.00059e+00
 1.81214e+03  9.99888e-01  1.00057e+00
 1.81216e+03  9.99439e-01  1.00054e+00
 1.81218e+03  9.99426e-01  1.00052e+00
 1.81220e+03  9.99350e-01  1.00050e+00
 1.81222e+03  1.00072e+00  1.00048e+00
 1.81225e+03  9.99857e-01  1.00046e+00
 1.81227e+03  9.98946e-01  1.00045e+00
 1.81229e+03  1.00036e+00  1.00043e+00
 1.81231e+03  1.00001e+00  1.00041e+00
 1.81233e+03  9.99353e-01  1.00039e+00
 1.81235e+03  9.99679e-01  1.00037e+00
 1.81237e+03  9.99723e-01  1.00035e+00
 1.81239e+03  9.98968e-01  1.00034e+00
 1.81241e+03  9.99765e-01  1.00032e+00
 1.81243e+03  1.00101e+00  1.00030e+00
 1.81245e+03  9.99333e-01  1.00028e+00
 1.81247e+03  9.99618e-01  1.00027e+00
 1.81252e+03  9.99782e-01  1.00024e+00
 1.81254e+03  1.00013e+00  1.00022e+00
 1.81256e+03  9.99192e-01  1.00021e+00
 1.81258e+03  9.99225e-01  1.00019e+00
 1.81260e+03  9.98942e-01  1.00018e+00
 1.81262e+03  9.97980e-01  1.00017e+00
 1.81264e+03  1.00153e+00  1.00015e+00
 1.81266e+03  1.00264e+00  1.00014e+00
 1.81268e+03  1.00363e+00  1.00013e+00
 1.81270e+03  9.99805e-01  1.00012e+00
 1.81272e+03  1.00180e+00  1.00010e+00
 1.81275e+03  1.00279e+00  1.00009e+00
 1.81277e+03  1.00087e+00  1.00008e+00
 1.81279e+03  1.00316e+00  1.00007e+00
 1.81281e+03  1.00027e+00  1.00006e+00
 1.81283e+03  1.00039e+00  1.00005e+00
 1.81287e+03  1.00096e+00  1.00004e+00
 1.81289e+03  1.00018e+00  1.00003e+00
 1.81291e+03  1.00204e+00  1.00002e+00
 1.81293e+03  9.99561e-01  1.00002e+00
 1.81295e+03  1.00232e+00  1.00001e+00
 1.81297e+03  1.00078e+00  1.00001e+00
 1.81300e+03  1.00434e+00  1.00000e+00
 1.81302e+03  1.00189e+00  9.99996e-01
 1.81304e+03  1.00363e+00  9.99991e-01
 1.81306e+03  1.00188e+00  9.99988e-01
 1.81308e+03  1.00307e+00  9.99985e-01
 1.81310e+03  1.00114e+00  9.99982e-01
 1.81312e+03  1.00193e+00  9.99980e-01
 1.81314e+03  1.00112e+00  9.99979e-01
 1.81316e+03  1.00280e+00  9.99978e-01
 1.81318e+03  1.00319e+00  9.99978e-01
 1.81320e+03  1.00360e+00  9.99978e-01
 1.81322e+03  1.00390e+00  9.99979e-01
 1.81325e+03  1.00128e+00  9.99980e-01
 1.81327e+03  1.00395e+00  9.99982e-01
 1.81329e+03  1.00207e+00  9.99984e-01
 1.81331e+03  1.00152e+00  9.99987e-01
 1.81333e+03  9.99264e-01  9.99991e-01
 1.81335e+03  1.00177e+00  9.99995e-01
 1.81339e+03  1.00088e+00  1.00000e+00
 1.81341e+03  9.99512e-01  1.00001e+00
 1.81343e+03  9.98228e-01  1.00002e+00
 1.81345e+03  1.00042e+00  1.00002e+00
 1.81347e+03  9.99476e-01  1.00003e+00
 1.81350e+03  9.98938e-01  1.00004e+00
 1.81352e+03  9.98740e-01  1.00005e+00
 1.81354e+03  9.98610e-01  1.00006e+00
 1.81356e+03  9.99068e-01  1.00007e+00
 1.81358e+03  9.96615e-01  1.00008e+00
 1.81360e+03  9.98345e-01  1.00009e+00
 1.81362e+03  9.99340e-01  1.00010e+00
 1.81364e+03  9.98559e-01  1.00011e+00
 1.81366e+03  9.99189e-01  1.00012e+00
 1.81368e+03  9.99004e-01  1.00014e+00
 1.81370e+03  1.00008e+00  1.00015e+00
 1.81372e+03  1.00196e+00  1.00017e+00
 1.81375e+03  1.00168e+00  1.00018e+00
 1.81377e+03  1.00224e+00  1.00020e+00
 1.81379e+03  1.00403e+00  1.00021e+00
 1.81381e+03  1.00522e+00  1.00023e+00
 1.81383e+03  1.00663e+00  1.00025e+00
 1.81385e+03  1.00686e+00  1.00026e+00
 1.81387e+03  1.00753e+00  1.00028e+00
 1.81389e+03  1.00723e+00  1.00030e+00
 1.81391e+03  1.00667e+00  1.00032e+00
 1.81393e+03  1.00555e+00  1.00034e+00
 1.81395e+03  1.00462e+00  1.00036e+00
 1.81397e+03  1.00453e+00  1.00038e+00
 1.81400e+03  1.00520e+00  1.00040e+00
 1.81402e+03  1.00495e+00  1.00042e+00
 1.81404e+03  1.00183e+00  1.00044e+00
 1.81406e+03  1.00106e+00  1.00046e+00
 1.81408e+03  1.00014e+00  1.00049e+00
 1.81410e+03  9.98705e-01  1.00051e+00
 1.81412e+03  9.98934e-01  1.00053e+00
 1.81414e+03  9.97082e-01  1.00056e+00
 1.81416e+03  9.96288e-01  1.00058e+00
 1.81418e+03  9.99333e-01  1.00060e+00
 1.81420e+03  1.00194e+00  1.00063e+00
 1.81422e+03  9.98969e-01  1.00065e+00
 1.81425e+03  9.99610e-01  1.00068e+00
 1.81427e+03  9.97286e-01  1.00070e+00
 1.81429e+03  9.98770e-01  1.00072e+00
 1.81431e+03  9.99873e-01  1.00075e+00
 1.81433e+03  9.98046e-01  1.00077e+00
 1.81435e+03  9.98599e-01  1.00080e+00
 1.81437e+03  9.99398e-01  1.00082e+00
 1.81439e+03  9.97814e-01  1.00084e+00
 1.81441e+03  9.95846e-01  1.00087e+00
 1.81443e+03  9.94775e-01  1.00089e+00
 1.81445e+03  9.94660e-01  1.00091e+00
 1.81447e+03  9.94847e-01  1.00094e+00
 1.81450e+03  9.92142e-01  1.00096e+00
 1.81452e+03  9.94032e-01  1.00098e+00
 1.81454e+03  9.92881e-01  1.00100e+00
 1.81456e+03  9.92383e-01  1.00102e+00
 1.81458e+03  9.93948e-01  1.00104e+00
 1.81460e+03  9.92133e-01  1.00106e+00
 1.81462e+03  9.92908e-01  1.00108e+00
 1.81464e+03  9.87302e-01  1.00109e+00
 1.81466e+03  9.83237e-01  1.00111e+00
 1.81468e+03  9.80713e-01  1.00113e+00
 1.81470e+03  9.78024e-01  1.00114e+00
 1.81472e+03  9.77223e-01  1.00115e+00
 1.81475e+03  9.77273e-01  1.00117e+00
 1.81477e+03  9.78498e-01  1.00118e+00
 1.81479e+03  9.83103e-01  1.00119e+00
 1.81481e+03  9.88977e-01  1.00120e+00
 1.81483e+03  9.93987e-01  1.00120e+00
 1.81485e+03  1.00331e+00  1.00121e+00
 1.81487e+03  1.00903e+00  1.00122e+00
 1.81489e+03  1.02415e+00  1.00122e+00
 1.81491e+03  1.04248e+00  1.00122e+00
 1.81493e+03  1.06373e+00  1.00123e+00
