1923
 1.73868e+03  1.00664e+00  1.00109e+00
 1.73870e+03  1.00627e+00  1.00110e+00
 1.73872e+03  1.00688e+00  1.00112e+00
 1.73874e+03  1.00698e+00  1.00113e+00
 1.73876e+03  1.00631e+00  1.00114e+00
 1.73878e+03  1.00619e+00  1.00115e+00
 1.73881e+03  1.00657e+00  1.00117e+00
 1.73883e+03  1.00659e+00  1.00118e+00
 1.73885e+03  1.00583e+00  1.00119e+00
 1.73887e+03  1.00577e+00  1.00121e+00
 1.73889e+03  1.00493e+00  1.00122e+00
 1.73891e+03  1.00592e+00  1.00123e+00
 1.73893e+03  1.00527e+00  1.00125e+00
 1.73895e+03  1.00541e+00  1.00126e+00
 1.73897e+03  1.00608e+00  1.00127e+00
 1.73899e+03  1.00584e+00  1.00129e+00
 1.73901e+03  1.00548e+00  1.00130e+00
 1.73903e+03  1.00568e+00  1.00131e+00
 1.73906e+03  1.00589e+00  1.00133e+00
 1.73908e+03  1.00531e+00  1.00134e+00
 1.73910e+03  1.00493e+00  1.00135e+00
 1.73912e+03  1.00504e+00  1.00137e+00
 1.73914e+03  1.00381e+00  1.00138e+00
 1.73916e+03  1.00403e+00  1.00139e+00
 1.73918e+03  1.00376e+00  1.00140e+00
 1.73920e+03  1.00477e+00  1.00142e+00
 1.73922e+03  1.00522e+00  1.00143e+00
 1.73924e+03  1.00284e+00  1.00144e+00
 1.73926e+03  1.00287e+00  1.00145e+00
 1.73928e+03  1.00281e+00  1.00146e+00
 1.73931e+03  1.00377e+00  1.00148e+00
 1.73933e+03  1.00363e+00  1.00149e+00
 1.73935e+03  1.00454e+00  1.00150e+00
 1.73937e+03  1.00246e+00  1.00151e+00
 1.73939e+03  1.00332e+00  1.00152e+00
 1.73943e+03  1.00246e+00  1.00154e+00
 1.73947e+03  1.00030e+00  1.00156e+00
 1.73949e+03  1.00080e+00  1.00156e+00
 1.73951e+03  1.00109e+00  1.00157e+00
 1.73953e+03  1.00019e+00  1.00158e+00
 1.73956e+03  1.00009e+00  1.00159e+00
 1.73958e+03  1.00190e+00  1.00159e+00
 1.73960e+03  1.00057e+00  1.00160e+00
 1.73962e+03  1.00010e+00  1.00160e+00
 1.73964e+03  1.00153e+00  1.00161e+00
 1.73966e+03  1.00234e+00  1.00161e+00
 1.73968e+03  1.00206e+00  1.00162e+00
 1.73970e+03  1.00227e+00  1.00162e+00
 1.73972e+03  9.99421e-01  1.00162e+00
 1.73974e+03  1.00259e+00  1.00162e+00
 1.73976e+03  1.00316e+00  1.00163e+00
 1.73978e+03  1.00403e+00  1.00163e+00
 1.73981e+03  1.00409e+00  1.00163e+00
 1.73983e+03  1.00460e+00  1.00163e+00
 1.73985e+03  1.00569e+00  1.00163e+00
 1.73987e+03  1.00588e+00  1.00163e+00
 1.73989e+03  1.00627e+00  1.00162e+00
 1.73991e+03  1.00563e+00  1.00162e+00
 1.73993e+03  1.00534e+00  1.00162e+00
 1.73995e+03  1.00758e+00  1.00162e+00
 1.73997e+03  1.00726e+00  1.00161e+00
 1.73999e+03  1.00709e+00  1.00161e+00
 1.74001e+03  1.00596e+00  1.00160e+00
 1.74003e+03  1.00679e+00  1.00160e+00
 1.74006e+03  1.00584e+00  1.00159e+00
 1.74008e+03  1.00565e+00  1.00158e+00
 1.74010e+03  1.00411e+00  1.00158e+00
 1.74012e+03  1.00497e+00  1.00157e+00
 1.74014e+03  1.00403e+00  1.00156e+00
 1.74016e+03  1.00438e+00  1.00155e+00
 1.74018e+03  1.00280e+00  1.00154e+00
 1.74020e+03  1.00274e+00  1.00153e+00
 1.74022e+03  1.00369e+00  1.00153e+00
 1.74024e+03  1.00369e+00  1.00152e+00
 1.74026e+03  1.00084e+00  1.00150e+00
 1.74028e+03  1.00270e+00  1.00149e+00
 1.74031e+03  1.00215e+00  1.00148e+00
 1.74033e+03  1.00186e+00  1.00147e+00
 1.74035e+03  9.99623e-01  1.00146e+00
 1.74037e+03  9.99268e-01  1.00145e+00
 1.74039e+03  1.00019e+00  1.00144e+00
 1.74041e+03  1.00024e+00  1.00143e+00
 1.74043e+03  1.00104e+00  1.00141e+00
 1.74045e+03  1.00011e+00  1.00140e+00
 1.74047e+03  1.00019e+00  1.00139e+00
 1.74049e+03  9.98691e-01  1.00137e+00
 1.74051e+03  9.98850e-01  1.00136e+00
 1.74053e+03  9.97974e-01  1.00135e+00
 1.74056e+03  9.97728e-01  1.00134e+00
 1.74058e+03  9.99556e-01  1.00132e+00
 1.74060e+03  9.99204e-01  1.00131e+00
 1.74062e+03  9.99965e-01  1.00130e+00
 1.74064e+03  9.99242e-01  1.00128e+00
 1.74066e+03  9.99216e-01  1.00127e+00
 1.74068e+03  9.98660e-01  1.00126e+00
 1.74070e+03  9.99640e-01  1.00124e+00
 1.74074e+03  9.99492e-01  1.00122e+00
 1.74076e+03  9.99485e-01  1.00120e+00
 1.74081e+03  9.99313e-01  1.00118e+00
 1.74083e+03  9.97885e-01  1.00116e+00
 1.74085e+03  1.00028e+00  1.00115e+00
 1.74087e+03  9.97488e-01  1.00114e+00
 1.74089e+03  9.98925e-01  1.00112e+00
 1.74091e+03  9.99363e-01  1.00111e+00
 1.74093e+03  9.99809e-01  1.00110e+00
 1.74097e+03  9.98238e-01  1.00107e+00
 1.74099e+03  9.97362e-01  1.00106e+00
 1.74101e+03  9.98414e-01  1.00105e+00
 1.74103e+03  9.98193e-01  1.00104e+00
 1.74106e+03  9.97843e-01  1.00103e+00
 1.74108e+03  9.97882e-01  1.00101e+00
 1.74110e+03  9.99098e-01  1.00100e+00
 1.74112e+03  9.97954e-01  1.00099e+00
 1.74114e+03  9.98110e-01  1.00098e+00
 1.74116e+03  9.97551e-01  1.00097e+00
 1.74118e+03  9.98170e-01  1.00096e+00
 1.74120e+03  9.97988e-01  1.00095e+00
 1.74122e+03  9.98941e-01  1.00094e+00
 1.74124e+03  9.98702e-01  1.00093e+00
 1.74126e+03  9.99217e-01  1.00092e+00
 1.74128e+03  9.99090e-01  1.00090e+00
 1.74131e+03  9.99798e-01  1.00089e+00
 1.74133e+03  9.98954e-01  1.00088e+00
 1.74135e+03  9.99070e-01  1.00088e+00
 1.74137e+03  9.99836e-01  1.00087e+00
 1.74139e+03  9.99899e-01  1.00086e+00
 1.74141e+03  9.99452e-01  1.00085e+00
 1.74143e+03  9.98160e-01  1.00084e+00
 1.74145e+03  9.98300e-01  1.00083e+00
 1.74147e+03  9.98765e-01  1.00082e+00
 1.74149e+03  9.99062e-01  1.00081e+00
 1.74151e+03  9.98171e-01  1.00080e+00
 1.74153e+03  9.97915e-01  1.00079e+00
 1.74156e+03  9.97147e-01  1.00079e+00
 1.74158e+03  9.98335e-01  1.00078e+00
 1.74160e+03  9.98786e-01  1.00077e+00
 1.74162e+03  9.98695e-01  1.00076e+00
 1.74164e+03  9.98943e-01  1.00075e+00
 1.74166e+03  9.97765e-01  1.00075e+00
 1.74168e+03  9.96933e-01  1.00074e+00
 1.74170e+03  9.97631e-01  1.00073e+00
 1.74172e+03  9.97952e-01  1.00072e+00
 1.74174e+03  9.98704e-01  1.00072e+00
 1.74178e+03  9.97424e-01  1.00070e+00
 1.74181e+03  9.98207e-01  1.00070e+00
 1.74185e+03  9.97326e-01  1.00068e+00
 1.74187e+03  9.97464e-01  1.00068e+00
 1.74191e+03  9.97133e-01  1.00066e+00
 1.74193e+03  9.96991e-01  1.00066e+00
 1.74195e+03  9.94772e-01  1.00065e+00
 1.74197e+03  9.95699e-01  1.00065e+00
 1.74199e+03  9.96445e-01  1.00064e+00
 1.74201e+03  9.95567e-01  1.00064e+00
 1.74203e+03  9.95472e-01  1.00063e+00
 1.74206e+03  9.95541e-01  1.00063e+00
 1.74208e+03  9.95859e-01  1.00062e+00
 1.74210e+03  9.95850e-01  1.00061e+00
 1.74212e+03  9.94575e-01  1.00061e+00
 1.74214e+03  9.95996e-01  1.00060e+00
 1.74216e+03  9.95310e-01  1.00060e+00
 1.74218e+03  9.95652e-01  1.00059e+00
 1.74222e+03  9.95715e-01  1.00059e+00
 1.74226e+03  9.98580e-01  1.00058e+00
 1.74228e+03  9.97945e-01  1.00057e+00
 1.74231e+03  9.98798e-01  1.00057e+00
 1.74233e+03  9.98619e-01  1.00056e+00
 1.74235e+03  1.00075e+00  1.00056e+00
 1.74237e+03  1.00144e+00  1.00056e+00
 1.74239e+03  1.00182e+00  1.00055e+00
 1.74241e+03  1.00108e+00  1.00055e+00
 1.74243e+03  1.00062e+00  1.00054e+00
 1.74245e+03  1.00245e+00  1.00054e+00
 1.74249e+03  1.00339e+00  1.00053e+00
 1.74251e+03  1.00245e+00  1.00053e+00
 1.74253e+03  1.00298e+00  1.00053e+00
 1.74256e+03  1.00248e+00  1.00052e+00
 1.74258e+03  1.00185e+00  1.00052e+00
 1.74260e+03  1.00384e+00  1.00052e+00
 1.74262e+03  1.00087e+00  1.00051e+00
 1.74264e+03  1.00065e+00  1.00051e+00
 1.74266e+03  1.00082e+00  1.00051e+00
 1.74268e+03  1.00213e+00  1.00050e+00
 1.74270e+03  1.00158e+00  1.00050e+00
 1.74272e+03  1.00070e+00  1.00050e+00
 1.74274e+03  9.99369e-01  1.00049e+00
 1.74276e+03  1.00067e+00  1.00049e+00
 1.74278e+03  1.00018e+00  1.00049e+00
 1.74281e+03  1.00065e+00  1.00048e+00
 1.74283e+03  1.00071e+00  1.00048e+00
 1.74285e+03  9.99790e-01  1.00048e+00
 1.74287e+03  9.98610e-01  1.00048e+00
 1.74289e+03  9.98205e-01  1.00047e+00
 1.74291e+03  9.99111e-01  1.00047e+00
 1.74293e+03  9.97908e-01  1.00047e+00
 1.74295e+03  9.96894e-01  1.00047e+00
 1.74297e+03  9.97820e-01  1.00046e+00
 1.74299e+03  9.97053e-01  1.00046e+00
 1.74301e+03  9.96973e-01  1.00046e+00
 1.74303e+03  9.98963e-01  1.00046e+00
 1.74306e+03  9.96737e-01  1.00045e+00
 1.74308e+03  9.96043e-01  1.00045e+00
 1.74310e+03  9.96545e-01  1.00045e+00
 1.74312e+03  9.97513e-01  1.00045e+00
 1.74314e+03  9.97759e-01  1.00045e+00
 1.74316e+03  9.96823e-01  1.00044e+00
 1.74318e+03  9.96364e-01  1.00044e+00
 1.74320e+03  9.97211e-01  1.00044e+00
 1.74322e+03  9.96466e-01  1.00044e+00
 1.74324e+03  9.98413e-01  1.00044e+00
 1.74326e+03  9.98794e-01  1.00043e+00
 1.74328e+03  9.98461e-01  1.00043e+00
 1.74331e+03  9.98268e-01  1.00043e+00
 1.74333e+03  9.98586e-01  1.00043e+00
 1.74335e+03  9.97986e-01  1.00043e+00
 1.74337e+03  9.98927e-01  1.00042e+00
 1.74339e+03  9.98334e-01  1.00042e+00
 1.74341e+03  9.98567e-01  1.00042e+00
 1.74343e+03  9.97307e-01  1.00042e+00
 1.74345e+03  9.96453e-01  1.00042e+00
 1.74347e+03  9.98342e-01  1.00042e+00
 1.74349e+03  9.98493e-01  1.00041e+00
 1.74351e+03  9.99091e-01  1.00041e+00
 1.74353e+03  9.97532e-01  1.00041e+00
 1.74356e+03  9.97171e-01  1.00041e+00
 1.74358e+03  9.97218e-01  1.00041e+00
 1.74360e+03  9.98145e-01  1.00041e+00
 1.74362e+03  9.97005e-01  1.00041e+00
 1.74364e+03  9.97656e-01  1.00040e+00
 1.74366e+03  9.97251e-01  1.00040e+00
 1.74368e+03  9.98201e-01  1.00040e+00
 1.74370e+03  9.98444e-01  1.00040e+00
 1.74372e+03  9.98105e-01  1.00040e+00
 1.74374e+03  9.98185e-01  1.00040e+00
 1.74376e+03  9.99412e-01  1.00040e+00
 1.74378e+03  1.00049e+00  1.00039e+00
 1.74381e+03  9.99030e-01  1.00039e+00
 1.74383e+03  9.98576e-01  1.00039e+00
 1.74385e+03  9.99256e-01  1.00039e+00
 1.74387e+03  9.98349e-01  1.00039e+00
 1.74389e+03  1.00204e+00  1.00039e+00
 1.74391e+03  9.99075e-01  1.00039e+00
 1.74393e+03  9.98616e-01  1.00039e+00
 1.74395e+03  9.97134e-01  1.00038e+00
 1.74397e+03  9.98837e-01  1.00038e+00
 1.74399e+03  9.99673e-01  1.00038e+00
 1.74401e+03  9.99534e-01  1.00038e+00
 1.74403e+03  9.98418e-01  1.00038e+00
 1.74406e+03  9.97974e-01  1.00038e+00
 1.74408e+03  9.98790e-01  1.00038e+00
 1.74410e+03  1.00073e+00  1.00038e+00
 1.74412e+03  1.00050e+00  1.00038e+00
 1.74414e+03  9.99158e-01  1.00037e+00
 1.74416e+03  9.99588e-01  1.00037e+00
 1.74418e+03  1.00069e+00  1.00037e+00
 1.74420e+03  9.99392e-01  1.00037e+00
 1.74422e+03  9.99560e-01  1.00037e+00
 1.74424e+03  9.97320e-01  1.00037e+00
 1.74426e+03  9.98938e-01  1.00037e+00
 1.74428e+03  9.98660e-01  1.00037e+00
 1.74431e+03  9.97919e-01  1.00037e+00
 1.74433e+03  9.97900e-01  1.00037e+00
 1.74435e+03  9.97333e-01  1.00037e+00
 1.74437e+03  9.96107e-01  1.00036e+00
 1.74439e+03  9.98855e-01  1.00036e+00
 1.74441e+03  9.97295e-01  1.00036e+00
 1.74443e+03  9.96449e-01  1.00036e+00
 1.74445e+03  9.95648e-01  1.00036e+00
 1.74447e+03  9.97335e-01  1.00036e+00
 1.74449e+03  9.97043e-01  1.00036e+00
 1.74451e+03  9.94890e-01  1.00036e+00
 1.74456e+03  9.97161e-01  1.00036e+00
 1.74458e+03  9.97153e-01  1.00036e+00
 1.74460e+03  9.96365e-01  1.00036e+00
 1.74462e+03  9.96062e-01  1.00035e+00
 1.74464e+03  9.97183e-01  1.00035e+00
 1.74466e+03  9.97906e-01  1.00035e+00
 1.74468e+03  9.99011e-01  1.00035e+00
 1.74470e+03  9.96451e-01  1.00035e+00
 1.74472e+03  9.98363e-01  1.00035e+00
 1.74474e+03  9.97602e-01  1.00035e+00
 1.74476e+03  9.98550e-01  1.00035e+00
 1.74478e+03  9.99172e-01  1.00035e+00
 1.74481e+03  1.00030e+00  1.00035e+00
 1.74483e+03  1.00084e+00  1.00035e+00
 1.74485e+03  9.99965e-01  1.00035e+00
 1.74487e+03  1.00240e+00  1.00035e+00
 1.74489e+03  1.00233e+00  1.00035e+00
 1.74491e+03  1.00283e+00  1.00035e+00
 1.74493e+03  1.00399e+00  1.00034e+00
 1.74495e+03  1.00429e+00  1.00034e+00
 1.74497e+03  1.00375e+00  1.00034e+00
 1.74499e+03  1.00415e+00  1.00034e+00
 1.74501e+03  1.00598e+00  1.00034e+00
 1.74503e+03  1.00482e+00  1.00034e+00
 1.74506e+03  1.00510e+00  1.00034e+00
 1.74508e+03  1.00369e+00  1.00034e+00
 1.74510e+03  1.00566e+00  1.00034e+00
 1.74512e+03  1.00494e+00  1.00034e+00
 1.74514e+03  1.00393e+00  1.00034e+00
 1.74516e+03  1.00522e+00  1.00034e+00
 1.74518e+03  1.00512e+00  1.00034e+00
 1.74520e+03  1.00474e+00  1.00034e+00
 1.74522e+03  1.00350e+00  1.00034e+00
 1.74524e+03  1.00312e+00  1.00034e+00
 1.74526e+03  1.00279e+00  1.00034e+00
 1.74528e+03  1.00390e+00  1.00034e+00
 1.74531e+03  1.00295e+00  1.00033e+00
 1.74533e+03  1.00218e+00  1.00033e+00
 1.74535e+03  1.00175e+00  1.00033e+00
 1.74537e+03  1.00229e+00  1.00033e+00
 1.74539e+03  1.00320e+00  1.00033e+00
 1.74541e+03  1.00219e+00  1.00033e+00
 1.74543e+03  1.00162e+00  1.00033e+00
 1.74545e+03  1.00152e+00  1.00033e+00
 1.74547e+03  1.00107e+00  1.00033e+00
 1.74549e+03  1.00183e+00  1.00033e+00
 1.74551e+03  9.99544e-01  1.00033e+00
 1.74553e+03  1.00123e+00  1.00033e+00
 1.74556e+03  1.00064e+00  1.00033e+00
 1.74558e+03  9.99678e-01  1.00033e+00
 1.74560e+03  9.99925e-01  1.00033e+00
 1.74562e+03  9.99771e-01  1.00033e+00
 1.74564e+03  9.99031e-01  1.00033e+00
 1.74566e+03  1.00099e+00  1.00033e+00
 1.74568e+03  9.98643e-01  1.00033e+00
 1.74570e+03  1.00120e+00  1.00033e+00
 1.74572e+03  1.00052e+00  1.00033e+00
 1.74574e+03  1.00116e+00  1.00033e+00
 1.74576e+03  1.00076e+00  1.00032e+00
 1.74578e+03  1.00059e+00  1.00032e+00
 1.74581e+03  1.00040e+00  1.00032e+00
 1.74583e+03  1.00098e+00  1.00032e+00
 1.74585e+03  1.00133e+00  1.00032e+00
 1.74587e+03  1.00180e+00  1.00032e+00
 1.74591e+03  1.00046e+00  1.00032e+00
 1.74593e+03  1.00057e+00  1.00032e+00
 1.74595e+03  1.00177e+00  1.00032e+00
 1.74597e+03  1.00245e+00  1.00032e+00
 1.74599e+03  1.00096e+00  1.00032e+00
 1.74601e+03  1.00070e+00  1.00032e+00
 1.74603e+03  1.00156e+00  1.00032e+00
 1.74606e+03  1.00000e+00  1.00032e+00
 1.74608e+03  1.00094e+00  1.00032e+00
 1.74610e+03  1.00114e+00  1.00032e+00
 1.74612e+03  9.99966e-01  1.00032e+00
 1.74614e+03  1.00190e+00  1.00032e+00
 1.74616e+03  9.99564e-01  1.00032e+00
 1.74618e+03  9.99973e-01  1.00032e+00
 1.74620e+03  1.00064e+00  1.00032e+00
 1.74622e+03  1.00095e+00  1.00032e+00
 1.74624e+03  1.00124e+00  1.00032e+00
 1.74626e+03  1.00230e+00  1.00032e+00
 1.74628e+03  1.00206e+00  1.00032e+00
 1.74631e+03  1.00211e+00  1.00032e+00
 1.74633e+03  1.00223e+00  1.00032e+00
 1.74635e+03  1.00205e+00  1.00032e+00
 1.74637e+03  1.00048e+00  1.00032e+00
 1.74639e+03  1.00174e+00  1.00031e+00
 1.74641e+03  1.00377e+00  1.00031e+00
 1.74643e+03  1.00160e+00  1.00031e+00
 1.74645e+03  1.00103e+00  1.00031e+00
 1.74647e+03  1.00169e+00  1.00031e+00
 1.74649e+03  1.00178e+00  1.00031e+00
 1.74651e+03  1.00110e+00  1.00031e+00
 1.74653e+03  1.00208e+00  1.00031e+00
 1.74656e+03  1.00186e+00  1.00031e+00
 1.74658e+03  1.00082e+00  1.00031e+00
 1.74662e+03  1.00132e+00  1.00031e+00
 1.74664e+03  1.00215e+00  1.00031e+00
 1.74666e+03  1.00135e+00  1.00031e+00
 1.74668e+03  1.00066e+00  1.00031e+00
 1.74670e+03  1.00254e+00  1.00031e+00
 1.74672e+03  1.00092e+00  1.00031e+00
 1.74674e+03  1.00071e+00  1.00031e+00
 1.74676e+03  1.00052e+00  1.00031e+00
 1.74678e+03  1.00075e+00  1.00031e+00
 1.74681e+03  9.99681e-01  1.00031e+00
 1.74685e+03  9.99712e-01  1.00031e+00
 1.74687e+03  1.00052e+00  1.00031e+00
 1.74691e+03  1.00009e+00  1.00031e+00
 1.74693e+03  9.98838e-01  1.00031e+00
 1.74695e+03  9.99170e-01  1.00031e+00
 1.74697e+03  9.99393e-01  1.00031e+00
 1.74699e+03  9.99550e-01  1.00031e+00
 1.74701e+03  9.97943e-01  1.00031e+00
 1.74703e+03  9.98645e-01  1.00031e+00
 1.74706e+03  9.98898e-01  1.00031e+00
 1.74708e+03  9.99639e-01  1.00031e+00
 1.74710e+03  9.99169e-01  1.00031e+00
 1.74712e+03  9.98053e-01  1.00031e+00
 1.74714e+03  9.98732e-01  1.00031e+00
 1.74716e+03  9.98871e-01  1.00031e+00
 1.74718e+03  9.98042e-01  1.00031e+00
 1.74720e+03  9.97453e-01  1.00031e+00
 1.74722e+03  9.98487e-01  1.00031e+00
 1.74724e+03  9.99100e-01  1.00031e+00
 1.74726e+03  1.00001e+00  1.00031e+00
 1.74728e+03  9.98905e-01  1.00030e+00
 1.74731e+03  9.99932e-01  1.00030e+00
 1.74733e+03  1.00042e+00  1.00030e+00
 1.74735e+03  1.00237e+00  1.00030e+00
 1.74737e+03  1.00185e+00  1.00030e+00
 1.74739e+03  1.00375e+00  1.00030e+00
 1.74741e+03  1.00313e+00  1.00030e+00
 1.74743e+03  1.00429e+00  1.00030e+00
 1.74745e+03  1.00256e+00  1.00030e+00
 1.74747e+03  1.00497e+00  1.00030e+00
 1.74749e+03  1.00450e+00  1.00030e+00
 1.74751e+03  1.00542e+00  1.00030e+00
 1.74753e+03  1.00588e+00  1.00030e+00
 1.74756e+03  1.00522e+00  1.00030e+00
 1.74758e+03  1.00620e+00  1.00030e+00
 1.74760e+03  1.00357e+00  1.00030e+00
 1.74762e+03  1.00610e+00  1.00030e+00
 1.74764e+03  1.00509e+00  1.00030e+00
 1.74766e+03  1.00446e+00  1.00030e+00
 1.74768e+03  1.00428e+00  1.00030e+00
 1.74770e+03  1.00314e+00  1.00030e+00
 1.74772e+03  1.00282e+00  1.00030e+00
 1.74774e+03  1.00206e+00  1.00030e+00
 1.74776e+03  1.00119e+00  1.00030e+00
 1.74778e+03  1.00031e+00  1.00030e+00
 1.74781e+03  1.00170e+00  1.00030e+00
 1.74783e+03  1.00033e+00  1.00030e+00
 1.74785e+03  1.00073e+00  1.00030e+00
 1.74787e+03  1.00039e+00  1.00030e+00
 1.74789e+03  1.00066e+00  1.00030e+00
 1.74791e+03  9.99479e-01  1.00030e+00
 1.74793e+03  1.00012e+00  1.00030e+00
 1.74795e+03  1.00039e+00  1.00030e+00
 1.74797e+03  1.00002e+00  1.00030e+00
 1.74801e+03  9.99378e-01  1.00030e+00
 1.74803e+03  1.00071e+00  1.00030e+00
 1.74806e+03  9.97820e-01  1.00030e+00
 1.74808e+03  9.99137e-01  1.00030e+00
 1.74812e+03  9.97723e-01  1.00030e+00
 1.74814e+03  9.97684e-01  1.00030e+00
 1.74816e+03  9.99174e-01  1.00030e+00
 1.74818e+03  9.98215e-01  1.00030e+00
 1.74820e+03  9.97535e-01  1.00030e+00
 1.74822e+03  9.97955e-01  1.00030e+00
 1.74824e+03  9.97241e-01  1.00030e+00
 1.74826e+03  9.99735e-01  1.00030e+00
 1.74828e+03  9.98931e-01  1.00030e+00
 1.74831e+03  9.98630e-01  1.00030e+00
 1.74833e+03  9.99184e-01  1.00030e+00
 1.74835e+03  1.00030e+00  1.00030e+00
 1.74839e+03  9.99146e-01  1.00030e+00
 1.74841e+03  9.98831e-01  1.00030e+00
 1.74843e+03  9.99750e-01  1.00030e+00
 1.74845e+03  9.99219e-01  1.00030e+00
 1.74847e+03  9.97918e-01  1.00030e+00
 1.74849e+03  9.98295e-01  1.00030e+00
 1.74851e+03  9.98500e-01  1.00030e+00
 1.74856e+03  9.98300e-01  1.00030e+00
 1.74858e+03  9.98538e-01  1.00030e+00
 1.74860e+03  9.98875e-01  1.00030e+00
 1.74862e+03  9.97690e-01  1.00030e+00
 1.74864e+03  9.97999e-01  1.00030e+00
 1.74866e+03  9.98734e-01  1.00030e+00
 1.74868e+03  9.98394e-01  1.00030e+00
 1.74870e+03  9.99973e-01  1.00030e+00
 1.74872e+03  9.99607e-01  1.00029e+00
 1.74874e+03  9.99986e-01  1.00029e+00
 1.74876e+03  9.97991e-01  1.00029e+00
 1.74878e+03  1.00049e+00  1.00029e+00
 1.74881e+03  1.00008e+00  1.00029e+00
 1.74883e+03  1.00047e+00  1.00029e+00
 1.74885e+03  9.99082e-01  1.00029e+00
 1.74887e+03  9.99416e-01  1.00029e+00
 1.74889e+03  1.00024e+00  1.00029e+00
 1.74891e+03  1.00119e+00  1.00029e+00
 1.74893e+03  9.99468e-01  1.00029e+00
 1.74895e+03  1.00199e+00  1.00029e+00
 1.74897e+03  1.00074e+00  1.00029e+00
 1.74899e+03  1.00262e+00  1.00029e+00
 1.74901e+03  1.00093e+00  1.00029e+00
 1.74903e+03  9.98889e-01  1.00029e+00
 1.74906e+03  1.00110e+00  1.00029e+00
 1.74908e+03  1.00028e+00  1.00029e+00
 1.74910e+03  9.99795e-01  1.00029e+00
 1.74912e+03  9.98250e-01  1.00029e+00
 1.74914e+03  9.99299e-01  1.00029e+00
 1.74916e+03  9.99647e-01  1.00029e+00
 1.74918e+03  1.00064e+00  1.00029e+00
 1.74920e+03  1.00073e+00  1.00029e+00
 1.74922e+03  1.00026e+00  1.00029e+00
 1.74924e+03  1.00012e+00  1.00029e+00
 1.74926e+03  1.00018e+00  1.00029e+00
 1.74928e+03  1.00015e+00  1.00029e+00
 1.74931e+03  9.99407e-01  1.00029e+00
 1.74933e+03  9.99498e-01  1.00029e+00
 1.74935e+03  9.99053e-01  1.00029e+00
 1.74937e+03  1.00094e+00  1.00029e+00
 1.74939e+03  9.99248e-01  1.00029e+00
 1.74941e+03  9.98526e-01  1.00029e+00
 1.74943e+03  1.00001e+00  1.00029e+00
 1.74945e+03  9.98996e-01  1.00029e+00
 1.74947e+03  9.98471e-01  1.00029e+00
 1.74949e+03  9.99197e-01  1.00029e+00
 1.74951e+03  9.98958e-01  1.00029e+00
 1.74953e+03  9.98757e-01  1.00029e+00
 1.74956e+03  9.98302e-01  1.00029e+00
 1.74958e+03  9.95476e-01  1.00029e+00
 1.74960e+03  9.97776e-01  1.00029e+00
 1.74962e+03  9.98189e-01  1.00029e+00
 1.74964e+03  1.00186e+00  1.00029e+00
 1.74966e+03  1.00140e+00  1.00029e+00
 1.74968e+03  1.00238e+00  1.00029e+00
 1.74970e+03  1.00080e+00  1.00029e+00
 1.74972e+03  1.00118e+00  1.00029e+00
 1.74974e+03  1.00022e+00  1.00029e+00
 1.74976e+03  9.99053e-01  1.00029e+00
 1.74978e+03  1.00028e+00  1.00029e+00
 1.74981e+03  1.00103e+00  1.00029e+00
 1.74983e+03  1.00089e+00  1.00029e+00
 1.74985e+03  1.00131e+00  1.00029e+00
 1.74987e+03  1.00077e+00  1.00029e+00
 1.74989e+03  1.00193e+00  1.00029e+00
 1.74991e+03  1.00244e+00  1.00029e+00
 1.74993e+03  1.00212e+00  1.00029e+00
 1.74995e+03  1.00207e+00  1.00029e+00
 1.74997e+03  1.00062e+00  1.00029e+00
 1.74999e+03  1.00342e+00  1.00029e+00
 1.75001e+03  1.00223e+00  1.00029e+00
 1.75003e+03  1.00054e+00  1.00029e+00
 1.75006e+03  1.00266e+00  1.00029e+00
 1.75008e+03  1.00016e+00  1.00029e+00
 1.75010e+03  1.00029e+00  1.00029e+00
 1.75012e+03  9.99259e-01  1.00029e+00
 1.75014e+03  9.99580e-01  1.00029e+00
 1.75016e+03  9.97538e-01  1.00029e+00
 1.75018e+03  9.98130e-01  1.00029e+00
 1.75020e+03  9.98265e-01  1.00029e+00
 1.75022e+03  9.99135e-01  1.00029e+00
 1.75024e+03  1.00049e+00  1.00029e+00
 1.75026e+03  1.00068e+00  1.00029e+00
 1.75028e+03  1.00029e+00  1.00029e+00
 1.75031e+03  9.99509e-01  1.00029e+00
 1.75033e+03  9.99494e-01  1.00029e+00
 1.75035e+03  9.99891e-01  1.00029e+00
 1.75168e+03  9.99452e-01  1.00028e+00
 1.75170e+03  1.00144e+00  1.00028e+00
 1.75172e+03  1.00172e+00  1.00028e+00
 1.75174e+03  1.00101e+00  1.00028e+00
 1.75176e+03  9.99985e-01  1.00028e+00
 1.75178e+03  1.00172e+00  1.00028e+00
 1.75181e+03  1.00250e+00  1.00028e+00
 1.75183e+03  1.00310e+00  1.00028e+00
 1.75185e+03  1.00211e+00  1.00028e+00
 1.75187e+03  1.00168e+00  1.00028e+00
 1.75189e+03  1.00306e+00  1.00028e+00
 1.75191e+03  1.00271e+00  1.00028e+00
 1.75193e+03  1.00173e+00  1.00028e+00
 1.75195e+03  1.00047e+00  1.00028e+00
 1.75197e+03  1.00066e+00  1.00028e+00
 1.75199e+03  1.00104e+00  1.00028e+00
 1.75201e+03  1.00209e+00  1.00028e+00
 1.75203e+03  1.00115e+00  1.00028e+00
 1.75206e+03  1.00066e+00  1.00028e+00
 1.75208e+03  1.00410e+00  1.00028e+00
 1.75210e+03  1.00067e+00  1.00028e+00
 1.75212e+03  1.00007e+00  1.00028e+00
 1.75214e+03  9.99187e-01  1.00028e+00
 1.75216e+03  1.00148e+00  1.00028e+00
 1.75218e+03  1.00076e+00  1.00028e+00
 1.75220e+03  1.00076e+00  1.00028e+00
 1.75222e+03  9.98733e-01  1.00028e+00
 1.75224e+03  9.96730e-01  1.00028e+00
 1.75226e+03  9.97659e-01  1.00028e+00
 1.75228e+03  9.98927e-01  1.00028e+00
 1.75231e+03  9.97717e-01  1.00028e+00
 1.75233e+03  9.99552e-01  1.00028e+00
 1.75235e+03  9.98891e-01  1.00028e+00
 1.75237e+03  1.00032e+00  1.00028e+00
 1.75239e+03  9.99288e-01  1.00028e+00
 1.75241e+03  1.00084e+00  1.00028e+00
 1.75243e+03  9.99990e-01  1.00028e+00
 1.75245e+03  1.00154e+00  1.00028e+00
 1.75247e+03  1.00190e+00  1.00028e+00
 1.75249e+03  1.00053e+00  1.00028e+00
 1.75251e+03  1.00104e+00  1.00028e+00
 1.75253e+03  1.00233e+00  1.00028e+00
 1.75256e+03  1.00425e+00  1.00028e+00
 1.75258e+03  1.00251e+00  1.00028e+00
 1.75260e+03  1.00311e+00  1.00028e+00
 1.75262e+03  1.00340e+00  1.00028e+00
 1.75264e+03  1.00490e+00  1.00028e+00
 1.75266e+03  1.00314e+00  1.00028e+00
 1.75268e+03  1.00218e+00  1.00028e+00
 1.75270e+03  1.00274e+00  1.00028e+00
 1.75272e+03  1.00380e+00  1.00028e+00
 1.75274e+03  1.00185e+00  1.00028e+00
 1.75276e+03  1.00243e+00  1.00028e+00
 1.75278e+03  1.00052e+00  1.00028e+00
 1.75281e+03  1.00150e+00  1.00028e+00
 1.75283e+03  9.99653e-01  1.00028e+00
 1.75285e+03  1.00109e+00  1.00028e+00
 1.75287e+03  1.00108e+00  1.00028e+00
 1.75289e+03  1.00030e+00  1.00028e+00
 1.75291e+03  1.00207e+00  1.00028e+00
 1.75293e+03  1.00003e+00  1.00028e+00
 1.75295e+03  1.00017e+00  1.00028e+00
 1.75297e+03  1.00046e+00  1.00028e+00
 1.75299e+03  9.99366e-01  1.00028e+00
 1.75301e+03  9.99599e-01  1.00028e+00
 1.75303e+03  9.98466e-01  1.00028e+00
 1.75306e+03  1.00000e+00  1.00028e+00
 1.75308e+03  9.98932e-01  1.00028e+00
 1.75310e+03  9.98945e-01  1.00028e+00
 1.75312e+03  9.98766e-01  1.00028e+00
 1.75314e+03  9.98368e-01  1.00028e+00
 1.75316e+03  9.98898e-01  1.00028e+00
 1.75318e+03  9.97408e-01  1.00028e+00
 1.75320e+03  9.98300e-01  1.00028e+00
 1.75322e+03  9.97368e-01  1.00028e+00
 1.75324e+03  9.99083e-01  1.00028e+00
 1.75326e+03  9.97030e-01  1.00028e+00
 1.75328e+03  9.98948e-01  1.00028e+00
 1.75331e+03  9.98155e-01  1.00028e+00
 1.75333e+03  9.98488e-01  1.00028e+00
 1.75335e+03  9.98375e-01  1.00028e+00
 1.75337e+03  9.97531e-01  1.00028e+00
 1.75339e+03  9.96810e-01  1.00028e+00
 1.75341e+03  9.98802e-01  1.00028e+00
 1.75345e+03  9.97423e-01  1.00028e+00
 1.75347e+03  9.97164e-01  1.00028e+00
 1.75349e+03  9.98913e-01  1.00028e+00
 1.75351e+03  9.99014e-01  1.00028e+00
 1.75353e+03  9.98846e-01  1.00028e+00
 1.75356e+03  9.98959e-01  1.00028e+00
 1.75358e+03  9.98262e-01  1.00028e+00
 1.75360e+03  9.99306e-01  1.00028e+00
 1.75362e+03  9.99453e-01  1.00028e+00
 1.75364e+03  9.98427e-01  1.00028e+00
 1.75366e+03  9.98971e-01  1.00028e+00
 1.75368e+03  9.98181e-01  1.00028e+00
 1.75370e+03  1.00002e+00  1.00028e+00
 1.75372e+03  9.98992e-01  1.00028e+00
 1.75374e+03  9.98066e-01  1.00028e+00
 1.75376e+03  9.98235e-01  1.00028e+00
 1.75378e+03  9.98823e-01  1.00028e+00
 1.75381e+03  9.98259e-01  1.00028e+00
 1.75383e+03  9.98126e-01  1.00028e+00
 1.75385e+03  9.98162e-01  1.00028e+00
 1.75387e+03  9.98958e-01  1.00028e+00
 1.75389e+03  9.98208e-01  1.00028e+00
 1.75391e+03  9.98508e-01  1.00028e+00
 1.75393e+03  9.97509e-01  1.00028e+00
 1.75395e+03  1.00126e+00  1.00028e+00
 1.75397e+03  1.00014e+00  1.00028e+00
 1.75399e+03  9.97647e-01  1.00028e+00
 1.75401e+03  9.96861e-01  1.00028e+00
 1.75403e+03  9.99339e-01  1.00028e+00
 1.75406e+03  9.98037e-01  1.00028e+00
 1.75408e+03  9.97992e-01  1.00028e+00
 1.75410e+03  9.99445e-01  1.00028e+00
 1.75412e+03  9.98881e-01  1.00028e+00
 1.75414e+03  9.98174e-01  1.00028e+00
 1.75416e+03  9.99416e-01  1.00028e+00
 1.75418e+03  9.99339e-01  1.00028e+00
 1.75420e+03  9.98834e-01  1.00028e+00
 1.75422e+03  9.98374e-01  1.00028e+00
 1.75424e+03  9.97971e-01  1.00028e+00
 1.75426e+03  9.98090e-01  1.00028e+00
 1.75428e+03  9.97638e-01  1.00028e+00
 1.75431e+03  9.97878e-01  1.00028e+00
 1.75433e+03  9.99122e-01  1.00028e+00
 1.75435e+03  9.97385e-01  1.00028e+00
 1.75437e+03  9.97320e-01  1.00028e+00
 1.75439e+03  9.97932e-01  1.00028e+00
 1.75441e+03  9.97546e-01  1.00028e+00
 1.75443e+03  9.98281e-01  1.00028e+00
 1.75445e+03  9.97914e-01  1.00028e+00
 1.75447e+03  9.98063e-01  1.00028e+00
 1.75449e+03  9.98502e-01  1.00028e+00
 1.75451e+03  9.97354e-01  1.00028e+00
 1.75453e+03  9.97078e-01  1.00028e+00
 1.75456e+03  9.97462e-01  1.00028e+00
 1.75458e+03  9.97647e-01  1.00028e+00
 1.75460e+03  9.96714e-01  1.00028e+00
 1.75462e+03  9.98413e-01  1.00028e+00
 1.75464e+03  9.98862e-01  1.00028e+00
 1.75466e+03  9.96727e-01  1.00028e+00
 1.75468e+03  9.97234e-01  1.00028e+00
 1.75470e+03  9.96662e-01  1.00028e+00
 1.75472e+03  9.95919e-01  1.00028e+00
 1.75474e+03  9.97032e-01  1.00028e+00
 1.75476e+03  9.96469e-01  1.00028e+00
 1.75481e+03  9.96836e-01  1.00028e+00
 1.75483e+03  9.96943e-01  1.00028e+00
 1.75485e+03  9.96456e-01  1.00028e+00
 1.75487e+03  9.97485e-01  1.00028e+00
 1.75489e+03  9.99046e-01  1.00028e+00
 1.75491e+03  9.98840e-01  1.00028e+00
 1.75493e+03  9.98714e-01  1.00028e+00
 1.75495e+03  1.00016e+00  1.00028e+00
 1.75497e+03  1.00133e+00  1.00028e+00
 1.75499e+03  1.00158e+00  1.00028e+00
 1.75501e+03  1.00329e+00  1.00028e+00
 1.75503e+03  1.00399e+00  1.00028e+00
 1.75508e+03  1.00437e+00  1.00028e+00
 1.75510e+03  1.00478e+00  1.00028e+00
 1.75512e+03  1.00753e+00  1.00028e+00
 1.75514e+03  1.00617e+00  1.00028e+00
 1.75518e+03  1.00576e+00  1.00028e+00
 1.75520e+03  1.00671e+00  1.00028e+00
 1.75522e+03  1.00516e+00  1.00028e+00
 1.75524e+03  1.00504e+00  1.00028e+00
 1.75526e+03  1.00499e+00  1.00028e+00
 1.75528e+03  1.00510e+00  1.00028e+00
 1.75531e+03  1.00426e+00  1.00028e+00
 1.75533e+03  1.00587e+00  1.00028e+00
 1.75535e+03  1.00438e+00  1.00028e+00
 1.75537e+03  1.00537e+00  1.00028e+00
 1.75539e+03  1.00337e+00  1.00028e+00
 1.75541e+03  1.00359e+00  1.00028e+00
 1.75543e+03  1.00367e+00  1.00028e+00
 1.75545e+03  1.00325e+00  1.00028e+00
 1.75547e+03  1.00395e+00  1.00028e+00
 1.75549e+03  1.00242e+00  1.00028e+00
 1.75551e+03  1.00274e+00  1.00028e+00
 1.75553e+03  1.00250e+00  1.00028e+00
 1.75556e+03  1.00190e+00  1.00028e+00
 1.75558e+03  1.00153e+00  1.00028e+00
 1.75560e+03  1.00214e+00  1.00028e+00
 1.75562e+03  1.00284e+00  1.00028e+00
 1.75566e+03  1.00161e+00  1.00028e+00
 1.75568e+03  1.00192e+00  1.00028e+00
 1.75570e+03  1.00220e+00  1.00028e+00
 1.75572e+03  1.00211e+00  1.00028e+00
 1.75574e+03  1.00250e+00  1.00028e+00
 1.75576e+03  1.00184e+00  1.00028e+00
 1.75578e+03  1.00188e+00  1.00028e+00
 1.75581e+03  1.00177e+00  1.00028e+00
 1.75583e+03  1.00203e+00  1.00028e+00
 1.75585e+03  1.00206e+00  1.00028e+00
 1.75587e+03  9.99755e-01  1.00028e+00
 1.75591e+03  1.00149e+00  1.00028e+00
 1.75593e+03  1.00103e+00  1.00028e+00
 1.75595e+03  1.00031e+00  1.00028e+00
 1.75597e+03  1.00111e+00  1.00028e+00
 1.75599e+03  1.00243e+00  1.00028e+00
 1.75601e+03  1.00105e+00  1.00028e+00
 1.75603e+03  1.00235e+00  1.00028e+00
 1.75606e+03  1.00194e+00  1.00028e+00
 1.75608e+03  1.00068e+00  1.00028e+00
 1.75610e+03  1.00114e+00  1.00028e+00
 1.75612e+03  1.00063e+00  1.00028e+00
 1.75614e+03  1.00116e+00  1.00028e+00
 1.75616e+03  1.00153e+00  1.00028e+00
 1.75618e+03  1.00118e+00  1.00028e+00
 1.75620e+03  1.00172e+00  1.00028e+00
 1.75622e+03  1.00181e+00  1.00028e+00
 1.75624e+03  1.00209e+00  1.00028e+00
 1.75626e+03  1.00051e+00  1.00028e+00
 1.75628e+03  1.00079e+00  1.00028e+00
 1.75631e+03  1.00163e+00  1.00028e+00
 1.75633e+03  1.00267e+00  1.00028e+00
 1.75635e+03  1.00173e+00  1.00028e+00
 1.75637e+03  1.00074e+00  1.00028e+00
 1.75639e+03  1.00188e+00  1.00028e+00
 1.75641e+03  1.00164e+00  1.00028e+00
 1.75643e+03  1.00179e+00  1.00028e+00
 1.75645e+03  1.00149e+00  1.00028e+00
 1.75647e+03  1.00046e+00  1.00028e+00
 1.75649e+03  1.00067e+00  1.00028e+00
 1.75651e+03  1.00194e+00  1.00028e+00
 1.75653e+03  1.00078e+00  1.00028e+00
 1.75656e+03  1.00137e+00  1.00028e+00
 1.75658e+03  1.00151e+00  1.00028e+00
 1.75660e+03  1.00076e+00  1.00028e+00
 1.75662e+03  1.00133e+00  1.00028e+00
 1.75664e+03  1.00127e+00  1.00028e+00
 1.75666e+03  9.99855e-01  1.00028e+00
 1.75668e+03  1.00105e+00  1.00028e+00
 1.75670e+03  1.00048e+00  1.00028e+00
 1.75672e+03  1.00204e+00  1.00028e+00
 1.75674e+03  9.99209e-01  1.00028e+00
 1.75676e+03  1.00021e+00  1.00028e+00
 1.75678e+03  1.00039e+00  1.00028e+00
 1.75681e+03  1.00074e+00  1.00028e+00
 1.75683e+03  9.99897e-01  1.00028e+00
 1.75685e+03  9.99949e-01  1.00028e+00
 1.75687e+03  1.00017e+00  1.00028e+00
 1.75689e+03  1.00011e+00  1.00028e+00
 1.75691e+03  9.99679e-01  1.00028e+00
 1.75693e+03  9.98516e-01  1.00028e+00
 1.75695e+03  1.00007e+00  1.00028e+00
 1.75697e+03  9.99465e-01  1.00028e+00
 1.75699e+03  9.98261e-01  1.00028e+00
 1.75701e+03  9.98863e-01  1.00028e+00
 1.75703e+03  9.98103e-01  1.00028e+00
 1.75706e+03  9.98832e-01  1.00028e+00
 1.75708e+03  9.97458e-01  1.00028e+00
 1.75710e+03  1.00160e+00  1.00028e+00
 1.75712e+03  9.97979e-01  1.00028e+00
 1.75714e+03  9.99374e-01  1.00028e+00
 1.75716e+03  9.98000e-01  1.00028e+00
 1.75718e+03  9.96359e-01  1.00028e+00
 1.75720e+03  9.97751e-01  1.00028e+00
 1.75722e+03  9.97978e-01  1.00028e+00
 1.75724e+03  9.97488e-01  1.00028e+00
 1.75726e+03  9.95856e-01  1.00028e+00
 1.75728e+03  9.97248e-01  1.00028e+00
 1.75731e+03  9.96325e-01  1.00028e+00
 1.75733e+03  9.96788e-01  1.00028e+00
 1.75735e+03  9.96633e-01  1.00028e+00
 1.75737e+03  9.96204e-01  1.00028e+00
 1.75739e+03  9.95661e-01  1.00028e+00
 1.75741e+03  9.96736e-01  1.00028e+00
 1.75743e+03  9.96241e-01  1.00028e+00
 1.75745e+03  9.97626e-01  1.00028e+00
 1.75747e+03  9.99652e-01  1.00028e+00
 1.75749e+03  9.99440e-01  1.00028e+00
 1.75751e+03  9.99501e-01  1.00028e+00
 1.75756e+03  1.00158e+00  1.00028e+00
 1.75758e+03  1.00106e+00  1.00028e+00
 1.75760e+03  1.00254e+00  1.00028e+00
 1.75762e+03  1.00253e+00  1.00028e+00
 1.75764e+03  1.00388e+00  1.00028e+00
 1.75766e+03  1.00336e+00  1.00028e+00
 1.75768e+03  1.00367e+00  1.00028e+00
 1.75770e+03  1.00377e+00  1.00028e+00
 1.75772e+03  1.00256e+00  1.00028e+00
 1.75774e+03  1.00370e+00  1.00028e+00
 1.75776e+03  1.00337e+00  1.00028e+00
 1.75778e+03  1.00433e+00  1.00028e+00
 1.75781e+03  1.00358e+00  1.00028e+00
 1.75783e+03  1.00320e+00  1.00028e+00
 1.75785e+03  1.00451e+00  1.00028e+00
 1.75787e+03  1.00243e+00  1.00028e+00
 1.75789e+03  1.00205e+00  1.00028e+00
 1.75791e+03  1.00309e+00  1.00028e+00
 1.75793e+03  1.00253e+00  1.00028e+00
 1.75795e+03  1.00146e+00  1.00028e+00
 1.75797e+03  1.00175e+00  1.00028e+00
 1.75799e+03  1.00077e+00  1.00028e+00
 1.75801e+03  1.00052e+00  1.00028e+00
 1.75803e+03  9.99648e-01  1.00028e+00
 1.75806e+03  9.99326e-01  1.00028e+00
 1.75808e+03  9.98541e-01  1.00028e+00
 1.75810e+03  1.00023e+00  1.00028e+00
 1.75812e+03  9.98909e-01  1.00028e+00
 1.75814e+03  1.00065e+00  1.00028e+00
 1.75816e+03  1.00014e+00  1.00028e+00
 1.75818e+03  9.99992e-01  1.00028e+00
 1.75820e+03  9.99260e-01  1.00028e+00
 1.75822e+03  1.00015e+00  1.00028e+00
 1.75824e+03  9.99607e-01  1.00028e+00
 1.75826e+03  9.99154e-01  1.00028e+00
 1.75828e+03  9.98365e-01  1.00028e+00
 1.75831e+03  1.00030e+00  1.00028e+00
 1.75833e+03  1.00182e+00  1.00028e+00
 1.75835e+03  1.00107e+00  1.00028e+00
 1.75837e+03  1.00001e+00  1.00028e+00
 1.75839e+03  9.98405e-01  1.00028e+00
 1.75841e+03  1.00004e+00  1.00028e+00
 1.75843e+03  1.00088e+00  1.00028e+00
 1.75845e+03  9.99378e-01  1.00028e+00
 1.75847e+03  9.99976e-01  1.00028e+00
 1.75849e+03  1.00035e+00  1.00028e+00
 1.75851e+03  1.00126e+00  1.00028e+00
 1.75853e+03  9.99527e-01  1.00028e+00
 1.75856e+03  1.00099e+00  1.00028e+00
 1.75858e+03  9.99016e-01  1.00028e+00
 1.75860e+03  1.00147e+00  1.00028e+00
 1.75862e+03  1.00002e+00  1.00028e+00
 1.75864e+03  9.99255e-01  1.00028e+00
 1.75866e+03  9.99516e-01  1.00028e+00
 1.75868e+03  9.99843e-01  1.00028e+00
 1.75870e+03  1.00094e+00  1.00028e+00
 1.75872e+03  9.98587e-01  1.00028e+00
 1.75874e+03  9.98048e-01  1.00028e+00
 1.75876e+03  9.99380e-01  1.00028e+00
 1.75878e+03  9.99124e-01  1.00028e+00
 1.75881e+03  1.00439e+00  1.00028e+00
 1.75883e+03  9.98171e-01  1.00028e+00
 1.75885e+03  9.98297e-01  1.00028e+00
 1.75887e+03  1.00002e+00  1.00028e+00
 1.75889e+03  9.99230e-01  1.00028e+00
 1.75891e+03  9.98955e-01  1.00028e+00
 1.75893e+03  9.99599e-01  1.00028e+00
 1.75895e+03  1.00084e+00  1.00028e+00
 1.75897e+03  9.99913e-01  1.00028e+00
 1.75899e+03  9.99889e-01  1.00028e+00
 1.75901e+03  9.99891e-01  1.00028e+00
 1.75903e+03  1.00057e+00  1.00028e+00
 1.75906e+03  1.00137e+00  1.00028e+00
 1.75908e+03  1.00017e+00  1.00028e+00
 1.75910e+03  1.00003e+00  1.00028e+00
 1.75912e+03  1.00039e+00  1.00028e+00
 1.75914e+03  1.00086e+00  1.00028e+00
 1.75916e+03  9.99322e-01  1.00028e+00
 1.75918e+03  1.00058e+00  1.00028e+00
 1.75920e+03  9.99019e-01  1.00028e+00
 1.75922e+03  1.00126e+00  1.00028e+00
 1.75924e+03  1.00005e+00  1.00028e+00
 1.75926e+03  9.98902e-01  1.00028e+00
 1.75928e+03  1.00063e+00  1.00028e+00
 1.75931e+03  1.00120e+00  1.00028e+00
 1.75933e+03  1.00009e+00  1.00028e+00
 1.75935e+03  9.99822e-01  1.00028e+00
 1.75937e+03  9.99526e-01  1.00028e+00
 1.75939e+03  9.98855e-01  1.00028e+00
 1.75941e+03  1.00044e+00  1.00028e+00
 1.75943e+03  9.99813e-01  1.00028e+00
 1.75945e+03  9.98930e-01  1.00028e+00
 1.75947e+03  1.00002e+00  1.00028e+00
 1.75949e+03  9.99733e-01  1.00028e+00
 1.75951e+03  1.00077e+00  1.00028e+00
 1.75953e+03  1.00048e+00  1.00028e+00
 1.75956e+03  9.99827e-01  1.00028e+00
 1.75958e+03  1.00040e+00  1.00028e+00
 1.75960e+03  9.99375e-01  1.00028e+00
 1.75962e+03  9.98954e-01  1.00028e+00
 1.75964e+03  9.99287e-01  1.00028e+00
 1.75966e+03  9.99934e-01  1.00028e+00
 1.75968e+03  9.98685e-01  1.00028e+00
 1.75970e+03  9.97311e-01  1.00028e+00
 1.75972e+03  9.97831e-01  1.00028e+00
 1.75974e+03  9.99209e-01  1.00028e+00
 1.75976e+03  9.97614e-01  1.00028e+00
 1.75978e+03  9.96393e-01  1.00028e+00
 1.75981e+03  9.96058e-01  1.00028e+00
 1.75983e+03  9.96804e-01  1.00028e+00
 1.75985e+03  9.97298e-01  1.00028e+00
 1.75987e+03  9.96387e-01  1.00028e+00
 1.75989e+03  9.96708e-01  1.00028e+00
 1.75991e+03  9.98921e-01  1.00028e+00
 1.75993e+03  9.98268e-01  1.00028e+00
 1.75995e+03  9.97965e-01  1.00028e+00
 1.75997e+03  9.98379e-01  1.00028e+00
 1.75999e+03  9.98373e-01  1.00028e+00
 1.76001e+03  1.00083e+00  1.00028e+00
 1.76003e+03  1.00089e+00  1.00028e+00
 1.76006e+03  1.00152e+00  1.00028e+00
 1.76008e+03  1.00153e+00  1.00028e+00
 1.76010e+03  1.00189e+00  1.00028e+00
 1.76012e+03  1.00222e+00  1.00028e+00
 1.76014e+03  1.00298e+00  1.00028e+00
 1.76016e+03  1.00353e+00  1.00028e+00
 1.76018e+03  1.00447e+00  1.00028e+00
 1.76020e+03  1.00284e+00  1.00028e+00
 1.76022e+03  1.00469e+00  1.00028e+00
 1.76024e+03  1.00354e+00  1.00028e+00
 1.76026e+03  1.00569e+00  1.00028e+00
 1.76028e+03  1.00469e+00  1.00028e+00
 1.76031e+03  1.00359e+00  1.00028e+00
 1.76033e+03  1.00417e+00  1.00028e+00
 1.76035e+03  1.00513e+00  1.00028e+00
 1.76037e+03  1.00373e+00  1.00028e+00
 1.76039e+03  1.00393e+00  1.00028e+00
 1.76041e+03  1.00172e+00  1.00028e+00
 1.76045e+03  1.00241e+00  1.00028e+00
 1.76047e+03  1.00227e+00  1.00028e+00
 1.76049e+03  1.00246e+00  1.00028e+00
 1.76051e+03  1.00275e+00  1.00028e+00
 1.76053e+03  1.00130e+00  1.00028e+00
 1.76056e+03  1.00053e+00  1.00028e+00
 1.76060e+03  1.00072e+00  1.00028e+00
 1.76062e+03  1.00144e+00  1.00028e+00
 1.76064e+03  9.99142e-01  1.00028e+00
 1.76066e+03  9.99383e-01  1.00028e+00
 1.76068e+03  1.00002e+00  1.00028e+00
 1.76070e+03  1.00018e+00  1.00028e+00
 1.76072e+03  9.98077e-01  1.00028e+00
 1.76074e+03  9.99209e-01  1.00028e+00
 1.76076e+03  9.99668e-01  1.00028e+00
 1.76078e+03  9.98979e-01  1.00028e+00
 1.76081e+03  9.97811e-01  1.00028e+00
 1.76083e+03  9.98900e-01  1.00028e+00
 1.76085e+03  9.98251e-01  1.00028e+00
 1.76087e+03  9.99168e-01  1.00028e+00
 1.76089e+03  9.98296e-01  1.00028e+00
 1.76091e+03  9.97785e-01  1.00028e+00
 1.76093e+03  9.96964e-01  1.00028e+00
 1.76095e+03  9.98684e-01  1.00028e+00
 1.76097e+03  1.00012e+00  1.00028e+00
 1.76099e+03  9.98708e-01  1.00028e+00
 1.76101e+03  9.99054e-01  1.00028e+00
 1.76103e+03  9.99673e-01  1.00028e+00
 1.76106e+03  9.99521e-01  1.00028e+00
 1.76108e+03  9.98417e-01  1.00028e+00
 1.76110e+03  9.99467e-01  1.00028e+00
 1.76112e+03  9.98824e-01  1.00028e+00
 1.76114e+03  9.99431e-01  1.00028e+00
 1.76116e+03  9.98908e-01  1.00028e+00
 1.76120e+03  9.98347e-01  1.00028e+00
 1.76122e+03  9.99942e-01  1.00028e+00
 1.76124e+03  1.00010e+00  1.00028e+00
 1.76126e+03  9.99179e-01  1.00028e+00
 1.76128e+03  9.98920e-01  1.00028e+00
 1.76131e+03  9.99925e-01  1.00028e+00
 1.76133e+03  1.00018e+00  1.00028e+00
 1.76135e+03  9.99930e-01  1.00028e+00
 1.76137e+03  9.99595e-01  1.00028e+00
 1.76139e+03  1.00009e+00  1.00028e+00
 1.76141e+03  9.99146e-01  1.00028e+00
 1.76143e+03  1.00064e+00  1.00028e+00
 1.76145e+03  9.98396e-01  1.00028e+00
 1.76147e+03  9.99363e-01  1.00028e+00
 1.76149e+03  1.00059e+00  1.00028e+00
 1.76151e+03  9.99068e-01  1.00028e+00
 1.76153e+03  9.99524e-01  1.00028e+00
 1.76156e+03  1.00018e+00  1.00028e+00
 1.76158e+03  9.99532e-01  1.00028e+00
 1.76160e+03  1.00006e+00  1.00028e+00
 1.76162e+03  9.99135e-01  1.00028e+00
 1.76164e+03  9.98783e-01  1.00028e+00
 1.76166e+03  9.99889e-01  1.00028e+00
 1.76168e+03  1.00055e+00  1.00028e+00
 1.76170e+03  9.99813e-01  1.00028e+00
 1.76172e+03  1.00003e+00  1.00028e+00
 1.76174e+03  1.00024e+00  1.00028e+00
 1.76176e+03  9.98934e-01  1.00028e+00
 1.76178e+03  9.99698e-01  1.00028e+00
 1.76181e+03  9.99108e-01  1.00028e+00
 1.76183e+03  9.99009e-01  1.00028e+00
 1.76185e+03  9.98242e-01  1.00028e+00
 1.76187e+03  9.96835e-01  1.00028e+00
 1.76189e+03  9.98787e-01  1.00028e+00
 1.76191e+03  1.00084e+00  1.00028e+00
 1.76193e+03  9.97178e-01  1.00028e+00
 1.76195e+03  9.97530e-01  1.00028e+00
 1.76197e+03  9.98225e-01  1.00028e+00
 1.76199e+03  9.99261e-01  1.00028e+00
 1.76201e+03  9.99029e-01  1.00028e+00
 1.76203e+03  9.99987e-01  1.00028e+00
 1.76206e+03  9.99110e-01  1.00028e+00
 1.76208e+03  1.00001e+00  1.00028e+00
 1.76210e+03  9.99856e-01  1.00028e+00
 1.76212e+03  1.00040e+00  1.00028e+00
 1.76214e+03  9.99879e-01  1.00028e+00
 1.76216e+03  9.99629e-01  1.00028e+00
 1.76218e+03  1.00151e+00  1.00028e+00
 1.76220e+03  9.98128e-01  1.00028e+00
 1.76222e+03  9.99831e-01  1.00028e+00
 1.76224e+03  9.97952e-01  1.00028e+00
 1.76226e+03  9.98484e-01  1.00028e+00
 1.76228e+03  1.00065e+00  1.00028e+00
 1.76231e+03  9.98564e-01  1.00028e+00
 1.76233e+03  9.99299e-01  1.00028e+00
 1.76235e+03  1.00042e+00  1.00028e+00
 1.76237e+03  1.00205e+00  1.00028e+00
 1.76239e+03  1.00200e+00  1.00028e+00
 1.76241e+03  9.99750e-01  1.00028e+00
 1.76243e+03  9.94936e-01  1.00028e+00
 1.76245e+03  9.99453e-01  1.00028e+00
 1.76247e+03  9.99585e-01  1.00028e+00
 1.76249e+03  1.00226e+00  1.00028e+00
 1.76251e+03  1.00195e+00  1.00028e+00
 1.76256e+03  1.00095e+00  1.00028e+00
 1.76258e+03  1.00082e+00  1.00028e+00
 1.76260e+03  1.00044e+00  1.00028e+00
 1.76262e+03  1.00184e+00  1.00028e+00
 1.76264e+03  1.00335e+00  1.00028e+00
 1.76266e+03  1.00368e+00  1.00028e+00
 1.76268e+03  1.00375e+00  1.00028e+00
 1.76270e+03  1.00231e+00  1.00028e+00
 1.76272e+03  1.00397e+00  1.00028e+00
 1.76274e+03  1.00395e+00  1.00028e+00
 1.76276e+03  1.00438e+00  1.00028e+00
 1.76278e+03  1.00184e+00  1.00028e+00
 1.76281e+03  1.00251e+00  1.00028e+00
 1.76283e+03  1.00095e+00  1.00028e+00
 1.76285e+03  1.00388e+00  1.00028e+00
 1.76287e+03  1.00082e+00  1.00028e+00
 1.76289e+03  1.00045e+00  1.00028e+00
 1.76291e+03  1.00008e+00  1.00028e+00
 1.76293e+03  1.00045e+00  1.00028e+00
 1.76295e+03  9.99527e-01  1.00028e+00
 1.76297e+03  9.99096e-01  1.00028e+00
 1.76299e+03  9.99751e-01  1.00028e+00
 1.76301e+03  9.99318e-01  1.00028e+00
 1.76303e+03  9.99539e-01  1.00028e+00
 1.76306e+03  9.99119e-01  1.00028e+00
 1.76308e+03  9.97906e-01  1.00028e+00
 1.76310e+03  9.99143e-01  1.00028e+00
 1.76312e+03  9.99032e-01  1.00028e+00
 1.76314e+03  9.97739e-01  1.00028e+00
 1.76316e+03  9.99242e-01  1.00028e+00
 1.76318e+03  9.98284e-01  1.00028e+00
 1.76320e+03  9.99502e-01  1.00028e+00
 1.76322e+03  9.99099e-01  1.00028e+00
 1.76324e+03  9.98047e-01  1.00028e+00
 1.76326e+03  9.99954e-01  1.00028e+00
 1.76328e+03  1.00051e+00  1.00028e+00
 1.76331e+03  9.98686e-01  1.00028e+00
 1.76481e+03  9.97774e-01  1.00028e+00
 1.76483e+03  9.97245e-01  1.00028e+00
 1.76485e+03  9.97714e-01  1.00028e+00
 1.76487e+03  9.97704e-01  1.00028e+00
 1.76489e+03  9.97421e-01  1.00028e+00
 1.76491e+03  9.98209e-01  1.00028e+00
 1.76493e+03  9.97499e-01  1.00028e+00
 1.76495e+03  9.97890e-01  1.00028e+00
 1.76497e+03  9.97636e-01  1.00028e+00
 1.76499e+03  9.98244e-01  1.00028e+00
 1.76501e+03  9.97203e-01  1.00028e+00
 1.76503e+03  9.99139e-01  1.00028e+00
 1.76506e+03  9.98942e-01  1.00028e+00
 1.76508e+03  9.99857e-01  1.00028e+00
 1.76510e+03  9.99710e-01  1.00028e+00
 1.76512e+03  1.00182e+00  1.00028e+00
 1.76514e+03  1.00181e+00  1.00028e+00
 1.76516e+03  1.00361e+00  1.00028e+00
 1.76518e+03  1.00364e+00  1.00028e+00
 1.76520e+03  1.00357e+00  1.00028e+00
 1.76522e+03  1.00337e+00  1.00028e+00
 1.76524e+03  1.00640e+00  1.00028e+00
 1.76526e+03  1.00477e+00  1.00028e+00
 1.76528e+03  1.00525e+00  1.00028e+00
 1.76531e+03  1.00521e+00  1.00028e+00
 1.76533e+03  1.00602e+00  1.00028e+00
 1.76535e+03  1.00443e+00  1.00028e+00
 1.76537e+03  1.00568e+00  1.00028e+00
 1.76539e+03  1.00339e+00  1.00028e+00
 1.76541e+03  1.00632e+00  1.00028e+00
 1.76543e+03  1.00476e+00  1.00028e+00
 1.76545e+03  1.00520e+00  1.00028e+00
 1.76547e+03  1.00298e+00  1.00028e+00
 1.76549e+03  1.00258e+00  1.00028e+00
 1.76551e+03  1.00221e+00  1.00028e+00
 1.76553e+03  1.00334e+00  1.00028e+00
 1.76556e+03  1.00204e+00  1.00028e+00
 1.76558e+03  1.00394e+00  1.00028e+00
 1.76560e+03  1.00051e+00  1.00028e+00
 1.76562e+03  1.00171e+00  1.00028e+00
 1.76564e+03  1.00092e+00  1.00028e+00
 1.76566e+03  1.00160e+00  1.00028e+00
 1.76568e+03  1.00165e+00  1.00028e+00
 1.76570e+03  9.99901e-01  1.00028e+00
 1.76572e+03  9.99534e-01  1.00028e+00
 1.76574e+03  1.00110e+00  1.00028e+00
 1.76576e+03  1.00196e+00  1.00028e+00
 1.76578e+03  1.00181e+00  1.00028e+00
 1.76581e+03  1.00135e+00  1.00028e+00
 1.76583e+03  1.00247e+00  1.00028e+00
 1.76585e+03  1.00060e+00  1.00028e+00
 1.76587e+03  1.00088e+00  1.00028e+00
 1.76589e+03  1.00058e+00  1.00028e+00
 1.76591e+03  1.00131e+00  1.00028e+00
 1.76593e+03  1.00111e+00  1.00028e+00
 1.76595e+03  1.00141e+00  1.00028e+00
 1.76597e+03  1.00016e+00  1.00028e+00
 1.76599e+03  1.00224e+00  1.00028e+00
 1.76601e+03  1.00108e+00  1.00028e+00
 1.76603e+03  1.00096e+00  1.00028e+00
 1.76606e+03  9.99695e-01  1.00028e+00
 1.76608e+03  9.99779e-01  1.00028e+00
 1.76610e+03  1.00178e+00  1.00028e+00
 1.76612e+03  1.00094e+00  1.00028e+00
 1.76614e+03  1.00095e+00  1.00028e+00
 1.76616e+03  9.99418e-01  1.00028e+00
 1.76618e+03  1.00098e+00  1.00028e+00
 1.76620e+03  1.00135e+00  1.00028e+00
 1.76622e+03  1.00136e+00  1.00028e+00
 1.76624e+03  1.00074e+00  1.00028e+00
 1.76626e+03  1.00198e+00  1.00028e+00
 1.76628e+03  1.00180e+00  1.00028e+00
 1.76631e+03  1.00365e+00  1.00028e+00
 1.76633e+03  1.00207e+00  1.00028e+00
 1.76635e+03  1.00174e+00  1.00028e+00
 1.76637e+03  1.00236e+00  1.00028e+00
 1.76639e+03  1.00093e+00  1.00028e+00
 1.76641e+03  1.00147e+00  1.00028e+00
 1.76643e+03  1.00167e+00  1.00028e+00
 1.76645e+03  1.00111e+00  1.00028e+00
 1.76647e+03  1.00056e+00  1.00028e+00
 1.76649e+03  1.00135e+00  1.00028e+00
 1.76651e+03  1.00080e+00  1.00028e+00
 1.76653e+03  1.00225e+00  1.00028e+00
 1.76656e+03  1.00104e+00  1.00028e+00
 1.76658e+03  1.00060e+00  1.00028e+00
 1.76660e+03  1.00245e+00  1.00028e+00
 1.76662e+03  1.00142e+00  1.00028e+00
 1.76664e+03  1.00156e+00  1.00028e+00
 1.76666e+03  1.00111e+00  1.00028e+00
 1.76668e+03  1.00237e+00  1.00028e+00
 1.76670e+03  1.00095e+00  1.00028e+00
 1.76672e+03  1.00262e+00  1.00028e+00
 1.76674e+03  1.00202e+00  1.00028e+00
 1.76676e+03  1.00160e+00  1.00028e+00
 1.76678e+03  1.00070e+00  1.00028e+00
 1.76681e+03  1.00133e+00  1.00028e+00
 1.76683e+03  1.00044e+00  1.00028e+00
 1.76685e+03  1.00133e+00  1.00028e+00
 1.76687e+03  1.00177e+00  1.00028e+00
 1.76689e+03  1.00128e+00  1.00028e+00
 1.76691e+03  1.00114e+00  1.00028e+00
 1.76693e+03  1.00055e+00  1.00028e+00
 1.76695e+03  9.99397e-01  1.00028e+00
 1.76697e+03  1.00042e+00  1.00028e+00
 1.76701e+03  9.99685e-01  1.00028e+00
 1.76703e+03  9.99183e-01  1.00028e+00
 1.76706e+03  9.98832e-01  1.00028e+00
 1.76708e+03  9.98593e-01  1.00028e+00
 1.76710e+03  9.99890e-01  1.00028e+00
 1.76712e+03  9.98490e-01  1.00028e+00
 1.76714e+03  1.00022e+00  1.00028e+00
 1.76716e+03  9.98181e-01  1.00028e+00
 1.76718e+03  9.98834e-01  1.00028e+00
 1.76720e+03  9.97259e-01  1.00028e+00
 1.76722e+03  9.99449e-01  1.00028e+00
 1.76724e+03  9.98470e-01  1.00028e+00
 1.76726e+03  9.98021e-01  1.00028e+00
 1.76728e+03  9.98124e-01  1.00028e+00
 1.76731e+03  9.97721e-01  1.00028e+00
 1.76733e+03  9.97501e-01  1.00028e+00
 1.76735e+03  9.98044e-01  1.00028e+00
 1.76737e+03  9.96822e-01  1.00028e+00
 1.76739e+03  9.96859e-01  1.00028e+00
 1.76741e+03  9.96685e-01  1.00028e+00
 1.76743e+03  9.95718e-01  1.00028e+00
 1.76745e+03  9.96162e-01  1.00028e+00
 1.76747e+03  9.95086e-01  1.00028e+00
 1.76749e+03  9.96442e-01  1.00028e+00
 1.76751e+03  9.97222e-01  1.00028e+00
 1.76753e+03  9.96678e-01  1.00028e+00
 1.76756e+03  9.97121e-01  1.00028e+00
 1.76758e+03  9.98916e-01  1.00028e+00
 1.76760e+03  9.98441e-01  1.00028e+00
 1.76762e+03  9.99092e-01  1.00028e+00
 1.76764e+03  9.99359e-01  1.00028e+00
 1.76766e+03  1.00032e+00  1.00028e+00
 1.76768e+03  1.00147e+00  1.00028e+00
 1.76770e+03  1.00232e+00  1.00028e+00
 1.76772e+03  1.00316e+00  1.00028e+00
 1.76774e+03  1.00399e+00  1.00028e+00
 1.76778e+03  1.00455e+00  1.00028e+00
 1.76781e+03  1.00396e+00  1.00028e+00
 1.76783e+03  1.00459e+00  1.00028e+00
 1.76787e+03  1.00449e+00  1.00028e+00
 1.76789e+03  1.00295e+00  1.00028e+00
 1.76791e+03  1.00522e+00  1.00028e+00
 1.76795e+03  1.00455e+00  1.00028e+00
 1.76797e+03  1.00408e+00  1.00028e+00
 1.76799e+03  1.00507e+00  1.00028e+00
 1.76801e+03  1.00239e+00  1.00028e+00
 1.76803e+03  1.00361e+00  1.00028e+00
 1.76806e+03  1.00026e+00  1.00028e+00
 1.76808e+03  1.00136e+00  1.00028e+00
 1.76812e+03  1.00140e+00  1.00028e+00
 1.76814e+03  1.00183e+00  1.00028e+00
 1.76818e+03  1.00023e+00  1.00028e+00
 1.76820e+03  1.00000e+00  1.00028e+00
 1.76824e+03  9.99741e-01  1.00028e+00
 1.76826e+03  9.99397e-01  1.00028e+00
 1.76828e+03  1.00009e+00  1.00028e+00
 1.76831e+03  9.99737e-01  1.00028e+00
 1.76833e+03  1.00026e+00  1.00028e+00
 1.76835e+03  9.99742e-01  1.00028e+00
 1.76837e+03  9.99125e-01  1.00028e+00
 1.76843e+03  9.99378e-01  1.00027e+00
 1.76845e+03  9.98321e-01  1.00027e+00
 1.76847e+03  9.99850e-01  1.00027e+00
 1.76849e+03  9.98834e-01  1.00027e+00
 1.76851e+03  9.98149e-01  1.00027e+00
 1.76853e+03  9.98129e-01  1.00027e+00
 1.76856e+03  9.97963e-01  1.00027e+00
 1.76858e+03  9.97119e-01  1.00027e+00
 1.76862e+03  9.99380e-01  1.00027e+00
 1.76864e+03  9.98482e-01  1.00027e+00
 1.76866e+03  9.99744e-01  1.00027e+00
 1.76868e+03  1.00100e+00  1.00027e+00
 1.76870e+03  9.97978e-01  1.00027e+00
 1.76872e+03  1.00063e+00  1.00027e+00
 1.76874e+03  9.99607e-01  1.00027e+00
 1.76876e+03  9.98561e-01  1.00027e+00
 1.76878e+03  1.00073e+00  1.00027e+00
 1.76881e+03  9.99944e-01  1.00027e+00
 1.76883e+03  1.00045e+00  1.00027e+00
 1.76885e+03  1.00065e+00  1.00027e+00
 1.76887e+03  1.00145e+00  1.00027e+00
 1.76889e+03  1.00035e+00  1.00027e+00
 1.76891e+03  9.99605e-01  1.00027e+00
 1.76893e+03  9.99326e-01  1.00027e+00
 1.76895e+03  1.00087e+00  1.00027e+00
 1.76897e+03  9.99077e-01  1.00027e+00
 1.76899e+03  1.00107e+00  1.00027e+00
 1.76903e+03  1.00038e+00  1.00027e+00
 1.76906e+03  1.00024e+00  1.00027e+00
 1.76908e+03  1.00101e+00  1.00027e+00
 1.76910e+03  9.99160e-01  1.00027e+00
 1.76912e+03  1.00040e+00  1.00027e+00
 1.76914e+03  9.99985e-01  1.00027e+00
 1.76916e+03  1.00025e+00  1.00027e+00
 1.76918e+03  1.00006e+00  1.00027e+00
 1.76920e+03  1.00098e+00  1.00027e+00
 1.76922e+03  1.00006e+00  1.00027e+00
 1.76924e+03  1.00068e+00  1.00027e+00
 1.76926e+03  1.00054e+00  1.00027e+00
 1.76928e+03  1.00036e+00  1.00027e+00
 1.76931e+03  9.99904e-01  1.00027e+00
 1.76933e+03  1.00076e+00  1.00027e+00
 1.76935e+03  1.00036e+00  1.00027e+00
 1.76937e+03  1.00030e+00  1.00027e+00
 1.76939e+03  1.00302e+00  1.00027e+00
 1.76941e+03  9.99235e-01  1.00027e+00
 1.76943e+03  9.99552e-01  1.00027e+00
 1.76947e+03  1.00122e+00  1.00027e+00
 1.76949e+03  1.00151e+00  1.00027e+00
 1.76953e+03  1.00041e+00  1.00027e+00
 1.76956e+03  9.98811e-01  1.00027e+00
 1.76958e+03  9.99642e-01  1.00027e+00
 1.76960e+03  1.00027e+00  1.00027e+00
 1.76962e+03  1.00062e+00  1.00027e+00
 1.76964e+03  9.99885e-01  1.00027e+00
 1.76966e+03  1.00009e+00  1.00027e+00
 1.76968e+03  9.98811e-01  1.00027e+00
 1.76970e+03  9.99401e-01  1.00027e+00
 1.76972e+03  1.00001e+00  1.00027e+00
 1.76974e+03  9.99349e-01  1.00027e+00
 1.76978e+03  9.98618e-01  1.00027e+00
 1.76981e+03  9.97487e-01  1.00027e+00
 1.76983e+03  9.98664e-01  1.00027e+00
 1.76985e+03  9.97547e-01  1.00027e+00
 1.76987e+03  9.97622e-01  1.00027e+00
 1.76989e+03  9.98180e-01  1.00027e+00
 1.76991e+03  9.96427e-01  1.00027e+00
 1.76993e+03  9.96916e-01  1.00027e+00
 1.76995e+03  9.97297e-01  1.00027e+00
 1.76997e+03  9.96695e-01  1.00027e+00
 1.76999e+03  9.96926e-01  1.00027e+00
 1.77001e+03  9.97091e-01  1.00027e+00
 1.77003e+03  9.96908e-01  1.00027e+00
 1.77006e+03  9.97438e-01  1.00027e+00
 1.77008e+03  9.97285e-01  1.00027e+00
 1.77010e+03  9.97698e-01  1.00027e+00
 1.77012e+03  9.97725e-01  1.00027e+00
 1.77014e+03  9.99792e-01  1.00027e+00
 1.77016e+03  9.99507e-01  1.00027e+00
 1.77018e+03  1.00035e+00  1.00027e+00
 1.77020e+03  1.00060e+00  1.00027e+00
 1.77022e+03  1.00205e+00  1.00027e+00
 1.77024e+03  1.00157e+00  1.00027e+00
 1.77026e+03  1.00208e+00  1.00027e+00
 1.77031e+03  1.00386e+00  1.00027e+00
 1.77033e+03  1.00339e+00  1.00027e+00
 1.77035e+03  1.00520e+00  1.00027e+00
 1.77037e+03  1.00368e+00  1.00027e+00
 1.77039e+03  1.00483e+00  1.00027e+00
 1.77041e+03  1.00281e+00  1.00027e+00
 1.77043e+03  1.00341e+00  1.00027e+00
 1.77045e+03  1.00348e+00  1.00027e+00
 1.77047e+03  1.00304e+00  1.00027e+00
 1.77049e+03  1.00180e+00  1.00027e+00
 1.77051e+03  1.00242e+00  1.00027e+00
 1.77056e+03  1.00278e+00  1.00027e+00
 1.77058e+03  1.00284e+00  1.00027e+00
 1.77060e+03  1.00248e+00  1.00027e+00
 1.77062e+03  1.00100e+00  1.00027e+00
 1.77064e+03  1.00066e+00  1.00027e+00
 1.77066e+03  1.00091e+00  1.00027e+00
 1.77068e+03  1.00042e+00  1.00027e+00
 1.77070e+03  1.00183e+00  1.00027e+00
 1.77072e+03  1.00076e+00  1.00027e+00
 1.77074e+03  1.00010e+00  1.00027e+00
 1.77076e+03  1.00080e+00  1.00027e+00
 1.77078e+03  1.00114e+00  1.00027e+00
 1.77081e+03  1.00167e+00  1.00027e+00
 1.77083e+03  1.00078e+00  1.00027e+00
 1.77085e+03  1.00201e+00  1.00027e+00
 1.77087e+03  9.99910e-01  1.00027e+00
 1.77089e+03  1.00102e+00  1.00027e+00
 1.77091e+03  1.00044e+00  1.00027e+00
 1.77093e+03  1.00077e+00  1.00027e+00
 1.77095e+03  1.00087e+00  1.00027e+00
 1.77097e+03  1.00145e+00  1.00027e+00
 1.77099e+03  9.99241e-01  1.00027e+00
 1.77101e+03  1.00056e+00  1.00027e+00
 1.77103e+03  1.00094e+00  1.00027e+00
 1.77106e+03  1.00151e+00  1.00027e+00
 1.77108e+03  1.00123e+00  1.00027e+00
 1.77110e+03  1.00119e+00  1.00027e+00
 1.77112e+03  1.00194e+00  1.00027e+00
 1.77114e+03  1.00116e+00  1.00027e+00
 1.77116e+03  1.00040e+00  1.00027e+00
 1.77118e+03  1.00267e+00  1.00027e+00
 1.77120e+03  1.00187e+00  1.00027e+00
 1.77122e+03  1.00195e+00  1.00027e+00
 1.77124e+03  1.00180e+00  1.00027e+00
 1.77126e+03  1.00077e+00  1.00027e+00
 1.77128e+03  1.00216e+00  1.00027e+00
 1.77131e+03  1.00151e+00  1.00027e+00
 1.77133e+03  1.00322e+00  1.00027e+00
 1.77135e+03  1.00061e+00  1.00027e+00
 1.77137e+03  1.00219e+00  1.00027e+00
 1.77139e+03  1.00200e+00  1.00027e+00
 1.77141e+03  1.00125e+00  1.00027e+00
 1.77143e+03  1.00176e+00  1.00027e+00
 1.77145e+03  1.00185e+00  1.00027e+00
 1.77147e+03  1.00156e+00  1.00027e+00
 1.77149e+03  1.00071e+00  1.00027e+00
 1.77151e+03  1.00203e+00  1.00027e+00
 1.77153e+03  1.00081e+00  1.00027e+00
 1.77156e+03  1.00220e+00  1.00027e+00
 1.77158e+03  1.00264e+00  1.00027e+00
 1.77160e+03  1.00237e+00  1.00027e+00
 1.77162e+03  1.00194e+00  1.00027e+00
 1.77164e+03  1.00176e+00  1.00027e+00
 1.77166e+03  1.00165e+00  1.00027e+00
 1.77168e+03  1.00007e+00  1.00027e+00
 1.77170e+03  1.00186e+00  1.00027e+00
 1.77172e+03  1.00013e+00  1.00027e+00
 1.77174e+03  1.00103e+00  1.00027e+00
 1.77176e+03  1.00049e+00  1.00027e+00
 1.77178e+03  1.00151e+00  1.00027e+00
 1.77181e+03  1.00210e+00  1.00027e+00
 1.77183e+03  1.00140e+00  1.00027e+00
 1.77185e+03  1.00083e+00  1.00027e+00
 1.77187e+03  1.00106e+00  1.00027e+00
 1.77189e+03  1.00193e+00  1.00027e+00
 1.77191e+03  1.00136e+00  1.00027e+00
 1.77193e+03  1.00108e+00  1.00027e+00
 1.77195e+03  1.00120e+00  1.00027e+00
 1.77197e+03  1.00049e+00  1.00027e+00
 1.77199e+03  1.00026e+00  1.00027e+00
 1.77201e+03  1.00130e+00  1.00027e+00
 1.77203e+03  1.00000e+00  1.00027e+00
 1.77206e+03  1.00116e+00  1.00027e+00
 1.77208e+03  1.00022e+00  1.00027e+00
 1.77210e+03  1.00096e+00  1.00027e+00
 1.77212e+03  1.00022e+00  1.00027e+00
 1.77214e+03  9.99362e-01  1.00027e+00
 1.77216e+03  9.98987e-01  1.00027e+00
 1.77218e+03  9.99298e-01  1.00027e+00
 1.77551e+03  1.00321e+00  1.00027e+00
 1.77553e+03  9.99979e-01  1.00027e+00
 1.77556e+03  1.00147e+00  1.00027e+00
 1.77558e+03  1.00108e+00  1.00027e+00
 1.77560e+03  1.00056e+00  1.00027e+00
 1.77562e+03  1.00050e+00  1.00027e+00
 1.77564e+03  9.99118e-01  1.00027e+00
 1.77566e+03  1.00104e+00  1.00027e+00
 1.77568e+03  9.98713e-01  1.00027e+00
 1.77774e+03  9.98937e-01  1.00027e+00
 1.77776e+03  9.99672e-01  1.00027e+00
 1.77778e+03  1.00078e+00  1.00027e+00
 1.77781e+03  1.00206e+00  1.00027e+00
 1.77783e+03  1.00172e+00  1.00027e+00
 1.77785e+03  1.00249e+00  1.00027e+00
 1.77787e+03  1.00320e+00  1.00027e+00
 1.77789e+03  1.00525e+00  1.00027e+00
 1.77791e+03  1.00330e+00  1.00027e+00
 1.77793e+03  1.00203e+00  1.00027e+00
 1.77795e+03  1.00357e+00  1.00027e+00
 1.77797e+03  1.00078e+00  1.00027e+00
 1.77799e+03  1.00284e+00  1.00027e+00
 1.77801e+03  1.00279e+00  1.00027e+00
 1.77803e+03  1.00047e+00  1.00027e+00
 1.77806e+03  1.00431e+00  1.00027e+00
 1.77808e+03  1.00379e+00  1.00027e+00
 1.77810e+03  1.00477e+00  1.00027e+00
 1.77812e+03  1.00432e+00  1.00027e+00
 1.77814e+03  1.00500e+00  1.00027e+00
 1.77816e+03  1.00297e+00  1.00027e+00
 1.77818e+03  1.00289e+00  1.00027e+00
 1.77820e+03  1.00312e+00  1.00027e+00
 1.77822e+03  1.00335e+00  1.00027e+00
 1.77824e+03  1.00169e+00  1.00027e+00
 1.77826e+03  1.00233e+00  1.00027e+00
 1.77828e+03  1.00164e+00  1.00027e+00
 1.77831e+03  1.00173e+00  1.00027e+00
 1.77833e+03  1.00146e+00  1.00027e+00
 1.77835e+03  9.98289e-01  1.00027e+00
 1.77837e+03  1.00058e+00  1.00027e+00
 1.77839e+03  1.00187e+00  1.00027e+00
 1.77841e+03  1.00021e+00  1.00027e+00
 1.77843e+03  1.00076e+00  1.00027e+00
 1.77845e+03  1.00013e+00  1.00027e+00
 1.77847e+03  9.98942e-01  1.00027e+00
 1.77849e+03  1.00122e+00  1.00027e+00
 1.77851e+03  9.99643e-01  1.00027e+00
 1.77853e+03  1.00047e+00  1.00027e+00
 1.77856e+03  1.00080e+00  1.00027e+00
 1.77858e+03  1.00072e+00  1.00027e+00
 1.77860e+03  9.99262e-01  1.00027e+00
 1.77862e+03  1.00026e+00  1.00027e+00
 1.77864e+03  9.99215e-01  1.00027e+00
 1.77866e+03  1.00046e+00  1.00027e+00
 1.77868e+03  9.99178e-01  1.00027e+00
 1.77870e+03  9.99876e-01  1.00027e+00
 1.77872e+03  9.99125e-01  1.00027e+00
 1.77874e+03  9.99680e-01  1.00027e+00
 1.77876e+03  9.99773e-01  1.00027e+00
 1.77878e+03  1.00057e+00  1.00027e+00
 1.77881e+03  9.99727e-01  1.00027e+00
 1.77883e+03  9.99890e-01  1.00027e+00
 1.77885e+03  9.99262e-01  1.00027e+00
 1.77887e+03  1.00094e+00  1.00027e+00
 1.77889e+03  9.99906e-01  1.00027e+00
 1.77891e+03  9.98337e-01  1.00027e+00
 1.77893e+03  1.00116e+00  1.00027e+00
 1.77895e+03  1.00049e+00  1.00027e+00
 1.77897e+03  1.00082e+00  1.00027e+00
 1.77899e+03  1.00024e+00  1.00027e+00
 1.77901e+03  1.00091e+00  1.00027e+00
 1.77903e+03  1.00125e+00  1.00027e+00
 1.77906e+03  1.00083e+00  1.00027e+00
 1.77908e+03  9.98976e-01  1.00027e+00
 1.77910e+03  1.00205e+00  1.00027e+00
 1.77912e+03  1.00128e+00  1.00027e+00
 1.77914e+03  1.00217e+00  1.00027e+00
 1.77916e+03  1.00038e+00  1.00027e+00
 1.77918e+03  1.00032e+00  1.00027e+00
 1.77920e+03  1.00063e+00  1.00027e+00
 1.77922e+03  1.00220e+00  1.00027e+00
 1.77924e+03  1.00010e+00  1.00027e+00
 1.77926e+03  9.99565e-01  1.00027e+00
 1.77928e+03  1.00059e+00  1.00027e+00
 1.77931e+03  1.00021e+00  1.00027e+00
 1.77933e+03  9.99732e-01  1.00027e+00
 1.77935e+03  1.00102e+00  1.00027e+00
 1.77937e+03  9.99674e-01  1.00027e+00
 1.77939e+03  1.00062e+00  1.00027e+00
 1.77941e+03  9.99894e-01  1.00027e+00
 1.77943e+03  1.00004e+00  1.00027e+00
 1.77945e+03  1.00167e+00  1.00027e+00
 1.77947e+03  1.00095e+00  1.00027e+00
 1.77949e+03  9.99672e-01  1.00027e+00
 1.77951e+03  1.00068e+00  1.00027e+00
 1.77953e+03  1.00090e+00  1.00027e+00
 1.77956e+03  9.99872e-01  1.00027e+00
 1.77958e+03  1.00006e+00  1.00027e+00
 1.77960e+03  1.00037e+00  1.00027e+00
 1.77962e+03  1.00100e+00  1.00027e+00
 1.77964e+03  1.00079e+00  1.00027e+00
 1.77966e+03  1.00051e+00  1.00027e+00
 1.77968e+03  9.99903e-01  1.00027e+00
 1.77970e+03  9.99905e-01  1.00027e+00
 1.77972e+03  9.99292e-01  1.00027e+00
 1.77974e+03  9.99492e-01  1.00027e+00
 1.77976e+03  9.98220e-01  1.00027e+00
 1.77978e+03  9.98466e-01  1.00027e+00
 1.77981e+03  1.00026e+00  1.00027e+00
 1.77983e+03  9.99188e-01  1.00027e+00
 1.77985e+03  9.98504e-01  1.00027e+00
 1.77987e+03  9.98256e-01  1.00027e+00
 1.77989e+03  9.98598e-01  1.00027e+00
 1.77991e+03  9.96681e-01  1.00027e+00
 1.77993e+03  9.97171e-01  1.00027e+00
 1.77995e+03  9.97379e-01  1.00027e+00
 1.77997e+03  9.97179e-01  1.00027e+00
 1.77999e+03  9.97634e-01  1.00027e+00
 1.78001e+03  9.97210e-01  1.00027e+00
 1.78003e+03  9.97769e-01  1.00027e+00
 1.78006e+03  9.95827e-01  1.00027e+00
 1.78008e+03  9.96583e-01  1.00027e+00
 1.78010e+03  9.95563e-01  1.00027e+00
 1.78012e+03  9.95909e-01  1.00027e+00
 1.78014e+03  9.96467e-01  1.00027e+00
 1.78016e+03  9.97613e-01  1.00027e+00
 1.78018e+03  9.97083e-01  1.00027e+00
 1.78020e+03  9.96830e-01  1.00027e+00
 1.78022e+03  9.97174e-01  1.00027e+00
 1.78024e+03  9.98909e-01  1.00027e+00
 1.78026e+03  9.99170e-01  1.00027e+00
 1.78028e+03  9.99905e-01  1.00027e+00
 1.78031e+03  1.00054e+00  1.00027e+00
 1.78033e+03  1.00063e+00  1.00027e+00
 1.78035e+03  1.00088e+00  1.00027e+00
 1.78037e+03  1.00181e+00  1.00027e+00
 1.78039e+03  1.00208e+00  1.00027e+00
 1.78041e+03  1.00350e+00  1.00027e+00
 1.78043e+03  1.00298e+00  1.00027e+00
 1.78045e+03  1.00336e+00  1.00027e+00
 1.78047e+03  1.00389e+00  1.00027e+00
 1.78049e+03  1.00520e+00  1.00027e+00
 1.78051e+03  1.00409e+00  1.00027e+00
 1.78053e+03  1.00444e+00  1.00027e+00
 1.78056e+03  1.00416e+00  1.00027e+00
 1.78058e+03  1.00325e+00  1.00027e+00
 1.78060e+03  1.00401e+00  1.00027e+00
 1.78062e+03  1.00452e+00  1.00027e+00
 1.78064e+03  1.00348e+00  1.00027e+00
 1.78066e+03  1.00442e+00  1.00027e+00
 1.78068e+03  1.00249e+00  1.00027e+00
 1.78070e+03  1.00329e+00  1.00027e+00
 1.78072e+03  1.00237e+00  1.00027e+00
 1.78074e+03  1.00243e+00  1.00027e+00
 1.78076e+03  1.00087e+00  1.00027e+00
 1.78078e+03  1.00199e+00  1.00027e+00
 1.78081e+03  1.00135e+00  1.00027e+00
 1.78083e+03  1.00024e+00  1.00027e+00
 1.78085e+03  9.99529e-01  1.00027e+00
 1.78087e+03  1.00179e+00  1.00027e+00
 1.78089e+03  1.00036e+00  1.00027e+00
 1.78091e+03  1.00039e+00  1.00027e+00
 1.78093e+03  1.00041e+00  1.00027e+00
 1.78095e+03  1.00008e+00  1.00027e+00
 1.78097e+03  9.99907e-01  1.00027e+00
 1.78099e+03  1.00041e+00  1.00027e+00
 1.78101e+03  9.99877e-01  1.00027e+00
 1.78103e+03  9.99559e-01  1.00027e+00
 1.78106e+03  9.99898e-01  1.00027e+00
 1.78108e+03  9.98762e-01  1.00027e+00
 1.78110e+03  9.98808e-01  1.00027e+00
 1.78112e+03  9.99117e-01  1.00027e+00
 1.78114e+03  1.00088e+00  1.00027e+00
 1.78116e+03  9.99728e-01  1.00027e+00
 1.78118e+03  9.99181e-01  1.00027e+00
 1.78120e+03  9.99711e-01  1.00027e+00
 1.78122e+03  9.99035e-01  1.00027e+00
 1.78124e+03  9.98142e-01  1.00027e+00
 1.78126e+03  1.00004e+00  1.00027e+00
 1.78128e+03  1.00020e+00  1.00027e+00
 1.78131e+03  9.98637e-01  1.00027e+00
 1.78133e+03  9.99654e-01  1.00027e+00
 1.78135e+03  1.00024e+00  1.00027e+00
 1.78137e+03  9.98761e-01  1.00027e+00
 1.78139e+03  9.99524e-01  1.00027e+00
 1.78141e+03  9.99284e-01  1.00027e+00
 1.78143e+03  1.00090e+00  1.00027e+00
 1.78145e+03  9.99792e-01  1.00027e+00
 1.78147e+03  9.99564e-01  1.00027e+00
 1.78149e+03  9.99607e-01  1.00027e+00
 1.78151e+03  1.00001e+00  1.00027e+00
 1.78153e+03  9.99749e-01  1.00027e+00
 1.78156e+03  1.00056e+00  1.00027e+00
 1.78158e+03  1.00082e+00  1.00027e+00
 1.78160e+03  9.99373e-01  1.00027e+00
 1.78162e+03  9.99574e-01  1.00027e+00
 1.78164e+03  9.99490e-01  1.00027e+00
 1.78166e+03  9.99920e-01  1.00027e+00
 1.78168e+03  1.00002e+00  1.00027e+00
 1.78170e+03  9.99593e-01  1.00027e+00
 1.78172e+03  9.97653e-01  1.00027e+00
 1.78174e+03  9.99223e-01  1.00027e+00
 1.78176e+03  9.98630e-01  1.00027e+00
 1.78181e+03  9.99729e-01  1.00027e+00
 1.78183e+03  9.99820e-01  1.00027e+00
 1.78185e+03  9.99741e-01  1.00027e+00
 1.78187e+03  9.99433e-01  1.00027e+00
 1.78189e+03  1.00075e+00  1.00027e+00
 1.78191e+03  9.99940e-01  1.00027e+00
 1.78193e+03  1.00063e+00  1.00027e+00
 1.78195e+03  1.00001e+00  1.00027e+00
 1.78197e+03  1.00056e+00  1.00027e+00
 1.78199e+03  1.00105e+00  1.00027e+00
 1.78201e+03  9.99024e-01  1.00027e+00
 1.78203e+03  1.00013e+00  1.00027e+00
 1.78206e+03  1.00049e+00  1.00027e+00
 1.78208e+03  9.99103e-01  1.00027e+00
 1.78210e+03  9.99718e-01  1.00027e+00
 1.78212e+03  9.98826e-01  1.00027e+00
 1.78214e+03  9.99466e-01  1.00027e+00
 1.78216e+03  9.98751e-01  1.00027e+00
 1.78218e+03  9.98823e-01  1.00027e+00
 1.78220e+03  9.99016e-01  1.00027e+00
 1.78222e+03  9.99239e-01  1.00027e+00
 1.78224e+03  9.98197e-01  1.00027e+00
 1.78226e+03  9.97796e-01  1.00027e+00
 1.78228e+03  9.98991e-01  1.00027e+00
 1.78231e+03  9.98973e-01  1.00027e+00
 1.78233e+03  9.98322e-01  1.00027e+00
 1.78235e+03  1.00065e+00  1.00027e+00
 1.78237e+03  9.97950e-01  1.00027e+00
 1.78239e+03  9.98073e-01  1.00027e+00
 1.78241e+03  9.98153e-01  1.00027e+00
 1.78243e+03  9.99383e-01  1.00027e+00
 1.78245e+03  9.98732e-01  1.00027e+00
 1.78247e+03  9.98936e-01  1.00027e+00
 1.78249e+03  9.99336e-01  1.00027e+00
 1.78251e+03  9.98493e-01  1.00027e+00
 1.78253e+03  9.98602e-01  1.00027e+00
 1.78256e+03  9.98237e-01  1.00027e+00
 1.78258e+03  9.98884e-01  1.00027e+00
 1.78260e+03  9.98207e-01  1.00027e+00
 1.78262e+03  9.98512e-01  1.00027e+00
 1.78264e+03  9.96955e-01  1.00027e+00
 1.78266e+03  9.98406e-01  1.00027e+00
 1.78268e+03  9.97972e-01  1.00027e+00
 1.78270e+03  9.97932e-01  1.00027e+00
 1.78272e+03  9.98574e-01  1.00027e+00
 1.78274e+03  9.97969e-01  1.00027e+00
 1.78276e+03  9.99005e-01  1.00027e+00
 1.78281e+03  9.99799e-01  1.00027e+00
 1.78283e+03  9.99715e-01  1.00027e+00
 1.78285e+03  1.00157e+00  1.00027e+00
 1.78287e+03  1.00154e+00  1.00027e+00
 1.78289e+03  1.00318e+00  1.00027e+00
 1.78291e+03  1.00291e+00  1.00027e+00
 1.78293e+03  1.00431e+00  1.00027e+00
 1.78295e+03  1.00382e+00  1.00027e+00
 1.78297e+03  1.00344e+00  1.00027e+00
 1.78299e+03  1.00532e+00  1.00027e+00
 1.78301e+03  1.00517e+00  1.00027e+00
 1.78303e+03  1.00473e+00  1.00027e+00
 1.78306e+03  1.00399e+00  1.00027e+00
 1.78308e+03  1.00518e+00  1.00027e+00
 1.78310e+03  1.00457e+00  1.00027e+00
 1.78312e+03  1.00426e+00  1.00027e+00
 1.78314e+03  1.00420e+00  1.00027e+00
 1.78316e+03  1.00359e+00  1.00027e+00
 1.78318e+03  1.00223e+00  1.00027e+00
 1.78320e+03  1.00231e+00  1.00027e+00
 1.78322e+03  1.00149e+00  1.00027e+00
 1.78324e+03  1.00303e+00  1.00027e+00
 1.78326e+03  1.00207e+00  1.00027e+00
 1.78328e+03  1.00186e+00  1.00027e+00
 1.78331e+03  1.00215e+00  1.00027e+00
 1.78333e+03  1.00125e+00  1.00027e+00
 1.78335e+03  1.00050e+00  1.00027e+00
 1.78337e+03  1.00263e+00  1.00027e+00
 1.78339e+03  1.00003e+00  1.00027e+00
 1.78341e+03  9.99239e-01  1.00027e+00
 1.78343e+03  9.99874e-01  1.00027e+00
 1.78345e+03  1.00082e+00  1.00027e+00
 1.78347e+03  1.00065e+00  1.00027e+00
 1.78349e+03  9.99429e-01  1.00027e+00
 1.78351e+03  1.00100e+00  1.00027e+00
 1.78353e+03  1.00049e+00  1.00027e+00
 1.78356e+03  9.98501e-01  1.00027e+00
 1.78358e+03  9.99670e-01  1.00027e+00
 1.78360e+03  9.99522e-01  1.00027e+00
 1.78362e+03  9.98990e-01  1.00027e+00
 1.78364e+03  9.98531e-01  1.00027e+00
 1.78366e+03  9.98611e-01  1.00027e+00
 1.78368e+03  9.98746e-01  1.00027e+00
 1.78370e+03  9.98769e-01  1.00027e+00
 1.78372e+03  9.99552e-01  1.00027e+00
 1.78374e+03  1.00069e+00  1.00027e+00
 1.78376e+03  9.99954e-01  1.00027e+00
 1.78378e+03  9.98925e-01  1.00027e+00
 1.78381e+03  9.97670e-01  1.00027e+00
 1.78383e+03  9.99522e-01  1.00027e+00
 1.78385e+03  9.99470e-01  1.00027e+00
 1.78387e+03  9.98026e-01  1.00027e+00
 1.78389e+03  9.97549e-01  1.00027e+00
 1.78391e+03  9.97431e-01  1.00027e+00
 1.78395e+03  9.99466e-01  1.00027e+00
 1.78397e+03  9.99286e-01  1.00027e+00
 1.78399e+03  9.99201e-01  1.00027e+00
 1.78401e+03  9.99651e-01  1.00027e+00
 1.78403e+03  9.98311e-01  1.00027e+00
 1.78406e+03  9.99650e-01  1.00027e+00
 1.78408e+03  1.00038e+00  1.00027e+00
 1.78410e+03  9.99193e-01  1.00027e+00
 1.78412e+03  1.00019e+00  1.00027e+00
 1.78414e+03  9.98869e-01  1.00027e+00
 1.78416e+03  9.99494e-01  1.00027e+00
 1.78418e+03  9.99442e-01  1.00027e+00
 1.78420e+03  9.99054e-01  1.00027e+00
 1.78422e+03  1.00074e+00  1.00027e+00
 1.78426e+03  1.00070e+00  1.00027e+00
 1.78428e+03  1.00073e+00  1.00027e+00
 1.78431e+03  9.98822e-01  1.00027e+00
 1.78433e+03  9.99555e-01  1.00027e+00
 1.78435e+03  9.99440e-01  1.00027e+00
 1.78437e+03  9.99509e-01  1.00027e+00
 1.78439e+03  1.00025e+00  1.00027e+00
 1.78441e+03  1.00026e+00  1.00027e+00
 1.78443e+03  9.99314e-01  1.00027e+00
 1.78445e+03  1.00111e+00  1.00027e+00
 1.78447e+03  1.00169e+00  1.00027e+00
 1.78449e+03  9.99349e-01  1.00027e+00
 1.78451e+03  9.99481e-01  1.00027e+00
 1.78453e+03  9.99562e-01  1.00027e+00
 1.78456e+03  9.99257e-01  1.00027e+00
 1.78458e+03  1.00085e+00  1.00027e+00
 1.78464e+03  9.98692e-01  1.00027e+00
 1.78466e+03  1.00086e+00  1.00027e+00
 1.78468e+03  9.98606e-01  1.00027e+00
 1.78470e+03  9.99798e-01  1.00027e+00
 1.78474e+03  9.99292e-01  1.00027e+00
 1.78476e+03  9.99114e-01  1.00027e+00
 1.78478e+03  9.99407e-01  1.00027e+00
 1.78481e+03  1.00044e+00  1.00027e+00
 1.78483e+03  9.97684e-01  1.00027e+00
 1.78489e+03  9.99202e-01  1.00027e+00
 1.78493e+03  9.98459e-01  1.00027e+00
 1.78495e+03  9.97305e-01  1.00027e+00
 1.78497e+03  9.97603e-01  1.00027e+00
 1.78501e+03  9.97692e-01  1.00027e+00
 1.78506e+03  9.96521e-01  1.00027e+00
 1.78508e+03  9.96405e-01  1.00027e+00
 1.78512e+03  9.95955e-01  1.00027e+00
 1.78514e+03  9.96872e-01  1.00027e+00
 1.78516e+03  9.97189e-01  1.00027e+00
 1.78520e+03  9.96357e-01  1.00027e+00
 1.78522e+03  9.95360e-01  1.00027e+00
 1.78524e+03  9.96144e-01  1.00027e+00
 1.78528e+03  9.96643e-01  1.00027e+00
 1.78531e+03  9.97617e-01  1.00027e+00
 1.78533e+03  9.98871e-01  1.00027e+00
 1.78535e+03  9.98454e-01  1.00027e+00
 1.78537e+03  9.98133e-01  1.00027e+00
 1.78541e+03  9.99592e-01  1.00027e+00
 1.78543e+03  1.00151e+00  1.00027e+00
 1.78545e+03  1.00111e+00  1.00027e+00
 1.78547e+03  1.00337e+00  1.00027e+00
 1.78549e+03  1.00198e+00  1.00027e+00
 1.78551e+03  1.00409e+00  1.00027e+00
 1.78553e+03  1.00260e+00  1.00027e+00
 1.78556e+03  1.00314e+00  1.00027e+00
 1.78558e+03  1.00341e+00  1.00027e+00
 1.78560e+03  1.00318e+00  1.00027e+00
 1.78564e+03  1.00301e+00  1.00027e+00
 1.78566e+03  1.00328e+00  1.00027e+00
 1.78568e+03  1.00298e+00  1.00027e+00
 1.78570e+03  1.00290e+00  1.00027e+00
 1.78572e+03  1.00197e+00  1.00027e+00
 1.78574e+03  1.00239e+00  1.00027e+00
 1.78576e+03  1.00270e+00  1.00027e+00
 1.78583e+03  1.00039e+00  1.00027e+00
 1.78585e+03  1.00000e+00  1.00027e+00
 1.78587e+03  1.00194e+00  1.00027e+00
 1.78593e+03  1.00040e+00  1.00027e+00
 1.78599e+03  1.00102e+00  1.00027e+00
 1.78606e+03  1.00084e+00  1.00027e+00
 1.78608e+03  9.99271e-01  1.00027e+00
 1.78610e+03  9.99693e-01  1.00027e+00
 1.78612e+03  9.99553e-01  1.00027e+00
 1.78614e+03  1.00019e+00  1.00027e+00
 1.78618e+03  1.00019e+00  1.00027e+00
 1.78620e+03  9.99535e-01  1.00027e+00
 1.78622e+03  9.98805e-01  1.00027e+00
 1.78624e+03  1.00027e+00  1.00027e+00
 1.78626e+03  9.99668e-01  1.00027e+00
 1.78631e+03  1.00008e+00  1.00027e+00
 1.78637e+03  9.99899e-01  1.00027e+00
 1.78643e+03  9.99214e-01  1.00027e+00
 1.78647e+03  9.98410e-01  1.00027e+00
 1.78649e+03  9.99830e-01  1.00027e+00
 1.78651e+03  9.99377e-01  1.00027e+00
 1.78653e+03  9.98474e-01  1.00027e+00
 1.78656e+03  9.98572e-01  1.00027e+00
 1.78658e+03  9.98388e-01  1.00027e+00
 1.78660e+03  9.99259e-01  1.00027e+00
 1.78662e+03  9.99155e-01  1.00027e+00
 1.78664e+03  1.00107e+00  1.00027e+00
 1.78666e+03  1.00017e+00  1.00027e+00
 1.78668e+03  9.99886e-01  1.00027e+00
 1.78672e+03  9.99677e-01  1.00027e+00
 1.78674e+03  9.99939e-01  1.00027e+00
 1.78676e+03  9.99666e-01  1.00027e+00
 1.78678e+03  1.00074e+00  1.00027e+00
 1.78681e+03  9.99140e-01  1.00027e+00
 1.78687e+03  9.99373e-01  1.00027e+00
 1.78693e+03  9.99852e-01  1.00027e+00
 1.78695e+03  1.00115e+00  1.00027e+00
 1.78697e+03  1.00024e+00  1.00027e+00
 1.78699e+03  9.99989e-01  1.00027e+00
 1.78701e+03  1.00074e+00  1.00027e+00
 1.78703e+03  1.00074e+00  1.00027e+00
 1.78710e+03  1.00145e+00  1.00027e+00
 1.78712e+03  1.00201e+00  1.00027e+00
 1.78714e+03  1.00152e+00  1.00027e+00
 1.78716e+03  1.00207e+00  1.00027e+00
 1.78720e+03  1.00172e+00  1.00027e+00
 1.78722e+03  1.00073e+00  1.00027e+00
 1.78724e+03  1.00131e+00  1.00027e+00
 1.78726e+03  1.00184e+00  1.00027e+00
 1.78728e+03  1.00028e+00  1.00027e+00
 1.78733e+03  1.00075e+00  1.00027e+00
 1.78737e+03  1.00117e+00  1.00027e+00
 1.78739e+03  1.00172e+00  1.00027e+00
 1.78741e+03  9.99752e-01  1.00027e+00
 1.78747e+03  9.99064e-01  1.00027e+00
 1.78749e+03  9.99124e-01  1.00027e+00
 1.78751e+03  1.00040e+00  1.00027e+00
 1.78753e+03  1.00105e+00  1.00027e+00
 1.78756e+03  9.97678e-01  1.00027e+00
 1.78758e+03  9.98590e-01  1.00027e+00
 1.78760e+03  9.99199e-01  1.00027e+00
 1.78762e+03  1.00023e+00  1.00027e+00
 1.78764e+03  9.99074e-01  1.00027e+00
 1.78768e+03  9.98427e-01  1.00027e+00
 1.78770e+03  9.99235e-01  1.00027e+00
 1.78772e+03  9.98856e-01  1.00027e+00
 1.78774e+03  9.98982e-01  1.00027e+00
 1.78776e+03  9.97028e-01  1.00027e+00
 1.78778e+03  9.99025e-01  1.00027e+00
 1.78781e+03  9.98203e-01  1.00027e+00
 1.78783e+03  9.98207e-01  1.00027e+00
 1.78785e+03  9.98975e-01  1.00027e+00
 1.78789e+03  9.98883e-01  1.00027e+00
 1.78791e+03  1.00044e+00  1.00027e+00
 1.78793e+03  1.00037e+00  1.00027e+00
 1.78795e+03  1.00029e+00  1.00027e+00
 1.78797e+03  1.00130e+00  1.00027e+00
 1.78799e+03  1.00193e+00  1.00027e+00
 1.78801e+03  1.00282e+00  1.00027e+00
 1.78803e+03  1.00402e+00  1.00027e+00
 1.78806e+03  1.00374e+00  1.00027e+00
 1.78808e+03  1.00275e+00  1.00027e+00
 1.78810e+03  1.00382e+00  1.00027e+00
 1.78812e+03  1.00309e+00  1.00027e+00
 1.78814e+03  1.00249e+00  1.00027e+00
 1.78816e+03  1.00222e+00  1.00027e+00
 1.78818e+03  1.00247e+00  1.00027e+00
 1.78820e+03  1.00176e+00  1.00027e+00
 1.78822e+03  1.00088e+00  1.00027e+00
 1.78824e+03  1.00164e+00  1.00027e+00
 1.78826e+03  9.99891e-01  1.00027e+00
 1.78828e+03  1.00004e+00  1.00027e+00
 1.78831e+03  9.99214e-01  1.00027e+00
 1.78833e+03  9.99505e-01  1.00027e+00
 1.78835e+03  9.98955e-01  1.00027e+00
 1.78837e+03  9.98265e-01  1.00027e+00
 1.78839e+03  9.98391e-01  1.00027e+00
 1.78841e+03  9.99332e-01  1.00027e+00
 1.78843e+03  9.99317e-01  1.00027e+00
 1.78845e+03  9.97378e-01  1.00027e+00
 1.78847e+03  9.98640e-01  1.00027e+00
 1.78849e+03  9.98769e-01  1.00027e+00
 1.78851e+03  9.99445e-01  1.00027e+00
 1.78853e+03  9.99592e-01  1.00027e+00
 1.78856e+03  1.00001e+00  1.00027e+00
 1.78858e+03  1.00050e+00  1.00027e+00
 1.78860e+03  1.00087e+00  1.00027e+00
 1.78862e+03  9.99106e-01  1.00027e+00
 1.78864e+03  9.99738e-01  1.00027e+00
 1.78866e+03  9.99516e-01  1.00027e+00
 1.78868e+03  9.99286e-01  1.00027e+00
 1.78870e+03  1.00009e+00  1.00027e+00
 1.78960e+03  1.00038e+00  1.00027e+00
 1.78962e+03  9.99865e-01  1.00027e+00
 1.78964e+03  9.98951e-01  1.00027e+00
 1.78966e+03  9.99706e-01  1.00027e+00
 1.78968e+03  9.97813e-01  1.00027e+00
