1097
 1.68339e+03  1.00552e+00  1.00005e+00
 1.68341e+03  1.00673e+00  1.00004e+00
 1.68343e+03  1.00192e+00  1.00004e+00
 1.68345e+03  1.00405e+00  1.00003e+00
 1.68347e+03  1.00254e+00  1.00003e+00
 1.68349e+03  1.00247e+00  1.00002e+00
 1.68354e+03  1.00189e+00  1.00001e+00
 1.68366e+03  1.00306e+00  9.99979e-01
 1.68368e+03  1.00238e+00  9.99974e-01
 1.68370e+03  1.00299e+00  9.99968e-01
 1.68372e+03  1.00248e+00  9.99963e-01
 1.68374e+03  1.00211e+00  9.99958e-01
 1.68376e+03  1.00287e+00  9.99952e-01
 1.68379e+03  1.00215e+00  9.99947e-01
 1.68381e+03  1.00194e+00  9.99942e-01
 1.68383e+03  1.00190e+00  9.99936e-01
 1.68385e+03  1.00077e+00  9.99931e-01
 1.68387e+03  1.00101e+00  9.99926e-01
 1.68393e+03  1.00200e+00  9.99910e-01
 1.68395e+03  1.00217e+00  9.99905e-01
 1.68397e+03  1.00240e+00  9.99900e-01
 1.68399e+03  1.00186e+00  9.99894e-01
 1.68401e+03  1.00263e+00  9.99889e-01
 1.68404e+03  1.00143e+00  9.99884e-01
 1.68408e+03  1.00148e+00  9.99874e-01
 1.68410e+03  1.00214e+00  9.99869e-01
 1.68412e+03  1.00514e+00  9.99863e-01
 1.68414e+03  1.00164e+00  9.99858e-01
 1.68416e+03  1.00048e+00  9.99853e-01
 1.68418e+03  1.00017e+00  9.99848e-01
 1.68420e+03  1.00154e+00  9.99843e-01
 1.68422e+03  1.00166e+00  9.99838e-01
 1.68424e+03  1.00181e+00  9.99833e-01
 1.68426e+03  1.00203e+00  9.99828e-01
 1.68429e+03  1.00291e+00  9.99823e-01
 1.68431e+03  1.00166e+00  9.99818e-01
 1.68433e+03  1.00301e+00  9.99813e-01
 1.68435e+03  1.00234e+00  9.99808e-01
 1.68437e+03  1.00235e+00  9.99803e-01
 1.68439e+03  1.00309e+00  9.99798e-01
 1.68441e+03  1.00219e+00  9.99793e-01
 1.68443e+03  1.00237e+00  9.99788e-01
 1.68445e+03  1.00192e+00  9.99783e-01
 1.68447e+03  1.00254e+00  9.99778e-01
 1.68451e+03  1.00241e+00  9.99768e-01
 1.68454e+03  1.00227e+00  9.99763e-01
 1.68456e+03  1.00205e+00  9.99758e-01
 1.68458e+03  1.00197e+00  9.99753e-01
 1.68460e+03  1.00268e+00  9.99748e-01
 1.68462e+03  1.00116e+00  9.99743e-01
 1.68464e+03  1.00267e+00  9.99738e-01
 1.68466e+03  1.00124e+00  9.99734e-01
 1.68468e+03  1.00200e+00  9.99729e-01
 1.68470e+03  1.00187e+00  9.99724e-01
 1.68472e+03  1.00170e+00  9.99719e-01
 1.68474e+03  1.00226e+00  9.99714e-01
 1.68476e+03  1.00164e+00  9.99710e-01
 1.68479e+03  1.00102e+00  9.99705e-01
 1.68481e+03  1.00108e+00  9.99700e-01
 1.68483e+03  1.00126e+00  9.99695e-01
 1.68485e+03  1.00154e+00  9.99690e-01
 1.68487e+03  1.00290e+00  9.99686e-01
 1.68489e+03  1.00086e+00  9.99681e-01
 1.68491e+03  1.00142e+00  9.99676e-01
 1.68493e+03  1.00356e+00  9.99672e-01
 1.68495e+03  1.00186e+00  9.99667e-01
 1.68497e+03  1.00156e+00  9.99662e-01
 1.68499e+03  1.00217e+00  9.99657e-01
 1.68501e+03  1.00231e+00  9.99653e-01
 1.68504e+03  9.99256e-01  9.99648e-01
 1.68506e+03  1.00239e+00  9.99644e-01
 1.68508e+03  1.00180e+00  9.99639e-01
 1.68510e+03  1.00094e+00  9.99634e-01
 1.68512e+03  1.00028e+00  9.99630e-01
 1.68514e+03  9.94211e-01  9.99625e-01
 1.68516e+03  9.90430e-01  9.99621e-01
 1.68518e+03  9.88059e-01  9.99616e-01
 1.68520e+03  9.89562e-01  9.99611e-01
 1.68522e+03  9.91173e-01  9.99607e-01
 1.68524e+03  9.96804e-01  9.99602e-01
 1.68526e+03  1.00056e+00  9.99598e-01
 1.68529e+03  1.00268e+00  9.99593e-01
 1.68531e+03  1.00177e+00  9.99589e-01
 1.68533e+03  1.00290e+00  9.99584e-01
 1.68535e+03  1.00140e+00  9.99580e-01
 1.68537e+03  1.00173e+00  9.99575e-01
 1.68539e+03  1.00254e+00  9.99571e-01
 1.68541e+03  1.00242e+00  9.99566e-01
 1.68543e+03  1.00193e+00  9.99562e-01
 1.68545e+03  1.00306e+00  9.99558e-01
 1.68547e+03  1.00323e+00  9.99553e-01
 1.68549e+03  1.00251e+00  9.99549e-01
 1.68551e+03  1.00267e+00  9.99544e-01
 1.68554e+03  1.00262e+00  9.99540e-01
 1.68556e+03  1.00221e+00  9.99536e-01
 1.68558e+03  1.00242e+00  9.99531e-01
 1.68560e+03  1.00290e+00  9.99527e-01
 1.68562e+03  1.00309e+00  9.99523e-01
 1.68564e+03  1.00241e+00  9.99518e-01
 1.68566e+03  1.00095e+00  9.99514e-01
 1.68568e+03  1.00140e+00  9.99510e-01
 1.68570e+03  9.99956e-01  9.99505e-01
 1.68572e+03  1.00121e+00  9.99501e-01
 1.68574e+03  9.99446e-01  9.99497e-01
 1.68576e+03  1.00057e+00  9.99493e-01
 1.68579e+03  1.00084e+00  9.99488e-01
 1.68581e+03  1.00007e+00  9.99484e-01
 1.68583e+03  9.99498e-01  9.99480e-01
 1.68585e+03  1.00076e+00  9.99476e-01
 1.68587e+03  1.00041e+00  9.99471e-01
 1.68589e+03  1.00100e+00  9.99467e-01
 1.68593e+03  1.00008e+00  9.99459e-01
 1.68595e+03  1.00070e+00  9.99455e-01
 1.68597e+03  1.00043e+00  9.99451e-01
 1.68599e+03  1.00136e+00  9.99447e-01
 1.68601e+03  1.00080e+00  9.99442e-01
 1.68604e+03  1.00035e+00  9.99438e-01
 1.68606e+03  1.00000e+00  9.99434e-01
 1.68608e+03  1.00003e+00  9.99430e-01
 1.68610e+03  9.98767e-01  9.99426e-01
 1.68612e+03  9.99276e-01  9.99422e-01
 1.68614e+03  9.99439e-01  9.99418e-01
 1.68616e+03  9.97432e-01  9.99414e-01
 1.68618e+03  9.97941e-01  9.99410e-01
 1.68620e+03  9.99102e-01  9.99406e-01
 1.68622e+03  9.99119e-01  9.99402e-01
 1.68624e+03  9.98767e-01  9.99398e-01
 1.68626e+03  9.99154e-01  9.99394e-01
 1.68629e+03  1.00024e+00  9.99390e-01
 1.68631e+03  9.99215e-01  9.99386e-01
 1.68633e+03  9.98815e-01  9.99382e-01
 1.68635e+03  9.99603e-01  9.99378e-01
 1.68637e+03  9.99495e-01  9.99374e-01
 1.68639e+03  9.98809e-01  9.99370e-01
 1.68641e+03  9.98419e-01  9.99366e-01
 1.68643e+03  9.98406e-01  9.99362e-01
 1.68645e+03  9.99456e-01  9.99359e-01
 1.68647e+03  9.98089e-01  9.99355e-01
 1.68649e+03  9.94439e-01  9.99351e-01
 1.68651e+03  9.99731e-01  9.99347e-01
 1.68654e+03  9.98855e-01  9.99343e-01
 1.68656e+03  9.98861e-01  9.99339e-01
 1.68658e+03  9.99241e-01  9.99336e-01
 1.68660e+03  9.99419e-01  9.99332e-01
 1.68662e+03  1.00006e+00  9.99328e-01
 1.68664e+03  9.99458e-01  9.99324e-01
 1.68666e+03  9.98485e-01  9.99320e-01
 1.68668e+03  9.98830e-01  9.99317e-01
 1.68670e+03  9.99062e-01  9.99313e-01
 1.68672e+03  9.99289e-01  9.99309e-01
 1.68674e+03  9.98684e-01  9.99305e-01
 1.68676e+03  9.98607e-01  9.99302e-01
 1.68679e+03  9.98345e-01  9.99298e-01
 1.68681e+03  9.99085e-01  9.99294e-01
 1.68683e+03  9.99040e-01  9.99291e-01
 1.68685e+03  9.98149e-01  9.99287e-01
 1.68687e+03  9.99772e-01  9.99283e-01
 1.68689e+03  9.98534e-01  9.99280e-01
 1.68691e+03  9.98418e-01  9.99276e-01
 1.68693e+03  9.98235e-01  9.99272e-01
 1.68695e+03  9.98974e-01  9.99269e-01
 1.68697e+03  9.99696e-01  9.99265e-01
 1.68699e+03  9.98107e-01  9.99262e-01
 1.68701e+03  9.98577e-01  9.99258e-01
 1.68704e+03  9.98640e-01  9.99255e-01
 1.68706e+03  9.99720e-01  9.99251e-01
 1.68708e+03  9.99692e-01  9.99247e-01
 1.68710e+03  9.99761e-01  9.99244e-01
 1.68712e+03  9.98689e-01  9.99240e-01
 1.68714e+03  9.98987e-01  9.99237e-01
 1.68716e+03  9.98810e-01  9.99233e-01
 1.68718e+03  9.99999e-01  9.99230e-01
 1.68720e+03  9.98272e-01  9.99226e-01
 1.68722e+03  9.99156e-01  9.99223e-01
 1.68724e+03  9.99897e-01  9.99220e-01
 1.68726e+03  1.00014e+00  9.99216e-01
 1.68729e+03  1.00015e+00  9.99213e-01
 1.68731e+03  9.98661e-01  9.99209e-01
 1.68733e+03  9.97465e-01  9.99206e-01
 1.68735e+03  9.98487e-01  9.99202e-01
 1.68737e+03  9.97066e-01  9.99199e-01
 1.68739e+03  9.98247e-01  9.99196e-01
 1.68741e+03  9.98037e-01  9.99192e-01
 1.68743e+03  9.99685e-01  9.99189e-01
 1.68745e+03  9.97607e-01  9.99186e-01
 1.68747e+03  9.98900e-01  9.99182e-01
 1.68749e+03  9.99259e-01  9.99179e-01
 1.68751e+03  9.99198e-01  9.99176e-01
 1.68754e+03  9.97899e-01  9.99172e-01
 1.68756e+03  9.97500e-01  9.99169e-01
 1.68758e+03  9.96850e-01  9.99166e-01
 1.68760e+03  9.97761e-01  9.99163e-01
 1.68766e+03  9.96508e-01  9.99153e-01
 1.68768e+03  9.99310e-01  9.99150e-01
 1.68770e+03  9.98590e-01  9.99146e-01
 1.68772e+03  9.97936e-01  9.99143e-01
 1.68774e+03  9.98261e-01  9.99140e-01
 1.68776e+03  9.98874e-01  9.99137e-01
 1.68779e+03  9.96931e-01  9.99134e-01
 1.68781e+03  9.97513e-01  9.99131e-01
 1.68783e+03  9.98214e-01  9.99127e-01
 1.68785e+03  9.95954e-01  9.99124e-01
 1.68787e+03  9.97215e-01  9.99121e-01
 1.68795e+03  9.87557e-01  9.99109e-01
 1.68799e+03  9.89632e-01  9.99103e-01
 1.68801e+03  9.95083e-01  9.99100e-01
 1.68804e+03  9.97593e-01  9.99097e-01
 1.68810e+03  1.00224e+00  9.99088e-01
 1.68812e+03  1.00155e+00  9.99085e-01
 1.68814e+03  1.00076e+00  9.99082e-01
 1.68816e+03  1.00138e+00  9.99079e-01
 1.68820e+03  1.00194e+00  9.99073e-01
 1.68822e+03  1.00245e+00  9.99070e-01
 1.68824e+03  1.00289e+00  9.99067e-01
 1.68826e+03  1.00239e+00  9.99064e-01
 1.68835e+03  1.00327e+00  9.99052e-01
 1.68837e+03  1.00134e+00  9.99050e-01
 1.68839e+03  1.00218e+00  9.99047e-01
 1.68843e+03  1.00191e+00  9.99041e-01
 1.68847e+03  1.00033e+00  9.99035e-01
 1.68849e+03  1.00039e+00  9.99033e-01
 1.68851e+03  1.00003e+00  9.99030e-01
 1.68854e+03  1.00123e+00  9.99027e-01
 1.68858e+03  1.00020e+00  9.99022e-01
 1.68860e+03  9.99998e-01  9.99019e-01
 1.68862e+03  1.00011e+00  9.99016e-01
 1.68868e+03  9.99857e-01  9.99008e-01
 1.68870e+03  9.98643e-01  9.99005e-01
 1.68872e+03  9.99985e-01  9.99003e-01
 1.68874e+03  9.99966e-01  9.99000e-01
 1.68876e+03  1.00061e+00  9.98997e-01
 1.68879e+03  1.00061e+00  9.98995e-01
 1.68881e+03  1.00084e+00  9.98992e-01
 1.68883e+03  1.00057e+00  9.98989e-01
 1.68885e+03  9.99717e-01  9.98987e-01
 1.68887e+03  9.99404e-01  9.98984e-01
 1.68891e+03  9.98194e-01  9.98979e-01
 1.68893e+03  9.98377e-01  9.98976e-01
 1.68895e+03  9.97274e-01  9.98974e-01
 1.68904e+03  1.00022e+00  9.98964e-01
 1.68906e+03  1.00013e+00  9.98961e-01
 1.68908e+03  1.00005e+00  9.98959e-01
 1.68914e+03  1.00084e+00  9.98951e-01
 1.68916e+03  9.99394e-01  9.98949e-01
 1.68920e+03  9.99509e-01  9.98944e-01
 1.68924e+03  1.00021e+00  9.98939e-01
 1.68926e+03  9.99600e-01  9.98937e-01
 1.68929e+03  1.00057e+00  9.98934e-01
 1.68931e+03  9.99877e-01  9.98932e-01
 1.68935e+03  1.00061e+00  9.98927e-01
 1.68937e+03  9.99721e-01  9.98925e-01
 1.68939e+03  1.00066e+00  9.98923e-01
 1.68941e+03  1.00129e+00  9.98920e-01
 1.68945e+03  1.00083e+00  9.98916e-01
 1.68947e+03  9.99998e-01  9.98913e-01
 1.68949e+03  9.99838e-01  9.98911e-01
 1.68951e+03  9.99455e-01  9.98909e-01
 1.68956e+03  1.00040e+00  9.98904e-01
 1.68958e+03  1.00023e+00  9.98902e-01
 1.68960e+03  9.95080e-01  9.98900e-01
 1.68962e+03  9.99585e-01  9.98898e-01
 1.68964e+03  1.00016e+00  9.98895e-01
 1.68966e+03  9.99201e-01  9.98893e-01
 1.68968e+03  1.00016e+00  9.98891e-01
 1.68970e+03  9.99548e-01  9.98889e-01
 1.68972e+03  9.98872e-01  9.98887e-01
 1.68974e+03  9.99766e-01  9.98885e-01
 1.68976e+03  1.00039e+00  9.98882e-01
 1.68979e+03  9.99404e-01  9.98880e-01
 1.68981e+03  9.99796e-01  9.98878e-01
 1.68983e+03  9.99355e-01  9.98876e-01
 1.68985e+03  9.99857e-01  9.98874e-01
 1.68987e+03  1.00078e+00  9.98872e-01
 1.68989e+03  9.99884e-01  9.98870e-01
 1.68991e+03  1.00005e+00  9.98868e-01
 1.68993e+03  9.99698e-01  9.98866e-01
 1.68995e+03  1.00133e+00  9.98864e-01
 1.68997e+03  1.00007e+00  9.98862e-01
 1.68999e+03  9.99744e-01  9.98859e-01
 1.69001e+03  9.99322e-01  9.98857e-01
 1.69004e+03  9.99401e-01  9.98855e-01
 1.69006e+03  9.99972e-01  9.98853e-01
 1.69008e+03  9.99739e-01  9.98851e-01
 1.69010e+03  9.99598e-01  9.98849e-01
 1.69012e+03  9.99175e-01  9.98847e-01
 1.69014e+03  9.99332e-01  9.98846e-01
 1.69016e+03  9.99530e-01  9.98844e-01
 1.69018e+03  9.99954e-01  9.98842e-01
 1.69020e+03  9.98390e-01  9.98840e-01
 1.69022e+03  9.99096e-01  9.98838e-01
 1.69024e+03  9.98776e-01  9.98836e-01
 1.69026e+03  9.99435e-01  9.98834e-01
 1.69031e+03  9.98679e-01  9.98830e-01
 1.69033e+03  9.98476e-01  9.98828e-01
 1.69035e+03  9.99438e-01  9.98826e-01
 1.69037e+03  1.00030e+00  9.98825e-01
 1.69039e+03  9.99955e-01  9.98823e-01
 1.69041e+03  9.99871e-01  9.98821e-01
 1.69043e+03  9.99494e-01  9.98819e-01
 1.69045e+03  1.00014e+00  9.98817e-01
 1.69047e+03  9.99794e-01  9.98815e-01
 1.69049e+03  9.99947e-01  9.98814e-01
 1.69051e+03  9.98991e-01  9.98812e-01
 1.69054e+03  9.98423e-01  9.98810e-01
 1.69056e+03  9.99356e-01  9.98808e-01
 1.69058e+03  9.99947e-01  9.98807e-01
 1.69060e+03  9.98423e-01  9.98805e-01
 1.69062e+03  9.98758e-01  9.98803e-01
 1.69064e+03  9.99705e-01  9.98801e-01
 1.69066e+03  9.99680e-01  9.98800e-01
 1.69068e+03  9.94198e-01  9.98798e-01
 1.69070e+03  9.88551e-01  9.98796e-01
 1.69072e+03  9.84131e-01  9.98795e-01
 1.69074e+03  9.83567e-01  9.98793e-01
 1.69076e+03  9.85354e-01  9.98791e-01
 1.69079e+03  9.91666e-01  9.98790e-01
 1.69081e+03  9.95089e-01  9.98788e-01
 1.69083e+03  9.98305e-01  9.98786e-01
 1.69085e+03  1.00004e+00  9.98785e-01
 1.69087e+03  1.00045e+00  9.98783e-01
 1.69089e+03  9.96370e-01  9.98782e-01
 1.69091e+03  9.96664e-01  9.98780e-01
 1.69093e+03  1.00031e+00  9.98778e-01
 1.69095e+03  9.98175e-01  9.98777e-01
 1.69097e+03  9.99331e-01  9.98775e-01
 1.69099e+03  9.99093e-01  9.98774e-01
 1.69101e+03  1.00028e+00  9.98772e-01
 1.69104e+03  1.00015e+00  9.98771e-01
 1.69106e+03  1.00020e+00  9.98769e-01
 1.69108e+03  9.98594e-01  9.98767e-01
 1.69110e+03  9.99559e-01  9.98766e-01
 1.69112e+03  9.99142e-01  9.98764e-01
 1.69114e+03  9.98894e-01  9.98763e-01
 1.69116e+03  9.97778e-01  9.98762e-01
 1.69118e+03  9.96647e-01  9.98760e-01
 1.69120e+03  9.98194e-01  9.98759e-01
 1.69122e+03  9.96789e-01  9.98757e-01
 1.69124e+03  9.96850e-01  9.98756e-01
 1.69126e+03  9.95805e-01  9.98754e-01
 1.69129e+03  9.96630e-01  9.98753e-01
 1.69131e+03  9.96697e-01  9.98751e-01
 1.69133e+03  9.96092e-01  9.98750e-01
 1.69135e+03  9.96121e-01  9.98749e-01
 1.69137e+03  9.93400e-01  9.98747e-01
 1.69139e+03  9.96655e-01  9.98746e-01
 1.69141e+03  9.95898e-01  9.98745e-01
 1.69143e+03  9.97894e-01  9.98743e-01
 1.69145e+03  9.96242e-01  9.98742e-01
 1.69147e+03  9.96799e-01  9.98740e-01
 1.69149e+03  9.98399e-01  9.98739e-01
 1.69151e+03  9.95101e-01  9.98738e-01
 1.69154e+03  9.96122e-01  9.98737e-01
 1.69156e+03  9.95241e-01  9.98735e-01
 1.69158e+03  9.97454e-01  9.98734e-01
 1.69160e+03  9.97365e-01  9.98733e-01
 1.69164e+03  9.95735e-01  9.98730e-01
 1.69166e+03  9.96063e-01  9.98729e-01
 1.69168e+03  9.96368e-01  9.98728e-01
 1.69170e+03  9.96313e-01  9.98726e-01
 1.69172e+03  9.94037e-01  9.98725e-01
 1.69176e+03  9.95619e-01  9.98723e-01
 1.69181e+03  9.94379e-01  9.98720e-01
 1.69191e+03  9.95321e-01  9.98715e-01
 1.69195e+03  9.94668e-01  9.98712e-01
 1.69197e+03  9.94982e-01  9.98711e-01
 1.69199e+03  9.96024e-01  9.98710e-01
 1.69201e+03  9.90261e-01  9.98709e-01
 1.69204e+03  9.87457e-01  9.98708e-01
 1.69208e+03  9.90782e-01  9.98706e-01
 1.69212e+03  9.97720e-01  9.98704e-01
 1.69214e+03  9.96590e-01  9.98703e-01
 1.69218e+03  9.90985e-01  9.98701e-01
 1.69220e+03  9.89918e-01  9.98700e-01
 1.69222e+03  9.72565e-01  9.98699e-01
 1.69224e+03  9.64254e-01  9.98698e-01
 1.69226e+03  9.54994e-01  9.98697e-01
 1.69229e+03  9.66374e-01  9.98696e-01
 1.69231e+03  9.82557e-01  9.98695e-01
 1.69233e+03  9.92975e-01  9.98694e-01
 1.69235e+03  9.96816e-01  9.98693e-01
 1.69237e+03  9.95489e-01  9.98692e-01
 1.69239e+03  9.94593e-01  9.98691e-01
 1.69243e+03  9.96930e-01  9.98689e-01
 1.69247e+03  9.99273e-01  9.98687e-01
 1.69251e+03  9.97580e-01  9.98685e-01
 1.69254e+03  9.96310e-01  9.98685e-01
 1.69256e+03  9.99899e-01  9.98684e-01
 1.69262e+03  9.97149e-01  9.98681e-01
 1.69264e+03  9.97763e-01  9.98680e-01
 1.69268e+03  9.98982e-01  9.98679e-01
 1.69270e+03  9.99157e-01  9.98678e-01
 1.69274e+03  9.98397e-01  9.98676e-01
 1.69279e+03  9.97913e-01  9.98675e-01
 1.69281e+03  9.99300e-01  9.98674e-01
 1.69283e+03  9.99360e-01  9.98673e-01
 1.69285e+03  9.97625e-01  9.98673e-01
 1.69287e+03  9.99255e-01  9.98672e-01
 1.69289e+03  9.98569e-01  9.98671e-01
 1.69293e+03  9.98879e-01  9.98670e-01
 1.69295e+03  1.00010e+00  9.98669e-01
 1.69297e+03  9.98052e-01  9.98668e-01
 1.69299e+03  1.00135e+00  9.98668e-01
 1.69301e+03  1.00301e+00  9.98667e-01
 1.69306e+03  1.00082e+00  9.98666e-01
 1.69308e+03  9.99140e-01  9.98665e-01
 1.69312e+03  9.99253e-01  9.98664e-01
 1.69314e+03  1.00178e+00  9.98663e-01
 1.69316e+03  1.00148e+00  9.98663e-01
 1.69318e+03  1.00048e+00  9.98662e-01
 1.69320e+03  9.99959e-01  9.98661e-01
 1.69322e+03  1.00103e+00  9.98661e-01
 1.69324e+03  1.00043e+00  9.98660e-01
 1.69326e+03  1.00103e+00  9.98660e-01
 1.69329e+03  1.00255e+00  9.98659e-01
 1.69331e+03  1.00036e+00  9.98659e-01
 1.69333e+03  1.00124e+00  9.98658e-01
 1.69335e+03  9.99909e-01  9.98657e-01
 1.69337e+03  9.99461e-01  9.98657e-01
 1.69339e+03  1.00259e+00  9.98656e-01
 1.69341e+03  1.00083e+00  9.98656e-01
 1.69343e+03  1.00058e+00  9.98655e-01
 1.69345e+03  1.00049e+00  9.98655e-01
 1.69347e+03  9.94127e-01  9.98654e-01
 1.69349e+03  9.89241e-01  9.98654e-01
 1.69351e+03  9.86389e-01  9.98654e-01
 1.69354e+03  9.87736e-01  9.98653e-01
 1.69356e+03  9.90945e-01  9.98653e-01
 1.69358e+03  9.97907e-01  9.98652e-01
 1.69360e+03  1.00112e+00  9.98652e-01
 1.69362e+03  1.00231e+00  9.98651e-01
 1.69364e+03  1.00181e+00  9.98651e-01
 1.69366e+03  1.00301e+00  9.98650e-01
 1.69368e+03  1.00244e+00  9.98650e-01
 1.69370e+03  1.00274e+00  9.98650e-01
 1.69372e+03  1.00409e+00  9.98649e-01
 1.69374e+03  1.00255e+00  9.98649e-01
 1.69376e+03  1.00255e+00  9.98649e-01
 1.69379e+03  1.00385e+00  9.98648e-01
 1.69381e+03  1.00358e+00  9.98648e-01
 1.69383e+03  1.00252e+00  9.98648e-01
 1.69385e+03  1.00123e+00  9.98647e-01
 1.69387e+03  1.00276e+00  9.98647e-01
 1.69389e+03  1.00353e+00  9.98647e-01
 1.69391e+03  1.00250e+00  9.98646e-01
 1.69393e+03  1.00301e+00  9.98646e-01
 1.69395e+03  1.00347e+00  9.98646e-01
 1.69397e+03  1.00216e+00  9.98645e-01
 1.69399e+03  1.00225e+00  9.98645e-01
 1.69401e+03  1.00090e+00  9.98645e-01
 1.69404e+03  1.00215e+00  9.98645e-01
 1.69406e+03  1.00314e+00  9.98644e-01
 1.69408e+03  1.00113e+00  9.98644e-01
 1.69410e+03  1.00043e+00  9.98644e-01
 1.69412e+03  1.00310e+00  9.98644e-01
 1.69414e+03  1.00281e+00  9.98643e-01
 1.69416e+03  1.00263e+00  9.98643e-01
 1.69418e+03  1.00283e+00  9.98643e-01
 1.69420e+03  1.00221e+00  9.98643e-01
 1.69422e+03  1.00329e+00  9.98642e-01
 1.69424e+03  1.00229e+00  9.98642e-01
 1.69426e+03  1.00317e+00  9.98642e-01
 1.69429e+03  1.00296e+00  9.98642e-01
 1.69431e+03  1.00400e+00  9.98642e-01
 1.69433e+03  1.00221e+00  9.98642e-01
 1.69435e+03  1.00268e+00  9.98642e-01
 1.69437e+03  1.00273e+00  9.98641e-01
 1.69439e+03  1.00313e+00  9.98641e-01
 1.69441e+03  1.00389e+00  9.98641e-01
 1.69445e+03  1.00252e+00  9.98641e-01
 1.69447e+03  1.00099e+00  9.98641e-01
 1.69449e+03  1.00179e+00  9.98641e-01
 1.69451e+03  1.00138e+00  9.98641e-01
 1.69454e+03  1.00191e+00  9.98641e-01
 1.69456e+03  9.85762e-01  9.98640e-01
 1.69458e+03  1.00657e+00  9.98640e-01
 1.69464e+03  1.00220e+00  9.98640e-01
 1.69466e+03  1.00319e+00  9.98640e-01
 1.69468e+03  1.00179e+00  9.98640e-01
 1.69470e+03  1.00189e+00  9.98640e-01
 1.69472e+03  1.00217e+00  9.98640e-01
 1.69474e+03  9.99440e-01  9.98640e-01
 1.69476e+03  1.00247e+00  9.98640e-01
 1.69479e+03  1.00077e+00  9.98640e-01
 1.69481e+03  1.00272e+00  9.98640e-01
 1.69483e+03  1.00297e+00  9.98640e-01
 1.69485e+03  1.00218e+00  9.98640e-01
 1.69487e+03  1.00230e+00  9.98640e-01
 1.69489e+03  1.00379e+00  9.98640e-01
 1.69491e+03  1.00312e+00  9.98640e-01
 1.69493e+03  1.00354e+00  9.98641e-01
 1.69495e+03  1.00310e+00  9.98641e-01
 1.69497e+03  1.00197e+00  9.98641e-01
 1.69499e+03  1.00507e+00  9.98641e-01
 1.69504e+03  1.00306e+00  9.98641e-01
 1.69506e+03  1.00448e+00  9.98641e-01
 1.69508e+03  1.00362e+00  9.98641e-01
 1.69510e+03  1.00268e+00  9.98641e-01
 1.69512e+03  1.00233e+00  9.98641e-01
 1.69516e+03  1.00212e+00  9.98642e-01
 1.69518e+03  1.00384e+00  9.98642e-01
 1.69520e+03  1.00193e+00  9.98642e-01
 1.69522e+03  1.00315e+00  9.98642e-01
 1.69524e+03  1.00026e+00  9.98642e-01
 1.69526e+03  1.00336e+00  9.98643e-01
 1.69529e+03  1.00193e+00  9.98643e-01
 1.69531e+03  1.00112e+00  9.98643e-01
 1.69533e+03  1.00074e+00  9.98643e-01
 1.69535e+03  1.00322e+00  9.98643e-01
 1.69537e+03  1.00190e+00  9.98644e-01
 1.69539e+03  1.00123e+00  9.98644e-01
 1.69541e+03  1.00233e+00  9.98644e-01
 1.69543e+03  1.00229e+00  9.98644e-01
 1.69545e+03  1.00320e+00  9.98645e-01
 1.69547e+03  1.00226e+00  9.98645e-01
 1.69549e+03  1.00213e+00  9.98645e-01
 1.69551e+03  1.00219e+00  9.98645e-01
 1.69554e+03  1.00294e+00  9.98646e-01
 1.69556e+03  1.00199e+00  9.98646e-01
 1.69558e+03  1.00205e+00  9.98646e-01
 1.69560e+03  1.00206e+00  9.98647e-01
 1.69562e+03  1.00169e+00  9.98647e-01
 1.69564e+03  1.00190e+00  9.98647e-01
 1.69566e+03  1.00197e+00  9.98647e-01
 1.69568e+03  1.00156e+00  9.98648e-01
 1.69570e+03  1.00047e+00  9.98648e-01
 1.69572e+03  9.99905e-01  9.98648e-01
 1.69574e+03  1.00103e+00  9.98649e-01
 1.69576e+03  1.00023e+00  9.98649e-01
 1.69579e+03  1.00027e+00  9.98650e-01
 1.69581e+03  9.98647e-01  9.98650e-01
 1.69583e+03  1.00135e+00  9.98650e-01
 1.69585e+03  9.99761e-01  9.98651e-01
 1.69589e+03  9.96951e-01  9.98651e-01
 1.69601e+03  9.96067e-01  9.98654e-01
 1.69612e+03  9.94096e-01  9.98656e-01
 1.69614e+03  9.95064e-01  9.98657e-01
 1.69616e+03  9.92249e-01  9.98657e-01
 1.69618e+03  9.93531e-01  9.98658e-01
 1.69622e+03  9.91053e-01  9.98659e-01
 1.69624e+03  9.88377e-01  9.98659e-01
 1.69626e+03  9.82392e-01  9.98660e-01
 1.69629e+03  9.77474e-01  9.98660e-01
 1.69633e+03  9.80826e-01  9.98661e-01
 1.69635e+03  9.86110e-01  9.98662e-01
 1.69637e+03  9.88156e-01  9.98662e-01
 1.69737e+03  9.96093e-01  9.98696e-01
 1.69739e+03  9.96222e-01  9.98697e-01
 1.69743e+03  9.97771e-01  9.98699e-01
 1.69745e+03  9.95839e-01  9.98700e-01
 1.69751e+03  9.93106e-01  9.98702e-01
 1.69754e+03  9.95969e-01  9.98703e-01
 1.69756e+03  9.95721e-01  9.98704e-01
 1.69762e+03  9.94688e-01  9.98707e-01
 1.69764e+03  9.95074e-01  9.98708e-01
 1.69768e+03  9.99578e-01  9.98710e-01
 1.69770e+03  9.94442e-01  9.98710e-01
 1.69774e+03  9.92745e-01  9.98712e-01
 1.69779e+03  9.94339e-01  9.98714e-01
 1.69783e+03  9.94569e-01  9.98716e-01
 1.69791e+03  9.95793e-01  9.98720e-01
 1.69793e+03  9.95621e-01  9.98721e-01
 1.69801e+03  9.95098e-01  9.98725e-01
 1.69804e+03  9.94113e-01  9.98726e-01
 1.69810e+03  9.97634e-01  9.98729e-01
 1.69812e+03  9.98214e-01  9.98730e-01
 1.69814e+03  9.97216e-01  9.98732e-01
 1.69818e+03  9.97541e-01  9.98734e-01
 1.69820e+03  9.97683e-01  9.98735e-01
 1.69822e+03  9.98003e-01  9.98736e-01
 1.69824e+03  9.98953e-01  9.98737e-01
 1.69826e+03  9.98414e-01  9.98738e-01
 1.69829e+03  9.97805e-01  9.98739e-01
 1.69831e+03  9.97944e-01  9.98740e-01
 1.69833e+03  9.99138e-01  9.98741e-01
 1.69835e+03  9.99335e-01  9.98742e-01
 1.69837e+03  9.97699e-01  9.98744e-01
 1.69841e+03  1.00036e+00  9.98746e-01
 1.69843e+03  9.98638e-01  9.98747e-01
 1.69845e+03  9.97932e-01  9.98748e-01
 1.69847e+03  9.98957e-01  9.98749e-01
 1.69849e+03  9.98099e-01  9.98750e-01
 1.69851e+03  9.98265e-01  9.98752e-01
 1.69854e+03  9.98066e-01  9.98753e-01
 1.69856e+03  9.98758e-01  9.98754e-01
 1.69858e+03  9.99256e-01  9.98755e-01
 1.69860e+03  9.99202e-01  9.98756e-01
 1.69862e+03  9.97761e-01  9.98757e-01
 1.69864e+03  9.99262e-01  9.98759e-01
 1.69866e+03  9.99559e-01  9.98760e-01
 1.69868e+03  9.99158e-01  9.98761e-01
 1.69870e+03  9.98864e-01  9.98762e-01
 1.69872e+03  9.99762e-01  9.98763e-01
 1.69874e+03  9.99422e-01  9.98765e-01
 1.69876e+03  9.99873e-01  9.98766e-01
 1.69879e+03  9.97494e-01  9.98767e-01
 1.69881e+03  9.99742e-01  9.98768e-01
 1.69883e+03  9.99824e-01  9.98770e-01
 1.69885e+03  9.99717e-01  9.98771e-01
 1.69887e+03  1.00064e+00  9.98772e-01
 1.69889e+03  9.99180e-01  9.98773e-01
 1.69891e+03  1.00026e+00  9.98774e-01
 1.69893e+03  1.00067e+00  9.98776e-01
 1.69895e+03  1.00032e+00  9.98777e-01
 1.69897e+03  9.99072e-01  9.98778e-01
 1.69899e+03  9.99643e-01  9.98780e-01
 1.69901e+03  9.95435e-01  9.98781e-01
 1.69904e+03  9.91412e-01  9.98782e-01
 1.69906e+03  9.87372e-01  9.98783e-01
 1.69908e+03  9.88584e-01  9.98785e-01
 1.69910e+03  9.88579e-01  9.98786e-01
 1.69912e+03  9.93210e-01  9.98787e-01
 1.69914e+03  9.97537e-01  9.98789e-01
 1.69916e+03  1.00004e+00  9.98790e-01
 1.69918e+03  1.00016e+00  9.98791e-01
 1.69920e+03  9.99859e-01  9.98793e-01
 1.69922e+03  1.00129e+00  9.98794e-01
 1.69924e+03  1.00090e+00  9.98795e-01
 1.69926e+03  1.00073e+00  9.98797e-01
 1.69929e+03  1.00137e+00  9.98798e-01
 1.69931e+03  1.00092e+00  9.98799e-01
 1.69933e+03  1.00291e+00  9.98801e-01
 1.69935e+03  1.00131e+00  9.98802e-01
 1.69937e+03  1.00139e+00  9.98803e-01
 1.69939e+03  1.00205e+00  9.98805e-01
 1.69941e+03  1.00163e+00  9.98806e-01
 1.69943e+03  1.00199e+00  9.98807e-01
 1.69945e+03  1.00055e+00  9.98809e-01
 1.69947e+03  1.00244e+00  9.98810e-01
 1.69949e+03  1.00180e+00  9.98812e-01
 1.69951e+03  1.00055e+00  9.98813e-01
 1.69954e+03  1.00179e+00  9.98814e-01
 1.69956e+03  1.00059e+00  9.98816e-01
 1.69958e+03  1.00083e+00  9.98817e-01
 1.69960e+03  9.99959e-01  9.98819e-01
 1.69964e+03  9.99633e-01  9.98821e-01
 1.69966e+03  9.99688e-01  9.98823e-01
 1.69968e+03  9.99795e-01  9.98824e-01
 1.69970e+03  9.99800e-01  9.98826e-01
 1.69972e+03  9.99719e-01  9.98827e-01
 1.69974e+03  9.99679e-01  9.98829e-01
 1.69976e+03  9.99638e-01  9.98830e-01
 1.69979e+03  9.98467e-01  9.98832e-01
 1.69981e+03  1.00001e+00  9.98833e-01
 1.69983e+03  1.00079e+00  9.98834e-01
 1.69985e+03  1.00008e+00  9.98836e-01
 1.69987e+03  9.99067e-01  9.98837e-01
 1.69989e+03  1.00005e+00  9.98839e-01
 1.69991e+03  1.00111e+00  9.98840e-01
 1.69993e+03  1.00044e+00  9.98842e-01
 1.69995e+03  1.00018e+00  9.98843e-01
 1.69997e+03  9.99772e-01  9.98845e-01
 1.69999e+03  1.00000e+00  9.98846e-01
 1.70001e+03  1.00019e+00  9.98848e-01
 1.70004e+03  9.98863e-01  9.98849e-01
 1.70006e+03  9.98533e-01  9.98851e-01
 1.70008e+03  1.00001e+00  9.98852e-01
 1.70010e+03  1.00120e+00  9.98854e-01
 1.70012e+03  1.00006e+00  9.98855e-01
 1.70014e+03  1.00117e+00  9.98857e-01
 1.70016e+03  1.00134e+00  9.98859e-01
 1.70018e+03  1.00094e+00  9.98860e-01
 1.70020e+03  1.00126e+00  9.98862e-01
 1.70022e+03  9.99481e-01  9.98863e-01
 1.70024e+03  1.00033e+00  9.98865e-01
 1.70026e+03  1.00002e+00  9.98866e-01
 1.70029e+03  1.00044e+00  9.98868e-01
 1.70031e+03  9.99766e-01  9.98869e-01
 1.70033e+03  1.00024e+00  9.98871e-01
 1.70035e+03  1.00091e+00  9.98873e-01
 1.70037e+03  1.00045e+00  9.98874e-01
 1.70039e+03  1.00002e+00  9.98876e-01
 1.70041e+03  1.00079e+00  9.98877e-01
 1.70043e+03  1.00055e+00  9.98879e-01
 1.70045e+03  1.00032e+00  9.98880e-01
 1.70047e+03  1.00028e+00  9.98882e-01
 1.70049e+03  1.00050e+00  9.98884e-01
 1.70054e+03  1.00142e+00  9.98887e-01
 1.70056e+03  9.99574e-01  9.98889e-01
 1.70058e+03  1.00091e+00  9.98890e-01
 1.70062e+03  1.00080e+00  9.98893e-01
 1.70064e+03  9.99700e-01  9.98895e-01
 1.70066e+03  1.00099e+00  9.98897e-01
 1.70068e+03  1.00102e+00  9.98898e-01
 1.70070e+03  1.00125e+00  9.98900e-01
 1.70072e+03  9.99885e-01  9.98902e-01
 1.70074e+03  1.00117e+00  9.98903e-01
 1.70076e+03  1.00166e+00  9.98905e-01
 1.70079e+03  1.00024e+00  9.98907e-01
 1.70081e+03  1.00130e+00  9.98908e-01
 1.70083e+03  9.99443e-01  9.98910e-01
 1.70085e+03  1.00044e+00  9.98912e-01
 1.70087e+03  1.00061e+00  9.98913e-01
 1.70089e+03  1.00002e+00  9.98915e-01
 1.70091e+03  1.00059e+00  9.98917e-01
 1.70093e+03  1.00204e+00  9.98918e-01
 1.70097e+03  1.00079e+00  9.98922e-01
 1.70099e+03  1.00175e+00  9.98923e-01
 1.70101e+03  1.00103e+00  9.98925e-01
 1.70104e+03  1.00118e+00  9.98927e-01
 1.70106e+03  1.00039e+00  9.98929e-01
 1.70108e+03  9.99772e-01  9.98930e-01
 1.70110e+03  1.00142e+00  9.98932e-01
 1.70112e+03  1.00074e+00  9.98934e-01
 1.70114e+03  9.99838e-01  9.98935e-01
 1.70116e+03  1.00005e+00  9.98937e-01
 1.70118e+03  1.00063e+00  9.98939e-01
 1.70120e+03  1.00088e+00  9.98941e-01
 1.70122e+03  1.00045e+00  9.98942e-01
 1.70126e+03  1.00044e+00  9.98946e-01
 1.70129e+03  1.00213e+00  9.98948e-01
 1.70131e+03  1.00067e+00  9.98949e-01
 1.70133e+03  1.00061e+00  9.98951e-01
 1.70135e+03  1.00171e+00  9.98953e-01
 1.70139e+03  1.00009e+00  9.98956e-01
 1.70141e+03  1.00102e+00  9.98958e-01
 1.70143e+03  1.00005e+00  9.98960e-01
 1.70145e+03  9.99585e-01  9.98962e-01
 1.70147e+03  1.00040e+00  9.98964e-01
 1.70149e+03  1.00077e+00  9.98965e-01
 1.70151e+03  1.00107e+00  9.98967e-01
 1.70154e+03  1.00046e+00  9.98969e-01
 1.70156e+03  1.00046e+00  9.98971e-01
 1.70158e+03  1.00181e+00  9.98973e-01
 1.70162e+03  1.00097e+00  9.98976e-01
 1.70166e+03  1.00309e+00  9.98980e-01
 1.70172e+03  1.00244e+00  9.98985e-01
 1.70174e+03  1.00148e+00  9.98987e-01
 1.70176e+03  1.00268e+00  9.98989e-01
 1.70179e+03  9.98240e-01  9.98991e-01
 1.70181e+03  9.97486e-01  9.98993e-01
 1.70183e+03  9.89609e-01  9.98995e-01
 1.70185e+03  9.87720e-01  9.98996e-01
 1.70187e+03  9.90244e-01  9.98998e-01
 1.70189e+03  9.93204e-01  9.99000e-01
 1.70191e+03  9.96883e-01  9.99002e-01
 1.70193e+03  1.00045e+00  9.99004e-01
 1.70195e+03  1.00038e+00  9.99006e-01
 1.70197e+03  1.00266e+00  9.99008e-01
 1.70199e+03  1.00130e+00  9.99009e-01
 1.70201e+03  9.99240e-01  9.99011e-01
 1.70204e+03  1.00067e+00  9.99013e-01
 1.70206e+03  1.00209e+00  9.99015e-01
 1.70208e+03  1.00059e+00  9.99017e-01
 1.70210e+03  1.00028e+00  9.99019e-01
 1.70214e+03  1.00211e+00  9.99023e-01
 1.70216e+03  1.00233e+00  9.99025e-01
 1.70218e+03  1.00025e+00  9.99027e-01
 1.70220e+03  1.00047e+00  9.99028e-01
 1.70222e+03  1.00038e+00  9.99030e-01
 1.70224e+03  1.00213e+00  9.99032e-01
 1.70226e+03  1.00098e+00  9.99034e-01
 1.70231e+03  1.00072e+00  9.99038e-01
 1.70233e+03  9.99782e-01  9.99040e-01
 1.70235e+03  1.00157e+00  9.99042e-01
 1.70237e+03  1.00121e+00  9.99044e-01
 1.70239e+03  1.00029e+00  9.99046e-01
 1.70241e+03  1.00077e+00  9.99048e-01
 1.70243e+03  9.98350e-01  9.99050e-01
 1.70245e+03  9.99887e-01  9.99052e-01
 1.70247e+03  9.99824e-01  9.99054e-01
 1.70249e+03  9.99471e-01  9.99056e-01
 1.70251e+03  9.99457e-01  9.99058e-01
 1.70254e+03  9.99354e-01  9.99059e-01
 1.70256e+03  9.97458e-01  9.99061e-01
 1.70258e+03  9.99844e-01  9.99063e-01
 1.70260e+03  9.95986e-01  9.99065e-01
 1.70264e+03  9.96487e-01  9.99069e-01
 1.70266e+03  1.00020e+00  9.99071e-01
 1.70272e+03  9.98718e-01  9.99077e-01
 1.70274e+03  9.99885e-01  9.99079e-01
 1.70276e+03  9.98217e-01  9.99081e-01
 1.70279e+03  9.98009e-01  9.99083e-01
 1.70281e+03  9.98131e-01  9.99085e-01
 1.70283e+03  9.98221e-01  9.99087e-01
 1.70285e+03  9.98192e-01  9.99089e-01
 1.70287e+03  9.98831e-01  9.99091e-01
 1.70289e+03  1.00052e+00  9.99093e-01
 1.70291e+03  9.99423e-01  9.99095e-01
 1.70293e+03  9.99870e-01  9.99097e-01
 1.70297e+03  9.99835e-01  9.99101e-01
 1.70299e+03  9.99040e-01  9.99103e-01
 1.70301e+03  9.99334e-01  9.99106e-01
 1.70304e+03  9.98990e-01  9.99108e-01
 1.70306e+03  9.99272e-01  9.99110e-01
 1.70308e+03  9.98614e-01  9.99112e-01
 1.70310e+03  9.97536e-01  9.99114e-01
 1.70312e+03  9.99972e-01  9.99116e-01
 1.70314e+03  9.98994e-01  9.99118e-01
 1.70316e+03  9.99482e-01  9.99120e-01
 1.70318e+03  9.99007e-01  9.99122e-01
 1.70320e+03  1.00071e+00  9.99124e-01
 1.70322e+03  9.99579e-01  9.99126e-01
 1.70324e+03  9.98464e-01  9.99128e-01
 1.70326e+03  9.98561e-01  9.99130e-01
 1.70329e+03  1.00035e+00  9.99132e-01
 1.70331e+03  9.99918e-01  9.99134e-01
 1.70333e+03  1.00015e+00  9.99136e-01
 1.70335e+03  9.99826e-01  9.99138e-01
 1.70337e+03  1.00059e+00  9.99141e-01
 1.70339e+03  9.99655e-01  9.99143e-01
 1.70341e+03  9.99358e-01  9.99145e-01
 1.70343e+03  9.99592e-01  9.99147e-01
 1.70345e+03  9.99761e-01  9.99149e-01
 1.70347e+03  9.98677e-01  9.99151e-01
 1.70349e+03  1.00022e+00  9.99153e-01
 1.70351e+03  9.98312e-01  9.99155e-01
 1.70354e+03  9.98624e-01  9.99157e-01
 1.70356e+03  9.99727e-01  9.99159e-01
 1.70358e+03  9.99895e-01  9.99162e-01
 1.70360e+03  9.99836e-01  9.99164e-01
 1.70362e+03  9.99494e-01  9.99166e-01
 1.70364e+03  9.99402e-01  9.99168e-01
 1.70366e+03  9.99274e-01  9.99170e-01
 1.70368e+03  1.00040e+00  9.99172e-01
 1.70370e+03  9.99031e-01  9.99174e-01
 1.70372e+03  1.00013e+00  9.99176e-01
 1.70374e+03  9.98565e-01  9.99179e-01
 1.70376e+03  9.97966e-01  9.99181e-01
 1.70379e+03  1.00026e+00  9.99183e-01
 1.70381e+03  9.99055e-01  9.99185e-01
 1.70383e+03  9.99988e-01  9.99187e-01
 1.70385e+03  9.99568e-01  9.99189e-01
 1.70387e+03  1.00065e+00  9.99191e-01
 1.70389e+03  9.99685e-01  9.99194e-01
 1.70391e+03  1.00023e+00  9.99196e-01
 1.70393e+03  9.99138e-01  9.99198e-01
 1.70395e+03  9.99452e-01  9.99200e-01
 1.70397e+03  9.99136e-01  9.99202e-01
 1.70401e+03  9.98709e-01  9.99207e-01
 1.70404e+03  1.00030e+00  9.99209e-01
 1.70406e+03  1.00090e+00  9.99211e-01
 1.70408e+03  1.00017e+00  9.99213e-01
 1.70410e+03  1.00063e+00  9.99215e-01
 1.70412e+03  1.00030e+00  9.99217e-01
 1.70414e+03  9.98723e-01  9.99220e-01
 1.70416e+03  1.00037e+00  9.99222e-01
 1.70418e+03  9.99532e-01  9.99224e-01
 1.70420e+03  9.99403e-01  9.99226e-01
 1.70422e+03  1.00009e+00  9.99228e-01
 1.70424e+03  9.99830e-01  9.99231e-01
 1.70426e+03  1.00078e+00  9.99233e-01
 1.70429e+03  9.99137e-01  9.99235e-01
 1.70431e+03  1.00097e+00  9.99237e-01
 1.70433e+03  9.99022e-01  9.99239e-01
 1.70435e+03  1.00078e+00  9.99242e-01
 1.70437e+03  9.99457e-01  9.99244e-01
 1.70439e+03  1.00059e+00  9.99246e-01
 1.70441e+03  1.00036e+00  9.99248e-01
 1.70443e+03  1.00109e+00  9.99250e-01
 1.70445e+03  1.00043e+00  9.99253e-01
 1.70447e+03  1.00102e+00  9.99255e-01
 1.70449e+03  9.99397e-01  9.99257e-01
 1.70451e+03  1.00405e+00  9.99259e-01
 1.70454e+03  9.99591e-01  9.99261e-01
 1.70456e+03  9.99942e-01  9.99264e-01
 1.70458e+03  9.95059e-01  9.99266e-01
 1.70460e+03  9.90391e-01  9.99268e-01
 1.70462e+03  9.89226e-01  9.99270e-01
 1.70464e+03  9.88145e-01  9.99273e-01
 1.70466e+03  9.91737e-01  9.99275e-01
 1.70468e+03  9.95847e-01  9.99277e-01
 1.70470e+03  9.99847e-01  9.99279e-01
 1.70472e+03  1.00107e+00  9.99282e-01
 1.70474e+03  1.00123e+00  9.99284e-01
 1.70476e+03  1.00095e+00  9.99286e-01
 1.70479e+03  1.00260e+00  9.99288e-01
 1.70481e+03  1.00078e+00  9.99291e-01
 1.70483e+03  9.99525e-01  9.99293e-01
 1.70485e+03  1.00101e+00  9.99295e-01
 1.70487e+03  1.00023e+00  9.99297e-01
 1.70489e+03  1.00204e+00  9.99300e-01
 1.70491e+03  1.00032e+00  9.99302e-01
 1.70493e+03  9.98865e-01  9.99304e-01
 1.70495e+03  1.00036e+00  9.99306e-01
 1.70497e+03  1.00157e+00  9.99309e-01
 1.70499e+03  9.99807e-01  9.99311e-01
 1.70504e+03  9.99877e-01  9.99316e-01
 1.70506e+03  9.97103e-01  9.99318e-01
 1.70508e+03  9.98117e-01  9.99320e-01
 1.70510e+03  9.98065e-01  9.99322e-01
 1.70512e+03  1.00077e+00  9.99325e-01
 1.70514e+03  9.99688e-01  9.99327e-01
 1.70516e+03  9.96634e-01  9.99329e-01
 1.70518e+03  9.96909e-01  9.99332e-01
 1.70520e+03  9.97758e-01  9.99334e-01
 1.70522e+03  9.99243e-01  9.99336e-01
 1.70526e+03  9.96317e-01  9.99341e-01
 1.70529e+03  9.99283e-01  9.99343e-01
 1.70531e+03  9.98034e-01  9.99345e-01
 1.70535e+03  9.97868e-01  9.99350e-01
 1.70537e+03  9.98445e-01  9.99352e-01
 1.70539e+03  9.98298e-01  9.99355e-01
 1.70541e+03  1.00017e+00  9.99357e-01
 1.70543e+03  9.98615e-01  9.99359e-01
 1.70545e+03  9.99100e-01  9.99362e-01
 1.70547e+03  1.00046e+00  9.99364e-01
 1.70549e+03  9.99064e-01  9.99366e-01
 1.70551e+03  9.99266e-01  9.99369e-01
 1.70554e+03  9.99120e-01  9.99371e-01
 1.70556e+03  9.98686e-01  9.99373e-01
 1.70558e+03  9.97005e-01  9.99376e-01
 1.70560e+03  9.98333e-01  9.99378e-01
 1.70562e+03  9.98257e-01  9.99380e-01
 1.70564e+03  9.98748e-01  9.99383e-01
 1.70566e+03  9.97789e-01  9.99385e-01
 1.70568e+03  9.98336e-01  9.99387e-01
 1.70570e+03  9.98595e-01  9.99390e-01
 1.70572e+03  9.97526e-01  9.99392e-01
 1.70574e+03  9.97827e-01  9.99394e-01
 1.70576e+03  9.97511e-01  9.99397e-01
 1.70579e+03  9.99266e-01  9.99399e-01
 1.70581e+03  9.98146e-01  9.99401e-01
 1.70583e+03  9.97325e-01  9.99404e-01
 1.70585e+03  9.97799e-01  9.99406e-01
 1.70587e+03  9.98872e-01  9.99408e-01
 1.70591e+03  9.98922e-01  9.99413e-01
 1.70593e+03  1.00170e+00  9.99416e-01
 1.70597e+03  1.00041e+00  9.99420e-01
 1.70599e+03  9.99808e-01  9.99423e-01
 1.70601e+03  1.00275e+00  9.99425e-01
 1.70604e+03  9.99960e-01  9.99427e-01
 1.70606e+03  1.00101e+00  9.99430e-01
 1.70608e+03  1.00067e+00  9.99432e-01
 1.70614e+03  1.00127e+00  9.99439e-01
 1.70616e+03  9.99686e-01  9.99442e-01
 1.70618e+03  9.97994e-01  9.99444e-01
 1.70622e+03  9.96282e-01  9.99449e-01
 1.70624e+03  9.98021e-01  9.99451e-01
 1.70626e+03  1.00022e+00  9.99454e-01
 1.70629e+03  1.00019e+00  9.99456e-01
 1.70631e+03  9.96787e-01  9.99458e-01
 1.70633e+03  9.89221e-01  9.99461e-01
 1.70635e+03  9.91107e-01  9.99463e-01
 1.70639e+03  9.69848e-01  9.99468e-01
 1.70641e+03  9.68094e-01  9.99470e-01
 1.70643e+03  9.68566e-01  9.99473e-01
 1.70645e+03  9.77798e-01  9.99475e-01
 1.70647e+03  9.97706e-01  9.99478e-01
 1.70649e+03  1.00002e+00  9.99480e-01
 1.70654e+03  9.99599e-01  9.99485e-01
 1.70656e+03  9.99633e-01  9.99487e-01
 1.70658e+03  9.97394e-01  9.99490e-01
 1.70660e+03  9.99485e-01  9.99492e-01
 1.70662e+03  9.99920e-01  9.99495e-01
 1.70664e+03  9.98449e-01  9.99497e-01
 1.70666e+03  9.99418e-01  9.99499e-01
 1.70668e+03  1.00061e+00  9.99502e-01
 1.70670e+03  1.00076e+00  9.99504e-01
 1.70672e+03  1.00131e+00  9.99507e-01
 1.70674e+03  1.00022e+00  9.99509e-01
 1.70676e+03  1.00177e+00  9.99511e-01
 1.70679e+03  1.00098e+00  9.99514e-01
 1.70681e+03  1.00017e+00  9.99516e-01
 1.70683e+03  1.00056e+00  9.99519e-01
 1.70685e+03  1.00186e+00  9.99521e-01
 1.70687e+03  1.00131e+00  9.99524e-01
 1.70689e+03  9.99380e-01  9.99526e-01
 1.70691e+03  1.00042e+00  9.99529e-01
 1.70693e+03  1.00189e+00  9.99531e-01
 1.70695e+03  1.00009e+00  9.99533e-01
 1.70699e+03  1.00026e+00  9.99538e-01
 1.70701e+03  1.00046e+00  9.99541e-01
 1.70704e+03  1.00065e+00  9.99543e-01
 1.70706e+03  1.00012e+00  9.99546e-01
 1.70708e+03  1.00068e+00  9.99548e-01
 1.70710e+03  1.00159e+00  9.99551e-01
 1.70712e+03  1.00016e+00  9.99553e-01
 1.70714e+03  9.99735e-01  9.99555e-01
 1.70716e+03  9.99216e-01  9.99558e-01
 1.70718e+03  1.00237e+00  9.99560e-01
 1.70720e+03  1.00198e+00  9.99563e-01
 1.70722e+03  9.99295e-01  9.99565e-01
 1.70724e+03  9.98245e-01  9.99568e-01
 1.70729e+03  1.00128e+00  9.99573e-01
 1.70731e+03  9.99923e-01  9.99575e-01
 1.70733e+03  9.99412e-01  9.99578e-01
 1.70735e+03  9.95875e-01  9.99580e-01
 1.70737e+03  9.90113e-01  9.99583e-01
 1.70739e+03  9.86448e-01  9.99585e-01
 1.70741e+03  9.85653e-01  9.99588e-01
 1.70743e+03  9.90419e-01  9.99590e-01
 1.70745e+03  9.94415e-01  9.99592e-01
 1.70747e+03  9.96631e-01  9.99595e-01
 1.70749e+03  1.00072e+00  9.99597e-01
 1.70751e+03  1.00156e+00  9.99600e-01
 1.70754e+03  1.00184e+00  9.99602e-01
 1.70756e+03  1.00016e+00  9.99605e-01
 1.70758e+03  1.00079e+00  9.99607e-01
 1.70760e+03  1.00118e+00  9.99610e-01
 1.70762e+03  1.00195e+00  9.99612e-01
 1.70764e+03  1.00148e+00  9.99615e-01
 1.70766e+03  1.00043e+00  9.99617e-01
 1.70768e+03  1.00296e+00  9.99620e-01
 1.70770e+03  1.00237e+00  9.99622e-01
 1.70772e+03  1.00309e+00  9.99625e-01
 1.70774e+03  1.00178e+00  9.99627e-01
 1.70776e+03  1.00223e+00  9.99630e-01
 1.70779e+03  1.00110e+00  9.99632e-01
 1.70781e+03  1.00188e+00  9.99635e-01
 1.70783e+03  1.00254e+00  9.99637e-01
 1.70785e+03  1.00019e+00  9.99640e-01
 1.70787e+03  1.00184e+00  9.99642e-01
 1.70791e+03  1.00209e+00  9.99647e-01
 1.70793e+03  1.00055e+00  9.99650e-01
 1.70795e+03  9.99956e-01  9.99652e-01
 1.70797e+03  1.00043e+00  9.99655e-01
 1.70799e+03  1.00114e+00  9.99657e-01
 1.70801e+03  1.00100e+00  9.99660e-01
 1.70804e+03  1.00042e+00  9.99662e-01
 1.70806e+03  9.99579e-01  9.99665e-01
 1.70808e+03  1.00029e+00  9.99667e-01
 1.70810e+03  1.00170e+00  9.99670e-01
 1.70812e+03  1.00082e+00  9.99672e-01
 1.70814e+03  9.98846e-01  9.99675e-01
 1.70816e+03  1.00193e+00  9.99677e-01
 1.70818e+03  1.00191e+00  9.99680e-01
 1.70822e+03  1.00166e+00  9.99685e-01
 1.70824e+03  1.00025e+00  9.99687e-01
 1.70826e+03  1.00372e+00  9.99690e-01
 1.70831e+03  1.00452e+00  9.99695e-01
 1.70833e+03  1.00144e+00  9.99698e-01
 1.70835e+03  9.99215e-01  9.99700e-01
 1.70837e+03  1.00045e+00  9.99703e-01
 1.70839e+03  9.98904e-01  9.99705e-01
 1.70841e+03  1.00088e+00  9.99708e-01
 1.70845e+03  1.00190e+00  9.99713e-01
 1.70851e+03  1.00015e+00  9.99720e-01
 1.70854e+03  9.99952e-01  9.99723e-01
 1.70856e+03  1.00041e+00  9.99725e-01
 1.70858e+03  1.00068e+00  9.99728e-01
 1.70860e+03  9.99246e-01  9.99730e-01
 1.70862e+03  1.00060e+00  9.99733e-01
 1.70864e+03  1.00008e+00  9.99736e-01
 1.70866e+03  1.00189e+00  9.99738e-01
 1.70868e+03  1.00113e+00  9.99741e-01
 1.70870e+03  1.00055e+00  9.99743e-01
 1.70872e+03  9.99931e-01  9.99746e-01
 1.70874e+03  1.00178e+00  9.99748e-01
 1.70876e+03  1.00059e+00  9.99751e-01
 1.70879e+03  1.00000e+00  9.99753e-01
 1.70883e+03  1.00096e+00  9.99758e-01
 1.70885e+03  1.00015e+00  9.99761e-01
 1.70887e+03  1.00063e+00  9.99764e-01
 1.70889e+03  1.00038e+00  9.99766e-01
 1.70891e+03  1.00148e+00  9.99769e-01
 1.70893e+03  1.00056e+00  9.99771e-01
 1.70895e+03  1.00057e+00  9.99774e-01
 1.70897e+03  1.00020e+00  9.99776e-01
 1.70899e+03  1.00007e+00  9.99779e-01
 1.70901e+03  9.98356e-01  9.99781e-01
 1.70904e+03  9.99268e-01  9.99784e-01
 1.70906e+03  1.00112e+00  9.99787e-01
 1.70908e+03  9.99520e-01  9.99789e-01
 1.70912e+03  9.99918e-01  9.99794e-01
 1.70914e+03  1.00110e+00  9.99797e-01
 1.70916e+03  1.00033e+00  9.99799e-01
 1.70918e+03  9.99685e-01  9.99802e-01
 1.70920e+03  9.99532e-01  9.99804e-01
 1.70922e+03  1.00054e+00  9.99807e-01
 1.70924e+03  1.00017e+00  9.99810e-01
 1.70926e+03  1.00007e+00  9.99812e-01
 1.70929e+03  9.99128e-01  9.99815e-01
 1.70931e+03  1.00061e+00  9.99817e-01
 1.70933e+03  1.00143e+00  9.99820e-01
 1.70935e+03  1.00057e+00  9.99822e-01
 1.70937e+03  1.00076e+00  9.99825e-01
 1.70939e+03  1.00001e+00  9.99828e-01
 1.70943e+03  1.00267e+00  9.99833e-01
 1.70945e+03  9.99221e-01  9.99835e-01
 1.70947e+03  9.99214e-01  9.99838e-01
 1.70949e+03  9.99617e-01  9.99840e-01
 1.70954e+03  1.00046e+00  9.99846e-01
 1.70956e+03  1.00158e+00  9.99848e-01
 1.70958e+03  1.00057e+00  9.99851e-01
 1.70960e+03  9.99166e-01  9.99853e-01
 1.70962e+03  9.99101e-01  9.99856e-01
 1.70964e+03  9.99976e-01  9.99858e-01
 1.70966e+03  9.98905e-01  9.99861e-01
 1.70968e+03  1.00012e+00  9.99864e-01
 1.70970e+03  9.99587e-01  9.99866e-01
 1.70972e+03  9.99077e-01  9.99869e-01
 1.70976e+03  1.00030e+00  9.99874e-01
 1.70979e+03  1.00127e+00  9.99876e-01
 1.70981e+03  1.00388e+00  9.99879e-01
 1.70983e+03  1.00039e+00  9.99882e-01
 1.70985e+03  9.98945e-01  9.99884e-01
 1.70987e+03  1.00026e+00  9.99887e-01
 1.70991e+03  1.00037e+00  9.99892e-01
 1.70993e+03  1.00078e+00  9.99895e-01
 1.70997e+03  1.00159e+00  9.99900e-01
 1.71001e+03  9.99895e-01  9.99905e-01
 1.71004e+03  9.99955e-01  9.99907e-01
 1.71008e+03  9.99247e-01  9.99913e-01
 1.71010e+03  9.97430e-01  9.99915e-01
 1.71014e+03  9.90870e-01  9.99920e-01
 1.71016e+03  9.87292e-01  9.99923e-01
 1.71018e+03  9.84775e-01  9.99926e-01
