2181
 1.68338e+03  9.99538e-01  9.97841e-01
 1.68340e+03  9.98909e-01  9.97841e-01
 1.68342e+03  1.00172e+00  9.97841e-01
 1.68344e+03  9.98677e-01  9.97841e-01
 1.68347e+03  1.00207e+00  9.97841e-01
 1.68349e+03  9.98637e-01  9.97841e-01
 1.68351e+03  1.00167e+00  9.97841e-01
 1.68353e+03  9.99549e-01  9.97841e-01
 1.68367e+03  9.99406e-01  9.97841e-01
 1.68372e+03  9.99249e-01  9.97841e-01
 1.68374e+03  9.99785e-01  9.97841e-01
 1.68376e+03  1.00128e+00  9.97841e-01
 1.68380e+03  1.00240e+00  9.97841e-01
 1.68382e+03  1.00482e+00  9.97841e-01
 1.68384e+03  1.00555e+00  9.97841e-01
 1.68386e+03  1.00649e+00  9.97841e-01
 1.68392e+03  1.00921e+00  9.97841e-01
 1.68394e+03  1.01009e+00  9.97841e-01
 1.68397e+03  1.01014e+00  9.97841e-01
 1.68399e+03  1.00959e+00  9.97841e-01
 1.68401e+03  1.01046e+00  9.97841e-01
 1.68403e+03  1.00693e+00  9.97841e-01
 1.68413e+03  1.00032e+00  9.97841e-01
 1.68415e+03  9.89408e-01  9.97841e-01
 1.68417e+03  9.30369e-01  9.97841e-01
 1.68419e+03  8.58144e-01  9.97841e-01
 1.68422e+03  8.28382e-01  9.97841e-01
 1.68424e+03  8.65645e-01  9.97841e-01
 1.68426e+03  9.37326e-01  9.97841e-01
 1.68428e+03  9.92039e-01  9.97841e-01
 1.68432e+03  9.98492e-01  9.97841e-01
 1.68434e+03  9.97334e-01  9.97841e-01
 1.68436e+03  9.99617e-01  9.97841e-01
 1.68438e+03  9.98958e-01  9.97841e-01
 1.68440e+03  1.00124e+00  9.97841e-01
 1.68442e+03  1.00091e+00  9.97841e-01
 1.68444e+03  1.00168e+00  9.97841e-01
 1.68447e+03  1.00260e+00  9.97841e-01
 1.68449e+03  1.00238e+00  9.97841e-01
 1.68451e+03  1.00190e+00  9.97841e-01
 1.68453e+03  1.00098e+00  9.97841e-01
 1.68455e+03  1.00149e+00  9.97841e-01
 1.68457e+03  9.99861e-01  9.97841e-01
 1.68459e+03  1.00073e+00  9.97841e-01
 1.68461e+03  9.99208e-01  9.97841e-01
 1.68463e+03  1.00107e+00  9.97841e-01
 1.68465e+03  9.99693e-01  9.97841e-01
 1.68467e+03  1.00161e+00  9.97841e-01
 1.68469e+03  1.00071e+00  9.97841e-01
 1.68472e+03  1.00103e+00  9.97841e-01
 1.68474e+03  1.00144e+00  9.97841e-01
 1.68476e+03  1.00097e+00  9.97841e-01
 1.68478e+03  1.00121e+00  9.97841e-01
 1.68480e+03  1.00089e+00  9.97841e-01
 1.68482e+03  1.00120e+00  9.97841e-01
 1.68484e+03  9.98965e-01  9.97841e-01
 1.68486e+03  1.00041e+00  9.97841e-01
 1.68488e+03  9.97572e-01  9.97841e-01
 1.68490e+03  9.98866e-01  9.97841e-01
 1.68492e+03  9.99254e-01  9.97841e-01
 1.68494e+03  1.00058e+00  9.97841e-01
 1.68497e+03  9.99376e-01  9.97841e-01
 1.68499e+03  1.00107e+00  9.97841e-01
 1.68501e+03  1.00098e+00  9.97841e-01
 1.68503e+03  1.00136e+00  9.97841e-01
 1.68505e+03  1.00178e+00  9.97841e-01
 1.68507e+03  1.00149e+00  9.97841e-01
 1.68509e+03  1.00253e+00  9.97841e-01
 1.68511e+03  9.99874e-01  9.97841e-01
 1.68513e+03  1.00300e+00  9.97841e-01
 1.68515e+03  9.99153e-01  9.97841e-01
 1.68517e+03  1.00103e+00  9.97841e-01
 1.68519e+03  9.98378e-01  9.97841e-01
 1.68522e+03  1.00079e+00  9.97841e-01
 1.68524e+03  9.98505e-01  9.97841e-01
 1.68526e+03  1.00025e+00  9.97841e-01
 1.68528e+03  9.99807e-01  9.97841e-01
 1.68530e+03  1.00001e+00  9.97841e-01
 1.68532e+03  9.99766e-01  9.97841e-01
 1.68534e+03  9.99910e-01  9.97841e-01
 1.68536e+03  9.99091e-01  9.97841e-01
 1.68538e+03  9.98214e-01  9.97841e-01
 1.68540e+03  9.98548e-01  9.97841e-01
 1.68542e+03  9.97793e-01  9.97841e-01
 1.68544e+03  9.98745e-01  9.97841e-01
 1.68547e+03  9.98123e-01  9.97841e-01
 1.68549e+03  9.99403e-01  9.97841e-01
 1.68551e+03  9.98457e-01  9.97841e-01
 1.68553e+03  1.00052e+00  9.97841e-01
 1.68555e+03  9.99116e-01  9.97841e-01
 1.68557e+03  1.00079e+00  9.97841e-01
 1.68559e+03  9.99645e-01  9.97841e-01
 1.68561e+03  1.00032e+00  9.97841e-01
 1.68563e+03  1.00006e+00  9.97841e-01
 1.68565e+03  9.99834e-01  9.97841e-01
 1.68567e+03  1.00041e+00  9.97841e-01
 1.68569e+03  9.99056e-01  9.97841e-01
 1.68572e+03  1.00140e+00  9.97841e-01
 1.68574e+03  9.98581e-01  9.97841e-01
 1.68576e+03  1.00102e+00  9.97841e-01
 1.68578e+03  1.00027e+00  9.97841e-01
 1.68580e+03  1.00053e+00  9.97842e-01
 1.68582e+03  1.00095e+00  9.97842e-01
 1.68584e+03  1.00080e+00  9.97842e-01
 1.68586e+03  1.00161e+00  9.97842e-01
 1.68588e+03  9.99648e-01  9.97842e-01
 1.68590e+03  1.00250e+00  9.97842e-01
 1.68592e+03  9.99583e-01  9.97842e-01
 1.68594e+03  1.00117e+00  9.97842e-01
 1.68597e+03  9.99875e-01  9.97842e-01
 1.68599e+03  9.99743e-01  9.97842e-01
 1.68601e+03  9.99978e-01  9.97842e-01
 1.68603e+03  9.99780e-01  9.97842e-01
 1.68605e+03  9.99094e-01  9.97842e-01
 1.68607e+03  9.99689e-01  9.97842e-01
 1.68609e+03  9.98929e-01  9.97842e-01
 1.68611e+03  1.00023e+00  9.97842e-01
 1.68613e+03  9.99293e-01  9.97842e-01
 1.68615e+03  1.00074e+00  9.97842e-01
 1.68617e+03  1.00036e+00  9.97842e-01
 1.68619e+03  1.00080e+00  9.97842e-01
 1.68622e+03  1.00058e+00  9.97842e-01
 1.68624e+03  9.99659e-01  9.97842e-01
 1.68626e+03  1.00022e+00  9.97842e-01
 1.68628e+03  9.98060e-01  9.97842e-01
 1.68630e+03  9.99566e-01  9.97842e-01
 1.68632e+03  9.97053e-01  9.97842e-01
 1.68634e+03  9.99892e-01  9.97842e-01
 1.68636e+03  9.97215e-01  9.97842e-01
 1.68638e+03  9.99611e-01  9.97842e-01
 1.68640e+03  9.98334e-01  9.97842e-01
 1.68642e+03  9.99749e-01  9.97842e-01
 1.68644e+03  9.99737e-01  9.97842e-01
 1.68647e+03  9.99817e-01  9.97842e-01
 1.68649e+03  1.00108e+00  9.97842e-01
 1.68651e+03  9.99884e-01  9.97842e-01
 1.68653e+03  1.00222e+00  9.97842e-01
 1.68655e+03  1.00019e+00  9.97842e-01
 1.68657e+03  1.00276e+00  9.97842e-01
 1.68659e+03  1.00056e+00  9.97842e-01
 1.68661e+03  1.00266e+00  9.97842e-01
 1.68663e+03  1.00143e+00  9.97842e-01
 1.68665e+03  1.00161e+00  9.97842e-01
 1.68667e+03  1.00166e+00  9.97842e-01
 1.68669e+03  9.98988e-01  9.97842e-01
 1.68672e+03  1.00096e+00  9.97842e-01
 1.68674e+03  9.98551e-01  9.97842e-01
 1.68676e+03  9.99760e-01  9.97842e-01
 1.68678e+03  9.97824e-01  9.97842e-01
 1.68680e+03  9.99949e-01  9.97842e-01
 1.68682e+03  9.97789e-01  9.97842e-01
 1.68684e+03  9.99676e-01  9.97842e-01
 1.68686e+03  9.99693e-01  9.97842e-01
 1.68688e+03  1.00054e+00  9.97842e-01
 1.68690e+03  1.00049e+00  9.97842e-01
 1.68692e+03  1.00044e+00  9.97842e-01
 1.68694e+03  1.00083e+00  9.97842e-01
 1.68697e+03  1.00032e+00  9.97842e-01
 1.68699e+03  1.00125e+00  9.97842e-01
 1.68701e+03  9.99747e-01  9.97842e-01
 1.68703e+03  1.00125e+00  9.97842e-01
 1.68705e+03  9.99437e-01  9.97842e-01
 1.68707e+03  1.00050e+00  9.97842e-01
 1.68709e+03  9.99314e-01  9.97842e-01
 1.68711e+03  1.00024e+00  9.97842e-01
 1.68713e+03  9.99796e-01  9.97842e-01
 1.68715e+03  9.99601e-01  9.97842e-01
 1.68717e+03  9.99638e-01  9.97842e-01
 1.68719e+03  1.00011e+00  9.97842e-01
 1.68722e+03  9.99582e-01  9.97842e-01
 1.68724e+03  9.99921e-01  9.97842e-01
 1.68726e+03  9.99650e-01  9.97842e-01
 1.68728e+03  9.98794e-01  9.97842e-01
 1.68730e+03  9.99533e-01  9.97842e-01
 1.68732e+03  9.98209e-01  9.97842e-01
 1.68734e+03  1.00021e+00  9.97842e-01
 1.68736e+03  9.98134e-01  9.97842e-01
 1.68738e+03  9.99173e-01  9.97842e-01
 1.68740e+03  9.97779e-01  9.97842e-01
 1.68742e+03  9.99448e-01  9.97842e-01
 1.68744e+03  9.99308e-01  9.97842e-01
 1.68747e+03  9.99812e-01  9.97842e-01
 1.68749e+03  1.00045e+00  9.97842e-01
 1.68751e+03  1.00198e+00  9.97842e-01
 1.68753e+03  1.00198e+00  9.97842e-01
 1.68755e+03  1.00276e+00  9.97842e-01
 1.68759e+03  1.00323e+00  9.97842e-01
 1.68761e+03  1.00307e+00  9.97842e-01
 1.68767e+03  1.00150e+00  9.97842e-01
 1.68769e+03  1.00129e+00  9.97842e-01
 1.68772e+03  1.00105e+00  9.97842e-01
 1.68776e+03  1.00088e+00  9.97842e-01
 1.68778e+03  1.00174e+00  9.97842e-01
 1.68780e+03  1.00013e+00  9.97842e-01
 1.68782e+03  1.00000e+00  9.97842e-01
 1.68784e+03  9.99008e-01  9.97842e-01
 1.68786e+03  9.97949e-01  9.97842e-01
 1.68794e+03  9.95891e-01  9.97842e-01
 1.68799e+03  9.96815e-01  9.97842e-01
 1.68801e+03  9.99513e-01  9.97842e-01
 1.68803e+03  9.97898e-01  9.97842e-01
 1.68809e+03  1.00012e+00  9.97842e-01
 1.68811e+03  1.00182e+00  9.97842e-01
 1.68813e+03  9.99184e-01  9.97842e-01
 1.68815e+03  1.00280e+00  9.97842e-01
 1.68819e+03  1.00221e+00  9.97842e-01
 1.68822e+03  1.00028e+00  9.97842e-01
 1.68824e+03  1.00198e+00  9.97842e-01
 1.68826e+03  1.00273e+00  9.97842e-01
 1.68834e+03  1.00691e+00  9.97842e-01
 1.68836e+03  1.00731e+00  9.97842e-01
 1.68838e+03  1.00918e+00  9.97842e-01
 1.68842e+03  1.00922e+00  9.97842e-01
 1.68847e+03  1.00871e+00  9.97842e-01
 1.68849e+03  1.00785e+00  9.97842e-01
 1.68851e+03  1.00634e+00  9.97842e-01
 1.68853e+03  1.00501e+00  9.97842e-01
 1.68857e+03  1.00225e+00  9.97842e-01
 1.68859e+03  1.00159e+00  9.97842e-01
 1.68861e+03  9.99746e-01  9.97842e-01
 1.68867e+03  9.53499e-01  9.97842e-01
 1.68869e+03  8.82163e-01  9.97842e-01
 1.68872e+03  8.31760e-01  9.97842e-01
 1.68874e+03  8.47856e-01  9.97842e-01
 1.68876e+03  9.12840e-01  9.97842e-01
 1.68878e+03  9.79979e-01  9.97842e-01
 1.68880e+03  9.96129e-01  9.97842e-01
 1.68882e+03  9.97723e-01  9.97842e-01
 1.68884e+03  9.97493e-01  9.97842e-01
 1.68886e+03  9.97556e-01  9.97842e-01
 1.68890e+03  9.97847e-01  9.97842e-01
 1.68892e+03  1.00088e+00  9.97842e-01
 1.68894e+03  1.00023e+00  9.97842e-01
 1.68897e+03  1.00204e+00  9.97842e-01
 1.68903e+03  1.00085e+00  9.97842e-01
 1.68905e+03  1.00210e+00  9.97842e-01
 1.68907e+03  1.00009e+00  9.97842e-01
 1.68913e+03  1.00105e+00  9.97842e-01
 1.68915e+03  1.00106e+00  9.97842e-01
 1.68917e+03  1.00069e+00  9.97842e-01
 1.68919e+03  1.00194e+00  9.97842e-01
 1.68924e+03  1.00253e+00  9.97842e-01
 1.68926e+03  1.00168e+00  9.97842e-01
 1.68928e+03  1.00124e+00  9.97842e-01
 1.68930e+03  1.00183e+00  9.97842e-01
 1.68934e+03  1.00248e+00  9.97842e-01
 1.68936e+03  1.00042e+00  9.97842e-01
 1.68938e+03  1.00181e+00  9.97842e-01
 1.68940e+03  1.00004e+00  9.97842e-01
 1.68944e+03  1.00083e+00  9.97842e-01
 1.68947e+03  9.99578e-01  9.97842e-01
 1.68949e+03  1.00122e+00  9.97842e-01
 1.68951e+03  1.00045e+00  9.97842e-01
 1.68955e+03  1.00081e+00  9.97842e-01
 1.68957e+03  1.00030e+00  9.97842e-01
 1.68959e+03  1.00075e+00  9.97842e-01
 1.68961e+03  9.98764e-01  9.97842e-01
 1.68963e+03  9.99783e-01  9.97842e-01
 1.68965e+03  9.97518e-01  9.97842e-01
 1.68967e+03  9.99537e-01  9.97842e-01
 1.68969e+03  9.97725e-01  9.97842e-01
 1.68972e+03  9.98559e-01  9.97842e-01
 1.68974e+03  9.98808e-01  9.97842e-01
 1.68976e+03  9.97796e-01  9.97842e-01
 1.68978e+03  9.99782e-01  9.97842e-01
 1.68980e+03  9.98568e-01  9.97842e-01
 1.68982e+03  9.99712e-01  9.97842e-01
 1.68984e+03  9.97643e-01  9.97842e-01
 1.68986e+03  9.99947e-01  9.97842e-01
 1.68988e+03  9.97454e-01  9.97842e-01
 1.68990e+03  9.98249e-01  9.97842e-01
 1.68992e+03  9.98078e-01  9.97842e-01
 1.68994e+03  9.96277e-01  9.97842e-01
 1.68997e+03  9.98011e-01  9.97842e-01
 1.68999e+03  9.97996e-01  9.97842e-01
 1.69001e+03  9.99955e-01  9.97842e-01
 1.69003e+03  9.99186e-01  9.97842e-01
 1.69005e+03  1.00005e+00  9.97842e-01
 1.69007e+03  1.00089e+00  9.97842e-01
 1.69009e+03  1.00095e+00  9.97842e-01
 1.69011e+03  1.00196e+00  9.97842e-01
 1.69013e+03  1.00120e+00  9.97842e-01
 1.69015e+03  1.00175e+00  9.97842e-01
 1.69017e+03  1.00191e+00  9.97842e-01
 1.69019e+03  1.00077e+00  9.97842e-01
 1.69022e+03  1.00180e+00  9.97842e-01
 1.69024e+03  9.99389e-01  9.97842e-01
 1.69026e+03  1.00018e+00  9.97842e-01
 1.69028e+03  9.99879e-01  9.97842e-01
 1.69030e+03  9.98520e-01  9.97842e-01
 1.69032e+03  1.00057e+00  9.97842e-01
 1.69034e+03  9.97646e-01  9.97842e-01
 1.69036e+03  1.00015e+00  9.97842e-01
 1.69038e+03  9.97547e-01  9.97842e-01
 1.69040e+03  9.99759e-01  9.97842e-01
 1.69042e+03  9.97631e-01  9.97842e-01
 1.69044e+03  9.98542e-01  9.97842e-01
 1.69047e+03  9.99335e-01  9.97842e-01
 1.69049e+03  9.97163e-01  9.97842e-01
 1.69051e+03  9.99629e-01  9.97842e-01
 1.69053e+03  9.96428e-01  9.97842e-01
 1.69055e+03  1.00014e+00  9.97842e-01
 1.69057e+03  9.96832e-01  9.97842e-01
 1.69059e+03  9.99743e-01  9.97842e-01
 1.69061e+03  9.97296e-01  9.97842e-01
 1.69063e+03  9.99682e-01  9.97842e-01
 1.69065e+03  9.98902e-01  9.97842e-01
 1.69067e+03  9.99303e-01  9.97842e-01
 1.69069e+03  1.00029e+00  9.97842e-01
 1.69072e+03  9.99614e-01  9.97842e-01
 1.69074e+03  1.00119e+00  9.97842e-01
 1.69076e+03  1.00015e+00  9.97842e-01
 1.69078e+03  9.99376e-01  9.97842e-01
 1.69080e+03  9.99641e-01  9.97842e-01
 1.69082e+03  9.98686e-01  9.97842e-01
 1.69084e+03  1.00033e+00  9.97842e-01
 1.69086e+03  9.98571e-01  9.97842e-01
 1.69088e+03  1.00011e+00  9.97842e-01
 1.69090e+03  9.99691e-01  9.97842e-01
 1.69092e+03  9.98707e-01  9.97842e-01
 1.69094e+03  1.00034e+00  9.97842e-01
 1.69097e+03  9.97373e-01  9.97842e-01
 1.69099e+03  1.00000e+00  9.97842e-01
 1.69101e+03  9.97711e-01  9.97842e-01
 1.69103e+03  9.98620e-01  9.97842e-01
 1.69105e+03  9.97895e-01  9.97842e-01
 1.69107e+03  9.99162e-01  9.97842e-01
 1.69109e+03  9.99304e-01  9.97842e-01
 1.69111e+03  1.00024e+00  9.97842e-01
 1.69113e+03  1.00176e+00  9.97842e-01
 1.69115e+03  1.00069e+00  9.97842e-01
 1.69117e+03  1.00265e+00  9.97842e-01
 1.69119e+03  1.00074e+00  9.97842e-01
 1.69122e+03  1.00228e+00  9.97842e-01
 1.69124e+03  1.00021e+00  9.97842e-01
 1.69126e+03  1.00129e+00  9.97842e-01
 1.69128e+03  9.99053e-01  9.97842e-01
 1.69130e+03  1.00005e+00  9.97842e-01
 1.69132e+03  9.99135e-01  9.97842e-01
 1.69134e+03  9.98936e-01  9.97842e-01
 1.69136e+03  9.99800e-01  9.97842e-01
 1.69138e+03  9.99484e-01  9.97842e-01
 1.69140e+03  9.99539e-01  9.97842e-01
 1.69142e+03  9.97811e-01  9.97842e-01
 1.69144e+03  1.00006e+00  9.97842e-01
 1.69147e+03  9.97753e-01  9.97843e-01
 1.69149e+03  9.99949e-01  9.97843e-01
 1.69151e+03  9.96785e-01  9.97843e-01
 1.69153e+03  9.98362e-01  9.97843e-01
 1.69155e+03  9.97581e-01  9.97843e-01
 1.69157e+03  9.97922e-01  9.97843e-01
 1.69159e+03  9.98122e-01  9.97843e-01
 1.69161e+03  9.96781e-01  9.97843e-01
 1.69163e+03  9.99082e-01  9.97843e-01
 1.69165e+03  9.97182e-01  9.97843e-01
 1.69167e+03  9.99473e-01  9.97843e-01
 1.69169e+03  9.99279e-01  9.97843e-01
 1.69172e+03  1.00032e+00  9.97843e-01
 1.69176e+03  9.99701e-01  9.97843e-01
 1.69180e+03  1.00070e+00  9.97843e-01
 1.69190e+03  9.98756e-01  9.97843e-01
 1.69194e+03  9.99359e-01  9.97843e-01
 1.69197e+03  1.00035e+00  9.97843e-01
 1.69199e+03  1.00114e+00  9.97843e-01
 1.69201e+03  9.99435e-01  9.97843e-01
 1.69203e+03  1.00233e+00  9.97843e-01
 1.69207e+03  1.00161e+00  9.97843e-01
 1.69211e+03  1.00078e+00  9.97843e-01
 1.69213e+03  9.99236e-01  9.97843e-01
 1.69215e+03  9.98033e-01  9.97843e-01
 1.69217e+03  9.99620e-01  9.97843e-01
 1.69219e+03  9.98459e-01  9.97843e-01
 1.69222e+03  1.00048e+00  9.97843e-01
 1.69224e+03  9.98921e-01  9.97843e-01
 1.69226e+03  1.00133e+00  9.97843e-01
 1.69228e+03  1.00066e+00  9.97843e-01
 1.69230e+03  1.00101e+00  9.97843e-01
 1.69232e+03  1.00069e+00  9.97843e-01
 1.69234e+03  1.00060e+00  9.97843e-01
 1.69236e+03  1.00017e+00  9.97843e-01
 1.69238e+03  9.99046e-01  9.97843e-01
 1.69242e+03  9.97924e-01  9.97843e-01
 1.69247e+03  9.97479e-01  9.97843e-01
 1.69251e+03  9.98664e-01  9.97843e-01
 1.69253e+03  9.99920e-01  9.97843e-01
 1.69255e+03  9.98382e-01  9.97843e-01
 1.69261e+03  1.00254e+00  9.97843e-01
 1.69263e+03  9.99037e-01  9.97843e-01
 1.69267e+03  9.99943e-01  9.97843e-01
 1.69269e+03  1.00132e+00  9.97843e-01
 1.69274e+03  1.00115e+00  9.97843e-01
 1.69278e+03  1.00149e+00  9.97843e-01
 1.69280e+03  1.00303e+00  9.97843e-01
 1.69282e+03  1.00310e+00  9.97843e-01
 1.69284e+03  1.00574e+00  9.97843e-01
 1.69286e+03  1.00639e+00  9.97843e-01
 1.69288e+03  1.00739e+00  9.97843e-01
 1.69292e+03  1.00766e+00  9.97843e-01
 1.69294e+03  1.00834e+00  9.97843e-01
 1.69297e+03  1.00834e+00  9.97843e-01
 1.69299e+03  1.00736e+00  9.97843e-01
 1.69301e+03  1.00652e+00  9.97843e-01
 1.69305e+03  1.00403e+00  9.97843e-01
 1.69307e+03  1.00301e+00  9.97843e-01
 1.69311e+03  1.00075e+00  9.97843e-01
 1.69313e+03  9.96852e-01  9.97843e-01
 1.69315e+03  9.98392e-01  9.97843e-01
 1.69317e+03  9.74715e-01  9.97843e-01
 1.69319e+03  9.05364e-01  9.97843e-01
 1.69322e+03  8.41785e-01  9.97843e-01
 1.69324e+03  8.33367e-01  9.97843e-01
 1.69326e+03  8.87113e-01  9.97843e-01
 1.69328e+03  9.59296e-01  9.97843e-01
 1.69330e+03  9.96740e-01  9.97843e-01
 1.69332e+03  9.96249e-01  9.97843e-01
 1.69334e+03  9.97293e-01  9.97843e-01
 1.69336e+03  9.97499e-01  9.97843e-01
 1.69340e+03  9.99710e-01  9.97843e-01
 1.69342e+03  1.00001e+00  9.97843e-01
 1.69344e+03  9.99126e-01  9.97843e-01
 1.69347e+03  1.00259e+00  9.97843e-01
 1.69349e+03  1.00017e+00  9.97843e-01
 1.69351e+03  9.99744e-01  9.97843e-01
 1.69353e+03  9.99814e-01  9.97843e-01
 1.69355e+03  1.00027e+00  9.97843e-01
 1.69357e+03  9.99652e-01  9.97843e-01
 1.69359e+03  9.98858e-01  9.97843e-01
 1.69361e+03  1.00017e+00  9.97843e-01
 1.69363e+03  1.00006e+00  9.97843e-01
 1.69365e+03  1.00231e+00  9.97843e-01
 1.69367e+03  1.00041e+00  9.97843e-01
 1.69369e+03  1.00343e+00  9.97843e-01
 1.69372e+03  1.00274e+00  9.97843e-01
 1.69374e+03  1.00360e+00  9.97843e-01
 1.69376e+03  1.00365e+00  9.97843e-01
 1.69378e+03  1.00135e+00  9.97843e-01
 1.69380e+03  1.00371e+00  9.97843e-01
 1.69382e+03  1.00100e+00  9.97843e-01
 1.69384e+03  1.00234e+00  9.97843e-01
 1.69386e+03  9.99769e-01  9.97843e-01
 1.69388e+03  1.00103e+00  9.97843e-01
 1.69390e+03  9.98696e-01  9.97843e-01
 1.69392e+03  9.99035e-01  9.97843e-01
 1.69394e+03  9.99395e-01  9.97843e-01
 1.69397e+03  9.97160e-01  9.97843e-01
 1.69399e+03  1.00080e+00  9.97843e-01
 1.69401e+03  9.97352e-01  9.97843e-01
 1.69403e+03  1.00033e+00  9.97843e-01
 1.69405e+03  9.98248e-01  9.97843e-01
 1.69407e+03  1.00009e+00  9.97843e-01
 1.69409e+03  9.99212e-01  9.97843e-01
 1.69411e+03  9.98647e-01  9.97843e-01
 1.69413e+03  1.00065e+00  9.97843e-01
 1.69415e+03  9.97629e-01  9.97843e-01
 1.69417e+03  9.99414e-01  9.97843e-01
 1.69419e+03  9.98724e-01  9.97843e-01
 1.69422e+03  9.98845e-01  9.97843e-01
 1.69424e+03  1.00010e+00  9.97843e-01
 1.69426e+03  9.99090e-01  9.97843e-01
 1.69428e+03  1.00063e+00  9.97843e-01
 1.69430e+03  1.00035e+00  9.97843e-01
 1.69432e+03  1.00197e+00  9.97843e-01
 1.69434e+03  1.00094e+00  9.97843e-01
 1.69436e+03  1.00022e+00  9.97843e-01
 1.69438e+03  1.00116e+00  9.97843e-01
 1.69440e+03  9.99440e-01  9.97843e-01
 1.69442e+03  1.00070e+00  9.97843e-01
 1.69444e+03  9.98043e-01  9.97843e-01
 1.69447e+03  1.00061e+00  9.97843e-01
 1.69449e+03  9.98315e-01  9.97843e-01
 1.69451e+03  1.00001e+00  9.97843e-01
 1.69453e+03  9.99076e-01  9.97843e-01
 1.69455e+03  9.99061e-01  9.97843e-01
 1.69457e+03  9.99762e-01  9.97843e-01
 1.69459e+03  9.98832e-01  9.97843e-01
 1.69461e+03  1.00024e+00  9.97843e-01
 1.69463e+03  9.98838e-01  9.97843e-01
 1.69465e+03  9.99574e-01  9.97843e-01
 1.69467e+03  9.99526e-01  9.97843e-01
 1.69469e+03  1.00034e+00  9.97843e-01
 1.69472e+03  9.99759e-01  9.97843e-01
 1.69474e+03  1.00008e+00  9.97843e-01
 1.69476e+03  9.99772e-01  9.97843e-01
 1.69478e+03  1.00006e+00  9.97843e-01
 1.69480e+03  9.99926e-01  9.97843e-01
 1.69482e+03  1.00109e+00  9.97843e-01
 1.69484e+03  1.00048e+00  9.97843e-01
 1.69486e+03  1.00144e+00  9.97843e-01
 1.69488e+03  1.00094e+00  9.97843e-01
 1.69490e+03  1.00091e+00  9.97843e-01
 1.69492e+03  1.00086e+00  9.97843e-01
 1.69494e+03  9.99299e-01  9.97843e-01
 1.69497e+03  1.00062e+00  9.97843e-01
 1.69499e+03  9.98506e-01  9.97843e-01
 1.69503e+03  9.97672e-01  9.97843e-01
 1.69505e+03  9.99399e-01  9.97843e-01
 1.69507e+03  9.97049e-01  9.97843e-01
 1.69509e+03  9.98553e-01  9.97843e-01
 1.69511e+03  9.98810e-01  9.97843e-01
 1.69513e+03  9.97771e-01  9.97843e-01
 1.69515e+03  9.99854e-01  9.97843e-01
 1.69517e+03  9.99103e-01  9.97843e-01
 1.69519e+03  1.00111e+00  9.97843e-01
 1.69522e+03  9.99866e-01  9.97843e-01
 1.69524e+03  1.00172e+00  9.97843e-01
 1.69526e+03  1.00049e+00  9.97843e-01
 1.69528e+03  1.00121e+00  9.97843e-01
 1.69530e+03  9.99585e-01  9.97843e-01
 1.69532e+03  1.00073e+00  9.97843e-01
 1.69534e+03  9.99857e-01  9.97843e-01
 1.69536e+03  1.00136e+00  9.97843e-01
 1.69538e+03  9.99158e-01  9.97844e-01
 1.69540e+03  1.00200e+00  9.97844e-01
 1.69542e+03  1.00030e+00  9.97844e-01
 1.69544e+03  1.00118e+00  9.97844e-01
 1.69547e+03  1.00100e+00  9.97844e-01
 1.69549e+03  9.99975e-01  9.97844e-01
 1.69551e+03  1.00144e+00  9.97844e-01
 1.69553e+03  1.00009e+00  9.97844e-01
 1.69555e+03  1.00065e+00  9.97844e-01
 1.69557e+03  1.00008e+00  9.97844e-01
 1.69559e+03  1.00093e+00  9.97844e-01
 1.69561e+03  9.99926e-01  9.97844e-01
 1.69563e+03  1.00078e+00  9.97844e-01
 1.69565e+03  1.00049e+00  9.97844e-01
 1.69567e+03  1.00023e+00  9.97844e-01
 1.69569e+03  1.00023e+00  9.97844e-01
 1.69572e+03  9.99401e-01  9.97844e-01
 1.69574e+03  9.99606e-01  9.97844e-01
 1.69576e+03  9.99162e-01  9.97844e-01
 1.69578e+03  9.99096e-01  9.97844e-01
 1.69580e+03  9.99001e-01  9.97844e-01
 1.69582e+03  9.99540e-01  9.97844e-01
 1.69584e+03  9.99843e-01  9.97844e-01
 1.69586e+03  1.00071e+00  9.97844e-01
 1.69588e+03  9.99975e-01  9.97844e-01
 1.69590e+03  1.00097e+00  9.97844e-01
 1.69592e+03  1.00059e+00  9.97844e-01
 1.69594e+03  1.00044e+00  9.97844e-01
 1.69597e+03  1.00004e+00  9.97844e-01
 1.69599e+03  1.00005e+00  9.97844e-01
 1.69601e+03  9.99847e-01  9.97844e-01
 1.69603e+03  9.98986e-01  9.97844e-01
 1.69605e+03  9.99768e-01  9.97844e-01
 1.69607e+03  9.98193e-01  9.97844e-01
 1.69609e+03  1.00025e+00  9.97844e-01
 1.69611e+03  9.97831e-01  9.97844e-01
 1.69613e+03  1.00021e+00  9.97844e-01
 1.69615e+03  9.98617e-01  9.97844e-01
 1.69617e+03  1.00055e+00  9.97844e-01
 1.69619e+03  1.00113e+00  9.97844e-01
 1.69622e+03  1.00095e+00  9.97844e-01
 1.69624e+03  1.00287e+00  9.97844e-01
 1.69626e+03  1.00131e+00  9.97844e-01
 1.69628e+03  1.00280e+00  9.97844e-01
 1.69630e+03  1.00131e+00  9.97844e-01
 1.69632e+03  1.00098e+00  9.97844e-01
 1.69634e+03  1.00172e+00  9.97844e-01
 1.69636e+03  1.00071e+00  9.97844e-01
 1.69738e+03  1.00833e+00  9.97844e-01
 1.69740e+03  1.00854e+00  9.97844e-01
 1.69742e+03  1.00844e+00  9.97844e-01
 1.69744e+03  1.00828e+00  9.97844e-01
 1.69751e+03  1.00611e+00  9.97844e-01
 1.69753e+03  1.00580e+00  9.97844e-01
 1.69755e+03  1.00339e+00  9.97844e-01
 1.69757e+03  1.00308e+00  9.97844e-01
 1.69761e+03  1.00076e+00  9.97844e-01
 1.69763e+03  9.97919e-01  9.97844e-01
 1.69765e+03  9.97658e-01  9.97844e-01
 1.69767e+03  9.88405e-01  9.97844e-01
 1.69769e+03  9.30458e-01  9.97844e-01
 1.69772e+03  8.59178e-01  9.97844e-01
 1.69774e+03  8.28163e-01  9.97844e-01
 1.69778e+03  9.36468e-01  9.97844e-01
 1.69780e+03  9.92212e-01  9.97844e-01
 1.69782e+03  9.97178e-01  9.97844e-01
 1.69790e+03  1.00173e+00  9.97844e-01
 1.69792e+03  1.00145e+00  9.97844e-01
 1.69794e+03  1.00370e+00  9.97844e-01
 1.69799e+03  1.00412e+00  9.97844e-01
 1.69803e+03  1.00380e+00  9.97844e-01
 1.69809e+03  9.99876e-01  9.97844e-01
 1.69811e+03  1.00104e+00  9.97844e-01
 1.69813e+03  9.98818e-01  9.97844e-01
 1.69817e+03  9.98571e-01  9.97844e-01
 1.69819e+03  9.99655e-01  9.97844e-01
 1.69822e+03  9.99847e-01  9.97844e-01
 1.69824e+03  9.99553e-01  9.97844e-01
 1.69826e+03  1.00079e+00  9.97844e-01
 1.69828e+03  9.99722e-01  9.97844e-01
 1.69830e+03  1.00229e+00  9.97844e-01
 1.69832e+03  1.00000e+00  9.97844e-01
 1.69834e+03  1.00248e+00  9.97844e-01
 1.69836e+03  9.99933e-01  9.97844e-01
 1.69838e+03  1.00129e+00  9.97844e-01
 1.69840e+03  1.00086e+00  9.97844e-01
 1.69842e+03  1.00002e+00  9.97844e-01
 1.69844e+03  1.00118e+00  9.97845e-01
 1.69847e+03  9.98932e-01  9.97845e-01
 1.69849e+03  1.00143e+00  9.97845e-01
 1.69851e+03  9.99110e-01  9.97845e-01
 1.69853e+03  1.00097e+00  9.97845e-01
 1.69855e+03  9.99665e-01  9.97845e-01
 1.69857e+03  1.00043e+00  9.97845e-01
 1.69859e+03  1.00049e+00  9.97845e-01
 1.69861e+03  9.99713e-01  9.97845e-01
 1.69863e+03  1.00035e+00  9.97845e-01
 1.69865e+03  9.98922e-01  9.97845e-01
 1.69867e+03  9.99608e-01  9.97845e-01
 1.69869e+03  9.99094e-01  9.97845e-01
 1.69872e+03  9.99706e-01  9.97845e-01
 1.69874e+03  9.99654e-01  9.97845e-01
 1.69876e+03  1.00009e+00  9.97845e-01
 1.69878e+03  1.00158e+00  9.97845e-01
 1.69880e+03  1.00088e+00  9.97845e-01
 1.69882e+03  1.00165e+00  9.97845e-01
 1.69884e+03  1.00226e+00  9.97845e-01
 1.69886e+03  1.00114e+00  9.97845e-01
 1.69888e+03  1.00161e+00  9.97845e-01
 1.69890e+03  9.99780e-01  9.97845e-01
 1.69892e+03  1.00089e+00  9.97845e-01
 1.69894e+03  9.98480e-01  9.97845e-01
 1.69897e+03  1.00014e+00  9.97845e-01
 1.69899e+03  9.99092e-01  9.97845e-01
 1.69901e+03  9.99954e-01  9.97845e-01
 1.69903e+03  9.99866e-01  9.97845e-01
 1.69905e+03  9.99538e-01  9.97845e-01
 1.69907e+03  1.00163e+00  9.97845e-01
 1.69909e+03  9.99870e-01  9.97845e-01
 1.69911e+03  1.00172e+00  9.97845e-01
 1.69913e+03  9.99793e-01  9.97845e-01
 1.69915e+03  1.00071e+00  9.97845e-01
 1.69917e+03  1.00004e+00  9.97845e-01
 1.69919e+03  1.00017e+00  9.97845e-01
 1.69922e+03  9.99387e-01  9.97845e-01
 1.69924e+03  9.99092e-01  9.97845e-01
 1.69926e+03  9.98938e-01  9.97845e-01
 1.69928e+03  9.98883e-01  9.97845e-01
 1.69930e+03  9.98690e-01  9.97845e-01
 1.69932e+03  9.99222e-01  9.97845e-01
 1.69934e+03  9.99174e-01  9.97845e-01
 1.69936e+03  9.99719e-01  9.97845e-01
 1.69938e+03  1.00009e+00  9.97845e-01
 1.69940e+03  1.00042e+00  9.97845e-01
 1.69942e+03  1.00059e+00  9.97845e-01
 1.69944e+03  1.00041e+00  9.97845e-01
 1.69947e+03  1.00046e+00  9.97845e-01
 1.69949e+03  1.00017e+00  9.97845e-01
 1.69951e+03  9.99682e-01  9.97845e-01
 1.69953e+03  9.99517e-01  9.97845e-01
 1.69955e+03  9.98815e-01  9.97845e-01
 1.69957e+03  9.98934e-01  9.97844e-01
 1.69959e+03  9.98688e-01  9.97844e-01
 1.69961e+03  9.98898e-01  9.97844e-01
 1.69963e+03  9.98225e-01  9.97844e-01
 1.69965e+03  9.99579e-01  9.97844e-01
 1.69967e+03  9.99375e-01  9.97844e-01
 1.69969e+03  1.00042e+00  9.97844e-01
 1.69972e+03  9.99863e-01  9.97844e-01
 1.69974e+03  1.00184e+00  9.97844e-01
 1.69976e+03  1.00076e+00  9.97844e-01
 1.69978e+03  1.00183e+00  9.97844e-01
 1.69980e+03  1.00153e+00  9.97844e-01
 1.69982e+03  1.00199e+00  9.97844e-01
 1.69984e+03  1.00121e+00  9.97844e-01
 1.69986e+03  1.00170e+00  9.97844e-01
 1.69988e+03  1.00121e+00  9.97844e-01
 1.69990e+03  1.00045e+00  9.97844e-01
 1.69992e+03  1.00127e+00  9.97844e-01
 1.69994e+03  9.99775e-01  9.97844e-01
 1.69997e+03  1.00084e+00  9.97844e-01
 1.69999e+03  9.98424e-01  9.97844e-01
 1.70001e+03  9.99914e-01  9.97844e-01
 1.70003e+03  9.97248e-01  9.97844e-01
 1.70005e+03  9.99417e-01  9.97844e-01
 1.70007e+03  9.97491e-01  9.97844e-01
 1.70009e+03  9.98546e-01  9.97844e-01
 1.70011e+03  9.99000e-01  9.97844e-01
 1.70013e+03  9.98410e-01  9.97844e-01
 1.70015e+03  1.00023e+00  9.97844e-01
 1.70017e+03  9.98423e-01  9.97844e-01
 1.70019e+03  1.00004e+00  9.97844e-01
 1.70022e+03  9.98560e-01  9.97844e-01
 1.70024e+03  9.99007e-01  9.97844e-01
 1.70026e+03  9.98614e-01  9.97844e-01
 1.70028e+03  9.98185e-01  9.97843e-01
 1.70030e+03  9.99351e-01  9.97843e-01
 1.70032e+03  9.97345e-01  9.97843e-01
 1.70034e+03  9.99826e-01  9.97843e-01
 1.70036e+03  9.99523e-01  9.97843e-01
 1.70038e+03  1.00041e+00  9.97843e-01
 1.70040e+03  1.00092e+00  9.97843e-01
 1.70042e+03  1.00103e+00  9.97843e-01
 1.70044e+03  1.00156e+00  9.97843e-01
 1.70047e+03  1.00159e+00  9.97843e-01
 1.70049e+03  1.00194e+00  9.97843e-01
 1.70051e+03  1.00123e+00  9.97843e-01
 1.70053e+03  1.00145e+00  9.97842e-01
 1.70055e+03  1.00063e+00  9.97842e-01
 1.70057e+03  1.00096e+00  9.97842e-01
 1.70059e+03  1.00024e+00  9.97842e-01
 1.70061e+03  1.00015e+00  9.97842e-01
 1.70063e+03  9.99166e-01  9.97842e-01
 1.70065e+03  9.99836e-01  9.97842e-01
 1.70067e+03  9.98606e-01  9.97842e-01
 1.70069e+03  1.00019e+00  9.97841e-01
 1.70072e+03  9.98173e-01  9.97841e-01
 1.70074e+03  1.00001e+00  9.97841e-01
 1.70076e+03  9.98268e-01  9.97841e-01
 1.70078e+03  1.00104e+00  9.97841e-01
 1.70080e+03  9.98654e-01  9.97840e-01
 1.70082e+03  1.00047e+00  9.97840e-01
 1.70084e+03  1.00011e+00  9.97840e-01
 1.70086e+03  9.99336e-01  9.97840e-01
 1.70088e+03  1.00085e+00  9.97839e-01
 1.70090e+03  9.99469e-01  9.97839e-01
 1.70092e+03  1.00112e+00  9.97839e-01
 1.70094e+03  9.99491e-01  9.97838e-01
 1.70097e+03  1.00058e+00  9.97838e-01
 1.70099e+03  1.00010e+00  9.97838e-01
 1.70101e+03  1.00029e+00  9.97837e-01
 1.70103e+03  1.00101e+00  9.97837e-01
 1.70105e+03  9.99954e-01  9.97836e-01
 1.70107e+03  1.00027e+00  9.97836e-01
 1.70109e+03  9.99395e-01  9.97836e-01
 1.70111e+03  9.98987e-01  9.97835e-01
 1.70113e+03  9.99203e-01  9.97834e-01
 1.70115e+03  9.97989e-01  9.97834e-01
 1.70117e+03  9.99092e-01  9.97833e-01
 1.70119e+03  9.97129e-01  9.97832e-01
 1.70122e+03  9.98747e-01  9.97832e-01
 1.70126e+03  9.99279e-01  9.97830e-01
 1.70128e+03  1.00036e+00  9.97829e-01
 1.70130e+03  9.98467e-01  9.97828e-01
 1.70132e+03  1.00163e+00  9.97827e-01
 1.70134e+03  9.99154e-01  9.97826e-01
 1.70136e+03  1.00085e+00  9.97824e-01
 1.70138e+03  9.99328e-01  9.97823e-01
 1.70140e+03  1.00098e+00  9.97822e-01
 1.70142e+03  9.99050e-01  9.97820e-01
 1.70144e+03  9.99695e-01  9.97818e-01
 1.70147e+03  1.00112e+00  9.97816e-01
 1.70149e+03  9.99591e-01  9.97814e-01
 1.70151e+03  1.00164e+00  9.97811e-01
 1.70153e+03  1.00013e+00  9.97809e-01
 1.70155e+03  1.00313e+00  9.97806e-01
 1.70157e+03  1.00110e+00  9.97803e-01
 1.70159e+03  1.00305e+00  9.97799e-01
 1.70161e+03  1.00161e+00  9.97795e-01
 1.70165e+03  1.00087e+00  9.97785e-01
 1.70172e+03  1.00035e+00  9.97765e-01
 1.70174e+03  1.00075e+00  9.97757e-01
 1.70176e+03  9.99908e-01  9.97747e-01
 1.70178e+03  1.00142e+00  9.97735e-01
 1.70180e+03  1.00136e+00  9.97722e-01
 1.70182e+03  1.00338e+00  9.97706e-01
 1.70184e+03  1.00320e+00  9.97687e-01
 1.70186e+03  1.00613e+00  9.97664e-01
 1.70188e+03  1.00680e+00  9.97637e-01
 1.70190e+03  1.00772e+00  9.97603e-01
 1.70192e+03  1.00847e+00  9.97561e-01
 1.70194e+03  1.00967e+00  9.97509e-01
 1.70197e+03  1.00881e+00  9.97442e-01
 1.70199e+03  1.00899e+00  9.97354e-01
 1.70201e+03  1.00797e+00  9.97236e-01
 1.70203e+03  1.00750e+00  9.97075e-01
 1.70205e+03  1.00572e+00  9.96848e-01
 1.70207e+03  1.00454e+00  9.96510e-01
 1.70209e+03  1.00258e+00  9.95989e-01
 1.70213e+03  1.00009e+00  9.93581e-01
 1.70215e+03  9.98047e-01  9.90488e-01
 1.70217e+03  9.97220e-01  9.82683e-01
 1.70219e+03  9.55621e-01  9.61164e-01
 1.70222e+03  8.82866e-01  8.84309e-01
 1.70224e+03  8.31426e-01  8.34326e-01
 1.70226e+03  8.45696e-01  8.52653e-01
 1.70230e+03  9.79196e-01  9.83398e-01
 1.70232e+03  9.98647e-01  9.91050e-01
 1.70234e+03  9.97610e-01  9.94063e-01
 1.70236e+03  1.00008e+00  9.95497e-01
 1.70238e+03  9.98853e-01  9.96273e-01
 1.70240e+03  1.00186e+00  9.96729e-01
 1.70242e+03  1.00025e+00  9.97018e-01
 1.70244e+03  1.00244e+00  9.97211e-01
 1.70247e+03  1.00175e+00  9.97345e-01
 1.70249e+03  1.00263e+00  9.97442e-01
 1.70251e+03  1.00198e+00  9.97514e-01
 1.70253e+03  1.00127e+00  9.97569e-01
 1.70255e+03  1.00149e+00  9.97611e-01
 1.70257e+03  9.99568e-01  9.97645e-01
 1.70259e+03  1.00081e+00  9.97672e-01
 1.70263e+03  1.00003e+00  9.97712e-01
 1.70265e+03  9.99899e-01  9.97727e-01
 1.70267e+03  1.00038e+00  9.97739e-01
 1.70272e+03  1.00148e+00  9.97759e-01
 1.70274e+03  1.00061e+00  9.97767e-01
 1.70276e+03  1.00144e+00  9.97774e-01
 1.70278e+03  1.00076e+00  9.97780e-01
 1.70280e+03  1.00212e+00  9.97785e-01
 1.70282e+03  9.99613e-01  9.97790e-01
 1.70284e+03  1.00200e+00  9.97794e-01
 1.70286e+03  9.99739e-01  9.97797e-01
 1.70288e+03  1.00025e+00  9.97801e-01
 1.70290e+03  1.00044e+00  9.97803e-01
 1.70292e+03  9.99406e-01  9.97806e-01
 1.70294e+03  1.00074e+00  9.97808e-01
 1.70297e+03  9.99053e-01  9.97811e-01
 1.70299e+03  1.00222e+00  9.97813e-01
 1.70301e+03  9.99681e-01  9.97814e-01
 1.70303e+03  1.00179e+00  9.97816e-01
 1.70305e+03  1.00064e+00  9.97817e-01
 1.70307e+03  1.00126e+00  9.97819e-01
 1.70309e+03  1.00070e+00  9.97820e-01
 1.70311e+03  1.00037e+00  9.97821e-01
 1.70313e+03  1.00033e+00  9.97822e-01
 1.70315e+03  9.99433e-01  9.97823e-01
 1.70317e+03  9.99469e-01  9.97824e-01
 1.70319e+03  9.97868e-01  9.97825e-01
 1.70322e+03  9.99085e-01  9.97826e-01
 1.70324e+03  9.97468e-01  9.97826e-01
 1.70326e+03  9.99256e-01  9.97827e-01
 1.70328e+03  9.99036e-01  9.97828e-01
 1.70330e+03  9.99600e-01  9.97828e-01
 1.70332e+03  1.00039e+00  9.97829e-01
 1.70334e+03  1.00049e+00  9.97829e-01
 1.70336e+03  1.00045e+00  9.97830e-01
 1.70338e+03  1.00030e+00  9.97830e-01
 1.70340e+03  1.00028e+00  9.97831e-01
 1.70342e+03  9.99242e-01  9.97831e-01
 1.70344e+03  9.99703e-01  9.97832e-01
 1.70347e+03  9.98703e-01  9.97832e-01
 1.70349e+03  9.99906e-01  9.97832e-01
 1.70351e+03  9.98309e-01  9.97833e-01
 1.70353e+03  9.99828e-01  9.97833e-01
 1.70355e+03  9.98137e-01  9.97833e-01
 1.70357e+03  1.00021e+00  9.97833e-01
 1.70359e+03  9.97831e-01  9.97834e-01
 1.70361e+03  9.99399e-01  9.97834e-01
 1.70363e+03  9.97596e-01  9.97834e-01
 1.70365e+03  9.98238e-01  9.97834e-01
 1.70367e+03  9.97735e-01  9.97835e-01
 1.70369e+03  9.97810e-01  9.97835e-01
 1.70372e+03  9.97891e-01  9.97835e-01
 1.70374e+03  9.97546e-01  9.97835e-01
 1.70376e+03  9.98173e-01  9.97835e-01
 1.70378e+03  9.97823e-01  9.97836e-01
 1.70380e+03  9.98583e-01  9.97836e-01
 1.70382e+03  9.98293e-01  9.97836e-01
 1.70384e+03  9.99118e-01  9.97836e-01
 1.70386e+03  9.98520e-01  9.97836e-01
 1.70388e+03  1.00079e+00  9.97836e-01
 1.70390e+03  9.99552e-01  9.97836e-01
 1.70392e+03  1.00107e+00  9.97837e-01
 1.70394e+03  1.00019e+00  9.97837e-01
 1.70397e+03  1.00151e+00  9.97837e-01
 1.70399e+03  1.00064e+00  9.97837e-01
 1.70401e+03  1.00084e+00  9.97837e-01
 1.70403e+03  1.00073e+00  9.97837e-01
 1.70405e+03  9.99690e-01  9.97837e-01
 1.70407e+03  1.00060e+00  9.97837e-01
 1.70409e+03  9.99809e-01  9.97837e-01
 1.70411e+03  9.99212e-01  9.97838e-01
 1.70413e+03  1.00005e+00  9.97838e-01
 1.70415e+03  9.99038e-01  9.97838e-01
 1.70417e+03  1.00054e+00  9.97838e-01
 1.70419e+03  9.98783e-01  9.97838e-01
 1.70422e+03  1.00016e+00  9.97838e-01
 1.70424e+03  9.99190e-01  9.97838e-01
 1.70426e+03  9.98795e-01  9.97838e-01
 1.70428e+03  9.98033e-01  9.97838e-01
 1.70430e+03  9.97947e-01  9.97838e-01
 1.70432e+03  9.97725e-01  9.97838e-01
 1.70434e+03  9.97326e-01  9.97838e-01
 1.70436e+03  9.97340e-01  9.97838e-01
 1.70438e+03  9.98487e-01  9.97838e-01
 1.70440e+03  9.97341e-01  9.97839e-01
 1.70442e+03  9.99637e-01  9.97839e-01
 1.70444e+03  9.98266e-01  9.97839e-01
 1.70447e+03  1.00039e+00  9.97839e-01
 1.70449e+03  9.99505e-01  9.97839e-01
 1.70451e+03  1.00002e+00  9.97839e-01
 1.70453e+03  9.99773e-01  9.97839e-01
 1.70455e+03  9.99372e-01  9.97839e-01
 1.70457e+03  1.00065e+00  9.97839e-01
 1.70459e+03  9.98749e-01  9.97839e-01
 1.70461e+03  1.00063e+00  9.97839e-01
 1.70463e+03  9.98175e-01  9.97839e-01
 1.70465e+03  1.00173e+00  9.97839e-01
 1.70467e+03  9.98165e-01  9.97839e-01
 1.70469e+03  1.00075e+00  9.97839e-01
 1.70472e+03  9.99256e-01  9.97839e-01
 1.70474e+03  9.99024e-01  9.97839e-01
 1.70476e+03  9.98990e-01  9.97839e-01
 1.70478e+03  9.98037e-01  9.97839e-01
 1.70480e+03  1.00006e+00  9.97839e-01
 1.70482e+03  9.97826e-01  9.97839e-01
 1.70484e+03  9.99747e-01  9.97839e-01
 1.70486e+03  9.99190e-01  9.97839e-01
 1.70488e+03  1.00010e+00  9.97839e-01
 1.70490e+03  1.00028e+00  9.97839e-01
 1.70492e+03  1.00023e+00  9.97839e-01
 1.70494e+03  1.00121e+00  9.97840e-01
 1.70497e+03  9.99499e-01  9.97840e-01
 1.70499e+03  1.00130e+00  9.97840e-01
 1.70501e+03  9.99242e-01  9.97840e-01
 1.70503e+03  1.00002e+00  9.97840e-01
 1.70505e+03  9.98872e-01  9.97840e-01
 1.70507e+03  9.99219e-01  9.97840e-01
 1.70509e+03  9.99198e-01  9.97840e-01
 1.70511e+03  9.98572e-01  9.97840e-01
 1.70513e+03  9.98715e-01  9.97840e-01
 1.70515e+03  9.99073e-01  9.97840e-01
 1.70517e+03  9.98715e-01  9.97840e-01
 1.70519e+03  9.99228e-01  9.97840e-01
 1.70522e+03  9.99032e-01  9.97840e-01
 1.70526e+03  9.98790e-01  9.97840e-01
 1.70528e+03  9.99243e-01  9.97840e-01
 1.70530e+03  9.98539e-01  9.97840e-01
 1.70534e+03  9.98092e-01  9.97840e-01
 1.70536e+03  9.97072e-01  9.97840e-01
 1.70538e+03  9.97627e-01  9.97840e-01
 1.70540e+03  9.96576e-01  9.97840e-01
 1.70542e+03  9.98353e-01  9.97840e-01
 1.70544e+03  9.96073e-01  9.97840e-01
 1.70547e+03  9.99264e-01  9.97840e-01
 1.70549e+03  9.98074e-01  9.97840e-01
 1.70551e+03  9.99907e-01  9.97840e-01
 1.70553e+03  9.99602e-01  9.97840e-01
 1.70555e+03  1.00081e+00  9.97840e-01
 1.70557e+03  1.00150e+00  9.97840e-01
 1.70559e+03  1.00074e+00  9.97840e-01
 1.70561e+03  1.00133e+00  9.97840e-01
 1.70563e+03  1.00001e+00  9.97840e-01
 1.70565e+03  1.00009e+00  9.97840e-01
 1.70567e+03  9.99382e-01  9.97840e-01
 1.70569e+03  9.99665e-01  9.97840e-01
 1.70572e+03  9.99870e-01  9.97840e-01
 1.70574e+03  9.99355e-01  9.97840e-01
 1.70576e+03  1.00050e+00  9.97840e-01
 1.70578e+03  1.00077e+00  9.97840e-01
 1.70580e+03  1.00083e+00  9.97840e-01
 1.70584e+03  1.00058e+00  9.97840e-01
 1.70586e+03  1.00213e+00  9.97840e-01
 1.70590e+03  1.00106e+00  9.97840e-01
 1.70592e+03  1.00000e+00  9.97840e-01
 1.70597e+03  1.00078e+00  9.97840e-01
 1.70599e+03  9.99285e-01  9.97840e-01
 1.70601e+03  1.00051e+00  9.97840e-01
 1.70603e+03  9.99135e-01  9.97840e-01
 1.70605e+03  1.00122e+00  9.97840e-01
 1.70607e+03  9.99225e-01  9.97840e-01
 1.70613e+03  1.00006e+00  9.97840e-01
 1.70615e+03  9.99852e-01  9.97840e-01
 1.70617e+03  9.99366e-01  9.97840e-01
 1.70622e+03  9.98238e-01  9.97840e-01
 1.70624e+03  1.00121e+00  9.97840e-01
 1.70626e+03  9.98794e-01  9.97840e-01
 1.70628e+03  1.00155e+00  9.97840e-01
 1.70630e+03  1.00008e+00  9.97840e-01
 1.70632e+03  1.00324e+00  9.97840e-01
 1.70634e+03  1.00273e+00  9.97840e-01
 1.70638e+03  1.00571e+00  9.97840e-01
 1.70640e+03  1.00650e+00  9.97841e-01
 1.70642e+03  1.00814e+00  9.97841e-01
 1.70644e+03  1.00837e+00  9.97841e-01
 1.70647e+03  1.00920e+00  9.97841e-01
 1.70649e+03  1.00865e+00  9.97841e-01
 1.70653e+03  1.00847e+00  9.97841e-01
 1.70655e+03  1.00732e+00  9.97841e-01
 1.70657e+03  1.00546e+00  9.97841e-01
 1.70659e+03  1.00546e+00  9.97841e-01
 1.70661e+03  1.00335e+00  9.97841e-01
 1.70663e+03  1.00226e+00  9.97841e-01
 1.70665e+03  1.00044e+00  9.97841e-01
 1.70667e+03  9.99582e-01  9.97841e-01
 1.70669e+03  9.78148e-01  9.97841e-01
 1.70672e+03  9.08632e-01  9.97841e-01
 1.70674e+03  8.44258e-01  9.97841e-01
 1.70676e+03  8.32634e-01  9.97841e-01
 1.70678e+03  8.84537e-01  9.97841e-01
 1.70680e+03  9.57692e-01  9.97841e-01
 1.70684e+03  9.96201e-01  9.97841e-01
 1.70686e+03  9.98579e-01  9.97841e-01
 1.70688e+03  9.98438e-01  9.97841e-01
 1.70690e+03  9.99656e-01  9.97841e-01
 1.70692e+03  1.00149e+00  9.97841e-01
 1.70694e+03  1.00212e+00  9.97841e-01
 1.70697e+03  1.00333e+00  9.97841e-01
 1.70699e+03  1.00373e+00  9.97841e-01
 1.70701e+03  1.00496e+00  9.97841e-01
 1.70703e+03  1.00273e+00  9.97841e-01
 1.70705e+03  1.00445e+00  9.97841e-01
 1.70707e+03  1.00174e+00  9.97841e-01
 1.70709e+03  1.00303e+00  9.97841e-01
 1.70711e+03  9.99988e-01  9.97841e-01
 1.70713e+03  1.00150e+00  9.97841e-01
 1.70715e+03  9.99339e-01  9.97841e-01
 1.70717e+03  9.99966e-01  9.97841e-01
 1.70719e+03  1.00029e+00  9.97841e-01
 1.70722e+03  9.99423e-01  9.97841e-01
 1.70724e+03  1.00090e+00  9.97841e-01
 1.70726e+03  9.99386e-01  9.97841e-01
 1.70728e+03  1.00156e+00  9.97841e-01
 1.70730e+03  9.99881e-01  9.97841e-01
 1.70732e+03  1.00109e+00  9.97841e-01
 1.70734e+03  1.00054e+00  9.97841e-01
 1.70736e+03  1.00117e+00  9.97841e-01
 1.70738e+03  9.99558e-01  9.97841e-01
 1.70740e+03  1.00039e+00  9.97841e-01
 1.70742e+03  1.00014e+00  9.97841e-01
 1.70744e+03  1.00018e+00  9.97841e-01
 1.70747e+03  9.99888e-01  9.97841e-01
 1.70749e+03  1.00075e+00  9.97841e-01
 1.70751e+03  1.00023e+00  9.97841e-01
 1.70753e+03  1.00197e+00  9.97841e-01
 1.70755e+03  1.00154e+00  9.97841e-01
 1.70757e+03  1.00260e+00  9.97841e-01
 1.70759e+03  1.00220e+00  9.97841e-01
 1.70761e+03  1.00201e+00  9.97841e-01
 1.70763e+03  1.00241e+00  9.97841e-01
 1.70765e+03  1.00119e+00  9.97841e-01
 1.70767e+03  1.00194e+00  9.97841e-01
 1.70769e+03  9.99890e-01  9.97841e-01
 1.70772e+03  1.00100e+00  9.97841e-01
 1.70774e+03  9.99098e-01  9.97841e-01
 1.70776e+03  1.00055e+00  9.97841e-01
 1.70778e+03  9.99646e-01  9.97841e-01
 1.70780e+03  9.99395e-01  9.97841e-01
 1.70782e+03  1.00049e+00  9.97841e-01
 1.70784e+03  9.99004e-01  9.97841e-01
 1.70786e+03  1.00063e+00  9.97841e-01
 1.70788e+03  9.98195e-01  9.97841e-01
 1.70790e+03  1.00018e+00  9.97841e-01
 1.70792e+03  9.97262e-01  9.97841e-01
 1.70794e+03  9.98069e-01  9.97841e-01
 1.70797e+03  9.97640e-01  9.97841e-01
 1.70799e+03  9.98067e-01  9.97841e-01
 1.70803e+03  9.98901e-01  9.97841e-01
 1.70805e+03  9.99562e-01  9.97841e-01
 1.70807e+03  9.99051e-01  9.97841e-01
 1.70811e+03  1.00004e+00  9.97841e-01
 1.70813e+03  1.00132e+00  9.97841e-01
 1.70815e+03  1.00036e+00  9.97841e-01
 1.70817e+03  1.00187e+00  9.97841e-01
 1.70819e+03  9.99450e-01  9.97841e-01
 1.70822e+03  1.00135e+00  9.97841e-01
 1.70824e+03  9.99064e-01  9.97841e-01
 1.70828e+03  9.98567e-01  9.97841e-01
 1.70830e+03  1.00135e+00  9.97841e-01
 1.70832e+03  9.99101e-01  9.97841e-01
 1.70834e+03  1.00028e+00  9.97841e-01
 1.70836e+03  1.00018e+00  9.97841e-01
 1.70838e+03  9.99983e-01  9.97841e-01
 1.70840e+03  1.00096e+00  9.97841e-01
 1.70842e+03  9.99250e-01  9.97841e-01
 1.70844e+03  1.00196e+00  9.97841e-01
 1.70847e+03  9.99383e-01  9.97841e-01
 1.70849e+03  1.00117e+00  9.97841e-01
 1.70851e+03  9.99402e-01  9.97841e-01
 1.70853e+03  1.00056e+00  9.97841e-01
 1.70855e+03  9.98536e-01  9.97841e-01
 1.70857e+03  9.99215e-01  9.97841e-01
 1.70859e+03  9.99064e-01  9.97841e-01
 1.70861e+03  9.98509e-01  9.97841e-01
 1.70863e+03  9.99462e-01  9.97841e-01
 1.70865e+03  9.98163e-01  9.97841e-01
 1.70867e+03  1.00020e+00  9.97841e-01
 1.70869e+03  9.98866e-01  9.97841e-01
 1.70872e+03  1.00082e+00  9.97841e-01
 1.70874e+03  9.99187e-01  9.97841e-01
 1.70876e+03  1.00096e+00  9.97841e-01
 1.70878e+03  1.00038e+00  9.97841e-01
 1.70880e+03  1.00001e+00  9.97841e-01
 1.70882e+03  1.00019e+00  9.97841e-01
 1.70884e+03  9.99411e-01  9.97841e-01
 1.70886e+03  1.00016e+00  9.97841e-01
 1.70888e+03  9.98655e-01  9.97841e-01
 1.70890e+03  9.99253e-01  9.97841e-01
 1.70892e+03  9.99012e-01  9.97841e-01
 1.70894e+03  1.00029e+00  9.97841e-01
 1.70897e+03  9.99211e-01  9.97841e-01
 1.70899e+03  9.99511e-01  9.97841e-01
 1.70901e+03  9.99848e-01  9.97841e-01
 1.70903e+03  1.00010e+00  9.97841e-01
 1.70905e+03  9.99003e-01  9.97841e-01
 1.70907e+03  1.00112e+00  9.97841e-01
 1.70911e+03  1.00219e+00  9.97841e-01
 1.70913e+03  9.99924e-01  9.97841e-01
 1.70915e+03  1.00318e+00  9.97841e-01
 1.70917e+03  1.00103e+00  9.97841e-01
 1.70919e+03  1.00181e+00  9.97841e-01
 1.70922e+03  1.00116e+00  9.97841e-01
 1.70926e+03  1.00125e+00  9.97841e-01
 1.70928e+03  9.98640e-01  9.97841e-01
 1.70930e+03  1.00120e+00  9.97841e-01
 1.70932e+03  9.97512e-01  9.97841e-01
 1.70934e+03  1.00078e+00  9.97841e-01
 1.70936e+03  9.98875e-01  9.97841e-01
 1.70940e+03  9.99990e-01  9.97841e-01
 1.70944e+03  1.00134e+00  9.97841e-01
 1.70947e+03  9.99873e-01  9.97841e-01
 1.70949e+03  1.00286e+00  9.97841e-01
 1.70951e+03  9.99547e-01  9.97841e-01
 1.70953e+03  1.00214e+00  9.97841e-01
 1.70955e+03  1.00005e+00  9.97841e-01
 1.70957e+03  1.00124e+00  9.97841e-01
 1.70961e+03  9.99939e-01  9.97841e-01
 1.70967e+03  9.99917e-01  9.97841e-01
 1.70969e+03  9.99088e-01  9.97841e-01
 1.70972e+03  9.98776e-01  9.97841e-01
 1.70976e+03  9.98675e-01  9.97841e-01
 1.70978e+03  9.99723e-01  9.97841e-01
 1.70980e+03  9.98899e-01  9.97841e-01
 1.70984e+03  1.00009e+00  9.97841e-01
 1.70986e+03  9.97828e-01  9.97841e-01
 1.70988e+03  1.00010e+00  9.97841e-01
 1.70992e+03  9.99463e-01  9.97841e-01
 1.70994e+03  9.98293e-01  9.97841e-01
 1.70997e+03  9.99481e-01  9.97841e-01
 1.70999e+03  9.98919e-01  9.97841e-01
 1.71003e+03  1.00105e+00  9.97841e-01
 1.71005e+03  9.99296e-01  9.97841e-01
 1.71007e+03  1.00157e+00  9.97841e-01
 1.71011e+03  1.00132e+00  9.97841e-01
 1.71013e+03  9.97885e-01  9.97841e-01
 1.71015e+03  9.99794e-01  9.97841e-01
 1.71017e+03  9.97202e-01  9.97841e-01
 1.84281e+03  1.00288e+00  9.97842e-01
 1.84287e+03  9.99150e-01  9.97842e-01
 1.84289e+03  9.98250e-01  9.97842e-01
 1.84291e+03  9.98504e-01  9.97842e-01
 1.84293e+03  9.97064e-01  9.97842e-01
 1.84295e+03  9.98854e-01  9.97842e-01
 1.84297e+03  9.98318e-01  9.97842e-01
 1.84299e+03  9.98237e-01  9.97842e-01
 1.84301e+03  9.98743e-01  9.97842e-01
 1.84306e+03  9.98676e-01  9.97842e-01
 1.84308e+03  9.99280e-01  9.97842e-01
 1.84310e+03  9.99429e-01  9.97842e-01
 1.84312e+03  9.99395e-01  9.97842e-01
 1.84314e+03  9.98402e-01  9.97842e-01
 1.84316e+03  9.96652e-01  9.97842e-01
 1.84318e+03  9.97960e-01  9.97842e-01
 1.84320e+03  9.96557e-01  9.97842e-01
 1.84322e+03  9.96404e-01  9.97842e-01
 1.84324e+03  9.95419e-01  9.97842e-01
 1.84326e+03  9.96839e-01  9.97842e-01
 1.84329e+03  9.96106e-01  9.97842e-01
 1.84331e+03  9.97140e-01  9.97842e-01
 1.84333e+03  9.96254e-01  9.97842e-01
 1.84335e+03  9.99170e-01  9.97842e-01
 1.84337e+03  9.96946e-01  9.97842e-01
 1.84339e+03  9.98675e-01  9.97842e-01
 1.84341e+03  9.97059e-01  9.97842e-01
 1.84347e+03  9.96311e-01  9.97842e-01
 1.84349e+03  9.96894e-01  9.97842e-01
 1.84351e+03  9.96055e-01  9.97842e-01
 1.84354e+03  9.97157e-01  9.97842e-01
 1.84356e+03  9.95548e-01  9.97842e-01
 1.84358e+03  9.98567e-01  9.97842e-01
 1.84360e+03  9.97431e-01  9.97842e-01
 1.84362e+03  9.97619e-01  9.97842e-01
 1.84364e+03  9.98983e-01  9.97842e-01
 1.84366e+03  9.98433e-01  9.97842e-01
 1.84368e+03  1.00004e+00  9.97842e-01
 1.84370e+03  9.98407e-01  9.97842e-01
 1.84372e+03  1.00130e+00  9.97842e-01
 1.84379e+03  9.98625e-01  9.97842e-01
 1.84381e+03  9.99493e-01  9.97842e-01
 1.84385e+03  9.99741e-01  9.97842e-01
 1.84387e+03  9.99326e-01  9.97842e-01
 1.84389e+03  1.00071e+00  9.97842e-01
 1.84391e+03  9.99005e-01  9.97842e-01
 1.84393e+03  1.00004e+00  9.97842e-01
 1.84395e+03  9.99205e-01  9.97842e-01
 1.84397e+03  1.00022e+00  9.97842e-01
 1.84399e+03  9.98889e-01  9.97842e-01
 1.84404e+03  9.98802e-01  9.97842e-01
 1.84408e+03  9.99260e-01  9.97842e-01
 1.84412e+03  9.99778e-01  9.97842e-01
 1.84414e+03  9.99523e-01  9.97842e-01
 1.84416e+03  9.99870e-01  9.97842e-01
 1.84418e+03  1.00039e+00  9.97842e-01
 1.84420e+03  9.99553e-01  9.97842e-01
 1.84422e+03  1.00088e+00  9.97842e-01
 1.84424e+03  9.98752e-01  9.97842e-01
 1.84426e+03  1.00137e+00  9.97842e-01
 1.84429e+03  9.97924e-01  9.97842e-01
 1.84431e+03  9.99813e-01  9.97842e-01
 1.84433e+03  9.98638e-01  9.97842e-01
 1.84435e+03  1.00043e+00  9.97842e-01
 1.84437e+03  9.99457e-01  9.97842e-01
 1.84439e+03  1.00240e+00  9.97842e-01
 1.84443e+03  1.00112e+00  9.97842e-01
 1.84445e+03  1.00233e+00  9.97842e-01
 1.84447e+03  9.99268e-01  9.97842e-01
 1.84451e+03  9.99187e-01  9.97842e-01
 1.84454e+03  1.00136e+00  9.97842e-01
 1.84456e+03  1.00120e+00  9.97842e-01
 1.84458e+03  1.00163e+00  9.97842e-01
 1.84462e+03  1.00128e+00  9.97842e-01
 1.84464e+03  1.00165e+00  9.97842e-01
 1.84466e+03  1.00128e+00  9.97842e-01
 1.84468e+03  1.00168e+00  9.97842e-01
 1.84470e+03  1.00237e+00  9.97842e-01
 1.84472e+03  1.00352e+00  9.97842e-01
 1.84474e+03  1.00183e+00  9.97842e-01
 1.84476e+03  1.00128e+00  9.97842e-01
 1.84479e+03  1.00081e+00  9.97842e-01
 1.84481e+03  1.00075e+00  9.97842e-01
 1.84483e+03  9.99991e-01  9.97842e-01
 1.84485e+03  9.99730e-01  9.97842e-01
 1.84487e+03  9.98908e-01  9.97842e-01
 1.84489e+03  9.99281e-01  9.97842e-01
 1.84491e+03  9.98496e-01  9.97842e-01
 1.84495e+03  9.98200e-01  9.97842e-01
 1.84497e+03  9.99547e-01  9.97842e-01
 1.84499e+03  9.99244e-01  9.97842e-01
 1.84504e+03  9.98332e-01  9.97842e-01
 1.84506e+03  9.98833e-01  9.97842e-01
 1.84508e+03  9.99023e-01  9.97842e-01
 1.84510e+03  9.98832e-01  9.97842e-01
 1.84512e+03  1.00085e+00  9.97842e-01
 1.84514e+03  9.98218e-01  9.97842e-01
 1.84516e+03  1.00026e+00  9.97842e-01
 1.84518e+03  9.99533e-01  9.97842e-01
 1.84520e+03  1.00049e+00  9.97842e-01
 1.84524e+03  1.00222e+00  9.97842e-01
 1.84526e+03  9.99560e-01  9.97842e-01
 1.84529e+03  9.99877e-01  9.97842e-01
 1.84531e+03  1.00014e+00  9.97843e-01
 1.84533e+03  1.00057e+00  9.97843e-01
 1.84535e+03  1.00133e+00  9.97843e-01
 1.84537e+03  9.97526e-01  9.97843e-01
 1.84539e+03  1.00027e+00  9.97843e-01
 1.84541e+03  9.96251e-01  9.97843e-01
 1.84543e+03  1.00003e+00  9.97843e-01
 1.84545e+03  9.97693e-01  9.97843e-01
 1.84547e+03  9.99881e-01  9.97843e-01
 1.84549e+03  9.97934e-01  9.97843e-01
 1.84551e+03  1.00177e+00  9.97843e-01
 1.84554e+03  9.99683e-01  9.97843e-01
 1.84556e+03  1.00097e+00  9.97843e-01
 1.84558e+03  9.99340e-01  9.97843e-01
 1.84560e+03  1.00168e+00  9.97843e-01
 1.84562e+03  9.98851e-01  9.97843e-01
 1.84564e+03  1.00008e+00  9.97843e-01
 1.84566e+03  9.99376e-01  9.97843e-01
 1.84568e+03  9.99846e-01  9.97843e-01
 1.84570e+03  9.99436e-01  9.97843e-01
 1.84572e+03  1.00136e+00  9.97843e-01
 1.84574e+03  1.00042e+00  9.97843e-01
 1.84576e+03  1.00050e+00  9.97843e-01
 1.84579e+03  1.00081e+00  9.97843e-01
 1.84581e+03  1.00131e+00  9.97843e-01
 1.84583e+03  1.00079e+00  9.97843e-01
 1.84585e+03  1.00123e+00  9.97843e-01
 1.84587e+03  1.00041e+00  9.97843e-01
 1.84589e+03  1.00087e+00  9.97843e-01
 1.84591e+03  9.99372e-01  9.97843e-01
 1.84593e+03  1.00190e+00  9.97843e-01
 1.84595e+03  9.98309e-01  9.97843e-01
 1.84597e+03  9.99791e-01  9.97843e-01
 1.84599e+03  9.99200e-01  9.97843e-01
 1.84601e+03  1.00098e+00  9.97843e-01
 1.84604e+03  9.99467e-01  9.97843e-01
 1.84606e+03  1.00200e+00  9.97843e-01
 1.84608e+03  1.00258e+00  9.97843e-01
 1.84610e+03  1.00417e+00  9.97843e-01
 1.84612e+03  1.00490e+00  9.97843e-01
 1.84614e+03  1.00622e+00  9.97843e-01
 1.84616e+03  1.00774e+00  9.97843e-01
 1.84618e+03  1.00831e+00  9.97843e-01
 1.84620e+03  1.00931e+00  9.97843e-01
 1.84622e+03  1.00849e+00  9.97843e-01
 1.84624e+03  1.00867e+00  9.97843e-01
 1.84626e+03  1.00713e+00  9.97843e-01
 1.84629e+03  1.00727e+00  9.97843e-01
 1.84631e+03  1.00499e+00  9.97843e-01
 1.84635e+03  1.00196e+00  9.97843e-01
 1.84637e+03  1.00050e+00  9.97843e-01
 1.84639e+03  9.98615e-01  9.97843e-01
 1.84641e+03  9.94073e-01  9.97843e-01
 1.84643e+03  9.41946e-01  9.97843e-01
 1.84645e+03  8.70174e-01  9.97843e-01
 1.84647e+03  8.31075e-01  9.97843e-01
 1.84649e+03  8.56159e-01  9.97843e-01
 1.84651e+03  9.26931e-01  9.97843e-01
 1.84654e+03  9.85568e-01  9.97843e-01
 1.84656e+03  9.98658e-01  9.97843e-01
 1.84658e+03  9.96444e-01  9.97843e-01
 1.84660e+03  9.99361e-01  9.97843e-01
 1.84662e+03  9.97887e-01  9.97843e-01
 1.84664e+03  1.00168e+00  9.97843e-01
 1.84666e+03  9.99037e-01  9.97843e-01
 1.84668e+03  1.00356e+00  9.97843e-01
 1.84670e+03  1.00204e+00  9.97843e-01
 1.84672e+03  1.00286e+00  9.97843e-01
 1.84674e+03  1.00304e+00  9.97843e-01
 1.84676e+03  1.00202e+00  9.97843e-01
 1.84679e+03  1.00164e+00  9.97843e-01
 1.84681e+03  9.99829e-01  9.97843e-01
 1.84683e+03  1.00179e+00  9.97843e-01
 1.84685e+03  1.00047e+00  9.97843e-01
 1.84687e+03  1.00109e+00  9.97843e-01
 1.84689e+03  1.00013e+00  9.97843e-01
 1.84691e+03  9.99190e-01  9.97843e-01
 1.84693e+03  1.00089e+00  9.97843e-01
 1.84695e+03  1.00017e+00  9.97843e-01
 1.84697e+03  1.00324e+00  9.97843e-01
 1.84699e+03  1.00066e+00  9.97843e-01
 1.84701e+03  1.00321e+00  9.97843e-01
 1.84704e+03  1.00103e+00  9.97843e-01
 1.84706e+03  1.00228e+00  9.97843e-01
 1.84708e+03  1.00052e+00  9.97843e-01
 1.84710e+03  1.00097e+00  9.97843e-01
 1.84712e+03  1.00007e+00  9.97843e-01
 1.84714e+03  1.00036e+00  9.97843e-01
 1.84716e+03  9.99578e-01  9.97843e-01
 1.84718e+03  9.99816e-01  9.97843e-01
 1.84720e+03  9.98880e-01  9.97843e-01
 1.84722e+03  1.00104e+00  9.97843e-01
 1.84724e+03  9.98978e-01  9.97843e-01
 1.84726e+03  1.00054e+00  9.97843e-01
 1.84729e+03  1.00132e+00  9.97843e-01
 1.84731e+03  1.00042e+00  9.97843e-01
 1.84733e+03  1.00128e+00  9.97843e-01
 1.84735e+03  1.00055e+00  9.97843e-01
 1.84737e+03  1.00227e+00  9.97843e-01
 1.84739e+03  9.98936e-01  9.97843e-01
 1.84741e+03  1.00038e+00  9.97843e-01
 1.84743e+03  9.98566e-01  9.97843e-01
 1.84745e+03  9.99078e-01  9.97843e-01
 1.84747e+03  9.98526e-01  9.97843e-01
 1.84749e+03  9.98413e-01  9.97843e-01
 1.84751e+03  9.98848e-01  9.97843e-01
 1.84754e+03  9.99461e-01  9.97843e-01
 1.84756e+03  1.00101e+00  9.97843e-01
 1.84758e+03  9.99133e-01  9.97843e-01
 1.84760e+03  9.98581e-01  9.97843e-01
 1.84762e+03  9.98380e-01  9.97843e-01
 1.84764e+03  9.98081e-01  9.97843e-01
 1.84766e+03  9.96968e-01  9.97843e-01
 1.84768e+03  9.98493e-01  9.97843e-01
 1.84770e+03  9.98849e-01  9.97843e-01
 1.84772e+03  9.96797e-01  9.97843e-01
 1.84774e+03  9.98674e-01  9.97843e-01
 1.84776e+03  9.98663e-01  9.97843e-01
 1.84781e+03  1.00001e+00  9.97843e-01
 1.84785e+03  9.99158e-01  9.97843e-01
 1.84787e+03  9.95736e-01  9.97843e-01
 1.84795e+03  9.99585e-01  9.97843e-01
 1.84797e+03  9.97414e-01  9.97843e-01
 1.84799e+03  9.98667e-01  9.97843e-01
 1.84801e+03  9.99793e-01  9.97843e-01
 1.84804e+03  1.00002e+00  9.97843e-01
 1.84806e+03  1.00023e+00  9.97843e-01
 1.84808e+03  1.00104e+00  9.97843e-01
 1.84810e+03  1.00232e+00  9.97843e-01
 1.84812e+03  1.00078e+00  9.97843e-01
 1.84814e+03  1.00416e+00  9.97843e-01
 1.84816e+03  1.00172e+00  9.97843e-01
 1.84818e+03  1.00337e+00  9.97843e-01
 1.84820e+03  1.00145e+00  9.97843e-01
 1.84822e+03  1.00337e+00  9.97843e-01
 1.84824e+03  1.00134e+00  9.97843e-01
 1.84826e+03  1.00325e+00  9.97843e-01
 1.84829e+03  1.00115e+00  9.97843e-01
 1.84831e+03  1.00028e+00  9.97843e-01
 1.84833e+03  1.00117e+00  9.97843e-01
 1.84835e+03  1.00249e+00  9.97843e-01
 1.84837e+03  1.00103e+00  9.97843e-01
 1.84839e+03  1.00185e+00  9.97843e-01
 1.84843e+03  1.00067e+00  9.97843e-01
 1.84845e+03  1.00149e+00  9.97843e-01
 1.84847e+03  1.00151e+00  9.97843e-01
 1.84849e+03  1.00123e+00  9.97843e-01
 1.84851e+03  1.00075e+00  9.97843e-01
 1.84854e+03  1.00106e+00  9.97843e-01
 1.84856e+03  9.99456e-01  9.97843e-01
 1.84860e+03  9.99510e-01  9.97843e-01
 1.84862e+03  1.00036e+00  9.97843e-01
 1.84864e+03  1.00072e+00  9.97843e-01
 1.84866e+03  1.00060e+00  9.97843e-01
 1.84868e+03  1.00185e+00  9.97843e-01
 1.84870e+03  9.99755e-01  9.97843e-01
 1.84872e+03  1.00308e+00  9.97843e-01
 1.84874e+03  1.00030e+00  9.97843e-01
 1.84876e+03  1.00402e+00  9.97843e-01
 1.84879e+03  1.00159e+00  9.97843e-01
 1.84881e+03  1.00266e+00  9.97843e-01
 1.84883e+03  1.00208e+00  9.97843e-01
 1.84885e+03  1.00306e+00  9.97843e-01
 1.84887e+03  1.00307e+00  9.97843e-01
 1.84889e+03  1.00091e+00  9.97843e-01
 1.84891e+03  1.00304e+00  9.97843e-01
 1.84893e+03  1.00078e+00  9.97843e-01
 1.84895e+03  1.00151e+00  9.97843e-01
 1.84897e+03  1.00026e+00  9.97843e-01
 1.84899e+03  1.00080e+00  9.97843e-01
 1.84901e+03  9.99202e-01  9.97843e-01
 1.84904e+03  1.00028e+00  9.97843e-01
 1.84906e+03  9.98847e-01  9.97843e-01
 1.84908e+03  9.99749e-01  9.97843e-01
 1.84910e+03  9.98919e-01  9.97843e-01
 1.84912e+03  1.00083e+00  9.97843e-01
 1.84914e+03  1.00124e+00  9.97843e-01
 1.84916e+03  9.99998e-01  9.97843e-01
 1.84918e+03  1.00218e+00  9.97843e-01
 1.84920e+03  1.00071e+00  9.97843e-01
 1.84922e+03  1.00246e+00  9.97843e-01
 1.84924e+03  1.00070e+00  9.97844e-01
 1.84926e+03  1.00128e+00  9.97844e-01
 1.84929e+03  1.00080e+00  9.97844e-01
 1.84931e+03  1.00072e+00  9.97844e-01
 1.84933e+03  1.00146e+00  9.97844e-01
 1.84935e+03  9.99854e-01  9.97844e-01
 1.84937e+03  1.00080e+00  9.97844e-01
 1.84939e+03  1.00015e+00  9.97844e-01
 1.84941e+03  1.00084e+00  9.97844e-01
 1.84943e+03  1.00007e+00  9.97844e-01
 1.84945e+03  1.00027e+00  9.97844e-01
 1.84947e+03  1.00086e+00  9.97844e-01
 1.84949e+03  9.99580e-01  9.97844e-01
 1.84951e+03  1.00103e+00  9.97844e-01
 1.84954e+03  9.99136e-01  9.97844e-01
 1.84956e+03  1.00046e+00  9.97844e-01
 1.84958e+03  9.97871e-01  9.97844e-01
 1.84960e+03  9.97950e-01  9.97844e-01
 1.84962e+03  9.98524e-01  9.97844e-01
 1.84964e+03  9.98838e-01  9.97844e-01
 1.84966e+03  9.99443e-01  9.97844e-01
 1.84968e+03  9.98014e-01  9.97844e-01
 1.84970e+03  9.99224e-01  9.97844e-01
 1.84972e+03  9.99401e-01  9.97844e-01
 1.84974e+03  1.00112e+00  9.97844e-01
 1.84979e+03  1.00083e+00  9.97844e-01
 1.84981e+03  1.00089e+00  9.97844e-01
 1.84983e+03  1.00177e+00  9.97844e-01
 1.84985e+03  1.00315e+00  9.97844e-01
 1.84987e+03  9.98691e-01  9.97844e-01
 1.84989e+03  1.00075e+00  9.97844e-01
 1.84991e+03  9.98802e-01  9.97844e-01
 1.84993e+03  9.99275e-01  9.97844e-01
 1.84995e+03  9.99471e-01  9.97844e-01
 1.84997e+03  1.00094e+00  9.97844e-01
 1.84999e+03  9.98731e-01  9.97844e-01
 1.85001e+03  9.98491e-01  9.97844e-01
 1.85012e+03  9.99607e-01  9.97844e-01
 1.85020e+03  9.97901e-01  9.97844e-01
 1.85026e+03  9.96839e-01  9.97844e-01
 1.85035e+03  9.99572e-01  9.97844e-01
 1.85037e+03  9.98437e-01  9.97844e-01
 1.85039e+03  9.99921e-01  9.97844e-01
 1.85041e+03  1.00068e+00  9.97844e-01
 1.85045e+03  9.98351e-01  9.97844e-01
 1.85047e+03  1.00075e+00  9.97844e-01
 1.85049e+03  9.99484e-01  9.97844e-01
 1.85051e+03  1.00059e+00  9.97844e-01
 1.85056e+03  1.00266e+00  9.97844e-01
 1.85058e+03  1.00453e+00  9.97844e-01
 1.85060e+03  1.00396e+00  9.97844e-01
 1.85062e+03  1.00733e+00  9.97844e-01
 1.85064e+03  1.00603e+00  9.97844e-01
 1.85066e+03  1.00820e+00  9.97844e-01
 1.85068e+03  1.00729e+00  9.97844e-01
 1.85070e+03  1.00786e+00  9.97844e-01
 1.85072e+03  1.00786e+00  9.97844e-01
 1.85074e+03  1.00535e+00  9.97844e-01
 1.85076e+03  1.00603e+00  9.97844e-01
 1.85079e+03  1.00451e+00  9.97844e-01
 1.85081e+03  1.00472e+00  9.97844e-01
 1.85083e+03  1.00116e+00  9.97844e-01
 1.85085e+03  1.00092e+00  9.97844e-01
 1.85087e+03  9.98283e-01  9.97844e-01
 1.85091e+03  9.97020e-01  9.97844e-01
 1.85093e+03  9.65672e-01  9.97844e-01
 1.85095e+03  8.92859e-01  9.97844e-01
 1.85097e+03  8.38773e-01  9.97844e-01
 1.85099e+03  8.38856e-01  9.97844e-01
 1.85101e+03  9.00677e-01  9.97844e-01
 1.85104e+03  9.69194e-01  9.97844e-01
 1.85106e+03  9.96400e-01  9.97844e-01
 1.85108e+03  9.95335e-01  9.97844e-01
 1.85110e+03  9.96735e-01  9.97844e-01
 1.85112e+03  9.97743e-01  9.97844e-01
 1.85114e+03  9.96994e-01  9.97844e-01
 1.85116e+03  9.99619e-01  9.97844e-01
 1.85118e+03  9.98851e-01  9.97844e-01
 1.85120e+03  1.00043e+00  9.97844e-01
 1.85122e+03  1.00078e+00  9.97844e-01
 1.85124e+03  1.00242e+00  9.97844e-01
 1.85126e+03  1.00070e+00  9.97844e-01
 1.85129e+03  1.00146e+00  9.97844e-01
 1.85131e+03  1.00076e+00  9.97844e-01
 1.85133e+03  1.00117e+00  9.97844e-01
 1.85135e+03  1.00155e+00  9.97844e-01
 1.85137e+03  9.99352e-01  9.97844e-01
 1.85139e+03  1.00087e+00  9.97844e-01
 1.85141e+03  9.99593e-01  9.97844e-01
 1.85143e+03  1.00109e+00  9.97844e-01
 1.85145e+03  9.99964e-01  9.97844e-01
 1.85147e+03  1.00040e+00  9.97844e-01
 1.85149e+03  1.00006e+00  9.97844e-01
 1.85151e+03  1.00208e+00  9.97844e-01
 1.85154e+03  1.00029e+00  9.97844e-01
 1.85156e+03  1.00188e+00  9.97844e-01
 1.85158e+03  9.99924e-01  9.97844e-01
 1.85160e+03  1.00083e+00  9.97844e-01
 1.85162e+03  1.00124e+00  9.97844e-01
 1.85164e+03  1.00029e+00  9.97844e-01
 1.85166e+03  1.00076e+00  9.97844e-01
 1.85168e+03  1.00036e+00  9.97844e-01
 1.85170e+03  1.00097e+00  9.97844e-01
 1.85172e+03  1.00053e+00  9.97844e-01
 1.85174e+03  1.00058e+00  9.97844e-01
 1.85176e+03  1.00121e+00  9.97844e-01
 1.85179e+03  1.00065e+00  9.97844e-01
 1.85181e+03  1.00068e+00  9.97844e-01
 1.85183e+03  1.00173e+00  9.97844e-01
 1.85185e+03  9.99832e-01  9.97844e-01
 1.85187e+03  1.00180e+00  9.97844e-01
 1.85189e+03  9.99155e-01  9.97844e-01
 1.85191e+03  1.00107e+00  9.97844e-01
 1.85193e+03  9.97809e-01  9.97844e-01
 1.85195e+03  9.99079e-01  9.97844e-01
 1.85197e+03  9.99263e-01  9.97844e-01
 1.85199e+03  9.97444e-01  9.97844e-01
 1.85201e+03  1.00062e+00  9.97844e-01
 1.85204e+03  9.97181e-01  9.97844e-01
 1.85206e+03  1.00199e+00  9.97844e-01
 1.85208e+03  9.97768e-01  9.97844e-01
 1.85210e+03  1.00118e+00  9.97844e-01
 1.85212e+03  9.97951e-01  9.97844e-01
 1.85214e+03  9.98474e-01  9.97844e-01
 1.85216e+03  9.97987e-01  9.97844e-01
 1.85218e+03  9.97511e-01  9.97844e-01
 1.85220e+03  9.96896e-01  9.97844e-01
 1.85222e+03  9.97913e-01  9.97844e-01
 1.85224e+03  9.98629e-01  9.97844e-01
 1.85226e+03  9.98470e-01  9.97844e-01
 1.85229e+03  9.99812e-01  9.97845e-01
 1.85231e+03  1.00105e+00  9.97845e-01
 1.85233e+03  1.00113e+00  9.97845e-01
 1.85235e+03  1.00178e+00  9.97845e-01
 1.85237e+03  1.00205e+00  9.97845e-01
 1.85239e+03  1.00263e+00  9.97845e-01
 1.85241e+03  1.00177e+00  9.97845e-01
 1.85243e+03  1.00247e+00  9.97845e-01
 1.85245e+03  1.00022e+00  9.97845e-01
 1.85247e+03  1.00191e+00  9.97845e-01
 1.85249e+03  1.00057e+00  9.97845e-01
 1.85251e+03  1.00115e+00  9.97845e-01
 1.85254e+03  9.98987e-01  9.97845e-01
 1.85256e+03  1.00027e+00  9.97845e-01
 1.85258e+03  9.98964e-01  9.97845e-01
 1.85260e+03  1.00027e+00  9.97845e-01
 1.85262e+03  9.99160e-01  9.97845e-01
 1.85264e+03  9.99510e-01  9.97845e-01
 1.85266e+03  9.99649e-01  9.97845e-01
 1.85268e+03  1.00021e+00  9.97845e-01
 1.85270e+03  1.00017e+00  9.97845e-01
 1.85272e+03  1.00035e+00  9.97845e-01
 1.85274e+03  9.99397e-01  9.97845e-01
 1.85276e+03  9.99320e-01  9.97845e-01
 1.85279e+03  1.00028e+00  9.97845e-01
 1.85281e+03  9.98816e-01  9.97845e-01
 1.85283e+03  9.99082e-01  9.97845e-01
 1.85285e+03  9.98659e-01  9.97845e-01
 1.85287e+03  1.00000e+00  9.97845e-01
 1.85289e+03  9.99772e-01  9.97845e-01
 1.85291e+03  1.00035e+00  9.97845e-01
 1.85293e+03  1.00024e+00  9.97845e-01
 1.85295e+03  1.00190e+00  9.97845e-01
 1.85297e+03  9.99469e-01  9.97845e-01
 1.85299e+03  1.00163e+00  9.97845e-01
 1.85301e+03  9.99449e-01  9.97845e-01
 1.85304e+03  1.00075e+00  9.97845e-01
 1.85306e+03  9.99531e-01  9.97845e-01
 1.85308e+03  9.99005e-01  9.97845e-01
 1.85310e+03  1.00172e+00  9.97845e-01
 1.85312e+03  9.97967e-01  9.97845e-01
 1.85314e+03  1.00047e+00  9.97845e-01
 1.85316e+03  9.97827e-01  9.97845e-01
 1.85318e+03  1.00049e+00  9.97845e-01
 1.85320e+03  9.98181e-01  9.97845e-01
 1.85322e+03  9.99282e-01  9.97845e-01
 1.85324e+03  9.98623e-01  9.97845e-01
 1.85326e+03  9.97433e-01  9.97845e-01
 1.85329e+03  9.96488e-01  9.97845e-01
 1.85333e+03  1.00002e+00  9.97845e-01
 1.85335e+03  1.00109e+00  9.97845e-01
 1.85337e+03  1.00102e+00  9.97845e-01
 1.85339e+03  1.00214e+00  9.97845e-01
 1.85341e+03  1.00299e+00  9.97845e-01
 1.85343e+03  1.00244e+00  9.97844e-01
 1.85345e+03  1.00198e+00  9.97844e-01
 1.85347e+03  1.00156e+00  9.97844e-01
 1.85349e+03  1.00038e+00  9.97844e-01
 1.85351e+03  1.00089e+00  9.97844e-01
 1.85354e+03  9.99789e-01  9.97844e-01
 1.85356e+03  1.00087e+00  9.97844e-01
 1.85358e+03  9.99517e-01  9.97844e-01
 1.85360e+03  1.00070e+00  9.97844e-01
 1.85362e+03  9.99896e-01  9.97844e-01
 1.85364e+03  1.00059e+00  9.97844e-01
 1.85366e+03  9.99510e-01  9.97844e-01
 1.85368e+03  1.00211e+00  9.97844e-01
 1.85370e+03  9.99772e-01  9.97844e-01
 1.85372e+03  1.00149e+00  9.97844e-01
 1.85376e+03  1.00013e+00  9.97844e-01
 1.85379e+03  9.99417e-01  9.97844e-01
 1.85381e+03  9.99399e-01  9.97844e-01
 1.85385e+03  9.98447e-01  9.97844e-01
 1.85387e+03  1.00000e+00  9.97844e-01
 1.85389e+03  9.98667e-01  9.97844e-01
 1.85391e+03  9.98749e-01  9.97844e-01
 1.85393e+03  1.00036e+00  9.97844e-01
 1.85395e+03  9.98371e-01  9.97844e-01
 1.85399e+03  9.99967e-01  9.97844e-01
 1.85401e+03  9.99975e-01  9.97844e-01
 1.85404e+03  1.00028e+00  9.97844e-01
 1.85406e+03  1.00051e+00  9.97844e-01
 1.85408e+03  1.00026e+00  9.97844e-01
 1.85410e+03  9.99992e-01  9.97844e-01
 1.85412e+03  1.00091e+00  9.97844e-01
 1.85414e+03  1.00063e+00  9.97843e-01
 1.85416e+03  1.00043e+00  9.97843e-01
 1.85418e+03  1.00017e+00  9.97843e-01
 1.85420e+03  1.00095e+00  9.97843e-01
 1.85422e+03  1.00133e+00  9.97843e-01
 1.85424e+03  1.00164e+00  9.97843e-01
 1.85426e+03  1.00203e+00  9.97843e-01
 1.85429e+03  1.00210e+00  9.97843e-01
 1.85431e+03  1.00295e+00  9.97843e-01
 1.85433e+03  1.00194e+00  9.97843e-01
 1.85435e+03  1.00239e+00  9.97843e-01
 1.85437e+03  1.00140e+00  9.97843e-01
 1.85439e+03  1.00163e+00  9.97842e-01
 1.85441e+03  1.00035e+00  9.97842e-01
 1.85445e+03  1.00159e+00  9.97842e-01
 1.85447e+03  9.99689e-01  9.97842e-01
 1.85449e+03  1.00213e+00  9.97842e-01
 1.85451e+03  1.00090e+00  9.97842e-01
 1.85454e+03  1.00081e+00  9.97841e-01
 1.85456e+03  1.00183e+00  9.97841e-01
 1.85458e+03  1.00193e+00  9.97841e-01
 1.85460e+03  1.00141e+00  9.97841e-01
 1.85462e+03  9.99731e-01  9.97841e-01
 1.85464e+03  1.00036e+00  9.97841e-01
 1.85466e+03  9.98805e-01  9.97840e-01
 1.85468e+03  1.00016e+00  9.97840e-01
 1.85470e+03  9.99219e-01  9.97840e-01
 1.85472e+03  9.99704e-01  9.97840e-01
 1.85474e+03  9.99641e-01  9.97839e-01
 1.85476e+03  1.00009e+00  9.97839e-01
 1.85479e+03  9.99991e-01  9.97839e-01
 1.85481e+03  1.00097e+00  9.97838e-01
 1.85483e+03  9.99404e-01  9.97838e-01
 1.85485e+03  9.99500e-01  9.97838e-01
 1.85649e+03  9.91737e-01  9.97717e-01
 1.85651e+03  9.94440e-01  9.97731e-01
 1.85654e+03  9.94045e-01  9.97743e-01
 1.85656e+03  9.96643e-01  9.97753e-01
 1.85660e+03  9.95736e-01  9.97770e-01
 1.85664e+03  9.95938e-01  9.97782e-01
 1.85670e+03  9.95712e-01  9.97795e-01
 1.85676e+03  9.96467e-01  9.97804e-01
 1.85679e+03  9.94401e-01  9.97807e-01
 1.85683e+03  9.95986e-01  9.97811e-01
 1.85685e+03  9.96988e-01  9.97813e-01
 1.85687e+03  9.98326e-01  9.97815e-01
 1.85689e+03  9.98129e-01  9.97816e-01
 1.85691e+03  9.97196e-01  9.97818e-01
 1.85693e+03  9.98972e-01  9.97819e-01
 1.85695e+03  9.98253e-01  9.97820e-01
 1.85699e+03  9.98691e-01  9.97823e-01
 1.85701e+03  1.00117e+00  9.97823e-01
 1.85706e+03  1.00045e+00  9.97825e-01
 1.85708e+03  1.00019e+00  9.97826e-01
 1.85714e+03  9.99023e-01  9.97828e-01
 1.85720e+03  1.00060e+00  9.97830e-01
 1.85724e+03  1.00012e+00  9.97831e-01
 1.85729e+03  9.99409e-01  9.97831e-01
 1.85735e+03  1.00081e+00  9.97832e-01
 1.85739e+03  1.00052e+00  9.97833e-01
 1.85741e+03  9.99639e-01  9.97833e-01
 1.85745e+03  1.00125e+00  9.97834e-01
 1.85747e+03  1.00138e+00  9.97834e-01
 1.85749e+03  1.00109e+00  9.97834e-01
 1.85756e+03  1.00017e+00  9.97835e-01
 1.85758e+03  9.98284e-01  9.97835e-01
 1.85760e+03  1.00202e+00  9.97835e-01
 1.85762e+03  9.99079e-01  9.97836e-01
 1.85764e+03  1.00197e+00  9.97836e-01
 1.85766e+03  1.00080e+00  9.97836e-01
 1.85768e+03  1.00160e+00  9.97836e-01
 1.85770e+03  1.00236e+00  9.97836e-01
 1.85772e+03  1.00056e+00  9.97836e-01
 1.85774e+03  1.00252e+00  9.97836e-01
 1.85776e+03  9.99688e-01  9.97837e-01
 1.85779e+03  1.00283e+00  9.97837e-01
 1.85781e+03  1.00169e+00  9.97837e-01
 1.85783e+03  1.00088e+00  9.97837e-01
 1.85785e+03  1.00075e+00  9.97837e-01
 1.85787e+03  1.00011e+00  9.97837e-01
 1.85789e+03  1.00098e+00  9.97837e-01
 1.85793e+03  1.00283e+00  9.97837e-01
 1.85795e+03  9.99439e-01  9.97837e-01
 1.85797e+03  1.00164e+00  9.97838e-01
 1.85799e+03  1.00103e+00  9.97838e-01
 1.85801e+03  1.00008e+00  9.97838e-01
 1.85804e+03  9.99549e-01  9.97838e-01
 1.85806e+03  9.99803e-01  9.97838e-01
 1.85808e+03  9.99695e-01  9.97838e-01
 1.85810e+03  9.99409e-01  9.97838e-01
 1.85812e+03  9.99696e-01  9.97838e-01
 1.85816e+03  9.99488e-01  9.97838e-01
 1.85818e+03  9.99959e-01  9.97838e-01
 1.85820e+03  9.98887e-01  9.97838e-01
 1.85822e+03  1.00074e+00  9.97838e-01
 1.85824e+03  9.98605e-01  9.97838e-01
 1.85826e+03  9.98792e-01  9.97839e-01
 1.85829e+03  9.99048e-01  9.97839e-01
 1.85831e+03  9.99055e-01  9.97839e-01
 1.85833e+03  9.98837e-01  9.97839e-01
 1.85835e+03  9.99061e-01  9.97839e-01
 1.85837e+03  9.99791e-01  9.97839e-01
 1.85839e+03  9.98359e-01  9.97839e-01
 1.85841e+03  1.00068e+00  9.97839e-01
 1.85843e+03  9.99681e-01  9.97839e-01
 1.85845e+03  1.00067e+00  9.97839e-01
 1.85847e+03  1.00159e+00  9.97839e-01
 1.85849e+03  1.00254e+00  9.97839e-01
 1.85851e+03  1.00305e+00  9.97839e-01
 1.85854e+03  1.00079e+00  9.97839e-01
 1.85856e+03  1.00359e+00  9.97839e-01
 1.85860e+03  1.00112e+00  9.97839e-01
 1.85866e+03  9.98535e-01  9.97839e-01
 1.85868e+03  9.97891e-01  9.97839e-01
 1.85870e+03  9.98571e-01  9.97839e-01
 1.85872e+03  9.98610e-01  9.97839e-01
 1.85874e+03  9.96407e-01  9.97839e-01
 1.85876e+03  9.98499e-01  9.97839e-01
 1.85879e+03  9.98676e-01  9.97839e-01
 1.85881e+03  9.99809e-01  9.97840e-01
 1.85883e+03  9.98982e-01  9.97840e-01
 1.85885e+03  9.98410e-01  9.97840e-01
 1.85887e+03  9.99626e-01  9.97840e-01
 1.85889e+03  9.97744e-01  9.97840e-01
 1.85891e+03  9.98301e-01  9.97840e-01
 1.85893e+03  9.98433e-01  9.97840e-01
 1.85895e+03  9.97914e-01  9.97840e-01
 1.85897e+03  9.97797e-01  9.97840e-01
 1.85899e+03  9.98467e-01  9.97840e-01
 1.85901e+03  1.00013e+00  9.97840e-01
 1.85904e+03  1.00010e+00  9.97840e-01
 1.85908e+03  9.99894e-01  9.97840e-01
 1.85910e+03  1.00073e+00  9.97840e-01
 1.85912e+03  1.00001e+00  9.97840e-01
 1.85914e+03  9.99244e-01  9.97840e-01
 1.85916e+03  9.99011e-01  9.97840e-01
 1.85918e+03  9.99631e-01  9.97840e-01
 1.85920e+03  9.98777e-01  9.97840e-01
 1.85922e+03  9.98562e-01  9.97840e-01
 1.85924e+03  9.97765e-01  9.97840e-01
 1.85926e+03  9.98831e-01  9.97840e-01
 1.85929e+03  9.97853e-01  9.97840e-01
 1.85931e+03  9.99021e-01  9.97840e-01
 1.85933e+03  9.98081e-01  9.97840e-01
 1.85935e+03  9.99601e-01  9.97840e-01
 1.85937e+03  9.99567e-01  9.97840e-01
 1.85939e+03  9.99211e-01  9.97840e-01
 1.85945e+03  1.00110e+00  9.97840e-01
 1.85947e+03  1.00094e+00  9.97840e-01
 1.85949e+03  1.00163e+00  9.97840e-01
 1.85951e+03  1.00223e+00  9.97840e-01
 1.85954e+03  1.00343e+00  9.97840e-01
 1.85956e+03  1.00292e+00  9.97840e-01
 1.85958e+03  1.00431e+00  9.97840e-01
 1.85962e+03  1.00622e+00  9.97840e-01
 1.85964e+03  1.00644e+00  9.97840e-01
 1.85966e+03  1.00693e+00  9.97840e-01
 1.85968e+03  1.00829e+00  9.97840e-01
 1.85970e+03  1.00965e+00  9.97840e-01
 1.85972e+03  1.00735e+00  9.97840e-01
 1.85974e+03  1.00673e+00  9.97840e-01
 1.85981e+03  1.00401e+00  9.97840e-01
 1.85983e+03  1.00065e+00  9.97840e-01
 1.85985e+03  1.00187e+00  9.97840e-01
 1.85987e+03  9.98193e-01  9.97840e-01
 1.85989e+03  9.97852e-01  9.97840e-01
 1.85991e+03  9.97822e-01  9.97840e-01
 1.85993e+03  9.91571e-01  9.97840e-01
 1.85995e+03  9.44633e-01  9.97840e-01
 1.85997e+03  8.69711e-01  9.97840e-01
 1.86004e+03  9.24807e-01  9.97840e-01
 1.86008e+03  9.96749e-01  9.97840e-01
 1.86012e+03  9.98338e-01  9.97840e-01
 1.86014e+03  9.99328e-01  9.97840e-01
 1.86016e+03  1.00027e+00  9.97840e-01
 1.86018e+03  1.00304e+00  9.97840e-01
 1.86020e+03  1.00150e+00  9.97840e-01
 1.86022e+03  1.00314e+00  9.97840e-01
 1.86024e+03  1.00314e+00  9.97840e-01
 1.86026e+03  1.00415e+00  9.97841e-01
 1.86029e+03  1.00284e+00  9.97841e-01
 1.86031e+03  1.00225e+00  9.97841e-01
 1.86033e+03  1.00167e+00  9.97841e-01
 1.86035e+03  1.00191e+00  9.97841e-01
 1.86037e+03  1.00082e+00  9.97841e-01
 1.86041e+03  1.00052e+00  9.97841e-01
 1.86045e+03  1.00092e+00  9.97841e-01
 1.86047e+03  1.00087e+00  9.97841e-01
 1.86049e+03  1.00139e+00  9.97841e-01
 1.86051e+03  1.00116e+00  9.97841e-01
 1.86054e+03  1.00253e+00  9.97841e-01
 1.86056e+03  1.00323e+00  9.97841e-01
 1.86058e+03  1.00214e+00  9.97841e-01
 1.86060e+03  1.00311e+00  9.97841e-01
 1.86062e+03  1.00249e+00  9.97841e-01
 1.86064e+03  1.00209e+00  9.97841e-01
 1.86066e+03  1.00005e+00  9.97841e-01
 1.86068e+03  1.00250e+00  9.97841e-01
 1.86070e+03  9.99651e-01  9.97841e-01
 1.86072e+03  1.00098e+00  9.97841e-01
 1.86074e+03  9.98688e-01  9.97841e-01
 1.86076e+03  1.00082e+00  9.97841e-01
 1.86079e+03  1.00064e+00  9.97841e-01
 1.86081e+03  1.00096e+00  9.97841e-01
 1.86083e+03  1.00100e+00  9.97841e-01
 1.86085e+03  1.00066e+00  9.97841e-01
 1.86087e+03  1.00083e+00  9.97841e-01
 1.86089e+03  1.00047e+00  9.97841e-01
 1.86091e+03  9.99396e-01  9.97841e-01
 1.86093e+03  9.99947e-01  9.97841e-01
 1.86095e+03  1.00142e+00  9.97841e-01
 1.86097e+03  1.00063e+00  9.97841e-01
 1.86099e+03  1.00166e+00  9.97841e-01
 1.86101e+03  9.99687e-01  9.97841e-01
 1.86104e+03  1.00216e+00  9.97841e-01
 1.86106e+03  1.00107e+00  9.97841e-01
 1.86108e+03  1.00321e+00  9.97841e-01
 1.86110e+03  1.00000e+00  9.97841e-01
 1.86112e+03  1.00132e+00  9.97841e-01
 1.86114e+03  9.99765e-01  9.97841e-01
 1.86116e+03  1.00035e+00  9.97841e-01
 1.86118e+03  9.98581e-01  9.97841e-01
 1.86120e+03  9.99625e-01  9.97841e-01
 1.86122e+03  9.99553e-01  9.97841e-01
 1.86124e+03  9.99222e-01  9.97841e-01
 1.86126e+03  1.00004e+00  9.97841e-01
 1.86129e+03  9.99068e-01  9.97841e-01
 1.86131e+03  1.00047e+00  9.97841e-01
 1.86133e+03  9.99590e-01  9.97841e-01
 1.86135e+03  1.00082e+00  9.97841e-01
 1.86137e+03  1.00044e+00  9.97841e-01
 1.86139e+03  1.00327e+00  9.97841e-01
 1.86141e+03  9.99905e-01  9.97841e-01
 1.86143e+03  1.00100e+00  9.97841e-01
 1.86145e+03  1.00100e+00  9.97841e-01
 1.86147e+03  1.00069e+00  9.97841e-01
 1.86149e+03  1.00032e+00  9.97841e-01
 1.86151e+03  1.00041e+00  9.97841e-01
 1.86154e+03  9.99828e-01  9.97841e-01
 1.86156e+03  9.99038e-01  9.97841e-01
 1.86158e+03  1.00098e+00  9.97841e-01
 1.86160e+03  9.99933e-01  9.97841e-01
 1.86162e+03  1.00150e+00  9.97841e-01
 1.86164e+03  1.00044e+00  9.97841e-01
 1.86166e+03  1.00099e+00  9.97841e-01
 1.86168e+03  1.00076e+00  9.97841e-01
 1.86170e+03  1.00160e+00  9.97841e-01
 1.86172e+03  1.00044e+00  9.97841e-01
 1.86174e+03  1.00092e+00  9.97841e-01
 1.86176e+03  1.00139e+00  9.97841e-01
 1.86179e+03  9.98513e-01  9.97841e-01
 1.86181e+03  1.00168e+00  9.97841e-01
 1.86185e+03  1.00094e+00  9.97841e-01
 1.86187e+03  9.97303e-01  9.97841e-01
 1.86189e+03  1.00044e+00  9.97841e-01
 1.86191e+03  9.99318e-01  9.97841e-01
 1.86193e+03  1.00079e+00  9.97841e-01
 1.86197e+03  9.99752e-01  9.97841e-01
 1.86199e+03  1.00028e+00  9.97841e-01
 1.86201e+03  1.00112e+00  9.97841e-01
 1.86204e+03  1.00138e+00  9.97841e-01
 1.86206e+03  1.00181e+00  9.97841e-01
 1.86208e+03  1.00107e+00  9.97841e-01
 1.86210e+03  1.00066e+00  9.97841e-01
 1.86212e+03  1.00140e+00  9.97841e-01
 1.86214e+03  1.00054e+00  9.97841e-01
 1.86216e+03  1.00193e+00  9.97841e-01
 1.86218e+03  9.99127e-01  9.97841e-01
 1.86220e+03  1.00158e+00  9.97841e-01
 1.86224e+03  1.00065e+00  9.97841e-01
 1.86226e+03  9.97941e-01  9.97841e-01
 1.86229e+03  1.00061e+00  9.97841e-01
 1.86231e+03  9.98354e-01  9.97841e-01
 1.86233e+03  9.98589e-01  9.97841e-01
 1.86237e+03  9.98473e-01  9.97841e-01
 1.86239e+03  1.00042e+00  9.97841e-01
 1.86241e+03  9.96784e-01  9.97841e-01
 1.86245e+03  9.97944e-01  9.97841e-01
 1.86247e+03  1.00015e+00  9.97841e-01
 1.86249e+03  9.98424e-01  9.97841e-01
 1.86256e+03  9.96118e-01  9.97841e-01
 1.86262e+03  9.99625e-01  9.97841e-01
 1.86264e+03  9.98685e-01  9.97841e-01
 1.86266e+03  1.00045e+00  9.97841e-01
 1.86268e+03  1.00058e+00  9.97841e-01
 1.86270e+03  1.00020e+00  9.97841e-01
 1.86272e+03  1.00161e+00  9.97841e-01
 1.86274e+03  1.00171e+00  9.97841e-01
 1.86276e+03  1.00008e+00  9.97841e-01
 1.86279e+03  1.00096e+00  9.97841e-01
 1.86281e+03  9.99802e-01  9.97841e-01
 1.86283e+03  9.99930e-01  9.97841e-01
 1.86285e+03  9.99120e-01  9.97841e-01
 1.86287e+03  9.99701e-01  9.97841e-01
 1.86289e+03  9.97897e-01  9.97841e-01
 1.86291e+03  9.99144e-01  9.97841e-01
 1.86295e+03  9.98538e-01  9.97841e-01
 1.86297e+03  1.00054e+00  9.97841e-01
 1.86299e+03  9.98634e-01  9.97841e-01
 1.86304e+03  1.00041e+00  9.97841e-01
 1.86306e+03  1.00260e+00  9.97841e-01
 1.86308e+03  1.00028e+00  9.97841e-01
 1.86314e+03  9.99909e-01  9.97841e-01
 1.86316e+03  9.97597e-01  9.97841e-01
 1.86318e+03  9.99982e-01  9.97841e-01
 1.86320e+03  9.99920e-01  9.97841e-01
 1.86322e+03  1.00026e+00  9.97841e-01
 1.86324e+03  1.00067e+00  9.97841e-01
 1.86326e+03  9.99011e-01  9.97841e-01
 1.86329e+03  9.98361e-01  9.97841e-01
 1.86331e+03  9.99635e-01  9.97841e-01
 1.86333e+03  1.00105e+00  9.97841e-01
 1.86335e+03  9.98104e-01  9.97841e-01
 1.86337e+03  9.99402e-01  9.97841e-01
 1.86339e+03  9.98877e-01  9.97841e-01
 1.86341e+03  9.99077e-01  9.97841e-01
 1.86343e+03  9.99005e-01  9.97841e-01
 1.86345e+03  9.97663e-01  9.97841e-01
 1.86347e+03  9.97457e-01  9.97841e-01
 1.86349e+03  9.98140e-01  9.97841e-01
 1.86351e+03  1.00074e+00  9.97841e-01
 1.86354e+03  9.99177e-01  9.97841e-01
 1.86356e+03  1.00125e+00  9.97841e-01
 1.86358e+03  9.99433e-01  9.97841e-01
 1.86360e+03  1.00109e+00  9.97841e-01
 1.86362e+03  1.00029e+00  9.97841e-01
 1.86364e+03  9.97156e-01  9.97841e-01
 1.86366e+03  9.97707e-01  9.97841e-01
 1.86368e+03  9.99553e-01  9.97841e-01
 1.86370e+03  1.00029e+00  9.97841e-01
 1.86372e+03  9.99402e-01  9.97841e-01
 1.86374e+03  1.00010e+00  9.97841e-01
 1.86376e+03  1.00085e+00  9.97841e-01
 1.86379e+03  9.99806e-01  9.97841e-01
 1.86381e+03  1.00114e+00  9.97841e-01
 1.86383e+03  1.00330e+00  9.97841e-01
 1.86385e+03  9.97908e-01  9.97841e-01
 1.86387e+03  1.00231e+00  9.97841e-01
 1.86389e+03  9.98213e-01  9.97841e-01
 1.86391e+03  1.00092e+00  9.97841e-01
 1.86393e+03  1.00038e+00  9.97841e-01
 1.86395e+03  1.00098e+00  9.97841e-01
 1.86397e+03  1.00016e+00  9.97841e-01
 1.86399e+03  1.00028e+00  9.97841e-01
 1.86401e+03  1.00126e+00  9.97841e-01
 1.86404e+03  1.00072e+00  9.97841e-01
 1.86406e+03  1.00026e+00  9.97841e-01
 1.86408e+03  1.00069e+00  9.97841e-01
 1.86410e+03  1.00284e+00  9.97841e-01
 1.86412e+03  1.00307e+00  9.97841e-01
 1.86414e+03  1.00787e+00  9.97841e-01
 1.86416e+03  1.00685e+00  9.97841e-01
 1.86418e+03  1.00627e+00  9.97841e-01
 1.86420e+03  1.00930e+00  9.97841e-01
 1.86422e+03  1.00873e+00  9.97841e-01
 1.86424e+03  1.00655e+00  9.97841e-01
 1.86426e+03  1.00528e+00  9.97841e-01
 1.86429e+03  1.00572e+00  9.97841e-01
 1.86431e+03  1.00266e+00  9.97841e-01
 1.86433e+03  1.00592e+00  9.97841e-01
 1.86435e+03  1.00325e+00  9.97841e-01
 1.86437e+03  9.98152e-01  9.97841e-01
 1.86439e+03  1.00161e+00  9.97841e-01
 1.86441e+03  9.95329e-01  9.97841e-01
 1.86443e+03  9.95778e-01  9.97841e-01
 1.86445e+03  9.68345e-01  9.97841e-01
 1.86447e+03  8.94654e-01  9.97841e-01
 1.86449e+03  8.39343e-01  9.97841e-01
 1.86451e+03  8.40809e-01  9.97841e-01
 1.86454e+03  9.01215e-01  9.97841e-01
 1.86456e+03  9.70925e-01  9.97841e-01
 1.86458e+03  9.97210e-01  9.97841e-01
 1.86460e+03  9.99012e-01  9.97841e-01
 1.86462e+03  9.97737e-01  9.97841e-01
 1.86468e+03  1.00278e+00  9.97841e-01
 1.86470e+03  1.00002e+00  9.97841e-01
 1.86472e+03  1.00412e+00  9.97841e-01
 1.86474e+03  1.00093e+00  9.97841e-01
 1.86476e+03  1.00272e+00  9.97841e-01
 1.86479e+03  1.00105e+00  9.97841e-01
 1.86481e+03  9.99948e-01  9.97841e-01
 1.86483e+03  1.00133e+00  9.97841e-01
 1.86485e+03  9.98315e-01  9.97841e-01
 1.86487e+03  1.00071e+00  9.97841e-01
 1.86489e+03  9.98634e-01  9.97841e-01
 1.86491e+03  1.00023e+00  9.97841e-01
 1.86493e+03  9.97523e-01  9.97841e-01
 1.86495e+03  1.00242e+00  9.97841e-01
 1.86497e+03  9.99748e-01  9.97841e-01
 1.86499e+03  1.00050e+00  9.97841e-01
 1.86501e+03  1.00013e+00  9.97841e-01
 1.86504e+03  9.99123e-01  9.97841e-01
 1.86506e+03  1.00045e+00  9.97841e-01
 1.86508e+03  1.00004e+00  9.97841e-01
 1.86510e+03  1.00043e+00  9.97841e-01
 1.86512e+03  9.99687e-01  9.97841e-01
 1.86514e+03  1.00156e+00  9.97841e-01
 1.86516e+03  9.99423e-01  9.97841e-01
 1.86518e+03  1.00040e+00  9.97841e-01
 1.86520e+03  9.99634e-01  9.97841e-01
 1.86522e+03  1.00004e+00  9.97841e-01
 1.86524e+03  9.99188e-01  9.97841e-01
 1.86526e+03  1.00035e+00  9.97841e-01
 1.86529e+03  1.00054e+00  9.97842e-01
 1.86531e+03  1.00005e+00  9.97842e-01
 1.86533e+03  1.00007e+00  9.97842e-01
 1.86535e+03  9.99112e-01  9.97842e-01
 1.86537e+03  1.00044e+00  9.97842e-01
 1.86539e+03  9.98710e-01  9.97842e-01
 1.86541e+03  1.00040e+00  9.97842e-01
 1.86543e+03  9.98309e-01  9.97842e-01
 1.86545e+03  9.98513e-01  9.97842e-01
 1.86547e+03  9.97069e-01  9.97842e-01
 1.86551e+03  9.98232e-01  9.97842e-01
 1.86554e+03  9.99383e-01  9.97842e-01
 1.86556e+03  1.00002e+00  9.97842e-01
 1.86558e+03  1.00020e+00  9.97842e-01
 1.86560e+03  1.00089e+00  9.97842e-01
 1.86562e+03  1.00139e+00  9.97842e-01
 1.86564e+03  1.00181e+00  9.97842e-01
 1.86566e+03  1.00074e+00  9.97842e-01
 1.86568e+03  1.00191e+00  9.97842e-01
 1.86570e+03  9.99895e-01  9.97842e-01
 1.86572e+03  1.00118e+00  9.97842e-01
 1.86574e+03  9.99795e-01  9.97842e-01
 1.86576e+03  1.00138e+00  9.97842e-01
 1.86579e+03  9.99277e-01  9.97842e-01
 1.86581e+03  1.00134e+00  9.97842e-01
 1.86583e+03  9.99200e-01  9.97842e-01
 1.86585e+03  9.99738e-01  9.97842e-01
 1.86587e+03  1.00066e+00  9.97842e-01
 1.86589e+03  9.98756e-01  9.97842e-01
 1.86591e+03  9.99258e-01  9.97842e-01
 1.86593e+03  9.98713e-01  9.97842e-01
 1.86595e+03  9.98506e-01  9.97842e-01
 1.86597e+03  9.98641e-01  9.97842e-01
 1.86599e+03  9.97901e-01  9.97842e-01
 1.86601e+03  9.98690e-01  9.97842e-01
 1.86604e+03  9.98264e-01  9.97842e-01
 1.86606e+03  9.98374e-01  9.97842e-01
 1.86608e+03  9.98636e-01  9.97842e-01
 1.86610e+03  9.98617e-01  9.97842e-01
 1.86612e+03  9.99847e-01  9.97842e-01
 1.86614e+03  9.99543e-01  9.97842e-01
 1.86616e+03  9.99035e-01  9.97842e-01
 1.86618e+03  1.00033e+00  9.97842e-01
 1.86620e+03  1.00002e+00  9.97842e-01
 1.86622e+03  1.00037e+00  9.97842e-01
 1.86624e+03  9.99570e-01  9.97842e-01
 1.86626e+03  1.00283e+00  9.97842e-01
 1.86629e+03  9.99851e-01  9.97842e-01
 1.86631e+03  1.00118e+00  9.97842e-01
 1.86633e+03  9.99130e-01  9.97842e-01
 1.86635e+03  1.00098e+00  9.97842e-01
 1.86637e+03  9.99205e-01  9.97842e-01
 1.86639e+03  1.00171e+00  9.97842e-01
 1.86641e+03  1.00038e+00  9.97842e-01
 1.86643e+03  1.00022e+00  9.97842e-01
 1.86645e+03  1.00022e+00  9.97842e-01
 1.86647e+03  9.99253e-01  9.97842e-01
 1.86649e+03  1.00182e+00  9.97842e-01
 1.86651e+03  9.99339e-01  9.97842e-01
 1.86654e+03  1.00044e+00  9.97842e-01
 1.86656e+03  9.98392e-01  9.97842e-01
 1.86658e+03  9.99763e-01  9.97842e-01
 1.86660e+03  9.99698e-01  9.97842e-01
 1.86662e+03  1.00019e+00  9.97842e-01
 1.86664e+03  9.98919e-01  9.97842e-01
 1.86666e+03  1.00093e+00  9.97842e-01
 1.86668e+03  9.99763e-01  9.97842e-01
 1.86670e+03  1.00190e+00  9.97842e-01
 1.86672e+03  9.99917e-01  9.97842e-01
 1.86674e+03  1.00232e+00  9.97842e-01
 1.86676e+03  1.00068e+00  9.97842e-01
 1.86679e+03  1.00043e+00  9.97842e-01
 1.86681e+03  1.00150e+00  9.97842e-01
 1.86683e+03  9.99151e-01  9.97842e-01
 1.86685e+03  1.00225e+00  9.97842e-01
 1.86687e+03  9.99357e-01  9.97842e-01
 1.86689e+03  1.00123e+00  9.97842e-01
 1.86691e+03  1.00038e+00  9.97842e-01
 1.86693e+03  1.00089e+00  9.97842e-01
 1.86695e+03  1.00033e+00  9.97842e-01
 1.86697e+03  1.00055e+00  9.97842e-01
 1.86699e+03  1.00096e+00  9.97842e-01
 1.86701e+03  9.99605e-01  9.97842e-01
 1.86704e+03  1.00228e+00  9.97842e-01
 1.86706e+03  9.98762e-01  9.97842e-01
 1.86708e+03  1.00209e+00  9.97842e-01
 1.86710e+03  9.99190e-01  9.97842e-01
 1.86712e+03  1.00300e+00  9.97842e-01
 1.86714e+03  1.00156e+00  9.97842e-01
 1.86716e+03  1.00158e+00  9.97842e-01
 1.86718e+03  1.00104e+00  9.97842e-01
 1.86720e+03  1.00214e+00  9.97842e-01
 1.86722e+03  1.00217e+00  9.97842e-01
 1.86724e+03  1.00112e+00  9.97842e-01
 1.86726e+03  1.00398e+00  9.97842e-01
 1.86729e+03  1.00001e+00  9.97842e-01
 1.86731e+03  1.00295e+00  9.97842e-01
 1.86733e+03  9.99959e-01  9.97842e-01
 1.86735e+03  1.00183e+00  9.97842e-01
 1.86737e+03  1.00027e+00  9.97842e-01
 1.86739e+03  1.00170e+00  9.97842e-01
 1.86741e+03  1.00054e+00  9.97842e-01
 1.86743e+03  9.99888e-01  9.97842e-01
 1.86747e+03  9.98701e-01  9.97842e-01
 1.86751e+03  9.99584e-01  9.97842e-01
 1.86754e+03  9.99451e-01  9.97842e-01
 1.86756e+03  9.99307e-01  9.97842e-01
 1.86758e+03  1.00075e+00  9.97842e-01
 1.86760e+03  9.98905e-01  9.97842e-01
 1.86762e+03  1.00025e+00  9.97842e-01
 1.86770e+03  9.99003e-01  9.97842e-01
 1.86772e+03  9.98715e-01  9.97842e-01
 1.86774e+03  1.00010e+00  9.97842e-01
 1.86776e+03  1.00004e+00  9.97842e-01
 1.86779e+03  1.00138e+00  9.97842e-01
 1.86781e+03  9.99925e-01  9.97842e-01
 1.86785e+03  1.00148e+00  9.97842e-01
 1.86787e+03  9.99665e-01  9.97842e-01
 1.86791e+03  9.98416e-01  9.97842e-01
 1.86795e+03  9.97170e-01  9.97842e-01
 1.86797e+03  9.99120e-01  9.97842e-01
 1.86804e+03  9.99178e-01  9.97842e-01
 1.86806e+03  9.99179e-01  9.97842e-01
 1.86808e+03  1.00070e+00  9.97842e-01
 1.86810e+03  1.00132e+00  9.97842e-01
 1.86812e+03  1.00230e+00  9.97842e-01
 1.86816e+03  1.00219e+00  9.97842e-01
 1.86818e+03  9.99227e-01  9.97842e-01
 1.86820e+03  1.00238e+00  9.97842e-01
 1.86822e+03  1.00094e+00  9.97842e-01
 1.86829e+03  1.00068e+00  9.97842e-01
 1.86831e+03  9.99452e-01  9.97842e-01
 1.86837e+03  1.00068e+00  9.97842e-01
 1.86839e+03  9.98684e-01  9.97842e-01
 1.86841e+03  9.99525e-01  9.97842e-01
 1.86843e+03  9.98968e-01  9.97842e-01
 1.86845e+03  9.97958e-01  9.97842e-01
 1.86849e+03  9.97912e-01  9.97842e-01
 1.86851e+03  1.00059e+00  9.97842e-01
 1.86854e+03  9.96291e-01  9.97842e-01
 1.86856e+03  9.99570e-01  9.97842e-01
 1.86860e+03  1.00269e+00  9.97842e-01
 1.86862e+03  1.00154e+00  9.97842e-01
 1.86864e+03  1.00481e+00  9.97842e-01
 1.86866e+03  1.00522e+00  9.97842e-01
 1.86870e+03  1.00758e+00  9.97842e-01
 1.86872e+03  1.00489e+00  9.97842e-01
 1.86874e+03  1.00792e+00  9.97842e-01
 1.86876e+03  1.00595e+00  9.97842e-01
 1.86879e+03  1.00742e+00  9.97842e-01
 1.86881e+03  1.00443e+00  9.97842e-01
