1068
 1.71141e+03  1.01109e+00  9.98174e-01
 1.71143e+03  1.00402e+00  9.98181e-01
 1.71145e+03  1.00339e+00  9.98189e-01
 1.71147e+03  1.00119e+00  9.98196e-01
 1.71151e+03  1.00484e+00  9.98212e-01
 1.71156e+03  1.00226e+00  9.98228e-01
 1.71158e+03  1.00500e+00  9.98237e-01
 1.71160e+03  1.00486e+00  9.98246e-01
 1.71162e+03  1.00263e+00  9.98255e-01
 1.71164e+03  1.00330e+00  9.98265e-01
 1.71166e+03  1.00394e+00  9.98275e-01
 1.71168e+03  1.00032e+00  9.98286e-01
 1.71170e+03  1.00221e+00  9.98297e-01
 1.71174e+03  1.00044e+00  9.98322e-01
 1.71176e+03  1.00310e+00  9.98336e-01
 1.71181e+03  9.98666e-01  9.98367e-01
 1.71185e+03  1.00020e+00  9.98404e-01
 1.71187e+03  9.99306e-01  9.98425e-01
 1.71189e+03  1.00217e+00  9.98449e-01
 1.71193e+03  9.97587e-01  9.98506e-01
 1.71195e+03  9.98114e-01  9.98541e-01
 1.71197e+03  9.97673e-01  9.98581e-01
 1.71199e+03  9.99668e-01  9.98628e-01
 1.71204e+03  9.99192e-01  9.98741e-01
 1.71206e+03  1.00023e+00  9.98810e-01
 1.71208e+03  9.99137e-01  9.98885e-01
 1.71210e+03  9.98880e-01  9.98959e-01
 1.71212e+03  1.00079e+00  9.99018e-01
 1.71216e+03  9.98941e-01  9.98916e-01
 1.71218e+03  1.00012e+00  9.98524e-01
 1.71220e+03  9.97265e-01  9.97547e-01
 1.71224e+03  1.00133e+00  9.91192e-01
 1.71226e+03  1.00016e+00  9.84195e-01
 1.71229e+03  9.99247e-01  9.75523e-01
 1.71231e+03  1.00000e+00  9.20570e-01
 1.71233e+03  9.99631e-01  9.73364e-01
 1.71235e+03  1.00076e+00  9.82838e-01
 1.71237e+03  9.99199e-01  9.91449e-01
 1.71239e+03  1.00184e+00  9.95989e-01
 1.71241e+03  9.99542e-01  9.97501e-01
 1.71243e+03  1.00250e+00  9.97609e-01
 1.71245e+03  1.00129e+00  9.97274e-01
 1.71247e+03  1.00112e+00  9.96893e-01
 1.71249e+03  1.00237e+00  9.96585e-01
 1.71251e+03  1.00077e+00  9.96371e-01
 1.71254e+03  9.99743e-01  9.96235e-01
 1.71256e+03  1.00073e+00  9.96156e-01
 1.71258e+03  1.00039e+00  9.96119e-01
 1.71260e+03  1.00018e+00  9.96109e-01
 1.71262e+03  1.00280e+00  9.96118e-01
 1.71264e+03  1.00159e+00  9.96139e-01
 1.71266e+03  1.00137e+00  9.96167e-01
 1.71268e+03  1.00206e+00  9.96200e-01
 1.71270e+03  1.00255e+00  9.96235e-01
 1.71272e+03  1.00222e+00  9.96271e-01
 1.71274e+03  1.00233e+00  9.96307e-01
 1.71276e+03  1.00052e+00  9.96343e-01
 1.71279e+03  1.00211e+00  9.96378e-01
 1.71281e+03  1.00397e+00  9.96413e-01
 1.71283e+03  1.00103e+00  9.96445e-01
 1.71285e+03  1.00313e+00  9.96477e-01
 1.71287e+03  1.00265e+00  9.96507e-01
 1.71289e+03  9.99818e-01  9.96536e-01
 1.71291e+03  1.00216e+00  9.96564e-01
 1.71293e+03  1.00344e+00  9.96591e-01
 1.71295e+03  1.00215e+00  9.96617e-01
 1.71297e+03  9.99934e-01  9.96641e-01
 1.71299e+03  1.00138e+00  9.96665e-01
 1.71301e+03  1.00068e+00  9.96687e-01
 1.71304e+03  1.00143e+00  9.96709e-01
 1.71306e+03  1.00165e+00  9.96729e-01
 1.71308e+03  1.00244e+00  9.96749e-01
 1.71310e+03  9.99937e-01  9.96769e-01
 1.71312e+03  9.98455e-01  9.96787e-01
 1.71314e+03  9.99279e-01  9.96805e-01
 1.71316e+03  1.00037e+00  9.96822e-01
 1.71318e+03  9.99629e-01  9.96839e-01
 1.71320e+03  1.00052e+00  9.96855e-01
 1.71322e+03  9.99567e-01  9.96870e-01
 1.71324e+03  9.97989e-01  9.96885e-01
 1.71326e+03  9.94623e-01  9.96899e-01
 1.71329e+03  9.87547e-01  9.96913e-01
 1.71331e+03  9.83173e-01  9.96927e-01
 1.71333e+03  9.78098e-01  9.96940e-01
 1.71335e+03  9.77632e-01  9.96953e-01
 1.71337e+03  9.79949e-01  9.96966e-01
 1.71339e+03  9.84341e-01  9.96978e-01
 1.71341e+03  9.89490e-01  9.96990e-01
 1.71343e+03  9.95886e-01  9.97001e-01
 1.71345e+03  9.90480e-01  9.97012e-01
 1.71347e+03  9.99027e-01  9.97023e-01
 1.71349e+03  9.97838e-01  9.97034e-01
 1.71351e+03  9.96956e-01  9.97044e-01
 1.71354e+03  9.98847e-01  9.97055e-01
 1.71356e+03  9.95409e-01  9.97065e-01
 1.71358e+03  9.97118e-01  9.97074e-01
 1.71360e+03  9.98784e-01  9.97084e-01
 1.71362e+03  9.98632e-01  9.97093e-01
 1.71364e+03  9.98521e-01  9.97102e-01
 1.71366e+03  9.96931e-01  9.97111e-01
 1.71368e+03  9.98852e-01  9.97120e-01
 1.71370e+03  9.97218e-01  9.97129e-01
 1.71372e+03  9.99503e-01  9.97137e-01
 1.71374e+03  9.99751e-01  9.97145e-01
 1.71376e+03  1.00254e+00  9.97153e-01
 1.71379e+03  9.99541e-01  9.97161e-01
 1.71381e+03  1.00081e+00  9.97169e-01
 1.71383e+03  1.00492e+00  9.97177e-01
 1.71385e+03  1.00360e+00  9.97184e-01
 1.71387e+03  1.00504e+00  9.97192e-01
 1.71389e+03  1.00751e+00  9.97199e-01
 1.71391e+03  1.00759e+00  9.97206e-01
 1.71393e+03  9.99523e-01  9.97214e-01
 1.71395e+03  1.00968e+00  9.97221e-01
 1.71397e+03  1.01285e+00  9.97227e-01
 1.71401e+03  1.01073e+00  9.97241e-01
 1.71404e+03  1.01018e+00  9.97248e-01
 1.71406e+03  1.00006e+00  9.97254e-01
 1.71408e+03  1.01102e+00  9.97261e-01
 1.71410e+03  1.00920e+00  9.97267e-01
 1.71412e+03  1.00725e+00  9.97273e-01
 1.71414e+03  1.00509e+00  9.97279e-01
 1.71416e+03  1.00052e+00  9.97285e-01
 1.71418e+03  1.00091e+00  9.97291e-01
 1.71420e+03  9.98140e-01  9.97297e-01
 1.71422e+03  9.97614e-01  9.97303e-01
 1.71424e+03  9.95494e-01  9.97309e-01
 1.71426e+03  9.95642e-01  9.97315e-01
 1.71429e+03  9.94801e-01  9.97321e-01
 1.71431e+03  9.92725e-01  9.97326e-01
 1.71433e+03  9.87531e-01  9.97332e-01
 1.71435e+03  9.57550e-01  9.97337e-01
 1.71437e+03  9.09455e-01  9.62753e-01
 1.71439e+03  8.69192e-01  9.62759e-01
 1.71441e+03  8.47091e-01  9.62764e-01
 1.71443e+03  8.41290e-01  9.62770e-01
 1.71445e+03  8.78311e-01  9.62775e-01
 1.71447e+03  9.21409e-01  9.62780e-01
 1.71449e+03  9.65317e-01  9.62785e-01
 1.71454e+03  9.90957e-01  9.97385e-01
 1.71456e+03  9.89967e-01  9.97390e-01
 1.71458e+03  9.93675e-01  9.97395e-01
 1.71466e+03  9.92725e-01  9.97414e-01
 1.71468e+03  9.97357e-01  9.97419e-01
 1.71472e+03  9.97269e-01  9.97428e-01
 1.71474e+03  9.97335e-01  9.97433e-01
 1.71476e+03  9.97959e-01  9.97438e-01
 1.71479e+03  1.00150e+00  9.97442e-01
 1.71481e+03  1.00115e+00  9.97447e-01
 1.71483e+03  9.98373e-01  9.97451e-01
 1.71485e+03  1.00042e+00  9.97456e-01
 1.71487e+03  1.00128e+00  9.97460e-01
 1.71489e+03  9.99257e-01  9.97465e-01
 1.71491e+03  9.99942e-01  9.97469e-01
 1.71493e+03  1.00021e+00  9.97474e-01
 1.71497e+03  1.00044e+00  9.97483e-01
 1.71499e+03  1.00087e+00  9.97487e-01
 1.71501e+03  1.00314e+00  9.97491e-01
 1.71504e+03  9.99905e-01  9.97495e-01
 1.71506e+03  9.97909e-01  9.97500e-01
 1.71508e+03  1.00313e+00  9.97504e-01
 1.71510e+03  1.00064e+00  9.97508e-01
 1.71514e+03  9.89299e-01  9.97517e-01
 1.71516e+03  1.00065e+00  9.97521e-01
 1.71518e+03  1.00039e+00  9.97525e-01
 1.71520e+03  9.99993e-01  9.97529e-01
 1.71522e+03  1.00237e+00  9.97533e-01
 1.71526e+03  9.96035e-01  9.97541e-01
 1.71529e+03  9.96807e-01  9.97545e-01
 1.71531e+03  1.00089e+00  9.97549e-01
 1.71533e+03  9.96396e-01  9.97553e-01
 1.71535e+03  9.94283e-01  9.97557e-01
 1.71537e+03  9.97382e-01  9.97561e-01
 1.71539e+03  9.98274e-01  9.97565e-01
 1.71541e+03  9.97798e-01  9.97569e-01
 1.71543e+03  9.98439e-01  9.97573e-01
 1.71545e+03  9.96255e-01  9.97577e-01
 1.71547e+03  9.93827e-01  9.97581e-01
 1.71549e+03  9.98445e-01  9.97585e-01
 1.71551e+03  9.99988e-01  9.97589e-01
 1.71554e+03  9.98138e-01  9.97593e-01
 1.71556e+03  9.93589e-01  9.97597e-01
 1.71558e+03  9.96097e-01  9.97601e-01
 1.71560e+03  9.98006e-01  9.97604e-01
 1.71562e+03  1.00028e+00  9.97608e-01
 1.71564e+03  9.94466e-01  9.97612e-01
 1.71568e+03  9.99484e-01  9.97620e-01
 1.71570e+03  9.98518e-01  9.97624e-01
 1.71574e+03  1.00271e+00  9.97631e-01
 1.71576e+03  1.00107e+00  9.97635e-01
 1.71579e+03  1.00247e+00  9.97639e-01
 1.71581e+03  9.99925e-01  9.97643e-01
 1.71583e+03  1.00111e+00  9.97646e-01
 1.71585e+03  1.00246e+00  9.97650e-01
 1.71587e+03  1.00259e+00  9.97654e-01
 1.71589e+03  1.00028e+00  9.97658e-01
 1.71591e+03  1.00262e+00  9.97661e-01
 1.71593e+03  1.00136e+00  9.97665e-01
 1.71595e+03  1.00025e+00  9.97669e-01
 1.71597e+03  1.00136e+00  9.97673e-01
 1.71599e+03  1.00223e+00  9.97676e-01
 1.71601e+03  1.00041e+00  9.97680e-01
 1.71604e+03  1.00071e+00  9.97684e-01
 1.71606e+03  1.00270e+00  9.97688e-01
 1.71608e+03  9.97185e-01  9.97691e-01
 1.71610e+03  1.00175e+00  9.97695e-01
 1.71612e+03  1.00300e+00  9.97699e-01
 1.71614e+03  1.00109e+00  9.97703e-01
 1.71616e+03  1.00057e+00  9.97706e-01
 1.71618e+03  1.00191e+00  9.97710e-01
 1.71620e+03  1.00280e+00  9.97714e-01
 1.71624e+03  1.00177e+00  9.97721e-01
 1.71626e+03  1.00106e+00  9.97725e-01
 1.71629e+03  1.00161e+00  9.97729e-01
 1.71631e+03  1.00024e+00  9.97732e-01
 1.71633e+03  1.00208e+00  9.97736e-01
 1.71635e+03  1.00273e+00  9.97740e-01
 1.71637e+03  1.00126e+00  9.97744e-01
 1.71639e+03  1.00171e+00  9.97747e-01
 1.71641e+03  1.00178e+00  9.97751e-01
 1.71643e+03  1.00325e+00  9.97755e-01
 1.71645e+03  1.00049e+00  9.97759e-01
 1.71647e+03  1.00059e+00  9.97762e-01
 1.71649e+03  1.00367e+00  9.97766e-01
 1.71651e+03  1.00032e+00  9.97770e-01
 1.71654e+03  1.00142e+00  9.97774e-01
 1.71656e+03  1.00448e+00  9.97777e-01
 1.71658e+03  1.00173e+00  9.97781e-01
 1.71660e+03  9.98680e-01  9.97785e-01
 1.71662e+03  1.00144e+00  9.97789e-01
 1.71664e+03  1.00237e+00  9.97793e-01
 1.71666e+03  9.98367e-01  9.97796e-01
 1.71670e+03  1.00143e+00  9.97804e-01
 1.71672e+03  1.00160e+00  9.97808e-01
 1.71674e+03  9.98807e-01  9.97812e-01
 1.71676e+03  9.98936e-01  9.97816e-01
 1.71679e+03  9.99674e-01  9.97819e-01
 1.71681e+03  1.00029e+00  9.97823e-01
 1.71683e+03  9.98957e-01  9.97827e-01
 1.71685e+03  1.00000e+00  9.97831e-01
 1.71687e+03  9.92888e-01  9.97835e-01
 1.71689e+03  9.97019e-01  9.97839e-01
 1.71693e+03  9.98518e-01  9.97847e-01
 1.71695e+03  9.96908e-01  9.97851e-01
 1.71697e+03  9.98129e-01  9.97855e-01
 1.71699e+03  9.99584e-01  9.97859e-01
 1.71701e+03  9.97661e-01  9.97863e-01
 1.71706e+03  9.99084e-01  9.97871e-01
 1.71708e+03  9.97953e-01  9.97875e-01
 1.71710e+03  9.99180e-01  9.97879e-01
 1.71712e+03  1.00065e+00  9.97883e-01
 1.71714e+03  1.00017e+00  9.97887e-01
 1.71716e+03  1.00089e+00  9.97891e-01
 1.71718e+03  1.00120e+00  9.97895e-01
 1.71720e+03  1.00035e+00  9.97899e-01
 1.71722e+03  9.99867e-01  9.97903e-01
 1.71724e+03  1.00084e+00  9.97908e-01
 1.71726e+03  9.99927e-01  9.97912e-01
 1.71731e+03  1.00286e+00  9.97920e-01
 1.71733e+03  1.00241e+00  9.97925e-01
 1.71735e+03  1.00015e+00  9.97929e-01
 1.71737e+03  1.00147e+00  9.97933e-01
 1.71739e+03  1.00056e+00  9.97938e-01
 1.71741e+03  1.00044e+00  9.97942e-01
 1.71743e+03  9.98628e-01  9.97946e-01
 1.71745e+03  1.00180e+00  9.97951e-01
 1.71747e+03  9.99892e-01  9.97955e-01
 1.71751e+03  1.00264e+00  9.97964e-01
 1.71754e+03  1.00061e+00  9.97969e-01
 1.71756e+03  1.01116e+00  9.97973e-01
 1.71758e+03  1.00139e+00  9.97978e-01
 1.71760e+03  1.00147e+00  9.97982e-01
 1.71762e+03  1.00101e+00  9.97987e-01
 1.71766e+03  1.00103e+00  9.97997e-01
 1.71768e+03  1.00126e+00  9.98001e-01
 1.71770e+03  1.00777e+00  9.98006e-01
 1.71772e+03  9.99966e-01  9.98011e-01
 1.71774e+03  1.00090e+00  9.98016e-01
 1.71776e+03  9.99659e-01  9.98021e-01
 1.71779e+03  9.99285e-01  9.98026e-01
 1.71781e+03  1.00023e+00  9.98031e-01
 1.71783e+03  1.00047e+00  9.98036e-01
 1.71785e+03  9.98161e-01  9.98041e-01
 1.71787e+03  9.94575e-01  9.98046e-01
 1.71789e+03  9.98499e-01  9.98051e-01
 1.71791e+03  9.98207e-01  9.98057e-01
 1.71793e+03  9.96272e-01  9.98062e-01
 1.71795e+03  9.97639e-01  9.98067e-01
 1.71797e+03  9.97191e-01  9.98073e-01
 1.71799e+03  9.97095e-01  9.98078e-01
 1.71801e+03  9.96301e-01  9.98084e-01
 1.71804e+03  9.99266e-01  9.98090e-01
 1.71808e+03  9.94475e-01  9.98101e-01
 1.71810e+03  9.90082e-01  9.98107e-01
 1.71812e+03  9.82215e-01  9.98113e-01
 1.71814e+03  9.78780e-01  9.98119e-01
 1.71816e+03  9.75543e-01  9.98125e-01
 1.71818e+03  9.78088e-01  9.98131e-01
 1.71820e+03  9.82900e-01  9.98138e-01
 1.71824e+03  9.95703e-01  9.98150e-01
 1.71826e+03  9.96287e-01  9.98157e-01
 1.71829e+03  9.95999e-01  9.98164e-01
 1.71831e+03  9.94440e-01  9.98171e-01
 1.71833e+03  9.96928e-01  9.98178e-01
 1.71835e+03  9.96797e-01  9.98185e-01
 1.71837e+03  9.97049e-01  9.98193e-01
 1.71839e+03  9.97351e-01  9.98200e-01
 1.71841e+03  9.97465e-01  9.98208e-01
 1.71843e+03  9.96194e-01  9.98216e-01
 1.71845e+03  9.99061e-01  9.98224e-01
 1.71847e+03  9.99711e-01  9.98233e-01
 1.71851e+03  9.97016e-01  9.98251e-01
 1.71854e+03  9.98725e-01  9.98260e-01
 1.71856e+03  9.98694e-01  9.98270e-01
 1.71858e+03  1.00093e+00  9.98281e-01
 1.71860e+03  9.99877e-01  9.98292e-01
 1.71862e+03  1.00042e+00  9.98304e-01
 1.71864e+03  1.00296e+00  9.98316e-01
 1.71866e+03  1.00351e+00  9.98329e-01
 1.71868e+03  1.00453e+00  9.98344e-01
 1.71870e+03  1.00435e+00  9.98359e-01
 1.71872e+03  1.00678e+00  9.98376e-01
 1.71874e+03  1.00681e+00  9.98394e-01
 1.71876e+03  1.00962e+00  9.98415e-01
 1.71879e+03  1.00962e+00  9.98437e-01
 1.71881e+03  1.01030e+00  9.98463e-01
 1.71883e+03  1.01063e+00  9.98492e-01
 1.71885e+03  1.00921e+00  9.98524e-01
 1.71887e+03  1.00774e+00  9.98562e-01
 1.71889e+03  1.00767e+00  9.98605e-01
 1.71891e+03  1.00669e+00  9.98655e-01
 1.71893e+03  1.00572e+00  9.98712e-01
 1.71895e+03  1.00445e+00  9.98777e-01
 1.71897e+03  9.99946e-01  9.98849e-01
 1.71899e+03  9.97217e-01  9.98925e-01
 1.71901e+03  9.98842e-01  9.98994e-01
 1.71904e+03  9.95693e-01  9.99033e-01
 1.71906e+03  9.94241e-01  9.98990e-01
 1.71908e+03  9.94206e-01  9.98756e-01
 1.71910e+03  9.93687e-01  9.98105e-01
 1.71912e+03  9.94808e-01  9.96600e-01
 1.71914e+03  1.00042e+00  9.93471e-01
 1.71916e+03  9.60546e-01  9.87813e-01
 1.71918e+03  9.15961e-01  9.79558e-01
 1.71920e+03  8.74100e-01  9.22223e-01
 1.71922e+03  8.51450e-01  9.21151e-01
 1.71924e+03  8.54643e-01  9.78113e-01
 1.71926e+03  8.72700e-01  9.87902e-01
 1.71929e+03  9.17487e-01  9.94354e-01
 1.71933e+03  9.90212e-01  9.97656e-01
 1.71935e+03  9.94724e-01  9.97451e-01
 1.71937e+03  9.96764e-01  9.97065e-01
 1.71939e+03  9.96215e-01  9.96716e-01
 1.71941e+03  9.97762e-01  9.96460e-01
 1.71943e+03  9.98227e-01  9.96290e-01
 1.71945e+03  9.96910e-01  9.96187e-01
 1.71947e+03  9.99067e-01  9.96132e-01
 1.71949e+03  9.98140e-01  9.96111e-01
 1.71951e+03  9.96609e-01  9.96112e-01
 1.71954e+03  9.97631e-01  9.96128e-01
 1.71956e+03  1.00006e+00  9.96153e-01
 1.71958e+03  9.98887e-01  9.96184e-01
 1.71960e+03  9.99860e-01  9.96218e-01
 1.71962e+03  1.00035e+00  9.96254e-01
 1.71964e+03  1.00062e+00  9.96291e-01
 1.71966e+03  1.00272e+00  9.96327e-01
 1.71968e+03  1.00336e+00  9.96362e-01
 1.71970e+03  1.00079e+00  9.96397e-01
 1.71972e+03  1.00070e+00  9.96430e-01
 1.71974e+03  1.00332e+00  9.96462e-01
 1.71976e+03  1.00141e+00  9.96493e-01
 1.71979e+03  1.00175e+00  9.96523e-01
 1.71981e+03  1.00130e+00  9.96551e-01
 1.71983e+03  1.00255e+00  9.96579e-01
 1.71985e+03  1.00308e+00  9.96605e-01
 1.71987e+03  1.00221e+00  9.96630e-01
 1.71989e+03  9.99996e-01  9.96654e-01
 1.71993e+03  1.00400e+00  9.96699e-01
 1.71995e+03  1.00408e+00  9.96720e-01
 1.71997e+03  1.00328e+00  9.96740e-01
 1.72006e+03  1.00313e+00  9.96814e-01
 1.72012e+03  1.00351e+00  9.96863e-01
 1.72014e+03  1.00334e+00  9.96878e-01
 1.72016e+03  1.00441e+00  9.96893e-01
 1.72020e+03  1.00557e+00  9.96921e-01
 1.72022e+03  1.00184e+00  9.96934e-01
 1.72024e+03  1.00309e+00  9.96947e-01
 1.72026e+03  1.00236e+00  9.96960e-01
 1.72033e+03  1.00234e+00  9.96996e-01
 1.72035e+03  9.99197e-01  9.97007e-01
 1.72037e+03  1.00106e+00  9.97018e-01
 1.72041e+03  1.00175e+00  9.97040e-01
 1.72043e+03  9.99426e-01  9.97050e-01
 1.72045e+03  9.99171e-01  9.97060e-01
 1.72047e+03  1.00191e+00  9.97070e-01
 1.72049e+03  1.00299e+00  9.97079e-01
 1.72051e+03  9.98102e-01  9.97089e-01
 1.72054e+03  1.00324e+00  9.97098e-01
 1.72058e+03  1.00092e+00  9.97116e-01
 1.72060e+03  9.99349e-01  9.97125e-01
 1.72062e+03  9.99887e-01  9.97133e-01
 1.72066e+03  9.99752e-01  9.97150e-01
 1.72068e+03  1.00079e+00  9.97158e-01
 1.72070e+03  1.00159e+00  9.97166e-01
 1.72072e+03  9.99523e-01  9.97173e-01
 1.72074e+03  1.00052e+00  9.97181e-01
 1.72076e+03  1.00033e+00  9.97188e-01
 1.72079e+03  1.00183e+00  9.97196e-01
 1.72081e+03  9.97532e-01  9.97203e-01
 1.72083e+03  9.99821e-01  9.97210e-01
 1.72085e+03  9.82145e-01  9.97217e-01
 1.72087e+03  9.78967e-01  9.97224e-01
 1.72089e+03  9.99611e-01  9.97231e-01
 1.72095e+03  1.00678e+00  9.97251e-01
 1.72097e+03  1.00026e+00  9.97258e-01
 1.72099e+03  9.92064e-01  9.97264e-01
 1.72101e+03  9.73597e-01  9.97270e-01
 1.72106e+03  9.83576e-01  9.97283e-01
 1.72108e+03  9.63951e-01  9.97289e-01
 1.72110e+03  9.99334e-01  9.97295e-01
 1.72112e+03  1.01216e+00  9.97301e-01
 1.72114e+03  1.07089e+00  9.97306e-01
 1.72120e+03  1.00659e+00  9.97324e-01
 1.72122e+03  9.70643e-01  9.97329e-01
 1.72129e+03  9.72295e-01  9.62756e-01
 1.72131e+03  9.81935e-01  9.62762e-01
 1.72133e+03  1.01371e+00  9.62767e-01
 1.72135e+03  1.02309e+00  9.62772e-01
 1.72139e+03  1.01363e+00  9.62783e-01
 1.72141e+03  1.01574e+00  9.97377e-01
 1.72143e+03  9.90265e-01  9.97382e-01
 1.72147e+03  9.69356e-01  9.97392e-01
 1.72149e+03  9.80291e-01  9.97397e-01
 1.72151e+03  1.00472e+00  9.97402e-01
 1.72154e+03  1.00104e+00  9.97407e-01
 1.72156e+03  1.00522e+00  9.97412e-01
 1.72158e+03  9.97665e-01  9.97417e-01
 1.72162e+03  9.87760e-01  9.97426e-01
 1.72164e+03  9.90651e-01  9.97431e-01
 1.72166e+03  9.88224e-01  9.97436e-01
 1.72168e+03  9.91873e-01  9.97440e-01
 1.72170e+03  9.95903e-01  9.97445e-01
 1.72172e+03  9.96112e-01  9.97449e-01
 1.72174e+03  9.93752e-01  9.97454e-01
 1.72176e+03  9.95050e-01  9.97458e-01
 1.72179e+03  9.95326e-01  9.97463e-01
 1.72181e+03  9.95933e-01  9.97467e-01
 1.72183e+03  9.94531e-01  9.97472e-01
 1.72189e+03  1.00274e+00  9.97485e-01
 1.72191e+03  9.96987e-01  9.97489e-01
 1.72193e+03  9.95209e-01  9.97493e-01
 1.72195e+03  9.99607e-01  9.97498e-01
 1.72197e+03  9.99666e-01  9.97502e-01
 1.72199e+03  9.99543e-01  9.97506e-01
 1.72201e+03  1.00100e+00  9.97510e-01
 1.72204e+03  1.00035e+00  9.97515e-01
 1.72206e+03  9.98496e-01  9.97519e-01
 1.72208e+03  1.00269e+00  9.97523e-01
 1.72210e+03  1.00222e+00  9.97527e-01
 1.72212e+03  1.00043e+00  9.97531e-01
 1.72216e+03  1.00190e+00  9.97539e-01
 1.72218e+03  1.00102e+00  9.97543e-01
 1.72220e+03  9.97495e-01  9.97547e-01
 1.72222e+03  1.00063e+00  9.97552e-01
 1.72224e+03  9.89548e-01  9.97556e-01
 1.72226e+03  1.00004e+00  9.97560e-01
 1.72229e+03  1.00041e+00  9.97564e-01
 1.72231e+03  9.98761e-01  9.97567e-01
 1.72233e+03  9.98683e-01  9.97571e-01
 1.72237e+03  9.99057e-01  9.97579e-01
 1.72243e+03  9.99490e-01  9.97591e-01
 1.72245e+03  9.98017e-01  9.97595e-01
 1.72247e+03  9.97370e-01  9.97599e-01
 1.72249e+03  9.97905e-01  9.97603e-01
 1.72251e+03  1.00182e+00  9.97607e-01
 1.72254e+03  9.97357e-01  9.97610e-01
 1.72256e+03  9.97862e-01  9.97614e-01
 1.72258e+03  9.97726e-01  9.97618e-01
 1.72260e+03  9.97061e-01  9.97622e-01
 1.72262e+03  9.97089e-01  9.97626e-01
 1.72264e+03  9.96168e-01  9.97630e-01
 1.72266e+03  9.95328e-01  9.97633e-01
 1.72268e+03  9.96859e-01  9.97637e-01
 1.72270e+03  9.95781e-01  9.97641e-01
 1.72272e+03  9.95331e-01  9.97645e-01
 1.72274e+03  9.96815e-01  9.97648e-01
 1.72276e+03  9.96339e-01  9.97652e-01
 1.72279e+03  9.95184e-01  9.97656e-01
 1.72281e+03  9.96350e-01  9.97660e-01
 1.72283e+03  9.97152e-01  9.97663e-01
 1.72285e+03  9.95074e-01  9.97667e-01
 1.72287e+03  9.94564e-01  9.97671e-01
 1.72289e+03  9.96276e-01  9.97675e-01
 1.72291e+03  9.89189e-01  9.97678e-01
 1.72293e+03  9.82810e-01  9.97682e-01
 1.72295e+03  9.79310e-01  9.97686e-01
 1.72297e+03  9.75868e-01  9.97690e-01
 1.72301e+03  9.81673e-01  9.97697e-01
 1.72304e+03  9.89014e-01  9.97701e-01
 1.72306e+03  9.96331e-01  9.97705e-01
 1.72308e+03  9.97849e-01  9.97708e-01
 1.72310e+03  9.97731e-01  9.97712e-01
 1.72312e+03  9.96330e-01  9.97716e-01
 1.72314e+03  9.95800e-01  9.97719e-01
 1.72316e+03  9.97014e-01  9.97723e-01
 1.72318e+03  9.95359e-01  9.97727e-01
 1.72320e+03  9.93632e-01  9.97731e-01
 1.72322e+03  9.96911e-01  9.97734e-01
 1.72324e+03  9.96632e-01  9.97738e-01
 1.72329e+03  9.97702e-01  9.97746e-01
 1.72333e+03  9.98040e-01  9.97753e-01
 1.72335e+03  9.98337e-01  9.97757e-01
 1.72337e+03  9.99131e-01  9.97761e-01
 1.72339e+03  9.98721e-01  9.97764e-01
 1.72341e+03  1.00036e+00  9.97768e-01
 1.72343e+03  1.00315e+00  9.97772e-01
 1.72345e+03  1.00165e+00  9.97776e-01
 1.72347e+03  1.00536e+00  9.97779e-01
 1.72349e+03  1.00749e+00  9.97783e-01
 1.72351e+03  1.00602e+00  9.97787e-01
 1.72354e+03  1.00822e+00  9.97791e-01
 1.72356e+03  1.01059e+00  9.97795e-01
 1.72358e+03  1.01104e+00  9.97798e-01
 1.72360e+03  1.01173e+00  9.97802e-01
 1.72362e+03  1.01256e+00  9.97806e-01
 1.72364e+03  1.01335e+00  9.97810e-01
 1.72366e+03  1.01556e+00  9.97814e-01
 1.72368e+03  1.01370e+00  9.97818e-01
 1.72370e+03  1.01339e+00  9.97821e-01
 1.72372e+03  1.01205e+00  9.97825e-01
 1.72376e+03  1.00905e+00  9.97833e-01
 1.72379e+03  1.00731e+00  9.97837e-01
 1.72381e+03  1.00560e+00  9.97841e-01
 1.72383e+03  1.00226e+00  9.97845e-01
 1.72385e+03  1.00095e+00  9.97849e-01
 1.72497e+03  9.96813e-01  9.98098e-01
 1.72499e+03  9.98035e-01  9.98104e-01
 1.72501e+03  9.97006e-01  9.98110e-01
 1.72504e+03  9.96740e-01  9.98116e-01
 1.72506e+03  9.97107e-01  9.98122e-01
 1.72510e+03  9.96731e-01  9.98135e-01
 1.72514e+03  9.98225e-01  9.98147e-01
 1.72516e+03  9.93678e-01  9.98154e-01
 1.72518e+03  9.95311e-01  9.98161e-01
 1.72520e+03  9.98062e-01  9.98168e-01
 1.72522e+03  9.92304e-01  9.98175e-01
 1.72524e+03  9.98555e-01  9.98182e-01
 1.72526e+03  9.94802e-01  9.98189e-01
 1.72531e+03  9.94561e-01  9.98204e-01
 1.72533e+03  9.98980e-01  9.98212e-01
 1.72535e+03  9.96950e-01  9.98220e-01
 1.72539e+03  9.98156e-01  9.98237e-01
 1.72543e+03  9.97122e-01  9.98256e-01
 1.72551e+03  9.98365e-01  9.98298e-01
 1.72558e+03  9.96236e-01  9.98337e-01
 1.72560e+03  9.97000e-01  9.98352e-01
 1.72562e+03  9.96996e-01  9.98368e-01
 1.72566e+03  9.98420e-01  9.98405e-01
 1.72568e+03  1.00113e+00  9.98427e-01
 1.72572e+03  9.98843e-01  9.98478e-01
 1.72576e+03  1.00088e+00  9.98544e-01
 1.72581e+03  1.00000e+00  9.98631e-01
 1.72583e+03  1.00126e+00  9.98684e-01
 1.72585e+03  1.00088e+00  9.98746e-01
 1.72587e+03  9.98756e-01  9.98815e-01
 1.72589e+03  9.98953e-01  9.98890e-01
 1.72599e+03  1.00155e+00  9.98482e-01
 1.72601e+03  9.96665e-01  9.97449e-01
 1.72604e+03  1.00015e+00  9.95203e-01
 1.72606e+03  1.00003e+00  9.90818e-01
 1.72610e+03  1.00091e+00  9.74990e-01
 1.72614e+03  1.00593e+00  9.73875e-01
 1.72618e+03  1.00505e+00  9.91876e-01
 1.72620e+03  1.00198e+00  9.96163e-01
 1.72622e+03  1.00794e+00  9.97537e-01
 1.72629e+03  1.00209e+00  9.96870e-01
 1.72631e+03  9.98733e-01  9.96568e-01
 1.72635e+03  1.00046e+00  9.96228e-01
 1.72637e+03  1.00079e+00  9.96153e-01
 1.72639e+03  9.98737e-01  9.96118e-01
 1.72643e+03  1.00344e+00  9.96119e-01
 1.72645e+03  1.00013e+00  9.96140e-01
 1.72647e+03  1.00299e+00  9.96169e-01
 1.72649e+03  1.00006e+00  9.96202e-01
 1.72651e+03  1.00188e+00  9.96237e-01
 1.72654e+03  9.99032e-01  9.96273e-01
 1.72656e+03  9.99528e-01  9.96310e-01
 1.72658e+03  9.99291e-01  9.96346e-01
 1.72660e+03  1.00307e+00  9.96381e-01
 1.72662e+03  1.00170e+00  9.96415e-01
 1.72664e+03  1.00223e+00  9.96448e-01
 1.72666e+03  1.00005e+00  9.96479e-01
 1.72668e+03  1.00081e+00  9.96509e-01
 1.72672e+03  9.99740e-01  9.96566e-01
 1.72674e+03  1.00000e+00  9.96593e-01
 1.72676e+03  1.00077e+00  9.96618e-01
 1.72679e+03  1.00128e+00  9.96643e-01
 1.72681e+03  1.00158e+00  9.96666e-01
 1.72687e+03  1.00035e+00  9.96731e-01
 1.72689e+03  1.00101e+00  9.96751e-01
 1.72691e+03  1.00114e+00  9.96770e-01
 1.72695e+03  1.00178e+00  9.96806e-01
 1.72697e+03  1.00691e+00  9.96823e-01
 1.72699e+03  1.00202e+00  9.96840e-01
 1.72701e+03  1.00075e+00  9.96856e-01
 1.72704e+03  1.00384e+00  9.96871e-01
 1.72706e+03  1.00181e+00  9.96886e-01
 1.72708e+03  1.00043e+00  9.96900e-01
 1.72710e+03  1.00202e+00  9.96914e-01
 1.72712e+03  1.00170e+00  9.96928e-01
 1.72714e+03  9.99340e-01  9.96941e-01
 1.72716e+03  1.00077e+00  9.96954e-01
 1.72720e+03  1.00090e+00  9.96979e-01
 1.72722e+03  1.00071e+00  9.96990e-01
 1.72724e+03  1.00181e+00  9.97002e-01
 1.72726e+03  1.00265e+00  9.97013e-01
 1.72729e+03  1.00118e+00  9.97024e-01
 1.72731e+03  1.00329e+00  9.97035e-01
 1.72733e+03  1.00234e+00  9.97045e-01
 1.72735e+03  1.00036e+00  9.97055e-01
 1.72737e+03  1.00235e+00  9.97065e-01
 1.72739e+03  1.00206e+00  9.97075e-01
 1.72741e+03  1.00013e+00  9.97084e-01
 1.72743e+03  1.00017e+00  9.97094e-01
 1.72745e+03  9.99900e-01  9.97103e-01
 1.72747e+03  1.00037e+00  9.97112e-01
 1.72749e+03  1.00049e+00  9.97121e-01
 1.72751e+03  9.97834e-01  9.97129e-01
 1.72756e+03  9.99972e-01  9.97146e-01
 1.72758e+03  9.97578e-01  9.97154e-01
 1.72760e+03  9.97715e-01  9.97162e-01
 1.72762e+03  9.98839e-01  9.97170e-01
 1.72764e+03  9.97966e-01  9.97177e-01
 1.72766e+03  9.97653e-01  9.97185e-01
 1.72768e+03  9.98007e-01  9.97192e-01
 1.72770e+03  9.95633e-01  9.97200e-01
 1.72772e+03  9.89283e-01  9.97207e-01
 1.72774e+03  9.84043e-01  9.97214e-01
 1.72776e+03  9.76726e-01  9.97221e-01
 1.72779e+03  9.75059e-01  9.97228e-01
 1.72781e+03  9.77069e-01  9.97235e-01
 1.72783e+03  9.81518e-01  9.97241e-01
 1.72785e+03  9.86259e-01  9.97248e-01
 1.72787e+03  9.94283e-01  9.97255e-01
 1.72789e+03  9.96903e-01  9.97261e-01
 1.72791e+03  9.95706e-01  9.97267e-01
 1.72793e+03  9.95918e-01  9.97274e-01
 1.72795e+03  9.96693e-01  9.97280e-01
 1.72797e+03  9.97392e-01  9.97286e-01
 1.72799e+03  9.97768e-01  9.97292e-01
 1.72801e+03  9.98881e-01  9.97298e-01
 1.72806e+03  9.99933e-01  9.97310e-01
 1.72808e+03  9.98235e-01  9.97315e-01
 1.72810e+03  9.98850e-01  9.97321e-01
 1.72812e+03  9.96537e-01  9.97327e-01
 1.72814e+03  9.96821e-01  9.97332e-01
 1.72816e+03  9.99576e-01  9.97338e-01
 1.72818e+03  9.98764e-01  9.62754e-01
 1.72820e+03  9.99330e-01  9.62759e-01
 1.72824e+03  1.00241e+00  9.62770e-01
 1.72826e+03  1.00120e+00  9.62775e-01
 1.72829e+03  1.00333e+00  9.62780e-01
 1.72835e+03  1.00675e+00  9.97385e-01
 1.72837e+03  1.00886e+00  9.97390e-01
 1.72839e+03  1.00919e+00  9.97395e-01
 1.72843e+03  1.01187e+00  9.97405e-01
 1.72845e+03  1.01098e+00  9.97410e-01
 1.72849e+03  1.00893e+00  9.97419e-01
 1.72851e+03  1.00890e+00  9.97424e-01
 1.72854e+03  1.00863e+00  9.97429e-01
 1.72856e+03  1.00560e+00  9.97433e-01
 1.72858e+03  1.00373e+00  9.97438e-01
 1.72860e+03  1.00256e+00  9.97443e-01
 1.72862e+03  1.00031e+00  9.97447e-01
 1.72864e+03  9.97757e-01  9.97452e-01
 1.72866e+03  9.97031e-01  9.97456e-01
 1.72868e+03  9.96065e-01  9.97461e-01
 1.72870e+03  9.93846e-01  9.97465e-01
 1.72874e+03  9.94430e-01  9.97474e-01
 1.72876e+03  9.91968e-01  9.97478e-01
 1.72881e+03  9.27077e-01  9.97487e-01
 1.72883e+03  8.82671e-01  9.97491e-01
 1.72885e+03  8.51203e-01  9.97496e-01
 1.72887e+03  8.47717e-01  9.97500e-01
 1.72889e+03  8.68025e-01  9.97504e-01
 1.72893e+03  9.49187e-01  9.97513e-01
 1.72895e+03  9.88659e-01  9.97517e-01
 1.72897e+03  9.95168e-01  9.97521e-01
 1.72901e+03  9.98861e-01  9.97529e-01
 1.72904e+03  9.96762e-01  9.97533e-01
 1.72906e+03  9.97261e-01  9.97537e-01
 1.72910e+03  9.98406e-01  9.97546e-01
 1.72912e+03  9.98095e-01  9.97550e-01
 1.72914e+03  9.99914e-01  9.97554e-01
 1.72918e+03  9.97915e-01  9.97562e-01
 1.72920e+03  1.00133e+00  9.97566e-01
 1.72922e+03  9.99336e-01  9.97570e-01
 1.72926e+03  1.00349e+00  9.97577e-01
 1.72929e+03  1.00125e+00  9.97581e-01
 1.72931e+03  1.00077e+00  9.97585e-01
 1.72935e+03  1.00419e+00  9.97593e-01
 1.72937e+03  1.00122e+00  9.97597e-01
 1.72939e+03  1.00380e+00  9.97601e-01
 1.72941e+03  1.00518e+00  9.97605e-01
 1.72945e+03  1.00194e+00  9.97612e-01
 1.72947e+03  1.00195e+00  9.97616e-01
 1.72954e+03  1.00131e+00  9.97628e-01
 1.72956e+03  1.00197e+00  9.97632e-01
 1.72958e+03  1.00397e+00  9.97635e-01
 1.72960e+03  1.00358e+00  9.97639e-01
 1.72962e+03  1.00277e+00  9.97643e-01
 1.72964e+03  1.00365e+00  9.97647e-01
 1.72966e+03  1.00222e+00  9.97650e-01
 1.72970e+03  1.00437e+00  9.97658e-01
 1.72972e+03  1.00611e+00  9.97662e-01
 1.72974e+03  1.00151e+00  9.97665e-01
 1.72976e+03  1.00143e+00  9.97669e-01
 1.72979e+03  1.00272e+00  9.97673e-01
 1.72981e+03  1.00145e+00  9.97677e-01
 1.72983e+03  9.99785e-01  9.97680e-01
 1.72985e+03  1.00119e+00  9.97684e-01
 1.72987e+03  1.00179e+00  9.97688e-01
 1.72989e+03  9.99575e-01  9.97692e-01
 1.72991e+03  9.99567e-01  9.97695e-01
 1.72993e+03  1.00254e+00  9.97699e-01
 1.72995e+03  1.00038e+00  9.97703e-01
 1.72997e+03  9.98248e-01  9.97707e-01
 1.72999e+03  1.00218e+00  9.97710e-01
 1.73001e+03  1.00265e+00  9.97714e-01
 1.73004e+03  1.00010e+00  9.97718e-01
 1.73006e+03  1.00174e+00  9.97721e-01
 1.73008e+03  1.00091e+00  9.97725e-01
 1.73010e+03  1.00008e+00  9.97729e-01
 1.73012e+03  1.00124e+00  9.97733e-01
 1.73014e+03  1.00043e+00  9.97736e-01
 1.73016e+03  9.98803e-01  9.97740e-01
 1.73018e+03  9.98622e-01  9.97744e-01
 1.73020e+03  9.99704e-01  9.97748e-01
 1.73022e+03  1.00068e+00  9.97751e-01
 1.73024e+03  9.99944e-01  9.97755e-01
 1.73026e+03  1.00008e+00  9.97759e-01
 1.73029e+03  1.00093e+00  9.97763e-01
 1.73031e+03  1.00034e+00  9.97766e-01
 1.73033e+03  9.99186e-01  9.97770e-01
 1.73035e+03  1.00187e+00  9.97774e-01
 1.73037e+03  1.00059e+00  9.97778e-01
 1.73039e+03  9.99303e-01  9.97781e-01
 1.73041e+03  1.00052e+00  9.97785e-01
 1.73043e+03  1.00102e+00  9.97789e-01
 1.73045e+03  1.00130e+00  9.97793e-01
 1.73047e+03  1.00070e+00  9.97797e-01
 1.73049e+03  9.99799e-01  9.97800e-01
 1.73051e+03  1.00060e+00  9.97804e-01
 1.73054e+03  1.00157e+00  9.97808e-01
 1.73056e+03  1.00173e+00  9.97812e-01
 1.73058e+03  1.00159e+00  9.97816e-01
 1.73060e+03  1.00240e+00  9.97820e-01
 1.73062e+03  1.00285e+00  9.97824e-01
 1.73064e+03  1.00089e+00  9.97827e-01
 1.73066e+03  1.00319e+00  9.97831e-01
 1.73068e+03  1.00293e+00  9.97835e-01
 1.73070e+03  1.00170e+00  9.97839e-01
 1.73072e+03  1.00267e+00  9.97843e-01
 1.73074e+03  1.00228e+00  9.97847e-01
 1.73076e+03  1.00365e+00  9.97851e-01
 1.73079e+03  1.00424e+00  9.97855e-01
 1.73081e+03  1.00123e+00  9.97859e-01
 1.73083e+03  1.00300e+00  9.97863e-01
 1.73085e+03  1.00253e+00  9.97867e-01
 1.73087e+03  1.00301e+00  9.97871e-01
 1.73089e+03  1.00140e+00  9.97875e-01
 1.73091e+03  1.00248e+00  9.97879e-01
 1.73093e+03  1.00133e+00  9.97883e-01
 1.73095e+03  1.00087e+00  9.97887e-01
 1.73097e+03  1.00043e+00  9.97891e-01
 1.73099e+03  1.00188e+00  9.97895e-01
 1.73101e+03  1.00039e+00  9.97900e-01
 1.73104e+03  1.00197e+00  9.97904e-01
 1.73106e+03  1.00001e+00  9.97908e-01
 1.73108e+03  1.00083e+00  9.97912e-01
 1.73110e+03  1.00047e+00  9.97916e-01
 1.73112e+03  1.00086e+00  9.97921e-01
 1.73114e+03  9.99263e-01  9.97925e-01
 1.73116e+03  9.99839e-01  9.97929e-01
 1.73118e+03  9.98775e-01  9.97933e-01
 1.73120e+03  1.00030e+00  9.97938e-01
 1.73122e+03  9.97747e-01  9.97942e-01
 1.73124e+03  9.97290e-01  9.97947e-01
 1.73126e+03  9.98582e-01  9.97951e-01
 1.73129e+03  1.00072e+00  9.97955e-01
 1.73131e+03  9.97287e-01  9.97960e-01
 1.73133e+03  9.97891e-01  9.97964e-01
 1.73135e+03  9.98218e-01  9.97969e-01
 1.73137e+03  9.97949e-01  9.97974e-01
 1.73139e+03  9.97455e-01  9.97978e-01
 1.73141e+03  9.98223e-01  9.97983e-01
 1.73143e+03  9.98903e-01  9.97987e-01
 1.73145e+03  9.97670e-01  9.97992e-01
 1.73147e+03  9.98519e-01  9.97997e-01
 1.73149e+03  9.98702e-01  9.98002e-01
 1.73151e+03  9.98622e-01  9.98006e-01
 1.73154e+03  9.99453e-01  9.98011e-01
 1.73156e+03  1.00014e+00  9.98016e-01
 1.73158e+03  1.00021e+00  9.98021e-01
 1.73160e+03  9.99039e-01  9.98026e-01
 1.73162e+03  1.00125e+00  9.98031e-01
 1.73164e+03  1.00103e+00  9.98036e-01
 1.73166e+03  1.00085e+00  9.98041e-01
 1.73168e+03  1.00117e+00  9.98047e-01
 1.73170e+03  1.00291e+00  9.98052e-01
 1.73172e+03  1.00063e+00  9.98057e-01
 1.73174e+03  9.99564e-01  9.98062e-01
 1.73176e+03  1.00162e+00  9.98068e-01
 1.73179e+03  1.00061e+00  9.98073e-01
 1.73181e+03  1.00107e+00  9.98079e-01
 1.73183e+03  1.00083e+00  9.98084e-01
 1.73185e+03  1.00040e+00  9.98090e-01
 1.73187e+03  1.00299e+00  9.98096e-01
 1.73189e+03  1.00065e+00  9.98101e-01
 1.73191e+03  9.98201e-01  9.98107e-01
 1.73193e+03  1.00175e+00  9.98113e-01
 1.73195e+03  1.00026e+00  9.98119e-01
 1.73197e+03  9.99492e-01  9.98125e-01
 1.73199e+03  1.00136e+00  9.98132e-01
 1.73201e+03  1.00083e+00  9.98138e-01
 1.73204e+03  1.00103e+00  9.98144e-01
 1.73206e+03  1.00152e+00  9.98151e-01
 1.73208e+03  9.99056e-01  9.98158e-01
 1.73210e+03  1.00016e+00  9.98164e-01
 1.73212e+03  1.00225e+00  9.98171e-01
 1.73214e+03  9.99376e-01  9.98178e-01
 1.73216e+03  9.99224e-01  9.98186e-01
 1.73218e+03  1.00120e+00  9.98193e-01
 1.73220e+03  1.00177e+00  9.98201e-01
 1.73222e+03  9.98197e-01  9.98208e-01
 1.73224e+03  9.99404e-01  9.98216e-01
 1.73226e+03  9.98847e-01  9.98225e-01
 1.73229e+03  9.96562e-01  9.98233e-01
 1.73231e+03  9.99639e-01  9.98242e-01
 1.73233e+03  9.96800e-01  9.98251e-01
 1.73235e+03  9.98321e-01  9.98261e-01
 1.73237e+03  9.99834e-01  9.98271e-01
 1.73239e+03  9.98253e-01  9.98282e-01
 1.73241e+03  9.98566e-01  9.98293e-01
 1.73243e+03  9.97124e-01  9.98304e-01
 1.73245e+03  9.97292e-01  9.98317e-01
 1.73247e+03  9.96896e-01  9.98330e-01
 1.73249e+03  9.95088e-01  9.98345e-01
 1.73251e+03  9.94424e-01  9.98360e-01
 1.73254e+03  9.92097e-01  9.98377e-01
 1.73256e+03  9.83104e-01  9.98396e-01
 1.73258e+03  9.76100e-01  9.98416e-01
 1.73260e+03  9.75523e-01  9.98439e-01
 1.73262e+03  9.77357e-01  9.98465e-01
 1.73264e+03  9.80278e-01  9.98494e-01
 1.73266e+03  9.86745e-01  9.98527e-01
 1.73268e+03  9.94847e-01  9.98565e-01
 1.73270e+03  9.98610e-01  9.98608e-01
 1.73272e+03  9.96211e-01  9.98658e-01
 1.73274e+03  9.96162e-01  9.98716e-01
 1.73276e+03  9.96971e-01  9.98782e-01
 1.73279e+03  9.97477e-01  9.98854e-01
 1.73281e+03  9.96974e-01  9.98930e-01
 1.73283e+03  9.97128e-01  9.98997e-01
 1.73285e+03  9.96744e-01  9.99033e-01
 1.73287e+03  9.96384e-01  9.98983e-01
 1.73289e+03  9.96686e-01  9.98731e-01
 1.73291e+03  9.99044e-01  9.98043e-01
 1.73293e+03  9.97287e-01  9.96454e-01
 1.73295e+03  9.99156e-01  9.93205e-01
 1.73297e+03  1.00049e+00  9.87370e-01
 1.73299e+03  9.98046e-01  9.78970e-01
 1.73301e+03  9.99289e-01  9.21904e-01
 1.73304e+03  1.00083e+00  9.70952e-01
 1.73306e+03  9.98758e-01  9.78773e-01
 1.73308e+03  1.00044e+00  9.88420e-01
 1.73310e+03  1.00136e+00  9.94614e-01
 1.73312e+03  1.00326e+00  9.97143e-01
 1.73314e+03  1.00473e+00  9.97658e-01
 1.73316e+03  1.00404e+00  9.97429e-01
 1.73318e+03  1.00702e+00  9.97040e-01
 1.73320e+03  1.00946e+00  9.96698e-01
 1.73322e+03  1.01020e+00  9.96447e-01
 1.73324e+03  1.00830e+00  9.96281e-01
 1.73326e+03  1.01033e+00  9.96182e-01
 1.73329e+03  1.01171e+00  9.96130e-01
 1.73331e+03  1.01028e+00  9.96111e-01
 1.73333e+03  1.00866e+00  9.96113e-01
 1.73335e+03  1.00741e+00  9.96129e-01
 1.73337e+03  1.00638e+00  9.96155e-01
 1.73339e+03  1.00409e+00  9.96186e-01
 1.73341e+03  1.00271e+00  9.96220e-01
 1.73343e+03  9.99344e-01  9.96256e-01
 1.73345e+03  9.99704e-01  9.96293e-01
 1.73347e+03  9.95899e-01  9.96329e-01
 1.73351e+03  9.96598e-01  9.96399e-01
 1.73354e+03  9.94001e-01  9.96432e-01
 1.73356e+03  9.94319e-01  9.96464e-01
 1.73358e+03  9.96434e-01  9.96495e-01
 1.73360e+03  9.73137e-01  9.96525e-01
 1.73362e+03  9.29168e-01  9.96553e-01
 1.73366e+03  8.56593e-01  9.96606e-01
 1.73368e+03  8.46401e-01  9.96631e-01
 1.73370e+03  8.62524e-01  9.96655e-01
 1.73372e+03  9.02950e-01  9.96678e-01
 1.73374e+03  9.47884e-01  9.96700e-01
 1.73376e+03  9.84987e-01  9.96721e-01
 1.73379e+03  9.95222e-01  9.96741e-01
 1.73383e+03  9.96872e-01  9.96780e-01
 1.73385e+03  9.96671e-01  9.96798e-01
 1.73387e+03  9.97678e-01  9.96815e-01
 1.73389e+03  9.97814e-01  9.96832e-01
 1.73391e+03  9.97742e-01  9.96848e-01
 1.73393e+03  9.97492e-01  9.96864e-01
 1.73395e+03  9.99739e-01  9.96879e-01
 1.73397e+03  9.98915e-01  9.96894e-01
 1.73401e+03  1.00215e+00  9.96922e-01
 1.73404e+03  1.00134e+00  9.96935e-01
 1.73406e+03  1.00114e+00  9.96948e-01
 1.73408e+03  1.00314e+00  9.96961e-01
 1.73410e+03  1.00201e+00  9.96973e-01
 1.73412e+03  1.00191e+00  9.96985e-01
 1.73414e+03  1.00193e+00  9.96997e-01
 1.73416e+03  1.00273e+00  9.97008e-01
 1.73418e+03  1.00342e+00  9.97019e-01
 1.73420e+03  1.00297e+00  9.97030e-01
 1.73422e+03  1.00298e+00  9.97040e-01
 1.73424e+03  1.00338e+00  9.97051e-01
 1.73426e+03  1.00384e+00  9.97061e-01
 1.73429e+03  1.00223e+00  9.97070e-01
 1.73431e+03  1.00075e+00  9.97080e-01
 1.73433e+03  1.00419e+00  9.97089e-01
 1.73435e+03  1.00364e+00  9.97099e-01
 1.73437e+03  1.00524e+00  9.97108e-01
 1.73439e+03  1.00728e+00  9.97116e-01
 1.73441e+03  9.99694e-01  9.97125e-01
 1.73443e+03  9.97499e-01  9.97134e-01
 1.73445e+03  1.00160e+00  9.97142e-01
 1.73447e+03  1.00867e+00  9.97150e-01
 1.73449e+03  1.00123e+00  9.97158e-01
 1.73451e+03  9.93931e-01  9.97166e-01
 1.73454e+03  1.00255e+00  9.97174e-01
 1.73456e+03  1.00453e+00  9.97181e-01
 1.73458e+03  1.00090e+00  9.97189e-01
 1.73460e+03  9.95976e-01  9.97196e-01
 1.73462e+03  9.88984e-01  9.97204e-01
 1.73464e+03  1.01610e+00  9.97211e-01
 1.73466e+03  9.89610e-01  9.97218e-01
 1.73468e+03  9.72682e-01  9.97225e-01
 1.73470e+03  9.99852e-01  9.97232e-01
 1.73472e+03  1.01195e+00  9.97238e-01
 1.73476e+03  9.87455e-01  9.97251e-01
 1.73479e+03  9.84597e-01  9.97258e-01
 1.73481e+03  9.38827e-01  9.97264e-01
 1.73483e+03  9.77718e-01  9.97271e-01
 1.73485e+03  1.00155e+00  9.97277e-01
 1.73487e+03  1.00328e+00  9.97283e-01
 1.73489e+03  9.94553e-01  9.97289e-01
 1.73491e+03  9.70974e-01  9.97295e-01
 1.73493e+03  9.89321e-01  9.97301e-01
 1.73495e+03  1.00323e+00  9.97307e-01
 1.73497e+03  1.00584e+00  9.97313e-01
 1.73499e+03  1.01767e+00  9.97318e-01
 1.73501e+03  9.60460e-01  9.97324e-01
 1.73504e+03  9.57779e-01  9.97330e-01
 1.73506e+03  1.01063e+00  9.97335e-01
 1.73508e+03  1.02833e+00  9.97341e-01
 1.73510e+03  9.92911e-01  9.62757e-01
 1.73512e+03  9.95078e-01  9.62762e-01
 1.73514e+03  1.00560e+00  9.62767e-01
 1.73516e+03  9.94629e-01  9.62773e-01
 1.73518e+03  9.84902e-01  9.62778e-01
 1.73520e+03  9.83778e-01  9.62783e-01
 1.73522e+03  1.00107e+00  9.97378e-01
 1.73524e+03  1.00522e+00  9.97383e-01
 1.73526e+03  1.00404e+00  9.97388e-01
 1.73529e+03  1.00711e+00  9.97393e-01
 1.73531e+03  9.97915e-01  9.97398e-01
 1.73533e+03  9.96663e-01  9.97402e-01
 1.73535e+03  9.95658e-01  9.97407e-01
 1.73537e+03  9.97934e-01  9.97412e-01
 1.73539e+03  9.98317e-01  9.97417e-01
 1.73541e+03  9.99862e-01  9.97422e-01
 1.73543e+03  1.00161e+00  9.97426e-01
 1.73545e+03  9.99310e-01  9.97431e-01
 1.73547e+03  9.97633e-01  9.97436e-01
 1.73549e+03  9.97861e-01  9.97440e-01
 1.73551e+03  9.98939e-01  9.97445e-01
 1.73554e+03  9.97540e-01  9.97450e-01
 1.73556e+03  9.96796e-01  9.97454e-01
 1.73558e+03  9.98326e-01  9.97459e-01
 1.73560e+03  9.97826e-01  9.97463e-01
 1.73562e+03  9.98521e-01  9.97468e-01
 1.73564e+03  9.96979e-01  9.97472e-01
 1.73566e+03  9.98113e-01  9.97476e-01
 1.73568e+03  9.96324e-01  9.97481e-01
 1.73570e+03  9.96234e-01  9.97485e-01
 1.73572e+03  9.99294e-01  9.97489e-01
 1.73574e+03  9.97805e-01  9.97494e-01
 1.73576e+03  9.98160e-01  9.97498e-01
 1.73579e+03  9.97129e-01  9.97502e-01
 1.73581e+03  9.99032e-01  9.97506e-01
 1.73583e+03  9.98413e-01  9.97511e-01
 1.73585e+03  1.00078e+00  9.97515e-01
 1.73587e+03  9.99452e-01  9.97519e-01
 1.73589e+03  9.99193e-01  9.97523e-01
 1.73591e+03  9.96897e-01  9.97527e-01
 1.73593e+03  9.97122e-01  9.97531e-01
 1.73597e+03  9.97140e-01  9.97540e-01
 1.73599e+03  9.93933e-01  9.97544e-01
 1.73604e+03  9.95635e-01  9.97552e-01
 1.73608e+03  9.92943e-01  9.97560e-01
 1.73610e+03  9.94948e-01  9.97564e-01
 1.73612e+03  9.93549e-01  9.97568e-01
 1.73614e+03  9.94475e-01  9.97572e-01
 1.73616e+03  9.95042e-01  9.97576e-01
 1.73618e+03  9.99246e-01  9.97580e-01
 1.73620e+03  9.96623e-01  9.97583e-01
 1.73622e+03  9.93511e-01  9.97587e-01
 1.73624e+03  9.97182e-01  9.97591e-01
 1.73626e+03  9.98387e-01  9.97595e-01
 1.73629e+03  9.95895e-01  9.97599e-01
 1.73631e+03  9.96581e-01  9.97603e-01
 1.73633e+03  9.96658e-01  9.97607e-01
 1.73635e+03  9.97948e-01  9.97611e-01
 1.73637e+03  9.97591e-01  9.97614e-01
 1.73639e+03  9.96603e-01  9.97618e-01
 1.73641e+03  1.00324e+00  9.97622e-01
 1.73643e+03  1.00272e+00  9.97626e-01
 1.73645e+03  9.98121e-01  9.97630e-01
 1.73647e+03  9.97913e-01  9.97634e-01
 1.73649e+03  1.01040e+00  9.97637e-01
 1.73651e+03  9.96462e-01  9.97641e-01
 1.73654e+03  9.99087e-01  9.97645e-01
 1.73656e+03  9.99696e-01  9.97649e-01
 1.73660e+03  1.00214e+00  9.97656e-01
 1.73662e+03  9.97391e-01  9.97660e-01
 1.73664e+03  1.00160e+00  9.97664e-01
 1.73666e+03  9.98248e-01  9.97667e-01
 1.73670e+03  9.99855e-01  9.97675e-01
 1.73672e+03  1.00183e+00  9.97679e-01
 1.73674e+03  1.01197e+00  9.97682e-01
 1.73676e+03  1.00860e+00  9.97686e-01
 1.73681e+03  1.01177e+00  9.97694e-01
 1.73683e+03  1.00934e+00  9.97697e-01
 1.73685e+03  1.00256e+00  9.97701e-01
 1.73687e+03  1.00469e+00  9.97705e-01
 1.73693e+03  1.00695e+00  9.97716e-01
 1.73697e+03  1.00306e+00  9.97723e-01
 1.73699e+03  1.00452e+00  9.97727e-01
 1.73701e+03  1.00740e+00  9.97731e-01
 1.73704e+03  1.00549e+00  9.97735e-01
 1.73706e+03  1.00511e+00  9.97738e-01
 1.73710e+03  1.00547e+00  9.97746e-01
 1.73712e+03  1.00350e+00  9.97750e-01
 1.73714e+03  1.00341e+00  9.97753e-01
 1.73716e+03  1.00346e+00  9.97757e-01
 1.73718e+03  1.00314e+00  9.97761e-01
 1.73720e+03  1.00645e+00  9.97765e-01
 1.73722e+03  1.00883e+00  9.97768e-01
 1.73724e+03  1.00580e+00  9.97772e-01
 1.73726e+03  1.00739e+00  9.97776e-01
 1.73729e+03  1.00588e+00  9.97780e-01
 1.73731e+03  1.00459e+00  9.97783e-01
 1.73733e+03  1.00411e+00  9.97787e-01
 1.73735e+03  1.00255e+00  9.97791e-01
 1.73737e+03  1.00302e+00  9.97795e-01
 1.73739e+03  1.00427e+00  9.97799e-01
