1819
 1.76472e+03  1.00400e+00  9.69635e-01
 1.76474e+03  1.00511e+00  9.69617e-01
 1.76476e+03  1.00506e+00  9.69599e-01
 1.76479e+03  1.00548e+00  9.69581e-01
 1.76481e+03  1.00526e+00  9.69563e-01
 1.76483e+03  1.00302e+00  9.69544e-01
 1.76485e+03  1.00105e+00  9.69526e-01
 1.76487e+03  1.00171e+00  9.69508e-01
 1.76489e+03  1.00250e+00  9.69490e-01
 1.76491e+03  1.00196e+00  9.69472e-01
 1.76493e+03  1.00035e+00  9.69454e-01
 1.76497e+03  1.00044e+00  9.69417e-01
 1.76499e+03  9.98590e-01  9.69399e-01
 1.76501e+03  1.00195e+00  9.69381e-01
 1.76504e+03  1.00144e+00  9.69362e-01
 1.76506e+03  1.00315e+00  9.69344e-01
 1.76508e+03  1.00222e+00  9.69325e-01
 1.76510e+03  1.00039e+00  9.69307e-01
 1.76512e+03  9.99346e-01  9.69289e-01
 1.76514e+03  1.00280e+00  9.69270e-01
 1.76516e+03  1.00110e+00  9.69252e-01
 1.76518e+03  1.00195e+00  9.69233e-01
 1.76520e+03  1.00684e+00  9.69215e-01
 1.76522e+03  1.00573e+00  9.69196e-01
 1.76524e+03  1.00706e+00  9.69178e-01
 1.76526e+03  1.00440e+00  9.69159e-01
 1.76529e+03  1.00622e+00  9.69141e-01
 1.76531e+03  1.00609e+00  9.69122e-01
 1.76533e+03  1.00096e+00  9.69103e-01
 1.76535e+03  1.00568e+00  9.69085e-01
 1.76537e+03  9.98951e-01  9.69066e-01
 1.76539e+03  9.99099e-01  9.69047e-01
 1.76541e+03  1.00187e+00  9.69029e-01
 1.76543e+03  1.00000e+00  9.69010e-01
 1.76545e+03  9.98318e-01  9.68991e-01
 1.76547e+03  9.99674e-01  9.68972e-01
 1.76549e+03  9.98210e-01  9.68954e-01
 1.76551e+03  9.99933e-01  9.68935e-01
 1.76554e+03  9.99436e-01  9.68916e-01
 1.76556e+03  1.00078e+00  9.68897e-01
 1.76558e+03  1.00139e+00  9.68878e-01
 1.76560e+03  9.97332e-01  9.68859e-01
 1.76562e+03  9.99890e-01  9.68840e-01
 1.76564e+03  9.98625e-01  9.68821e-01
 1.76566e+03  9.99593e-01  9.68803e-01
 1.76568e+03  1.00217e+00  9.68784e-01
 1.76570e+03  9.99115e-01  9.68765e-01
 1.76572e+03  9.98254e-01  9.68746e-01
 1.76574e+03  9.99724e-01  9.68727e-01
 1.76576e+03  9.98959e-01  9.68708e-01
 1.76579e+03  1.00063e+00  9.68688e-01
 1.76583e+03  1.00123e+00  9.68650e-01
 1.76585e+03  9.99000e-01  9.68631e-01
 1.76587e+03  1.00301e+00  9.68612e-01
 1.76589e+03  9.98549e-01  9.68593e-01
 1.76591e+03  1.00318e+00  9.68574e-01
 1.76593e+03  9.99673e-01  9.68555e-01
 1.76595e+03  9.99727e-01  9.68535e-01
 1.76597e+03  9.99127e-01  9.68516e-01
 1.76599e+03  1.00166e+00  9.68497e-01
 1.76601e+03  9.97288e-01  9.68478e-01
 1.76604e+03  9.91725e-01  9.68458e-01
 1.76606e+03  9.55625e-01  9.68439e-01
 1.76608e+03  8.98287e-01  9.68420e-01
 1.76610e+03  8.33991e-01  9.68401e-01
 1.76612e+03  7.62883e-01  9.68381e-01
 1.76614e+03  6.89208e-01  9.68362e-01
 1.76616e+03  6.28926e-01  9.68342e-01
 1.76618e+03  6.08290e-01  9.68323e-01
 1.76620e+03  6.51945e-01  9.68304e-01
 1.76622e+03  7.24344e-01  9.68284e-01
 1.76624e+03  7.93085e-01  9.68265e-01
 1.76626e+03  8.63458e-01  9.68246e-01
 1.76629e+03  9.28296e-01  9.68226e-01
 1.76631e+03  9.76283e-01  9.68207e-01
 1.76633e+03  9.99819e-01  9.68187e-01
 1.76635e+03  1.00013e+00  9.68168e-01
 1.76637e+03  1.00188e+00  9.68148e-01
 1.76639e+03  9.98654e-01  9.68129e-01
 1.76641e+03  1.00381e+00  9.68109e-01
 1.76643e+03  1.00228e+00  9.68090e-01
 1.76647e+03  1.00472e+00  9.68051e-01
 1.76649e+03  1.00343e+00  9.68031e-01
 1.76651e+03  1.00233e+00  9.68011e-01
 1.76654e+03  1.00337e+00  9.67992e-01
 1.76656e+03  1.00384e+00  9.67972e-01
 1.76658e+03  9.99547e-01  9.67953e-01
 1.76660e+03  1.00369e+00  9.67933e-01
 1.76662e+03  1.00410e+00  9.67913e-01
 1.76666e+03  1.00838e+00  9.67874e-01
 1.76668e+03  1.00771e+00  9.67854e-01
 1.76670e+03  1.00853e+00  9.67835e-01
 1.76672e+03  1.00723e+00  9.67815e-01
 1.76674e+03  1.00969e+00  9.67795e-01
 1.76676e+03  1.00919e+00  9.67776e-01
 1.76679e+03  1.01169e+00  9.67756e-01
 1.76681e+03  1.00521e+00  9.67736e-01
 1.76683e+03  1.00197e+00  9.67717e-01
 1.76685e+03  1.00152e+00  9.67697e-01
 1.76687e+03  1.00272e+00  9.67677e-01
 1.76689e+03  9.96900e-01  9.67657e-01
 1.76691e+03  9.96024e-01  9.67637e-01
 1.76693e+03  9.90368e-01  9.67618e-01
 1.76695e+03  9.86579e-01  9.67598e-01
 1.76697e+03  9.21874e-01  9.67578e-01
 1.76699e+03  7.98754e-01  9.67558e-01
 1.76701e+03  6.40939e-01  9.67539e-01
 1.76704e+03  5.18750e-01  9.67519e-01
 1.76706e+03  5.75389e-01  9.67499e-01
 1.76708e+03  7.35128e-01  9.67479e-01
 1.76710e+03  8.76193e-01  9.67459e-01
 1.76712e+03  9.76354e-01  9.67439e-01
 1.76714e+03  9.97493e-01  9.67420e-01
 1.76716e+03  9.95648e-01  9.67400e-01
 1.76718e+03  9.96850e-01  9.67380e-01
 1.76720e+03  9.97742e-01  9.67360e-01
 1.76722e+03  9.99632e-01  9.67340e-01
 1.76724e+03  9.99262e-01  9.67320e-01
 1.76726e+03  9.98851e-01  9.67300e-01
 1.76729e+03  9.97241e-01  9.67281e-01
 1.76731e+03  9.99947e-01  9.67261e-01
 1.76733e+03  9.94589e-01  9.67241e-01
 1.76735e+03  1.00026e+00  9.67221e-01
 1.76737e+03  9.97513e-01  9.67201e-01
 1.76739e+03  9.98985e-01  9.67181e-01
 1.76741e+03  9.97261e-01  9.67161e-01
 1.76743e+03  9.91191e-01  9.67141e-01
 1.76745e+03  9.98789e-01  9.67121e-01
 1.76747e+03  9.98379e-01  9.67102e-01
 1.76749e+03  9.97626e-01  9.67082e-01
 1.76752e+03  1.00091e+00  9.67062e-01
 1.76754e+03  9.99895e-01  9.67042e-01
 1.76756e+03  1.00141e+00  9.67022e-01
 1.76758e+03  1.00043e+00  9.67002e-01
 1.76760e+03  1.00161e+00  9.66982e-01
 1.76762e+03  1.00504e+00  9.66962e-01
 1.76764e+03  1.00275e+00  9.66942e-01
 1.76766e+03  1.00302e+00  9.66922e-01
 1.76768e+03  1.00617e+00  9.66903e-01
 1.76770e+03  1.00492e+00  9.66883e-01
 1.76772e+03  1.00316e+00  9.66863e-01
 1.76774e+03  1.00309e+00  9.66843e-01
 1.76777e+03  1.00557e+00  9.66823e-01
 1.76779e+03  1.00092e+00  9.66803e-01
 1.76781e+03  1.00362e+00  9.66783e-01
 1.76783e+03  9.98470e-01  9.66763e-01
 1.76785e+03  1.00063e+00  9.66743e-01
 1.76787e+03  9.98141e-01  9.66723e-01
 1.76789e+03  1.00071e+00  9.66703e-01
 1.76791e+03  9.98517e-01  9.66684e-01
 1.76793e+03  9.99029e-01  9.66664e-01
 1.76795e+03  9.97505e-01  9.66644e-01
 1.76797e+03  9.99994e-01  9.66624e-01
 1.76799e+03  1.00155e+00  9.66604e-01
 1.76802e+03  1.00043e+00  9.66584e-01
 1.76804e+03  9.99881e-01  9.66564e-01
 1.76806e+03  1.00030e+00  9.66545e-01
 1.76808e+03  1.00045e+00  9.66525e-01
 1.76810e+03  1.00323e+00  9.66505e-01
 1.76812e+03  9.98676e-01  9.66485e-01
 1.76814e+03  1.00203e+00  9.66465e-01
 1.76816e+03  1.00604e+00  9.66445e-01
 1.76818e+03  1.00418e+00  9.66426e-01
 1.76820e+03  9.99044e-01  9.66406e-01
 1.76822e+03  1.00282e+00  9.66386e-01
 1.76824e+03  1.00290e+00  9.66366e-01
 1.76827e+03  1.00187e+00  9.66346e-01
 1.76829e+03  1.00441e+00  9.66327e-01
 1.76831e+03  9.97499e-01  9.66307e-01
 1.76833e+03  1.00133e+00  9.66287e-01
 1.76835e+03  9.96417e-01  9.66267e-01
 1.76837e+03  9.95295e-01  9.66247e-01
 1.76839e+03  9.94377e-01  9.66228e-01
 1.76841e+03  1.00084e+00  9.66208e-01
 1.76843e+03  9.94611e-01  9.66188e-01
 1.76845e+03  9.94841e-01  9.66169e-01
 1.76847e+03  9.91507e-01  9.66149e-01
 1.76849e+03  9.94298e-01  9.66129e-01
 1.76852e+03  9.94101e-01  9.66109e-01
 1.76854e+03  9.98514e-01  9.66090e-01
 1.76856e+03  9.94402e-01  9.66070e-01
 1.76858e+03  9.99274e-01  9.66051e-01
 1.76862e+03  9.98249e-01  9.66011e-01
 1.76864e+03  9.99550e-01  9.65992e-01
 1.76866e+03  1.00126e+00  9.65972e-01
 1.76868e+03  1.00178e+00  9.65952e-01
 1.76870e+03  1.00660e+00  9.65933e-01
 1.76872e+03  1.00568e+00  9.65913e-01
 1.76874e+03  1.00522e+00  9.65894e-01
 1.76877e+03  1.00138e+00  9.65874e-01
 1.76879e+03  1.00460e+00  9.65855e-01
 1.76881e+03  1.00400e+00  9.65835e-01
 1.76883e+03  1.00464e+00  9.65816e-01
 1.76885e+03  1.00485e+00  9.65796e-01
 1.76887e+03  1.00287e+00  9.65777e-01
 1.76889e+03  1.00276e+00  9.65757e-01
 1.76891e+03  9.99976e-01  9.65738e-01
 1.76893e+03  1.00296e+00  9.65719e-01
 1.76895e+03  9.99074e-01  9.65699e-01
 1.76897e+03  9.99190e-01  9.65680e-01
 1.76899e+03  9.96091e-01  9.65661e-01
 1.76902e+03  9.96242e-01  9.65641e-01
 1.76904e+03  9.97191e-01  9.65622e-01
 1.76906e+03  9.96092e-01  9.65603e-01
 1.76908e+03  9.95585e-01  9.65583e-01
 1.76910e+03  9.96885e-01  9.65564e-01
 1.76912e+03  1.00046e+00  9.65545e-01
 1.76914e+03  1.00248e+00  9.65526e-01
 1.76916e+03  1.00169e+00  9.65507e-01
 1.76918e+03  1.00289e+00  9.65487e-01
 1.76920e+03  1.00283e+00  9.65468e-01
 1.76922e+03  1.00370e+00  9.65449e-01
 1.76924e+03  1.00427e+00  9.65430e-01
 1.76927e+03  1.00657e+00  9.65411e-01
 1.76929e+03  1.00428e+00  9.65392e-01
 1.76931e+03  1.00375e+00  9.65373e-01
 1.76933e+03  1.00406e+00  9.65354e-01
 1.76935e+03  1.00207e+00  9.65335e-01
 1.76937e+03  1.00201e+00  9.65316e-01
 1.76939e+03  1.00345e+00  9.65297e-01
 1.76941e+03  9.98685e-01  9.65278e-01
 1.76943e+03  9.93956e-01  9.65259e-01
 1.76945e+03  9.96851e-01  9.65240e-01
 1.76947e+03  9.92544e-01  9.65221e-01
 1.76949e+03  9.94142e-01  9.65202e-01
 1.76952e+03  9.91160e-01  9.65184e-01
 1.76954e+03  9.95037e-01  9.65165e-01
 1.76958e+03  9.90027e-01  9.65127e-01
 1.76960e+03  9.94815e-01  9.65109e-01
 1.76962e+03  9.93508e-01  9.65090e-01
 1.76964e+03  9.94507e-01  9.65071e-01
 1.76968e+03  9.98213e-01  9.65034e-01
 1.76970e+03  9.97344e-01  9.65016e-01
 1.76972e+03  1.00230e+00  9.64997e-01
 1.76974e+03  9.99220e-01  9.64979e-01
 1.76977e+03  1.00617e+00  9.64960e-01
 1.76979e+03  9.98103e-01  9.64942e-01
 1.76981e+03  1.00611e+00  9.64923e-01
 1.76983e+03  1.00300e+00  9.64905e-01
 1.76985e+03  1.00223e+00  9.64887e-01
 1.76987e+03  9.64240e-01  9.64868e-01
 1.76989e+03  9.14077e-01  9.64850e-01
 1.76991e+03  8.47263e-01  9.64832e-01
 1.76993e+03  7.75018e-01  9.64814e-01
 1.76995e+03  7.01668e-01  9.64795e-01
 1.76997e+03  6.35216e-01  9.64777e-01
 1.77002e+03  6.42039e-01  9.64741e-01
 1.77004e+03  7.03153e-01  9.64723e-01
 1.77006e+03  7.74944e-01  9.64705e-01
 1.77008e+03  8.44226e-01  9.64687e-01
 1.77010e+03  9.08156e-01  9.64669e-01
 1.77012e+03  9.59771e-01  9.64651e-01
 1.77016e+03  9.92794e-01  9.64615e-01
 1.77018e+03  9.98723e-01  9.64598e-01
 1.77020e+03  9.98219e-01  9.64580e-01
 1.77022e+03  9.99268e-01  9.64562e-01
 1.77024e+03  1.00371e+00  9.64544e-01
 1.77027e+03  1.00149e+00  9.64527e-01
 1.77029e+03  1.00702e+00  9.64509e-01
 1.77031e+03  1.01061e+00  9.64492e-01
 1.77033e+03  1.00849e+00  9.64474e-01
 1.77035e+03  1.00516e+00  9.64456e-01
 1.77037e+03  1.00988e+00  9.64439e-01
 1.77041e+03  1.01007e+00  9.64404e-01
 1.77043e+03  1.00757e+00  9.64387e-01
 1.77045e+03  1.00898e+00  9.64370e-01
 1.77047e+03  1.00896e+00  9.64352e-01
 1.77049e+03  1.00622e+00  9.64335e-01
 1.77052e+03  9.99662e-01  9.64318e-01
 1.77054e+03  1.00376e+00  9.64301e-01
 1.77056e+03  1.00607e+00  9.64284e-01
 1.77058e+03  1.00180e+00  9.64267e-01
 1.77060e+03  9.98774e-01  9.64250e-01
 1.77062e+03  9.98846e-01  9.64233e-01
 1.77064e+03  9.98298e-01  9.64216e-01
 1.77066e+03  9.95387e-01  9.64199e-01
 1.77068e+03  9.97029e-01  9.64182e-01
 1.77070e+03  9.91201e-01  9.64165e-01
 1.77074e+03  9.95581e-01  9.64132e-01
 1.77077e+03  9.92585e-01  9.64115e-01
 1.77079e+03  9.45261e-01  9.64098e-01
 1.77081e+03  8.25345e-01  9.64082e-01
 1.77083e+03  6.77898e-01  9.64065e-01
 1.77085e+03  5.32405e-01  9.64049e-01
 1.77087e+03  5.53552e-01  9.64021e-01
 1.77089e+03  7.07265e-01  9.64005e-01
 1.77091e+03  8.59263e-01  9.63989e-01
 1.77093e+03  9.69160e-01  9.63972e-01
 1.77095e+03  1.00373e+00  9.63956e-01
 1.77097e+03  1.00194e+00  9.63940e-01
 1.77099e+03  9.99993e-01  9.63924e-01
 1.77102e+03  9.97088e-01  9.63908e-01
 1.77104e+03  9.96123e-01  9.63892e-01
 1.77106e+03  9.95258e-01  9.63876e-01
 1.77108e+03  9.92706e-01  9.63860e-01
 1.77110e+03  9.93022e-01  9.63844e-01
 1.77112e+03  9.92216e-01  9.63828e-01
 1.77114e+03  9.91692e-01  9.63812e-01
 1.77116e+03  9.90757e-01  9.63796e-01
 1.77118e+03  9.95030e-01  9.63781e-01
 1.77120e+03  9.92953e-01  9.63765e-01
 1.77122e+03  9.94837e-01  9.63750e-01
 1.77124e+03  9.91406e-01  9.63734e-01
 1.77127e+03  9.96928e-01  9.63719e-01
 1.77129e+03  9.96162e-01  9.63703e-01
 1.77131e+03  9.98824e-01  9.63688e-01
 1.77133e+03  1.00323e+00  9.63673e-01
 1.77135e+03  1.00125e+00  9.63657e-01
 1.77137e+03  1.00794e+00  9.63642e-01
 1.77139e+03  1.00528e+00  9.63627e-01
 1.77141e+03  1.01206e+00  9.63612e-01
 1.77143e+03  1.00793e+00  9.63597e-01
 1.77145e+03  1.00923e+00  9.63582e-01
 1.77147e+03  1.00754e+00  9.63567e-01
 1.77149e+03  1.00630e+00  9.63552e-01
 1.77152e+03  1.00605e+00  9.63537e-01
 1.77154e+03  1.00345e+00  9.63522e-01
 1.77156e+03  1.00280e+00  9.63508e-01
 1.77158e+03  1.00117e+00  9.63493e-01
 1.77162e+03  9.94348e-01  9.63464e-01
 1.77164e+03  9.96072e-01  9.63450e-01
 1.77166e+03  9.92011e-01  9.63435e-01
 1.77168e+03  9.92412e-01  9.63421e-01
 1.77170e+03  9.92706e-01  9.63406e-01
 1.77172e+03  9.94209e-01  9.63392e-01
 1.77174e+03  9.96092e-01  9.63378e-01
 1.77177e+03  9.93303e-01  9.63364e-01
 1.77179e+03  9.98437e-01  9.63350e-01
 1.77181e+03  9.96096e-01  9.63336e-01
 1.77183e+03  1.00161e+00  9.63322e-01
 1.77185e+03  1.00239e+00  9.63308e-01
 1.77187e+03  1.00592e+00  9.63295e-01
 1.77189e+03  1.00446e+00  9.63281e-01
 1.77191e+03  1.01089e+00  9.63267e-01
 1.77193e+03  1.00851e+00  9.63254e-01
 1.77195e+03  1.01143e+00  9.63240e-01
 1.77197e+03  1.01258e+00  9.63227e-01
 1.77199e+03  1.00634e+00  9.63213e-01
 1.77202e+03  1.00714e+00  9.63200e-01
 1.77204e+03  1.00373e+00  9.63187e-01
 1.77206e+03  1.00648e+00  9.63173e-01
 1.77210e+03  1.00496e+00  9.63147e-01
 1.77212e+03  9.97368e-01  9.63134e-01
 1.77214e+03  9.94691e-01  9.63121e-01
 1.77216e+03  9.94161e-01  9.63108e-01
 1.77218e+03  9.93098e-01  9.63095e-01
 1.77552e+03  9.96799e-01  9.62096e-01
 1.77554e+03  9.95504e-01  9.62097e-01
 1.77556e+03  1.00380e+00  9.62099e-01
 1.77558e+03  9.94359e-01  9.62100e-01
 1.77560e+03  9.93623e-01  9.62102e-01
 1.77562e+03  1.00109e+00  9.62103e-01
 1.77564e+03  1.00144e+00  9.62105e-01
 1.77566e+03  9.99102e-01  9.62106e-01
 1.77568e+03  1.01170e+00  9.62108e-01
 1.77777e+03  9.88474e-01  9.62783e-01
 1.77779e+03  1.00036e+00  9.62794e-01
 1.77781e+03  1.00169e+00  9.62806e-01
 1.77783e+03  1.00175e+00  9.62828e-01
 1.77791e+03  1.00132e+00  9.62876e-01
 1.77793e+03  9.97974e-01  9.62888e-01
 1.77797e+03  9.93759e-01  9.62912e-01
 1.77802e+03  9.97740e-01  9.62937e-01
 1.77820e+03  1.00267e+00  9.63052e-01
 1.77824e+03  1.00758e+00  9.63079e-01
 1.77827e+03  1.00469e+00  9.63092e-01
 1.77829e+03  1.00709e+00  9.63106e-01
 1.77835e+03  9.97099e-01  9.63147e-01
 1.77837e+03  9.97385e-01  9.63161e-01
 1.77839e+03  1.00108e+00  9.63175e-01
 1.77841e+03  9.76979e-01  9.63189e-01
 1.77843e+03  8.82525e-01  9.63203e-01
 1.77845e+03  7.36674e-01  9.63217e-01
 1.77847e+03  5.77622e-01  9.63231e-01
 1.77849e+03  5.19549e-01  9.63245e-01
 1.77852e+03  6.44844e-01  9.63260e-01
 1.77854e+03  7.94537e-01  9.63274e-01
 1.77856e+03  9.22849e-01  9.63289e-01
 1.77858e+03  9.89781e-01  9.63303e-01
 1.77860e+03  9.90940e-01  9.63318e-01
 1.77864e+03  9.91612e-01  9.63348e-01
 1.77866e+03  9.90977e-01  9.63363e-01
 1.77868e+03  9.92591e-01  9.63378e-01
 1.77870e+03  9.90610e-01  9.63393e-01
 1.77872e+03  9.93878e-01  9.63408e-01
 1.77874e+03  9.90876e-01  9.63423e-01
 1.77877e+03  9.93439e-01  9.63438e-01
 1.77879e+03  9.98324e-01  9.63454e-01
 1.77881e+03  9.94918e-01  9.63469e-01
 1.77883e+03  9.99230e-01  9.63485e-01
 1.77885e+03  1.00136e+00  9.63500e-01
 1.77887e+03  9.99312e-01  9.63516e-01
 1.77891e+03  1.00132e+00  9.63548e-01
 1.77893e+03  1.00269e+00  9.63564e-01
 1.77895e+03  1.00423e+00  9.63580e-01
 1.77897e+03  1.00034e+00  9.63596e-01
 1.77899e+03  1.00048e+00  9.63612e-01
 1.77902e+03  1.00041e+00  9.63628e-01
 1.77904e+03  1.00079e+00  9.63644e-01
 1.77906e+03  9.96401e-01  9.63661e-01
 1.77908e+03  9.99310e-01  9.63677e-01
 1.77910e+03  9.94335e-01  9.63693e-01
 1.77912e+03  9.95608e-01  9.63710e-01
 1.77914e+03  9.95331e-01  9.63727e-01
 1.77916e+03  9.94565e-01  9.63743e-01
 1.77918e+03  9.94437e-01  9.63760e-01
 1.77920e+03  9.91343e-01  9.63777e-01
 1.77922e+03  9.93990e-01  9.63794e-01
 1.77924e+03  9.94898e-01  9.63811e-01
 1.77927e+03  9.95438e-01  9.63828e-01
 1.77929e+03  9.94915e-01  9.63845e-01
 1.77931e+03  9.97691e-01  9.63862e-01
 1.77933e+03  9.98677e-01  9.63879e-01
 1.77935e+03  9.99522e-01  9.63897e-01
 1.77937e+03  9.99138e-01  9.63914e-01
 1.77939e+03  1.00281e+00  9.63931e-01
 1.77941e+03  1.00135e+00  9.63949e-01
 1.77943e+03  1.00342e+00  9.63967e-01
 1.77945e+03  1.00366e+00  9.63984e-01
 1.77947e+03  1.00573e+00  9.64002e-01
 1.77949e+03  1.00521e+00  9.64020e-01
 1.77952e+03  1.00295e+00  9.64037e-01
 1.77954e+03  1.00455e+00  9.64055e-01
 1.77956e+03  1.00009e+00  9.64073e-01
 1.77958e+03  9.99044e-01  9.64091e-01
 1.77960e+03  1.00391e+00  9.64109e-01
 1.77962e+03  1.00042e+00  9.64128e-01
 1.77964e+03  9.97119e-01  9.64146e-01
 1.77966e+03  9.98682e-01  9.64164e-01
 1.77968e+03  9.97419e-01  9.64182e-01
 1.77970e+03  9.98734e-01  9.64201e-01
 1.77972e+03  9.95744e-01  9.64219e-01
 1.77974e+03  9.96391e-01  9.64238e-01
 1.77977e+03  9.96945e-01  9.64256e-01
 1.77979e+03  9.97970e-01  9.64275e-01
 1.77981e+03  9.96420e-01  9.64294e-01
 1.77983e+03  9.98764e-01  9.64312e-01
 1.77987e+03  9.97155e-01  9.64350e-01
 1.77989e+03  1.00018e+00  9.64369e-01
 1.77991e+03  1.00280e+00  9.64388e-01
 1.77993e+03  1.00263e+00  9.64407e-01
 1.77995e+03  9.99908e-01  9.64426e-01
 1.77997e+03  1.00199e+00  9.64445e-01
 1.77999e+03  1.00245e+00  9.64464e-01
 1.78002e+03  1.00134e+00  9.64484e-01
 1.78004e+03  1.00272e+00  9.64503e-01
 1.78006e+03  1.00121e+00  9.64522e-01
 1.78008e+03  1.00316e+00  9.64542e-01
 1.78010e+03  1.00070e+00  9.64561e-01
 1.78012e+03  1.00000e+00  9.64581e-01
 1.78014e+03  1.00282e+00  9.64600e-01
 1.78016e+03  9.98961e-01  9.64620e-01
 1.78018e+03  9.93708e-01  9.64640e-01
 1.78020e+03  9.96448e-01  9.64659e-01
 1.78022e+03  9.95968e-01  9.64679e-01
 1.78024e+03  9.98287e-01  9.64699e-01
 1.78027e+03  9.94656e-01  9.64719e-01
 1.78029e+03  9.95758e-01  9.64739e-01
 1.78031e+03  9.98214e-01  9.64759e-01
 1.78033e+03  9.97971e-01  9.64779e-01
 1.78035e+03  9.95512e-01  9.64799e-01
 1.78037e+03  1.00030e+00  9.64819e-01
 1.78039e+03  1.00075e+00  9.64839e-01
 1.78041e+03  9.99068e-01  9.64859e-01
 1.78043e+03  1.00247e+00  9.64880e-01
 1.78045e+03  1.00209e+00  9.64900e-01
 1.78047e+03  9.97579e-01  9.64920e-01
 1.78049e+03  1.00407e+00  9.64941e-01
 1.78052e+03  1.00280e+00  9.64961e-01
 1.78054e+03  1.00338e+00  9.64982e-01
 1.78056e+03  1.00023e+00  9.65002e-01
 1.78058e+03  1.00343e+00  9.65023e-01
 1.78060e+03  1.00390e+00  9.65044e-01
 1.78062e+03  1.00238e+00  9.65064e-01
 1.78064e+03  1.00146e+00  9.65085e-01
 1.78066e+03  9.99539e-01  9.65106e-01
 1.78068e+03  9.98728e-01  9.65127e-01
 1.78070e+03  9.99907e-01  9.65147e-01
 1.78072e+03  9.99053e-01  9.65168e-01
 1.78074e+03  9.98463e-01  9.65189e-01
 1.78077e+03  9.95441e-01  9.65210e-01
 1.78079e+03  1.00120e+00  9.65231e-01
 1.78081e+03  9.98593e-01  9.65252e-01
 1.78083e+03  1.00085e+00  9.65274e-01
 1.78085e+03  9.99565e-01  9.65295e-01
 1.78087e+03  9.99798e-01  9.65316e-01
 1.78089e+03  1.00271e+00  9.65337e-01
 1.78091e+03  1.00310e+00  9.65358e-01
 1.78093e+03  9.99401e-01  9.65380e-01
 1.78095e+03  1.00505e+00  9.65401e-01
 1.78097e+03  1.00138e+00  9.65422e-01
 1.78099e+03  1.00085e+00  9.65444e-01
 1.78102e+03  1.00384e+00  9.65465e-01
 1.78104e+03  1.00418e+00  9.65487e-01
 1.78106e+03  1.00570e+00  9.65508e-01
 1.78108e+03  1.00336e+00  9.65530e-01
 1.78110e+03  1.00357e+00  9.65551e-01
 1.78112e+03  1.00345e+00  9.65573e-01
 1.78114e+03  1.00215e+00  9.65595e-01
 1.78116e+03  9.99554e-01  9.65616e-01
 1.78118e+03  1.00327e+00  9.65638e-01
 1.78120e+03  1.00047e+00  9.65660e-01
 1.78122e+03  1.00390e+00  9.65682e-01
 1.78124e+03  1.00348e+00  9.65704e-01
 1.78127e+03  1.00017e+00  9.65726e-01
 1.78129e+03  9.97910e-01  9.65747e-01
 1.78131e+03  9.83826e-01  9.65769e-01
 1.78135e+03  8.80291e-01  9.65813e-01
 1.78137e+03  8.16237e-01  9.65835e-01
 1.78139e+03  7.45089e-01  9.65857e-01
 1.78141e+03  6.70419e-01  9.65879e-01
 1.78143e+03  6.23215e-01  9.65902e-01
 1.78145e+03  6.23793e-01  9.65924e-01
 1.78147e+03  6.75347e-01  9.65946e-01
 1.78149e+03  7.47522e-01  9.65968e-01
 1.78152e+03  8.18541e-01  9.65990e-01
 1.78154e+03  8.88678e-01  9.66013e-01
 1.78156e+03  9.44234e-01  9.66035e-01
 1.78158e+03  9.85901e-01  9.66057e-01
 1.78160e+03  1.00157e+00  9.66080e-01
 1.78162e+03  1.00075e+00  9.66102e-01
 1.78164e+03  9.97836e-01  9.66124e-01
 1.78166e+03  1.00211e+00  9.66147e-01
 1.78168e+03  1.00159e+00  9.66169e-01
 1.78170e+03  1.00174e+00  9.66192e-01
 1.78172e+03  1.00221e+00  9.66214e-01
 1.78174e+03  1.00426e+00  9.66237e-01
 1.78177e+03  1.00320e+00  9.66259e-01
 1.78181e+03  1.00090e+00  9.66304e-01
 1.78183e+03  1.00295e+00  9.66327e-01
 1.78185e+03  1.00282e+00  9.66349e-01
 1.78187e+03  1.00248e+00  9.66372e-01
 1.78189e+03  1.00640e+00  9.66395e-01
 1.78191e+03  1.00769e+00  9.66417e-01
 1.78193e+03  1.00820e+00  9.66440e-01
 1.78195e+03  1.00733e+00  9.66463e-01
 1.78197e+03  1.00798e+00  9.66486e-01
 1.78199e+03  1.01392e+00  9.66508e-01
 1.78202e+03  1.01157e+00  9.66531e-01
 1.78204e+03  1.01137e+00  9.66554e-01
 1.78206e+03  1.01099e+00  9.66577e-01
 1.78208e+03  1.00983e+00  9.66599e-01
 1.78210e+03  1.00904e+00  9.66622e-01
 1.78212e+03  1.00215e+00  9.66645e-01
 1.78214e+03  1.00249e+00  9.66668e-01
 1.78216e+03  1.00284e+00  9.66691e-01
 1.78218e+03  9.99504e-01  9.66714e-01
 1.78220e+03  9.96243e-01  9.66737e-01
 1.78222e+03  9.88425e-01  9.66760e-01
 1.78224e+03  8.99466e-01  9.66783e-01
 1.78227e+03  7.65075e-01  9.66806e-01
 1.78229e+03  6.07931e-01  9.66829e-01
 1.78231e+03  5.15301e-01  9.66852e-01
 1.78233e+03  6.22502e-01  9.66875e-01
 1.78235e+03  7.72733e-01  9.66898e-01
 1.78237e+03  9.09657e-01  9.66921e-01
 1.78239e+03  9.89376e-01  9.66944e-01
 1.78241e+03  1.00167e+00  9.66967e-01
 1.78243e+03  1.00159e+00  9.66990e-01
 1.78245e+03  9.98766e-01  9.67013e-01
 1.78247e+03  1.00154e+00  9.67036e-01
 1.78249e+03  1.00011e+00  9.67059e-01
 1.78252e+03  1.00154e+00  9.67082e-01
 1.78254e+03  1.00186e+00  9.67105e-01
 1.78256e+03  1.00344e+00  9.67128e-01
 1.78258e+03  1.00147e+00  9.67151e-01
 1.78260e+03  9.98203e-01  9.67175e-01
 1.78262e+03  1.00097e+00  9.67198e-01
 1.78264e+03  9.99668e-01  9.67221e-01
 1.78266e+03  9.98347e-01  9.67244e-01
 1.78268e+03  9.98380e-01  9.67267e-01
 1.78270e+03  1.00221e+00  9.67290e-01
 1.78272e+03  9.95253e-01  9.67314e-01
 1.78274e+03  1.00008e+00  9.67337e-01
 1.78277e+03  9.97569e-01  9.67360e-01
 1.78279e+03  9.99132e-01  9.67383e-01
 1.78281e+03  9.98415e-01  9.67406e-01
 1.78283e+03  9.99809e-01  9.67429e-01
 1.78285e+03  9.99809e-01  9.67453e-01
 1.78287e+03  1.00011e+00  9.67476e-01
 1.78289e+03  1.00598e+00  9.67499e-01
 1.78291e+03  1.00027e+00  9.67522e-01
 1.78295e+03  1.00430e+00  9.67569e-01
 1.78297e+03  1.00075e+00  9.67592e-01
 1.78299e+03  1.00569e+00  9.67615e-01
 1.78302e+03  1.00462e+00  9.67638e-01
 1.78304e+03  1.00321e+00  9.67662e-01
 1.78306e+03  1.00394e+00  9.67685e-01
 1.78308e+03  1.00082e+00  9.67708e-01
 1.78310e+03  9.99871e-01  9.67731e-01
 1.78312e+03  9.99966e-01  9.67755e-01
 1.78314e+03  1.00260e+00  9.67778e-01
 1.78316e+03  1.00014e+00  9.67801e-01
 1.78318e+03  9.99496e-01  9.67824e-01
 1.78320e+03  1.00098e+00  9.67847e-01
 1.78322e+03  9.99525e-01  9.67871e-01
 1.78324e+03  9.99039e-01  9.67894e-01
 1.78327e+03  9.96119e-01  9.67917e-01
 1.78329e+03  1.00075e+00  9.67940e-01
 1.78331e+03  9.99851e-01  9.67963e-01
 1.78333e+03  1.00205e+00  9.67987e-01
 1.78335e+03  1.00218e+00  9.68010e-01
 1.78337e+03  9.99655e-01  9.68033e-01
 1.78339e+03  1.00192e+00  9.68056e-01
 1.78341e+03  1.00462e+00  9.68079e-01
 1.78343e+03  1.00380e+00  9.68102e-01
 1.78345e+03  1.00245e+00  9.68126e-01
 1.78347e+03  1.00390e+00  9.68149e-01
 1.78349e+03  1.00718e+00  9.68172e-01
 1.78352e+03  1.00630e+00  9.68195e-01
 1.78354e+03  1.00660e+00  9.68218e-01
 1.78356e+03  1.00485e+00  9.68241e-01
 1.78358e+03  1.00440e+00  9.68264e-01
 1.78360e+03  1.00534e+00  9.68288e-01
 1.78362e+03  1.00102e+00  9.68311e-01
 1.78364e+03  1.00218e+00  9.68334e-01
 1.78366e+03  1.00068e+00  9.68357e-01
 1.78368e+03  1.00019e+00  9.68380e-01
 1.78370e+03  9.98684e-01  9.68403e-01
 1.78372e+03  1.00239e+00  9.68426e-01
 1.78374e+03  9.98134e-01  9.68449e-01
 1.78377e+03  9.99824e-01  9.68472e-01
 1.78379e+03  1.00022e+00  9.68495e-01
 1.78381e+03  9.98410e-01  9.68518e-01
 1.78383e+03  9.98403e-01  9.68541e-01
 1.78385e+03  9.98187e-01  9.68564e-01
 1.78387e+03  9.99167e-01  9.68587e-01
 1.78389e+03  9.99271e-01  9.68610e-01
 1.78391e+03  1.00127e+00  9.68633e-01
 1.78393e+03  1.00359e+00  9.68656e-01
 1.78395e+03  1.00364e+00  9.68679e-01
 1.78397e+03  1.00062e+00  9.68702e-01
 1.78399e+03  1.00375e+00  9.68725e-01
 1.78402e+03  1.00933e+00  9.68748e-01
 1.78404e+03  1.00437e+00  9.68771e-01
 1.78406e+03  1.00678e+00  9.68793e-01
 1.78408e+03  1.00516e+00  9.68816e-01
 1.78410e+03  1.00593e+00  9.68839e-01
 1.78412e+03  1.00202e+00  9.68862e-01
 1.78414e+03  1.00197e+00  9.68885e-01
 1.78416e+03  1.00391e+00  9.68907e-01
 1.78418e+03  9.98841e-01  9.68930e-01
 1.78420e+03  9.97202e-01  9.68953e-01
 1.78422e+03  1.00184e+00  9.68976e-01
 1.78424e+03  9.98298e-01  9.68998e-01
 1.78427e+03  9.95604e-01  9.69021e-01
 1.78429e+03  9.94525e-01  9.69044e-01
 1.78431e+03  9.94511e-01  9.69066e-01
 1.78433e+03  9.95927e-01  9.69089e-01
 1.78435e+03  9.96880e-01  9.69112e-01
 1.78437e+03  9.95732e-01  9.69134e-01
 1.78439e+03  9.96849e-01  9.69157e-01
 1.78441e+03  9.98149e-01  9.69179e-01
 1.78443e+03  9.97858e-01  9.69202e-01
 1.78445e+03  1.00130e+00  9.69224e-01
 1.78447e+03  1.00125e+00  9.69247e-01
 1.78449e+03  1.00569e+00  9.69269e-01
 1.78452e+03  1.00275e+00  9.69292e-01
 1.78454e+03  1.00303e+00  9.69314e-01
 1.78456e+03  1.00460e+00  9.69337e-01
 1.78458e+03  1.00440e+00  9.69359e-01
 1.78460e+03  1.00596e+00  9.69382e-01
 1.78462e+03  1.00645e+00  9.69404e-01
 1.78464e+03  1.00553e+00  9.69426e-01
 1.78466e+03  1.00399e+00  9.69449e-01
 1.78468e+03  1.00611e+00  9.69471e-01
 1.78470e+03  1.00358e+00  9.69493e-01
 1.78472e+03  9.98055e-01  9.69515e-01
 1.78474e+03  1.00035e+00  9.69538e-01
 1.78477e+03  1.00017e+00  9.69560e-01
 1.78479e+03  9.95709e-01  9.69582e-01
 1.78481e+03  9.96700e-01  9.69604e-01
 1.78483e+03  9.97731e-01  9.69626e-01
 1.78485e+03  9.95220e-01  9.69648e-01
 1.78487e+03  9.94023e-01  9.69670e-01
 1.78489e+03  9.94818e-01  9.69692e-01
 1.78491e+03  9.95912e-01  9.69715e-01
 1.78493e+03  9.98709e-01  9.69737e-01
 1.78495e+03  9.98804e-01  9.69758e-01
 1.78497e+03  9.96886e-01  9.69780e-01
 1.78499e+03  1.00263e+00  9.69802e-01
 1.78502e+03  1.00559e+00  9.69824e-01
 1.78504e+03  1.00412e+00  9.69846e-01
 1.78506e+03  1.00534e+00  9.69868e-01
 1.78508e+03  1.00720e+00  9.69890e-01
 1.78510e+03  1.00661e+00  9.69912e-01
 1.78512e+03  9.97640e-01  9.69933e-01
 1.78514e+03  9.56749e-01  9.69955e-01
 1.78516e+03  9.02364e-01  9.69977e-01
 1.78518e+03  8.34106e-01  9.69998e-01
 1.78520e+03  7.62498e-01  9.70020e-01
 1.78522e+03  6.88926e-01  9.70042e-01
 1.78524e+03  6.25624e-01  9.70063e-01
 1.78527e+03  6.16705e-01  9.70085e-01
 1.78529e+03  6.60686e-01  9.70106e-01
 1.78531e+03  7.26775e-01  9.70128e-01
 1.78533e+03  7.96935e-01  9.70149e-01
 1.78535e+03  8.65604e-01  9.70171e-01
 1.78537e+03  9.26601e-01  9.70192e-01
 1.78539e+03  9.73047e-01  9.70214e-01
 1.78541e+03  9.93606e-01  9.70235e-01
 1.78543e+03  9.91881e-01  9.70256e-01
 1.78545e+03  9.95101e-01  9.70278e-01
 1.78547e+03  9.95930e-01  9.70299e-01
 1.78549e+03  9.98330e-01  9.70320e-01
 1.78552e+03  9.97939e-01  9.70341e-01
 1.78554e+03  1.00137e+00  9.70363e-01
 1.78556e+03  1.00328e+00  9.70384e-01
 1.78558e+03  1.00358e+00  9.70405e-01
 1.78560e+03  1.00800e+00  9.70426e-01
 1.78562e+03  1.00842e+00  9.70447e-01
 1.78564e+03  1.00816e+00  9.70468e-01
 1.78566e+03  1.00619e+00  9.70489e-01
 1.78568e+03  1.00697e+00  9.70510e-01
 1.78570e+03  1.00697e+00  9.70531e-01
 1.78572e+03  1.00898e+00  9.70552e-01
 1.78574e+03  1.00932e+00  9.70573e-01
 1.78577e+03  1.00884e+00  9.70593e-01
 1.78581e+03  1.00806e+00  9.70635e-01
 1.78583e+03  1.00385e+00  9.70656e-01
 1.78585e+03  1.00727e+00  9.70676e-01
 1.78587e+03  1.00322e+00  9.70697e-01
 1.78589e+03  9.99361e-01  9.70718e-01
 1.78591e+03  9.94350e-01  9.70738e-01
 1.78593e+03  9.98010e-01  9.70759e-01
 1.78595e+03  9.92669e-01  9.70779e-01
 1.78597e+03  9.89850e-01  9.70800e-01
 1.78599e+03  9.90076e-01  9.70820e-01
 1.78602e+03  9.94508e-01  9.70841e-01
 1.78604e+03  9.83878e-01  9.70861e-01
 1.78606e+03  9.15388e-01  9.70881e-01
 1.78608e+03  7.86809e-01  9.70902e-01
 1.78610e+03  6.34903e-01  9.70922e-01
 1.78612e+03  5.15831e-01  9.70942e-01
 1.78614e+03  5.90726e-01  9.70962e-01
 1.78616e+03  7.53116e-01  9.70982e-01
 1.78618e+03  8.90693e-01  9.71003e-01
 1.78620e+03  9.87338e-01  9.71023e-01
 1.78622e+03  1.00329e+00  9.71043e-01
 1.78624e+03  1.00127e+00  9.71063e-01
 1.78627e+03  1.00081e+00  9.71083e-01
 1.78629e+03  9.99710e-01  9.71103e-01
 1.78631e+03  9.97602e-01  9.71123e-01
 1.78633e+03  1.00130e+00  9.71142e-01
 1.78635e+03  9.93015e-01  9.71162e-01
 1.78637e+03  9.94024e-01  9.71182e-01
 1.78639e+03  9.94413e-01  9.71202e-01
 1.78641e+03  9.92297e-01  9.71222e-01
 1.78643e+03  9.89403e-01  9.71241e-01
 1.78645e+03  9.92449e-01  9.71261e-01
 1.78647e+03  9.87511e-01  9.71280e-01
 1.78649e+03  9.92807e-01  9.71300e-01
 1.78652e+03  9.94074e-01  9.71319e-01
 1.78654e+03  9.92698e-01  9.71339e-01
 1.78656e+03  9.94524e-01  9.71358e-01
 1.78658e+03  9.96730e-01  9.71378e-01
 1.78660e+03  1.00103e+00  9.71397e-01
 1.78662e+03  9.98458e-01  9.71417e-01
 1.78664e+03  1.00222e+00  9.71436e-01
 1.78666e+03  1.00017e+00  9.71455e-01
 1.78668e+03  1.00564e+00  9.71474e-01
 1.78670e+03  1.00439e+00  9.71493e-01
 1.78674e+03  1.00801e+00  9.71532e-01
 1.78677e+03  1.00368e+00  9.71551e-01
 1.78681e+03  1.00597e+00  9.71589e-01
 1.78683e+03  9.99400e-01  9.71608e-01
 1.78685e+03  9.99324e-01  9.71627e-01
 1.78689e+03  9.92758e-01  9.71664e-01
 1.78691e+03  9.89739e-01  9.71683e-01
 1.78693e+03  9.91299e-01  9.71702e-01
 1.78695e+03  9.89234e-01  9.71720e-01
 1.78697e+03  9.92238e-01  9.71739e-01
 1.78699e+03  9.89295e-01  9.71758e-01
 1.78702e+03  9.90494e-01  9.71776e-01
 1.78704e+03  9.88832e-01  9.71795e-01
 1.78706e+03  9.89670e-01  9.71813e-01
 1.78708e+03  9.89688e-01  9.71832e-01
 1.78710e+03  9.95883e-01  9.71850e-01
 1.78712e+03  9.97599e-01  9.71868e-01
 1.78714e+03  9.98404e-01  9.71887e-01
 1.78718e+03  1.00425e+00  9.71923e-01
 1.78720e+03  1.00335e+00  9.71941e-01
 1.78722e+03  1.00385e+00  9.71960e-01
 1.78724e+03  1.00647e+00  9.71978e-01
 1.78729e+03  1.00212e+00  9.72014e-01
 1.78731e+03  1.00774e+00  9.72032e-01
 1.78733e+03  1.00726e+00  9.72050e-01
 1.78735e+03  1.00722e+00  9.72068e-01
 1.78737e+03  1.00223e+00  9.72086e-01
 1.78739e+03  9.99805e-01  9.72103e-01
 1.78741e+03  9.96460e-01  9.72121e-01
 1.78743e+03  9.97722e-01  9.72139e-01
 1.78745e+03  9.92725e-01  9.72157e-01
 1.78747e+03  9.94913e-01  9.72174e-01
 1.78749e+03  9.90646e-01  9.72192e-01
 1.78754e+03  9.91471e-01  9.72227e-01
 1.78756e+03  9.92343e-01  9.72244e-01
 1.78758e+03  9.94859e-01  9.72262e-01
 1.78760e+03  9.87078e-01  9.72279e-01
 1.78762e+03  9.90084e-01  9.72297e-01
 1.78764e+03  9.97504e-01  9.72314e-01
 1.78766e+03  9.97938e-01  9.72331e-01
 1.78768e+03  9.97942e-01  9.72348e-01
 1.78770e+03  1.00549e+00  9.72366e-01
 1.78774e+03  1.01120e+00  9.72400e-01
 1.78777e+03  1.01187e+00  9.72417e-01
 1.78781e+03  1.01369e+00  9.72451e-01
 1.78783e+03  1.01201e+00  9.72468e-01
 1.78785e+03  1.01344e+00  9.72485e-01
 1.78787e+03  1.01367e+00  9.72501e-01
 1.78789e+03  1.01147e+00  9.72518e-01
 1.78791e+03  1.00802e+00  9.72535e-01
 1.78793e+03  1.00091e+00  9.72552e-01
 1.78795e+03  1.00095e+00  9.72568e-01
 1.78797e+03  1.00250e+00  9.72585e-01
 1.78799e+03  9.98289e-01  9.72602e-01
 1.78802e+03  9.99910e-01  9.72618e-01
 1.78804e+03  9.93406e-01  9.72635e-01
 1.78806e+03  9.96426e-01  9.72651e-01
 1.78808e+03  9.94257e-01  9.72667e-01
 1.78810e+03  9.95598e-01  9.72684e-01
 1.78812e+03  9.96538e-01  9.72700e-01
 1.78814e+03  9.97045e-01  9.72716e-01
 1.78816e+03  1.00139e+00  9.72733e-01
 1.78818e+03  1.00267e+00  9.72749e-01
 1.78820e+03  9.99359e-01  9.72765e-01
 1.78822e+03  1.00642e+00  9.72781e-01
 1.78824e+03  1.00925e+00  9.72797e-01
 1.78827e+03  1.01216e+00  9.72813e-01
 1.78829e+03  1.01360e+00  9.72829e-01
 1.78831e+03  1.01437e+00  9.72845e-01
 1.78833e+03  1.00251e+00  9.72861e-01
 1.78835e+03  1.01078e+00  9.72877e-01
 1.78837e+03  1.01473e+00  9.72892e-01
 1.78839e+03  1.01740e+00  9.72908e-01
 1.78841e+03  1.01311e+00  9.72924e-01
 1.78843e+03  1.00612e+00  9.72939e-01
 1.78845e+03  1.00215e+00  9.72955e-01
 1.78847e+03  1.00139e+00  9.72971e-01
 1.78849e+03  1.00285e+00  9.72986e-01
 1.78852e+03  9.94173e-01  9.73001e-01
 1.78854e+03  9.95461e-01  9.73017e-01
 1.78856e+03  9.94587e-01  9.73032e-01
 1.78858e+03  9.96292e-01  9.73048e-01
 1.78860e+03  9.89770e-01  9.73063e-01
 1.78862e+03  9.94549e-01  9.73078e-01
 1.78864e+03  9.94894e-01  9.73093e-01
 1.78866e+03  9.86156e-01  9.73109e-01
 1.78868e+03  9.84096e-01  9.73124e-01
 1.78870e+03  1.00413e+00  9.73139e-01
 1.78960e+03  1.01105e+00  9.73745e-01
 1.78962e+03  1.01188e+00  9.73758e-01
 1.78964e+03  1.00373e+00  9.73771e-01
 1.78966e+03  1.00230e+00  9.73784e-01
 1.78968e+03  9.97086e-01  9.73797e-01
 1.79068e+03  1.06221e+00  9.74371e-01
 1.79072e+03  1.01546e+00  9.74392e-01
 1.79074e+03  1.01596e+00  9.74403e-01
 1.79077e+03  1.01295e+00  9.74414e-01
 1.79079e+03  1.01094e+00  9.74425e-01
 1.79081e+03  1.02821e+00  9.74436e-01
 1.79083e+03  1.01120e+00  9.74446e-01
 1.79085e+03  1.01750e+00  9.74457e-01
 1.79087e+03  1.02189e+00  9.74467e-01
 1.79091e+03  1.02732e+00  9.74488e-01
 1.79093e+03  1.02766e+00  9.74499e-01
 1.79095e+03  1.03475e+00  9.74509e-01
 1.79097e+03  1.03572e+00  9.74520e-01
 1.79099e+03  1.03689e+00  9.74530e-01
 1.79102e+03  1.03578e+00  9.74540e-01
 1.79104e+03  1.03429e+00  9.74551e-01
 1.79106e+03  1.03512e+00  9.74561e-01
 1.79108e+03  1.03824e+00  9.74571e-01
 1.79110e+03  1.03243e+00  9.74581e-01
 1.79139e+03  1.03335e+00  9.74719e-01
 1.79141e+03  1.01533e+00  9.74729e-01
 1.79143e+03  1.01176e+00  9.74738e-01
 1.79145e+03  1.00787e+00  9.74748e-01
 1.79147e+03  1.00076e+00  9.74757e-01
 1.79149e+03  1.00138e+00  9.74767e-01
 1.79154e+03  9.93204e-01  9.74785e-01
 1.79156e+03  9.98028e-01  9.74795e-01
 1.79158e+03  1.00375e+00  9.74804e-01
 1.79162e+03  1.00670e+00  9.74822e-01
 1.79164e+03  1.00649e+00  9.74831e-01
 1.79166e+03  1.00433e+00  9.74840e-01
 1.79168e+03  1.00197e+00  9.74849e-01
 1.79170e+03  9.96453e-01  9.74858e-01
 1.79172e+03  9.99071e-01  9.74867e-01
 1.79174e+03  9.96699e-01  9.74876e-01
 1.79177e+03  1.00005e+00  9.74885e-01
 1.79179e+03  9.98956e-01  9.74894e-01
 1.79181e+03  9.98080e-01  9.74903e-01
 1.79183e+03  9.96862e-01  9.74912e-01
 1.79185e+03  1.00054e+00  9.74921e-01
 1.79187e+03  9.96007e-01  9.74929e-01
 1.79189e+03  9.94224e-01  9.74938e-01
 1.79191e+03  9.96195e-01  9.74947e-01
 1.79193e+03  9.94579e-01  9.74955e-01
 1.79195e+03  9.97887e-01  9.74964e-01
 1.79199e+03  1.00499e+00  9.74981e-01
 1.79202e+03  1.00068e+00  9.74989e-01
 1.79204e+03  1.00282e+00  9.74998e-01
 1.79206e+03  1.00739e+00  9.75006e-01
 1.79208e+03  1.00883e+00  9.75014e-01
 1.79210e+03  1.00722e+00  9.75023e-01
 1.79216e+03  1.00134e+00  9.75047e-01
 1.79218e+03  1.00455e+00  9.75056e-01
 1.79220e+03  9.99153e-01  9.75064e-01
 1.79222e+03  1.00057e+00  9.75072e-01
 1.79224e+03  9.98468e-01  9.75080e-01
 1.79227e+03  9.96849e-01  9.75088e-01
 1.79229e+03  9.94693e-01  9.75096e-01
 1.79231e+03  9.91868e-01  9.75104e-01
 1.79233e+03  9.94720e-01  9.75112e-01
 1.79235e+03  9.93897e-01  9.75120e-01
 1.79237e+03  9.91576e-01  9.75128e-01
 1.79239e+03  9.91151e-01  9.75135e-01
 1.79241e+03  9.92927e-01  9.75143e-01
 1.79243e+03  9.94564e-01  9.75151e-01
 1.79245e+03  9.95673e-01  9.75159e-01
 1.79247e+03  9.94877e-01  9.75166e-01
 1.79249e+03  9.97207e-01  9.75174e-01
 1.79252e+03  1.00080e+00  9.75182e-01
 1.79254e+03  9.99045e-01  9.75189e-01
 1.79256e+03  1.00214e+00  9.75197e-01
 1.79258e+03  1.00167e+00  9.75204e-01
 1.79260e+03  1.00551e+00  9.75212e-01
 1.79262e+03  1.00340e+00  9.75219e-01
 1.79264e+03  1.00441e+00  9.75226e-01
 1.79266e+03  1.00643e+00  9.75234e-01
 1.79268e+03  1.00505e+00  9.75241e-01
 1.79272e+03  1.00622e+00  9.75256e-01
 1.79274e+03  9.99926e-01  9.75263e-01
 1.79277e+03  9.72689e-01  9.75270e-01
 1.79279e+03  9.32967e-01  9.75277e-01
 1.79281e+03  8.76008e-01  9.75284e-01
 1.79289e+03  6.75213e-01  9.75313e-01
 1.79291e+03  6.97410e-01  9.75320e-01
 1.79293e+03  7.51290e-01  9.75327e-01
 1.79295e+03  8.11013e-01  9.75333e-01
 1.79297e+03  8.72795e-01  9.75340e-01
 1.79299e+03  9.25016e-01  9.75347e-01
 1.79302e+03  9.68808e-01  9.75354e-01
 1.79306e+03  1.00298e+00  9.75367e-01
 1.79308e+03  1.00348e+00  9.75374e-01
 1.79310e+03  1.00521e+00  9.75381e-01
 1.79312e+03  1.00211e+00  9.75387e-01
 1.79314e+03  1.00407e+00  9.75394e-01
 1.79318e+03  1.00704e+00  9.75407e-01
 1.79320e+03  1.00551e+00  9.75414e-01
 1.79322e+03  1.00436e+00  9.75420e-01
 1.79324e+03  1.00388e+00  9.75427e-01
 1.79327e+03  1.00246e+00  9.75433e-01
 1.79329e+03  1.00065e+00  9.75439e-01
 1.79331e+03  1.00003e+00  9.75446e-01
 1.79333e+03  1.00064e+00  9.75452e-01
 1.79335e+03  9.97846e-01  9.75458e-01
 1.79337e+03  9.96854e-01  9.75465e-01
 1.79339e+03  9.99648e-01  9.75471e-01
 1.79343e+03  9.97923e-01  9.75483e-01
 1.79347e+03  9.96116e-01  9.75495e-01
 1.79349e+03  1.00041e+00  9.75501e-01
 1.79352e+03  9.95950e-01  9.75508e-01
 1.79354e+03  9.99884e-01  9.75514e-01
 1.79356e+03  9.96357e-01  9.75520e-01
 1.79358e+03  9.94884e-01  9.75525e-01
 1.79360e+03  9.98913e-01  9.75531e-01
 1.79362e+03  9.99773e-01  9.75537e-01
 1.79364e+03  9.97840e-01  9.75543e-01
 1.79368e+03  9.65471e-01  9.75555e-01
 1.79372e+03  7.47734e-01  9.75566e-01
 1.79374e+03  6.18963e-01  9.75572e-01
 1.79377e+03  6.13656e-01  9.75578e-01
 1.79379e+03  7.36972e-01  9.75583e-01
 1.79383e+03  9.57399e-01  9.75595e-01
 1.79385e+03  9.94334e-01  9.75600e-01
 1.79387e+03  9.95217e-01  9.75606e-01
 1.79389e+03  9.93763e-01  9.75611e-01
 1.79391e+03  9.92754e-01  9.75617e-01
 1.79395e+03  9.92032e-01  9.75627e-01
 1.79397e+03  9.96975e-01  9.75633e-01
 1.79399e+03  9.93108e-01  9.75638e-01
 1.79402e+03  9.95054e-01  9.75644e-01
 1.79404e+03  9.94169e-01  9.75649e-01
 1.79406e+03  9.94279e-01  9.75654e-01
 1.79408e+03  9.97186e-01  9.75659e-01
 1.79410e+03  9.98315e-01  9.75665e-01
 1.79412e+03  1.00190e+00  9.75670e-01
 1.79414e+03  1.00035e+00  9.75675e-01
 1.79416e+03  1.00037e+00  9.75680e-01
 1.79418e+03  1.00319e+00  9.75685e-01
 1.79420e+03  1.00208e+00  9.75690e-01
 1.79422e+03  1.00194e+00  9.75695e-01
 1.79424e+03  1.00352e+00  9.75700e-01
 1.79427e+03  1.00421e+00  9.75705e-01
 1.79429e+03  1.00260e+00  9.75710e-01
 1.79431e+03  1.00176e+00  9.75715e-01
 1.79433e+03  1.00328e+00  9.75720e-01
 1.79435e+03  1.00100e+00  9.75725e-01
 1.79437e+03  1.00079e+00  9.75730e-01
 1.79439e+03  9.98735e-01  9.75735e-01
 1.79441e+03  9.95624e-01  9.75740e-01
 1.79443e+03  9.95685e-01  9.75744e-01
 1.79445e+03  9.93956e-01  9.75749e-01
 1.79447e+03  9.97389e-01  9.75754e-01
 1.79449e+03  9.91368e-01  9.75759e-01
 1.79452e+03  9.94944e-01  9.75763e-01
 1.79454e+03  9.95233e-01  9.75768e-01
 1.79456e+03  9.98262e-01  9.75773e-01
 1.79458e+03  9.95532e-01  9.75777e-01
 1.79462e+03  9.95828e-01  9.75786e-01
 1.79464e+03  9.98762e-01  9.75791e-01
 1.79466e+03  1.00140e+00  9.75795e-01
 1.79468e+03  1.00246e+00  9.75800e-01
 1.79470e+03  1.00255e+00  9.75804e-01
 1.79474e+03  1.00599e+00  9.75813e-01
 1.79477e+03  1.00396e+00  9.75817e-01
 1.79479e+03  1.00320e+00  9.75822e-01
 1.79483e+03  9.99865e-01  9.75830e-01
 1.79485e+03  1.00351e+00  9.75835e-01
 1.79487e+03  9.99727e-01  9.75839e-01
 1.79489e+03  9.99032e-01  9.75843e-01
 1.79491e+03  9.95673e-01  9.75847e-01
 1.79493e+03  1.00112e+00  9.75851e-01
 1.79497e+03  9.96910e-01  9.75860e-01
 1.79499e+03  9.95161e-01  9.75864e-01
 1.79502e+03  9.96286e-01  9.75868e-01
 1.79504e+03  9.95664e-01  9.75872e-01
 1.79506e+03  9.94770e-01  9.75876e-01
 1.79508e+03  9.95120e-01  9.75880e-01
 1.79510e+03  9.99037e-01  9.75884e-01
 1.79512e+03  9.96680e-01  9.75888e-01
 1.79514e+03  9.99259e-01  9.75892e-01
 1.79516e+03  1.00052e+00  9.75896e-01
 1.79518e+03  9.99757e-01  9.75900e-01
 1.79520e+03  1.00109e+00  9.75903e-01
 1.79522e+03  1.00185e+00  9.75907e-01
 1.79524e+03  1.00098e+00  9.75911e-01
 1.79527e+03  1.00476e+00  9.75915e-01
 1.79529e+03  1.00456e+00  9.75919e-01
 1.79531e+03  1.00010e+00  9.75922e-01
 1.79533e+03  1.00110e+00  9.75926e-01
 1.79535e+03  1.00215e+00  9.75930e-01
 1.79537e+03  1.00498e+00  9.75933e-01
 1.79539e+03  9.98890e-01  9.75937e-01
 1.79541e+03  9.99880e-01  9.75941e-01
 1.79543e+03  1.00136e+00  9.75944e-01
 1.79545e+03  1.00080e+00  9.75948e-01
 1.79547e+03  1.00163e+00  9.75951e-01
 1.79549e+03  9.99258e-01  9.75955e-01
 1.79552e+03  9.96934e-01  9.75958e-01
 1.79554e+03  9.96570e-01  9.75962e-01
 1.79558e+03  9.96727e-01  9.75969e-01
 1.79560e+03  9.98889e-01  9.75972e-01
 1.79562e+03  9.98609e-01  9.75976e-01
 1.79564e+03  1.00076e+00  9.75979e-01
 1.79566e+03  9.96198e-01  9.75982e-01
 1.79570e+03  9.99607e-01  9.75989e-01
 1.79572e+03  9.97791e-01  9.75992e-01
 1.79574e+03  9.99156e-01  9.75996e-01
 1.79577e+03  1.00141e+00  9.75999e-01
 1.79579e+03  1.00098e+00  9.76002e-01
 1.79581e+03  1.00078e+00  9.76005e-01
 1.79583e+03  1.00212e+00  9.76009e-01
 1.79585e+03  1.00240e+00  9.76012e-01
 1.79587e+03  1.00263e+00  9.76015e-01
 1.79589e+03  1.00201e+00  9.76018e-01
 1.79591e+03  9.98078e-01  9.76021e-01
 1.79593e+03  1.00114e+00  9.76024e-01
 1.79595e+03  1.00018e+00  9.76027e-01
 1.79597e+03  9.98636e-01  9.76030e-01
 1.79599e+03  9.99974e-01  9.76033e-01
 1.79602e+03  9.93878e-01  9.76036e-01
 1.79604e+03  9.97117e-01  9.76039e-01
 1.79606e+03  9.97917e-01  9.76042e-01
 1.79608e+03  9.97806e-01  9.76045e-01
 1.79610e+03  1.00006e+00  9.76048e-01
 1.79612e+03  9.94305e-01  9.76051e-01
 1.79614e+03  9.99782e-01  9.76054e-01
 1.79616e+03  9.97089e-01  9.76057e-01
 1.79618e+03  9.96671e-01  9.76059e-01
 1.79620e+03  9.97967e-01  9.76062e-01
 1.79622e+03  9.96318e-01  9.76065e-01
 1.79624e+03  9.97580e-01  9.76068e-01
 1.79627e+03  9.98016e-01  9.76071e-01
 1.79629e+03  9.97527e-01  9.76073e-01
 1.79631e+03  1.00126e+00  9.76076e-01
 1.79633e+03  9.97208e-01  9.76079e-01
 1.79635e+03  9.99824e-01  9.76081e-01
 1.79637e+03  1.00161e+00  9.76084e-01
 1.79639e+03  1.00035e+00  9.76087e-01
 1.79641e+03  9.97286e-01  9.76089e-01
 1.79643e+03  9.99051e-01  9.76092e-01
 1.79645e+03  9.99844e-01  9.76095e-01
 1.79647e+03  1.00134e+00  9.76097e-01
 1.79649e+03  9.97887e-01  9.76100e-01
 1.79652e+03  1.00288e+00  9.76102e-01
 1.79654e+03  9.98439e-01  9.76105e-01
 1.79656e+03  1.00294e+00  9.76107e-01
 1.79658e+03  9.76326e-01  9.76110e-01
 1.79660e+03  9.40001e-01  9.76112e-01
 1.79662e+03  8.88464e-01  9.76115e-01
 1.79664e+03  8.31500e-01  9.76117e-01
 1.79666e+03  7.72834e-01  9.76119e-01
 1.79668e+03  7.15324e-01  9.76122e-01
 1.79670e+03  6.80247e-01  9.76124e-01
 1.79672e+03  6.95572e-01  9.76126e-01
 1.79674e+03  7.41987e-01  9.76129e-01
 1.79677e+03  8.04774e-01  9.76131e-01
 1.79679e+03  8.66434e-01  9.76133e-01
 1.79681e+03  9.21170e-01  9.76136e-01
 1.79683e+03  9.65140e-01  9.76138e-01
 1.79685e+03  9.91436e-01  9.76140e-01
 1.79687e+03  1.00059e+00  9.76142e-01
 1.79689e+03  1.00287e+00  9.76145e-01
 1.79691e+03  1.00215e+00  9.76147e-01
 1.79693e+03  1.00054e+00  9.76149e-01
 1.79695e+03  1.00022e+00  9.76151e-01
 1.79697e+03  1.00220e+00  9.76153e-01
 1.79699e+03  9.99726e-01  9.76155e-01
 1.79702e+03  1.00116e+00  9.76157e-01
 1.79704e+03  1.00178e+00  9.76160e-01
 1.79706e+03  9.99511e-01  9.76162e-01
 1.79708e+03  1.00318e+00  9.76164e-01
 1.79710e+03  9.98803e-01  9.76166e-01
 1.79712e+03  1.00237e+00  9.76168e-01
 1.79714e+03  1.00268e+00  9.76170e-01
 1.79716e+03  1.00206e+00  9.76172e-01
 1.79718e+03  1.00058e+00  9.76174e-01
 1.79720e+03  1.00540e+00  9.76176e-01
 1.79722e+03  1.00320e+00  9.76178e-01
 1.79724e+03  1.00868e+00  9.76180e-01
 1.79727e+03  1.00950e+00  9.76181e-01
 1.79729e+03  1.00786e+00  9.76183e-01
 1.79731e+03  1.00725e+00  9.76185e-01
 1.79733e+03  1.00487e+00  9.76187e-01
 1.79735e+03  1.00472e+00  9.76189e-01
 1.79737e+03  1.00307e+00  9.76191e-01
 1.79739e+03  1.00243e+00  9.76192e-01
 1.79741e+03  9.99220e-01  9.76194e-01
 1.79743e+03  9.97435e-01  9.76196e-01
 1.79745e+03  9.96214e-01  9.76198e-01
 1.79747e+03  9.92671e-01  9.76200e-01
 1.79749e+03  9.72441e-01  9.76201e-01
 1.79752e+03  8.87376e-01  9.76203e-01
 1.79754e+03  7.72068e-01  9.76205e-01
 1.79756e+03  6.40520e-01  9.76206e-01
 1.79758e+03  6.04980e-01  9.76208e-01
 1.79760e+03  7.12695e-01  9.76210e-01
 1.79762e+03  8.44351e-01  9.76211e-01
 1.79764e+03  9.47914e-01  9.76213e-01
 1.79766e+03  9.97334e-01  9.76215e-01
 1.79768e+03  9.97291e-01  9.76216e-01
 1.79770e+03  9.96808e-01  9.76218e-01
 1.79772e+03  9.99053e-01  9.76219e-01
 1.79774e+03  1.00175e+00  9.76221e-01
 1.79777e+03  9.99806e-01  9.76222e-01
 1.79779e+03  1.00077e+00  9.76224e-01
 1.79781e+03  1.00074e+00  9.76225e-01
 1.79783e+03  1.00328e+00  9.76227e-01
 1.79785e+03  1.00106e+00  9.76228e-01
 1.79787e+03  1.00047e+00  9.76230e-01
 1.79789e+03  9.99619e-01  9.76231e-01
 1.79791e+03  1.00064e+00  9.76233e-01
 1.79793e+03  9.96299e-01  9.76234e-01
 1.79795e+03  1.00274e+00  9.76236e-01
 1.79797e+03  9.97996e-01  9.76237e-01
 1.79799e+03  9.99011e-01  9.76238e-01
 1.79802e+03  9.98675e-01  9.76240e-01
 1.79804e+03  9.99275e-01  9.76241e-01
 1.79806e+03  9.99321e-01  9.76242e-01
 1.79808e+03  1.00117e+00  9.76244e-01
 1.79810e+03  9.95852e-01  9.76245e-01
 1.79812e+03  9.96981e-01  9.76246e-01
 1.79814e+03  1.00027e+00  9.76248e-01
 1.79816e+03  9.98235e-01  9.76249e-01
 1.79818e+03  1.00064e+00  9.76250e-01
 1.79820e+03  1.00459e+00  9.76251e-01
 1.79822e+03  1.00242e+00  9.76253e-01
 1.79824e+03  1.00144e+00  9.76254e-01
 1.79827e+03  1.00224e+00  9.76255e-01
 1.79829e+03  9.99479e-01  9.76256e-01
 1.79831e+03  1.00101e+00  9.76257e-01
 1.79833e+03  1.00179e+00  9.76259e-01
 1.79835e+03  1.00192e+00  9.76260e-01
 1.79837e+03  9.99328e-01  9.76261e-01
 1.79839e+03  9.98149e-01  9.76262e-01
 1.79841e+03  1.00178e+00  9.76263e-01
 1.79843e+03  9.96261e-01  9.76264e-01
 1.79845e+03  1.00196e+00  9.76265e-01
 1.79847e+03  9.99644e-01  9.76266e-01
 1.79849e+03  9.97489e-01  9.76267e-01
 1.79852e+03  9.97196e-01  9.76269e-01
 1.79854e+03  9.97705e-01  9.76270e-01
 1.79856e+03  9.97184e-01  9.76271e-01
 1.79858e+03  9.94459e-01  9.76272e-01
 1.79860e+03  9.99115e-01  9.76273e-01
 1.79862e+03  9.98733e-01  9.76274e-01
 1.79864e+03  9.96104e-01  9.76275e-01
 1.79866e+03  9.95740e-01  9.76276e-01
 1.79868e+03  9.99271e-01  9.76277e-01
 1.79870e+03  9.97140e-01  9.76277e-01
 1.79872e+03  9.95272e-01  9.76278e-01
 1.79874e+03  9.99631e-01  9.76279e-01
 1.79877e+03  9.96113e-01  9.76280e-01
 1.79879e+03  9.98105e-01  9.76281e-01
 1.79881e+03  9.96231e-01  9.76282e-01
 1.79883e+03  9.99274e-01  9.76283e-01
 1.79885e+03  9.95916e-01  9.76284e-01
 1.79887e+03  1.00020e+00  9.76285e-01
 1.79889e+03  9.97895e-01  9.76285e-01
 1.79891e+03  9.96881e-01  9.76286e-01
 1.79893e+03  1.00094e+00  9.76287e-01
 1.79895e+03  9.99123e-01  9.76288e-01
 1.79897e+03  9.95100e-01  9.76289e-01
 1.79899e+03  9.97148e-01  9.76289e-01
 1.79902e+03  9.96704e-01  9.76290e-01
 1.79904e+03  9.98213e-01  9.76291e-01
 1.79906e+03  9.94781e-01  9.76292e-01
 1.79908e+03  9.95322e-01  9.76293e-01
 1.79910e+03  9.95662e-01  9.76293e-01
 1.79912e+03  9.99157e-01  9.76294e-01
 1.79914e+03  9.98020e-01  9.76295e-01
 1.79916e+03  9.96002e-01  9.76295e-01
 1.79918e+03  9.96421e-01  9.76296e-01
 1.79922e+03  9.98769e-01  9.76297e-01
 1.79924e+03  1.00029e+00  9.76298e-01
 1.79927e+03  1.00335e+00  9.76299e-01
 1.79929e+03  1.00133e+00  9.76299e-01
 1.79931e+03  1.00155e+00  9.76300e-01
 1.79933e+03  1.00512e+00  9.76301e-01
 1.79935e+03  1.00147e+00  9.76301e-01
 1.79937e+03  1.00235e+00  9.76302e-01
 1.79939e+03  1.00558e+00  9.76302e-01
 1.79941e+03  1.00114e+00  9.76303e-01
 1.79943e+03  1.00066e+00  9.76303e-01
 1.79945e+03  9.98515e-01  9.76304e-01
 1.79947e+03  1.00000e+00  9.76305e-01
 1.79949e+03  1.00156e+00  9.76305e-01
 1.79952e+03  9.96882e-01  9.76306e-01
 1.79954e+03  9.98514e-01  9.76306e-01
 1.79956e+03  1.00017e+00  9.76307e-01
 1.79958e+03  9.93620e-01  9.76307e-01
 1.79960e+03  9.95707e-01  9.76308e-01
 1.79962e+03  9.93736e-01  9.76308e-01
 1.79964e+03  9.97150e-01  9.76309e-01
 1.79966e+03  9.94296e-01  9.76309e-01
 1.79968e+03  9.96754e-01  9.76309e-01
 1.79970e+03  9.96733e-01  9.76310e-01
 1.79972e+03  9.95491e-01  9.76310e-01
 1.79974e+03  9.97552e-01  9.76311e-01
 1.79977e+03  9.99389e-01  9.76311e-01
 1.79979e+03  1.00053e+00  9.76312e-01
 1.79981e+03  1.00256e+00  9.76312e-01
 1.79983e+03  1.00354e+00  9.76312e-01
 1.79985e+03  1.00531e+00  9.76313e-01
 1.79987e+03  1.00322e+00  9.76313e-01
 1.79989e+03  1.00533e+00  9.76313e-01
 1.79991e+03  1.00447e+00  9.76314e-01
 1.79993e+03  9.99250e-01  9.76314e-01
 1.79995e+03  1.00080e+00  9.76314e-01
 1.79997e+03  1.00119e+00  9.76315e-01
 1.79999e+03  1.00302e+00  9.76315e-01
 1.80004e+03  9.99626e-01  9.76316e-01
 1.80006e+03  9.98977e-01  9.76316e-01
 1.80008e+03  9.99002e-01  9.76316e-01
 1.80010e+03  9.96731e-01  9.76317e-01
 1.80012e+03  9.95561e-01  9.76317e-01
 1.80014e+03  9.98478e-01  9.76317e-01
 1.80016e+03  9.95017e-01  9.76317e-01
 1.80018e+03  9.95906e-01  9.76317e-01
 1.80020e+03  9.97855e-01  9.76318e-01
 1.80022e+03  9.98701e-01  9.76318e-01
 1.80024e+03  9.99561e-01  9.76318e-01
 1.80027e+03  9.94909e-01  9.76318e-01
 1.80029e+03  9.99123e-01  9.76319e-01
 1.80031e+03  1.00266e+00  9.76319e-01
 1.80033e+03  1.00505e+00  9.76319e-01
 1.80035e+03  1.00400e+00  9.76319e-01
 1.80037e+03  1.00368e+00  9.76319e-01
 1.80347e+03  1.00124e+00  9.76276e-01
 1.80349e+03  9.98610e-01  9.76275e-01
 1.80352e+03  1.00164e+00  9.76274e-01
 1.80354e+03  1.00059e+00  9.76274e-01
 1.80356e+03  1.00376e+00  9.76273e-01
 1.80358e+03  1.00475e+00  9.76272e-01
 1.80360e+03  1.00875e+00  9.76272e-01
 1.80362e+03  1.00704e+00  9.76271e-01
 1.80364e+03  1.00945e+00  9.76270e-01
 1.80366e+03  1.00583e+00  9.76270e-01
 1.80368e+03  1.00841e+00  9.76269e-01
 1.80370e+03  1.00395e+00  9.76269e-01
 1.80372e+03  1.00454e+00  9.76268e-01
 1.80374e+03  1.00590e+00  9.76267e-01
 1.80377e+03  9.99702e-01  9.76267e-01
 1.80379e+03  9.97093e-01  9.76266e-01
 1.80381e+03  9.93339e-01  9.76265e-01
 1.80383e+03  9.93962e-01  9.76265e-01
 1.80385e+03  9.94598e-01  9.76264e-01
 1.80387e+03  9.94171e-01  9.76263e-01
 1.80389e+03  9.91297e-01  9.76262e-01
 1.80391e+03  9.90120e-01  9.76262e-01
 1.80393e+03  9.91120e-01  9.76261e-01
 1.80395e+03  9.90756e-01  9.76260e-01
 1.80397e+03  9.90967e-01  9.76260e-01
 1.80399e+03  9.92189e-01  9.76259e-01
 1.80402e+03  9.94460e-01  9.76258e-01
 1.80404e+03  9.97701e-01  9.76258e-01
 1.80406e+03  1.00009e+00  9.76257e-01
 1.80408e+03  9.99503e-01  9.76256e-01
 1.80410e+03  1.00434e+00  9.76256e-01
 1.80412e+03  1.00491e+00  9.76255e-01
 1.80414e+03  1.00525e+00  9.76254e-01
 1.80416e+03  1.00683e+00  9.76253e-01
 1.80418e+03  1.00736e+00  9.76253e-01
 1.80420e+03  9.96941e-01  9.76252e-01
 1.80424e+03  9.15414e-01  9.76251e-01
 1.80427e+03  8.58669e-01  9.76250e-01
 1.80429e+03  7.94881e-01  9.76249e-01
 1.80431e+03  7.32282e-01  9.76248e-01
 1.80433e+03  6.86979e-01  9.76248e-01
 1.80435e+03  6.78746e-01  9.76247e-01
 1.80437e+03  7.18157e-01  9.76246e-01
 1.80439e+03  7.71281e-01  9.76245e-01
 1.80441e+03  8.34755e-01  9.76245e-01
 1.80443e+03  8.92758e-01  9.76244e-01
 1.80445e+03  9.41153e-01  9.76243e-01
 1.80447e+03  9.76274e-01  9.76242e-01
 1.80449e+03  9.94793e-01  9.76242e-01
 1.80452e+03  9.95744e-01  9.76241e-01
 1.80454e+03  9.91773e-01  9.76240e-01
 1.80456e+03  9.99437e-01  9.76239e-01
 1.80458e+03  9.99137e-01  9.76239e-01
 1.80460e+03  1.00525e+00  9.76238e-01
 1.80462e+03  1.00818e+00  9.76237e-01
 1.80464e+03  1.00961e+00  9.76236e-01
 1.80466e+03  1.00846e+00  9.76236e-01
 1.80468e+03  1.01246e+00  9.76235e-01
 1.80470e+03  1.01238e+00  9.76234e-01
 1.80472e+03  1.01362e+00  9.76233e-01
 1.80474e+03  1.01348e+00  9.76233e-01
 1.80477e+03  1.01234e+00  9.76232e-01
 1.80479e+03  1.00797e+00  9.76231e-01
 1.80483e+03  1.00235e+00  9.76229e-01
 1.80485e+03  1.00562e+00  9.76229e-01
 1.80487e+03  1.00296e+00  9.76228e-01
 1.80489e+03  1.00783e+00  9.76227e-01
 1.80491e+03  1.00193e+00  9.76226e-01
 1.80493e+03  1.00049e+00  9.76226e-01
 1.80495e+03  9.97591e-01  9.76225e-01
 1.80497e+03  9.98797e-01  9.76224e-01
 1.80499e+03  9.96090e-01  9.76223e-01
 1.80502e+03  9.93406e-01  9.76222e-01
 1.80504e+03  9.95815e-01  9.76222e-01
 1.80506e+03  9.96159e-01  9.76221e-01
 1.80508e+03  9.92318e-01  9.76220e-01
 1.80510e+03  9.94896e-01  9.76219e-01
 1.80512e+03  9.89510e-01  9.76218e-01
 1.80514e+03  9.28822e-01  9.76218e-01
 1.80516e+03  8.20516e-01  9.76217e-01
 1.80518e+03  6.88603e-01  9.76216e-01
 1.80520e+03  5.96981e-01  9.76215e-01
 1.80522e+03  6.60108e-01  9.76214e-01
 1.80524e+03  7.97414e-01  9.76214e-01
 1.80527e+03  9.16130e-01  9.76213e-01
 1.80529e+03  9.88764e-01  9.76212e-01
 1.80531e+03  1.00651e+00  9.76211e-01
 1.80533e+03  1.00154e+00  9.76210e-01
 1.80535e+03  1.00072e+00  9.76210e-01
 1.80537e+03  9.99002e-01  9.76209e-01
 1.80539e+03  9.97323e-01  9.76208e-01
 1.80541e+03  9.96176e-01  9.76207e-01
 1.80543e+03  9.95897e-01  9.76206e-01
 1.80545e+03  9.91326e-01  9.76205e-01
 1.80547e+03  9.90227e-01  9.76205e-01
 1.80549e+03  9.89967e-01  9.76204e-01
 1.80552e+03  9.93301e-01  9.76203e-01
 1.80554e+03  9.90388e-01  9.76202e-01
 1.80556e+03  9.95363e-01  9.76201e-01
 1.80558e+03  9.90325e-01  9.76200e-01
 1.80560e+03  9.95884e-01  9.76200e-01
 1.80562e+03  9.96264e-01  9.76199e-01
 1.80564e+03  9.98386e-01  9.76198e-01
 1.80566e+03  1.00067e+00  9.76197e-01
 1.80568e+03  1.00190e+00  9.76196e-01
 1.80570e+03  1.00602e+00  9.76195e-01
 1.80572e+03  1.00824e+00  9.76195e-01
 1.80574e+03  1.00523e+00  9.76194e-01
 1.80577e+03  1.01210e+00  9.76193e-01
 1.80579e+03  1.00983e+00  9.76192e-01
 1.80581e+03  1.00860e+00  9.76191e-01
 1.80583e+03  1.00899e+00  9.76190e-01
 1.80585e+03  1.00817e+00  9.76190e-01
 1.80587e+03  1.00943e+00  9.76189e-01
 1.80589e+03  1.00282e+00  9.76188e-01
 1.80591e+03  1.00470e+00  9.76187e-01
 1.80593e+03  9.99592e-01  9.76186e-01
 1.80595e+03  9.96773e-01  9.76185e-01
 1.80597e+03  9.94147e-01  9.76184e-01
 1.80599e+03  9.97769e-01  9.76184e-01
 1.80602e+03  9.93338e-01  9.76183e-01
 1.80604e+03  9.94951e-01  9.76182e-01
 1.80606e+03  9.93487e-01  9.76181e-01
 1.80608e+03  9.92606e-01  9.76180e-01
 1.80610e+03  9.95964e-01  9.76179e-01
 1.80612e+03  9.92908e-01  9.76178e-01
 1.80614e+03  9.94683e-01  9.76178e-01
 1.80616e+03  9.99799e-01  9.76177e-01
 1.80618e+03  9.99723e-01  9.76176e-01
 1.80620e+03  1.00383e+00  9.76175e-01
 1.80624e+03  1.00487e+00  9.76173e-01
 1.80627e+03  1.00774e+00  9.76172e-01
 1.80629e+03  1.01017e+00  9.76172e-01
 1.80631e+03  1.00744e+00  9.76171e-01
 1.80633e+03  1.01204e+00  9.76170e-01
 1.80635e+03  9.99660e-01  9.76169e-01
 1.80637e+03  1.00930e+00  9.76168e-01
 1.80639e+03  1.00587e+00  9.76167e-01
 1.80641e+03  1.00473e+00  9.76166e-01
 1.80645e+03  1.00277e+00  9.76165e-01
 1.80647e+03  9.98763e-01  9.76164e-01
 1.80649e+03  9.94539e-01  9.76163e-01
 1.80652e+03  9.93025e-01  9.76162e-01
 1.80654e+03  9.98352e-01  9.76161e-01
 1.80656e+03  9.90678e-01  9.76160e-01
 1.80658e+03  9.91369e-01  9.76159e-01
 1.80660e+03  9.92994e-01  9.76159e-01
 1.80662e+03  9.94172e-01  9.76158e-01
 1.80664e+03  9.92847e-01  9.76157e-01
 1.80666e+03  9.96603e-01  9.76156e-01
 1.80668e+03  9.94471e-01  9.76155e-01
 1.80670e+03  9.96636e-01  9.76154e-01
 1.80672e+03  9.98621e-01  9.76153e-01
 1.80674e+03  1.00166e+00  9.76152e-01
 1.80677e+03  1.00353e+00  9.76152e-01
 1.80679e+03  1.00847e+00  9.76151e-01
 1.80681e+03  1.00821e+00  9.76150e-01
 1.80683e+03  1.00876e+00  9.76149e-01
 1.80685e+03  1.01019e+00  9.76148e-01
 1.80687e+03  1.00935e+00  9.76147e-01
 1.80689e+03  1.01024e+00  9.76146e-01
 1.80691e+03  1.00731e+00  9.76145e-01
 1.80693e+03  1.01098e+00  9.76144e-01
 1.80695e+03  1.00600e+00  9.76144e-01
 1.80697e+03  1.00474e+00  9.76143e-01
 1.80699e+03  1.00272e+00  9.76142e-01
 1.80702e+03  1.00272e+00  9.76141e-01
 1.80704e+03  9.97293e-01  9.76140e-01
 1.80706e+03  9.95397e-01  9.76139e-01
 1.80708e+03  9.95531e-01  9.76138e-01
 1.80712e+03  9.94291e-01  9.76137e-01
 1.80714e+03  9.95066e-01  9.76136e-01
 1.80716e+03  9.93811e-01  9.76135e-01
 1.80718e+03  9.99522e-01  9.76134e-01
 1.80720e+03  9.98106e-01  9.76133e-01
 1.80722e+03  9.98005e-01  9.76132e-01
 1.80724e+03  1.00151e+00  9.76131e-01
 1.80727e+03  9.96190e-01  9.76130e-01
 1.80729e+03  1.00475e+00  9.76129e-01
 1.80731e+03  1.00204e+00  9.76129e-01
 1.80733e+03  1.01011e+00  9.76128e-01
 1.80735e+03  1.00758e+00  9.76127e-01
 1.80737e+03  1.01065e+00  9.76126e-01
 1.80739e+03  1.00824e+00  9.76125e-01
 1.80741e+03  1.00724e+00  9.76124e-01
 1.80743e+03  1.00643e+00  9.76123e-01
 1.80745e+03  1.00771e+00  9.76122e-01
 1.80747e+03  1.00695e+00  9.76121e-01
 1.80749e+03  1.00568e+00  9.76121e-01
 1.80752e+03  1.00499e+00  9.76120e-01
 1.80754e+03  1.00457e+00  9.76119e-01
 1.80756e+03  9.99250e-01  9.76118e-01
 1.80758e+03  9.94379e-01  9.76117e-01
 1.80760e+03  9.96220e-01  9.76116e-01
 1.80762e+03  9.91980e-01  9.76115e-01
 1.80764e+03  9.91582e-01  9.76114e-01
 1.80766e+03  9.95268e-01  9.76113e-01
 1.80768e+03  9.94107e-01  9.76113e-01
 1.80770e+03  9.90583e-01  9.76112e-01
 1.80772e+03  9.96250e-01  9.76111e-01
 1.80774e+03  9.96326e-01  9.76110e-01
 1.80777e+03  1.00089e+00  9.76109e-01
 1.80779e+03  9.98123e-01  9.76108e-01
 1.80781e+03  1.00334e+00  9.76107e-01
 1.80783e+03  1.00353e+00  9.76106e-01
 1.80785e+03  1.00261e+00  9.76105e-01
 1.80787e+03  1.00463e+00  9.76105e-01
 1.80789e+03  1.00646e+00  9.76104e-01
 1.80791e+03  1.00771e+00  9.76103e-01
 1.80793e+03  1.00841e+00  9.76102e-01
 1.80795e+03  1.00895e+00  9.76101e-01
 1.80797e+03  1.00470e+00  9.76100e-01
 1.80802e+03  9.97598e-01  9.76098e-01
 1.80804e+03  9.70004e-01  9.76098e-01
 1.80806e+03  9.23898e-01  9.76097e-01
 1.80808e+03  8.66721e-01  9.76096e-01
 1.80810e+03  8.04782e-01  9.76095e-01
 1.80812e+03  7.46614e-01  9.76094e-01
 1.80814e+03  6.90071e-01  9.76093e-01
 1.80816e+03  6.72831e-01  9.76092e-01
 1.80818e+03  7.06317e-01  9.76091e-01
 1.80820e+03  7.60654e-01  9.76090e-01
 1.80822e+03  8.22961e-01  9.76090e-01
 1.80824e+03  8.82352e-01  9.76089e-01
 1.80827e+03  9.34192e-01  9.76088e-01
 1.80829e+03  9.75435e-01  9.76087e-01
 1.80831e+03  9.98010e-01  9.76086e-01
 1.80833e+03  9.99499e-01  9.76085e-01
 1.80835e+03  1.00464e+00  9.76084e-01
 1.80837e+03  1.00533e+00  9.76083e-01
 1.80841e+03  1.00875e+00  9.76082e-01
 1.80843e+03  1.00904e+00  9.76081e-01
 1.80845e+03  1.01262e+00  9.76080e-01
 1.80847e+03  1.00845e+00  9.76079e-01
 1.80849e+03  1.00537e+00  9.76078e-01
 1.80852e+03  1.00894e+00  9.76077e-01
 1.80854e+03  1.00701e+00  9.76076e-01
 1.80856e+03  1.00848e+00  9.76075e-01
 1.80858e+03  1.01000e+00  9.76074e-01
 1.80860e+03  1.00553e+00  9.76074e-01
 1.80862e+03  1.00969e+00  9.76073e-01
 1.80864e+03  1.00509e+00  9.76072e-01
 1.80866e+03  1.00721e+00  9.76071e-01
 1.80868e+03  1.00478e+00  9.76070e-01
 1.80870e+03  1.00350e+00  9.76069e-01
 1.80872e+03  9.99907e-01  9.76068e-01
 1.80874e+03  1.00678e+00  9.76067e-01
 1.80877e+03  1.00326e+00  9.76067e-01
 1.80879e+03  1.00455e+00  9.76066e-01
 1.80881e+03  1.00192e+00  9.76065e-01
 1.80883e+03  9.99418e-01  9.76064e-01
 1.80885e+03  1.00286e+00  9.76063e-01
 1.80887e+03  1.00160e+00  9.76062e-01
 1.80889e+03  1.00154e+00  9.76061e-01
 1.80891e+03  1.00149e+00  9.76060e-01
 1.80893e+03  9.99601e-01  9.76060e-01
 1.80895e+03  9.53326e-01  9.76059e-01
 1.80897e+03  8.47743e-01  9.76058e-01
 1.80899e+03  7.17858e-01  9.76057e-01
 1.80902e+03  6.06799e-01  9.76056e-01
 1.80904e+03  6.37943e-01  9.76055e-01
 1.80906e+03  7.71909e-01  9.76054e-01
 1.80908e+03  8.94507e-01  9.76053e-01
 1.80910e+03  9.78143e-01  9.76052e-01
 1.80912e+03  1.00248e+00  9.76052e-01
 1.80914e+03  1.00277e+00  9.76051e-01
 1.80916e+03  9.98612e-01  9.76050e-01
 1.80918e+03  9.98793e-01  9.76049e-01
 1.80920e+03  9.97761e-01  9.76048e-01
 1.80924e+03  9.96555e-01  9.76046e-01
 1.80927e+03  9.96252e-01  9.76046e-01
 1.80929e+03  9.96119e-01  9.76045e-01
 1.80931e+03  9.93526e-01  9.76044e-01
 1.80933e+03  9.98222e-01  9.76043e-01
 1.80935e+03  9.97561e-01  9.76042e-01
 1.80937e+03  9.98005e-01  9.76041e-01
 1.80939e+03  1.00122e+00  9.76040e-01
 1.80941e+03  9.99581e-01  9.76039e-01
 1.80943e+03  1.00212e+00  9.76039e-01
 1.80945e+03  1.00220e+00  9.76038e-01
 1.80947e+03  1.00579e+00  9.76037e-01
 1.80949e+03  1.00484e+00  9.76036e-01
 1.80951e+03  1.00501e+00  9.76035e-01
 1.80954e+03  1.00626e+00  9.76034e-01
 1.80956e+03  1.00772e+00  9.76033e-01
 1.80958e+03  1.00935e+00  9.76033e-01
 1.80960e+03  1.00395e+00  9.76032e-01
 1.80962e+03  1.00556e+00  9.76031e-01
 1.80964e+03  1.00144e+00  9.76030e-01
 1.80966e+03  1.00118e+00  9.76029e-01
 1.80968e+03  1.00154e+00  9.76028e-01
 1.80970e+03  1.00273e+00  9.76027e-01
 1.80972e+03  1.00151e+00  9.76026e-01
 1.80974e+03  9.96546e-01  9.76026e-01
 1.80976e+03  9.99396e-01  9.76025e-01
 1.80979e+03  9.94173e-01  9.76024e-01
 1.80981e+03  9.97195e-01  9.76023e-01
 1.80983e+03  9.93118e-01  9.76022e-01
 1.80985e+03  1.00017e+00  9.76021e-01
 1.80987e+03  9.97597e-01  9.76020e-01
 1.80989e+03  1.00146e+00  9.76020e-01
 1.80991e+03  1.00170e+00  9.76019e-01
 1.80993e+03  9.96663e-01  9.76018e-01
 1.80995e+03  1.00353e+00  9.76017e-01
 1.80997e+03  1.00253e+00  9.76016e-01
 1.80999e+03  1.00150e+00  9.76015e-01
 1.81001e+03  1.00438e+00  9.76015e-01
 1.81004e+03  1.00295e+00  9.76014e-01
 1.81006e+03  1.00608e+00  9.76013e-01
 1.81008e+03  1.00384e+00  9.76012e-01
 1.81010e+03  1.00724e+00  9.76011e-01
 1.81012e+03  1.00464e+00  9.76010e-01
 1.81014e+03  1.00572e+00  9.76009e-01
 1.81016e+03  1.00557e+00  9.76009e-01
 1.81018e+03  1.00307e+00  9.76008e-01
 1.81020e+03  1.00226e+00  9.76007e-01
 1.81022e+03  1.00044e+00  9.76006e-01
 1.81024e+03  1.00181e+00  9.76005e-01
 1.81026e+03  1.00201e+00  9.76004e-01
 1.81029e+03  1.00241e+00  9.76004e-01
 1.81031e+03  9.98881e-01  9.76003e-01
 1.81033e+03  9.97766e-01  9.76002e-01
 1.81035e+03  9.97211e-01  9.76001e-01
 1.81037e+03  9.94725e-01  9.76000e-01
 1.81039e+03  9.99592e-01  9.75999e-01
 1.81041e+03  9.99327e-01  9.75998e-01
 1.81043e+03  9.99418e-01  9.75998e-01
 1.81045e+03  9.98814e-01  9.75997e-01
 1.81047e+03  1.00069e+00  9.75996e-01
 1.81049e+03  1.00021e+00  9.75995e-01
 1.81051e+03  9.99159e-01  9.75994e-01
 1.81054e+03  1.00185e+00  9.75993e-01
 1.81056e+03  1.00333e+00  9.75993e-01
 1.81058e+03  1.00316e+00  9.75992e-01
 1.81060e+03  1.00538e+00  9.75991e-01
 1.81064e+03  1.00071e+00  9.75989e-01
 1.81066e+03  1.00335e+00  9.75989e-01
 1.81068e+03  1.00001e+00  9.75988e-01
 1.81070e+03  1.00419e+00  9.75987e-01
 1.81072e+03  1.00098e+00  9.75986e-01
 1.81074e+03  9.99561e-01  9.75985e-01
 1.81076e+03  9.99156e-01  9.75984e-01
 1.81079e+03  1.00109e+00  9.75984e-01
 1.81081e+03  9.98514e-01  9.75983e-01
 1.81083e+03  9.96002e-01  9.75982e-01
 1.81085e+03  9.96885e-01  9.75981e-01
 1.81087e+03  9.97165e-01  9.75980e-01
 1.81089e+03  9.95382e-01  9.75979e-01
 1.81091e+03  9.95804e-01  9.75979e-01
 1.81093e+03  9.96990e-01  9.75978e-01
 1.81095e+03  9.96411e-01  9.75977e-01
 1.81097e+03  1.00214e+00  9.75976e-01
 1.81099e+03  9.98320e-01  9.75975e-01
 1.81101e+03  1.00246e+00  9.75975e-01
 1.81104e+03  1.00200e+00  9.75974e-01
 1.81106e+03  1.00180e+00  9.75973e-01
 1.81108e+03  1.00138e+00  9.75972e-01
 1.81110e+03  1.00335e+00  9.75971e-01
 1.81112e+03  1.00341e+00  9.75970e-01
 1.81114e+03  1.00464e+00  9.75970e-01
 1.81116e+03  1.00282e+00  9.75969e-01
 1.81118e+03  1.00317e+00  9.75968e-01
 1.81120e+03  1.00377e+00  9.75967e-01
 1.81122e+03  9.99325e-01  9.75966e-01
 1.81124e+03  9.98751e-01  9.75966e-01
 1.81126e+03  9.99465e-01  9.75965e-01
 1.81129e+03  9.99056e-01  9.75964e-01
 1.81131e+03  9.97971e-01  9.75963e-01
 1.81133e+03  1.00129e+00  9.75962e-01
 1.81135e+03  9.97216e-01  9.75962e-01
 1.81137e+03  9.95715e-01  9.75961e-01
 1.81139e+03  9.99710e-01  9.75960e-01
 1.81141e+03  9.96889e-01  9.75959e-01
 1.81143e+03  1.00192e+00  9.75958e-01
 1.81145e+03  9.97630e-01  9.75958e-01
 1.81147e+03  9.97377e-01  9.75957e-01
 1.81149e+03  9.97942e-01  9.75956e-01
 1.81151e+03  1.00014e+00  9.75955e-01
 1.81154e+03  1.00292e+00  9.75954e-01
 1.81156e+03  1.00180e+00  9.75954e-01
 1.81158e+03  9.98371e-01  9.75953e-01
 1.81160e+03  9.99694e-01  9.75952e-01
 1.81162e+03  9.99040e-01  9.75951e-01
 1.81164e+03  1.00237e+00  9.75950e-01
 1.81166e+03  9.98835e-01  9.75950e-01
 1.81168e+03  1.00106e+00  9.75949e-01
 1.81170e+03  1.00240e+00  9.75948e-01
 1.81172e+03  1.00132e+00  9.75947e-01
 1.81174e+03  1.00357e+00  9.75947e-01
 1.81176e+03  9.99887e-01  9.75946e-01
 1.81179e+03  9.98971e-01  9.75945e-01
 1.81181e+03  9.98489e-01  9.75944e-01
 1.81183e+03  9.93109e-01  9.75943e-01
 1.81185e+03  9.68214e-01  9.75943e-01
 1.81187e+03  9.28083e-01  9.75942e-01
 1.81189e+03  8.73653e-01  9.75941e-01
 1.81191e+03  8.17083e-01  9.75940e-01
 1.81193e+03  7.55280e-01  9.75940e-01
 1.81195e+03  7.00412e-01  9.75939e-01
 1.81197e+03  6.78684e-01  9.75938e-01
 1.81199e+03  7.01452e-01  9.75937e-01
 1.81201e+03  7.56954e-01  9.75936e-01
 1.81204e+03  8.17852e-01  9.75936e-01
 1.81206e+03  8.78522e-01  9.75935e-01
 1.81208e+03  9.29736e-01  9.75934e-01
 1.81210e+03  9.72369e-01  9.75933e-01
 1.81212e+03  9.96749e-01  9.75933e-01
 1.81214e+03  9.97550e-01  9.75932e-01
 1.81216e+03  9.97706e-01  9.75931e-01
 1.81218e+03  9.98619e-01  9.75930e-01
 1.81220e+03  1.00256e+00  9.75929e-01
 1.81222e+03  1.00013e+00  9.75929e-01
 1.81224e+03  1.00000e+00  9.75928e-01
 1.81226e+03  1.00097e+00  9.75927e-01
 1.81229e+03  9.98260e-01  9.75926e-01
 1.81231e+03  1.00156e+00  9.75926e-01
 1.81233e+03  9.97402e-01  9.75925e-01
 1.81235e+03  1.00145e+00  9.75924e-01
 1.81237e+03  1.00126e+00  9.75923e-01
 1.81239e+03  9.99729e-01  9.75923e-01
 1.81241e+03  1.00189e+00  9.75922e-01
 1.81245e+03  1.00516e+00  9.75920e-01
 1.81247e+03  1.00319e+00  9.75920e-01
 1.81251e+03  1.00757e+00  9.75918e-01
 1.81254e+03  1.00890e+00  9.75917e-01
 1.81256e+03  1.00913e+00  9.75917e-01
 1.81258e+03  1.00907e+00  9.75916e-01
 1.81260e+03  1.00655e+00  9.75915e-01
 1.81262e+03  1.00766e+00  9.75914e-01
 1.81264e+03  1.00542e+00  9.75914e-01
 1.81266e+03  9.99449e-01  9.75913e-01
 1.81268e+03  9.99885e-01  9.75912e-01
 1.81270e+03  9.94267e-01  9.75911e-01
 1.81272e+03  9.96952e-01  9.75911e-01
 1.81274e+03  9.96934e-01  9.75910e-01
 1.81276e+03  9.62011e-01  9.75909e-01
 1.81279e+03  8.65254e-01  9.75908e-01
 1.81281e+03  7.42002e-01  9.75908e-01
 1.81285e+03  6.20363e-01  9.75906e-01
 1.81287e+03  7.43624e-01  9.75906e-01
 1.81289e+03  8.72407e-01  9.75905e-01
 1.81291e+03  9.60713e-01  9.75904e-01
 1.81293e+03  9.97246e-01  9.75903e-01
 1.81295e+03  1.00002e+00  9.75903e-01
 1.81297e+03  9.96725e-01  9.75902e-01
 1.81299e+03  1.00060e+00  9.75901e-01
 1.81301e+03  1.00261e+00  9.75900e-01
 1.81304e+03  9.99471e-01  9.75900e-01
 1.81306e+03  9.96558e-01  9.75899e-01
 1.81308e+03  1.00271e+00  9.75898e-01
 1.81310e+03  9.98133e-01  9.75897e-01
 1.81312e+03  1.00452e+00  9.75897e-01
 1.81314e+03  1.00516e+00  9.75896e-01
 1.81316e+03  1.00104e+00  9.75895e-01
 1.81318e+03  1.00506e+00  9.75895e-01
 1.81320e+03  9.99759e-01  9.75894e-01
 1.81322e+03  1.00185e+00  9.75893e-01
 1.81324e+03  9.99148e-01  9.75892e-01
 1.81326e+03  1.00215e+00  9.75892e-01
 1.81329e+03  1.00044e+00  9.75891e-01
 1.81331e+03  1.00002e+00  9.75890e-01
 1.81333e+03  9.97636e-01  9.75890e-01
 1.81335e+03  9.97856e-01  9.75889e-01
 1.81337e+03  1.00340e+00  9.75888e-01
 1.81339e+03  1.00174e+00  9.75887e-01
 1.81341e+03  9.99498e-01  9.75887e-01
 1.81343e+03  1.00045e+00  9.75886e-01
 1.81345e+03  1.00178e+00  9.75885e-01
 1.81347e+03  1.00116e+00  9.75885e-01
 1.81349e+03  1.00388e+00  9.75884e-01
 1.81351e+03  1.00597e+00  9.75883e-01
 1.81354e+03  1.00908e+00  9.75883e-01
 1.81356e+03  1.00309e+00  9.75882e-01
 1.81358e+03  1.00638e+00  9.75881e-01
 1.81360e+03  1.00783e+00  9.75880e-01
 1.81362e+03  1.00595e+00  9.75880e-01
 1.81364e+03  1.00715e+00  9.75879e-01
 1.81366e+03  1.00530e+00  9.75878e-01
 1.81368e+03  1.00867e+00  9.75878e-01
 1.81370e+03  1.00669e+00  9.75877e-01
 1.81372e+03  1.00654e+00  9.75876e-01
 1.81374e+03  1.00768e+00  9.75876e-01
 1.81376e+03  1.00042e+00  9.75875e-01
 1.81379e+03  9.97969e-01  9.75874e-01
 1.81381e+03  9.99931e-01  9.75874e-01
 1.81383e+03  9.99922e-01  9.75873e-01
 1.81385e+03  9.99096e-01  9.75872e-01
 1.81387e+03  9.99005e-01  9.75871e-01
 1.81389e+03  1.00212e+00  9.75871e-01
 1.81391e+03  1.00011e+00  9.75870e-01
 1.81393e+03  1.00154e+00  9.75869e-01
 1.81395e+03  1.00108e+00  9.75869e-01
 1.81397e+03  9.98655e-01  9.75868e-01
 1.81399e+03  9.98605e-01  9.75867e-01
 1.81401e+03  1.00088e+00  9.75867e-01
 1.81404e+03  9.99101e-01  9.75866e-01
 1.81406e+03  1.00757e+00  9.75865e-01
 1.81408e+03  9.99609e-01  9.75865e-01
 1.81410e+03  1.00172e+00  9.75864e-01
 1.81412e+03  1.00155e+00  9.75863e-01
 1.81414e+03  1.00203e+00  9.75863e-01
 1.81416e+03  1.00758e+00  9.75862e-01
 1.81418e+03  1.00093e+00  9.75861e-01
 1.81420e+03  1.00082e+00  9.75861e-01
 1.81422e+03  1.00257e+00  9.75860e-01
 1.81424e+03  1.00280e+00  9.75859e-01
 1.81426e+03  1.00438e+00  9.75859e-01
 1.81429e+03  1.00857e+00  9.75858e-01
 1.81431e+03  1.00941e+00  9.75857e-01
 1.81433e+03  1.00434e+00  9.75857e-01
 1.81435e+03  1.00213e+00  9.75856e-01
 1.81437e+03  9.96305e-01  9.75855e-01
 1.81439e+03  9.98921e-01  9.75855e-01
 1.81441e+03  9.95372e-01  9.75854e-01
 1.81445e+03  9.99197e-01  9.75853e-01
 1.81447e+03  9.99243e-01  9.75852e-01
 1.81449e+03  1.00331e+00  9.75851e-01
 1.81451e+03  1.00201e+00  9.75851e-01
 1.81454e+03  9.97251e-01  9.75850e-01
 1.81456e+03  1.00083e+00  9.75849e-01
 1.81458e+03  9.98644e-01  9.75849e-01
 1.81460e+03  9.96077e-01  9.75848e-01
 1.81462e+03  1.00047e+00  9.75847e-01
 1.81464e+03  9.96735e-01  9.75847e-01
 1.81466e+03  9.99874e-01  9.75846e-01
 1.81468e+03  1.00147e+00  9.75846e-01
 1.81470e+03  1.00287e+00  9.75845e-01
 1.81472e+03  1.00510e+00  9.75844e-01
 1.81474e+03  1.00084e+00  9.75844e-01
 1.81476e+03  1.00360e+00  9.75843e-01
 1.81479e+03  9.92256e-01  9.75842e-01
 1.81481e+03  9.95789e-01  9.75842e-01
 1.81483e+03  9.93832e-01  9.75841e-01
 1.81485e+03  1.00204e+00  9.75840e-01
 1.81487e+03  1.00125e+00  9.75840e-01
 1.81489e+03  1.00325e+00  9.75839e-01
 1.81491e+03  9.91465e-01  9.75838e-01
 1.81493e+03  1.00924e+00  9.75838e-01
