969
 1.79070e+03  9.86528e-01  9.99920e-01
 1.79072e+03  9.89501e-01  9.99924e-01
 1.79074e+03  9.88427e-01  9.99928e-01
 1.79077e+03  9.87314e-01  9.99932e-01
 1.79079e+03  9.88725e-01  9.99936e-01
 1.79081e+03  9.84363e-01  9.99940e-01
 1.79083e+03  9.84982e-01  9.99945e-01
 1.79085e+03  9.88235e-01  9.99950e-01
 1.79087e+03  9.83977e-01  9.99956e-01
 1.79089e+03  9.84217e-01  9.99961e-01
 1.79091e+03  9.87257e-01  9.99967e-01
 1.79093e+03  9.84230e-01  9.99974e-01
 1.79095e+03  9.88874e-01  9.99981e-01
 1.79099e+03  9.84316e-01  9.99996e-01
 1.79102e+03  9.85801e-01  1.00000e+00
 1.79104e+03  9.84840e-01  1.00001e+00
 1.79108e+03  9.85920e-01  1.00003e+00
 1.79110e+03  9.83115e-01  1.00004e+00
 1.79139e+03  9.89700e-01  1.00033e+00
 1.79141e+03  9.95063e-01  1.00036e+00
 1.79143e+03  1.00289e+00  1.00040e+00
 1.79145e+03  9.99576e-01  1.00045e+00
 1.79147e+03  1.00110e+00  1.00050e+00
 1.79149e+03  1.00592e+00  1.00056e+00
 1.79152e+03  1.00364e+00  1.00063e+00
 1.79154e+03  1.00220e+00  1.00070e+00
 1.79156e+03  1.00518e+00  1.00079e+00
 1.79158e+03  9.99251e-01  1.00088e+00
 1.79160e+03  1.00413e+00  1.00099e+00
 1.79162e+03  1.00228e+00  1.00112e+00
 1.79164e+03  9.97592e-01  1.00128e+00
 1.79166e+03  1.00260e+00  1.00146e+00
 1.79168e+03  1.00215e+00  1.00167e+00
 1.79170e+03  1.00022e+00  1.00192e+00
 1.79172e+03  1.00234e+00  1.00222e+00
 1.79174e+03  9.97573e-01  1.00259e+00
 1.79177e+03  9.98814e-01  1.00304e+00
 1.79179e+03  1.00238e+00  1.00360e+00
 1.79181e+03  9.99566e-01  1.00429e+00
 1.79185e+03  1.00222e+00  1.00623e+00
 1.79187e+03  9.99591e-01  1.00756e+00
 1.79189e+03  1.00156e+00  1.00919e+00
 1.79191e+03  1.00096e+00  1.01113e+00
 1.79193e+03  9.97459e-01  1.01329e+00
 1.79195e+03  9.98656e-01  1.01548e+00
 1.79197e+03  1.00473e+00  1.01733e+00
 1.79199e+03  9.94680e-01  1.01839e+00
 1.79202e+03  1.00482e+00  1.01836e+00
 1.79204e+03  1.00152e+00  1.01724e+00
 1.79206e+03  9.95251e-01  1.01536e+00
 1.79208e+03  1.00566e+00  1.01317e+00
 1.79212e+03  9.96077e-01  1.00908e+00
 1.79214e+03  1.00387e+00  1.00746e+00
 1.79216e+03  9.99804e-01  1.00614e+00
 1.79218e+03  9.97891e-01  1.00508e+00
 1.79220e+03  1.00391e+00  1.00423e+00
 1.79224e+03  1.00166e+00  1.00299e+00
 1.79227e+03  1.00289e+00  1.00255e+00
 1.79229e+03  9.98081e-01  1.00218e+00
 1.79231e+03  1.00011e+00  1.00188e+00
 1.79233e+03  1.00493e+00  1.00163e+00
 1.79235e+03  1.00021e+00  1.00142e+00
 1.79237e+03  9.99550e-01  1.00124e+00
 1.79239e+03  1.00334e+00  1.00109e+00
 1.79241e+03  9.97096e-01  1.00096e+00
 1.79243e+03  1.00391e+00  1.00085e+00
 1.79245e+03  1.00200e+00  1.00076e+00
 1.79247e+03  1.00025e+00  1.00067e+00
 1.79249e+03  1.00235e+00  1.00060e+00
 1.79252e+03  1.00095e+00  1.00054e+00
 1.79254e+03  1.00083e+00  1.00048e+00
 1.79256e+03  1.00150e+00  1.00043e+00
 1.79258e+03  9.98869e-01  1.00038e+00
 1.79260e+03  1.00126e+00  1.00034e+00
 1.79262e+03  1.00437e+00  1.00030e+00
 1.79264e+03  1.00077e+00  1.00027e+00
 1.79266e+03  1.00038e+00  1.00024e+00
 1.79268e+03  1.00316e+00  1.00021e+00
 1.79270e+03  9.97236e-01  1.00019e+00
 1.79272e+03  1.00265e+00  1.00017e+00
 1.79274e+03  1.00001e+00  1.00015e+00
 1.79277e+03  9.98808e-01  1.00013e+00
 1.79279e+03  1.00312e+00  1.00011e+00
 1.79281e+03  1.00141e+00  1.00009e+00
 1.79283e+03  9.98570e-01  1.00008e+00
 1.79285e+03  1.00381e+00  1.00006e+00
 1.79287e+03  9.98919e-01  1.00005e+00
 1.79289e+03  9.99445e-01  1.00004e+00
 1.79291e+03  1.00265e+00  1.00003e+00
 1.79293e+03  9.98313e-01  1.00002e+00
 1.79295e+03  9.96517e-01  1.00001e+00
 1.79297e+03  1.00193e+00  9.99999e-01
 1.79299e+03  1.00120e+00  9.99991e-01
 1.79302e+03  9.98003e-01  9.99983e-01
 1.79304e+03  1.00462e+00  9.99976e-01
 1.79306e+03  9.96300e-01  9.99969e-01
 1.79308e+03  1.00053e+00  9.99962e-01
 1.79310e+03  1.00563e+00  9.99956e-01
 1.79312e+03  9.95830e-01  9.99950e-01
 1.79314e+03  1.00287e+00  9.99945e-01
 1.79316e+03  1.00385e+00  9.99940e-01
 1.79318e+03  9.96817e-01  9.99935e-01
 1.79320e+03  1.00361e+00  9.99931e-01
 1.79322e+03  1.00142e+00  9.99926e-01
 1.79327e+03  1.00651e+00  9.99919e-01
 1.79329e+03  9.99413e-01  9.99915e-01
 1.79331e+03  9.98800e-01  9.99912e-01
 1.79333e+03  1.00207e+00  9.99909e-01
 1.79335e+03  9.99474e-01  9.99906e-01
 1.79337e+03  9.99715e-01  9.99903e-01
 1.79339e+03  1.00302e+00  9.99900e-01
 1.79341e+03  9.97278e-01  9.99898e-01
 1.79343e+03  1.00060e+00  9.99895e-01
 1.79345e+03  1.00161e+00  9.99893e-01
 1.79347e+03  9.98488e-01  9.99891e-01
 1.79349e+03  1.00049e+00  9.99889e-01
 1.79352e+03  1.00270e+00  9.99887e-01
 1.79354e+03  9.94856e-01  9.99885e-01
 1.79356e+03  1.00282e+00  9.99884e-01
 1.79358e+03  1.00018e+00  9.99882e-01
 1.79360e+03  9.94984e-01  9.99881e-01
 1.79362e+03  1.00237e+00  9.99880e-01
 1.79364e+03  9.99499e-01  9.99878e-01
 1.79366e+03  9.97161e-01  9.99877e-01
 1.79368e+03  1.00280e+00  9.99876e-01
 1.79370e+03  9.95854e-01  9.99875e-01
 1.79372e+03  9.98627e-01  9.99874e-01
 1.79374e+03  1.00344e+00  9.99874e-01
 1.79377e+03  9.95935e-01  9.99873e-01
 1.79379e+03  1.00202e+00  9.99872e-01
 1.79381e+03  1.00313e+00  9.99872e-01
 1.79383e+03  9.98154e-01  9.99871e-01
 1.79385e+03  1.00055e+00  9.99871e-01
 1.79387e+03  1.00086e+00  9.99871e-01
 1.79389e+03  9.97829e-01  9.99870e-01
 1.79391e+03  1.00002e+00  9.99870e-01
 1.79395e+03  9.97671e-01  9.99870e-01
 1.79397e+03  1.00249e+00  9.99870e-01
 1.79399e+03  1.00032e+00  9.99870e-01
 1.79402e+03  9.98182e-01  9.99870e-01
 1.79404e+03  1.00185e+00  9.99871e-01
 1.79406e+03  1.00015e+00  9.99871e-01
 1.79408e+03  9.96189e-01  9.99871e-01
 1.79410e+03  1.00472e+00  9.99872e-01
 1.79412e+03  9.99914e-01  9.99872e-01
 1.79414e+03  9.98734e-01  9.99873e-01
 1.79416e+03  1.00230e+00  9.99874e-01
 1.79418e+03  9.97342e-01  9.99874e-01
 1.79420e+03  9.98806e-01  9.99875e-01
 1.79422e+03  1.00426e+00  9.99876e-01
 1.79424e+03  9.94820e-01  9.99877e-01
 1.79427e+03  1.00148e+00  9.99878e-01
 1.79429e+03  1.00170e+00  9.99879e-01
 1.79431e+03  9.96740e-01  9.99881e-01
 1.79433e+03  1.00167e+00  9.99882e-01
 1.79435e+03  9.99477e-01  9.99883e-01
 1.79437e+03  9.95055e-01  9.99885e-01
 1.79439e+03  1.00205e+00  9.99887e-01
 1.79441e+03  9.98925e-01  9.99888e-01
 1.79443e+03  9.97533e-01  9.99890e-01
 1.79445e+03  1.00440e+00  9.99892e-01
 1.79447e+03  9.96240e-01  9.99894e-01
 1.79449e+03  9.98608e-01  9.99896e-01
 1.79452e+03  1.00223e+00  9.99899e-01
 1.79454e+03  9.97073e-01  9.99901e-01
 1.79456e+03  1.00006e+00  9.99904e-01
 1.79458e+03  1.00456e+00  9.99906e-01
 1.79460e+03  9.98040e-01  9.99909e-01
 1.79462e+03  9.99535e-01  9.99912e-01
 1.79464e+03  1.00325e+00  9.99915e-01
 1.79466e+03  9.94792e-01  9.99919e-01
 1.79468e+03  1.00261e+00  9.99922e-01
 1.79470e+03  1.00125e+00  9.99926e-01
 1.79472e+03  9.97297e-01  9.99930e-01
 1.79474e+03  1.00300e+00  9.99934e-01
 1.79477e+03  1.00214e+00  9.99939e-01
 1.79479e+03  9.96910e-01  9.99943e-01
 1.79481e+03  1.00365e+00  9.99948e-01
 1.79483e+03  9.98385e-01  9.99954e-01
 1.79485e+03  1.00005e+00  9.99959e-01
 1.79487e+03  1.00420e+00  9.99965e-01
 1.79489e+03  9.98848e-01  9.99971e-01
 1.79491e+03  1.00313e+00  9.99978e-01
 1.79493e+03  9.99894e-01  9.99985e-01
 1.79497e+03  9.99298e-01  1.00000e+00
 1.79499e+03  1.00108e+00  1.00001e+00
 1.79502e+03  9.97353e-01  1.00002e+00
 1.79504e+03  1.00132e+00  1.00003e+00
 1.79506e+03  1.00383e+00  1.00004e+00
 1.79508e+03  9.97863e-01  1.00005e+00
 1.79510e+03  1.00382e+00  1.00006e+00
 1.79512e+03  9.98040e-01  1.00007e+00
 1.79516e+03  1.00226e+00  1.00010e+00
 1.79518e+03  9.99187e-01  1.00012e+00
 1.79520e+03  9.97304e-01  1.00014e+00
 1.79522e+03  1.00465e+00  1.00016e+00
 1.79524e+03  9.97674e-01  1.00018e+00
 1.79527e+03  9.99321e-01  1.00020e+00
 1.79529e+03  1.00224e+00  1.00022e+00
 1.79531e+03  9.96488e-01  1.00025e+00
 1.79535e+03  1.00381e+00  1.00031e+00
 1.79537e+03  9.95968e-01  1.00035e+00
 1.79539e+03  1.00129e+00  1.00039e+00
 1.79541e+03  1.00440e+00  1.00043e+00
 1.79543e+03  9.96995e-01  1.00048e+00
 1.79545e+03  1.00398e+00  1.00054e+00
 1.79547e+03  1.00212e+00  1.00060e+00
 1.79549e+03  9.97719e-01  1.00067e+00
 1.79552e+03  1.00674e+00  1.00075e+00
 1.79554e+03  1.00606e+00  1.00084e+00
 1.79556e+03  9.98304e-01  1.00095e+00
 1.79558e+03  1.00741e+00  1.00107e+00
 1.79560e+03  1.00435e+00  1.00122e+00
 1.79562e+03  1.00280e+00  1.00138e+00
 1.79564e+03  1.01146e+00  1.00158e+00
 1.79566e+03  1.00748e+00  1.00182e+00
 1.79568e+03  1.01009e+00  1.00210e+00
 1.79570e+03  1.01942e+00  1.00245e+00
 1.79572e+03  1.01807e+00  1.00286e+00
 1.79574e+03  1.02328e+00  1.00338e+00
 1.79577e+03  1.03604e+00  1.00402e+00
 1.79579e+03  1.03500e+00  1.00481e+00
 1.79581e+03  1.05106e+00  1.00580e+00
 1.79583e+03  1.06122e+00  1.00703e+00
 1.79585e+03  1.06367e+00  1.00855e+00
 1.79587e+03  1.08127e+00  1.01038e+00
 1.79589e+03  1.09193e+00  1.01248e+00
 1.79591e+03  1.09590e+00  1.01469e+00
 1.79593e+03  1.11111e+00  1.01671e+00
 1.79595e+03  1.11082e+00  1.01811e+00
 1.79597e+03  1.11358e+00  1.01850e+00
 1.79599e+03  1.11619e+00  1.01777e+00
 1.79602e+03  1.10444e+00  1.01611e+00
 1.79604e+03  1.09693e+00  1.01399e+00
 1.79606e+03  1.08964e+00  1.01179e+00
 1.79608e+03  1.07411e+00  1.00976e+00
 1.79610e+03  1.05900e+00  1.00802e+00
 1.79612e+03  1.04991e+00  1.00659e+00
 1.79614e+03  1.02894e+00  1.00544e+00
 1.79616e+03  1.02634e+00  1.00452e+00
 1.79618e+03  1.02007e+00  1.00377e+00
 1.79620e+03  1.00867e+00  1.00318e+00
 1.79622e+03  1.00924e+00  1.00270e+00
 1.79624e+03  1.00780e+00  1.00231e+00
 1.79627e+03  1.00118e+00  1.00198e+00
 1.79629e+03  1.00529e+00  1.00172e+00
 1.79631e+03  1.00285e+00  1.00149e+00
 1.79633e+03  9.98388e-01  1.00131e+00
 1.79635e+03  1.00484e+00  1.00115e+00
 1.79637e+03  1.00146e+00  1.00101e+00
 1.79639e+03  9.98472e-01  1.00089e+00
 1.79641e+03  1.00409e+00  1.00079e+00
 1.79643e+03  9.99193e-01  1.00070e+00
 1.79645e+03  1.00191e+00  1.00063e+00
 1.79647e+03  1.00346e+00  1.00056e+00
 1.79649e+03  9.99594e-01  1.00050e+00
 1.79652e+03  9.98799e-01  1.00045e+00
 1.79654e+03  1.00315e+00  1.00040e+00
 1.79656e+03  9.99198e-01  1.00036e+00
 1.79658e+03  1.00024e+00  1.00032e+00
 1.79660e+03  1.00016e+00  1.00028e+00
 1.79662e+03  1.00106e+00  1.00025e+00
 1.79664e+03  1.00091e+00  1.00022e+00
 1.79666e+03  1.00278e+00  1.00020e+00
 1.79668e+03  9.97627e-01  1.00017e+00
 1.79670e+03  1.00269e+00  1.00015e+00
 1.79672e+03  1.00246e+00  1.00013e+00
 1.79674e+03  9.96144e-01  1.00012e+00
 1.79677e+03  1.00339e+00  1.00010e+00
 1.79679e+03  9.97350e-01  1.00008e+00
 1.79681e+03  9.98166e-01  1.00007e+00
 1.79683e+03  1.00548e+00  1.00006e+00
 1.79685e+03  9.97164e-01  1.00004e+00
 1.79687e+03  1.00088e+00  1.00003e+00
 1.79689e+03  1.00085e+00  1.00002e+00
 1.79691e+03  9.97738e-01  1.00001e+00
 1.79693e+03  1.00125e+00  1.00000e+00
 1.79695e+03  1.00078e+00  9.99994e-01
 1.79697e+03  9.95554e-01  9.99986e-01
 1.79699e+03  1.00284e+00  9.99978e-01
 1.79702e+03  1.00070e+00  9.99971e-01
 1.79704e+03  9.96694e-01  9.99964e-01
 1.79706e+03  1.00174e+00  9.99958e-01
 1.79708e+03  9.98540e-01  9.99952e-01
 1.79710e+03  9.97962e-01  9.99947e-01
 1.79712e+03  1.00215e+00  9.99942e-01
 1.79714e+03  9.98936e-01  9.99937e-01
 1.79716e+03  9.97906e-01  9.99932e-01
 1.79720e+03  9.99322e-01  9.99924e-01
 1.79722e+03  9.98737e-01  9.99920e-01
 1.79724e+03  1.00163e+00  9.99916e-01
 1.79727e+03  9.98036e-01  9.99913e-01
 1.79729e+03  1.00406e+00  9.99910e-01
 1.79731e+03  1.00099e+00  9.99907e-01
 1.79733e+03  9.99255e-01  9.99904e-01
 1.79735e+03  1.00094e+00  9.99901e-01
 1.79737e+03  1.00020e+00  9.99898e-01
 1.79739e+03  9.96869e-01  9.99896e-01
 1.79741e+03  1.00145e+00  9.99894e-01
 1.79743e+03  1.00009e+00  9.99892e-01
 1.79745e+03  9.98548e-01  9.99890e-01
 1.79747e+03  1.00412e+00  9.99888e-01
 1.79749e+03  9.99218e-01  9.99886e-01
 1.79752e+03  9.98671e-01  9.99884e-01
 1.79754e+03  1.00082e+00  9.99883e-01
 1.79756e+03  9.97924e-01  9.99881e-01
 1.79758e+03  1.00091e+00  9.99880e-01
 1.79760e+03  1.00141e+00  9.99879e-01
 1.79762e+03  9.96394e-01  9.99878e-01
 1.79764e+03  1.00053e+00  9.99877e-01
 1.79766e+03  1.00106e+00  9.99876e-01
 1.79768e+03  9.96855e-01  9.99875e-01
 1.79770e+03  9.99575e-01  9.99874e-01
 1.79772e+03  9.99423e-01  9.99873e-01
 1.79774e+03  9.99706e-01  9.99872e-01
 1.79777e+03  9.98557e-01  9.99872e-01
 1.79779e+03  1.00401e+00  9.99871e-01
 1.79781e+03  9.96730e-01  9.99871e-01
 1.79783e+03  1.00071e+00  9.99871e-01
 1.79785e+03  1.00130e+00  9.99870e-01
 1.79787e+03  9.95518e-01  9.99870e-01
 1.79789e+03  1.00356e+00  9.99870e-01
 1.79791e+03  9.98581e-01  9.99870e-01
 1.79793e+03  9.98598e-01  9.99870e-01
 1.79795e+03  1.00450e+00  9.99870e-01
 1.79797e+03  9.97835e-01  9.99870e-01
 1.79799e+03  9.99118e-01  9.99870e-01
 1.79802e+03  1.00462e+00  9.99871e-01
 1.79804e+03  9.96499e-01  9.99871e-01
 1.79806e+03  1.00367e+00  9.99872e-01
 1.79808e+03  1.00144e+00  9.99872e-01
 1.79812e+03  1.00257e+00  9.99873e-01
 1.79814e+03  1.00057e+00  9.99874e-01
 1.79816e+03  9.98136e-01  9.99875e-01
 1.79818e+03  1.00079e+00  9.99876e-01
 1.79820e+03  9.99780e-01  9.99877e-01
 1.79822e+03  9.98748e-01  9.99878e-01
 1.79824e+03  1.00352e+00  9.99879e-01
 1.79827e+03  9.99168e-01  9.99880e-01
 1.79829e+03  9.99129e-01  9.99881e-01
 1.79831e+03  1.00339e+00  9.99883e-01
 1.79833e+03  9.97392e-01  9.99884e-01
 1.79835e+03  9.99537e-01  9.99886e-01
 1.79837e+03  1.00221e+00  9.99888e-01
 1.79839e+03  9.96116e-01  9.99889e-01
 1.79841e+03  1.00344e+00  9.99891e-01
 1.79843e+03  1.00198e+00  9.99893e-01
 1.79845e+03  9.96545e-01  9.99895e-01
 1.79847e+03  1.00160e+00  9.99898e-01
 1.79849e+03  1.00082e+00  9.99900e-01
 1.79852e+03  9.97648e-01  9.99903e-01
 1.79854e+03  1.00297e+00  9.99905e-01
 1.79856e+03  1.00000e+00  9.99908e-01
 1.79858e+03  9.97649e-01  9.99911e-01
 1.79860e+03  1.00407e+00  9.99914e-01
 1.79862e+03  9.99768e-01  9.99917e-01
 1.79864e+03  9.98793e-01  9.99921e-01
 1.79866e+03  1.00169e+00  9.99925e-01
 1.79868e+03  1.00003e+00  9.99929e-01
 1.79870e+03  1.00017e+00  9.99933e-01
 1.79872e+03  1.00510e+00  9.99937e-01
 1.79877e+03  1.00084e+00  9.99947e-01
 1.79879e+03  1.00293e+00  9.99952e-01
 1.79881e+03  1.00076e+00  9.99957e-01
 1.79883e+03  9.99282e-01  9.99963e-01
 1.79885e+03  1.00265e+00  9.99969e-01
 1.79887e+03  1.00173e+00  9.99976e-01
 1.79889e+03  1.00136e+00  9.99982e-01
 1.79891e+03  1.00278e+00  9.99990e-01
 1.79893e+03  9.98575e-01  9.99998e-01
 1.79895e+03  1.00244e+00  1.00001e+00
 1.79897e+03  1.00110e+00  1.00001e+00
 1.79899e+03  9.99206e-01  1.00002e+00
 1.79902e+03  1.00410e+00  1.00003e+00
 1.79904e+03  1.00045e+00  1.00005e+00
 1.79906e+03  9.99253e-01  1.00006e+00
 1.79910e+03  9.97722e-01  1.00008e+00
 1.79912e+03  9.99140e-01  1.00010e+00
 1.79914e+03  1.00443e+00  1.00011e+00
 1.79916e+03  9.97293e-01  1.00013e+00
 1.79918e+03  1.00391e+00  1.00015e+00
 1.79922e+03  9.98182e-01  1.00019e+00
 1.79924e+03  1.00434e+00  1.00021e+00
 1.79927e+03  9.99380e-01  1.00024e+00
 1.79929e+03  9.99851e-01  1.00027e+00
 1.79931e+03  1.00118e+00  1.00030e+00
 1.79933e+03  9.99789e-01  1.00033e+00
 1.79935e+03  9.99277e-01  1.00037e+00
 1.79937e+03  1.00449e+00  1.00042e+00
 1.79939e+03  9.99316e-01  1.00046e+00
 1.79941e+03  9.97295e-01  1.00052e+00
 1.79943e+03  1.00541e+00  1.00058e+00
 1.79945e+03  9.99148e-01  1.00064e+00
 1.79947e+03  9.96965e-01  1.00072e+00
 1.79949e+03  1.00438e+00  1.00081e+00
 1.79952e+03  9.97537e-01  1.00091e+00
 1.79956e+03  1.00387e+00  1.00116e+00
 1.79958e+03  9.97408e-01  1.00132e+00
 1.79960e+03  1.00352e+00  1.00151e+00
 1.79962e+03  9.99734e-01  1.00173e+00
 1.79964e+03  9.99031e-01  1.00199e+00
 1.79966e+03  1.00054e+00  1.00231e+00
 1.79968e+03  1.00149e+00  1.00270e+00
 1.79970e+03  9.99121e-01  1.00318e+00
 1.79972e+03  1.00252e+00  1.00376e+00
 1.79977e+03  9.99086e-01  1.00541e+00
 1.79979e+03  9.99245e-01  1.00654e+00
 1.79981e+03  1.00186e+00  1.00796e+00
 1.79983e+03  1.00038e+00  1.00967e+00
 1.79985e+03  1.00164e+00  1.01167e+00
 1.79987e+03  1.00008e+00  1.01387e+00
 1.79989e+03  1.00151e+00  1.01601e+00
 1.79991e+03  1.00306e+00  1.01769e+00
 1.79993e+03  1.00042e+00  1.01849e+00
 1.79995e+03  1.00040e+00  1.01816e+00
 1.79997e+03  1.00153e+00  1.01681e+00
 1.79999e+03  9.98644e-01  1.01480e+00
 1.80002e+03  1.00199e+00  1.01259e+00
 1.80004e+03  1.00059e+00  1.01048e+00
 1.80006e+03  9.98329e-01  1.00863e+00
 1.80008e+03  1.00164e+00  1.00709e+00
 1.80010e+03  1.00098e+00  1.00584e+00
 1.80012e+03  9.98863e-01  1.00483e+00
 1.80014e+03  9.99044e-01  1.00403e+00
 1.80016e+03  1.00011e+00  1.00339e+00
 1.80018e+03  9.99892e-01  1.00287e+00
 1.80020e+03  1.00179e+00  1.00244e+00
 1.80022e+03  9.99351e-01  1.00210e+00
 1.80024e+03  9.99685e-01  1.00181e+00
 1.80027e+03  1.00335e+00  1.00157e+00
 1.80029e+03  9.98461e-01  1.00137e+00
 1.80031e+03  1.00226e+00  1.00120e+00
 1.80033e+03  1.00047e+00  1.00106e+00
 1.80035e+03  9.99965e-01  1.00093e+00
 1.80037e+03  1.00376e+00  1.00083e+00
 1.80347e+03  9.96420e-01  1.00087e+00
 1.80349e+03  9.97406e-01  1.00098e+00
 1.80352e+03  1.00333e+00  1.00111e+00
 1.80354e+03  9.96900e-01  1.00126e+00
 1.80356e+03  9.98392e-01  1.00143e+00
 1.80358e+03  1.00066e+00  1.00164e+00
 1.80360e+03  9.96577e-01  1.00189e+00
 1.80362e+03  9.98174e-01  1.00219e+00
 1.80366e+03  9.98576e-01  1.00299e+00
 1.80368e+03  9.98089e-01  1.00353e+00
 1.80370e+03  1.00007e+00  1.00420e+00
 1.80372e+03  9.97697e-01  1.00504e+00
 1.80374e+03  9.99102e-01  1.00609e+00
 1.80379e+03  9.95761e-01  1.00899e+00
 1.80381e+03  1.00107e+00  1.01090e+00
 1.80383e+03  9.98953e-01  1.01304e+00
 1.80385e+03  9.96018e-01  1.01524e+00
 1.80387e+03  1.00274e+00  1.01715e+00
 1.80389e+03  9.96765e-01  1.01832e+00
 1.80391e+03  9.96288e-01  1.01842e+00
 1.80393e+03  1.00000e+00  1.01741e+00
 1.80395e+03  9.95294e-01  1.01560e+00
 1.80397e+03  9.99299e-01  1.01342e+00
 1.80399e+03  9.99604e-01  1.01123e+00
 1.80402e+03  9.96278e-01  1.00928e+00
 1.80404e+03  1.00117e+00  1.00763e+00
 1.80406e+03  9.98483e-01  1.00627e+00
 1.80408e+03  9.95454e-01  1.00518e+00
 1.80410e+03  9.99255e-01  1.00431e+00
 1.80412e+03  9.98748e-01  1.00361e+00
 1.80414e+03  9.95153e-01  1.00305e+00
 1.80416e+03  1.00312e+00  1.00259e+00
 1.80418e+03  9.99435e-01  1.00222e+00
 1.80420e+03  9.95050e-01  1.00191e+00
 1.80422e+03  1.00401e+00  1.00166e+00
 1.80424e+03  9.95503e-01  1.00144e+00
 1.80427e+03  9.96360e-01  1.00126e+00
 1.80429e+03  1.00236e+00  1.00111e+00
 1.80431e+03  9.95922e-01  1.00098e+00
 1.80433e+03  9.99906e-01  1.00087e+00
 1.80435e+03  1.00187e+00  1.00077e+00
 1.80437e+03  9.96336e-01  1.00068e+00
 1.80439e+03  1.00006e+00  1.00061e+00
 1.80441e+03  1.00069e+00  1.00054e+00
 1.80443e+03  9.92841e-01  1.00048e+00
 1.80445e+03  1.00326e+00  1.00043e+00
 1.80449e+03  9.95874e-01  1.00035e+00
 1.80452e+03  1.00239e+00  1.00031e+00
 1.80454e+03  9.98206e-01  1.00027e+00
 1.80456e+03  9.95905e-01  1.00024e+00
 1.80458e+03  1.00262e+00  1.00022e+00
 1.80462e+03  9.98168e-01  1.00017e+00
 1.80464e+03  1.00278e+00  1.00015e+00
 1.80466e+03  9.95624e-01  1.00013e+00
 1.80468e+03  1.00059e+00  1.00011e+00
 1.80470e+03  1.00069e+00  1.00009e+00
 1.80472e+03  9.96396e-01  1.00008e+00
 1.80474e+03  1.00175e+00  1.00007e+00
 1.80477e+03  1.00125e+00  1.00005e+00
 1.80479e+03  9.96476e-01  1.00004e+00
 1.80481e+03  1.00076e+00  1.00003e+00
 1.80483e+03  1.00193e+00  1.00002e+00
 1.80485e+03  9.95255e-01  1.00001e+00
 1.80489e+03  1.00119e+00  9.99992e-01
 1.80491e+03  9.95477e-01  9.99984e-01
 1.80493e+03  1.00321e+00  9.99976e-01
 1.80495e+03  9.99138e-01  9.99969e-01
 1.80497e+03  9.95848e-01  9.99963e-01
 1.80499e+03  1.00423e+00  9.99957e-01
 1.80502e+03  9.96288e-01  9.99951e-01
 1.80504e+03  9.97030e-01  9.99946e-01
 1.80506e+03  1.00404e+00  9.99940e-01
 1.80508e+03  9.95398e-01  9.99936e-01
 1.80510e+03  9.99345e-01  9.99931e-01
 1.80512e+03  1.00261e+00  9.99927e-01
 1.80514e+03  9.95845e-01  9.99923e-01
 1.80516e+03  9.99872e-01  9.99919e-01
 1.80518e+03  1.00118e+00  9.99915e-01
 1.80520e+03  9.97095e-01  9.99912e-01
 1.80522e+03  1.00034e+00  9.99909e-01
 1.80524e+03  1.00287e+00  9.99906e-01
 1.80527e+03  9.97081e-01  9.99903e-01
 1.80529e+03  1.00163e+00  9.99900e-01
 1.80531e+03  1.00279e+00  9.99898e-01
 1.80533e+03  9.94532e-01  9.99895e-01
 1.80535e+03  1.00196e+00  9.99893e-01
 1.80537e+03  9.99496e-01  9.99891e-01
 1.80539e+03  9.95978e-01  9.99889e-01
 1.80541e+03  1.00511e+00  9.99887e-01
 1.80543e+03  9.96908e-01  9.99886e-01
 1.80545e+03  9.98470e-01  9.99884e-01
 1.80547e+03  1.00488e+00  9.99882e-01
 1.80549e+03  9.94937e-01  9.99881e-01
 1.80552e+03  1.00104e+00  9.99880e-01
 1.80554e+03  1.00210e+00  9.99878e-01
 1.80556e+03  9.95870e-01  9.99877e-01
 1.80558e+03  1.00348e+00  9.99876e-01
 1.80560e+03  9.99922e-01  9.99875e-01
 1.80562e+03  9.98113e-01  9.99874e-01
 1.80564e+03  1.00083e+00  9.99874e-01
 1.80566e+03  9.98916e-01  9.99873e-01
 1.80568e+03  9.97570e-01  9.99872e-01
 1.80570e+03  1.00298e+00  9.99872e-01
 1.80572e+03  9.99578e-01  9.99871e-01
 1.80577e+03  1.00634e+00  9.99871e-01
 1.80579e+03  9.97792e-01  9.99870e-01
 1.80581e+03  9.98424e-01  9.99870e-01
 1.80583e+03  1.00428e+00  9.99870e-01
 1.80585e+03  9.95684e-01  9.99870e-01
 1.80587e+03  9.99026e-01  9.99870e-01
 1.80589e+03  1.00359e+00  9.99870e-01
 1.80591e+03  9.96738e-01  9.99870e-01
 1.80593e+03  1.00045e+00  9.99871e-01
 1.80595e+03  1.00237e+00  9.99871e-01
 1.80597e+03  9.96849e-01  9.99871e-01
 1.80599e+03  1.00026e+00  9.99872e-01
 1.80602e+03  1.00126e+00  9.99872e-01
 1.80604e+03  9.97160e-01  9.99873e-01
 1.80606e+03  1.00179e+00  9.99874e-01
 1.80610e+03  9.97903e-01  9.99875e-01
 1.80612e+03  1.00473e+00  9.99876e-01
 1.80614e+03  9.99646e-01  9.99877e-01
 1.80616e+03  9.96538e-01  9.99878e-01
 1.80618e+03  1.00360e+00  9.99879e-01
 1.80620e+03  9.97581e-01  9.99880e-01
 1.80622e+03  1.00060e+00  9.99882e-01
 1.80624e+03  1.00259e+00  9.99883e-01
 1.80627e+03  9.99339e-01  9.99885e-01
 1.80629e+03  1.00007e+00  9.99886e-01
 1.80631e+03  1.00223e+00  9.99888e-01
 1.80633e+03  9.98687e-01  9.99890e-01
 1.80635e+03  1.00075e+00  9.99892e-01
 1.80637e+03  1.00112e+00  9.99894e-01
 1.80641e+03  1.00214e+00  9.99898e-01
 1.80643e+03  1.00277e+00  9.99901e-01
 1.80645e+03  9.95297e-01  9.99903e-01
 1.80647e+03  1.00430e+00  9.99906e-01
 1.80649e+03  1.00033e+00  9.99909e-01
 1.80652e+03  9.97189e-01  9.99912e-01
 1.80654e+03  1.00567e+00  9.99915e-01
 1.80656e+03  9.99614e-01  9.99918e-01
 1.80658e+03  9.97672e-01  9.99922e-01
 1.80660e+03  1.00593e+00  9.99926e-01
 1.80662e+03  9.95503e-01  9.99930e-01
 1.80664e+03  1.00301e+00  9.99934e-01
 1.80666e+03  1.00249e+00  9.99938e-01
 1.80668e+03  9.95506e-01  9.99943e-01
 1.80670e+03  1.00565e+00  9.99948e-01
 1.80672e+03  1.00061e+00  9.99953e-01
 1.80674e+03  9.97525e-01  9.99959e-01
 1.80677e+03  1.00184e+00  9.99964e-01
 1.80679e+03  1.00158e+00  9.99971e-01
 1.80681e+03  9.96940e-01  9.99977e-01
 1.80683e+03  1.00137e+00  9.99984e-01
 1.80685e+03  1.00235e+00  9.99992e-01
 1.80687e+03  9.97462e-01  1.00000e+00
 1.80689e+03  1.00433e+00  1.00001e+00
 1.80691e+03  9.98675e-01  1.00002e+00
 1.80693e+03  9.99098e-01  1.00003e+00
 1.80695e+03  1.00251e+00  1.00004e+00
 1.80699e+03  9.99030e-01  1.00006e+00
 1.80702e+03  1.00279e+00  1.00007e+00
 1.80704e+03  9.96814e-01  1.00009e+00
 1.80706e+03  1.00197e+00  1.00010e+00
 1.80708e+03  1.00196e+00  1.00012e+00
 1.80710e+03  9.95041e-01  1.00013e+00
 1.80712e+03  1.00250e+00  1.00015e+00
 1.80714e+03  1.00045e+00  1.00017e+00
 1.80716e+03  9.98374e-01  1.00020e+00
 1.80718e+03  1.00230e+00  1.00022e+00
 1.80720e+03  1.00245e+00  1.00025e+00
 1.80722e+03  9.97972e-01  1.00028e+00
 1.80724e+03  1.00345e+00  1.00031e+00
 1.80727e+03  9.98847e-01  1.00034e+00
 1.80729e+03  9.99151e-01  1.00038e+00
 1.80731e+03  1.00365e+00  1.00043e+00
 1.80733e+03  9.99171e-01  1.00048e+00
 1.80735e+03  1.00190e+00  1.00053e+00
 1.80737e+03  1.00273e+00  1.00059e+00
 1.80739e+03  9.98905e-01  1.00066e+00
 1.80743e+03  1.00363e+00  1.00083e+00
 1.80745e+03  9.96579e-01  1.00094e+00
 1.80747e+03  9.98816e-01  1.00106e+00
 1.80749e+03  1.00291e+00  1.00120e+00
 1.80752e+03  9.99645e-01  1.00136e+00
 1.80754e+03  9.99938e-01  1.00156e+00
 1.80756e+03  1.00119e+00  1.00179e+00
 1.80758e+03  9.98511e-01  1.00207e+00
 1.80760e+03  1.00027e+00  1.00240e+00
 1.80762e+03  1.00365e+00  1.00281e+00
 1.80764e+03  9.96457e-01  1.00331e+00
 1.80766e+03  1.00479e+00  1.00393e+00
 1.80768e+03  1.00026e+00  1.00471e+00
 1.80770e+03  9.97442e-01  1.00567e+00
 1.80772e+03  1.00559e+00  1.00687e+00
 1.80774e+03  9.96596e-01  1.00836e+00
 1.80777e+03  1.00040e+00  1.01015e+00
 1.80779e+03  1.00184e+00  1.01222e+00
 1.80781e+03  9.98772e-01  1.01444e+00
 1.80783e+03  1.00114e+00  1.01650e+00
 1.80785e+03  9.99857e-01  1.01800e+00
 1.80787e+03  9.99767e-01  1.01852e+00
 1.80789e+03  1.00066e+00  1.01790e+00
 1.80791e+03  1.00042e+00  1.01634e+00
 1.80793e+03  9.99464e-01  1.01424e+00
 1.80795e+03  1.00253e+00  1.01203e+00
 1.80797e+03  1.00037e+00  1.00998e+00
 1.80802e+03  1.00414e+00  1.00675e+00
 1.80804e+03  9.98479e-01  1.00556e+00
 1.80806e+03  9.98997e-01  1.00461e+00
 1.80808e+03  1.00351e+00  1.00385e+00
 1.80810e+03  9.98186e-01  1.00324e+00
 1.80812e+03  9.98695e-01  1.00275e+00
 1.80814e+03  1.00570e+00  1.00235e+00
 1.80816e+03  9.95800e-01  1.00202e+00
 1.80818e+03  1.00322e+00  1.00174e+00
 1.80820e+03  1.00154e+00  1.00152e+00
 1.80822e+03  9.96797e-01  1.00133e+00
 1.80824e+03  1.00237e+00  1.00116e+00
 1.80827e+03  9.99561e-01  1.00102e+00
 1.80829e+03  9.96316e-01  1.00091e+00
 1.80831e+03  1.00295e+00  1.00080e+00
 1.80833e+03  1.00056e+00  1.00071e+00
 1.80835e+03  9.96572e-01  1.00064e+00
 1.80837e+03  1.00421e+00  1.00057e+00
 1.80839e+03  9.97755e-01  1.00051e+00
 1.80841e+03  9.99054e-01  1.00045e+00
 1.80843e+03  1.00140e+00  1.00040e+00
 1.80845e+03  1.00043e+00  1.00036e+00
 1.80847e+03  9.95931e-01  1.00032e+00
 1.80849e+03  1.00469e+00  1.00029e+00
 1.80852e+03  9.98975e-01  1.00026e+00
 1.80854e+03  9.97666e-01  1.00023e+00
 1.80856e+03  1.00241e+00  1.00020e+00
 1.80858e+03  9.98560e-01  1.00018e+00
 1.80860e+03  1.00062e+00  1.00016e+00
 1.80862e+03  1.00109e+00  1.00014e+00
 1.80864e+03  9.98581e-01  1.00012e+00
 1.80866e+03  1.00067e+00  1.00010e+00
 1.80868e+03  1.00271e+00  1.00008e+00
 1.80870e+03  9.98337e-01  1.00007e+00
 1.80872e+03  1.00055e+00  1.00006e+00
 1.80874e+03  1.00198e+00  1.00004e+00
 1.80877e+03  9.96853e-01  1.00003e+00
 1.80879e+03  1.00394e+00  1.00002e+00
 1.80881e+03  1.00032e+00  1.00001e+00
 1.80883e+03  9.98849e-01  1.00000e+00
 1.80885e+03  1.00204e+00  9.99995e-01
 1.80887e+03  9.99035e-01  9.99987e-01
 1.80889e+03  1.00043e+00  9.99979e-01
 1.80891e+03  1.00274e+00  9.99972e-01
 1.80893e+03  9.97828e-01  9.99965e-01
 1.80895e+03  1.00222e+00  9.99959e-01
 1.80897e+03  1.00216e+00  9.99953e-01
 1.80899e+03  9.97420e-01  9.99948e-01
 1.80902e+03  1.00252e+00  9.99942e-01
 1.80904e+03  1.00147e+00  9.99937e-01
 1.80906e+03  9.97524e-01  9.99933e-01
 1.80908e+03  1.00101e+00  9.99928e-01
 1.80910e+03  1.00223e+00  9.99924e-01
 1.80912e+03  9.96549e-01  9.99920e-01
 1.80914e+03  1.00532e+00  9.99917e-01
 1.80916e+03  1.00205e+00  9.99913e-01
 1.80918e+03  9.97467e-01  9.99910e-01
 1.80920e+03  1.00551e+00  9.99907e-01
 1.80922e+03  1.00004e+00  9.99904e-01
 1.80924e+03  9.98727e-01  9.99901e-01
 1.80927e+03  1.00482e+00  9.99899e-01
 1.80929e+03  9.97171e-01  9.99896e-01
 1.80931e+03  1.00161e+00  9.99894e-01
 1.80933e+03  1.00283e+00  9.99892e-01
 1.80935e+03  9.97530e-01  9.99890e-01
 1.80937e+03  1.00178e+00  9.99888e-01
 1.80939e+03  1.00074e+00  9.99886e-01
 1.80941e+03  9.98337e-01  9.99885e-01
 1.80943e+03  1.00207e+00  9.99883e-01
 1.80945e+03  1.00069e+00  9.99882e-01
 1.80947e+03  1.00171e+00  9.99880e-01
 1.80949e+03  1.00047e+00  9.99879e-01
 1.80952e+03  9.99000e-01  9.99878e-01
 1.80954e+03  1.00206e+00  9.99877e-01
 1.80956e+03  1.00047e+00  9.99876e-01
 1.80958e+03  1.00177e+00  9.99875e-01
 1.80960e+03  9.99949e-01  9.99874e-01
 1.80962e+03  1.00385e+00  9.99873e-01
 1.80964e+03  9.97577e-01  9.99873e-01
 1.80966e+03  1.00044e+00  9.99872e-01
 1.80968e+03  1.00261e+00  9.99871e-01
 1.80970e+03  9.96548e-01  9.99871e-01
 1.80972e+03  1.00192e+00  9.99871e-01
 1.80974e+03  1.00227e+00  9.99870e-01
 1.80977e+03  9.98759e-01  9.99870e-01
 1.80979e+03  1.00284e+00  9.99870e-01
 1.80981e+03  9.99953e-01  9.99870e-01
 1.80983e+03  9.98437e-01  9.99870e-01
 1.80985e+03  1.00040e+00  9.99870e-01
 1.80989e+03  9.99087e-01  9.99870e-01
 1.80991e+03  1.00224e+00  9.99871e-01
 1.80995e+03  1.00102e+00  9.99872e-01
 1.80997e+03  1.00116e+00  9.99872e-01
 1.80999e+03  9.99133e-01  9.99873e-01
 1.81002e+03  9.97901e-01  9.99873e-01
 1.81004e+03  1.00284e+00  9.99874e-01
 1.81006e+03  9.99178e-01  9.99875e-01
 1.81008e+03  1.00017e+00  9.99876e-01
 1.81010e+03  1.00382e+00  9.99877e-01
 1.81012e+03  9.98566e-01  9.99878e-01
 1.81014e+03  1.00071e+00  9.99879e-01
 1.81016e+03  1.00075e+00  9.99880e-01
 1.81018e+03  9.98542e-01  9.99881e-01
 1.81020e+03  1.00074e+00  9.99883e-01
 1.81022e+03  1.00176e+00  9.99884e-01
 1.81024e+03  9.97638e-01  9.99886e-01
 1.81027e+03  1.00554e+00  9.99887e-01
 1.81029e+03  9.98538e-01  9.99889e-01
 1.81031e+03  9.99709e-01  9.99891e-01
 1.81033e+03  1.00302e+00  9.99893e-01
 1.81035e+03  9.97850e-01  9.99895e-01
 1.81037e+03  1.00057e+00  9.99897e-01
 1.81039e+03  1.00233e+00  9.99900e-01
 1.81041e+03  9.98948e-01  9.99902e-01
 1.81043e+03  1.00202e+00  9.99905e-01
 1.81045e+03  1.00031e+00  9.99908e-01
 1.81047e+03  9.97249e-01  9.99911e-01
 1.81049e+03  1.00254e+00  9.99914e-01
 1.81052e+03  1.00026e+00  9.99917e-01
 1.81054e+03  9.97995e-01  9.99921e-01
 1.81056e+03  1.00443e+00  9.99924e-01
 1.81058e+03  9.98610e-01  9.99928e-01
 1.81060e+03  9.99841e-01  9.99932e-01
 1.81062e+03  1.00231e+00  9.99937e-01
 1.81064e+03  9.98942e-01  9.99941e-01
 1.81066e+03  9.97664e-01  9.99946e-01
 1.81068e+03  1.00262e+00  9.99951e-01
 1.81070e+03  1.00071e+00  9.99956e-01
 1.81072e+03  9.98540e-01  9.99962e-01
 1.81074e+03  1.00407e+00  9.99968e-01
 1.81077e+03  9.98923e-01  9.99975e-01
 1.81079e+03  9.99580e-01  9.99982e-01
 1.81081e+03  1.00267e+00  9.99989e-01
 1.81083e+03  9.98626e-01  9.99997e-01
 1.81085e+03  1.00119e+00  1.00000e+00
 1.81089e+03  9.98454e-01  1.00002e+00
 1.81091e+03  1.00222e+00  1.00003e+00
 1.81093e+03  1.00244e+00  1.00004e+00
 1.81095e+03  9.97316e-01  1.00006e+00
 1.81097e+03  1.00395e+00  1.00007e+00
 1.81099e+03  9.99088e-01  1.00008e+00
 1.81102e+03  1.00022e+00  1.00010e+00
 1.81104e+03  9.99396e-01  1.00011e+00
 1.81106e+03  9.99737e-01  1.00013e+00
 1.81108e+03  1.00033e+00  1.00015e+00
 1.81110e+03  9.99356e-01  1.00017e+00
 1.81112e+03  9.99733e-01  1.00019e+00
 1.81114e+03  9.99736e-01  1.00021e+00
 1.81116e+03  1.00230e+00  1.00024e+00
 1.81118e+03  9.99527e-01  1.00026e+00
 1.81120e+03  9.99168e-01  1.00030e+00
 1.81122e+03  1.00065e+00  1.00033e+00
 1.81124e+03  9.97630e-01  1.00037e+00
 1.81127e+03  1.00135e+00  1.00041e+00
 1.81129e+03  1.00333e+00  1.00046e+00
 1.81131e+03  9.96449e-01  1.00051e+00
 1.81133e+03  1.00404e+00  1.00057e+00
 1.81135e+03  1.00175e+00  1.00064e+00
 1.81137e+03  9.97777e-01  1.00071e+00
 1.81139e+03  1.00182e+00  1.00080e+00
 1.81141e+03  9.97685e-01  1.00090e+00
 1.81143e+03  9.99869e-01  1.00101e+00
 1.81145e+03  1.00412e+00  1.00114e+00
 1.81147e+03  9.98853e-01  1.00130e+00
 1.81149e+03  1.00056e+00  1.00148e+00
 1.81152e+03  1.00302e+00  1.00170e+00
 1.81154e+03  9.99289e-01  1.00196e+00
 1.81156e+03  1.00135e+00  1.00227e+00
 1.81158e+03  1.00115e+00  1.00265e+00
 1.81160e+03  9.97273e-01  1.00311e+00
 1.81162e+03  1.00198e+00  1.00369e+00
 1.81164e+03  1.00204e+00  1.00440e+00
 1.81166e+03  9.99113e-01  1.00529e+00
 1.81168e+03  1.00141e+00  1.00639e+00
 1.81170e+03  1.00116e+00  1.00777e+00
 1.81172e+03  9.99084e-01  1.00945e+00
 1.81174e+03  1.00207e+00  1.01142e+00
 1.81177e+03  9.99003e-01  1.01360e+00
 1.81179e+03  1.00014e+00  1.01577e+00
 1.81181e+03  1.00323e+00  1.01753e+00
 1.81183e+03  9.98862e-01  1.01845e+00
 1.81185e+03  1.00189e+00  1.01826e+00
 1.81187e+03  1.00017e+00  1.01701e+00
 1.81189e+03  9.97580e-01  1.01507e+00
 1.81191e+03  1.00175e+00  1.01285e+00
 1.81193e+03  1.00126e+00  1.01072e+00
 1.81195e+03  9.96954e-01  1.00884e+00
 1.81197e+03  1.00294e+00  1.00726e+00
 1.81199e+03  1.00135e+00  1.00598e+00
 1.81202e+03  9.99037e-01  1.00495e+00
 1.81204e+03  1.00246e+00  1.00412e+00
 1.81206e+03  9.98012e-01  1.00346e+00
 1.81208e+03  9.97929e-01  1.00292e+00
 1.81210e+03  1.00543e+00  1.00249e+00
 1.81212e+03  9.96490e-01  1.00213e+00
 1.81214e+03  1.00053e+00  1.00184e+00
 1.81216e+03  1.00239e+00  1.00160e+00
 1.81218e+03  9.97799e-01  1.00139e+00
 1.81220e+03  1.00146e+00  1.00122e+00
 1.81222e+03  1.00113e+00  1.00107e+00
 1.81224e+03  9.97157e-01  1.00095e+00
 1.81227e+03  1.00087e+00  1.00084e+00
 1.81229e+03  1.00247e+00  1.00075e+00
 1.81231e+03  9.98949e-01  1.00066e+00
 1.81233e+03  1.00131e+00  1.00059e+00
 1.81235e+03  1.00324e+00  1.00053e+00
 1.81237e+03  1.00025e+00  1.00047e+00
 1.81239e+03  1.00086e+00  1.00042e+00
 1.81241e+03  1.00234e+00  1.00038e+00
 1.81243e+03  9.98475e-01  1.00034e+00
 1.81245e+03  1.00298e+00  1.00030e+00
 1.81247e+03  1.00185e+00  1.00027e+00
 1.81252e+03  1.00372e+00  1.00021e+00
 1.81254e+03  9.98115e-01  1.00019e+00
 1.81256e+03  1.00028e+00  1.00016e+00
 1.81258e+03  1.00092e+00  1.00014e+00
 1.81260e+03  9.97668e-01  1.00012e+00
 1.81262e+03  9.99302e-01  1.00011e+00
 1.81264e+03  1.00180e+00  1.00009e+00
 1.81266e+03  9.99192e-01  1.00008e+00
 1.81268e+03  9.98837e-01  1.00006e+00
 1.81270e+03  9.99698e-01  1.00005e+00
 1.81272e+03  9.97477e-01  1.00004e+00
 1.81274e+03  9.99786e-01  1.00003e+00
 1.81277e+03  9.99247e-01  1.00002e+00
 1.81279e+03  9.97776e-01  1.00001e+00
 1.81281e+03  1.00184e+00  9.99998e-01
 1.81283e+03  9.99250e-01  9.99990e-01
 1.81285e+03  9.97693e-01  9.99982e-01
 1.81287e+03  1.00193e+00  9.99975e-01
 1.81289e+03  9.96699e-01  9.99968e-01
 1.81291e+03  9.97118e-01  9.99961e-01
 1.81293e+03  1.00477e+00  9.99955e-01
 1.81295e+03  9.97460e-01  9.99950e-01
 1.81297e+03  9.99937e-01  9.99944e-01
 1.81299e+03  1.00239e+00  9.99939e-01
 1.81302e+03  9.96927e-01  9.99934e-01
 1.81304e+03  1.00204e+00  9.99930e-01
 1.81306e+03  9.99967e-01  9.99926e-01
 1.81308e+03  9.97387e-01  9.99922e-01
 1.81310e+03  1.00167e+00  9.99918e-01
 1.81312e+03  1.00197e+00  9.99915e-01
 1.81314e+03  9.97866e-01  9.99911e-01
 1.81316e+03  1.00349e+00  9.99908e-01
 1.81318e+03  9.98874e-01  9.99905e-01
 1.81320e+03  9.98304e-01  9.99902e-01
 1.81322e+03  1.00420e+00  9.99900e-01
 1.81324e+03  9.96370e-01  9.99897e-01
 1.81327e+03  9.99381e-01  9.99895e-01
 1.81329e+03  1.00275e+00  9.99893e-01
 1.81331e+03  9.98584e-01  9.99891e-01
 1.81333e+03  1.00007e+00  9.99889e-01
 1.81335e+03  1.00026e+00  9.99887e-01
 1.81337e+03  9.97450e-01  9.99885e-01
 1.81339e+03  1.00183e+00  9.99884e-01
 1.81341e+03  1.00060e+00  9.99882e-01
 1.81343e+03  9.97498e-01  9.99881e-01
 1.81345e+03  1.00255e+00  9.99879e-01
 1.81347e+03  9.99016e-01  9.99878e-01
 1.81349e+03  9.97083e-01  9.99877e-01
 1.81352e+03  1.00048e+00  9.99876e-01
 1.81354e+03  9.99158e-01  9.99875e-01
 1.81356e+03  9.95582e-01  9.99874e-01
 1.81358e+03  1.00491e+00  9.99873e-01
 1.81360e+03  9.98735e-01  9.99873e-01
 1.81362e+03  9.96566e-01  9.99872e-01
 1.81364e+03  1.00147e+00  9.99872e-01
 1.81366e+03  9.97193e-01  9.99871e-01
 1.81368e+03  9.98632e-01  9.99871e-01
 1.81370e+03  1.00161e+00  9.99871e-01
 1.81372e+03  9.95428e-01  9.99870e-01
 1.81374e+03  9.99147e-01  9.99870e-01
 1.81377e+03  1.00306e+00  9.99870e-01
 1.81379e+03  9.96018e-01  9.99870e-01
 1.81381e+03  9.98777e-01  9.99870e-01
 1.81383e+03  1.00037e+00  9.99870e-01
 1.81385e+03  9.93940e-01  9.99870e-01
 1.81387e+03  1.00212e+00  9.99871e-01
 1.81389e+03  1.00070e+00  9.99871e-01
 1.81391e+03  9.95412e-01  9.99871e-01
 1.81395e+03  1.00295e+00  9.99872e-01
 1.81397e+03  9.93376e-01  9.99873e-01
 1.81399e+03  1.00275e+00  9.99874e-01
 1.81402e+03  9.98256e-01  9.99874e-01
 1.81404e+03  9.96831e-01  9.99875e-01
 1.81406e+03  1.00685e+00  9.99876e-01
 1.81408e+03  9.95949e-01  9.99877e-01
 1.81410e+03  1.00178e+00  9.99878e-01
 1.81412e+03  1.00440e+00  9.99879e-01
 1.81414e+03  9.97926e-01  9.99881e-01
 1.81418e+03  1.00267e+00  9.99884e-01
 1.81420e+03  9.99390e-01  9.99885e-01
 1.81422e+03  1.00506e+00  9.99887e-01
 1.81424e+03  1.00274e+00  9.99888e-01
 1.81427e+03  9.97735e-01  9.99890e-01
 1.81429e+03  1.00154e+00  9.99892e-01
 1.81431e+03  9.98047e-01  9.99894e-01
 1.81433e+03  9.98638e-01  9.99897e-01
 1.81435e+03  1.00272e+00  9.99899e-01
 1.81437e+03  9.98032e-01  9.99901e-01
 1.81439e+03  9.96655e-01  9.99904e-01
 1.81441e+03  1.00397e+00  9.99907e-01
 1.81443e+03  9.94636e-01  9.99910e-01
 1.81445e+03  9.98309e-01  9.99913e-01
 1.81447e+03  1.00106e+00  9.99916e-01
 1.81449e+03  9.94286e-01  9.99919e-01
 1.81452e+03  1.00030e+00  9.99923e-01
 1.81454e+03  1.00076e+00  9.99927e-01
 1.81456e+03  9.95347e-01  9.99931e-01
 1.81458e+03  1.00021e+00  9.99935e-01
 1.81460e+03  9.97927e-01  9.99939e-01
 1.81462e+03  9.94252e-01  9.99944e-01
 1.81464e+03  9.99409e-01  9.99949e-01
 1.81466e+03  9.98577e-01  9.99954e-01
 1.81468e+03  9.95785e-01  9.99960e-01
 1.81470e+03  1.00182e+00  9.99966e-01
 1.81472e+03  9.98373e-01  9.99972e-01
 1.81474e+03  9.94770e-01  9.99979e-01
 1.81477e+03  1.00321e+00  9.99986e-01
 1.81479e+03  9.97707e-01  9.99994e-01
 1.81481e+03  9.95833e-01  1.00000e+00
 1.81483e+03  1.00295e+00  1.00001e+00
 1.81485e+03  9.99177e-01  1.00002e+00
 1.81487e+03  1.00070e+00  1.00003e+00
 1.81489e+03  1.00671e+00  1.00004e+00
 1.81491e+03  1.00237e+00  1.00005e+00
 1.81493e+03  1.00444e+00  1.00006e+00
