1912
 1.76472e+03  1.00509e+00  1.00031e+00
 1.76474e+03  1.00366e+00  1.00031e+00
 1.76476e+03  1.00404e+00  1.00031e+00
 1.76478e+03  1.00322e+00  1.00031e+00
 1.76481e+03  1.00248e+00  1.00031e+00
 1.76483e+03  1.00198e+00  1.00031e+00
 1.76485e+03  1.00180e+00  1.00030e+00
 1.76487e+03  9.99988e-01  1.00030e+00
 1.76489e+03  1.00180e+00  1.00030e+00
 1.76491e+03  1.00206e+00  1.00030e+00
 1.76493e+03  1.00137e+00  1.00030e+00
 1.76495e+03  1.00129e+00  1.00029e+00
 1.76497e+03  1.00118e+00  1.00029e+00
 1.76499e+03  1.00255e+00  1.00029e+00
 1.76501e+03  1.00161e+00  1.00029e+00
 1.76503e+03  1.00405e+00  1.00028e+00
 1.76506e+03  1.00315e+00  1.00028e+00
 1.76508e+03  1.00254e+00  1.00028e+00
 1.76510e+03  1.00021e+00  1.00028e+00
 1.76512e+03  1.00246e+00  1.00028e+00
 1.76514e+03  1.00255e+00  1.00027e+00
 1.76516e+03  1.00362e+00  1.00027e+00
 1.76518e+03  1.00386e+00  1.00027e+00
 1.76520e+03  1.00265e+00  1.00026e+00
 1.76522e+03  1.00265e+00  1.00026e+00
 1.76524e+03  1.00400e+00  1.00026e+00
 1.76526e+03  1.00489e+00  1.00026e+00
 1.76528e+03  1.00396e+00  1.00025e+00
 1.76531e+03  1.00505e+00  1.00025e+00
 1.76533e+03  1.00349e+00  1.00025e+00
 1.76535e+03  1.00282e+00  1.00024e+00
 1.76537e+03  1.00245e+00  1.00024e+00
 1.76539e+03  1.00237e+00  1.00024e+00
 1.76541e+03  1.00265e+00  1.00023e+00
 1.76543e+03  1.00263e+00  1.00023e+00
 1.76545e+03  1.00086e+00  1.00023e+00
 1.76547e+03  1.00291e+00  1.00022e+00
 1.76549e+03  1.00212e+00  1.00022e+00
 1.76551e+03  1.00245e+00  1.00022e+00
 1.76553e+03  1.00272e+00  1.00021e+00
 1.76556e+03  1.00118e+00  1.00021e+00
 1.76558e+03  1.00251e+00  1.00020e+00
 1.76560e+03  1.00124e+00  1.00020e+00
 1.76562e+03  1.00100e+00  1.00020e+00
 1.76564e+03  1.00228e+00  1.00019e+00
 1.76566e+03  1.00068e+00  1.00019e+00
 1.76568e+03  1.00187e+00  1.00018e+00
 1.76570e+03  1.00213e+00  1.00018e+00
 1.76572e+03  1.00152e+00  1.00017e+00
 1.76574e+03  1.00204e+00  1.00016e+00
 1.76576e+03  1.00065e+00  1.00016e+00
 1.76578e+03  1.00375e+00  1.00015e+00
 1.76581e+03  1.00102e+00  1.00015e+00
 1.76583e+03  9.99295e-01  1.00014e+00
 1.76585e+03  9.98861e-01  1.00013e+00
 1.76587e+03  1.00074e+00  1.00013e+00
 1.76589e+03  9.99148e-01  1.00012e+00
 1.76591e+03  9.99143e-01  1.00011e+00
 1.76593e+03  9.99679e-01  1.00010e+00
 1.76595e+03  1.00054e+00  1.00010e+00
 1.76597e+03  9.99322e-01  1.00009e+00
 1.76599e+03  9.99764e-01  1.00008e+00
 1.76601e+03  1.00052e+00  1.00007e+00
 1.76603e+03  1.00018e+00  1.00006e+00
 1.76606e+03  1.00085e+00  1.00005e+00
 1.76608e+03  9.99051e-01  1.00004e+00
 1.76610e+03  1.00078e+00  1.00003e+00
 1.76612e+03  1.00027e+00  1.00002e+00
 1.76614e+03  1.00068e+00  1.00001e+00
 1.76616e+03  1.00102e+00  9.99993e-01
 1.76618e+03  1.00245e+00  9.99980e-01
 1.76620e+03  1.00099e+00  9.99967e-01
 1.76624e+03  1.00048e+00  9.99939e-01
 1.76626e+03  1.00192e+00  9.99924e-01
 1.76628e+03  1.00096e+00  9.99909e-01
 1.76631e+03  1.00107e+00  9.99893e-01
 1.76633e+03  1.00183e+00  9.99876e-01
 1.76635e+03  1.00079e+00  9.99859e-01
 1.76637e+03  1.00107e+00  9.99841e-01
 1.76639e+03  9.99520e-01  9.99822e-01
 1.76641e+03  1.00145e+00  9.99802e-01
 1.76643e+03  9.99703e-01  9.99782e-01
 1.76645e+03  1.00001e+00  9.99761e-01
 1.76647e+03  1.00017e+00  9.99739e-01
 1.76649e+03  9.98926e-01  9.99717e-01
 1.76651e+03  9.99626e-01  9.99693e-01
 1.76653e+03  9.99562e-01  9.99669e-01
 1.76656e+03  9.96633e-01  9.99644e-01
 1.76658e+03  1.00055e+00  9.99619e-01
 1.76660e+03  9.98495e-01  9.99593e-01
 1.76662e+03  9.98579e-01  9.99566e-01
 1.76664e+03  9.97854e-01  9.99538e-01
 1.76666e+03  9.98743e-01  9.99510e-01
 1.76668e+03  9.99322e-01  9.99481e-01
 1.76670e+03  9.98592e-01  9.99453e-01
 1.76672e+03  9.99470e-01  9.99424e-01
 1.76674e+03  1.00004e+00  9.99394e-01
 1.76676e+03  9.99344e-01  9.99365e-01
 1.76678e+03  9.98303e-01  9.99337e-01
 1.76681e+03  9.98289e-01  9.99309e-01
 1.76683e+03  9.98081e-01  9.99282e-01
 1.76685e+03  9.98420e-01  9.99256e-01
 1.76687e+03  9.98211e-01  9.99233e-01
 1.76689e+03  9.98300e-01  9.99211e-01
 1.76691e+03  9.97082e-01  9.99193e-01
 1.76693e+03  9.96364e-01  9.99178e-01
 1.76695e+03  9.96015e-01  9.99168e-01
 1.76697e+03  9.95336e-01  9.99163e-01
 1.76699e+03  9.96723e-01  9.99165e-01
 1.76701e+03  9.95584e-01  9.99174e-01
 1.76703e+03  9.98173e-01  9.99193e-01
 1.76706e+03  9.96645e-01  9.99222e-01
 1.76708e+03  9.96876e-01  9.99262e-01
 1.76710e+03  9.95818e-01  9.99317e-01
 1.76712e+03  9.96843e-01  9.99388e-01
 1.76714e+03  9.95675e-01  9.99476e-01
 1.76716e+03  9.96984e-01  9.99584e-01
 1.76718e+03  9.99589e-01  9.99715e-01
 1.76720e+03  9.98097e-01  9.99870e-01
 1.76724e+03  1.00007e+00  1.00026e+00
 1.76726e+03  1.00193e+00  1.00050e+00
 1.76728e+03  1.00010e+00  1.00078e+00
 1.76731e+03  1.00298e+00  1.00109e+00
 1.76733e+03  1.00226e+00  1.00142e+00
 1.76735e+03  1.00354e+00  1.00179e+00
 1.76737e+03  1.00539e+00  1.00220e+00
 1.76739e+03  1.00713e+00  1.00262e+00
 1.76741e+03  1.00579e+00  1.00307e+00
 1.76743e+03  1.00688e+00  1.00354e+00
 1.76745e+03  1.00811e+00  1.00401e+00
 1.76747e+03  1.00894e+00  1.00447e+00
 1.76749e+03  1.00791e+00  1.00492e+00
 1.76751e+03  1.00871e+00  1.00535e+00
 1.76753e+03  1.01074e+00  1.00573e+00
 1.76756e+03  1.00889e+00  1.00606e+00
 1.76758e+03  1.00859e+00  1.00632e+00
 1.76760e+03  1.00759e+00  1.00650e+00
 1.76762e+03  1.00901e+00  1.00660e+00
 1.76764e+03  1.00881e+00  1.00660e+00
 1.76768e+03  1.00698e+00  1.00632e+00
 1.76770e+03  1.00535e+00  1.00605e+00
 1.76772e+03  1.00322e+00  1.00570e+00
 1.76774e+03  1.00301e+00  1.00528e+00
 1.76776e+03  1.00221e+00  1.00481e+00
 1.76778e+03  1.00338e+00  1.00430e+00
 1.76781e+03  1.00097e+00  1.00376e+00
 1.76783e+03  1.00272e+00  1.00321e+00
 1.76785e+03  1.00083e+00  1.00267e+00
 1.76787e+03  1.00128e+00  1.00214e+00
 1.76789e+03  9.99063e-01  1.00164e+00
 1.76791e+03  1.00011e+00  1.00118e+00
 1.76793e+03  9.99687e-01  1.00075e+00
 1.76795e+03  9.99199e-01  1.00038e+00
 1.76797e+03  9.99397e-01  1.00004e+00
 1.76799e+03  9.97545e-01  9.99752e-01
 1.76801e+03  9.99435e-01  9.99508e-01
 1.76803e+03  9.98629e-01  9.99307e-01
 1.76806e+03  9.99633e-01  9.99144e-01
 1.76808e+03  9.99565e-01  9.99018e-01
 1.76810e+03  9.99155e-01  9.98924e-01
 1.76812e+03  9.99336e-01  9.98859e-01
 1.76814e+03  9.99747e-01  9.98818e-01
 1.76816e+03  9.99783e-01  9.98799e-01
 1.76818e+03  1.00108e+00  9.98798e-01
 1.76820e+03  9.98731e-01  9.98813e-01
 1.76822e+03  9.99644e-01  9.98839e-01
 1.76824e+03  1.00129e+00  9.98876e-01
 1.76826e+03  1.00008e+00  9.98920e-01
 1.76828e+03  1.00258e+00  9.98971e-01
 1.76831e+03  1.00221e+00  9.99026e-01
 1.76833e+03  1.00063e+00  9.99084e-01
 1.76835e+03  1.00096e+00  9.99143e-01
 1.76837e+03  1.00204e+00  9.99204e-01
 1.76839e+03  9.99208e-01  9.99265e-01
 1.76841e+03  9.99228e-01  9.99326e-01
 1.76843e+03  1.00219e+00  9.99385e-01
 1.76845e+03  1.00093e+00  9.99444e-01
 1.76847e+03  1.00108e+00  9.99500e-01
 1.76849e+03  1.00044e+00  9.99555e-01
 1.76851e+03  1.00112e+00  9.99607e-01
 1.76853e+03  1.00137e+00  9.99657e-01
 1.76856e+03  1.00172e+00  9.99706e-01
 1.76858e+03  1.00133e+00  9.99751e-01
 1.76862e+03  1.00108e+00  9.99836e-01
 1.76864e+03  9.99589e-01  9.99875e-01
 1.76866e+03  1.00150e+00  9.99912e-01
 1.76868e+03  1.00038e+00  9.99947e-01
 1.76870e+03  1.00174e+00  9.99979e-01
 1.76872e+03  1.00163e+00  1.00001e+00
 1.76874e+03  9.99470e-01  1.00004e+00
 1.76876e+03  1.00064e+00  1.00007e+00
 1.76878e+03  1.00006e+00  1.00009e+00
 1.76881e+03  1.00057e+00  1.00011e+00
 1.76883e+03  9.98863e-01  1.00014e+00
 1.76885e+03  9.99552e-01  1.00016e+00
 1.76887e+03  9.99491e-01  1.00018e+00
 1.76889e+03  1.00199e+00  1.00019e+00
 1.76891e+03  1.00000e+00  1.00021e+00
 1.76893e+03  9.99554e-01  1.00023e+00
 1.76895e+03  9.99479e-01  1.00024e+00
 1.76897e+03  1.00121e+00  1.00025e+00
 1.76899e+03  1.00107e+00  1.00027e+00
 1.76901e+03  9.99093e-01  1.00028e+00
 1.76903e+03  9.99581e-01  1.00029e+00
 1.76906e+03  1.00013e+00  1.00030e+00
 1.76908e+03  1.00079e+00  1.00031e+00
 1.76910e+03  9.99066e-01  1.00032e+00
 1.76912e+03  1.00085e+00  1.00032e+00
 1.76914e+03  1.00059e+00  1.00033e+00
 1.76916e+03  9.97680e-01  1.00034e+00
 1.76918e+03  1.00015e+00  1.00034e+00
 1.76920e+03  9.99578e-01  1.00035e+00
 1.76922e+03  9.99824e-01  1.00035e+00
 1.76924e+03  1.00092e+00  1.00036e+00
 1.76926e+03  9.99852e-01  1.00036e+00
 1.76929e+03  1.00012e+00  1.00037e+00
 1.76931e+03  9.97946e-01  1.00037e+00
 1.76933e+03  1.00088e+00  1.00037e+00
 1.76935e+03  9.98730e-01  1.00038e+00
 1.76937e+03  1.00008e+00  1.00038e+00
 1.76939e+03  9.99319e-01  1.00038e+00
 1.76941e+03  9.99082e-01  1.00038e+00
 1.76943e+03  9.99418e-01  1.00038e+00
 1.76945e+03  9.98819e-01  1.00038e+00
 1.76947e+03  1.00049e+00  1.00039e+00
 1.76949e+03  9.98784e-01  1.00039e+00
 1.76951e+03  9.99812e-01  1.00039e+00
 1.76954e+03  9.98186e-01  1.00039e+00
 1.76956e+03  9.99742e-01  1.00039e+00
 1.76958e+03  9.97650e-01  1.00039e+00
 1.76960e+03  9.98589e-01  1.00039e+00
 1.76962e+03  9.96697e-01  1.00039e+00
 1.76964e+03  9.98173e-01  1.00039e+00
 1.76966e+03  9.99485e-01  1.00039e+00
 1.76968e+03  9.98284e-01  1.00039e+00
 1.76970e+03  9.99424e-01  1.00039e+00
 1.76972e+03  9.97608e-01  1.00039e+00
 1.76976e+03  9.97202e-01  1.00039e+00
 1.76979e+03  9.98385e-01  1.00038e+00
 1.76981e+03  9.96786e-01  1.00038e+00
 1.76983e+03  9.98955e-01  1.00038e+00
 1.76985e+03  9.96044e-01  1.00038e+00
 1.76987e+03  9.96677e-01  1.00038e+00
 1.76989e+03  9.96847e-01  1.00038e+00
 1.76991e+03  9.96097e-01  1.00038e+00
 1.76993e+03  9.96999e-01  1.00038e+00
 1.76995e+03  9.95501e-01  1.00038e+00
 1.76997e+03  9.96299e-01  1.00038e+00
 1.76999e+03  9.96156e-01  1.00037e+00
 1.77001e+03  9.93997e-01  1.00037e+00
 1.77004e+03  9.97792e-01  1.00037e+00
 1.77006e+03  9.94923e-01  1.00037e+00
 1.77008e+03  9.95863e-01  1.00037e+00
 1.77010e+03  9.97080e-01  1.00037e+00
 1.77012e+03  9.96748e-01  1.00037e+00
 1.77014e+03  9.97705e-01  1.00036e+00
 1.77016e+03  9.96549e-01  1.00036e+00
 1.77018e+03  9.97755e-01  1.00036e+00
 1.77020e+03  9.97153e-01  1.00036e+00
 1.77022e+03  9.97598e-01  1.00036e+00
 1.77024e+03  9.99127e-01  1.00036e+00
 1.77026e+03  9.97517e-01  1.00036e+00
 1.77029e+03  9.99508e-01  1.00035e+00
 1.77031e+03  1.00070e+00  1.00035e+00
 1.77033e+03  1.00070e+00  1.00035e+00
 1.77035e+03  1.00221e+00  1.00035e+00
 1.77037e+03  1.00274e+00  1.00035e+00
 1.77039e+03  1.00393e+00  1.00035e+00
 1.77041e+03  1.00377e+00  1.00034e+00
 1.77043e+03  1.00383e+00  1.00034e+00
 1.77045e+03  1.00498e+00  1.00034e+00
 1.77047e+03  1.00682e+00  1.00034e+00
 1.77049e+03  1.00802e+00  1.00034e+00
 1.77051e+03  1.00605e+00  1.00034e+00
 1.77054e+03  1.00905e+00  1.00033e+00
 1.77056e+03  1.00776e+00  1.00033e+00
 1.77058e+03  1.00802e+00  1.00033e+00
 1.77060e+03  1.00878e+00  1.00033e+00
 1.77062e+03  1.00798e+00  1.00033e+00
 1.77064e+03  1.00775e+00  1.00032e+00
 1.77066e+03  1.00785e+00  1.00032e+00
 1.77068e+03  1.00687e+00  1.00032e+00
 1.77070e+03  1.00781e+00  1.00032e+00
 1.77072e+03  1.00726e+00  1.00032e+00
 1.77074e+03  1.00750e+00  1.00032e+00
 1.77076e+03  1.00596e+00  1.00031e+00
 1.77079e+03  1.00424e+00  1.00031e+00
 1.77081e+03  1.00500e+00  1.00031e+00
 1.77083e+03  1.00359e+00  1.00031e+00
 1.77085e+03  1.00373e+00  1.00031e+00
 1.77087e+03  1.00139e+00  1.00030e+00
 1.77089e+03  1.00098e+00  1.00030e+00
 1.77091e+03  9.99530e-01  1.00030e+00
 1.77093e+03  1.00031e+00  1.00030e+00
 1.77095e+03  9.98873e-01  1.00030e+00
 1.77097e+03  9.98600e-01  1.00029e+00
 1.77099e+03  9.98718e-01  1.00029e+00
 1.77101e+03  9.98236e-01  1.00029e+00
 1.77104e+03  9.99177e-01  1.00029e+00
 1.77106e+03  9.98600e-01  1.00029e+00
 1.77108e+03  1.00032e+00  1.00028e+00
 1.77110e+03  9.98380e-01  1.00028e+00
 1.77112e+03  9.98481e-01  1.00028e+00
 1.77114e+03  9.99703e-01  1.00028e+00
 1.77116e+03  9.98873e-01  1.00027e+00
 1.77118e+03  1.00001e+00  1.00027e+00
 1.77120e+03  1.00014e+00  1.00027e+00
 1.77122e+03  1.00048e+00  1.00027e+00
 1.77124e+03  1.00068e+00  1.00026e+00
 1.77126e+03  1.00046e+00  1.00026e+00
 1.77129e+03  1.00207e+00  1.00026e+00
 1.77131e+03  1.00095e+00  1.00025e+00
 1.77133e+03  9.99437e-01  1.00025e+00
 1.77135e+03  1.00065e+00  1.00025e+00
 1.77137e+03  1.00115e+00  1.00025e+00
 1.77139e+03  1.00235e+00  1.00024e+00
 1.77141e+03  1.00113e+00  1.00024e+00
 1.77143e+03  1.00251e+00  1.00024e+00
 1.77145e+03  1.00103e+00  1.00023e+00
 1.77147e+03  1.00007e+00  1.00023e+00
 1.77149e+03  1.00145e+00  1.00023e+00
 1.77151e+03  1.00107e+00  1.00022e+00
 1.77154e+03  1.00009e+00  1.00022e+00
 1.77156e+03  1.00164e+00  1.00021e+00
 1.77158e+03  1.00032e+00  1.00021e+00
 1.77160e+03  1.00208e+00  1.00021e+00
 1.77162e+03  1.00051e+00  1.00020e+00
 1.77164e+03  1.00063e+00  1.00020e+00
 1.77166e+03  1.00172e+00  1.00019e+00
 1.77168e+03  1.00100e+00  1.00019e+00
 1.77170e+03  9.98395e-01  1.00018e+00
 1.77172e+03  1.00026e+00  1.00018e+00
 1.77174e+03  1.00426e+00  1.00017e+00
 1.77176e+03  1.00176e+00  1.00017e+00
 1.77179e+03  1.00164e+00  1.00016e+00
 1.77181e+03  1.00167e+00  1.00015e+00
 1.77183e+03  9.99867e-01  1.00015e+00
 1.77185e+03  1.00176e+00  1.00014e+00
 1.77187e+03  1.00047e+00  1.00014e+00
 1.77189e+03  1.00132e+00  1.00013e+00
 1.77191e+03  1.00024e+00  1.00012e+00
 1.77193e+03  1.00081e+00  1.00011e+00
 1.77195e+03  9.99774e-01  1.00011e+00
 1.77197e+03  9.99996e-01  1.00010e+00
 1.77199e+03  9.99553e-01  1.00009e+00
 1.77201e+03  1.00030e+00  1.00008e+00
 1.77204e+03  9.99443e-01  1.00007e+00
 1.77206e+03  1.00027e+00  1.00006e+00
 1.77208e+03  9.99950e-01  1.00005e+00
 1.77212e+03  1.00076e+00  1.00003e+00
 1.77214e+03  9.99362e-01  1.00002e+00
 1.77216e+03  1.00120e+00  1.00001e+00
 1.77551e+03  9.99154e-01  1.00039e+00
 1.77554e+03  9.98623e-01  1.00039e+00
 1.77556e+03  1.00109e+00  1.00039e+00
 1.77558e+03  1.00004e+00  1.00039e+00
 1.77560e+03  1.00209e+00  1.00039e+00
 1.77562e+03  1.00090e+00  1.00039e+00
 1.77564e+03  1.00065e+00  1.00039e+00
 1.77568e+03  1.00177e+00  1.00039e+00
 1.77774e+03  1.00386e+00  1.00018e+00
 1.77776e+03  1.00171e+00  1.00017e+00
 1.77779e+03  1.00324e+00  1.00017e+00
 1.77781e+03  1.00361e+00  1.00016e+00
 1.77783e+03  1.00209e+00  1.00016e+00
 1.77785e+03  1.00268e+00  1.00015e+00
 1.77787e+03  1.00268e+00  1.00014e+00
 1.77789e+03  1.00437e+00  1.00014e+00
 1.77793e+03  9.95940e-01  1.00012e+00
 1.77795e+03  9.99477e-01  1.00012e+00
 1.77797e+03  9.97477e-01  1.00011e+00
 1.77799e+03  1.00060e+00  1.00010e+00
 1.77801e+03  1.00144e+00  1.00009e+00
 1.77804e+03  9.98495e-01  1.00008e+00
 1.77806e+03  1.00116e+00  1.00007e+00
 1.77808e+03  9.98978e-01  1.00007e+00
 1.77810e+03  9.98869e-01  1.00006e+00
 1.77812e+03  9.99901e-01  1.00005e+00
 1.77814e+03  1.00102e+00  1.00004e+00
 1.77816e+03  9.97605e-01  1.00002e+00
 1.77818e+03  1.00022e+00  1.00001e+00
 1.77820e+03  9.99865e-01  1.00000e+00
 1.77822e+03  9.97972e-01  9.99989e-01
 1.77824e+03  1.00122e+00  9.99976e-01
 1.77826e+03  9.99580e-01  9.99962e-01
 1.77829e+03  9.98200e-01  9.99948e-01
 1.77831e+03  1.00000e+00  9.99934e-01
 1.77833e+03  9.98527e-01  9.99919e-01
 1.77835e+03  9.97780e-01  9.99903e-01
 1.77837e+03  9.99243e-01  9.99887e-01
 1.77839e+03  9.98537e-01  9.99870e-01
 1.77841e+03  9.99270e-01  9.99852e-01
 1.77843e+03  9.99150e-01  9.99834e-01
 1.77845e+03  9.99999e-01  9.99815e-01
 1.77847e+03  9.98002e-01  9.99795e-01
 1.77849e+03  9.99352e-01  9.99775e-01
 1.77851e+03  9.98680e-01  9.99753e-01
 1.77854e+03  9.98463e-01  9.99731e-01
 1.77856e+03  9.98689e-01  9.99709e-01
 1.77858e+03  9.98929e-01  9.99685e-01
 1.77860e+03  9.99499e-01  9.99661e-01
 1.77862e+03  1.00029e+00  9.99636e-01
 1.77864e+03  9.99361e-01  9.99610e-01
 1.77866e+03  9.99145e-01  9.99583e-01
 1.77868e+03  9.99713e-01  9.99556e-01
 1.77870e+03  1.00043e+00  9.99528e-01
 1.77872e+03  9.99177e-01  9.99500e-01
 1.77874e+03  9.99537e-01  9.99471e-01
 1.77876e+03  1.00041e+00  9.99442e-01
 1.77879e+03  9.98557e-01  9.99413e-01
 1.77881e+03  9.99997e-01  9.99384e-01
 1.77883e+03  9.98066e-01  9.99355e-01
 1.77885e+03  9.98080e-01  9.99327e-01
 1.77887e+03  9.99158e-01  9.99299e-01
 1.77889e+03  9.97376e-01  9.99273e-01
 1.77891e+03  9.98099e-01  9.99248e-01
 1.77893e+03  9.98633e-01  9.99225e-01
 1.77895e+03  9.97774e-01  9.99205e-01
 1.77897e+03  9.97870e-01  9.99187e-01
 1.77899e+03  9.98363e-01  9.99174e-01
 1.77901e+03  9.98754e-01  9.99166e-01
 1.77904e+03  9.98181e-01  9.99163e-01
 1.77906e+03  9.98954e-01  9.99167e-01
 1.77908e+03  9.96262e-01  9.99180e-01
 1.77910e+03  9.96875e-01  9.99202e-01
 1.77912e+03  9.96188e-01  9.99234e-01
 1.77914e+03  9.96673e-01  9.99280e-01
 1.77916e+03  9.95202e-01  9.99340e-01
 1.77918e+03  9.95533e-01  9.99417e-01
 1.77920e+03  9.95481e-01  9.99512e-01
 1.77922e+03  9.95445e-01  9.99628e-01
 1.77924e+03  9.95659e-01  9.99767e-01
 1.77926e+03  9.96890e-01  9.99932e-01
 1.77929e+03  9.96227e-01  1.00012e+00
 1.77931e+03  9.95361e-01  1.00034e+00
 1.77933e+03  9.96152e-01  1.00060e+00
 1.77935e+03  9.97455e-01  1.00088e+00
 1.77937e+03  9.95871e-01  1.00120e+00
 1.77939e+03  9.96552e-01  1.00155e+00
 1.77941e+03  9.97407e-01  1.00193e+00
 1.77943e+03  9.97817e-01  1.00234e+00
 1.77949e+03  9.98767e-01  1.00370e+00
 1.77951e+03  1.00096e+00  1.00417e+00
 1.77954e+03  1.00173e+00  1.00463e+00
 1.77956e+03  1.00111e+00  1.00508e+00
 1.77958e+03  1.00397e+00  1.00549e+00
 1.77960e+03  1.00460e+00  1.00585e+00
 1.77962e+03  1.00484e+00  1.00616e+00
 1.77964e+03  1.00526e+00  1.00639e+00
 1.77966e+03  1.00643e+00  1.00654e+00
 1.77968e+03  1.00841e+00  1.00661e+00
 1.77970e+03  1.00778e+00  1.00658e+00
 1.77972e+03  1.00558e+00  1.00645e+00
 1.77974e+03  1.00938e+00  1.00624e+00
 1.77976e+03  1.00905e+00  1.00594e+00
 1.77979e+03  1.00834e+00  1.00556e+00
 1.77981e+03  1.00918e+00  1.00512e+00
 1.77983e+03  1.00948e+00  1.00463e+00
 1.77985e+03  1.00779e+00  1.00411e+00
 1.77987e+03  1.00736e+00  1.00357e+00
 1.77989e+03  1.00657e+00  1.00302e+00
 1.77991e+03  1.00744e+00  1.00248e+00
 1.77993e+03  1.00664e+00  1.00196e+00
 1.77995e+03  1.00545e+00  1.00147e+00
 1.77997e+03  1.00466e+00  1.00102e+00
 1.77999e+03  1.00244e+00  1.00062e+00
 1.78001e+03  1.00204e+00  1.00025e+00
 1.78004e+03  1.00216e+00  9.99934e-01
 1.78006e+03  9.99782e-01  9.99662e-01
 1.78008e+03  9.99729e-01  9.99432e-01
 1.78010e+03  9.99433e-01  9.99245e-01
 1.78012e+03  9.99463e-01  9.99096e-01
 1.78014e+03  1.00047e+00  9.98981e-01
 1.78016e+03  9.99609e-01  9.98898e-01
 1.78018e+03  9.99055e-01  9.98842e-01
 1.78020e+03  9.98611e-01  9.98809e-01
 1.78022e+03  1.00012e+00  9.98797e-01
 1.78024e+03  9.97676e-01  9.98802e-01
 1.78026e+03  9.99146e-01  9.98821e-01
 1.78029e+03  9.98058e-01  9.98851e-01
 1.78031e+03  9.98110e-01  9.98891e-01
 1.78033e+03  9.99982e-01  9.98938e-01
 1.78035e+03  9.99001e-01  9.98990e-01
 1.78037e+03  1.00064e+00  9.99046e-01
 1.78039e+03  9.99879e-01  9.99105e-01
 1.78041e+03  1.00046e+00  9.99165e-01
 1.78043e+03  1.00039e+00  9.99226e-01
 1.78045e+03  1.00017e+00  9.99287e-01
 1.78047e+03  1.00155e+00  9.99347e-01
 1.78049e+03  1.00075e+00  9.99406e-01
 1.78051e+03  1.00070e+00  9.99464e-01
 1.78054e+03  1.00107e+00  9.99520e-01
 1.78058e+03  1.00021e+00  9.99625e-01
 1.78060e+03  1.00275e+00  9.99675e-01
 1.78062e+03  9.99734e-01  9.99722e-01
 1.78064e+03  1.00012e+00  9.99767e-01
 1.78066e+03  1.00162e+00  9.99810e-01
 1.78068e+03  9.99936e-01  9.99850e-01
 1.78070e+03  1.00123e+00  9.99888e-01
 1.78072e+03  1.00106e+00  9.99924e-01
 1.78074e+03  1.00052e+00  9.99958e-01
 1.78076e+03  1.00035e+00  9.99990e-01
 1.78079e+03  1.00141e+00  1.00002e+00
 1.78081e+03  1.00101e+00  1.00005e+00
 1.78083e+03  1.00057e+00  1.00007e+00
 1.78085e+03  1.00144e+00  1.00010e+00
 1.78087e+03  1.00159e+00  1.00012e+00
 1.78089e+03  1.00060e+00  1.00014e+00
 1.78091e+03  1.00167e+00  1.00016e+00
 1.78093e+03  1.00199e+00  1.00018e+00
 1.78095e+03  1.00069e+00  1.00020e+00
 1.78097e+03  1.00002e+00  1.00022e+00
 1.78099e+03  1.00023e+00  1.00023e+00
 1.78101e+03  1.00137e+00  1.00025e+00
 1.78104e+03  1.00027e+00  1.00026e+00
 1.78106e+03  1.00129e+00  1.00027e+00
 1.78108e+03  1.00026e+00  1.00028e+00
 1.78110e+03  1.00110e+00  1.00029e+00
 1.78112e+03  1.00045e+00  1.00030e+00
 1.78114e+03  1.00187e+00  1.00031e+00
 1.78116e+03  1.00012e+00  1.00032e+00
 1.78118e+03  9.99690e-01  1.00033e+00
 1.78120e+03  1.00031e+00  1.00033e+00
 1.78122e+03  1.00022e+00  1.00034e+00
 1.78124e+03  1.00024e+00  1.00035e+00
 1.78126e+03  1.00094e+00  1.00035e+00
 1.78129e+03  9.99878e-01  1.00036e+00
 1.78131e+03  1.00074e+00  1.00036e+00
 1.78133e+03  1.00074e+00  1.00036e+00
 1.78135e+03  1.00057e+00  1.00037e+00
 1.78137e+03  9.99949e-01  1.00037e+00
 1.78139e+03  9.99361e-01  1.00037e+00
 1.78141e+03  9.99035e-01  1.00038e+00
 1.78143e+03  1.00009e+00  1.00038e+00
 1.78145e+03  1.00034e+00  1.00038e+00
 1.78147e+03  1.00064e+00  1.00038e+00
 1.78149e+03  1.00056e+00  1.00038e+00
 1.78151e+03  1.00093e+00  1.00038e+00
 1.78154e+03  1.00009e+00  1.00039e+00
 1.78156e+03  1.00120e+00  1.00039e+00
 1.78158e+03  9.99373e-01  1.00039e+00
 1.78160e+03  1.00006e+00  1.00039e+00
 1.78162e+03  9.99502e-01  1.00039e+00
 1.78164e+03  9.99191e-01  1.00039e+00
 1.78166e+03  9.99426e-01  1.00039e+00
 1.78168e+03  9.99041e-01  1.00039e+00
 1.78170e+03  1.00119e+00  1.00039e+00
 1.78172e+03  9.98913e-01  1.00039e+00
 1.78174e+03  9.98366e-01  1.00039e+00
 1.78176e+03  9.99821e-01  1.00039e+00
 1.78181e+03  9.98815e-01  1.00039e+00
 1.78183e+03  9.98044e-01  1.00039e+00
 1.78185e+03  9.98648e-01  1.00038e+00
 1.78187e+03  9.96529e-01  1.00038e+00
 1.78189e+03  9.98044e-01  1.00038e+00
 1.78191e+03  9.97891e-01  1.00038e+00
 1.78193e+03  9.98941e-01  1.00038e+00
 1.78195e+03  9.94918e-01  1.00038e+00
 1.78197e+03  9.95762e-01  1.00038e+00
 1.78199e+03  9.96322e-01  1.00038e+00
 1.78201e+03  9.96334e-01  1.00038e+00
 1.78204e+03  9.99041e-01  1.00037e+00
 1.78206e+03  9.97217e-01  1.00037e+00
 1.78208e+03  9.97459e-01  1.00037e+00
 1.78210e+03  9.97752e-01  1.00037e+00
 1.78212e+03  9.94891e-01  1.00037e+00
 1.78214e+03  9.96537e-01  1.00037e+00
 1.78216e+03  9.95277e-01  1.00037e+00
 1.78218e+03  9.97179e-01  1.00037e+00
 1.78220e+03  9.94733e-01  1.00036e+00
 1.78222e+03  9.94725e-01  1.00036e+00
 1.78224e+03  9.95029e-01  1.00036e+00
 1.78226e+03  9.95150e-01  1.00036e+00
 1.78229e+03  9.95678e-01  1.00036e+00
 1.78231e+03  9.95628e-01  1.00036e+00
 1.78233e+03  9.93534e-01  1.00035e+00
 1.78235e+03  9.92399e-01  1.00035e+00
 1.78237e+03  9.94470e-01  1.00035e+00
 1.78239e+03  9.96197e-01  1.00035e+00
 1.78241e+03  9.95953e-01  1.00035e+00
 1.78243e+03  9.96134e-01  1.00035e+00
 1.78245e+03  9.94144e-01  1.00034e+00
 1.78247e+03  9.95775e-01  1.00034e+00
 1.78249e+03  9.96933e-01  1.00034e+00
 1.78251e+03  9.97589e-01  1.00034e+00
 1.78254e+03  9.98520e-01  1.00034e+00
 1.78256e+03  9.98487e-01  1.00034e+00
 1.78258e+03  9.99045e-01  1.00033e+00
 1.78260e+03  1.00007e+00  1.00033e+00
 1.78262e+03  9.99648e-01  1.00033e+00
 1.78264e+03  1.00035e+00  1.00033e+00
 1.78266e+03  1.00242e+00  1.00033e+00
 1.78268e+03  1.00430e+00  1.00033e+00
 1.78270e+03  1.00456e+00  1.00032e+00
 1.78272e+03  1.00453e+00  1.00032e+00
 1.78274e+03  1.00538e+00  1.00032e+00
 1.78276e+03  1.00642e+00  1.00032e+00
 1.78279e+03  1.00657e+00  1.00032e+00
 1.78281e+03  1.00723e+00  1.00031e+00
 1.78283e+03  1.00707e+00  1.00031e+00
 1.78285e+03  1.00731e+00  1.00031e+00
 1.78287e+03  1.00826e+00  1.00031e+00
 1.78289e+03  1.00723e+00  1.00031e+00
 1.78291e+03  1.00681e+00  1.00031e+00
 1.78293e+03  1.00666e+00  1.00030e+00
 1.78297e+03  1.00475e+00  1.00030e+00
 1.78299e+03  1.00488e+00  1.00030e+00
 1.78301e+03  1.00389e+00  1.00030e+00
 1.78304e+03  1.00561e+00  1.00029e+00
 1.78306e+03  1.00163e+00  1.00029e+00
 1.78308e+03  1.00132e+00  1.00029e+00
 1.78310e+03  1.00028e+00  1.00029e+00
 1.78312e+03  1.00157e+00  1.00028e+00
 1.78314e+03  9.99483e-01  1.00028e+00
 1.78316e+03  1.00166e+00  1.00028e+00
 1.78318e+03  1.00012e+00  1.00028e+00
 1.78320e+03  9.98697e-01  1.00027e+00
 1.78322e+03  9.97934e-01  1.00027e+00
 1.78324e+03  9.97490e-01  1.00027e+00
 1.78326e+03  9.97499e-01  1.00027e+00
 1.78329e+03  9.97906e-01  1.00026e+00
 1.78331e+03  9.97726e-01  1.00026e+00
 1.78333e+03  9.98082e-01  1.00026e+00
 1.78335e+03  9.98255e-01  1.00026e+00
 1.78337e+03  9.98679e-01  1.00025e+00
 1.78339e+03  9.98024e-01  1.00025e+00
 1.78341e+03  9.97817e-01  1.00025e+00
 1.78343e+03  1.00054e+00  1.00024e+00
 1.78345e+03  9.98468e-01  1.00024e+00
 1.78347e+03  1.00002e+00  1.00024e+00
 1.78349e+03  1.00048e+00  1.00023e+00
 1.78351e+03  1.00050e+00  1.00023e+00
 1.78354e+03  1.00074e+00  1.00023e+00
 1.78356e+03  1.00001e+00  1.00022e+00
 1.78358e+03  1.00109e+00  1.00022e+00
 1.78360e+03  1.00203e+00  1.00022e+00
 1.78362e+03  1.00098e+00  1.00021e+00
 1.78364e+03  9.99662e-01  1.00021e+00
 1.78366e+03  1.00077e+00  1.00020e+00
 1.78368e+03  1.00136e+00  1.00020e+00
 1.78370e+03  1.00087e+00  1.00019e+00
 1.78372e+03  1.00162e+00  1.00019e+00
 1.78374e+03  1.00006e+00  1.00019e+00
 1.78376e+03  1.00083e+00  1.00018e+00
 1.78379e+03  1.00122e+00  1.00018e+00
 1.78381e+03  1.00100e+00  1.00017e+00
 1.78383e+03  9.99093e-01  1.00016e+00
 1.78385e+03  9.99512e-01  1.00016e+00
 1.78387e+03  1.00082e+00  1.00015e+00
 1.78389e+03  1.00086e+00  1.00015e+00
 1.78391e+03  1.00202e+00  1.00014e+00
 1.78393e+03  1.00128e+00  1.00013e+00
 1.78395e+03  1.00042e+00  1.00013e+00
 1.78397e+03  1.00176e+00  1.00012e+00
 1.78399e+03  1.00164e+00  1.00011e+00
 1.78401e+03  9.99477e-01  1.00010e+00
 1.78404e+03  1.00080e+00  1.00009e+00
 1.78406e+03  1.00031e+00  1.00009e+00
 1.78408e+03  1.00026e+00  1.00008e+00
 1.78410e+03  1.00122e+00  1.00007e+00
 1.78412e+03  1.00061e+00  1.00006e+00
 1.78414e+03  1.00048e+00  1.00005e+00
 1.78418e+03  1.00067e+00  1.00003e+00
 1.78420e+03  9.99245e-01  1.00002e+00
 1.78422e+03  1.00116e+00  1.00000e+00
 1.78424e+03  9.99637e-01  9.99993e-01
 1.78426e+03  9.97596e-01  9.99980e-01
 1.78429e+03  1.00015e+00  9.99967e-01
 1.78431e+03  9.99760e-01  9.99953e-01
 1.78433e+03  1.00186e+00  9.99939e-01
 1.78435e+03  1.00078e+00  9.99924e-01
 1.78437e+03  1.00077e+00  9.99908e-01
 1.78439e+03  1.00122e+00  9.99892e-01
 1.78441e+03  9.99801e-01  9.99876e-01
 1.78443e+03  1.00104e+00  9.99858e-01
 1.78445e+03  1.00231e+00  9.99840e-01
 1.78447e+03  1.00203e+00  9.99821e-01
 1.78449e+03  1.00024e+00  9.99802e-01
 1.78451e+03  9.99060e-01  9.99781e-01
 1.78454e+03  1.00114e+00  9.99760e-01
 1.78456e+03  1.00017e+00  9.99739e-01
 1.78458e+03  1.00168e+00  9.99716e-01
 1.78460e+03  9.99544e-01  9.99693e-01
 1.78462e+03  9.99667e-01  9.99669e-01
 1.78464e+03  9.99494e-01  9.99644e-01
 1.78466e+03  1.00014e+00  9.99618e-01
 1.78468e+03  1.00066e+00  9.99592e-01
 1.78470e+03  1.00040e+00  9.99565e-01
 1.78472e+03  9.98544e-01  9.99537e-01
 1.78474e+03  9.98932e-01  9.99509e-01
 1.78476e+03  9.98599e-01  9.99481e-01
 1.78479e+03  9.99662e-01  9.99452e-01
 1.78481e+03  9.99098e-01  9.99423e-01
 1.78483e+03  9.98519e-01  9.99394e-01
 1.78485e+03  9.98414e-01  9.99365e-01
 1.78487e+03  9.98927e-01  9.99336e-01
 1.78489e+03  9.99524e-01  9.99308e-01
 1.78491e+03  9.98542e-01  9.99281e-01
 1.78493e+03  9.97427e-01  9.99256e-01
 1.78495e+03  9.97557e-01  9.99232e-01
 1.78497e+03  9.98567e-01  9.99211e-01
 1.78499e+03  9.98175e-01  9.99193e-01
 1.78501e+03  9.97867e-01  9.99178e-01
 1.78504e+03  9.99211e-01  9.99168e-01
 1.78506e+03  9.96563e-01  9.99163e-01
 1.78508e+03  9.98376e-01  9.99165e-01
 1.78510e+03  9.97635e-01  9.99175e-01
 1.78512e+03  9.97858e-01  9.99193e-01
 1.78514e+03  9.97507e-01  9.99222e-01
 1.78516e+03  9.96820e-01  9.99264e-01
 1.78518e+03  9.96246e-01  9.99319e-01
 1.78520e+03  9.97684e-01  9.99390e-01
 1.78522e+03  9.96820e-01  9.99479e-01
 1.78524e+03  9.95360e-01  9.99588e-01
 1.78526e+03  9.96773e-01  9.99719e-01
 1.78529e+03  9.96637e-01  9.99875e-01
 1.78531e+03  9.96193e-01  1.00006e+00
 1.78533e+03  9.94231e-01  1.00027e+00
 1.78535e+03  9.96437e-01  1.00051e+00
 1.78537e+03  9.96483e-01  1.00079e+00
 1.78539e+03  9.95567e-01  1.00109e+00
 1.78541e+03  9.95544e-01  1.00143e+00
 1.78543e+03  9.96592e-01  1.00181e+00
 1.78545e+03  9.97086e-01  1.00221e+00
 1.78547e+03  9.95646e-01  1.00264e+00
 1.78549e+03  9.96038e-01  1.00308e+00
 1.78551e+03  9.96522e-01  1.00355e+00
 1.78554e+03  9.97121e-01  1.00402e+00
 1.78556e+03  9.98139e-01  1.00448e+00
 1.78558e+03  9.99200e-01  1.00493e+00
 1.78560e+03  9.98146e-01  1.00536e+00
 1.78562e+03  1.00033e+00  1.00574e+00
 1.78568e+03  1.00251e+00  1.00650e+00
 1.78570e+03  1.00285e+00  1.00660e+00
 1.78572e+03  1.00362e+00  1.00660e+00
 1.78574e+03  1.00574e+00  1.00651e+00
 1.78576e+03  1.00527e+00  1.00632e+00
 1.78581e+03  1.00483e+00  1.00569e+00
 1.78583e+03  1.00631e+00  1.00527e+00
 1.78587e+03  1.00844e+00  1.00428e+00
 1.78589e+03  1.00759e+00  1.00374e+00
 1.78593e+03  1.00791e+00  1.00265e+00
 1.78595e+03  1.00667e+00  1.00213e+00
 1.78597e+03  1.00549e+00  1.00163e+00
 1.78599e+03  1.00570e+00  1.00117e+00
 1.78601e+03  1.00496e+00  1.00075e+00
 1.78604e+03  1.00564e+00  1.00037e+00
 1.78606e+03  1.00324e+00  1.00003e+00
 1.78608e+03  1.00274e+00  9.99746e-01
 1.78610e+03  1.00208e+00  9.99502e-01
 1.78612e+03  1.00111e+00  9.99302e-01
 1.78614e+03  1.00011e+00  9.99141e-01
 1.78616e+03  1.00056e+00  9.99015e-01
 1.78618e+03  1.00006e+00  9.98922e-01
 1.78620e+03  9.99682e-01  9.98857e-01
 1.78622e+03  9.98195e-01  9.98817e-01
 1.78624e+03  9.97549e-01  9.98799e-01
 1.78626e+03  9.97977e-01  9.98798e-01
 1.78629e+03  9.96616e-01  9.98813e-01
 1.78631e+03  9.97832e-01  9.98840e-01
 1.78633e+03  9.97561e-01  9.98877e-01
 1.78635e+03  9.97086e-01  9.98922e-01
 1.78637e+03  9.98313e-01  9.98972e-01
 1.78639e+03  9.96888e-01  9.99027e-01
 1.78641e+03  9.98756e-01  9.99085e-01
 1.78643e+03  9.98480e-01  9.99145e-01
 1.78645e+03  9.99368e-01  9.99206e-01
 1.78647e+03  9.98415e-01  9.99267e-01
 1.78649e+03  9.98256e-01  9.99327e-01
 1.78651e+03  1.00091e+00  9.99387e-01
 1.78654e+03  9.97870e-01  9.99445e-01
 1.78656e+03  1.00016e+00  9.99502e-01
 1.78658e+03  9.98452e-01  9.99556e-01
 1.78660e+03  9.99441e-01  9.99609e-01
 1.78662e+03  1.00075e+00  9.99659e-01
 1.78664e+03  1.00067e+00  9.99707e-01
 1.78666e+03  9.99498e-01  9.99753e-01
 1.78668e+03  9.99896e-01  9.99796e-01
 1.78670e+03  1.00047e+00  9.99837e-01
 1.78674e+03  1.00077e+00  9.99913e-01
 1.78676e+03  1.00002e+00  9.99947e-01
 1.78679e+03  1.00150e+00  9.99980e-01
 1.78681e+03  1.00079e+00  1.00001e+00
 1.78683e+03  1.00051e+00  1.00004e+00
 1.78689e+03  1.00133e+00  1.00012e+00
 1.78691e+03  1.00168e+00  1.00014e+00
 1.78693e+03  1.00139e+00  1.00016e+00
 1.78695e+03  1.00044e+00  1.00018e+00
 1.78697e+03  9.99719e-01  1.00019e+00
 1.78699e+03  1.00050e+00  1.00021e+00
 1.78701e+03  1.00116e+00  1.00023e+00
 1.78704e+03  1.00152e+00  1.00024e+00
 1.78706e+03  1.00175e+00  1.00025e+00
 1.78708e+03  1.00129e+00  1.00027e+00
 1.78710e+03  1.00151e+00  1.00028e+00
 1.78712e+03  1.00119e+00  1.00029e+00
 1.78714e+03  1.00186e+00  1.00030e+00
 1.78716e+03  1.00123e+00  1.00031e+00
 1.78718e+03  1.00202e+00  1.00032e+00
 1.78720e+03  1.00062e+00  1.00032e+00
 1.78722e+03  1.00000e+00  1.00033e+00
 1.78724e+03  1.00149e+00  1.00034e+00
 1.78726e+03  1.00113e+00  1.00034e+00
 1.78729e+03  1.00096e+00  1.00035e+00
 1.78731e+03  1.00013e+00  1.00035e+00
 1.78733e+03  9.99357e-01  1.00036e+00
 1.78735e+03  9.99558e-01  1.00036e+00
 1.78737e+03  1.00007e+00  1.00037e+00
 1.78739e+03  1.00143e+00  1.00037e+00
 1.78741e+03  1.00081e+00  1.00037e+00
 1.78743e+03  1.00047e+00  1.00038e+00
 1.78745e+03  1.00158e+00  1.00038e+00
 1.78749e+03  1.00163e+00  1.00038e+00
 1.78751e+03  1.00129e+00  1.00038e+00
 1.78754e+03  1.00115e+00  1.00038e+00
 1.78756e+03  1.00167e+00  1.00039e+00
 1.78758e+03  9.99804e-01  1.00039e+00
 1.78760e+03  1.00045e+00  1.00039e+00
 1.78762e+03  1.00097e+00  1.00039e+00
 1.78764e+03  1.00167e+00  1.00039e+00
 1.78766e+03  9.99524e-01  1.00039e+00
 1.78768e+03  9.98665e-01  1.00039e+00
 1.78770e+03  9.99180e-01  1.00039e+00
 1.78772e+03  9.99358e-01  1.00039e+00
 1.78776e+03  9.99942e-01  1.00039e+00
 1.78779e+03  9.99952e-01  1.00039e+00
 1.78781e+03  9.99374e-01  1.00039e+00
 1.78785e+03  9.99980e-01  1.00039e+00
 1.78787e+03  9.99134e-01  1.00038e+00
 1.78789e+03  9.98395e-01  1.00038e+00
 1.78791e+03  9.99413e-01  1.00038e+00
 1.78793e+03  9.98527e-01  1.00038e+00
 1.78797e+03  9.98747e-01  1.00038e+00
 1.78799e+03  1.00024e+00  1.00038e+00
 1.78801e+03  9.99261e-01  1.00038e+00
 1.78804e+03  9.97148e-01  1.00038e+00
 1.78806e+03  9.99355e-01  1.00038e+00
 1.78808e+03  9.97694e-01  1.00037e+00
 1.78810e+03  1.00004e+00  1.00037e+00
 1.78812e+03  1.00048e+00  1.00037e+00
 1.78814e+03  1.00145e+00  1.00037e+00
 1.78816e+03  1.00155e+00  1.00037e+00
 1.78818e+03  1.00116e+00  1.00037e+00
 1.78820e+03  1.00079e+00  1.00037e+00
 1.78822e+03  1.00012e+00  1.00036e+00
 1.78824e+03  1.00041e+00  1.00036e+00
 1.78826e+03  9.99075e-01  1.00036e+00
 1.78829e+03  1.00103e+00  1.00036e+00
 1.78831e+03  9.99980e-01  1.00036e+00
 1.78833e+03  9.98992e-01  1.00036e+00
 1.78835e+03  9.98085e-01  1.00035e+00
 1.78837e+03  9.98690e-01  1.00035e+00
 1.78839e+03  9.98925e-01  1.00035e+00
 1.78841e+03  9.98082e-01  1.00035e+00
 1.78843e+03  9.98253e-01  1.00035e+00
 1.78845e+03  9.97491e-01  1.00035e+00
 1.78847e+03  9.98485e-01  1.00035e+00
 1.78849e+03  9.98906e-01  1.00034e+00
 1.78851e+03  9.99387e-01  1.00034e+00
 1.78854e+03  1.00098e+00  1.00034e+00
 1.78856e+03  9.99286e-01  1.00034e+00
 1.78858e+03  1.00022e+00  1.00034e+00
 1.78860e+03  1.00027e+00  1.00034e+00
 1.78862e+03  1.00044e+00  1.00033e+00
 1.78864e+03  9.99886e-01  1.00033e+00
 1.78866e+03  1.00114e+00  1.00033e+00
 1.78868e+03  1.00376e+00  1.00033e+00
 1.78870e+03  1.00402e+00  1.00033e+00
 1.78962e+03  9.99797e-01  1.00022e+00
 1.78964e+03  9.99273e-01  1.00021e+00
 1.78966e+03  9.99162e-01  1.00021e+00
 1.78968e+03  9.98307e-01  1.00021e+00
 1.95582e+03  1.04087e+00  1.00025e+00
 1.95584e+03  1.01836e+00  1.00026e+00
 1.95586e+03  1.00303e+00  1.00027e+00
 1.95588e+03  9.95221e-01  1.00028e+00
 1.95590e+03  9.93821e-01  1.00029e+00
 1.95592e+03  9.95302e-01  1.00030e+00
 1.95594e+03  1.00003e+00  1.00031e+00
 1.95597e+03  1.00213e+00  1.00032e+00
 1.95599e+03  1.00195e+00  1.00033e+00
 1.95601e+03  1.00213e+00  1.00033e+00
 1.95603e+03  1.00002e+00  1.00034e+00
 1.95605e+03  1.00055e+00  1.00035e+00
 1.95607e+03  1.00021e+00  1.00035e+00
 1.95609e+03  1.00028e+00  1.00036e+00
 1.95611e+03  1.00186e+00  1.00036e+00
 1.95613e+03  1.00147e+00  1.00036e+00
 1.95615e+03  1.00196e+00  1.00037e+00
 1.95617e+03  1.00255e+00  1.00037e+00
 1.95619e+03  1.00109e+00  1.00037e+00
 1.95622e+03  9.99516e-01  1.00038e+00
 1.95624e+03  9.97815e-01  1.00038e+00
 1.95626e+03  9.97569e-01  1.00038e+00
 1.95628e+03  9.98431e-01  1.00038e+00
 1.95630e+03  1.00256e+00  1.00038e+00
 1.95632e+03  1.00076e+00  1.00039e+00
 1.95634e+03  9.97577e-01  1.00039e+00
 1.95636e+03  9.97186e-01  1.00039e+00
 1.95638e+03  9.97574e-01  1.00039e+00
 1.95640e+03  9.99808e-01  1.00039e+00
 1.95642e+03  1.00108e+00  1.00039e+00
 1.95644e+03  9.99469e-01  1.00039e+00
 1.95647e+03  9.97967e-01  1.00039e+00
 1.95649e+03  9.97488e-01  1.00039e+00
 1.95651e+03  9.98356e-01  1.00039e+00
 1.95653e+03  9.98366e-01  1.00039e+00
 1.95655e+03  9.98992e-01  1.00039e+00
 1.95657e+03  9.97329e-01  1.00039e+00
 1.95659e+03  9.97470e-01  1.00039e+00
 1.95661e+03  9.98622e-01  1.00039e+00
 1.95663e+03  9.97422e-01  1.00039e+00
 1.95665e+03  9.95810e-01  1.00038e+00
 1.95667e+03  9.96283e-01  1.00038e+00
 1.95669e+03  9.97847e-01  1.00038e+00
 1.95672e+03  9.97450e-01  1.00038e+00
 1.95674e+03  9.97907e-01  1.00038e+00
 1.95676e+03  9.97065e-01  1.00038e+00
 1.95678e+03  9.98497e-01  1.00038e+00
 1.95680e+03  9.98348e-01  1.00038e+00
 1.95682e+03  9.98732e-01  1.00038e+00
 1.95684e+03  9.96744e-01  1.00037e+00
 1.95686e+03  9.97511e-01  1.00037e+00
 1.95688e+03  9.96481e-01  1.00037e+00
 1.95690e+03  9.97624e-01  1.00037e+00
 1.95692e+03  9.95505e-01  1.00037e+00
 1.95694e+03  1.00095e+00  1.00037e+00
 1.95697e+03  9.99904e-01  1.00037e+00
 1.95699e+03  1.00348e+00  1.00036e+00
 1.95701e+03  1.00095e+00  1.00036e+00
 1.95703e+03  1.00276e+00  1.00036e+00
 1.95705e+03  1.00131e+00  1.00036e+00
 1.95707e+03  1.00428e+00  1.00036e+00
 1.95709e+03  1.00455e+00  1.00036e+00
 1.95711e+03  1.00569e+00  1.00036e+00
 1.95713e+03  1.00689e+00  1.00035e+00
 1.95715e+03  1.00797e+00  1.00035e+00
 1.95717e+03  1.00788e+00  1.00035e+00
 1.95719e+03  1.00726e+00  1.00035e+00
 1.95722e+03  1.00826e+00  1.00035e+00
 1.95724e+03  1.00681e+00  1.00035e+00
 1.95726e+03  1.00795e+00  1.00034e+00
 1.95728e+03  1.00610e+00  1.00034e+00
 1.95730e+03  1.00721e+00  1.00034e+00
 1.95732e+03  1.00488e+00  1.00034e+00
 1.95734e+03  1.00614e+00  1.00034e+00
 1.95736e+03  1.00496e+00  1.00034e+00
 1.95738e+03  1.00434e+00  1.00033e+00
 1.95740e+03  1.00167e+00  1.00033e+00
 1.95742e+03  1.00243e+00  1.00033e+00
 1.95744e+03  1.00114e+00  1.00033e+00
 1.95747e+03  9.99817e-01  1.00033e+00
 1.95749e+03  1.00143e+00  1.00033e+00
 1.95751e+03  9.99706e-01  1.00032e+00
 1.95753e+03  9.98554e-01  1.00032e+00
 1.95755e+03  9.99117e-01  1.00032e+00
 1.95757e+03  9.98372e-01  1.00032e+00
 1.95759e+03  9.98702e-01  1.00032e+00
 1.95761e+03  9.96166e-01  1.00031e+00
 1.95763e+03  9.98722e-01  1.00031e+00
 1.95765e+03  9.97000e-01  1.00031e+00
 1.95767e+03  9.96565e-01  1.00031e+00
 1.95769e+03  9.97441e-01  1.00031e+00
 1.95772e+03  9.99025e-01  1.00030e+00
 1.95774e+03  9.98680e-01  1.00030e+00
 1.95776e+03  9.97713e-01  1.00030e+00
 1.95778e+03  9.99431e-01  1.00030e+00
 1.95780e+03  9.98409e-01  1.00030e+00
 1.95782e+03  9.96852e-01  1.00029e+00
 1.95784e+03  9.98668e-01  1.00029e+00
 1.95786e+03  9.97871e-01  1.00029e+00
 1.95788e+03  9.98796e-01  1.00029e+00
 1.95790e+03  1.00026e+00  1.00029e+00
 1.95792e+03  9.99223e-01  1.00028e+00
 1.95794e+03  9.99248e-01  1.00028e+00
 1.95797e+03  9.99743e-01  1.00028e+00
 1.95799e+03  9.98878e-01  1.00028e+00
 1.95801e+03  9.97847e-01  1.00027e+00
 1.95803e+03  9.99676e-01  1.00027e+00
 1.95805e+03  9.98588e-01  1.00027e+00
 1.95807e+03  9.99569e-01  1.00027e+00
 1.95809e+03  9.99224e-01  1.00026e+00
 1.95811e+03  9.99906e-01  1.00026e+00
 1.95813e+03  9.99059e-01  1.00026e+00
 1.95815e+03  9.99317e-01  1.00026e+00
 1.95817e+03  1.00067e+00  1.00025e+00
 1.95819e+03  1.00055e+00  1.00025e+00
 1.95822e+03  9.99570e-01  1.00025e+00
 1.95824e+03  1.00038e+00  1.00024e+00
 1.95826e+03  1.00000e+00  1.00024e+00
 1.95828e+03  1.00011e+00  1.00024e+00
 1.95830e+03  1.00111e+00  1.00023e+00
 1.95832e+03  1.00044e+00  1.00023e+00
 1.95834e+03  1.00108e+00  1.00023e+00
 1.95836e+03  1.00278e+00  1.00022e+00
 1.95838e+03  1.00201e+00  1.00022e+00
 1.95840e+03  1.00002e+00  1.00022e+00
 1.95842e+03  1.00047e+00  1.00021e+00
 1.95844e+03  1.00141e+00  1.00021e+00
 1.95847e+03  1.00058e+00  1.00020e+00
 1.95849e+03  9.99789e-01  1.00020e+00
 1.95851e+03  1.00111e+00  1.00019e+00
 1.95853e+03  1.00103e+00  1.00019e+00
 1.95855e+03  9.99919e-01  1.00018e+00
 1.95857e+03  1.00340e+00  1.00018e+00
 1.95859e+03  1.00159e+00  1.00017e+00
 1.95861e+03  1.00138e+00  1.00017e+00
 1.95863e+03  1.00178e+00  1.00016e+00
 1.95865e+03  1.00265e+00  1.00016e+00
 1.95867e+03  1.00150e+00  1.00015e+00
 1.95869e+03  1.00178e+00  1.00014e+00
 1.95872e+03  1.00054e+00  1.00014e+00
 1.95874e+03  9.99737e-01  1.00013e+00
 1.95876e+03  9.99312e-01  1.00012e+00
 1.95878e+03  1.00170e+00  1.00012e+00
 1.95880e+03  1.00014e+00  1.00011e+00
 1.95882e+03  1.00086e+00  1.00010e+00
 1.95884e+03  1.00047e+00  1.00009e+00
 1.95886e+03  1.00021e+00  1.00008e+00
 1.95888e+03  1.00090e+00  1.00008e+00
 1.95890e+03  1.00039e+00  1.00007e+00
 1.95892e+03  9.99908e-01  1.00006e+00
 1.95894e+03  9.99857e-01  1.00005e+00
 1.95897e+03  1.00025e+00  1.00004e+00
 1.95899e+03  1.00043e+00  1.00003e+00
 1.95901e+03  1.00047e+00  1.00001e+00
 1.95903e+03  9.99156e-01  1.00000e+00
 1.95905e+03  1.00109e+00  9.99990e-01
 1.95907e+03  1.00118e+00  9.99977e-01
 1.95909e+03  1.00000e+00  9.99963e-01
 1.95911e+03  1.00091e+00  9.99950e-01
 1.95913e+03  9.99195e-01  9.99935e-01
 1.95915e+03  9.98483e-01  9.99920e-01
 1.95917e+03  9.99438e-01  9.99905e-01
 1.95919e+03  1.00072e+00  9.99888e-01
 1.95922e+03  9.99473e-01  9.99871e-01
 1.95924e+03  9.98777e-01  9.99854e-01
 1.95926e+03  9.97581e-01  9.99835e-01
 1.95928e+03  9.99255e-01  9.99816e-01
 1.95930e+03  9.97222e-01  9.99797e-01
 1.95932e+03  9.99627e-01  9.99776e-01
 1.95934e+03  9.99659e-01  9.99755e-01
 1.95936e+03  9.98253e-01  9.99733e-01
 1.95938e+03  9.97689e-01  9.99710e-01
 1.95940e+03  9.99944e-01  9.99687e-01
 1.95942e+03  9.97729e-01  9.99663e-01
 1.95944e+03  9.97089e-01  9.99637e-01
 1.95947e+03  9.96854e-01  9.99612e-01
 1.95949e+03  9.98716e-01  9.99585e-01
 1.95951e+03  9.99461e-01  9.99558e-01
 1.95953e+03  9.99331e-01  9.99531e-01
 1.95955e+03  9.97226e-01  9.99502e-01
 1.95957e+03  9.97657e-01  9.99474e-01
 1.95959e+03  9.97447e-01  9.99445e-01
 1.95961e+03  9.98910e-01  9.99416e-01
 1.95963e+03  9.96065e-01  9.99386e-01
 1.95965e+03  9.96921e-01  9.99358e-01
 1.95967e+03  9.97000e-01  9.99329e-01
 1.95969e+03  9.95575e-01  9.99301e-01
 1.95972e+03  9.96053e-01  9.99275e-01
 1.95974e+03  9.97109e-01  9.99250e-01
 1.95976e+03  9.95269e-01  9.99227e-01
 1.95978e+03  9.97211e-01  9.99206e-01
 1.95980e+03  9.95651e-01  9.99189e-01
 1.95982e+03  9.97119e-01  9.99175e-01
 1.95984e+03  9.97383e-01  9.99166e-01
 1.95986e+03  9.94479e-01  9.99163e-01
 1.95988e+03  9.97392e-01  9.99167e-01
 1.95990e+03  9.96455e-01  9.99178e-01
 1.95992e+03  9.96588e-01  9.99199e-01
 1.95994e+03  9.97998e-01  9.99231e-01
 1.95997e+03  9.97328e-01  9.99276e-01
 1.95999e+03  9.99298e-01  9.99335e-01
 1.96001e+03  1.00038e+00  9.99410e-01
 1.96003e+03  1.00004e+00  9.99503e-01
 1.96005e+03  1.00004e+00  9.99618e-01
 1.96007e+03  1.00199e+00  9.99755e-01
 1.96009e+03  1.00327e+00  9.99917e-01
 1.96011e+03  1.00499e+00  1.00011e+00
 1.96013e+03  1.00493e+00  1.00033e+00
 1.96015e+03  1.00645e+00  1.00058e+00
 1.96017e+03  1.00690e+00  1.00086e+00
 1.96019e+03  1.00831e+00  1.00117e+00
 1.96022e+03  1.00937e+00  1.00152e+00
 1.96024e+03  1.00905e+00  1.00190e+00
 1.96026e+03  1.00942e+00  1.00231e+00
 1.96028e+03  1.00813e+00  1.00274e+00
 1.96030e+03  1.00958e+00  1.00320e+00
 1.96032e+03  1.00885e+00  1.00366e+00
 1.96034e+03  1.00846e+00  1.00413e+00
 1.96036e+03  1.00783e+00  1.00460e+00
 1.96038e+03  1.00843e+00  1.00504e+00
 1.96040e+03  1.00764e+00  1.00545e+00
 1.96042e+03  1.00618e+00  1.00582e+00
 1.96044e+03  1.00616e+00  1.00613e+00
 1.96047e+03  1.00336e+00  1.00637e+00
 1.96049e+03  1.00348e+00  1.00653e+00
 1.96051e+03  1.00299e+00  1.00661e+00
 1.96053e+03  1.00250e+00  1.00658e+00
 1.96055e+03  1.00193e+00  1.00647e+00
 1.96057e+03  1.00047e+00  1.00626e+00
 1.96059e+03  1.00040e+00  1.00596e+00
 1.96063e+03  9.99118e-01  1.00516e+00
 1.96065e+03  9.98298e-01  1.00467e+00
 1.96067e+03  9.97188e-01  1.00415e+00
 1.96069e+03  9.99580e-01  1.00361e+00
 1.96072e+03  9.98524e-01  1.00306e+00
 1.96074e+03  9.98384e-01  1.00252e+00
 1.96076e+03  9.97936e-01  1.00200e+00
 1.96078e+03  9.97305e-01  1.00151e+00
 1.96080e+03  9.97309e-01  1.00106e+00
 1.96084e+03  9.98602e-01  1.00028e+00
 1.96086e+03  9.98747e-01  9.99958e-01
 1.96088e+03  9.98210e-01  9.99681e-01
 1.96090e+03  1.00129e+00  9.99449e-01
 1.96092e+03  1.00086e+00  9.99259e-01
 1.96097e+03  1.00043e+00  9.98989e-01
 1.96099e+03  1.00095e+00  9.98904e-01
 1.96101e+03  1.00096e+00  9.98845e-01
 1.96103e+03  1.00103e+00  9.98811e-01
 1.96105e+03  1.00070e+00  9.98797e-01
 1.96109e+03  1.00249e+00  9.98819e-01
 1.96111e+03  1.00085e+00  9.98848e-01
 1.96113e+03  1.00189e+00  9.98887e-01
 1.96115e+03  1.00112e+00  9.98933e-01
 1.96117e+03  1.00009e+00  9.98985e-01
 1.96122e+03  1.00331e+00  9.99100e-01
 1.96124e+03  1.00126e+00  9.99160e-01
 1.96126e+03  1.00161e+00  9.99221e-01
 1.96128e+03  1.00150e+00  9.99282e-01
 1.96130e+03  1.00074e+00  9.99342e-01
 1.96134e+03  1.00169e+00  9.99459e-01
 1.96136e+03  1.00108e+00  9.99515e-01
 1.96140e+03  1.00177e+00  9.99621e-01
 1.96142e+03  1.00132e+00  9.99671e-01
 1.96147e+03  1.00239e+00  9.99763e-01
 1.96151e+03  1.00203e+00  9.99847e-01
 1.96153e+03  1.00116e+00  9.99885e-01
 1.96155e+03  1.00024e+00  9.99921e-01
 1.96157e+03  1.00144e+00  9.99956e-01
 1.96161e+03  1.00086e+00  1.00002e+00
 1.96163e+03  1.00104e+00  1.00005e+00
 1.96165e+03  9.99293e-01  1.00007e+00
 1.96167e+03  1.00176e+00  1.00010e+00
 1.96172e+03  9.99871e-01  1.00014e+00
 1.96174e+03  1.00115e+00  1.00016e+00
 1.96176e+03  1.00225e+00  1.00018e+00
 1.96178e+03  1.00066e+00  1.00020e+00
 1.96182e+03  1.00004e+00  1.00023e+00
 1.96184e+03  1.00104e+00  1.00024e+00
 1.96186e+03  1.00182e+00  1.00026e+00
 1.96188e+03  1.00186e+00  1.00027e+00
 1.96190e+03  9.99313e-01  1.00028e+00
 1.96192e+03  9.99974e-01  1.00029e+00
 1.96194e+03  1.00040e+00  1.00030e+00
 1.96199e+03  1.00181e+00  1.00032e+00
 1.96201e+03  1.00065e+00  1.00033e+00
 1.96203e+03  1.00015e+00  1.00033e+00
 1.96209e+03  1.00094e+00  1.00035e+00
 1.96211e+03  9.99974e-01  1.00036e+00
 1.96213e+03  9.99722e-01  1.00036e+00
 1.96219e+03  9.99300e-01  1.00037e+00
 1.96222e+03  9.99936e-01  1.00037e+00
 1.96224e+03  1.00083e+00  1.00038e+00
 1.96228e+03  9.98603e-01  1.00038e+00
 1.96232e+03  9.98860e-01  1.00038e+00
 1.96234e+03  9.99735e-01  1.00038e+00
 1.96236e+03  9.99611e-01  1.00039e+00
 1.96238e+03  9.98676e-01  1.00039e+00
 1.96240e+03  9.99574e-01  1.00039e+00
 1.96242e+03  9.98263e-01  1.00039e+00
 1.96244e+03  9.97525e-01  1.00039e+00
 1.96247e+03  9.96621e-01  1.00039e+00
 1.96249e+03  9.97544e-01  1.00039e+00
 1.96251e+03  9.99043e-01  1.00039e+00
 1.96253e+03  9.97901e-01  1.00039e+00
 1.96255e+03  9.97703e-01  1.00039e+00
 1.96257e+03  9.98702e-01  1.00039e+00
 1.96259e+03  9.98509e-01  1.00039e+00
 1.96261e+03  9.98503e-01  1.00039e+00
 1.96263e+03  9.98226e-01  1.00039e+00
 1.96265e+03  9.97240e-01  1.00039e+00
 1.96267e+03  9.96278e-01  1.00038e+00
 1.96269e+03  9.98519e-01  1.00038e+00
 1.96276e+03  9.97985e-01  1.00038e+00
 1.96278e+03  9.95558e-01  1.00038e+00
 1.96280e+03  9.97002e-01  1.00038e+00
 1.96282e+03  9.95040e-01  1.00038e+00
 1.96284e+03  9.95200e-01  1.00038e+00
 1.96286e+03  9.95326e-01  1.00037e+00
 1.96288e+03  9.97261e-01  1.00037e+00
 1.96290e+03  9.95527e-01  1.00037e+00
 1.96292e+03  9.99196e-01  1.00037e+00
 1.96297e+03  9.97196e-01  1.00037e+00
 1.96299e+03  9.99092e-01  1.00037e+00
 1.96301e+03  9.97649e-01  1.00037e+00
 1.96303e+03  9.97956e-01  1.00036e+00
 1.96305e+03  1.00115e+00  1.00036e+00
 1.96307e+03  9.99991e-01  1.00036e+00
 1.96309e+03  1.00020e+00  1.00036e+00
 1.96311e+03  1.00015e+00  1.00036e+00
 1.96313e+03  1.00067e+00  1.00036e+00
 1.96315e+03  1.00227e+00  1.00035e+00
 1.96317e+03  1.00375e+00  1.00035e+00
 1.96319e+03  1.00504e+00  1.00035e+00
 1.96322e+03  1.00415e+00  1.00035e+00
 1.96324e+03  1.00613e+00  1.00035e+00
 1.96326e+03  1.00698e+00  1.00035e+00
 1.96328e+03  1.00898e+00  1.00034e+00
 1.96330e+03  1.00741e+00  1.00034e+00
 1.96332e+03  1.00889e+00  1.00034e+00
 1.96338e+03  1.00774e+00  1.00034e+00
 1.96347e+03  1.00567e+00  1.00033e+00
 1.96351e+03  1.00604e+00  1.00033e+00
 1.96355e+03  1.00486e+00  1.00032e+00
 1.96357e+03  1.00382e+00  1.00032e+00
 1.96359e+03  1.00245e+00  1.00032e+00
 1.96365e+03  9.99414e-01  1.00031e+00
 1.96367e+03  9.99674e-01  1.00031e+00
 1.96369e+03  9.98266e-01  1.00031e+00
 1.96372e+03  9.98742e-01  1.00031e+00
 1.96376e+03  9.97561e-01  1.00030e+00
 1.96380e+03  9.96717e-01  1.00030e+00
 1.96382e+03  9.99021e-01  1.00030e+00
 1.96386e+03  9.97496e-01  1.00029e+00
 1.96388e+03  9.99458e-01  1.00029e+00
 1.96390e+03  9.99914e-01  1.00029e+00
 1.96392e+03  9.98917e-01  1.00029e+00
 1.96397e+03  9.98601e-01  1.00028e+00
 1.96401e+03  1.00010e+00  1.00028e+00
 1.96405e+03  9.99675e-01  1.00027e+00
 1.96407e+03  1.00134e+00  1.00027e+00
 1.96409e+03  1.00136e+00  1.00027e+00
 1.96411e+03  1.00038e+00  1.00026e+00
 1.96415e+03  1.00148e+00  1.00026e+00
 1.96419e+03  1.00101e+00  1.00025e+00
 1.96422e+03  1.00048e+00  1.00025e+00
 1.96424e+03  1.00006e+00  1.00025e+00
 1.96426e+03  9.99308e-01  1.00024e+00
 1.96428e+03  1.00173e+00  1.00024e+00
 1.96430e+03  1.00159e+00  1.00024e+00
 1.96434e+03  9.99352e-01  1.00023e+00
 1.96436e+03  1.00007e+00  1.00023e+00
 1.96438e+03  1.00079e+00  1.00022e+00
 1.96440e+03  1.00031e+00  1.00022e+00
 1.96444e+03  1.00197e+00  1.00021e+00
 1.96447e+03  1.00030e+00  1.00021e+00
 1.96449e+03  1.00092e+00  1.00020e+00
 1.96451e+03  1.00235e+00  1.00020e+00
 1.96457e+03  1.00040e+00  1.00019e+00
 1.96459e+03  1.00276e+00  1.00018e+00
 1.96463e+03  1.00092e+00  1.00017e+00
 1.96467e+03  1.00154e+00  1.00016e+00
 1.96469e+03  1.00048e+00  1.00015e+00
 1.96472e+03  9.99856e-01  1.00015e+00
 1.96476e+03  1.00082e+00  1.00013e+00
 1.96478e+03  1.00124e+00  1.00013e+00
 1.96482e+03  1.00036e+00  1.00011e+00
 1.96486e+03  9.99588e-01  1.00010e+00
 1.96488e+03  1.00113e+00  1.00009e+00
 1.96492e+03  1.00044e+00  1.00007e+00
 1.96494e+03  9.99658e-01  1.00006e+00
 1.96497e+03  1.00221e+00  1.00005e+00
 1.96499e+03  9.99449e-01  1.00004e+00
 1.96503e+03  9.98176e-01  1.00002e+00
 1.96505e+03  1.00126e+00  1.00001e+00
 1.96509e+03  9.98544e-01  9.99981e-01
 1.96511e+03  9.99558e-01  9.99968e-01
 1.96513e+03  9.98101e-01  9.99954e-01
 1.96515e+03  9.99355e-01  9.99940e-01
 1.96517e+03  1.00290e+00  9.99925e-01
 1.96519e+03  9.99517e-01  9.99910e-01
 1.96522e+03  9.99336e-01  9.99894e-01
 1.96524e+03  1.00072e+00  9.99877e-01
 1.96526e+03  1.00102e+00  9.99860e-01
 1.96528e+03  9.99633e-01  9.99842e-01
 1.96534e+03  9.97334e-01  9.99783e-01
 1.96536e+03  9.99522e-01  9.99762e-01
 1.96538e+03  9.98117e-01  9.99740e-01
 1.96540e+03  9.97264e-01  9.99718e-01
 1.96542e+03  9.98223e-01  9.99695e-01
 1.96544e+03  9.99072e-01  9.99671e-01
 1.96547e+03  9.97120e-01  9.99646e-01
 1.96549e+03  9.98368e-01  9.99620e-01
 1.96551e+03  9.95692e-01  9.99594e-01
 1.96553e+03  9.99373e-01  9.99567e-01
 1.96555e+03  9.97176e-01  9.99540e-01
 1.96563e+03  9.96175e-01  9.99425e-01
 1.96565e+03  9.97845e-01  9.99396e-01
 1.96567e+03  9.98680e-01  9.99367e-01
 1.96572e+03  9.94966e-01  9.99310e-01
 1.96574e+03  9.98370e-01  9.99283e-01
 1.96576e+03  9.97465e-01  9.99258e-01
 1.96578e+03  9.94740e-01  9.99234e-01
 1.96582e+03  9.96402e-01  9.99194e-01
 1.96586e+03  9.95184e-01  9.99169e-01
 1.96590e+03  9.93974e-01  9.99165e-01
 1.96592e+03  9.96633e-01  9.99174e-01
 1.96594e+03  9.98037e-01  9.99192e-01
 1.96599e+03  9.96761e-01  9.99260e-01
 1.96601e+03  9.95775e-01  9.99314e-01
 1.96603e+03  9.97332e-01  9.99383e-01
 1.96605e+03  9.97421e-01  9.99471e-01
 1.96611e+03  9.99877e-01  9.99862e-01
 1.96617e+03  1.00280e+00  1.00049e+00
 1.96619e+03  1.00276e+00  1.00076e+00
 1.96624e+03  1.00401e+00  1.00141e+00
 1.96628e+03  1.00645e+00  1.00217e+00
 1.96630e+03  1.00597e+00  1.00260e+00
 1.96632e+03  1.00655e+00  1.00305e+00
 1.96634e+03  1.00839e+00  1.00351e+00
 1.96638e+03  1.00979e+00  1.00445e+00
 1.96640e+03  1.00978e+00  1.00490e+00
 1.96642e+03  1.00823e+00  1.00533e+00
 1.96649e+03  1.00834e+00  1.00631e+00
 1.96651e+03  1.00796e+00  1.00649e+00
 1.96653e+03  1.00523e+00  1.00659e+00
 1.96659e+03  1.00468e+00  1.00634e+00
 1.96661e+03  1.00265e+00  1.00607e+00
 1.96663e+03  1.00235e+00  1.00572e+00
 1.96665e+03  1.00327e+00  1.00531e+00
 1.96667e+03  1.00149e+00  1.00483e+00
 1.96669e+03  1.00170e+00  1.00432e+00
 1.96674e+03  9.98420e-01  1.00324e+00
 1.96676e+03  9.98896e-01  1.00270e+00
 1.96682e+03  1.00053e+00  1.00120e+00
 1.96684e+03  9.98355e-01  1.00078e+00
 1.96688e+03  9.97618e-01  1.00006e+00
 1.96690e+03  9.97394e-01  9.99766e-01
 1.96692e+03  9.98303e-01  9.99519e-01
 1.96697e+03  9.97456e-01  9.99152e-01
 1.96701e+03  9.97433e-01  9.98928e-01
 1.96703e+03  9.98804e-01  9.98862e-01
 1.96705e+03  9.99371e-01  9.98820e-01
 1.96709e+03  9.98335e-01  9.98798e-01
 1.96711e+03  9.96717e-01  9.98811e-01
 1.96713e+03  1.00020e+00  9.98838e-01
 1.96719e+03  1.00166e+00  9.98968e-01
 1.96722e+03  1.00019e+00  9.99023e-01
 1.96724e+03  9.99833e-01  9.99081e-01
 1.96728e+03  1.00053e+00  9.99201e-01
 1.96732e+03  1.00173e+00  9.99323e-01
 1.96736e+03  1.00172e+00  9.99441e-01
 1.96738e+03  1.00038e+00  9.99497e-01
 1.96740e+03  1.00083e+00  9.99552e-01
 1.96742e+03  1.00078e+00  9.99605e-01
 1.96747e+03  1.00091e+00  9.99703e-01
 1.96751e+03  1.00297e+00  9.99793e-01
 1.96755e+03  1.00265e+00  9.99873e-01
 1.96765e+03  1.00168e+00  1.00004e+00
 1.96767e+03  1.00196e+00  1.00006e+00
 1.96772e+03  9.99547e-01  1.00011e+00
 1.96774e+03  1.00160e+00  1.00014e+00
 1.96778e+03  9.98661e-01  1.00018e+00
 1.96780e+03  1.00105e+00  1.00019e+00
 1.96784e+03  9.99791e-01  1.00023e+00
 1.96786e+03  1.00146e+00  1.00024e+00
 1.96788e+03  1.00105e+00  1.00025e+00
 1.96794e+03  1.00024e+00  1.00029e+00
 1.96799e+03  1.00082e+00  1.00031e+00
 1.96801e+03  9.99375e-01  1.00032e+00
 1.96805e+03  9.99594e-01  1.00033e+00
 1.96809e+03  9.97932e-01  1.00034e+00
 1.96813e+03  1.00127e+00  1.00035e+00
 1.96815e+03  9.98040e-01  1.00036e+00
 1.96817e+03  9.96690e-01  1.00036e+00
 1.96819e+03  9.98863e-01  1.00037e+00
 1.96822e+03  9.98946e-01  1.00037e+00
 1.96826e+03  1.00067e+00  1.00037e+00
 1.96832e+03  1.00042e+00  1.00038e+00
 1.96928e+03  9.95918e-01  1.00035e+00
 1.96932e+03  9.97885e-01  1.00034e+00
 1.96934e+03  1.00188e+00  1.00034e+00
 1.96936e+03  1.00348e+00  1.00034e+00
 1.96938e+03  1.00405e+00  1.00034e+00
 1.96940e+03  1.00236e+00  1.00034e+00
 1.96947e+03  1.00748e+00  1.00033e+00
 1.96949e+03  1.00601e+00  1.00033e+00
 1.96951e+03  1.00537e+00  1.00033e+00
 1.96953e+03  1.00439e+00  1.00033e+00
 1.96955e+03  1.00455e+00  1.00032e+00
 1.96957e+03  1.00425e+00  1.00032e+00
 1.96959e+03  1.00316e+00  1.00032e+00
 1.96961e+03  1.00215e+00  1.00032e+00
 1.96963e+03  1.00247e+00  1.00032e+00
 1.96965e+03  1.00227e+00  1.00032e+00
 1.96967e+03  1.00031e+00  1.00031e+00
 1.96969e+03  9.98487e-01  1.00031e+00
 1.96972e+03  9.98291e-01  1.00031e+00
 1.96974e+03  9.99372e-01  1.00031e+00
 1.96976e+03  9.99166e-01  1.00031e+00
 1.96978e+03  9.99114e-01  1.00030e+00
 1.96980e+03  9.97580e-01  1.00030e+00
 1.96982e+03  9.98383e-01  1.00030e+00
 1.96984e+03  9.97761e-01  1.00030e+00
 1.96986e+03  9.96229e-01  1.00030e+00
 1.96988e+03  9.95725e-01  1.00029e+00
 1.96990e+03  9.95640e-01  1.00029e+00
 1.96992e+03  9.97376e-01  1.00029e+00
 1.96994e+03  9.99556e-01  1.00029e+00
 1.96997e+03  1.00115e+00  1.00029e+00
 1.96999e+03  9.98994e-01  1.00028e+00
 1.97001e+03  9.96984e-01  1.00028e+00
 1.97003e+03  9.95086e-01  1.00028e+00
 1.97005e+03  9.96982e-01  1.00028e+00
 1.97007e+03  9.99428e-01  1.00027e+00
 1.97009e+03  1.00271e+00  1.00027e+00
 1.97011e+03  1.00166e+00  1.00027e+00
 1.97013e+03  9.98971e-01  1.00027e+00
 1.97015e+03  1.00072e+00  1.00026e+00
 1.97017e+03  9.99777e-01  1.00026e+00
 1.97019e+03  9.98440e-01  1.00026e+00
 1.97022e+03  1.00069e+00  1.00025e+00
 1.97024e+03  1.00000e+00  1.00025e+00
 1.97026e+03  1.00237e+00  1.00025e+00
 1.97028e+03  1.00307e+00  1.00025e+00
 1.97030e+03  9.98708e-01  1.00024e+00
 1.97032e+03  9.99672e-01  1.00024e+00
 1.97034e+03  9.98381e-01  1.00024e+00
 1.97036e+03  9.99681e-01  1.00023e+00
 1.97038e+03  1.00128e+00  1.00023e+00
 1.97040e+03  9.99644e-01  1.00023e+00
 1.97042e+03  9.99955e-01  1.00022e+00
 1.97044e+03  9.99472e-01  1.00022e+00
 1.97047e+03  1.00028e+00  1.00021e+00
 1.97049e+03  9.99926e-01  1.00021e+00
 1.97051e+03  9.99590e-01  1.00021e+00
 1.97053e+03  1.00134e+00  1.00020e+00
 1.97055e+03  1.00092e+00  1.00020e+00
 1.97057e+03  1.00232e+00  1.00019e+00
 1.97059e+03  9.99746e-01  1.00019e+00
 1.97061e+03  1.00083e+00  1.00018e+00
 1.97063e+03  1.00294e+00  1.00018e+00
 1.97065e+03  1.00186e+00  1.00017e+00
 1.97067e+03  1.00200e+00  1.00017e+00
 1.97069e+03  1.00067e+00  1.00016e+00
 1.97072e+03  1.00051e+00  1.00015e+00
 1.97074e+03  1.00079e+00  1.00015e+00
 1.97076e+03  1.00122e+00  1.00014e+00
 1.97078e+03  1.00015e+00  1.00014e+00
 1.97080e+03  1.00288e+00  1.00013e+00
 1.97082e+03  1.00120e+00  1.00012e+00
 1.97084e+03  9.99440e-01  1.00011e+00
 1.97086e+03  9.99946e-01  1.00011e+00
 1.97088e+03  1.00252e+00  1.00010e+00
 1.97090e+03  1.00104e+00  1.00009e+00
 1.97092e+03  1.00203e+00  1.00008e+00
 1.97094e+03  1.00028e+00  1.00007e+00
 1.97097e+03  1.00057e+00  1.00006e+00
 1.97099e+03  1.00159e+00  1.00005e+00
 1.97101e+03  1.00052e+00  1.00004e+00
 1.97103e+03  9.99044e-01  1.00003e+00
 1.97105e+03  9.98426e-01  1.00002e+00
 1.97107e+03  1.00029e+00  1.00001e+00
 1.97109e+03  1.00152e+00  9.99998e-01
 1.97111e+03  1.00032e+00  9.99985e-01
 1.97113e+03  1.00036e+00  9.99972e-01
 1.97115e+03  1.00173e+00  9.99959e-01
 1.97117e+03  1.00098e+00  9.99945e-01
 1.97119e+03  1.00300e+00  9.99930e-01
 1.97122e+03  1.00075e+00  9.99915e-01
 1.97124e+03  1.00148e+00  9.99899e-01
 1.97126e+03  1.00129e+00  9.99882e-01
 1.97130e+03  1.00050e+00  9.99847e-01
 1.97132e+03  9.99223e-01  9.99829e-01
 1.97134e+03  9.96633e-01  9.99810e-01
 1.97136e+03  9.97737e-01  9.99790e-01
 1.97140e+03  9.99857e-01  9.99747e-01
 1.97144e+03  9.99557e-01  9.99702e-01
 1.97149e+03  1.00171e+00  9.99654e-01
 1.97151e+03  1.00013e+00  9.99629e-01
 1.97153e+03  9.99536e-01  9.99602e-01
 1.97157e+03  1.00058e+00  9.99549e-01
 1.97159e+03  9.99516e-01  9.99521e-01
 1.97161e+03  9.98567e-01  9.99492e-01
 1.97163e+03  9.97784e-01  9.99464e-01
 1.97165e+03  9.99641e-01  9.99434e-01
 1.97167e+03  1.00017e+00  9.99405e-01
 1.97172e+03  9.98196e-01  9.99347e-01
 1.97174e+03  9.98420e-01  9.99319e-01
 1.97178e+03  9.99342e-01  9.99266e-01
 1.97180e+03  9.96870e-01  9.99241e-01
 1.97182e+03  9.96288e-01  9.99219e-01
 1.97188e+03  9.97968e-01  9.99171e-01
 1.97190e+03  9.96990e-01  9.99164e-01
 1.97194e+03  9.97427e-01  9.99170e-01
 1.97197e+03  9.95233e-01  9.99185e-01
 1.97199e+03  9.95259e-01  9.99209e-01
 1.97203e+03  9.95568e-01  9.99295e-01
 1.97207e+03  9.95892e-01  9.99440e-01
 1.97209e+03  9.97110e-01  9.99541e-01
 1.97213e+03  9.96970e-01  9.99809e-01
 1.97215e+03  9.98480e-01  9.99981e-01
 1.97217e+03  9.97544e-01  1.00018e+00
 1.97222e+03  1.00004e+00  1.00067e+00
 1.97224e+03  1.00030e+00  1.00097e+00
 1.97226e+03  1.00058e+00  1.00129e+00
 1.97230e+03  1.00387e+00  1.00204e+00
 1.97234e+03  1.00280e+00  1.00290e+00
 1.97236e+03  1.00428e+00  1.00336e+00
 1.97238e+03  1.00471e+00  1.00383e+00
 1.97240e+03  1.00604e+00  1.00430e+00
 1.97242e+03  1.00673e+00  1.00476e+00
 1.97244e+03  1.00701e+00  1.00519e+00
 1.97247e+03  1.00838e+00  1.00559e+00
 1.97249e+03  1.00806e+00  1.00594e+00
 1.97251e+03  1.01052e+00  1.00623e+00
 1.97253e+03  1.00968e+00  1.00644e+00
 1.97257e+03  1.00934e+00  1.00661e+00
 1.97259e+03  1.00953e+00  1.00655e+00
 1.97261e+03  1.00905e+00  1.00640e+00
 1.97263e+03  1.00665e+00  1.00617e+00
 1.97265e+03  1.00634e+00  1.00584e+00
 1.97267e+03  1.00696e+00  1.00545e+00
 1.97269e+03  1.00480e+00  1.00499e+00
 1.97272e+03  1.00376e+00  1.00449e+00
 1.97276e+03  1.00428e+00  1.00342e+00
 1.97278e+03  1.00174e+00  1.00287e+00
 1.97280e+03  1.00113e+00  1.00234e+00
 1.97284e+03  1.00101e+00  1.00135e+00
 1.97286e+03  1.00073e+00  1.00091e+00
 1.97288e+03  9.99978e-01  1.00051e+00
 1.97292e+03  9.99322e-01  9.99855e-01
 1.97294e+03  1.00036e+00  9.99595e-01
 1.97297e+03  9.98986e-01  9.99377e-01
 1.97299e+03  9.98163e-01  9.99201e-01
 1.97301e+03  9.97863e-01  9.99062e-01
 1.97305e+03  9.98452e-01  9.98880e-01
 1.97307e+03  9.98201e-01  9.98831e-01
 1.97311e+03  9.99850e-01  9.98797e-01
 1.97313e+03  9.98932e-01  9.98806e-01
 1.97315e+03  9.98732e-01  9.98828e-01
 1.97319e+03  1.00038e+00  9.98903e-01
 1.97322e+03  1.00100e+00  9.98951e-01
 1.97324e+03  9.99587e-01  9.99005e-01
 1.97326e+03  9.99321e-01  9.99061e-01
 1.97328e+03  9.99956e-01  9.99121e-01
 1.97330e+03  1.00064e+00  9.99181e-01
 1.97332e+03  1.00074e+00  9.99242e-01
 1.97334e+03  1.00058e+00  9.99303e-01
 1.97338e+03  1.00079e+00  9.99422e-01
 1.97340e+03  1.00132e+00  9.99479e-01
 1.97342e+03  1.00088e+00  9.99534e-01
 1.97344e+03  9.99982e-01  9.99588e-01
 1.97347e+03  1.00057e+00  9.99639e-01
 1.97349e+03  1.00072e+00  9.99688e-01
 1.97351e+03  9.99911e-01  9.99735e-01
 1.97353e+03  9.99756e-01  9.99779e-01
 1.97355e+03  1.00018e+00  9.99821e-01
 1.97357e+03  1.00123e+00  9.99861e-01
 1.97359e+03  1.00036e+00  9.99898e-01
 1.97361e+03  1.00073e+00  9.99934e-01
 1.97363e+03  1.00064e+00  9.99967e-01
 1.97365e+03  1.00150e+00  9.99999e-01
 1.97367e+03  1.00204e+00  1.00003e+00
 1.97369e+03  1.00110e+00  1.00006e+00
 1.97372e+03  1.00067e+00  1.00008e+00
 1.97374e+03  1.00010e+00  1.00011e+00
 1.97376e+03  1.00015e+00  1.00013e+00
 1.97378e+03  1.00060e+00  1.00015e+00
 1.97380e+03  1.00022e+00  1.00017e+00
 1.97382e+03  9.99970e-01  1.00019e+00
 1.97384e+03  1.00248e+00  1.00020e+00
 1.97386e+03  9.99151e-01  1.00022e+00
 1.97388e+03  9.98975e-01  1.00024e+00
 1.97390e+03  9.99217e-01  1.00025e+00
 1.97392e+03  1.00119e+00  1.00026e+00
 1.97394e+03  9.99228e-01  1.00027e+00
 1.97397e+03  9.99699e-01  1.00028e+00
 1.97401e+03  1.00045e+00  1.00030e+00
 1.97403e+03  9.98750e-01  1.00031e+00
 1.97405e+03  1.00084e+00  1.00032e+00
 1.97407e+03  9.98917e-01  1.00033e+00
 1.97409e+03  9.98753e-01  1.00034e+00
 1.97411e+03  9.99103e-01  1.00034e+00
 1.97413e+03  1.00019e+00  1.00035e+00
 1.97415e+03  1.00009e+00  1.00035e+00
 1.97419e+03  1.00008e+00  1.00036e+00
 1.97422e+03  1.00049e+00  1.00036e+00
 1.97426e+03  9.99670e-01  1.00037e+00
 1.97428e+03  9.99875e-01  1.00037e+00
 1.97430e+03  9.99669e-01  1.00038e+00
 1.97432e+03  1.00078e+00  1.00038e+00
 1.97434e+03  9.97435e-01  1.00038e+00
 1.97436e+03  9.98747e-01  1.00038e+00
 1.97438e+03  1.00014e+00  1.00038e+00
 1.97442e+03  9.99559e-01  1.00039e+00
 1.97444e+03  9.97922e-01  1.00039e+00
 1.97447e+03  9.99797e-01  1.00039e+00
 1.97449e+03  9.98184e-01  1.00039e+00
 1.97453e+03  9.99184e-01  1.00039e+00
 1.97455e+03  9.98908e-01  1.00039e+00
 1.97457e+03  9.96406e-01  1.00039e+00
 1.97461e+03  9.96145e-01  1.00039e+00
 1.97463e+03  9.97471e-01  1.00039e+00
 1.97465e+03  9.97442e-01  1.00039e+00
 1.97469e+03  9.96162e-01  1.00039e+00
 1.97472e+03  9.96487e-01  1.00039e+00
 1.97474e+03  9.98513e-01  1.00038e+00
 1.97476e+03  9.96021e-01  1.00038e+00
 1.97480e+03  9.95476e-01  1.00038e+00
 1.97482e+03  9.95641e-01  1.00038e+00
 1.97484e+03  9.96305e-01  1.00038e+00
 1.97488e+03  9.96528e-01  1.00038e+00
 1.97490e+03  9.95972e-01  1.00038e+00
 1.97492e+03  9.95568e-01  1.00037e+00
 1.97497e+03  9.95444e-01  1.00037e+00
 1.97499e+03  9.96090e-01  1.00037e+00
 1.97501e+03  9.95809e-01  1.00037e+00
 1.97503e+03  9.95671e-01  1.00037e+00
 1.97507e+03  9.95982e-01  1.00036e+00
 1.97509e+03  9.96266e-01  1.00036e+00
 1.97513e+03  9.93647e-01  1.00036e+00
 1.97515e+03  9.96107e-01  1.00036e+00
 1.97517e+03  9.95720e-01  1.00036e+00
 1.97519e+03  9.95701e-01  1.00036e+00
 1.97522e+03  9.95209e-01  1.00035e+00
 1.97526e+03  9.97770e-01  1.00035e+00
 1.97528e+03  9.98644e-01  1.00035e+00
 1.97530e+03  9.97809e-01  1.00035e+00
 1.97534e+03  1.00027e+00  1.00034e+00
 1.97536e+03  1.00165e+00  1.00034e+00
 1.97538e+03  1.00163e+00  1.00034e+00
 1.97540e+03  1.00198e+00  1.00034e+00
 1.97542e+03  1.00533e+00  1.00034e+00
 1.97544e+03  1.00607e+00  1.00034e+00
 1.97547e+03  1.00631e+00  1.00033e+00
 1.97549e+03  1.00506e+00  1.00033e+00
 1.97551e+03  1.00764e+00  1.00033e+00
 1.97553e+03  1.00856e+00  1.00033e+00
 1.97555e+03  1.00738e+00  1.00033e+00
 1.97557e+03  1.00634e+00  1.00033e+00
 1.97559e+03  1.00798e+00  1.00032e+00
 1.97561e+03  1.00887e+00  1.00032e+00
 1.97563e+03  1.00787e+00  1.00032e+00
 1.97565e+03  1.00668e+00  1.00032e+00
 1.97567e+03  1.00652e+00  1.00032e+00
 1.97569e+03  1.00682e+00  1.00031e+00
 1.97572e+03  1.00645e+00  1.00031e+00
 1.97578e+03  1.00257e+00  1.00031e+00
 1.97580e+03  1.00429e+00  1.00030e+00
 1.97582e+03  1.00318e+00  1.00030e+00
 1.97586e+03  1.00186e+00  1.00030e+00
 1.97588e+03  1.00090e+00  1.00030e+00
 1.97590e+03  9.98938e-01  1.00029e+00
 1.97592e+03  9.99047e-01  1.00029e+00
 1.97594e+03  9.98623e-01  1.00029e+00
 1.97597e+03  9.99877e-01  1.00029e+00
 1.97599e+03  9.99080e-01  1.00029e+00
 1.97601e+03  9.98825e-01  1.00028e+00
 1.97603e+03  9.98095e-01  1.00028e+00
 1.97605e+03  9.97644e-01  1.00028e+00
 1.97607e+03  9.97937e-01  1.00028e+00
 1.97609e+03  9.98368e-01  1.00027e+00
 1.97611e+03  9.96842e-01  1.00027e+00
 1.97613e+03  9.98545e-01  1.00027e+00
 1.97615e+03  9.98360e-01  1.00027e+00
 1.97617e+03  9.97960e-01  1.00026e+00
 1.97619e+03  9.98967e-01  1.00026e+00
 1.97622e+03  9.98744e-01  1.00026e+00
 1.97624e+03  9.98873e-01  1.00026e+00
 1.97626e+03  9.98019e-01  1.00025e+00
 1.97628e+03  9.98985e-01  1.00025e+00
 1.97630e+03  9.97816e-01  1.00025e+00
 1.97632e+03  9.99379e-01  1.00024e+00
 1.97634e+03  1.00056e+00  1.00024e+00
 1.97636e+03  1.00048e+00  1.00024e+00
 1.97638e+03  1.00184e+00  1.00023e+00
 1.97640e+03  1.00072e+00  1.00023e+00
 1.97642e+03  1.00069e+00  1.00023e+00
 1.97644e+03  9.99727e-01  1.00022e+00
 1.97647e+03  1.00190e+00  1.00022e+00
 1.97649e+03  9.99793e-01  1.00022e+00
 1.97651e+03  1.00167e+00  1.00021e+00
 1.97653e+03  1.00058e+00  1.00021e+00
 1.97655e+03  1.00071e+00  1.00020e+00
 1.97659e+03  1.00069e+00  1.00019e+00
 1.97661e+03  1.00112e+00  1.00019e+00
 1.97663e+03  1.00098e+00  1.00018e+00
 1.97665e+03  1.00034e+00  1.00018e+00
 1.97667e+03  1.00028e+00  1.00017e+00
 1.97669e+03  1.00119e+00  1.00017e+00
 1.97672e+03  1.00167e+00  1.00016e+00
 1.97674e+03  1.00071e+00  1.00016e+00
 1.97676e+03  9.99882e-01  1.00015e+00
 1.97678e+03  1.00116e+00  1.00014e+00
 1.97680e+03  1.00140e+00  1.00014e+00
 1.97682e+03  1.00130e+00  1.00013e+00
 1.97684e+03  1.00093e+00  1.00012e+00
 1.97686e+03  1.00134e+00  1.00012e+00
 1.97688e+03  1.00023e+00  1.00011e+00
 1.97690e+03  1.00083e+00  1.00010e+00
 1.97692e+03  9.99725e-01  1.00009e+00
 1.97694e+03  1.00002e+00  1.00008e+00
 1.97697e+03  1.00045e+00  1.00008e+00
 1.97699e+03  9.99108e-01  1.00007e+00
 1.97703e+03  9.98721e-01  1.00005e+00
 1.97705e+03  1.00109e+00  1.00004e+00
 1.97709e+03  1.00020e+00  1.00001e+00
 1.97711e+03  1.00004e+00  1.00000e+00
 1.97713e+03  9.99637e-01  9.99989e-01
 1.97715e+03  1.00058e+00  9.99976e-01
 1.97717e+03  9.99594e-01  9.99963e-01
 1.97719e+03  9.99679e-01  9.99949e-01
 1.97722e+03  9.99514e-01  9.99935e-01
 1.97724e+03  1.00043e+00  9.99920e-01
 1.97726e+03  9.99591e-01  9.99904e-01
 1.97728e+03  1.00048e+00  9.99888e-01
 1.97730e+03  9.99854e-01  9.99871e-01
 1.97732e+03  9.99997e-01  9.99853e-01
 1.97734e+03  1.00039e+00  9.99835e-01
 1.97736e+03  1.00016e+00  9.99816e-01
 1.97742e+03  1.00002e+00  9.99754e-01
 1.97744e+03  9.99889e-01  9.99732e-01
 1.97747e+03  9.99729e-01  9.99710e-01
 1.97749e+03  9.99870e-01  9.99686e-01
 1.97751e+03  1.00004e+00  9.99662e-01
 1.97753e+03  9.98888e-01  9.99637e-01
 1.97755e+03  9.98823e-01  9.99611e-01
 1.97757e+03  9.99235e-01  9.99585e-01
 1.97759e+03  9.99081e-01  9.99557e-01
 1.97761e+03  9.99956e-01  9.99530e-01
 1.97763e+03  9.98916e-01  9.99501e-01
 1.97765e+03  9.98087e-01  9.99473e-01
 1.97767e+03  9.98918e-01  9.99444e-01
 1.97769e+03  9.98076e-01  9.99415e-01
 1.97772e+03  9.99283e-01  9.99386e-01
 1.97774e+03  9.97802e-01  9.99357e-01
 1.97776e+03  9.97486e-01  9.99328e-01
 1.97778e+03  9.96548e-01  9.99301e-01
 1.97780e+03  9.97778e-01  9.99274e-01
 1.97782e+03  9.97609e-01  9.99249e-01
 1.97784e+03  9.98687e-01  9.99226e-01
 1.97786e+03  9.98462e-01  9.99205e-01
 1.97788e+03  9.98118e-01  9.99188e-01
 1.97790e+03  9.96428e-01  9.99175e-01
 1.97792e+03  9.96240e-01  9.99166e-01
 1.97794e+03  9.97343e-01  9.99163e-01
 1.97797e+03  9.96951e-01  9.99167e-01
 1.97799e+03  9.96960e-01  9.99179e-01
 1.97801e+03  9.96249e-01  9.99200e-01
 1.97803e+03  9.96688e-01  9.99233e-01
 1.97805e+03  9.96157e-01  9.99277e-01
 1.97807e+03  9.94688e-01  9.99337e-01
 1.97809e+03  9.95077e-01  9.99413e-01
 1.97811e+03  9.95864e-01  9.99507e-01
 1.97813e+03  9.95161e-01  9.99622e-01
 1.97815e+03  9.95795e-01  9.99760e-01
 1.97817e+03  9.94827e-01  9.99923e-01
 1.97819e+03  9.96504e-01  1.00011e+00
 1.97822e+03  9.96467e-01  1.00033e+00
 1.97824e+03  9.98079e-01  1.00058e+00
 1.97826e+03  9.96845e-01  1.00087e+00
 1.97828e+03  9.97135e-01  1.00119e+00
 1.97830e+03  9.97384e-01  1.00153e+00
 1.97832e+03  1.00008e+00  1.00191e+00
 1.97834e+03  9.98532e-01  1.00232e+00
 1.97836e+03  9.99371e-01  1.00276e+00
 1.97838e+03  1.00111e+00  1.00321e+00
 1.97840e+03  1.00243e+00  1.00368e+00
 1.97842e+03  1.00316e+00  1.00415e+00
 1.97844e+03  1.00315e+00  1.00461e+00
 1.97847e+03  1.00443e+00  1.00506e+00
 1.97849e+03  1.00609e+00  1.00547e+00
 1.97851e+03  1.00545e+00  1.00583e+00
 1.97853e+03  1.00686e+00  1.00614e+00
 1.97855e+03  1.00869e+00  1.00638e+00
 1.97857e+03  1.00873e+00  1.00654e+00
 1.97859e+03  1.00788e+00  1.00661e+00
 1.97861e+03  1.00915e+00  1.00658e+00
 1.97863e+03  1.00812e+00  1.00646e+00
 1.97865e+03  1.00946e+00  1.00625e+00
 1.97867e+03  1.00906e+00  1.00595e+00
 1.97869e+03  1.00900e+00  1.00558e+00
 1.97872e+03  1.00801e+00  1.00514e+00
 1.97874e+03  1.00855e+00  1.00466e+00
 1.97876e+03  1.00687e+00  1.00413e+00
 1.97882e+03  1.00426e+00  1.00251e+00
 1.97884e+03  1.00596e+00  1.00199e+00
 1.97886e+03  1.00621e+00  1.00150e+00
 1.97888e+03  1.00270e+00  1.00105e+00
 1.97890e+03  1.00265e+00  1.00063e+00
 1.97892e+03  1.00162e+00  1.00027e+00
 1.97894e+03  1.00106e+00  9.99948e-01
 1.97897e+03  1.00101e+00  9.99673e-01
 1.97899e+03  9.98397e-01  9.99442e-01
 1.97901e+03  9.98977e-01  9.99253e-01
 1.97903e+03  9.98577e-01  9.99102e-01
 1.97905e+03  1.00095e+00  9.98986e-01
 1.97907e+03  9.99292e-01  9.98901e-01
 1.97909e+03  9.99005e-01  9.98844e-01
 1.97911e+03  9.98825e-01  9.98810e-01
 1.97913e+03  9.98531e-01  9.98797e-01
 1.97915e+03  9.99525e-01  9.98801e-01
 1.97917e+03  9.98620e-01  9.98819e-01
 1.97919e+03  9.99316e-01  9.98849e-01
 1.97922e+03  9.98055e-01  9.98889e-01
 1.97924e+03  9.98522e-01  9.98935e-01
 1.97926e+03  9.98350e-01  9.98987e-01
 1.97928e+03  9.99442e-01  9.99043e-01
 1.97932e+03  9.99601e-01  9.99162e-01
 1.97934e+03  1.00029e+00  9.99223e-01
 1.97938e+03  1.00182e+00  9.99344e-01
 1.97942e+03  1.00094e+00  9.99461e-01
 1.97944e+03  1.00041e+00  9.99517e-01
 1.97947e+03  1.00034e+00  9.99571e-01
 1.97951e+03  1.00252e+00  9.99672e-01
 1.97953e+03  1.00145e+00  9.99720e-01
 1.97955e+03  1.00191e+00  9.99765e-01
 1.97959e+03  1.00138e+00  9.99848e-01
 1.97961e+03  1.00046e+00  9.99887e-01
 1.97963e+03  1.00112e+00  9.99923e-01
 1.97972e+03  1.00140e+00  1.00005e+00
 1.97974e+03  1.00330e+00  1.00007e+00
 1.97978e+03  1.00319e+00  1.00012e+00
 1.97980e+03  1.00117e+00  1.00014e+00
 1.97982e+03  1.00308e+00  1.00016e+00
 1.97986e+03  1.00238e+00  1.00020e+00
 1.97990e+03  1.00341e+00  1.00023e+00
 1.97995e+03  1.00355e+00  1.00026e+00
 1.97997e+03  1.00167e+00  1.00027e+00
 1.97999e+03  1.00164e+00  1.00028e+00
 1.98003e+03  1.00280e+00  1.00030e+00
 1.98007e+03  1.00257e+00  1.00032e+00
 1.98009e+03  1.00086e+00  1.00033e+00
 1.98015e+03  1.00042e+00  1.00035e+00
 1.98017e+03  1.00199e+00  1.00035e+00
 1.98020e+03  1.00165e+00  1.00036e+00
 1.98022e+03  1.00244e+00  1.00036e+00
 1.98024e+03  1.00089e+00  1.00036e+00
 1.98026e+03  1.00105e+00  1.00037e+00
 1.98030e+03  1.00159e+00  1.00037e+00
 1.98034e+03  1.00049e+00  1.00038e+00
 1.98036e+03  1.00052e+00  1.00038e+00
 1.98038e+03  1.00289e+00  1.00038e+00
 1.98042e+03  1.00143e+00  1.00038e+00
 1.98045e+03  1.00124e+00  1.00039e+00
 1.98047e+03  1.00183e+00  1.00039e+00
 1.98049e+03  9.99711e-01  1.00039e+00
 1.98051e+03  1.00010e+00  1.00039e+00
 1.98053e+03  1.00052e+00  1.00039e+00
 1.98057e+03  1.00112e+00  1.00039e+00
 1.98059e+03  9.99160e-01  1.00039e+00
 1.98061e+03  9.99509e-01  1.00039e+00
 1.98065e+03  9.99667e-01  1.00039e+00
 1.98067e+03  9.98810e-01  1.00039e+00
 1.98070e+03  9.99082e-01  1.00039e+00
 1.98072e+03  9.98511e-01  1.00039e+00
 1.98074e+03  9.98040e-01  1.00039e+00
 1.98076e+03  9.97218e-01  1.00038e+00
 1.98078e+03  9.96074e-01  1.00038e+00
 1.98082e+03  9.98783e-01  1.00038e+00
 1.98084e+03  9.96009e-01  1.00038e+00
 1.98086e+03  9.97672e-01  1.00038e+00
 1.98088e+03  9.97511e-01  1.00038e+00
 1.98090e+03  9.96147e-01  1.00038e+00
 1.98095e+03  9.95938e-01  1.00037e+00
 1.98099e+03  9.96652e-01  1.00037e+00
 1.98101e+03  9.96354e-01  1.00037e+00
 1.98103e+03  9.95951e-01  1.00037e+00
 1.98107e+03  9.95250e-01  1.00037e+00
 1.98109e+03  9.95918e-01  1.00037e+00
 1.98111e+03  9.95577e-01  1.00036e+00
 1.98113e+03  9.95621e-01  1.00036e+00
 1.98115e+03  9.95360e-01  1.00036e+00
 1.98117e+03  9.95180e-01  1.00036e+00
 1.98120e+03  9.95611e-01  1.00036e+00
 1.98122e+03  9.93821e-01  1.00036e+00
 1.98126e+03  9.95652e-01  1.00035e+00
 1.98128e+03  9.96888e-01  1.00035e+00
 1.98130e+03  9.96820e-01  1.00035e+00
 1.98134e+03  9.97325e-01  1.00035e+00
 1.98136e+03  9.98129e-01  1.00034e+00
 1.98140e+03  9.98420e-01  1.00034e+00
 1.98142e+03  9.99439e-01  1.00034e+00
 1.98145e+03  1.00007e+00  1.00034e+00
 1.98147e+03  1.00169e+00  1.00034e+00
 1.98151e+03  1.00209e+00  1.00033e+00
 1.98153e+03  1.00501e+00  1.00033e+00
 1.98155e+03  1.00362e+00  1.00033e+00
 1.98157e+03  1.00510e+00  1.00033e+00
 1.98159e+03  1.00643e+00  1.00033e+00
 1.98161e+03  1.00569e+00  1.00032e+00
 1.98163e+03  1.00589e+00  1.00032e+00
 1.98165e+03  1.00845e+00  1.00032e+00
 1.98167e+03  1.00682e+00  1.00032e+00
 1.98170e+03  1.00679e+00  1.00032e+00
 1.98172e+03  1.00866e+00  1.00032e+00
 1.98174e+03  1.00765e+00  1.00031e+00
 1.98178e+03  1.00570e+00  1.00031e+00
 1.98180e+03  1.00535e+00  1.00031e+00
 1.98182e+03  1.00599e+00  1.00031e+00
 1.98184e+03  1.00513e+00  1.00030e+00
 1.98186e+03  1.00334e+00  1.00030e+00
 1.98188e+03  1.00405e+00  1.00030e+00
 1.98190e+03  1.00153e+00  1.00030e+00
 1.98192e+03  1.00043e+00  1.00030e+00
 1.98195e+03  1.00053e+00  1.00029e+00
 1.98197e+03  9.99614e-01  1.00029e+00
 1.98199e+03  9.98561e-01  1.00029e+00
 1.98201e+03  9.96618e-01  1.00029e+00
 1.98203e+03  9.99379e-01  1.00028e+00
 1.98205e+03  9.99011e-01  1.00028e+00
 1.98207e+03  1.00104e+00  1.00028e+00
 1.98209e+03  9.98731e-01  1.00028e+00
 1.98211e+03  9.97180e-01  1.00028e+00
 1.98213e+03  9.92632e-01  1.00027e+00
 1.98215e+03  9.89826e-01  1.00027e+00
 1.98220e+03  9.91370e-01  1.00026e+00
 1.98222e+03  9.95692e-01  1.00026e+00
 1.98224e+03  1.01215e+00  1.00026e+00
 1.98226e+03  1.03179e+00  1.00026e+00
