978
 1.81666e+03  9.99015e-01  1.00028e+00
 1.81670e+03  9.99357e-01  1.00028e+00
 1.81672e+03  9.98453e-01  1.00028e+00
 1.81681e+03  9.98625e-01  1.00028e+00
 1.81683e+03  9.98645e-01  1.00028e+00
 1.81691e+03  9.99603e-01  1.00028e+00
 1.81693e+03  9.97899e-01  1.00028e+00
 1.81699e+03  9.99252e-01  1.00028e+00
 1.81704e+03  9.98565e-01  1.00028e+00
 1.81706e+03  9.98096e-01  1.00028e+00
 1.81708e+03  9.98587e-01  1.00028e+00
 1.81710e+03  9.98438e-01  1.00028e+00
 1.81712e+03  9.98730e-01  1.00028e+00
 1.81716e+03  9.98461e-01  1.00028e+00
 1.81727e+03  9.99366e-01  1.00029e+00
 1.81735e+03  9.99456e-01  1.00029e+00
 1.81737e+03  9.98985e-01  1.00029e+00
 1.81741e+03  9.99085e-01  1.00029e+00
 1.81745e+03  9.99153e-01  1.00029e+00
 1.81747e+03  9.99267e-01  1.00029e+00
 1.81749e+03  9.99481e-01  1.00029e+00
 1.81752e+03  9.99260e-01  1.00029e+00
 1.81756e+03  9.99980e-01  1.00029e+00
 1.81762e+03  1.00050e+00  1.00029e+00
 1.81768e+03  9.99092e-01  1.00029e+00
 1.81770e+03  1.00000e+00  1.00029e+00
 1.81774e+03  9.98851e-01  1.00029e+00
 1.81779e+03  9.99385e-01  1.00029e+00
 1.81781e+03  9.98747e-01  1.00029e+00
 1.81783e+03  9.99284e-01  1.00029e+00
 1.81787e+03  9.99488e-01  1.00029e+00
 1.81789e+03  9.98442e-01  1.00029e+00
 1.81791e+03  9.99094e-01  1.00029e+00
 1.81793e+03  9.99437e-01  1.00029e+00
 1.81795e+03  9.99409e-01  1.00030e+00
 1.81797e+03  9.99552e-01  1.00030e+00
 1.81799e+03  9.99629e-01  1.00030e+00
 1.81804e+03  9.99967e-01  1.00030e+00
 1.81806e+03  9.99523e-01  1.00030e+00
 1.81808e+03  9.99552e-01  1.00030e+00
 1.81810e+03  9.98557e-01  1.00030e+00
 1.81812e+03  9.99569e-01  1.00030e+00
 1.81814e+03  9.99607e-01  1.00030e+00
 1.81816e+03  1.00003e+00  1.00030e+00
 1.81818e+03  9.99640e-01  1.00030e+00
 1.81820e+03  9.99329e-01  1.00030e+00
 1.81822e+03  1.00030e+00  1.00030e+00
 1.81827e+03  9.99297e-01  1.00030e+00
 1.81829e+03  9.99878e-01  1.00030e+00
 1.81831e+03  1.00003e+00  1.00030e+00
 1.81833e+03  1.00012e+00  1.00030e+00
 1.81835e+03  9.99208e-01  1.00030e+00
 1.81837e+03  1.00055e+00  1.00030e+00
 1.81839e+03  1.00002e+00  1.00030e+00
 1.81843e+03  9.99718e-01  1.00030e+00
 1.81845e+03  1.00095e+00  1.00030e+00
 1.81847e+03  9.99941e-01  1.00030e+00
 1.81849e+03  1.00033e+00  1.00030e+00
 1.81852e+03  1.00019e+00  1.00030e+00
 1.81854e+03  1.00069e+00  1.00030e+00
 1.81856e+03  9.99306e-01  1.00030e+00
 1.81858e+03  1.00017e+00  1.00030e+00
 1.81860e+03  1.00003e+00  1.00030e+00
 1.81862e+03  9.99971e-01  1.00030e+00
 1.81864e+03  9.99934e-01  1.00030e+00
 1.81866e+03  1.00035e+00  1.00030e+00
 1.81868e+03  1.00008e+00  1.00030e+00
 1.81872e+03  1.00096e+00  1.00030e+00
 1.81874e+03  1.00055e+00  1.00031e+00
 1.81877e+03  1.00071e+00  1.00031e+00
 1.81879e+03  1.00009e+00  1.00031e+00
 1.81881e+03  1.00072e+00  1.00031e+00
 1.81883e+03  1.00021e+00  1.00031e+00
 1.81885e+03  1.00039e+00  1.00031e+00
 1.81887e+03  1.00090e+00  1.00031e+00
 1.81889e+03  1.00196e+00  1.00031e+00
 1.81891e+03  1.00136e+00  1.00031e+00
 1.81893e+03  1.00086e+00  1.00031e+00
 1.81895e+03  1.00119e+00  1.00031e+00
 1.81897e+03  1.00074e+00  1.00031e+00
 1.81902e+03  1.00255e+00  1.00031e+00
 1.81904e+03  1.00412e+00  1.00031e+00
 1.81906e+03  1.00350e+00  1.00031e+00
 1.81908e+03  1.00449e+00  1.00031e+00
 1.81910e+03  1.00421e+00  1.00031e+00
 1.81912e+03  1.00475e+00  1.00031e+00
 1.81914e+03  1.00416e+00  1.00031e+00
 1.81916e+03  1.00482e+00  1.00031e+00
 1.81918e+03  1.00482e+00  1.00031e+00
 1.81920e+03  1.00563e+00  1.00031e+00
 1.81922e+03  1.00500e+00  1.00031e+00
 1.81924e+03  1.00462e+00  1.00031e+00
 1.81927e+03  1.00501e+00  1.00031e+00
 1.81929e+03  1.00377e+00  1.00031e+00
 1.81931e+03  1.00397e+00  1.00031e+00
 1.81933e+03  1.00397e+00  1.00031e+00
 1.81935e+03  1.00289e+00  1.00031e+00
 1.81937e+03  1.00295e+00  1.00031e+00
 1.81939e+03  1.00339e+00  1.00031e+00
 1.81941e+03  1.00338e+00  1.00031e+00
 1.81943e+03  1.00183e+00  1.00031e+00
 1.81945e+03  1.00205e+00  1.00031e+00
 1.81947e+03  1.00200e+00  1.00031e+00
 1.81949e+03  1.00149e+00  1.00031e+00
 1.81952e+03  1.00041e+00  1.00031e+00
 1.81954e+03  1.00064e+00  1.00031e+00
 1.81956e+03  1.00073e+00  1.00031e+00
 1.81958e+03  1.00019e+00  1.00032e+00
 1.81960e+03  9.99929e-01  1.00032e+00
 1.81962e+03  9.99995e-01  1.00032e+00
 1.81964e+03  1.00051e+00  1.00032e+00
 1.81966e+03  1.00019e+00  1.00032e+00
 1.81968e+03  1.00028e+00  1.00032e+00
 1.81970e+03  9.99271e-01  1.00032e+00
 1.81972e+03  9.99769e-01  1.00032e+00
 1.81974e+03  1.00063e+00  1.00032e+00
 1.81977e+03  9.99164e-01  1.00032e+00
 1.81979e+03  1.00020e+00  1.00032e+00
 1.81981e+03  1.00010e+00  1.00032e+00
 1.81983e+03  9.99299e-01  1.00032e+00
 1.81985e+03  9.99231e-01  1.00032e+00
 1.81987e+03  1.00009e+00  1.00032e+00
 1.81989e+03  1.00025e+00  1.00032e+00
 1.81991e+03  1.00000e+00  1.00032e+00
 1.81993e+03  9.99355e-01  1.00032e+00
 1.81995e+03  9.99764e-01  1.00032e+00
 1.81997e+03  9.99903e-01  1.00032e+00
 1.81999e+03  9.99687e-01  1.00032e+00
 1.82002e+03  1.00011e+00  1.00032e+00
 1.82004e+03  9.99061e-01  1.00032e+00
 1.82006e+03  9.99832e-01  1.00032e+00
 1.82008e+03  9.99455e-01  1.00032e+00
 1.82010e+03  9.99589e-01  1.00032e+00
 1.82012e+03  9.99412e-01  1.00032e+00
 1.82014e+03  9.98945e-01  1.00032e+00
 1.82016e+03  9.99836e-01  1.00032e+00
 1.82018e+03  9.99743e-01  1.00032e+00
 1.82020e+03  9.98923e-01  1.00032e+00
 1.82022e+03  9.99333e-01  1.00032e+00
 1.82024e+03  9.99399e-01  1.00032e+00
 1.82027e+03  1.00010e+00  1.00032e+00
 1.82029e+03  9.99281e-01  1.00032e+00
 1.82031e+03  9.99528e-01  1.00032e+00
 1.82033e+03  9.99845e-01  1.00032e+00
 1.82035e+03  9.99452e-01  1.00032e+00
 1.82037e+03  9.99891e-01  1.00032e+00
 1.82039e+03  1.00008e+00  1.00032e+00
 1.82041e+03  1.00020e+00  1.00032e+00
 1.82043e+03  9.99999e-01  1.00032e+00
 1.82045e+03  1.00026e+00  1.00033e+00
 1.82047e+03  1.00043e+00  1.00033e+00
 1.82049e+03  9.99445e-01  1.00033e+00
 1.82052e+03  1.00076e+00  1.00033e+00
 1.82054e+03  1.00035e+00  1.00033e+00
 1.82056e+03  1.00138e+00  1.00033e+00
 1.82060e+03  1.00044e+00  1.00033e+00
 1.82062e+03  1.00107e+00  1.00033e+00
 1.82064e+03  9.99715e-01  1.00033e+00
 1.82066e+03  1.00146e+00  1.00033e+00
 1.82068e+03  1.00123e+00  1.00033e+00
 1.82070e+03  1.00092e+00  1.00033e+00
 1.82072e+03  1.00070e+00  1.00033e+00
 1.82074e+03  1.00076e+00  1.00033e+00
 1.82077e+03  1.00055e+00  1.00033e+00
 1.82079e+03  1.00069e+00  1.00033e+00
 1.82081e+03  1.00051e+00  1.00033e+00
 1.82083e+03  1.00084e+00  1.00033e+00
 1.82085e+03  9.99888e-01  1.00033e+00
 1.82087e+03  1.00082e+00  1.00033e+00
 1.82089e+03  1.00040e+00  1.00033e+00
 1.82091e+03  1.00107e+00  1.00033e+00
 1.82093e+03  1.00057e+00  1.00033e+00
 1.82095e+03  1.00069e+00  1.00033e+00
 1.82099e+03  1.00067e+00  1.00033e+00
 1.82106e+03  1.00132e+00  1.00033e+00
 1.82108e+03  1.00025e+00  1.00033e+00
 1.82110e+03  1.00182e+00  1.00033e+00
 1.82116e+03  9.99378e-01  1.00033e+00
 1.82118e+03  9.99814e-01  1.00033e+00
 1.82120e+03  9.98851e-01  1.00033e+00
 1.82124e+03  9.97782e-01  1.00033e+00
 1.82129e+03  9.99503e-01  1.00033e+00
 1.82133e+03  9.99333e-01  1.00033e+00
 1.82135e+03  9.99943e-01  1.00033e+00
 1.82137e+03  9.99144e-01  1.00034e+00
 1.82141e+03  9.99905e-01  1.00034e+00
 1.82143e+03  9.99104e-01  1.00034e+00
 1.82145e+03  9.99793e-01  1.00034e+00
 1.82147e+03  9.98826e-01  1.00034e+00
 1.82152e+03  9.99995e-01  1.00034e+00
 1.82154e+03  9.99416e-01  1.00034e+00
 1.82160e+03  1.00049e+00  1.00034e+00
 1.82162e+03  9.99781e-01  1.00034e+00
 1.82164e+03  9.99811e-01  1.00034e+00
 1.82166e+03  9.99564e-01  1.00034e+00
 1.82172e+03  9.99993e-01  1.00034e+00
 1.82174e+03  9.99537e-01  1.00034e+00
 1.82179e+03  9.99111e-01  1.00034e+00
 1.82181e+03  1.00014e+00  1.00034e+00
 1.82183e+03  1.00015e+00  1.00034e+00
 1.82185e+03  1.00047e+00  1.00034e+00
 1.82187e+03  9.99412e-01  1.00034e+00
 1.82189e+03  1.00084e+00  1.00034e+00
 1.82191e+03  1.00089e+00  1.00034e+00
 1.82193e+03  1.00019e+00  1.00034e+00
 1.82195e+03  1.00017e+00  1.00034e+00
 1.82197e+03  9.99150e-01  1.00034e+00
 1.82199e+03  9.99355e-01  1.00034e+00
 1.82202e+03  9.99373e-01  1.00034e+00
 1.82204e+03  1.00053e+00  1.00034e+00
 1.82206e+03  9.99405e-01  1.00034e+00
 1.82208e+03  1.00048e+00  1.00034e+00
 1.82210e+03  9.99032e-01  1.00034e+00
 1.82212e+03  1.00110e+00  1.00034e+00
 1.82214e+03  1.00005e+00  1.00034e+00
 1.82216e+03  9.99877e-01  1.00034e+00
 1.82218e+03  1.00041e+00  1.00034e+00
 1.82220e+03  9.99861e-01  1.00034e+00
 1.82222e+03  1.00028e+00  1.00034e+00
 1.82224e+03  9.99398e-01  1.00034e+00
 1.82227e+03  1.00075e+00  1.00034e+00
 1.82229e+03  9.99480e-01  1.00034e+00
 1.82231e+03  1.00013e+00  1.00034e+00
 1.82233e+03  9.99294e-01  1.00035e+00
 1.82235e+03  9.99757e-01  1.00035e+00
 1.82237e+03  9.99881e-01  1.00035e+00
 1.82239e+03  9.99501e-01  1.00035e+00
 1.82241e+03  1.00063e+00  1.00035e+00
 1.82243e+03  1.00006e+00  1.00035e+00
 1.82245e+03  1.00073e+00  1.00035e+00
 1.82247e+03  9.99090e-01  1.00035e+00
 1.82249e+03  1.00013e+00  1.00035e+00
 1.82252e+03  9.99327e-01  1.00035e+00
 1.82254e+03  1.00036e+00  1.00035e+00
 1.82256e+03  1.00054e+00  1.00035e+00
 1.82258e+03  1.00011e+00  1.00035e+00
 1.82260e+03  9.99460e-01  1.00035e+00
 1.82262e+03  1.00028e+00  1.00035e+00
 1.82264e+03  9.99701e-01  1.00035e+00
 1.82266e+03  1.00082e+00  1.00035e+00
 1.82268e+03  1.00035e+00  1.00035e+00
 1.82270e+03  9.99889e-01  1.00035e+00
 1.82272e+03  9.99833e-01  1.00035e+00
 1.82274e+03  9.99832e-01  1.00035e+00
 1.82277e+03  9.99915e-01  1.00035e+00
 1.82279e+03  1.00004e+00  1.00035e+00
 1.82281e+03  9.99919e-01  1.00035e+00
 1.82283e+03  1.00011e+00  1.00035e+00
 1.82285e+03  9.99317e-01  1.00035e+00
 1.82287e+03  1.00074e+00  1.00035e+00
 1.82289e+03  9.99467e-01  1.00035e+00
 1.82291e+03  1.00015e+00  1.00035e+00
 1.82293e+03  1.00015e+00  1.00035e+00
 1.82295e+03  1.00064e+00  1.00035e+00
 1.82297e+03  1.00023e+00  1.00035e+00
 1.82299e+03  9.99216e-01  1.00035e+00
 1.82302e+03  1.00090e+00  1.00035e+00
 1.82304e+03  9.99160e-01  1.00035e+00
 1.82306e+03  1.00002e+00  1.00035e+00
 1.82308e+03  9.99752e-01  1.00035e+00
 1.82310e+03  1.00048e+00  1.00035e+00
 1.82312e+03  9.99714e-01  1.00035e+00
 1.82314e+03  9.99880e-01  1.00035e+00
 1.82318e+03  9.99247e-01  1.00035e+00
 1.82320e+03  9.99348e-01  1.00035e+00
 1.82322e+03  9.99352e-01  1.00035e+00
 1.82324e+03  9.98643e-01  1.00035e+00
 1.82327e+03  1.00070e+00  1.00035e+00
 1.82329e+03  9.99513e-01  1.00035e+00
 1.82331e+03  1.00055e+00  1.00035e+00
 1.82333e+03  1.00018e+00  1.00035e+00
 1.82335e+03  1.00036e+00  1.00035e+00
 1.82337e+03  9.99976e-01  1.00036e+00
 1.82339e+03  9.99852e-01  1.00036e+00
 1.82341e+03  9.99898e-01  1.00036e+00
 1.82343e+03  1.00176e+00  1.00036e+00
 1.82345e+03  9.99317e-01  1.00036e+00
 1.82347e+03  1.00146e+00  1.00036e+00
 1.82349e+03  1.00023e+00  1.00036e+00
 1.82352e+03  1.00025e+00  1.00036e+00
 1.82354e+03  1.00081e+00  1.00036e+00
 1.82356e+03  1.00052e+00  1.00036e+00
 1.82358e+03  9.99322e-01  1.00036e+00
 1.82360e+03  9.99313e-01  1.00036e+00
 1.82362e+03  9.99690e-01  1.00036e+00
 1.82364e+03  9.99392e-01  1.00036e+00
 1.82366e+03  9.99139e-01  1.00036e+00
 1.82368e+03  9.99156e-01  1.00036e+00
 1.82370e+03  9.99354e-01  1.00036e+00
 1.82372e+03  1.00064e+00  1.00036e+00
 1.82374e+03  9.99402e-01  1.00036e+00
 1.82377e+03  1.00035e+00  1.00036e+00
 1.82379e+03  1.00033e+00  1.00036e+00
 1.82381e+03  1.00008e+00  1.00036e+00
 1.82383e+03  9.99039e-01  1.00036e+00
 1.82385e+03  9.99557e-01  1.00036e+00
 1.82387e+03  9.98950e-01  1.00036e+00
 1.82389e+03  1.00025e+00  1.00036e+00
 1.82391e+03  9.99272e-01  1.00036e+00
 1.82393e+03  9.99739e-01  1.00036e+00
 1.82395e+03  9.99684e-01  1.00036e+00
 1.82397e+03  1.00018e+00  1.00036e+00
 1.82399e+03  9.99589e-01  1.00036e+00
 1.82402e+03  9.99820e-01  1.00036e+00
 1.82404e+03  1.00056e+00  1.00036e+00
 1.82406e+03  1.00016e+00  1.00036e+00
 1.82408e+03  9.99876e-01  1.00036e+00
 1.82410e+03  9.99930e-01  1.00036e+00
 1.82412e+03  9.99806e-01  1.00036e+00
 1.82414e+03  9.99705e-01  1.00036e+00
 1.82416e+03  1.00055e+00  1.00036e+00
 1.82418e+03  1.00016e+00  1.00036e+00
 1.82420e+03  1.00043e+00  1.00036e+00
 1.82422e+03  1.00094e+00  1.00036e+00
 1.82424e+03  1.00089e+00  1.00036e+00
 1.82427e+03  1.00035e+00  1.00036e+00
 1.82429e+03  1.00070e+00  1.00036e+00
 1.82431e+03  1.00084e+00  1.00036e+00
 1.82433e+03  1.00115e+00  1.00036e+00
 1.82435e+03  1.00089e+00  1.00036e+00
 1.82437e+03  1.00088e+00  1.00036e+00
 1.82439e+03  1.00023e+00  1.00036e+00
 1.82441e+03  1.00121e+00  1.00036e+00
 1.82443e+03  9.99205e-01  1.00036e+00
 1.82445e+03  1.00119e+00  1.00036e+00
 1.82447e+03  1.00136e+00  1.00037e+00
 1.82449e+03  1.00004e+00  1.00037e+00
 1.82452e+03  1.00110e+00  1.00037e+00
 1.82454e+03  1.00111e+00  1.00037e+00
 1.82456e+03  1.00055e+00  1.00037e+00
 1.82458e+03  1.00028e+00  1.00037e+00
 1.82460e+03  9.99839e-01  1.00037e+00
 1.82462e+03  1.00112e+00  1.00037e+00
 1.82464e+03  1.00001e+00  1.00037e+00
 1.82466e+03  1.00125e+00  1.00037e+00
 1.82468e+03  1.00005e+00  1.00037e+00
 1.82470e+03  1.00175e+00  1.00037e+00
 1.82472e+03  1.00075e+00  1.00037e+00
 1.82474e+03  1.00120e+00  1.00037e+00
 1.82477e+03  1.00255e+00  1.00037e+00
 1.82479e+03  1.00180e+00  1.00037e+00
 1.82481e+03  1.00416e+00  1.00037e+00
 1.82483e+03  1.00223e+00  1.00037e+00
 1.82485e+03  1.00313e+00  1.00037e+00
 1.82487e+03  1.00434e+00  1.00037e+00
 1.82489e+03  1.00393e+00  1.00037e+00
 1.82491e+03  1.00548e+00  1.00037e+00
 1.82493e+03  1.00437e+00  1.00037e+00
 1.82495e+03  1.00595e+00  1.00037e+00
 1.82497e+03  1.00582e+00  1.00037e+00
 1.82499e+03  1.00592e+00  1.00037e+00
 1.82502e+03  1.00640e+00  1.00037e+00
 1.82504e+03  1.00463e+00  1.00037e+00
 1.82506e+03  1.00552e+00  1.00037e+00
 1.82508e+03  1.00445e+00  1.00037e+00
 1.82510e+03  1.00362e+00  1.00037e+00
 1.82512e+03  1.00364e+00  1.00037e+00
 1.82514e+03  1.00302e+00  1.00037e+00
 1.82516e+03  1.00435e+00  1.00037e+00
 1.82518e+03  1.00332e+00  1.00037e+00
 1.82520e+03  1.00322e+00  1.00037e+00
 1.82522e+03  1.00188e+00  1.00037e+00
 1.82524e+03  1.00182e+00  1.00037e+00
 1.82527e+03  1.00287e+00  1.00037e+00
 1.82529e+03  1.00142e+00  1.00037e+00
 1.82531e+03  1.00271e+00  1.00037e+00
 1.82533e+03  1.00194e+00  1.00037e+00
 1.82535e+03  1.00094e+00  1.00037e+00
 1.82537e+03  1.00236e+00  1.00037e+00
 1.82539e+03  9.99831e-01  1.00037e+00
 1.82541e+03  1.00003e+00  1.00037e+00
 1.82543e+03  1.00050e+00  1.00037e+00
 1.82545e+03  1.00014e+00  1.00037e+00
 1.82547e+03  1.00158e+00  1.00037e+00
 1.82549e+03  1.00017e+00  1.00037e+00
 1.82552e+03  1.00158e+00  1.00037e+00
 1.82554e+03  9.99561e-01  1.00037e+00
 1.82556e+03  1.00098e+00  1.00037e+00
 1.82558e+03  1.00010e+00  1.00037e+00
 1.82560e+03  9.99725e-01  1.00037e+00
 1.82562e+03  1.00117e+00  1.00037e+00
 1.82564e+03  9.99948e-01  1.00038e+00
 1.82566e+03  1.00093e+00  1.00038e+00
 1.82568e+03  9.99686e-01  1.00038e+00
 1.82570e+03  1.00277e+00  1.00038e+00
 1.82572e+03  1.00072e+00  1.00038e+00
 1.82574e+03  1.00059e+00  1.00038e+00
 1.82577e+03  1.00214e+00  1.00038e+00
 1.82579e+03  1.00027e+00  1.00038e+00
 1.82581e+03  1.00039e+00  1.00038e+00
 1.82583e+03  9.99927e-01  1.00038e+00
 1.82585e+03  9.99719e-01  1.00038e+00
 1.82587e+03  1.00109e+00  1.00038e+00
 1.82589e+03  9.99705e-01  1.00038e+00
 1.82591e+03  1.00177e+00  1.00038e+00
 1.82593e+03  1.00006e+00  1.00038e+00
 1.82595e+03  1.00111e+00  1.00038e+00
 1.82597e+03  1.00074e+00  1.00038e+00
 1.82599e+03  1.00076e+00  1.00038e+00
 1.82602e+03  1.00126e+00  1.00038e+00
 1.82604e+03  1.00144e+00  1.00038e+00
 1.82606e+03  1.00042e+00  1.00038e+00
 1.82608e+03  1.00258e+00  1.00038e+00
 1.82610e+03  1.00118e+00  1.00038e+00
 1.82612e+03  1.00112e+00  1.00038e+00
 1.82616e+03  1.00006e+00  1.00038e+00
 1.82618e+03  9.99171e-01  1.00038e+00
 1.82620e+03  9.99837e-01  1.00038e+00
 1.82622e+03  9.99586e-01  1.00038e+00
 1.82624e+03  9.99576e-01  1.00038e+00
 1.82627e+03  9.99466e-01  1.00038e+00
 1.82629e+03  9.99804e-01  1.00038e+00
 1.82631e+03  9.99051e-01  1.00038e+00
 1.82635e+03  1.00006e+00  1.00038e+00
 1.82637e+03  9.99371e-01  1.00038e+00
 1.82639e+03  9.99424e-01  1.00038e+00
 1.82641e+03  9.99527e-01  1.00038e+00
 1.82643e+03  9.99932e-01  1.00038e+00
 1.82645e+03  1.00051e+00  1.00038e+00
 1.82647e+03  9.99845e-01  1.00038e+00
 1.82649e+03  9.99443e-01  1.00038e+00
 1.82652e+03  1.00011e+00  1.00038e+00
 1.82654e+03  1.00026e+00  1.00038e+00
 1.82656e+03  9.99488e-01  1.00038e+00
 1.82658e+03  9.99764e-01  1.00038e+00
 1.82660e+03  1.00077e+00  1.00038e+00
 1.82662e+03  9.99958e-01  1.00038e+00
 1.82664e+03  9.99504e-01  1.00038e+00
 1.82666e+03  9.99493e-01  1.00038e+00
 1.82670e+03  9.99828e-01  1.00038e+00
 1.82672e+03  9.98731e-01  1.00038e+00
 1.82674e+03  9.99560e-01  1.00038e+00
 1.82677e+03  9.98943e-01  1.00038e+00
 1.82679e+03  9.99231e-01  1.00038e+00
 1.82681e+03  9.99382e-01  1.00038e+00
 1.82683e+03  9.99730e-01  1.00038e+00
 1.82685e+03  9.99423e-01  1.00038e+00
 1.82687e+03  9.99766e-01  1.00038e+00
 1.82689e+03  9.99892e-01  1.00038e+00
 1.82691e+03  9.99307e-01  1.00039e+00
 1.82693e+03  9.99608e-01  1.00039e+00
 1.82697e+03  9.99408e-01  1.00039e+00
 1.82699e+03  1.00066e+00  1.00039e+00
 1.82702e+03  9.99425e-01  1.00039e+00
 1.82704e+03  1.00008e+00  1.00039e+00
 1.82706e+03  9.99692e-01  1.00039e+00
 1.82708e+03  9.98844e-01  1.00039e+00
 1.82714e+03  9.99883e-01  1.00039e+00
 1.82716e+03  9.99459e-01  1.00039e+00
 1.82718e+03  1.00011e+00  1.00039e+00
 1.82720e+03  1.00120e+00  1.00039e+00
 1.82722e+03  9.99984e-01  1.00039e+00
 1.82724e+03  1.00058e+00  1.00039e+00
 1.82727e+03  1.00008e+00  1.00039e+00
 1.82729e+03  9.99680e-01  1.00039e+00
 1.82731e+03  1.00050e+00  1.00039e+00
 1.82733e+03  9.99243e-01  1.00039e+00
 1.82735e+03  1.00001e+00  1.00039e+00
 1.82737e+03  9.99590e-01  1.00039e+00
 1.82739e+03  1.00036e+00  1.00039e+00
 1.82741e+03  1.00003e+00  1.00039e+00
 1.82743e+03  1.00010e+00  1.00039e+00
 1.82745e+03  1.00081e+00  1.00039e+00
 1.82747e+03  1.00276e+00  1.00039e+00
 1.82749e+03  1.00069e+00  1.00039e+00
 1.82752e+03  1.00053e+00  1.00039e+00
 1.82754e+03  9.99811e-01  1.00039e+00
 1.82756e+03  1.00017e+00  1.00039e+00
 1.82758e+03  9.99637e-01  1.00039e+00
 1.82760e+03  1.00015e+00  1.00039e+00
 1.82762e+03  9.99889e-01  1.00039e+00
 1.82764e+03  9.99831e-01  1.00039e+00
 1.82766e+03  9.99829e-01  1.00039e+00
 1.82768e+03  9.99776e-01  1.00039e+00
 1.82770e+03  9.99872e-01  1.00039e+00
 1.82772e+03  9.99989e-01  1.00039e+00
 1.82774e+03  1.00165e+00  1.00039e+00
 1.82777e+03  1.00022e+00  1.00039e+00
 1.82779e+03  1.00016e+00  1.00039e+00
 1.82781e+03  1.00077e+00  1.00039e+00
 1.82783e+03  9.99959e-01  1.00039e+00
 1.82787e+03  1.00138e+00  1.00039e+00
 1.82789e+03  1.00109e+00  1.00039e+00
 1.82791e+03  1.00085e+00  1.00039e+00
 1.82793e+03  1.00063e+00  1.00039e+00
 1.82795e+03  1.00162e+00  1.00039e+00
 1.82797e+03  1.00178e+00  1.00039e+00
 1.82995e+03  9.95071e-01  1.00041e+00
 1.82999e+03  9.95976e-01  1.00041e+00
 1.83002e+03  9.96552e-01  1.00041e+00
 1.83006e+03  9.95955e-01  1.00041e+00
 1.83008e+03  9.96566e-01  1.00041e+00
 1.83010e+03  9.96735e-01  1.00041e+00
 1.83012e+03  9.96723e-01  1.00041e+00
 1.83014e+03  9.97836e-01  1.00041e+00
 1.83018e+03  9.96989e-01  1.00041e+00
 1.83020e+03  9.97004e-01  1.00041e+00
 1.83022e+03  9.97380e-01  1.00041e+00
 1.83024e+03  9.97672e-01  1.00041e+00
 1.83027e+03  9.98356e-01  1.00041e+00
 1.83029e+03  9.96867e-01  1.00041e+00
 1.83031e+03  9.97150e-01  1.00041e+00
 1.83033e+03  9.97232e-01  1.00041e+00
 1.83035e+03  9.97856e-01  1.00041e+00
 1.83037e+03  9.98428e-01  1.00041e+00
 1.83039e+03  9.97736e-01  1.00041e+00
 1.83041e+03  9.98673e-01  1.00041e+00
 1.83043e+03  9.97944e-01  1.00041e+00
 1.83045e+03  9.98867e-01  1.00041e+00
 1.83047e+03  9.98315e-01  1.00041e+00
 1.83049e+03  9.98572e-01  1.00041e+00
 1.83052e+03  9.98716e-01  1.00041e+00
 1.83054e+03  9.99264e-01  1.00041e+00
 1.83056e+03  9.99534e-01  1.00041e+00
 1.83058e+03  9.99997e-01  1.00041e+00
 1.83060e+03  1.00111e+00  1.00041e+00
 1.83062e+03  1.00111e+00  1.00041e+00
 1.83064e+03  1.00435e+00  1.00041e+00
 1.83066e+03  1.00160e+00  1.00041e+00
 1.83068e+03  1.00296e+00  1.00041e+00
 1.83070e+03  1.00193e+00  1.00041e+00
 1.83072e+03  1.00225e+00  1.00041e+00
 1.83074e+03  1.00285e+00  1.00041e+00
 1.83077e+03  1.00329e+00  1.00041e+00
 1.83079e+03  1.00356e+00  1.00041e+00
 1.83081e+03  1.00364e+00  1.00041e+00
 1.83083e+03  1.00535e+00  1.00041e+00
 1.83085e+03  1.00576e+00  1.00041e+00
 1.83087e+03  1.00245e+00  1.00041e+00
 1.83089e+03  1.00449e+00  1.00041e+00
 1.83091e+03  1.00453e+00  1.00041e+00
 1.83093e+03  1.00424e+00  1.00041e+00
 1.83095e+03  1.00217e+00  1.00041e+00
 1.83097e+03  1.00337e+00  1.00041e+00
 1.83099e+03  1.00356e+00  1.00041e+00
 1.83102e+03  1.00353e+00  1.00041e+00
 1.83104e+03  1.00284e+00  1.00041e+00
 1.83106e+03  1.00277e+00  1.00041e+00
 1.83108e+03  1.00195e+00  1.00041e+00
 1.83110e+03  1.00219e+00  1.00041e+00
 1.83112e+03  9.98922e-01  1.00041e+00
 1.83118e+03  1.00115e+00  1.00041e+00
 1.83120e+03  1.00065e+00  1.00041e+00
 1.83122e+03  1.00109e+00  1.00041e+00
 1.83129e+03  9.98755e-01  1.00041e+00
 1.83131e+03  1.00085e+00  1.00041e+00
 1.83133e+03  9.97590e-01  1.00042e+00
 1.83135e+03  9.99458e-01  1.00042e+00
 1.83137e+03  1.00022e+00  1.00042e+00
 1.83139e+03  9.99912e-01  1.00042e+00
 1.83145e+03  1.00040e+00  1.00042e+00
 1.83149e+03  9.99561e-01  1.00042e+00
 1.83152e+03  9.99349e-01  1.00042e+00
 1.83154e+03  1.00073e+00  1.00042e+00
 1.83156e+03  9.98953e-01  1.00042e+00
 1.83160e+03  9.99986e-01  1.00042e+00
 1.83162e+03  9.99145e-01  1.00042e+00
 1.83166e+03  9.99962e-01  1.00042e+00
 1.83170e+03  1.00062e+00  1.00042e+00
 1.83172e+03  1.00005e+00  1.00042e+00
 1.83174e+03  9.98953e-01  1.00042e+00
 1.83177e+03  1.00037e+00  1.00042e+00
 1.83179e+03  9.98893e-01  1.00042e+00
 1.83183e+03  9.99544e-01  1.00042e+00
 1.83185e+03  9.98048e-01  1.00042e+00
 1.83187e+03  9.99612e-01  1.00042e+00
 1.83189e+03  9.99406e-01  1.00042e+00
 1.83191e+03  1.00036e+00  1.00042e+00
 1.83193e+03  9.99839e-01  1.00042e+00
 1.83195e+03  1.00004e+00  1.00042e+00
 1.83197e+03  9.99842e-01  1.00042e+00
 1.83199e+03  9.99351e-01  1.00042e+00
 1.83202e+03  9.99675e-01  1.00042e+00
 1.83204e+03  9.99562e-01  1.00042e+00
 1.83206e+03  1.00059e+00  1.00042e+00
 1.83208e+03  9.99747e-01  1.00042e+00
 1.83210e+03  1.00030e+00  1.00042e+00
 1.83212e+03  1.00033e+00  1.00042e+00
 1.83214e+03  9.99790e-01  1.00042e+00
 1.83216e+03  9.99779e-01  1.00042e+00
 1.83218e+03  1.00084e+00  1.00042e+00
 1.83220e+03  9.99686e-01  1.00042e+00
 1.83222e+03  9.99607e-01  1.00042e+00
 1.83224e+03  9.99037e-01  1.00042e+00
 1.83227e+03  9.99617e-01  1.00042e+00
 1.83229e+03  9.99571e-01  1.00042e+00
 1.83231e+03  9.99529e-01  1.00042e+00
 1.83233e+03  9.99605e-01  1.00042e+00
 1.83235e+03  9.99836e-01  1.00042e+00
 1.83237e+03  9.99479e-01  1.00042e+00
 1.83239e+03  9.99440e-01  1.00042e+00
 1.83241e+03  1.00021e+00  1.00042e+00
 1.83243e+03  9.99238e-01  1.00042e+00
 1.83245e+03  9.99152e-01  1.00042e+00
 1.83247e+03  1.00054e+00  1.00042e+00
 1.83249e+03  9.99514e-01  1.00042e+00
 1.83252e+03  9.99515e-01  1.00042e+00
 1.83254e+03  9.99830e-01  1.00042e+00
 1.83256e+03  1.00034e+00  1.00042e+00
 1.83258e+03  9.98798e-01  1.00042e+00
 1.83260e+03  9.99089e-01  1.00042e+00
 1.83262e+03  9.98956e-01  1.00042e+00
 1.83264e+03  9.99324e-01  1.00042e+00
 1.83266e+03  9.99452e-01  1.00042e+00
 1.83268e+03  9.99315e-01  1.00042e+00
 1.83270e+03  9.99382e-01  1.00042e+00
 1.83272e+03  9.99375e-01  1.00042e+00
 1.83274e+03  9.98675e-01  1.00042e+00
 1.83277e+03  9.99620e-01  1.00042e+00
 1.83279e+03  1.00050e+00  1.00042e+00
 1.83281e+03  9.99982e-01  1.00042e+00
 1.83283e+03  9.99929e-01  1.00042e+00
 1.83285e+03  9.99815e-01  1.00042e+00
 1.83287e+03  9.99397e-01  1.00042e+00
 1.83289e+03  9.99755e-01  1.00042e+00
 1.83291e+03  9.99560e-01  1.00042e+00
 1.83293e+03  9.99034e-01  1.00042e+00
 1.83295e+03  1.00022e+00  1.00042e+00
 1.83297e+03  1.00059e+00  1.00042e+00
 1.83299e+03  9.99928e-01  1.00042e+00
 1.83302e+03  9.99546e-01  1.00042e+00
 1.83304e+03  1.00007e+00  1.00042e+00
 1.83306e+03  9.99556e-01  1.00043e+00
 1.83308e+03  9.99727e-01  1.00043e+00
 1.83310e+03  9.99514e-01  1.00043e+00
 1.83312e+03  9.98785e-01  1.00043e+00
 1.83314e+03  9.99897e-01  1.00043e+00
 1.83316e+03  9.98919e-01  1.00043e+00
 1.83318e+03  9.99971e-01  1.00043e+00
 1.83320e+03  9.99880e-01  1.00043e+00
 1.83322e+03  9.99821e-01  1.00043e+00
 1.83324e+03  9.99948e-01  1.00043e+00
 1.83327e+03  1.00012e+00  1.00043e+00
 1.83329e+03  1.00047e+00  1.00043e+00
 1.83331e+03  1.00002e+00  1.00043e+00
 1.83333e+03  9.99473e-01  1.00043e+00
 1.83335e+03  1.00072e+00  1.00043e+00
 1.83337e+03  9.99752e-01  1.00043e+00
 1.83339e+03  9.99675e-01  1.00043e+00
 1.83341e+03  9.99178e-01  1.00043e+00
 1.83343e+03  1.00002e+00  1.00043e+00
 1.83345e+03  1.00032e+00  1.00043e+00
 1.83347e+03  9.99635e-01  1.00043e+00
 1.83349e+03  1.00050e+00  1.00043e+00
 1.83352e+03  1.00091e+00  1.00043e+00
 1.83354e+03  9.99841e-01  1.00043e+00
 1.83356e+03  1.00042e+00  1.00043e+00
 1.83358e+03  1.00042e+00  1.00043e+00
 1.83360e+03  1.00015e+00  1.00043e+00
 1.83362e+03  1.00029e+00  1.00043e+00
 1.83364e+03  9.99910e-01  1.00043e+00
 1.83366e+03  9.99779e-01  1.00043e+00
 1.83368e+03  9.99372e-01  1.00043e+00
 1.83370e+03  9.99798e-01  1.00043e+00
 1.83372e+03  1.00087e+00  1.00043e+00
 1.83374e+03  1.00061e+00  1.00043e+00
 1.83377e+03  9.99986e-01  1.00043e+00
 1.83379e+03  9.99846e-01  1.00043e+00
 1.83381e+03  1.00045e+00  1.00043e+00
 1.83383e+03  1.00001e+00  1.00043e+00
 1.83385e+03  1.00072e+00  1.00043e+00
 1.83387e+03  1.00038e+00  1.00043e+00
 1.83389e+03  9.99848e-01  1.00043e+00
 1.83391e+03  9.99857e-01  1.00043e+00
 1.83393e+03  1.00032e+00  1.00043e+00
 1.83395e+03  1.00008e+00  1.00043e+00
 1.83397e+03  1.00050e+00  1.00043e+00
 1.83399e+03  1.00063e+00  1.00043e+00
 1.83402e+03  1.00049e+00  1.00043e+00
 1.83404e+03  1.00009e+00  1.00043e+00
 1.83406e+03  9.99568e-01  1.00043e+00
 1.83408e+03  9.99532e-01  1.00043e+00
 1.83410e+03  1.00023e+00  1.00043e+00
 1.83412e+03  1.00005e+00  1.00043e+00
 1.83414e+03  9.99254e-01  1.00043e+00
 1.83416e+03  1.00063e+00  1.00043e+00
 1.83418e+03  1.00075e+00  1.00043e+00
 1.83420e+03  1.00052e+00  1.00043e+00
 1.83422e+03  9.99344e-01  1.00043e+00
 1.83424e+03  9.99426e-01  1.00043e+00
 1.83429e+03  1.00014e+00  1.00043e+00
 1.83431e+03  9.99183e-01  1.00043e+00
 1.83433e+03  9.99922e-01  1.00043e+00
 1.83435e+03  1.00030e+00  1.00043e+00
 1.83437e+03  9.98753e-01  1.00043e+00
 1.83439e+03  1.00028e+00  1.00043e+00
 1.83441e+03  1.00057e+00  1.00043e+00
 1.83443e+03  1.00005e+00  1.00043e+00
 1.83445e+03  9.99834e-01  1.00043e+00
 1.83447e+03  1.00076e+00  1.00043e+00
 1.83449e+03  9.99918e-01  1.00043e+00
 1.83452e+03  1.00064e+00  1.00043e+00
 1.83454e+03  9.99659e-01  1.00043e+00
 1.83456e+03  9.99559e-01  1.00043e+00
 1.83458e+03  1.00035e+00  1.00043e+00
 1.83460e+03  9.99171e-01  1.00043e+00
 1.83462e+03  1.00001e+00  1.00043e+00
 1.83464e+03  9.99904e-01  1.00043e+00
 1.83466e+03  1.00085e+00  1.00043e+00
 1.83468e+03  9.99969e-01  1.00043e+00
 1.83470e+03  1.00015e+00  1.00043e+00
 1.83472e+03  1.00013e+00  1.00043e+00
 1.83474e+03  9.99584e-01  1.00043e+00
 1.83477e+03  1.00045e+00  1.00043e+00
 1.83479e+03  9.99922e-01  1.00043e+00
 1.83481e+03  1.00031e+00  1.00043e+00
 1.83483e+03  1.00060e+00  1.00043e+00
 1.83485e+03  1.00131e+00  1.00043e+00
 1.83487e+03  1.00183e+00  1.00043e+00
 1.83489e+03  1.00010e+00  1.00043e+00
 1.83491e+03  1.00076e+00  1.00043e+00
 1.83493e+03  1.00071e+00  1.00043e+00
 1.83495e+03  9.99585e-01  1.00043e+00
 1.83497e+03  9.99906e-01  1.00044e+00
 1.83499e+03  1.00057e+00  1.00044e+00
 1.83502e+03  9.99536e-01  1.00044e+00
 1.83504e+03  9.99956e-01  1.00044e+00
 1.83508e+03  1.00001e+00  1.00044e+00
 1.83510e+03  9.99864e-01  1.00044e+00
 1.83512e+03  1.00112e+00  1.00044e+00
 1.83514e+03  1.00020e+00  1.00044e+00
 1.83516e+03  1.00056e+00  1.00044e+00
 1.83518e+03  1.00083e+00  1.00044e+00
 1.83520e+03  9.99029e-01  1.00044e+00
 1.83522e+03  1.00044e+00  1.00044e+00
 1.83524e+03  9.99806e-01  1.00044e+00
 1.83527e+03  1.00031e+00  1.00044e+00
 1.83529e+03  9.99547e-01  1.00044e+00
 1.83531e+03  9.99775e-01  1.00044e+00
 1.83533e+03  1.00014e+00  1.00044e+00
 1.83535e+03  1.00020e+00  1.00044e+00
 1.83537e+03  9.99767e-01  1.00044e+00
 1.83539e+03  1.00001e+00  1.00044e+00
 1.83541e+03  1.00046e+00  1.00044e+00
 1.83543e+03  9.99586e-01  1.00044e+00
 1.83545e+03  9.99688e-01  1.00044e+00
 1.83547e+03  1.00104e+00  1.00044e+00
 1.83549e+03  1.00039e+00  1.00044e+00
 1.83552e+03  1.00057e+00  1.00044e+00
 1.83554e+03  1.00017e+00  1.00044e+00
 1.83556e+03  9.99778e-01  1.00044e+00
 1.83566e+03  9.99951e-01  1.00044e+00
 1.83568e+03  1.00017e+00  1.00044e+00
 1.83570e+03  1.00115e+00  1.00044e+00
 1.83574e+03  9.99550e-01  1.00044e+00
 1.83577e+03  9.99147e-01  1.00044e+00
 1.83579e+03  9.99933e-01  1.00044e+00
 1.83581e+03  1.00102e+00  1.00044e+00
 1.83585e+03  1.00058e+00  1.00044e+00
 1.83587e+03  1.00024e+00  1.00044e+00
 1.83589e+03  1.00129e+00  1.00044e+00
 1.83591e+03  1.00068e+00  1.00044e+00
 1.83593e+03  1.00110e+00  1.00044e+00
 1.83597e+03  1.00130e+00  1.00044e+00
 1.83599e+03  1.00061e+00  1.00044e+00
 1.83602e+03  1.00035e+00  1.00044e+00
 1.83604e+03  9.99907e-01  1.00044e+00
 1.83606e+03  1.00098e+00  1.00044e+00
 1.83608e+03  1.00100e+00  1.00044e+00
 1.83610e+03  1.00073e+00  1.00044e+00
 1.83614e+03  1.00036e+00  1.00044e+00
 1.83616e+03  1.00071e+00  1.00044e+00
 1.83618e+03  1.00090e+00  1.00044e+00
 1.83620e+03  1.00139e+00  1.00044e+00
 1.83622e+03  1.00071e+00  1.00044e+00
 1.83624e+03  1.00147e+00  1.00044e+00
 1.83631e+03  1.00134e+00  1.00044e+00
 1.83633e+03  1.00169e+00  1.00044e+00
 1.83635e+03  1.00255e+00  1.00044e+00
 1.83637e+03  1.00221e+00  1.00044e+00
 1.83639e+03  1.00343e+00  1.00044e+00
 1.83641e+03  1.00399e+00  1.00044e+00
 1.83643e+03  1.00406e+00  1.00044e+00
 1.83645e+03  1.00447e+00  1.00044e+00
 1.83647e+03  1.00414e+00  1.00044e+00
 1.83649e+03  1.00486e+00  1.00044e+00
 1.83654e+03  1.00539e+00  1.00044e+00
 1.83656e+03  1.00584e+00  1.00044e+00
 1.83658e+03  1.00618e+00  1.00044e+00
 1.83660e+03  1.00628e+00  1.00044e+00
 1.83662e+03  1.00641e+00  1.00044e+00
 1.83664e+03  1.00535e+00  1.00044e+00
 1.83666e+03  1.00508e+00  1.00044e+00
 1.83668e+03  1.00413e+00  1.00044e+00
 1.83670e+03  1.00496e+00  1.00044e+00
 1.83672e+03  1.00474e+00  1.00044e+00
 1.83674e+03  1.00396e+00  1.00044e+00
 1.83677e+03  1.00347e+00  1.00044e+00
 1.83679e+03  1.00275e+00  1.00044e+00
 1.83681e+03  1.00335e+00  1.00044e+00
 1.83683e+03  1.00290e+00  1.00044e+00
 1.83685e+03  1.00217e+00  1.00044e+00
 1.83687e+03  1.00226e+00  1.00044e+00
 1.83689e+03  1.00130e+00  1.00044e+00
 1.83691e+03  1.00099e+00  1.00044e+00
 1.83693e+03  1.00117e+00  1.00044e+00
 1.83695e+03  1.00094e+00  1.00044e+00
 1.83697e+03  1.00181e+00  1.00044e+00
 1.83699e+03  1.00123e+00  1.00044e+00
 1.83702e+03  1.00029e+00  1.00044e+00
 1.83704e+03  1.00050e+00  1.00044e+00
 1.83706e+03  1.00050e+00  1.00044e+00
 1.83708e+03  1.00067e+00  1.00045e+00
 1.83710e+03  1.00125e+00  1.00045e+00
 1.83712e+03  1.00071e+00  1.00045e+00
 1.83714e+03  1.00019e+00  1.00045e+00
 1.83716e+03  1.00031e+00  1.00045e+00
 1.83718e+03  1.00024e+00  1.00045e+00
 1.83720e+03  9.99166e-01  1.00045e+00
 1.83722e+03  9.99906e-01  1.00045e+00
 1.83724e+03  9.99774e-01  1.00045e+00
 1.83727e+03  1.00074e+00  1.00045e+00
 1.83729e+03  1.00079e+00  1.00045e+00
 1.83731e+03  9.99947e-01  1.00045e+00
 1.83733e+03  1.00024e+00  1.00045e+00
 1.83735e+03  9.99620e-01  1.00045e+00
 1.83737e+03  9.99631e-01  1.00045e+00
 1.83739e+03  9.99565e-01  1.00045e+00
 1.83741e+03  9.99601e-01  1.00045e+00
 1.83743e+03  1.00018e+00  1.00045e+00
 1.83745e+03  1.00038e+00  1.00045e+00
 1.83747e+03  9.99834e-01  1.00045e+00
 1.83749e+03  9.99895e-01  1.00045e+00
 1.83752e+03  9.99023e-01  1.00045e+00
 1.83754e+03  9.99835e-01  1.00045e+00
 1.83756e+03  9.99815e-01  1.00045e+00
 1.83758e+03  9.99925e-01  1.00045e+00
 1.83760e+03  9.99922e-01  1.00045e+00
 1.83762e+03  9.99501e-01  1.00045e+00
 1.83764e+03  9.99702e-01  1.00045e+00
 1.83766e+03  1.00006e+00  1.00045e+00
 1.83768e+03  1.00013e+00  1.00045e+00
 1.83770e+03  9.99787e-01  1.00045e+00
 1.83772e+03  9.99728e-01  1.00045e+00
 1.83774e+03  9.99828e-01  1.00045e+00
 1.83777e+03  9.99830e-01  1.00045e+00
 1.83779e+03  9.99683e-01  1.00045e+00
 1.83781e+03  9.99890e-01  1.00045e+00
 1.83783e+03  9.99955e-01  1.00045e+00
 1.83785e+03  1.00005e+00  1.00045e+00
 1.83787e+03  9.99636e-01  1.00045e+00
 1.83789e+03  1.00037e+00  1.00045e+00
 1.83791e+03  1.00032e+00  1.00045e+00
 1.83793e+03  1.00006e+00  1.00045e+00
 1.83795e+03  9.99595e-01  1.00045e+00
 1.83797e+03  9.99711e-01  1.00045e+00
 1.83799e+03  1.00074e+00  1.00045e+00
 1.83802e+03  9.99889e-01  1.00045e+00
 1.83804e+03  9.99818e-01  1.00045e+00
 1.83806e+03  9.99837e-01  1.00045e+00
 1.83808e+03  9.99890e-01  1.00045e+00
 1.83810e+03  9.99870e-01  1.00045e+00
 1.83812e+03  1.00004e+00  1.00045e+00
 1.83814e+03  1.00001e+00  1.00045e+00
 1.83816e+03  1.00019e+00  1.00045e+00
 1.83818e+03  9.99430e-01  1.00045e+00
 1.83820e+03  1.00035e+00  1.00045e+00
 1.83822e+03  9.99746e-01  1.00045e+00
 1.83824e+03  9.99591e-01  1.00045e+00
 1.83827e+03  9.99419e-01  1.00045e+00
 1.83829e+03  9.99568e-01  1.00045e+00
 1.83831e+03  9.99628e-01  1.00045e+00
 1.83833e+03  9.99647e-01  1.00045e+00
 1.83835e+03  9.99655e-01  1.00045e+00
 1.83837e+03  9.99615e-01  1.00045e+00
 1.83839e+03  9.99221e-01  1.00045e+00
 1.83841e+03  9.99379e-01  1.00045e+00
 1.83843e+03  9.99372e-01  1.00045e+00
 1.83845e+03  9.99949e-01  1.00045e+00
 1.83847e+03  9.99246e-01  1.00045e+00
 1.83849e+03  9.99443e-01  1.00045e+00
 1.83852e+03  1.00050e+00  1.00045e+00
 1.83854e+03  1.00000e+00  1.00045e+00
 1.83856e+03  9.99650e-01  1.00045e+00
 1.83858e+03  9.99127e-01  1.00045e+00
 1.83860e+03  1.00086e+00  1.00045e+00
 1.83862e+03  9.99515e-01  1.00045e+00
 1.83864e+03  1.00088e+00  1.00045e+00
 1.83866e+03  9.99623e-01  1.00045e+00
 1.83868e+03  9.99544e-01  1.00045e+00
 1.83870e+03  1.00112e+00  1.00045e+00
 1.83877e+03  9.99133e-01  1.00045e+00
 1.83879e+03  9.99761e-01  1.00045e+00
 1.83881e+03  1.00021e+00  1.00045e+00
 1.83883e+03  9.99643e-01  1.00045e+00
 1.83885e+03  9.99707e-01  1.00045e+00
 1.83887e+03  9.99772e-01  1.00045e+00
 1.83891e+03  1.00012e+00  1.00045e+00
 1.83893e+03  1.00063e+00  1.00045e+00
 1.83895e+03  1.00015e+00  1.00045e+00
 1.83897e+03  1.00120e+00  1.00045e+00
 1.83899e+03  9.99605e-01  1.00045e+00
 1.83902e+03  1.00057e+00  1.00045e+00
 1.83904e+03  9.99788e-01  1.00045e+00
 1.83906e+03  1.00106e+00  1.00045e+00
 1.83908e+03  9.99903e-01  1.00045e+00
 1.83910e+03  1.00070e+00  1.00045e+00
 1.83912e+03  9.99207e-01  1.00045e+00
 1.83914e+03  1.00122e+00  1.00045e+00
 1.83916e+03  1.00004e+00  1.00045e+00
 1.83918e+03  1.00000e+00  1.00045e+00
 1.83920e+03  1.00022e+00  1.00045e+00
 1.83922e+03  1.00058e+00  1.00045e+00
 1.83924e+03  1.00083e+00  1.00045e+00
 1.83927e+03  1.00032e+00  1.00045e+00
 1.83929e+03  1.00067e+00  1.00045e+00
 1.83931e+03  1.00050e+00  1.00045e+00
 1.83933e+03  1.00163e+00  1.00045e+00
 1.83935e+03  1.00061e+00  1.00045e+00
 1.83937e+03  1.00054e+00  1.00045e+00
 1.83941e+03  1.00104e+00  1.00045e+00
 1.83943e+03  1.00027e+00  1.00045e+00
 1.83945e+03  1.00111e+00  1.00046e+00
 1.83947e+03  1.00082e+00  1.00046e+00
 1.83949e+03  1.00024e+00  1.00046e+00
 1.83954e+03  1.00124e+00  1.00046e+00
 1.83956e+03  1.00107e+00  1.00046e+00
 1.83960e+03  1.00081e+00  1.00046e+00
 1.83962e+03  1.00040e+00  1.00046e+00
 1.83964e+03  1.00021e+00  1.00046e+00
 1.83966e+03  1.00194e+00  1.00046e+00
 1.83968e+03  1.00027e+00  1.00046e+00
 1.83972e+03  1.00113e+00  1.00046e+00
 1.83974e+03  1.00068e+00  1.00046e+00
 1.83985e+03  9.99985e-01  1.00046e+00
 1.83987e+03  1.00035e+00  1.00046e+00
 1.83993e+03  1.00107e+00  1.00046e+00
 1.83995e+03  1.00126e+00  1.00046e+00
 1.83997e+03  1.00083e+00  1.00046e+00
 1.84002e+03  1.00114e+00  1.00046e+00
 1.84004e+03  1.00054e+00  1.00046e+00
 1.84006e+03  1.00028e+00  1.00046e+00
 1.84010e+03  1.00173e+00  1.00046e+00
 1.84012e+03  1.00121e+00  1.00046e+00
 1.84014e+03  1.00125e+00  1.00046e+00
 1.84018e+03  1.00037e+00  1.00046e+00
 1.84020e+03  1.00082e+00  1.00046e+00
 1.84022e+03  9.99523e-01  1.00046e+00
 1.84024e+03  1.00123e+00  1.00046e+00
 1.84027e+03  9.99869e-01  1.00046e+00
 1.84029e+03  1.00097e+00  1.00046e+00
 1.84031e+03  1.00071e+00  1.00046e+00
 1.84033e+03  1.00026e+00  1.00046e+00
 1.84035e+03  1.00141e+00  1.00046e+00
 1.84037e+03  1.00097e+00  1.00046e+00
 1.84039e+03  1.00090e+00  1.00046e+00
 1.84041e+03  9.99853e-01  1.00046e+00
 1.84043e+03  1.00051e+00  1.00046e+00
 1.84049e+03  1.00110e+00  1.00046e+00
 1.84052e+03  1.00058e+00  1.00046e+00
 1.84054e+03  1.00005e+00  1.00046e+00
 1.84056e+03  1.00132e+00  1.00046e+00
 1.84058e+03  1.00011e+00  1.00046e+00
 1.84060e+03  9.99956e-01  1.00046e+00
 1.84062e+03  1.00144e+00  1.00046e+00
 1.84064e+03  1.00048e+00  1.00046e+00
 1.84066e+03  9.99140e-01  1.00046e+00
 1.84070e+03  9.99748e-01  1.00046e+00
 1.84072e+03  1.00057e+00  1.00046e+00
 1.84074e+03  9.99569e-01  1.00046e+00
 1.84077e+03  1.00060e+00  1.00046e+00
 1.84079e+03  9.99739e-01  1.00046e+00
 1.84081e+03  9.99207e-01  1.00046e+00
 1.84083e+03  1.00047e+00  1.00046e+00
 1.84085e+03  1.00049e+00  1.00046e+00
 1.84087e+03  9.99436e-01  1.00046e+00
 1.84089e+03  1.00024e+00  1.00046e+00
 1.84091e+03  9.99694e-01  1.00046e+00
 1.84093e+03  9.99978e-01  1.00046e+00
 1.84095e+03  1.00014e+00  1.00046e+00
 1.84097e+03  9.99950e-01  1.00046e+00
 1.84102e+03  9.98954e-01  1.00046e+00
 1.84104e+03  1.00094e+00  1.00046e+00
 1.84106e+03  1.00160e+00  1.00046e+00
 1.84108e+03  1.00191e+00  1.00046e+00
 1.84110e+03  1.00105e+00  1.00046e+00
 1.84112e+03  1.00067e+00  1.00046e+00
 1.84114e+03  9.99592e-01  1.00046e+00
