1079
 1.62500e+03  9.49804e-01  9.64919e-01
 1.62502e+03  9.24621e-01  9.41048e-01
 1.62504e+03  8.91679e-01  9.12266e-01
 1.62506e+03  8.54299e-01  8.80770e-01
 1.62510e+03  8.11567e-01  8.27058e-01
 1.62529e+03  9.91895e-01  9.91189e-01
 1.62535e+03  9.94369e-01  1.01097e+00
 1.62537e+03  9.91748e-01  1.01186e+00
 1.62539e+03  9.97857e-01  1.01133e+00
 1.62541e+03  9.99342e-01  1.00994e+00
 1.62543e+03  9.95284e-01  1.00810e+00
 1.62545e+03  9.95551e-01  1.00605e+00
 1.62550e+03  9.99520e-01  1.00197e+00
 1.62552e+03  1.00067e+00  1.00009e+00
 1.62554e+03  1.00148e+00  9.98381e-01
 1.62556e+03  9.99650e-01  9.96837e-01
 1.62558e+03  9.99789e-01  9.95452e-01
 1.62560e+03  1.00101e+00  9.94233e-01
 1.62562e+03  1.00561e+00  9.93159e-01
 1.62564e+03  1.00857e+00  9.92214e-01
 1.62566e+03  1.01113e+00  9.91393e-01
 1.62568e+03  1.00694e+00  9.90678e-01
 1.62570e+03  9.98461e-01  9.90054e-01
 1.62572e+03  9.87562e-01  9.89515e-01
 1.62577e+03  9.33064e-01  9.88644e-01
 1.62579e+03  9.04888e-01  9.88297e-01
 1.62581e+03  8.96172e-01  9.87998e-01
 1.62583e+03  9.16780e-01  9.87741e-01
 1.62585e+03  9.44000e-01  9.87521e-01
 1.62587e+03  9.75413e-01  9.87334e-01
 1.62589e+03  9.98164e-01  9.87174e-01
 1.62591e+03  1.00881e+00  9.87040e-01
 1.62593e+03  1.00761e+00  9.86926e-01
 1.62595e+03  1.00498e+00  9.86831e-01
 1.62597e+03  1.00404e+00  9.86753e-01
 1.62600e+03  1.00494e+00  9.86689e-01
 1.62602e+03  1.00099e+00  9.86637e-01
 1.62604e+03  9.91132e-01  9.86596e-01
 1.62606e+03  1.01178e+00  9.86565e-01
 1.62608e+03  9.91761e-01  9.86541e-01
 1.62610e+03  9.66790e-01  9.86525e-01
 1.62612e+03  9.87301e-01  9.86515e-01
 1.62614e+03  9.98319e-01  9.86511e-01
 1.62616e+03  1.00388e+00  9.86511e-01
 1.62618e+03  1.00424e+00  9.86516e-01
 1.62620e+03  1.00347e+00  9.86524e-01
 1.62622e+03  1.00059e+00  9.86535e-01
 1.62625e+03  1.00653e+00  9.86549e-01
 1.62627e+03  9.98369e-01  9.86564e-01
 1.62629e+03  9.99264e-01  9.86582e-01
 1.62631e+03  1.00350e+00  9.86602e-01
 1.62633e+03  9.81516e-01  9.86622e-01
 1.62635e+03  9.80106e-01  9.86644e-01
 1.62637e+03  9.88017e-01  9.86667e-01
 1.62639e+03  9.97015e-01  9.86691e-01
 1.62641e+03  1.00248e+00  9.86715e-01
 1.62643e+03  9.70698e-01  9.86740e-01
 1.62645e+03  9.18915e-01  9.86765e-01
 1.62647e+03  9.54589e-01  9.86790e-01
 1.62650e+03  9.87800e-01  9.86815e-01
 1.62652e+03  9.93527e-01  9.86840e-01
 1.62654e+03  1.00081e+00  9.86866e-01
 1.62656e+03  1.00105e+00  9.86891e-01
 1.62658e+03  1.00211e+00  9.86916e-01
 1.62664e+03  1.00945e+00  9.86990e-01
 1.62666e+03  1.00884e+00  9.87014e-01
 1.62668e+03  1.00334e+00  9.87038e-01
 1.62670e+03  1.00320e+00  9.87061e-01
 1.62672e+03  1.00448e+00  9.87084e-01
 1.62675e+03  1.00250e+00  9.87107e-01
 1.62677e+03  9.96736e-01  9.87129e-01
 1.62679e+03  9.81890e-01  9.87151e-01
 1.62681e+03  9.54149e-01  9.87172e-01
 1.62683e+03  9.28813e-01  9.87193e-01
 1.62685e+03  9.00574e-01  9.87213e-01
 1.62687e+03  8.73558e-01  9.87233e-01
 1.62689e+03  8.51323e-01  9.87252e-01
 1.62693e+03  8.32000e-01  9.87289e-01
 1.62695e+03  8.40664e-01  9.87307e-01
 1.62697e+03  8.58325e-01  9.87324e-01
 1.62700e+03  8.82679e-01  9.87341e-01
 1.62702e+03  9.12771e-01  9.87358e-01
 1.62704e+03  9.41350e-01  9.87374e-01
 1.62706e+03  9.64979e-01  9.87389e-01
 1.62708e+03  9.90072e-01  9.87404e-01
 1.62710e+03  9.98810e-01  9.87418e-01
 1.62712e+03  1.00215e+00  9.87432e-01
 1.62716e+03  1.00330e+00  9.87458e-01
 1.62718e+03  1.00430e+00  9.87471e-01
 1.62722e+03  1.00281e+00  9.87494e-01
 1.62725e+03  1.00138e+00  9.87505e-01
 1.62727e+03  9.98241e-01  9.87516e-01
 1.62729e+03  9.97874e-01  9.87526e-01
 1.62731e+03  1.00099e+00  9.87536e-01
 1.62733e+03  1.00144e+00  9.87545e-01
 1.62735e+03  1.00699e+00  9.87554e-01
 1.62737e+03  1.00535e+00  9.87562e-01
 1.62739e+03  1.00811e+00  9.87570e-01
 1.62741e+03  1.00124e+00  9.87578e-01
 1.62743e+03  1.00511e+00  9.87585e-01
 1.62745e+03  1.00221e+00  9.87592e-01
 1.62747e+03  9.96736e-01  9.87598e-01
 1.62750e+03  9.99691e-01  9.87604e-01
 1.62752e+03  9.99270e-01  9.87610e-01
 1.62754e+03  1.00018e+00  9.87615e-01
 1.62756e+03  9.98634e-01  9.87620e-01
 1.62758e+03  9.97411e-01  9.87625e-01
 1.62760e+03  1.00145e+00  9.87629e-01
 1.62762e+03  1.00591e+00  9.87633e-01
 1.62764e+03  1.00390e+00  9.87637e-01
 1.62766e+03  9.98883e-01  9.87641e-01
 1.62768e+03  9.99585e-01  9.87644e-01
 1.62770e+03  9.98712e-01  9.87648e-01
 1.62772e+03  9.97762e-01  9.87651e-01
 1.62775e+03  1.00077e+00  9.87654e-01
 1.62777e+03  1.00104e+00  9.87657e-01
 1.62779e+03  1.00008e+00  9.87660e-01
 1.62781e+03  9.99616e-01  9.87663e-01
 1.62783e+03  1.00027e+00  9.87666e-01
 1.62785e+03  1.00099e+00  9.87669e-01
 1.62787e+03  1.00319e+00  9.87673e-01
 1.62789e+03  1.00170e+00  9.87677e-01
 1.62791e+03  1.00120e+00  9.87681e-01
 1.62793e+03  9.99257e-01  9.87686e-01
 1.62795e+03  1.00127e+00  9.87691e-01
 1.62800e+03  9.98925e-01  9.87703e-01
 1.62802e+03  1.00060e+00  9.87711e-01
 1.62804e+03  1.00085e+00  9.87719e-01
 1.62806e+03  9.99835e-01  9.87729e-01
 1.62808e+03  1.00187e+00  9.87740e-01
 1.62810e+03  9.99032e-01  9.87753e-01
 1.62825e+03  9.99267e-01  9.87914e-01
 1.62827e+03  9.98901e-01  9.87952e-01
 1.62843e+03  9.99307e-01  9.88509e-01
 1.62858e+03  1.00008e+00  9.89745e-01
 1.62864e+03  9.98507e-01  9.90710e-01
 1.62866e+03  9.98208e-01  9.91121e-01
 1.62868e+03  1.00038e+00  9.91588e-01
 1.62870e+03  9.98988e-01  9.92115e-01
 1.62875e+03  1.00053e+00  9.93389e-01
 1.62877e+03  9.99287e-01  9.94152e-01
 1.62885e+03  1.00036e+00  9.98283e-01
 1.62887e+03  1.00172e+00  9.99632e-01
 1.62895e+03  1.00156e+00  1.00617e+00
 1.62902e+03  9.99939e-01  1.01080e+00
 1.62904e+03  9.99245e-01  1.01145e+00
 1.62906e+03  1.00004e+00  1.01106e+00
 1.62908e+03  9.97830e-01  1.00907e+00
 1.62910e+03  9.99595e-01  1.00472e+00
 1.62912e+03  9.95383e-01  9.97029e-01
 1.62914e+03  9.86377e-01  9.85046e-01
 1.62916e+03  9.63277e-01  9.67814e-01
 1.62918e+03  9.35969e-01  9.44742e-01
 1.62922e+03  8.66759e-01  8.85249e-01
 1.62925e+03  8.38764e-01  8.54481e-01
 1.62927e+03  8.17828e-01  8.29762e-01
 1.62929e+03  8.09832e-01  8.16108e-01
 1.62931e+03  8.17654e-01  8.16829e-01
 1.62933e+03  8.41144e-01  8.31881e-01
 1.62935e+03  8.71317e-01  8.57863e-01
 1.62937e+03  9.05384e-01  8.89633e-01
 1.62939e+03  9.38130e-01  9.21558e-01
 1.62941e+03  9.65697e-01  9.49883e-01
 1.62943e+03  9.87986e-01  9.72678e-01
 1.62945e+03  9.98834e-01  9.89301e-01
 1.62947e+03  9.99615e-01  1.00047e+00
 1.62950e+03  9.97758e-01  1.00724e+00
 1.62952e+03  9.97130e-01  1.01069e+00
 1.62956e+03  9.97997e-01  1.01147e+00
 1.62960e+03  1.00055e+00  1.00838e+00
 1.62964e+03  1.00127e+00  1.00426e+00
 1.62966e+03  1.00018e+00  1.00225e+00
 1.62968e+03  1.00018e+00  1.00035e+00
 1.62970e+03  1.00084e+00  9.98612e-01
 1.62972e+03  1.00212e+00  9.97044e-01
 1.62975e+03  1.00165e+00  9.95637e-01
 1.62977e+03  1.00347e+00  9.94396e-01
 1.62979e+03  1.00238e+00  9.93303e-01
 1.62981e+03  1.00301e+00  9.92340e-01
 1.62983e+03  1.00419e+00  9.91502e-01
 1.62985e+03  1.00379e+00  9.90773e-01
 1.62987e+03  1.00134e+00  9.90136e-01
 1.62989e+03  1.00284e+00  9.89587e-01
 1.62991e+03  1.00382e+00  9.89111e-01
 1.62993e+03  1.00344e+00  9.88698e-01
 1.62995e+03  1.00393e+00  9.88343e-01
 1.62997e+03  1.00398e+00  9.88038e-01
 1.63000e+03  1.00453e+00  9.87775e-01
 1.63002e+03  1.00407e+00  9.87550e-01
 1.63004e+03  1.00439e+00  9.87359e-01
 1.63006e+03  1.00491e+00  9.87195e-01
 1.63008e+03  1.00463e+00  9.87057e-01
 1.63010e+03  1.00330e+00  9.86941e-01
 1.63012e+03  1.00461e+00  9.86844e-01
 1.63014e+03  1.00383e+00  9.86763e-01
 1.63016e+03  1.00363e+00  9.86697e-01
 1.63018e+03  1.00480e+00  9.86644e-01
 1.63020e+03  1.00504e+00  9.86601e-01
 1.63022e+03  1.00426e+00  9.86568e-01
 1.63025e+03  1.00433e+00  9.86544e-01
 1.63027e+03  1.00423e+00  9.86527e-01
 1.63029e+03  1.00228e+00  9.86517e-01
 1.63031e+03  1.00344e+00  9.86511e-01
 1.63033e+03  1.00284e+00  9.86511e-01
 1.63035e+03  1.00384e+00  9.86515e-01
 1.63037e+03  1.00302e+00  9.86523e-01
 1.63039e+03  1.00306e+00  9.86533e-01
 1.63041e+03  1.00196e+00  9.86547e-01
 1.63043e+03  1.00202e+00  9.86562e-01
 1.63045e+03  1.00128e+00  9.86580e-01
 1.63047e+03  1.00165e+00  9.86599e-01
 1.63050e+03  1.00273e+00  9.86619e-01
 1.63052e+03  1.00198e+00  9.86641e-01
 1.63054e+03  1.00105e+00  9.86664e-01
 1.63056e+03  9.98117e-01  9.86687e-01
 1.63058e+03  1.00203e+00  9.86711e-01
 1.63060e+03  1.00117e+00  9.86736e-01
 1.63062e+03  9.99172e-01  9.86761e-01
 1.63064e+03  1.00122e+00  9.86786e-01
 1.63066e+03  1.00008e+00  9.86811e-01
 1.63068e+03  1.00064e+00  9.86837e-01
 1.63070e+03  1.00270e+00  9.86862e-01
 1.63072e+03  1.00072e+00  9.86888e-01
 1.63075e+03  1.00181e+00  9.86913e-01
 1.63077e+03  1.00171e+00  9.86938e-01
 1.63079e+03  1.00144e+00  9.86962e-01
 1.63081e+03  9.99331e-01  9.86987e-01
 1.63083e+03  9.99979e-01  9.87011e-01
 1.63085e+03  1.00167e+00  9.87035e-01
 1.63087e+03  9.99631e-01  9.87058e-01
 1.63089e+03  9.99963e-01  9.87081e-01
 1.63091e+03  9.99979e-01  9.87104e-01
 1.63093e+03  9.98129e-01  9.87126e-01
 1.63095e+03  9.84559e-01  9.87148e-01
 1.63097e+03  9.61702e-01  9.87169e-01
 1.63100e+03  9.33876e-01  9.87190e-01
 1.63102e+03  9.06727e-01  9.87210e-01
 1.63104e+03  8.78077e-01  9.87230e-01
 1.63106e+03  8.53453e-01  9.87249e-01
 1.63108e+03  8.36024e-01  9.87268e-01
 1.63110e+03  8.29707e-01  9.87287e-01
 1.63112e+03  8.35031e-01  9.87305e-01
 1.63114e+03  8.49108e-01  9.87322e-01
 1.63116e+03  8.73734e-01  9.87339e-01
 1.63118e+03  8.97501e-01  9.87355e-01
 1.63120e+03  9.27553e-01  9.87371e-01
 1.63122e+03  9.53141e-01  9.87387e-01
 1.63129e+03  1.00085e+00  9.87430e-01
 1.63131e+03  1.00129e+00  9.87444e-01
 1.63135e+03  9.98357e-01  9.87469e-01
 1.63137e+03  9.98057e-01  9.87481e-01
 1.63139e+03  1.00069e+00  9.87493e-01
 1.63145e+03  1.00034e+00  9.87525e-01
 1.63147e+03  9.99399e-01  9.87535e-01
 1.63150e+03  1.00232e+00  9.87544e-01
 1.63154e+03  1.00198e+00  9.87561e-01
 1.63156e+03  1.00054e+00  9.87569e-01
 1.63160e+03  9.99243e-01  9.87584e-01
 1.63162e+03  1.00029e+00  9.87591e-01
 1.63164e+03  1.00167e+00  9.87597e-01
 1.63166e+03  1.00044e+00  9.87603e-01
 1.63170e+03  9.99179e-01  9.87614e-01
 1.63172e+03  1.00124e+00  9.87619e-01
 1.63179e+03  1.00271e+00  9.87633e-01
 1.63185e+03  1.00154e+00  9.87644e-01
 1.63187e+03  9.98362e-01  9.87647e-01
 1.63191e+03  1.00273e+00  9.87654e-01
 1.63195e+03  1.00140e+00  9.87660e-01
 1.63197e+03  1.00170e+00  9.87663e-01
 1.63200e+03  1.00087e+00  9.87666e-01
 1.63204e+03  1.00116e+00  9.87672e-01
 1.63206e+03  1.00259e+00  9.87676e-01
 1.63212e+03  1.00295e+00  9.87690e-01
 1.63214e+03  1.00069e+00  9.87696e-01
 1.63218e+03  1.00047e+00  9.87710e-01
 1.63222e+03  1.00104e+00  9.87728e-01
 1.63229e+03  1.00037e+00  9.87766e-01
 1.63231e+03  1.00245e+00  9.87783e-01
 1.63233e+03  1.00194e+00  9.87802e-01
 1.63235e+03  9.99426e-01  9.87824e-01
 1.63237e+03  1.00206e+00  9.87848e-01
 1.63239e+03  1.00029e+00  9.87877e-01
 1.63241e+03  1.00114e+00  9.87909e-01
 1.63243e+03  9.99480e-01  9.87946e-01
 1.63245e+03  1.00184e+00  9.87988e-01
 1.63247e+03  9.99819e-01  9.88036e-01
 1.63250e+03  1.00084e+00  9.88090e-01
 1.63252e+03  1.00026e+00  9.88152e-01
 1.63254e+03  9.99548e-01  9.88222e-01
 1.63256e+03  1.00052e+00  9.88301e-01
 1.63260e+03  1.00028e+00  9.88494e-01
 1.63262e+03  9.99578e-01  9.88609e-01
 1.63264e+03  1.00016e+00  9.88740e-01
 1.63266e+03  9.99488e-01  9.88889e-01
 1.63268e+03  1.00000e+00  9.89057e-01
 1.63270e+03  1.00227e+00  9.89247e-01
 1.63272e+03  1.00029e+00  9.89464e-01
 1.63275e+03  1.00074e+00  9.89708e-01
 1.63277e+03  9.99305e-01  9.89985e-01
 1.63279e+03  9.99088e-01  9.90301e-01
 1.63281e+03  9.98940e-01  9.90656e-01
 1.63283e+03  1.00161e+00  9.91059e-01
 1.63285e+03  9.99328e-01  9.91519e-01
 1.63287e+03  9.98671e-01  9.92036e-01
 1.63289e+03  9.99423e-01  9.92622e-01
 1.63291e+03  1.00008e+00  9.93289e-01
 1.63293e+03  9.99703e-01  9.94039e-01
 1.63295e+03  9.99210e-01  9.94885e-01
 1.63297e+03  9.98601e-01  9.95842e-01
 1.63300e+03  9.97807e-01  9.96910e-01
 1.63302e+03  9.98912e-01  9.98104e-01
 1.63304e+03  9.98657e-01  9.99434e-01
 1.63306e+03  9.99694e-01  1.00089e+00
 1.63308e+03  1.00034e+00  1.00247e+00
 1.63310e+03  1.00072e+00  1.00417e+00
 1.63312e+03  9.98691e-01  1.00592e+00
 1.63314e+03  9.98483e-01  1.00768e+00
 1.63316e+03  9.98513e-01  1.00932e+00
 1.63318e+03  9.99015e-01  1.01065e+00
 1.63320e+03  9.99713e-01  1.01141e+00
 1.63322e+03  9.98789e-01  1.01120e+00
 1.63325e+03  9.98160e-01  1.00948e+00
 1.63327e+03  9.97547e-01  1.00551e+00
 1.63329e+03  9.97390e-01  9.98350e-01
 1.63331e+03  9.92078e-01  9.87039e-01
 1.63333e+03  9.71301e-01  9.70592e-01
 1.63335e+03  9.44255e-01  9.48330e-01
 1.63337e+03  9.10579e-01  9.20808e-01
 1.63339e+03  8.77363e-01  8.89740e-01
 1.63341e+03  8.47914e-01  8.58576e-01
 1.63343e+03  8.24110e-01  8.32691e-01
 1.63345e+03  8.11730e-01  8.17212e-01
 1.63347e+03  8.14227e-01  8.15815e-01
 1.63350e+03  8.32776e-01  8.28984e-01
 1.63352e+03  8.61591e-01  8.53719e-01
 1.63354e+03  8.93220e-01  8.85034e-01
 1.63356e+03  9.25129e-01  9.17196e-01
 1.63358e+03  9.56954e-01  9.46195e-01
 1.63360e+03  9.81163e-01  9.69845e-01
 1.63362e+03  9.97168e-01  9.87304e-01
 1.63364e+03  9.97845e-01  9.99184e-01
 1.63366e+03  9.97764e-01  1.00652e+00
 1.63368e+03  9.99541e-01  1.01036e+00
 1.63370e+03  9.97941e-01  1.01178e+00
 1.63372e+03  1.00044e+00  1.01158e+00
 1.63375e+03  1.00022e+00  1.01040e+00
 1.63377e+03  9.98875e-01  1.00865e+00
 1.63379e+03  9.99377e-01  1.00663e+00
 1.63383e+03  9.98979e-01  1.00253e+00
 1.63385e+03  1.00183e+00  1.00061e+00
 1.63387e+03  1.00058e+00  9.98848e-01
 1.63389e+03  1.00131e+00  9.97256e-01
 1.63391e+03  1.00196e+00  9.95825e-01
 1.63393e+03  1.00206e+00  9.94562e-01
 1.63395e+03  1.00081e+00  9.93449e-01
 1.63397e+03  1.00118e+00  9.92467e-01
 1.63402e+03  1.00267e+00  9.90870e-01
 1.63404e+03  1.00284e+00  9.90220e-01
 1.63406e+03  1.00343e+00  9.89660e-01
 1.63408e+03  1.00391e+00  9.89174e-01
 1.63410e+03  1.00326e+00  9.88752e-01
 1.63412e+03  1.00452e+00  9.88390e-01
 1.63414e+03  1.00303e+00  9.88078e-01
 1.63416e+03  1.00893e+00  9.87809e-01
 1.63418e+03  1.00548e+00  9.87580e-01
 1.63420e+03  1.00329e+00  9.87384e-01
 1.63422e+03  1.00404e+00  9.87216e-01
 1.63425e+03  1.00291e+00  9.87075e-01
 1.63427e+03  1.00458e+00  9.86956e-01
 1.63429e+03  1.00328e+00  9.86856e-01
 1.63431e+03  1.00474e+00  9.86774e-01
 1.63433e+03  1.00379e+00  9.86706e-01
 1.63435e+03  1.00437e+00  9.86650e-01
 1.63441e+03  1.00399e+00  9.86547e-01
 1.63443e+03  1.00263e+00  9.86529e-01
 1.63447e+03  1.00509e+00  9.86512e-01
 1.63450e+03  1.00507e+00  9.86511e-01
 1.63452e+03  1.00384e+00  9.86514e-01
 1.63454e+03  1.00439e+00  9.86521e-01
 1.63456e+03  1.00326e+00  9.86532e-01
 1.63460e+03  1.00297e+00  9.86560e-01
 1.63464e+03  1.00232e+00  9.86596e-01
 1.63466e+03  1.00486e+00  9.86616e-01
 1.63468e+03  1.00394e+00  9.86638e-01
 1.63470e+03  1.00095e+00  9.86661e-01
 1.63472e+03  1.00301e+00  9.86684e-01
 1.63475e+03  1.00204e+00  9.86708e-01
 1.63479e+03  1.00217e+00  9.86757e-01
 1.63481e+03  1.00240e+00  9.86783e-01
 1.63483e+03  1.00086e+00  9.86808e-01
 1.63485e+03  1.00274e+00  9.86833e-01
 1.63487e+03  1.00153e+00  9.86859e-01
 1.63489e+03  1.00291e+00  9.86884e-01
 1.63491e+03  1.00182e+00  9.86909e-01
 1.63493e+03  1.00102e+00  9.86934e-01
 1.63495e+03  1.00177e+00  9.86959e-01
 1.63497e+03  1.00015e+00  9.86983e-01
 1.63500e+03  1.00144e+00  9.87007e-01
 1.63504e+03  9.99835e-01  9.87055e-01
 1.63506e+03  9.97449e-01  9.87078e-01
 1.63508e+03  9.98855e-01  9.87100e-01
 1.63512e+03  9.90078e-01  9.87145e-01
 1.63516e+03  9.45473e-01  9.87187e-01
 1.63518e+03  9.16042e-01  9.87207e-01
 1.63520e+03  8.89022e-01  9.87227e-01
 1.63525e+03  8.41346e-01  9.87266e-01
 1.63527e+03  8.30223e-01  9.87284e-01
 1.63529e+03  8.29589e-01  9.87302e-01
 1.63535e+03  8.89770e-01  9.87353e-01
 1.63539e+03  9.46815e-01  9.87385e-01
 1.63541e+03  9.72887e-01  9.87400e-01
 1.63543e+03  9.90227e-01  9.87414e-01
 1.63545e+03  9.98842e-01  9.87428e-01
 1.63547e+03  1.00157e+00  9.87442e-01
 1.63550e+03  1.00034e+00  9.87455e-01
 1.63552e+03  1.00088e+00  9.87467e-01
 1.63554e+03  1.00011e+00  9.87480e-01
 1.63556e+03  9.99833e-01  9.87491e-01
 1.63558e+03  1.00211e+00  9.87502e-01
 1.63562e+03  1.00068e+00  9.87523e-01
 1.63564e+03  1.00156e+00  9.87533e-01
 1.63566e+03  1.00206e+00  9.87543e-01
 1.63568e+03  1.00105e+00  9.87551e-01
 1.63575e+03  1.00201e+00  9.87576e-01
 1.63577e+03  1.00216e+00  9.87583e-01
 1.63579e+03  1.00169e+00  9.87590e-01
 1.63581e+03  1.00138e+00  9.87596e-01
 1.63583e+03  1.00296e+00  9.87602e-01
 1.63587e+03  1.00301e+00  9.87614e-01
 1.63589e+03  1.00283e+00  9.87619e-01
 1.63591e+03  1.00360e+00  9.87624e-01
 1.63593e+03  1.00174e+00  9.87628e-01
 1.63595e+03  1.00219e+00  9.87632e-01
 1.63597e+03  1.00143e+00  9.87636e-01
 1.63600e+03  1.00098e+00  9.87640e-01
 1.63602e+03  1.00279e+00  9.87643e-01
 1.63604e+03  1.00290e+00  9.87647e-01
 1.63606e+03  1.00403e+00  9.87650e-01
 1.63608e+03  1.00373e+00  9.87653e-01
 1.63610e+03  1.00324e+00  9.87656e-01
 1.63612e+03  1.00252e+00  9.87659e-01
 1.63614e+03  1.00254e+00  9.87662e-01
 1.63616e+03  1.00254e+00  9.87665e-01
 1.63618e+03  1.00312e+00  9.87669e-01
 1.63620e+03  1.00268e+00  9.87672e-01
 1.63622e+03  1.00207e+00  9.87676e-01
 1.63625e+03  1.00122e+00  9.87680e-01
 1.63629e+03  1.00353e+00  9.87689e-01
 1.63631e+03  1.00282e+00  9.87695e-01
 1.63633e+03  1.00289e+00  9.87701e-01
 1.63635e+03  1.00275e+00  9.87708e-01
 1.63637e+03  1.00264e+00  9.87717e-01
 1.63639e+03  1.00343e+00  9.87726e-01
 1.63641e+03  1.00191e+00  9.87737e-01
 1.63643e+03  1.00230e+00  9.87749e-01
 1.63645e+03  1.00203e+00  9.87764e-01
 1.63647e+03  1.00111e+00  9.87780e-01
 1.63650e+03  1.00013e+00  9.87799e-01
 1.63652e+03  9.97326e-01  9.87820e-01
 1.63654e+03  9.94298e-01  9.87845e-01
 1.63656e+03  9.89488e-01  9.87873e-01
 1.63658e+03  9.88501e-01  9.87904e-01
 1.63660e+03  9.87014e-01  9.87941e-01
 1.63662e+03  9.86080e-01  9.87982e-01
 1.63664e+03  9.85543e-01  9.88029e-01
 1.63666e+03  9.86794e-01  9.88082e-01
 1.63668e+03  9.87748e-01  9.88143e-01
 1.63670e+03  9.89308e-01  9.88211e-01
 1.63675e+03  9.94279e-01  9.88378e-01
 1.63677e+03  9.97836e-01  9.88478e-01
 1.63679e+03  1.00043e+00  9.88591e-01
 1.63681e+03  1.00151e+00  9.88721e-01
 1.63683e+03  1.00110e+00  9.88866e-01
 1.63685e+03  1.00152e+00  9.89031e-01
 1.63687e+03  1.00201e+00  9.89219e-01
 1.63689e+03  1.00161e+00  9.89431e-01
 1.63691e+03  1.00102e+00  9.89671e-01
 1.63693e+03  1.00246e+00  9.89944e-01
 1.63695e+03  1.00084e+00  9.90252e-01
 1.63697e+03  1.00126e+00  9.90602e-01
 1.63700e+03  1.00148e+00  9.90999e-01
 1.63706e+03  1.00119e+00  9.92535e-01
 1.63708e+03  1.00064e+00  9.93187e-01
 1.63710e+03  1.00215e+00  9.93923e-01
 1.63712e+03  1.00133e+00  9.94759e-01
 1.63714e+03  1.00092e+00  9.95695e-01
 1.63716e+03  1.00118e+00  9.96747e-01
 1.63718e+03  1.00155e+00  9.97927e-01
 1.63720e+03  1.00120e+00  9.99232e-01
 1.63722e+03  1.00074e+00  1.00067e+00
 1.63725e+03  1.00096e+00  1.00224e+00
 1.63727e+03  1.00120e+00  1.00392e+00
 1.63729e+03  9.98924e-01  1.00567e+00
 1.63731e+03  1.00149e+00  1.00743e+00
 1.63733e+03  9.99120e-01  1.00909e+00
 1.63735e+03  9.99899e-01  1.01048e+00
 1.63739e+03  1.00112e+00  1.01131e+00
 1.63741e+03  1.00134e+00  1.00985e+00
 1.63743e+03  1.00022e+00  1.00624e+00
 1.63745e+03  9.99973e-01  9.99628e-01
 1.63747e+03  9.96194e-01  9.88991e-01
 1.63760e+03  8.33895e-01  8.35941e-01
 1.63764e+03  8.13566e-01  8.15078e-01
 1.63768e+03  8.53226e-01  8.49704e-01
 1.63772e+03  9.16812e-01  9.12615e-01
 1.63779e+03  9.96210e-01  9.85122e-01
 1.63783e+03  1.00088e+00  1.00569e+00
 1.63789e+03  9.99458e-01  1.01169e+00
 1.63791e+03  1.00053e+00  1.01061e+00
 1.63793e+03  9.99138e-01  1.00892e+00
 1.63797e+03  1.00277e+00  1.00486e+00
 1.63800e+03  1.00112e+00  1.00281e+00
 1.63810e+03  1.00083e+00  9.94737e-01
 1.63814e+03  1.00163e+00  9.92602e-01
 1.63816e+03  1.00204e+00  9.91731e-01
 1.63818e+03  1.00271e+00  9.90969e-01
 1.63820e+03  1.00135e+00  9.90309e-01
 1.63829e+03  1.00216e+00  9.88440e-01
 1.63831e+03  1.00309e+00  9.88119e-01
 1.63841e+03  1.00365e+00  9.87094e-01
 1.63843e+03  1.00475e+00  9.86972e-01
 1.63845e+03  1.00521e+00  9.86870e-01
 1.63852e+03  1.00257e+00  9.86658e-01
 1.63854e+03  1.00216e+00  9.86612e-01
 1.63856e+03  9.99688e-01  9.86577e-01
 1.63860e+03  1.00155e+00  9.86531e-01
 1.64006e+03  9.95910e-01  9.87618e-01
 1.64008e+03  9.97240e-01  9.87623e-01
 1.64010e+03  9.96732e-01  9.87627e-01
 1.64016e+03  9.96602e-01  9.87639e-01
 1.64018e+03  9.94880e-01  9.87643e-01
 1.64020e+03  9.95689e-01  9.87646e-01
 1.64022e+03  9.95349e-01  9.87650e-01
 1.64027e+03  9.93021e-01  9.87656e-01
 1.64029e+03  9.94360e-01  9.87659e-01
 1.64031e+03  9.93181e-01  9.87662e-01
 1.64035e+03  9.92538e-01  9.87668e-01
 1.64039e+03  9.96933e-01  9.87675e-01
 1.64041e+03  9.94655e-01  9.87679e-01
 1.64045e+03  9.98305e-01  9.87688e-01
 1.64047e+03  9.98577e-01  9.87694e-01
 1.64052e+03  9.95347e-01  9.87707e-01
 1.64054e+03  9.93836e-01  9.87715e-01
 1.64056e+03  9.97029e-01  9.87725e-01
 1.64058e+03  9.97963e-01  9.87735e-01
 1.64062e+03  9.97936e-01  9.87762e-01
 1.64064e+03  9.96427e-01  9.87778e-01
 1.64066e+03  9.99196e-01  9.87796e-01
 1.64068e+03  9.96172e-01  9.87817e-01
 1.64070e+03  9.97797e-01  9.87841e-01
 1.64072e+03  9.99006e-01  9.87868e-01
 1.64079e+03  9.98514e-01  9.87976e-01
 1.64083e+03  9.99030e-01  9.88074e-01
 1.64085e+03  9.99411e-01  9.88133e-01
 1.64087e+03  9.99009e-01  9.88201e-01
 1.64091e+03  9.99515e-01  9.88364e-01
 1.64093e+03  9.99844e-01  9.88463e-01
 1.64095e+03  1.00119e+00  9.88575e-01
 1.64100e+03  9.99352e-01  9.88844e-01
 1.64102e+03  9.98989e-01  9.89007e-01
 1.64104e+03  9.97321e-01  9.89190e-01
 1.64106e+03  9.97249e-01  9.89398e-01
 1.64108e+03  9.99346e-01  9.89635e-01
 1.64110e+03  9.99977e-01  9.89902e-01
 1.64112e+03  9.99880e-01  9.90205e-01
 1.64114e+03  9.98550e-01  9.90550e-01
 1.64116e+03  9.97107e-01  9.90938e-01
 1.64118e+03  9.99619e-01  9.91379e-01
 1.64120e+03  9.98727e-01  9.91881e-01
 1.64122e+03  1.00174e+00  9.92446e-01
 1.64125e+03  1.00151e+00  9.93087e-01
 1.64127e+03  9.98461e-01  9.93814e-01
 1.64129e+03  1.00137e+00  9.94631e-01
 1.64131e+03  9.99610e-01  9.95552e-01
 1.64133e+03  1.00134e+00  9.96591e-01
 1.64135e+03  1.00176e+00  9.97747e-01
 1.64137e+03  1.00002e+00  9.99033e-01
 1.64139e+03  9.99728e-01  1.00046e+00
 1.64141e+03  9.99369e-01  1.00201e+00
 1.64143e+03  1.00081e+00  1.00367e+00
 1.64145e+03  1.00071e+00  1.00542e+00
 1.64147e+03  9.98645e-01  1.00718e+00
 1.64150e+03  9.98092e-01  1.00886e+00
 1.64152e+03  1.00028e+00  1.01031e+00
 1.64154e+03  1.00091e+00  1.01127e+00
 1.64156e+03  9.99422e-01  1.01139e+00
 1.64158e+03  1.00077e+00  1.01017e+00
 1.64160e+03  1.00326e+00  1.00693e+00
 1.64162e+03  9.99616e-01  1.00082e+00
 1.64164e+03  1.00144e+00  9.90777e-01
 1.64166e+03  9.85345e-01  9.75889e-01
 1.64168e+03  9.65173e-01  9.55399e-01
 1.64170e+03  9.35948e-01  9.29192e-01
 1.64172e+03  9.02205e-01  8.98855e-01
 1.64175e+03  8.69122e-01  8.67351e-01
 1.64177e+03  8.43387e-01  8.39283e-01
 1.64179e+03  8.23937e-01  8.20332e-01
 1.64181e+03  8.14843e-01  8.14660e-01
 1.64183e+03  8.22915e-01  8.23829e-01
 1.64185e+03  8.42659e-01  8.45705e-01
 1.64187e+03  8.80466e-01  8.75595e-01
 1.64189e+03  9.14747e-01  9.08128e-01
 1.64191e+03  9.45303e-01  9.38353e-01
 1.64193e+03  9.75696e-01  9.63598e-01
 1.64195e+03  9.99515e-01  9.82894e-01
 1.64197e+03  1.00342e+00  9.96287e-01
 1.64200e+03  1.00467e+00  1.00479e+00
 1.64202e+03  9.99787e-01  1.00955e+00
 1.64204e+03  9.98831e-01  1.01157e+00
 1.64206e+03  9.98588e-01  1.01177e+00
 1.64208e+03  9.98864e-01  1.01081e+00
 1.64210e+03  9.96602e-01  1.00919e+00
 1.64212e+03  1.00000e+00  1.00723e+00
 1.64214e+03  9.97589e-01  1.00515e+00
 1.64216e+03  9.96971e-01  1.00310e+00
 1.64218e+03  9.97379e-01  1.00115e+00
 1.64220e+03  1.00218e+00  9.99336e-01
 1.64222e+03  1.00068e+00  9.97696e-01
 1.64225e+03  9.99649e-01  9.96224e-01
 1.64227e+03  1.00145e+00  9.94909e-01
 1.64231e+03  1.00225e+00  9.92739e-01
 1.64233e+03  1.00334e+00  9.91847e-01
 1.64237e+03  1.00157e+00  9.90400e-01
 1.64239e+03  1.00099e+00  9.89813e-01
 1.64241e+03  1.00113e+00  9.89306e-01
 1.64243e+03  1.00338e+00  9.88868e-01
 1.64245e+03  1.00193e+00  9.88489e-01
 1.64247e+03  1.00110e+00  9.88163e-01
 1.64252e+03  1.00105e+00  9.87642e-01
 1.64254e+03  1.00119e+00  9.87437e-01
 1.64256e+03  9.99913e-01  9.87262e-01
 1.64258e+03  1.00071e+00  9.87113e-01
 1.64260e+03  1.00070e+00  9.86988e-01
 1.64262e+03  1.00220e+00  9.86883e-01
 1.64264e+03  1.00222e+00  9.86796e-01
 1.64266e+03  1.00183e+00  9.86724e-01
 1.64268e+03  1.00078e+00  9.86665e-01
 1.64270e+03  1.00250e+00  9.86618e-01
 1.64272e+03  1.00249e+00  9.86581e-01
 1.64275e+03  1.00182e+00  9.86554e-01
 1.64277e+03  1.00322e+00  9.86534e-01
 1.64279e+03  1.00130e+00  9.86520e-01
 1.64283e+03  1.00031e+00  9.86511e-01
 1.64285e+03  1.00051e+00  9.86513e-01
 1.64287e+03  1.00083e+00  9.86519e-01
 1.64291e+03  1.00084e+00  9.86540e-01
 1.64293e+03  9.99110e-01  9.86555e-01
 1.64295e+03  9.97777e-01  9.86572e-01
 1.64300e+03  9.99287e-01  9.86610e-01
 1.64302e+03  1.00133e+00  9.86632e-01
 1.64304e+03  1.00055e+00  9.86654e-01
 1.64306e+03  1.00011e+00  9.86677e-01
 1.64308e+03  1.00116e+00  9.86701e-01
 1.64310e+03  9.97036e-01  9.86725e-01
 1.64312e+03  1.00118e+00  9.86750e-01
 1.64314e+03  1.00135e+00  9.86775e-01
 1.64316e+03  1.00038e+00  9.86801e-01
 1.64318e+03  1.00445e+00  9.86826e-01
 1.64327e+03  1.00115e+00  9.86927e-01
 1.64329e+03  1.00135e+00  9.86952e-01
 1.64333e+03  1.00278e+00  9.87000e-01
 1.64337e+03  1.00221e+00  9.87048e-01
 1.64339e+03  1.00020e+00  9.87071e-01
 1.64341e+03  1.00177e+00  9.87094e-01
 1.64343e+03  1.00227e+00  9.87116e-01
 1.64345e+03  9.97237e-01  9.87138e-01
 1.64347e+03  9.82628e-01  9.87160e-01
 1.64350e+03  9.63789e-01  9.87181e-01
 1.64352e+03  9.37118e-01  9.87201e-01
 1.64354e+03  9.10186e-01  9.87221e-01
 1.64356e+03  8.82843e-01  9.87241e-01
 1.64358e+03  8.56589e-01  9.87260e-01
 1.64362e+03  8.31139e-01  9.87297e-01
 1.64366e+03  8.50497e-01  9.87332e-01
 1.64368e+03  8.71963e-01  9.87348e-01
 1.64370e+03  8.96646e-01  9.87365e-01
 1.64372e+03  9.25890e-01  9.87380e-01
 1.64375e+03  9.55386e-01  9.87395e-01
 1.64377e+03  9.76644e-01  9.87410e-01
 1.64379e+03  9.95600e-01  9.87424e-01
 1.64381e+03  1.00031e+00  9.87438e-01
 1.64385e+03  1.00086e+00  9.87464e-01
 1.64391e+03  1.00005e+00  9.87499e-01
 1.64393e+03  9.97417e-01  9.87510e-01
 1.64395e+03  9.92453e-01  9.87520e-01
 1.64397e+03  1.00073e+00  9.87530e-01
 1.64400e+03  1.00013e+00  9.87540e-01
 1.64402e+03  1.00096e+00  9.87549e-01
 1.64404e+03  9.98840e-01  9.87558e-01
 1.64406e+03  1.00107e+00  9.87566e-01
 1.64408e+03  1.00108e+00  9.87573e-01
 1.64412e+03  9.99264e-01  9.87588e-01
 1.64414e+03  1.00174e+00  9.87594e-01
 1.64416e+03  9.97219e-01  9.87601e-01
 1.64418e+03  9.97367e-01  9.87607e-01
 1.64420e+03  1.00193e+00  9.87612e-01
 1.64425e+03  1.00316e+00  9.87622e-01
 1.64427e+03  1.00203e+00  9.87627e-01
 1.64429e+03  1.00233e+00  9.87631e-01
 1.64431e+03  1.00032e+00  9.87635e-01
 1.64433e+03  1.00118e+00  9.87639e-01
 1.64435e+03  1.00196e+00  9.87642e-01
 1.64437e+03  1.00098e+00  9.87646e-01
 1.64439e+03  1.00504e+00  9.87649e-01
 1.64441e+03  1.00322e+00  9.87652e-01
 1.64443e+03  1.00359e+00  9.87655e-01
 1.64445e+03  1.00036e+00  9.87658e-01
 1.64447e+03  1.00178e+00  9.87661e-01
 1.64450e+03  1.00303e+00  9.87664e-01
 1.64452e+03  1.00187e+00  9.87668e-01
 1.64454e+03  1.00210e+00  9.87671e-01
 1.64456e+03  1.00324e+00  9.87675e-01
 1.64458e+03  1.00147e+00  9.87678e-01
 1.64460e+03  1.00178e+00  9.87683e-01
 1.64462e+03  1.00313e+00  9.87688e-01
 1.64464e+03  1.00302e+00  9.87693e-01
 1.64466e+03  1.00199e+00  9.87699e-01
 1.64468e+03  1.00270e+00  9.87706e-01
 1.64470e+03  1.00172e+00  9.87714e-01
 1.64475e+03  1.00323e+00  9.87734e-01
 1.64477e+03  1.00171e+00  9.87746e-01
 1.64479e+03  1.00269e+00  9.87759e-01
 1.64481e+03  1.00180e+00  9.87775e-01
 1.64483e+03  1.00281e+00  9.87793e-01
 1.64485e+03  1.00230e+00  9.87814e-01
 1.64487e+03  1.00279e+00  9.87837e-01
 1.64489e+03  1.00422e+00  9.87864e-01
 1.64491e+03  1.00107e+00  9.87895e-01
 1.64493e+03  1.00344e+00  9.87930e-01
 1.64495e+03  1.00046e+00  9.87969e-01
 1.64497e+03  9.99548e-01  9.88015e-01
 1.64500e+03  9.99701e-01  9.88066e-01
 1.64502e+03  1.00353e+00  9.88124e-01
 1.64504e+03  1.00040e+00  9.88191e-01
 1.64506e+03  1.00124e+00  9.88266e-01
 1.64508e+03  1.00340e+00  9.88351e-01
 1.64510e+03  1.00054e+00  9.88448e-01
 1.64512e+03  1.00149e+00  9.88557e-01
 1.64514e+03  1.00312e+00  9.88681e-01
 1.64516e+03  1.00239e+00  9.88822e-01
 1.64518e+03  1.00151e+00  9.88982e-01
 1.64520e+03  1.00253e+00  9.89162e-01
 1.64522e+03  9.99638e-01  9.89367e-01
 1.64525e+03  1.00300e+00  9.89599e-01
 1.64527e+03  1.00107e+00  9.89861e-01
 1.64529e+03  9.99788e-01  9.90158e-01
 1.64531e+03  1.00364e+00  9.90497e-01
 1.64533e+03  9.98862e-01  9.90879e-01
 1.64535e+03  1.00445e+00  9.91311e-01
 1.64537e+03  1.00206e+00  9.91804e-01
 1.64539e+03  1.00134e+00  9.92359e-01
 1.64541e+03  9.99594e-01  9.92988e-01
 1.64543e+03  1.00118e+00  9.93702e-01
 1.64545e+03  1.00172e+00  9.94506e-01
 1.64547e+03  1.00085e+00  9.95410e-01
 1.64550e+03  1.00035e+00  9.96432e-01
 1.64552e+03  1.00043e+00  9.97570e-01
 1.64554e+03  9.98292e-01  9.98837e-01
 1.64556e+03  1.00240e+00  1.00024e+00
 1.64558e+03  1.00255e+00  1.00177e+00
 1.64560e+03  9.98513e-01  1.00342e+00
 1.64562e+03  1.00170e+00  1.00516e+00
 1.64564e+03  1.00293e+00  1.00692e+00
 1.64568e+03  1.00110e+00  1.01012e+00
 1.64570e+03  9.99606e-01  1.01117e+00
 1.64572e+03  1.00032e+00  1.01144e+00
 1.64575e+03  9.99669e-01  1.01045e+00
 1.64577e+03  9.98408e-01  1.00756e+00
 1.64579e+03  1.00054e+00  1.00193e+00
 1.64581e+03  9.98906e-01  9.92521e-01
 1.64583e+03  9.92296e-01  9.78402e-01
 1.64585e+03  9.73614e-01  9.58753e-01
 1.64589e+03  9.16333e-01  9.03454e-01
 1.64591e+03  8.83425e-01  8.71859e-01
 1.64593e+03  8.49385e-01  8.42929e-01
 1.64595e+03  8.21528e-01  8.22351e-01
 1.64597e+03  8.11367e-01  8.14564e-01
 1.64600e+03  8.12635e-01  8.21612e-01
 1.64602e+03  8.30435e-01  8.41878e-01
 1.64604e+03  8.60825e-01  8.70945e-01
 1.64606e+03  8.93204e-01  9.03440e-01
 1.64608e+03  9.26079e-01  9.34202e-01
 1.64610e+03  9.53809e-01  9.60278e-01
 1.64612e+03  9.80091e-01  9.80468e-01
 1.64614e+03  9.97588e-01  9.94661e-01
 1.64618e+03  9.95647e-01  1.00905e+00
 1.64620e+03  9.96601e-01  1.01141e+00
 1.64622e+03  9.98833e-01  1.01182e+00
 1.64625e+03  9.98718e-01  1.01100e+00
 1.64627e+03  9.95662e-01  1.00945e+00
 1.64629e+03  9.98552e-01  1.00753e+00
 1.64631e+03  9.95529e-01  1.00546e+00
 1.64637e+03  1.00143e+00  9.99590e-01
 1.64639e+03  1.00167e+00  9.97925e-01
 1.64641e+03  9.99389e-01  9.96429e-01
 1.64643e+03  9.98443e-01  9.95090e-01
 1.64645e+03  9.97914e-01  9.93914e-01
 1.64647e+03  1.00215e+00  9.92879e-01
 1.64650e+03  1.00459e+00  9.91970e-01
 1.64654e+03  1.00076e+00  9.90492e-01
 1.64656e+03  1.00075e+00  9.89893e-01
 1.64658e+03  1.00216e+00  9.89376e-01
 1.64660e+03  1.00503e+00  9.88928e-01
 1.64662e+03  1.00761e+00  9.88540e-01
 1.64664e+03  1.00648e+00  9.88208e-01
 1.64668e+03  1.00356e+00  9.87675e-01
 1.64670e+03  1.00078e+00  9.87465e-01
 1.64672e+03  1.00036e+00  9.87286e-01
 1.64677e+03  1.00382e+00  9.87005e-01
 1.64681e+03  1.00202e+00  9.86807e-01
 1.64683e+03  9.99817e-01  9.86733e-01
 1.64685e+03  1.00484e+00  9.86673e-01
 1.64687e+03  1.00615e+00  9.86624e-01
 1.64689e+03  1.00685e+00  9.86586e-01
 1.64691e+03  1.00585e+00  9.86557e-01
 1.64695e+03  9.99794e-01  9.86522e-01
 1.64697e+03  1.00123e+00  9.86514e-01
 1.64700e+03  1.00356e+00  9.86511e-01
 1.64702e+03  1.00755e+00  9.86512e-01
 1.64704e+03  1.00216e+00  9.86518e-01
 1.64710e+03  1.00111e+00  9.86553e-01
 1.64712e+03  9.97865e-01  9.86569e-01
 1.64714e+03  1.00454e+00  9.86588e-01
 1.64716e+03  1.00673e+00  9.86607e-01
 1.64718e+03  9.99498e-01  9.86628e-01
 1.64722e+03  9.98681e-01  9.86674e-01
 1.64725e+03  1.00048e+00  9.86697e-01
 1.64727e+03  1.00433e+00  9.86722e-01
 1.64729e+03  1.00449e+00  9.86747e-01
 1.64731e+03  9.95545e-01  9.86772e-01
 1.64733e+03  9.98108e-01  9.86797e-01
 1.64735e+03  1.00275e+00  9.86822e-01
 1.64737e+03  9.97484e-01  9.86847e-01
 1.64739e+03  1.00029e+00  9.86873e-01
 1.64741e+03  9.94831e-01  9.86898e-01
 1.64743e+03  9.98819e-01  9.86923e-01
 1.64745e+03  9.98499e-01  9.86948e-01
 1.64747e+03  9.97425e-01  9.86973e-01
 1.64750e+03  9.96862e-01  9.86997e-01
 1.64752e+03  9.98099e-01  9.87021e-01
 1.64754e+03  1.00051e+00  9.87045e-01
 1.64756e+03  1.00223e+00  9.87068e-01
 1.64758e+03  9.98984e-01  9.87091e-01
 1.64760e+03  9.98331e-01  9.87113e-01
 1.64762e+03  1.00184e+00  9.87135e-01
 1.64770e+03  9.19030e-01  9.87219e-01
 1.64772e+03  8.90003e-01  9.87238e-01
 1.64775e+03  8.65456e-01  9.87257e-01
 1.64779e+03  8.29484e-01  9.87294e-01
 1.64781e+03  8.28547e-01  9.87312e-01
 1.64785e+03  8.59647e-01  9.87346e-01
 1.64787e+03  8.89578e-01  9.87362e-01
 1.64789e+03  9.15765e-01  9.87378e-01
 1.64791e+03  9.45542e-01  9.87393e-01
 1.64793e+03  9.69022e-01  9.87408e-01
 1.64795e+03  9.87639e-01  9.87422e-01
 1.64800e+03  9.97864e-01  9.87449e-01
 1.64802e+03  9.99571e-01  9.87462e-01
 1.64804e+03  9.96623e-01  9.87474e-01
 1.64806e+03  9.98902e-01  9.87486e-01
 1.64808e+03  9.98731e-01  9.87498e-01
 1.64810e+03  9.98715e-01  9.87508e-01
 1.64812e+03  9.95926e-01  9.87519e-01
 1.64814e+03  1.00108e+00  9.87529e-01
 1.64816e+03  9.96882e-01  9.87538e-01
 1.64818e+03  9.98959e-01  9.87548e-01
 1.64822e+03  9.98730e-01  9.87565e-01
 1.64827e+03  1.00075e+00  9.87580e-01
 1.64829e+03  9.97612e-01  9.87587e-01
 1.64831e+03  1.00036e+00  9.87594e-01
 1.64833e+03  1.00006e+00  9.87600e-01
 1.64837e+03  9.98208e-01  9.87611e-01
 1.64839e+03  9.98891e-01  9.87617e-01
 1.64841e+03  9.96749e-01  9.87621e-01
 1.64843e+03  1.00048e+00  9.87626e-01
 1.64845e+03  9.98698e-01  9.87630e-01
 1.64847e+03  1.00190e+00  9.87634e-01
 1.64850e+03  1.00041e+00  9.87638e-01
 1.64852e+03  1.00079e+00  9.87642e-01
 1.64854e+03  9.61080e-01  9.87645e-01
 1.64856e+03  1.00039e+00  9.87649e-01
 1.64858e+03  9.99097e-01  9.87652e-01
 1.64860e+03  1.00171e+00  9.87655e-01
 1.64862e+03  1.00016e+00  9.87658e-01
 1.64864e+03  1.00008e+00  9.87661e-01
 1.64866e+03  9.99520e-01  9.87664e-01
 1.64868e+03  1.00089e+00  9.87667e-01
 1.64870e+03  9.96364e-01  9.87670e-01
 1.64872e+03  1.00060e+00  9.87674e-01
 1.64877e+03  1.00139e+00  9.87682e-01
 1.64879e+03  1.00286e+00  9.87687e-01
 1.64881e+03  1.00023e+00  9.87692e-01
 1.64883e+03  1.00233e+00  9.87698e-01
 1.64885e+03  1.00127e+00  9.87705e-01
 1.64887e+03  1.00122e+00  9.87713e-01
 1.64889e+03  1.00160e+00  9.87722e-01
 1.64891e+03  1.00190e+00  9.87732e-01
 1.64893e+03  1.00086e+00  9.87744e-01
 1.64895e+03  1.00016e+00  9.87757e-01
 1.64897e+03  9.99683e-01  9.87773e-01
 1.64900e+03  9.99967e-01  9.87790e-01
 1.64904e+03  9.99141e-01  9.87834e-01
 1.64910e+03  9.97059e-01  9.87924e-01
 1.64912e+03  9.99273e-01  9.87963e-01
 1.64914e+03  9.99902e-01  9.88007e-01
 1.64916e+03  9.98715e-01  9.88058e-01
 1.64918e+03  9.97148e-01  9.88115e-01
 1.64920e+03  1.00080e+00  9.88180e-01
 1.64925e+03  1.00068e+00  9.88338e-01
 1.64927e+03  1.00054e+00  9.88433e-01
 1.64929e+03  1.00013e+00  9.88541e-01
 1.64931e+03  1.00158e+00  9.88662e-01
 1.64935e+03  1.00186e+00  9.88957e-01
 1.64937e+03  9.99253e-01  9.89134e-01
 1.64939e+03  9.97932e-01  9.89335e-01
 1.64941e+03  9.96871e-01  9.89563e-01
 1.64943e+03  9.94417e-01  9.89821e-01
 1.64947e+03  9.91269e-01  9.90445e-01
 1.64950e+03  9.87588e-01  9.90820e-01
 1.64952e+03  9.85148e-01  9.91245e-01
 1.64954e+03  9.86481e-01  9.91728e-01
 1.64956e+03  9.85994e-01  9.92274e-01
 1.64958e+03  9.84429e-01  9.92891e-01
 1.64960e+03  9.86616e-01  9.93593e-01
 1.64962e+03  9.88471e-01  9.94382e-01
 1.64964e+03  9.90524e-01  9.95271e-01
 1.64966e+03  9.90620e-01  9.96276e-01
 1.64968e+03  9.94189e-01  9.97396e-01
 1.64970e+03  9.97136e-01  9.98644e-01
 1.64972e+03  1.00070e+00  1.00003e+00
 1.64975e+03  1.00096e+00  1.00154e+00
 1.64977e+03  1.00157e+00  1.00317e+00
 1.64979e+03  1.00079e+00  1.00490e+00
 1.64981e+03  1.00055e+00  1.00667e+00
 1.64983e+03  1.00036e+00  1.00838e+00
 1.64985e+03  9.99448e-01  1.00992e+00
 1.64987e+03  1.00101e+00  1.01106e+00
 1.64989e+03  1.00073e+00  1.01147e+00
 1.64991e+03  9.99041e-01  1.01071e+00
 1.64993e+03  9.99077e-01  1.00813e+00
 1.64995e+03  9.99146e-01  1.00296e+00
 1.64997e+03  1.00042e+00  9.94215e-01
 1.65000e+03  9.97850e-01  9.80796e-01
 1.65002e+03  9.81166e-01  9.61984e-01
 1.65004e+03  9.56777e-01  9.37477e-01
 1.65006e+03  9.26077e-01  9.08012e-01
 1.65008e+03  8.92614e-01  8.76425e-01
 1.65010e+03  8.59278e-01  8.46879e-01
 1.65012e+03  8.34228e-01  8.24647e-01
 1.65014e+03  8.15278e-01  8.14790e-01
 1.65016e+03  8.12814e-01  8.19624e-01
 1.65018e+03  8.24081e-01  8.38241e-01
 1.65020e+03  8.48383e-01  8.66363e-01
 1.65022e+03  8.80071e-01  8.98558e-01
 1.65025e+03  9.15715e-01  9.29947e-01
 1.65027e+03  9.45535e-01  9.56828e-01
 1.65029e+03  9.73874e-01  9.77828e-01
 1.65031e+03  9.93530e-01  9.92927e-01
 1.65033e+03  9.99559e-01  1.00275e+00
 1.65035e+03  1.00075e+00  1.00847e+00
 1.65037e+03  9.99320e-01  1.01120e+00
 1.65039e+03  9.99245e-01  1.01185e+00
 1.65041e+03  9.99617e-01  1.01118e+00
 1.65043e+03  1.00092e+00  1.00971e+00
 1.65045e+03  1.00074e+00  1.00783e+00
 1.65047e+03  1.00135e+00  1.00577e+00
 1.65050e+03  1.00055e+00  1.00369e+00
 1.65052e+03  1.00148e+00  1.00171e+00
 1.65054e+03  1.00182e+00  9.99856e-01
 1.65056e+03  1.00077e+00  9.98158e-01
 1.65058e+03  1.00234e+00  9.96637e-01
 1.65060e+03  1.00221e+00  9.95281e-01
 1.65062e+03  1.00384e+00  9.94076e-01
 1.65064e+03  1.00492e+00  9.93022e-01
 1.65066e+03  1.00232e+00  9.92099e-01
 1.65068e+03  1.00235e+00  9.91289e-01
 1.65070e+03  1.00314e+00  9.90587e-01
 1.65072e+03  1.00262e+00  9.89977e-01
 1.65075e+03  1.00350e+00  9.89447e-01
 1.65077e+03  1.00420e+00  9.88990e-01
 1.65079e+03  1.00227e+00  9.88595e-01
 1.65081e+03  1.00342e+00  9.88253e-01
 1.65083e+03  1.00273e+00  9.87961e-01
 1.65085e+03  1.00444e+00  9.87710e-01
 1.65087e+03  1.00319e+00  9.87494e-01
 1.65089e+03  1.00499e+00  9.87311e-01
 1.65091e+03  1.00441e+00  9.87155e-01
 1.65093e+03  1.00506e+00  9.87023e-01
 1.65095e+03  1.00257e+00  9.86912e-01
 1.65097e+03  1.00572e+00  9.86820e-01
 1.65100e+03  1.00501e+00  9.86743e-01
 1.65102e+03  1.00468e+00  9.86681e-01
 1.65104e+03  1.00559e+00  9.86631e-01
 1.65106e+03  1.00361e+00  9.86591e-01
 1.65108e+03  1.00644e+00  9.86561e-01
 1.65110e+03  1.00423e+00  9.86539e-01
 1.65112e+03  1.00537e+00  9.86524e-01
 1.65114e+03  1.00508e+00  9.86515e-01
 1.65116e+03  1.00524e+00  9.86511e-01
 1.65118e+03  1.00528e+00  9.86512e-01
 1.65120e+03  1.00618e+00  9.86517e-01
 1.65122e+03  1.00464e+00  9.86525e-01
 1.65125e+03  1.00650e+00  9.86537e-01
 1.65127e+03  1.00398e+00  9.86551e-01
 1.65129e+03  1.00612e+00  9.86567e-01
 1.65131e+03  1.00557e+00  9.86585e-01
 1.65133e+03  1.00497e+00  9.86604e-01
 1.65135e+03  1.00390e+00  9.86625e-01
 1.65137e+03  1.00421e+00  9.86647e-01
 1.65139e+03  1.00084e+00  9.86670e-01
 1.65141e+03  1.00347e+00  9.86694e-01
 1.65143e+03  1.00297e+00  9.86718e-01
 1.65145e+03  1.00160e+00  9.86743e-01
 1.65147e+03  1.00084e+00  9.86768e-01
 1.65150e+03  1.00111e+00  9.86793e-01
 1.65152e+03  1.00058e+00  9.86818e-01
 1.65154e+03  1.00136e+00  9.86844e-01
 1.65156e+03  9.99264e-01  9.86869e-01
 1.65158e+03  9.84661e-01  9.86894e-01
 1.65160e+03  9.58115e-01  9.86919e-01
 1.65162e+03  9.27012e-01  9.86944e-01
 1.65164e+03  9.00822e-01  9.86969e-01
 1.65166e+03  8.94437e-01  9.86993e-01
 1.65168e+03  9.10851e-01  9.87017e-01
 1.65170e+03  9.42881e-01  9.87041e-01
 1.65172e+03  9.72108e-01  9.87064e-01
 1.65175e+03  9.94065e-01  9.87087e-01
 1.65177e+03  1.00115e+00  9.87110e-01
 1.65179e+03  1.00159e+00  9.87132e-01
 1.65181e+03  9.95407e-01  9.87153e-01
 1.65183e+03  9.80961e-01  9.87175e-01
 1.65185e+03  9.57193e-01  9.87195e-01
 1.65187e+03  9.31139e-01  9.87216e-01
 1.65189e+03  9.03011e-01  9.87235e-01
 1.65191e+03  8.71079e-01  9.87255e-01
 1.65193e+03  8.48688e-01  9.87273e-01
 1.65195e+03  8.33877e-01  9.87292e-01
 1.65197e+03  8.30802e-01  9.87309e-01
 1.65200e+03  8.35183e-01  9.87327e-01
 1.65202e+03  8.52421e-01  9.87344e-01
 1.65204e+03  8.78338e-01  9.87360e-01
 1.65206e+03  9.07197e-01  9.87376e-01
 1.65208e+03  9.35392e-01  9.87391e-01
 1.65210e+03  9.63229e-01  9.87406e-01
 1.65212e+03  9.83330e-01  9.87420e-01
 1.65214e+03  9.97357e-01  9.87434e-01
 1.65216e+03  1.00139e+00  9.87447e-01
 1.65218e+03  1.00314e+00  9.87460e-01
 1.65220e+03  1.00121e+00  9.87473e-01
 1.65222e+03  1.00173e+00  9.87484e-01
 1.65225e+03  1.00128e+00  9.87496e-01
 1.65227e+03  1.00275e+00  9.87507e-01
 1.65229e+03  1.00247e+00  9.87517e-01
 1.65231e+03  1.00152e+00  9.87527e-01
 1.65233e+03  1.00190e+00  9.87537e-01
 1.65235e+03  1.00243e+00  9.87546e-01
 1.65237e+03  1.00249e+00  9.87555e-01
 1.65239e+03  1.00222e+00  9.87563e-01
 1.65241e+03  1.00218e+00  9.87571e-01
 1.65243e+03  1.00216e+00  9.87579e-01
 1.65245e+03  1.00223e+00  9.87586e-01
 1.65247e+03  1.00329e+00  9.87593e-01
 1.65250e+03  1.00386e+00  9.87599e-01
 1.65252e+03  1.00265e+00  9.87605e-01
 1.65254e+03  1.00478e+00  9.87611e-01
 1.65256e+03  1.00289e+00  9.87616e-01
 1.65258e+03  1.00017e+00  9.87621e-01
 1.65260e+03  1.00352e+00  9.87625e-01
 1.65262e+03  1.00310e+00  9.87630e-01
 1.65264e+03  1.00118e+00  9.87634e-01
 1.65266e+03  1.00223e+00  9.87638e-01
 1.65268e+03  1.00154e+00  9.87641e-01
 1.65270e+03  1.00147e+00  9.87645e-01
 1.65272e+03  1.00171e+00  9.87648e-01
 1.65277e+03  9.98048e-01  9.87654e-01
 1.65279e+03  9.97233e-01  9.87657e-01
 1.65281e+03  9.99954e-01  9.87660e-01
 1.65285e+03  1.00248e+00  9.87667e-01
 1.65287e+03  1.00077e+00  9.87670e-01
