375
 4.83640e-02  9.99407e-01  1.00002e+00
 8.13412e-02  1.00039e+00  9.99994e-01
 1.06318e-01  1.00686e+00  9.99977e-01
 1.23296e-01  1.00117e+00  9.99966e-01
 1.41341e-01  1.00083e+00  9.99955e-01
 2.26761e-01  9.96823e-01  9.99900e-01
 3.16227e-01  9.98976e-01  9.99845e-01
 3.55341e-01  9.97402e-01  9.99821e-01
 3.83739e-01  1.00147e+00  9.99804e-01
 4.35296e-01  1.00011e+00  9.99773e-01
 4.62227e-01  9.96658e-01  9.99757e-01
 5.05739e-01  1.00454e+00  9.99732e-01
 5.26227e-01  1.00378e+00  9.99720e-01
 5.57250e-01  9.99403e-01  9.99702e-01
 6.20761e-01  1.00078e+00  9.99666e-01
 6.57296e-01  1.00292e+00  9.99645e-01
 6.91250e-01  9.99884e-01  9.99626e-01
 7.15250e-01  9.99594e-01  9.99612e-01
 7.46761e-01  1.00007e+00  9.99595e-01
 7.80807e-01  1.00020e+00  9.99576e-01
 8.27250e-01  9.98631e-01  9.99550e-01
 8.56318e-01  9.99937e-01  9.99534e-01
 8.88318e-01  1.00161e+00  9.99516e-01
 9.34807e-01  1.00049e+00  9.99491e-01
 9.53739e-01  1.00126e+00  9.99480e-01
 9.65341e-01  9.97270e-01  9.99474e-01
 9.78318e-01  1.00139e+00  9.99467e-01
 9.93739e-01  1.00225e+00  9.99459e-01
 1.00534e+00  9.99616e-01  9.99452e-01
 1.01783e+00  1.00229e+00  9.99446e-01
 1.04076e+00  1.00117e+00  9.99433e-01
 1.08720e+00  9.99983e-01  9.99409e-01
 1.11023e+00  1.00094e+00  9.99396e-01
 1.14841e+00  1.00414e+00  9.99376e-01
 1.19427e+00  9.98558e-01  9.99353e-01
 1.25027e+00  9.95402e-01  9.87870e-01
 1.26774e+00  9.84350e-01  9.76662e-01
 1.29885e+00  9.69048e-01  9.53360e-01
 1.35672e+00  9.22069e-01  9.26040e-01
 1.39418e+00  9.02744e-01  8.96372e-01
 1.42778e+00  8.88332e-01  8.90271e-01
 1.45023e+00  8.87308e-01  8.90262e-01
 1.48067e+00  8.94257e-01  8.90249e-01
 1.50818e+00  9.04052e-01  8.94969e-01
 1.55120e+00  9.29801e-01  9.28708e-01
 1.57618e+00  9.46548e-01  9.49990e-01
 1.59920e+00  9.62383e-01  9.47905e-01
 1.61920e+00  9.77638e-01  9.63417e-01
 1.64165e+00  9.92313e-01  9.79558e-01
 1.78823e+00  9.96628e-01  9.99160e-01
 1.84930e+00  9.97266e-01  9.99173e-01
 1.90276e+00  9.94384e-01  9.99195e-01
 1.96281e+00  9.95897e-01  9.99236e-01
 2.01725e+00  9.93441e-01  9.99290e-01
 2.06681e+00  9.98142e-01  9.99359e-01
 2.09130e+00  9.98328e-01  9.99400e-01
 2.13236e+00  9.98556e-01  9.99483e-01
 2.17418e+00  9.96049e-01  9.99587e-01
 2.27525e+00  9.97872e-01  9.99941e-01
 2.31134e+00  9.98646e-01  1.00011e+00
 2.32423e+00  1.00276e+00  1.00018e+00
 2.33681e+00  1.00337e+00  1.00025e+00
 2.35223e+00  1.00562e+00  1.00034e+00
 2.41720e+00  1.00534e+00  1.00078e+00
 2.45676e+00  1.00370e+00  1.00111e+00
 2.47472e+00  1.00316e+00  1.00128e+00
 2.49423e+00  1.00543e+00  1.00147e+00
 2.51169e+00  1.00280e+00  1.00166e+00
 2.52436e+00  1.00921e+00  1.00180e+00
 2.53676e+00  1.00171e+00  1.00194e+00
 2.54925e+00  1.00809e+00  1.00209e+00
 2.56427e+00  1.00569e+00  1.00228e+00
 2.59023e+00  1.00669e+00  1.00263e+00
 2.63969e+00  1.00441e+00  1.00336e+00
 2.68725e+00  1.00626e+00  1.00415e+00
 2.70169e+00  1.01186e+00  1.00440e+00
 2.71681e+00  1.00662e+00  1.00467e+00
 2.76627e+00  1.00813e+00  1.00559e+00
 2.81378e+00  1.00785e+00  1.00647e+00
 2.84423e+00  1.00728e+00  1.00701e+00
 2.89320e+00  1.00669e+00  1.00775e+00
 2.94934e+00  1.00644e+00  1.00827e+00
 2.97832e+00  1.00784e+00  1.00832e+00
 2.99423e+00  1.00268e+00  1.00828e+00
 3.00876e+00  1.00502e+00  1.00818e+00
 3.02925e+00  1.00560e+00  1.00795e+00
 3.04183e+00  9.99512e-01  1.00776e+00
 3.06672e+00  1.00037e+00  1.00723e+00
 3.16574e+00  9.99806e-01  1.00323e+00
 3.20227e+00  9.97600e-01  1.00109e+00
 3.22169e+00  9.98444e-01  9.99855e-01
 3.23730e+00  9.97646e-01  9.98831e-01
 3.29476e+00  9.95394e-01  9.95027e-01
 3.32578e+00  9.98781e-01  9.93106e-01
 3.34178e+00  9.97005e-01  9.92192e-01
 3.35778e+00  9.93926e-01  9.91346e-01
 3.39183e+00  9.83075e-01  9.89811e-01
 3.43734e+00  9.52754e-01  9.74530e-01
 3.45169e+00  9.23604e-01  9.47666e-01
 3.46436e+00  9.14447e-01  9.19278e-01
 3.47774e+00  8.90367e-01  9.14804e-01
 3.49169e+00  8.69447e-01  8.74257e-01
 3.50681e+00  8.57454e-01  8.37324e-01
 3.51930e+00  8.43591e-01  8.37388e-01
 3.53169e+00  8.35233e-01  8.37499e-01
 3.60778e+00  8.53577e-01  8.52247e-01
 3.62681e+00  8.73070e-01  9.09883e-01
 3.63930e+00  8.88824e-01  9.13456e-01
 3.65227e+00  9.10700e-01  9.43530e-01
 3.68783e+00  9.37717e-01  9.91980e-01
 3.71427e+00  9.78370e-01  9.92876e-01
 3.73925e+00  9.93137e-01  9.93717e-01
 3.75632e+00  9.97114e-01  9.94281e-01
 3.77925e+00  9.99288e-01  9.95017e-01
 3.79183e+00  9.93904e-01  9.95407e-01
 3.80578e+00  9.98549e-01  9.95829e-01
 3.83174e+00  9.96949e-01  9.96576e-01
 3.84978e+00  9.99066e-01  9.97064e-01
 3.86627e+00  9.99860e-01  9.97487e-01
 3.88374e+00  1.00092e+00  9.97911e-01
 3.93534e+00  9.99548e-01  9.99016e-01
 3.96632e+00  1.00063e+00  9.99576e-01
 3.98925e+00  1.00083e+00  9.99944e-01
 4.00436e+00  1.00206e+00  1.00017e+00
 4.04320e+00  1.00151e+00  1.00067e+00
 4.08183e+00  1.00025e+00  1.00107e+00
 4.09676e+00  9.99753e-01  1.00120e+00
 4.11178e+00  1.00095e+00  1.00133e+00
 4.14623e+00  1.00067e+00  1.00157e+00
 4.22081e+00  1.00024e+00  1.00194e+00
 4.27330e+00  1.00072e+00  1.00209e+00
 4.29730e+00  1.00199e+00  1.00214e+00
 4.31183e+00  1.00244e+00  1.00216e+00
 4.37427e+00  1.00201e+00  1.00221e+00
 4.43725e+00  1.00354e+00  1.00221e+00
 4.45930e+00  1.00629e+00  1.00220e+00
 4.48027e+00  1.00622e+00  1.00218e+00
 4.50125e+00  1.00334e+00  1.00217e+00
 4.54623e+00  1.00347e+00  1.00212e+00
 4.57676e+00  1.00943e+00  1.00208e+00
 4.58925e+00  1.00215e+00  1.00206e+00
 4.60183e+00  1.00945e+00  1.00205e+00
 4.61423e+00  9.99918e-01  1.00203e+00
 4.62827e+00  1.00616e+00  1.00201e+00
 4.64281e+00  1.00414e+00  1.00199e+00
 4.65876e+00  1.00585e+00  1.00196e+00
 4.68774e+00  1.00454e+00  1.00192e+00
 4.72432e+00  1.00564e+00  1.00186e+00
 4.74325e+00  1.00197e+00  1.00182e+00
 4.75681e+00  1.00716e+00  1.00180e+00
 4.76930e+00  1.00064e+00  1.00178e+00
 4.78169e+00  1.00728e+00  1.00176e+00
 4.81330e+00  1.00208e+00  1.00170e+00
 4.85378e+00  1.00269e+00  1.00164e+00
 4.88374e+00  1.00166e+00  1.00158e+00
 4.91720e+00  1.00310e+00  1.00153e+00
 4.98232e+00  1.00168e+00  1.00142e+00
 5.02174e+00  1.00145e+00  1.00136e+00
 5.10027e+00  1.00360e+00  1.00123e+00
 5.15783e+00  1.00362e+00  1.00115e+00
 5.21036e+00  1.00450e+00  1.00107e+00
 5.25885e+00  1.00151e+00  1.00101e+00
 5.32539e+00  1.00500e+00  1.00092e+00
 5.35730e+00  1.00123e+00  1.00088e+00
 5.41930e+00  1.00360e+00  1.00080e+00
 5.47841e+00  1.00211e+00  1.00073e+00
 5.53734e+00  1.00178e+00  1.00066e+00
 5.56934e+00  1.00145e+00  1.00063e+00
 5.63236e+00  9.99491e-01  1.00056e+00
 5.65730e+00  1.00343e+00  1.00054e+00
 5.68920e+00  1.00168e+00  1.00051e+00
 5.72081e+00  9.99004e-01  1.00048e+00
 5.74783e+00  9.98488e-01  1.00045e+00
 5.77730e+00  1.00339e+00  1.00042e+00
 5.84227e+00  9.98998e-01  1.00037e+00
 5.93627e+00  9.99618e-01  1.00029e+00
 5.97481e+00  9.98108e-01  1.00026e+00
 6.01890e+00  9.97076e-01  1.00022e+00
 6.06623e+00  1.00196e+00  1.00018e+00
 6.08730e+00  9.99403e-01  1.00017e+00
 6.11285e+00  9.98408e-01  1.00015e+00
 6.15485e+00  9.99133e-01  1.00012e+00
 6.19867e+00  9.99842e-01  1.00009e+00
 6.25903e+00  9.99657e-01  1.00004e+00
 6.29073e+00  1.00018e+00  1.00002e+00
 6.32477e+00  1.00044e+00  1.00000e+00
 6.38273e+00  1.00052e+00  9.99962e-01
 6.47166e+00  9.86871e-01  9.99905e-01
 6.48882e+00  9.97392e-01  9.99894e-01
 6.52326e+00  1.00199e+00  9.99873e-01
 6.55419e+00  1.00023e+00  9.99854e-01
 6.58073e+00  9.96806e-01  9.99837e-01
 6.60766e+00  9.96892e-01  9.99821e-01
 6.63068e+00  1.00035e+00  9.99807e-01
 6.76508e+00  1.00275e+00  9.99728e-01
 6.80313e+00  1.00062e+00  9.99706e-01
 6.82731e+00  9.99921e-01  9.99692e-01
 6.87219e+00  1.00044e+00  9.99666e-01
 6.91073e+00  1.00250e+00  9.99644e-01
 6.93566e+00  1.00066e+00  9.99630e-01
 6.96571e+00  9.98821e-01  9.99613e-01
 7.01166e+00  1.00259e+00  9.99588e-01
 7.05077e+00  1.00017e+00  9.99566e-01
 7.12082e+00  1.00171e+00  9.99527e-01
 7.14771e+00  1.00055e+00  9.99512e-01
 7.19971e+00  1.00044e+00  9.99484e-01
 7.22126e+00  9.98697e-01  9.99472e-01
 7.26419e+00  1.00151e+00  9.99449e-01
 7.30068e+00  9.99282e-01  9.99429e-01
 7.31726e+00  1.00086e+00  9.99421e-01
 7.32975e+00  9.94628e-01  9.99414e-01
 7.35610e+00  1.00181e+00  9.99400e-01
 7.38477e+00  1.00451e+00  9.99385e-01
 7.40824e+00  1.00181e+00  9.99373e-01
 7.43264e+00  9.95584e-01  9.99360e-01
 7.44677e+00  1.00296e+00  9.99353e-01
 7.46122e+00  9.98997e-01  9.99345e-01
 7.47771e+00  1.00156e+00  9.98787e-01
 7.49019e+00  9.97012e-01  9.94384e-01
 7.50571e+00  9.91809e-01  9.86101e-01
 7.51975e+00  9.91671e-01  9.76960e-01
 7.53313e+00  9.70008e-01  9.67315e-01
 7.54677e+00  9.70527e-01  9.56889e-01
 7.56122e+00  9.55115e-01  9.45569e-01
 7.58775e+00  9.36337e-01  9.44640e-01
 7.63615e+00  9.05698e-01  9.03349e-01
 7.66268e+00  8.94279e-01  8.90287e-01
 7.68615e+00  8.86480e-01  8.90268e-01
 7.70468e+00  8.83170e-01  8.90261e-01
 7.73913e+00  8.95327e-01  8.90247e-01
 7.78313e+00  9.14351e-01  9.10847e-01
 7.80917e+00  9.26861e-01  9.33576e-01
 7.84810e+00  9.62149e-01  9.45124e-01
 7.87259e+00  9.80074e-01  9.64132e-01
 7.89415e+00  9.93871e-01  9.79596e-01
 7.91464e+00  1.00340e+00  9.91800e-01
 7.94922e+00  9.95817e-01  9.99161e-01
 7.97517e+00  9.99163e-01  9.99159e-01
 8.07215e+00  9.98710e-01  9.99165e-01
 8.10628e+00  9.93672e-01  9.99174e-01
 8.16717e+00  9.95778e-01  9.99202e-01
 8.26517e+00  9.98273e-01  9.99285e-01
 8.29619e+00  9.99457e-01  9.99325e-01
 8.31815e+00  9.96568e-01  9.99357e-01
 8.34819e+00  9.99030e-01  9.99409e-01
 8.38277e+00  9.97951e-01  9.99479e-01
 8.46571e+00  9.96916e-01  9.99705e-01
 8.51917e+00  9.98563e-01  9.99904e-01
 8.54610e+00  9.98983e-01  1.00002e+00
 8.56571e+00  1.00074e+00  1.00012e+00
 8.59517e+00  1.00332e+00  1.00028e+00
 8.63361e+00  1.00001e+00  1.00052e+00
 8.64922e+00  1.00233e+00  1.00063e+00
 8.67122e+00  1.00504e+00  1.00079e+00
 8.69766e+00  1.00348e+00  1.00101e+00
 8.72117e+00  1.00004e+00  1.00122e+00
 8.73424e+00  1.00698e+00  1.00135e+00
 8.74917e+00  1.00811e+00  1.00150e+00
 8.81366e+00  1.00645e+00  1.00224e+00
 8.86566e+00  1.00756e+00  1.00296e+00
 8.89264e+00  1.00474e+00  1.00337e+00
 8.97126e+00  1.00606e+00  1.00471e+00
 9.01117e+00  1.00655e+00  1.00545e+00
 9.03166e+00  1.00887e+00  1.00583e+00
 9.05615e+00  1.00689e+00  1.00629e+00
 9.07624e+00  1.00476e+00  1.00665e+00
 9.09117e+00  1.00901e+00  1.00692e+00
 9.11019e+00  1.01064e+00  1.00723e+00
 9.15561e+00  1.00634e+00  1.00787e+00
 9.18966e+00  1.00697e+00  1.00820e+00
 9.20868e+00  1.00720e+00  1.00830e+00
 9.22361e+00  1.00637e+00  1.00833e+00
 9.24019e+00  1.00503e+00  1.00830e+00
 9.28877e+00  1.00170e+00  1.00785e+00
 9.33922e+00  9.98731e-01  1.00666e+00
 9.37326e+00  1.00399e+00  1.00541e+00
 9.38966e+00  9.97393e-01  1.00468e+00
 9.40615e+00  9.99478e-01  1.00387e+00
 9.42873e+00  1.00068e+00  1.00264e+00
 9.44326e+00  9.96793e-01  1.00179e+00
 9.45771e+00  9.99902e-01  1.00090e+00
 9.49868e+00  9.97887e-01  9.98237e-01
 9.51615e+00  9.91417e-01  9.97071e-01
 9.52873e+00  1.00065e+00  9.96234e-01
 9.54122e+00  9.91093e-01  9.95414e-01
 9.55517e+00  9.96729e-01  9.94518e-01
 9.57371e+00  9.96213e-01  9.93374e-01
 9.59526e+00  9.97775e-01  9.92135e-01
 9.61264e+00  9.93135e-01  9.91225e-01
 9.63526e+00  9.89181e-01  9.90180e-01
 9.67024e+00  9.67421e-01  9.88915e-01
 9.69171e+00  9.43200e-01  9.71418e-01
 9.70664e+00  9.21536e-01  9.42310e-01
 9.72117e+00  9.01220e-01  9.09008e-01
 9.73375e+00  8.89494e-01  9.05200e-01
 9.74664e+00  8.68336e-01  8.66435e-01
 9.76117e+00  8.51989e-01  8.37331e-01
 9.77375e+00  8.41710e-01  8.37403e-01
 9.78819e+00  8.32361e-01  8.37545e-01
 9.81473e+00  8.30296e-01  8.37955e-01
 9.84526e+00  8.38301e-01  8.38627e-01
 9.87815e+00  8.80093e-01  9.06812e-01
 9.90117e+00  9.09742e-01  9.35565e-01
 9.92428e+00  9.14040e-01  9.80716e-01
 9.93868e+00  9.48424e-01  9.91926e-01
 9.95117e+00  9.61489e-01  9.92348e-01
 9.96424e+00  9.72667e-01  9.92792e-01
 9.98473e+00  9.88446e-01  9.93484e-01
 1.00251e+01  9.96977e-01  9.94809e-01
 1.00802e+01  9.97831e-01  9.96466e-01
 1.01267e+01  1.00094e+00  9.97684e-01
 1.01536e+01  1.00016e+00  9.98309e-01
 1.01782e+01  9.99913e-01  9.98827e-01
 1.01947e+01  9.98382e-01  9.99148e-01
 1.02187e+01  9.99167e-01  9.99576e-01
 1.02327e+01  1.00086e+00  9.99804e-01
 1.02487e+01  1.00071e+00  1.00005e+00
 1.02732e+01  1.00032e+00  1.00039e+00
 1.03077e+01  1.00193e+00  1.00080e+00
 1.03493e+01  9.99746e-01  1.00120e+00
 1.03818e+01  1.00305e+00  1.00146e+00
 1.04061e+01  1.00207e+00  1.00162e+00
 1.04287e+01  9.99988e-01  1.00174e+00
 1.04438e+01  1.00017e+00  1.00182e+00
 1.04587e+01  1.00211e+00  1.00188e+00
 1.04736e+01  9.99372e-01  1.00194e+00
 1.05082e+01  9.99857e-01  1.00205e+00
 1.05731e+01  1.00161e+00  1.00217e+00
 1.06251e+01  1.00247e+00  1.00221e+00
 1.06417e+01  1.00139e+00  1.00222e+00
 1.06586e+01  1.00492e+00  1.00222e+00
 1.07021e+01  1.00312e+00  1.00220e+00
 1.07367e+01  1.00431e+00  1.00218e+00
 1.07756e+01  1.00619e+00  1.00215e+00
 1.07912e+01  1.00454e+00  1.00213e+00
 1.08111e+01  1.00240e+00  1.00210e+00
 1.08592e+01  1.00463e+00  1.00204e+00
 1.09101e+01  1.00445e+00  1.00196e+00
 1.09616e+01  1.00400e+00  1.00188e+00
 1.09792e+01  1.00396e+00  1.00185e+00
 1.10107e+01  1.00504e+00  1.00180e+00
 1.10597e+01  1.00334e+00  1.00171e+00
 1.10776e+01  1.00323e+00  1.00168e+00
 1.10961e+01  1.00288e+00  1.00165e+00
 1.11092e+01  1.00296e+00  1.00163e+00
 1.11238e+01  1.00331e+00  1.00161e+00
 1.11406e+01  1.00130e+00  1.00158e+00
 1.11852e+01  1.00317e+00  1.00150e+00
 1.12533e+01  1.00247e+00  1.00139e+00
 1.13098e+01  1.00313e+00  1.00130e+00
 1.13537e+01  1.00288e+00  1.00123e+00
 1.13906e+01  1.00241e+00  1.00118e+00
 1.14488e+01  1.00376e+00  1.00109e+00
 1.15007e+01  1.00290e+00  1.00102e+00
 1.15417e+01  1.00046e+00  1.00096e+00
 1.15753e+01  1.00616e+00  1.00092e+00
 1.16187e+01  1.00248e+00  1.00087e+00
 1.16492e+01  1.00159e+00  1.00083e+00
 1.16989e+01  1.00390e+00  1.00077e+00
 1.17773e+01  1.00193e+00  1.00068e+00
 1.18433e+01  1.00086e+00  1.00061e+00
 1.19492e+01  9.98939e-01  1.00050e+00
 1.19737e+01  1.00040e+00  1.00048e+00
 1.20238e+01  1.00162e+00  1.00043e+00
 1.20661e+01  1.00140e+00  1.00039e+00
 1.21222e+01  9.98403e-01  1.00034e+00
 1.21897e+01  1.00020e+00  1.00029e+00
 1.22303e+01  9.99218e-01  1.00025e+00
 1.22538e+01  9.97412e-01  1.00023e+00
 1.22728e+01  1.00021e+00  1.00022e+00
 1.22962e+01  9.99356e-01  1.00020e+00
 1.23168e+01  1.00437e+00  1.00019e+00
 1.23372e+01  9.97686e-01  1.00017e+00
 1.23603e+01  9.98322e-01  1.00015e+00
 1.24142e+01  9.99485e-01  1.00011e+00
