564
 3.15000e-03  1.00182e+00  9.99959e-01
 1.41860e-02  1.00251e+00  9.99959e-01
 2.16740e-02  1.00171e+00  9.99959e-01
 3.19880e-02  1.00271e+00  9.99959e-01
 4.00060e-02  1.00260e+00  9.99959e-01
 4.77350e-02  1.00321e+00  9.99958e-01
 5.84820e-02  1.00296e+00  9.99958e-01
 6.55660e-02  1.00280e+00  9.99958e-01
 7.76260e-02  1.00276e+00  9.99958e-01
 8.53790e-02  1.00286e+00  9.99958e-01
 9.39880e-02  1.00318e+00  9.99958e-01
 1.03379e-01  1.00257e+00  9.99958e-01
 1.12699e-01  1.00252e+00  9.99958e-01
 1.19620e-01  1.00184e+00  9.99958e-01
 1.31464e-01  1.00295e+00  9.99958e-01
 1.38307e-01  1.00154e+00  9.99958e-01
 1.49343e-01  1.00311e+00  9.99958e-01
 1.57837e-01  1.00158e+00  9.99958e-01
 1.68373e-01  1.00213e+00  9.99958e-01
 1.77783e-01  1.00163e+00  9.99958e-01
 1.84307e-01  1.00295e+00  9.99958e-01
 1.95090e-01  1.00234e+00  9.99958e-01
 2.03385e-01  1.00247e+00  9.99958e-01
 2.13433e-01  1.00243e+00  9.99958e-01
 2.22433e-01  1.00172e+00  9.99958e-01
 2.30235e-01  1.00248e+00  9.99958e-01
 2.42343e-01  1.00223e+00  9.99958e-01
 2.49524e-01  1.00275e+00  9.99958e-01
 2.60674e-01  1.00184e+00  9.99958e-01
 2.68747e-01  1.00338e+00  9.99958e-01
 2.75674e-01  1.00069e+00  9.99958e-01
 2.86482e-01  1.00314e+00  9.99958e-01
 2.92253e-01  1.00341e+00  9.99958e-01
 3.01253e-01  1.00069e+00  9.99958e-01
 3.10693e-01  9.99794e-01  9.99958e-01
 3.16729e-01  1.00389e+00  9.99958e-01
 3.27307e-01  1.00072e+00  9.99958e-01
 3.35066e-01  1.00049e+00  9.99958e-01
 3.42934e-01  1.00573e+00  9.99958e-01
 3.53199e-01  1.00077e+00  9.99958e-01
 3.62409e-01  1.00383e+00  9.99958e-01
 3.70385e-01  9.99986e-01  9.99958e-01
 3.80084e-01  1.00445e+00  9.99958e-01
 3.85729e-01  1.00029e+00  9.99958e-01
 3.94747e-01  1.00018e+00  9.99958e-01
 4.04012e-01  1.00081e+00  9.99958e-01
 4.09885e-01  1.00017e+00  9.99958e-01
 4.19608e-01  9.99876e-01  9.99958e-01
 4.28247e-01  9.99803e-01  9.99958e-01
 4.38175e-01  9.99880e-01  9.99958e-01
 4.49771e-01  9.99242e-01  9.99958e-01
 4.58861e-01  9.99768e-01  9.99958e-01
 4.70241e-01  9.99241e-01  9.99958e-01
 4.77415e-01  9.99333e-01  9.99958e-01
 4.89512e-01  9.99990e-01  9.99958e-01
 4.98542e-01  9.99465e-01  9.99958e-01
 5.08494e-01  9.99949e-01  9.99958e-01
 5.19427e-01  9.99178e-01  9.99958e-01
 5.27831e-01  1.00026e+00  9.99958e-01
 5.38638e-01  9.99837e-01  9.99958e-01
 5.45572e-01  9.99914e-01  9.99958e-01
 5.55427e-01  9.99435e-01  9.99958e-01
 5.62885e-01  9.99311e-01  9.99958e-01
 5.70385e-01  9.99199e-01  9.99958e-01
 5.81482e-01  9.99152e-01  9.99958e-01
 5.88885e-01  9.99676e-01  9.99958e-01
 5.99518e-01  9.99148e-01  9.99958e-01
 6.10668e-01  9.99964e-01  9.99958e-01
 6.20861e-01  9.98977e-01  9.99958e-01
 6.32572e-01  9.99239e-01  9.99958e-01
 6.42409e-01  9.99270e-01  9.99958e-01
 6.53247e-01  9.98768e-01  9.99958e-01
 6.59253e-01  9.98853e-01  9.99958e-01
 6.68873e-01  9.99300e-01  9.99958e-01
 6.77729e-01  9.99970e-01  9.99958e-01
 6.86458e-01  9.98883e-01  9.99958e-01
 6.97379e-01  1.00029e+00  9.99958e-01
 7.04440e-01  9.98452e-01  9.99958e-01
 7.15608e-01  1.00023e+00  9.99958e-01
 7.24102e-01  9.99160e-01  9.99958e-01
 7.34205e-01  9.99312e-01  9.99958e-01
 7.44801e-01  9.99700e-01  9.99957e-01
 7.53283e-01  1.00035e+00  9.99957e-01
 7.65168e-01  9.99803e-01  9.99957e-01
 7.72427e-01  9.98857e-01  9.99957e-01
 7.81277e-01  9.99532e-01  9.99957e-01
 7.89693e-01  9.99193e-01  9.99957e-01
 7.95909e-01  9.98931e-01  9.99957e-01
 8.06458e-01  9.98677e-01  9.99957e-01
 8.14464e-01  9.98429e-01  9.99957e-01
 8.21512e-01  9.99960e-01  9.99957e-01
 8.32355e-01  9.98076e-01  9.99957e-01
 8.38825e-01  1.00019e+00  9.99957e-01
 8.46940e-01  9.99012e-01  9.99957e-01
 8.55873e-01  1.00003e+00  9.99957e-01
 8.63150e-01  1.00130e+00  9.99957e-01
 8.71440e-01  9.99366e-01  9.99957e-01
 8.79662e-01  1.00259e+00  9.99957e-01
 8.86150e-01  1.00056e+00  9.99957e-01
 8.95536e-01  9.99664e-01  9.99957e-01
 9.05464e-01  9.99332e-01  9.99957e-01
 9.13253e-01  9.99494e-01  9.99957e-01
 9.22747e-01  1.00115e+00  9.99957e-01
 9.29590e-01  9.99703e-01  9.99957e-01
 9.37150e-01  1.00128e+00  9.99957e-01
 9.46903e-01  9.99145e-01  9.99957e-01
 9.54199e-01  9.99772e-01  9.99957e-01
 9.62885e-01  1.00100e+00  9.99957e-01
 9.71271e-01  9.99715e-01  9.99957e-01
 9.78470e-01  1.00073e+00  9.99957e-01
 9.87849e-01  9.99283e-01  9.99957e-01
 9.96018e-01  9.99664e-01  9.99957e-01
 1.00354e+00  1.00025e+00  9.99957e-01
 1.01393e+00  9.99595e-01  9.99957e-01
 1.02133e+00  9.99753e-01  9.99957e-01
 1.02936e+00  9.99116e-01  9.99957e-01
 1.03848e+00  1.00053e+00  9.99957e-01
 1.04411e+00  9.99111e-01  9.99957e-01
 1.05279e+00  1.00022e+00  9.99957e-01
 1.06133e+00  9.99133e-01  9.99957e-01
 1.06715e+00  1.00032e+00  9.99957e-01
 1.07886e+00  9.99437e-01  9.99957e-01
 1.08608e+00  9.98964e-01  9.99957e-01
 1.09372e+00  1.00054e+00  9.99957e-01
 1.10422e+00  9.99157e-01  9.99957e-01
 1.11170e+00  9.99873e-01  9.99957e-01
 1.12025e+00  9.99492e-01  9.99957e-01
 1.13085e+00  1.00022e+00  9.99957e-01
 1.13804e+00  9.99038e-01  9.99957e-01
 1.14924e+00  1.00011e+00  9.99957e-01
 1.15532e+00  9.99043e-01  9.99957e-01
 1.16299e+00  9.99092e-01  9.99957e-01
 1.17293e+00  1.00007e+00  9.99957e-01
 1.18031e+00  9.99184e-01  9.99957e-01
 1.18941e+00  9.99864e-01  9.99957e-01
 1.19751e+00  9.98782e-01  9.99957e-01
 1.20378e+00  9.99306e-01  9.99957e-01
 1.21390e+00  9.99110e-01  9.99957e-01
 1.22472e+00  1.00053e+00  9.99957e-01
 1.23480e+00  9.98597e-01  9.99957e-01
 1.24464e+00  9.99594e-01  9.99957e-01
 1.25220e+00  9.99450e-01  9.99957e-01
 1.26280e+00  9.99402e-01  9.99957e-01
 1.27058e+00  1.00044e+00  9.99957e-01
 1.27762e+00  9.98682e-01  9.99957e-01
 1.28841e+00  9.99883e-01  9.99957e-01
 1.29512e+00  9.98592e-01  9.99957e-01
 1.30419e+00  9.98999e-01  9.99957e-01
 1.31272e+00  9.99584e-01  9.99957e-01
 1.31939e+00  9.99560e-01  9.99957e-01
 1.33013e+00  1.00027e+00  9.99957e-01
 1.33738e+00  9.99827e-01  9.99957e-01
 1.34493e+00  1.00055e+00  9.99957e-01
 1.35622e+00  9.99696e-01  9.99957e-01
 1.36446e+00  9.99465e-01  9.99957e-01
 1.37422e+00  9.99647e-01  9.99957e-01
 1.38270e+00  9.99282e-01  9.99957e-01
 1.39284e+00  9.99307e-01  9.99957e-01
 1.40369e+00  9.98424e-01  9.99957e-01
 1.41101e+00  9.98993e-01  9.99957e-01
 1.42182e+00  9.99862e-01  9.99957e-01
 1.42993e+00  9.99230e-01  9.99957e-01
 1.43683e+00  9.99048e-01  9.99957e-01
 1.44711e+00  9.99389e-01  9.99957e-01
 1.45367e+00  9.99479e-01  9.99957e-01
 1.46556e+00  9.98657e-01  9.99957e-01
 1.47425e+00  9.99755e-01  9.99957e-01
 1.48401e+00  9.99738e-01  9.99957e-01
 1.49330e+00  1.00019e+00  9.99957e-01
 1.50025e+00  9.99626e-01  9.99957e-01
 1.50917e+00  1.00007e+00  9.99957e-01
 1.51898e+00  1.00022e+00  9.99957e-01
 1.52720e+00  1.00051e+00  9.99957e-01
 1.53958e+00  9.99689e-01  9.99957e-01
 1.54944e+00  1.00020e+00  9.99957e-01
 1.56195e+00  9.99114e-01  9.99957e-01
 1.56751e+00  1.00009e+00  9.99957e-01
 1.57867e+00  9.98154e-01  9.99957e-01
 1.58751e+00  9.99871e-01  9.99957e-01
 1.59844e+00  9.98583e-01  9.99957e-01
 1.60935e+00  9.99904e-01  9.99956e-01
 1.61860e+00  1.00010e+00  9.99956e-01
 1.63014e+00  9.99951e-01  9.99956e-01
 1.64083e+00  1.00016e+00  9.99956e-01
 1.65187e+00  9.99890e-01  9.99956e-01
 1.65980e+00  1.00014e+00  9.99956e-01
 1.67134e+00  1.00035e+00  9.99956e-01
 1.67935e+00  1.00016e+00  9.99956e-01
 1.68790e+00  9.99956e-01  9.99956e-01
 1.69848e+00  1.00012e+00  9.99956e-01
 1.70664e+00  9.99881e-01  9.99956e-01
 1.71687e+00  1.00000e+00  9.99956e-01
 1.72430e+00  9.99213e-01  9.99956e-01
 1.73566e+00  1.00002e+00  9.99956e-01
 1.74652e+00  9.99954e-01  9.99956e-01
 1.75527e+00  9.99726e-01  9.99956e-01
 1.76540e+00  1.00053e+00  9.99956e-01
 1.77296e+00  1.00003e+00  9.99956e-01
 1.78274e+00  1.00010e+00  9.99956e-01
 1.79201e+00  9.99963e-01  9.99956e-01
 1.79895e+00  1.00006e+00  9.99956e-01
 1.81055e+00  1.00028e+00  9.99956e-01
 1.81638e+00  9.99298e-01  9.99956e-01
 1.82701e+00  9.99355e-01  9.99956e-01
 1.83656e+00  9.99449e-01  9.99956e-01
 1.84526e+00  9.99729e-01  9.99956e-01
 1.85589e+00  9.99998e-01  9.99956e-01
 1.86523e+00  9.99983e-01  9.99956e-01
 1.87653e+00  9.99656e-01  9.99956e-01
 1.88307e+00  9.99915e-01  9.99956e-01
 1.89048e+00  1.00045e+00  9.99956e-01
 1.90006e+00  9.99678e-01  9.99956e-01
 1.90738e+00  9.99428e-01  9.99956e-01
 1.91588e+00  9.99870e-01  9.99956e-01
 1.92633e+00  9.99538e-01  9.99956e-01
 1.93596e+00  1.00026e+00  9.99956e-01
 1.94624e+00  9.99752e-01  9.99956e-01
 1.95507e+00  9.99648e-01  9.99956e-01
 1.96705e+00  1.00039e+00  9.99956e-01
 1.97420e+00  1.00038e+00  9.99956e-01
 1.98228e+00  1.00094e+00  9.99956e-01
 1.99284e+00  1.00055e+00  9.99956e-01
 2.00036e+00  9.99645e-01  9.99956e-01
 2.01130e+00  1.00025e+00  9.99956e-01
 2.01943e+00  1.00006e+00  9.99956e-01
 2.02707e+00  9.99578e-01  9.99956e-01
 2.03780e+00  9.99290e-01  9.99956e-01
 2.04511e+00  9.99495e-01  9.99956e-01
 2.05741e+00  1.00020e+00  9.99956e-01
 2.06556e+00  1.00011e+00  9.99956e-01
 2.07870e+00  1.00002e+00  9.99956e-01
 2.08742e+00  1.00010e+00  9.99956e-01
 2.09875e+00  1.00066e+00  9.99956e-01
 2.10964e+00  9.99596e-01  9.99956e-01
 2.11715e+00  1.00036e+00  9.99956e-01
 2.12734e+00  1.00038e+00  9.99956e-01
 2.13520e+00  1.00039e+00  9.99956e-01
 2.14801e+00  1.00020e+00  9.99956e-01
 2.15617e+00  1.00077e+00  9.99956e-01
 2.16499e+00  9.99414e-01  9.99956e-01
 2.17510e+00  1.00027e+00  9.99956e-01
 2.18318e+00  1.00005e+00  9.99956e-01
 2.19282e+00  1.00012e+00  9.99956e-01
 2.20238e+00  1.00023e+00  9.99956e-01
 2.21169e+00  9.99478e-01  9.99956e-01
 2.22182e+00  9.99959e-01  9.99956e-01
 2.23020e+00  9.99852e-01  9.99956e-01
 2.24125e+00  1.00011e+00  9.99956e-01
 2.24890e+00  9.99814e-01  9.99956e-01
 2.25867e+00  1.00002e+00  9.99956e-01
 2.26835e+00  1.00016e+00  9.99956e-01
 2.27599e+00  9.99840e-01  9.99956e-01
 2.28848e+00  9.99871e-01  9.99956e-01
 2.29604e+00  1.00060e+00  9.99956e-01
 2.30806e+00  1.00048e+00  9.99956e-01
 2.31519e+00  9.99842e-01  9.99956e-01
 2.32488e+00  1.00015e+00  9.99956e-01
 2.33429e+00  9.99812e-01  9.99956e-01
 2.34275e+00  1.00073e+00  9.99956e-01
 2.35411e+00  1.00029e+00  9.99956e-01
 2.36096e+00  1.00082e+00  9.99956e-01
 2.37088e+00  1.00022e+00  9.99956e-01
 2.38098e+00  1.00044e+00  9.99956e-01
 2.38907e+00  1.00047e+00  9.99956e-01
 2.39882e+00  9.99490e-01  9.99956e-01
 2.40632e+00  1.00061e+00  9.99956e-01
 2.41604e+00  9.99534e-01  9.99956e-01
 2.42706e+00  1.00092e+00  9.99956e-01
 2.43512e+00  1.00042e+00  9.99956e-01
 2.44537e+00  1.00101e+00  9.99956e-01
 2.45507e+00  1.00047e+00  9.99956e-01
 2.46563e+00  1.00143e+00  9.99956e-01
 2.47476e+00  1.00120e+00  9.99956e-01
 2.48380e+00  1.00092e+00  9.99956e-01
 2.49411e+00  1.00198e+00  9.99956e-01
 2.50112e+00  1.00091e+00  9.99956e-01
 2.51403e+00  1.00168e+00  9.99956e-01
 2.52138e+00  1.00090e+00  9.99956e-01
 2.53164e+00  1.00159e+00  9.99956e-01
 2.54214e+00  1.00215e+00  9.99956e-01
 2.55141e+00  1.00146e+00  9.99956e-01
 2.56264e+00  1.00262e+00  9.99956e-01
 2.57104e+00  1.00182e+00  9.99956e-01
 2.58208e+00  1.00251e+00  9.99956e-01
 2.58957e+00  1.00171e+00  9.99956e-01
 2.59988e+00  1.00271e+00  9.99956e-01
 2.60790e+00  1.00260e+00  9.99956e-01
 2.61563e+00  1.00321e+00  9.99956e-01
 2.62637e+00  1.00296e+00  9.99956e-01
 2.63346e+00  1.00280e+00  9.99956e-01
 2.64552e+00  1.00276e+00  9.99956e-01
 2.65327e+00  1.00286e+00  9.99956e-01
 2.66188e+00  1.00318e+00  9.99956e-01
 2.67127e+00  1.00257e+00  9.99956e-01
 2.68059e+00  1.00252e+00  9.99956e-01
 2.68751e+00  1.00184e+00  9.99956e-01
 2.69936e+00  1.00295e+00  9.99956e-01
 2.70620e+00  1.00154e+00  9.99956e-01
 2.71724e+00  1.00311e+00  9.99956e-01
 2.72573e+00  1.00158e+00  9.99956e-01
 2.73626e+00  1.00213e+00  9.99956e-01
 2.74567e+00  1.00163e+00  9.99956e-01
 2.75220e+00  1.00295e+00  9.99956e-01
 2.76298e+00  1.00234e+00  9.99956e-01
 2.77128e+00  1.00247e+00  9.99956e-01
 2.78132e+00  1.00243e+00  9.99956e-01
 2.79033e+00  1.00172e+00  9.99955e-01
 2.79813e+00  1.00248e+00  9.99955e-01
 2.81024e+00  1.00223e+00  9.99955e-01
 2.81742e+00  1.00275e+00  9.99955e-01
 2.82857e+00  1.00184e+00  9.99955e-01
 2.83664e+00  1.00338e+00  9.99955e-01
 2.84357e+00  1.00069e+00  9.99955e-01
 2.85437e+00  1.00314e+00  9.99955e-01
 2.86014e+00  1.00341e+00  9.99955e-01
 2.86914e+00  1.00069e+00  9.99955e-01
 2.87858e+00  9.99794e-01  9.99955e-01
 2.88462e+00  1.00389e+00  9.99955e-01
 2.89520e+00  1.00072e+00  9.99955e-01
 2.90296e+00  1.00049e+00  9.99955e-01
 2.91082e+00  1.00573e+00  9.99955e-01
 2.92109e+00  1.00077e+00  9.99955e-01
 2.93030e+00  1.00383e+00  9.99955e-01
 2.93828e+00  9.99986e-01  9.99955e-01
 2.94798e+00  1.00445e+00  9.99955e-01
 2.95362e+00  1.00029e+00  9.99955e-01
 2.96264e+00  1.00018e+00  9.99955e-01
 2.97190e+00  1.00081e+00  9.99955e-01
 2.97778e+00  1.00017e+00  9.99955e-01
 2.98750e+00  9.99876e-01  9.99955e-01
 2.99614e+00  9.99803e-01  9.99955e-01
 3.00607e+00  9.99880e-01  9.99955e-01
 3.01766e+00  9.99242e-01  9.99955e-01
 3.02675e+00  9.99768e-01  9.99955e-01
 3.03813e+00  9.99241e-01  9.99955e-01
 3.04531e+00  9.99333e-01  9.99955e-01
 3.05740e+00  9.99990e-01  9.99955e-01
 3.06643e+00  9.99465e-01  9.99955e-01
 3.07639e+00  9.99949e-01  9.99955e-01
 3.08732e+00  9.99178e-01  9.99955e-01
 3.09572e+00  1.00026e+00  9.99955e-01
 3.10653e+00  9.99837e-01  9.99955e-01
 3.11346e+00  9.99914e-01  9.99955e-01
 3.12332e+00  9.99435e-01  9.99955e-01
 3.13078e+00  9.99311e-01  9.99955e-01
 3.13828e+00  9.99199e-01  9.99955e-01
 3.14937e+00  9.99152e-01  9.99955e-01
 3.15678e+00  9.99676e-01  9.99955e-01
 3.16741e+00  9.99148e-01  9.99955e-01
 3.17856e+00  9.99964e-01  9.99955e-01
 3.18875e+00  9.98977e-01  9.99955e-01
 3.20046e+00  9.99239e-01  9.99955e-01
 3.21030e+00  9.99270e-01  9.99955e-01
 3.22114e+00  9.98768e-01  9.99955e-01
 3.22714e+00  9.98853e-01  9.99955e-01
 3.23677e+00  9.99300e-01  9.99955e-01
 3.24562e+00  9.99970e-01  9.99955e-01
 3.25435e+00  9.98883e-01  9.99955e-01
 3.26527e+00  1.00029e+00  9.99955e-01
 3.27233e+00  9.98452e-01  9.99955e-01
 3.28350e+00  1.00023e+00  9.99955e-01
 3.29199e+00  9.99160e-01  9.99955e-01
 3.30210e+00  9.99312e-01  9.99955e-01
 3.31269e+00  9.99700e-01  9.99955e-01
 3.32118e+00  1.00035e+00  9.99955e-01
 3.33306e+00  9.99803e-01  9.99955e-01
 3.34032e+00  9.98857e-01  9.99955e-01
 3.34917e+00  9.99532e-01  9.99955e-01
 3.35758e+00  9.99193e-01  9.99955e-01
 3.36380e+00  9.98931e-01  9.99955e-01
 3.37435e+00  9.98677e-01  9.99955e-01
 3.38236e+00  9.98429e-01  9.99955e-01
 3.38940e+00  9.99960e-01  9.99955e-01
 3.40025e+00  9.98076e-01  9.99955e-01
 3.40672e+00  1.00019e+00  9.99955e-01
 3.41483e+00  9.99012e-01  9.99955e-01
 3.42376e+00  1.00003e+00  9.99955e-01
 3.43104e+00  1.00130e+00  9.99955e-01
 3.43933e+00  9.99366e-01  9.99955e-01
 3.44755e+00  1.00259e+00  9.99955e-01
 3.45404e+00  1.00056e+00  9.99955e-01
 3.46343e+00  9.99664e-01  9.99955e-01
 3.47336e+00  9.99332e-01  9.99955e-01
 3.48114e+00  9.99494e-01  9.99955e-01
 3.49064e+00  1.00115e+00  9.99955e-01
 3.49748e+00  9.99703e-01  9.99955e-01
 3.50504e+00  1.00128e+00  9.99955e-01
 3.51479e+00  9.99145e-01  9.99955e-01
 3.52209e+00  9.99772e-01  9.99955e-01
 3.53078e+00  1.00100e+00  9.99955e-01
 3.53916e+00  9.99715e-01  9.99955e-01
 3.54636e+00  1.00073e+00  9.99955e-01
 3.55574e+00  9.99283e-01  9.99955e-01
 3.56391e+00  9.99664e-01  9.99955e-01
 3.57143e+00  1.00025e+00  9.99955e-01
 3.58182e+00  9.99595e-01  9.99955e-01
 3.58922e+00  9.99753e-01  9.99955e-01
 3.59725e+00  9.99116e-01  9.99955e-01
 3.60637e+00  1.00053e+00  9.99955e-01
 3.61201e+00  9.99111e-01  9.99955e-01
 3.62069e+00  1.00022e+00  9.99955e-01
 3.62922e+00  9.99133e-01  9.99955e-01
 3.63504e+00  1.00032e+00  9.99955e-01
 3.64675e+00  9.99437e-01  9.99955e-01
 3.65398e+00  9.98964e-01  9.99955e-01
 3.66161e+00  1.00054e+00  9.99955e-01
 3.67211e+00  9.99157e-01  9.99955e-01
 3.67959e+00  9.99873e-01  9.99955e-01
 3.68814e+00  9.99492e-01  9.99955e-01
 3.69874e+00  1.00022e+00  9.99955e-01
 3.70593e+00  9.99038e-01  9.99955e-01
 3.71713e+00  1.00011e+00  9.99955e-01
 3.72322e+00  9.99043e-01  9.99955e-01
 3.73088e+00  9.99092e-01  9.99955e-01
 3.74082e+00  1.00007e+00  9.99955e-01
 3.74820e+00  9.99184e-01  9.99955e-01
 3.75730e+00  9.99864e-01  9.99955e-01
 3.76540e+00  9.98782e-01  9.99955e-01
 3.77167e+00  9.99306e-01  9.99955e-01
 3.78179e+00  9.99110e-01  9.99955e-01
 3.79261e+00  1.00053e+00  9.99955e-01
 3.80269e+00  9.98597e-01  9.99955e-01
 3.81253e+00  9.99594e-01  9.99955e-01
 3.82009e+00  9.99450e-01  9.99955e-01
 3.83069e+00  9.99402e-01  9.99955e-01
 3.83848e+00  1.00044e+00  9.99955e-01
 3.84551e+00  9.98682e-01  9.99955e-01
 3.85630e+00  9.99883e-01  9.99955e-01
 3.86301e+00  9.98592e-01  9.99955e-01
 3.87208e+00  9.98999e-01  9.99955e-01
 3.88061e+00  9.99584e-01  9.99955e-01
 3.88728e+00  9.99560e-01  9.99955e-01
 3.89802e+00  1.00027e+00  9.99955e-01
 3.90527e+00  9.99827e-01  9.99955e-01
 3.91283e+00  1.00055e+00  9.99955e-01
 3.92411e+00  9.99696e-01  9.99955e-01
 3.93235e+00  9.99465e-01  9.99955e-01
 3.94211e+00  9.99647e-01  9.99955e-01
 3.95059e+00  9.99282e-01  9.99955e-01
 3.96073e+00  9.99307e-01  9.99955e-01
 3.97158e+00  9.98424e-01  9.99955e-01
 3.97890e+00  9.98993e-01  9.99955e-01
 3.98971e+00  9.99862e-01  9.99955e-01
 3.99783e+00  9.99230e-01  9.99955e-01
 4.00472e+00  9.99048e-01  9.99955e-01
 4.01501e+00  9.99389e-01  9.99955e-01
 4.02156e+00  9.99479e-01  9.99955e-01
 4.03345e+00  9.98657e-01  9.99955e-01
 4.04214e+00  9.99755e-01  9.99955e-01
 4.05190e+00  9.99738e-01  9.99955e-01
 4.06119e+00  1.00019e+00  9.99955e-01
 4.06814e+00  9.99626e-01  9.99955e-01
 4.07706e+00  1.00007e+00  9.99955e-01
 4.08687e+00  1.00022e+00  9.99955e-01
 4.09509e+00  1.00051e+00  9.99955e-01
 4.10748e+00  9.99689e-01  9.99955e-01
 4.11733e+00  1.00020e+00  9.99955e-01
 4.12984e+00  9.99114e-01  9.99955e-01
 4.13540e+00  1.00009e+00  9.99955e-01
 4.14656e+00  9.98154e-01  9.99955e-01
 4.15540e+00  9.99871e-01  9.99955e-01
 4.16633e+00  9.98583e-01  9.99955e-01
 4.17724e+00  9.99904e-01  9.99955e-01
 4.18649e+00  1.00010e+00  9.99955e-01
 4.19804e+00  9.99951e-01  9.99955e-01
 4.20872e+00  1.00016e+00  9.99955e-01
 4.21976e+00  9.99890e-01  9.99955e-01
 4.22769e+00  1.00014e+00  9.99955e-01
 4.23923e+00  1.00035e+00  9.99955e-01
 4.24725e+00  1.00016e+00  9.99955e-01
 4.25579e+00  9.99956e-01  9.99955e-01
 4.26637e+00  1.00012e+00  9.99955e-01
 4.27454e+00  9.99881e-01  9.99955e-01
 4.28477e+00  1.00000e+00  9.99955e-01
 4.29219e+00  9.99213e-01  9.99955e-01
 4.30355e+00  1.00002e+00  9.99955e-01
 4.31442e+00  9.99954e-01  9.99955e-01
 4.32316e+00  9.99726e-01  9.99955e-01
 4.33329e+00  1.00053e+00  9.99955e-01
 4.34086e+00  1.00003e+00  9.99955e-01
 4.35063e+00  1.00010e+00  9.99955e-01
 4.35990e+00  9.99963e-01  9.99955e-01
 4.36684e+00  1.00006e+00  9.99955e-01
 4.37845e+00  1.00028e+00  9.99955e-01
 4.38428e+00  9.99298e-01  9.99955e-01
 4.39490e+00  9.99355e-01  9.99955e-01
 4.40445e+00  9.99449e-01  9.99955e-01
 4.41316e+00  9.99729e-01  9.99955e-01
 4.42378e+00  9.99998e-01  9.99955e-01
 4.43312e+00  9.99983e-01  9.99955e-01
 4.44442e+00  9.99656e-01  9.99955e-01
 4.45096e+00  9.99915e-01  9.99955e-01
 4.45837e+00  1.00045e+00  9.99955e-01
 4.46795e+00  9.99678e-01  9.99955e-01
 4.47527e+00  9.99428e-01  9.99955e-01
 4.48377e+00  9.99870e-01  9.99955e-01
 4.49422e+00  9.99538e-01  9.99955e-01
 4.50385e+00  1.00026e+00  9.99955e-01
 4.51413e+00  9.99752e-01  9.99955e-01
 4.52296e+00  9.99648e-01  9.99955e-01
 4.53494e+00  1.00039e+00  9.99955e-01
 4.54209e+00  1.00038e+00  9.99955e-01
 4.55017e+00  1.00094e+00  9.99955e-01
 4.56074e+00  1.00055e+00  9.99955e-01
 4.56825e+00  9.99645e-01  9.99955e-01
 4.57919e+00  1.00025e+00  9.99955e-01
 4.58732e+00  1.00006e+00  9.99955e-01
 4.59496e+00  9.99578e-01  9.99955e-01
 4.60569e+00  9.99290e-01  9.99955e-01
 4.61301e+00  9.99495e-01  9.99955e-01
 4.62530e+00  1.00020e+00  9.99955e-01
 4.63345e+00  1.00011e+00  9.99955e-01
 4.64659e+00  1.00002e+00  9.99955e-01
 4.65531e+00  1.00010e+00  9.99955e-01
 4.66664e+00  1.00066e+00  9.99955e-01
 4.67753e+00  9.99596e-01  9.99955e-01
 4.68504e+00  1.00036e+00  9.99955e-01
 4.69524e+00  1.00038e+00  9.99955e-01
 4.70309e+00  1.00039e+00  9.99955e-01
 4.71590e+00  1.00020e+00  9.99955e-01
 4.72406e+00  1.00077e+00  9.99955e-01
 4.73288e+00  9.99414e-01  9.99955e-01
 4.74299e+00  1.00027e+00  9.99955e-01
 4.75107e+00  1.00005e+00  9.99955e-01
 4.76071e+00  1.00012e+00  9.99955e-01
 4.77027e+00  1.00023e+00  9.99955e-01
 4.77958e+00  9.99478e-01  9.99955e-01
 4.78971e+00  9.99959e-01  9.99955e-01
 4.79809e+00  9.99852e-01  9.99955e-01
 4.80914e+00  1.00011e+00  9.99955e-01
 4.81679e+00  9.99814e-01  9.99955e-01
 4.82656e+00  1.00002e+00  9.99955e-01
 4.83624e+00  1.00016e+00  9.99955e-01
 4.84388e+00  9.99840e-01  9.99955e-01
 4.85637e+00  9.99871e-01  9.99955e-01
 4.86393e+00  1.00060e+00  9.99955e-01
 4.87595e+00  1.00048e+00  9.99955e-01
 4.88308e+00  9.99842e-01  9.99955e-01
 4.89277e+00  1.00015e+00  9.99955e-01
 4.90218e+00  9.99812e-01  9.99955e-01
 4.91064e+00  1.00073e+00  9.99955e-01
 4.92201e+00  1.00029e+00  9.99955e-01
 4.92885e+00  1.00082e+00  9.99954e-01
 4.93877e+00  1.00022e+00  9.99954e-01
 4.94887e+00  1.00044e+00  9.99954e-01
 4.95696e+00  1.00047e+00  9.99954e-01
 4.96671e+00  9.99490e-01  9.99954e-01
 4.97422e+00  1.00061e+00  9.99954e-01
 4.98393e+00  9.99534e-01  9.99954e-01
 4.99495e+00  1.00092e+00  9.99954e-01
 5.00301e+00  1.00042e+00  9.99954e-01
 5.01326e+00  1.00101e+00  9.99954e-01
 5.02296e+00  1.00047e+00  9.99954e-01
 5.03352e+00  1.00143e+00  9.99954e-01
 5.04265e+00  1.00120e+00  9.99954e-01
 5.05169e+00  1.00092e+00  9.99954e-01
 5.06201e+00  1.00198e+00  9.99954e-01
 5.06901e+00  1.00091e+00  9.99954e-01
 5.08192e+00  1.00168e+00  9.99954e-01
 5.08928e+00  1.00090e+00  9.99954e-01
 5.09954e+00  1.00159e+00  9.99954e-01
 5.11003e+00  1.00215e+00  9.99954e-01
 5.11930e+00  1.00146e+00  9.99954e-01
 5.13054e+00  1.00262e+00  9.99954e-01
