624
 1.90376e-02  1.01008e+00  1.00746e+00
 6.46024e-02  1.00749e+00  1.00688e+00
 8.52920e-02  1.00781e+00  1.00649e+00
 9.54264e-02  1.00813e+00  1.00627e+00
 1.28051e-01  1.00801e+00  1.00550e+00
 1.40598e-01  1.00731e+00  1.00518e+00
 1.81262e-01  1.00607e+00  1.00411e+00
 2.06407e-01  1.00734e+00  1.00344e+00
 2.26298e-01  1.00532e+00  1.00292e+00
 2.49152e-01  1.00432e+00  1.00235e+00
 2.65048e-01  1.00383e+00  1.00197e+00
 2.86342e-01  1.00359e+00  1.00149e+00
 3.11802e-01  1.00311e+00  1.00096e+00
 3.26742e-01  1.00263e+00  1.00067e+00
 3.42967e-01  1.00101e+00  1.00038e+00
 3.56112e-01  1.00240e+00  1.00015e+00
 3.69197e-01  1.00077e+00  9.99946e-01
 3.81847e-01  1.00096e+00  9.99757e-01
 3.97801e-01  1.00089e+00  9.99536e-01
 4.13356e-01  1.00064e+00  9.99339e-01
 4.27783e-01  9.98862e-01  9.99171e-01
 4.37737e-01  9.99145e-01  9.99064e-01
 4.43172e-01  1.00167e+00  9.99008e-01
 4.50483e-01  1.00044e+00  9.98936e-01
 4.57512e-01  1.00103e+00  9.98870e-01
 4.65942e-01  9.99531e-01  9.98795e-01
 4.91922e-01  9.99917e-01  9.98589e-01
 5.14713e-01  9.98934e-01  9.98440e-01
 5.33702e-01  9.99649e-01  9.98336e-01
 5.51747e-01  9.98774e-01  9.98253e-01
 5.57807e-01  1.00038e+00  9.98228e-01
 5.67334e-01  9.98957e-01  9.98192e-01
 5.73947e-01  9.98863e-01  9.98169e-01
 5.91567e-01  1.00025e+00  9.98116e-01
 6.14878e-01  1.00036e+00  9.98063e-01
 6.24453e-01  9.99233e-01  9.98046e-01
 6.31266e-01  9.98889e-01  9.98036e-01
 6.59462e-01  9.98026e-01  9.98007e-01
 6.75963e-01  9.96976e-01  9.97999e-01
 6.83742e-01  9.95864e-01  9.97998e-01
 6.92212e-01  9.96706e-01  9.97998e-01
 7.07333e-01  9.94151e-01  9.98002e-01
 7.18873e-01  9.93348e-01  9.98007e-01
 7.32506e-01  9.92177e-01  9.98017e-01
 7.39852e-01  9.93284e-01  9.98024e-01
 7.46687e-01  9.92281e-01  9.98030e-01
 7.61342e-01  9.93418e-01  9.98040e-01
 7.87702e-01  9.94211e-01  9.98071e-01
 8.01793e-01  9.96039e-01  9.98098e-01
 8.24922e-01  9.98445e-01  9.98151e-01
 8.52062e-01  9.98193e-01  9.98207e-01
 8.65627e-01  9.99894e-01  9.98237e-01
 8.79842e-01  9.98781e-01  9.98270e-01
 8.89392e-01  9.99444e-01  9.98293e-01
 8.95313e-01  9.99306e-01  9.98307e-01
 9.06847e-01  1.00016e+00  9.98335e-01
 9.13807e-01  1.00048e+00  9.98353e-01
 9.32946e-01  9.98422e-01  9.98402e-01
 9.52227e-01  9.98889e-01  9.98452e-01
 9.64097e-01  1.00023e+00  9.98483e-01
 9.79831e-01  9.99038e-01  9.98526e-01
 1.00484e+00  9.99151e-01  9.98594e-01
 1.01611e+00  1.00061e+00  9.98625e-01
 1.03135e+00  9.99029e-01  9.98667e-01
 1.04494e+00  1.00022e+00  9.98705e-01
 1.05652e+00  1.00019e+00  9.98737e-01
 1.08218e+00  9.98596e-01  9.98809e-01
 1.08803e+00  9.99983e-01  9.98825e-01
 1.09650e+00  9.99578e-01  9.98849e-01
 1.10333e+00  9.99059e-01  9.98867e-01
 1.10747e+00  9.99468e-01  9.98879e-01
 1.11456e+00  1.00105e+00  9.98899e-01
 1.13260e+00  1.00024e+00  9.98948e-01
 1.13818e+00  9.99954e-01  9.98964e-01
 1.14434e+00  9.98989e-01  9.98981e-01
 1.16072e+00  9.98912e-01  9.99025e-01
 1.16752e+00  1.00000e+00  9.99044e-01
 1.17259e+00  1.00079e+00  9.99058e-01
 1.17811e+00  9.99654e-01  9.99073e-01
 1.18792e+00  1.00006e+00  9.99099e-01
 1.19801e+00  1.00021e+00  9.99126e-01
 1.20316e+00  9.99260e-01  9.99140e-01
 1.20968e+00  1.00082e+00  9.99157e-01
 1.21719e+00  1.00000e+00  9.99177e-01
 1.23797e+00  1.00081e+00  9.99232e-01
 1.27250e+00  9.99189e-01  9.99321e-01
 1.30316e+00  9.99251e-01  9.99399e-01
 1.32287e+00  9.99552e-01  9.99448e-01
 1.33759e+00  9.98897e-01  9.99484e-01
 1.34310e+00  9.98639e-01  9.99497e-01
 1.34803e+00  9.99066e-01  9.99509e-01
 1.35687e+00  1.00052e+00  9.99530e-01
 1.36424e+00  1.00006e+00  9.99548e-01
 1.37091e+00  9.99926e-01  9.99564e-01
 1.38213e+00  9.99885e-01  9.99590e-01
 1.39330e+00  9.98763e-01  9.99616e-01
 1.40253e+00  1.00083e+00  9.99637e-01
 1.40808e+00  9.99388e-01  9.99650e-01
 1.41473e+00  9.99660e-01  9.99665e-01
 1.42090e+00  9.99451e-01  9.99679e-01
 1.43231e+00  9.99572e-01  9.99705e-01
 1.44200e+00  1.00093e+00  9.99727e-01
 1.45441e+00  9.99854e-01  9.99754e-01
 1.46668e+00  1.00022e+00  9.99781e-01
 1.48269e+00  1.00063e+00  9.99816e-01
 1.49485e+00  1.00005e+00  9.99842e-01
 1.50856e+00  1.00031e+00  9.99871e-01
 1.51953e+00  1.00046e+00  9.99893e-01
 1.52612e+00  9.99275e-01  9.99907e-01
 1.54150e+00  1.00086e+00  9.99939e-01
 1.56073e+00  9.99965e-01  9.99977e-01
 1.57190e+00  1.00060e+00  9.99999e-01
 1.58603e+00  1.00093e+00  1.00003e+00
 1.59663e+00  1.00075e+00  1.00005e+00
 1.60942e+00  1.00114e+00  1.00007e+00
 1.62260e+00  1.00016e+00  1.00010e+00
 1.63060e+00  1.00071e+00  1.00011e+00
 1.66060e+00  1.00062e+00  1.00017e+00
 1.67859e+00  1.00042e+00  1.00020e+00
 1.68481e+00  1.00070e+00  1.00021e+00
 1.69107e+00  9.99395e-01  1.00022e+00
 1.69897e+00  9.99598e-01  1.00023e+00
 1.71057e+00  1.00034e+00  1.00026e+00
 1.71759e+00  9.99782e-01  1.00027e+00
 1.72739e+00  1.00127e+00  1.00028e+00
 1.73262e+00  1.00083e+00  1.00029e+00
 1.75591e+00  1.00110e+00  1.00033e+00
 1.77145e+00  1.00022e+00  1.00036e+00
 1.78181e+00  1.00063e+00  1.00037e+00
 1.78849e+00  1.00015e+00  1.00038e+00
 1.79344e+00  1.00166e+00  1.00039e+00
 1.79845e+00  1.00132e+00  1.00040e+00
 1.80486e+00  1.00078e+00  1.00041e+00
 1.81009e+00  1.00243e+00  1.00042e+00
 1.85128e+00  1.00047e+00  1.00048e+00
 1.87091e+00  1.00203e+00  1.00051e+00
 1.87676e+00  1.00039e+00  1.00052e+00
 1.88137e+00  9.99665e-01  1.00052e+00
 1.88551e+00  1.00096e+00  1.00053e+00
 1.89017e+00  1.00070e+00  1.00054e+00
 1.89590e+00  1.00188e+00  1.00054e+00
 1.90020e+00  9.99812e-01  1.00055e+00
 1.90482e+00  1.00153e+00  1.00056e+00
 1.91208e+00  1.00154e+00  1.00057e+00
 1.93587e+00  1.00100e+00  1.00060e+00
 1.94861e+00  1.00116e+00  1.00062e+00
 1.96012e+00  1.00147e+00  1.00063e+00
 1.96840e+00  9.99914e-01  1.00064e+00
 1.98371e+00  1.00066e+00  1.00066e+00
 1.99248e+00  1.00230e+00  1.00067e+00
 1.99931e+00  1.00053e+00  1.00068e+00
 2.00757e+00  1.00103e+00  1.00069e+00
 2.02191e+00  1.00097e+00  1.00071e+00
 2.03402e+00  1.00085e+00  1.00072e+00
 2.04991e+00  1.00167e+00  1.00074e+00
 2.06592e+00  1.00068e+00  1.00076e+00
 2.07456e+00  9.99917e-01  1.00077e+00
 2.07984e+00  1.00046e+00  1.00078e+00
 2.08418e+00  1.00310e+00  1.00078e+00
 2.09166e+00  1.00159e+00  1.00079e+00
 2.10256e+00  1.00214e+00  1.00080e+00
 2.10791e+00  1.00068e+00  1.00081e+00
 2.12704e+00  1.00054e+00  1.00082e+00
 2.14685e+00  1.00118e+00  1.00084e+00
 2.15728e+00  1.00063e+00  1.00085e+00
 2.16919e+00  1.00067e+00  1.00087e+00
 2.17674e+00  1.00041e+00  1.00087e+00
 2.18231e+00  1.00154e+00  1.00088e+00
 2.18726e+00  1.00063e+00  1.00088e+00
 2.19569e+00  1.00097e+00  1.00089e+00
 2.20422e+00  1.00146e+00  1.00090e+00
 2.21088e+00  1.00182e+00  1.00090e+00
 2.22088e+00  1.00027e+00  1.00091e+00
 2.23014e+00  1.00052e+00  1.00092e+00
 2.23892e+00  1.00174e+00  1.00092e+00
 2.24620e+00  1.00123e+00  1.00093e+00
 2.25149e+00  1.00067e+00  1.00093e+00
 2.26441e+00  1.00034e+00  1.00094e+00
 2.27457e+00  1.00137e+00  1.00095e+00
 2.28202e+00  9.99997e-01  1.00095e+00
 2.29851e+00  1.00027e+00  1.00096e+00
 2.31038e+00  9.99981e-01  1.00097e+00
 2.32055e+00  1.00203e+00  1.00098e+00
 2.33587e+00  1.00055e+00  1.00098e+00
 2.36099e+00  1.00064e+00  1.00100e+00
 2.37104e+00  1.00080e+00  1.00100e+00
 2.37678e+00  9.99666e-01  1.00100e+00
 2.39111e+00  9.99565e-01  1.00101e+00
 2.39942e+00  1.00093e+00  1.00101e+00
 2.42489e+00  1.00070e+00  1.00102e+00
 2.43433e+00  1.00056e+00  1.00102e+00
 2.44263e+00  9.99777e-01  1.00102e+00
 2.45175e+00  1.00097e+00  1.00102e+00
 2.46533e+00  1.00055e+00  1.00102e+00
 2.49158e+00  1.00028e+00  1.00102e+00
 2.50823e+00  1.00122e+00  1.00102e+00
 2.51720e+00  1.00009e+00  1.00101e+00
 2.52525e+00  9.99950e-01  1.00101e+00
 2.53955e+00  9.99425e-01  1.00101e+00
 2.55249e+00  1.00125e+00  1.00100e+00
 2.56935e+00  1.00073e+00  1.00100e+00
 2.58894e+00  1.00049e+00  1.00098e+00
 2.60269e+00  1.00043e+00  1.00098e+00
 2.62078e+00  1.00009e+00  1.00096e+00
 2.64061e+00  9.99921e-01  1.00094e+00
 2.65082e+00  1.00051e+00  1.00093e+00
 2.66690e+00  9.99860e-01  1.00092e+00
 2.67939e+00  9.98842e-01  1.00090e+00
 2.68573e+00  9.98592e-01  1.00089e+00
 2.69695e+00  9.99708e-01  1.00088e+00
 2.72351e+00  9.99917e-01  1.00084e+00
 2.73877e+00  1.00032e+00  1.00081e+00
 2.74590e+00  1.00016e+00  1.00080e+00
 2.76161e+00  1.00001e+00  1.00077e+00
 2.77183e+00  1.00140e+00  1.00074e+00
 2.77732e+00  1.00224e+00  1.00073e+00
 2.78846e+00  1.00080e+00  1.00071e+00
 2.81900e+00  1.00148e+00  1.00063e+00
 2.83110e+00  9.99922e-01  1.00060e+00
 2.83743e+00  9.99568e-01  1.00058e+00
 2.84416e+00  1.00078e+00  1.00056e+00
 2.85160e+00  1.00152e+00  1.00054e+00
 2.86997e+00  9.98762e-01  1.00048e+00
 2.87739e+00  1.00129e+00  1.00045e+00
 2.88940e+00  9.99793e-01  1.00041e+00
 2.89972e+00  1.00003e+00  1.00037e+00
 2.91318e+00  1.00002e+00  1.00032e+00
 2.92269e+00  1.00018e+00  1.00028e+00
 2.93076e+00  1.00103e+00  1.00025e+00
 2.94849e+00  1.00009e+00  1.00017e+00
 2.97105e+00  9.99131e-01  1.00007e+00
 2.98093e+00  1.00117e+00  1.00002e+00
 3.01362e+00  1.00000e+00  9.99839e-01
 3.02154e+00  1.00155e+00  9.99793e-01
 3.03056e+00  1.00046e+00  9.99739e-01
 3.04342e+00  1.00041e+00  9.99659e-01
 3.05311e+00  1.00060e+00  9.99597e-01
 3.06854e+00  1.00051e+00  9.99493e-01
 3.09110e+00  1.00005e+00  9.99333e-01
 3.10082e+00  9.99462e-01  9.99260e-01
 3.10945e+00  1.00009e+00  9.99193e-01
 3.11672e+00  9.99750e-01  9.99136e-01
 3.13322e+00  9.99823e-01  9.99001e-01
 3.14142e+00  9.99345e-01  9.98932e-01
 3.17904e+00  9.98590e-01  9.98593e-01
 3.19035e+00  9.98224e-01  9.98484e-01
 3.20657e+00  9.99530e-01  9.98322e-01
 3.21903e+00  9.99395e-01  9.98193e-01
 3.23599e+00  9.99014e-01  9.98012e-01
 3.26363e+00  9.98711e-01  9.97700e-01
 3.27979e+00  9.98268e-01  9.97509e-01
 3.28785e+00  9.98163e-01  9.97412e-01
 3.29676e+00  9.96978e-01  9.97302e-01
 3.30716e+00  9.98401e-01  9.97172e-01
 3.32393e+00  9.98555e-01  9.96957e-01
 3.34127e+00  9.97332e-01  9.96728e-01
 3.36451e+00  9.97558e-01  9.96412e-01
 3.43055e+00  9.95735e-01  9.95472e-01
 3.47968e+00  9.93921e-01  9.94757e-01
 3.51208e+00  9.94047e-01  9.91873e-01
 3.53133e+00  9.89907e-01  9.83791e-01
 3.54617e+00  9.82467e-01  9.76528e-01
 3.56380e+00  9.74741e-01  9.67937e-01
 3.57145e+00  9.65378e-01  9.64441e-01
 3.57922e+00  9.64166e-01  9.61125e-01
 3.58739e+00  9.58621e-01  9.57951e-01
 3.59972e+00  9.54064e-01  9.53882e-01
 3.61530e+00  9.49881e-01  9.50187e-01
 3.64400e+00  9.49323e-01  9.48159e-01
 3.67705e+00  9.55465e-01  9.53660e-01
 3.69634e+00  9.62599e-01  9.60238e-01
 3.71100e+00  9.71805e-01  9.66451e-01
 3.74404e+00  9.84862e-01  9.82057e-01
 3.78303e+00  9.92519e-01  9.93089e-01
 3.80330e+00  9.92129e-01  9.93390e-01
 3.82719e+00  9.91830e-01  9.93848e-01
 3.84092e+00  9.92174e-01  9.94163e-01
 3.86086e+00  9.94085e-01  9.94689e-01
 3.88354e+00  9.93333e-01  9.95384e-01
 3.90945e+00  9.96762e-01  9.96300e-01
 3.92578e+00  9.95436e-01  9.96938e-01
 3.93228e+00  9.93284e-01  9.97204e-01
 3.94094e+00  9.98000e-01  9.97569e-01
 3.95391e+00  9.96404e-01  9.98133e-01
 3.95994e+00  9.99224e-01  9.98402e-01
 3.97148e+00  9.96975e-01  9.98928e-01
 3.98196e+00  9.97860e-01  9.99416e-01
 3.99961e+00  1.00066e+00  1.00025e+00
 4.01614e+00  1.00197e+00  1.00104e+00
 4.02624e+00  9.99460e-01  1.00153e+00
 4.04002e+00  1.00229e+00  1.00218e+00
 4.05855e+00  1.00233e+00  1.00304e+00
 4.07380e+00  1.00179e+00  1.00371e+00
 4.10298e+00  1.00519e+00  1.00491e+00
 4.13061e+00  1.00813e+00  1.00587e+00
 4.15127e+00  1.00742e+00  1.00646e+00
 4.18090e+00  1.00782e+00  1.00710e+00
 4.19461e+00  1.00909e+00  1.00730e+00
 4.21252e+00  1.00905e+00  1.00748e+00
 4.24307e+00  1.01011e+00  1.00757e+00
 4.29460e+00  1.00907e+00  1.00715e+00
 4.30264e+00  1.00655e+00  1.00703e+00
 4.31410e+00  1.00851e+00  1.00684e+00
 4.34618e+00  1.00823e+00  1.00619e+00
 4.36621e+00  1.00824e+00  1.00572e+00
 4.38284e+00  1.00737e+00  1.00530e+00
 4.39957e+00  1.00701e+00  1.00487e+00
 4.41085e+00  1.00463e+00  1.00457e+00
 4.41577e+00  1.00652e+00  1.00444e+00
 4.42286e+00  1.00598e+00  1.00425e+00
 4.43028e+00  1.00636e+00  1.00405e+00
 4.44738e+00  1.00642e+00  1.00360e+00
 4.45408e+00  1.00623e+00  1.00342e+00
 4.46669e+00  1.00646e+00  1.00309e+00
 4.48863e+00  1.00456e+00  1.00253e+00
 4.50589e+00  1.00378e+00  1.00212e+00
 4.51581e+00  1.00470e+00  1.00188e+00
 4.54388e+00  1.00432e+00  1.00126e+00
 4.55948e+00  1.00316e+00  1.00094e+00
 4.56607e+00  1.00251e+00  1.00082e+00
 4.57764e+00  1.00212e+00  1.00060e+00
 4.60099e+00  1.00224e+00  1.00019e+00
 4.60848e+00  1.00133e+00  1.00007e+00
 4.61596e+00  1.00121e+00  9.99948e-01
 4.62567e+00  1.00141e+00  9.99801e-01
 4.63847e+00  9.99996e-01  9.99620e-01
 4.65792e+00  1.00072e+00  9.99367e-01
 4.66836e+00  1.00017e+00  9.99242e-01
 4.67656e+00  9.98670e-01  9.99150e-01
 4.69094e+00  1.00119e+00  9.98999e-01
 4.70126e+00  1.00104e+00  9.98899e-01
 4.70639e+00  1.00025e+00  9.98851e-01
 4.72223e+00  9.99151e-01  9.98716e-01
 4.74506e+00  9.98963e-01  9.98546e-01
 4.76328e+00  9.98632e-01  9.98430e-01
 4.76919e+00  9.98742e-01  9.98397e-01
 4.78214e+00  9.99824e-01  9.98328e-01
 4.79956e+00  9.99963e-01  9.98249e-01
 4.80975e+00  9.99548e-01  9.98208e-01
 4.81842e+00  9.98534e-01  9.98177e-01
 4.83818e+00  1.00003e+00  9.98117e-01
 4.86408e+00  9.99406e-01  9.98058e-01
 4.89032e+00  9.98193e-01  9.98021e-01
 4.90353e+00  9.97762e-01  9.98009e-01
 4.91148e+00  9.97489e-01  9.98004e-01
 4.91946e+00  9.96769e-01  9.98000e-01
 4.92859e+00  9.96706e-01  9.97998e-01
 4.94092e+00  9.95699e-01  9.97998e-01
 4.95004e+00  9.95196e-01  9.98000e-01
 4.96174e+00  9.93133e-01  9.98005e-01
 4.96932e+00  9.92876e-01  9.98010e-01
 4.99090e+00  9.93332e-01  9.98028e-01
 5.00632e+00  9.93708e-01  9.98039e-01
 5.01871e+00  9.93278e-01  9.98049e-01
 5.06532e+00  9.97578e-01  9.98137e-01
 5.08687e+00  9.99079e-01  9.98182e-01
 5.09399e+00  9.97908e-01  9.98197e-01
 5.10066e+00  9.99690e-01  9.98211e-01
 5.13473e+00  9.99597e-01  9.98289e-01
 5.16927e+00  9.98955e-01  9.98374e-01
 5.19351e+00  9.99051e-01  9.98437e-01
 5.21593e+00  9.99921e-01  9.98497e-01
 5.23627e+00  9.99080e-01  9.98552e-01
 5.24506e+00  9.99037e-01  9.98576e-01
 5.25774e+00  9.99663e-01  9.98611e-01
 5.27939e+00  1.00066e+00  9.98671e-01
 5.29803e+00  1.00041e+00  9.98722e-01
 5.30544e+00  9.99021e-01  9.98743e-01
 5.31004e+00  9.98205e-01  9.98756e-01
 5.31544e+00  9.99974e-01  9.98771e-01
 5.32161e+00  9.99443e-01  9.98788e-01
 5.33079e+00  9.99217e-01  9.98814e-01
 5.33783e+00  1.00009e+00  9.98833e-01
 5.34368e+00  9.99594e-01  9.98849e-01
 5.35759e+00  1.00107e+00  9.98888e-01
 5.36700e+00  9.99286e-01  9.98914e-01
 5.37930e+00  9.99732e-01  9.98948e-01
 5.39123e+00  9.98081e-01  9.98981e-01
 5.39605e+00  1.00017e+00  9.98994e-01
 5.41240e+00  1.00018e+00  9.99039e-01
 5.42221e+00  1.00053e+00  9.99065e-01
 5.42689e+00  9.99207e-01  9.99078e-01
 5.43291e+00  1.00022e+00  9.99094e-01
 5.44848e+00  9.99623e-01  9.99136e-01
 5.45437e+00  1.00049e+00  9.99152e-01
 5.46080e+00  1.00186e+00  9.99169e-01
 5.47179e+00  1.00017e+00  9.99198e-01
 5.47827e+00  1.00110e+00  9.99215e-01
 5.49271e+00  1.00140e+00  9.99252e-01
 5.50724e+00  1.00078e+00  9.99290e-01
 5.51820e+00  1.00018e+00  9.99318e-01
 5.52869e+00  9.98907e-01  9.99345e-01
 5.53889e+00  9.99817e-01  9.99371e-01
 5.55217e+00  1.00038e+00  9.99404e-01
 5.55946e+00  9.98803e-01  9.99422e-01
 5.56775e+00  9.99587e-01  9.99443e-01
 5.57256e+00  9.97407e-01  9.99455e-01
 5.57736e+00  9.98824e-01  9.99466e-01
 5.58707e+00  9.99209e-01  9.99490e-01
 5.60911e+00  9.99410e-01  9.99543e-01
 5.61514e+00  1.00088e+00  9.99557e-01
 5.62318e+00  9.98879e-01  9.99576e-01
 5.63055e+00  1.00002e+00  9.99594e-01
 5.64398e+00  1.00055e+00  9.99625e-01
 5.65387e+00  9.99388e-01  9.99648e-01
 5.65913e+00  9.98901e-01  9.99660e-01
 5.66514e+00  9.99748e-01  9.99673e-01
 5.67253e+00  9.99405e-01  9.99690e-01
 5.67810e+00  9.98844e-01  9.99703e-01
 5.68273e+00  1.00006e+00  9.99713e-01
 5.68938e+00  1.00082e+00  9.99728e-01
 5.69909e+00  9.99391e-01  9.99749e-01
 5.70347e+00  1.00074e+00  9.99759e-01
 5.71092e+00  9.99581e-01  9.99775e-01
 5.71886e+00  1.00088e+00  9.99793e-01
 5.72979e+00  9.99537e-01  9.99816e-01
 5.74278e+00  1.00074e+00  9.99844e-01
 5.75404e+00  1.00048e+00  9.99868e-01
 5.76549e+00  1.00050e+00  9.99892e-01
 5.77037e+00  9.98835e-01  9.99902e-01
 5.79430e+00  1.00055e+00  9.99950e-01
 5.80972e+00  1.00025e+00  9.99981e-01
 5.81912e+00  1.00067e+00  1.00000e+00
 5.82764e+00  1.00136e+00  1.00002e+00
 5.84012e+00  1.00065e+00  1.00004e+00
 5.85372e+00  9.99812e-01  1.00007e+00
 5.87284e+00  1.00071e+00  1.00010e+00
 5.88722e+00  1.00061e+00  1.00013e+00
 5.90141e+00  1.00029e+00  1.00016e+00
 5.91987e+00  1.00059e+00  1.00019e+00
 5.92999e+00  1.00009e+00  1.00021e+00
 5.93672e+00  9.99444e-01  1.00022e+00
 5.94228e+00  9.99585e-01  1.00023e+00
 5.94986e+00  1.00010e+00  1.00024e+00
 5.96030e+00  1.00008e+00  1.00026e+00
 5.96558e+00  1.00039e+00  1.00027e+00
 5.97869e+00  1.00073e+00  1.00029e+00
 5.98670e+00  1.00034e+00  1.00030e+00
 6.00259e+00  1.00044e+00  1.00033e+00
 6.00881e+00  1.00158e+00  1.00034e+00
 6.01625e+00  1.00023e+00  1.00035e+00
 6.02930e+00  1.00132e+00  1.00037e+00
 6.03444e+00  1.00067e+00  1.00038e+00
 6.03924e+00  1.00166e+00  1.00039e+00
 6.04425e+00  1.00132e+00  1.00040e+00
 6.05141e+00  1.00082e+00  1.00041e+00
 6.05638e+00  1.00279e+00  1.00042e+00
 6.07158e+00  1.00106e+00  1.00044e+00
 6.10681e+00  1.00108e+00  1.00049e+00
 6.12166e+00  1.00071e+00  1.00051e+00
 6.12733e+00  9.99546e-01  1.00052e+00
 6.13272e+00  1.00094e+00  1.00053e+00
 6.14139e+00  1.00145e+00  1.00054e+00
 6.14950e+00  1.00078e+00  1.00055e+00
 6.16497e+00  1.00039e+00  1.00058e+00
 6.17490e+00  1.00081e+00  1.00059e+00
 6.18428e+00  1.00098e+00  1.00060e+00
 6.19071e+00  1.00173e+00  1.00061e+00
 6.20129e+00  1.00148e+00  1.00062e+00
 6.21777e+00  1.00080e+00  1.00065e+00
 6.22566e+00  1.00059e+00  1.00066e+00
 6.23702e+00  1.00284e+00  1.00067e+00
 6.24310e+00  1.00078e+00  1.00068e+00
 6.24954e+00  1.00063e+00  1.00069e+00
 6.25679e+00  1.00041e+00  1.00069e+00
 6.26547e+00  1.00136e+00  1.00071e+00
 6.29109e+00  1.00131e+00  1.00074e+00
 6.30868e+00  1.00082e+00  1.00076e+00
 6.31695e+00  1.00018e+00  1.00076e+00
 6.32409e+00  1.00048e+00  1.00077e+00
 6.32937e+00  1.00224e+00  1.00078e+00
 6.33874e+00  1.00109e+00  1.00079e+00
 6.35650e+00  1.00074e+00  1.00081e+00
 6.36825e+00  1.00149e+00  1.00082e+00
 6.38568e+00  1.00132e+00  1.00084e+00
 6.40230e+00  1.00088e+00  1.00085e+00
 6.41006e+00  1.00123e+00  1.00086e+00
 6.41848e+00  1.00047e+00  1.00087e+00
 6.42934e+00  1.00102e+00  1.00088e+00
 6.43843e+00  1.00113e+00  1.00089e+00
 6.44305e+00  1.00090e+00  1.00089e+00
 6.45590e+00  1.00206e+00  1.00090e+00
 6.46375e+00  1.00105e+00  1.00091e+00
 6.47838e+00  1.00104e+00  1.00092e+00
 6.48657e+00  1.00126e+00  1.00092e+00
 6.51609e+00  1.00094e+00  1.00095e+00
 6.52439e+00  1.00012e+00  1.00095e+00
 6.54385e+00  9.99944e-01  1.00096e+00
 6.55960e+00  1.00110e+00  1.00097e+00
 6.57459e+00  1.00202e+00  1.00098e+00
 6.58935e+00  1.00106e+00  1.00099e+00
 6.60001e+00  1.00076e+00  1.00099e+00
 6.61235e+00  1.00133e+00  1.00100e+00
 6.61810e+00  1.00037e+00  1.00100e+00
 6.62454e+00  1.00082e+00  1.00100e+00
 6.63133e+00  1.00156e+00  1.00100e+00
 6.64522e+00  1.00093e+00  1.00101e+00
 6.65490e+00  1.00108e+00  1.00101e+00
 6.66441e+00  1.00095e+00  1.00101e+00
 6.68294e+00  1.00009e+00  1.00102e+00
 6.69538e+00  1.00073e+00  1.00102e+00
 6.70342e+00  1.00090e+00  1.00102e+00
 6.71297e+00  1.00096e+00  1.00102e+00
 6.71991e+00  1.00170e+00  1.00102e+00
 6.72797e+00  1.00106e+00  1.00102e+00
 6.73721e+00  1.00144e+00  1.00102e+00
 6.74388e+00  9.99423e-01  1.00102e+00
 6.75049e+00  1.00152e+00  1.00102e+00
 6.75724e+00  1.00181e+00  1.00102e+00
 6.76176e+00  9.98816e-01  1.00101e+00
 6.76672e+00  9.99922e-01  1.00101e+00
 6.78486e+00  1.00064e+00  1.00101e+00
 6.80480e+00  1.00097e+00  1.00100e+00
 6.82533e+00  1.00090e+00  1.00099e+00
 6.83123e+00  9.99409e-01  1.00099e+00
 6.84099e+00  1.00068e+00  1.00098e+00
 6.84926e+00  9.99938e-01  1.00098e+00
 6.86379e+00  1.00012e+00  1.00096e+00
 6.87396e+00  1.00032e+00  1.00096e+00
 6.88289e+00  1.00015e+00  1.00095e+00
 6.88922e+00  9.99425e-01  1.00094e+00
 6.89971e+00  9.99998e-01  1.00093e+00
 6.91328e+00  9.99715e-01  1.00092e+00
 6.93057e+00  9.98844e-01  1.00089e+00
 6.93858e+00  9.99774e-01  1.00088e+00
 6.94646e+00  9.99934e-01  1.00087e+00
 6.96453e+00  9.99913e-01  1.00085e+00
 6.98206e+00  1.00045e+00  1.00082e+00
 6.98954e+00  1.00018e+00  1.00080e+00
 6.99511e+00  9.99795e-01  1.00079e+00
 7.00338e+00  1.00098e+00  1.00078e+00
 7.01444e+00  1.00151e+00  1.00075e+00
 7.02930e+00  1.00087e+00  1.00072e+00
 7.04242e+00  1.00072e+00  1.00069e+00
 7.06372e+00  1.00056e+00  1.00064e+00
 7.07128e+00  1.00120e+00  1.00062e+00
 7.08045e+00  1.00000e+00  1.00059e+00
 7.08965e+00  1.00191e+00  1.00056e+00
 7.09476e+00  1.00151e+00  1.00055e+00
 7.11083e+00  1.00044e+00  1.00050e+00
 7.13843e+00  9.99845e-01  1.00040e+00
 7.15800e+00  9.99939e-01  1.00033e+00
 7.17206e+00  9.99770e-01  1.00027e+00
 7.17687e+00  1.00092e+00  1.00025e+00
 7.18322e+00  9.99722e-01  1.00023e+00
 7.19707e+00  1.00054e+00  1.00016e+00
 7.21514e+00  1.00030e+00  1.00008e+00
 7.23116e+00  1.00027e+00  9.99998e-01
 7.23721e+00  9.98639e-01  9.99967e-01
 7.24740e+00  9.99868e-01  9.99912e-01
 7.25633e+00  1.00066e+00  9.99862e-01
 7.26421e+00  1.00047e+00  9.99817e-01
 7.28552e+00  9.99958e-01  9.99689e-01
 7.29600e+00  9.99954e-01  9.99622e-01
 7.30465e+00  1.00076e+00  9.99566e-01
 7.31601e+00  1.00178e+00  9.99489e-01
 7.32054e+00  9.99939e-01  9.99458e-01
 7.32808e+00  1.00010e+00  9.99404e-01
 7.34060e+00  9.99306e-01  9.99313e-01
 7.34984e+00  9.99504e-01  9.99243e-01
 7.35742e+00  1.00027e+00  9.99185e-01
 7.37425e+00  9.99392e-01  9.99050e-01
 7.39663e+00  9.99474e-01  9.98860e-01
 7.41847e+00  9.99697e-01  9.98663e-01
 7.43630e+00  9.98698e-01  9.98493e-01
 7.46390e+00  9.99862e-01  9.98214e-01
 7.47302e+00  9.98970e-01  9.98118e-01
 7.48196e+00  9.99224e-01  9.98021e-01
 7.49738e+00  9.98579e-01  9.97850e-01
 7.50570e+00  9.98485e-01  9.97756e-01
 7.51708e+00  9.97552e-01  9.97623e-01
 7.54874e+00  9.98424e-01  9.97238e-01
 7.55835e+00  9.97298e-01  9.97117e-01
 7.57751e+00  9.98352e-01  9.96869e-01
 7.58733e+00  9.97770e-01  9.96739e-01
 7.63276e+00  9.97339e-01  9.96114e-01
 7.66420e+00  9.96052e-01  9.95664e-01
 7.67904e+00  9.95625e-01  9.95449e-01
 7.68705e+00  9.95899e-01  9.95332e-01
 7.69802e+00  9.94049e-01  9.95172e-01
 7.71625e+00  9.93899e-01  9.94906e-01
 7.72562e+00  9.95773e-01  9.94770e-01
 7.74751e+00  9.94431e-01  9.94456e-01
 7.77037e+00  9.94971e-01  9.87376e-01
 7.78624e+00  9.86046e-01  9.79903e-01
 7.80464e+00  9.78397e-01  9.70818e-01
 7.81375e+00  9.71489e-01  9.66505e-01
 7.84737e+00  9.52668e-01  9.53659e-01
 7.86248e+00  9.49926e-01  9.50133e-01
 7.87564e+00  9.47757e-01  9.48437e-01
 7.89921e+00  9.49299e-01  9.48777e-01
 7.91294e+00  9.50914e-01  9.50949e-01
 7.92145e+00  9.53366e-01  9.52977e-01
 7.93707e+00  9.59765e-01  9.57917e-01
 7.94569e+00  9.63503e-01  9.61225e-01
 7.96561e+00  9.77489e-01  9.70015e-01
 7.98905e+00  9.90589e-01  9.81193e-01
 8.00975e+00  9.91219e-01  9.89877e-01
 8.01716e+00  9.92142e-01  9.92087e-01
 8.03161e+00  9.92947e-01  9.93111e-01
 8.05015e+00  9.92832e-01  9.93389e-01
 8.06931e+00  9.92889e-01  9.93747e-01
 8.07948e+00  9.90945e-01  9.93967e-01
 8.08671e+00  9.91624e-01  9.94136e-01
 8.11281e+00  9.94829e-01  9.94836e-01
 8.12426e+00  9.94254e-01  9.95186e-01
 8.16018e+00  9.95749e-01  9.96447e-01
 8.18983e+00  9.97550e-01  9.97655e-01
 8.22731e+00  9.97825e-01  9.99345e-01
 8.24541e+00  1.00066e+00  1.00020e+00
 8.25368e+00  1.00070e+00  1.00060e+00
 8.26332e+00  1.00123e+00  1.00106e+00
 8.27654e+00  1.00201e+00  1.00169e+00
 8.28890e+00  1.00434e+00  1.00228e+00
 8.29598e+00  1.00252e+00  1.00261e+00
 8.30279e+00  1.00428e+00  1.00292e+00
 8.30911e+00  1.00085e+00  1.00320e+00
 8.31743e+00  1.00194e+00  1.00357e+00
 8.33132e+00  1.00468e+00  1.00417e+00
 8.35941e+00  1.00492e+00  1.00526e+00
 8.37780e+00  1.00664e+00  1.00588e+00
 8.40322e+00  1.00756e+00  1.00659e+00
 8.41638e+00  1.00779e+00  1.00688e+00
 8.44876e+00  1.00923e+00  1.00739e+00
