862
 4.42300e-03  1.00643e+00  9.98125e-01
 1.81100e-02  1.00715e+00  9.98165e-01
 3.22210e-02  1.00660e+00  9.98205e-01
 4.61030e-02  1.00590e+00  9.98243e-01
 5.95950e-02  1.00694e+00  9.98279e-01
 7.15350e-02  1.00558e+00  9.98310e-01
 8.58590e-02  1.00488e+00  9.98345e-01
 9.97900e-02  1.00587e+00  9.98379e-01
 1.13215e-01  1.00496e+00  9.98411e-01
 1.27353e-01  1.00436e+00  9.98443e-01
 1.39886e-01  1.00429e+00  9.98471e-01
 1.54119e-01  1.00456e+00  9.98502e-01
 1.69889e-01  1.00354e+00  9.98535e-01
 1.83039e-01  1.00317e+00  9.98562e-01
 1.95320e-01  1.00309e+00  9.98586e-01
 2.09929e-01  1.00316e+00  9.98615e-01
 2.23206e-01  1.00337e+00  9.98640e-01
 2.35703e-01  1.00256e+00  9.98663e-01
 2.49848e-01  1.00245e+00  9.98689e-01
 2.61831e-01  1.00245e+00  9.98710e-01
 2.74987e-01  1.00247e+00  9.98733e-01
 2.88468e-01  9.97983e-01  9.98756e-01
 2.99500e-01  1.00162e+00  9.98774e-01
 3.12956e-01  1.00130e+00  9.98796e-01
 3.24331e-01  1.00227e+00  9.98814e-01
 3.36973e-01  1.00141e+00  9.98834e-01
 3.49504e-01  1.00154e+00  9.98854e-01
 3.60703e-01  1.00060e+00  9.98871e-01
 3.74322e-01  1.00039e+00  9.98891e-01
 3.86741e-01  1.00028e+00  9.98909e-01
 3.99572e-01  1.00064e+00  9.98928e-01
 4.13468e-01  1.00087e+00  9.98947e-01
 4.24500e-01  9.99165e-01  9.98963e-01
 4.37956e-01  9.99684e-01  9.98981e-01
 4.49321e-01  9.99916e-01  9.98996e-01
 4.61973e-01  9.99903e-01  9.99013e-01
 4.74504e-01  1.00043e+00  9.99030e-01
 4.85703e-01  9.99549e-01  9.99044e-01
 4.99322e-01  9.99521e-01  9.99061e-01
 5.10341e-01  9.99282e-01  9.99075e-01
 5.23617e-01  9.99480e-01  9.99091e-01
 5.35595e-01  9.99427e-01  9.99106e-01
 5.46997e-01  9.99258e-01  9.99119e-01
 5.60957e-01  9.99975e-01  9.99136e-01
 5.72841e-01  9.99361e-01  9.99150e-01
 5.86117e-01  9.98016e-01  9.99165e-01
 5.98105e-01  9.99078e-01  9.99178e-01
 6.09497e-01  9.98537e-01  9.99191e-01
 6.23198e-01  9.99787e-01  9.99206e-01
 6.34025e-01  9.99284e-01  9.99218e-01
 6.47843e-01  9.98609e-01  9.99233e-01
 6.60605e-01  9.98765e-01  9.99246e-01
 6.72954e-01  9.98349e-01  9.99259e-01
 6.86997e-01  9.99819e-01  9.99273e-01
 6.99321e-01  9.97502e-01  9.99286e-01
 7.12413e-01  9.95828e-01  9.99299e-01
 7.25978e-01  9.93205e-01  9.99313e-01
 7.38141e-01  9.91131e-01  9.99324e-01
 7.52003e-01  9.91009e-01  9.99338e-01
 7.64765e-01  9.90124e-01  9.99350e-01
 7.77104e-01  9.90182e-01  9.99362e-01
 7.91167e-01  9.90528e-01  9.99375e-01
 8.03511e-01  9.89883e-01  9.99386e-01
 8.16573e-01  9.90577e-01  9.99398e-01
 8.30138e-01  9.90531e-01  9.99410e-01
 8.43265e-01  9.89815e-01  9.99422e-01
 8.57369e-01  9.90831e-01  9.99435e-01
 8.70364e-01  9.90640e-01  9.99446e-01
 8.82635e-01  9.90865e-01  9.99457e-01
 8.96542e-01  9.90486e-01  9.99468e-01
 9.09134e-01  9.90740e-01  9.99479e-01
 9.23026e-01  9.89591e-01  9.99491e-01
 9.38222e-01  9.89876e-01  9.99503e-01
 9.52275e-01  9.92598e-01  9.99515e-01
 9.64604e-01  9.91038e-01  9.99525e-01
 9.78667e-01  9.90718e-01  9.99536e-01
 9.93955e-01  9.91137e-01  9.99548e-01
 1.00713e+00  9.92241e-01  9.99559e-01
 1.02155e+00  9.93976e-01  9.99570e-01
 1.03463e+00  9.96448e-01  9.99580e-01
 1.04961e+00  9.97935e-01  9.99591e-01
 1.06449e+00  1.00010e+00  9.99603e-01
 1.07815e+00  1.00024e+00  9.99613e-01
 1.09219e+00  1.00123e+00  9.99623e-01
 1.10626e+00  1.00038e+00  9.99634e-01
 1.12053e+00  1.00136e+00  9.99644e-01
 1.13396e+00  1.00196e+00  9.99654e-01
 1.14783e+00  1.00085e+00  9.99664e-01
 1.16061e+00  1.00019e+00  9.99673e-01
 1.17295e+00  9.99922e-01  9.99681e-01
 1.18699e+00  1.00036e+00  9.99691e-01
 1.20072e+00  1.00129e+00  9.99701e-01
 1.21441e+00  1.00052e+00  9.99710e-01
 1.22867e+00  1.00144e+00  9.99720e-01
 1.24143e+00  1.00234e+00  9.99729e-01
 1.25504e+00  1.00046e+00  9.99738e-01
 1.27017e+00  1.00042e+00  9.99748e-01
 1.28303e+00  9.55571e-01  9.99756e-01
 1.29551e+00  9.79704e-01  9.99765e-01
 1.30878e+00  9.80912e-01  9.99773e-01
 1.32146e+00  1.00089e+00  9.99781e-01
 1.33533e+00  1.00052e+00  9.99790e-01
 1.34811e+00  1.00134e+00  9.99798e-01
 1.36123e+00  1.00030e+00  9.99807e-01
 1.37682e+00  1.00097e+00  9.99817e-01
 1.38977e+00  1.00056e+00  9.99825e-01
 1.40330e+00  1.00064e+00  9.99833e-01
 1.41739e+00  1.00005e+00  9.99842e-01
 1.43145e+00  1.00193e+00  9.99850e-01
 1.44377e+00  1.00118e+00  9.99858e-01
 1.45783e+00  1.00058e+00  9.99866e-01
 1.47093e+00  1.00098e+00  9.99874e-01
 1.48492e+00  1.00072e+00  9.99883e-01
 1.49949e+00  1.00098e+00  9.99891e-01
 1.51167e+00  9.98504e-01  9.99898e-01
 1.52370e+00  9.99078e-01  9.99906e-01
 1.53434e+00  9.96835e-01  9.99912e-01
 1.54540e+00  9.99628e-01  9.99918e-01
 1.55648e+00  9.98981e-01  9.99925e-01
 1.56701e+00  9.99816e-01  9.99931e-01
 1.57920e+00  9.99588e-01  9.99938e-01
 1.58978e+00  1.00012e+00  9.99944e-01
 1.60184e+00  1.00021e+00  9.99950e-01
 1.61176e+00  1.00036e+00  9.99956e-01
 1.62371e+00  1.00048e+00  9.99963e-01
 1.63458e+00  1.00043e+00  9.99969e-01
 1.64673e+00  1.00019e+00  9.99976e-01
 1.65733e+00  9.99844e-01  9.99982e-01
 1.67128e+00  9.99851e-01  9.99989e-01
 1.68500e+00  1.00087e+00  9.99997e-01
 1.69648e+00  9.99107e-01  1.00000e+00
 1.71026e+00  9.99836e-01  1.00001e+00
 1.72244e+00  9.99385e-01  1.00002e+00
 1.73398e+00  1.00087e+00  1.00002e+00
 1.74655e+00  9.99233e-01  1.00003e+00
 1.75644e+00  9.99804e-01  1.00004e+00
 1.76850e+00  1.00063e+00  1.00004e+00
 1.77892e+00  1.00051e+00  1.00005e+00
 1.79145e+00  9.99649e-01  1.00005e+00
 1.80169e+00  1.00059e+00  1.00006e+00
 1.81442e+00  1.00039e+00  1.00007e+00
 1.82468e+00  1.00045e+00  1.00007e+00
 1.83620e+00  9.97070e-01  1.00008e+00
 1.84744e+00  9.99873e-01  1.00008e+00
 1.85898e+00  1.00086e+00  1.00009e+00
 1.87155e+00  9.99891e-01  1.00010e+00
 1.88247e+00  9.99882e-01  1.00010e+00
 1.89456e+00  9.99834e-01  1.00011e+00
 1.90461e+00  1.00059e+00  1.00011e+00
 1.91645e+00  9.99593e-01  1.00012e+00
 1.92650e+00  9.99791e-01  1.00012e+00
 1.93942e+00  9.99843e-01  1.00013e+00
 1.95349e+00  9.99394e-01  1.00014e+00
 1.96374e+00  1.00030e+00  1.00014e+00
 1.97651e+00  1.00062e+00  1.00015e+00
 1.98676e+00  1.00008e+00  1.00015e+00
 1.99871e+00  9.99476e-01  1.00016e+00
 2.00877e+00  1.00044e+00  1.00016e+00
 2.02086e+00  1.00025e+00  1.00017e+00
 2.03181e+00  9.99884e-01  1.00018e+00
 2.04360e+00  9.99709e-01  1.00018e+00
 2.05488e+00  1.00016e+00  1.00019e+00
 2.06621e+00  1.00065e+00  1.00019e+00
 2.07801e+00  1.00040e+00  1.00020e+00
 2.08978e+00  1.00013e+00  1.00020e+00
 2.10184e+00  1.00011e+00  1.00021e+00
 2.11176e+00  9.99830e-01  1.00021e+00
 2.12371e+00  1.00043e+00  1.00022e+00
 2.13449e+00  1.00039e+00  1.00023e+00
 2.14673e+00  1.00050e+00  1.00023e+00
 2.15716e+00  1.00001e+00  1.00024e+00
 2.17034e+00  9.99691e-01  1.00024e+00
 2.18283e+00  1.00075e+00  1.00025e+00
 2.19291e+00  1.00047e+00  1.00025e+00
 2.20488e+00  1.00077e+00  1.00026e+00
 2.21539e+00  9.99817e-01  1.00026e+00
 2.22875e+00  1.00058e+00  1.00027e+00
 2.24083e+00  1.00057e+00  1.00028e+00
 2.25286e+00  1.00073e+00  1.00028e+00
 2.26391e+00  1.00049e+00  1.00029e+00
 2.27535e+00  1.00048e+00  1.00029e+00
 2.28752e+00  1.00070e+00  1.00030e+00
 2.29924e+00  1.00051e+00  1.00030e+00
 2.31227e+00  1.00045e+00  1.00031e+00
 2.32232e+00  1.00070e+00  1.00031e+00
 2.33423e+00  1.00043e+00  1.00032e+00
 2.34430e+00  1.00044e+00  1.00032e+00
 2.35610e+00  1.00065e+00  1.00033e+00
 2.36969e+00  1.00046e+00  1.00033e+00
 2.38277e+00  1.00091e+00  1.00034e+00
 2.39700e+00  1.01667e+00  1.00035e+00
 2.40839e+00  1.00068e+00  1.00035e+00
 2.42069e+00  1.01543e+00  1.00036e+00
 2.43502e+00  1.00115e+00  1.00036e+00
 2.44684e+00  1.01428e+00  1.00037e+00
 2.46053e+00  1.00913e+00  1.00038e+00
 2.47236e+00  1.00032e+00  1.00038e+00
 2.48462e+00  1.01087e+00  1.00039e+00
 2.49881e+00  1.00893e+00  1.00039e+00
 2.50968e+00  1.00062e+00  1.00040e+00
 2.52303e+00  1.00718e+00  1.00040e+00
 2.53486e+00  1.00041e+00  1.00041e+00
 2.54667e+00  1.00596e+00  1.00041e+00
 2.56002e+00  1.00051e+00  1.00042e+00
 2.57184e+00  1.00481e+00  1.00042e+00
 2.58553e+00  1.00375e+00  1.00043e+00
 2.59736e+00  1.00049e+00  1.00044e+00
 2.60917e+00  1.00318e+00  1.00044e+00
 2.62252e+00  9.94561e-01  1.00045e+00
 2.63336e+00  1.00247e+00  1.00045e+00
 2.64701e+00  1.00222e+00  1.00046e+00
 2.65839e+00  9.99580e-01  1.00046e+00
 2.67069e+00  1.00179e+00  1.00047e+00
 2.68364e+00  1.00056e+00  1.00047e+00
 2.69464e+00  1.00101e+00  1.00048e+00
 2.70840e+00  1.00129e+00  1.00048e+00
 2.71941e+00  1.00013e+00  1.00049e+00
 2.73242e+00  1.00125e+00  1.00049e+00
 2.74614e+00  9.99941e-01  1.00050e+00
 2.75714e+00  1.00066e+00  1.00050e+00
 2.77090e+00  1.00138e+00  1.00051e+00
 2.78191e+00  1.00030e+00  1.00051e+00
 2.79481e+00  1.00063e+00  1.00052e+00
 2.80718e+00  1.00068e+00  1.00053e+00
 2.81851e+00  1.00030e+00  1.00053e+00
 2.83218e+00  9.98002e-01  1.00054e+00
 2.84302e+00  1.00041e+00  1.00054e+00
 2.85637e+00  1.00076e+00  1.00055e+00
 2.86818e+00  9.95710e-01  1.00055e+00
 2.88043e+00  1.00077e+00  1.00056e+00
 2.89468e+00  1.00070e+00  1.00056e+00
 2.90553e+00  9.99334e-01  1.00057e+00
 2.91887e+00  1.00107e+00  1.00057e+00
 2.93218e+00  1.00050e+00  1.00058e+00
 2.94351e+00  1.00078e+00  1.00058e+00
 2.95718e+00  1.00099e+00  1.00059e+00
 2.96917e+00  1.00062e+00  1.00059e+00
 2.98242e+00  9.96618e-01  1.00060e+00
 2.99614e+00  1.00035e+00  1.00060e+00
 3.00795e+00  1.00051e+00  1.00061e+00
 3.02201e+00  9.96075e-01  1.00062e+00
 3.03479e+00  1.00063e+00  1.00062e+00
 3.04711e+00  1.00124e+00  1.00063e+00
 3.06132e+00  9.98036e-01  1.00063e+00
 3.07333e+00  1.00067e+00  1.00064e+00
 3.08659e+00  1.00122e+00  1.00064e+00
 3.10032e+00  9.96396e-01  1.00065e+00
 3.11213e+00  1.00130e+00  1.00065e+00
 3.12616e+00  1.00053e+00  1.00066e+00
 3.13905e+00  1.00079e+00  1.00066e+00
 3.15248e+00  1.00162e+00  1.00067e+00
 3.16724e+00  1.00112e+00  1.00068e+00
 3.18060e+00  1.00108e+00  1.00068e+00
 3.19294e+00  1.00121e+00  1.00069e+00
 3.20718e+00  1.00074e+00  1.00069e+00
 3.21917e+00  1.00070e+00  1.00070e+00
 3.23240e+00  1.00084e+00  1.00070e+00
 3.24615e+00  1.00086e+00  1.00071e+00
 3.25795e+00  1.00094e+00  1.00071e+00
 3.27210e+00  1.00109e+00  1.00072e+00
 3.28636e+00  1.00070e+00  1.00072e+00
 3.29830e+00  1.00144e+00  1.00073e+00
 3.31254e+00  1.00098e+00  1.00073e+00
 3.32489e+00  1.00131e+00  1.00074e+00
 3.33764e+00  1.00120e+00  1.00074e+00
 3.35171e+00  1.00084e+00  1.00075e+00
 3.36351e+00  1.00097e+00  1.00075e+00
 3.37719e+00  1.00077e+00  1.00076e+00
 3.39209e+00  1.00087e+00  1.00077e+00
 3.40519e+00  1.00109e+00  1.00077e+00
 3.41885e+00  9.76620e-01  1.00078e+00
 3.43237e+00  1.00126e+00  1.00078e+00
 3.44614e+00  1.00086e+00  1.00079e+00
 3.46054e+00  1.00073e+00  1.00079e+00
 3.47386e+00  1.00128e+00  1.00080e+00
 3.48580e+00  1.00114e+00  1.00080e+00
 3.50004e+00  1.00085e+00  1.00081e+00
 3.51239e+00  1.00069e+00  1.00081e+00
 3.52514e+00  1.00109e+00  1.00082e+00
 3.53921e+00  1.00111e+00  1.00082e+00
 3.55101e+00  1.00110e+00  1.00083e+00
 3.56469e+00  1.00066e+00  1.00083e+00
 3.57802e+00  1.00057e+00  1.00084e+00
 3.58998e+00  1.00109e+00  1.00084e+00
 3.60421e+00  1.00055e+00  1.00085e+00
 3.61654e+00  1.00088e+00  1.00085e+00
 3.62929e+00  1.00090e+00  1.00086e+00
 3.64451e+00  1.00114e+00  1.00086e+00
 3.65667e+00  1.00129e+00  1.00087e+00
 3.66990e+00  1.00061e+00  1.00087e+00
 3.68365e+00  9.99221e-01  1.00088e+00
 3.69545e+00  1.00130e+00  1.00088e+00
 3.70951e+00  1.00083e+00  1.00088e+00
 3.72229e+00  1.00098e+00  1.00089e+00
 3.73460e+00  1.00063e+00  1.00089e+00
 3.74882e+00  1.00036e+00  1.00090e+00
 3.76083e+00  1.00076e+00  1.00090e+00
 3.77445e+00  1.00139e+00  1.00091e+00
 3.79033e+00  1.00050e+00  1.00091e+00
 3.80249e+00  1.00114e+00  1.00092e+00
 3.81574e+00  1.00113e+00  1.00092e+00
 3.82949e+00  1.00114e+00  1.00092e+00
 3.84130e+00  1.00070e+00  1.00093e+00
 3.85593e+00  1.00075e+00  1.00093e+00
 3.86968e+00  1.00104e+00  1.00094e+00
 3.88163e+00  1.00022e+00  1.00094e+00
 3.89590e+00  1.00070e+00  1.00094e+00
 3.90822e+00  1.00079e+00  1.00095e+00
 3.92096e+00  1.00021e+00  1.00095e+00
 3.93503e+00  1.00035e+00  1.00095e+00
 3.94684e+00  1.00016e+00  1.00095e+00
 3.96054e+00  1.00085e+00  1.00096e+00
 3.97411e+00  1.00047e+00  1.00096e+00
 3.98625e+00  9.96574e-01  1.00096e+00
 3.99841e+00  9.93741e-01  1.00096e+00
 4.00934e+00  1.00032e+00  1.00096e+00
 4.02304e+00  1.00011e+00  1.00097e+00
 4.03663e+00  1.00021e+00  1.00097e+00
 4.05223e+00  1.00004e+00  1.00097e+00
 4.06574e+00  9.99689e-01  1.00097e+00
 4.07949e+00  9.99556e-01  1.00097e+00
 4.09129e+00  1.00009e+00  1.00097e+00
 4.10533e+00  9.99711e-01  1.00097e+00
 4.11810e+00  9.99515e-01  1.00097e+00
 4.13044e+00  9.99217e-01  1.00097e+00
 4.14468e+00  9.99162e-01  1.00096e+00
 4.15666e+00  9.98819e-01  1.00096e+00
 4.16990e+00  9.99297e-01  1.00096e+00
 4.18365e+00  9.99371e-01  1.00095e+00
 4.19650e+00  9.98954e-01  1.00094e+00
 4.21054e+00  9.98723e-01  1.00094e+00
 4.22290e+00  9.98994e-01  1.00093e+00
 4.23347e+00  9.98601e-01  1.00092e+00
 4.24624e+00  9.98861e-01  1.00091e+00
 4.25595e+00  9.99097e-01  1.00090e+00
 4.26821e+00  9.98342e-01  1.00089e+00
 4.27791e+00  9.98471e-01  1.00088e+00
 4.29008e+00  9.99261e-01  1.00086e+00
 4.29979e+00  9.98136e-01  1.00084e+00
 4.31203e+00  9.98567e-01  1.00082e+00
 4.32177e+00  9.98462e-01  1.00080e+00
 4.33443e+00  9.98555e-01  1.00077e+00
 4.34513e+00  9.98607e-01  1.00075e+00
 4.35715e+00  9.98493e-01  1.00071e+00
 4.36874e+00  9.97897e-01  1.00067e+00
 4.37894e+00  9.97768e-01  1.00063e+00
 4.39087e+00  9.98061e-01  1.00058e+00
 4.40076e+00  9.98308e-01  1.00053e+00
 4.41290e+00  9.97519e-01  1.00045e+00
 4.42262e+00  9.97939e-01  1.00039e+00
 4.43486e+00  9.97668e-01  1.00029e+00
 4.44457e+00  9.97853e-01  1.00020e+00
 4.45677e+00  9.97215e-01  1.00007e+00
 4.46645e+00  9.97236e-01  9.99951e-01
 4.47914e+00  9.96975e-01  9.99763e-01
 4.49119e+00  9.96157e-01  9.99547e-01
 4.50394e+00  9.96825e-01  9.99270e-01
 4.51708e+00  9.94816e-01  9.98919e-01
 4.52679e+00  9.89217e-01  9.98606e-01
 4.53902e+00  9.78766e-01  9.98134e-01
 4.54875e+00  9.69171e-01  9.97682e-01
 4.56091e+00  9.57328e-01  9.97006e-01
 4.57062e+00  9.50173e-01  9.96359e-01
 4.58287e+00  9.48049e-01  9.95389e-01
 4.59259e+00  9.43486e-01  9.94484e-01
 4.60473e+00  9.46202e-01  9.93176e-01
 4.61466e+00  9.41961e-01  9.91969e-01
 4.62650e+00  9.46073e-01  9.40891e-01
 4.63680e+00  9.39440e-01  9.39508e-01
 4.64883e+00  9.42624e-01  9.38019e-01
 4.66040e+00  9.38658e-01  9.36934e-01
 4.67060e+00  9.44582e-01  9.85980e-01
 4.68252e+00  9.40433e-01  9.86184e-01
 4.69242e+00  9.43372e-01  9.87006e-01
 4.70475e+00  9.40707e-01  9.88688e-01
 4.71541e+00  9.41632e-01  9.90423e-01
 4.72758e+00  9.42869e-01  9.92296e-01
 4.73729e+00  9.43473e-01  9.93479e-01
 4.74998e+00  9.45275e-01  9.94475e-01
 4.76049e+00  9.45086e-01  9.94868e-01
 4.77234e+00  9.55976e-01  9.94975e-01
 4.78263e+00  9.60035e-01  9.94900e-01
 4.79402e+00  9.75176e-01  9.94745e-01
 4.80607e+00  9.83331e-01  9.94579e-01
 4.81644e+00  9.92170e-01  9.94472e-01
 4.82836e+00  9.94175e-01  9.94405e-01
 4.83826e+00  9.94524e-01  9.94394e-01
 4.85040e+00  9.94351e-01  9.94431e-01
 4.86012e+00  9.94244e-01  9.94493e-01
 4.87236e+00  9.94387e-01  9.94601e-01
 4.88207e+00  9.94619e-01  9.94704e-01
 4.89426e+00  9.94500e-01  9.94848e-01
 4.90395e+00  9.95059e-01  9.94969e-01
 4.91620e+00  9.95220e-01  9.95127e-01
 4.92593e+00  9.95343e-01  9.95253e-01
 4.93806e+00  9.95577e-01  9.95408e-01
 4.94799e+00  9.95047e-01  9.95533e-01
 4.95984e+00  9.96236e-01  9.95678e-01
 4.97013e+00  9.96114e-01  9.95799e-01
 4.98153e+00  9.97045e-01  9.95929e-01
 4.99235e+00  9.96696e-01  9.96047e-01
 5.00308e+00  9.97361e-01  9.96159e-01
 5.01457e+00  9.96637e-01  9.96274e-01
 5.02479e+00  9.98210e-01  9.96371e-01
 5.03669e+00  9.98329e-01  9.96480e-01
 5.04658e+00  9.98915e-01  9.96566e-01
 5.05875e+00  9.99023e-01  9.96667e-01
 5.06845e+00  9.98800e-01  9.96744e-01
 5.08070e+00  1.00046e+00  9.96836e-01
 5.09041e+00  1.00016e+00  9.96907e-01
 5.10259e+00  1.00083e+00  9.96991e-01
 5.11228e+00  1.00184e+00  9.97055e-01
 5.12453e+00  1.00148e+00  9.97133e-01
 5.13427e+00  1.00268e+00  9.97192e-01
 5.14640e+00  1.00218e+00  9.97263e-01
 5.15632e+00  1.00353e+00  9.97318e-01
 5.16817e+00  1.00298e+00  9.97382e-01
 5.17845e+00  1.00443e+00  9.97435e-01
 5.18987e+00  1.00378e+00  9.97492e-01
 5.20068e+00  1.00523e+00  9.97543e-01
 5.21326e+00  1.00491e+00  9.97601e-01
 5.22541e+00  1.00548e+00  9.97655e-01
 5.23544e+00  1.00544e+00  9.97697e-01
 5.24936e+00  1.00592e+00  9.97755e-01
 5.26166e+00  1.00635e+00  9.97803e-01
 5.27513e+00  1.00619e+00  9.97854e-01
 5.28979e+00  1.00659e+00  9.97907e-01
 5.30178e+00  1.00708e+00  9.97949e-01
 5.31522e+00  1.00636e+00  9.97995e-01
 5.32870e+00  1.00700e+00  9.98039e-01
 5.34066e+00  1.00695e+00  9.98076e-01
 5.35687e+00  1.00643e+00  9.98125e-01
 5.37056e+00  1.00715e+00  9.98165e-01
 5.38467e+00  1.00660e+00  9.98205e-01
 5.39855e+00  1.00590e+00  9.98243e-01
 5.41204e+00  1.00694e+00  9.98279e-01
 5.42398e+00  1.00558e+00  9.98310e-01
 5.43830e+00  1.00488e+00  9.98345e-01
 5.45224e+00  1.00587e+00  9.98379e-01
 5.46566e+00  1.00496e+00  9.98411e-01
 5.47980e+00  1.00436e+00  9.98443e-01
 5.49233e+00  1.00429e+00  9.98471e-01
 5.50657e+00  1.00456e+00  9.98502e-01
 5.52233e+00  1.00354e+00  9.98535e-01
 5.53549e+00  1.00317e+00  9.98562e-01
 5.54777e+00  1.00309e+00  9.98586e-01
 5.56238e+00  1.00316e+00  9.98615e-01
 5.57565e+00  1.00337e+00  9.98640e-01
 5.58815e+00  1.00256e+00  9.98663e-01
 5.60229e+00  1.00245e+00  9.98689e-01
 5.61428e+00  1.00245e+00  9.98710e-01
 5.62743e+00  1.00247e+00  9.98733e-01
 5.64091e+00  9.97983e-01  9.98756e-01
 5.65195e+00  1.00162e+00  9.98774e-01
 5.66540e+00  1.00130e+00  9.98796e-01
 5.67678e+00  1.00227e+00  9.98814e-01
 5.68942e+00  1.00141e+00  9.98834e-01
 5.70195e+00  1.00154e+00  9.98854e-01
 5.71315e+00  1.00060e+00  9.98871e-01
 5.72677e+00  1.00039e+00  9.98891e-01
 5.73919e+00  1.00028e+00  9.98909e-01
 5.75202e+00  1.00064e+00  9.98928e-01
 5.76591e+00  1.00087e+00  9.98947e-01
 5.77695e+00  9.99165e-01  9.98963e-01
 5.79040e+00  9.99684e-01  9.98981e-01
 5.80177e+00  9.99916e-01  9.98996e-01
 5.81442e+00  9.99903e-01  9.99013e-01
 5.82695e+00  1.00043e+00  9.99030e-01
 5.83815e+00  9.99549e-01  9.99044e-01
 5.85177e+00  9.99521e-01  9.99061e-01
 5.86279e+00  9.99282e-01  9.99075e-01
 5.87606e+00  9.99480e-01  9.99091e-01
 5.88804e+00  9.99427e-01  9.99106e-01
 5.89944e+00  9.99258e-01  9.99119e-01
 5.91340e+00  9.99975e-01  9.99136e-01
 5.92529e+00  9.99361e-01  9.99150e-01
 5.93856e+00  9.98016e-01  9.99165e-01
 5.95055e+00  9.99078e-01  9.99178e-01
 5.96194e+00  9.98537e-01  9.99191e-01
 5.97565e+00  9.99787e-01  9.99206e-01
 5.98647e+00  9.99284e-01  9.99218e-01
 6.00029e+00  9.98609e-01  9.99233e-01
 6.01305e+00  9.98765e-01  9.99246e-01
 6.02540e+00  9.98349e-01  9.99259e-01
 6.03944e+00  9.99819e-01  9.99273e-01
 6.05177e+00  9.97502e-01  9.99286e-01
 6.06486e+00  9.95828e-01  9.99299e-01
 6.07843e+00  9.93205e-01  9.99313e-01
 6.09059e+00  9.91131e-01  9.99324e-01
 6.10445e+00  9.91009e-01  9.99338e-01
 6.11721e+00  9.90124e-01  9.99350e-01
 6.12955e+00  9.90182e-01  9.99362e-01
 6.14361e+00  9.90528e-01  9.99375e-01
 6.15596e+00  9.89883e-01  9.99386e-01
 6.16902e+00  9.90577e-01  9.99398e-01
 6.18259e+00  9.90531e-01  9.99410e-01
 6.19571e+00  9.89815e-01  9.99422e-01
 6.20981e+00  9.90831e-01  9.99435e-01
 6.22281e+00  9.90640e-01  9.99446e-01
 6.23508e+00  9.90865e-01  9.99457e-01
 6.24899e+00  9.90486e-01  9.99468e-01
 6.26158e+00  9.90740e-01  9.99479e-01
 6.27547e+00  9.89591e-01  9.99491e-01
 6.29067e+00  9.89876e-01  9.99503e-01
 6.30472e+00  9.92598e-01  9.99515e-01
 6.31705e+00  9.91038e-01  9.99525e-01
 6.33111e+00  9.90718e-01  9.99536e-01
 6.34640e+00  9.91137e-01  9.99548e-01
 6.35958e+00  9.92241e-01  9.99559e-01
 6.37400e+00  9.93976e-01  9.99570e-01
 6.38708e+00  9.96448e-01  9.99580e-01
 6.40205e+00  9.97935e-01  9.99591e-01
 6.41694e+00  1.00010e+00  9.99603e-01
 6.43060e+00  1.00024e+00  9.99613e-01
 6.44464e+00  1.00123e+00  9.99623e-01
 6.45871e+00  1.00038e+00  9.99634e-01
 6.47298e+00  1.00136e+00  9.99644e-01
 6.48641e+00  1.00196e+00  9.99654e-01
 6.50028e+00  1.00085e+00  9.99664e-01
 6.51305e+00  1.00019e+00  9.99673e-01
 6.52540e+00  9.99922e-01  9.99681e-01
 6.53943e+00  1.00036e+00  9.99691e-01
 6.55317e+00  1.00129e+00  9.99701e-01
 6.56686e+00  1.00052e+00  9.99710e-01
 6.58111e+00  1.00144e+00  9.99720e-01
 6.59387e+00  1.00234e+00  9.99729e-01
 6.60748e+00  1.00046e+00  9.99738e-01
 6.62262e+00  1.00042e+00  9.99748e-01
 6.63548e+00  9.55571e-01  9.99756e-01
 6.64796e+00  9.79704e-01  9.99765e-01
 6.66123e+00  9.80912e-01  9.99773e-01
 6.67391e+00  1.00089e+00  9.99781e-01
 6.68778e+00  1.00052e+00  9.99790e-01
 6.70055e+00  1.00134e+00  9.99798e-01
 6.71368e+00  1.00030e+00  9.99807e-01
 6.72926e+00  1.00097e+00  9.99817e-01
 6.74222e+00  1.00056e+00  9.99825e-01
 6.75575e+00  1.00064e+00  9.99833e-01
 6.76984e+00  1.00005e+00  9.99842e-01
 6.78389e+00  1.00193e+00  9.99850e-01
 6.79622e+00  1.00118e+00  9.99858e-01
 6.81027e+00  1.00058e+00  9.99866e-01
 6.82338e+00  1.00098e+00  9.99874e-01
 6.83737e+00  1.00072e+00  9.99883e-01
 6.85193e+00  1.00098e+00  9.99891e-01
 6.86411e+00  9.98504e-01  9.99898e-01
 6.87614e+00  9.99078e-01  9.99906e-01
 6.88678e+00  9.96835e-01  9.99912e-01
 6.89785e+00  9.99628e-01  9.99918e-01
 6.90893e+00  9.98981e-01  9.99925e-01
 6.91946e+00  9.99816e-01  9.99931e-01
 6.93165e+00  9.99588e-01  9.99938e-01
 6.94222e+00  1.00012e+00  9.99944e-01
 6.95429e+00  1.00021e+00  9.99950e-01
 6.96421e+00  1.00036e+00  9.99956e-01
 6.97616e+00  1.00048e+00  9.99963e-01
 6.98702e+00  1.00043e+00  9.99969e-01
 6.99917e+00  1.00019e+00  9.99976e-01
 7.00978e+00  9.99844e-01  9.99982e-01
 7.02372e+00  9.99851e-01  9.99989e-01
 7.03744e+00  1.00087e+00  9.99997e-01
 7.04892e+00  9.99107e-01  1.00000e+00
 7.06271e+00  9.99836e-01  1.00001e+00
 7.07489e+00  9.99385e-01  1.00002e+00
 7.08643e+00  1.00087e+00  1.00002e+00
 7.09900e+00  9.99233e-01  1.00003e+00
 7.10888e+00  9.99804e-01  1.00004e+00
 7.12095e+00  1.00063e+00  1.00004e+00
 7.13136e+00  1.00051e+00  1.00005e+00
 7.14390e+00  9.99649e-01  1.00005e+00
 7.15414e+00  1.00059e+00  1.00006e+00
 7.16686e+00  1.00039e+00  1.00007e+00
 7.17713e+00  1.00045e+00  1.00007e+00
 7.18864e+00  9.97070e-01  1.00008e+00
 7.19989e+00  9.99873e-01  1.00008e+00
 7.21143e+00  1.00086e+00  1.00009e+00
 7.22400e+00  9.99891e-01  1.00010e+00
 7.23492e+00  9.99882e-01  1.00010e+00
 7.24701e+00  9.99834e-01  1.00011e+00
 7.25705e+00  1.00059e+00  1.00011e+00
 7.26890e+00  9.99593e-01  1.00012e+00
 7.27894e+00  9.99791e-01  1.00012e+00
 7.29186e+00  9.99843e-01  1.00013e+00
 7.30594e+00  9.99394e-01  1.00014e+00
 7.31618e+00  1.00030e+00  1.00014e+00
 7.32896e+00  1.00062e+00  1.00015e+00
 7.33921e+00  1.00008e+00  1.00015e+00
 7.35116e+00  9.99476e-01  1.00016e+00
 7.36121e+00  1.00044e+00  1.00016e+00
 7.37331e+00  1.00025e+00  1.00017e+00
 7.38425e+00  9.99884e-01  1.00018e+00
 7.39604e+00  9.99709e-01  1.00018e+00
 7.40733e+00  1.00016e+00  1.00019e+00
 7.41866e+00  1.00065e+00  1.00019e+00
 7.43046e+00  1.00040e+00  1.00020e+00
 7.44222e+00  1.00013e+00  1.00020e+00
 7.45429e+00  1.00011e+00  1.00021e+00
 7.46421e+00  9.99830e-01  1.00021e+00
 7.47616e+00  1.00043e+00  1.00022e+00
 7.48693e+00  1.00039e+00  1.00023e+00
 7.49917e+00  1.00050e+00  1.00023e+00
 7.50961e+00  1.00001e+00  1.00024e+00
 7.52278e+00  9.99691e-01  1.00024e+00
 7.53528e+00  1.00075e+00  1.00025e+00
 7.54535e+00  1.00047e+00  1.00025e+00
 7.55733e+00  1.00077e+00  1.00026e+00
 7.56784e+00  9.99817e-01  1.00026e+00
 7.58120e+00  1.00058e+00  1.00027e+00
 7.59327e+00  1.00057e+00  1.00028e+00
 7.60530e+00  1.00073e+00  1.00028e+00
 7.61636e+00  1.00049e+00  1.00029e+00
 7.62780e+00  1.00048e+00  1.00029e+00
 7.63997e+00  1.00070e+00  1.00030e+00
 7.65169e+00  1.00051e+00  1.00030e+00
 7.66472e+00  1.00045e+00  1.00031e+00
 7.67476e+00  1.00070e+00  1.00031e+00
 7.68667e+00  1.00043e+00  1.00032e+00
 7.69674e+00  1.00044e+00  1.00032e+00
 7.70854e+00  1.00065e+00  1.00033e+00
 7.72214e+00  1.00046e+00  1.00033e+00
 7.73522e+00  1.00091e+00  1.00034e+00
 7.74944e+00  1.01667e+00  1.00035e+00
 7.76084e+00  1.00068e+00  1.00035e+00
 7.77314e+00  1.01543e+00  1.00036e+00
 7.78746e+00  1.00115e+00  1.00036e+00
 7.79929e+00  1.01428e+00  1.00037e+00
 7.81297e+00  1.00913e+00  1.00038e+00
 7.82481e+00  1.00032e+00  1.00038e+00
 7.83706e+00  1.01087e+00  1.00039e+00
 7.85125e+00  1.00893e+00  1.00039e+00
 7.86212e+00  1.00062e+00  1.00040e+00
 7.87547e+00  1.00718e+00  1.00040e+00
 7.88731e+00  1.00041e+00  1.00041e+00
 7.89911e+00  1.00596e+00  1.00041e+00
 7.91246e+00  1.00051e+00  1.00042e+00
 7.92429e+00  1.00481e+00  1.00042e+00
 7.93797e+00  1.00375e+00  1.00043e+00
 7.94981e+00  1.00049e+00  1.00044e+00
 7.96161e+00  1.00318e+00  1.00044e+00
 7.97496e+00  9.94561e-01  1.00045e+00
 7.98581e+00  1.00247e+00  1.00045e+00
 7.99945e+00  1.00222e+00  1.00046e+00
 8.01084e+00  9.99580e-01  1.00046e+00
 8.02314e+00  1.00179e+00  1.00047e+00
 8.03608e+00  1.00056e+00  1.00047e+00
 8.04708e+00  1.00101e+00  1.00048e+00
 8.06085e+00  1.00129e+00  1.00048e+00
 8.07185e+00  1.00013e+00  1.00049e+00
 8.08486e+00  1.00125e+00  1.00049e+00
 8.09858e+00  9.99941e-01  1.00050e+00
 8.10958e+00  1.00066e+00  1.00050e+00
 8.12335e+00  1.00138e+00  1.00051e+00
 8.13435e+00  1.00030e+00  1.00051e+00
 8.14725e+00  1.00063e+00  1.00052e+00
 8.15963e+00  1.00068e+00  1.00053e+00
 8.17095e+00  1.00030e+00  1.00053e+00
 8.18462e+00  9.98002e-01  1.00054e+00
 8.19547e+00  1.00041e+00  1.00054e+00
 8.20881e+00  1.00076e+00  1.00055e+00
 8.22063e+00  9.95710e-01  1.00055e+00
 8.23287e+00  1.00077e+00  1.00056e+00
 8.24712e+00  1.00070e+00  1.00056e+00
 8.25798e+00  9.99334e-01  1.00057e+00
 8.27131e+00  1.00107e+00  1.00057e+00
 8.28463e+00  1.00050e+00  1.00058e+00
 8.29595e+00  1.00078e+00  1.00058e+00
 8.30962e+00  1.00099e+00  1.00059e+00
 8.32162e+00  1.00062e+00  1.00059e+00
 8.33486e+00  9.96618e-01  1.00060e+00
 8.34858e+00  1.00035e+00  1.00060e+00
 8.36040e+00  1.00051e+00  1.00061e+00
 8.37445e+00  9.96075e-01  1.00062e+00
 8.38724e+00  1.00063e+00  1.00062e+00
 8.39955e+00  1.00124e+00  1.00063e+00
 8.41376e+00  9.98036e-01  1.00063e+00
 8.42578e+00  1.00067e+00  1.00064e+00
 8.43903e+00  1.00122e+00  1.00064e+00
 8.45276e+00  9.96396e-01  1.00065e+00
 8.46457e+00  1.00130e+00  1.00065e+00
 8.47860e+00  1.00053e+00  1.00066e+00
 8.49150e+00  1.00079e+00  1.00066e+00
 8.50493e+00  1.00162e+00  1.00067e+00
 8.51968e+00  1.00112e+00  1.00068e+00
 8.53304e+00  1.00108e+00  1.00068e+00
 8.54538e+00  1.00121e+00  1.00069e+00
 8.55962e+00  1.00074e+00  1.00069e+00
 8.57162e+00  1.00070e+00  1.00070e+00
 8.58484e+00  1.00084e+00  1.00070e+00
 8.59859e+00  1.00086e+00  1.00071e+00
 8.61040e+00  1.00094e+00  1.00071e+00
 8.62454e+00  1.00109e+00  1.00072e+00
 8.63881e+00  1.00070e+00  1.00072e+00
 8.65075e+00  1.00144e+00  1.00073e+00
 8.66499e+00  1.00098e+00  1.00073e+00
 8.67733e+00  1.00131e+00  1.00074e+00
 8.69008e+00  1.00120e+00  1.00074e+00
 8.70415e+00  1.00084e+00  1.00075e+00
 8.71595e+00  1.00097e+00  1.00075e+00
 8.72963e+00  1.00077e+00  1.00076e+00
 8.74453e+00  1.00087e+00  1.00077e+00
 8.75764e+00  1.00109e+00  1.00077e+00
 8.77129e+00  9.76620e-01  1.00078e+00
 8.78481e+00  1.00126e+00  1.00078e+00
 8.79858e+00  1.00086e+00  1.00079e+00
 8.81298e+00  1.00073e+00  1.00079e+00
 8.82631e+00  1.00128e+00  1.00080e+00
 8.83825e+00  1.00114e+00  1.00080e+00
 8.85249e+00  1.00085e+00  1.00081e+00
 8.86483e+00  1.00069e+00  1.00081e+00
 8.87758e+00  1.00109e+00  1.00082e+00
 8.89165e+00  1.00111e+00  1.00082e+00
 8.90345e+00  1.00110e+00  1.00083e+00
 8.91713e+00  1.00066e+00  1.00083e+00
 8.93047e+00  1.00057e+00  1.00084e+00
 8.94243e+00  1.00109e+00  1.00084e+00
 8.95666e+00  1.00055e+00  1.00085e+00
 8.96899e+00  1.00088e+00  1.00085e+00
 8.98174e+00  1.00090e+00  1.00086e+00
 8.99696e+00  1.00114e+00  1.00086e+00
 9.00912e+00  1.00129e+00  1.00087e+00
 9.02234e+00  1.00061e+00  1.00087e+00
 9.03609e+00  9.99221e-01  1.00088e+00
 9.04790e+00  1.00130e+00  1.00088e+00
 9.06195e+00  1.00083e+00  1.00088e+00
 9.07474e+00  1.00098e+00  1.00089e+00
 9.08704e+00  1.00063e+00  1.00089e+00
 9.10126e+00  1.00036e+00  1.00090e+00
 9.11328e+00  1.00076e+00  1.00090e+00
 9.12689e+00  1.00139e+00  1.00091e+00
 9.14278e+00  1.00050e+00  1.00091e+00
 9.15494e+00  1.00114e+00  1.00092e+00
 9.16818e+00  1.00113e+00  1.00092e+00
 9.18193e+00  1.00114e+00  1.00092e+00
 9.19374e+00  1.00070e+00  1.00093e+00
 9.20838e+00  1.00075e+00  1.00093e+00
 9.22213e+00  1.00104e+00  1.00094e+00
 9.23408e+00  1.00022e+00  1.00094e+00
 9.24835e+00  1.00070e+00  1.00094e+00
 9.26066e+00  1.00079e+00  1.00095e+00
 9.27340e+00  1.00021e+00  1.00095e+00
 9.28747e+00  1.00035e+00  1.00095e+00
 9.29928e+00  1.00016e+00  1.00095e+00
 9.31298e+00  1.00085e+00  1.00096e+00
 9.32656e+00  1.00047e+00  1.00096e+00
 9.33870e+00  9.96574e-01  1.00096e+00
 9.35086e+00  9.93741e-01  1.00096e+00
 9.36178e+00  1.00032e+00  1.00096e+00
 9.37548e+00  1.00011e+00  1.00097e+00
 9.38908e+00  1.00021e+00  1.00097e+00
 9.40468e+00  1.00004e+00  1.00097e+00
 9.41818e+00  9.99689e-01  1.00097e+00
 9.43193e+00  9.99556e-01  1.00097e+00
 9.44374e+00  1.00009e+00  1.00097e+00
 9.45777e+00  9.99711e-01  1.00097e+00
 9.47054e+00  9.99515e-01  1.00097e+00
 9.48288e+00  9.99217e-01  1.00097e+00
 9.49712e+00  9.99162e-01  1.00096e+00
 9.50911e+00  9.98819e-01  1.00096e+00
 9.52234e+00  9.99297e-01  1.00096e+00
 9.53609e+00  9.99371e-01  1.00095e+00
 9.54894e+00  9.98954e-01  1.00094e+00
 9.56298e+00  9.98723e-01  1.00094e+00
 9.57535e+00  9.98994e-01  1.00093e+00
 9.58592e+00  9.98601e-01  1.00092e+00
 9.59868e+00  9.98861e-01  1.00091e+00
 9.60840e+00  9.99097e-01  1.00090e+00
 9.62066e+00  9.98342e-01  1.00089e+00
 9.63036e+00  9.98471e-01  1.00088e+00
 9.64253e+00  9.99261e-01  1.00086e+00
 9.65224e+00  9.98136e-01  1.00084e+00
 9.66447e+00  9.98567e-01  1.00082e+00
 9.67422e+00  9.98462e-01  1.00080e+00
 9.68688e+00  9.98555e-01  1.00077e+00
 9.69758e+00  9.98607e-01  1.00075e+00
 9.70959e+00  9.98493e-01  1.00071e+00
 9.72119e+00  9.97897e-01  1.00067e+00
 9.73139e+00  9.97768e-01  1.00063e+00
 9.74332e+00  9.98061e-01  1.00058e+00
 9.75321e+00  9.98308e-01  1.00053e+00
 9.76534e+00  9.97519e-01  1.00045e+00
 9.77507e+00  9.97939e-01  1.00039e+00
 9.78731e+00  9.97668e-01  1.00029e+00
 9.79702e+00  9.97853e-01  1.00020e+00
 9.80922e+00  9.97215e-01  1.00007e+00
 9.81890e+00  9.97236e-01  9.99951e-01
 9.83158e+00  9.96975e-01  9.99763e-01
 9.84364e+00  9.96157e-01  9.99547e-01
 9.85639e+00  9.96825e-01  9.99270e-01
 9.86952e+00  9.94816e-01  9.98919e-01
 9.87924e+00  9.89217e-01  9.98606e-01
 9.89147e+00  9.78766e-01  9.98133e-01
 9.90120e+00  9.69171e-01  9.97682e-01
 9.91336e+00  9.57328e-01  9.97005e-01
 9.92307e+00  9.50173e-01  9.96359e-01
 9.93532e+00  9.48049e-01  9.95389e-01
 9.94504e+00  9.43486e-01  9.94483e-01
 9.95717e+00  9.46202e-01  9.93176e-01
 9.96710e+00  9.41961e-01  9.91969e-01
 9.97895e+00  9.46073e-01  9.40891e-01
 9.98925e+00  9.39440e-01  9.39508e-01
 1.00013e+01  9.42624e-01  9.38019e-01
 1.00128e+01  9.38658e-01  9.36933e-01
 1.00231e+01  9.44582e-01  9.85980e-01
 1.00350e+01  9.40433e-01  9.86184e-01
 1.00449e+01  9.43372e-01  9.87006e-01
 1.00572e+01  9.40707e-01  9.88688e-01
 1.00679e+01  9.41632e-01  9.90424e-01
 1.00800e+01  9.42869e-01  9.92297e-01
 1.00897e+01  9.43473e-01  9.93479e-01
 1.01024e+01  9.45275e-01  9.94475e-01
 1.01129e+01  9.45086e-01  9.94868e-01
 1.01248e+01  9.55976e-01  9.94975e-01
 1.01351e+01  9.60035e-01  9.94900e-01
 1.01465e+01  9.75176e-01  9.94745e-01
 1.01585e+01  9.83331e-01  9.94579e-01
 1.01689e+01  9.92170e-01  9.94472e-01
 1.01808e+01  9.94175e-01  9.94405e-01
 1.01907e+01  9.94524e-01  9.94394e-01
 1.02028e+01  9.94351e-01  9.94431e-01
 1.02126e+01  9.94244e-01  9.94493e-01
 1.02248e+01  9.94387e-01  9.94601e-01
 1.02345e+01  9.94619e-01  9.94704e-01
 1.02467e+01  9.94500e-01  9.94848e-01
 1.02564e+01  9.95059e-01  9.94969e-01
 1.02687e+01  9.95220e-01  9.95127e-01
 1.02784e+01  9.95343e-01  9.95253e-01
 1.02905e+01  9.95577e-01  9.95408e-01
 1.03004e+01  9.95047e-01  9.95533e-01
 1.03123e+01  9.96236e-01  9.95678e-01
 1.03226e+01  9.96114e-01  9.95799e-01
 1.03340e+01  9.97045e-01  9.95929e-01
 1.03448e+01  9.96696e-01  9.96047e-01
 1.03555e+01  9.97361e-01  9.96159e-01
 1.03670e+01  9.96637e-01  9.96274e-01
 1.03772e+01  9.98210e-01  9.96371e-01
 1.03891e+01  9.98329e-01  9.96480e-01
 1.03990e+01  9.98915e-01  9.96566e-01
 1.04112e+01  9.99023e-01  9.96667e-01
 1.04209e+01  9.98800e-01  9.96744e-01
 1.04331e+01  1.00046e+00  9.96836e-01
 1.04429e+01  1.00016e+00  9.96907e-01
 1.04550e+01  1.00083e+00  9.96991e-01
 1.04647e+01  1.00184e+00  9.97055e-01
 1.04770e+01  1.00148e+00  9.97133e-01
 1.04867e+01  1.00268e+00  9.97192e-01
 1.04989e+01  1.00218e+00  9.97263e-01
 1.05088e+01  1.00353e+00  9.97318e-01
 1.05206e+01  1.00298e+00  9.97382e-01
 1.05309e+01  1.00443e+00  9.97435e-01
 1.05423e+01  1.00378e+00  9.97492e-01
 1.05531e+01  1.00523e+00  9.97543e-01
 1.05657e+01  1.00491e+00  9.97601e-01
 1.05779e+01  1.00548e+00  9.97655e-01
 1.05879e+01  1.00544e+00  9.97697e-01
 1.06018e+01  1.00592e+00  9.97755e-01
 1.06141e+01  1.00635e+00  9.97803e-01
 1.06276e+01  1.00619e+00  9.97854e-01
 1.06422e+01  1.00659e+00  9.97907e-01
 1.06542e+01  1.00708e+00  9.97949e-01
 1.06677e+01  1.00636e+00  9.97995e-01
 1.06811e+01  1.00700e+00  9.98039e-01
 1.06931e+01  1.00695e+00  9.98076e-01
