200
 2.57450e-02  1.00075e+00  1.00009e+00
 9.39090e-02  1.00079e+00  1.00018e+00
 1.63141e-01  1.00018e+00  1.00027e+00
 2.20989e-01  1.00079e+00  1.00035e+00
 2.78818e-01  1.00043e+00  1.00042e+00
 3.36553e-01  1.00012e+00  1.00050e+00
 4.03326e-01  1.00030e+00  1.00059e+00
 4.62158e-01  1.00054e+00  1.00068e+00
 5.26728e-01  1.00076e+00  1.00077e+00
 5.76644e-01  1.00113e+00  1.00084e+00
 6.23541e-01  1.00117e+00  1.00090e+00
 6.74063e-01  1.00134e+00  1.00097e+00
 7.22956e-01  1.00188e+00  1.00104e+00
 7.73561e-01  1.00135e+00  1.00111e+00
 8.17803e-01  1.00197e+00  1.00117e+00
 8.76728e-01  1.00088e+00  1.00125e+00
 9.29216e-01  1.00145e+00  1.00131e+00
 9.77022e-01  1.00151e+00  1.00137e+00
 1.02416e+00  1.00160e+00  1.00141e+00
 1.07616e+00  1.00183e+00  1.00145e+00
 1.13090e+00  1.00176e+00  1.00148e+00
 1.18032e+00  1.00161e+00  1.00149e+00
 1.23338e+00  1.00128e+00  1.00147e+00
 1.27823e+00  1.00142e+00  1.00144e+00
 1.32456e+00  1.00144e+00  1.00137e+00
 1.36721e+00  1.00082e+00  1.00128e+00
 1.41047e+00  9.99857e-01  1.00115e+00
 1.46106e+00  9.99746e-01  1.00094e+00
 1.50998e+00  9.99125e-01  1.00066e+00
 1.55839e+00  9.99461e-01  1.00031e+00
 1.60578e+00  9.99388e-01  9.99878e-01
 1.65323e+00  9.98896e-01  9.99342e-01
 1.70006e+00  9.98589e-01  9.98702e-01
 1.75529e+00  9.97660e-01  9.97798e-01
 1.80827e+00  9.96855e-01  9.96777e-01
 1.86106e+00  9.96206e-01  9.95625e-01
 1.92196e+00  9.89532e-01  9.94179e-01
 1.97761e+00  9.53280e-01  9.92832e-01
 2.03180e+00  9.14466e-01  9.91615e-01
 2.08388e+00  8.99858e-01  8.99853e-01
 2.14014e+00  9.18354e-01  8.99223e-01
 2.19280e+00  9.58138e-01  9.89948e-01
 2.24578e+00  9.88812e-01  9.90428e-01
 2.30064e+00  9.94298e-01  9.91515e-01
 2.36653e+00  9.97274e-01  9.93450e-01
 2.42555e+00  9.99401e-01  9.95490e-01
 2.48020e+00  1.00111e+00  9.97368e-01
 2.53744e+00  1.00420e+00  9.99089e-01
 2.59230e+00  1.00539e+00  1.00036e+00
 2.64637e+00  1.00741e+00  1.00120e+00
 2.69846e+00  1.00835e+00  1.00163e+00
 2.74637e+00  1.00970e+00  1.00175e+00
 2.78805e+00  1.00967e+00  1.00169e+00
 2.82972e+00  1.00872e+00  1.00152e+00
 2.87347e+00  1.00889e+00  1.00125e+00
 2.91829e+00  1.00661e+00  1.00092e+00
 2.96722e+00  1.00641e+00  1.00054e+00
 3.01456e+00  1.00505e+00  1.00018e+00
 3.05889e+00  1.00353e+00  9.99851e-01
 3.10373e+00  1.00277e+00  9.99551e-01
 3.15939e+00  1.00101e+00  9.99225e-01
 3.21307e+00  1.00067e+00  9.98963e-01
 3.25474e+00  1.00032e+00  9.98795e-01
 3.29899e+00  9.99614e-01  9.98647e-01
 3.34996e+00  9.98323e-01  9.98514e-01
 3.40673e+00  9.98242e-01  9.98406e-01
 3.45881e+00  9.98450e-01  9.98341e-01
 3.50316e+00  9.97500e-01  9.98306e-01
 3.55056e+00  9.97288e-01  9.98288e-01
 3.59323e+00  9.97310e-01  9.98285e-01
 3.64264e+00  9.96519e-01  9.98296e-01
 3.69691e+00  9.89029e-01  9.98322e-01
 3.74531e+00  9.82195e-01  9.98356e-01
 3.79213e+00  9.81550e-01  9.98396e-01
 3.83390e+00  9.85133e-01  9.98437e-01
 3.87557e+00  9.92167e-01  9.98482e-01
 3.92038e+00  9.97796e-01  9.98533e-01
 3.96307e+00  9.98579e-01  9.98585e-01
 4.00474e+00  9.98402e-01  9.98637e-01
 4.04690e+00  9.98362e-01  9.98692e-01
 4.09531e+00  9.98907e-01  9.98756e-01
 4.13808e+00  9.99175e-01  9.98813e-01
 4.17973e+00  9.98908e-01  9.98870e-01
 4.22139e+00  9.99522e-01  9.98927e-01
 4.26764e+00  1.00055e+00  9.98991e-01
 4.32399e+00  9.99956e-01  9.99068e-01
 4.36723e+00  9.99512e-01  9.99128e-01
 4.41197e+00  9.99910e-01  9.99189e-01
 4.45682e+00  9.99919e-01  9.99250e-01
 4.50215e+00  1.00029e+00  9.99311e-01
 4.54639e+00  9.99601e-01  9.99371e-01
 4.58858e+00  9.99866e-01  9.99427e-01
 4.63649e+00  1.00062e+00  9.99491e-01
 4.67974e+00  1.00028e+00  9.99549e-01
 4.72140e+00  1.00045e+00  9.99604e-01
 4.76457e+00  1.00043e+00  9.99660e-01
 4.82025e+00  1.00124e+00  9.99733e-01
 4.88282e+00  9.99536e-01  9.99815e-01
 4.96082e+00  1.00164e+00  9.99916e-01
 5.03800e+00  1.00016e+00  1.00002e+00
 5.09326e+00  1.00075e+00  1.00009e+00
 5.16143e+00  1.00079e+00  1.00018e+00
 5.23066e+00  1.00018e+00  1.00027e+00
 5.28851e+00  1.00079e+00  1.00035e+00
 5.34633e+00  1.00043e+00  1.00042e+00
 5.40407e+00  1.00012e+00  1.00050e+00
 5.47084e+00  1.00030e+00  1.00059e+00
 5.52967e+00  1.00054e+00  1.00068e+00
 5.59424e+00  1.00076e+00  1.00077e+00
 5.64416e+00  1.00113e+00  1.00084e+00
 5.69106e+00  1.00117e+00  1.00090e+00
 5.74158e+00  1.00134e+00  1.00097e+00
 5.79047e+00  1.00188e+00  1.00104e+00
 5.84108e+00  1.00135e+00  1.00111e+00
 5.88532e+00  1.00197e+00  1.00117e+00
 5.94424e+00  1.00088e+00  1.00125e+00
 5.99673e+00  1.00145e+00  1.00131e+00
 6.04454e+00  1.00151e+00  1.00137e+00
 6.09167e+00  1.00160e+00  1.00141e+00
 6.14368e+00  1.00183e+00  1.00145e+00
 6.19841e+00  1.00176e+00  1.00148e+00
 6.24784e+00  1.00161e+00  1.00149e+00
 6.30089e+00  1.00128e+00  1.00147e+00
 6.34575e+00  1.00142e+00  1.00144e+00
 6.39208e+00  1.00144e+00  1.00137e+00
 6.43472e+00  1.00082e+00  1.00128e+00
 6.47798e+00  9.99857e-01  1.00115e+00
 6.52858e+00  9.99746e-01  1.00094e+00
 6.57750e+00  9.99125e-01  1.00066e+00
 6.62590e+00  9.99461e-01  1.00031e+00
 6.67330e+00  9.99388e-01  9.99878e-01
 6.72075e+00  9.98896e-01  9.99342e-01
 6.76757e+00  9.98589e-01  9.98702e-01
 6.82281e+00  9.97660e-01  9.97798e-01
 6.87579e+00  9.96855e-01  9.96777e-01
 6.92858e+00  9.96206e-01  9.95625e-01
 6.98948e+00  9.89532e-01  9.94178e-01
 7.04512e+00  9.53280e-01  9.92832e-01
 7.09931e+00  9.14466e-01  9.91615e-01
 7.15139e+00  8.99858e-01  8.99853e-01
 7.20765e+00  9.18354e-01  8.99223e-01
 7.26032e+00  9.58138e-01  9.89948e-01
 7.31330e+00  9.88812e-01  9.90428e-01
 7.36816e+00  9.94298e-01  9.91515e-01
 7.43405e+00  9.97274e-01  9.93450e-01
 7.49306e+00  9.99401e-01  9.95490e-01
 7.54772e+00  1.00111e+00  9.97368e-01
 7.60496e+00  1.00420e+00  9.99089e-01
 7.65982e+00  1.00539e+00  1.00036e+00
 7.71388e+00  1.00741e+00  1.00120e+00
 7.76597e+00  1.00835e+00  1.00163e+00
 7.81388e+00  1.00970e+00  1.00175e+00
 7.85556e+00  1.00967e+00  1.00169e+00
 7.89723e+00  1.00872e+00  1.00152e+00
 7.94098e+00  1.00889e+00  1.00125e+00
 7.98581e+00  1.00661e+00  1.00092e+00
 8.03473e+00  1.00641e+00  1.00054e+00
 8.08208e+00  1.00505e+00  1.00018e+00
 8.12640e+00  1.00353e+00  9.99851e-01
 8.17125e+00  1.00277e+00  9.99551e-01
 8.22691e+00  1.00101e+00  9.99225e-01
 8.28058e+00  1.00067e+00  9.98963e-01
 8.32225e+00  1.00032e+00  9.98795e-01
 8.36651e+00  9.99614e-01  9.98647e-01
 8.41748e+00  9.98323e-01  9.98514e-01
 8.47425e+00  9.98242e-01  9.98406e-01
 8.52633e+00  9.98450e-01  9.98341e-01
 8.57067e+00  9.97500e-01  9.98306e-01
 8.61807e+00  9.97288e-01  9.98288e-01
 8.66075e+00  9.97310e-01  9.98285e-01
 8.71015e+00  9.96519e-01  9.98296e-01
 8.76442e+00  9.89029e-01  9.98322e-01
 8.81283e+00  9.82195e-01  9.98356e-01
 8.85965e+00  9.81550e-01  9.98396e-01
 8.90141e+00  9.85133e-01  9.98437e-01
 8.94308e+00  9.92167e-01  9.98482e-01
 8.98790e+00  9.97796e-01  9.98533e-01
 9.03058e+00  9.98579e-01  9.98585e-01
 9.07225e+00  9.98402e-01  9.98637e-01
 9.11441e+00  9.98362e-01  9.98692e-01
 9.16283e+00  9.98907e-01  9.98756e-01
 9.20559e+00  9.99175e-01  9.98813e-01
 9.24724e+00  9.98908e-01  9.98870e-01
 9.28890e+00  9.99522e-01  9.98927e-01
 9.33515e+00  1.00055e+00  9.98991e-01
 9.39151e+00  9.99956e-01  9.99068e-01
 9.43474e+00  9.99512e-01  9.99128e-01
 9.47949e+00  9.99910e-01  9.99189e-01
 9.52433e+00  9.99919e-01  9.99250e-01
 9.56966e+00  1.00029e+00  9.99311e-01
 9.61390e+00  9.99601e-01  9.99371e-01
 9.65610e+00  9.99866e-01  9.99427e-01
 9.70401e+00  1.00062e+00  9.99491e-01
 9.74725e+00  1.00028e+00  9.99549e-01
 9.78891e+00  1.00045e+00  9.99604e-01
 9.83209e+00  1.00043e+00  9.99660e-01
 9.88776e+00  1.00124e+00  9.99733e-01
 9.95034e+00  9.99536e-01  9.99815e-01
 1.00283e+01  1.00164e+00  9.99916e-01
 1.01055e+01  1.00016e+00  1.00002e+00
