168
 1.60680e-02  9.48693e-01  9.49320e-01
 5.38790e-02  9.67481e-01  9.68062e-01
 9.06480e-02  9.89441e-01  9.80847e-01
 1.24468e-01  9.96041e-01  9.89167e-01
 1.59238e-01  9.95393e-01  9.95213e-01
 1.91138e-01  9.97052e-01  9.99108e-01
 2.24398e-01  1.00017e+00  1.00193e+00
 2.59239e-01  1.00276e+00  1.00388e+00
 2.88818e-01  1.00474e+00  1.00495e+00
 3.19489e-01  1.00747e+00  1.00564e+00
 3.48508e-01  1.00908e+00  1.00600e+00
 3.78709e-01  1.01075e+00  1.00614e+00
 4.10839e-01  1.01142e+00  1.00612e+00
 4.44489e-01  1.01265e+00  1.00594e+00
 4.73508e-01  1.01154e+00  1.00572e+00
 5.06269e-01  1.01082e+00  1.00540e+00
 5.39779e-01  1.00875e+00  1.00505e+00
 5.72209e-01  1.00741e+00  1.00468e+00
 6.01318e-01  1.00494e+00  1.00435e+00
 6.31989e-01  1.00324e+00  1.00400e+00
 6.61008e-01  1.00153e+00  1.00369e+00
 6.91209e-01  1.00041e+00  1.00336e+00
 7.20779e-01  9.98622e-01  1.00307e+00
 7.50429e-01  9.98032e-01  1.00278e+00
 7.82879e-01  9.98167e-01  1.00249e+00
 8.12929e-01  9.97237e-01  1.00224e+00
 8.43049e-01  9.97505e-01  1.00200e+00
 8.72148e-01  9.92181e-01  1.00179e+00
 9.02819e-01  9.79927e-01  1.00159e+00
 9.31838e-01  9.74029e-01  1.00141e+00
 9.62049e-01  9.72052e-01  1.00124e+00
 9.94169e-01  9.83684e-01  1.00108e+00
 1.02455e+00  9.95783e-01  1.00094e+00
 1.05667e+00  9.98172e-01  1.00080e+00
 1.08913e+00  9.98385e-01  1.00068e+00
 1.12047e+00  9.99224e-01  1.00058e+00
 1.15282e+00  9.99544e-01  1.00048e+00
 1.18184e+00  1.00004e+00  1.00040e+00
 1.21205e+00  9.99626e-01  1.00033e+00
 1.24160e+00  1.00060e+00  1.00027e+00
 1.27128e+00  1.00056e+00  1.00022e+00
 1.30137e+00  1.00153e+00  1.00017e+00
 1.33049e+00  1.00115e+00  1.00013e+00
 1.36339e+00  1.00121e+00  1.00009e+00
 1.39628e+00  1.00056e+00  1.00006e+00
 1.42637e+00  1.00202e+00  1.00004e+00
 1.45549e+00  1.00158e+00  1.00002e+00
 1.48616e+00  1.00122e+00  1.00001e+00
 1.51518e+00  1.00115e+00  9.99998e-01
 1.54539e+00  1.00103e+00  9.99992e-01
 1.57494e+00  1.00148e+00  9.99988e-01
 1.60461e+00  1.00082e+00  9.99988e-01
 1.63470e+00  1.00120e+00  9.99991e-01
 1.66383e+00  1.00212e+00  9.99995e-01
 1.69608e+00  1.00183e+00  1.00000e+00
 1.72794e+00  1.00245e+00  1.00001e+00
 1.75970e+00  1.00329e+00  1.00003e+00
 1.79002e+00  1.00346e+00  1.00004e+00
 1.82220e+00  1.00346e+00  1.00005e+00
 1.85340e+00  1.00286e+00  1.00007e+00
 1.88471e+00  1.00224e+00  1.00009e+00
 1.91543e+00  1.00277e+00  1.00011e+00
 1.94810e+00  1.00218e+00  1.00013e+00
 1.98473e+00  1.00141e+00  1.00015e+00
 2.02504e+00  1.00103e+00  1.00018e+00
 2.06014e+00  1.00082e+00  1.00020e+00
 2.09860e+00  1.00199e+00  1.00023e+00
 2.13890e+00  1.00256e+00  1.00026e+00
 2.17984e+00  1.00211e+00  1.00029e+00
 2.21830e+00  1.00192e+00  1.00032e+00
 2.25603e+00  1.00176e+00  1.00034e+00
 2.29379e+00  1.00094e+00  1.00037e+00
 2.33472e+00  1.00079e+00  1.00040e+00
 2.37639e+00  1.00043e+00  1.00043e+00
 2.41806e+00  9.99571e-01  1.00046e+00
 2.45877e+00  9.99126e-01  1.00049e+00
 2.49651e+00  9.98491e-01  1.00051e+00
 2.53449e+00  9.98967e-01  1.00054e+00
 2.56462e+00  9.98513e-01  1.00056e+00
 2.59883e+00  9.98496e-01  1.00058e+00
 2.62945e+00  9.97629e-01  1.00060e+00
 2.66061e+00  9.96751e-01  1.00062e+00
 2.69266e+00  9.82120e-01  1.00063e+00
 2.72824e+00  9.56717e-01  1.00065e+00
 2.76847e+00  9.48693e-01  1.00068e+00
 2.80628e+00  9.67481e-01  1.00069e+00
 2.84305e+00  9.89441e-01  1.00071e+00
 2.87687e+00  9.96041e-01  1.00073e+00
 2.91164e+00  9.95393e-01  1.00074e+00
 2.94354e+00  9.97052e-01  1.00076e+00
 2.97680e+00  1.00017e+00  1.00077e+00
 3.01164e+00  1.00276e+00  1.00078e+00
 3.04122e+00  1.00474e+00  1.00079e+00
 3.07189e+00  1.00747e+00  1.00080e+00
 3.10091e+00  1.00908e+00  1.00081e+00
 3.13111e+00  1.01075e+00  1.00082e+00
 3.16324e+00  1.01142e+00  1.00083e+00
 3.19689e+00  1.01265e+00  1.00083e+00
 3.22591e+00  1.01154e+00  1.00084e+00
 3.25867e+00  1.01082e+00  1.00084e+00
 3.29218e+00  1.00875e+00  1.00085e+00
 3.32461e+00  1.00741e+00  1.00085e+00
 3.35372e+00  1.00494e+00  1.00086e+00
 3.38439e+00  1.00324e+00  1.00086e+00
 3.41341e+00  1.00153e+00  1.00086e+00
 3.44361e+00  1.00041e+00  1.00086e+00
 3.47318e+00  9.98622e-01  1.00086e+00
 3.50283e+00  9.98032e-01  1.00086e+00
 3.53528e+00  9.98167e-01  1.00086e+00
 3.56533e+00  9.97237e-01  1.00085e+00
 3.59545e+00  9.97505e-01  1.00085e+00
 3.62455e+00  9.92181e-01  1.00084e+00
 3.65522e+00  9.79927e-01  1.00084e+00
 3.68424e+00  9.74029e-01  1.00083e+00
 3.71445e+00  9.72052e-01  1.00083e+00
 3.74657e+00  9.83684e-01  1.00082e+00
 3.77695e+00  9.95783e-01  1.00081e+00
 3.80907e+00  9.98172e-01  1.00080e+00
 3.84153e+00  9.98385e-01  1.00079e+00
 3.87287e+00  9.99224e-01  1.00078e+00
 3.90522e+00  9.99544e-01  1.00076e+00
 3.93424e+00  1.00004e+00  1.00075e+00
 3.96445e+00  9.99626e-01  1.00074e+00
 3.99400e+00  1.00060e+00  1.00072e+00
 4.02368e+00  1.00056e+00  1.00071e+00
 4.05377e+00  1.00153e+00  1.00069e+00
 4.08289e+00  1.00115e+00  1.00067e+00
 4.11579e+00  1.00121e+00  1.00065e+00
 4.14868e+00  1.00056e+00  1.00063e+00
 4.17877e+00  1.00202e+00  1.00061e+00
 4.20789e+00  1.00158e+00  1.00059e+00
 4.23856e+00  1.00122e+00  1.00056e+00
 4.26758e+00  1.00115e+00  1.00054e+00
 4.29779e+00  1.00103e+00  1.00052e+00
 4.32734e+00  1.00148e+00  1.00049e+00
 4.35701e+00  1.00082e+00  1.00047e+00
 4.38710e+00  1.00120e+00  1.00044e+00
 4.41623e+00  1.00212e+00  1.00041e+00
 4.44848e+00  1.00183e+00  1.00038e+00
 4.48034e+00  1.00245e+00  1.00034e+00
 4.51210e+00  1.00329e+00  1.00031e+00
 4.54242e+00  1.00346e+00  1.00028e+00
 4.57460e+00  1.00346e+00  1.00024e+00
 4.60580e+00  1.00286e+00  1.00020e+00
 4.63711e+00  1.00224e+00  1.00016e+00
 4.66783e+00  1.00277e+00  1.00012e+00
 4.70050e+00  1.00218e+00  1.00008e+00
 4.73713e+00  1.00141e+00  1.00003e+00
 4.77744e+00  1.00103e+00  9.99973e-01
 4.81254e+00  1.00082e+00  9.99921e-01
 4.85100e+00  1.00199e+00  9.99862e-01
 4.89130e+00  1.00256e+00  9.99798e-01
 4.93224e+00  1.00211e+00  9.99731e-01
 4.97070e+00  1.00192e+00  9.99665e-01
 5.00843e+00  1.00176e+00  9.99598e-01
 5.04619e+00  1.00094e+00  9.99528e-01
 5.08712e+00  1.00079e+00  9.99450e-01
 5.12879e+00  1.00043e+00  9.99368e-01
 5.17046e+00  9.99571e-01  9.99282e-01
 5.21117e+00  9.99126e-01  9.99196e-01
 5.24891e+00  9.98491e-01  9.99113e-01
 5.28689e+00  9.98967e-01  9.99026e-01
 5.31702e+00  9.98513e-01  9.98956e-01
 5.35123e+00  9.98496e-01  9.98874e-01
 5.38185e+00  9.97629e-01  9.98798e-01
 5.41301e+00  9.96751e-01  9.98719e-01
 5.44506e+00  9.82120e-01  9.55372e-01
 5.48064e+00  9.56717e-01  9.55276e-01
