197
 4.04960e-02  1.01178e+00  1.01210e+00
 6.24586e-02  1.01123e+00  1.01118e+00
 8.14038e-02  1.00916e+00  1.00982e+00
 1.05144e-01  1.00750e+00  1.00766e+00
 1.24959e-01  1.00597e+00  1.00573e+00
 1.38718e-01  1.00461e+00  1.00441e+00
 1.53962e-01  1.00359e+00  1.00303e+00
 1.70622e-01  1.00222e+00  1.00167e+00
 1.84304e-01  1.00251e+00  1.00069e+00
 1.99090e-01  1.00171e+00  9.99775e-01
 2.35407e-01  9.99065e-01  9.98140e-01
 2.96941e-01  9.98237e-01  9.96957e-01
 3.16208e-01  9.97803e-01  9.96867e-01
 3.32965e-01  9.91563e-01  9.93260e-01
 3.43630e-01  9.80395e-01  9.81121e-01
 3.55973e-01  9.63647e-01  9.63729e-01
 3.68473e-01  9.45373e-01  9.46011e-01
 3.83182e-01  9.28414e-01  9.28647e-01
 4.18787e-01  9.21261e-01  9.18912e-01
 4.41482e-01  9.39329e-01  9.39481e-01
 4.57965e-01  9.62441e-01  9.62512e-01
 4.68630e-01  9.77279e-01  9.78071e-01
 4.84168e-01  9.94412e-01  9.96130e-01
 4.97653e-01  9.98190e-01  9.98158e-01
 5.10330e-01  9.98876e-01  9.98276e-01
 5.58162e-01  9.98554e-01  9.98696e-01
 6.08182e-01  9.99074e-01  9.99079e-01
 6.31424e-01  9.99354e-01  9.99238e-01
 6.70163e-01  9.98806e-01  9.99476e-01
 7.25984e-01  9.99681e-01  9.99766e-01
 7.58239e-01  1.00031e+00  9.99908e-01
 7.81130e-01  1.00119e+00  1.00000e+00
 8.36453e-01  1.00103e+00  1.00019e+00
 8.83142e-01  1.00025e+00  1.00033e+00
 9.06110e-01  1.00055e+00  1.00039e+00
 9.46921e-01  1.00040e+00  1.00049e+00
 1.01033e+00  1.00004e+00  1.00061e+00
 1.02867e+00  1.00072e+00  1.00065e+00
 1.05398e+00  9.99717e-01  1.00069e+00
 1.11636e+00  9.99601e-01  1.00078e+00
 1.16749e+00  9.99959e-01  1.00085e+00
 1.19680e+00  9.99917e-01  1.00089e+00
 1.22480e+00  1.00047e+00  1.00092e+00
 1.24568e+00  1.00083e+00  1.00095e+00
 1.26764e+00  1.00027e+00  1.00097e+00
 1.29767e+00  1.00072e+00  1.00100e+00
 1.35096e+00  1.00149e+00  1.00106e+00
 1.42884e+00  1.00191e+00  1.00112e+00
 1.47368e+00  1.00138e+00  1.00116e+00
 1.51234e+00  1.00191e+00  1.00118e+00
 1.52681e+00  1.00165e+00  1.00119e+00
 1.54353e+00  1.00094e+00  1.00119e+00
 1.55932e+00  1.00128e+00  1.00120e+00
 1.59655e+00  1.00101e+00  1.00121e+00
 1.63519e+00  1.00133e+00  1.00120e+00
 1.65268e+00  9.99852e-01  1.00120e+00
 1.67786e+00  1.00081e+00  1.00119e+00
 1.72886e+00  1.00001e+00  1.00114e+00
 1.74340e+00  1.00037e+00  1.00111e+00
 1.76719e+00  1.00082e+00  1.00107e+00
 1.78403e+00  9.99711e-01  1.00103e+00
 1.80100e+00  1.00176e+00  1.00098e+00
 1.81520e+00  1.00066e+00  1.00094e+00
 1.83430e+00  1.00085e+00  1.00087e+00
 1.85085e+00  1.00134e+00  1.00080e+00
 1.86220e+00  1.00121e+00  1.00074e+00
 1.87697e+00  1.00099e+00  1.00066e+00
 1.90197e+00  1.00220e+00  1.00051e+00
 1.92498e+00  1.00106e+00  1.00033e+00
 1.94968e+00  1.00016e+00  1.00011e+00
 1.96834e+00  1.00038e+00  9.99917e-01
 1.99262e+00  1.00037e+00  9.99624e-01
 2.08086e+00  9.99306e-01  9.98112e-01
 2.12455e+00  9.98966e-01  9.97082e-01
 2.14036e+00  9.96782e-01  9.96671e-01
 2.15382e+00  9.86983e-01  9.86652e-01
 2.16536e+00  9.62591e-01  9.61747e-01
 2.17701e+00  9.34145e-01  9.31920e-01
 2.18829e+00  9.03834e-01  9.03281e-01
 2.20071e+00  8.77993e-01  8.76659e-01
 2.21128e+00  8.60407e-01  8.61432e-01
 2.22786e+00  8.54506e-01  8.56278e-01
 2.24136e+00  8.69222e-01  8.69814e-01
 2.25296e+00  8.90923e-01  8.91689e-01
 2.26749e+00  9.27078e-01  9.26867e-01
 2.28302e+00  9.66001e-01  9.65499e-01
 2.29466e+00  9.86748e-01  9.88255e-01
 2.30704e+00  9.96045e-01  9.94423e-01
 2.32265e+00  9.95995e-01  9.94992e-01
 2.34365e+00  9.97615e-01  9.96179e-01
 2.37238e+00  9.99782e-01  9.98633e-01
 2.43835e+00  1.00737e+00  1.00675e+00
 2.45286e+00  1.00941e+00  1.00848e+00
 2.47070e+00  1.01105e+00  1.01027e+00
 2.50758e+00  1.01316e+00  1.01217e+00
 2.52529e+00  1.01196e+00  1.01209e+00
 2.54197e+00  1.01028e+00  1.01145e+00
 2.56377e+00  1.00940e+00  1.00997e+00
 2.58994e+00  1.00748e+00  1.00761e+00
 2.62008e+00  1.00453e+00  1.00468e+00
 2.63765e+00  1.00338e+00  1.00308e+00
 2.65888e+00  1.00182e+00  1.00137e+00
 2.68692e+00  1.00154e+00  9.99574e-01
 2.70443e+00  9.99517e-01  9.98723e-01
 2.71780e+00  9.99652e-01  9.98204e-01
 2.74412e+00  9.98766e-01  9.97470e-01
 2.77616e+00  9.98818e-01  9.96998e-01
 2.79080e+00  9.97445e-01  9.96900e-01
 2.80746e+00  9.96470e-01  9.96857e-01
 2.82298e+00  9.85879e-01  9.87222e-01
 2.83533e+00  9.68882e-01  9.70782e-01
 2.84599e+00  9.54766e-01  9.55360e-01
 2.86164e+00  9.33915e-01  9.34790e-01
 2.87687e+00  9.20210e-01  9.20975e-01
 2.88980e+00  9.14669e-01  9.16244e-01
 2.90936e+00  9.22312e-01  9.22817e-01
 2.92515e+00  9.39329e-01  9.38781e-01
 2.94163e+00  9.62441e-01  9.61684e-01
 2.95230e+00  9.77279e-01  9.77281e-01
 2.96784e+00  9.94412e-01  9.95696e-01
 2.98132e+00  9.98190e-01  9.98152e-01
 2.99400e+00  9.98876e-01  9.98271e-01
 3.01578e+00  9.98107e-01  9.98468e-01
 3.08680e+00  9.98752e-01  9.99039e-01
 3.10977e+00  9.99408e-01  9.99199e-01
 3.13363e+00  9.99384e-01  9.99352e-01
 3.14800e+00  9.99684e-01  9.99439e-01
 3.17101e+00  9.99132e-01  9.99568e-01
 3.23879e+00  9.99837e-01  9.99893e-01
 3.26176e+00  1.00116e+00  9.99986e-01
 3.28680e+00  1.00149e+00  1.00008e+00
 3.31994e+00  1.00048e+00  1.00019e+00
 3.35332e+00  1.00060e+00  1.00029e+00
 3.37515e+00  1.00056e+00  1.00035e+00
 3.40203e+00  1.00071e+00  1.00042e+00
 3.43651e+00  1.00084e+00  1.00050e+00
 3.45242e+00  1.00010e+00  1.00053e+00
 3.49270e+00  1.00025e+00  1.00061e+00
 3.51896e+00  1.00035e+00  1.00066e+00
 3.59469e+00  9.99552e-01  1.00078e+00
 3.65116e+00  9.99959e-01  1.00085e+00
 3.67403e+00  9.99785e-01  1.00088e+00
 3.69686e+00  9.99954e-01  1.00091e+00
 3.72947e+00  1.00064e+00  1.00095e+00
 3.75849e+00  1.00045e+00  1.00098e+00
 3.78881e+00  1.00103e+00  1.00101e+00
 3.81052e+00  9.99678e-01  1.00103e+00
 3.83664e+00  1.00121e+00  1.00106e+00
 3.85636e+00  9.99579e-01  1.00108e+00
 3.86900e+00  1.00158e+00  1.00109e+00
 3.89986e+00  1.00098e+00  1.00111e+00
 3.97606e+00  1.00224e+00  1.00117e+00
 4.03883e+00  1.00137e+00  1.00120e+00
 4.11066e+00  1.00140e+00  1.00121e+00
 4.16283e+00  1.00069e+00  1.00119e+00
 4.18036e+00  1.00064e+00  1.00117e+00
 4.20307e+00  1.00053e+00  1.00115e+00
 4.23411e+00  1.00047e+00  1.00110e+00
 4.30922e+00  1.00137e+00  1.00090e+00
 4.33854e+00  1.00159e+00  1.00078e+00
 4.35321e+00  1.00090e+00  1.00071e+00
 4.36884e+00  1.00124e+00  1.00062e+00
 4.38345e+00  1.00004e+00  1.00052e+00
 4.39702e+00  1.00141e+00  1.00043e+00
 4.41041e+00  1.00099e+00  1.00032e+00
 4.42196e+00  1.00006e+00  1.00022e+00
 4.43438e+00  1.00030e+00  1.00011e+00
 4.44494e+00  9.99927e-01  1.00000e+00
 4.45737e+00  1.00027e+00  9.99863e-01
 4.47014e+00  1.00014e+00  9.99710e-01
 4.48233e+00  9.99983e-01  9.99552e-01
 4.49398e+00  9.99936e-01  9.99388e-01
 4.50746e+00  9.99801e-01  9.99184e-01
 4.52202e+00  1.00003e+00  9.98944e-01
 4.54071e+00  9.99599e-01  9.98606e-01
 4.55746e+00  9.99401e-01  9.98273e-01
 4.59055e+00  9.98414e-01  9.97533e-01
 4.60851e+00  9.98237e-01  9.97089e-01
 4.62689e+00  9.95610e-01  9.96610e-01
 4.63982e+00  9.82980e-01  9.83395e-01
 4.65116e+00  9.57522e-01  9.57881e-01
 4.66356e+00  9.26623e-01  9.25873e-01
 4.67412e+00  8.98556e-01  8.99447e-01
 4.68653e+00  8.74255e-01  8.73862e-01
 4.69812e+00  8.58121e-01  8.59009e-01
 4.71366e+00  8.55245e-01  8.57066e-01
 4.72807e+00  8.74291e-01  8.73812e-01
 4.73964e+00  8.98684e-01  8.97206e-01
 4.75344e+00  9.32274e-01  9.31281e-01
 4.76973e+00  9.73112e-01  9.71054e-01
 4.78047e+00  9.89037e-01  9.90462e-01
 4.79583e+00  9.95742e-01  9.94564e-01
 4.82618e+00  9.97358e-01  9.96064e-01
 4.84386e+00  9.99056e-01  9.97427e-01
 4.86439e+00  1.00017e+00  9.99454e-01
 4.90346e+00  1.00513e+00  1.00427e+00
 4.93136e+00  1.00805e+00  1.00782e+00
