388
 4.58940e-03  1.00030e+00  9.99955e-01
 1.80028e-02  1.00016e+00  1.00019e+00
 3.72934e-02  1.00093e+00  1.00055e+00
 4.99030e-02  1.00099e+00  1.00081e+00
 6.27404e-02  1.00172e+00  1.00110e+00
 7.97778e-02  1.00159e+00  1.00150e+00
 9.43426e-02  1.00302e+00  1.00187e+00
 1.15094e-01  1.00259e+00  1.00244e+00
 1.32459e-01  1.00364e+00  1.00296e+00
 1.45573e-01  1.00343e+00  1.00337e+00
 1.57072e-01  1.00391e+00  1.00374e+00
 1.67029e-01  1.00783e+00  1.00408e+00
 1.82687e-01  1.00460e+00  1.00462e+00
 2.09663e-01  1.00754e+00  1.00560e+00
 2.58709e-01  1.00872e+00  1.00742e+00
 3.24645e-01  1.01165e+00  1.00950e+00
 3.37443e-01  1.01214e+00  1.00978e+00
 3.55463e-01  1.01059e+00  1.01008e+00
 3.76471e-01  1.01105e+00  1.01025e+00
 3.97529e-01  1.01009e+00  1.01020e+00
 4.69045e-01  1.00815e+00  1.00807e+00
 4.96974e-01  1.00613e+00  1.00643e+00
 5.26641e-01  1.00452e+00  1.00430e+00
 5.46318e-01  1.00277e+00  1.00275e+00
 5.64905e-01  1.00052e+00  1.00124e+00
 6.10089e-01  9.97749e-01  9.97710e-01
 6.40987e-01  9.96596e-01  9.95657e-01
 6.75131e-01  9.94151e-01  9.93936e-01
 6.95653e-01  9.93980e-01  9.93218e-01
 7.10447e-01  9.92676e-01  9.90321e-01
 7.21825e-01  9.88514e-01  9.85895e-01
 7.32836e-01  9.83681e-01  9.81521e-01
 7.51025e-01  9.79111e-01  9.75772e-01
 7.67794e-01  9.72934e-01  9.73352e-01
 7.86232e-01  9.73937e-01  9.74580e-01
 8.00329e-01  9.77459e-01  9.78121e-01
 8.11212e-01  9.81167e-01  9.82038e-01
 8.21547e-01  9.85437e-01  9.86297e-01
 8.30651e-01  9.89275e-01  9.90057e-01
 8.39905e-01  9.92522e-01  9.93256e-01
 8.51938e-01  9.95031e-01  9.94379e-01
 8.86996e-01  9.95766e-01  9.95534e-01
 9.12016e-01  9.97250e-01  9.96392e-01
 9.43370e-01  9.97752e-01  9.97447e-01
 9.73989e-01  1.00017e+00  9.98416e-01
 9.86639e-01  9.99259e-01  9.98791e-01
 1.00947e+00  1.00035e+00  9.99423e-01
 1.02293e+00  9.98884e-01  9.99768e-01
 1.03405e+00  1.00263e+00  1.00004e+00
 1.04203e+00  9.99725e-01  1.00022e+00
 1.05431e+00  9.99474e-01  1.00049e+00
 1.07108e+00  1.00159e+00  1.00082e+00
 1.08742e+00  1.00099e+00  1.00112e+00
 1.09931e+00  1.00126e+00  1.00132e+00
 1.11274e+00  1.00118e+00  1.00152e+00
 1.14682e+00  1.00136e+00  1.00195e+00
 1.17155e+00  1.00138e+00  1.00219e+00
 1.18936e+00  1.00096e+00  1.00233e+00
 1.19954e+00  1.00061e+00  1.00240e+00
 1.21043e+00  1.00214e+00  1.00247e+00
 1.23042e+00  1.00081e+00  1.00257e+00
 1.26106e+00  1.00157e+00  1.00268e+00
 1.27242e+00  1.00178e+00  1.00271e+00
 1.28903e+00  1.00087e+00  1.00273e+00
 1.31287e+00  1.00234e+00  1.00275e+00
 1.32282e+00  1.00058e+00  1.00275e+00
 1.33938e+00  1.00411e+00  1.00275e+00
 1.35826e+00  1.00365e+00  1.00273e+00
 1.39415e+00  1.00177e+00  1.00268e+00
 1.40979e+00  1.00284e+00  1.00264e+00
 1.42074e+00  1.00035e+00  1.00262e+00
 1.43084e+00  1.00082e+00  1.00259e+00
 1.44890e+00  1.00163e+00  1.00254e+00
 1.46338e+00  1.00100e+00  1.00250e+00
 1.48405e+00  1.00109e+00  1.00243e+00
 1.50485e+00  9.99489e-01  1.00236e+00
 1.51865e+00  1.00133e+00  1.00231e+00
 1.53114e+00  1.00043e+00  1.00227e+00
 1.54110e+00  9.99868e-01  1.00223e+00
 1.55270e+00  1.00197e+00  1.00219e+00
 1.57469e+00  1.00070e+00  1.00211e+00
 1.58957e+00  1.00014e+00  1.00205e+00
 1.60901e+00  1.00078e+00  1.00198e+00
 1.63742e+00  1.00112e+00  1.00187e+00
 1.65803e+00  1.00136e+00  1.00179e+00
 1.70817e+00  1.00162e+00  1.00160e+00
 1.73324e+00  1.00053e+00  1.00151e+00
 1.74735e+00  1.00153e+00  1.00145e+00
 1.75625e+00  1.00031e+00  1.00142e+00
 1.77045e+00  1.00001e+00  1.00137e+00
 1.78451e+00  1.00131e+00  1.00132e+00
 1.80315e+00  1.00109e+00  1.00125e+00
 1.82768e+00  9.98538e-01  1.00117e+00
 1.84250e+00  1.00197e+00  1.00111e+00
 1.85436e+00  9.99384e-01  1.00107e+00
 1.86819e+00  9.99056e-01  1.00103e+00
 1.88611e+00  9.98942e-01  1.00097e+00
 1.90117e+00  9.98728e-01  1.00092e+00
 1.91707e+00  9.98798e-01  1.00087e+00
 1.94230e+00  1.00014e+00  1.00078e+00
 1.95860e+00  9.98185e-01  1.00073e+00
 1.97787e+00  9.99458e-01  1.00067e+00
 1.99390e+00  9.99550e-01  1.00063e+00
 2.01656e+00  1.00016e+00  1.00056e+00
 2.03159e+00  9.99660e-01  1.00051e+00
 2.05158e+00  1.00035e+00  1.00046e+00
 2.06459e+00  1.00097e+00  1.00042e+00
 2.07532e+00  9.99827e-01  1.00039e+00
 2.08785e+00  1.00016e+00  1.00035e+00
 2.09854e+00  1.00127e+00  1.00032e+00
 2.10892e+00  1.00024e+00  1.00030e+00
 2.12065e+00  1.00112e+00  1.00026e+00
 2.13035e+00  1.00043e+00  1.00024e+00
 2.14147e+00  1.00009e+00  1.00021e+00
 2.15960e+00  9.99603e-01  1.00016e+00
 2.19108e+00  9.99568e-01  1.00008e+00
 2.20119e+00  1.00062e+00  1.00005e+00
 2.21384e+00  9.98992e-01  1.00002e+00
 2.22494e+00  1.00040e+00  9.99993e-01
 2.23324e+00  9.99105e-01  9.99973e-01
 2.24143e+00  9.99455e-01  9.99952e-01
 2.25776e+00  1.00033e+00  9.99912e-01
 2.27119e+00  9.98651e-01  9.99880e-01
 2.28188e+00  9.98336e-01  9.99854e-01
 2.29285e+00  9.99122e-01  9.99828e-01
 2.31854e+00  9.98655e-01  9.99767e-01
 2.32993e+00  1.00129e+00  9.99740e-01
 2.35119e+00  1.00024e+00  9.99691e-01
 2.36735e+00  9.98730e-01  9.99654e-01
 2.38104e+00  1.00013e+00  9.99623e-01
 2.38944e+00  1.00029e+00  9.99603e-01
 2.41720e+00  9.98505e-01  9.99541e-01
 2.43619e+00  9.99423e-01  9.99499e-01
 2.44996e+00  9.98917e-01  9.99468e-01
 2.46287e+00  9.99699e-01  9.99440e-01
 2.48946e+00  1.00109e+00  9.99382e-01
 2.50612e+00  9.98762e-01  9.99345e-01
 2.53171e+00  9.99983e-01  9.99290e-01
 2.54207e+00  9.97566e-01  9.99268e-01
 2.55196e+00  9.99183e-01  9.99247e-01
 2.56200e+00  9.98641e-01  9.99225e-01
 2.57218e+00  9.97964e-01  9.99203e-01
 2.58346e+00  9.99373e-01  9.99179e-01
 2.59778e+00  9.98294e-01  9.99149e-01
 2.60828e+00  9.98040e-01  9.99126e-01
 2.62032e+00  9.99591e-01  9.99101e-01
 2.63509e+00  9.98058e-01  9.99070e-01
 2.65582e+00  9.97969e-01  9.99026e-01
 2.66766e+00  9.99394e-01  9.99001e-01
 2.67851e+00  9.97297e-01  9.98978e-01
 2.71200e+00  9.98823e-01  9.98908e-01
 2.72106e+00  9.97270e-01  9.98889e-01
 2.74879e+00  9.99386e-01  9.98831e-01
 2.76949e+00  1.00001e+00  9.98787e-01
 2.79266e+00  1.00055e+00  9.98739e-01
 2.81949e+00  9.99944e-01  9.98683e-01
 2.83925e+00  9.99229e-01  9.98642e-01
 2.85444e+00  1.00001e+00  9.98610e-01
 2.88916e+00  9.99117e-01  9.98538e-01
 2.92282e+00  1.00001e+00  9.98469e-01
 2.94845e+00  9.99009e-01  9.98417e-01
 2.98067e+00  9.98781e-01  9.98352e-01
 2.99169e+00  9.98774e-01  9.98330e-01
 3.00474e+00  9.99920e-01  9.98304e-01
 3.04075e+00  9.98793e-01  9.98234e-01
 3.06119e+00  9.98158e-01  9.98195e-01
 3.11036e+00  9.98785e-01  9.98106e-01
 3.17517e+00  9.98807e-01  9.98001e-01
 3.22028e+00  9.97112e-01  9.97941e-01
 3.23360e+00  9.98251e-01  9.97925e-01
 3.24410e+00  9.99362e-01  9.97914e-01
 3.27386e+00  9.99186e-01  9.97888e-01
 3.29058e+00  9.97971e-01  9.97878e-01
 3.31800e+00  9.97401e-01  9.97867e-01
 3.32914e+00  9.98220e-01  9.97866e-01
 3.34281e+00  9.97760e-01  9.97867e-01
 3.35565e+00  1.00024e+00  9.97871e-01
 3.37722e+00  9.98262e-01  9.97884e-01
 3.40788e+00  9.98506e-01  9.97918e-01
 3.42308e+00  9.98454e-01  9.97943e-01
 3.44185e+00  9.98077e-01  9.97983e-01
 3.45701e+00  9.98013e-01  9.98023e-01
 3.46936e+00  9.98965e-01  9.98060e-01
 3.48133e+00  9.95565e-01  9.98102e-01
 3.50302e+00  9.99130e-01  9.98191e-01
 3.51694e+00  9.97775e-01  9.98258e-01
 3.53181e+00  9.97761e-01  9.98340e-01
 3.58154e+00  9.98331e-01  9.98695e-01
 3.61836e+00  9.99134e-01  9.99057e-01
 3.63390e+00  9.99180e-01  9.99238e-01
 3.64283e+00  1.00008e+00  9.99351e-01
 3.65427e+00  9.99068e-01  9.99506e-01
 3.66365e+00  1.00061e+00  9.99641e-01
 3.67392e+00  9.99200e-01  9.99798e-01
 3.68460e+00  1.00068e+00  9.99971e-01
 3.69678e+00  1.00082e+00  1.00018e+00
 3.73557e+00  1.00155e+00  1.00096e+00
 3.75760e+00  1.00175e+00  1.00147e+00
 3.77592e+00  1.00278e+00  1.00194e+00
 3.78903e+00  1.00272e+00  1.00230e+00
 3.80245e+00  1.00467e+00  1.00269e+00
 3.81624e+00  1.00275e+00  1.00311e+00
 3.84311e+00  1.00427e+00  1.00398e+00
 3.87055e+00  1.00571e+00  1.00494e+00
 3.89389e+00  1.00691e+00  1.00579e+00
 3.90508e+00  1.00813e+00  1.00621e+00
 3.92887e+00  1.00879e+00  1.00709e+00
 3.95083e+00  1.00903e+00  1.00789e+00
 3.96452e+00  1.01036e+00  1.00835e+00
 3.98082e+00  1.01152e+00  1.00887e+00
 3.99678e+00  1.01139e+00  1.00932e+00
 4.00928e+00  1.01166e+00  1.00963e+00
 4.04389e+00  1.01145e+00  1.01018e+00
 4.06478e+00  1.01148e+00  1.01026e+00
 4.10747e+00  1.01063e+00  1.00966e+00
 4.12745e+00  1.00912e+00  1.00901e+00
 4.14387e+00  1.00779e+00  1.00828e+00
 4.16344e+00  1.00675e+00  1.00722e+00
 4.18154e+00  1.00540e+00  1.00606e+00
 4.21675e+00  1.00337e+00  1.00344e+00
 4.25622e+00  9.99609e-01  1.00025e+00
 4.27174e+00  9.98691e-01  9.99018e-01
 4.29590e+00  9.97747e-01  9.97224e-01
 4.31976e+00  9.96633e-01  9.95671e-01
 4.34247e+00  9.94768e-01  9.94452e-01
 4.36749e+00  9.93987e-01  9.93441e-01
 4.38260e+00  9.94551e-01  9.92435e-01
 4.39262e+00  9.90062e-01  9.89157e-01
 4.40340e+00  9.87306e-01  9.84855e-01
 4.42072e+00  9.80532e-01  9.78393e-01
 4.46047e+00  9.73329e-01  9.73869e-01
 4.47146e+00  9.75072e-01  9.75891e-01
 4.48262e+00  9.78934e-01  9.79212e-01
 4.49060e+00  9.82071e-01  9.82188e-01
 4.50128e+00  9.85948e-01  9.86600e-01
 4.50972e+00  9.90148e-01  9.90082e-01
 4.52210e+00  9.94749e-01  9.93980e-01
 4.55416e+00  9.94948e-01  9.95134e-01
 4.58211e+00  9.96902e-01  9.96086e-01
 4.60512e+00  9.97484e-01  9.96871e-01
 4.62732e+00  9.97681e-01  9.97609e-01
 4.64588e+00  9.98808e-01  9.98198e-01
 4.65724e+00  9.98943e-01  9.98543e-01
 4.66794e+00  9.99476e-01  9.98857e-01
 4.69538e+00  1.00051e+00  9.99603e-01
 4.71773e+00  1.00045e+00  1.00015e+00
 4.73152e+00  1.00012e+00  1.00045e+00
 4.74559e+00  1.00133e+00  1.00074e+00
 4.76051e+00  1.00166e+00  1.00102e+00
 4.77581e+00  1.00204e+00  1.00128e+00
 4.78844e+00  1.00025e+00  1.00147e+00
 4.80353e+00  1.00214e+00  1.00168e+00
 4.82734e+00  1.00122e+00  1.00196e+00
 4.84014e+00  1.00190e+00  1.00210e+00
 4.85465e+00  1.00169e+00  1.00223e+00
 4.86928e+00  1.00102e+00  1.00234e+00
 4.88141e+00  1.00395e+00  1.00242e+00
 4.89262e+00  1.00167e+00  1.00249e+00
 4.91463e+00  1.00216e+00  1.00259e+00
 4.93178e+00  1.00200e+00  1.00265e+00
 4.94601e+00  1.00087e+00  1.00269e+00
 4.96267e+00  9.99748e-01  1.00273e+00
 4.98042e+00  1.00297e+00  1.00275e+00
 5.00043e+00  1.00181e+00  1.00275e+00
 5.01392e+00  1.00228e+00  1.00275e+00
 5.02859e+00  1.00461e+00  1.00274e+00
 5.04137e+00  1.00046e+00  1.00273e+00
 5.05332e+00  1.00218e+00  1.00271e+00
 5.06475e+00  1.00337e+00  1.00269e+00
 5.07842e+00  1.00181e+00  1.00266e+00
 5.09409e+00  1.00184e+00  1.00263e+00
 5.11775e+00  1.00014e+00  1.00257e+00
 5.13290e+00  1.00167e+00  1.00253e+00
 5.15291e+00  1.00149e+00  1.00246e+00
 5.16715e+00  1.00060e+00  1.00242e+00
 5.18182e+00  1.00031e+00  1.00237e+00
 5.19338e+00  1.00085e+00  1.00233e+00
 5.20262e+00  9.99932e-01  1.00230e+00
 5.21350e+00  1.00117e+00  1.00226e+00
 5.22583e+00  1.00141e+00  1.00221e+00
 5.23916e+00  1.00077e+00  1.00216e+00
 5.25734e+00  1.00044e+00  1.00210e+00
 5.28012e+00  9.98878e-01  1.00201e+00
 5.29605e+00  1.00133e+00  1.00195e+00
 5.31355e+00  1.00132e+00  1.00188e+00
 5.32711e+00  1.00119e+00  1.00183e+00
 5.35262e+00  1.00248e+00  1.00173e+00
 5.36510e+00  1.00066e+00  1.00168e+00
 5.37553e+00  1.00098e+00  1.00164e+00
 5.38517e+00  9.99953e-01  1.00161e+00
 5.42176e+00  1.00210e+00  1.00147e+00
 5.42980e+00  1.00027e+00  1.00144e+00
 5.44340e+00  9.98418e-01  1.00139e+00
 5.45340e+00  1.00083e+00  1.00136e+00
 5.47450e+00  1.00115e+00  1.00128e+00
 5.49336e+00  9.98823e-01  1.00121e+00
 5.52760e+00  9.98771e-01  1.00109e+00
 5.54758e+00  9.98076e-01  1.00103e+00
 5.55853e+00  1.00010e+00  1.00099e+00
 5.57638e+00  9.99604e-01  1.00093e+00
 5.59183e+00  9.98630e-01  1.00088e+00
 5.61390e+00  9.99941e-01  1.00081e+00
 5.63676e+00  9.99204e-01  1.00074e+00
 5.65424e+00  9.99024e-01  1.00068e+00
 5.67920e+00  9.98180e-01  1.00061e+00
 5.69428e+00  1.00016e+00  1.00056e+00
 5.70557e+00  9.99899e-01  1.00053e+00
 5.72797e+00  1.00043e+00  1.00046e+00
 5.73756e+00  1.00152e+00  1.00044e+00
 5.74941e+00  9.99716e-01  1.00040e+00
 5.76140e+00  1.00009e+00  1.00037e+00
 5.78606e+00  1.00026e+00  1.00030e+00
 5.80435e+00  1.00009e+00  1.00025e+00
 5.82863e+00  9.99338e-01  1.00019e+00
 5.85062e+00  1.00004e+00  1.00013e+00
 5.85958e+00  1.00122e+00  1.00011e+00
 5.86932e+00  9.99899e-01  1.00008e+00
 5.89302e+00  9.98286e-01  1.00002e+00
 5.90126e+00  1.00074e+00  1.00000e+00
 5.90898e+00  9.99764e-01  9.99981e-01
 5.93710e+00  9.97916e-01  9.99912e-01
 5.95508e+00  9.98641e-01  9.99868e-01
 5.98512e+00  9.98445e-01  9.99796e-01
 6.00122e+00  9.99304e-01  9.99758e-01
 6.01913e+00  9.99651e-01  9.99717e-01
 6.03241e+00  9.98312e-01  9.99686e-01
 6.04973e+00  9.99172e-01  9.99646e-01
 6.05970e+00  1.00020e+00  9.99623e-01
 6.06885e+00  9.99846e-01  9.99603e-01
 6.09379e+00  9.98626e-01  9.99546e-01
 6.10711e+00  1.00193e+00  9.99517e-01
 6.13314e+00  9.98703e-01  9.99459e-01
 6.15049e+00  9.99721e-01  9.99421e-01
 6.15898e+00  9.99069e-01  9.99402e-01
 6.16936e+00  1.00046e+00  9.99380e-01
 6.18088e+00  9.99153e-01  9.99355e-01
 6.19215e+00  9.99067e-01  9.99330e-01
 6.20232e+00  9.99528e-01  9.99308e-01
 6.21217e+00  9.99449e-01  9.99287e-01
 6.23553e+00  9.98285e-01  9.99237e-01
 6.25398e+00  9.97374e-01  9.99197e-01
 6.27377e+00  9.98690e-01  9.99155e-01
 6.29366e+00  9.99159e-01  9.99113e-01
 6.30554e+00  9.98780e-01  9.99088e-01
 6.31715e+00  9.98842e-01  9.99063e-01
 6.33982e+00  9.97173e-01  9.99015e-01
 6.40036e+00  9.98394e-01  9.98888e-01
 6.43058e+00  9.99918e-01  9.98825e-01
 6.44385e+00  1.00126e+00  9.98797e-01
 6.46928e+00  9.99804e-01  9.98744e-01
 6.51388e+00  9.99402e-01  9.98651e-01
 6.54348e+00  1.00030e+00  9.98590e-01
 6.56282e+00  9.98958e-01  9.98550e-01
 6.58215e+00  9.99385e-01  9.98510e-01
 6.59141e+00  1.00025e+00  9.98491e-01
 6.61388e+00  9.99464e-01  9.98445e-01
 6.64049e+00  9.98443e-01  9.98391e-01
 6.67243e+00  9.99015e-01  9.98327e-01
 6.69294e+00  9.99103e-01  9.98286e-01
 6.71840e+00  9.99257e-01  9.98237e-01
 6.74586e+00  9.98894e-01  9.98185e-01
 6.76946e+00  9.97420e-01  9.98141e-01
 6.79864e+00  9.99097e-01  9.98090e-01
 6.81963e+00  9.97874e-01  9.98055e-01
 6.83392e+00  9.98844e-01  9.98032e-01
 6.85376e+00  9.98944e-01  9.98002e-01
 6.87195e+00  9.98122e-01  9.97976e-01
 6.89841e+00  9.97521e-01  9.97942e-01
 6.92329e+00  9.99558e-01  9.97914e-01
 6.94170e+00  9.98062e-01  9.97897e-01
 6.96382e+00  9.98786e-01  9.97881e-01
 6.97825e+00  9.98778e-01  9.97873e-01
 6.98890e+00  9.98085e-01  9.97869e-01
 6.99990e+00  9.96541e-01  9.97867e-01
 7.01269e+00  9.98082e-01  9.97866e-01
 7.03417e+00  9.99453e-01  9.97871e-01
 7.06060e+00  9.98213e-01  9.97887e-01
 7.09308e+00  9.98286e-01  9.97928e-01
 7.10542e+00  9.99379e-01  9.97950e-01
 7.11469e+00  9.98364e-01  9.97969e-01
 7.12579e+00  9.97896e-01  9.97995e-01
 7.14584e+00  9.98063e-01  9.98052e-01
 7.16641e+00  9.97674e-01  9.98125e-01
 7.20187e+00  9.98849e-01  9.98289e-01
 7.21957e+00  1.00001e+00  9.98393e-01
 7.23330e+00  9.99035e-01  9.98484e-01
 7.26288e+00  9.99284e-01  9.98716e-01
 7.29911e+00  9.99509e-01  9.99076e-01
