238
 3.64920e-02  1.00037e+00  1.00025e+00
 1.21918e-01  1.00012e+00  1.00027e+00
 1.90672e-01  1.00031e+00  1.00029e+00
 2.58361e-01  1.00068e+00  1.00031e+00
 3.15645e-01  1.00088e+00  1.00033e+00
 3.71898e-01  1.00078e+00  1.00035e+00
 4.31254e-01  1.00056e+00  1.00037e+00
 4.85438e-01  9.99863e-01  1.00040e+00
 5.42725e-01  9.99651e-01  1.00042e+00
 5.98978e-01  9.99493e-01  1.00045e+00
 6.55225e-01  9.99060e-01  1.00048e+00
 7.13555e-01  9.99093e-01  1.00052e+00
 7.65638e-01  9.99082e-01  1.00055e+00
 8.17735e-01  9.98810e-01  1.00060e+00
 8.69808e-01  9.98744e-01  1.00064e+00
 9.21895e-01  9.98858e-01  1.00070e+00
 9.78151e-01  9.99098e-01  1.00078e+00
 1.03127e+00  9.99548e-01  1.00089e+00
 1.08543e+00  1.00065e+00  1.00108e+00
 1.14064e+00  1.00173e+00  1.00145e+00
 1.19274e+00  1.00292e+00  1.00212e+00
 1.24899e+00  1.00316e+00  1.00315e+00
 1.30419e+00  1.00279e+00  1.00351e+00
 1.36460e+00  1.00225e+00  1.00230e+00
 1.41667e+00  1.00177e+00  1.00121e+00
 1.47293e+00  1.00114e+00  1.00070e+00
 1.52604e+00  1.00080e+00  1.00055e+00
 1.57813e+00  1.00071e+00  1.00048e+00
 1.63021e+00  1.00051e+00  1.00043e+00
 1.68230e+00  1.00034e+00  1.00039e+00
 1.73855e+00  9.99932e-01  1.00034e+00
 1.79688e+00  9.99692e-01  1.00029e+00
 1.85416e+00  9.99560e-01  1.00025e+00
 1.90625e+00  9.99596e-01  1.00022e+00
 1.95833e+00  9.99646e-01  1.00019e+00
 2.01042e+00  1.00004e+00  1.00017e+00
 2.06250e+00  1.00018e+00  1.00015e+00
 2.11563e+00  9.99984e-01  1.00013e+00
 2.17188e+00  1.00022e+00  1.00011e+00
 2.22396e+00  9.99925e-01  1.00010e+00
 2.27603e+00  9.99776e-01  1.00008e+00
 2.32813e+00  9.99339e-01  1.00007e+00
 2.38022e+00  9.99593e-01  1.00006e+00
 2.43230e+00  9.99781e-01  1.00005e+00
 2.48438e+00  9.99894e-01  1.00004e+00
 2.53646e+00  9.99893e-01  1.00004e+00
 2.59374e+00  1.00003e+00  1.00003e+00
 2.65937e+00  1.00011e+00  1.00002e+00
 2.71875e+00  1.00005e+00  1.00002e+00
 2.77082e+00  9.99825e-01  1.00001e+00
 2.82291e+00  9.99733e-01  1.00001e+00
 2.87499e+00  9.99759e-01  1.00000e+00
 2.93228e+00  9.99764e-01  1.00000e+00
 2.99789e+00  9.99968e-01  9.99998e-01
 3.08121e+00  9.99912e-01  9.99994e-01
 3.15936e+00  9.99926e-01  9.99991e-01
 3.21353e+00  9.99801e-01  9.99989e-01
 3.26873e+00  9.99900e-01  9.99988e-01
 3.32810e+00  9.99769e-01  9.99986e-01
 3.40102e+00  9.99967e-01  9.99985e-01
 3.47602e+00  9.99812e-01  9.99984e-01
 3.54373e+00  9.99764e-01  9.99983e-01
 3.60935e+00  9.99855e-01  9.99982e-01
 3.67081e+00  1.00007e+00  9.99982e-01
 3.73539e+00  1.00005e+00  9.99982e-01
 3.81143e+00  1.00010e+00  9.99982e-01
 3.88538e+00  1.00012e+00  9.99982e-01
 3.94996e+00  1.00011e+00  9.99983e-01
 4.00518e+00  9.99858e-01  9.99983e-01
 4.06351e+00  9.99859e-01  9.99984e-01
 4.12497e+00  9.99745e-01  9.99984e-01
 4.17705e+00  9.99931e-01  9.99985e-01
 4.23433e+00  9.99986e-01  9.99986e-01
 4.29163e+00  1.00002e+00  9.99987e-01
 4.35310e+00  9.99866e-01  9.99988e-01
 4.40621e+00  9.99996e-01  9.99989e-01
 4.46038e+00  9.99650e-01  9.99990e-01
 4.51975e+00  9.99857e-01  9.99991e-01
 4.58225e+00  9.99764e-01  9.99993e-01
 4.64060e+00  9.99833e-01  9.99994e-01
 4.69268e+00  9.99893e-01  9.99996e-01
 4.74477e+00  1.00018e+00  9.99997e-01
 4.79683e+00  1.00001e+00  9.99999e-01
 4.84893e+00  9.99968e-01  1.00000e+00
 4.90100e+00  9.99917e-01  1.00000e+00
 4.95309e+00  9.99959e-01  1.00000e+00
 5.01037e+00  9.99916e-01  1.00001e+00
 5.06245e+00  9.99805e-01  1.00001e+00
 5.11453e+00  9.99952e-01  1.00001e+00
 5.16661e+00  1.00003e+00  1.00001e+00
 5.21870e+00  1.00010e+00  1.00001e+00
 5.27182e+00  1.00002e+00  1.00002e+00
 5.32809e+00  9.99949e-01  1.00002e+00
 5.38016e+00  9.99865e-01  1.00002e+00
 5.43225e+00  9.99873e-01  1.00002e+00
 5.48433e+00  9.99840e-01  1.00003e+00
 5.54161e+00  9.99944e-01  1.00003e+00
 5.59578e+00  1.00003e+00  1.00003e+00
 5.65099e+00  1.00028e+00  1.00003e+00
 5.70832e+00  1.00009e+00  1.00004e+00
 5.78019e+00  1.00015e+00  1.00004e+00
 5.85936e+00  1.00010e+00  1.00005e+00
 5.93749e+00  9.99901e-01  1.00005e+00
 6.00727e+00  1.00006e+00  1.00005e+00
 6.07602e+00  1.00010e+00  1.00006e+00
 6.14685e+00  1.00004e+00  1.00006e+00
 6.23955e+00  9.99989e-01  1.00007e+00
 6.35830e+00  9.99862e-01  1.00008e+00
 6.49995e+00  1.00000e+00  1.00009e+00
 6.60412e+00  1.00015e+00  1.00010e+00
 6.71454e+00  1.00023e+00  1.00011e+00
 6.85827e+00  1.00028e+00  1.00013e+00
 6.98953e+00  1.00035e+00  1.00015e+00
 7.09058e+00  1.00014e+00  1.00016e+00
 7.16663e+00  1.00038e+00  1.00017e+00
 7.25205e+00  1.00063e+00  1.00018e+00
 7.33329e+00  1.00067e+00  1.00020e+00
 7.41246e+00  1.00066e+00  1.00021e+00
 7.50100e+00  1.00053e+00  1.00023e+00
 7.60932e+00  1.00037e+00  1.00025e+00
 7.69475e+00  1.00012e+00  1.00027e+00
 7.76350e+00  1.00031e+00  1.00029e+00
 7.83119e+00  1.00068e+00  1.00031e+00
 7.88848e+00  1.00088e+00  1.00033e+00
 7.94473e+00  1.00078e+00  1.00035e+00
 8.00409e+00  1.00056e+00  1.00037e+00
 8.05827e+00  9.99863e-01  1.00040e+00
 8.11556e+00  9.99651e-01  1.00042e+00
 8.17181e+00  9.99493e-01  1.00045e+00
 8.22806e+00  9.99060e-01  1.00048e+00
 8.28639e+00  9.99093e-01  1.00052e+00
 8.33847e+00  9.99082e-01  1.00055e+00
 8.39057e+00  9.98810e-01  1.00060e+00
 8.44264e+00  9.98744e-01  1.00064e+00
 8.49473e+00  9.98858e-01  1.00070e+00
 8.55098e+00  9.99098e-01  1.00078e+00
 8.60410e+00  9.99548e-01  1.00089e+00
 8.65827e+00  1.00065e+00  1.00108e+00
 8.71347e+00  1.00173e+00  1.00145e+00
 8.76557e+00  1.00292e+00  1.00212e+00
 8.82182e+00  1.00316e+00  1.00315e+00
 8.87702e+00  1.00279e+00  1.00351e+00
 8.93743e+00  1.00225e+00  1.00230e+00
 8.98951e+00  1.00177e+00  1.00121e+00
 9.04576e+00  1.00114e+00  1.00070e+00
 9.09887e+00  1.00080e+00  1.00055e+00
 9.15096e+00  1.00071e+00  1.00048e+00
 9.20305e+00  1.00051e+00  1.00043e+00
 9.25513e+00  1.00034e+00  1.00039e+00
 9.31138e+00  9.99932e-01  1.00034e+00
 9.36971e+00  9.99692e-01  1.00029e+00
 9.42700e+00  9.99560e-01  1.00025e+00
 9.47908e+00  9.99596e-01  1.00022e+00
 9.53117e+00  9.99646e-01  1.00019e+00
 9.58325e+00  1.00004e+00  1.00017e+00
 9.63534e+00  1.00018e+00  1.00015e+00
 9.68846e+00  9.99984e-01  1.00013e+00
 9.74471e+00  1.00022e+00  1.00011e+00
 9.79679e+00  9.99925e-01  1.00010e+00
 9.84887e+00  9.99776e-01  1.00008e+00
 9.90096e+00  9.99339e-01  1.00007e+00
 9.95305e+00  9.99593e-01  1.00006e+00
 1.00051e+01  9.99781e-01  1.00005e+00
 1.00572e+01  9.99894e-01  1.00004e+00
 1.01093e+01  9.99893e-01  1.00004e+00
 1.01666e+01  1.00003e+00  1.00003e+00
 1.02322e+01  1.00011e+00  1.00002e+00
 1.02916e+01  1.00005e+00  1.00002e+00
 1.03437e+01  9.99825e-01  1.00001e+00
 1.03957e+01  9.99733e-01  1.00001e+00
 1.04478e+01  9.99759e-01  1.00000e+00
 1.05051e+01  9.99764e-01  1.00000e+00
 1.05707e+01  9.99968e-01  9.99998e-01
 1.06540e+01  9.99912e-01  9.99994e-01
 1.07322e+01  9.99926e-01  9.99991e-01
 1.07864e+01  9.99801e-01  9.99989e-01
 1.08416e+01  9.99900e-01  9.99988e-01
 1.09009e+01  9.99769e-01  9.99986e-01
 1.09739e+01  9.99967e-01  9.99985e-01
 1.10489e+01  9.99812e-01  9.99984e-01
 1.11166e+01  9.99764e-01  9.99983e-01
 1.11822e+01  9.99855e-01  9.99982e-01
 1.12436e+01  1.00007e+00  9.99982e-01
 1.13082e+01  1.00005e+00  9.99982e-01
 1.13843e+01  1.00010e+00  9.99982e-01
 1.14582e+01  1.00012e+00  9.99982e-01
 1.15228e+01  1.00011e+00  9.99983e-01
 1.15780e+01  9.99858e-01  9.99983e-01
 1.16363e+01  9.99859e-01  9.99984e-01
 1.16978e+01  9.99745e-01  9.99984e-01
 1.17499e+01  9.99931e-01  9.99985e-01
 1.18072e+01  9.99986e-01  9.99986e-01
 1.18645e+01  1.00002e+00  9.99987e-01
 1.19259e+01  9.99866e-01  9.99988e-01
 1.19790e+01  9.99996e-01  9.99989e-01
 1.20332e+01  9.99650e-01  9.99990e-01
 1.20926e+01  9.99857e-01  9.99991e-01
 1.21551e+01  9.99764e-01  9.99993e-01
 1.22134e+01  9.99833e-01  9.99994e-01
 1.22655e+01  9.99893e-01  9.99996e-01
 1.23176e+01  1.00018e+00  9.99997e-01
 1.23697e+01  1.00001e+00  9.99999e-01
 1.24218e+01  9.99968e-01  1.00000e+00
 1.24738e+01  9.99917e-01  1.00000e+00
 1.25259e+01  9.99959e-01  1.00000e+00
 1.25832e+01  9.99916e-01  1.00001e+00
 1.26353e+01  9.99805e-01  1.00001e+00
 1.26874e+01  9.99952e-01  1.00001e+00
 1.27394e+01  1.00003e+00  1.00001e+00
 1.27915e+01  1.00010e+00  1.00001e+00
 1.28447e+01  1.00002e+00  1.00002e+00
 1.29009e+01  9.99949e-01  1.00002e+00
 1.29530e+01  9.99865e-01  1.00002e+00
 1.30051e+01  9.99873e-01  1.00002e+00
 1.30572e+01  9.99840e-01  1.00003e+00
 1.31144e+01  9.99944e-01  1.00003e+00
 1.31686e+01  1.00003e+00  1.00003e+00
 1.32238e+01  1.00028e+00  1.00003e+00
 1.32812e+01  1.00009e+00  1.00004e+00
 1.33530e+01  1.00015e+00  1.00004e+00
 1.34322e+01  1.00010e+00  1.00005e+00
 1.35103e+01  9.99901e-01  1.00005e+00
 1.35801e+01  1.00006e+00  1.00005e+00
 1.36489e+01  1.00010e+00  1.00006e+00
 1.37197e+01  1.00004e+00  1.00006e+00
 1.38124e+01  9.99989e-01  1.00007e+00
 1.39311e+01  9.99862e-01  1.00008e+00
 1.40728e+01  1.00000e+00  1.00009e+00
 1.41769e+01  1.00015e+00  1.00010e+00
 1.42874e+01  1.00023e+00  1.00011e+00
 1.44311e+01  1.00028e+00  1.00013e+00
 1.45624e+01  1.00035e+00  1.00015e+00
 1.46634e+01  1.00014e+00  1.00016e+00
 1.47395e+01  1.00038e+00  1.00017e+00
 1.48249e+01  1.00063e+00  1.00018e+00
 1.49061e+01  1.00067e+00  1.00020e+00
 1.49853e+01  1.00066e+00  1.00021e+00
 1.50738e+01  1.00053e+00  1.00023e+00
