230
 2.14300e-02  9.99331e-01  1.00873e+00
 3.88340e-02  9.99969e-01  1.00855e+00
 6.21560e-02  9.97482e-01  1.00091e+00
 7.31480e-02  9.86235e-01  9.69807e-01
 8.29760e-02  9.61283e-01  9.31223e-01
 9.31840e-02  9.27297e-01  8.83554e-01
 1.02098e-01  8.89726e-01  8.37133e-01
 1.12326e-01  8.42370e-01  7.79889e-01
 1.22938e-01  7.88416e-01  8.82500e-01
 1.32830e-01  7.39803e-01  7.82581e-01
 1.41987e-01  6.96638e-01  6.25223e-01
 1.51617e-01  6.63819e-01  6.25289e-01
 1.61016e-01  6.53235e-01  6.25447e-01
 1.70739e-01  6.70283e-01  7.63584e-01
 1.81112e-01  7.07115e-01  8.77629e-01
 1.89190e-01  7.49476e-01  7.61734e-01
 2.00254e-01  8.04590e-01  8.25099e-01
 2.10030e-01  8.53842e-01  8.77416e-01
 2.22397e-01  9.06302e-01  9.36288e-01
 2.30870e-01  9.41589e-01  9.70363e-01
 2.40795e-01  9.72054e-01  1.00149e+00
 2.50663e-01  9.90384e-01  1.01621e+00
 2.78032e-01  9.99702e-01  1.02185e+00
 3.03072e-01  1.00010e+00  1.02747e+00
 3.25570e-01  1.00343e+00  1.03222e+00
 3.40552e-01  1.00357e+00  1.03491e+00
 3.71430e-01  1.00645e+00  1.03853e+00
 3.94304e-01  1.00909e+00  1.03927e+00
 4.15980e-01  1.01064e+00  1.03848e+00
 4.34601e-01  1.01172e+00  1.03685e+00
 4.59003e-01  1.01145e+00  1.03377e+00
 4.89452e-01  1.01069e+00  1.02913e+00
 5.01690e-01  1.01020e+00  1.02720e+00
 5.12682e-01  1.00993e+00  1.02549e+00
 5.41894e-01  1.00764e+00  1.02118e+00
 5.73128e-01  1.00419e+00  1.01717e+00
 5.93592e-01  1.00206e+00  1.01492e+00
 6.23128e-01  1.00126e+00  1.01218e+00
 6.68685e-01  9.97138e-01  1.00896e+00
 6.85648e-01  9.95024e-01  1.00801e+00
 7.14432e-01  9.95879e-01  1.00666e+00
 7.36635e-01  9.96421e-01  1.00579e+00
 7.49583e-01  9.95611e-01  9.92604e-01
 7.59864e-01  9.96478e-01  9.71965e-01
 7.69356e-01  9.90844e-01  9.48117e-01
 7.79342e-01  9.83154e-01  9.19124e-01
 7.89505e-01  9.57879e-01  8.86240e-01
 7.99155e-01  9.28880e-01  8.52422e-01
 8.10365e-01  8.82220e-01  8.10578e-01
 8.18968e-01  8.46924e-01  7.77030e-01
 8.27959e-01  8.00330e-01  7.41070e-01
 8.38110e-01  7.48952e-01  8.64272e-01
 8.47417e-01  6.98067e-01  8.01215e-01
 8.58239e-01  6.39162e-01  6.76615e-01
 8.69304e-01  5.84230e-01  6.15479e-01
 8.78743e-01  5.50611e-01  6.15327e-01
 8.90552e-01  5.44672e-01  6.15146e-01
 9.00610e-01  5.67281e-01  6.83706e-01
 9.09133e-01  6.05070e-01  7.84509e-01
 9.18034e-01  6.52349e-01  8.50847e-01
 9.26524e-01  6.98268e-01  7.24131e-01
 9.35365e-01  7.47146e-01  7.59482e-01
 9.44639e-01  7.95008e-01  7.95842e-01
 9.54394e-01  8.43607e-01  8.32753e-01
 9.63110e-01  8.84193e-01  8.64181e-01
 9.71633e-01  9.17296e-01  8.93164e-01
 9.80870e-01  9.52291e-01  9.22232e-01
 9.90722e-01  9.77550e-01  9.49998e-01
 1.00800e+00  9.92097e-01  9.87957e-01
 1.03009e+00  9.94897e-01  1.00065e+00
 1.04677e+00  9.94370e-01  1.00052e+00
 1.06316e+00  9.95018e-01  1.00039e+00
 1.07550e+00  9.96764e-01  1.00031e+00
 1.08749e+00  9.95927e-01  1.00023e+00
 1.11335e+00  9.99437e-01  1.00007e+00
 1.12736e+00  9.96973e-01  9.99990e-01
 1.16001e+00  9.98754e-01  9.99827e-01
 1.22279e+00  9.99479e-01  9.99586e-01
 1.27915e+00  9.99545e-01  9.99448e-01
 1.30755e+00  1.00138e+00  9.99407e-01
 1.32100e+00  1.00117e+00  9.99394e-01
 1.33604e+00  1.00102e+00  9.99385e-01
 1.37456e+00  1.00015e+00  9.99386e-01
 1.39639e+00  1.00174e+00  9.99402e-01
 1.41803e+00  9.99274e-01  9.99430e-01
 1.43357e+00  1.00085e+00  9.99458e-01
 1.46895e+00  1.00090e+00  9.99545e-01
 1.49471e+00  1.00027e+00  9.99631e-01
 1.55296e+00  1.00072e+00  9.99895e-01
 1.60260e+00  1.00049e+00  1.00021e+00
 1.63214e+00  1.00029e+00  1.00043e+00
 1.65880e+00  1.00050e+00  1.00066e+00
 1.67311e+00  1.00037e+00  1.00079e+00
 1.71027e+00  1.00017e+00  1.00118e+00
 1.75432e+00  1.00076e+00  1.00172e+00
 1.80255e+00  1.00231e+00  1.00240e+00
 1.81486e+00  1.00167e+00  1.00259e+00
 1.84156e+00  1.00233e+00  1.00303e+00
 1.86895e+00  1.00277e+00  1.00352e+00
 1.88180e+00  1.00083e+00  1.00375e+00
 1.89187e+00  1.00267e+00  1.00395e+00
 1.90260e+00  1.00247e+00  1.00415e+00
 1.95372e+00  1.00249e+00  1.00520e+00
 1.99214e+00  1.00136e+00  1.00603e+00
 2.00133e+00  1.00307e+00  1.00623e+00
 2.01757e+00  1.00224e+00  1.00658e+00
 2.05951e+00  1.00173e+00  1.00745e+00
 2.08566e+00  1.00224e+00  1.00793e+00
 2.10743e+00  1.00140e+00  1.00828e+00
 2.12244e+00  1.00072e+00  1.00849e+00
 2.15225e+00  1.00054e+00  1.00877e+00
 2.18961e+00  9.99813e-01  1.00885e+00
 2.21759e+00  9.99713e-01  1.00867e+00
 2.23216e+00  9.98868e-01  1.00850e+00
 2.24319e+00  9.98749e-01  1.00833e+00
 2.25300e+00  9.96350e-01  9.97267e-01
 2.26405e+00  9.82351e-01  9.63663e-01
 2.27382e+00  9.54545e-01  9.23898e-01
 2.28375e+00  9.20611e-01  8.76593e-01
 2.29261e+00  8.81655e-01  8.29876e-01
 2.30356e+00  8.30509e-01  7.68007e-01
 2.31345e+00  7.79977e-01  8.72823e-01
 2.32366e+00  7.29924e-01  7.57103e-01
 2.33257e+00  6.89042e-01  6.25227e-01
 2.34448e+00  6.55506e-01  6.25339e-01
 2.35408e+00  6.57773e-01  6.49443e-01
 2.36668e+00  6.92965e-01  8.47495e-01
 2.37423e+00  7.30885e-01  7.37405e-01
 2.38446e+00  7.80961e-01  7.97043e-01
 2.39507e+00  8.36713e-01  8.55806e-01
 2.40662e+00  8.86559e-01  9.13861e-01
 2.41589e+00  9.27533e-01  9.54387e-01
 2.42578e+00  9.61486e-01  9.89717e-01
 2.43494e+00  9.83931e-01  1.01209e+00
 2.44763e+00  9.97224e-01  1.01771e+00
 2.45961e+00  9.99013e-01  1.02019e+00
 2.47584e+00  1.00003e+00  1.02377e+00
 2.49923e+00  1.00034e+00  1.02901e+00
 2.50946e+00  1.00275e+00  1.03117e+00
 2.52892e+00  1.00364e+00  1.03477e+00
 2.54261e+00  1.00519e+00  1.03676e+00
 2.55461e+00  1.00639e+00  1.03806e+00
 2.56754e+00  1.00787e+00  1.03893e+00
 2.57722e+00  1.00706e+00  1.03923e+00
 2.58632e+00  1.00976e+00  1.03924e+00
 2.59983e+00  1.01103e+00  1.03880e+00
 2.61957e+00  1.01182e+00  1.03729e+00
 2.67203e+00  1.01189e+00  1.03017e+00
 2.68632e+00  1.01022e+00  1.02792e+00
 2.70631e+00  1.00890e+00  1.02480e+00
 2.72796e+00  1.00777e+00  1.02161e+00
 2.73862e+00  1.00684e+00  1.02015e+00
 2.74916e+00  1.00408e+00  1.01877e+00
 2.78241e+00  1.00359e+00  1.01495e+00
 2.81099e+00  1.00106e+00  1.01229e+00
 2.82793e+00  9.99702e-01  1.01095e+00
 2.85877e+00  9.96667e-01  1.00891e+00
 2.87970e+00  9.96214e-01  1.00776e+00
 2.90110e+00  9.95351e-01  1.00677e+00
 2.94424e+00  9.96313e-01  9.82381e-01
 2.95748e+00  9.92728e-01  9.50961e-01
 2.96610e+00  9.85744e-01  9.26470e-01
 2.97651e+00  9.63590e-01  8.93531e-01
 2.98556e+00  9.36785e-01  8.62372e-01
 2.99737e+00  8.89944e-01  8.18879e-01
 3.00606e+00  8.54254e-01  7.85242e-01
 3.01463e+00  8.11552e-01  7.51176e-01
 3.02521e+00  7.57337e-01  8.74894e-01
 3.03408e+00  7.10823e-01  8.21248e-01
 3.04466e+00  6.50914e-01  7.14978e-01
 3.05631e+00  5.93001e-01  6.15515e-01
 3.06548e+00  5.55765e-01  6.15365e-01
 3.07688e+00  5.42631e-01  6.15188e-01
 3.08771e+00  5.61292e-01  6.53133e-01
 3.09616e+00  5.95952e-01  7.63139e-01
 3.10511e+00  6.44375e-01  8.37793e-01
 3.11362e+00  6.88666e-01  8.83494e-01
 3.12237e+00  7.36826e-01  7.50828e-01
 3.13140e+00  7.85185e-01  7.86464e-01
 3.14140e+00  8.34243e-01  8.24668e-01
 3.15021e+00  8.76231e-01  8.56825e-01
 3.15866e+00  9.11363e-01  8.86018e-01
 3.16761e+00  9.45089e-01  9.14823e-01
 3.17782e+00  9.74544e-01  9.44443e-01
 3.18769e+00  9.89051e-01  9.69069e-01
 3.19696e+00  9.96093e-01  9.87595e-01
 3.20953e+00  9.95132e-01  1.00073e+00
 3.22796e+00  9.94401e-01  1.00058e+00
 3.24254e+00  9.94672e-01  1.00047e+00
 3.25987e+00  9.95316e-01  1.00034e+00
 3.29806e+00  9.96559e-01  1.00010e+00
 3.31479e+00  9.97063e-01  1.00000e+00
 3.33547e+00  9.98521e-01  9.99892e-01
 3.35750e+00  9.98446e-01  9.99790e-01
 3.39108e+00  1.00012e+00  9.99656e-01
 3.43453e+00  1.00011e+00  9.99522e-01
 3.46190e+00  9.99762e-01  9.99460e-01
 3.48983e+00  1.00017e+00  9.99415e-01
 3.51821e+00  1.00153e+00  9.99388e-01
 3.54115e+00  1.00083e+00  9.99381e-01
 3.58592e+00  1.00029e+00  9.99403e-01
 3.63412e+00  1.00061e+00  9.99483e-01
 3.66199e+00  1.00042e+00  9.99557e-01
 3.73239e+00  1.00053e+00  9.99844e-01
 3.76155e+00  1.00118e+00  1.00001e+00
 3.77731e+00  1.00018e+00  1.00011e+00
 3.81599e+00  1.00024e+00  1.00039e+00
 3.85882e+00  1.00053e+00  1.00076e+00
 3.88382e+00  1.00125e+00  1.00101e+00
 3.90640e+00  1.00018e+00  1.00126e+00
 3.94457e+00  1.00118e+00  1.00173e+00
 3.95884e+00  1.00246e+00  1.00192e+00
 3.96845e+00  1.00080e+00  1.00206e+00
 3.97828e+00  1.00307e+00  1.00220e+00
 3.98726e+00  1.00082e+00  1.00233e+00
 4.00567e+00  1.00275e+00  1.00262e+00
 4.06190e+00  1.00262e+00  1.00359e+00
 4.10252e+00  1.00239e+00  1.00437e+00
 4.11998e+00  1.00210e+00  1.00472e+00
 4.13759e+00  1.00208e+00  1.00509e+00
 4.15117e+00  1.00325e+00  1.00538e+00
 4.17899e+00  1.00273e+00  1.00598e+00
 4.20041e+00  1.00235e+00  1.00644e+00
 4.24283e+00  1.00192e+00  1.00733e+00
 4.28201e+00  1.00195e+00  1.00805e+00
 4.29668e+00  1.00181e+00  1.00828e+00
 4.30806e+00  1.00098e+00  1.00844e+00
 4.32058e+00  1.00076e+00  1.00859e+00
 4.33970e+00  1.00096e+00  1.00876e+00
 4.35500e+00  9.99978e-01  1.00884e+00
