1040
 3.08500e-03  1.00073e+00  9.99795e-01
 8.90800e-03  9.99804e-01  9.99757e-01
 1.54310e-02  1.00045e+00  9.99714e-01
 2.23000e-02  1.00053e+00  9.99667e-01
 2.76020e-02  1.00135e+00  9.99631e-01
 3.38400e-02  1.00162e+00  9.99589e-01
 4.07060e-02  1.00110e+00  9.99541e-01
 4.63600e-02  1.00099e+00  9.99502e-01
 5.21660e-02  9.98781e-01  9.99462e-01
 5.82610e-02  9.99619e-01  9.99419e-01
 6.39810e-02  9.99396e-01  9.99378e-01
 7.00480e-02  1.00075e+00  9.99335e-01
 7.62700e-02  9.99837e-01  9.99290e-01
 8.25530e-02  9.99143e-01  9.99244e-01
 8.87740e-02  9.99659e-01  9.99199e-01
 9.47130e-02  9.99064e-01  9.99155e-01
 1.00434e-01  9.99963e-01  9.99113e-01
 1.06704e-01  9.99095e-01  9.99066e-01
 1.12036e-01  9.98637e-01  9.99026e-01
 1.18109e-01  1.00025e+00  9.98981e-01
 1.24211e-01  9.99592e-01  9.98934e-01
 1.30213e-01  9.98515e-01  9.98889e-01
 1.35705e-01  9.99127e-01  9.98847e-01
 1.41591e-01  9.97196e-01  9.98802e-01
 1.47924e-01  9.99719e-01  9.98753e-01
 1.54240e-01  9.99446e-01  9.98705e-01
 1.60854e-01  9.99431e-01  9.98653e-01
 1.66929e-01  9.99870e-01  9.98606e-01
 1.72416e-01  9.98644e-01  9.98563e-01
 1.78310e-01  9.99035e-01  9.98517e-01
 1.85396e-01  1.00073e+00  9.98462e-01
 1.91205e-01  9.98452e-01  9.98416e-01
 1.97004e-01  9.97826e-01  9.98371e-01
 2.02878e-01  9.97934e-01  9.98324e-01
 2.09131e-01  9.98320e-01  9.98275e-01
 2.15022e-01  9.98025e-01  9.98229e-01
 2.21142e-01  9.98474e-01  9.98181e-01
 2.27536e-01  9.96974e-01  9.98131e-01
 2.34394e-01  9.97917e-01  9.98077e-01
 2.40533e-01  9.98269e-01  9.98029e-01
 2.46284e-01  9.97739e-01  9.97984e-01
 2.52532e-01  9.98232e-01  9.97935e-01
 2.57877e-01  9.97859e-01  9.97893e-01
 2.64865e-01  9.98869e-01  9.97839e-01
 2.70847e-01  9.98438e-01  9.97793e-01
 2.76034e-01  9.97160e-01  9.97754e-01
 2.81523e-01  9.97338e-01  9.97712e-01
 2.87411e-01  9.97882e-01  9.97667e-01
 2.92723e-01  9.97429e-01  9.97627e-01
 2.98877e-01  9.97780e-01  9.97582e-01
 3.04702e-01  9.98371e-01  9.97539e-01
 3.10427e-01  9.97747e-01  9.97497e-01
 3.15644e-01  9.97154e-01  9.97459e-01
 3.22295e-01  9.97388e-01  9.97411e-01
 3.28413e-01  9.97519e-01  9.97368e-01
 3.33870e-01  9.98451e-01  9.97330e-01
 3.39056e-01  9.97423e-01  9.97294e-01
 3.44713e-01  9.97708e-01  9.97256e-01
 3.50424e-01  9.97926e-01  9.97218e-01
 3.55746e-01  9.96886e-01  9.97183e-01
 3.61238e-01  9.98233e-01  9.97148e-01
 3.67198e-01  9.97068e-01  9.97110e-01
 3.72927e-01  9.98796e-01  9.97075e-01
 3.78616e-01  9.97697e-01  9.97041e-01
 3.84313e-01  9.98727e-01  9.97008e-01
 3.90724e-01  9.96213e-01  9.96972e-01
 3.96714e-01  9.96700e-01  9.96939e-01
 4.02731e-01  9.97158e-01  9.96907e-01
 4.09171e-01  9.96451e-01  9.96874e-01
 4.15633e-01  9.97273e-01  9.96843e-01
 4.20920e-01  9.97925e-01  9.96819e-01
 4.27333e-01  9.97001e-01  9.96791e-01
 4.33782e-01  9.97234e-01  9.96764e-01
 4.39076e-01  9.96948e-01  9.96743e-01
 4.44282e-01  9.98191e-01  9.96724e-01
 4.50049e-01  9.97757e-01  9.96705e-01
 4.55742e-01  9.98562e-01  9.96687e-01
 4.60962e-01  9.96719e-01  9.96672e-01
 4.66479e-01  9.96943e-01  9.96658e-01
 4.72986e-01  9.95388e-01  9.96644e-01
 4.79698e-01  9.98228e-01  9.96631e-01
 4.85439e-01  9.98112e-01  9.96622e-01
 4.91048e-01  9.98121e-01  9.96615e-01
 4.96894e-01  9.98112e-01  9.96611e-01
 5.02089e-01  9.96940e-01  9.96608e-01
 5.07624e-01  9.98295e-01  9.96607e-01
 5.13603e-01  9.97869e-01  9.96609e-01
 5.19288e-01  9.97008e-01  9.96613e-01
 5.24497e-01  9.96558e-01  9.96618e-01
 5.29779e-01  9.96741e-01  9.96626e-01
 5.35510e-01  9.97796e-01  9.96636e-01
 5.41329e-01  9.96965e-01  9.96650e-01
 5.46894e-01  9.98524e-01  9.96665e-01
 5.53025e-01  9.97427e-01  9.96685e-01
 5.59394e-01  9.97847e-01  9.96709e-01
 5.65037e-01  9.97244e-01  9.96733e-01
 5.71013e-01  9.97410e-01  9.96762e-01
 5.77532e-01  9.97401e-01  9.96797e-01
 5.83357e-01  9.97639e-01  9.96831e-01
 5.88544e-01  9.97537e-01  9.96864e-01
 5.94436e-01  9.97662e-01  9.96905e-01
 6.01044e-01  9.97009e-01  9.96955e-01
 6.07181e-01  9.96708e-01  9.97006e-01
 6.12614e-01  9.97480e-01  9.97053e-01
 6.19184e-01  9.95393e-01  9.97115e-01
 6.25528e-01  9.98064e-01  9.97179e-01
 6.31437e-01  9.96845e-01  9.97243e-01
 6.38078e-01  9.98244e-01  9.97318e-01
 6.43789e-01  9.97972e-01  9.97387e-01
 6.50017e-01  9.98165e-01  9.97466e-01
 6.56069e-01  9.97311e-01  9.97547e-01
 6.62932e-01  9.98448e-01  9.97644e-01
 6.68256e-01  9.97885e-01  9.97723e-01
 6.73462e-01  9.99252e-01  9.97803e-01
 6.79708e-01  9.98202e-01  9.97903e-01
 6.85437e-01  9.98525e-01  9.97999e-01
 6.91115e-01  9.97517e-01  9.98097e-01
 6.96528e-01  9.99780e-01  9.98195e-01
 7.03224e-01  9.99081e-01  9.98319e-01
 7.09578e-01  9.97752e-01  9.98442e-01
 7.15112e-01  9.97408e-01  9.98553e-01
 7.21388e-01  9.98573e-01  9.98683e-01
 7.27087e-01  9.98340e-01  9.98804e-01
 7.33296e-01  9.99268e-01  9.98941e-01
 7.38868e-01  1.00006e+00  9.99066e-01
 7.46115e-01  9.98162e-01  9.99234e-01
 7.51586e-01  9.99807e-01  9.99365e-01
 7.56782e-01  9.99691e-01  9.99491e-01
 7.63194e-01  9.99425e-01  9.99651e-01
 7.69288e-01  9.98792e-01  9.99806e-01
 7.75019e-01  9.99745e-01  9.99954e-01
 7.81252e-01  1.00106e+00  1.00012e+00
 7.88544e-01  9.99908e-01  1.00032e+00
 7.93769e-01  1.00117e+00  1.00046e+00
 7.99304e-01  9.99673e-01  1.00061e+00
 8.05815e-01  1.00166e+00  1.00080e+00
 8.11481e-01  1.00033e+00  1.00096e+00
 8.16766e-01  1.00157e+00  1.00111e+00
 8.24318e-01  1.00265e+00  1.00133e+00
 8.30224e-01  1.00100e+00  1.00150e+00
 8.35899e-01  1.00187e+00  1.00167e+00
 8.41538e-01  1.00234e+00  1.00184e+00
 8.48354e-01  1.00231e+00  1.00204e+00
 8.54554e-01  1.00197e+00  1.00222e+00
 8.60440e-01  1.00282e+00  1.00240e+00
 8.67208e-01  1.00137e+00  1.00260e+00
 8.72937e-01  1.00256e+00  1.00277e+00
 8.78616e-01  1.00202e+00  1.00294e+00
 8.85420e-01  1.00458e+00  1.00314e+00
 8.92724e-01  1.00312e+00  1.00335e+00
 8.97939e-01  1.00371e+00  1.00350e+00
 9.03464e-01  1.00308e+00  1.00365e+00
 9.10154e-01  1.00357e+00  1.00384e+00
 9.16341e-01  1.00415e+00  1.00401e+00
 9.21883e-01  1.00416e+00  1.00416e+00
 9.27750e-01  1.00481e+00  1.00431e+00
 9.34394e-01  1.00457e+00  1.00448e+00
 9.40049e-01  1.00372e+00  1.00462e+00
 9.45384e-01  1.00479e+00  1.00475e+00
 9.51834e-01  1.00537e+00  1.00490e+00
 9.57991e-01  1.00512e+00  1.00503e+00
 9.63554e-01  1.00535e+00  1.00515e+00
 9.70228e-01  1.00603e+00  1.00529e+00
 9.76572e-01  1.00466e+00  1.00541e+00
 9.82245e-01  1.00467e+00  1.00552e+00
 9.87970e-01  1.00534e+00  1.00562e+00
 9.94884e-01  1.00589e+00  1.00573e+00
 1.00088e+00  1.00448e+00  1.00581e+00
 1.00644e+00  1.00426e+00  1.00589e+00
 1.01336e+00  1.00541e+00  1.00597e+00
 1.01979e+00  1.00635e+00  1.00604e+00
 1.02502e+00  1.00618e+00  1.00609e+00
 1.03106e+00  1.00434e+00  1.00614e+00
 1.03794e+00  1.00533e+00  1.00619e+00
 1.04367e+00  1.00482e+00  1.00622e+00
 1.04964e+00  1.00540e+00  1.00624e+00
 1.05669e+00  1.00626e+00  1.00626e+00
 1.06253e+00  1.00461e+00  1.00627e+00
 1.06771e+00  1.00588e+00  1.00626e+00
 1.07442e+00  1.00591e+00  1.00625e+00
 1.08072e+00  1.00388e+00  1.00623e+00
 1.08691e+00  1.00550e+00  1.00620e+00
 1.09338e+00  1.00472e+00  1.00616e+00
 1.10106e+00  1.00448e+00  1.00610e+00
 1.10672e+00  1.00453e+00  1.00604e+00
 1.11239e+00  1.00488e+00  1.00598e+00
 1.11886e+00  1.00475e+00  1.00590e+00
 1.12467e+00  1.00375e+00  1.00582e+00
 1.13021e+00  1.00496e+00  1.00574e+00
 1.13682e+00  1.00425e+00  1.00564e+00
 1.14270e+00  1.00331e+00  1.00554e+00
 1.14891e+00  1.00346e+00  1.00542e+00
 1.15462e+00  1.00267e+00  1.00531e+00
 1.16156e+00  1.00317e+00  1.00517e+00
 1.16754e+00  1.00284e+00  1.00504e+00
 1.17339e+00  1.00439e+00  1.00491e+00
 1.18026e+00  1.00221e+00  1.00475e+00
 1.18596e+00  1.00373e+00  1.00461e+00
 1.19219e+00  1.00292e+00  1.00445e+00
 1.19862e+00  1.00256e+00  1.00429e+00
 1.20520e+00  1.00273e+00  1.00411e+00
 1.21090e+00  1.00307e+00  1.00396e+00
 1.21654e+00  1.00100e+00  1.00380e+00
 1.22336e+00  1.00212e+00  1.00361e+00
 1.22971e+00  1.00243e+00  1.00343e+00
 1.23561e+00  1.00157e+00  1.00325e+00
 1.24235e+00  1.00119e+00  1.00306e+00
 1.24846e+00  1.00148e+00  1.00287e+00
 1.25417e+00  1.00216e+00  1.00270e+00
 1.26065e+00  1.00016e+00  1.00251e+00
 1.26770e+00  1.00057e+00  1.00230e+00
 1.27391e+00  1.00095e+00  1.00211e+00
 1.27983e+00  9.99517e-01  1.00193e+00
 1.28778e+00  9.99797e-01  1.00169e+00
 1.29367e+00  9.99703e-01  1.00151e+00
 1.29935e+00  1.00038e+00  1.00135e+00
 1.30706e+00  9.98663e-01  1.00112e+00
 1.31338e+00  1.00060e+00  1.00094e+00
 1.31894e+00  9.99402e-01  1.00078e+00
 1.32642e+00  9.99578e-01  1.00056e+00
 1.33299e+00  9.98965e-01  1.00038e+00
 1.33855e+00  9.98429e-01  1.00023e+00
 1.34574e+00  9.98388e-01  1.00003e+00
 1.35211e+00  9.98801e-01  9.99867e-01
 1.35778e+00  9.99152e-01  9.99720e-01
 1.36474e+00  9.98029e-01  9.99545e-01
 1.37242e+00  9.98868e-01  9.99357e-01
 1.37762e+00  9.98734e-01  9.99233e-01
 1.38328e+00  9.97909e-01  9.99102e-01
 1.39071e+00  9.97337e-01  9.98934e-01
 1.39671e+00  9.98164e-01  9.98804e-01
 1.40227e+00  9.99922e-01  9.98687e-01
 1.40976e+00  9.99195e-01  9.98534e-01
 1.41652e+00  9.99010e-01  9.98403e-01
 1.42257e+00  9.97569e-01  9.98289e-01
 1.42992e+00  9.98692e-01  9.98157e-01
 1.43648e+00  9.98076e-01  9.98045e-01
 1.44219e+00  9.98950e-01  9.97952e-01
 1.44911e+00  9.96911e-01  9.97844e-01
 1.45572e+00  9.97909e-01  9.97747e-01
 1.46199e+00  9.97940e-01  9.97659e-01
 1.46976e+00  9.97572e-01  9.97557e-01
 1.47658e+00  9.96534e-01  9.97473e-01
 1.48225e+00  9.97837e-01  9.97408e-01
 1.48821e+00  9.98822e-01  9.97343e-01
 1.49558e+00  9.97584e-01  9.97269e-01
 1.50184e+00  9.97290e-01  9.97210e-01
 1.50804e+00  9.97989e-01  9.97157e-01
 1.51571e+00  9.97226e-01  9.97097e-01
 1.52171e+00  9.97319e-01  9.97054e-01
 1.52727e+00  9.96861e-01  9.97018e-01
 1.53459e+00  9.97695e-01  9.96975e-01
 1.54105e+00  9.97321e-01  9.96942e-01
 1.54775e+00  9.97861e-01  9.96912e-01
 1.55544e+00  9.96709e-01  9.96883e-01
 1.56148e+00  9.97923e-01  9.96863e-01
 1.56719e+00  9.98081e-01  9.96848e-01
 1.57332e+00  9.97499e-01  9.96836e-01
 1.58020e+00  9.96842e-01  9.96825e-01
 1.58544e+00  9.97244e-01  9.96820e-01
 1.59100e+00  9.97238e-01  9.96816e-01
 1.59873e+00  9.96951e-01  9.96816e-01
 1.60540e+00  9.97682e-01  9.96819e-01
 1.61125e+00  9.97498e-01  9.96824e-01
 1.61886e+00  9.96919e-01  9.96835e-01
 1.62521e+00  9.97420e-01  9.96847e-01
 1.63090e+00  9.97646e-01  9.96859e-01
 1.63824e+00  9.97636e-01  9.96879e-01
 1.64497e+00  9.96628e-01  9.96900e-01
 1.65123e+00  1.00075e+00  9.96921e-01
 1.65889e+00  9.97829e-01  9.96951e-01
 1.66514e+00  9.96943e-01  9.96977e-01
 1.67083e+00  9.97996e-01  9.97002e-01
 1.67812e+00  9.96342e-01  9.97037e-01
 1.68544e+00  9.97570e-01  9.97075e-01
 1.69162e+00  9.96759e-01  9.97108e-01
 1.69825e+00  9.97242e-01  9.97145e-01
 1.70572e+00  9.97768e-01  9.97190e-01
 1.71144e+00  9.97325e-01  9.97225e-01
 1.71733e+00  9.97237e-01  9.97262e-01
 1.72477e+00  9.97931e-01  9.97311e-01
 1.73101e+00  9.97467e-01  9.97353e-01
 1.73723e+00  9.97157e-01  9.97396e-01
 1.74489e+00  9.98351e-01  9.97451e-01
 1.75133e+00  9.98088e-01  9.97498e-01
 1.75742e+00  9.97159e-01  9.97543e-01
 1.76500e+00  9.98385e-01  9.97600e-01
 1.77137e+00  9.96561e-01  9.97649e-01
 1.77756e+00  9.97675e-01  9.97697e-01
 1.78517e+00  9.98107e-01  9.97758e-01
 1.79135e+00  9.97413e-01  9.97807e-01
 1.79688e+00  9.98031e-01  9.97852e-01
 1.80424e+00  9.97829e-01  9.97912e-01
 1.81096e+00  9.97699e-01  9.97967e-01
 1.81668e+00  9.98109e-01  9.98014e-01
 1.82325e+00  9.98258e-01  9.98069e-01
 1.83072e+00  9.98989e-01  9.98131e-01
 1.83691e+00  9.97267e-01  9.98183e-01
 1.84308e+00  9.98468e-01  9.98235e-01
 1.85107e+00  9.99021e-01  9.98303e-01
 1.85672e+00  9.98128e-01  9.98351e-01
 1.86269e+00  9.98494e-01  9.98401e-01
 1.87058e+00  9.97909e-01  9.98468e-01
 1.87684e+00  9.97597e-01  9.98522e-01
 1.88325e+00  9.99115e-01  9.98576e-01
 1.89193e+00  9.97478e-01  9.98649e-01
 1.89831e+00  9.98362e-01  9.98703e-01
 1.90484e+00  9.98845e-01  9.98758e-01
 1.91345e+00  9.98057e-01  9.98830e-01
 1.91922e+00  9.99357e-01  9.98878e-01
 1.92632e+00  9.98936e-01  9.98938e-01
 1.93492e+00  9.98039e-01  9.99009e-01
 1.94105e+00  9.99217e-01  9.99059e-01
 1.94859e+00  9.99368e-01  9.99121e-01
 1.95625e+00  9.98484e-01  9.99183e-01
 1.96247e+00  9.97872e-01  9.99233e-01
 1.97040e+00  9.99764e-01  9.99296e-01
 1.97765e+00  9.99385e-01  9.99354e-01
 1.98386e+00  9.98237e-01  9.99402e-01
 1.99231e+00  9.99133e-01  9.99468e-01
 1.99915e+00  9.97957e-01  9.99521e-01
 2.00540e+00  9.99388e-01  9.99569e-01
 2.01381e+00  9.99235e-01  9.99632e-01
 2.02067e+00  9.99585e-01  9.99684e-01
 2.02692e+00  9.99210e-01  9.99730e-01
 2.03577e+00  9.98901e-01  9.99795e-01
 2.04291e+00  9.99163e-01  9.99846e-01
 2.04991e+00  9.99437e-01  9.99896e-01
 2.05862e+00  9.99111e-01  9.99958e-01
 2.06496e+00  9.99109e-01  1.00000e+00
 2.07153e+00  9.99946e-01  1.00005e+00
 2.08019e+00  9.99592e-01  1.00011e+00
 2.08636e+00  9.98610e-01  1.00015e+00
 2.09400e+00  9.99871e-01  1.00020e+00
 2.10211e+00  9.99397e-01  1.00025e+00
 2.10829e+00  9.99490e-01  1.00029e+00
 2.11627e+00  9.99571e-01  1.00034e+00
 2.12346e+00  1.00050e+00  1.00039e+00
 2.12970e+00  1.00090e+00  1.00042e+00
 2.13812e+00  9.99504e-01  1.00047e+00
 2.14499e+00  1.00015e+00  1.00052e+00
 2.15123e+00  9.99700e-01  1.00055e+00
 2.15965e+00  9.98480e-01  1.00060e+00
 2.16652e+00  1.00023e+00  1.00064e+00
 2.17332e+00  9.99900e-01  1.00068e+00
 2.18206e+00  9.99947e-01  1.00073e+00
 2.18874e+00  9.99472e-01  1.00076e+00
 2.19498e+00  9.99011e-01  1.00080e+00
 2.20373e+00  1.00110e+00  1.00084e+00
 2.21018e+00  1.00032e+00  1.00087e+00
 2.21658e+00  1.00054e+00  1.00091e+00
 2.22530e+00  1.00039e+00  1.00095e+00
 2.23213e+00  9.99783e-01  1.00098e+00
 2.23923e+00  1.00007e+00  1.00102e+00
 2.24742e+00  1.00021e+00  1.00105e+00
 2.25389e+00  1.00014e+00  1.00108e+00
 2.26208e+00  9.99757e-01  1.00112e+00
 2.26928e+00  9.99700e-01  1.00115e+00
 2.27554e+00  1.00019e+00  1.00118e+00
 2.28395e+00  1.00018e+00  1.00121e+00
 2.29083e+00  9.99962e-01  1.00124e+00
 2.29706e+00  1.00012e+00  1.00127e+00
 2.30491e+00  1.00572e+00  1.00130e+00
 2.31165e+00  1.00121e+00  1.00133e+00
 2.31790e+00  1.00193e+00  1.00135e+00
 2.32572e+00  1.00727e+00  1.00138e+00
 2.33272e+00  1.00076e+00  1.00140e+00
 2.33942e+00  1.00176e+00  1.00143e+00
 2.34726e+00  1.00589e+00  1.00145e+00
 2.35402e+00  1.00074e+00  1.00148e+00
 2.36026e+00  1.00123e+00  1.00150e+00
 2.36810e+00  1.00516e+00  1.00152e+00
 2.37485e+00  1.00067e+00  1.00154e+00
 2.38109e+00  1.00122e+00  1.00156e+00
 2.38891e+00  1.00505e+00  1.00159e+00
 2.39568e+00  1.00077e+00  1.00161e+00
 2.40192e+00  1.00063e+00  1.00163e+00
 2.40976e+00  1.00466e+00  1.00165e+00
 2.41652e+00  1.00151e+00  1.00167e+00
 2.42276e+00  1.00210e+00  1.00168e+00
 2.43060e+00  1.00468e+00  1.00170e+00
 2.43736e+00  1.00118e+00  1.00172e+00
 2.44369e+00  1.00307e+00  1.00173e+00
 2.45218e+00  1.00094e+00  1.00175e+00
 2.45927e+00  1.00265e+00  1.00177e+00
 2.46573e+00  1.00381e+00  1.00178e+00
 2.47373e+00  1.00252e+00  1.00180e+00
 2.48040e+00  1.00211e+00  1.00181e+00
 2.48676e+00  1.00304e+00  1.00183e+00
 2.49540e+00  1.00181e+00  1.00184e+00
 2.50185e+00  1.00214e+00  1.00186e+00
 2.50803e+00  1.00298e+00  1.00187e+00
 2.51623e+00  1.00145e+00  1.00188e+00
 2.52267e+00  1.00029e+00  1.00189e+00
 2.52885e+00  1.00256e+00  1.00190e+00
 2.53708e+00  1.00234e+00  1.00191e+00
 2.54350e+00  1.00177e+00  1.00192e+00
 2.54971e+00  1.00191e+00  1.00193e+00
 2.55790e+00  1.00314e+00  1.00194e+00
 2.56435e+00  1.00194e+00  1.00195e+00
 2.57053e+00  1.00254e+00  1.00196e+00
 2.57891e+00  1.00240e+00  1.00197e+00
 2.58592e+00  1.00155e+00  1.00197e+00
 2.59332e+00  1.00282e+00  1.00198e+00
 2.60189e+00  1.00169e+00  1.00199e+00
 2.60829e+00  1.00200e+00  1.00199e+00
 2.61573e+00  1.00306e+00  1.00200e+00
 2.62468e+00  1.00176e+00  1.00201e+00
 2.63171e+00  1.00325e+00  1.00201e+00
 2.64094e+00  1.00185e+00  1.00202e+00
 2.64830e+00  1.00228e+00  1.00202e+00
 2.65460e+00  1.00146e+00  1.00202e+00
 2.66322e+00  1.00142e+00  1.00203e+00
 2.66968e+00  1.00126e+00  1.00203e+00
 2.67622e+00  1.00256e+00  1.00203e+00
 2.68439e+00  1.00347e+00  1.00203e+00
 2.69052e+00  1.00209e+00  1.00203e+00
 2.69704e+00  1.00267e+00  1.00203e+00
 2.70521e+00  1.00184e+00  1.00203e+00
 2.71135e+00  1.00145e+00  1.00203e+00
 2.71787e+00  1.00238e+00  1.00203e+00
 2.72606e+00  1.00217e+00  1.00203e+00
 2.73218e+00  1.00237e+00  1.00203e+00
 2.73872e+00  1.00235e+00  1.00203e+00
 2.74740e+00  1.00243e+00  1.00202e+00
 2.75357e+00  1.00211e+00  1.00202e+00
 2.76055e+00  1.00232e+00  1.00202e+00
 2.76824e+00  1.00228e+00  1.00201e+00
 2.77440e+00  1.00132e+00  1.00201e+00
 2.78139e+00  1.00357e+00  1.00201e+00
 2.78909e+00  1.00347e+00  1.00200e+00
 2.79522e+00  1.00113e+00  1.00200e+00
 2.80223e+00  1.00395e+00  1.00199e+00
 2.80992e+00  1.00224e+00  1.00198e+00
 2.81640e+00  1.00165e+00  1.00198e+00
 2.82404e+00  1.00311e+00  1.00197e+00
 2.83126e+00  1.00306e+00  1.00196e+00
 2.83746e+00  1.00219e+00  1.00196e+00
 2.84489e+00  1.00356e+00  1.00195e+00
 2.85328e+00  1.00136e+00  1.00194e+00
 2.86008e+00  1.00224e+00  1.00193e+00
 2.86810e+00  1.00209e+00  1.00192e+00
 2.87486e+00  1.00284e+00  1.00191e+00
 2.88109e+00  1.00188e+00  1.00190e+00
 2.88891e+00  1.00277e+00  1.00189e+00
 2.89569e+00  1.00257e+00  1.00188e+00
 2.90247e+00  1.00211e+00  1.00187e+00
 2.91054e+00  1.00336e+00  1.00185e+00
 2.91721e+00  1.00250e+00  1.00184e+00
 2.92398e+00  1.00127e+00  1.00183e+00
 2.93239e+00  1.00263e+00  1.00181e+00
 2.93963e+00  1.00226e+00  1.00180e+00
 2.94628e+00  1.00110e+00  1.00178e+00
 2.95445e+00  1.00266e+00  1.00177e+00
 2.96080e+00  1.00076e+00  1.00175e+00
 2.96787e+00  1.00110e+00  1.00174e+00
 2.97606e+00  1.00283e+00  1.00172e+00
 2.98253e+00  1.00194e+00  1.00170e+00
 2.99021e+00  1.02074e+00  1.00169e+00
 2.99742e+00  1.00210e+00  1.00167e+00
 3.00390e+00  1.00165e+00  1.00165e+00
 3.01054e+00  1.02483e+00  1.00163e+00
 3.01817e+00  1.00261e+00  1.00161e+00
 3.02439e+00  1.00196e+00  1.00160e+00
 3.03066e+00  1.01979e+00  1.00158e+00
 3.03780e+00  1.00148e+00  1.00156e+00
 3.04441e+00  1.00107e+00  1.00154e+00
 3.05112e+00  1.01710e+00  1.00152e+00
 3.05862e+00  1.00225e+00  1.00150e+00
 3.06497e+00  1.00203e+00  1.00148e+00
 3.07107e+00  1.00854e+00  1.00146e+00
 3.07873e+00  1.00265e+00  1.00143e+00
 3.08545e+00  1.00140e+00  1.00141e+00
 3.09190e+00  1.00737e+00  1.00139e+00
 3.09993e+00  1.00013e+00  1.00136e+00
 3.10692e+00  1.00180e+00  1.00134e+00
 3.11350e+00  1.00516e+00  1.00132e+00
 3.12112e+00  1.00075e+00  1.00129e+00
 3.12747e+00  1.00124e+00  1.00127e+00
 3.13390e+00  1.00378e+00  1.00124e+00
 3.14195e+00  1.00039e+00  1.00121e+00
 3.14830e+00  1.00120e+00  1.00119e+00
 3.15440e+00  1.00282e+00  1.00116e+00
 3.16243e+00  1.00103e+00  1.00113e+00
 3.16913e+00  1.00177e+00  1.00110e+00
 3.17537e+00  1.00452e+00  1.00108e+00
 3.18326e+00  1.00171e+00  1.00105e+00
 3.19025e+00  1.00124e+00  1.00102e+00
 3.19659e+00  1.00359e+00  1.00099e+00
 3.20374e+00  1.00189e+00  1.00096e+00
 3.21069e+00  1.00041e+00  1.00093e+00
 3.21684e+00  1.00260e+00  1.00090e+00
 3.22373e+00  1.00175e+00  1.00087e+00
 3.23118e+00  1.00030e+00  1.00083e+00
 3.23769e+00  1.00222e+00  1.00080e+00
 3.24456e+00  1.00149e+00  1.00077e+00
 3.25124e+00  1.00124e+00  1.00073e+00
 3.25735e+00  1.00189e+00  1.00070e+00
 3.26395e+00  1.00254e+00  1.00067e+00
 3.27085e+00  1.00026e+00  1.00064e+00
 3.27754e+00  1.00082e+00  1.00060e+00
 3.28421e+00  1.00215e+00  1.00057e+00
 3.29107e+00  1.00157e+00  1.00053e+00
 3.29789e+00  1.00123e+00  1.00049e+00
 3.30504e+00  1.00123e+00  1.00046e+00
 3.31165e+00  1.00058e+00  1.00042e+00
 3.31790e+00  1.00012e+00  1.00038e+00
 3.32516e+00  1.00057e+00  1.00034e+00
 3.33204e+00  1.00054e+00  1.00030e+00
 3.33941e+00  9.99686e-01  1.00026e+00
 3.34612e+00  1.00209e+00  1.00022e+00
 3.35357e+00  1.00005e+00  1.00018e+00
 3.36091e+00  9.99558e-01  1.00013e+00
 3.36834e+00  1.00065e+00  1.00009e+00
 3.37620e+00  1.00010e+00  1.00004e+00
 3.38261e+00  1.00899e+00  1.00000e+00
 3.38875e+00  1.00487e+00  9.99962e-01
 3.39481e+00  1.00074e+00  9.99923e-01
 3.40053e+00  9.99210e-01  9.99887e-01
 3.40653e+00  9.99006e-01  9.99848e-01
 3.41456e+00  1.00073e+00  9.99796e-01
 3.42038e+00  9.99804e-01  9.99757e-01
 3.42690e+00  1.00045e+00  9.99714e-01
 3.43377e+00  1.00053e+00  9.99667e-01
 3.43907e+00  1.00135e+00  9.99631e-01
 3.44531e+00  1.00162e+00  9.99589e-01
 3.45218e+00  1.00110e+00  9.99542e-01
 3.45783e+00  1.00099e+00  9.99502e-01
 3.46364e+00  9.98781e-01  9.99462e-01
 3.46973e+00  9.99619e-01  9.99419e-01
 3.47545e+00  9.99396e-01  9.99378e-01
 3.48152e+00  1.00075e+00  9.99335e-01
 3.48774e+00  9.99837e-01  9.99290e-01
 3.49402e+00  9.99143e-01  9.99244e-01
 3.50025e+00  9.99659e-01  9.99199e-01
 3.50618e+00  9.99064e-01  9.99155e-01
 3.51190e+00  9.99963e-01  9.99113e-01
 3.51817e+00  9.99095e-01  9.99066e-01
 3.52351e+00  9.98637e-01  9.99026e-01
 3.52958e+00  1.00025e+00  9.98981e-01
 3.53568e+00  9.99592e-01  9.98935e-01
 3.54168e+00  9.98515e-01  9.98889e-01
 3.54718e+00  9.99127e-01  9.98847e-01
 3.55306e+00  9.97196e-01  9.98802e-01
 3.55939e+00  9.99719e-01  9.98753e-01
 3.56571e+00  9.99446e-01  9.98705e-01
 3.57232e+00  9.99431e-01  9.98653e-01
 3.57840e+00  9.99870e-01  9.98606e-01
 3.58389e+00  9.98644e-01  9.98563e-01
 3.58978e+00  9.99035e-01  9.98517e-01
 3.59687e+00  1.00073e+00  9.98462e-01
 3.60268e+00  9.98452e-01  9.98416e-01
 3.60847e+00  9.97826e-01  9.98371e-01
 3.61435e+00  9.97934e-01  9.98324e-01
 3.62060e+00  9.98320e-01  9.98275e-01
 3.62649e+00  9.98025e-01  9.98229e-01
 3.63261e+00  9.98474e-01  9.98181e-01
 3.63901e+00  9.96974e-01  9.98131e-01
 3.64587e+00  9.97917e-01  9.98077e-01
 3.65200e+00  9.98269e-01  9.98029e-01
 3.65775e+00  9.97739e-01  9.97984e-01
 3.66400e+00  9.98232e-01  9.97935e-01
 3.66935e+00  9.97859e-01  9.97893e-01
 3.67633e+00  9.98869e-01  9.97839e-01
 3.68232e+00  9.98438e-01  9.97793e-01
 3.68750e+00  9.97160e-01  9.97754e-01
 3.69299e+00  9.97338e-01  9.97712e-01
 3.69888e+00  9.97882e-01  9.97667e-01
 3.70419e+00  9.97429e-01  9.97627e-01
 3.71035e+00  9.97780e-01  9.97582e-01
 3.71617e+00  9.98371e-01  9.97539e-01
 3.72190e+00  9.97747e-01  9.97497e-01
 3.72711e+00  9.97154e-01  9.97459e-01
 3.73377e+00  9.97388e-01  9.97411e-01
 3.73988e+00  9.97519e-01  9.97368e-01
 3.74534e+00  9.98451e-01  9.97330e-01
 3.75053e+00  9.97423e-01  9.97294e-01
 3.75618e+00  9.97708e-01  9.97256e-01
 3.76189e+00  9.97926e-01  9.97218e-01
 3.76722e+00  9.96886e-01  9.97183e-01
 3.77271e+00  9.98233e-01  9.97148e-01
 3.77867e+00  9.97068e-01  9.97110e-01
 3.78440e+00  9.98796e-01  9.97075e-01
 3.79009e+00  9.97697e-01  9.97041e-01
 3.79578e+00  9.98727e-01  9.97008e-01
 3.80219e+00  9.96213e-01  9.96972e-01
 3.80818e+00  9.96700e-01  9.96939e-01
 3.81420e+00  9.97158e-01  9.96907e-01
 3.82064e+00  9.96451e-01  9.96874e-01
 3.82710e+00  9.97273e-01  9.96843e-01
 3.83239e+00  9.97925e-01  9.96819e-01
 3.83880e+00  9.97001e-01  9.96791e-01
 3.84525e+00  9.97234e-01  9.96764e-01
 3.85055e+00  9.96948e-01  9.96743e-01
 3.85575e+00  9.98191e-01  9.96724e-01
 3.86152e+00  9.97757e-01  9.96705e-01
 3.86721e+00  9.98562e-01  9.96687e-01
 3.87243e+00  9.96719e-01  9.96672e-01
 3.87795e+00  9.96943e-01  9.96658e-01
 3.88446e+00  9.95388e-01  9.96644e-01
 3.89117e+00  9.98228e-01  9.96631e-01
 3.89691e+00  9.98112e-01  9.96622e-01
 3.90252e+00  9.98121e-01  9.96615e-01
 3.90836e+00  9.98112e-01  9.96611e-01
 3.91356e+00  9.96940e-01  9.96608e-01
 3.91909e+00  9.98295e-01  9.96607e-01
 3.92507e+00  9.97869e-01  9.96609e-01
 3.93076e+00  9.97008e-01  9.96613e-01
 3.93597e+00  9.96558e-01  9.96618e-01
 3.94125e+00  9.96741e-01  9.96626e-01
 3.94698e+00  9.97796e-01  9.96636e-01
 3.95280e+00  9.96965e-01  9.96650e-01
 3.95837e+00  9.98524e-01  9.96665e-01
 3.96449e+00  9.97427e-01  9.96685e-01
 3.97086e+00  9.97847e-01  9.96709e-01
 3.97651e+00  9.97244e-01  9.96733e-01
 3.98248e+00  9.97410e-01  9.96762e-01
 3.98900e+00  9.97401e-01  9.96797e-01
 3.99483e+00  9.97639e-01  9.96831e-01
 4.00002e+00  9.97537e-01  9.96864e-01
 4.00591e+00  9.97662e-01  9.96905e-01
 4.01251e+00  9.97009e-01  9.96955e-01
 4.01865e+00  9.96708e-01  9.97006e-01
 4.02409e+00  9.97480e-01  9.97053e-01
 4.03065e+00  9.95393e-01  9.97115e-01
 4.03700e+00  9.98064e-01  9.97179e-01
 4.04291e+00  9.96845e-01  9.97242e-01
 4.04955e+00  9.98244e-01  9.97318e-01
 4.05526e+00  9.97972e-01  9.97387e-01
 4.06149e+00  9.98165e-01  9.97466e-01
 4.06754e+00  9.97311e-01  9.97547e-01
 4.07440e+00  9.98448e-01  9.97644e-01
 4.07973e+00  9.97885e-01  9.97723e-01
 4.08493e+00  9.99252e-01  9.97803e-01
 4.09118e+00  9.98202e-01  9.97903e-01
 4.09691e+00  9.98525e-01  9.97999e-01
 4.10259e+00  9.97517e-01  9.98097e-01
 4.10800e+00  9.99780e-01  9.98195e-01
 4.11469e+00  9.99081e-01  9.98319e-01
 4.12105e+00  9.97752e-01  9.98442e-01
 4.12658e+00  9.97408e-01  9.98553e-01
 4.13286e+00  9.98573e-01  9.98683e-01
 4.13856e+00  9.98340e-01  9.98804e-01
 4.14477e+00  9.99268e-01  9.98940e-01
 4.15034e+00  1.00006e+00  9.99066e-01
 4.15759e+00  9.98162e-01  9.99234e-01
 4.16306e+00  9.99807e-01  9.99364e-01
 4.16825e+00  9.99691e-01  9.99491e-01
 4.17466e+00  9.99425e-01  9.99650e-01
 4.18076e+00  9.98792e-01  9.99805e-01
 4.18649e+00  9.99745e-01  9.99954e-01
 4.19272e+00  1.00106e+00  1.00012e+00
 4.20001e+00  9.99908e-01  1.00032e+00
 4.20524e+00  1.00117e+00  1.00046e+00
 4.21077e+00  9.99673e-01  1.00061e+00
 4.21729e+00  1.00166e+00  1.00080e+00
 4.22295e+00  1.00033e+00  1.00096e+00
 4.22824e+00  1.00157e+00  1.00111e+00
 4.23579e+00  1.00265e+00  1.00133e+00
 4.24169e+00  1.00100e+00  1.00150e+00
 4.24737e+00  1.00187e+00  1.00167e+00
 4.25301e+00  1.00234e+00  1.00184e+00
 4.25982e+00  1.00231e+00  1.00204e+00
 4.26602e+00  1.00197e+00  1.00222e+00
 4.27191e+00  1.00282e+00  1.00240e+00
 4.27868e+00  1.00137e+00  1.00260e+00
 4.28441e+00  1.00256e+00  1.00277e+00
 4.29009e+00  1.00202e+00  1.00294e+00
 4.29689e+00  1.00458e+00  1.00314e+00
 4.30419e+00  1.00312e+00  1.00335e+00
 4.30941e+00  1.00371e+00  1.00350e+00
 4.31493e+00  1.00308e+00  1.00365e+00
 4.32162e+00  1.00357e+00  1.00384e+00
 4.32781e+00  1.00415e+00  1.00401e+00
 4.33335e+00  1.00416e+00  1.00416e+00
 4.33922e+00  1.00481e+00  1.00431e+00
 4.34586e+00  1.00457e+00  1.00448e+00
 4.35152e+00  1.00372e+00  1.00462e+00
 4.35685e+00  1.00479e+00  1.00475e+00
 4.36330e+00  1.00537e+00  1.00490e+00
 4.36946e+00  1.00512e+00  1.00503e+00
 4.37502e+00  1.00535e+00  1.00515e+00
 4.38170e+00  1.00603e+00  1.00529e+00
 4.38804e+00  1.00466e+00  1.00541e+00
 4.39372e+00  1.00467e+00  1.00552e+00
 4.39944e+00  1.00534e+00  1.00562e+00
 4.40635e+00  1.00589e+00  1.00573e+00
 4.41235e+00  1.00448e+00  1.00581e+00
 4.41791e+00  1.00426e+00  1.00589e+00
 4.42483e+00  1.00541e+00  1.00597e+00
 4.43126e+00  1.00635e+00  1.00604e+00
 4.43649e+00  1.00618e+00  1.00609e+00
 4.44253e+00  1.00434e+00  1.00614e+00
 4.44941e+00  1.00533e+00  1.00619e+00
 4.45514e+00  1.00482e+00  1.00622e+00
 4.46111e+00  1.00540e+00  1.00624e+00
 4.46816e+00  1.00626e+00  1.00626e+00
 4.47400e+00  1.00461e+00  1.00627e+00
 4.47919e+00  1.00588e+00  1.00626e+00
 4.48589e+00  1.00591e+00  1.00625e+00
 4.49219e+00  1.00388e+00  1.00623e+00
 4.49838e+00  1.00550e+00  1.00620e+00
 4.50485e+00  1.00472e+00  1.00616e+00
 4.51253e+00  1.00448e+00  1.00610e+00
 4.51819e+00  1.00453e+00  1.00604e+00
 4.52386e+00  1.00488e+00  1.00598e+00
 4.53033e+00  1.00475e+00  1.00590e+00
 4.53614e+00  1.00375e+00  1.00582e+00
 4.54169e+00  1.00496e+00  1.00574e+00
 4.54829e+00  1.00425e+00  1.00564e+00
 4.55417e+00  1.00331e+00  1.00554e+00
 4.56038e+00  1.00346e+00  1.00542e+00
 4.56609e+00  1.00267e+00  1.00531e+00
 4.57303e+00  1.00317e+00  1.00517e+00
 4.57901e+00  1.00284e+00  1.00504e+00
 4.58486e+00  1.00439e+00  1.00491e+00
 4.59173e+00  1.00221e+00  1.00475e+00
 4.59743e+00  1.00373e+00  1.00461e+00
 4.60366e+00  1.00292e+00  1.00445e+00
 4.61009e+00  1.00256e+00  1.00429e+00
 4.61667e+00  1.00273e+00  1.00411e+00
 4.62237e+00  1.00307e+00  1.00396e+00
 4.62801e+00  1.00100e+00  1.00380e+00
 4.63483e+00  1.00212e+00  1.00361e+00
 4.64118e+00  1.00243e+00  1.00343e+00
 4.64708e+00  1.00157e+00  1.00325e+00
 4.65382e+00  1.00119e+00  1.00306e+00
 4.65993e+00  1.00148e+00  1.00287e+00
 4.66564e+00  1.00216e+00  1.00270e+00
 4.67212e+00  1.00016e+00  1.00251e+00
 4.67917e+00  1.00057e+00  1.00230e+00
 4.68538e+00  1.00095e+00  1.00211e+00
 4.69130e+00  9.99517e-01  1.00193e+00
 4.69925e+00  9.99797e-01  1.00169e+00
 4.70514e+00  9.99703e-01  1.00151e+00
 4.71082e+00  1.00038e+00  1.00135e+00
 4.71853e+00  9.98663e-01  1.00112e+00
 4.72485e+00  1.00060e+00  1.00094e+00
 4.73041e+00  9.99402e-01  1.00078e+00
 4.73790e+00  9.99578e-01  1.00056e+00
 4.74446e+00  9.98965e-01  1.00038e+00
 4.75002e+00  9.98429e-01  1.00023e+00
 4.75721e+00  9.98388e-01  1.00003e+00
 4.76358e+00  9.98801e-01  9.99867e-01
 4.76925e+00  9.99152e-01  9.99720e-01
 4.77621e+00  9.98029e-01  9.99545e-01
 4.78389e+00  9.98868e-01  9.99357e-01
 4.78909e+00  9.98734e-01  9.99233e-01
 4.79475e+00  9.97909e-01  9.99102e-01
 4.80218e+00  9.97337e-01  9.98935e-01
 4.80818e+00  9.98164e-01  9.98804e-01
 4.81374e+00  9.99922e-01  9.98687e-01
 4.82123e+00  9.99195e-01  9.98535e-01
 4.82799e+00  9.99010e-01  9.98403e-01
 4.83404e+00  9.97569e-01  9.98289e-01
 4.84140e+00  9.98692e-01  9.98157e-01
 4.84795e+00  9.98076e-01  9.98045e-01
 4.85366e+00  9.98950e-01  9.97952e-01
 4.86059e+00  9.96911e-01  9.97844e-01
 4.86719e+00  9.97909e-01  9.97747e-01
 4.87346e+00  9.97940e-01  9.97659e-01
 4.88123e+00  9.97572e-01  9.97557e-01
 4.88805e+00  9.96534e-01  9.97473e-01
 4.89372e+00  9.97837e-01  9.97408e-01
 4.89968e+00  9.98822e-01  9.97343e-01
 4.90705e+00  9.97584e-01  9.97269e-01
 4.91331e+00  9.97290e-01  9.97210e-01
 4.91951e+00  9.97989e-01  9.97157e-01
 4.92718e+00  9.97226e-01  9.97097e-01
 4.93318e+00  9.97319e-01  9.97054e-01
 4.93874e+00  9.96861e-01  9.97018e-01
 4.94606e+00  9.97695e-01  9.96975e-01
 4.95252e+00  9.97321e-01  9.96942e-01
 4.95922e+00  9.97861e-01  9.96912e-01
 4.96691e+00  9.96709e-01  9.96883e-01
 4.97295e+00  9.97923e-01  9.96863e-01
 4.97866e+00  9.98081e-01  9.96849e-01
 4.98479e+00  9.97499e-01  9.96836e-01
 4.99167e+00  9.96842e-01  9.96825e-01
 4.99691e+00  9.97244e-01  9.96820e-01
 5.00247e+00  9.97238e-01  9.96816e-01
 5.01020e+00  9.96951e-01  9.96816e-01
 5.01687e+00  9.97682e-01  9.96819e-01
 5.02271e+00  9.97498e-01  9.96824e-01
 5.03033e+00  9.96919e-01  9.96835e-01
 5.03668e+00  9.97420e-01  9.96847e-01
 5.04237e+00  9.97646e-01  9.96859e-01
 5.04971e+00  9.97636e-01  9.96879e-01
 5.05644e+00  9.96628e-01  9.96900e-01
 5.06270e+00  1.00075e+00  9.96921e-01
 5.07036e+00  9.97829e-01  9.96951e-01
 5.07661e+00  9.96943e-01  9.96977e-01
 5.08230e+00  9.97996e-01  9.97002e-01
 5.08959e+00  9.96342e-01  9.97037e-01
 5.09691e+00  9.97570e-01  9.97075e-01
 5.10309e+00  9.96759e-01  9.97108e-01
 5.10972e+00  9.97242e-01  9.97145e-01
 5.11719e+00  9.97768e-01  9.97190e-01
 5.12291e+00  9.97325e-01  9.97225e-01
 5.12880e+00  9.97237e-01  9.97262e-01
 5.13624e+00  9.97931e-01  9.97311e-01
 5.14248e+00  9.97467e-01  9.97353e-01
 5.14870e+00  9.97157e-01  9.97396e-01
 5.15636e+00  9.98351e-01  9.97451e-01
 5.16280e+00  9.98088e-01  9.97498e-01
 5.16889e+00  9.97159e-01  9.97543e-01
 5.17647e+00  9.98385e-01  9.97600e-01
 5.18284e+00  9.96561e-01  9.97649e-01
 5.18903e+00  9.97675e-01  9.97697e-01
 5.19664e+00  9.98107e-01  9.97758e-01
 5.20282e+00  9.97413e-01  9.97807e-01
 5.20835e+00  9.98031e-01  9.97852e-01
 5.21571e+00  9.97829e-01  9.97912e-01
 5.22243e+00  9.97699e-01  9.97967e-01
 5.22815e+00  9.98109e-01  9.98014e-01
 5.23472e+00  9.98258e-01  9.98069e-01
 5.24219e+00  9.98989e-01  9.98131e-01
 5.24838e+00  9.97267e-01  9.98183e-01
 5.25455e+00  9.98468e-01  9.98235e-01
 5.26255e+00  9.99021e-01  9.98303e-01
 5.26819e+00  9.98128e-01  9.98351e-01
 5.27416e+00  9.98494e-01  9.98401e-01
 5.28205e+00  9.97909e-01  9.98468e-01
 5.28831e+00  9.97597e-01  9.98522e-01
 5.29473e+00  9.99115e-01  9.98576e-01
 5.30340e+00  9.97478e-01  9.98649e-01
 5.30978e+00  9.98362e-01  9.98703e-01
 5.31631e+00  9.98845e-01  9.98758e-01
 5.32492e+00  9.98057e-01  9.98830e-01
 5.33069e+00  9.99357e-01  9.98878e-01
 5.33779e+00  9.98936e-01  9.98938e-01
 5.34639e+00  9.98039e-01  9.99009e-01
 5.35253e+00  9.99217e-01  9.99059e-01
 5.36006e+00  9.99368e-01  9.99121e-01
 5.36772e+00  9.98484e-01  9.99183e-01
 5.37394e+00  9.97872e-01  9.99233e-01
 5.38187e+00  9.99764e-01  9.99296e-01
 5.38912e+00  9.99385e-01  9.99354e-01
 5.39533e+00  9.98237e-01  9.99402e-01
 5.40378e+00  9.99133e-01  9.99468e-01
 5.41062e+00  9.97957e-01  9.99521e-01
 5.41687e+00  9.99388e-01  9.99569e-01
 5.42528e+00  9.99235e-01  9.99632e-01
 5.43214e+00  9.99585e-01  9.99684e-01
 5.43839e+00  9.99210e-01  9.99730e-01
 5.44724e+00  9.98901e-01  9.99795e-01
 5.45438e+00  9.99163e-01  9.99846e-01
 5.46138e+00  9.99437e-01  9.99896e-01
 5.47009e+00  9.99111e-01  9.99958e-01
 5.47643e+00  9.99109e-01  1.00000e+00
 5.48301e+00  9.99946e-01  1.00005e+00
 5.49167e+00  9.99592e-01  1.00011e+00
 5.49783e+00  9.98610e-01  1.00015e+00
 5.50547e+00  9.99871e-01  1.00020e+00
 5.51359e+00  9.99397e-01  1.00025e+00
 5.51976e+00  9.99490e-01  1.00029e+00
 5.52775e+00  9.99571e-01  1.00034e+00
 5.53493e+00  1.00050e+00  1.00039e+00
 5.54117e+00  1.00090e+00  1.00042e+00
 5.54959e+00  9.99504e-01  1.00047e+00
 5.55646e+00  1.00015e+00  1.00052e+00
 5.56270e+00  9.99700e-01  1.00055e+00
 5.57112e+00  9.98480e-01  1.00060e+00
 5.57799e+00  1.00023e+00  1.00064e+00
 5.58479e+00  9.99900e-01  1.00068e+00
 5.59353e+00  9.99947e-01  1.00073e+00
 5.60021e+00  9.99472e-01  1.00076e+00
 5.60645e+00  9.99011e-01  1.00080e+00
 5.61520e+00  1.00110e+00  1.00084e+00
 5.62165e+00  1.00032e+00  1.00087e+00
 5.62805e+00  1.00054e+00  1.00091e+00
 5.63676e+00  1.00039e+00  1.00095e+00
 5.64360e+00  9.99783e-01  1.00098e+00
 5.65071e+00  1.00007e+00  1.00102e+00
 5.65889e+00  1.00021e+00  1.00105e+00
 5.66536e+00  1.00014e+00  1.00108e+00
 5.67356e+00  9.99757e-01  1.00112e+00
 5.68075e+00  9.99700e-01  1.00115e+00
 5.68701e+00  1.00019e+00  1.00118e+00
 5.69542e+00  1.00018e+00  1.00121e+00
 5.70230e+00  9.99962e-01  1.00124e+00
 5.70853e+00  1.00012e+00  1.00127e+00
 5.71638e+00  1.00572e+00  1.00130e+00
 5.72312e+00  1.00121e+00  1.00133e+00
 5.72937e+00  1.00193e+00  1.00135e+00
 5.73719e+00  1.00727e+00  1.00138e+00
 5.74419e+00  1.00076e+00  1.00140e+00
 5.75089e+00  1.00176e+00  1.00143e+00
 5.75873e+00  1.00589e+00  1.00145e+00
 5.76549e+00  1.00074e+00  1.00148e+00
 5.77173e+00  1.00123e+00  1.00150e+00
 5.77957e+00  1.00516e+00  1.00152e+00
 5.78632e+00  1.00067e+00  1.00154e+00
 5.79256e+00  1.00122e+00  1.00156e+00
 5.80038e+00  1.00505e+00  1.00159e+00
 5.80715e+00  1.00077e+00  1.00161e+00
 5.81339e+00  1.00063e+00  1.00163e+00
 5.82123e+00  1.00466e+00  1.00165e+00
 5.82799e+00  1.00151e+00  1.00167e+00
 5.83423e+00  1.00210e+00  1.00168e+00
 5.84207e+00  1.00468e+00  1.00170e+00
 5.84883e+00  1.00118e+00  1.00172e+00
 5.85516e+00  1.00307e+00  1.00173e+00
 5.86365e+00  1.00094e+00  1.00175e+00
 5.87075e+00  1.00265e+00  1.00177e+00
 5.87720e+00  1.00381e+00  1.00178e+00
 5.88520e+00  1.00252e+00  1.00180e+00
 5.89187e+00  1.00211e+00  1.00181e+00
 5.89823e+00  1.00304e+00  1.00183e+00
 5.90687e+00  1.00181e+00  1.00184e+00
 5.91332e+00  1.00214e+00  1.00186e+00
 5.91950e+00  1.00298e+00  1.00187e+00
 5.92770e+00  1.00145e+00  1.00188e+00
 5.93414e+00  1.00029e+00  1.00189e+00
 5.94032e+00  1.00256e+00  1.00190e+00
 5.94855e+00  1.00234e+00  1.00191e+00
 5.95497e+00  1.00177e+00  1.00192e+00
 5.96118e+00  1.00191e+00  1.00193e+00
 5.96937e+00  1.00314e+00  1.00194e+00
 5.97582e+00  1.00194e+00  1.00195e+00
 5.98200e+00  1.00254e+00  1.00196e+00
 5.99038e+00  1.00240e+00  1.00197e+00
 5.99739e+00  1.00155e+00  1.00197e+00
 6.00479e+00  1.00282e+00  1.00198e+00
 6.01336e+00  1.00169e+00  1.00199e+00
 6.01976e+00  1.00200e+00  1.00199e+00
 6.02720e+00  1.00306e+00  1.00200e+00
 6.03615e+00  1.00176e+00  1.00201e+00
 6.04318e+00  1.00325e+00  1.00201e+00
 6.05241e+00  1.00185e+00  1.00202e+00
 6.05977e+00  1.00228e+00  1.00202e+00
 6.06607e+00  1.00146e+00  1.00202e+00
 6.07469e+00  1.00142e+00  1.00203e+00
 6.08115e+00  1.00126e+00  1.00203e+00
 6.08769e+00  1.00256e+00  1.00203e+00
 6.09586e+00  1.00347e+00  1.00203e+00
 6.10199e+00  1.00209e+00  1.00203e+00
 6.10851e+00  1.00267e+00  1.00203e+00
 6.11669e+00  1.00184e+00  1.00203e+00
 6.12282e+00  1.00145e+00  1.00203e+00
 6.12934e+00  1.00238e+00  1.00203e+00
 6.13753e+00  1.00217e+00  1.00203e+00
 6.14365e+00  1.00237e+00  1.00203e+00
 6.15019e+00  1.00235e+00  1.00203e+00
 6.15887e+00  1.00243e+00  1.00202e+00
 6.16504e+00  1.00211e+00  1.00202e+00
 6.17202e+00  1.00232e+00  1.00202e+00
 6.17971e+00  1.00228e+00  1.00201e+00
 6.18587e+00  1.00132e+00  1.00201e+00
 6.19286e+00  1.00357e+00  1.00201e+00
 6.20056e+00  1.00347e+00  1.00200e+00
 6.20670e+00  1.00113e+00  1.00200e+00
 6.21370e+00  1.00395e+00  1.00199e+00
 6.22139e+00  1.00224e+00  1.00198e+00
 6.22787e+00  1.00165e+00  1.00198e+00
 6.23551e+00  1.00311e+00  1.00197e+00
 6.24273e+00  1.00306e+00  1.00196e+00
 6.24893e+00  1.00219e+00  1.00196e+00
 6.25636e+00  1.00356e+00  1.00195e+00
 6.26475e+00  1.00136e+00  1.00194e+00
 6.27155e+00  1.00224e+00  1.00193e+00
 6.27957e+00  1.00209e+00  1.00192e+00
 6.28633e+00  1.00284e+00  1.00191e+00
 6.29256e+00  1.00188e+00  1.00190e+00
 6.30038e+00  1.00277e+00  1.00189e+00
 6.30716e+00  1.00257e+00  1.00188e+00
 6.31394e+00  1.00211e+00  1.00187e+00
 6.32201e+00  1.00336e+00  1.00185e+00
 6.32868e+00  1.00250e+00  1.00184e+00
 6.33545e+00  1.00127e+00  1.00183e+00
 6.34386e+00  1.00263e+00  1.00181e+00
 6.35110e+00  1.00226e+00  1.00180e+00
 6.35775e+00  1.00110e+00  1.00178e+00
 6.36592e+00  1.00266e+00  1.00177e+00
 6.37227e+00  1.00076e+00  1.00175e+00
 6.37934e+00  1.00110e+00  1.00174e+00
 6.38753e+00  1.00283e+00  1.00172e+00
 6.39400e+00  1.00194e+00  1.00170e+00
 6.40168e+00  1.02074e+00  1.00169e+00
 6.40889e+00  1.00210e+00  1.00167e+00
 6.41537e+00  1.00165e+00  1.00165e+00
 6.42201e+00  1.02483e+00  1.00163e+00
 6.42964e+00  1.00261e+00  1.00161e+00
 6.43586e+00  1.00196e+00  1.00160e+00
 6.44214e+00  1.01979e+00  1.00158e+00
 6.44926e+00  1.00148e+00  1.00156e+00
 6.45589e+00  1.00107e+00  1.00154e+00
 6.46259e+00  1.01710e+00  1.00152e+00
 6.47009e+00  1.00225e+00  1.00150e+00
 6.47644e+00  1.00203e+00  1.00148e+00
 6.48254e+00  1.00854e+00  1.00146e+00
 6.49020e+00  1.00265e+00  1.00143e+00
 6.49692e+00  1.00140e+00  1.00141e+00
 6.50337e+00  1.00737e+00  1.00139e+00
 6.51140e+00  1.00013e+00  1.00136e+00
 6.51839e+00  1.00180e+00  1.00134e+00
 6.52497e+00  1.00516e+00  1.00132e+00
 6.53259e+00  1.00075e+00  1.00129e+00
 6.53894e+00  1.00124e+00  1.00127e+00
 6.54537e+00  1.00378e+00  1.00124e+00
 6.55342e+00  1.00039e+00  1.00121e+00
 6.55977e+00  1.00120e+00  1.00119e+00
 6.56587e+00  1.00282e+00  1.00116e+00
 6.57390e+00  1.00103e+00  1.00113e+00
 6.58060e+00  1.00177e+00  1.00110e+00
 6.58684e+00  1.00452e+00  1.00108e+00
 6.59473e+00  1.00171e+00  1.00105e+00
 6.60173e+00  1.00124e+00  1.00102e+00
 6.60807e+00  1.00359e+00  1.00099e+00
 6.61521e+00  1.00189e+00  1.00096e+00
 6.62217e+00  1.00041e+00  1.00093e+00
 6.62831e+00  1.00260e+00  1.00090e+00
 6.63520e+00  1.00175e+00  1.00087e+00
 6.64265e+00  1.00030e+00  1.00083e+00
 6.64916e+00  1.00222e+00  1.00080e+00
 6.65603e+00  1.00149e+00  1.00077e+00
 6.66271e+00  1.00124e+00  1.00073e+00
 6.66882e+00  1.00189e+00  1.00070e+00
 6.67542e+00  1.00254e+00  1.00067e+00
 6.68232e+00  1.00026e+00  1.00064e+00
 6.68901e+00  1.00082e+00  1.00060e+00
 6.69568e+00  1.00215e+00  1.00057e+00
 6.70254e+00  1.00157e+00  1.00053e+00
 6.70936e+00  1.00123e+00  1.00049e+00
 6.71651e+00  1.00123e+00  1.00046e+00
 6.72312e+00  1.00058e+00  1.00042e+00
 6.72937e+00  1.00012e+00  1.00038e+00
 6.73663e+00  1.00057e+00  1.00034e+00
 6.74351e+00  1.00054e+00  1.00030e+00
 6.75088e+00  9.99686e-01  1.00026e+00
 6.75759e+00  1.00209e+00  1.00022e+00
 6.76504e+00  1.00005e+00  1.00018e+00
 6.77238e+00  9.99558e-01  1.00013e+00
 6.77980e+00  1.00065e+00  1.00009e+00
 6.78767e+00  1.00010e+00  1.00004e+00
 6.79408e+00  1.00899e+00  1.00000e+00
 6.80022e+00  1.00487e+00  9.99962e-01
 6.80628e+00  1.00074e+00  9.99923e-01
 6.81200e+00  9.99210e-01  9.99887e-01
 6.81800e+00  9.99006e-01  9.99848e-01
