868
 3.51500e-03  9.98852e-01  9.98464e-01
 1.10020e-02  1.01313e+00  9.98462e-01
 1.83540e-02  9.99614e-01  9.98461e-01
 2.59150e-02  9.98949e-01  9.98460e-01
 3.34640e-02  9.98903e-01  9.98459e-01
 4.13940e-02  9.98849e-01  9.98458e-01
 4.90080e-02  9.98573e-01  9.98457e-01
 5.63260e-02  1.00839e+00  9.98457e-01
 6.37970e-02  9.99051e-01  9.98456e-01
 7.20280e-02  9.99400e-01  9.98456e-01
 7.94100e-02  1.00676e+00  9.98456e-01
 8.73620e-02  9.99181e-01  9.98456e-01
 9.52800e-02  1.00477e+00  9.98456e-01
 1.03204e-01  9.99129e-01  9.98456e-01
 1.10689e-01  9.99174e-01  9.98456e-01
 1.18126e-01  1.00403e+00  9.98457e-01
 1.25448e-01  9.99055e-01  9.98457e-01
 1.33059e-01  9.99049e-01  9.98458e-01
 1.40400e-01  1.00326e+00  9.98459e-01
 1.48259e-01  9.99764e-01  9.98460e-01
 1.56112e-01  9.98692e-01  9.98461e-01
 1.63440e-01  1.00187e+00  9.98462e-01
 1.71615e-01  9.99056e-01  9.98464e-01
 1.79294e-01  9.99557e-01  9.98466e-01
 1.87234e-01  9.98881e-01  9.98467e-01
 1.94858e-01  9.98977e-01  9.98469e-01
 2.02146e-01  1.00093e+00  9.98471e-01
 2.09885e-01  9.98696e-01  9.98473e-01
 2.17848e-01  9.98777e-01  9.98476e-01
 2.25240e-01  1.00054e+00  9.98478e-01
 2.32685e-01  9.98914e-01  9.98481e-01
 2.40162e-01  9.99556e-01  9.98483e-01
 2.47514e-01  9.98826e-01  9.98486e-01
 2.55095e-01  9.98329e-01  9.98489e-01
 2.62387e-01  9.99545e-01  9.98492e-01
 2.69676e-01  9.99399e-01  9.98495e-01
 2.77478e-01  9.98417e-01  9.98499e-01
 2.85918e-01  9.98413e-01  9.98503e-01
 2.93106e-01  9.99500e-01  9.98506e-01
 3.00399e-01  9.98438e-01  9.98510e-01
 3.07890e-01  9.99739e-01  9.98514e-01
 3.14710e-01  9.98982e-01  9.98518e-01
 3.22802e-01  9.99479e-01  9.98522e-01
 3.30765e-01  9.99320e-01  9.98527e-01
 3.38147e-01  9.98854e-01  9.98531e-01
 3.46501e-01  9.99063e-01  9.98537e-01
 3.53621e-01  9.99169e-01  9.98541e-01
 3.61230e-01  9.98782e-01  9.98546e-01
 3.68826e-01  9.98931e-01  9.98552e-01
 3.75746e-01  9.99147e-01  9.98556e-01
 3.83049e-01  9.98906e-01  9.98562e-01
 3.90400e-01  9.99002e-01  9.98567e-01
 3.97286e-01  9.99564e-01  9.98573e-01
 4.05348e-01  9.99238e-01  9.98579e-01
 4.12740e-01  9.99570e-01  9.98585e-01
 4.19634e-01  9.99328e-01  9.98591e-01
 4.27662e-01  9.99052e-01  9.98598e-01
 4.34935e-01  9.99565e-01  9.98604e-01
 4.42888e-01  9.99199e-01  9.98611e-01
 4.52156e-01  9.98945e-01  9.98620e-01
 4.60218e-01  9.99091e-01  9.98628e-01
 4.68612e-01  9.98547e-01  9.98636e-01
 4.75926e-01  9.99785e-01  9.98643e-01
 4.82913e-01  9.99609e-01  9.98651e-01
 4.91369e-01  9.99670e-01  9.98659e-01
 4.98815e-01  1.00027e+00  9.98668e-01
 5.06207e-01  9.99144e-01  9.98676e-01
 5.13970e-01  9.97240e-01  9.98684e-01
 5.21834e-01  9.96575e-01  9.98694e-01
 5.30348e-01  9.98088e-01  9.98704e-01
 5.37740e-01  1.00553e+00  9.98713e-01
 5.45205e-01  1.01284e+00  9.98722e-01
 5.53620e-01  9.99273e-01  9.98733e-01
 5.61583e-01  1.00023e+00  9.98743e-01
 5.70022e-01  9.98233e-01  9.98754e-01
 5.78526e-01  9.99385e-01  9.98766e-01
 5.86443e-01  9.99449e-01  9.98777e-01
 5.95851e-01  9.99369e-01  9.98790e-01
 6.03943e-01  9.99123e-01  9.98802e-01
 6.12878e-01  9.99177e-01  9.98815e-01
 6.22231e-01  9.99871e-01  9.98829e-01
 6.30353e-01  9.99013e-01  9.98842e-01
 6.39214e-01  9.99030e-01  9.98856e-01
 6.47565e-01  9.98705e-01  9.98870e-01
 6.56768e-01  9.99313e-01  9.98885e-01
 6.65594e-01  9.99547e-01  9.98900e-01
 6.73651e-01  9.98451e-01  9.98914e-01
 6.81842e-01  9.99034e-01  9.98929e-01
 6.90257e-01  9.98974e-01  9.98944e-01
 6.98631e-01  9.99236e-01  9.98960e-01
 7.07065e-01  9.99047e-01  9.98976e-01
 7.15301e-01  9.99205e-01  9.98991e-01
 7.23502e-01  9.98994e-01  9.99008e-01
 7.31217e-01  9.98530e-01  9.99023e-01
 7.39546e-01  9.98724e-01  9.99040e-01
 7.47564e-01  9.99513e-01  9.99057e-01
 7.55621e-01  9.99169e-01  9.99074e-01
 7.64398e-01  9.99792e-01  9.99093e-01
 7.72252e-01  9.98729e-01  9.99110e-01
 7.81196e-01  9.99364e-01  9.99131e-01
 7.89234e-01  9.99376e-01  9.99149e-01
 7.97424e-01  9.99218e-01  9.99168e-01
 8.06142e-01  9.99566e-01  9.99189e-01
 8.14710e-01  9.99772e-01  9.99210e-01
 8.23631e-01  9.99575e-01  9.99232e-01
 8.32264e-01  9.99331e-01  9.99254e-01
 8.40842e-01  9.99574e-01  9.99277e-01
 8.49366e-01  9.99499e-01  9.99299e-01
 8.58068e-01  9.99918e-01  9.99323e-01
 8.66909e-01  1.00035e+00  9.99347e-01
 8.75518e-01  1.00021e+00  9.99371e-01
 8.84398e-01  9.99735e-01  9.99396e-01
 8.92873e-01  9.99781e-01  9.99421e-01
 9.01584e-01  1.00017e+00  9.99447e-01
 9.10248e-01  9.99570e-01  9.99473e-01
 9.19138e-01  1.00028e+00  9.99500e-01
 9.28630e-01  1.00028e+00  9.99530e-01
 9.37000e-01  9.99773e-01  9.99557e-01
 9.45895e-01  9.99981e-01  9.99586e-01
 9.55635e-01  1.00015e+00  9.99619e-01
 9.64428e-01  1.00015e+00  9.99648e-01
 9.72748e-01  9.99498e-01  9.99677e-01
 9.81057e-01  1.00089e+00  9.99706e-01
 9.88479e-01  9.99440e-01  9.99733e-01
 9.96516e-01  9.98052e-01  9.99762e-01
 1.00478e+00  9.97411e-01  9.99792e-01
 1.01305e+00  9.97554e-01  9.99823e-01
 1.02129e+00  9.97928e-01  9.99855e-01
 1.02873e+00  9.98455e-01  9.99884e-01
 1.03613e+00  9.98083e-01  9.99913e-01
 1.04298e+00  9.98668e-01  9.99940e-01
 1.05028e+00  9.98371e-01  9.99969e-01
 1.05799e+00  9.97035e-01  1.00000e+00
 1.06661e+00  9.98895e-01  1.00004e+00
 1.07405e+00  9.98299e-01  1.00007e+00
 1.08167e+00  9.99186e-01  1.00010e+00
 1.08898e+00  9.98495e-01  1.00013e+00
 1.09693e+00  9.99389e-01  1.00017e+00
 1.10461e+00  9.98995e-01  1.00020e+00
 1.11209e+00  9.99443e-01  1.00024e+00
 1.11945e+00  9.98643e-01  1.00027e+00
 1.12632e+00  9.99491e-01  1.00030e+00
 1.13386e+00  9.98585e-01  1.00034e+00
 1.14247e+00  9.99689e-01  1.00038e+00
 1.14979e+00  9.99430e-01  1.00041e+00
 1.15740e+00  9.98851e-01  1.00045e+00
 1.16505e+00  1.00010e+00  1.00049e+00
 1.17231e+00  9.99230e-01  1.00052e+00
 1.17971e+00  9.99106e-01  1.00056e+00
 1.18723e+00  9.99411e-01  1.00060e+00
 1.19530e+00  1.00012e+00  1.00064e+00
 1.20278e+00  9.99639e-01  1.00068e+00
 1.20966e+00  9.99474e-01  1.00072e+00
 1.21693e+00  1.00035e+00  1.00076e+00
 1.22437e+00  9.99341e-01  1.00079e+00
 1.23118e+00  9.99877e-01  1.00083e+00
 1.23872e+00  1.00002e+00  1.00087e+00
 1.24677e+00  1.00013e+00  1.00092e+00
 1.25453e+00  1.00124e+00  1.00096e+00
 1.26227e+00  1.00022e+00  1.00100e+00
 1.27045e+00  1.00006e+00  1.00105e+00
 1.27804e+00  1.00074e+00  1.00109e+00
 1.28538e+00  1.00033e+00  1.00114e+00
 1.29292e+00  1.00090e+00  1.00118e+00
 1.30028e+00  1.00066e+00  1.00122e+00
 1.30844e+00  1.00100e+00  1.00127e+00
 1.31602e+00  1.00105e+00  1.00131e+00
 1.32406e+00  1.00085e+00  1.00136e+00
 1.33135e+00  1.00068e+00  1.00140e+00
 1.33863e+00  1.00126e+00  1.00145e+00
 1.34666e+00  1.00040e+00  1.00149e+00
 1.35409e+00  1.00087e+00  1.00154e+00
 1.36139e+00  1.00049e+00  1.00158e+00
 1.36871e+00  1.00193e+00  1.00163e+00
 1.37567e+00  1.00116e+00  1.00167e+00
 1.38361e+00  1.00161e+00  1.00171e+00
 1.39105e+00  1.00127e+00  1.00176e+00
 1.39785e+00  1.00201e+00  1.00180e+00
 1.40512e+00  1.00156e+00  1.00184e+00
 1.41275e+00  1.00192e+00  1.00189e+00
 1.42006e+00  1.00232e+00  1.00193e+00
 1.42811e+00  1.00241e+00  1.00198e+00
 1.43583e+00  1.00195e+00  1.00202e+00
 1.44317e+00  1.00290e+00  1.00206e+00
 1.45054e+00  1.00262e+00  1.00211e+00
 1.45807e+00  1.00268e+00  1.00215e+00
 1.46553e+00  1.00283e+00  1.00219e+00
 1.47351e+00  1.00325e+00  1.00224e+00
 1.48112e+00  1.00253e+00  1.00228e+00
 1.48961e+00  1.00301e+00  1.00232e+00
 1.49751e+00  1.00355e+00  1.00237e+00
 1.50577e+00  1.00354e+00  1.00241e+00
 1.51419e+00  1.00419e+00  1.00245e+00
 1.52205e+00  1.00422e+00  1.00249e+00
 1.53008e+00  1.00352e+00  1.00253e+00
 1.53825e+00  1.00380e+00  1.00257e+00
 1.54615e+00  1.00525e+00  1.00261e+00
 1.55395e+00  1.00509e+00  1.00264e+00
 1.56199e+00  1.00551e+00  1.00268e+00
 1.57026e+00  1.00574e+00  1.00271e+00
 1.57779e+00  1.00563e+00  1.00274e+00
 1.58529e+00  1.00536e+00  1.00277e+00
 1.59349e+00  1.00582e+00  1.00280e+00
 1.60149e+00  1.01605e+00  1.00283e+00
 1.60865e+00  1.00655e+00  1.00285e+00
 1.61668e+00  1.00707e+00  1.00288e+00
 1.62532e+00  1.00774e+00  1.00290e+00
 1.63363e+00  1.01314e+00  1.00293e+00
 1.64043e+00  1.00926e+00  1.00294e+00
 1.64779e+00  1.00768e+00  1.00296e+00
 1.65516e+00  1.00647e+00  1.00298e+00
 1.66195e+00  1.00566e+00  1.00299e+00
 1.66870e+00  1.00509e+00  1.00300e+00
 1.67614e+00  1.00549e+00  1.00302e+00
 1.68390e+00  1.00723e+00  1.00303e+00
 1.69132e+00  1.00951e+00  1.00304e+00
 1.69887e+00  1.00774e+00  1.00304e+00
 1.70617e+00  1.00812e+00  1.00305e+00
 1.71334e+00  1.00831e+00  1.00305e+00
 1.72099e+00  1.00731e+00  1.00306e+00
 1.72842e+00  1.00825e+00  1.00306e+00
 1.73561e+00  1.00835e+00  1.00306e+00
 1.74313e+00  1.00846e+00  1.00305e+00
 1.75136e+00  1.00798e+00  1.00305e+00
 1.75932e+00  1.00819e+00  1.00304e+00
 1.76613e+00  1.00839e+00  1.00304e+00
 1.77287e+00  1.00779e+00  1.00303e+00
 1.78038e+00  1.00760e+00  1.00302e+00
 1.78775e+00  1.00856e+00  1.00301e+00
 1.79510e+00  1.00724e+00  1.00299e+00
 1.80239e+00  1.00703e+00  1.00298e+00
 1.80916e+00  1.00730e+00  1.00296e+00
 1.81621e+00  1.00764e+00  1.00295e+00
 1.82419e+00  1.00769e+00  1.00293e+00
 1.83136e+00  1.00723e+00  1.00291e+00
 1.83948e+00  1.00669e+00  1.00288e+00
 1.84701e+00  1.00671e+00  1.00286e+00
 1.85480e+00  1.00573e+00  1.00283e+00
 1.86269e+00  1.00607e+00  1.00280e+00
 1.86957e+00  1.00576e+00  1.00278e+00
 1.87636e+00  1.00572e+00  1.00275e+00
 1.88363e+00  1.00552e+00  1.00272e+00
 1.89058e+00  1.00479e+00  1.00270e+00
 1.89787e+00  1.00453e+00  1.00267e+00
 1.90518e+00  1.00523e+00  1.00263e+00
 1.91195e+00  1.00553e+00  1.00260e+00
 1.91871e+00  1.00436e+00  1.00257e+00
 1.92641e+00  1.00432e+00  1.00253e+00
 1.93347e+00  1.00441e+00  1.00250e+00
 1.94024e+00  1.00426e+00  1.00247e+00
 1.94753e+00  1.00348e+00  1.00243e+00
 1.95465e+00  1.00350e+00  1.00239e+00
 1.96178e+00  1.00394e+00  1.00236e+00
 1.96906e+00  1.00397e+00  1.00232e+00
 1.97617e+00  1.00367e+00  1.00228e+00
 1.98337e+00  1.00273e+00  1.00224e+00
 1.99054e+00  1.00329e+00  1.00220e+00
 1.99733e+00  1.00251e+00  1.00216e+00
 2.00420e+00  1.00291e+00  1.00212e+00
 2.01138e+00  1.00235e+00  1.00208e+00
 2.01817e+00  1.00290e+00  1.00204e+00
 2.02504e+00  1.00286e+00  1.00200e+00
 2.03278e+00  1.00259e+00  1.00196e+00
 2.04077e+00  1.00236e+00  1.00191e+00
 2.04811e+00  1.00206e+00  1.00187e+00
 2.05501e+00  1.00177e+00  1.00183e+00
 2.06185e+00  1.00136e+00  1.00179e+00
 2.06894e+00  1.00143e+00  1.00174e+00
 2.07597e+00  1.00184e+00  1.00170e+00
 2.08380e+00  1.00088e+00  1.00166e+00
 2.09128e+00  1.00136e+00  1.00161e+00
 2.09807e+00  1.00103e+00  1.00157e+00
 2.10500e+00  1.00070e+00  1.00153e+00
 2.11294e+00  1.00044e+00  1.00148e+00
 2.12026e+00  1.00124e+00  1.00144e+00
 2.12705e+00  1.00093e+00  1.00140e+00
 2.13433e+00  1.00120e+00  1.00136e+00
 2.14114e+00  1.00077e+00  1.00132e+00
 2.14787e+00  1.00053e+00  1.00128e+00
 2.15518e+00  1.00102e+00  1.00123e+00
 2.16195e+00  1.00103e+00  1.00119e+00
 2.16941e+00  1.00076e+00  1.00115e+00
 2.17670e+00  1.00034e+00  1.00111e+00
 2.18346e+00  1.00080e+00  1.00107e+00
 2.19024e+00  1.00023e+00  1.00103e+00
 2.19753e+00  1.00030e+00  1.00099e+00
 2.20433e+00  1.00014e+00  1.00095e+00
 2.21107e+00  1.00054e+00  1.00092e+00
 2.21837e+00  1.00038e+00  1.00088e+00
 2.22515e+00  1.00045e+00  1.00084e+00
 2.23286e+00  1.00018e+00  1.00080e+00
 2.24054e+00  1.00013e+00  1.00076e+00
 2.24765e+00  1.00049e+00  1.00072e+00
 2.25500e+00  9.99954e-01  1.00068e+00
 2.26197e+00  1.00025e+00  1.00064e+00
 2.26887e+00  9.99921e-01  1.00061e+00
 2.27585e+00  1.00025e+00  1.00057e+00
 2.28280e+00  9.99971e-01  1.00054e+00
 2.28971e+00  9.99950e-01  1.00050e+00
 2.29697e+00  1.00018e+00  1.00047e+00
 2.30432e+00  9.99642e-01  1.00043e+00
 2.31121e+00  1.00018e+00  1.00040e+00
 2.31819e+00  9.99870e-01  1.00036e+00
 2.32517e+00  9.99634e-01  1.00033e+00
 2.33207e+00  9.99903e-01  1.00030e+00
 2.34017e+00  1.00045e+00  1.00026e+00
 2.34737e+00  9.99894e-01  1.00023e+00
 2.35414e+00  9.99402e-01  1.00020e+00
 2.36207e+00  1.00016e+00  1.00016e+00
 2.36887e+00  9.99694e-01  1.00013e+00
 2.37566e+00  1.00003e+00  1.00010e+00
 2.38363e+00  1.00039e+00  1.00007e+00
 2.39045e+00  9.99709e-01  1.00004e+00
 2.39717e+00  9.99236e-01  1.00001e+00
 2.40518e+00  9.99829e-01  9.99978e-01
 2.41195e+00  1.00015e+00  9.99950e-01
 2.41872e+00  9.99470e-01  9.99923e-01
 2.42620e+00  9.99926e-01  9.99894e-01
 2.43346e+00  9.99454e-01  9.99865e-01
 2.44112e+00  9.99112e-01  9.99836e-01
 2.44888e+00  1.00001e+00  9.99807e-01
 2.45644e+00  9.99685e-01  9.99779e-01
 2.46404e+00  9.99142e-01  9.99751e-01
 2.47099e+00  9.99929e-01  9.99726e-01
 2.47803e+00  9.98884e-01  9.99701e-01
 2.48578e+00  9.99702e-01  9.99673e-01
 2.49349e+00  9.99602e-01  9.99647e-01
 2.50084e+00  9.99614e-01  9.99622e-01
 2.50907e+00  9.99659e-01  9.99594e-01
 2.51614e+00  9.99372e-01  9.99571e-01
 2.52300e+00  9.99556e-01  9.99549e-01
 2.53087e+00  9.99614e-01  9.99524e-01
 2.53765e+00  9.99297e-01  9.99503e-01
 2.54510e+00  9.98468e-01  9.99480e-01
 2.55239e+00  9.99022e-01  9.99457e-01
 2.55915e+00  9.99657e-01  9.99437e-01
 2.56594e+00  9.99377e-01  9.99417e-01
 2.57337e+00  9.98848e-01  9.99396e-01
 2.58067e+00  9.99354e-01  9.99375e-01
 2.58754e+00  9.99166e-01  9.99355e-01
 2.59471e+00  9.99208e-01  9.99335e-01
 2.60153e+00  9.99208e-01  9.99317e-01
 2.60885e+00  9.99315e-01  9.99297e-01
 2.61613e+00  9.98887e-01  9.99278e-01
 2.62302e+00  9.98960e-01  9.99260e-01
 2.63000e+00  9.99481e-01  9.99242e-01
 2.63697e+00  9.98548e-01  9.99225e-01
 2.64399e+00  9.98736e-01  9.99207e-01
 2.65154e+00  9.98936e-01  9.99189e-01
 2.65850e+00  9.98561e-01  9.99172e-01
 2.66592e+00  9.99072e-01  9.99155e-01
 2.67310e+00  9.98923e-01  9.99138e-01
 2.68001e+00  9.98717e-01  9.99122e-01
 2.68723e+00  9.99587e-01  9.99106e-01
 2.69539e+00  9.99425e-01  9.99088e-01
 2.70295e+00  9.98746e-01  9.99072e-01
 2.70979e+00  9.98824e-01  9.99057e-01
 2.71769e+00  9.99005e-01  9.99041e-01
 2.72446e+00  9.98798e-01  9.99027e-01
 2.73159e+00  9.98019e-01  9.99012e-01
 2.73919e+00  9.98942e-01  9.98997e-01
 2.74597e+00  9.99310e-01  9.98984e-01
 2.75274e+00  9.98919e-01  9.98971e-01
 2.76038e+00  9.98991e-01  9.98957e-01
 2.76837e+00  9.98716e-01  9.98942e-01
 2.77584e+00  9.98549e-01  9.98928e-01
 2.78281e+00  9.98674e-01  9.98916e-01
 2.78972e+00  9.98669e-01  9.98904e-01
 2.79787e+00  9.98758e-01  9.98890e-01
 2.80502e+00  9.99441e-01  9.98878e-01
 2.81230e+00  9.99868e-01  9.98866e-01
 2.81975e+00  9.98751e-01  9.98854e-01
 2.82658e+00  9.98812e-01  9.98843e-01
 2.83416e+00  9.98989e-01  9.98831e-01
 2.84200e+00  9.98555e-01  9.98819e-01
 2.84876e+00  9.99705e-01  9.98809e-01
 2.85590e+00  9.99439e-01  9.98798e-01
 2.86452e+00  9.99137e-01  9.98786e-01
 2.87166e+00  9.99190e-01  9.98776e-01
 2.87876e+00  9.98627e-01  9.98766e-01
 2.88638e+00  9.99036e-01  9.98756e-01
 2.89317e+00  9.98715e-01  9.98746e-01
 2.90004e+00  9.98650e-01  9.98737e-01
 2.90779e+00  9.99208e-01  9.98728e-01
 2.91472e+00  9.98963e-01  9.98719e-01
 2.92236e+00  9.99102e-01  9.98709e-01
 2.92957e+00  9.98799e-01  9.98701e-01
 2.93704e+00  9.99294e-01  9.98692e-01
 2.94475e+00  9.99280e-01  9.98683e-01
 2.95158e+00  9.99299e-01  9.98675e-01
 2.95898e+00  9.98841e-01  9.98667e-01
 2.96630e+00  9.99017e-01  9.98659e-01
 2.97307e+00  9.98984e-01  9.98652e-01
 2.97989e+00  9.98401e-01  9.98645e-01
 2.98816e+00  9.98656e-01  9.98637e-01
 2.99528e+00  9.98631e-01  9.98630e-01
 3.00223e+00  9.99198e-01  9.98623e-01
 3.01003e+00  9.98991e-01  9.98616e-01
 3.01714e+00  9.98790e-01  9.98609e-01
 3.02504e+00  9.98859e-01  9.98602e-01
 3.03222e+00  9.98128e-01  9.98596e-01
 3.03944e+00  9.98373e-01  9.98589e-01
 3.04667e+00  9.98334e-01  9.98583e-01
 3.05365e+00  9.99214e-01  9.98578e-01
 3.06053e+00  9.98464e-01  9.98572e-01
 3.06763e+00  9.99665e-01  9.98567e-01
 3.07602e+00  9.98942e-01  9.98561e-01
 3.08329e+00  9.99031e-01  9.98555e-01
 3.09060e+00  9.99363e-01  9.98550e-01
 3.09738e+00  9.99247e-01  9.98546e-01
 3.10464e+00  9.99409e-01  9.98541e-01
 3.11212e+00  9.98353e-01  9.98536e-01
 3.11891e+00  9.99018e-01  9.98532e-01
 3.12566e+00  9.99237e-01  9.98527e-01
 3.13332e+00  9.99450e-01  9.98523e-01
 3.14044e+00  9.99409e-01  9.98519e-01
 3.14776e+00  9.98764e-01  9.98515e-01
 3.15588e+00  9.99169e-01  9.98510e-01
 3.16266e+00  9.99212e-01  9.98507e-01
 3.17068e+00  9.99933e-01  9.98503e-01
 3.17811e+00  9.99168e-01  9.98500e-01
 3.18553e+00  9.99337e-01  9.98496e-01
 3.19313e+00  9.98789e-01  9.98493e-01
 3.20041e+00  9.99071e-01  9.98490e-01
 3.20879e+00  9.98177e-01  9.98486e-01
 3.21575e+00  1.01799e+00  9.98484e-01
 3.22251e+00  1.00121e+00  9.98481e-01
 3.23053e+00  1.00072e+00  9.98479e-01
 3.23722e+00  1.01709e+00  9.98476e-01
 3.24391e+00  9.97723e-01  9.98474e-01
 3.25121e+00  9.99379e-01  9.98472e-01
 3.25879e+00  1.01483e+00  9.98470e-01
 3.26631e+00  9.99063e-01  9.98468e-01
 3.27388e+00  9.98660e-01  9.98467e-01
 3.28638e+00  9.98852e-01  9.98464e-01
 3.29386e+00  1.01313e+00  9.98462e-01
 3.30122e+00  9.99614e-01  9.98461e-01
 3.30878e+00  9.98949e-01  9.98460e-01
 3.31633e+00  9.98903e-01  9.98459e-01
 3.32426e+00  9.98849e-01  9.98458e-01
 3.33187e+00  9.98573e-01  9.98457e-01
 3.33919e+00  1.00839e+00  9.98457e-01
 3.34666e+00  9.99051e-01  9.98456e-01
 3.35489e+00  9.99400e-01  9.98456e-01
 3.36227e+00  1.00676e+00  9.98456e-01
 3.37023e+00  9.99181e-01  9.98456e-01
 3.37814e+00  1.00477e+00  9.98456e-01
 3.38607e+00  9.99129e-01  9.98456e-01
 3.39355e+00  9.99174e-01  9.98456e-01
 3.40099e+00  1.00403e+00  9.98457e-01
 3.40831e+00  9.99055e-01  9.98457e-01
 3.41592e+00  9.99049e-01  9.98458e-01
 3.42326e+00  1.00326e+00  9.98459e-01
 3.43112e+00  9.99764e-01  9.98460e-01
 3.43898e+00  9.98692e-01  9.98461e-01
 3.44630e+00  1.00187e+00  9.98462e-01
 3.45448e+00  9.99056e-01  9.98464e-01
 3.46216e+00  9.99557e-01  9.98466e-01
 3.47010e+00  9.98881e-01  9.98467e-01
 3.47772e+00  9.98977e-01  9.98469e-01
 3.48501e+00  1.00093e+00  9.98471e-01
 3.49275e+00  9.98696e-01  9.98473e-01
 3.50071e+00  9.98777e-01  9.98476e-01
 3.50810e+00  1.00054e+00  9.98478e-01
 3.51555e+00  9.98914e-01  9.98481e-01
 3.52303e+00  9.99556e-01  9.98483e-01
 3.53038e+00  9.98826e-01  9.98486e-01
 3.53796e+00  9.98329e-01  9.98489e-01
 3.54525e+00  9.99545e-01  9.98492e-01
 3.55254e+00  9.99399e-01  9.98495e-01
 3.56034e+00  9.98417e-01  9.98499e-01
 3.56878e+00  9.98413e-01  9.98503e-01
 3.57597e+00  9.99500e-01  9.98506e-01
 3.58326e+00  9.98438e-01  9.98510e-01
 3.59075e+00  9.99739e-01  9.98514e-01
 3.59757e+00  9.98982e-01  9.98518e-01
 3.60567e+00  9.99479e-01  9.98522e-01
 3.61363e+00  9.99320e-01  9.98527e-01
 3.62101e+00  9.98854e-01  9.98531e-01
 3.62936e+00  9.99063e-01  9.98537e-01
 3.63648e+00  9.99169e-01  9.98541e-01
 3.64409e+00  9.98782e-01  9.98546e-01
 3.65169e+00  9.98931e-01  9.98552e-01
 3.65861e+00  9.99147e-01  9.98556e-01
 3.66591e+00  9.98906e-01  9.98562e-01
 3.67326e+00  9.99002e-01  9.98567e-01
 3.68015e+00  9.99564e-01  9.98573e-01
 3.68821e+00  9.99238e-01  9.98579e-01
 3.69560e+00  9.99570e-01  9.98585e-01
 3.70250e+00  9.99328e-01  9.98591e-01
 3.71053e+00  9.99052e-01  9.98598e-01
 3.71780e+00  9.99565e-01  9.98604e-01
 3.72575e+00  9.99199e-01  9.98611e-01
 3.73502e+00  9.98945e-01  9.98620e-01
 3.74308e+00  9.99091e-01  9.98628e-01
 3.75148e+00  9.98547e-01  9.98636e-01
 3.75879e+00  9.99785e-01  9.98643e-01
 3.76578e+00  9.99609e-01  9.98651e-01
 3.77423e+00  9.99670e-01  9.98659e-01
 3.78168e+00  1.00027e+00  9.98668e-01
 3.78907e+00  9.99144e-01  9.98676e-01
 3.79683e+00  9.97240e-01  9.98684e-01
 3.80470e+00  9.96575e-01  9.98694e-01
 3.81321e+00  9.98088e-01  9.98704e-01
 3.82060e+00  1.00553e+00  9.98713e-01
 3.82807e+00  1.01284e+00  9.98722e-01
 3.83648e+00  9.99273e-01  9.98733e-01
 3.84445e+00  1.00023e+00  9.98743e-01
 3.85289e+00  9.98233e-01  9.98754e-01
 3.86139e+00  9.99385e-01  9.98766e-01
 3.86931e+00  9.99449e-01  9.98777e-01
 3.87871e+00  9.99369e-01  9.98790e-01
 3.88681e+00  9.99123e-01  9.98802e-01
 3.89574e+00  9.99177e-01  9.98815e-01
 3.90509e+00  9.99871e-01  9.98829e-01
 3.91322e+00  9.99013e-01  9.98842e-01
 3.92208e+00  9.99030e-01  9.98856e-01
 3.93043e+00  9.98705e-01  9.98870e-01
 3.93963e+00  9.99313e-01  9.98885e-01
 3.94846e+00  9.99547e-01  9.98900e-01
 3.95651e+00  9.98451e-01  9.98914e-01
 3.96470e+00  9.99034e-01  9.98929e-01
 3.97312e+00  9.98974e-01  9.98944e-01
 3.98149e+00  9.99236e-01  9.98960e-01
 3.98993e+00  9.99047e-01  9.98976e-01
 3.99816e+00  9.99205e-01  9.98991e-01
 4.00636e+00  9.98994e-01  9.99008e-01
 4.01408e+00  9.98530e-01  9.99023e-01
 4.02241e+00  9.98724e-01  9.99040e-01
 4.03043e+00  9.99513e-01  9.99057e-01
 4.03848e+00  9.99169e-01  9.99074e-01
 4.04726e+00  9.99792e-01  9.99093e-01
 4.05511e+00  9.98729e-01  9.99110e-01
 4.06406e+00  9.99364e-01  9.99131e-01
 4.07210e+00  9.99376e-01  9.99149e-01
 4.08029e+00  9.99218e-01  9.99168e-01
 4.08901e+00  9.99566e-01  9.99189e-01
 4.09757e+00  9.99772e-01  9.99210e-01
 4.10649e+00  9.99575e-01  9.99232e-01
 4.11513e+00  9.99331e-01  9.99254e-01
 4.12371e+00  9.99574e-01  9.99277e-01
 4.13223e+00  9.99499e-01  9.99299e-01
 4.14093e+00  9.99918e-01  9.99323e-01
 4.14977e+00  1.00035e+00  9.99347e-01
 4.15838e+00  1.00021e+00  9.99371e-01
 4.16726e+00  9.99735e-01  9.99396e-01
 4.17574e+00  9.99781e-01  9.99421e-01
 4.18445e+00  1.00017e+00  9.99447e-01
 4.19311e+00  9.99570e-01  9.99473e-01
 4.20200e+00  1.00028e+00  9.99500e-01
 4.21149e+00  1.00028e+00  9.99530e-01
 4.21986e+00  9.99773e-01  9.99557e-01
 4.22876e+00  9.99981e-01  9.99586e-01
 4.23850e+00  1.00015e+00  9.99619e-01
 4.24729e+00  1.00015e+00  9.99648e-01
 4.25561e+00  9.99498e-01  9.99677e-01
 4.26392e+00  1.00089e+00  9.99706e-01
 4.27134e+00  9.99440e-01  9.99733e-01
 4.27938e+00  9.98052e-01  9.99762e-01
 4.28765e+00  9.97411e-01  9.99792e-01
 4.29591e+00  9.97554e-01  9.99823e-01
 4.30415e+00  9.97928e-01  9.99855e-01
 4.31159e+00  9.98455e-01  9.99884e-01
 4.31899e+00  9.98083e-01  9.99913e-01
 4.32584e+00  9.98668e-01  9.99940e-01
 4.33314e+00  9.98371e-01  9.99969e-01
 4.34086e+00  9.97035e-01  1.00000e+00
 4.34947e+00  9.98895e-01  1.00004e+00
 4.35692e+00  9.98299e-01  1.00007e+00
 4.36453e+00  9.99186e-01  1.00010e+00
 4.37184e+00  9.98495e-01  1.00013e+00
 4.37979e+00  9.99389e-01  1.00017e+00
 4.38748e+00  9.98995e-01  1.00020e+00
 4.39495e+00  9.99443e-01  1.00024e+00
 4.40231e+00  9.98643e-01  1.00027e+00
 4.40918e+00  9.99491e-01  1.00030e+00
 4.41672e+00  9.98585e-01  1.00034e+00
 4.42533e+00  9.99689e-01  1.00038e+00
 4.43265e+00  9.99430e-01  1.00041e+00
 4.44027e+00  9.98851e-01  1.00045e+00
 4.44792e+00  1.00010e+00  1.00049e+00
 4.45518e+00  9.99230e-01  1.00052e+00
 4.46258e+00  9.99106e-01  1.00056e+00
 4.47009e+00  9.99411e-01  1.00060e+00
 4.47816e+00  1.00012e+00  1.00064e+00
 4.48564e+00  9.99639e-01  1.00068e+00
 4.49252e+00  9.99474e-01  1.00072e+00
 4.49979e+00  1.00035e+00  1.00075e+00
 4.50724e+00  9.99341e-01  1.00079e+00
 4.51404e+00  9.99877e-01  1.00083e+00
 4.52158e+00  1.00002e+00  1.00087e+00
 4.52964e+00  1.00013e+00  1.00092e+00
 4.53740e+00  1.00124e+00  1.00096e+00
 4.54513e+00  1.00022e+00  1.00100e+00
 4.55331e+00  1.00006e+00  1.00105e+00
 4.56090e+00  1.00074e+00  1.00109e+00
 4.56824e+00  1.00033e+00  1.00114e+00
 4.57578e+00  1.00090e+00  1.00118e+00
 4.58314e+00  1.00066e+00  1.00122e+00
 4.59130e+00  1.00100e+00  1.00127e+00
 4.59888e+00  1.00105e+00  1.00131e+00
 4.60693e+00  1.00085e+00  1.00136e+00
 4.61421e+00  1.00068e+00  1.00140e+00
 4.62150e+00  1.00126e+00  1.00145e+00
 4.62952e+00  1.00040e+00  1.00149e+00
 4.63695e+00  1.00087e+00  1.00154e+00
 4.64425e+00  1.00049e+00  1.00158e+00
 4.65157e+00  1.00193e+00  1.00163e+00
 4.65853e+00  1.00116e+00  1.00167e+00
 4.66647e+00  1.00161e+00  1.00171e+00
 4.67391e+00  1.00127e+00  1.00176e+00
 4.68071e+00  1.00201e+00  1.00180e+00
 4.68798e+00  1.00156e+00  1.00184e+00
 4.69562e+00  1.00192e+00  1.00189e+00
 4.70292e+00  1.00232e+00  1.00193e+00
 4.71098e+00  1.00241e+00  1.00198e+00
 4.71869e+00  1.00195e+00  1.00202e+00
 4.72603e+00  1.00290e+00  1.00206e+00
 4.73341e+00  1.00262e+00  1.00211e+00
 4.74093e+00  1.00268e+00  1.00215e+00
 4.74839e+00  1.00283e+00  1.00219e+00
 4.75638e+00  1.00325e+00  1.00224e+00
 4.76398e+00  1.00253e+00  1.00228e+00
 4.77247e+00  1.00301e+00  1.00232e+00
 4.78037e+00  1.00355e+00  1.00237e+00
 4.78864e+00  1.00354e+00  1.00241e+00
 4.79706e+00  1.00419e+00  1.00245e+00
 4.80491e+00  1.00422e+00  1.00249e+00
 4.81294e+00  1.00352e+00  1.00253e+00
 4.82111e+00  1.00380e+00  1.00257e+00
 4.82902e+00  1.00525e+00  1.00261e+00
 4.83681e+00  1.00509e+00  1.00264e+00
 4.84485e+00  1.00551e+00  1.00268e+00
 4.85312e+00  1.00574e+00  1.00271e+00
 4.86065e+00  1.00563e+00  1.00274e+00
 4.86815e+00  1.00536e+00  1.00277e+00
 4.87636e+00  1.00582e+00  1.00280e+00
 4.88436e+00  1.01605e+00  1.00283e+00
 4.89152e+00  1.00655e+00  1.00285e+00
 4.89955e+00  1.00707e+00  1.00288e+00
 4.90818e+00  1.00774e+00  1.00290e+00
 4.91650e+00  1.01314e+00  1.00293e+00
 4.92329e+00  1.00926e+00  1.00294e+00
 4.93065e+00  1.00768e+00  1.00296e+00
 4.93803e+00  1.00647e+00  1.00298e+00
 4.94481e+00  1.00566e+00  1.00299e+00
 4.95156e+00  1.00509e+00  1.00300e+00
 4.95901e+00  1.00549e+00  1.00302e+00
 4.96676e+00  1.00723e+00  1.00303e+00
 4.97418e+00  1.00951e+00  1.00304e+00
 4.98173e+00  1.00774e+00  1.00304e+00
 4.98903e+00  1.00812e+00  1.00305e+00
 4.99620e+00  1.00831e+00  1.00305e+00
 5.00386e+00  1.00731e+00  1.00306e+00
 5.01128e+00  1.00825e+00  1.00306e+00
 5.01848e+00  1.00835e+00  1.00306e+00
 5.02599e+00  1.00846e+00  1.00305e+00
 5.03422e+00  1.00798e+00  1.00305e+00
 5.04219e+00  1.00819e+00  1.00304e+00
 5.04899e+00  1.00839e+00  1.00304e+00
 5.05573e+00  1.00779e+00  1.00303e+00
 5.06324e+00  1.00760e+00  1.00302e+00
 5.07062e+00  1.00856e+00  1.00301e+00
 5.07796e+00  1.00724e+00  1.00299e+00
 5.08526e+00  1.00703e+00  1.00298e+00
 5.09202e+00  1.00730e+00  1.00296e+00
 5.09907e+00  1.00764e+00  1.00295e+00
 5.10705e+00  1.00769e+00  1.00293e+00
 5.11423e+00  1.00723e+00  1.00291e+00
 5.12234e+00  1.00669e+00  1.00288e+00
 5.12987e+00  1.00671e+00  1.00286e+00
 5.13766e+00  1.00573e+00  1.00283e+00
 5.14556e+00  1.00607e+00  1.00280e+00
 5.15243e+00  1.00576e+00  1.00278e+00
 5.15922e+00  1.00572e+00  1.00275e+00
 5.16650e+00  1.00552e+00  1.00272e+00
 5.17345e+00  1.00479e+00  1.00270e+00
 5.18073e+00  1.00453e+00  1.00267e+00
 5.18805e+00  1.00523e+00  1.00263e+00
 5.19481e+00  1.00553e+00  1.00260e+00
 5.20157e+00  1.00436e+00  1.00257e+00
 5.20928e+00  1.00432e+00  1.00253e+00
 5.21633e+00  1.00441e+00  1.00250e+00
 5.22310e+00  1.00426e+00  1.00247e+00
 5.23040e+00  1.00348e+00  1.00243e+00
 5.23752e+00  1.00350e+00  1.00239e+00
 5.24464e+00  1.00394e+00  1.00236e+00
 5.25193e+00  1.00397e+00  1.00232e+00
 5.25903e+00  1.00367e+00  1.00228e+00
 5.26623e+00  1.00273e+00  1.00224e+00
 5.27340e+00  1.00329e+00  1.00220e+00
 5.28019e+00  1.00251e+00  1.00216e+00
 5.28707e+00  1.00291e+00  1.00212e+00
 5.29424e+00  1.00235e+00  1.00208e+00
 5.30104e+00  1.00290e+00  1.00204e+00
 5.30791e+00  1.00286e+00  1.00200e+00
 5.31564e+00  1.00259e+00  1.00196e+00
 5.32364e+00  1.00236e+00  1.00191e+00
 5.33098e+00  1.00206e+00  1.00187e+00
 5.33788e+00  1.00177e+00  1.00183e+00
 5.34471e+00  1.00136e+00  1.00179e+00
 5.35181e+00  1.00143e+00  1.00174e+00
 5.35883e+00  1.00184e+00  1.00170e+00
 5.36667e+00  1.00088e+00  1.00166e+00
 5.37415e+00  1.00136e+00  1.00161e+00
 5.38093e+00  1.00103e+00  1.00157e+00
 5.38786e+00  1.00070e+00  1.00153e+00
 5.39580e+00  1.00044e+00  1.00148e+00
 5.40312e+00  1.00124e+00  1.00144e+00
 5.40991e+00  1.00093e+00  1.00140e+00
 5.41720e+00  1.00120e+00  1.00136e+00
 5.42400e+00  1.00077e+00  1.00132e+00
 5.43073e+00  1.00053e+00  1.00128e+00
 5.43805e+00  1.00102e+00  1.00123e+00
 5.44481e+00  1.00103e+00  1.00119e+00
 5.45227e+00  1.00076e+00  1.00115e+00
 5.45957e+00  1.00034e+00  1.00111e+00
 5.46632e+00  1.00080e+00  1.00107e+00
 5.47310e+00  1.00023e+00  1.00103e+00
 5.48040e+00  1.00030e+00  1.00099e+00
 5.48719e+00  1.00014e+00  1.00095e+00
 5.49393e+00  1.00054e+00  1.00092e+00
 5.50124e+00  1.00038e+00  1.00088e+00
 5.50801e+00  1.00045e+00  1.00084e+00
 5.51573e+00  1.00018e+00  1.00080e+00
 5.52340e+00  1.00013e+00  1.00076e+00
 5.53051e+00  1.00049e+00  1.00072e+00
 5.53786e+00  9.99954e-01  1.00068e+00
 5.54484e+00  1.00025e+00  1.00064e+00
 5.55174e+00  9.99921e-01  1.00061e+00
 5.55871e+00  1.00025e+00  1.00057e+00
 5.56567e+00  9.99971e-01  1.00054e+00
 5.57257e+00  9.99950e-01  1.00050e+00
 5.57984e+00  1.00018e+00  1.00047e+00
 5.58719e+00  9.99642e-01  1.00043e+00
 5.59408e+00  1.00018e+00  1.00040e+00
 5.60105e+00  9.99870e-01  1.00036e+00
 5.60804e+00  9.99634e-01  1.00033e+00
 5.61493e+00  9.99903e-01  1.00030e+00
 5.62303e+00  1.00045e+00  1.00026e+00
 5.63023e+00  9.99894e-01  1.00023e+00
 5.63700e+00  9.99402e-01  1.00020e+00
 5.64493e+00  1.00016e+00  1.00016e+00
 5.65173e+00  9.99694e-01  1.00013e+00
 5.65852e+00  1.00003e+00  1.00010e+00
 5.66650e+00  1.00039e+00  1.00007e+00
 5.67331e+00  9.99709e-01  1.00004e+00
 5.68003e+00  9.99236e-01  1.00001e+00
 5.68805e+00  9.99829e-01  9.99978e-01
 5.69481e+00  1.00015e+00  9.99950e-01
 5.70158e+00  9.99470e-01  9.99923e-01
 5.70906e+00  9.99926e-01  9.99894e-01
 5.71632e+00  9.99454e-01  9.99865e-01
 5.72398e+00  9.99112e-01  9.99836e-01
 5.73174e+00  1.00001e+00  9.99807e-01
 5.73930e+00  9.99685e-01  9.99779e-01
 5.74690e+00  9.99142e-01  9.99751e-01
 5.75386e+00  9.99929e-01  9.99726e-01
 5.76090e+00  9.98884e-01  9.99701e-01
 5.76864e+00  9.99702e-01  9.99673e-01
 5.77635e+00  9.99602e-01  9.99647e-01
 5.78370e+00  9.99614e-01  9.99622e-01
 5.79193e+00  9.99659e-01  9.99594e-01
 5.79900e+00  9.99372e-01  9.99571e-01
 5.80587e+00  9.99556e-01  9.99549e-01
 5.81374e+00  9.99614e-01  9.99524e-01
 5.82051e+00  9.99297e-01  9.99503e-01
 5.82796e+00  9.98468e-01  9.99480e-01
 5.83526e+00  9.99022e-01  9.99457e-01
 5.84201e+00  9.99657e-01  9.99437e-01
 5.84880e+00  9.99377e-01  9.99417e-01
 5.85624e+00  9.98848e-01  9.99396e-01
 5.86354e+00  9.99354e-01  9.99375e-01
 5.87041e+00  9.99166e-01  9.99355e-01
 5.87757e+00  9.99208e-01  9.99335e-01
 5.88439e+00  9.99208e-01  9.99317e-01
 5.89171e+00  9.99315e-01  9.99297e-01
 5.89900e+00  9.98887e-01  9.99278e-01
 5.90588e+00  9.98960e-01  9.99260e-01
 5.91286e+00  9.99481e-01  9.99242e-01
 5.91984e+00  9.98548e-01  9.99225e-01
 5.92686e+00  9.98736e-01  9.99207e-01
 5.93440e+00  9.98936e-01  9.99189e-01
 5.94137e+00  9.98561e-01  9.99172e-01
 5.94878e+00  9.99072e-01  9.99155e-01
 5.95597e+00  9.98923e-01  9.99138e-01
 5.96288e+00  9.98717e-01  9.99122e-01
 5.97009e+00  9.99587e-01  9.99106e-01
 5.97825e+00  9.99425e-01  9.99088e-01
 5.98581e+00  9.98746e-01  9.99072e-01
 5.99265e+00  9.98824e-01  9.99057e-01
 6.00056e+00  9.99005e-01  9.99041e-01
 6.00732e+00  9.98798e-01  9.99027e-01
 6.01446e+00  9.98019e-01  9.99012e-01
 6.02206e+00  9.98942e-01  9.98997e-01
 6.02883e+00  9.99310e-01  9.98984e-01
 6.03560e+00  9.98919e-01  9.98971e-01
 6.04324e+00  9.98991e-01  9.98957e-01
 6.05123e+00  9.98716e-01  9.98942e-01
 6.05870e+00  9.98549e-01  9.98928e-01
 6.06568e+00  9.98674e-01  9.98916e-01
 6.07258e+00  9.98669e-01  9.98904e-01
 6.08073e+00  9.98758e-01  9.98890e-01
 6.08789e+00  9.99441e-01  9.98878e-01
 6.09517e+00  9.99868e-01  9.98866e-01
 6.10262e+00  9.98751e-01  9.98854e-01
 6.10945e+00  9.98812e-01  9.98843e-01
 6.11702e+00  9.98989e-01  9.98831e-01
 6.12487e+00  9.98555e-01  9.98819e-01
 6.13162e+00  9.99705e-01  9.98809e-01
 6.13877e+00  9.99439e-01  9.98798e-01
 6.14738e+00  9.99137e-01  9.98786e-01
 6.15452e+00  9.99190e-01  9.98776e-01
 6.16162e+00  9.98627e-01  9.98766e-01
 6.16924e+00  9.99036e-01  9.98756e-01
 6.17604e+00  9.98715e-01  9.98746e-01
 6.18291e+00  9.98650e-01  9.98737e-01
 6.19065e+00  9.99208e-01  9.98728e-01
 6.19758e+00  9.98963e-01  9.98719e-01
 6.20522e+00  9.99102e-01  9.98709e-01
 6.21244e+00  9.98799e-01  9.98701e-01
 6.21991e+00  9.99294e-01  9.98692e-01
 6.22762e+00  9.99280e-01  9.98683e-01
 6.23445e+00  9.99299e-01  9.98675e-01
 6.24184e+00  9.98841e-01  9.98667e-01
 6.24917e+00  9.99017e-01  9.98659e-01
 6.25593e+00  9.98984e-01  9.98652e-01
 6.26275e+00  9.98401e-01  9.98645e-01
 6.27102e+00  9.98656e-01  9.98637e-01
 6.27814e+00  9.98631e-01  9.98630e-01
 6.28509e+00  9.99198e-01  9.98623e-01
 6.29290e+00  9.98991e-01  9.98616e-01
 6.30000e+00  9.98790e-01  9.98609e-01
 6.30791e+00  9.98859e-01  9.98602e-01
 6.31508e+00  9.98128e-01  9.98596e-01
 6.32230e+00  9.98373e-01  9.98589e-01
 6.32953e+00  9.98334e-01  9.98583e-01
 6.33652e+00  9.99214e-01  9.98578e-01
 6.34339e+00  9.98464e-01  9.98572e-01
 6.35049e+00  9.99665e-01  9.98567e-01
 6.35889e+00  9.98942e-01  9.98561e-01
 6.36615e+00  9.99031e-01  9.98555e-01
 6.37347e+00  9.99363e-01  9.98550e-01
 6.38024e+00  9.99247e-01  9.98546e-01
 6.38750e+00  9.99409e-01  9.98541e-01
 6.39499e+00  9.98353e-01  9.98536e-01
 6.40177e+00  9.99018e-01  9.98532e-01
 6.40852e+00  9.99237e-01  9.98527e-01
 6.41618e+00  9.99450e-01  9.98523e-01
 6.42330e+00  9.99409e-01  9.98519e-01
 6.43062e+00  9.98764e-01  9.98515e-01
 6.43875e+00  9.99169e-01  9.98510e-01
 6.44552e+00  9.99212e-01  9.98507e-01
 6.45354e+00  9.99933e-01  9.98503e-01
 6.46098e+00  9.99168e-01  9.98500e-01
 6.46839e+00  9.99337e-01  9.98496e-01
 6.47600e+00  9.98789e-01  9.98493e-01
 6.48327e+00  9.99071e-01  9.98490e-01
 6.49165e+00  9.98177e-01  9.98486e-01
 6.49862e+00  1.01799e+00  9.98484e-01
 6.50537e+00  1.00121e+00  9.98481e-01
 6.51339e+00  1.00072e+00  9.98479e-01
 6.52008e+00  1.01709e+00  9.98476e-01
 6.52677e+00  9.97723e-01  9.98474e-01
 6.53407e+00  9.99379e-01  9.98472e-01
 6.54166e+00  1.01483e+00  9.98470e-01
 6.54918e+00  9.99063e-01  9.98468e-01
 6.55674e+00  9.98660e-01  9.98467e-01
