1934
 1.51739e+03  9.08823e-01  1.00140e+00
 1.28000e+02  1.51741e+03  1.00119e+00
 1.00889e+00  0.00000e+00  1.00129e+00
 9.41763e-01  1.01343e+00  1.00122e+00
 1.51745e+03  9.49693e-01  1.00138e+00
 0.00000e+00  1.51747e+03  9.99917e-01
 1.01484e+00  0.00000e+00  1.00129e+00
 9.61465e-01  1.01312e+00  1.00124e+00
 1.51751e+03  9.67015e-01  1.00135e+00
 0.00000e+00  1.51753e+03  9.99917e-01
 1.01448e+00  0.00000e+00  1.00129e+00
 9.75120e-01  1.01394e+00  1.00126e+00
 1.51758e+03  9.78175e-01  1.00129e+00
 0.00000e+00  1.51760e+03  9.99917e-01
 1.01313e+00  0.00000e+00  1.00129e+00
 9.83258e-01  1.01323e+00  1.00126e+00
 1.51764e+03  9.84920e-01  1.00121e+00
 0.00000e+00  1.51766e+03  9.99917e-01
 1.01195e+00  0.00000e+00  1.00129e+00
 9.88518e-01  1.01161e+00  1.00127e+00
 1.51770e+03  9.88987e-01  1.00110e+00
 0.00000e+00  1.51772e+03  9.99917e-01
 1.01114e+00  0.00000e+00  1.00129e+00
 9.92761e-01  1.00898e+00  1.00127e+00
 1.51776e+03  9.94567e-01  1.00097e+00
 0.00000e+00  1.51778e+03  9.99917e-01
 1.00893e+00  0.00000e+00  1.00129e+00
 9.97685e-01  1.00832e+00  1.00128e+00
 1.51783e+03  9.98273e-01  1.00081e+00
 0.00000e+00  1.51785e+03  9.99917e-01
 1.00767e+00  0.00000e+00  1.00129e+00
 1.00031e+00  1.00739e+00  1.00128e+00
 1.51789e+03  1.00050e+00  1.00064e+00
 0.00000e+00  1.51791e+03  9.99917e-01
 1.00631e+00  0.00000e+00  1.00128e+00
 1.00030e+00  1.00479e+00  1.00128e+00
 1.51795e+03  1.00037e+00  1.00044e+00
 1.28000e+02  1.51797e+03  1.00119e+00
 1.00409e+00  0.00000e+00  1.00128e+00
 1.00000e+00  1.00354e+00  1.00128e+00
 1.51801e+03  9.99561e-01  1.00023e+00
 0.00000e+00  1.51803e+03  9.99917e-01
 1.00301e+00  0.00000e+00  1.00128e+00
 9.99852e-01  1.00220e+00  1.00128e+00
 1.51808e+03  9.99346e-01  1.00001e+00
 0.00000e+00  1.51810e+03  9.99917e-01
 1.00028e+00  0.00000e+00  1.00128e+00
 1.00119e+00  1.00086e+00  1.00128e+00
 1.51814e+03  9.99987e-01  9.99793e-01
 0.00000e+00  1.51816e+03  9.99917e-01
 9.99382e-01  0.00000e+00  1.00128e+00
 1.00144e+00  1.00031e+00  1.00128e+00
 1.51820e+03  1.00269e+00  9.99585e-01
 1.28000e+02  1.51822e+03  1.00119e+00
 1.00035e+00  1.28000e+02  1.00128e+00
 1.00071e+00  9.98973e-01  1.00128e+00
 1.51826e+03  1.00069e+00  9.99397e-01
 1.28000e+02  1.51828e+03  1.00119e+00
 9.97775e-01  0.00000e+00  1.00128e+00
 9.98404e-01  9.95782e-01  1.00128e+00
 1.51833e+03  1.00043e+00  9.99241e-01
 0.00000e+00  1.51835e+03  9.99917e-01
 9.97860e-01  0.00000e+00  1.00128e+00
 1.00046e+00  9.95838e-01  1.00128e+00
 1.51839e+03  1.00220e+00  9.99125e-01
 0.00000e+00  1.51841e+03  9.99917e-01
 9.93282e-01  1.28000e+02  1.00127e+00
 1.00079e+00  9.94778e-01  1.00128e+00
 1.51845e+03  1.00323e+00  9.99060e-01
 1.28000e+02  1.51847e+03  1.00119e+00
 9.98092e-01  0.00000e+00  1.00128e+00
 1.00231e+00  9.99254e-01  1.00128e+00
 1.51851e+03  1.01273e+00  9.99050e-01
 1.28000e+02  1.51853e+03  1.00119e+00
 9.99259e-01  1.28000e+02  1.00128e+00
 1.00304e+00  9.99941e-01  1.00128e+00
 1.51858e+03  1.00203e+00  9.99100e-01
 0.00000e+00  1.51860e+03  9.99917e-01
 9.95872e-01  0.00000e+00  1.00128e+00
 9.98738e-01  9.96092e-01  1.00128e+00
 1.51864e+03  1.00168e+00  9.99209e-01
 0.00000e+00  1.51866e+03  9.99917e-01
 9.96499e-01  1.28000e+02  1.00128e+00
 9.99878e-01  9.96429e-01  1.00128e+00
 1.51870e+03  1.00140e+00  9.99371e-01
 0.00000e+00  1.51872e+03  9.99917e-01
 9.96542e-01  1.28000e+02  1.00128e+00
 1.00120e+00  9.98659e-01  1.00128e+00
 1.51876e+03  1.00178e+00  9.99579e-01
 0.00000e+00  1.51878e+03  9.99917e-01
 9.98220e-01  0.00000e+00  1.00128e+00
 1.00140e+00  9.97898e-01  1.00128e+00
 1.51883e+03  1.00338e+00  9.99820e-01
 0.00000e+00  1.51885e+03  9.99917e-01
 9.99532e-01  0.00000e+00  1.00128e+00
 1.00298e+00  1.00054e+00  1.00128e+00
 1.51889e+03  1.00233e+00  1.00008e+00
 0.00000e+00  1.51891e+03  9.99917e-01
 9.97726e-01  0.00000e+00  1.00128e+00
 1.00014e+00  9.98042e-01  1.00128e+00
 1.51895e+03  1.00146e+00  1.00035e+00
 0.00000e+00  1.51897e+03  9.99917e-01
 9.97057e-01  0.00000e+00  1.00128e+00
 1.00112e+00  9.97348e-01  1.00128e+00
 1.51901e+03  1.00096e+00  1.00060e+00
 0.00000e+00  1.51903e+03  9.99917e-01
 9.97468e-01  0.00000e+00  1.00128e+00
 1.00068e+00  9.97563e-01  1.00128e+00
 1.51908e+03  1.00230e+00  1.00083e+00
 0.00000e+00  1.51910e+03  9.99917e-01
 9.98279e-01  1.28000e+02  1.00128e+00
 1.00264e+00  9.99834e-01  1.00128e+00
 1.51914e+03  1.00192e+00  1.00103e+00
 0.00000e+00  1.51916e+03  9.99917e-01
 9.99575e-01  0.00000e+00  1.00128e+00
 1.00130e+00  9.98097e-01  1.00128e+00
 1.51920e+03  1.00120e+00  1.00119e+00
 0.00000e+00  1.51922e+03  9.99917e-01
 9.97440e-01  0.00000e+00  1.00128e+00
 1.00094e+00  9.97476e-01  1.00128e+00
 1.51926e+03  1.00044e+00  1.00130e+00
 0.00000e+00  1.51928e+03  9.99917e-01
 9.97537e-01  0.00000e+00  1.00128e+00
 9.99884e-01  9.98031e-01  1.00128e+00
 1.51933e+03  9.99460e-01  1.00136e+00
 0.00000e+00  1.51935e+03  9.99917e-01
 9.95604e-01  0.00000e+00  1.00128e+00
 9.99365e-01  9.96616e-01  1.00128e+00
 1.51939e+03  9.98775e-01  1.00138e+00
 0.00000e+00  1.51941e+03  9.99917e-01
 9.96572e-01  0.00000e+00  1.00128e+00
 9.99846e-01  9.96141e-01  1.00128e+00
 1.51945e+03  9.99893e-01  1.00135e+00
 0.00000e+00  1.51947e+03  9.99917e-01
 9.95060e-01  0.00000e+00  1.00127e+00
 9.99232e-01  9.96385e-01  1.00128e+00
 1.51951e+03  9.99026e-01  1.00129e+00
 0.00000e+00  1.51953e+03  9.99917e-01
 9.96828e-01  0.00000e+00  1.00128e+00
 9.98334e-01  9.95571e-01  1.00128e+00
 1.51958e+03  9.98354e-01  1.00119e+00
 0.00000e+00  1.51960e+03  9.99917e-01
 9.94611e-01  0.00000e+00  1.00127e+00
 9.97677e-01  9.93838e-01  1.00128e+00
 1.51964e+03  9.98758e-01  1.00107e+00
 0.00000e+00  1.51966e+03  9.99917e-01
 9.96406e-01  0.00000e+00  1.00128e+00
 9.97262e-01  9.94998e-01  1.00128e+00
 1.51970e+03  9.98015e-01  1.00093e+00
 0.00000e+00  1.51972e+03  9.99917e-01
 9.95498e-01  0.00000e+00  1.00128e+00
 9.99237e-01  9.96743e-01  1.00128e+00
 1.51976e+03  9.97717e-01  1.00078e+00
 0.00000e+00  1.51978e+03  9.99917e-01
 9.96928e-01  1.28000e+02  1.00128e+00
 9.98416e-01  9.96316e-01  1.00128e+00
 1.51983e+03  9.99055e-01  1.00062e+00
 0.00000e+00  1.51985e+03  9.99917e-01
 9.95748e-01  0.00000e+00  1.00128e+00
 9.98375e-01  9.95727e-01  1.00128e+00
 1.51989e+03  9.98079e-01  1.00046e+00
 0.00000e+00  1.51991e+03  9.99917e-01
 9.96355e-01  0.00000e+00  1.00128e+00
 9.98888e-01  9.96592e-01  1.00128e+00
 1.51995e+03  9.98908e-01  1.00030e+00
 0.00000e+00  1.51997e+03  9.99917e-01
 9.95744e-01  0.00000e+00  1.00128e+00
 9.99134e-01  9.97033e-01  1.00128e+00
 1.52001e+03  9.97946e-01  1.00015e+00
 0.00000e+00  1.52003e+03  9.99917e-01
 9.96300e-01  0.00000e+00  1.00128e+00
 9.98974e-01  9.97017e-01  1.00128e+00
 1.52008e+03  9.99498e-01  1.00001e+00
 0.00000e+00  1.52010e+03  9.99917e-01
 9.97719e-01  0.00000e+00  1.00128e+00
 1.00057e+00  9.99116e-01  1.00128e+00
 1.52014e+03  1.00045e+00  9.99870e-01
 0.00000e+00  1.52016e+03  9.99917e-01
 9.99007e-01  0.00000e+00  1.00128e+00
 1.00023e+00  9.98504e-01  1.00128e+00
 1.52020e+03  1.00173e+00  9.99746e-01
 0.00000e+00  1.52022e+03  9.99917e-01
 9.98611e-01  0.00000e+00  1.00128e+00
 1.00091e+00  9.98506e-01  1.00128e+00
 1.52026e+03  9.99999e-01  9.99634e-01
 0.00000e+00  1.52028e+03  9.99917e-01
 9.99422e-01  0.00000e+00  1.00128e+00
 1.00178e+00  1.00016e+00  1.00128e+00
 1.52033e+03  1.00131e+00  9.99534e-01
 0.00000e+00  1.52035e+03  9.99917e-01
 1.00091e+00  0.00000e+00  1.00128e+00
 1.00179e+00  1.00024e+00  1.00128e+00
 1.52039e+03  1.00261e+00  9.99448e-01
 0.00000e+00  1.52041e+03  9.99917e-01
 1.00051e+00  0.00000e+00  1.00128e+00
 1.00175e+00  9.99954e-01  1.00128e+00
 1.52045e+03  1.00286e+00  9.99373e-01
 0.00000e+00  1.52047e+03  9.99917e-01
 1.00070e+00  0.00000e+00  1.00128e+00
 1.00293e+00  1.00083e+00  1.00128e+00
 1.52051e+03  8.77355e-01  9.99312e-01
 1.28000e+02  1.52053e+03  1.00119e+00
 9.99440e-01  0.00000e+00  1.00128e+00
 1.00311e+00  9.99812e-01  1.00128e+00
 1.52058e+03  1.00171e+00  9.99262e-01
 0.00000e+00  1.52060e+03  9.99917e-01
 1.00016e+00  0.00000e+00  1.00128e+00
 1.00280e+00  1.00051e+00  1.00128e+00
 1.52064e+03  1.00200e+00  9.99223e-01
 1.28000e+02  1.52066e+03  1.00119e+00
 9.98570e-01  0.00000e+00  1.00128e+00
 1.00205e+00  9.98199e-01  1.00128e+00
 1.52070e+03  1.00328e+00  9.99196e-01
 0.00000e+00  1.52072e+03  9.99917e-01
 1.00008e+00  0.00000e+00  1.00128e+00
 1.00547e+00  1.00197e+00  1.00128e+00
 1.52076e+03  1.00435e+00  9.99179e-01
 0.00000e+00  1.52078e+03  9.99917e-01
 1.00283e+00  0.00000e+00  1.00128e+00
 1.00475e+00  1.00255e+00  1.00128e+00
 1.52083e+03  1.00496e+00  9.99171e-01
 0.00000e+00  1.52085e+03  9.99917e-01
 1.00335e+00  0.00000e+00  1.00128e+00
 1.00625e+00  1.00365e+00  1.00128e+00
 1.52089e+03  1.00634e+00  9.99173e-01
 0.00000e+00  1.52091e+03  9.99917e-01
 1.00497e+00  0.00000e+00  1.00128e+00
 1.00722e+00  1.00508e+00  1.00129e+00
 1.52095e+03  1.00723e+00  9.99182e-01
 0.00000e+00  1.52097e+03  9.99917e-01
 1.00526e+00  0.00000e+00  1.00128e+00
 1.00794e+00  1.00508e+00  1.00129e+00
 1.52101e+03  1.00664e+00  9.99200e-01
 0.00000e+00  1.52103e+03  9.99917e-01
 1.00327e+00  0.00000e+00  1.00128e+00
 1.00541e+00  1.00362e+00  1.00128e+00
 1.52108e+03  1.00417e+00  9.99225e-01
 0.00000e+00  1.52110e+03  9.99917e-01
 1.00303e+00  0.00000e+00  1.00128e+00
 1.00350e+00  1.00199e+00  1.00128e+00
 1.52114e+03  1.00375e+00  9.99257e-01
 1.28000e+02  1.52116e+03  1.00119e+00
 1.00082e+00  0.00000e+00  1.00128e+00
 1.00216e+00  1.00047e+00  1.00128e+00
 1.52120e+03  1.00103e+00  9.99296e-01
 0.00000e+00  1.52122e+03  9.99917e-01
 9.97827e-01  0.00000e+00  1.00128e+00
 9.99690e-01  9.97429e-01  1.00128e+00
 1.52126e+03  9.97855e-01  9.99340e-01
 0.00000e+00  1.52128e+03  9.99917e-01
 9.96280e-01  0.00000e+00  1.00128e+00
 9.98650e-01  9.96643e-01  1.00128e+00
 1.52133e+03  9.98707e-01  9.99390e-01
 0.00000e+00  1.52135e+03  9.99917e-01
 9.97663e-01  0.00000e+00  1.00128e+00
 9.99507e-01  9.97578e-01  1.00128e+00
 1.52139e+03  1.00004e+00  9.99445e-01
 0.00000e+00  1.52141e+03  9.99917e-01
 9.98667e-01  0.00000e+00  1.00128e+00
 9.99451e-01  9.97776e-01  1.00128e+00
 1.52145e+03  9.99154e-01  9.99504e-01
 0.00000e+00  1.52147e+03  9.99917e-01
 9.98083e-01  0.00000e+00  1.00128e+00
 9.99288e-01  9.97360e-01  1.00128e+00
 1.52151e+03  9.99554e-01  9.99569e-01
 0.00000e+00  1.52153e+03  9.99917e-01
 9.96451e-01  0.00000e+00  1.00128e+00
 9.99145e-01  9.97016e-01  1.00128e+00
 1.52158e+03  1.00040e+00  9.99637e-01
 0.00000e+00  1.52160e+03  9.99917e-01
 9.98411e-01  0.00000e+00  1.00128e+00
 9.99138e-01  9.97078e-01  1.00128e+00
 1.52164e+03  9.99378e-01  9.99709e-01
 0.00000e+00  1.52166e+03  9.99917e-01
 9.97448e-01  0.00000e+00  1.00128e+00
 9.99944e-01  9.98134e-01  1.00128e+00
 1.52170e+03  1.00060e+00  9.99785e-01
 0.00000e+00  1.52172e+03  9.99917e-01
 9.98989e-01  0.00000e+00  1.00128e+00
 1.00129e+00  9.99736e-01  1.00128e+00
 1.52176e+03  1.00076e+00  9.99864e-01
 0.00000e+00  1.52178e+03  9.99917e-01
 9.99997e-01  0.00000e+00  1.00128e+00
 1.00139e+00  9.99772e-01  1.00128e+00
 1.52183e+03  9.99693e-01  9.99946e-01
 0.00000e+00  1.52185e+03  9.99917e-01
 9.98708e-01  0.00000e+00  1.00128e+00
 9.99292e-01  9.97903e-01  1.00128e+00
 1.52189e+03  9.99237e-01  1.00003e+00
 0.00000e+00  1.52191e+03  9.99917e-01
 9.99145e-01  0.00000e+00  1.00128e+00
 1.00043e+00  9.98733e-01  1.00128e+00
 1.52195e+03  9.99451e-01  1.00012e+00
 0.00000e+00  1.52197e+03  9.99917e-01
 9.98276e-01  0.00000e+00  1.00128e+00
 9.99047e-01  9.97710e-01  1.00128e+00
 1.52201e+03  1.00099e+00  1.00021e+00
 0.00000e+00  1.52203e+03  9.99917e-01
 9.98701e-01  0.00000e+00  1.00128e+00
 1.00058e+00  9.99247e-01  1.00128e+00
 1.52208e+03  1.00032e+00  1.00030e+00
 0.00000e+00  1.52210e+03  9.99917e-01
 9.98698e-01  0.00000e+00  1.00128e+00
 1.00042e+00  9.98927e-01  1.00128e+00
 1.52214e+03  1.00086e+00  1.00039e+00
 1.28000e+02  1.52216e+03  1.00119e+00
 9.98213e-01  0.00000e+00  1.00128e+00
 9.99742e-01  9.98151e-01  1.00128e+00
 1.52220e+03  9.99710e-01  1.00048e+00
 0.00000e+00  1.52222e+03  9.99917e-01
 9.97752e-01  0.00000e+00  1.00128e+00
 9.98365e-01  9.97108e-01  1.00128e+00
 1.52226e+03  9.97435e-01  1.00058e+00
 0.00000e+00  1.52228e+03  9.99917e-01
 9.97986e-01  1.28000e+02  1.00128e+00
 9.97989e-01  9.97064e-01  1.00128e+00
 1.52233e+03  9.98889e-01  1.00067e+00
 0.00000e+00  1.52235e+03  9.99917e-01
 9.97152e-01  0.00000e+00  1.00128e+00
 9.98821e-01  9.97089e-01  1.00128e+00
 1.52239e+03  9.98271e-01  1.00076e+00
 0.00000e+00  1.52241e+03  9.99917e-01
 9.99024e-01  0.00000e+00  1.00128e+00
 9.99012e-01  9.97820e-01  1.00128e+00
 1.52245e+03  9.98093e-01  1.00085e+00
 0.00000e+00  1.52247e+03  9.99917e-01
 9.96579e-01  0.00000e+00  1.00128e+00
 9.97511e-01  9.96353e-01  1.00128e+00
 1.52251e+03  9.97756e-01  1.00094e+00
 0.00000e+00  1.52253e+03  9.99917e-01
 9.97342e-01  0.00000e+00  1.00128e+00
 9.97295e-01  9.95874e-01  1.00128e+00
 1.52258e+03  9.98175e-01  1.00102e+00
 0.00000e+00  1.52260e+03  9.99917e-01
 9.97139e-01  0.00000e+00  1.00128e+00
 9.98749e-01  9.97494e-01  1.00128e+00
 1.52264e+03  9.98036e-01  1.00110e+00
 0.00000e+00  1.52266e+03  9.99917e-01
 9.97666e-01  0.00000e+00  1.00128e+00
 9.97457e-01  9.96670e-01  1.00128e+00
 1.52270e+03  9.98106e-01  1.00118e+00
 0.00000e+00  1.52272e+03  9.99917e-01
 9.97504e-01  0.00000e+00  1.00128e+00
 9.98169e-01  9.97446e-01  1.00128e+00
 1.52276e+03  9.99041e-01  1.00124e+00
 1.28000e+02  1.52278e+03  1.00119e+00
 9.99121e-01  0.00000e+00  1.00128e+00
 9.99013e-01  9.98070e-01  1.00128e+00
 1.52283e+03  9.99140e-01  1.00130e+00
 0.00000e+00  1.52285e+03  9.99917e-01
 9.98512e-01  0.00000e+00  1.00128e+00
 9.98253e-01  9.97939e-01  1.00128e+00
 1.52289e+03  9.98702e-01  1.00134e+00
 0.00000e+00  1.52291e+03  9.99917e-01
 9.97990e-01  0.00000e+00  1.00128e+00
 9.96967e-01  9.97061e-01  1.00128e+00
 1.52295e+03  9.98258e-01  1.00138e+00
 0.00000e+00  1.52297e+03  9.99917e-01
 9.98475e-01  0.00000e+00  1.00128e+00
 9.98476e-01  9.98240e-01  1.00128e+00
 1.52301e+03  9.97483e-01  1.00139e+00
 0.00000e+00  1.52303e+03  9.99917e-01
 9.99466e-01  0.00000e+00  1.00128e+00
 9.99259e-01  9.99369e-01  1.00128e+00
 1.52308e+03  9.99644e-01  1.00140e+00
 0.00000e+00  1.52310e+03  9.99917e-01
 9.99683e-01  0.00000e+00  1.00128e+00
 9.99349e-01  9.99340e-01  1.00128e+00
 1.52314e+03  1.00038e+00  1.00138e+00
 0.00000e+00  1.52316e+03  9.99917e-01
 1.00077e+00  0.00000e+00  1.00128e+00
 1.00060e+00  1.00071e+00  1.00128e+00
 1.52320e+03  9.99248e-01  1.00134e+00
 0.00000e+00  1.52322e+03  9.99917e-01
 1.00047e+00  0.00000e+00  1.00128e+00
 9.99292e-01  9.99507e-01  1.00128e+00
 1.52326e+03  1.00036e+00  1.00128e+00
 0.00000e+00  1.52328e+03  9.99917e-01
 1.00006e+00  0.00000e+00  1.00128e+00
 9.99795e-01  9.99856e-01  1.00128e+00
 1.52333e+03  9.99733e-01  1.00119e+00
 0.00000e+00  1.52335e+03  9.99917e-01
 1.00068e+00  0.00000e+00  1.00128e+00
 1.00018e+00  1.00050e+00  1.00128e+00
 1.52339e+03  1.00094e+00  1.00108e+00
 0.00000e+00  1.52341e+03  9.99917e-01
 1.00111e+00  0.00000e+00  1.00128e+00
 1.00182e+00  1.00176e+00  1.00128e+00
 1.52345e+03  1.00060e+00  1.00095e+00
 0.00000e+00  1.52347e+03  9.99917e-01
 1.00114e+00  0.00000e+00  1.00128e+00
 9.99361e-01  9.98893e-01  1.00128e+00
 1.52351e+03  9.99795e-01  1.00079e+00
 0.00000e+00  1.52353e+03  9.99917e-01
 9.99119e-01  1.28000e+02  1.00128e+00
 9.98470e-01  9.98675e-01  1.00128e+00
 1.52358e+03  9.99178e-01  1.00061e+00
 0.00000e+00  1.52360e+03  9.99917e-01
 1.00010e+00  0.00000e+00  1.00128e+00
 9.99893e-01  9.99857e-01  1.00128e+00
 1.52364e+03  8.52913e-01  1.00041e+00
 1.28000e+02  1.52366e+03  1.00119e+00
 9.97466e-01  0.00000e+00  1.00128e+00
 9.99968e-01  9.97516e-01  1.00128e+00
 1.52370e+03  9.99932e-01  1.00020e+00
 0.00000e+00  1.52372e+03  9.99917e-01
 9.98264e-01  0.00000e+00  1.00128e+00
 9.99251e-01  9.97901e-01  1.00128e+00
 1.52376e+03  1.00012e+00  9.99978e-01
 0.00000e+00  1.52378e+03  9.99917e-01
 9.97916e-01  0.00000e+00  1.00128e+00
 9.98231e-01  9.96122e-01  1.00128e+00
 1.52383e+03  9.98624e-01  9.99761e-01
 0.00000e+00  1.52385e+03  9.99917e-01
 9.96919e-01  0.00000e+00  1.00128e+00
 9.98592e-01  9.96682e-01  1.00128e+00
 1.52389e+03  9.98748e-01  9.99555e-01
 0.00000e+00  1.52391e+03  9.99917e-01
 9.94713e-01  0.00000e+00  1.00127e+00
 9.96877e-01  9.93625e-01  1.00128e+00
 1.52395e+03  9.98232e-01  9.99372e-01
 0.00000e+00  1.52397e+03  9.99917e-01
 9.96083e-01  0.00000e+00  1.00128e+00
 9.98216e-01  9.98127e-01  1.00128e+00
 1.52401e+03  9.98881e-01  9.99221e-01
 0.00000e+00  1.52403e+03  9.99917e-01
 9.96664e-01  0.00000e+00  1.00128e+00
 1.00026e+00  9.98003e-01  1.00128e+00
 1.52408e+03  9.99220e-01  9.99112e-01
 0.00000e+00  1.52410e+03  9.99917e-01
 9.98792e-01  0.00000e+00  1.00128e+00
 9.98557e-01  9.97946e-01  1.00128e+00
 1.52414e+03  9.98645e-01  9.99054e-01
 0.00000e+00  1.52416e+03  9.99917e-01
 9.97930e-01  0.00000e+00  1.00128e+00
 9.98577e-01  9.97829e-01  1.00128e+00
 1.52420e+03  9.98775e-01  9.99054e-01
 0.00000e+00  1.52422e+03  9.99917e-01
 9.98604e-01  0.00000e+00  1.00128e+00
 9.97979e-01  9.97135e-01  1.00128e+00
 1.52426e+03  9.98272e-01  9.99113e-01
 0.00000e+00  1.52428e+03  9.99917e-01
 9.97935e-01  0.00000e+00  1.00128e+00
 9.98368e-01  9.98634e-01  1.00128e+00
 1.52433e+03  9.99477e-01  9.99229e-01
 0.00000e+00  1.52435e+03  9.99917e-01
 9.99030e-01  0.00000e+00  1.00128e+00
 9.99509e-01  9.99657e-01  1.00128e+00
 1.52439e+03  9.99643e-01  9.99399e-01
 0.00000e+00  1.52441e+03  9.99917e-01
 9.99254e-01  0.00000e+00  1.00128e+00
 9.99975e-01  1.00067e+00  1.00128e+00
 1.52445e+03  1.00095e+00  9.99613e-01
 0.00000e+00  1.52447e+03  9.99917e-01
 1.00105e+00  0.00000e+00  1.00128e+00
 9.99618e-01  9.99201e-01  1.00128e+00
 1.52451e+03  1.00088e+00  9.99858e-01
 0.00000e+00  1.52453e+03  9.99917e-01
 9.99145e-01  0.00000e+00  1.00128e+00
 1.00004e+00  1.00037e+00  1.00128e+00
 1.52458e+03  9.99168e-01  1.00012e+00
 0.00000e+00  1.52460e+03  9.99917e-01
 1.00022e+00  0.00000e+00  1.00128e+00
 9.99052e-01  9.99630e-01  1.00128e+00
 1.52464e+03  1.00033e+00  1.00038e+00
 0.00000e+00  1.52466e+03  9.99917e-01
 1.00111e+00  0.00000e+00  1.00128e+00
 1.00149e+00  1.00100e+00  1.00128e+00
 1.52470e+03  1.00014e+00  1.00064e+00
 0.00000e+00  1.52472e+03  9.99917e-01
 1.00159e+00  0.00000e+00  1.00128e+00
 1.00045e+00  1.00055e+00  1.00128e+00
 1.52476e+03  1.00065e+00  1.00086e+00
 0.00000e+00  1.52478e+03  9.99917e-01
 1.00159e+00  0.00000e+00  1.00128e+00
 1.00016e+00  1.00039e+00  1.00128e+00
 1.52483e+03  1.00102e+00  1.00106e+00
 0.00000e+00  1.52485e+03  9.99917e-01
 9.99343e-01  0.00000e+00  1.00128e+00
 1.00046e+00  1.00061e+00  1.00128e+00
 1.52489e+03  1.00079e+00  1.00121e+00
 0.00000e+00  1.52491e+03  9.99917e-01
 1.00024e+00  0.00000e+00  1.00128e+00
 9.99882e-01  1.00030e+00  1.00128e+00
 1.52495e+03  1.00089e+00  1.00131e+00
 0.00000e+00  1.52497e+03  9.99917e-01
 9.99694e-01  0.00000e+00  1.00128e+00
 9.99070e-01  9.98970e-01  1.00128e+00
 1.52501e+03  9.99606e-01  1.00136e+00
 0.00000e+00  1.52503e+03  9.99917e-01
 1.00055e+00  0.00000e+00  1.00128e+00
 9.99438e-01  9.99780e-01  1.00128e+00
 1.52508e+03  1.00121e+00  1.00137e+00
 0.00000e+00  1.52510e+03  9.99917e-01
 1.00084e+00  0.00000e+00  1.00128e+00
 1.00049e+00  1.00016e+00  1.00128e+00
 1.52514e+03  1.00094e+00  1.00134e+00
 0.00000e+00  1.52516e+03  9.99917e-01
 9.98853e-01  0.00000e+00  1.00128e+00
 9.99571e-01  9.99708e-01  1.00128e+00
 1.52520e+03  9.98475e-01  1.00127e+00
 0.00000e+00  1.52522e+03  9.99917e-01
 9.99287e-01  0.00000e+00  1.00128e+00
 1.00016e+00  1.00054e+00  1.00128e+00
 1.52526e+03  9.99613e-01  1.00117e+00
 0.00000e+00  1.52528e+03  9.99917e-01
 1.00062e+00  0.00000e+00  1.00128e+00
 9.99915e-01  1.00018e+00  1.00128e+00
 1.52533e+03  9.99164e-01  1.00105e+00
 0.00000e+00  1.52535e+03  9.99917e-01
 1.00065e+00  0.00000e+00  1.00128e+00
 9.99711e-01  1.00002e+00  1.00128e+00
 1.52539e+03  9.99080e-01  1.00091e+00
 0.00000e+00  1.52541e+03  9.99917e-01
 1.00093e+00  0.00000e+00  1.00128e+00
 9.99238e-01  9.99282e-01  1.00128e+00
 1.52545e+03  9.99128e-01  1.00076e+00
 0.00000e+00  1.52547e+03  9.99917e-01
 1.00019e+00  0.00000e+00  1.00128e+00
 9.99317e-01  1.00042e+00  1.00128e+00
 1.52551e+03  9.99477e-01  1.00060e+00
 0.00000e+00  1.52553e+03  9.99917e-01
 1.00049e+00  0.00000e+00  1.00128e+00
 9.99161e-01  9.98753e-01  1.00128e+00
 1.52558e+03  9.99359e-01  1.00044e+00
 0.00000e+00  1.52560e+03  9.99917e-01
 1.00073e+00  0.00000e+00  1.00128e+00
 1.00020e+00  1.00070e+00  1.00128e+00
 1.52564e+03  1.00021e+00  1.00028e+00
 0.00000e+00  1.52566e+03  9.99917e-01
 1.00120e+00  0.00000e+00  1.00128e+00
 1.00147e+00  1.00186e+00  1.00128e+00
 1.52570e+03  1.00130e+00  1.00013e+00
 0.00000e+00  1.52572e+03  9.99917e-01
 1.00237e+00  0.00000e+00  1.00128e+00
 1.00076e+00  1.00191e+00  1.00128e+00
 1.52576e+03  1.00059e+00  9.99984e-01
 0.00000e+00  1.52578e+03  9.99917e-01
 1.00104e+00  0.00000e+00  1.00128e+00
 9.99821e-01  1.00057e+00  1.00128e+00
 1.52583e+03  9.99880e-01  9.99851e-01
 0.00000e+00  1.52585e+03  9.99917e-01
 1.00106e+00  0.00000e+00  1.00128e+00
 1.00154e+00  1.00222e+00  1.00128e+00
 1.52589e+03  1.00083e+00  9.99729e-01
 0.00000e+00  1.52591e+03  9.99917e-01
 1.00080e+00  0.00000e+00  1.00128e+00
 1.00007e+00  1.00143e+00  1.00128e+00
 1.52595e+03  9.99722e-01  9.99618e-01
 0.00000e+00  1.52597e+03  9.99917e-01
 1.00077e+00  0.00000e+00  1.00128e+00
 1.00068e+00  1.00180e+00  1.00128e+00
 1.52601e+03  1.00071e+00  9.99521e-01
 0.00000e+00  1.52603e+03  9.99917e-01
 1.00267e+00  0.00000e+00  1.00128e+00
 1.00122e+00  1.00272e+00  1.00128e+00
 1.52608e+03  1.00233e+00  9.99436e-01
 0.00000e+00  1.52610e+03  9.99917e-01
 1.00342e+00  0.00000e+00  1.00128e+00
 1.00274e+00  1.00411e+00  1.00128e+00
 1.52614e+03  1.00125e+00  9.99364e-01
 0.00000e+00  1.52616e+03  9.99917e-01
 1.00361e+00  0.00000e+00  1.00128e+00
 1.00133e+00  1.00262e+00  1.00128e+00
 1.52620e+03  1.00115e+00  9.99304e-01
 0.00000e+00  1.52622e+03  9.99917e-01
 1.00170e+00  0.00000e+00  1.00128e+00
 1.00153e+00  1.00281e+00  1.00128e+00
 1.52626e+03  1.00210e+00  9.99256e-01
 0.00000e+00  1.52628e+03  9.99917e-01
 1.00313e+00  0.00000e+00  1.00128e+00
 1.00201e+00  1.00396e+00  1.00128e+00
 1.52633e+03  1.00340e+00  9.99219e-01
 0.00000e+00  1.52635e+03  9.99917e-01
 1.00482e+00  0.00000e+00  1.00128e+00
 1.00319e+00  1.00467e+00  1.00128e+00
 1.52639e+03  1.00247e+00  9.99193e-01
 0.00000e+00  1.52641e+03  9.99917e-01
 1.00355e+00  0.00000e+00  1.00128e+00
 1.00202e+00  1.00395e+00  1.00128e+00
 1.52645e+03  1.00317e+00  9.99177e-01
 0.00000e+00  1.52647e+03  9.99917e-01
 1.00465e+00  0.00000e+00  1.00128e+00
 1.00236e+00  1.00435e+00  1.00128e+00
 1.52651e+03  1.00412e+00  9.99171e-01
 0.00000e+00  1.52653e+03  9.99917e-01
 1.00613e+00  0.00000e+00  1.00128e+00
 1.00458e+00  1.00638e+00  1.00128e+00
 1.52658e+03  1.00419e+00  9.99173e-01
 0.00000e+00  1.52660e+03  9.99917e-01
 1.00705e+00  0.00000e+00  1.00129e+00
 1.00588e+00  1.00770e+00  1.00128e+00
 1.52664e+03  1.00690e+00  9.99185e-01
 0.00000e+00  1.52666e+03  9.99917e-01
 1.00922e+00  0.00000e+00  1.00129e+00
 1.00816e+00  1.00959e+00  1.00129e+00
 1.52670e+03  1.00952e+00  9.99203e-01
 0.00000e+00  1.52672e+03  9.99917e-01
 1.01105e+00  0.00000e+00  1.00129e+00
 1.01039e+00  1.01183e+00  1.00129e+00
 1.52676e+03  8.61100e-01  9.99230e-01
 1.28000e+02  1.52678e+03  1.00119e+00
 1.00880e+00  0.00000e+00  1.00129e+00
 1.00809e+00  1.00702e+00  1.00129e+00
 1.52683e+03  1.00676e+00  9.99263e-01
 0.00000e+00  1.52685e+03  9.99917e-01
 1.00591e+00  0.00000e+00  1.00128e+00
 1.00535e+00  1.00473e+00  1.00128e+00
 1.52689e+03  1.00550e+00  9.99302e-01
 0.00000e+00  1.52691e+03  9.99917e-01
 1.00632e+00  0.00000e+00  1.00128e+00
 1.00476e+00  1.00586e+00  1.00128e+00
 1.52695e+03  1.00425e+00  9.99347e-01
 0.00000e+00  1.52697e+03  9.99917e-01
 1.00549e+00  0.00000e+00  1.00128e+00
 1.00255e+00  1.00364e+00  1.00128e+00
 1.52701e+03  1.00256e+00  9.99398e-01
 0.00000e+00  1.52703e+03  9.99917e-01
 1.00159e+00  0.00000e+00  1.00128e+00
 1.00113e+00  1.00276e+00  1.00128e+00
 1.52708e+03  1.00096e+00  9.99453e-01
 0.00000e+00  1.52710e+03  9.99917e-01
 1.00181e+00  0.00000e+00  1.00128e+00
 1.00123e+00  1.00184e+00  1.00128e+00
 1.52714e+03  1.00168e+00  9.99514e-01
 0.00000e+00  1.52716e+03  9.99917e-01
 1.00127e+00  0.00000e+00  1.00128e+00
 1.00049e+00  1.00052e+00  1.00128e+00
 1.52720e+03  1.00061e+00  9.99578e-01
 0.00000e+00  1.52722e+03  9.99917e-01
 9.99725e-01  0.00000e+00  1.00128e+00
 9.99402e-01  1.00082e+00  1.00128e+00
 1.52726e+03  9.99991e-01  9.99647e-01
 0.00000e+00  1.52728e+03  9.99917e-01
 1.00105e+00  0.00000e+00  1.00128e+00
 1.00132e+00  1.00221e+00  1.00128e+00
 1.52733e+03  1.00190e+00  9.99720e-01
 0.00000e+00  1.52735e+03  9.99917e-01
 1.00265e+00  0.00000e+00  1.00128e+00
 1.00113e+00  1.00251e+00  1.00128e+00
 1.52739e+03  1.00083e+00  9.99796e-01
 0.00000e+00  1.52741e+03  9.99917e-01
 1.00156e+00  0.00000e+00  1.00128e+00
 9.98807e-01  1.00006e+00  1.00128e+00
 1.52745e+03  9.99638e-01  9.99875e-01
 0.00000e+00  1.52747e+03  9.99917e-01
 1.00183e+00  0.00000e+00  1.00128e+00
 9.99593e-01  1.00117e+00  1.00128e+00
 1.52751e+03  9.99876e-01  9.99958e-01
 0.00000e+00  1.52753e+03  9.99917e-01
 1.00175e+00  0.00000e+00  1.00128e+00
 1.00111e+00  1.00252e+00  1.00128e+00
 1.52758e+03  9.98969e-01  1.00004e+00
 0.00000e+00  1.52760e+03  9.99917e-01
 1.00074e+00  0.00000e+00  1.00128e+00
 9.99666e-01  1.00145e+00  1.00128e+00
 1.52764e+03  1.00015e+00  1.00013e+00
 0.00000e+00  1.52766e+03  9.99917e-01
 1.00108e+00  0.00000e+00  1.00128e+00
 9.98874e-01  1.00055e+00  1.00128e+00
 1.52770e+03  1.00113e+00  1.00022e+00
 0.00000e+00  1.52772e+03  9.99917e-01
 1.00239e+00  0.00000e+00  1.00128e+00
 1.00003e+00  1.00154e+00  1.00128e+00
 1.52776e+03  1.00025e+00  1.00031e+00
 0.00000e+00  1.52778e+03  9.99917e-01
 1.00019e+00  0.00000e+00  1.00128e+00
 9.98864e-01  9.99717e-01  1.00128e+00
 1.52783e+03  9.98277e-01  1.00040e+00
 0.00000e+00  1.52785e+03  9.99917e-01
 9.98665e-01  0.00000e+00  1.00128e+00
 9.98157e-01  9.99001e-01  1.00128e+00
 1.52789e+03  9.98586e-01  1.00050e+00
 0.00000e+00  1.52791e+03  9.99917e-01
 1.00108e+00  0.00000e+00  1.00128e+00
 9.99636e-01  1.00082e+00  1.00128e+00
 1.52795e+03  9.99782e-01  1.00059e+00
 0.00000e+00  1.52797e+03  9.99917e-01
 1.00083e+00  0.00000e+00  1.00128e+00
 1.00055e+00  1.00169e+00  1.00128e+00
 1.52801e+03  9.99519e-01  1.00068e+00
 0.00000e+00  1.52803e+03  9.99917e-01
 1.00120e+00  0.00000e+00  1.00128e+00
 9.98825e-01  1.00042e+00  1.00128e+00
 1.52808e+03  9.99070e-01  1.00077e+00
 0.00000e+00  1.52810e+03  9.99917e-01
 9.99503e-01  0.00000e+00  1.00128e+00
 9.98998e-01  1.00001e+00  1.00128e+00
 1.52814e+03  1.00063e+00  1.00086e+00
 0.00000e+00  1.52816e+03  9.99917e-01
 1.00056e+00  0.00000e+00  1.00128e+00
 1.00051e+00  1.00131e+00  1.00128e+00
 1.52820e+03  9.99611e-01  1.00095e+00
 0.00000e+00  1.52822e+03  9.99917e-01
 1.00118e+00  0.00000e+00  1.00128e+00
 9.99810e-01  1.00097e+00  1.00128e+00
 1.52826e+03  9.98961e-01  1.00103e+00
 0.00000e+00  1.52828e+03  9.99917e-01
 1.00051e+00  0.00000e+00  1.00128e+00
 1.00040e+00  1.00164e+00  1.00128e+00
 1.52833e+03  1.00051e+00  1.00111e+00
 0.00000e+00  1.52835e+03  9.99917e-01
 1.00220e+00  0.00000e+00  1.00128e+00
 1.00033e+00  1.00241e+00  1.00128e+00
 1.52839e+03  1.00072e+00  1.00119e+00
 0.00000e+00  1.52841e+03  9.99917e-01
 1.00118e+00  0.00000e+00  1.00128e+00
 9.99454e-01  1.00098e+00  1.00128e+00
 1.52845e+03  9.98959e-01  1.00125e+00
 0.00000e+00  1.52847e+03  9.99917e-01
 1.00057e+00  0.00000e+00  1.00128e+00
 9.98865e-01  1.00046e+00  1.00128e+00
 1.52851e+03  1.00039e+00  1.00130e+00
 0.00000e+00  1.52853e+03  9.99917e-01
 1.00204e+00  0.00000e+00  1.00128e+00
 1.00096e+00  1.00233e+00  1.00128e+00
 1.52858e+03  1.00088e+00  1.00135e+00
 0.00000e+00  1.52860e+03  9.99917e-01
 1.00223e+00  0.00000e+00  1.00128e+00
 1.00118e+00  1.00269e+00  1.00128e+00
 1.52864e+03  1.00048e+00  1.00138e+00
 0.00000e+00  1.52866e+03  9.99917e-01
 1.00225e+00  0.00000e+00  1.00128e+00
 9.99027e-01  1.00080e+00  1.00128e+00
 1.52870e+03  1.00038e+00  1.00140e+00
 0.00000e+00  1.52872e+03  9.99917e-01
 1.00145e+00  0.00000e+00  1.00128e+00
 1.00034e+00  1.00191e+00  1.00128e+00
 1.52876e+03  9.99235e-01  1.00139e+00
 0.00000e+00  1.52878e+03  9.99917e-01
 1.00185e+00  0.00000e+00  1.00128e+00
 9.98829e-01  1.00085e+00  1.00128e+00
 1.52883e+03  9.98521e-01  1.00137e+00
 0.00000e+00  1.52885e+03  9.99917e-01
 1.00102e+00  0.00000e+00  1.00128e+00
 9.98141e-01  1.00002e+00  1.00128e+00
 1.52889e+03  9.97993e-01  1.00133e+00
 0.00000e+00  1.52891e+03  9.99917e-01
 1.00146e+00  0.00000e+00  1.00128e+00
 9.99587e-01  1.00176e+00  1.00128e+00
 1.52895e+03  1.00000e+00  1.00127e+00
 0.00000e+00  1.52897e+03  9.99917e-01
 1.00290e+00  0.00000e+00  1.00128e+00
 9.99948e-01  1.00225e+00  1.00128e+00
 1.52901e+03  9.99854e-01  1.00118e+00
 0.00000e+00  1.52903e+03  9.99917e-01
 1.00196e+00  0.00000e+00  1.00128e+00
 9.97705e-01  1.00010e+00  1.00128e+00
 1.53028e+03  9.00982e-01  1.00025e+00
 1.28000e+02  1.53030e+03  1.00119e+00
 1.03336e+00  1.28000e+02  1.00131e+00
 9.62798e-01  1.03242e+00  1.00124e+00
 1.53035e+03  9.92476e-01  1.00051e+00
 1.28000e+02  1.53037e+03  1.00119e+00
 1.03152e+00  1.28000e+02  1.00131e+00
 1.04784e+00  1.03241e+00  1.00132e+00
 1.53041e+03  1.07284e+00  1.00075e+00
 1.28000e+02  1.53043e+03  1.00119e+00
 1.03240e+00  1.28000e+02  1.00131e+00
 1.11845e+00  1.03330e+00  1.00136e+00
 1.53047e+03  1.13707e+00  1.00096e+00
 1.28000e+02  1.53049e+03  1.00119e+00
 1.03192e+00  1.28000e+02  1.00131e+00
 1.16617e+00  1.03313e+00  1.00138e+00
 1.53053e+03  1.17735e+00  1.00113e+00
 1.28000e+02  1.53055e+03  1.00119e+00
 1.03088e+00  1.28000e+02  1.00131e+00
 1.20245e+00  1.03080e+00  1.00139e+00
 1.53060e+03  1.21091e+00  1.00126e+00
 1.28000e+02  1.53062e+03  1.00119e+00
 1.03058e+00  1.28000e+02  1.00131e+00
 1.23378e+00  1.03032e+00  1.00140e+00
 1.53066e+03  1.24147e+00  1.00134e+00
 1.28000e+02  1.53068e+03  1.00119e+00
 1.02855e+00  1.28000e+02  1.00130e+00
 1.25724e+00  1.02893e+00  1.00140e+00
 1.53072e+03  1.26305e+00  1.00137e+00
 1.28000e+02  1.53074e+03  1.00119e+00
 1.02706e+00  1.28000e+02  1.00130e+00
 1.27602e+00  1.02594e+00  1.00139e+00
 1.53078e+03  1.28246e+00  1.00136e+00
 1.28000e+02  1.53080e+03  1.00119e+00
 1.02539e+00  1.28000e+02  1.00130e+00
 1.29429e+00  1.02512e+00  1.00139e+00
 1.53085e+03  1.30046e+00  1.00131e+00
 1.28000e+02  1.53087e+03  1.00119e+00
 1.02618e+00  1.28000e+02  1.00130e+00
 1.31244e+00  1.02618e+00  1.00139e+00
 1.53091e+03  1.31581e+00  1.00123e+00
 1.28000e+02  1.53093e+03  1.00119e+00
 1.02495e+00  1.28000e+02  1.00130e+00
 1.32240e+00  1.02255e+00  1.00138e+00
 1.53097e+03  1.32736e+00  1.00112e+00
 1.28000e+02  1.53099e+03  1.00119e+00
 1.02462e+00  1.28000e+02  1.00130e+00
 1.34610e+00  1.02978e+00  1.00137e+00
 1.53103e+03  1.34357e+00  1.00098e+00
 1.28000e+02  1.53105e+03  1.00119e+00
 1.02167e+00  1.28000e+02  1.00130e+00
 1.34676e+00  1.01979e+00  1.00137e+00
 1.53110e+03  1.35539e+00  1.00084e+00
 1.28000e+02  1.53112e+03  1.00119e+00
 1.02042e+00  1.28000e+02  1.00130e+00
 1.36044e+00  1.01929e+00  1.00136e+00
 1.53116e+03  1.36233e+00  1.00068e+00
 1.28000e+02  1.53118e+03  1.00119e+00
 1.01616e+00  1.28000e+02  1.00129e+00
 1.37155e+00  1.01923e+00  1.00136e+00
 1.53122e+03  1.37418e+00  1.00052e+00
 1.28000e+02  1.53124e+03  1.00119e+00
 1.01855e+00  1.28000e+02  1.00130e+00
 1.38087e+00  1.01854e+00  1.00135e+00
 1.53128e+03  1.37990e+00  1.00036e+00
 1.28000e+02  1.53130e+03  1.00119e+00
 1.01746e+00  1.28000e+02  1.00129e+00
 1.38994e+00  1.01745e+00  1.00134e+00
 1.53135e+03  1.39100e+00  1.00021e+00
 1.28000e+02  1.53137e+03  1.00119e+00
 1.01549e+00  1.28000e+02  1.00129e+00
 1.39509e+00  1.01370e+00  1.00134e+00
 1.53141e+03  1.39847e+00  1.00006e+00
 1.28000e+02  1.53143e+03  1.00119e+00
 1.01679e+00  1.28000e+02  1.00129e+00
 1.40917e+00  1.01708e+00  1.00133e+00
 1.53147e+03  1.41241e+00  9.99919e-01
 1.28000e+02  1.53149e+03  1.00119e+00
 1.01860e+00  1.28000e+02  1.00130e+00
 1.42185e+00  1.02019e+00  1.00132e+00
 1.53153e+03  1.42513e+00  9.99791e-01
 1.28000e+02  1.53155e+03  1.00119e+00
 1.02078e+00  1.28000e+02  1.00130e+00
 1.42819e+00  1.01848e+00  1.00131e+00
 1.53160e+03  1.43179e+00  9.99674e-01
 1.28000e+02  1.53162e+03  1.00119e+00
 1.01674e+00  1.28000e+02  1.00129e+00
 1.43460e+00  1.01720e+00  1.00130e+00
 1.53166e+03  1.43932e+00  9.99570e-01
 1.28000e+02  1.53168e+03  1.00119e+00
 1.01737e+00  1.28000e+02  1.00129e+00
 1.43829e+00  1.01460e+00  1.00130e+00
 1.53172e+03  1.44294e+00  9.99478e-01
 1.28000e+02  1.53501e+03  1.00119e+00
 1.09735e+00  1.28000e+02  1.00135e+00
 1.07622e+00  1.09943e+00  1.00134e+00
 1.53505e+03  1.07505e+00  1.00020e+00
 1.28000e+02  1.53508e+03  1.00119e+00
 1.10196e+00  1.28000e+02  1.00135e+00
 1.07279e+00  1.10345e+00  1.00134e+00
 1.53512e+03  1.07204e+00  9.99986e-01
 1.28000e+02  1.53514e+03  1.00119e+00
 1.10463e+00  1.28000e+02  1.00136e+00
 1.06394e+00  1.10538e+00  1.00133e+00
 1.53518e+03  1.06112e+00  9.99769e-01
 1.28000e+02  1.53520e+03  1.00119e+00
 1.10673e+00  1.28000e+02  1.00136e+00
 1.05248e+00  1.10518e+00  1.00132e+00
 1.53524e+03  1.05185e+00  9.99563e-01
 1.28000e+02  1.53526e+03  1.00119e+00
 1.10107e+00  1.28000e+02  1.00135e+00
 1.04498e+00  1.10048e+00  1.00132e+00
 1.53530e+03  1.04024e+00  9.99378e-01
 1.28000e+02  1.53533e+03  1.00119e+00
 1.09651e+00  0.00000e+00  1.00135e+00
 1.03861e+00  1.09413e+00  1.00131e+00
 1.53537e+03  1.03513e+00  9.99226e-01
 0.00000e+00  1.53539e+03  9.99917e-01
 1.08934e+00  0.00000e+00  1.00135e+00
 1.03133e+00  1.08718e+00  1.00131e+00
 1.53543e+03  1.02939e+00  9.99115e-01
 0.00000e+00  1.53545e+03  9.99917e-01
 1.08383e+00  0.00000e+00  1.00134e+00
 1.02559e+00  1.08151e+00  1.00130e+00
 1.53549e+03  1.02345e+00  9.99056e-01
 1.28000e+02  1.53551e+03  1.00119e+00
 1.07641e+00  0.00000e+00  1.00134e+00
 1.02393e+00  1.07520e+00  1.00130e+00
 1.53555e+03  1.02039e+00  9.99053e-01
 0.00000e+00  1.53558e+03  9.99917e-01
 1.06913e+00  0.00000e+00  1.00133e+00
 1.01966e+00  1.06886e+00  1.00130e+00
 1.53562e+03  1.01767e+00  9.99109e-01
 0.00000e+00  1.53564e+03  9.99917e-01
 1.06398e+00  0.00000e+00  1.00133e+00
 1.01605e+00  1.06047e+00  1.00129e+00
 1.53568e+03  1.01506e+00  9.99224e-01
 0.00000e+00  1.53570e+03  9.99917e-01
 1.05681e+00  1.28000e+02  1.00132e+00
 1.01504e+00  1.05409e+00  1.00129e+00
 1.53574e+03  1.01624e+00  9.99392e-01
 0.00000e+00  1.53576e+03  9.99917e-01
 1.05216e+00  0.00000e+00  1.00132e+00
 1.01546e+00  1.05140e+00  1.00129e+00
 1.53580e+03  1.01537e+00  9.99604e-01
 0.00000e+00  1.53583e+03  9.99917e-01
 1.04802e+00  0.00000e+00  1.00132e+00
 1.01273e+00  1.04617e+00  1.00129e+00
 1.53587e+03  1.01199e+00  9.99848e-01
 0.00000e+00  1.53589e+03  9.99917e-01
 1.04225e+00  0.00000e+00  1.00131e+00
 1.00912e+00  1.03925e+00  1.00129e+00
 1.53593e+03  1.00741e+00  1.00011e+00
 0.00000e+00  1.53595e+03  9.99917e-01
 1.03717e+00  0.00000e+00  1.00131e+00
 1.00682e+00  1.03641e+00  1.00129e+00
 1.53599e+03  1.00682e+00  1.00037e+00
 0.00000e+00  1.53601e+03  9.99917e-01
 1.03328e+00  0.00000e+00  1.00131e+00
 1.00395e+00  1.03128e+00  1.00128e+00
 1.53605e+03  1.00346e+00  1.00063e+00
 0.00000e+00  1.53608e+03  9.99917e-01
 1.03037e+00  0.00000e+00  1.00130e+00
 1.00266e+00  1.02684e+00  1.00128e+00
 1.53612e+03  1.00211e+00  1.00086e+00
 0.00000e+00  1.53614e+03  9.99917e-01
 1.02736e+00  0.00000e+00  1.00130e+00
 1.00200e+00  1.02819e+00  1.00128e+00
 1.53618e+03  1.00147e+00  1.00105e+00
 0.00000e+00  1.53620e+03  9.99917e-01
 1.02551e+00  0.00000e+00  1.00130e+00
 1.00052e+00  1.02235e+00  1.00128e+00
 1.53624e+03  9.99031e-01  1.00120e+00
 0.00000e+00  1.53626e+03  9.99917e-01
 1.01923e+00  0.00000e+00  1.00130e+00
 1.00024e+00  1.01875e+00  1.00128e+00
 1.53631e+03  1.00015e+00  1.00131e+00
 0.00000e+00  1.53633e+03  9.99917e-01
 1.01595e+00  0.00000e+00  1.00129e+00
 9.98400e-01  1.01529e+00  1.00128e+00
 1.53637e+03  9.98327e-01  1.00136e+00
 0.00000e+00  1.53639e+03  9.99917e-01
 1.01430e+00  0.00000e+00  1.00129e+00
 9.99644e-01  1.01438e+00  1.00128e+00
 1.53643e+03  1.00147e+00  1.00137e+00
 0.00000e+00  1.53645e+03  9.99917e-01
 1.01349e+00  0.00000e+00  1.00129e+00
 1.00135e+00  1.01408e+00  1.00128e+00
 1.53649e+03  9.99256e-01  1.00134e+00
 0.00000e+00  1.53651e+03  9.99917e-01
 1.01346e+00  0.00000e+00  1.00129e+00
 9.97875e-01  1.01088e+00  1.00128e+00
 1.53656e+03  9.15066e-01  1.00128e+00
 1.28000e+02  1.53658e+03  1.00119e+00
 1.00869e+00  0.00000e+00  1.00129e+00
 9.98301e-01  1.00826e+00  1.00128e+00
 1.53662e+03  9.97831e-01  1.00118e+00
 0.00000e+00  1.53664e+03  9.99917e-01
 1.00594e+00  0.00000e+00  1.00128e+00
 9.98036e-01  1.00668e+00  1.00128e+00
 1.53668e+03  9.98309e-01  1.00106e+00
 0.00000e+00  1.53670e+03  9.99917e-01
 1.00718e+00  0.00000e+00  1.00129e+00
 9.98921e-01  1.00563e+00  1.00128e+00
 1.53674e+03  9.99228e-01  1.00091e+00
 0.00000e+00  1.53676e+03  9.99917e-01
 1.00548e+00  0.00000e+00  1.00128e+00
 9.96651e-01  1.00623e+00  1.00128e+00
 1.53681e+03  9.97155e-01  1.00076e+00
 0.00000e+00  1.53683e+03  9.99917e-01
 1.00551e+00  0.00000e+00  1.00128e+00
 9.98035e-01  1.00526e+00  1.00128e+00
 1.53687e+03  9.97566e-01  1.00060e+00
 0.00000e+00  1.53689e+03  9.99917e-01
 1.00419e+00  0.00000e+00  1.00128e+00
 9.97210e-01  1.00320e+00  1.00128e+00
 1.53693e+03  9.98660e-01  1.00044e+00
 0.00000e+00  1.53695e+03  9.99917e-01
 1.00282e+00  0.00000e+00  1.00128e+00
 9.97868e-01  1.00163e+00  1.00128e+00
 1.53699e+03  9.96818e-01  1.00029e+00
 0.00000e+00  1.53701e+03  9.99917e-01
 1.00197e+00  0.00000e+00  1.00128e+00
 9.98487e-01  1.00224e+00  1.00128e+00
 1.53706e+03  9.99672e-01  1.00013e+00
 0.00000e+00  1.53708e+03  9.99917e-01
 1.00215e+00  0.00000e+00  1.00128e+00
 9.98658e-01  1.00156e+00  1.00128e+00
 1.53712e+03  9.99562e-01  9.99990e-01
 0.00000e+00  1.53714e+03  9.99917e-01
 1.00122e+00  0.00000e+00  1.00128e+00
 9.97719e-01  1.00116e+00  1.00128e+00
 1.53718e+03  9.99603e-01  9.99856e-01
 0.00000e+00  1.53720e+03  9.99917e-01
 1.00150e+00  0.00000e+00  1.00128e+00
 9.99219e-01  1.00085e+00  1.00128e+00
 1.53724e+03  9.99075e-01  9.99733e-01
 0.00000e+00  1.53726e+03  9.99917e-01
 1.00083e+00  0.00000e+00  1.00128e+00
 9.98499e-01  9.99983e-01  1.00128e+00
 1.53731e+03  9.96587e-01  9.99622e-01
 1.28000e+02  1.53733e+03  1.00119e+00
 9.99888e-01  0.00000e+00  1.00128e+00
 9.93049e-01  9.98892e-01  1.00127e+00
 1.53737e+03  9.98935e-01  9.99524e-01
 0.00000e+00  1.53739e+03  9.99917e-01
 9.98732e-01  0.00000e+00  1.00128e+00
 9.96851e-01  9.98317e-01  1.00128e+00
 1.53743e+03  9.97982e-01  9.99439e-01
 0.00000e+00  1.53745e+03  9.99917e-01
 9.98093e-01  0.00000e+00  1.00128e+00
 9.99282e-01  9.98815e-01  1.00128e+00
 1.53749e+03  9.96716e-01  9.99366e-01
 0.00000e+00  1.53751e+03  9.99917e-01
 9.98523e-01  0.00000e+00  1.00128e+00
 9.99243e-01  9.98412e-01  1.00128e+00
 1.53756e+03  9.99819e-01  9.99306e-01
 1.28000e+02  1.53758e+03  1.00119e+00
 9.98115e-01  0.00000e+00  1.00128e+00
 9.96144e-01  9.97936e-01  1.00128e+00
 1.53762e+03  9.97151e-01  9.99257e-01
 0.00000e+00  1.53764e+03  9.99917e-01
 9.98791e-01  0.00000e+00  1.00128e+00
 9.98011e-01  9.98414e-01  1.00128e+00
 1.53768e+03  9.98540e-01  9.99220e-01
 0.00000e+00  1.53770e+03  9.99917e-01
 9.97608e-01  0.00000e+00  1.00128e+00
 9.99259e-01  9.98135e-01  1.00128e+00
 1.53774e+03  9.97842e-01  9.99194e-01
 0.00000e+00  1.53776e+03  9.99917e-01
 9.98262e-01  0.00000e+00  1.00128e+00
 9.99594e-01  9.98817e-01  1.00128e+00
 1.53781e+03  9.98913e-01  9.99177e-01
 0.00000e+00  1.53783e+03  9.99917e-01
 9.99433e-01  0.00000e+00  1.00128e+00
 9.98835e-01  9.98423e-01  1.00128e+00
 1.53787e+03  1.00036e+00  9.99171e-01
 0.00000e+00  1.53789e+03  9.99917e-01
 9.99394e-01  0.00000e+00  1.00128e+00
 1.00032e+00  9.99826e-01  1.00128e+00
 1.53793e+03  9.99375e-01  9.99173e-01
 0.00000e+00  1.53795e+03  9.99917e-01
 9.99054e-01  0.00000e+00  1.00128e+00
 1.00004e+00  9.97299e-01  1.00128e+00
 1.53799e+03  1.00019e+00  9.99184e-01
 0.00000e+00  1.53801e+03  9.99917e-01
 9.98265e-01  0.00000e+00  1.00128e+00
 9.99727e-01  9.98501e-01  1.00128e+00
 1.53806e+03  1.00055e+00  9.99203e-01
 0.00000e+00  1.53808e+03  9.99917e-01
 1.00069e+00  1.28000e+02  1.00128e+00
 1.00124e+00  1.00018e+00  1.00128e+00
 1.53812e+03  1.00076e+00  9.99229e-01
 0.00000e+00  1.53814e+03  9.99917e-01
 1.00147e+00  0.00000e+00  1.00128e+00
 1.00297e+00  1.00142e+00  1.00128e+00
 1.53818e+03  1.00351e+00  9.99261e-01
 0.00000e+00  1.53820e+03  9.99917e-01
 1.00255e+00  0.00000e+00  1.00128e+00
 1.00365e+00  1.00301e+00  1.00128e+00
 1.53824e+03  1.00434e+00  9.99300e-01
 0.00000e+00  1.53826e+03  9.99917e-01
 1.00360e+00  0.00000e+00  1.00128e+00
 1.00577e+00  1.00477e+00  1.00128e+00
 1.53831e+03  1.00570e+00  9.99345e-01
 0.00000e+00  1.53833e+03  9.99917e-01
 1.00382e+00  0.00000e+00  1.00128e+00
 1.00503e+00  1.00354e+00  1.00128e+00
 1.53837e+03  1.00304e+00  9.99396e-01
 0.00000e+00  1.53839e+03  9.99917e-01
 1.00160e+00  0.00000e+00  1.00128e+00
 1.00268e+00  1.00186e+00  1.00128e+00
 1.53843e+03  1.00229e+00  9.99451e-01
 0.00000e+00  1.53845e+03  9.99917e-01
 1.00079e+00  0.00000e+00  1.00128e+00
 1.00230e+00  1.00136e+00  1.00128e+00
 1.53849e+03  1.00462e+00  9.99511e-01
 1.28000e+02  1.53851e+03  1.00119e+00
 9.99621e-01  0.00000e+00  1.00128e+00
 1.00129e+00  9.99138e-01  1.00128e+00
 1.53856e+03  9.99364e-01  9.99576e-01
 0.00000e+00  1.53858e+03  9.99917e-01
 9.97354e-01  0.00000e+00  1.00128e+00
 9.97903e-01  9.96614e-01  1.00128e+00
 1.53862e+03  9.98324e-01  9.99645e-01
 0.00000e+00  1.53864e+03  9.99917e-01
 9.96674e-01  0.00000e+00  1.00128e+00
 9.99072e-01  9.96775e-01  1.00128e+00
 1.53868e+03  9.98863e-01  9.99717e-01
 0.00000e+00  1.53870e+03  9.99917e-01
 9.97139e-01  0.00000e+00  1.00128e+00
 9.99416e-01  9.96357e-01  1.00128e+00
 1.53874e+03  9.98609e-01  9.99793e-01
 0.00000e+00  1.53876e+03  9.99917e-01
 9.96327e-01  0.00000e+00  1.00128e+00
 9.98072e-01  9.94923e-01  1.00128e+00
 1.53881e+03  9.97313e-01  9.99872e-01
 0.00000e+00  1.53883e+03  9.99917e-01
 9.95586e-01  0.00000e+00  1.00128e+00
 9.97655e-01  9.94553e-01  1.00128e+00
 1.53887e+03  9.97561e-01  9.99955e-01
 0.00000e+00  1.53889e+03  9.99917e-01
 9.95510e-01  0.00000e+00  1.00128e+00
 9.99619e-01  9.95851e-01  1.00128e+00
 1.53893e+03  9.98213e-01  1.00004e+00
 0.00000e+00  1.53895e+03  9.99917e-01
 9.96232e-01  0.00000e+00  1.00128e+00
 9.97507e-01  9.95568e-01  1.00128e+00
 1.53899e+03  9.97712e-01  1.00013e+00
 0.00000e+00  1.53901e+03  9.99917e-01
 9.94495e-01  1.28000e+02  1.00127e+00
 9.99763e-01  9.95491e-01  1.00128e+00
 1.53906e+03  9.98182e-01  1.00022e+00
 0.00000e+00  1.53908e+03  9.99917e-01
 9.96670e-01  0.00000e+00  1.00128e+00
 9.98575e-01  9.95860e-01  1.00128e+00
 1.53912e+03  9.99241e-01  1.00031e+00
 0.00000e+00  1.53914e+03  9.99917e-01
 9.96465e-01  0.00000e+00  1.00128e+00
 9.98051e-01  9.95831e-01  1.00128e+00
 1.53918e+03  9.98794e-01  1.00040e+00
 0.00000e+00  1.53920e+03  9.99917e-01
 9.95624e-01  0.00000e+00  1.00128e+00
 9.99137e-01  9.94679e-01  1.00128e+00
 1.53924e+03  9.98851e-01  1.00049e+00
 0.00000e+00  1.53926e+03  9.99917e-01
 9.95330e-01  0.00000e+00  1.00128e+00
 9.99688e-01  9.95411e-01  1.00128e+00
 1.53931e+03  9.98800e-01  1.00059e+00
 0.00000e+00  1.53933e+03  9.99917e-01
 9.96067e-01  0.00000e+00  1.00128e+00
 9.99581e-01  9.95706e-01  1.00128e+00
 1.53937e+03  9.98737e-01  1.00068e+00
 0.00000e+00  1.53939e+03  9.99917e-01
 9.95809e-01  0.00000e+00  1.00128e+00
 9.97600e-01  9.95726e-01  1.00128e+00
 1.53943e+03  9.98793e-01  1.00077e+00
 0.00000e+00  1.53945e+03  9.99917e-01
 9.95403e-01  0.00000e+00  1.00128e+00
 9.99036e-01  9.96196e-01  1.00128e+00
 1.53949e+03  1.00182e+00  1.00086e+00
 0.00000e+00  1.53951e+03  9.99917e-01
 9.95892e-01  1.28000e+02  1.00128e+00
 9.99711e-01  9.95735e-01  1.00128e+00
 1.53956e+03  9.99330e-01  1.00095e+00
 0.00000e+00  1.53958e+03  9.99917e-01
 9.94249e-01  0.00000e+00  1.00127e+00
 9.98842e-01  9.94323e-01  1.00128e+00
 1.53962e+03  9.98461e-01  1.00103e+00
 0.00000e+00  1.53964e+03  9.99917e-01
 9.95214e-01  1.28000e+02  1.00128e+00
 9.98694e-01  9.95514e-01  1.00128e+00
 1.53968e+03  9.18291e-01  1.00111e+00
 1.28000e+02  1.53970e+03  1.00119e+00
 9.93489e-01  0.00000e+00  1.00127e+00
 9.99295e-01  9.93286e-01  1.00128e+00
 1.53974e+03  9.99987e-01  1.00118e+00
 0.00000e+00  1.53976e+03  9.99917e-01
 9.94376e-01  0.00000e+00  1.00127e+00
 9.99562e-01  9.93036e-01  1.00128e+00
 1.53981e+03  9.97651e-01  1.00125e+00
 0.00000e+00  1.53983e+03  9.99917e-01
 9.92308e-01  0.00000e+00  1.00127e+00
 9.99064e-01  9.94583e-01  1.00128e+00
 1.53987e+03  9.96393e-01  1.00130e+00
 0.00000e+00  1.53989e+03  9.99917e-01
 9.92473e-01  0.00000e+00  1.00127e+00
 9.98769e-01  9.92894e-01  1.00128e+00
 1.53993e+03  9.97552e-01  1.00135e+00
 0.00000e+00  1.53995e+03  9.99917e-01
 9.93627e-01  0.00000e+00  1.00127e+00
 9.98606e-01  9.93204e-01  1.00128e+00
 1.53999e+03  9.97826e-01  1.00138e+00
 0.00000e+00  1.54001e+03  9.99917e-01
 9.92044e-01  0.00000e+00  1.00127e+00
 9.96155e-01  9.92225e-01  1.00128e+00
 1.54006e+03  9.98616e-01  1.00140e+00
 0.00000e+00  1.54008e+03  9.99917e-01
 9.94718e-01  0.00000e+00  1.00127e+00
 9.99320e-01  9.94200e-01  1.00128e+00
 1.54012e+03  9.99431e-01  1.00139e+00
 0.00000e+00  1.54014e+03  9.99917e-01
 9.94103e-01  0.00000e+00  1.00127e+00
 9.99016e-01  9.94742e-01  1.00128e+00
 1.54018e+03  9.97186e-01  1.00137e+00
 0.00000e+00  1.54020e+03  9.99917e-01
 9.94864e-01  0.00000e+00  1.00127e+00
 9.97501e-01  9.95415e-01  1.00128e+00
 1.54024e+03  9.98235e-01  1.00133e+00
 0.00000e+00  1.54026e+03  9.99917e-01
 9.95744e-01  0.00000e+00  1.00128e+00
 9.99150e-01  9.97095e-01  1.00128e+00
 1.54031e+03  9.98960e-01  1.00127e+00
 0.00000e+00  1.54033e+03  9.99917e-01
 9.97987e-01  0.00000e+00  1.00128e+00
 9.99926e-01  9.96578e-01  1.00128e+00
 1.54037e+03  9.99976e-01  1.00118e+00
 0.00000e+00  1.54039e+03  9.99917e-01
 9.97219e-01  0.00000e+00  1.00128e+00
 1.00111e+00  9.97629e-01  1.00128e+00
 1.54043e+03  1.00040e+00  1.00107e+00
 0.00000e+00  1.54045e+03  9.99917e-01
 9.97188e-01  0.00000e+00  1.00128e+00
 1.00018e+00  9.97141e-01  1.00128e+00
 1.54049e+03  1.00074e+00  1.00093e+00
 0.00000e+00  1.54051e+03  9.99917e-01
 9.98398e-01  0.00000e+00  1.00128e+00
 1.00008e+00  9.98391e-01  1.00128e+00
 1.54056e+03  1.00042e+00  1.00077e+00
 0.00000e+00  1.54058e+03  9.99917e-01
 9.98710e-01  0.00000e+00  1.00128e+00
 9.98013e-01  9.97613e-01  1.00128e+00
 1.54062e+03  1.00001e+00  1.00059e+00
 0.00000e+00  1.54064e+03  9.99917e-01
 9.96269e-01  0.00000e+00  1.00128e+00
 9.99941e-01  9.97430e-01  1.00128e+00
 1.54068e+03  9.99626e-01  1.00039e+00
 0.00000e+00  1.54070e+03  9.99917e-01
 9.98476e-01  0.00000e+00  1.00128e+00
 1.00009e+00  9.97816e-01  1.00128e+00
 1.54074e+03  1.00033e+00  1.00017e+00
 0.00000e+00  1.54076e+03  9.99917e-01
 9.98705e-01  0.00000e+00  1.00128e+00
 1.00072e+00  9.98260e-01  1.00128e+00
 1.54081e+03  9.99686e-01  9.99954e-01
 0.00000e+00  1.54083e+03  9.99917e-01
 9.97449e-01  0.00000e+00  1.00128e+00
 9.98989e-01  9.97331e-01  1.00128e+00
 1.54087e+03  9.98333e-01  9.99738e-01
 0.00000e+00  1.54089e+03  9.99917e-01
 9.97249e-01  0.00000e+00  1.00128e+00
 9.98997e-01  9.97824e-01  1.00128e+00
 1.54093e+03  9.92334e-01  9.99534e-01
 1.28000e+02  1.54095e+03  1.00119e+00
 9.96971e-01  0.00000e+00  1.00128e+00
 1.00018e+00  9.98179e-01  1.00128e+00
 1.54099e+03  9.99937e-01  9.99353e-01
 0.00000e+00  1.54101e+03  9.99917e-01
 9.97885e-01  0.00000e+00  1.00128e+00
 9.98630e-01  9.98609e-01  1.00128e+00
 1.54106e+03  9.97522e-01  9.99207e-01
 0.00000e+00  1.54108e+03  9.99917e-01
 9.97863e-01  0.00000e+00  1.00128e+00
 9.99026e-01  9.97223e-01  1.00128e+00
 1.54112e+03  9.98188e-01  9.99103e-01
 0.00000e+00  1.54114e+03  9.99917e-01
 9.97260e-01  0.00000e+00  1.00128e+00
 9.95256e-01  9.98545e-01  1.00128e+00
 1.54118e+03  9.97705e-01  9.99052e-01
 0.00000e+00  1.54120e+03  9.99917e-01
 9.96064e-01  0.00000e+00  1.00128e+00
 9.98187e-01  9.97177e-01  1.00128e+00
 1.54124e+03  9.97289e-01  9.99057e-01
 0.00000e+00  1.54126e+03  9.99917e-01
 9.94938e-01  0.00000e+00  1.00127e+00
 9.96514e-01  9.96174e-01  1.00128e+00
 1.54131e+03  9.97999e-01  9.99122e-01
 0.00000e+00  1.54133e+03  9.99917e-01
 9.97278e-01  0.00000e+00  1.00128e+00
 9.98689e-01  9.96916e-01  1.00128e+00
 1.54137e+03  9.98430e-01  9.99245e-01
 0.00000e+00  1.54139e+03  9.99917e-01
 9.96037e-01  0.00000e+00  1.00128e+00
 9.97691e-01  9.97570e-01  1.00128e+00
 1.54143e+03  9.98163e-01  9.99421e-01
 0.00000e+00  1.54145e+03  9.99917e-01
 9.96843e-01  0.00000e+00  1.00128e+00
 9.98364e-01  9.96482e-01  1.00128e+00
 1.54149e+03  9.99378e-01  9.99638e-01
 0.00000e+00  1.54151e+03  9.99917e-01
 9.96030e-01  0.00000e+00  1.00128e+00
 9.96622e-01  9.96522e-01  1.00128e+00
 1.54156e+03  9.98188e-01  9.99886e-01
 0.00000e+00  1.54158e+03  9.99917e-01
 9.97950e-01  0.00000e+00  1.00128e+00
 9.98646e-01  9.96717e-01  1.00128e+00
 1.54162e+03  1.00008e+00  1.00015e+00
 0.00000e+00  1.54164e+03  9.99917e-01
 9.98131e-01  0.00000e+00  1.00128e+00
 9.99564e-01  9.96981e-01  1.00128e+00
 1.54168e+03  9.99940e-01  1.00041e+00
 0.00000e+00  1.54170e+03  9.99917e-01
 9.97313e-01  0.00000e+00  1.00128e+00
 9.99120e-01  9.97212e-01  1.00128e+00
 1.54174e+03  1.00070e+00  1.00066e+00
 0.00000e+00  1.54176e+03  9.99917e-01
 9.97677e-01  0.00000e+00  1.00128e+00
 9.99623e-01  9.98118e-01  1.00128e+00
 1.54181e+03  1.00138e+00  1.00089e+00
 0.00000e+00  1.54183e+03  9.99917e-01
 9.97458e-01  0.00000e+00  1.00128e+00
 1.00059e+00  9.98771e-01  1.00128e+00
 1.54187e+03  1.00107e+00  1.00107e+00
 0.00000e+00  1.54189e+03  9.99917e-01
 9.99056e-01  1.28000e+02  1.00128e+00
 1.00179e+00  9.99292e-01  1.00128e+00
 1.54193e+03  1.00126e+00  1.00122e+00
 0.00000e+00  1.54195e+03  9.99917e-01
 1.00024e+00  1.28000e+02  1.00128e+00
 1.00317e+00  1.00022e+00  1.00128e+00
 1.54199e+03  1.00256e+00  1.00132e+00
 0.00000e+00  1.00256e+00  9.99917e-01
 0.00000e+00  1.00256e+00  9.99917e-01
 0.00000e+00  1.00256e+00  9.99917e-01
 0.00000e+00  1.00256e+00  9.99917e-01
 0.00000e+00  1.00256e+00  9.99917e-01
 0.00000e+00  1.00256e+00  9.99917e-01
 0.00000e+00  1.00256e+00  9.99917e-01
 0.00000e+00  1.00256e+00  9.99917e-01
 0.00000e+00  1.00256e+00  9.99917e-01
 0.00000e+00  1.00256e+00  9.99917e-01
 0.00000e+00  1.00256e+00  9.99917e-01
 0.00000e+00  1.00256e+00  9.99917e-01
 0.00000e+00  1.00256e+00  9.99917e-01
 0.00000e+00  1.00256e+00  9.99917e-01
 0.00000e+00  1.00256e+00  9.99917e-01
 0.00000e+00  1.00256e+00  9.99917e-01
 0.00000e+00  1.00256e+00  9.99917e-01
 0.00000e+00  1.00256e+00  9.99917e-01
 0.00000e+00  1.00256e+00  9.99917e-01
 0.00000e+00  1.00256e+00  9.99917e-01
 0.00000e+00  1.00256e+00  9.99917e-01
 0.00000e+00  1.00256e+00  9.99917e-01
 0.00000e+00  1.00256e+00  9.99917e-01
 0.00000e+00  1.00256e+00  9.99917e-01
 0.00000e+00  1.00256e+00  9.99917e-01
 0.00000e+00  1.00256e+00  9.99917e-01
 0.00000e+00  1.00256e+00  9.99917e-01
 0.00000e+00  1.00256e+00  9.99917e-01
 0.00000e+00  1.00256e+00  9.99917e-01
 0.00000e+00  1.00256e+00  9.99917e-01
 0.00000e+00  1.00256e+00  9.99917e-01
 0.00000e+00  1.00256e+00  9.99917e-01
 0.00000e+00  1.00256e+00  9.99917e-01
 0.00000e+00  1.00256e+00  9.99917e-01
 0.00000e+00  1.00256e+00  9.99917e-01
 0.00000e+00  1.00256e+00  9.99917e-01
 0.00000e+00  1.00256e+00  9.99917e-01
 0.00000e+00  1.00256e+00  9.99917e-01
 0.00000e+00  1.00256e+00  9.99917e-01
 0.00000e+00  1.00256e+00  9.99917e-01
 0.00000e+00  1.00256e+00  9.99917e-01
 0.00000e+00  1.00256e+00  9.99917e-01
 0.00000e+00  1.00256e+00  9.99917e-01
 0.00000e+00  1.00256e+00  9.99917e-01
 0.00000e+00  1.00256e+00  9.99917e-01
 0.00000e+00  1.00256e+00  9.99917e-01
 0.00000e+00  1.00256e+00  9.99917e-01
 0.00000e+00  1.00256e+00  9.99917e-01
 0.00000e+00  1.00256e+00  9.99917e-01
 0.00000e+00  1.00256e+00  9.99917e-01
 0.00000e+00  1.00256e+00  9.99917e-01
 0.00000e+00  1.00256e+00  9.99917e-01
 0.00000e+00  1.00256e+00  9.99917e-01
 0.00000e+00  1.00256e+00  9.99917e-01
 0.00000e+00  1.00256e+00  9.99917e-01
 0.00000e+00  1.00256e+00  9.99917e-01
 0.00000e+00  1.00256e+00  9.99917e-01
 0.00000e+00  1.00256e+00  9.99917e-01
 0.00000e+00  1.00256e+00  9.99917e-01
 0.00000e+00  1.00256e+00  9.99917e-01
 0.00000e+00  1.00256e+00  9.99917e-01
 0.00000e+00  1.00256e+00  9.99917e-01
 0.00000e+00  1.00256e+00  9.99917e-01
 0.00000e+00  1.00256e+00  9.99917e-01
 0.00000e+00  1.00256e+00  9.99917e-01
 0.00000e+00  1.00256e+00  9.99917e-01
 0.00000e+00  1.00256e+00  9.99917e-01
 0.00000e+00  1.00256e+00  9.99917e-01
 0.00000e+00  1.00256e+00  9.99917e-01
 0.00000e+00  1.00256e+00  9.99917e-01
 0.00000e+00  1.00256e+00  9.99917e-01
 0.00000e+00  1.00256e+00  9.99917e-01
 0.00000e+00  1.00256e+00  9.99917e-01
 0.00000e+00  1.00256e+00  9.99917e-01
 0.00000e+00  1.00256e+00  9.99917e-01
 0.00000e+00  1.00256e+00  9.99917e-01
 0.00000e+00  1.00256e+00  9.99917e-01
 0.00000e+00  1.00256e+00  9.99917e-01
 0.00000e+00  1.00256e+00  9.99917e-01
 0.00000e+00  1.00256e+00  9.99917e-01
 0.00000e+00  1.00256e+00  9.99917e-01
 0.00000e+00  1.00256e+00  9.99917e-01
 0.00000e+00  1.00256e+00  9.99917e-01
 0.00000e+00  1.00256e+00  9.99917e-01
 0.00000e+00  1.00256e+00  9.99917e-01
 0.00000e+00  1.00256e+00  9.99917e-01
 0.00000e+00  1.00256e+00  9.99917e-01
 0.00000e+00  1.00256e+00  9.99917e-01
 0.00000e+00  1.00256e+00  9.99917e-01
 0.00000e+00  1.00256e+00  9.99917e-01
 0.00000e+00  1.00256e+00  9.99917e-01
 0.00000e+00  1.00256e+00  9.99917e-01
 0.00000e+00  1.00256e+00  9.99917e-01
 0.00000e+00  1.00256e+00  9.99917e-01
 0.00000e+00  1.00256e+00  9.99917e-01
 0.00000e+00  1.00256e+00  9.99917e-01
 0.00000e+00  1.00256e+00  9.99917e-01
 0.00000e+00  1.00256e+00  9.99917e-01
 0.00000e+00  1.00256e+00  9.99917e-01
 0.00000e+00  1.00256e+00  9.99917e-01
 0.00000e+00  1.00256e+00  9.99917e-01
 0.00000e+00  1.00256e+00  9.99917e-01
 0.00000e+00  1.00256e+00  9.99917e-01
 0.00000e+00  1.00256e+00  9.99917e-01
 0.00000e+00  1.00256e+00  9.99917e-01
 0.00000e+00  1.00256e+00  9.99917e-01
 0.00000e+00  1.00256e+00  9.99917e-01
 0.00000e+00  1.00256e+00  9.99917e-01
 0.00000e+00  1.00256e+00  9.99917e-01
 0.00000e+00  1.00256e+00  9.99917e-01
 0.00000e+00  1.00256e+00  9.99917e-01
 0.00000e+00  1.00256e+00  9.99917e-01
 0.00000e+00  1.00256e+00  9.99917e-01
 0.00000e+00  1.00256e+00  9.99917e-01
 0.00000e+00  1.00256e+00  9.99917e-01
 0.00000e+00  1.00256e+00  9.99917e-01
 0.00000e+00  1.00256e+00  9.99917e-01
 0.00000e+00  1.00256e+00  9.99917e-01
 0.00000e+00  1.00256e+00  9.99917e-01
 0.00000e+00  1.00256e+00  9.99917e-01
 0.00000e+00  1.00256e+00  9.99917e-01
 0.00000e+00  1.00256e+00  9.99917e-01
 0.00000e+00  1.00256e+00  9.99917e-01
 0.00000e+00  1.00256e+00  9.99917e-01
 0.00000e+00  1.00256e+00  9.99917e-01
 0.00000e+00  1.00256e+00  9.99917e-01
 0.00000e+00  1.00256e+00  9.99917e-01
 0.00000e+00  1.00256e+00  9.99917e-01
 0.00000e+00  1.00256e+00  9.99917e-01
 0.00000e+00  1.00256e+00  9.99917e-01
 0.00000e+00  1.00256e+00  9.99917e-01
 0.00000e+00  1.00256e+00  9.99917e-01
 0.00000e+00  1.00256e+00  9.99917e-01
 0.00000e+00  1.00256e+00  9.99917e-01
 0.00000e+00  1.00256e+00  9.99917e-01
 0.00000e+00  1.00256e+00  9.99917e-01
 0.00000e+00  1.00256e+00  9.99917e-01
 0.00000e+00  1.00256e+00  9.99917e-01
 0.00000e+00  1.00256e+00  9.99917e-01
 0.00000e+00  1.00256e+00  9.99917e-01
 0.00000e+00  1.00256e+00  9.99917e-01
 0.00000e+00  1.00256e+00  9.99917e-01
 0.00000e+00  1.00256e+00  9.99917e-01
 0.00000e+00  1.00256e+00  9.99917e-01
 0.00000e+00  1.00256e+00  9.99917e-01
 0.00000e+00  1.00256e+00  9.99917e-01
 0.00000e+00  1.00256e+00  9.99917e-01
 0.00000e+00  1.00256e+00  9.99917e-01
 0.00000e+00  1.00256e+00  9.99917e-01
 0.00000e+00  1.00256e+00  9.99917e-01
 0.00000e+00  1.00256e+00  9.99917e-01
 0.00000e+00  1.00256e+00  9.99917e-01
 0.00000e+00  1.00256e+00  9.99917e-01
 0.00000e+00  1.00256e+00  9.99917e-01
 0.00000e+00  1.00256e+00  9.99917e-01
 0.00000e+00  1.00256e+00  9.99917e-01
 0.00000e+00  1.00256e+00  9.99917e-01
 0.00000e+00  1.00256e+00  9.99917e-01
 0.00000e+00  1.00256e+00  9.99917e-01
 0.00000e+00  1.00256e+00  9.99917e-01
 0.00000e+00  1.00256e+00  9.99917e-01
 0.00000e+00  1.00256e+00  9.99917e-01
 0.00000e+00  1.00256e+00  9.99917e-01
 0.00000e+00  1.00256e+00  9.99917e-01
 0.00000e+00  1.00256e+00  9.99917e-01
 0.00000e+00  1.00256e+00  9.99917e-01
 0.00000e+00  1.00256e+00  9.99917e-01
 0.00000e+00  1.00256e+00  9.99917e-01
 0.00000e+00  1.00256e+00  9.99917e-01
 0.00000e+00  1.00256e+00  9.99917e-01
 0.00000e+00  1.00256e+00  9.99917e-01
 0.00000e+00  1.00256e+00  9.99917e-01
 0.00000e+00  1.00256e+00  9.99917e-01
 0.00000e+00  1.00256e+00  9.99917e-01
 0.00000e+00  1.00256e+00  9.99917e-01
 0.00000e+00  1.00256e+00  9.99917e-01
 0.00000e+00  1.00256e+00  9.99917e-01
 0.00000e+00  1.00256e+00  9.99917e-01
 0.00000e+00  1.00256e+00  9.99917e-01
 0.00000e+00  1.00256e+00  9.99917e-01
 0.00000e+00  1.00256e+00  9.99917e-01
 0.00000e+00  1.00256e+00  9.99917e-01
 0.00000e+00  1.00256e+00  9.99917e-01
 0.00000e+00  1.00256e+00  9.99917e-01
 0.00000e+00  1.00256e+00  9.99917e-01
 0.00000e+00  1.00256e+00  9.99917e-01
 0.00000e+00  1.00256e+00  9.99917e-01
 0.00000e+00  1.00256e+00  9.99917e-01
 0.00000e+00  1.00256e+00  9.99917e-01
 0.00000e+00  1.00256e+00  9.99917e-01
 0.00000e+00  1.00256e+00  9.99917e-01
 0.00000e+00  1.00256e+00  9.99917e-01
 0.00000e+00  1.00256e+00  9.99917e-01
 0.00000e+00  1.00256e+00  9.99917e-01
 0.00000e+00  1.00256e+00  9.99917e-01
 0.00000e+00  1.00256e+00  9.99917e-01
 0.00000e+00  1.00256e+00  9.99917e-01
 0.00000e+00  1.00256e+00  9.99917e-01
 0.00000e+00  1.00256e+00  9.99917e-01
 0.00000e+00  1.00256e+00  9.99917e-01
 0.00000e+00  1.00256e+00  9.99917e-01
 0.00000e+00  1.00256e+00  9.99917e-01
 0.00000e+00  1.00256e+00  9.99917e-01
 0.00000e+00  1.00256e+00  9.99917e-01
 0.00000e+00  1.00256e+00  9.99917e-01
 0.00000e+00  1.00256e+00  9.99917e-01
 0.00000e+00  1.00256e+00  9.99917e-01
 0.00000e+00  1.00256e+00  9.99917e-01
 0.00000e+00  1.00256e+00  9.99917e-01
 0.00000e+00  1.00256e+00  9.99917e-01
 0.00000e+00  1.00256e+00  9.99917e-01
 0.00000e+00  1.00256e+00  9.99917e-01
 0.00000e+00  1.00256e+00  9.99917e-01
 0.00000e+00  1.00256e+00  9.99917e-01
 0.00000e+00  1.00256e+00  9.99917e-01
 0.00000e+00  1.00256e+00  9.99917e-01
 0.00000e+00  1.00256e+00  9.99917e-01
 0.00000e+00  1.00256e+00  9.99917e-01
 0.00000e+00  1.00256e+00  9.99917e-01
 0.00000e+00  1.00256e+00  9.99917e-01
 0.00000e+00  1.00256e+00  9.99917e-01
 0.00000e+00  1.00256e+00  9.99917e-01
 0.00000e+00  1.00256e+00  9.99917e-01
 0.00000e+00  1.00256e+00  9.99917e-01
 0.00000e+00  1.00256e+00  9.99917e-01
 0.00000e+00  1.00256e+00  9.99917e-01
 0.00000e+00  1.00256e+00  9.99917e-01
 0.00000e+00  1.00256e+00  9.99917e-01
 0.00000e+00  1.00256e+00  9.99917e-01
 0.00000e+00  1.00256e+00  9.99917e-01
 0.00000e+00  1.00256e+00  9.99917e-01
 0.00000e+00  1.00256e+00  9.99917e-01
 0.00000e+00  1.00256e+00  9.99917e-01
 0.00000e+00  1.00256e+00  9.99917e-01
 0.00000e+00  1.00256e+00  9.99917e-01
 0.00000e+00  1.00256e+00  9.99917e-01
 0.00000e+00  1.00256e+00  9.99917e-01
 0.00000e+00  1.00256e+00  9.99917e-01
 0.00000e+00  1.00256e+00  9.99917e-01
 0.00000e+00  1.00256e+00  9.99917e-01
 0.00000e+00  1.00256e+00  9.99917e-01
 0.00000e+00  1.00256e+00  9.99917e-01
 0.00000e+00  1.00256e+00  9.99917e-01
 0.00000e+00  1.00256e+00  9.99917e-01
 0.00000e+00  1.00256e+00  9.99917e-01
 0.00000e+00  1.00256e+00  9.99917e-01
 0.00000e+00  1.00256e+00  9.99917e-01
 0.00000e+00  1.00256e+00  9.99917e-01
 0.00000e+00  1.00256e+00  9.99917e-01
 0.00000e+00  1.00256e+00  9.99917e-01
 0.00000e+00  1.00256e+00  9.99917e-01
 0.00000e+00  1.00256e+00  9.99917e-01
 0.00000e+00  1.00256e+00  9.99917e-01
 0.00000e+00  1.00256e+00  9.99917e-01
 0.00000e+00  1.00256e+00  9.99917e-01
 0.00000e+00  1.00256e+00  9.99917e-01
 0.00000e+00  1.00256e+00  9.99917e-01
 0.00000e+00  1.00256e+00  9.99917e-01
 0.00000e+00  1.00256e+00  9.99917e-01
 0.00000e+00  1.00256e+00  9.99917e-01
 0.00000e+00  1.00256e+00  9.99917e-01
 0.00000e+00  1.00256e+00  9.99917e-01
 0.00000e+00  1.00256e+00  9.99917e-01
 0.00000e+00  1.00256e+00  9.99917e-01
 0.00000e+00  1.00256e+00  9.99917e-01
 0.00000e+00  1.00256e+00  9.99917e-01
 0.00000e+00  1.00256e+00  9.99917e-01
 0.00000e+00  1.00256e+00  9.99917e-01
 0.00000e+00  1.00256e+00  9.99917e-01
 0.00000e+00  1.00256e+00  9.99917e-01
 0.00000e+00  1.00256e+00  9.99917e-01
 0.00000e+00  1.00256e+00  9.99917e-01
 0.00000e+00  1.00256e+00  9.99917e-01
 0.00000e+00  1.00256e+00  9.99917e-01
 0.00000e+00  1.00256e+00  9.99917e-01
 0.00000e+00  1.00256e+00  9.99917e-01
 0.00000e+00  1.00256e+00  9.99917e-01
 0.00000e+00  1.00256e+00  9.99917e-01
 0.00000e+00  1.00256e+00  9.99917e-01
 0.00000e+00  1.00256e+00  9.99917e-01
 0.00000e+00  1.00256e+00  9.99917e-01
 0.00000e+00  1.00256e+00  9.99917e-01
 0.00000e+00  1.00256e+00  9.99917e-01
 0.00000e+00  1.00256e+00  9.99917e-01
 0.00000e+00  1.00256e+00  9.99917e-01
 0.00000e+00  1.00256e+00  9.99917e-01
 0.00000e+00  1.00256e+00  9.99917e-01
 0.00000e+00  1.00256e+00  9.99917e-01
 0.00000e+00  1.00256e+00  9.99917e-01
 0.00000e+00  1.00256e+00  9.99917e-01
 0.00000e+00  1.00256e+00  9.99917e-01
 0.00000e+00  1.00256e+00  9.99917e-01
 0.00000e+00  1.00256e+00  9.99917e-01
 0.00000e+00  1.00256e+00  9.99917e-01
 0.00000e+00  1.00256e+00  9.99917e-01
 0.00000e+00  1.00256e+00  9.99917e-01
 0.00000e+00  1.00256e+00  9.99917e-01
 0.00000e+00  1.00256e+00  9.99917e-01
 0.00000e+00  1.00256e+00  9.99917e-01
 0.00000e+00  1.00256e+00  9.99917e-01
 0.00000e+00  1.00256e+00  9.99917e-01
 0.00000e+00  1.00256e+00  9.99917e-01
 0.00000e+00  1.00256e+00  9.99917e-01
 0.00000e+00  1.00256e+00  9.99917e-01
 0.00000e+00  1.00256e+00  9.99917e-01
 0.00000e+00  1.00256e+00  9.99917e-01
 0.00000e+00  1.00256e+00  9.99917e-01
 0.00000e+00  1.00256e+00  9.99917e-01
 0.00000e+00  1.00256e+00  9.99917e-01
 0.00000e+00  1.00256e+00  9.99917e-01
 0.00000e+00  1.00256e+00  9.99917e-01
 0.00000e+00  1.00256e+00  9.99917e-01
 0.00000e+00  1.00256e+00  9.99917e-01
 0.00000e+00  1.00256e+00  9.99917e-01
 0.00000e+00  1.00256e+00  9.99917e-01
 0.00000e+00  1.00256e+00  9.99917e-01
 0.00000e+00  1.00256e+00  9.99917e-01
 0.00000e+00  1.00256e+00  9.99917e-01
 0.00000e+00  1.00256e+00  9.99917e-01
 0.00000e+00  1.00256e+00  9.99917e-01
 0.00000e+00  1.00256e+00  9.99917e-01
 0.00000e+00  1.00256e+00  9.99917e-01
 0.00000e+00  1.00256e+00  9.99917e-01
 0.00000e+00  1.00256e+00  9.99917e-01
 0.00000e+00  1.00256e+00  9.99917e-01
 0.00000e+00  1.00256e+00  9.99917e-01
 0.00000e+00  1.00256e+00  9.99917e-01
 0.00000e+00  1.00256e+00  9.99917e-01
 0.00000e+00  1.00256e+00  9.99917e-01
 0.00000e+00  1.00256e+00  9.99917e-01
 0.00000e+00  1.00256e+00  9.99917e-01
 0.00000e+00  1.00256e+00  9.99917e-01
 0.00000e+00  1.00256e+00  9.99917e-01
 0.00000e+00  1.00256e+00  9.99917e-01
 0.00000e+00  1.00256e+00  9.99917e-01
 0.00000e+00  1.00256e+00  9.99917e-01
 0.00000e+00  1.00256e+00  9.99917e-01
 0.00000e+00  1.00256e+00  9.99917e-01
 0.00000e+00  1.00256e+00  9.99917e-01
 0.00000e+00  1.00256e+00  9.99917e-01
 0.00000e+00  1.00256e+00  9.99917e-01
 0.00000e+00  1.00256e+00  9.99917e-01
 0.00000e+00  1.00256e+00  9.99917e-01
 0.00000e+00  1.00256e+00  9.99917e-01
 0.00000e+00  1.00256e+00  9.99917e-01
 0.00000e+00  1.00256e+00  9.99917e-01
 0.00000e+00  1.00256e+00  9.99917e-01
 0.00000e+00  1.00256e+00  9.99917e-01
 0.00000e+00  1.00256e+00  9.99917e-01
 0.00000e+00  1.00256e+00  9.99917e-01
 0.00000e+00  1.00256e+00  9.99917e-01
 0.00000e+00  1.00256e+00  9.99917e-01
 0.00000e+00  1.00256e+00  9.99917e-01
 0.00000e+00  1.00256e+00  9.99917e-01
 0.00000e+00  1.00256e+00  9.99917e-01
 0.00000e+00  1.00256e+00  9.99917e-01
 0.00000e+00  1.00256e+00  9.99917e-01
 0.00000e+00  1.00256e+00  9.99917e-01
 0.00000e+00  1.00256e+00  9.99917e-01
 0.00000e+00  1.00256e+00  9.99917e-01
 0.00000e+00  1.00256e+00  9.99917e-01
 0.00000e+00  1.00256e+00  9.99917e-01
 0.00000e+00  1.00256e+00  9.99917e-01
 0.00000e+00  1.00256e+00  9.99917e-01
 0.00000e+00  1.00256e+00  9.99917e-01
 0.00000e+00  1.00256e+00  9.99917e-01
 0.00000e+00  1.00256e+00  9.99917e-01
 0.00000e+00  1.00256e+00  9.99917e-01
 0.00000e+00  1.00256e+00  9.99917e-01
 0.00000e+00  1.00256e+00  9.99917e-01
 0.00000e+00  1.00256e+00  9.99917e-01
 0.00000e+00  1.00256e+00  9.99917e-01
 0.00000e+00  1.00256e+00  9.99917e-01
 0.00000e+00  1.00256e+00  9.99917e-01
 0.00000e+00  1.00256e+00  9.99917e-01
 0.00000e+00  1.00256e+00  9.99917e-01
 0.00000e+00  1.00256e+00  9.99917e-01
 0.00000e+00  1.00256e+00  9.99917e-01
 0.00000e+00  1.00256e+00  9.99917e-01
 0.00000e+00  1.00256e+00  9.99917e-01
 0.00000e+00  1.00256e+00  9.99917e-01
 0.00000e+00  1.00256e+00  9.99917e-01
 0.00000e+00  1.00256e+00  9.99917e-01
 0.00000e+00  1.00256e+00  9.99917e-01
 0.00000e+00  1.00256e+00  9.99917e-01
 0.00000e+00  1.00256e+00  9.99917e-01
 0.00000e+00  1.00256e+00  9.99917e-01
 0.00000e+00  1.00256e+00  9.99917e-01
 0.00000e+00  1.00256e+00  9.99917e-01
 0.00000e+00  1.00256e+00  9.99917e-01
 0.00000e+00  1.00256e+00  9.99917e-01
 0.00000e+00  1.00256e+00  9.99917e-01
 0.00000e+00  1.00256e+00  9.99917e-01
 0.00000e+00  1.00256e+00  9.99917e-01
 0.00000e+00  1.00256e+00  9.99917e-01
 0.00000e+00  1.00256e+00  9.99917e-01
 0.00000e+00  1.00256e+00  9.99917e-01
 0.00000e+00  1.00256e+00  9.99917e-01
 0.00000e+00  1.00256e+00  9.99917e-01
 0.00000e+00  1.00256e+00  9.99917e-01
 0.00000e+00  1.00256e+00  9.99917e-01
 0.00000e+00  1.00256e+00  9.99917e-01
 0.00000e+00  1.00256e+00  9.99917e-01
 0.00000e+00  1.00256e+00  9.99917e-01
 0.00000e+00  1.00256e+00  9.99917e-01
 0.00000e+00  1.00256e+00  9.99917e-01
 0.00000e+00  1.00256e+00  9.99917e-01
 0.00000e+00  1.00256e+00  9.99917e-01
 0.00000e+00  1.00256e+00  9.99917e-01
 0.00000e+00  1.00256e+00  9.99917e-01
 0.00000e+00  1.00256e+00  9.99917e-01
 0.00000e+00  1.00256e+00  9.99917e-01
 0.00000e+00  1.00256e+00  9.99917e-01
 0.00000e+00  1.00256e+00  9.99917e-01
 0.00000e+00  1.00256e+00  9.99917e-01
 0.00000e+00  1.00256e+00  9.99917e-01
 0.00000e+00  1.00256e+00  9.99917e-01
 0.00000e+00  1.00256e+00  9.99917e-01
 0.00000e+00  1.00256e+00  9.99917e-01
 0.00000e+00  1.00256e+00  9.99917e-01
 0.00000e+00  1.00256e+00  9.99917e-01
 0.00000e+00  1.00256e+00  9.99917e-01
 0.00000e+00  1.00256e+00  9.99917e-01
 0.00000e+00  1.00256e+00  9.99917e-01
 0.00000e+00  1.00256e+00  9.99917e-01
 0.00000e+00  1.00256e+00  9.99917e-01
 0.00000e+00  1.00256e+00  9.99917e-01
 0.00000e+00  1.00256e+00  9.99917e-01
 0.00000e+00  1.00256e+00  9.99917e-01
 0.00000e+00  1.00256e+00  9.99917e-01
 0.00000e+00  1.00256e+00  9.99917e-01
 0.00000e+00  1.00256e+00  9.99917e-01
 0.00000e+00  1.00256e+00  9.99917e-01
 0.00000e+00  1.00256e+00  9.99917e-01
 0.00000e+00  1.00256e+00  9.99917e-01
 0.00000e+00  1.00256e+00  9.99917e-01
 0.00000e+00  1.00256e+00  9.99917e-01
 0.00000e+00  1.00256e+00  9.99917e-01
 0.00000e+00  1.00256e+00  9.99917e-01
 0.00000e+00  1.00256e+00  9.99917e-01
 0.00000e+00  1.00256e+00  9.99917e-01
 0.00000e+00  1.00256e+00  9.99917e-01
 0.00000e+00  1.00256e+00  9.99917e-01
 0.00000e+00  1.00256e+00  9.99917e-01
 0.00000e+00  1.00256e+00  9.99917e-01
 0.00000e+00  1.00256e+00  9.99917e-01
 0.00000e+00  1.00256e+00  9.99917e-01
 0.00000e+00  1.00256e+00  9.99917e-01
 0.00000e+00  1.00256e+00  9.99917e-01
 0.00000e+00  1.00256e+00  9.99917e-01
 0.00000e+00  1.00256e+00  9.99917e-01
 0.00000e+00  1.00256e+00  9.99917e-01
 0.00000e+00  1.00256e+00  9.99917e-01
 0.00000e+00  1.00256e+00  9.99917e-01
 0.00000e+00  1.00256e+00  9.99917e-01
 0.00000e+00  1.00256e+00  9.99917e-01
 0.00000e+00  1.00256e+00  9.99917e-01
 0.00000e+00  1.00256e+00  9.99917e-01
 0.00000e+00  1.00256e+00  9.99917e-01
 0.00000e+00  1.00256e+00  9.99917e-01
 0.00000e+00  1.00256e+00  9.99917e-01
 0.00000e+00  1.00256e+00  9.99917e-01
 0.00000e+00  1.00256e+00  9.99917e-01
 0.00000e+00  1.00256e+00  9.99917e-01
 0.00000e+00  1.00256e+00  9.99917e-01
 0.00000e+00  1.00256e+00  9.99917e-01
 0.00000e+00  1.00256e+00  9.99917e-01
 0.00000e+00  1.00256e+00  9.99917e-01
 0.00000e+00  1.00256e+00  9.99917e-01
 0.00000e+00  1.00256e+00  9.99917e-01
 0.00000e+00  1.00256e+00  9.99917e-01
 0.00000e+00  1.00256e+00  9.99917e-01
 0.00000e+00  1.00256e+00  9.99917e-01
 0.00000e+00  1.00256e+00  9.99917e-01
 0.00000e+00  1.00256e+00  9.99917e-01
 0.00000e+00  1.00256e+00  9.99917e-01
 0.00000e+00  1.00256e+00  9.99917e-01
 0.00000e+00  1.00256e+00  9.99917e-01
 0.00000e+00  1.00256e+00  9.99917e-01
 0.00000e+00  1.00256e+00  9.99917e-01
 0.00000e+00  1.00256e+00  9.99917e-01
 0.00000e+00  1.00256e+00  9.99917e-01
 0.00000e+00  1.00256e+00  9.99917e-01
 0.00000e+00  1.00256e+00  9.99917e-01
 0.00000e+00  1.00256e+00  9.99917e-01
 0.00000e+00  1.00256e+00  9.99917e-01
 0.00000e+00  1.00256e+00  9.99917e-01
 0.00000e+00  1.00256e+00  9.99917e-01
 0.00000e+00  1.00256e+00  9.99917e-01
 0.00000e+00  1.00256e+00  9.99917e-01
 0.00000e+00  1.00256e+00  9.99917e-01
 0.00000e+00  1.00256e+00  9.99917e-01
 0.00000e+00  1.00256e+00  9.99917e-01
 0.00000e+00  1.00256e+00  9.99917e-01
 0.00000e+00  1.00256e+00  9.99917e-01
 0.00000e+00  1.00256e+00  9.99917e-01
 0.00000e+00  1.00256e+00  9.99917e-01
 0.00000e+00  1.00256e+00  9.99917e-01
 0.00000e+00  1.00256e+00  9.99917e-01
 0.00000e+00  1.00256e+00  9.99917e-01
 0.00000e+00  1.00256e+00  9.99917e-01
 0.00000e+00  1.00256e+00  9.99917e-01
 0.00000e+00  1.00256e+00  9.99917e-01
 0.00000e+00  1.00256e+00  9.99917e-01
 0.00000e+00  1.00256e+00  9.99917e-01
 0.00000e+00  1.00256e+00  9.99917e-01
 0.00000e+00  1.00256e+00  9.99917e-01
 0.00000e+00  1.00256e+00  9.99917e-01
 0.00000e+00  1.00256e+00  9.99917e-01
 0.00000e+00  1.00256e+00  9.99917e-01
 0.00000e+00  1.00256e+00  9.99917e-01
 0.00000e+00  1.00256e+00  9.99917e-01
 0.00000e+00  1.00256e+00  9.99917e-01
 0.00000e+00  1.00256e+00  9.99917e-01
 0.00000e+00  1.00256e+00  9.99917e-01
 0.00000e+00  1.00256e+00  9.99917e-01
 0.00000e+00  1.00256e+00  9.99917e-01
 0.00000e+00  1.00256e+00  9.99917e-01
 0.00000e+00  1.00256e+00  9.99917e-01
 0.00000e+00  1.00256e+00  9.99917e-01
 0.00000e+00  1.00256e+00  9.99917e-01
 0.00000e+00  1.00256e+00  9.99917e-01
 0.00000e+00  1.00256e+00  9.99917e-01
 0.00000e+00  1.00256e+00  9.99917e-01
 0.00000e+00  1.00256e+00  9.99917e-01
 0.00000e+00  1.00256e+00  9.99917e-01
 0.00000e+00  1.00256e+00  9.99917e-01
 0.00000e+00  1.00256e+00  9.99917e-01
 0.00000e+00  1.00256e+00  9.99917e-01
 0.00000e+00  1.00256e+00  9.99917e-01
 0.00000e+00  1.00256e+00  9.99917e-01
 0.00000e+00  1.00256e+00  9.99917e-01
 0.00000e+00  1.00256e+00  9.99917e-01
 0.00000e+00  1.00256e+00  9.99917e-01
 0.00000e+00  1.00256e+00  9.99917e-01
 0.00000e+00  1.00256e+00  9.99917e-01
 0.00000e+00  1.00256e+00  9.99917e-01
 0.00000e+00  1.00256e+00  9.99917e-01
 0.00000e+00  1.00256e+00  9.99917e-01
 0.00000e+00  1.00256e+00  9.99917e-01
 0.00000e+00  1.00256e+00  9.99917e-01
 0.00000e+00  1.00256e+00  9.99917e-01
 0.00000e+00  1.00256e+00  9.99917e-01
 0.00000e+00  1.00256e+00  9.99917e-01
 0.00000e+00  1.00256e+00  9.99917e-01
 0.00000e+00  1.00256e+00  9.99917e-01
 0.00000e+00  1.00256e+00  9.99917e-01
 0.00000e+00  1.00256e+00  9.99917e-01
 0.00000e+00  1.00256e+00  9.99917e-01
 0.00000e+00  1.00256e+00  9.99917e-01
 0.00000e+00  1.00256e+00  9.99917e-01
 0.00000e+00  1.00256e+00  9.99917e-01
 0.00000e+00  1.00256e+00  9.99917e-01
 0.00000e+00  1.00256e+00  9.99917e-01
 0.00000e+00  1.00256e+00  9.99917e-01
 0.00000e+00  1.00256e+00  9.99917e-01
 0.00000e+00  1.00256e+00  9.99917e-01
 0.00000e+00  1.00256e+00  9.99917e-01
 0.00000e+00  1.00256e+00  9.99917e-01
 0.00000e+00  1.00256e+00  9.99917e-01
 0.00000e+00  1.00256e+00  9.99917e-01
 0.00000e+00  1.00256e+00  9.99917e-01
 0.00000e+00  1.00256e+00  9.99917e-01
 0.00000e+00  1.00256e+00  9.99917e-01
 0.00000e+00  1.00256e+00  9.99917e-01
 0.00000e+00  1.00256e+00  9.99917e-01
 0.00000e+00  1.00256e+00  9.99917e-01
 0.00000e+00  1.00256e+00  9.99917e-01
 0.00000e+00  1.00256e+00  9.99917e-01
 0.00000e+00  1.00256e+00  9.99917e-01
 0.00000e+00  1.00256e+00  9.99917e-01
 0.00000e+00  1.00256e+00  9.99917e-01
 0.00000e+00  1.00256e+00  9.99917e-01
 0.00000e+00  1.00256e+00  9.99917e-01
 0.00000e+00  1.00256e+00  9.99917e-01
 0.00000e+00  1.00256e+00  9.99917e-01
 0.00000e+00  1.00256e+00  9.99917e-01
 0.00000e+00  1.00256e+00  9.99917e-01
 0.00000e+00  1.00256e+00  9.99917e-01
 0.00000e+00  1.00256e+00  9.99917e-01
 0.00000e+00  1.00256e+00  9.99917e-01
 0.00000e+00  1.00256e+00  9.99917e-01
 0.00000e+00  1.00256e+00  9.99917e-01
 0.00000e+00  1.00256e+00  9.99917e-01
 0.00000e+00  1.00256e+00  9.99917e-01
 0.00000e+00  1.00256e+00  9.99917e-01
 0.00000e+00  1.00256e+00  9.99917e-01
 0.00000e+00  1.00256e+00  9.99917e-01
 0.00000e+00  1.00256e+00  9.99917e-01
 0.00000e+00  1.00256e+00  9.99917e-01
 0.00000e+00  1.00256e+00  9.99917e-01
 0.00000e+00  1.00256e+00  9.99917e-01
 0.00000e+00  1.00256e+00  9.99917e-01
 0.00000e+00  1.00256e+00  9.99917e-01
 0.00000e+00  1.00256e+00  9.99917e-01
 0.00000e+00  1.00256e+00  9.99917e-01
 0.00000e+00  1.00256e+00  9.99917e-01
 0.00000e+00  1.00256e+00  9.99917e-01
 0.00000e+00  1.00256e+00  9.99917e-01
 0.00000e+00  1.00256e+00  9.99917e-01
 0.00000e+00  1.00256e+00  9.99917e-01
 0.00000e+00  1.00256e+00  9.99917e-01
 0.00000e+00  1.00256e+00  9.99917e-01
 0.00000e+00  1.00256e+00  9.99917e-01
 0.00000e+00  1.00256e+00  9.99917e-01
 0.00000e+00  1.00256e+00  9.99917e-01
 0.00000e+00  1.00256e+00  9.99917e-01
 0.00000e+00  1.00256e+00  9.99917e-01
 0.00000e+00  1.00256e+00  9.99917e-01
 0.00000e+00  1.00256e+00  9.99917e-01
 0.00000e+00  1.00256e+00  9.99917e-01
 0.00000e+00  1.00256e+00  9.99917e-01
 0.00000e+00  1.00256e+00  9.99917e-01
 0.00000e+00  1.00256e+00  9.99917e-01
 0.00000e+00  1.00256e+00  9.99917e-01
 0.00000e+00  1.00256e+00  9.99917e-01
 0.00000e+00  1.00256e+00  9.99917e-01
 0.00000e+00  1.00256e+00  9.99917e-01
 0.00000e+00  1.00256e+00  9.99917e-01
 0.00000e+00  1.00256e+00  9.99917e-01
 0.00000e+00  1.00256e+00  9.99917e-01
 0.00000e+00  1.00256e+00  9.99917e-01
 0.00000e+00  1.00256e+00  9.99917e-01
 0.00000e+00  1.00256e+00  9.99917e-01
 0.00000e+00  1.00256e+00  9.99917e-01
 0.00000e+00  1.00256e+00  9.99917e-01
 0.00000e+00  1.00256e+00  9.99917e-01
 0.00000e+00  1.00256e+00  9.99917e-01
 0.00000e+00  1.00256e+00  9.99917e-01
 0.00000e+00  1.00256e+00  9.99917e-01
 0.00000e+00  1.00256e+00  9.99917e-01
 0.00000e+00  1.00256e+00  9.99917e-01
 0.00000e+00  1.00256e+00  9.99917e-01
 0.00000e+00  1.00256e+00  9.99917e-01
 0.00000e+00  1.00256e+00  9.99917e-01
 0.00000e+00  1.00256e+00  9.99917e-01
 0.00000e+00  1.00256e+00  9.99917e-01
 0.00000e+00  1.00256e+00  9.99917e-01
 0.00000e+00  1.00256e+00  9.99917e-01
 0.00000e+00  1.00256e+00  9.99917e-01
 0.00000e+00  1.00256e+00  9.99917e-01
 0.00000e+00  1.00256e+00  9.99917e-01
 0.00000e+00  1.00256e+00  9.99917e-01
 0.00000e+00  1.00256e+00  9.99917e-01
 0.00000e+00  1.00256e+00  9.99917e-01
