756
 1.86536e-02  1.00650e+00  1.00752e+00
 3.47040e-02  1.00676e+00  1.00692e+00
 3.85600e-02  1.00699e+00  1.00677e+00
 4.67896e-02  1.00533e+00  1.00646e+00
 5.92280e-02  1.00587e+00  1.00598e+00
 6.78808e-02  1.00518e+00  1.00565e+00
 7.60160e-02  1.00470e+00  1.00535e+00
 7.96940e-02  1.00425e+00  1.00521e+00
 8.45808e-02  1.00531e+00  1.00502e+00
 9.00612e-02  1.00417e+00  1.00482e+00
 1.00682e-01  1.00409e+00  1.00443e+00
 1.11033e-01  1.00407e+00  1.00405e+00
 1.16774e-01  1.00432e+00  1.00385e+00
 1.23340e-01  1.00431e+00  1.00362e+00
 1.29862e-01  1.00399e+00  1.00339e+00
 1.33416e-01  1.00168e+00  1.00327e+00
 1.42841e-01  1.00302e+00  1.00295e+00
 1.49718e-01  1.00255e+00  1.00272e+00
 1.56638e-01  1.00189e+00  1.00250e+00
 1.75380e-01  1.00129e+00  1.00191e+00
 1.88417e-01  1.00116e+00  1.00153e+00
 1.96625e-01  1.00132e+00  1.00129e+00
 2.03210e-01  1.00030e+00  1.00111e+00
 2.11672e-01  1.00166e+00  1.00088e+00
 2.20144e-01  1.00034e+00  1.00066e+00
 2.32938e-01  1.00092e+00  1.00034e+00
 2.47668e-01  1.00108e+00  1.00000e+00
 2.63640e-01  9.99605e-01  9.99653e-01
 2.76604e-01  9.99284e-01  9.99391e-01
 2.88811e-01  9.99155e-01  9.99160e-01
 2.94767e-01  9.99237e-01  9.99052e-01
 3.02772e-01  9.98529e-01  9.98914e-01
 3.08456e-01  9.98748e-01  9.98819e-01
 3.11803e-01  9.99607e-01  9.98765e-01
 3.23694e-01  9.98849e-01  9.98581e-01
 3.31347e-01  9.98420e-01  9.98470e-01
 3.40374e-01  9.98651e-01  9.98346e-01
 3.50307e-01  9.97770e-01  9.98217e-01
 3.59063e-01  9.98707e-01  9.98111e-01
 3.62076e-01  9.96157e-01  9.98076e-01
 3.65872e-01  9.97829e-01  9.98033e-01
 3.71708e-01  9.97282e-01  9.97969e-01
 3.79793e-01  9.97784e-01  9.97885e-01
 3.95225e-01  9.97074e-01  9.97739e-01
 4.02854e-01  9.97035e-01  9.97674e-01
 4.08870e-01  9.96805e-01  9.97625e-01
 4.15040e-01  9.97173e-01  9.97578e-01
 4.34310e-01  9.97245e-01  9.97448e-01
 4.44241e-01  9.96574e-01  9.97390e-01
 4.55859e-01  9.96687e-01  9.97330e-01
 4.67586e-01  9.97117e-01  9.97278e-01
 4.73736e-01  9.96868e-01  9.97254e-01
 4.79608e-01  9.96282e-01  9.97233e-01
 4.85881e-01  9.97356e-01  9.97212e-01
 4.89533e-01  9.96462e-01  9.97201e-01
 4.96292e-01  9.96611e-01  9.97182e-01
 5.01364e-01  9.96303e-01  9.97170e-01
 5.07978e-01  9.97403e-01  9.97156e-01
 5.17526e-01  9.97601e-01  9.97138e-01
 5.23905e-01  9.97253e-01  9.97129e-01
 5.28312e-01  9.96308e-01  9.97124e-01
 5.33667e-01  9.96445e-01  9.97118e-01
 5.37616e-01  9.97405e-01  9.97115e-01
 5.44221e-01  9.95740e-01  9.97111e-01
 5.53840e-01  9.96328e-01  9.97109e-01
 5.63516e-01  9.96255e-01  9.97110e-01
 5.69534e-01  9.96085e-01  9.97112e-01
 5.76646e-01  9.95848e-01  9.97117e-01
 5.81488e-01  9.96077e-01  9.97121e-01
 5.88142e-01  9.96168e-01  9.97127e-01
 5.99984e-01  9.96663e-01  9.97143e-01
 6.14958e-01  9.96746e-01  9.97169e-01
 6.23736e-01  9.95031e-01  9.97186e-01
 6.29254e-01  9.96672e-01  9.97199e-01
 6.38311e-01  9.96159e-01  9.97221e-01
 6.43013e-01  9.96834e-01  9.97233e-01
 6.58748e-01  9.97164e-01  9.97277e-01
 6.66692e-01  9.97344e-01  9.97302e-01
 6.73654e-01  9.95790e-01  9.97325e-01
 6.95456e-01  9.98327e-01  9.97402e-01
 7.03046e-01  9.96529e-01  9.97431e-01
 7.06114e-01  9.96097e-01  9.97443e-01
 7.14350e-01  9.96018e-01  9.97476e-01
 7.19848e-01  9.96746e-01  9.97498e-01
 7.24658e-01  9.98546e-01  9.97518e-01
 7.27643e-01  9.95045e-01  9.97531e-01
 7.37512e-01  9.97180e-01  9.97574e-01
 7.54813e-01  9.97586e-01  9.97652e-01
 7.65497e-01  9.97228e-01  9.97702e-01
 7.71680e-01  9.97053e-01  9.97732e-01
 7.81516e-01  9.98341e-01  9.97780e-01
 7.90942e-01  9.96520e-01  9.97827e-01
 8.04527e-01  9.98062e-01  9.97896e-01
 8.08792e-01  9.97488e-01  9.97918e-01
 8.15048e-01  9.97362e-01  9.97951e-01
 8.23441e-01  9.97814e-01  9.97996e-01
 8.28675e-01  9.98531e-01  9.98024e-01
 8.37200e-01  9.98700e-01  9.98070e-01
 8.46167e-01  9.97507e-01  9.98119e-01
 8.49801e-01  9.95535e-01  9.98139e-01
 8.52328e-01  9.98506e-01  9.98153e-01
 8.57956e-01  9.97434e-01  9.98184e-01
 8.61550e-01  9.97370e-01  9.98204e-01
 8.66501e-01  9.97645e-01  9.98232e-01
 8.72505e-01  9.99094e-01  9.98266e-01
 8.80634e-01  9.97042e-01  9.98312e-01
 8.89099e-01  9.97770e-01  9.98361e-01
 8.96330e-01  9.97266e-01  9.98403e-01
 9.16358e-01  9.98036e-01  9.98520e-01
 9.25450e-01  9.97455e-01  9.98574e-01
 9.31303e-01  9.97435e-01  9.98608e-01
 9.39958e-01  9.97837e-01  9.98660e-01
 9.47314e-01  9.97405e-01  9.98704e-01
 9.54903e-01  9.97900e-01  9.98749e-01
 9.72206e-01  9.97741e-01  9.98854e-01
 9.89705e-01  9.97066e-01  9.98961e-01
 9.97296e-01  9.97600e-01  9.99007e-01
 1.00274e+00  9.97309e-01  9.99041e-01
 1.01134e+00  9.97434e-01  9.99093e-01
 1.01925e+00  9.97831e-01  9.99142e-01
 1.02699e+00  9.97662e-01  9.99190e-01
 1.03545e+00  9.97619e-01  9.99242e-01
 1.04723e+00  9.98555e-01  9.99315e-01
 1.05900e+00  9.97724e-01  9.99388e-01
 1.07193e+00  9.98760e-01  9.99469e-01
 1.09021e+00  9.98997e-01  9.99583e-01
 1.10770e+00  9.99486e-01  9.99692e-01
 1.11883e+00  9.99522e-01  9.99761e-01
 1.12967e+00  9.98629e-01  9.99829e-01
 1.14113e+00  9.99558e-01  9.99901e-01
 1.15191e+00  9.99488e-01  9.99968e-01
 1.15954e+00  9.98762e-01  1.00002e+00
 1.16932e+00  9.99445e-01  1.00008e+00
 1.18396e+00  1.00106e+00  1.00017e+00
 1.19581e+00  1.00093e+00  1.00024e+00
 1.22989e+00  1.00063e+00  1.00045e+00
 1.24085e+00  1.00138e+00  1.00052e+00
 1.24644e+00  9.99120e-01  1.00056e+00
 1.25035e+00  9.99780e-01  1.00058e+00
 1.25593e+00  1.00084e+00  1.00061e+00
 1.26053e+00  1.00034e+00  1.00064e+00
 1.26740e+00  9.99629e-01  1.00068e+00
 1.27850e+00  1.00122e+00  1.00075e+00
 1.28471e+00  1.00119e+00  1.00079e+00
 1.29284e+00  1.00106e+00  1.00084e+00
 1.31656e+00  1.00114e+00  1.00099e+00
 1.32326e+00  1.00146e+00  1.00103e+00
 1.35751e+00  1.00163e+00  1.00123e+00
 1.36680e+00  1.00082e+00  1.00129e+00
 1.37359e+00  1.00068e+00  1.00133e+00
 1.38807e+00  1.00142e+00  1.00141e+00
 1.39452e+00  1.00041e+00  1.00145e+00
 1.40561e+00  1.00254e+00  1.00152e+00
 1.41061e+00  1.00141e+00  1.00155e+00
 1.41590e+00  1.00025e+00  1.00158e+00
 1.42555e+00  1.00193e+00  1.00163e+00
 1.43736e+00  1.00157e+00  1.00170e+00
 1.45162e+00  1.00292e+00  1.00178e+00
 1.45871e+00  1.00158e+00  1.00182e+00
 1.47382e+00  1.00055e+00  1.00191e+00
 1.47733e+00  1.00104e+00  1.00193e+00
 1.48310e+00  1.00314e+00  1.00196e+00
 1.49469e+00  1.00159e+00  1.00202e+00
 1.50828e+00  1.00174e+00  1.00210e+00
 1.51520e+00  1.00128e+00  1.00213e+00
 1.52307e+00  1.00170e+00  1.00218e+00
 1.53236e+00  1.00142e+00  1.00223e+00
 1.54050e+00  1.00116e+00  1.00227e+00
 1.54798e+00  1.00213e+00  1.00231e+00
 1.55686e+00  1.00140e+00  1.00235e+00
 1.56617e+00  1.00189e+00  1.00240e+00
 1.58201e+00  1.00113e+00  1.00248e+00
 1.59039e+00  1.00250e+00  1.00252e+00
 1.60478e+00  1.00113e+00  1.00259e+00
 1.61031e+00  1.00265e+00  1.00261e+00
 1.61849e+00  1.00297e+00  1.00265e+00
 1.63032e+00  1.00195e+00  1.00270e+00
 1.64253e+00  1.00135e+00  1.00276e+00
 1.64702e+00  1.00233e+00  1.00278e+00
 1.65973e+00  1.00155e+00  1.00283e+00
 1.66587e+00  1.00145e+00  1.00285e+00
 1.67930e+00  1.00369e+00  1.00291e+00
 1.68523e+00  1.00269e+00  1.00293e+00
 1.69152e+00  1.00247e+00  1.00295e+00
 1.70570e+00  1.00089e+00  1.00300e+00
 1.71276e+00  1.00265e+00  1.00303e+00
 1.72350e+00  1.00196e+00  1.00306e+00
 1.73561e+00  1.00139e+00  1.00310e+00
 1.74447e+00  1.00166e+00  1.00313e+00
 1.74903e+00  1.00299e+00  1.00314e+00
 1.76113e+00  1.00236e+00  1.00317e+00
 1.76945e+00  1.00219e+00  1.00319e+00
 1.77819e+00  1.00223e+00  1.00321e+00
 1.79539e+00  1.00294e+00  1.00324e+00
 1.80459e+00  1.00198e+00  1.00326e+00
 1.80923e+00  1.00149e+00  1.00326e+00
 1.82129e+00  1.00266e+00  1.00328e+00
 1.84042e+00  1.00229e+00  1.00329e+00
 1.85204e+00  1.00247e+00  1.00330e+00
 1.85745e+00  1.00195e+00  1.00330e+00
 1.86079e+00  1.00321e+00  1.00330e+00
 1.86719e+00  1.00257e+00  1.00329e+00
 1.88047e+00  1.00222e+00  1.00329e+00
 1.88904e+00  1.00083e+00  1.00328e+00
 1.89888e+00  1.00267e+00  1.00327e+00
 1.90672e+00  1.00213e+00  1.00325e+00
 1.91710e+00  1.00239e+00  1.00323e+00
 1.92315e+00  1.00336e+00  1.00322e+00
 1.92685e+00  1.00253e+00  1.00321e+00
 1.93337e+00  1.00203e+00  1.00319e+00
 1.94322e+00  1.00304e+00  1.00316e+00
 1.94925e+00  1.00154e+00  1.00314e+00
 1.95440e+00  1.00243e+00  1.00312e+00
 1.95996e+00  1.00196e+00  1.00310e+00
 1.96447e+00  1.00222e+00  1.00308e+00
 1.97294e+00  1.00213e+00  1.00305e+00
 1.97982e+00  1.00228e+00  1.00301e+00
 1.98790e+00  1.00292e+00  1.00297e+00
 2.00249e+00  1.00324e+00  1.00288e+00
 2.01861e+00  1.00318e+00  1.00278e+00
 2.03047e+00  1.00249e+00  1.00269e+00
 2.04359e+00  1.00197e+00  1.00258e+00
 2.05880e+00  1.00151e+00  1.00244e+00
 2.07210e+00  1.00223e+00  1.00230e+00
 2.07885e+00  1.00164e+00  1.00223e+00
 2.08533e+00  1.00098e+00  1.00216e+00
 2.08943e+00  1.00243e+00  1.00211e+00
 2.10070e+00  1.00185e+00  1.00197e+00
 2.10841e+00  1.00146e+00  1.00187e+00
 2.11665e+00  1.00167e+00  1.00176e+00
 2.12892e+00  1.00159e+00  1.00158e+00
 2.13245e+00  1.00184e+00  1.00153e+00
 2.13931e+00  1.00114e+00  1.00143e+00
 2.14765e+00  1.00134e+00  1.00129e+00
 2.16487e+00  1.00083e+00  1.00100e+00
 2.17323e+00  1.00086e+00  1.00085e+00
 2.17699e+00  1.00090e+00  1.00078e+00
 2.19067e+00  1.00044e+00  1.00052e+00
 2.20338e+00  1.00001e+00  1.00026e+00
 2.21535e+00  9.99543e-01  1.00000e+00
 2.23411e+00  9.99807e-01  9.99575e-01
 2.24690e+00  9.99011e-01  9.99268e-01
 2.25114e+00  9.98825e-01  9.99163e-01
 2.25655e+00  9.99403e-01  9.99028e-01
 2.26037e+00  9.99474e-01  9.98931e-01
 2.26556e+00  9.99305e-01  9.98797e-01
 2.26851e+00  9.98891e-01  9.98721e-01
 2.27442e+00  9.98721e-01  9.98565e-01
 2.28044e+00  9.99499e-01  9.98403e-01
 2.28882e+00  9.99416e-01  9.98175e-01
 2.30363e+00  9.97925e-01  9.97760e-01
 2.31768e+00  9.97386e-01  9.97353e-01
 2.32626e+00  9.97647e-01  9.97100e-01
 2.33975e+00  9.97636e-01  9.96696e-01
 2.34992e+00  9.96503e-01  9.96386e-01
 2.35620e+00  9.96705e-01  9.96193e-01
 2.36817e+00  9.97419e-01  9.95824e-01
 2.37190e+00  9.96095e-01  9.95708e-01
 2.37498e+00  9.97058e-01  9.95613e-01
 2.38003e+00  9.96622e-01  9.95457e-01
 2.38607e+00  9.96568e-01  9.95269e-01
 2.39156e+00  9.95133e-01  9.95099e-01
 2.39976e+00  9.96577e-01  9.94847e-01
 2.40371e+00  9.95679e-01  9.94726e-01
 2.40877e+00  9.96037e-01  9.94572e-01
 2.41328e+00  9.95840e-01  9.94435e-01
 2.41825e+00  9.95831e-01  9.94285e-01
 2.42361e+00  9.95792e-01  9.94125e-01
 2.42833e+00  9.95040e-01  9.93986e-01
 2.43431e+00  9.95467e-01  9.93812e-01
 2.43834e+00  9.95324e-01  9.93696e-01
 2.44313e+00  9.95327e-01  9.93560e-01
 2.44537e+00  9.93523e-01  9.93497e-01
 2.44852e+00  9.95427e-01  9.93409e-01
 2.45357e+00  9.93429e-01  9.93271e-01
 2.45706e+00  9.94312e-01  9.93177e-01
 2.46322e+00  9.94133e-01  9.93015e-01
 2.46932e+00  9.93062e-01  9.92858e-01
 2.47975e+00  9.92715e-01  9.92604e-01
 2.48458e+00  9.93299e-01  9.92492e-01
 2.49659e+00  9.92503e-01  9.92206e-01
 2.50348e+00  9.91307e-01  9.90921e-01
 2.51004e+00  9.88201e-01  9.89174e-01
 2.51863e+00  9.86271e-01  9.86702e-01
 2.52417e+00  9.83299e-01  9.85161e-01
 2.52950e+00  9.83199e-01  9.83796e-01
 2.53464e+00  9.81663e-01  9.82630e-01
 2.53977e+00  9.82320e-01  9.81648e-01
 2.54614e+00  9.81323e-01  9.80718e-01
 2.55122e+00  9.80233e-01  9.80224e-01
 2.56190e+00  9.79855e-01  9.79952e-01
 2.56940e+00  9.79429e-01  9.80388e-01
 2.57703e+00  9.81498e-01  9.81337e-01
 2.58007e+00  9.81686e-01  9.81847e-01
 2.58462e+00  9.84661e-01  9.82738e-01
 2.58975e+00  9.82035e-01  9.83900e-01
 2.59259e+00  9.84014e-01  9.84607e-01
 2.59722e+00  9.87403e-01  9.85832e-01
 2.60177e+00  9.86068e-01  9.87092e-01
 2.61158e+00  9.89086e-01  9.89788e-01
 2.61723e+00  9.90963e-01  9.91107e-01
 2.63053e+00  9.90228e-01  9.91960e-01
 2.63529e+00  9.91834e-01  9.92067e-01
 2.64304e+00  9.92352e-01  9.92261e-01
 2.65453e+00  9.92022e-01  9.92595e-01
 2.66569e+00  9.94381e-01  9.92971e-01
 2.67003e+00  9.93110e-01  9.93130e-01
 2.68111e+00  9.93116e-01  9.93573e-01
 2.68578e+00  9.93492e-01  9.93773e-01
 2.69280e+00  9.94104e-01  9.94091e-01
 2.69581e+00  9.92868e-01  9.94233e-01
 2.70770e+00  9.94340e-01  9.94827e-01
 2.71602e+00  9.95278e-01  9.95272e-01
 2.72748e+00  9.95390e-01  9.95923e-01
 2.73872e+00  9.96104e-01  9.96600e-01
 2.74616e+00  9.95234e-01  9.97067e-01
 2.74903e+00  9.97652e-01  9.97251e-01
 2.75333e+00  9.96445e-01  9.97531e-01
 2.75653e+00  9.97196e-01  9.97742e-01
 2.75872e+00  9.96640e-01  9.97888e-01
 2.76332e+00  9.99068e-01  9.98197e-01
 2.77279e+00  9.98181e-01  9.98845e-01
 2.77779e+00  9.98313e-01  9.99193e-01
 2.78048e+00  9.98145e-01  9.99382e-01
 2.78626e+00  9.99439e-01  9.99790e-01
 2.79206e+00  1.00021e+00  1.00020e+00
 2.79863e+00  9.98901e-01  1.00068e+00
 2.80181e+00  1.00081e+00  1.00090e+00
 2.80783e+00  1.00067e+00  1.00134e+00
 2.81727e+00  1.00159e+00  1.00202e+00
 2.82934e+00  1.00278e+00  1.00289e+00
 2.83477e+00  1.00369e+00  1.00328e+00
 2.84633e+00  1.00462e+00  1.00409e+00
 2.85824e+00  1.00596e+00  1.00491e+00
 2.87085e+00  1.00477e+00  1.00574e+00
 2.87403e+00  1.00689e+00  1.00595e+00
 2.87940e+00  1.00628e+00  1.00629e+00
 2.88333e+00  1.00632e+00  1.00653e+00
 2.88726e+00  1.00819e+00  1.00677e+00
 2.89526e+00  1.00671e+00  1.00724e+00
 2.90588e+00  1.00772e+00  1.00783e+00
 2.91513e+00  1.00831e+00  1.00832e+00
 2.92348e+00  1.00914e+00  1.00873e+00
 2.92849e+00  1.00892e+00  1.00896e+00
 2.93479e+00  1.00940e+00  1.00924e+00
 2.94316e+00  1.01013e+00  1.00959e+00
 2.95048e+00  1.01028e+00  1.00986e+00
 2.95507e+00  1.01035e+00  1.01002e+00
 2.96242e+00  1.01214e+00  1.01026e+00
 2.96621e+00  1.01056e+00  1.01038e+00
 2.97009e+00  1.01236e+00  1.01049e+00
 2.97447e+00  1.01012e+00  1.01060e+00
 2.98446e+00  1.01079e+00  1.01084e+00
 2.99089e+00  1.01069e+00  1.01096e+00
 2.99722e+00  1.01357e+00  1.01107e+00
 3.01067e+00  1.01242e+00  1.01124e+00
 3.01719e+00  1.01246e+00  1.01129e+00
 3.02417e+00  1.01127e+00  1.01133e+00
 3.02984e+00  1.01125e+00  1.01134e+00
 3.04180e+00  1.01121e+00  1.01133e+00
 3.06276e+00  1.01165e+00  1.01118e+00
 3.07122e+00  1.01026e+00  1.01107e+00
 3.07563e+00  1.01204e+00  1.01101e+00
 3.08443e+00  1.01090e+00  1.01086e+00
 3.10270e+00  1.01218e+00  1.01048e+00
 3.10954e+00  1.01106e+00  1.01032e+00
 3.11247e+00  1.00957e+00  1.01025e+00
 3.11642e+00  1.01129e+00  1.01014e+00
 3.12116e+00  1.01033e+00  1.01001e+00
 3.12403e+00  1.00993e+00  1.00993e+00
 3.12923e+00  1.00887e+00  1.00979e+00
 3.13245e+00  1.01003e+00  1.00969e+00
 3.13535e+00  1.01057e+00  1.00960e+00
 3.14957e+00  1.00907e+00  1.00916e+00
 3.15395e+00  1.00966e+00  1.00901e+00
 3.16108e+00  1.00908e+00  1.00877e+00
 3.16707e+00  1.00852e+00  1.00856e+00
 3.17497e+00  1.00658e+00  1.00828e+00
 3.18917e+00  1.00681e+00  1.00777e+00
 3.20910e+00  1.00642e+00  1.00702e+00
 3.21418e+00  1.00688e+00  1.00683e+00
 3.22091e+00  1.00600e+00  1.00658e+00
 3.23259e+00  1.00554e+00  1.00613e+00
 3.24242e+00  1.00495e+00  1.00576e+00
 3.25082e+00  1.00573e+00  1.00544e+00
 3.25542e+00  1.00391e+00  1.00526e+00
 3.25910e+00  1.00527e+00  1.00513e+00
 3.26564e+00  1.00452e+00  1.00488e+00
 3.27324e+00  1.00359e+00  1.00460e+00
 3.28661e+00  1.00464e+00  1.00411e+00
 3.29112e+00  1.00378e+00  1.00395e+00
 3.29834e+00  1.00455e+00  1.00370e+00
 3.30511e+00  1.00392e+00  1.00346e+00
 3.30850e+00  1.00194e+00  1.00334e+00
 3.31694e+00  1.00303e+00  1.00306e+00
 3.32499e+00  1.00258e+00  1.00279e+00
 3.33007e+00  1.00208e+00  1.00262e+00
 3.34795e+00  1.00125e+00  1.00206e+00
 3.36228e+00  1.00111e+00  1.00163e+00
 3.37177e+00  1.00178e+00  1.00135e+00
 3.37798e+00  1.00017e+00  1.00118e+00
 3.38627e+00  1.00130e+00  1.00095e+00
 3.39386e+00  1.00061e+00  1.00075e+00
 3.40676e+00  1.00075e+00  1.00043e+00
 3.42030e+00  1.00119e+00  1.00011e+00
 3.43736e+00  9.99973e-01  9.99727e-01
 3.44882e+00  9.99080e-01  9.99491e-01
 3.46435e+00  9.99441e-01  9.99191e-01
 3.46922e+00  9.99251e-01  9.99103e-01
 3.47727e+00  9.98410e-01  9.98961e-01
 3.48408e+00  9.98892e-01  9.98846e-01
 3.48686e+00  9.99516e-01  9.98801e-01
 3.49689e+00  9.98839e-01  9.98643e-01
 3.50635e+00  9.98421e-01  9.98502e-01
 3.51455e+00  9.98987e-01  9.98387e-01
 3.52440e+00  9.97480e-01  9.98257e-01
 3.53416e+00  9.98756e-01  9.98137e-01
 3.53772e+00  9.96703e-01  9.98095e-01
 3.54123e+00  9.97382e-01  9.98054e-01
 3.54668e+00  9.97273e-01  9.97994e-01
 3.55295e+00  9.98068e-01  9.97927e-01
 3.56880e+00  9.97065e-01  9.97773e-01
 3.57819e+00  9.96979e-01  9.97690e-01
 3.58364e+00  9.96708e-01  9.97645e-01
 3.58972e+00  9.97332e-01  9.97598e-01
 3.60630e+00  9.96949e-01  9.97481e-01
 3.61913e+00  9.96447e-01  9.97403e-01
 3.62843e+00  9.97045e-01  9.97354e-01
 3.64233e+00  9.97040e-01  9.97289e-01
 3.64892e+00  9.97011e-01  9.97262e-01
 3.65461e+00  9.96284e-01  9.97241e-01
 3.66087e+00  9.97456e-01  9.97219e-01
 3.66472e+00  9.96255e-01  9.97207e-01
 3.67143e+00  9.96996e-01  9.97188e-01
 3.67574e+00  9.96128e-01  9.97177e-01
 3.68347e+00  9.96949e-01  9.97159e-01
 3.69154e+00  9.97936e-01  9.97144e-01
 3.69873e+00  9.97644e-01  9.97132e-01
 3.70379e+00  9.96128e-01  9.97126e-01
 3.70849e+00  9.96430e-01  9.97121e-01
 3.71332e+00  9.97068e-01  9.97116e-01
 3.71838e+00  9.96048e-01  9.97113e-01
 3.72777e+00  9.96297e-01  9.97109e-01
 3.73809e+00  9.96318e-01  9.97109e-01
 3.74489e+00  9.96009e-01  9.97111e-01
 3.75110e+00  9.95649e-01  9.97115e-01
 3.75714e+00  9.96278e-01  9.97119e-01
 3.76246e+00  9.96190e-01  9.97124e-01
 3.77262e+00  9.96391e-01  9.97136e-01
 3.78860e+00  9.96936e-01  9.97162e-01
 3.79896e+00  9.95312e-01  9.97182e-01
 3.80427e+00  9.96163e-01  9.97194e-01
 3.81264e+00  9.96335e-01  9.97213e-01
 3.81792e+00  9.96479e-01  9.97227e-01
 3.83197e+00  9.97424e-01  9.97266e-01
 3.84087e+00  9.97259e-01  9.97292e-01
 3.84907e+00  9.95903e-01  9.97319e-01
 3.86677e+00  9.98071e-01  9.97380e-01
 3.87808e+00  9.96750e-01  9.97422e-01
 3.88176e+00  9.96324e-01  9.97436e-01
 3.88882e+00  9.95801e-01  9.97464e-01
 3.89446e+00  9.95929e-01  9.97487e-01
 3.90033e+00  9.99431e-01  9.97512e-01
 3.90279e+00  9.95534e-01  9.97522e-01
 3.91155e+00  9.96758e-01  9.97560e-01
 3.92672e+00  9.97161e-01  9.97627e-01
 3.94068e+00  9.97455e-01  9.97692e-01
 3.94595e+00  9.96782e-01  9.97717e-01
 3.95544e+00  9.98541e-01  9.97764e-01
 3.96592e+00  9.96800e-01  9.97816e-01
 3.97797e+00  9.97361e-01  9.97877e-01
 3.98446e+00  9.98326e-01  9.97910e-01
 3.98897e+00  9.96849e-01  9.97934e-01
 3.99865e+00  9.97946e-01  9.97985e-01
 4.00392e+00  9.98385e-01  9.98013e-01
 4.01086e+00  9.98364e-01  9.98050e-01
 4.02110e+00  9.98383e-01  9.98106e-01
 4.02541e+00  9.94952e-01  9.98130e-01
 4.02806e+00  9.98338e-01  9.98145e-01
 4.03278e+00  9.97459e-01  9.98171e-01
 4.03703e+00  9.98295e-01  9.98194e-01
 4.04141e+00  9.96747e-01  9.98219e-01
 4.04719e+00  9.98930e-01  9.98252e-01
 4.05573e+00  9.97485e-01  9.98300e-01
 4.06278e+00  9.97916e-01  9.98340e-01
 4.07168e+00  9.97282e-01  9.98392e-01
 4.08767e+00  9.97846e-01  9.98485e-01
 4.10028e+00  9.97489e-01  9.98559e-01
 4.10640e+00  9.97553e-01  9.98595e-01
 4.11423e+00  9.97939e-01  9.98642e-01
 4.12208e+00  9.97148e-01  9.98689e-01
 4.12965e+00  9.97933e-01  9.98734e-01
 4.14419e+00  9.97637e-01  9.98822e-01
 4.16240e+00  9.97318e-01  9.98933e-01
 4.17285e+00  9.97331e-01  9.98997e-01
 4.17737e+00  9.97625e-01  9.99024e-01
 4.18558e+00  9.97181e-01  9.99075e-01
 4.19335e+00  9.97903e-01  9.99123e-01
 4.20264e+00  9.97348e-01  9.99180e-01
 4.20912e+00  9.97954e-01  9.99220e-01
 4.22168e+00  9.98159e-01  9.99298e-01
 4.23135e+00  9.98280e-01  9.99358e-01
 4.24670e+00  9.98434e-01  9.99453e-01
 4.26094e+00  9.98635e-01  9.99542e-01
 4.28207e+00  9.99654e-01  9.99674e-01
 4.29259e+00  9.99450e-01  9.99739e-01
 4.30289e+00  9.99304e-01  9.99804e-01
 4.31619e+00  9.98910e-01  9.99887e-01
 4.32563e+00  9.99319e-01  9.99946e-01
 4.33431e+00  9.98961e-01  1.00000e+00
 4.34292e+00  9.99469e-01  1.00005e+00
 4.35777e+00  1.00044e+00  1.00015e+00
 4.36815e+00  1.00115e+00  1.00021e+00
 4.39968e+00  1.00076e+00  1.00041e+00
 4.41604e+00  1.00130e+00  1.00051e+00
 4.42141e+00  9.99376e-01  1.00054e+00
 4.42562e+00  9.99937e-01  1.00057e+00
 4.43105e+00  1.00031e+00  1.00060e+00
 4.43515e+00  1.00077e+00  1.00063e+00
 4.44259e+00  9.99391e-01  1.00067e+00
 4.45209e+00  1.00129e+00  1.00073e+00
 4.45981e+00  1.00150e+00  1.00078e+00
 4.46512e+00  1.00040e+00  1.00081e+00
 4.49045e+00  1.00134e+00  1.00097e+00
 4.49597e+00  1.00137e+00  1.00100e+00
 4.52883e+00  1.00139e+00  1.00120e+00
 4.54058e+00  1.00137e+00  1.00127e+00
 4.54859e+00  1.00041e+00  1.00131e+00
 4.56144e+00  1.00173e+00  1.00139e+00
 4.56855e+00  9.99844e-01  1.00143e+00
 4.58050e+00  1.00286e+00  1.00150e+00
 4.58579e+00  1.00169e+00  1.00153e+00
 4.59031e+00  1.00001e+00  1.00156e+00
 4.60009e+00  1.00156e+00  1.00162e+00
 4.60955e+00  1.00146e+00  1.00167e+00
 4.62672e+00  1.00286e+00  1.00177e+00
 4.63298e+00  1.00187e+00  1.00181e+00
 4.64754e+00  1.00094e+00  1.00189e+00
 4.65306e+00  1.00062e+00  1.00192e+00
 4.65787e+00  1.00314e+00  1.00195e+00
 4.66679e+00  1.00159e+00  1.00199e+00
 4.68303e+00  1.00195e+00  1.00208e+00
 4.69026e+00  1.00113e+00  1.00212e+00
 4.69710e+00  1.00176e+00  1.00216e+00
 4.70675e+00  1.00136e+00  1.00221e+00
 4.71474e+00  1.00101e+00  1.00225e+00
 4.72356e+00  1.00215e+00  1.00230e+00
 4.73079e+00  1.00172e+00  1.00234e+00
 4.73849e+00  1.00180e+00  1.00237e+00
 4.75695e+00  1.00128e+00  1.00247e+00
 4.76441e+00  1.00211e+00  1.00250e+00
 4.77837e+00  1.00097e+00  1.00257e+00
 4.78594e+00  1.00309e+00  1.00261e+00
 4.79223e+00  1.00285e+00  1.00263e+00
 4.80310e+00  1.00227e+00  1.00268e+00
 4.81803e+00  1.00071e+00  1.00275e+00
 4.82103e+00  1.00251e+00  1.00276e+00
 4.83418e+00  1.00194e+00  1.00282e+00
 4.84020e+00  1.00120e+00  1.00284e+00
 4.85302e+00  1.00340e+00  1.00289e+00
 4.86096e+00  1.00295e+00  1.00292e+00
 4.86591e+00  1.00255e+00  1.00294e+00
 4.87942e+00  1.00112e+00  1.00299e+00
 4.88717e+00  1.00211e+00  1.00302e+00
 4.89737e+00  1.00210e+00  1.00305e+00
 4.90891e+00  1.00175e+00  1.00309e+00
 4.91950e+00  1.00164e+00  1.00312e+00
 4.92423e+00  1.00217e+00  1.00313e+00
 4.93412e+00  1.00299e+00  1.00316e+00
 4.94457e+00  1.00216e+00  1.00318e+00
 4.95126e+00  1.00221e+00  1.00320e+00
 4.96893e+00  1.00226e+00  1.00323e+00
 4.97948e+00  1.00263e+00  1.00325e+00
 4.98473e+00  1.00143e+00  1.00326e+00
 4.99451e+00  1.00299e+00  1.00327e+00
 5.01150e+00  1.00192e+00  1.00329e+00
 5.02762e+00  1.00225e+00  1.00330e+00
 5.03234e+00  1.00173e+00  1.00330e+00
 5.03646e+00  1.00256e+00  1.00330e+00
 5.04133e+00  1.00398e+00  1.00330e+00
 5.05363e+00  1.00220e+00  1.00329e+00
 5.06407e+00  1.00066e+00  1.00328e+00
 5.07285e+00  1.00260e+00  1.00327e+00
 5.08182e+00  1.00234e+00  1.00326e+00
 5.09108e+00  1.00220e+00  1.00324e+00
 5.09829e+00  1.00293e+00  1.00323e+00
 5.10210e+00  1.00281e+00  1.00322e+00
 5.10746e+00  1.00210e+00  1.00320e+00
 5.11796e+00  1.00300e+00  1.00317e+00
 5.12402e+00  1.00206e+00  1.00315e+00
 5.13011e+00  1.00193e+00  1.00313e+00
 5.13449e+00  1.00184e+00  1.00311e+00
 5.14012e+00  1.00210e+00  1.00309e+00
 5.14716e+00  1.00262e+00  1.00306e+00
 5.15423e+00  1.00213e+00  1.00303e+00
 5.16244e+00  1.00293e+00  1.00298e+00
 5.17552e+00  1.00275e+00  1.00291e+00
 5.19166e+00  1.00353e+00  1.00281e+00
 5.20398e+00  1.00254e+00  1.00272e+00
 5.21681e+00  1.00192e+00  1.00261e+00
 5.23211e+00  1.00183e+00  1.00248e+00
 5.24626e+00  1.00244e+00  1.00234e+00
 5.25360e+00  1.00143e+00  1.00226e+00
 5.26024e+00  1.00079e+00  1.00218e+00
 5.26512e+00  1.00193e+00  1.00213e+00
 5.27453e+00  1.00240e+00  1.00201e+00
 5.28278e+00  1.00146e+00  1.00191e+00
 5.29020e+00  1.00190e+00  1.00181e+00
 5.30367e+00  1.00134e+00  1.00162e+00
 5.30807e+00  1.00201e+00  1.00156e+00
 5.31368e+00  1.00100e+00  1.00147e+00
 5.32068e+00  1.00138e+00  1.00136e+00
 5.33882e+00  1.00085e+00  1.00106e+00
 5.34831e+00  1.00060e+00  1.00089e+00
 5.35210e+00  1.00141e+00  1.00082e+00
 5.36370e+00  1.00029e+00  1.00060e+00
 5.37723e+00  1.00039e+00  1.00033e+00
 5.38871e+00  9.99494e-01  1.00008e+00
 5.40542e+00  9.99747e-01  9.99712e-01
 5.42240e+00  9.99046e-01  9.99311e-01
 5.42591e+00  9.99024e-01  9.99225e-01
 5.43214e+00  9.98817e-01  9.99070e-01
 5.43554e+00  9.99666e-01  9.98984e-01
 5.44080e+00  9.99282e-01  9.98849e-01
 5.44416e+00  9.99308e-01  9.98762e-01
 5.44896e+00  9.98604e-01  9.98637e-01
 5.45551e+00  9.99373e-01  9.98462e-01
 5.46278e+00  9.99357e-01  9.98265e-01
 5.47649e+00  9.98535e-01  9.97884e-01
 5.49192e+00  9.97288e-01  9.97441e-01
 5.50030e+00  9.97941e-01  9.97195e-01
 5.51274e+00  9.97340e-01  9.96824e-01
 5.52511e+00  9.96979e-01  9.96449e-01
 5.52938e+00  9.96337e-01  9.96318e-01
 5.54338e+00  9.97337e-01  9.95887e-01
 5.54758e+00  9.96049e-01  9.95757e-01
 5.55026e+00  9.97394e-01  9.95674e-01
 5.55527e+00  9.96335e-01  9.95519e-01
 5.56048e+00  9.96831e-01  9.95357e-01
 5.56731e+00  9.95520e-01  9.95146e-01
 5.57405e+00  9.95873e-01  9.94938e-01
 5.57919e+00  9.96111e-01  9.94780e-01
 5.58368e+00  9.96073e-01  9.94643e-01
 5.58867e+00  9.95564e-01  9.94491e-01
 5.59295e+00  9.95817e-01  9.94362e-01
 5.59934e+00  9.95964e-01  9.94171e-01
 5.60291e+00  9.95187e-01  9.94065e-01
 5.60973e+00  9.94869e-01  9.93865e-01
 5.61363e+00  9.95902e-01  9.93752e-01
 5.61844e+00  9.95304e-01  9.93615e-01
 5.62110e+00  9.94577e-01  9.93540e-01
 5.62394e+00  9.94456e-01  9.93460e-01
 5.62867e+00  9.93616e-01  9.93330e-01
 5.63228e+00  9.94372e-01  9.93231e-01
 5.63824e+00  9.94002e-01  9.93073e-01
 5.64367e+00  9.93352e-01  9.92932e-01
 5.65450e+00  9.93024e-01  9.92664e-01
 5.65976e+00  9.92787e-01  9.92539e-01
 5.67041e+00  9.92481e-01  9.92303e-01
 5.67773e+00  9.91985e-01  9.91594e-01
 5.68522e+00  9.88614e-01  9.89752e-01
 5.69275e+00  9.86814e-01  9.87605e-01
 5.69957e+00  9.84013e-01  9.85667e-01
 5.70435e+00  9.82999e-01  9.84395e-01
 5.70991e+00  9.81806e-01  9.83059e-01
 5.71466e+00  9.82717e-01  9.82076e-01
 5.72118e+00  9.81050e-01  9.81003e-01
 5.72570e+00  9.80577e-01  9.80465e-01
 5.73602e+00  9.79961e-01  9.79923e-01
 5.74466e+00  9.79490e-01  9.80222e-01
 5.75180e+00  9.81062e-01  9.80974e-01
 5.75563e+00  9.81009e-01  9.81553e-01
 5.75945e+00  9.84663e-01  9.82245e-01
 5.76537e+00  9.82748e-01  9.83514e-01
 5.76787e+00  9.83128e-01  9.84113e-01
 5.77250e+00  9.87699e-01  9.85299e-01
 5.77718e+00  9.85481e-01  9.86578e-01
 5.78562e+00  9.88685e-01  9.88931e-01
 5.79204e+00  9.90641e-01  9.90576e-01
 5.80423e+00  9.90652e-01  9.91885e-01
 5.81052e+00  9.91308e-01  9.92020e-01
 5.81708e+00  9.92079e-01  9.92178e-01
 5.82854e+00  9.92027e-01  9.92495e-01
 5.83987e+00  9.94302e-01  9.92862e-01
 5.84545e+00  9.92912e-01  9.93062e-01
 5.85500e+00  9.93475e-01  9.93433e-01
 5.86075e+00  9.93051e-01  9.93674e-01
 5.86784e+00  9.94137e-01  9.93989e-01
 5.87152e+00  9.93233e-01  9.94160e-01
 5.88115e+00  9.93657e-01  9.94631e-01
 5.88938e+00  9.95393e-01  9.95061e-01
 5.90231e+00  9.95299e-01  9.95781e-01
 5.91209e+00  9.95952e-01  9.96361e-01
 5.92181e+00  9.95440e-01  9.96965e-01
 5.92429e+00  9.97703e-01  9.97124e-01
 5.92875e+00  9.95651e-01  9.97411e-01
 5.93224e+00  9.97920e-01  9.97640e-01
 5.93445e+00  9.96174e-01  9.97786e-01
 5.93788e+00  9.99103e-01  9.98015e-01
 5.94720e+00  9.97965e-01  9.98649e-01
 5.95345e+00  9.98726e-01  9.99082e-01
 5.95573e+00  9.97359e-01  9.99241e-01
 5.96144e+00  9.99708e-01  9.99643e-01
 5.96647e+00  1.00003e+00  1.00000e+00
 5.97421e+00  9.99286e-01  1.00056e+00
 5.97697e+00  1.00011e+00  1.00075e+00
 5.98274e+00  1.00071e+00  1.00117e+00
 5.99050e+00  1.00161e+00  1.00173e+00
 6.00408e+00  1.00211e+00  1.00271e+00
 6.01014e+00  1.00363e+00  1.00314e+00
 6.01925e+00  1.00451e+00  1.00379e+00
 6.03145e+00  1.00574e+00  1.00463e+00
 6.04590e+00  1.00506e+00  1.00560e+00
 6.04929e+00  1.00643e+00  1.00582e+00
 6.05450e+00  1.00647e+00  1.00615e+00
 6.05897e+00  1.00637e+00  1.00643e+00
 6.06217e+00  1.00783e+00  1.00663e+00
 6.06928e+00  1.00694e+00  1.00705e+00
 6.08056e+00  1.00757e+00  1.00769e+00
 6.08911e+00  1.00812e+00  1.00815e+00
 6.09845e+00  1.00902e+00  1.00862e+00
 6.10324e+00  1.00909e+00  1.00885e+00
 6.11008e+00  1.00855e+00  1.00916e+00
 6.11761e+00  1.01089e+00  1.00947e+00
 6.12488e+00  1.01024e+00  1.00976e+00
 6.13063e+00  1.01013e+00  1.00996e+00
 6.13705e+00  1.01189e+00  1.01018e+00
 6.14169e+00  1.01122e+00  1.01032e+00
 6.14551e+00  1.01157e+00  1.01044e+00
 6.14979e+00  1.01038e+00  1.01055e+00
 6.15800e+00  1.01080e+00  1.01076e+00
 6.16631e+00  1.00989e+00  1.01093e+00
 6.17065e+00  1.01389e+00  1.01101e+00
 6.18537e+00  1.01245e+00  1.01121e+00
 6.19200e+00  1.01243e+00  1.01127e+00
 6.19894e+00  1.01189e+00  1.01131e+00
 6.20387e+00  1.01157e+00  1.01133e+00
 6.21548e+00  1.01048e+00  1.01134e+00
 6.23485e+00  1.01182e+00  1.01123e+00
 6.24689e+00  1.01026e+00  1.01109e+00
 6.25038e+00  1.01216e+00  1.01104e+00
 6.25822e+00  1.01084e+00  1.01092e+00
 6.27578e+00  1.01193e+00  1.01058e+00
 6.28466e+00  1.01149e+00  1.01037e+00
 6.28820e+00  1.00966e+00  1.01028e+00
 6.29131e+00  1.01085e+00  1.01020e+00
 6.29681e+00  1.01086e+00  1.01006e+00
 6.29929e+00  1.00994e+00  1.00999e+00
 6.30450e+00  1.00907e+00  1.00984e+00
 6.30809e+00  1.00940e+00  1.00974e+00
 6.31069e+00  1.01026e+00  1.00966e+00
 6.32270e+00  1.00991e+00  1.00929e+00
 6.32954e+00  1.00933e+00  1.00907e+00
 6.33585e+00  1.00945e+00  1.00886e+00
 6.34098e+00  1.00853e+00  1.00868e+00
 6.35063e+00  1.00706e+00  1.00834e+00
