188
 3.13350e-02  1.00072e+00  1.00070e+00
 1.00787e-01  1.00076e+00  1.00138e+00
 1.70925e-01  9.99737e-01  1.00156e+00
 2.45911e-01  9.98962e-01  1.00063e+00
 3.02148e-01  9.98473e-01  9.99187e-01
 3.54218e-01  9.98014e-01  9.97703e-01
 4.13287e-01  9.98861e-01  9.96440e-01
 5.00098e-01  9.99366e-01  9.96009e-01
 6.14678e-01  9.97877e-01  9.97162e-01
 7.18858e-01  9.97546e-01  9.98420e-01
 8.21610e-01  9.98244e-01  9.99293e-01
 9.03539e-01  9.98852e-01  9.99732e-01
 9.75756e-01  9.98893e-01  9.99982e-01
 1.04521e+00  9.98739e-01  1.00014e+00
 1.11951e+00  9.99971e-01  1.00025e+00
 1.19104e+00  1.00065e+00  1.00031e+00
 1.26048e+00  1.00083e+00  1.00035e+00
 1.32994e+00  1.00008e+00  1.00037e+00
 1.42162e+00  1.00110e+00  1.00039e+00
 1.53900e+00  1.00036e+00  1.00039e+00
 1.64594e+00  9.98812e-01  1.00038e+00
 1.77229e+00  9.98415e-01  1.00037e+00
 1.88895e+00  9.98257e-01  1.00035e+00
 1.99311e+00  9.98927e-01  1.00034e+00
 2.09728e+00  9.99825e-01  1.00032e+00
 2.20145e+00  9.99695e-01  1.00031e+00
 2.30840e+00  9.99880e-01  1.00029e+00
 2.43061e+00  9.99935e-01  1.00027e+00
 2.53478e+00  9.98884e-01  1.00026e+00
 2.63895e+00  9.98487e-01  1.00025e+00
 2.74311e+00  9.98511e-01  1.00023e+00
 2.84729e+00  9.99124e-01  1.00022e+00
 2.95146e+00  9.99906e-01  1.00021e+00
 3.05563e+00  1.00146e+00  1.00019e+00
 3.15980e+00  1.00136e+00  1.00018e+00
 3.26396e+00  1.00063e+00  1.00017e+00
 3.36813e+00  1.00077e+00  1.00016e+00
 3.47230e+00  1.00035e+00  1.00014e+00
 3.57646e+00  9.99527e-01  1.00013e+00
 3.68063e+00  9.98468e-01  1.00012e+00
 3.78480e+00  9.99030e-01  1.00010e+00
 3.88896e+00  9.98947e-01  1.00009e+00
 3.99313e+00  9.99668e-01  1.00007e+00
 4.09730e+00  1.00041e+00  1.00006e+00
 4.20424e+00  1.00091e+00  1.00005e+00
 4.31605e+00  1.00046e+00  1.00003e+00
 4.42021e+00  9.99786e-01  1.00002e+00
 4.52438e+00  9.99546e-01  9.99999e-01
 4.62855e+00  9.98749e-01  9.99983e-01
 4.73271e+00  9.97393e-01  9.99967e-01
 4.82856e+00  9.98390e-01  9.99951e-01
 4.89940e+00  9.99318e-01  9.99939e-01
 4.96883e+00  9.99080e-01  9.99927e-01
 5.03830e+00  9.98992e-01  9.99914e-01
 5.10774e+00  9.98988e-01  9.99901e-01
 5.17718e+00  9.98802e-01  9.99888e-01
 5.24663e+00  9.99695e-01  9.99874e-01
 5.31608e+00  1.00014e+00  9.99860e-01
 5.38551e+00  9.99357e-01  9.99846e-01
 5.45497e+00  1.00002e+00  9.99831e-01
 5.52441e+00  9.99129e-01  9.99815e-01
 5.59385e+00  9.99802e-01  9.99798e-01
 5.66330e+00  1.00138e+00  9.99781e-01
 5.73274e+00  1.00246e+00  9.99763e-01
 5.80217e+00  1.00400e+00  9.99745e-01
 5.87162e+00  1.00678e+00  9.99725e-01
 5.94662e+00  1.00894e+00  9.99703e-01
 6.01745e+00  1.01177e+00  9.99681e-01
 6.08690e+00  1.01252e+00  9.99658e-01
 6.15634e+00  1.01103e+00  9.99634e-01
 6.22579e+00  1.00792e+00  9.99609e-01
 6.29523e+00  1.00517e+00  9.99582e-01
 6.36467e+00  1.00281e+00  9.99553e-01
 6.43551e+00  1.00179e+00  9.99522e-01
 6.51050e+00  9.99679e-01  9.99486e-01
 6.57995e+00  9.99484e-01  9.99451e-01
 6.64940e+00  9.98504e-01  9.99414e-01
 6.71884e+00  9.99006e-01  9.99373e-01
 6.79315e+00  9.99250e-01  9.99327e-01
 6.86467e+00  9.98653e-01  9.99278e-01
 6.93412e+00  9.99209e-01  9.99228e-01
 7.00357e+00  9.98549e-01  9.99174e-01
 7.07300e+00  9.99850e-01  9.99116e-01
 7.14870e+00  1.00143e+00  9.99050e-01
 7.21884e+00  1.00184e+00  9.98985e-01
 7.28829e+00  1.00116e+00  9.98921e-01
 7.36190e+00  1.00041e+00  9.98855e-01
 7.43412e+00  1.00029e+00  9.98799e-01
 7.50357e+00  1.00007e+00  9.98763e-01
 7.57300e+00  9.99880e-01  9.98758e-01
 7.64246e+00  9.99605e-01  9.98809e-01
 7.71191e+00  9.98930e-01  9.98949e-01
 7.78135e+00  9.98758e-01  9.99225e-01
 7.85080e+00  9.99935e-01  9.99682e-01
 7.95496e+00  1.00072e+00  1.00070e+00
 8.02441e+00  1.00076e+00  1.00138e+00
 8.09455e+00  9.99737e-01  1.00156e+00
 8.16953e+00  9.98962e-01  1.00063e+00
 8.22577e+00  9.98473e-01  9.99187e-01
 8.27784e+00  9.98014e-01  9.97703e-01
 8.33691e+00  9.98861e-01  9.96440e-01
 8.42372e+00  9.99366e-01  9.96009e-01
 8.53830e+00  9.97877e-01  9.97162e-01
 8.64248e+00  9.97546e-01  9.98420e-01
 8.74523e+00  9.98244e-01  9.99293e-01
 8.82716e+00  9.98852e-01  9.99732e-01
 8.89938e+00  9.98893e-01  9.99982e-01
 8.96883e+00  9.98739e-01  1.00014e+00
 9.04313e+00  9.99971e-01  1.00025e+00
 9.11466e+00  1.00065e+00  1.00031e+00
 9.18410e+00  1.00083e+00  1.00035e+00
 9.25356e+00  1.00008e+00  1.00037e+00
 9.34524e+00  1.00110e+00  1.00039e+00
 9.46262e+00  1.00036e+00  1.00039e+00
 9.56956e+00  9.98812e-01  1.00038e+00
 9.69591e+00  9.98415e-01  1.00037e+00
 9.81257e+00  9.98257e-01  1.00035e+00
 9.91673e+00  9.98927e-01  1.00034e+00
 1.00209e+01  9.99825e-01  1.00032e+00
 1.01251e+01  9.99695e-01  1.00031e+00
 1.02320e+01  9.99880e-01  1.00029e+00
 1.03542e+01  9.99935e-01  1.00027e+00
 1.04584e+01  9.98884e-01  1.00026e+00
 1.05626e+01  9.98487e-01  1.00025e+00
 1.06667e+01  9.98511e-01  1.00023e+00
 1.07709e+01  9.99124e-01  1.00022e+00
 1.08751e+01  9.99906e-01  1.00021e+00
 1.09793e+01  1.00146e+00  1.00019e+00
 1.10834e+01  1.00136e+00  1.00018e+00
 1.11876e+01  1.00063e+00  1.00017e+00
 1.12918e+01  1.00077e+00  1.00016e+00
 1.13959e+01  1.00035e+00  1.00014e+00
 1.15001e+01  9.99527e-01  1.00013e+00
 1.16043e+01  9.98468e-01  1.00012e+00
 1.17084e+01  9.99030e-01  1.00010e+00
 1.18126e+01  9.98947e-01  1.00009e+00
 1.19168e+01  9.99668e-01  1.00007e+00
 1.20209e+01  1.00041e+00  1.00006e+00
 1.21279e+01  1.00091e+00  1.00005e+00
 1.22397e+01  1.00046e+00  1.00003e+00
 1.23438e+01  9.99786e-01  1.00002e+00
 1.24480e+01  9.99546e-01  9.99999e-01
 1.25522e+01  9.98749e-01  9.99983e-01
 1.26563e+01  9.97393e-01  9.99967e-01
 1.27522e+01  9.98390e-01  9.99951e-01
 1.28230e+01  9.99318e-01  9.99939e-01
 1.28925e+01  9.99080e-01  9.99927e-01
 1.29619e+01  9.98992e-01  9.99914e-01
 1.30314e+01  9.98988e-01  9.99901e-01
 1.31008e+01  9.98802e-01  9.99888e-01
 1.31702e+01  9.99695e-01  9.99874e-01
 1.32397e+01  1.00014e+00  9.99860e-01
 1.33091e+01  9.99357e-01  9.99846e-01
 1.33786e+01  1.00002e+00  9.99831e-01
 1.34480e+01  9.99129e-01  9.99815e-01
 1.35175e+01  9.99802e-01  9.99798e-01
 1.35869e+01  1.00138e+00  9.99781e-01
 1.36564e+01  1.00246e+00  9.99763e-01
 1.37258e+01  1.00400e+00  9.99745e-01
 1.37952e+01  1.00678e+00  9.99725e-01
 1.38702e+01  1.00894e+00  9.99703e-01
 1.39411e+01  1.01177e+00  9.99681e-01
 1.40105e+01  1.01252e+00  9.99658e-01
 1.40800e+01  1.01103e+00  9.99634e-01
 1.41494e+01  1.00792e+00  9.99609e-01
 1.42188e+01  1.00517e+00  9.99582e-01
 1.42883e+01  1.00281e+00  9.99553e-01
 1.43591e+01  1.00179e+00  9.99522e-01
 1.44341e+01  9.99679e-01  9.99486e-01
 1.45036e+01  9.99484e-01  9.99451e-01
 1.45730e+01  9.98504e-01  9.99414e-01
 1.46425e+01  9.99006e-01  9.99373e-01
 1.47168e+01  9.99250e-01  9.99327e-01
 1.47883e+01  9.98653e-01  9.99278e-01
 1.48577e+01  9.99209e-01  9.99228e-01
 1.49272e+01  9.98549e-01  9.99174e-01
 1.49966e+01  9.99850e-01  9.99116e-01
 1.50723e+01  1.00143e+00  9.99050e-01
 1.51425e+01  1.00184e+00  9.98985e-01
 1.52119e+01  1.00116e+00  9.98921e-01
 1.52855e+01  1.00041e+00  9.98855e-01
 1.53577e+01  1.00029e+00  9.98799e-01
 1.54272e+01  1.00007e+00  9.98763e-01
 1.54966e+01  9.99880e-01  9.98758e-01
 1.55661e+01  9.99605e-01  9.98809e-01
 1.56355e+01  9.98930e-01  9.98949e-01
 1.57050e+01  9.98758e-01  9.99225e-01
 1.57744e+01  9.99935e-01  9.99682e-01
