1028
 6.66100e-03  1.00061e+00  2.20274e+04
 2.04770e-02  1.00021e+00  2.20304e+04
 3.41220e-02  1.00041e+00  2.20333e+04
 4.83310e-02  1.00036e+00  2.20364e+04
 6.21370e-02  1.00034e+00  2.20395e+04
 7.57820e-02  1.00030e+00  2.20426e+04
 9.00030e-02  1.00011e+00  2.20458e+04
 1.03805e-01  1.00070e+00  2.20490e+04
 1.17442e-01  1.00033e+00  2.20522e+04
 1.31661e-01  9.99952e-01  2.20555e+04
 1.46574e-01  1.00014e+00  2.20591e+04
 1.62119e-01  1.00075e+00  2.20628e+04
 1.75857e-01  9.99688e-01  2.20662e+04
 1.91373e-01  9.99891e-01  2.20701e+04
 2.09037e-01  9.99850e-01  2.20745e+04
 2.26076e-01  1.00006e+00  2.20789e+04
 2.44777e-01  1.00016e+00  2.20837e+04
 2.62346e-01  1.00061e+00  2.20884e+04
 2.78516e-01  1.00022e+00  2.20927e+04
 2.94557e-01  1.00060e+00  2.20971e+04
 3.13658e-01  1.00046e+00  2.21024e+04
 3.32496e-01  1.00035e+00  2.21077e+04
 3.53372e-01  9.99923e-01  2.21137e+04
 3.71554e-01  1.00040e+00  2.21190e+04
 3.87346e-01  1.00038e+00  2.21237e+04
 4.04169e-01  9.99952e-01  2.21287e+04
 4.20986e-01  1.00046e+00  2.21339e+04
 4.37232e-01  1.00042e+00  2.21389e+04
 4.53457e-01  1.00044e+00  2.21440e+04
 4.68909e-01  1.00024e+00  2.21490e+04
 4.85209e-01  1.00055e+00  2.21543e+04
 5.01441e-01  1.00022e+00  2.21596e+04
 5.17470e-01  1.00064e+00  2.21650e+04
 5.37318e-01  1.00056e+00  2.21718e+04
 5.55945e-01  1.00024e+00  2.21782e+04
 5.71651e-01  9.99860e-01  2.21838e+04
 5.89283e-01  1.00044e+00  2.21901e+04
 6.07749e-01  1.00008e+00  2.21968e+04
 6.24732e-01  1.00001e+00  2.22031e+04
 6.40967e-01  1.00024e+00  2.22092e+04
 6.56409e-01  1.00026e+00  2.22151e+04
 6.72709e-01  1.00013e+00  2.22214e+04
 6.88941e-01  1.00029e+00  2.22279e+04
 7.04894e-01  1.00015e+00  2.22342e+04
 7.20886e-01  1.00024e+00  2.22408e+04
 7.38311e-01  1.00005e+00  2.22480e+04
 7.54316e-01  9.99924e-01  2.22547e+04
 7.70572e-01  1.00069e+00  2.22616e+04
 7.86817e-01  1.00031e+00  2.22687e+04
 8.03656e-01  1.00007e+00  2.22761e+04
 8.20186e-01  9.99734e-01  2.22835e+04
 8.36227e-01  9.99866e-01  2.22908e+04
 8.52163e-01  9.99832e-01  2.22982e+04
 8.69107e-01  9.99296e-01  2.23062e+04
 8.85589e-01  9.99880e-01  2.23141e+04
 9.01869e-01  9.99892e-01  2.23220e+04
 9.21189e-01  9.99528e-01  2.23316e+04
 9.41789e-01  9.99468e-01  2.23420e+04
 9.58072e-01  9.99557e-01  2.23504e+04
 9.74317e-01  9.99642e-01  2.23589e+04
 9.91156e-01  9.99546e-01  2.23678e+04
 1.00770e+00  9.99551e-01  2.23768e+04
 1.02516e+00  9.99542e-01  2.23864e+04
 1.04313e+00  9.99773e-01  2.23965e+04
 1.06096e+00  9.99681e-01  2.24066e+04
 1.07847e+00  9.99158e-01  2.24168e+04
 1.09391e+00  9.99292e-01  2.24259e+04
 1.11022e+00  9.99719e-01  2.24357e+04
 1.12646e+00  9.99022e-01  2.24456e+04
 1.14239e+00  9.99527e-01  2.24555e+04
 1.15820e+00  9.99391e-01  2.24655e+04
 1.17436e+00  9.99059e-01  2.24759e+04
 1.19040e+00  9.99390e-01  2.24863e+04
 1.20632e+00  9.99100e-01  2.24969e+04
 1.22263e+00  9.99412e-01  2.25079e+04
 1.23831e+00  9.99181e-01  2.25186e+04
 1.25434e+00  9.99291e-01  2.25298e+04
 1.27057e+00  9.99202e-01  2.25413e+04
 1.28682e+00  9.99374e-01  2.25530e+04
 1.30224e+00  9.99815e-01  2.25642e+04
 1.32084e+00  9.99483e-01  2.25781e+04
 1.33766e+00  9.99728e-01  2.25908e+04
 1.35391e+00  9.99605e-01  2.26034e+04
 1.37014e+00  9.99443e-01  2.26161e+04
 1.38666e+00  9.99424e-01  2.26293e+04
 1.40250e+00  9.46108e-01  2.26421e+04
 1.41642e+00  9.48795e-01  2.26536e+04
 1.43264e+00  9.99456e-01  2.26671e+04
 1.44983e+00  9.99905e-01  2.26818e+04
 1.46602e+00  9.99593e-01  2.26958e+04
 1.48207e+00  9.99515e-01  2.27099e+04
 1.49867e+00  9.99795e-01  2.27247e+04
 1.51744e+00  9.99450e-01  2.27418e+04
 1.53513e+00  9.99495e-01  2.27582e+04
 1.55081e+00  9.99634e-01  2.27730e+04
 1.56685e+00  9.99525e-01  2.27884e+04
 1.58307e+00  9.99044e-01  2.28042e+04
 1.59932e+00  9.99369e-01  2.28203e+04
 1.61923e+00  9.99688e-01  2.28404e+04
 1.63738e+00  9.99407e-01  2.28591e+04
 1.65352e+00  9.99747e-01  2.28759e+04
 1.67101e+00  9.99556e-01  2.28945e+04
 1.68725e+00  9.99600e-01  2.29121e+04
 1.70316e+00  9.94835e-01  2.29296e+04
 1.71615e+00  9.90954e-01  2.29440e+04
 1.72958e+00  9.91933e-01  2.29592e+04
 1.74322e+00  9.96676e-01  2.29748e+04
 1.75669e+00  9.94562e-01  2.29904e+04
 1.77090e+00  9.95151e-01  2.30071e+04
 1.78412e+00  9.95839e-01  2.30228e+04
 1.79703e+00  9.98006e-01  2.30383e+04
 1.81042e+00  9.97203e-01  2.30546e+04
 1.82306e+00  9.97528e-01  2.30702e+04
 1.83623e+00  9.98347e-01  2.30867e+04
 1.84934e+00  9.99379e-01  2.31032e+04
 1.86330e+00  9.99672e-01  2.31211e+04
 1.87654e+00  9.99508e-01  2.31383e+04
 1.88971e+00  1.00003e+00  2.31555e+04
 1.90283e+00  1.00025e+00  2.31729e+04
 1.91707e+00  1.00008e+00  2.31921e+04
 1.92997e+00  1.00026e+00  2.32096e+04
 1.94287e+00  9.99998e-01  2.32273e+04
 1.95625e+00  1.00046e+00  2.32459e+04
 1.96888e+00  1.00070e+00  2.32637e+04
 1.98208e+00  1.00011e+00  2.32824e+04
 1.99519e+00  1.00036e+00  2.33013e+04
 2.00783e+00  1.00023e+00  2.33196e+04
 2.02124e+00  9.99833e-01  2.33393e+04
 2.03681e+00  1.00014e+00  2.33624e+04
 2.04950e+00  1.00019e+00  2.33814e+04
 2.06292e+00  1.00029e+00  2.34018e+04
 2.07580e+00  1.00044e+00  2.34215e+04
 2.09037e+00  1.00026e+00  2.34441e+04
 2.10391e+00  9.99817e-01  2.34652e+04
 2.11505e+00  9.99729e-01  2.34828e+04
 2.12692e+00  9.99480e-01  2.35017e+04
 2.13764e+00  1.00027e+00  2.35189e+04
 2.14880e+00  9.99472e-01  2.35369e+04
 2.15981e+00  9.99566e-01  2.35548e+04
 2.17169e+00  9.99783e-01  2.35743e+04
 2.18283e+00  9.99333e-01  2.35927e+04
 2.19385e+00  9.99974e-01  2.36111e+04
 2.20633e+00  9.99425e-01  2.36320e+04
 2.21793e+00  1.01292e+00  2.36516e+04
 2.22999e+00  9.99864e-01  2.36721e+04
 2.24077e+00  9.99584e-01  2.36905e+04
 2.25192e+00  9.99641e-01  2.37097e+04
 2.26264e+00  1.00010e+00  2.37283e+04
 2.27381e+00  9.99792e-01  2.37477e+04
 2.28481e+00  9.99671e-01  2.37670e+04
 2.29567e+00  9.99828e-01  2.37861e+04
 2.30713e+00  9.99924e-01  2.38064e+04
 2.31853e+00  1.00042e+00  2.38266e+04
 2.32994e+00  9.99795e-01  2.38470e+04
 2.34119e+00  1.00071e+00  2.38672e+04
 2.35285e+00  9.99602e-01  2.38883e+04
 2.36515e+00  1.00003e+00  2.39105e+04
 2.37692e+00  9.99740e-01  2.39319e+04
 2.38764e+00  1.00025e+00  2.39515e+04
 2.39881e+00  9.99780e-01  2.39719e+04
 2.40981e+00  9.99926e-01  2.39921e+04
 2.42067e+00  1.00023e+00  2.40121e+04
 2.43176e+00  9.99507e-01  2.40326e+04
 2.44252e+00  9.99947e-01  2.40525e+04
 2.45367e+00  1.00003e+00  2.40731e+04
 2.46436e+00  1.00010e+00  2.40930e+04
 2.47576e+00  9.99969e-01  2.41141e+04
 2.48634e+00  9.99958e-01  2.41338e+04
 2.49800e+00  9.99872e-01  2.41555e+04
 2.50928e+00  9.99709e-01  2.41764e+04
 2.52052e+00  1.00430e+00  2.41974e+04
 2.53142e+00  9.99856e-01  2.42176e+04
 2.54173e+00  1.00389e+00  2.42368e+04
 2.55226e+00  9.99680e-01  2.42563e+04
 2.56287e+00  1.00407e+00  2.42759e+04
 2.57411e+00  1.00003e+00  2.42967e+04
 2.58479e+00  1.00363e+00  2.43164e+04
 2.59725e+00  1.00435e+00  2.43393e+04
 2.60716e+00  1.00043e+00  2.43575e+04
 2.61809e+00  1.00422e+00  2.43774e+04
 2.62798e+00  1.00008e+00  2.43954e+04
 2.63892e+00  1.00492e+00  2.44152e+04
 2.64881e+00  1.00021e+00  2.44330e+04
 2.65975e+00  1.00468e+00  2.44526e+04
 2.67044e+00  9.99872e-01  2.44717e+04
 2.68166e+00  1.00456e+00  2.44916e+04
 2.69297e+00  1.00015e+00  2.45114e+04
 2.70463e+00  1.00461e+00  2.45317e+04
 2.71586e+00  1.00019e+00  2.45512e+04
 2.72754e+00  1.00469e+00  2.45711e+04
 2.73914e+00  1.00047e+00  2.45908e+04
 2.75157e+00  1.00469e+00  2.46116e+04
 2.76264e+00  1.00110e+00  2.46300e+04
 2.77412e+00  1.00516e+00  2.46488e+04
 2.78580e+00  1.00494e+00  2.46676e+04
 2.79650e+00  1.00117e+00  2.46847e+04
 2.80772e+00  1.00474e+00  2.47023e+04
 2.81834e+00  1.00245e+00  2.47187e+04
 2.82964e+00  1.00549e+00  2.47359e+04
 2.84049e+00  1.00252e+00  2.47522e+04
 2.85148e+00  1.00513e+00  2.47684e+04
 2.86240e+00  1.00302e+00  2.47841e+04
 2.87339e+00  1.00576e+00  2.47997e+04
 2.88429e+00  1.00342e+00  2.48148e+04
 2.89590e+00  1.00656e+00  2.48306e+04
 2.90747e+00  1.00372e+00  2.48459e+04
 2.91935e+00  1.00705e+00  2.48612e+04
 2.93059e+00  1.00724e+00  2.48754e+04
 2.94126e+00  1.00467e+00  2.48884e+04
 2.95355e+00  1.00678e+00  2.49029e+04
 2.96418e+00  1.00588e+00  2.49152e+04
 2.97648e+00  1.00774e+00  2.49288e+04
 2.98740e+00  1.00649e+00  2.49405e+04
 2.99839e+00  1.00842e+00  2.49518e+04
 3.01061e+00  1.00649e+00  2.49640e+04
 3.02134e+00  1.00967e+00  2.49741e+04
 3.03244e+00  1.00700e+00  2.49842e+04
 3.04329e+00  1.00973e+00  2.49937e+04
 3.05497e+00  1.00804e+00  2.50033e+04
 3.06731e+00  1.00830e+00  2.50129e+04
 3.07900e+00  1.00788e+00  2.50214e+04
 3.09225e+00  1.00832e+00  2.50305e+04
 3.10470e+00  1.00823e+00  2.50383e+04
 3.11681e+00  1.00839e+00  2.50453e+04
 3.12876e+00  1.00841e+00  2.50516e+04
 3.14010e+00  1.00801e+00  2.50570e+04
 3.15299e+00  1.00861e+00  2.50626e+04
 3.16476e+00  1.00777e+00  2.50670e+04
 3.17726e+00  1.00764e+00  2.50710e+04
 3.18882e+00  1.00793e+00  2.50741e+04
 3.20015e+00  1.00806e+00  2.50766e+04
 3.21209e+00  1.00756e+00  2.50787e+04
 3.22342e+00  1.00623e+00  2.50800e+04
 3.23502e+00  1.00722e+00  2.50808e+04
 3.24669e+00  1.00661e+00  2.50810e+04
 3.25824e+00  1.00678e+00  2.50806e+04
 3.26968e+00  1.00594e+00  2.50797e+04
 3.28244e+00  1.00551e+00  2.50779e+04
 3.29409e+00  1.00610e+00  2.50757e+04
 3.30676e+00  1.00485e+00  2.50726e+04
 3.31836e+00  1.00546e+00  2.50691e+04
 3.32964e+00  1.00539e+00  2.50652e+04
 3.34049e+00  1.00485e+00  2.50610e+04
 3.35264e+00  1.00542e+00  2.50556e+04
 3.36481e+00  1.00412e+00  2.50496e+04
 3.37769e+00  1.00470e+00  2.50425e+04
 3.38931e+00  1.00458e+00  2.50356e+04
 3.40064e+00  1.00370e+00  2.50283e+04
 3.41231e+00  1.00390e+00  2.50203e+04
 3.42384e+00  1.00286e+00  2.50118e+04
 3.43595e+00  1.00331e+00  2.50023e+04
 3.44812e+00  1.00245e+00  2.49922e+04
 3.45995e+00  1.00250e+00  2.49818e+04
 3.47230e+00  1.00269e+00  2.49705e+04
 3.48432e+00  1.00255e+00  2.49589e+04
 3.49703e+00  1.00206e+00  2.49461e+04
 3.50865e+00  1.00144e+00  2.49338e+04
 3.52139e+00  1.00180e+00  2.49199e+04
 3.53378e+00  1.00166e+00  2.49058e+04
 3.54544e+00  1.00103e+00  2.48922e+04
 3.55708e+00  1.00134e+00  2.48781e+04
 3.56836e+00  1.00130e+00  2.48640e+04
 3.58035e+00  1.00104e+00  2.48486e+04
 3.59156e+00  1.00079e+00  2.48339e+04
 3.60333e+00  1.00087e+00  2.48180e+04
 3.61477e+00  1.00008e+00  2.48023e+04
 3.62733e+00  1.00092e+00  2.47845e+04
 3.63968e+00  1.00048e+00  2.47667e+04
 3.65366e+00  9.99946e-01  2.47461e+04
 3.66612e+00  1.00017e+00  2.47273e+04
 3.67833e+00  9.99948e-01  2.47086e+04
 3.69088e+00  9.99994e-01  2.46891e+04
 3.70292e+00  1.00006e+00  2.46700e+04
 3.71483e+00  1.00025e+00  2.46508e+04
 3.72723e+00  9.99932e-01  2.46306e+04
 3.73847e+00  9.99484e-01  2.46121e+04
 3.75053e+00  9.99900e-01  2.45919e+04
 3.76227e+00  1.00042e+00  2.45721e+04
 3.77460e+00  9.99938e-01  2.45511e+04
 3.78629e+00  9.99579e-01  2.45309e+04
 3.79922e+00  9.99616e-01  2.45084e+04
 3.81168e+00  9.99563e-01  2.44866e+04
 3.82312e+00  9.99380e-01  2.44663e+04
 3.83568e+00  9.99156e-01  2.44440e+04
 3.84763e+00  9.99728e-01  2.44226e+04
 3.85900e+00  9.99203e-01  2.44021e+04
 3.87170e+00  9.99165e-01  2.43791e+04
 3.88328e+00  9.99241e-01  2.43580e+04
 3.89635e+00  9.99532e-01  2.43342e+04
 3.90749e+00  9.99144e-01  2.43137e+04
 3.91935e+00  9.99366e-01  2.42920e+04
 3.93139e+00  9.98773e-01  2.42698e+04
 3.94336e+00  9.99575e-01  2.42477e+04
 3.95535e+00  9.99452e-01  2.42255e+04
 3.96656e+00  9.99218e-01  2.42048e+04
 3.97900e+00  9.99440e-01  2.41817e+04
 3.99187e+00  9.98876e-01  2.41579e+04
 4.00614e+00  9.99136e-01  2.41315e+04
 4.01891e+00  9.99265e-01  2.41078e+04
 4.03077e+00  9.99038e-01  2.40859e+04
 4.04409e+00  9.99213e-01  2.40613e+04
 4.05705e+00  9.98910e-01  2.40374e+04
 4.06868e+00  9.99357e-01  2.40161e+04
 4.08141e+00  9.99644e-01  2.39927e+04
 4.09328e+00  9.99556e-01  2.39710e+04
 4.10579e+00  9.99263e-01  2.39483e+04
 4.11817e+00  9.99355e-01  2.39258e+04
 4.12983e+00  9.99549e-01  2.39047e+04
 4.14285e+00  9.99494e-01  2.38813e+04
 4.15444e+00  9.99250e-01  2.38605e+04
 4.16788e+00  9.99722e-01  2.38365e+04
 4.18140e+00  9.99120e-01  2.38126e+04
 4.19368e+00  9.99797e-01  2.37909e+04
 4.20641e+00  9.99542e-01  2.37686e+04
 4.21828e+00  9.99455e-01  2.37479e+04
 4.23079e+00  9.99702e-01  2.37262e+04
 4.24317e+00  9.99488e-01  2.37049e+04
 4.25589e+00  9.99469e-01  2.36832e+04
 4.26891e+00  9.99638e-01  2.36610e+04
 4.28080e+00  9.99661e-01  2.36410e+04
 4.29329e+00  9.99655e-01  2.36201e+04
 4.30567e+00  9.99114e-01  2.35996e+04
 4.31733e+00  9.99890e-01  2.35804e+04
 4.33035e+00  9.99815e-01  2.35591e+04
 4.34196e+00  9.99553e-01  2.35402e+04
 4.35469e+00  9.99580e-01  2.35198e+04
 4.36817e+00  9.99422e-01  2.34983e+04
 4.37983e+00  9.99243e-01  2.34798e+04
 4.39315e+00  9.99552e-01  2.34590e+04
 4.40618e+00  9.99483e-01  2.34388e+04
 4.41935e+00  9.99309e-01  2.34185e+04
 4.43218e+00  9.99128e-01  2.33990e+04
 4.44500e+00  9.99466e-01  2.33797e+04
 4.45821e+00  9.99529e-01  2.33600e+04
 4.47300e+00  9.99330e-01  2.33382e+04
 4.48536e+00  9.99701e-01  2.33202e+04
 4.49808e+00  9.99132e-01  2.33018e+04
 4.50995e+00  9.99445e-01  2.32848e+04
 4.52247e+00  9.99360e-01  2.32671e+04
 4.53482e+00  9.99303e-01  2.32498e+04
 4.54750e+00  9.99282e-01  2.32322e+04
 4.56058e+00  9.99417e-01  2.32143e+04
 4.57380e+00  9.99379e-01  2.31964e+04
 4.58669e+00  9.99340e-01  2.31791e+04
 4.60118e+00  9.99741e-01  2.31599e+04
 4.61410e+00  9.99786e-01  2.31430e+04
 4.62696e+00  9.99664e-01  2.31264e+04
 4.64037e+00  9.99862e-01  2.31093e+04
 4.65301e+00  9.99986e-01  2.30933e+04
 4.66614e+00  9.99396e-01  2.30769e+04
 4.67931e+00  9.99780e-01  2.30607e+04
 4.69259e+00  9.99295e-01  2.30445e+04
 4.70641e+00  9.99451e-01  2.30279e+04
 4.71965e+00  9.99531e-01  2.30122e+04
 4.73248e+00  9.99796e-01  2.29971e+04
 4.74879e+00  9.99770e-01  2.29783e+04
 4.76398e+00  9.99573e-01  2.29610e+04
 4.77842e+00  9.99221e-01  2.29448e+04
 4.79294e+00  9.99036e-01  2.29287e+04
 4.80704e+00  9.99365e-01  2.29133e+04
 4.81968e+00  9.99351e-01  2.28996e+04
 4.83280e+00  9.99604e-01  2.28857e+04
 4.84597e+00  9.99677e-01  2.28718e+04
 4.85862e+00  9.99190e-01  2.28587e+04
 4.87275e+00  9.99338e-01  2.28442e+04
 4.88630e+00  9.99588e-01  2.28306e+04
 4.89915e+00  9.99842e-01  2.28178e+04
 4.91233e+00  9.99604e-01  2.28048e+04
 4.92521e+00  9.99676e-01  2.27923e+04
 4.93836e+00  9.99856e-01  2.27797e+04
 4.95148e+00  9.99363e-01  2.27673e+04
 4.96416e+00  9.99701e-01  2.27554e+04
 4.97725e+00  9.99723e-01  2.27434e+04
 4.99049e+00  9.99992e-01  2.27313e+04
 5.00330e+00  9.99890e-01  2.27198e+04
 5.01752e+00  9.99592e-01  2.27072e+04
 5.03179e+00  1.00022e+00  2.26948e+04
 5.04498e+00  9.99698e-01  2.26834e+04
 5.05817e+00  9.99911e-01  2.26722e+04
 5.07103e+00  9.99735e-01  2.26614e+04
 5.08456e+00  1.00000e+00  2.26502e+04
 5.09877e+00  1.00002e+00  2.26386e+04
 5.11271e+00  9.99611e-01  2.26274e+04
 5.12587e+00  1.00006e+00  2.26170e+04
 5.13939e+00  9.99432e-01  2.26064e+04
 5.15301e+00  9.99762e-01  2.25959e+04
 5.16614e+00  1.00001e+00  2.25859e+04
 5.17931e+00  9.99952e-01  2.25761e+04
 5.19195e+00  9.99344e-01  2.25667e+04
 5.20565e+00  9.99700e-01  2.25567e+04
 5.22065e+00  9.99024e-01  2.25459e+04
 5.23362e+00  9.99622e-01  2.25367e+04
 5.24703e+00  9.99559e-01  2.25273e+04
 5.25992e+00  9.99296e-01  2.25184e+04
 5.27382e+00  9.99316e-01  2.25089e+04
 5.28733e+00  9.99028e-01  2.24998e+04
 5.30021e+00  9.99119e-01  2.24913e+04
 5.31337e+00  9.99459e-01  2.24827e+04
 5.32546e+00  9.98515e-01  2.24748e+04
 5.33778e+00  9.99937e-01  2.24670e+04
 5.34983e+00  9.98773e-01  2.24594e+04
 5.36235e+00  9.98962e-01  2.24516e+04
 5.37517e+00  9.99706e-01  2.24437e+04
 5.38797e+00  9.98647e-01  2.24359e+04
 5.40028e+00  9.99380e-01  2.24286e+04
 5.41233e+00  9.99386e-01  2.24214e+04
 5.42485e+00  9.99344e-01  2.24141e+04
 5.43698e+00  1.00049e+00  2.24071e+04
 5.44918e+00  9.99077e-01  2.24002e+04
 5.46165e+00  1.00011e+00  2.23932e+04
 5.47374e+00  9.99310e-01  2.23864e+04
 5.48709e+00  9.99216e-01  2.23791e+04
 5.49948e+00  1.00027e+00  2.23724e+04
 5.51168e+00  9.99603e-01  2.23659e+04
 5.52521e+00  9.99607e-01  2.23587e+04
 5.53799e+00  9.99544e-01  2.23520e+04
 5.55094e+00  9.99174e-01  2.23454e+04
 5.56337e+00  9.99958e-01  2.23391e+04
 5.57547e+00  9.99610e-01  2.23330e+04
 5.58778e+00  9.99960e-01  2.23269e+04
 5.60086e+00  9.99477e-01  2.23205e+04
 5.61344e+00  9.99597e-01  2.23144e+04
 5.62591e+00  9.99883e-01  2.23084e+04
 5.63932e+00  9.99751e-01  2.23021e+04
 5.65134e+00  9.99694e-01  2.22965e+04
 5.66369e+00  9.99958e-01  2.22908e+04
 5.67595e+00  9.99728e-01  2.22852e+04
 5.68837e+00  9.99909e-01  2.22797e+04
 5.70048e+00  1.00003e+00  2.22743e+04
 5.71411e+00  9.99759e-01  2.22683e+04
 5.72725e+00  9.99864e-01  2.22626e+04
 5.73980e+00  1.00010e+00  2.22573e+04
 5.75197e+00  9.99373e-01  2.22521e+04
 5.76433e+00  9.99883e-01  2.22470e+04
 5.77634e+00  1.00011e+00  2.22420e+04
 5.78869e+00  9.99992e-01  2.22370e+04
 5.80095e+00  9.99425e-01  2.22321e+04
 5.81337e+00  9.99373e-01  2.22271e+04
 5.82548e+00  9.99672e-01  2.22224e+04
 5.83852e+00  9.99710e-01  2.22173e+04
 5.85119e+00  1.00016e+00  2.22124e+04
 5.86410e+00  1.00000e+00  2.22075e+04
 5.87697e+00  9.99801e-01  2.22027e+04
 5.88933e+00  1.00014e+00  2.21982e+04
 5.90265e+00  1.00006e+00  2.21933e+04
 5.91623e+00  9.99811e-01  2.21884e+04
 5.92964e+00  9.99483e-01  2.21836e+04
 5.94269e+00  9.99892e-01  2.21790e+04
 5.95580e+00  1.00000e+00  2.21745e+04
 5.96896e+00  9.99637e-01  2.21700e+04
 5.98114e+00  9.99790e-01  2.21658e+04
 5.99353e+00  1.00028e+00  2.21617e+04
 6.00685e+00  9.99745e-01  2.21573e+04
 6.01931e+00  9.99928e-01  2.21532e+04
 6.03251e+00  9.99957e-01  2.21489e+04
 6.04499e+00  9.99902e-01  2.21449e+04
 6.05710e+00  9.99524e-01  2.21411e+04
 6.07042e+00  9.99826e-01  2.21370e+04
 6.08282e+00  1.00006e+00  2.21331e+04
 6.09501e+00  9.99757e-01  2.21294e+04
 6.10749e+00  9.99618e-01  2.21257e+04
 6.11960e+00  9.99989e-01  2.21221e+04
 6.13223e+00  9.99933e-01  2.21183e+04
 6.14533e+00  9.99794e-01  2.21145e+04
 6.15782e+00  9.99968e-01  2.21109e+04
 6.17113e+00  9.99976e-01  2.21071e+04
 6.18457e+00  9.99833e-01  2.21034e+04
 6.19813e+00  1.00047e+00  2.20996e+04
 6.21032e+00  1.00013e+00  2.20962e+04
 6.22371e+00  1.00015e+00  2.20926e+04
 6.23604e+00  9.99880e-01  2.20893e+04
 6.24810e+00  1.00016e+00  2.20861e+04
 6.25932e+00  1.00014e+00  2.20832e+04
 6.27205e+00  1.00003e+00  2.20798e+04
 6.28451e+00  1.00037e+00  2.20766e+04
 6.29763e+00  1.00056e+00  2.20733e+04
 6.31060e+00  9.99852e-01  2.20701e+04
 6.32247e+00  9.99530e-01  2.20671e+04
 6.33500e+00  1.00037e+00  2.20640e+04
 6.34738e+00  9.99856e-01  2.20610e+04
 6.36107e+00  1.00008e+00  2.20577e+04
 6.37457e+00  1.00035e+00  2.20545e+04
 6.38770e+00  1.00012e+00  2.20515e+04
 6.39965e+00  1.00004e+00  2.20487e+04
 6.41126e+00  1.00016e+00  2.20460e+04
 6.42256e+00  1.00011e+00  2.20434e+04
 6.43453e+00  1.00003e+00  2.20407e+04
 6.44576e+00  1.00025e+00  2.20382e+04
 6.45754e+00  9.99675e-01  2.20356e+04
 6.46898e+00  9.99899e-01  2.20331e+04
 6.48082e+00  1.00020e+00  2.20306e+04
 6.49214e+00  1.00000e+00  2.20282e+04
 6.50479e+00  1.00023e+00  2.20255e+04
 6.51654e+00  9.99893e-01  2.20230e+04
 6.52804e+00  1.00029e+00  2.20206e+04
 6.53976e+00  9.99988e-01  2.20182e+04
 6.55099e+00  1.00001e+00  2.20159e+04
 6.56305e+00  1.00039e+00  2.20135e+04
 6.57519e+00  1.00039e+00  2.20111e+04
 6.58997e+00  1.00043e+00  2.20081e+04
 6.60556e+00  1.00021e+00  2.20051e+04
 6.62003e+00  1.00071e+00  2.20023e+04
 6.63471e+00  1.00034e+00  2.19995e+04
 6.64930e+00  1.00033e+00  2.19968e+04
 6.66419e+00  1.00049e+00  2.19940e+04
 6.67903e+00  1.00075e+00  2.19913e+04
 6.69346e+00  1.00010e+00  2.19887e+04
 6.70759e+00  1.00052e+00  2.19862e+04
 6.72213e+00  1.00046e+00  2.19836e+04
 6.73649e+00  1.00029e+00  2.19811e+04
 6.75139e+00  1.00053e+00  2.19785e+04
 6.76587e+00  1.00084e+00  2.19760e+04
 6.77952e+00  1.00064e+00  2.19737e+04
 6.79512e+00  1.00045e+00  2.19711e+04
 6.81595e+00  1.00061e+00  2.19677e+04
 6.82976e+00  1.00021e+00  2.19655e+04
 6.84341e+00  1.00041e+00  2.19633e+04
 6.85762e+00  1.00036e+00  2.19610e+04
 6.87142e+00  1.00034e+00  2.19588e+04
 6.88507e+00  1.00030e+00  2.19567e+04
 6.89929e+00  1.00011e+00  2.19545e+04
 6.91309e+00  1.00070e+00  2.19525e+04
 6.92673e+00  1.00033e+00  2.19504e+04
 6.94095e+00  9.99952e-01  2.19483e+04
 6.95586e+00  1.00014e+00  2.19461e+04
 6.97140e+00  1.00075e+00  2.19439e+04
 6.98514e+00  9.99688e-01  2.19419e+04
 7.00066e+00  9.99891e-01  2.19397e+04
 7.01832e+00  9.99850e-01  2.19372e+04
 7.03536e+00  1.00006e+00  2.19349e+04
 7.05406e+00  1.00016e+00  2.19323e+04
 7.07163e+00  1.00061e+00  2.19299e+04
 7.08780e+00  1.00022e+00  2.19278e+04
 7.10384e+00  1.00060e+00  2.19257e+04
 7.12294e+00  1.00046e+00  2.19232e+04
 7.14178e+00  1.00035e+00  2.19208e+04
 7.16266e+00  9.99923e-01  2.19182e+04
 7.18084e+00  1.00040e+00  2.19160e+04
 7.19663e+00  1.00038e+00  2.19140e+04
 7.21345e+00  9.99952e-01  2.19120e+04
 7.23027e+00  1.00046e+00  2.19100e+04
 7.24652e+00  1.00042e+00  2.19081e+04
 7.26274e+00  1.00044e+00  2.19062e+04
 7.27820e+00  1.00024e+00  2.19044e+04
 7.29450e+00  1.00055e+00  2.19026e+04
 7.31073e+00  1.00022e+00  2.19008e+04
 7.32676e+00  1.00064e+00  2.18990e+04
 7.34660e+00  1.00056e+00  2.18968e+04
 7.36523e+00  1.00024e+00  2.18948e+04
 7.38094e+00  9.99860e-01  2.18931e+04
 7.39857e+00  1.00044e+00  2.18913e+04
 7.41704e+00  1.00008e+00  2.18893e+04
 7.43402e+00  1.00001e+00  2.18876e+04
 7.45025e+00  1.00024e+00  2.18859e+04
 7.46570e+00  1.00026e+00  2.18844e+04
 7.48200e+00  1.00013e+00  2.18828e+04
 7.49823e+00  1.00029e+00  2.18812e+04
 7.51418e+00  1.00015e+00  2.18796e+04
 7.53017e+00  1.00024e+00  2.18781e+04
 7.54760e+00  1.00005e+00  2.18764e+04
 7.56360e+00  9.99924e-01  2.18749e+04
 7.57986e+00  1.00069e+00  2.18734e+04
 7.59610e+00  1.00031e+00  2.18719e+04
 7.61294e+00  1.00007e+00  2.18704e+04
 7.62947e+00  9.99734e-01  2.18689e+04
 7.64551e+00  9.99866e-01  2.18675e+04
 7.66145e+00  9.99832e-01  2.18661e+04
 7.67839e+00  9.99296e-01  2.18647e+04
 7.69487e+00  9.99880e-01  2.18632e+04
 7.71115e+00  9.99892e-01  2.18619e+04
 7.73048e+00  9.99528e-01  2.18603e+04
 7.75108e+00  9.99468e-01  2.18586e+04
 7.76736e+00  9.99557e-01  2.18572e+04
 7.78360e+00  9.99642e-01  2.18559e+04
 7.80044e+00  9.99546e-01  2.18546e+04
 7.81698e+00  9.99551e-01  2.18533e+04
 7.83444e+00  9.99542e-01  2.18519e+04
 7.85242e+00  9.99773e-01  2.18505e+04
 7.87024e+00  9.99681e-01  2.18492e+04
 7.88775e+00  9.99158e-01  2.18478e+04
 7.90320e+00  9.99292e-01  2.18467e+04
 7.91951e+00  9.99719e-01  2.18455e+04
 7.93575e+00  9.99022e-01  2.18443e+04
 7.95168e+00  9.99527e-01  2.18432e+04
 7.96748e+00  9.99391e-01  2.18420e+04
 7.98364e+00  9.99059e-01  2.18409e+04
 7.99968e+00  9.99390e-01  2.18398e+04
 8.01561e+00  9.99100e-01  2.18387e+04
 8.03192e+00  9.99412e-01  2.18375e+04
 8.04760e+00  9.99181e-01  2.18365e+04
 8.06362e+00  9.99291e-01  2.18354e+04
 8.07986e+00  9.99202e-01  2.18343e+04
 8.09610e+00  9.99374e-01  2.18333e+04
 8.11153e+00  9.99815e-01  2.18323e+04
 8.13012e+00  9.99483e-01  2.18311e+04
 8.14694e+00  9.99728e-01  2.18300e+04
 8.16320e+00  9.99605e-01  2.18290e+04
 8.17942e+00  9.99443e-01  2.18279e+04
 8.19595e+00  9.99424e-01  2.18269e+04
 8.21179e+00  9.46108e-01  2.18260e+04
 8.22571e+00  9.48795e-01  2.18251e+04
 8.24192e+00  9.99456e-01  2.18241e+04
 8.25911e+00  9.99905e-01  2.18231e+04
 8.27530e+00  9.99593e-01  2.18222e+04
 8.29135e+00  9.99515e-01  2.18212e+04
 8.30795e+00  9.99795e-01  2.18203e+04
 8.32673e+00  9.99450e-01  2.18192e+04
 8.34442e+00  9.99495e-01  2.18182e+04
 8.36010e+00  9.99634e-01  2.18173e+04
 8.37613e+00  9.99525e-01  2.18164e+04
 8.39236e+00  9.99044e-01  2.18156e+04
 8.40860e+00  9.99369e-01  2.18147e+04
 8.42851e+00  9.99688e-01  2.18136e+04
 8.44666e+00  9.99407e-01  2.18126e+04
 8.46281e+00  9.99747e-01  2.18118e+04
 8.48029e+00  9.99556e-01  2.18109e+04
 8.49654e+00  9.99600e-01  2.18100e+04
 8.51244e+00  9.94835e-01  2.18092e+04
 8.52543e+00  9.90954e-01  2.18086e+04
 8.53887e+00  9.91933e-01  2.18079e+04
 8.55251e+00  9.96676e-01  2.18072e+04
 8.56598e+00  9.94562e-01  2.18066e+04
 8.58019e+00  9.95151e-01  2.18059e+04
 8.59341e+00  9.95839e-01  2.18052e+04
 8.60631e+00  9.98006e-01  2.18046e+04
 8.61971e+00  9.97203e-01  2.18040e+04
 8.63235e+00  9.97528e-01  2.18034e+04
 8.64551e+00  9.98347e-01  2.18027e+04
 8.65863e+00  9.99379e-01  2.18021e+04
 8.67259e+00  9.99672e-01  2.18015e+04
 8.68582e+00  9.99508e-01  2.18009e+04
 8.69900e+00  1.00003e+00  2.18003e+04
 8.71212e+00  1.00025e+00  2.17997e+04
 8.72636e+00  1.00008e+00  2.17990e+04
 8.73926e+00  1.00026e+00  2.17984e+04
 8.75215e+00  9.99998e-01  2.17979e+04
 8.76553e+00  1.00046e+00  2.17973e+04
 8.77817e+00  1.00070e+00  2.17967e+04
 8.79136e+00  1.00011e+00  2.17962e+04
 8.80448e+00  1.00036e+00  2.17956e+04
 8.81711e+00  1.00023e+00  2.17951e+04
 8.83053e+00  9.99833e-01  2.17945e+04
 8.84609e+00  1.00014e+00  2.17938e+04
 8.85878e+00  1.00019e+00  2.17933e+04
 8.87221e+00  1.00029e+00  2.17927e+04
 8.88509e+00  1.00044e+00  2.17922e+04
 8.89966e+00  1.00026e+00  2.17916e+04
 8.91319e+00  9.99817e-01  2.17911e+04
 8.92434e+00  9.99729e-01  2.17906e+04
 8.93621e+00  9.99480e-01  2.17901e+04
 8.94693e+00  1.00027e+00  2.17897e+04
 8.95809e+00  9.99472e-01  2.17893e+04
 8.96910e+00  9.99566e-01  2.17888e+04
 8.98098e+00  9.99783e-01  2.17884e+04
 8.99212e+00  9.99333e-01  2.17879e+04
 9.00313e+00  9.99974e-01  2.17875e+04
 9.01562e+00  9.99425e-01  2.17870e+04
 9.02722e+00  1.01292e+00  2.17866e+04
 9.03927e+00  9.99864e-01  2.17861e+04
 9.05005e+00  9.99584e-01  2.17857e+04
 9.06121e+00  9.99641e-01  2.17853e+04
 9.07193e+00  1.00010e+00  2.17849e+04
 9.08310e+00  9.99792e-01  2.17845e+04
 9.09410e+00  9.99671e-01  2.17841e+04
 9.10496e+00  9.99828e-01  2.17837e+04
 9.11642e+00  9.99924e-01  2.17833e+04
 9.12781e+00  1.00042e+00  2.17829e+04
 9.13923e+00  9.99795e-01  2.17825e+04
 9.15048e+00  1.00071e+00  2.17821e+04
 9.16213e+00  9.99602e-01  2.17817e+04
 9.17444e+00  1.00003e+00  2.17812e+04
 9.18621e+00  9.99740e-01  2.17808e+04
 9.19693e+00  1.00025e+00  2.17804e+04
 9.20810e+00  9.99780e-01  2.17801e+04
 9.21910e+00  9.99926e-01  2.17797e+04
 9.22996e+00  1.00023e+00  2.17793e+04
 9.24104e+00  9.99507e-01  2.17789e+04
 9.25181e+00  9.99947e-01  2.17786e+04
 9.26296e+00  1.00003e+00  2.17782e+04
 9.27364e+00  1.00010e+00  2.17778e+04
 9.28505e+00  9.99969e-01  2.17775e+04
 9.29563e+00  9.99958e-01  2.17771e+04
 9.30729e+00  9.99872e-01  2.17767e+04
 9.31857e+00  9.99709e-01  2.17764e+04
 9.32981e+00  1.00430e+00  2.17760e+04
 9.34070e+00  9.99856e-01  2.17756e+04
 9.35102e+00  1.00389e+00  2.17753e+04
 9.36154e+00  9.99680e-01  2.17750e+04
 9.37216e+00  1.00407e+00  2.17746e+04
 9.38339e+00  1.00003e+00  2.17743e+04
 9.39407e+00  1.00363e+00  2.17739e+04
 9.40653e+00  1.00435e+00  2.17736e+04
 9.41645e+00  1.00043e+00  2.17732e+04
 9.42738e+00  1.00422e+00  2.17729e+04
 9.43727e+00  1.00008e+00  2.17726e+04
 9.44821e+00  1.00492e+00  2.17723e+04
 9.45810e+00  1.00021e+00  2.17720e+04
 9.46903e+00  1.00468e+00  2.17716e+04
 9.47972e+00  9.99872e-01  2.17713e+04
 9.49095e+00  1.00456e+00  2.17710e+04
 9.50225e+00  1.00015e+00  2.17707e+04
 9.51391e+00  1.00461e+00  2.17703e+04
 9.52515e+00  1.00019e+00  2.17700e+04
 9.53682e+00  1.00469e+00  2.17696e+04
 9.54843e+00  1.00047e+00  2.17693e+04
 9.56086e+00  1.00469e+00  2.17689e+04
 9.57193e+00  1.00110e+00  2.17686e+04
 9.58341e+00  1.00516e+00  2.17683e+04
 9.59509e+00  1.00494e+00  2.17680e+04
 9.60578e+00  1.00117e+00  2.17677e+04
 9.61701e+00  1.00474e+00  2.17673e+04
 9.62762e+00  1.00245e+00  2.17671e+04
 9.63892e+00  1.00549e+00  2.17667e+04
 9.64978e+00  1.00252e+00  2.17664e+04
 9.66076e+00  1.00513e+00  2.17661e+04
 9.67169e+00  1.00302e+00  2.17658e+04
 9.68267e+00  1.00576e+00  2.17655e+04
 9.69358e+00  1.00342e+00  2.17652e+04
 9.70519e+00  1.00656e+00  2.17649e+04
 9.71676e+00  1.00372e+00  2.17646e+04
 9.72864e+00  1.00705e+00  2.17643e+04
 9.73988e+00  1.00724e+00  2.17640e+04
 9.75054e+00  1.00467e+00  2.17637e+04
 9.76284e+00  1.00678e+00  2.17634e+04
 9.77346e+00  1.00588e+00  2.17631e+04
 9.78577e+00  1.00774e+00  2.17628e+04
 9.79669e+00  1.00649e+00  2.17625e+04
 9.80767e+00  1.00842e+00  2.17623e+04
 9.81989e+00  1.00649e+00  2.17619e+04
 9.83063e+00  1.00967e+00  2.17617e+04
 9.84172e+00  1.00700e+00  2.17614e+04
 9.85257e+00  1.00973e+00  2.17611e+04
 9.86426e+00  1.00804e+00  2.17608e+04
 9.87660e+00  1.00830e+00  2.17605e+04
 9.88829e+00  1.00788e+00  2.17602e+04
 9.90154e+00  1.00832e+00  2.17599e+04
 9.91399e+00  1.00823e+00  2.17596e+04
 9.92610e+00  1.00839e+00  2.17593e+04
 9.93804e+00  1.00841e+00  2.17590e+04
 9.94938e+00  1.00801e+00  2.17588e+04
 9.96228e+00  1.00861e+00  2.17585e+04
 9.97405e+00  1.00777e+00  2.17582e+04
 9.98654e+00  1.00764e+00  2.17579e+04
 9.99810e+00  1.00793e+00  2.17576e+04
 1.00094e+01  1.00806e+00  2.17573e+04
 1.00214e+01  1.00756e+00  2.17571e+04
 1.00327e+01  1.00623e+00  2.17568e+04
 1.00443e+01  1.00722e+00  2.17565e+04
 1.00560e+01  1.00661e+00  2.17563e+04
 1.00675e+01  1.00678e+00  2.17560e+04
 1.00790e+01  1.00594e+00  2.17558e+04
 1.00917e+01  1.00551e+00  2.17555e+04
 1.01034e+01  1.00610e+00  2.17552e+04
 1.01160e+01  1.00485e+00  2.17549e+04
 1.01276e+01  1.00546e+00  2.17547e+04
 1.01389e+01  1.00539e+00  2.17544e+04
 1.01498e+01  1.00485e+00  2.17542e+04
 1.01619e+01  1.00542e+00  2.17539e+04
 1.01741e+01  1.00412e+00  2.17537e+04
 1.01870e+01  1.00470e+00  2.17534e+04
 1.01986e+01  1.00458e+00  2.17532e+04
 1.02099e+01  1.00370e+00  2.17529e+04
 1.02216e+01  1.00390e+00  2.17527e+04
 1.02331e+01  1.00286e+00  2.17524e+04
 1.02452e+01  1.00331e+00  2.17522e+04
 1.02574e+01  1.00245e+00  2.17519e+04
 1.02692e+01  1.00250e+00  2.17517e+04
 1.02816e+01  1.00269e+00  2.17514e+04
 1.02936e+01  1.00255e+00  2.17512e+04
 1.03063e+01  1.00206e+00  2.17509e+04
 1.03179e+01  1.00144e+00  2.17507e+04
 1.03307e+01  1.00180e+00  2.17504e+04
 1.03431e+01  1.00166e+00  2.17502e+04
 1.03547e+01  1.00103e+00  2.17500e+04
 1.03664e+01  1.00134e+00  2.17497e+04
 1.03776e+01  1.00130e+00  2.17495e+04
 1.03896e+01  1.00104e+00  2.17493e+04
 1.04008e+01  1.00079e+00  2.17490e+04
 1.04126e+01  1.00087e+00  2.17488e+04
 1.04241e+01  1.00008e+00  2.17486e+04
 1.04366e+01  1.00092e+00  2.17484e+04
 1.04490e+01  1.00048e+00  2.17481e+04
 1.04629e+01  9.99946e-01  2.17479e+04
 1.04754e+01  1.00017e+00  2.17476e+04
 1.04876e+01  9.99948e-01  2.17474e+04
 1.05002e+01  9.99994e-01  2.17472e+04
 1.05122e+01  1.00006e+00  2.17469e+04
 1.05241e+01  1.00025e+00  2.17467e+04
 1.05365e+01  9.99932e-01  2.17465e+04
 1.05478e+01  9.99484e-01  2.17463e+04
 1.05598e+01  9.99900e-01  2.17461e+04
 1.05716e+01  1.00042e+00  2.17459e+04
 1.05839e+01  9.99938e-01  2.17456e+04
 1.05956e+01  9.99579e-01  2.17454e+04
 1.06085e+01  9.99616e-01  2.17452e+04
 1.06210e+01  9.99563e-01  2.17450e+04
 1.06324e+01  9.99380e-01  2.17448e+04
 1.06450e+01  9.99156e-01  2.17446e+04
 1.06569e+01  9.99728e-01  2.17444e+04
 1.06683e+01  9.99203e-01  2.17442e+04
 1.06810e+01  9.99165e-01  2.17439e+04
 1.06926e+01  9.99241e-01  2.17437e+04
 1.07056e+01  9.99532e-01  2.17435e+04
 1.07168e+01  9.99144e-01  2.17433e+04
 1.07286e+01  9.99366e-01  2.17431e+04
 1.07407e+01  9.98773e-01  2.17429e+04
 1.07526e+01  9.99575e-01  2.17427e+04
 1.07646e+01  9.99452e-01  2.17425e+04
 1.07758e+01  9.99218e-01  2.17423e+04
 1.07883e+01  9.99440e-01  2.17421e+04
 1.08012e+01  9.98876e-01  2.17419e+04
 1.08154e+01  9.99136e-01  2.17417e+04
 1.08282e+01  9.99265e-01  2.17415e+04
 1.08401e+01  9.99038e-01  2.17413e+04
 1.08534e+01  9.99213e-01  2.17411e+04
 1.08663e+01  9.98910e-01  2.17409e+04
 1.08780e+01  9.99357e-01  2.17407e+04
 1.08907e+01  9.99644e-01  2.17405e+04
 1.09026e+01  9.99556e-01  2.17403e+04
 1.09151e+01  9.99263e-01  2.17401e+04
 1.09275e+01  9.99355e-01  2.17399e+04
 1.09391e+01  9.99549e-01  2.17397e+04
 1.09521e+01  9.99494e-01  2.17395e+04
 1.09637e+01  9.99250e-01  2.17394e+04
 1.09772e+01  9.99722e-01  2.17392e+04
 1.09907e+01  9.99120e-01  2.17390e+04
 1.10030e+01  9.99797e-01  2.17388e+04
 1.10157e+01  9.99542e-01  2.17386e+04
 1.10276e+01  9.99455e-01  2.17384e+04
 1.10401e+01  9.99702e-01  2.17382e+04
 1.10525e+01  9.99488e-01  2.17380e+04
 1.10652e+01  9.99469e-01  2.17378e+04
 1.10782e+01  9.99638e-01  2.17377e+04
 1.10901e+01  9.99661e-01  2.17375e+04
 1.11026e+01  9.99655e-01  2.17373e+04
 1.11150e+01  9.99114e-01  2.17371e+04
 1.11266e+01  9.99890e-01  2.17370e+04
 1.11396e+01  9.99815e-01  2.17368e+04
 1.11512e+01  9.99553e-01  2.17366e+04
 1.11640e+01  9.99580e-01  2.17364e+04
 1.11775e+01  9.99422e-01  2.17362e+04
 1.11891e+01  9.99243e-01  2.17361e+04
 1.12024e+01  9.99552e-01  2.17359e+04
 1.12155e+01  9.99483e-01  2.17357e+04
 1.12286e+01  9.99309e-01  2.17355e+04
 1.12415e+01  9.99128e-01  2.17354e+04
 1.12543e+01  9.99466e-01  2.17352e+04
 1.12675e+01  9.99529e-01  2.17350e+04
 1.12823e+01  9.99330e-01  2.17348e+04
 1.12946e+01  9.99701e-01  2.17346e+04
 1.13074e+01  9.99132e-01  2.17345e+04
 1.13192e+01  9.99445e-01  2.17343e+04
 1.13318e+01  9.99360e-01  2.17341e+04
 1.13441e+01  9.99303e-01  2.17340e+04
 1.13568e+01  9.99282e-01  2.17338e+04
 1.13699e+01  9.99417e-01  2.17336e+04
 1.13831e+01  9.99379e-01  2.17335e+04
 1.13960e+01  9.99340e-01  2.17333e+04
 1.14105e+01  9.99741e-01  2.17331e+04
 1.14234e+01  9.99786e-01  2.17330e+04
 1.14362e+01  9.99664e-01  2.17328e+04
 1.14497e+01  9.99862e-01  2.17326e+04
 1.14623e+01  9.99986e-01  2.17325e+04
 1.14754e+01  9.99396e-01  2.17323e+04
 1.14886e+01  9.99780e-01  2.17321e+04
 1.15019e+01  9.99295e-01  2.17320e+04
 1.15157e+01  9.99451e-01  2.17318e+04
 1.15289e+01  9.99531e-01  2.17316e+04
 1.15418e+01  9.99796e-01  2.17315e+04
 1.15581e+01  9.99770e-01  2.17313e+04
 1.15733e+01  9.99573e-01  2.17311e+04
 1.15877e+01  9.99221e-01  2.17309e+04
 1.16022e+01  9.99036e-01  2.17308e+04
 1.16163e+01  9.99365e-01  2.17306e+04
 1.16290e+01  9.99351e-01  2.17305e+04
 1.16421e+01  9.99604e-01  2.17303e+04
 1.16553e+01  9.99677e-01  2.17301e+04
 1.16679e+01  9.99190e-01  2.17300e+04
 1.16820e+01  9.99338e-01  2.17298e+04
 1.16956e+01  9.99588e-01  2.17297e+04
 1.17084e+01  9.99842e-01  2.17295e+04
 1.17216e+01  9.99604e-01  2.17294e+04
 1.17345e+01  9.99676e-01  2.17292e+04
 1.17476e+01  9.99856e-01  2.17291e+04
 1.17608e+01  9.99363e-01  2.17289e+04
 1.17734e+01  9.99701e-01  2.17288e+04
 1.17865e+01  9.99723e-01  2.17287e+04
 1.17998e+01  9.99992e-01  2.17285e+04
 1.18126e+01  9.99890e-01  2.17284e+04
 1.18268e+01  9.99592e-01  2.17282e+04
 1.18411e+01  1.00022e+00  2.17281e+04
 1.18543e+01  9.99698e-01  2.17279e+04
 1.18675e+01  9.99911e-01  2.17278e+04
 1.18803e+01  9.99735e-01  2.17276e+04
 1.18939e+01  1.00000e+00  2.17275e+04
 1.19081e+01  1.00002e+00  2.17273e+04
 1.19220e+01  9.99611e-01  2.17272e+04
 1.19352e+01  1.00006e+00  2.17271e+04
 1.19487e+01  9.99432e-01  2.17269e+04
 1.19623e+01  9.99762e-01  2.17268e+04
 1.19754e+01  1.00001e+00  2.17266e+04
 1.19886e+01  9.99952e-01  2.17265e+04
 1.20012e+01  9.99344e-01  2.17264e+04
 1.20149e+01  9.99700e-01  2.17262e+04
 1.20299e+01  9.99024e-01  2.17261e+04
 1.20429e+01  9.99622e-01  2.17260e+04
 1.20563e+01  9.99559e-01  2.17258e+04
 1.20692e+01  9.99296e-01  2.17257e+04
 1.20831e+01  9.99316e-01  2.17256e+04
 1.20966e+01  9.99028e-01  2.17254e+04
 1.21095e+01  9.99119e-01  2.17253e+04
 1.21227e+01  9.99459e-01  2.17252e+04
 1.21347e+01  9.98515e-01  2.17250e+04
 1.21471e+01  9.99937e-01  2.17249e+04
 1.21591e+01  9.98773e-01  2.17248e+04
 1.21716e+01  9.98962e-01  2.17247e+04
 1.21845e+01  9.99706e-01  2.17246e+04
 1.21973e+01  9.98647e-01  2.17244e+04
 1.22096e+01  9.99380e-01  2.17243e+04
 1.22216e+01  9.99386e-01  2.17242e+04
 1.22341e+01  9.99344e-01  2.17241e+04
 1.22463e+01  1.00049e+00  2.17240e+04
 1.22585e+01  9.99077e-01  2.17239e+04
 1.22709e+01  1.00011e+00  2.17237e+04
 1.22830e+01  9.99310e-01  2.17236e+04
 1.22964e+01  9.99216e-01  2.17235e+04
 1.23088e+01  1.00027e+00  2.17234e+04
 1.23210e+01  9.99603e-01  2.17233e+04
 1.23345e+01  9.99607e-01  2.17232e+04
 1.23473e+01  9.99544e-01  2.17231e+04
 1.23602e+01  9.99174e-01  2.17229e+04
 1.23727e+01  9.99958e-01  2.17228e+04
 1.23848e+01  9.99610e-01  2.17227e+04
 1.23971e+01  9.99960e-01  2.17226e+04
 1.24101e+01  9.99477e-01  2.17225e+04
 1.24227e+01  9.99597e-01  2.17224e+04
 1.24352e+01  9.99883e-01  2.17223e+04
 1.24486e+01  9.99751e-01  2.17222e+04
 1.24606e+01  9.99694e-01  2.17220e+04
 1.24730e+01  9.99958e-01  2.17219e+04
 1.24852e+01  9.99728e-01  2.17218e+04
 1.24977e+01  9.99909e-01  2.17217e+04
 1.25098e+01  1.00003e+00  2.17216e+04
 1.25234e+01  9.99759e-01  2.17215e+04
 1.25365e+01  9.99864e-01  2.17214e+04
 1.25491e+01  1.00010e+00  2.17213e+04
 1.25613e+01  9.99373e-01  2.17212e+04
 1.25736e+01  9.99883e-01  2.17211e+04
 1.25856e+01  1.00011e+00  2.17210e+04
 1.25980e+01  9.99992e-01  2.17209e+04
 1.26102e+01  9.99425e-01  2.17208e+04
 1.26227e+01  9.99373e-01  2.17207e+04
 1.26348e+01  9.99672e-01  2.17206e+04
 1.26478e+01  9.99710e-01  2.17205e+04
 1.26605e+01  1.00016e+00  2.17204e+04
 1.26734e+01  1.00000e+00  2.17203e+04
 1.26863e+01  9.99801e-01  2.17202e+04
 1.26986e+01  1.00014e+00  2.17201e+04
 1.27119e+01  1.00006e+00  2.17200e+04
 1.27255e+01  9.99811e-01  2.17198e+04
 1.27389e+01  9.99483e-01  2.17197e+04
 1.27520e+01  9.99892e-01  2.17196e+04
 1.27651e+01  1.00000e+00  2.17195e+04
 1.27782e+01  9.99637e-01  2.17194e+04
 1.27904e+01  9.99790e-01  2.17193e+04
 1.28028e+01  1.00028e+00  2.17192e+04
 1.28161e+01  9.99745e-01  2.17191e+04
 1.28286e+01  9.99928e-01  2.17190e+04
 1.28418e+01  9.99957e-01  2.17189e+04
 1.28543e+01  9.99902e-01  2.17188e+04
 1.28664e+01  9.99524e-01  2.17188e+04
 1.28797e+01  9.99826e-01  2.17187e+04
 1.28921e+01  1.00006e+00  2.17186e+04
 1.29043e+01  9.99757e-01  2.17185e+04
 1.29168e+01  9.99618e-01  2.17184e+04
 1.29289e+01  9.99989e-01  2.17183e+04
 1.29415e+01  9.99933e-01  2.17182e+04
 1.29546e+01  9.99794e-01  2.17181e+04
 1.29671e+01  9.99968e-01  2.17180e+04
 1.29804e+01  9.99976e-01  2.17179e+04
 1.29939e+01  9.99833e-01  2.17178e+04
 1.30074e+01  1.00047e+00  2.17177e+04
 1.30196e+01  1.00013e+00  2.17176e+04
 1.30330e+01  1.00015e+00  2.17175e+04
 1.30453e+01  9.99880e-01  2.17174e+04
 1.30574e+01  1.00016e+00  2.17174e+04
 1.30686e+01  1.00014e+00  2.17173e+04
 1.30813e+01  1.00003e+00  2.17172e+04
 1.30938e+01  1.00037e+00  2.17171e+04
 1.31069e+01  1.00056e+00  2.17170e+04
 1.31199e+01  9.99852e-01  2.17169e+04
 1.31318e+01  9.99530e-01  2.17168e+04
 1.31443e+01  1.00037e+00  2.17167e+04
 1.31567e+01  9.99856e-01  2.17167e+04
 1.31704e+01  1.00008e+00  2.17166e+04
 1.31839e+01  1.00035e+00  2.17165e+04
 1.31970e+01  1.00012e+00  2.17164e+04
 1.32089e+01  1.00004e+00  2.17163e+04
 1.32205e+01  1.00016e+00  2.17162e+04
 1.32318e+01  1.00011e+00  2.17161e+04
 1.32438e+01  1.00003e+00  2.17161e+04
 1.32550e+01  1.00025e+00  2.17160e+04
 1.32668e+01  9.99675e-01  2.17159e+04
 1.32783e+01  9.99899e-01  2.17158e+04
 1.32901e+01  1.00020e+00  2.17158e+04
 1.33014e+01  1.00000e+00  2.17157e+04
 1.33141e+01  1.00023e+00  2.17156e+04
 1.33258e+01  9.99893e-01  2.17155e+04
 1.33373e+01  1.00029e+00  2.17154e+04
 1.33490e+01  9.99988e-01  2.17154e+04
 1.33603e+01  1.00001e+00  2.17153e+04
 1.33723e+01  1.00039e+00  2.17152e+04
 1.33845e+01  1.00039e+00  2.17151e+04
 1.33993e+01  1.00043e+00  2.17150e+04
 1.34148e+01  1.00021e+00  2.17149e+04
 1.34293e+01  1.00071e+00  2.17149e+04
 1.34440e+01  1.00034e+00  2.17148e+04
 1.34586e+01  1.00033e+00  2.17147e+04
 1.34735e+01  1.00049e+00  2.17146e+04
 1.34883e+01  1.00075e+00  2.17145e+04
 1.35028e+01  1.00010e+00  2.17144e+04
 1.35169e+01  1.00052e+00  2.17143e+04
 1.35314e+01  1.00046e+00  2.17142e+04
 1.35458e+01  1.00029e+00  2.17141e+04
 1.35607e+01  1.00053e+00  2.17140e+04
 1.35752e+01  1.00084e+00  2.17140e+04
 1.35888e+01  1.00064e+00  2.17139e+04
 1.36044e+01  1.00045e+00  2.17138e+04
