868
 5.57700e-03  1.00246e+00  1.00053e+00
 1.29940e-02  1.00245e+00  1.00053e+00
 2.24970e-02  1.00227e+00  1.00053e+00
 3.25840e-02  1.00224e+00  1.00053e+00
 4.11530e-02  1.00209e+00  1.00053e+00
 4.96860e-02  1.00190e+00  1.00053e+00
 5.86430e-02  1.00175e+00  1.00053e+00
 6.85660e-02  1.00147e+00  1.00053e+00
 7.82280e-02  1.00128e+00  1.00053e+00
 8.85780e-02  1.00109e+00  1.00053e+00
 9.71870e-02  1.00110e+00  1.00053e+00
 1.07230e-01  1.00058e+00  1.00053e+00
 1.14936e-01  1.00095e+00  1.00053e+00
 1.23463e-01  1.00067e+00  1.00053e+00
 1.33029e-01  1.00065e+00  1.00053e+00
 1.42776e-01  1.00035e+00  1.00053e+00
 1.52303e-01  1.00017e+00  1.00053e+00
 1.60751e-01  1.00033e+00  1.00053e+00
 1.70109e-01  1.00000e+00  1.00053e+00
 1.77436e-01  1.00011e+00  1.00053e+00
 1.85857e-01  1.00002e+00  1.00053e+00
 1.95526e-01  9.99802e-01  1.00053e+00
 2.04210e-01  9.99717e-01  1.00053e+00
 2.14740e-01  9.99719e-01  1.00053e+00
 2.22970e-01  9.99709e-01  1.00053e+00
 2.32366e-01  9.99631e-01  1.00053e+00
 2.40754e-01  9.99485e-01  1.00053e+00
 2.48900e-01  9.99579e-01  1.00053e+00
 2.57909e-01  9.99397e-01  1.00053e+00
 2.67021e-01  9.99356e-01  1.00053e+00
 2.77396e-01  9.99344e-01  1.00053e+00
 2.86897e-01  9.99310e-01  1.00053e+00
 2.94992e-01  9.99206e-01  1.00053e+00
 3.05603e-01  9.99190e-01  1.00053e+00
 3.14482e-01  9.99499e-01  1.00053e+00
 3.23268e-01  9.99243e-01  1.00053e+00
 3.32366e-01  9.99378e-01  1.00053e+00
 3.40995e-01  9.99190e-01  1.00053e+00
 3.48717e-01  9.99313e-01  1.00053e+00
 3.56927e-01  9.99400e-01  1.00053e+00
 3.64936e-01  9.99130e-01  1.00053e+00
 3.72445e-01  9.99069e-01  1.00053e+00
 3.80567e-01  9.99759e-01  1.00053e+00
 3.88985e-01  9.99406e-01  1.00053e+00
 3.97832e-01  9.99198e-01  1.00053e+00
 4.05761e-01  9.99279e-01  1.00053e+00
 4.14045e-01  9.99257e-01  1.00053e+00
 4.22952e-01  9.99166e-01  1.00053e+00
 4.31154e-01  9.99396e-01  1.00053e+00
 4.38684e-01  9.99151e-01  1.00053e+00
 4.47830e-01  9.99290e-01  1.00053e+00
 4.56104e-01  9.99168e-01  1.00053e+00
 4.64740e-01  9.99213e-01  1.00053e+00
 4.73707e-01  9.99289e-01  1.00053e+00
 4.82705e-01  9.99413e-01  1.00053e+00
 4.90754e-01  9.99362e-01  1.00053e+00
 5.00107e-01  9.99433e-01  1.00053e+00
 5.09424e-01  9.99341e-01  1.00053e+00
 5.19808e-01  9.99495e-01  1.00053e+00
 5.29262e-01  9.99578e-01  1.00053e+00
 5.36897e-01  9.99327e-01  1.00053e+00
 5.45246e-01  9.99444e-01  1.00053e+00
 5.54042e-01  9.99396e-01  1.00053e+00
 5.61935e-01  9.99322e-01  1.00053e+00
 5.70818e-01  9.99476e-01  1.00053e+00
 5.78984e-01  9.99211e-01  1.00053e+00
 5.87129e-01  9.99566e-01  1.00053e+00
 5.95712e-01  9.99365e-01  1.00053e+00
 6.03605e-01  9.99473e-01  1.00053e+00
 6.11835e-01  9.99577e-01  1.00053e+00
 6.19781e-01  9.99509e-01  1.00053e+00
 6.31453e-01  9.99529e-01  1.00053e+00
 6.40229e-01  9.99516e-01  1.00053e+00
 6.47822e-01  9.99751e-01  1.00053e+00
 6.55771e-01  9.99629e-01  1.00053e+00
 6.64266e-01  9.99612e-01  1.00053e+00
 6.73730e-01  9.99530e-01  1.00053e+00
 6.83681e-01  9.99668e-01  1.00053e+00
 6.91812e-01  9.99853e-01  1.00053e+00
 7.00250e-01  9.99764e-01  1.00053e+00
 7.10086e-01  9.99512e-01  1.00053e+00
 7.20712e-01  9.99787e-01  1.00053e+00
 7.29248e-01  9.99701e-01  1.00053e+00
 7.38332e-01  9.99699e-01  1.00053e+00
 7.46695e-01  9.99534e-01  1.00053e+00
 7.54914e-01  9.99950e-01  1.00053e+00
 7.63004e-01  9.99788e-01  1.00053e+00
 7.72147e-01  9.99573e-01  1.00053e+00
 7.81606e-01  9.99861e-01  1.00053e+00
 7.89660e-01  9.99630e-01  1.00053e+00
 7.98341e-01  9.99905e-01  1.00053e+00
 8.06144e-01  9.99691e-01  1.00053e+00
 8.15103e-01  9.99875e-01  1.00053e+00
 8.24473e-01  9.99957e-01  1.00053e+00
 8.33540e-01  9.99764e-01  1.00053e+00
 8.42502e-01  9.99865e-01  1.00053e+00
 8.50885e-01  9.99831e-01  1.00053e+00
 8.60308e-01  1.00006e+00  1.00053e+00
 8.68644e-01  1.00008e+00  1.00053e+00
 8.76837e-01  9.99822e-01  1.00053e+00
 8.87159e-01  1.00008e+00  1.00053e+00
 8.94858e-01  9.99891e-01  1.00053e+00
 9.04732e-01  1.00008e+00  1.00053e+00
 9.12266e-01  1.00091e+00  1.00053e+00
 9.20343e-01  1.00008e+00  1.00053e+00
 9.29032e-01  1.00005e+00  1.00053e+00
 9.38887e-01  9.99912e-01  1.00053e+00
 9.48479e-01  1.00060e+00  1.00053e+00
 9.55785e-01  9.99796e-01  1.00053e+00
 9.64722e-01  1.00006e+00  1.00053e+00
 9.72425e-01  1.00015e+00  1.00053e+00
 9.81483e-01  1.00004e+00  1.00053e+00
 9.91243e-01  1.00012e+00  1.00053e+00
 9.99435e-01  1.00013e+00  1.00053e+00
 1.00838e+00  1.00007e+00  1.00053e+00
 1.01680e+00  9.99940e-01  1.00053e+00
 1.02517e+00  1.00025e+00  1.00053e+00
 1.03532e+00  1.00015e+00  1.00053e+00
 1.04286e+00  1.00019e+00  1.00053e+00
 1.05212e+00  1.00005e+00  1.00053e+00
 1.06034e+00  1.00049e+00  1.00053e+00
 1.06893e+00  1.00018e+00  1.00053e+00
 1.07739e+00  9.99863e-01  1.00053e+00
 1.08670e+00  1.00024e+00  1.00053e+00
 1.09591e+00  9.99993e-01  1.00053e+00
 1.10378e+00  1.00034e+00  1.00053e+00
 1.11235e+00  9.99990e-01  1.00053e+00
 1.11991e+00  1.00013e+00  1.00053e+00
 1.12743e+00  1.00009e+00  1.00053e+00
 1.13615e+00  1.00031e+00  1.00053e+00
 1.14382e+00  1.00012e+00  1.00053e+00
 1.15233e+00  1.00005e+00  1.00053e+00
 1.16079e+00  1.00011e+00  1.00053e+00
 1.16874e+00  1.00017e+00  1.00053e+00
 1.17764e+00  1.00022e+00  1.00053e+00
 1.18591e+00  1.00021e+00  1.00053e+00
 1.19431e+00  1.00022e+00  1.00053e+00
 1.20456e+00  1.00003e+00  1.00053e+00
 1.21231e+00  1.00020e+00  1.00053e+00
 1.22178e+00  1.00019e+00  1.00053e+00
 1.23044e+00  1.00008e+00  1.00053e+00
 1.23905e+00  1.00026e+00  1.00053e+00
 1.24639e+00  1.00003e+00  1.00053e+00
 1.25723e+00  1.00039e+00  1.00053e+00
 1.26494e+00  1.00013e+00  1.00053e+00
 1.27262e+00  1.00009e+00  1.00053e+00
 1.28192e+00  1.00038e+00  1.00053e+00
 1.29009e+00  1.00029e+00  1.00053e+00
 1.29817e+00  1.00026e+00  1.00053e+00
 1.30635e+00  1.00028e+00  1.00053e+00
 1.31420e+00  1.00036e+00  1.00053e+00
 1.32260e+00  1.00047e+00  1.00053e+00
 1.33050e+00  1.00028e+00  1.00053e+00
 1.33882e+00  1.00016e+00  1.00053e+00
 1.34674e+00  1.00032e+00  1.00053e+00
 1.35478e+00  1.00023e+00  1.00053e+00
 1.36444e+00  1.00023e+00  1.00053e+00
 1.37222e+00  1.00020e+00  1.00053e+00
 1.38135e+00  1.00016e+00  1.00053e+00
 1.38969e+00  1.00026e+00  1.00053e+00
 1.39800e+00  1.00019e+00  1.00053e+00
 1.40689e+00  1.00032e+00  1.00053e+00
 1.41752e+00  1.00012e+00  1.00053e+00
 1.42677e+00  1.00043e+00  1.00053e+00
 1.43465e+00  1.00008e+00  1.00053e+00
 1.44306e+00  1.00023e+00  1.00053e+00
 1.45183e+00  1.00015e+00  1.00053e+00
 1.46035e+00  1.00015e+00  1.00053e+00
 1.46949e+00  1.00033e+00  1.00053e+00
 1.47785e+00  1.00014e+00  1.00053e+00
 1.48567e+00  1.00019e+00  1.00053e+00
 1.49360e+00  1.00011e+00  1.00053e+00
 1.50190e+00  1.00001e+00  1.00053e+00
 1.51115e+00  1.00025e+00  1.00053e+00
 1.51951e+00  9.99902e-01  1.00053e+00
 1.52807e+00  1.00031e+00  1.00053e+00
 1.53657e+00  1.00022e+00  1.00053e+00
 1.54534e+00  1.00021e+00  1.00053e+00
 1.55403e+00  1.00031e+00  1.00053e+00
 1.56385e+00  1.00004e+00  1.00053e+00
 1.57277e+00  1.00025e+00  1.00053e+00
 1.58194e+00  1.00009e+00  1.00053e+00
 1.59057e+00  1.00023e+00  1.00053e+00
 1.59907e+00  1.00006e+00  1.00053e+00
 1.60863e+00  1.00026e+00  1.00053e+00
 1.61699e+00  1.00021e+00  1.00053e+00
 1.62649e+00  9.99966e-01  1.00053e+00
 1.63624e+00  1.00042e+00  1.00053e+00
 1.64545e+00  1.00011e+00  1.00053e+00
 1.65500e+00  1.00028e+00  1.00053e+00
 1.66373e+00  1.00020e+00  1.00053e+00
 1.67236e+00  1.00019e+00  1.00053e+00
 1.68110e+00  1.00023e+00  1.00053e+00
 1.69052e+00  1.00006e+00  1.00053e+00
 1.70025e+00  1.00032e+00  1.00053e+00
 1.71023e+00  1.00033e+00  1.00053e+00
 1.71983e+00  1.00015e+00  1.00053e+00
 1.72785e+00  1.00011e+00  1.00053e+00
 1.73649e+00  1.00037e+00  1.00053e+00
 1.74456e+00  1.00015e+00  1.00053e+00
 1.75384e+00  1.00021e+00  1.00053e+00
 1.76257e+00  1.00020e+00  1.00053e+00
 1.77119e+00  1.00026e+00  1.00053e+00
 1.77971e+00  1.00044e+00  1.00053e+00
 1.79003e+00  1.00007e+00  1.00053e+00
 1.79934e+00  1.00024e+00  1.00053e+00
 1.80694e+00  1.00008e+00  1.00053e+00
 1.81541e+00  1.00025e+00  1.00053e+00
 1.82324e+00  1.00032e+00  1.00053e+00
 1.83117e+00  9.99979e-01  1.00053e+00
 1.84009e+00  1.00035e+00  1.00053e+00
 1.84829e+00  1.00023e+00  1.00053e+00
 1.85683e+00  1.00009e+00  1.00053e+00
 1.86596e+00  1.00025e+00  1.00053e+00
 1.87449e+00  9.99955e-01  1.00053e+00
 1.88251e+00  1.00009e+00  1.00053e+00
 1.89283e+00  1.00017e+00  1.00053e+00
 1.90118e+00  1.00025e+00  1.00053e+00
 1.90945e+00  1.00033e+00  1.00053e+00
 1.91766e+00  1.00029e+00  1.00053e+00
 1.92655e+00  1.00004e+00  1.00053e+00
 1.93449e+00  1.00022e+00  1.00053e+00
 1.94297e+00  1.00023e+00  1.00053e+00
 1.95111e+00  1.00008e+00  1.00053e+00
 1.95953e+00  1.00005e+00  1.00053e+00
 1.96846e+00  1.00023e+00  1.00053e+00
 1.97701e+00  9.99968e-01  1.00053e+00
 1.98551e+00  1.00018e+00  1.00053e+00
 1.99488e+00  1.00005e+00  1.00053e+00
 2.00313e+00  9.99911e-01  1.00053e+00
 2.01073e+00  1.00015e+00  1.00053e+00
 2.01867e+00  1.00009e+00  1.00053e+00
 2.02724e+00  1.00025e+00  1.00053e+00
 2.03616e+00  1.00008e+00  1.00053e+00
 2.04531e+00  9.99947e-01  1.00053e+00
 2.05523e+00  1.00021e+00  1.00053e+00
 2.06523e+00  9.99830e-01  1.00053e+00
 2.07447e+00  1.00023e+00  1.00053e+00
 2.08328e+00  1.00015e+00  1.00053e+00
 2.09189e+00  1.00022e+00  1.00053e+00
 2.10290e+00  9.99761e-01  1.00053e+00
 2.11217e+00  1.00030e+00  1.00053e+00
 2.12149e+00  1.00010e+00  1.00053e+00
 2.13245e+00  1.00013e+00  1.00053e+00
 2.14124e+00  1.00008e+00  1.00053e+00
 2.14969e+00  1.00028e+00  1.00053e+00
 2.15787e+00  1.00012e+00  1.00053e+00
 2.16715e+00  1.00008e+00  1.00053e+00
 2.17621e+00  1.00022e+00  1.00053e+00
 2.18564e+00  9.99923e-01  1.00053e+00
 2.19365e+00  1.00023e+00  1.00053e+00
 2.20270e+00  1.00006e+00  1.00053e+00
 2.21148e+00  1.00053e+00  1.00053e+00
 2.22267e+00  1.00010e+00  1.00053e+00
 2.23202e+00  1.00047e+00  1.00053e+00
 2.24038e+00  1.00021e+00  1.00053e+00
 2.24907e+00  1.00024e+00  1.00053e+00
 2.25754e+00  1.00015e+00  1.00053e+00
 2.26624e+00  1.00011e+00  1.00053e+00
 2.27614e+00  1.00004e+00  1.00053e+00
 2.28445e+00  1.00018e+00  1.00053e+00
 2.29440e+00  9.98975e-01  1.00053e+00
 2.30263e+00  1.00015e+00  1.00053e+00
 2.31214e+00  9.99756e-01  1.00053e+00
 2.32144e+00  1.00014e+00  1.00053e+00
 2.32996e+00  9.99211e-01  1.00053e+00
 2.33976e+00  9.99976e-01  1.00053e+00
 2.34834e+00  9.99870e-01  1.00053e+00
 2.35804e+00  1.00003e+00  1.00053e+00
 2.36642e+00  1.00014e+00  1.00053e+00
 2.37588e+00  1.00024e+00  1.00053e+00
 2.38528e+00  9.99991e-01  1.00053e+00
 2.39500e+00  1.00029e+00  1.00053e+00
 2.40367e+00  1.00005e+00  1.00053e+00
 2.41208e+00  9.99891e-01  1.00053e+00
 2.42056e+00  1.00023e+00  1.00053e+00
 2.42997e+00  9.99962e-01  1.00053e+00
 2.43911e+00  9.99847e-01  1.00053e+00
 2.44775e+00  1.00006e+00  1.00053e+00
 2.45632e+00  9.99790e-01  1.00053e+00
 2.46449e+00  1.00002e+00  1.00053e+00
 2.47315e+00  9.99985e-01  1.00053e+00
 2.48214e+00  9.99860e-01  1.00053e+00
 2.49256e+00  9.99890e-01  1.00053e+00
 2.50123e+00  9.99755e-01  1.00053e+00
 2.51034e+00  9.99788e-01  1.00053e+00
 2.51833e+00  9.99671e-01  1.00053e+00
 2.52616e+00  1.00001e+00  1.00053e+00
 2.53423e+00  9.99819e-01  1.00053e+00
 2.54251e+00  9.99653e-01  1.00053e+00
 2.55035e+00  9.99755e-01  1.00053e+00
 2.55981e+00  9.99886e-01  1.00053e+00
 2.57007e+00  1.00005e+00  1.00053e+00
 2.58097e+00  9.99847e-01  1.00053e+00
 2.58990e+00  9.99763e-01  1.00053e+00
 2.59827e+00  9.99877e-01  1.00053e+00
 2.60708e+00  9.99904e-01  1.00053e+00
 2.61621e+00  9.99930e-01  1.00053e+00
 2.62415e+00  9.99529e-01  1.00053e+00
 2.63255e+00  9.99805e-01  1.00053e+00
 2.64172e+00  9.99602e-01  1.00053e+00
 2.65203e+00  9.99726e-01  1.00053e+00
 2.66083e+00  1.00006e+00  1.00053e+00
 2.66912e+00  9.99798e-01  1.00053e+00
 2.67794e+00  9.99716e-01  1.00053e+00
 2.68724e+00  9.99806e-01  1.00053e+00
 2.69596e+00  9.99680e-01  1.00053e+00
 2.70413e+00  9.99468e-01  1.00053e+00
 2.71219e+00  9.99865e-01  1.00053e+00
 2.72126e+00  9.99424e-01  1.00053e+00
 2.73061e+00  9.99569e-01  1.00053e+00
 2.73997e+00  9.99857e-01  1.00053e+00
 2.74885e+00  9.99500e-01  1.00053e+00
 2.75721e+00  9.99655e-01  1.00053e+00
 2.76663e+00  9.99392e-01  1.00053e+00
 2.77495e+00  9.99575e-01  1.00053e+00
 2.78380e+00  9.99517e-01  1.00053e+00
 2.79251e+00  9.99575e-01  1.00053e+00
 2.80112e+00  9.99554e-01  1.00053e+00
 2.80915e+00  9.99338e-01  1.00053e+00
 2.81766e+00  9.99521e-01  1.00053e+00
 2.82711e+00  9.99271e-01  1.00053e+00
 2.83575e+00  9.99539e-01  1.00053e+00
 2.84424e+00  9.99508e-01  1.00053e+00
 2.85379e+00  9.99378e-01  1.00053e+00
 2.86263e+00  9.99451e-01  1.00053e+00
 2.87114e+00  9.99219e-01  1.00053e+00
 2.87929e+00  9.99453e-01  1.00053e+00
 2.88840e+00  9.99384e-01  1.00053e+00
 2.89668e+00  9.99518e-01  1.00053e+00
 2.90537e+00  9.99443e-01  1.00053e+00
 2.91416e+00  9.99307e-01  1.00053e+00
 2.92232e+00  9.99299e-01  1.00053e+00
 2.93199e+00  9.99113e-01  1.00053e+00
 2.94315e+00  9.99411e-01  1.00053e+00
 2.95374e+00  9.99192e-01  1.00053e+00
 2.96223e+00  9.99371e-01  1.00053e+00
 2.97195e+00  9.99203e-01  1.00053e+00
 2.98137e+00  9.99260e-01  1.00053e+00
 2.98955e+00  9.99470e-01  1.00053e+00
 2.99711e+00  9.99096e-01  1.00053e+00
 3.00490e+00  9.99238e-01  1.00053e+00
 3.01460e+00  9.98939e-01  1.00053e+00
 3.02329e+00  9.99327e-01  1.00053e+00
 3.03206e+00  9.99263e-01  1.00053e+00
 3.04003e+00  9.98994e-01  1.00053e+00
 3.04921e+00  9.99176e-01  1.00053e+00
 3.05829e+00  9.99134e-01  1.00053e+00
 3.06777e+00  9.99374e-01  1.00053e+00
 3.07666e+00  9.98953e-01  1.00053e+00
 3.08617e+00  9.99232e-01  1.00053e+00
 3.09481e+00  9.99197e-01  1.00053e+00
 3.10505e+00  9.99204e-01  1.00053e+00
 3.11530e+00  9.99221e-01  1.00053e+00
 3.12342e+00  9.99127e-01  1.00053e+00
 3.13266e+00  9.99186e-01  1.00053e+00
 3.14363e+00  9.99040e-01  1.00053e+00
 3.15339e+00  9.99225e-01  1.00053e+00
 3.16321e+00  9.99161e-01  1.00053e+00
 3.17252e+00  9.99218e-01  1.00053e+00
 3.18159e+00  9.99084e-01  1.00053e+00
 3.18971e+00  9.99439e-01  1.00053e+00
 3.19954e+00  9.98963e-01  1.00053e+00
 3.20668e+00  9.99561e-01  1.00053e+00
 3.21567e+00  9.99520e-01  1.00053e+00
 3.22399e+00  9.99260e-01  1.00053e+00
 3.23177e+00  9.99582e-01  1.00053e+00
 3.24120e+00  9.99252e-01  1.00053e+00
 3.25020e+00  9.99482e-01  1.00053e+00
 3.25972e+00  9.99444e-01  1.00053e+00
 3.26841e+00  9.99504e-01  1.00053e+00
 3.27796e+00  9.99374e-01  1.00053e+00
 3.28656e+00  9.99624e-01  1.00053e+00
 3.29547e+00  9.99376e-01  1.00053e+00
 3.30463e+00  9.99671e-01  1.00053e+00
 3.31460e+00  9.99852e-01  1.00053e+00
 3.32473e+00  9.99893e-01  1.00053e+00
 3.33391e+00  1.00000e+00  1.00053e+00
 3.34319e+00  1.00009e+00  1.00053e+00
 3.35205e+00  1.00023e+00  1.00053e+00
 3.36153e+00  1.00045e+00  1.00053e+00
 3.37065e+00  1.00030e+00  1.00053e+00
 3.38079e+00  1.00037e+00  1.00053e+00
 3.38916e+00  1.00040e+00  1.00053e+00
 3.39642e+00  1.00066e+00  1.00053e+00
 3.40464e+00  1.00062e+00  1.00053e+00
 3.41305e+00  1.00071e+00  1.00053e+00
 3.42152e+00  1.00092e+00  1.00053e+00
 3.43082e+00  1.00086e+00  1.00053e+00
 3.43963e+00  1.00128e+00  1.00053e+00
 3.44881e+00  1.00116e+00  1.00053e+00
 3.45723e+00  1.00144e+00  1.00053e+00
 3.46751e+00  1.00154e+00  1.00053e+00
 3.47665e+00  1.00157e+00  1.00053e+00
 3.48572e+00  1.00156e+00  1.00053e+00
 3.49451e+00  1.00190e+00  1.00053e+00
 3.50280e+00  1.00208e+00  1.00053e+00
 3.51170e+00  1.00198e+00  1.00053e+00
 3.52097e+00  1.00245e+00  1.00053e+00
 3.53011e+00  1.00249e+00  1.00053e+00
 3.53890e+00  1.00259e+00  1.00053e+00
 3.54829e+00  1.00270e+00  1.00053e+00
 3.55705e+00  1.00285e+00  1.00053e+00
 3.56558e+00  1.00291e+00  1.00053e+00
 3.57538e+00  1.00339e+00  1.00053e+00
 3.58376e+00  1.00336e+00  1.00053e+00
 3.59357e+00  1.00367e+00  1.00053e+00
 3.60264e+00  1.00344e+00  1.00053e+00
 3.61310e+00  1.00360e+00  1.00053e+00
 3.62130e+00  1.00357e+00  1.00053e+00
 3.63079e+00  1.00383e+00  1.00053e+00
 3.63957e+00  1.00377e+00  1.00053e+00
 3.64926e+00  1.00382e+00  1.00053e+00
 3.65737e+00  1.00342e+00  1.00053e+00
 3.66562e+00  1.00399e+00  1.00053e+00
 3.67454e+00  1.00366e+00  1.00053e+00
 3.68328e+00  1.00401e+00  1.00053e+00
 3.69284e+00  1.00414e+00  1.00053e+00
 3.70166e+00  1.00400e+00  1.00053e+00
 3.71008e+00  1.00410e+00  1.00053e+00
 3.71871e+00  1.00396e+00  1.00053e+00
 3.72637e+00  1.00393e+00  1.00053e+00
 3.73521e+00  1.00390e+00  1.00053e+00
 3.74367e+00  1.00379e+00  1.00053e+00
 3.75252e+00  1.00382e+00  1.00053e+00
 3.76415e+00  1.00352e+00  1.00053e+00
 3.77344e+00  1.00367e+00  1.00053e+00
 3.78313e+00  1.00352e+00  1.00053e+00
 3.79134e+00  1.00353e+00  1.00053e+00
 3.80105e+00  1.00338e+00  1.00053e+00
 3.80934e+00  1.00324e+00  1.00053e+00
 3.81838e+00  1.00314e+00  1.00053e+00
 3.82739e+00  1.00293e+00  1.00053e+00
 3.83535e+00  1.00288e+00  1.00053e+00
 3.84733e+00  1.00246e+00  1.00053e+00
 3.85475e+00  1.00245e+00  1.00053e+00
 3.86425e+00  1.00227e+00  1.00053e+00
 3.87434e+00  1.00224e+00  1.00053e+00
 3.88291e+00  1.00209e+00  1.00053e+00
 3.89144e+00  1.00190e+00  1.00053e+00
 3.90040e+00  1.00175e+00  1.00053e+00
 3.91032e+00  1.00147e+00  1.00053e+00
 3.91998e+00  1.00128e+00  1.00053e+00
 3.93033e+00  1.00109e+00  1.00053e+00
 3.93894e+00  1.00110e+00  1.00053e+00
 3.94899e+00  1.00058e+00  1.00053e+00
 3.95669e+00  1.00095e+00  1.00053e+00
 3.96522e+00  1.00067e+00  1.00053e+00
 3.97478e+00  1.00065e+00  1.00053e+00
 3.98453e+00  1.00035e+00  1.00053e+00
 3.99406e+00  1.00017e+00  1.00053e+00
 4.00251e+00  1.00033e+00  1.00053e+00
 4.01187e+00  1.00000e+00  1.00053e+00
 4.01919e+00  1.00011e+00  1.00053e+00
 4.02761e+00  1.00002e+00  1.00053e+00
 4.03728e+00  9.99802e-01  1.00053e+00
 4.04597e+00  9.99717e-01  1.00053e+00
 4.05650e+00  9.99719e-01  1.00053e+00
 4.06473e+00  9.99709e-01  1.00053e+00
 4.07412e+00  9.99631e-01  1.00053e+00
 4.08251e+00  9.99485e-01  1.00053e+00
 4.09066e+00  9.99579e-01  1.00053e+00
 4.09966e+00  9.99397e-01  1.00053e+00
 4.10878e+00  9.99356e-01  1.00053e+00
 4.11915e+00  9.99344e-01  1.00053e+00
 4.12865e+00  9.99310e-01  1.00053e+00
 4.13675e+00  9.99206e-01  1.00053e+00
 4.14736e+00  9.99190e-01  1.00053e+00
 4.15624e+00  9.99499e-01  1.00053e+00
 4.16502e+00  9.99243e-01  1.00053e+00
 4.17412e+00  9.99378e-01  1.00053e+00
 4.18275e+00  9.99190e-01  1.00053e+00
 4.19047e+00  9.99313e-01  1.00053e+00
 4.19868e+00  9.99400e-01  1.00053e+00
 4.20669e+00  9.99130e-01  1.00053e+00
 4.21420e+00  9.99069e-01  1.00053e+00
 4.22232e+00  9.99759e-01  1.00053e+00
 4.23074e+00  9.99406e-01  1.00053e+00
 4.23959e+00  9.99198e-01  1.00053e+00
 4.24752e+00  9.99279e-01  1.00053e+00
 4.25580e+00  9.99257e-01  1.00053e+00
 4.26471e+00  9.99166e-01  1.00053e+00
 4.27291e+00  9.99396e-01  1.00053e+00
 4.28044e+00  9.99151e-01  1.00053e+00
 4.28958e+00  9.99290e-01  1.00053e+00
 4.29786e+00  9.99168e-01  1.00053e+00
 4.30650e+00  9.99213e-01  1.00053e+00
 4.31546e+00  9.99289e-01  1.00053e+00
 4.32446e+00  9.99413e-01  1.00053e+00
 4.33251e+00  9.99362e-01  1.00053e+00
 4.34186e+00  9.99433e-01  1.00053e+00
 4.35118e+00  9.99341e-01  1.00053e+00
 4.36156e+00  9.99495e-01  1.00053e+00
 4.37102e+00  9.99578e-01  1.00053e+00
 4.37865e+00  9.99327e-01  1.00053e+00
 4.38700e+00  9.99444e-01  1.00053e+00
 4.39580e+00  9.99396e-01  1.00053e+00
 4.40369e+00  9.99322e-01  1.00053e+00
 4.41257e+00  9.99476e-01  1.00053e+00
 4.42074e+00  9.99211e-01  1.00053e+00
 4.42889e+00  9.99566e-01  1.00053e+00
 4.43747e+00  9.99365e-01  1.00053e+00
 4.44536e+00  9.99473e-01  1.00053e+00
 4.45359e+00  9.99577e-01  1.00053e+00
 4.46154e+00  9.99509e-01  1.00053e+00
 4.47321e+00  9.99529e-01  1.00053e+00
 4.48198e+00  9.99516e-01  1.00053e+00
 4.48958e+00  9.99751e-01  1.00053e+00
 4.49753e+00  9.99629e-01  1.00053e+00
 4.50602e+00  9.99612e-01  1.00053e+00
 4.51549e+00  9.99530e-01  1.00053e+00
 4.52544e+00  9.99668e-01  1.00053e+00
 4.53357e+00  9.99853e-01  1.00053e+00
 4.54201e+00  9.99764e-01  1.00053e+00
 4.55184e+00  9.99512e-01  1.00053e+00
 4.56247e+00  9.99787e-01  1.00053e+00
 4.57100e+00  9.99701e-01  1.00053e+00
 4.58009e+00  9.99699e-01  1.00053e+00
 4.58845e+00  9.99534e-01  1.00053e+00
 4.59667e+00  9.99950e-01  1.00053e+00
 4.60476e+00  9.99788e-01  1.00053e+00
 4.61390e+00  9.99573e-01  1.00053e+00
 4.62336e+00  9.99861e-01  1.00053e+00
 4.63142e+00  9.99630e-01  1.00053e+00
 4.64010e+00  9.99905e-01  1.00053e+00
 4.64790e+00  9.99691e-01  1.00053e+00
 4.65686e+00  9.99875e-01  1.00053e+00
 4.66623e+00  9.99957e-01  1.00053e+00
 4.67530e+00  9.99764e-01  1.00053e+00
 4.68426e+00  9.99865e-01  1.00053e+00
 4.69264e+00  9.99831e-01  1.00053e+00
 4.70206e+00  1.00006e+00  1.00053e+00
 4.71040e+00  1.00008e+00  1.00053e+00
 4.71859e+00  9.99822e-01  1.00053e+00
 4.72891e+00  1.00008e+00  1.00053e+00
 4.73661e+00  9.99891e-01  1.00053e+00
 4.74649e+00  1.00008e+00  1.00053e+00
 4.75402e+00  1.00091e+00  1.00053e+00
 4.76210e+00  1.00008e+00  1.00053e+00
 4.77079e+00  1.00005e+00  1.00053e+00
 4.78064e+00  9.99912e-01  1.00053e+00
 4.79024e+00  1.00060e+00  1.00053e+00
 4.79754e+00  9.99796e-01  1.00053e+00
 4.80648e+00  1.00006e+00  1.00053e+00
 4.81418e+00  1.00015e+00  1.00053e+00
 4.82324e+00  1.00004e+00  1.00053e+00
 4.83300e+00  1.00012e+00  1.00053e+00
 4.84119e+00  1.00013e+00  1.00053e+00
 4.85014e+00  1.00007e+00  1.00053e+00
 4.85856e+00  9.99940e-01  1.00053e+00
 4.86693e+00  1.00025e+00  1.00053e+00
 4.87708e+00  1.00015e+00  1.00053e+00
 4.88462e+00  1.00019e+00  1.00053e+00
 4.89388e+00  1.00005e+00  1.00053e+00
 4.90210e+00  1.00049e+00  1.00053e+00
 4.91069e+00  1.00018e+00  1.00053e+00
 4.91915e+00  9.99863e-01  1.00053e+00
 4.92846e+00  1.00024e+00  1.00053e+00
 4.93767e+00  9.99993e-01  1.00053e+00
 4.94553e+00  1.00034e+00  1.00053e+00
 4.95411e+00  9.99990e-01  1.00053e+00
 4.96166e+00  1.00013e+00  1.00053e+00
 4.96918e+00  1.00009e+00  1.00053e+00
 4.97790e+00  1.00031e+00  1.00053e+00
 4.98558e+00  1.00012e+00  1.00053e+00
 4.99409e+00  1.00005e+00  1.00053e+00
 5.00254e+00  1.00011e+00  1.00053e+00
 5.01050e+00  1.00017e+00  1.00053e+00
 5.01940e+00  1.00022e+00  1.00053e+00
 5.02766e+00  1.00021e+00  1.00053e+00
 5.03606e+00  1.00022e+00  1.00053e+00
 5.04631e+00  1.00003e+00  1.00053e+00
 5.05407e+00  1.00020e+00  1.00053e+00
 5.06354e+00  1.00019e+00  1.00053e+00
 5.07220e+00  1.00008e+00  1.00053e+00
 5.08081e+00  1.00026e+00  1.00053e+00
 5.08815e+00  1.00003e+00  1.00053e+00
 5.09898e+00  1.00039e+00  1.00053e+00
 5.10669e+00  1.00013e+00  1.00053e+00
 5.11437e+00  1.00009e+00  1.00053e+00
 5.12368e+00  1.00038e+00  1.00053e+00
 5.13184e+00  1.00029e+00  1.00053e+00
 5.13993e+00  1.00026e+00  1.00053e+00
 5.14810e+00  1.00028e+00  1.00053e+00
 5.15596e+00  1.00036e+00  1.00053e+00
 5.16435e+00  1.00047e+00  1.00053e+00
 5.17226e+00  1.00028e+00  1.00053e+00
 5.18058e+00  1.00016e+00  1.00053e+00
 5.18850e+00  1.00032e+00  1.00053e+00
 5.19654e+00  1.00023e+00  1.00053e+00
 5.20620e+00  1.00023e+00  1.00053e+00
 5.21398e+00  1.00020e+00  1.00053e+00
 5.22311e+00  1.00016e+00  1.00053e+00
 5.23144e+00  1.00026e+00  1.00053e+00
 5.23975e+00  1.00019e+00  1.00053e+00
 5.24864e+00  1.00032e+00  1.00053e+00
 5.25927e+00  1.00012e+00  1.00053e+00
 5.26852e+00  1.00043e+00  1.00053e+00
 5.27641e+00  1.00008e+00  1.00053e+00
 5.28481e+00  1.00023e+00  1.00053e+00
 5.29359e+00  1.00015e+00  1.00053e+00
 5.30211e+00  1.00015e+00  1.00053e+00
 5.31124e+00  1.00033e+00  1.00053e+00
 5.31960e+00  1.00014e+00  1.00053e+00
 5.32743e+00  1.00019e+00  1.00053e+00
 5.33536e+00  1.00011e+00  1.00053e+00
 5.34366e+00  1.00001e+00  1.00053e+00
 5.35290e+00  1.00025e+00  1.00053e+00
 5.36126e+00  9.99902e-01  1.00053e+00
 5.36983e+00  1.00031e+00  1.00053e+00
 5.37832e+00  1.00022e+00  1.00053e+00
 5.38710e+00  1.00021e+00  1.00053e+00
 5.39579e+00  1.00031e+00  1.00053e+00
 5.40561e+00  1.00004e+00  1.00053e+00
 5.41453e+00  1.00025e+00  1.00053e+00
 5.42370e+00  1.00009e+00  1.00053e+00
 5.43233e+00  1.00023e+00  1.00053e+00
 5.44082e+00  1.00006e+00  1.00053e+00
 5.45039e+00  1.00026e+00  1.00053e+00
 5.45874e+00  1.00021e+00  1.00053e+00
 5.46824e+00  9.99966e-01  1.00053e+00
 5.47799e+00  1.00042e+00  1.00053e+00
 5.48721e+00  1.00011e+00  1.00053e+00
 5.49676e+00  1.00028e+00  1.00053e+00
 5.50549e+00  1.00020e+00  1.00053e+00
 5.51412e+00  1.00019e+00  1.00053e+00
 5.52286e+00  1.00023e+00  1.00053e+00
 5.53227e+00  1.00006e+00  1.00053e+00
 5.54201e+00  1.00032e+00  1.00053e+00
 5.55198e+00  1.00033e+00  1.00053e+00
 5.56159e+00  1.00015e+00  1.00053e+00
 5.56960e+00  1.00011e+00  1.00053e+00
 5.57824e+00  1.00037e+00  1.00053e+00
 5.58631e+00  1.00015e+00  1.00053e+00
 5.59560e+00  1.00021e+00  1.00053e+00
 5.60433e+00  1.00020e+00  1.00053e+00
 5.61294e+00  1.00026e+00  1.00053e+00
 5.62147e+00  1.00044e+00  1.00053e+00
 5.63178e+00  1.00007e+00  1.00053e+00
 5.64110e+00  1.00024e+00  1.00053e+00
 5.64870e+00  1.00008e+00  1.00053e+00
 5.65717e+00  1.00025e+00  1.00053e+00
 5.66499e+00  1.00032e+00  1.00053e+00
 5.67293e+00  9.99979e-01  1.00053e+00
 5.68185e+00  1.00035e+00  1.00053e+00
 5.69005e+00  1.00023e+00  1.00053e+00
 5.69859e+00  1.00009e+00  1.00053e+00
 5.70771e+00  1.00025e+00  1.00053e+00
 5.71625e+00  9.99955e-01  1.00053e+00
 5.72427e+00  1.00009e+00  1.00053e+00
 5.73458e+00  1.00017e+00  1.00053e+00
 5.74294e+00  1.00025e+00  1.00053e+00
 5.75120e+00  1.00033e+00  1.00053e+00
 5.75942e+00  1.00029e+00  1.00053e+00
 5.76831e+00  1.00004e+00  1.00053e+00
 5.77624e+00  1.00022e+00  1.00053e+00
 5.78472e+00  1.00023e+00  1.00053e+00
 5.79286e+00  1.00008e+00  1.00053e+00
 5.80129e+00  1.00005e+00  1.00053e+00
 5.81022e+00  1.00023e+00  1.00053e+00
 5.81877e+00  9.99968e-01  1.00053e+00
 5.82727e+00  1.00018e+00  1.00053e+00
 5.83663e+00  1.00005e+00  1.00053e+00
 5.84488e+00  9.99911e-01  1.00053e+00
 5.85248e+00  1.00015e+00  1.00053e+00
 5.86043e+00  1.00009e+00  1.00053e+00
 5.86900e+00  1.00025e+00  1.00053e+00
 5.87791e+00  1.00008e+00  1.00053e+00
 5.88707e+00  9.99947e-01  1.00053e+00
 5.89698e+00  1.00021e+00  1.00053e+00
 5.90698e+00  9.99830e-01  1.00053e+00
 5.91623e+00  1.00023e+00  1.00053e+00
 5.92504e+00  1.00015e+00  1.00053e+00
 5.93365e+00  1.00022e+00  1.00053e+00
 5.94465e+00  9.99761e-01  1.00053e+00
 5.95392e+00  1.00030e+00  1.00053e+00
 5.96324e+00  1.00010e+00  1.00053e+00
 5.97421e+00  1.00013e+00  1.00053e+00
 5.98300e+00  1.00008e+00  1.00053e+00
 5.99144e+00  1.00028e+00  1.00053e+00
 5.99963e+00  1.00012e+00  1.00053e+00
 6.00890e+00  1.00008e+00  1.00053e+00
 6.01797e+00  1.00022e+00  1.00053e+00
 6.02740e+00  9.99923e-01  1.00053e+00
 6.03540e+00  1.00023e+00  1.00053e+00
 6.04446e+00  1.00006e+00  1.00053e+00
 6.05323e+00  1.00053e+00  1.00053e+00
 6.06443e+00  1.00010e+00  1.00053e+00
 6.07377e+00  1.00047e+00  1.00053e+00
 6.08214e+00  1.00021e+00  1.00053e+00
 6.09082e+00  1.00024e+00  1.00053e+00
 6.09930e+00  1.00015e+00  1.00053e+00
 6.10800e+00  1.00011e+00  1.00053e+00
 6.11789e+00  1.00004e+00  1.00053e+00
 6.12620e+00  1.00018e+00  1.00053e+00
 6.13615e+00  9.98975e-01  1.00053e+00
 6.14438e+00  1.00015e+00  1.00053e+00
 6.15390e+00  9.99756e-01  1.00053e+00
 6.16319e+00  1.00014e+00  1.00053e+00
 6.17172e+00  9.99211e-01  1.00053e+00
 6.18152e+00  9.99976e-01  1.00053e+00
 6.19009e+00  9.99870e-01  1.00053e+00
 6.19979e+00  1.00003e+00  1.00053e+00
 6.20818e+00  1.00014e+00  1.00053e+00
 6.21764e+00  1.00024e+00  1.00053e+00
 6.22703e+00  9.99991e-01  1.00053e+00
 6.23675e+00  1.00029e+00  1.00053e+00
 6.24543e+00  1.00005e+00  1.00053e+00
 6.25384e+00  9.99891e-01  1.00053e+00
 6.26232e+00  1.00023e+00  1.00053e+00
 6.27172e+00  9.99962e-01  1.00053e+00
 6.28087e+00  9.99847e-01  1.00053e+00
 6.28951e+00  1.00006e+00  1.00053e+00
 6.29807e+00  9.99790e-01  1.00053e+00
 6.30624e+00  1.00002e+00  1.00053e+00
 6.31491e+00  9.99985e-01  1.00053e+00
 6.32390e+00  9.99860e-01  1.00053e+00
 6.33432e+00  9.99890e-01  1.00053e+00
 6.34299e+00  9.99755e-01  1.00053e+00
 6.35210e+00  9.99788e-01  1.00053e+00
 6.36009e+00  9.99671e-01  1.00053e+00
 6.36792e+00  1.00001e+00  1.00053e+00
 6.37599e+00  9.99819e-01  1.00053e+00
 6.38427e+00  9.99653e-01  1.00053e+00
 6.39210e+00  9.99755e-01  1.00053e+00
 6.40157e+00  9.99886e-01  1.00053e+00
 6.41182e+00  1.00005e+00  1.00053e+00
 6.42273e+00  9.99847e-01  1.00053e+00
 6.43165e+00  9.99763e-01  1.00053e+00
 6.44002e+00  9.99877e-01  1.00053e+00
 6.44883e+00  9.99904e-01  1.00053e+00
 6.45797e+00  9.99930e-01  1.00053e+00
 6.46591e+00  9.99529e-01  1.00053e+00
 6.47431e+00  9.99805e-01  1.00053e+00
 6.48347e+00  9.99602e-01  1.00053e+00
 6.49378e+00  9.99726e-01  1.00053e+00
 6.50259e+00  1.00006e+00  1.00053e+00
 6.51087e+00  9.99798e-01  1.00053e+00
 6.51970e+00  9.99716e-01  1.00053e+00
 6.52900e+00  9.99806e-01  1.00053e+00
 6.53772e+00  9.99680e-01  1.00053e+00
 6.54589e+00  9.99468e-01  1.00053e+00
 6.55394e+00  9.99865e-01  1.00053e+00
 6.56302e+00  9.99424e-01  1.00053e+00
 6.57236e+00  9.99569e-01  1.00053e+00
 6.58173e+00  9.99857e-01  1.00053e+00
 6.59061e+00  9.99500e-01  1.00053e+00
 6.59896e+00  9.99655e-01  1.00053e+00
 6.60839e+00  9.99392e-01  1.00053e+00
 6.61670e+00  9.99575e-01  1.00053e+00
 6.62555e+00  9.99517e-01  1.00053e+00
 6.63427e+00  9.99575e-01  1.00053e+00
 6.64288e+00  9.99554e-01  1.00053e+00
 6.65090e+00  9.99338e-01  1.00053e+00
 6.65941e+00  9.99521e-01  1.00053e+00
 6.66887e+00  9.99271e-01  1.00053e+00
 6.67750e+00  9.99539e-01  1.00053e+00
 6.68600e+00  9.99508e-01  1.00053e+00
 6.69554e+00  9.99378e-01  1.00053e+00
 6.70439e+00  9.99451e-01  1.00053e+00
 6.71289e+00  9.99219e-01  1.00053e+00
 6.72105e+00  9.99453e-01  1.00053e+00
 6.73016e+00  9.99384e-01  1.00053e+00
 6.73844e+00  9.99518e-01  1.00053e+00
 6.74712e+00  9.99443e-01  1.00053e+00
 6.75592e+00  9.99307e-01  1.00053e+00
 6.76408e+00  9.99299e-01  1.00053e+00
 6.77374e+00  9.99113e-01  1.00053e+00
 6.78490e+00  9.99411e-01  1.00053e+00
 6.79550e+00  9.99192e-01  1.00053e+00
 6.80399e+00  9.99371e-01  1.00053e+00
 6.81370e+00  9.99203e-01  1.00053e+00
 6.82313e+00  9.99260e-01  1.00053e+00
 6.83130e+00  9.99470e-01  1.00053e+00
 6.83887e+00  9.99096e-01  1.00053e+00
 6.84666e+00  9.99238e-01  1.00053e+00
 6.85636e+00  9.98939e-01  1.00053e+00
 6.86504e+00  9.99327e-01  1.00053e+00
 6.87382e+00  9.99263e-01  1.00053e+00
 6.88179e+00  9.98994e-01  1.00053e+00
 6.89097e+00  9.99176e-01  1.00053e+00
 6.90005e+00  9.99134e-01  1.00053e+00
 6.90953e+00  9.99374e-01  1.00053e+00
 6.91842e+00  9.98953e-01  1.00053e+00
 6.92793e+00  9.99232e-01  1.00053e+00
 6.93657e+00  9.99197e-01  1.00053e+00
 6.94681e+00  9.99204e-01  1.00053e+00
 6.95706e+00  9.99221e-01  1.00053e+00
 6.96517e+00  9.99127e-01  1.00053e+00
 6.97441e+00  9.99186e-01  1.00053e+00
 6.98539e+00  9.99040e-01  1.00053e+00
 6.99515e+00  9.99225e-01  1.00053e+00
 7.00497e+00  9.99161e-01  1.00053e+00
 7.01427e+00  9.99218e-01  1.00053e+00
 7.02334e+00  9.99084e-01  1.00053e+00
 7.03146e+00  9.99439e-01  1.00053e+00
 7.04130e+00  9.98963e-01  1.00053e+00
 7.04844e+00  9.99561e-01  1.00053e+00
 7.05743e+00  9.99520e-01  1.00053e+00
 7.06575e+00  9.99260e-01  1.00053e+00
 7.07352e+00  9.99582e-01  1.00053e+00
 7.08296e+00  9.99252e-01  1.00053e+00
 7.09196e+00  9.99482e-01  1.00053e+00
 7.10148e+00  9.99444e-01  1.00053e+00
 7.11016e+00  9.99504e-01  1.00053e+00
 7.11972e+00  9.99374e-01  1.00053e+00
 7.12831e+00  9.99624e-01  1.00053e+00
 7.13722e+00  9.99376e-01  1.00053e+00
 7.14638e+00  9.99671e-01  1.00053e+00
 7.15635e+00  9.99852e-01  1.00053e+00
 7.16648e+00  9.99893e-01  1.00053e+00
 7.17566e+00  1.00000e+00  1.00053e+00
 7.18495e+00  1.00009e+00  1.00053e+00
 7.19381e+00  1.00023e+00  1.00053e+00
 7.20329e+00  1.00045e+00  1.00053e+00
 7.21241e+00  1.00030e+00  1.00053e+00
 7.22255e+00  1.00037e+00  1.00053e+00
 7.23092e+00  1.00040e+00  1.00053e+00
 7.23818e+00  1.00066e+00  1.00053e+00
 7.24640e+00  1.00062e+00  1.00053e+00
 7.25481e+00  1.00071e+00  1.00053e+00
 7.26327e+00  1.00092e+00  1.00053e+00
 7.27257e+00  1.00086e+00  1.00053e+00
 7.28138e+00  1.00128e+00  1.00053e+00
 7.29057e+00  1.00116e+00  1.00053e+00
 7.29899e+00  1.00144e+00  1.00053e+00
 7.30927e+00  1.00154e+00  1.00053e+00
 7.31841e+00  1.00157e+00  1.00053e+00
 7.32747e+00  1.00156e+00  1.00053e+00
 7.33627e+00  1.00190e+00  1.00053e+00
 7.34455e+00  1.00208e+00  1.00053e+00
 7.35346e+00  1.00198e+00  1.00053e+00
 7.36272e+00  1.00245e+00  1.00053e+00
 7.37186e+00  1.00249e+00  1.00053e+00
 7.38065e+00  1.00259e+00  1.00053e+00
 7.39004e+00  1.00270e+00  1.00053e+00
 7.39881e+00  1.00285e+00  1.00053e+00
 7.40734e+00  1.00291e+00  1.00053e+00
 7.41714e+00  1.00339e+00  1.00053e+00
 7.42552e+00  1.00336e+00  1.00053e+00
 7.43532e+00  1.00367e+00  1.00053e+00
 7.44440e+00  1.00344e+00  1.00053e+00
 7.45486e+00  1.00360e+00  1.00053e+00
 7.46305e+00  1.00357e+00  1.00053e+00
 7.47255e+00  1.00383e+00  1.00053e+00
 7.48133e+00  1.00377e+00  1.00053e+00
 7.49102e+00  1.00382e+00  1.00053e+00
 7.49912e+00  1.00342e+00  1.00053e+00
 7.50737e+00  1.00399e+00  1.00053e+00
 7.51630e+00  1.00366e+00  1.00053e+00
 7.52503e+00  1.00401e+00  1.00053e+00
 7.53460e+00  1.00414e+00  1.00053e+00
 7.54342e+00  1.00400e+00  1.00053e+00
 7.55183e+00  1.00410e+00  1.00053e+00
 7.56046e+00  1.00396e+00  1.00053e+00
 7.56812e+00  1.00393e+00  1.00053e+00
 7.57697e+00  1.00390e+00  1.00053e+00
 7.58542e+00  1.00379e+00  1.00053e+00
 7.59428e+00  1.00382e+00  1.00053e+00
 7.60591e+00  1.00352e+00  1.00053e+00
 7.61520e+00  1.00367e+00  1.00053e+00
 7.62489e+00  1.00352e+00  1.00053e+00
 7.63309e+00  1.00353e+00  1.00053e+00
 7.64281e+00  1.00338e+00  1.00053e+00
 7.65109e+00  1.00324e+00  1.00053e+00
 7.66013e+00  1.00314e+00  1.00053e+00
 7.66915e+00  1.00293e+00  1.00053e+00
 7.67710e+00  1.00288e+00  1.00053e+00
