188
 1.18120e-02  1.00152e+00  1.00144e+00
 5.34920e-02  1.00127e+00  1.00124e+00
 9.51520e-02  1.00078e+00  1.00105e+00
 1.36812e-01  1.00073e+00  1.00088e+00
 1.78482e-01  1.00050e+00  1.00072e+00
 2.20152e-01  1.00039e+00  1.00058e+00
 2.61585e-01  9.98777e-01  1.00045e+00
 2.98972e-01  9.97245e-01  1.00035e+00
 3.34495e-01  9.97430e-01  1.00025e+00
 3.68028e-01  9.98954e-01  1.00017e+00
 4.07652e-01  1.00091e+00  1.00008e+00
 4.49312e-01  1.00076e+00  9.99997e-01
 4.92890e-01  1.00080e+00  9.99915e-01
 5.38937e-01  1.00035e+00  9.99836e-01
 5.82652e-01  1.00073e+00  9.99768e-01
 6.24322e-01  1.00064e+00  9.99709e-01
 6.65982e-01  1.00052e+00  9.99656e-01
 7.07652e-01  9.99904e-01  9.99609e-01
 7.51481e-01  9.99861e-01  9.99564e-01
 7.95152e-01  1.00006e+00  9.99526e-01
 8.36664e-01  1.00141e+00  9.99494e-01
 8.72153e-01  1.00135e+00  9.99471e-01
 9.09698e-01  1.00099e+00  9.99451e-01
 9.46823e-01  1.00175e+00  9.99435e-01
 9.80335e-01  1.00109e+00  9.99425e-01
 1.01386e+00  1.00028e+00  9.99417e-01
 1.05099e+00  1.00038e+00  9.99414e-01
 1.08466e+00  9.99518e-01  9.99415e-01
 1.12617e+00  9.99634e-01  9.99421e-01
 1.15970e+00  9.99248e-01  9.99430e-01
 1.19682e+00  9.99388e-01  9.99446e-01
 1.23033e+00  9.99187e-01  9.99464e-01
 1.26386e+00  9.99196e-01  9.99488e-01
 1.30100e+00  9.99383e-01  9.99519e-01
 1.33451e+00  9.99498e-01  9.99552e-01
 1.37016e+00  9.99577e-01  9.99592e-01
 1.41182e+00  9.99437e-01  9.99647e-01
 1.45349e+00  9.98964e-01  9.99710e-01
 1.49516e+00  9.98920e-01  9.99781e-01
 1.53682e+00  9.99018e-01  9.99861e-01
 1.57849e+00  9.98907e-01  9.99949e-01
 1.62016e+00  9.99018e-01  1.00004e+00
 1.66182e+00  9.99381e-01  1.00015e+00
 1.69930e+00  9.99762e-01  1.00025e+00
 1.73465e+00  9.99950e-01  1.00034e+00
 1.76598e+00  9.99939e-01  1.00043e+00
 1.80109e+00  1.00036e+00  1.00053e+00
 1.82848e+00  1.00075e+00  1.00060e+00
 1.86139e+00  1.00100e+00  1.00069e+00
 1.88880e+00  1.00024e+00  1.00076e+00
 1.91986e+00  1.00038e+00  1.00084e+00
 1.94911e+00  1.00022e+00  1.00090e+00
 1.97833e+00  1.00043e+00  1.00095e+00
 2.00942e+00  1.00121e+00  1.00099e+00
 2.03682e+00  1.00057e+00  1.00101e+00
 2.07184e+00  9.98080e-01  1.00101e+00
 2.10120e+00  9.96811e-01  1.00098e+00
 2.13643e+00  9.99939e-01  1.00091e+00
 2.17178e+00  1.00010e+00  1.00079e+00
 2.20524e+00  1.00011e+00  1.00063e+00
 2.24062e+00  1.00019e+00  1.00040e+00
 2.27813e+00  9.99532e-01  1.00011e+00
 2.31998e+00  9.99201e-01  9.99713e-01
 2.36773e+00  9.99028e-01  9.99208e-01
 2.41148e+00  9.98621e-01  9.98740e-01
 2.45313e+00  9.98185e-01  9.98348e-01
 2.49482e+00  9.98185e-01  9.98075e-01
 2.54053e+00  9.97892e-01  9.97997e-01
 2.58230e+00  9.97620e-01  9.98191e-01
 2.62399e+00  9.97606e-01  9.98675e-01
 2.66564e+00  9.97962e-01  9.99444e-01
 2.70730e+00  9.98980e-01  1.00045e+00
 2.74906e+00  1.00003e+00  1.00162e+00
 2.79481e+00  1.00118e+00  1.00296e+00
 2.83647e+00  1.00250e+00  1.00411e+00
 2.87815e+00  1.00421e+00  1.00510e+00
 2.91981e+00  1.00552e+00  1.00587e+00
 2.96147e+00  1.00636e+00  1.00640e+00
 3.00315e+00  1.00631e+00  1.00669e+00
 3.04481e+00  1.00707e+00  1.00676e+00
 3.08647e+00  1.00682e+00  1.00666e+00
 3.12815e+00  1.00694e+00  1.00641e+00
 3.16981e+00  1.00571e+00  1.00606e+00
 3.21147e+00  1.00565e+00  1.00565e+00
 3.25315e+00  1.00508e+00  1.00521e+00
 3.29481e+00  1.00421e+00  1.00476e+00
 3.33852e+00  1.00316e+00  1.00429e+00
 3.38231e+00  1.00248e+00  1.00383e+00
 3.42398e+00  1.00162e+00  1.00343e+00
 3.46564e+00  1.00145e+00  1.00305e+00
 3.50731e+00  1.00133e+00  1.00270e+00
 3.54898e+00  1.00121e+00  1.00238e+00
 3.59064e+00  1.00115e+00  1.00209e+00
 3.63231e+00  1.00163e+00  1.00182e+00
 3.69897e+00  1.00152e+00  1.00144e+00
 3.74065e+00  1.00127e+00  1.00124e+00
 3.78231e+00  1.00078e+00  1.00105e+00
 3.82397e+00  1.00073e+00  1.00088e+00
 3.86564e+00  1.00050e+00  1.00072e+00
 3.90731e+00  1.00039e+00  1.00058e+00
 3.94874e+00  9.98777e-01  1.00045e+00
 3.98613e+00  9.97245e-01  1.00035e+00
 4.02165e+00  9.97430e-01  1.00025e+00
 4.05518e+00  9.98954e-01  1.00017e+00
 4.09481e+00  1.00091e+00  1.00008e+00
 4.13647e+00  1.00076e+00  9.99997e-01
 4.18004e+00  1.00080e+00  9.99915e-01
 4.22609e+00  1.00035e+00  9.99836e-01
 4.26981e+00  1.00073e+00  9.99768e-01
 4.31148e+00  1.00064e+00  9.99709e-01
 4.35314e+00  1.00052e+00  9.99656e-01
 4.39481e+00  9.99904e-01  9.99609e-01
 4.43864e+00  9.99861e-01  9.99564e-01
 4.48231e+00  1.00006e+00  9.99526e-01
 4.52382e+00  1.00141e+00  9.99494e-01
 4.55931e+00  1.00135e+00  9.99471e-01
 4.59685e+00  1.00099e+00  9.99451e-01
 4.63398e+00  1.00175e+00  9.99435e-01
 4.66749e+00  1.00109e+00  9.99425e-01
 4.70101e+00  1.00028e+00  9.99417e-01
 4.73815e+00  1.00038e+00  9.99414e-01
 4.77182e+00  9.99518e-01  9.99415e-01
 4.81332e+00  9.99634e-01  9.99421e-01
 4.84685e+00  9.99248e-01  9.99430e-01
 4.88398e+00  9.99388e-01  9.99446e-01
 4.91749e+00  9.99187e-01  9.99464e-01
 4.95101e+00  9.99196e-01  9.99488e-01
 4.98816e+00  9.99383e-01  9.99519e-01
 5.02166e+00  9.99498e-01  9.99552e-01
 5.05732e+00  9.99577e-01  9.99592e-01
 5.09898e+00  9.99437e-01  9.99647e-01
 5.14065e+00  9.98964e-01  9.99710e-01
 5.18232e+00  9.98920e-01  9.99781e-01
 5.22398e+00  9.99018e-01  9.99861e-01
 5.26565e+00  9.98907e-01  9.99949e-01
 5.30732e+00  9.99018e-01  1.00004e+00
 5.34898e+00  9.99381e-01  1.00015e+00
 5.38645e+00  9.99762e-01  1.00025e+00
 5.42180e+00  9.99950e-01  1.00034e+00
 5.45314e+00  9.99939e-01  1.00043e+00
 5.48825e+00  1.00036e+00  1.00053e+00
 5.51564e+00  1.00075e+00  1.00060e+00
 5.54854e+00  1.00100e+00  1.00069e+00
 5.57595e+00  1.00024e+00  1.00076e+00
 5.60701e+00  1.00038e+00  1.00084e+00
 5.63627e+00  1.00022e+00  1.00090e+00
 5.66549e+00  1.00043e+00  1.00095e+00
 5.69658e+00  1.00121e+00  1.00099e+00
 5.72398e+00  1.00057e+00  1.00101e+00
 5.75900e+00  9.98080e-01  1.00101e+00
 5.78835e+00  9.96811e-01  1.00098e+00
 5.82359e+00  9.99939e-01  1.00091e+00
 5.85894e+00  1.00010e+00  1.00079e+00
 5.89240e+00  1.00011e+00  1.00063e+00
 5.92778e+00  1.00019e+00  1.00040e+00
 5.96528e+00  9.99532e-01  1.00011e+00
 6.00713e+00  9.99201e-01  9.99713e-01
 6.05488e+00  9.99028e-01  9.99208e-01
 6.09863e+00  9.98621e-01  9.98740e-01
 6.14028e+00  9.98185e-01  9.98348e-01
 6.18197e+00  9.98185e-01  9.98075e-01
 6.22769e+00  9.97892e-01  9.97997e-01
 6.26945e+00  9.97620e-01  9.98191e-01
 6.31114e+00  9.97606e-01  9.98675e-01
 6.35279e+00  9.97962e-01  9.99444e-01
 6.39445e+00  9.98980e-01  1.00045e+00
 6.43621e+00  1.00003e+00  1.00162e+00
 6.48196e+00  1.00118e+00  1.00296e+00
 6.52362e+00  1.00250e+00  1.00411e+00
 6.56530e+00  1.00421e+00  1.00510e+00
 6.60696e+00  1.00552e+00  1.00587e+00
 6.64862e+00  1.00636e+00  1.00640e+00
 6.69030e+00  1.00631e+00  1.00669e+00
 6.73196e+00  1.00707e+00  1.00676e+00
 6.77362e+00  1.00682e+00  1.00666e+00
 6.81530e+00  1.00694e+00  1.00641e+00
 6.85696e+00  1.00571e+00  1.00606e+00
 6.89862e+00  1.00565e+00  1.00565e+00
 6.94030e+00  1.00508e+00  1.00521e+00
 6.98196e+00  1.00421e+00  1.00476e+00
 7.02568e+00  1.00316e+00  1.00429e+00
 7.06946e+00  1.00248e+00  1.00383e+00
 7.11113e+00  1.00162e+00  1.00343e+00
 7.15279e+00  1.00145e+00  1.00305e+00
 7.19446e+00  1.00133e+00  1.00270e+00
 7.23613e+00  1.00121e+00  1.00238e+00
 7.27779e+00  1.00115e+00  1.00209e+00
 7.31946e+00  1.00163e+00  1.00182e+00
