864
 3.17000e-03  1.00008e+00  1.00023e+00
 9.85700e-03  1.00025e+00  1.00024e+00
 1.67490e-02  9.99988e-01  1.00026e+00
 2.40200e-02  1.00016e+00  1.00027e+00
 3.07070e-02  1.00034e+00  1.00028e+00
 3.75890e-02  1.00040e+00  1.00029e+00
 4.48600e-02  1.00032e+00  1.00030e+00
 5.15170e-02  9.99937e-01  1.00031e+00
 5.84290e-02  1.00038e+00  1.00032e+00
 6.56700e-02  9.99717e-01  1.00032e+00
 7.23570e-02  1.00055e+00  1.00033e+00
 7.92490e-02  1.00047e+00  1.00034e+00
 8.65100e-02  9.99704e-01  1.00035e+00
 9.36580e-02  9.99679e-01  1.00035e+00
 1.00833e-01  9.99543e-01  1.00036e+00
 1.08050e-01  1.00078e+00  1.00036e+00
 1.14664e-01  1.00044e+00  1.00037e+00
 1.21673e-01  1.00020e+00  1.00037e+00
 1.28860e-01  1.00030e+00  1.00038e+00
 1.35998e-01  9.99146e-01  1.00038e+00
 1.43259e-01  1.00043e+00  1.00038e+00
 1.50406e-01  1.00102e+00  1.00039e+00
 1.56972e-01  1.00051e+00  1.00039e+00
 1.64109e-01  9.99991e-01  1.00039e+00
 1.71226e-01  1.00030e+00  1.00039e+00
 1.77792e-01  1.00002e+00  1.00040e+00
 1.84939e-01  1.00023e+00  1.00040e+00
 1.92046e-01  1.00019e+00  1.00040e+00
 1.98632e-01  1.00019e+00  1.00040e+00
 2.05759e-01  1.00050e+00  1.00040e+00
 2.13103e-01  9.99684e-01  1.00040e+00
 2.20162e-01  1.00053e+00  1.00040e+00
 2.27352e-01  1.00056e+00  1.00040e+00
 2.34613e-01  1.00031e+00  1.00040e+00
 2.41791e-01  1.00090e+00  1.00039e+00
 2.49644e-01  9.99884e-01  1.00039e+00
 2.56510e-01  9.99686e-01  1.00039e+00
 2.63212e-01  1.00065e+00  1.00039e+00
 2.70267e-01  9.99713e-01  1.00039e+00
 2.76670e-01  9.99849e-01  1.00038e+00
 2.83352e-01  1.00035e+00  1.00038e+00
 2.90421e-01  9.99601e-01  1.00038e+00
 2.97113e-01  1.00007e+00  1.00037e+00
 3.04162e-01  1.00055e+00  1.00037e+00
 3.11241e-01  9.99702e-01  1.00037e+00
 3.17682e-01  1.00004e+00  1.00036e+00
 3.24332e-01  1.00078e+00  1.00036e+00
 3.31371e-01  9.99710e-01  1.00035e+00
 3.38103e-01  1.00023e+00  1.00035e+00
 3.45531e-01  9.99110e-01  1.00034e+00
 3.52921e-01  1.00032e+00  1.00034e+00
 3.60303e-01  9.99555e-01  1.00033e+00
 3.67362e-01  1.00001e+00  1.00033e+00
 3.74431e-01  1.00016e+00  1.00032e+00
 3.81206e-01  9.99432e-01  1.00031e+00
 3.89655e-01  9.99653e-01  1.00031e+00
 3.96359e-01  1.00040e+00  1.00030e+00
 4.03050e-01  9.99279e-01  1.00029e+00
 4.10495e-01  1.00013e+00  1.00029e+00
 4.17189e-01  9.99886e-01  1.00028e+00
 4.23870e-01  1.00014e+00  1.00027e+00
 4.30562e-01  1.00036e+00  1.00026e+00
 4.37564e-01  1.00010e+00  1.00026e+00
 4.44010e-01  1.00016e+00  1.00025e+00
 4.50712e-01  1.00001e+00  1.00024e+00
 4.57757e-01  1.00062e+00  1.00023e+00
 4.64170e-01  9.99795e-01  1.00022e+00
 4.70852e-01  9.99193e-01  1.00022e+00
 4.77921e-01  9.99529e-01  1.00021e+00
 4.84420e-01  9.99642e-01  1.00020e+00
 4.91662e-01  9.99579e-01  1.00019e+00
 4.98741e-01  9.99377e-01  1.00018e+00
 5.05443e-01  9.99550e-01  1.00017e+00
 5.12522e-01  1.00019e+00  1.00016e+00
 5.19806e-01  9.99295e-01  1.00015e+00
 5.26670e-01  9.98913e-01  1.00014e+00
 5.33481e-01  1.00043e+00  1.00013e+00
 5.41107e-01  9.99701e-01  1.00012e+00
 5.47490e-01  9.99666e-01  1.00011e+00
 5.54162e-01  9.99600e-01  1.00010e+00
 5.61241e-01  9.99673e-01  1.00008e+00
 5.67682e-01  9.99169e-01  1.00007e+00
 5.74332e-01  1.00012e+00  1.00006e+00
 5.81371e-01  9.99678e-01  1.00005e+00
 5.87896e-01  9.99864e-01  1.00004e+00
 5.94548e-01  9.99722e-01  1.00003e+00
 6.02201e-01  9.99665e-01  1.00002e+00
 6.09290e-01  1.00011e+00  1.00000e+00
 6.15962e-01  9.99772e-01  9.99992e-01
 6.23180e-01  9.99839e-01  9.99979e-01
 6.30182e-01  9.99823e-01  9.99966e-01
 6.36832e-01  1.00009e+00  9.99953e-01
 6.44002e-01  9.99126e-01  9.99940e-01
 6.51042e-01  9.99202e-01  9.99926e-01
 6.57662e-01  1.00027e+00  9.99914e-01
 6.65027e-01  9.99880e-01  9.99899e-01
 6.71852e-01  1.00008e+00  9.99886e-01
 6.78462e-01  9.99619e-01  9.99872e-01
 6.85867e-01  9.99392e-01  9.99857e-01
 6.92682e-01  9.99553e-01  9.99843e-01
 6.99332e-01  9.99507e-01  9.99829e-01
 7.06995e-01  9.99343e-01  9.99813e-01
 7.13793e-01  9.99957e-01  9.99799e-01
 7.20852e-01  9.99569e-01  9.99784e-01
 7.27901e-01  9.99370e-01  9.99768e-01
 7.34352e-01  9.99425e-01  9.99754e-01
 7.40962e-01  9.99533e-01  9.99739e-01
 7.48180e-01  9.99093e-01  9.99723e-01
 7.55182e-01  9.99423e-01  9.99707e-01
 7.62019e-01  9.99093e-01  9.99691e-01
 7.69949e-01  9.99503e-01  9.99673e-01
 7.76670e-01  9.99554e-01  9.99657e-01
 7.83797e-01  9.99591e-01  9.99640e-01
 7.91479e-01  9.99743e-01  9.99622e-01
 7.98170e-01  9.99166e-01  9.99605e-01
 8.04862e-01  1.00029e+00  9.99589e-01
 8.12319e-01  9.99773e-01  9.99570e-01
 8.19010e-01  9.99761e-01  9.99554e-01
 8.25712e-01  9.99619e-01  9.99537e-01
 8.33149e-01  9.99416e-01  9.99518e-01
 8.40240e-01  9.99739e-01  9.99500e-01
 8.47242e-01  9.99297e-01  9.99481e-01
 8.54679e-01  9.99615e-01  9.99462e-01
 8.61360e-01  9.99169e-01  9.99444e-01
 8.68062e-01  9.99896e-01  9.99426e-01
 8.76026e-01  9.99815e-01  9.99405e-01
 8.82823e-01  9.99644e-01  9.99386e-01
 8.89669e-01  9.99467e-01  9.99368e-01
 8.97039e-01  9.99499e-01  9.99347e-01
 9.03683e-01  1.00032e+00  9.99329e-01
 9.10489e-01  9.99620e-01  9.99310e-01
 9.17879e-01  9.99842e-01  9.99289e-01
 9.24483e-01  9.99954e-01  9.99270e-01
 9.31133e-01  1.01855e+00  9.99251e-01
 9.38009e-01  9.99866e-01  9.99231e-01
 9.44700e-01  9.99098e-01  9.99211e-01
 9.51402e-01  1.00001e+00  9.99192e-01
 9.58211e-01  1.01618e+00  9.99172e-01
 9.64850e-01  9.99642e-01  9.99152e-01
 9.71542e-01  9.99219e-01  9.99132e-01
 9.78414e-01  1.01483e+00  9.99111e-01
 9.84980e-01  9.99361e-01  9.99092e-01
 9.91662e-01  9.99474e-01  9.99071e-01
 9.98558e-01  1.01362e+00  9.99050e-01
 1.00580e+00  9.99947e-01  9.99028e-01
 1.01252e+00  9.99806e-01  9.99008e-01
 1.01938e+00  1.01280e+00  9.98986e-01
 1.02603e+00  9.99874e-01  9.98966e-01
 1.03265e+00  9.99722e-01  9.98945e-01
 1.03953e+00  1.01123e+00  9.98924e-01
 1.04622e+00  1.00013e+00  9.98903e-01
 1.05277e+00  9.99186e-01  9.98883e-01
 1.05967e+00  1.01021e+00  9.98861e-01
 1.06636e+00  9.99084e-01  9.98840e-01
 1.07298e+00  9.99032e-01  9.98819e-01
 1.07981e+00  1.00833e+00  9.98798e-01
 1.08653e+00  9.99814e-01  9.98777e-01
 1.09384e+00  9.99853e-01  9.98754e-01
 1.10063e+00  1.00683e+00  9.98733e-01
 1.10734e+00  9.99724e-01  9.98712e-01
 1.11401e+00  9.99386e-01  9.98691e-01
 1.12073e+00  1.00409e+00  9.98670e-01
 1.12752e+00  9.99591e-01  9.98649e-01
 1.13472e+00  9.99601e-01  9.98627e-01
 1.14157e+00  1.00304e+00  9.98606e-01
 1.14834e+00  9.99625e-01  9.98586e-01
 1.15500e+00  9.99539e-01  9.98566e-01
 1.16201e+00  9.98938e-01  9.98545e-01
 1.16919e+00  9.99233e-01  9.98523e-01
 1.17582e+00  9.99652e-01  9.98504e-01
 1.18252e+00  1.00114e+00  9.98485e-01
 1.18940e+00  1.00004e+00  9.98465e-01
 1.19597e+00  9.99552e-01  9.98447e-01
 1.20266e+00  1.00040e+00  9.98428e-01
 1.20953e+00  9.99996e-01  9.98410e-01
 1.21617e+00  9.99571e-01  9.98392e-01
 1.22280e+00  9.99557e-01  9.98375e-01
 1.22968e+00  9.99465e-01  9.98358e-01
 1.23636e+00  9.98418e-01  9.98341e-01
 1.24345e+00  9.99443e-01  9.98324e-01
 1.25051e+00  1.00004e+00  9.98308e-01
 1.25720e+00  9.99280e-01  9.98293e-01
 1.26447e+00  9.99575e-01  9.98278e-01
 1.27202e+00  9.99096e-01  9.98262e-01
 1.27867e+00  9.99815e-01  9.98250e-01
 1.28584e+00  9.99728e-01  9.98237e-01
 1.29357e+00  9.99594e-01  9.98224e-01
 1.30014e+00  1.00043e+00  9.98213e-01
 1.30682e+00  9.99672e-01  9.98204e-01
 1.31370e+00  9.99938e-01  9.98195e-01
 1.32032e+00  1.00019e+00  9.98187e-01
 1.32715e+00  9.99954e-01  9.98180e-01
 1.33452e+00  1.00039e+00  9.98174e-01
 1.34117e+00  9.99893e-01  9.98170e-01
 1.34780e+00  9.99772e-01  9.98167e-01
 1.35468e+00  9.99702e-01  9.98164e-01
 1.36136e+00  1.00023e+00  9.98164e-01
 1.36805e+00  1.00005e+00  9.98164e-01
 1.37488e+00  1.00022e+00  9.98166e-01
 1.38150e+00  9.99740e-01  9.98169e-01
 1.38819e+00  1.00025e+00  9.98174e-01
 1.39506e+00  1.00017e+00  9.98181e-01
 1.40164e+00  9.99667e-01  9.98189e-01
 1.40834e+00  9.99862e-01  9.98198e-01
 1.41523e+00  1.00011e+00  9.98210e-01
 1.42185e+00  1.00032e+00  9.98223e-01
 1.42876e+00  1.00043e+00  9.98239e-01
 1.43675e+00  1.00003e+00  9.98260e-01
 1.44400e+00  1.00019e+00  9.98282e-01
 1.45069e+00  1.00027e+00  9.98304e-01
 1.45756e+00  1.00055e+00  9.98329e-01
 1.46414e+00  1.00092e+00  9.98355e-01
 1.47084e+00  1.00063e+00  9.98384e-01
 1.47829e+00  1.00093e+00  9.98419e-01
 1.48498e+00  1.00108e+00  9.98453e-01
 1.49165e+00  1.00017e+00  9.98490e-01
 1.49856e+00  1.00094e+00  9.98531e-01
 1.50518e+00  1.00047e+00  9.98572e-01
 1.51180e+00  1.00068e+00  9.98617e-01
 1.51868e+00  1.00138e+00  9.98666e-01
 1.52537e+00  1.00131e+00  9.98717e-01
 1.53196e+00  1.00060e+00  9.98770e-01
 1.53883e+00  1.00029e+00  9.98828e-01
 1.54572e+00  1.00132e+00  9.98889e-01
 1.55277e+00  1.00049e+00  9.98956e-01
 1.55936e+00  1.00099e+00  9.99021e-01
 1.56585e+00  1.00121e+00  9.99089e-01
 1.57208e+00  1.00116e+00  9.99157e-01
 1.57860e+00  1.00125e+00  9.99230e-01
 1.58548e+00  1.00151e+00  9.99312e-01
 1.59208e+00  1.00086e+00  9.99393e-01
 1.59875e+00  1.00124e+00  9.99479e-01
 1.60525e+00  1.00073e+00  9.99565e-01
 1.61136e+00  1.00168e+00  9.99649e-01
 1.61748e+00  1.00122e+00  9.99736e-01
 1.62375e+00  1.00194e+00  9.99828e-01
 1.62999e+00  1.00225e+00  9.99923e-01
 1.63641e+00  1.00145e+00  1.00002e+00
 1.64269e+00  1.00144e+00  1.00012e+00
 1.64873e+00  1.00238e+00  1.00022e+00
 1.65483e+00  1.00196e+00  1.00033e+00
 1.66086e+00  1.00256e+00  1.00043e+00
 1.66718e+00  1.00243e+00  1.00054e+00
 1.67330e+00  1.00203e+00  1.00065e+00
 1.67935e+00  1.00215e+00  1.00076e+00
 1.68592e+00  1.00224e+00  1.00089e+00
 1.69229e+00  1.00283e+00  1.00101e+00
 1.69830e+00  1.00303e+00  1.00113e+00
 1.70449e+00  1.00330e+00  1.00125e+00
 1.71067e+00  1.00266e+00  1.00137e+00
 1.71733e+00  1.00238e+00  1.00151e+00
 1.72402e+00  1.00336e+00  1.00164e+00
 1.73090e+00  1.00325e+00  1.00179e+00
 1.73751e+00  1.00363e+00  1.00192e+00
 1.74415e+00  1.00325e+00  1.00206e+00
 1.75160e+00  1.00343e+00  1.00222e+00
 1.75834e+00  1.00367e+00  1.00236e+00
 1.76542e+00  1.00260e+00  1.00251e+00
 1.77318e+00  1.00414e+00  1.00267e+00
 1.77983e+00  1.00334e+00  1.00280e+00
 1.78721e+00  1.00412e+00  1.00295e+00
 1.79409e+00  1.00440e+00  1.00309e+00
 1.80133e+00  1.00365e+00  1.00323e+00
 1.80805e+00  1.00319e+00  1.00336e+00
 1.81484e+00  1.00372e+00  1.00349e+00
 1.82158e+00  1.00491e+00  1.00362e+00
 1.82888e+00  1.00426e+00  1.00374e+00
 1.83568e+00  1.00525e+00  1.00386e+00
 1.84244e+00  1.00428e+00  1.00397e+00
 1.84971e+00  1.00414e+00  1.00408e+00
 1.85659e+00  1.00469e+00  1.00418e+00
 1.86383e+00  1.00419e+00  1.00428e+00
 1.87055e+00  1.00413e+00  1.00437e+00
 1.87734e+00  1.00423e+00  1.00444e+00
 1.88408e+00  1.00487e+00  1.00452e+00
 1.89138e+00  1.00389e+00  1.00458e+00
 1.89818e+00  1.00949e+00  1.00464e+00
 1.90483e+00  1.00476e+00  1.00468e+00
 1.91151e+00  1.00498e+00  1.00472e+00
 1.91840e+00  1.00487e+00  1.00475e+00
 1.92565e+00  1.00512e+00  1.00477e+00
 1.93235e+00  1.00463e+00  1.00478e+00
 1.93922e+00  1.00460e+00  1.00478e+00
 1.94583e+00  1.00855e+00  1.00477e+00
 1.95247e+00  1.00505e+00  1.00475e+00
 1.95937e+00  1.00539e+00  1.00472e+00
 1.96733e+00  1.00442e+00  1.00467e+00
 1.97400e+00  1.00390e+00  1.00462e+00
 1.98090e+00  1.00441e+00  1.00456e+00
 1.98807e+00  1.00533e+00  1.00449e+00
 1.99484e+00  1.00420e+00  1.00441e+00
 2.00172e+00  1.00491e+00  1.00432e+00
 2.00897e+00  1.00422e+00  1.00421e+00
 2.01567e+00  1.00411e+00  1.00411e+00
 2.02256e+00  1.00463e+00  1.00399e+00
 2.02983e+00  1.00442e+00  1.00386e+00
 2.03650e+00  1.00332e+00  1.00373e+00
 2.04352e+00  1.00333e+00  1.00358e+00
 2.05132e+00  1.00283e+00  1.00342e+00
 2.05803e+00  1.00381e+00  1.00327e+00
 2.06492e+00  1.00406e+00  1.00311e+00
 2.07214e+00  1.00292e+00  1.00293e+00
 2.07888e+00  1.00331e+00  1.00276e+00
 2.08568e+00  1.01273e+00  1.00259e+00
 2.09232e+00  1.00300e+00  1.00242e+00
 2.09900e+00  1.00281e+00  1.00225e+00
 2.10590e+00  1.00293e+00  1.00206e+00
 2.11250e+00  1.01211e+00  1.00189e+00
 2.11914e+00  1.00263e+00  1.00171e+00
 2.12602e+00  1.00176e+00  1.00152e+00
 2.13271e+00  1.00609e+00  1.00134e+00
 2.13933e+00  1.00182e+00  1.00116e+00
 2.14618e+00  1.00155e+00  1.00097e+00
 2.15285e+00  1.00457e+00  1.00080e+00
 2.15956e+00  1.00075e+00  1.00062e+00
 2.16636e+00  1.00073e+00  1.00044e+00
 2.17338e+00  1.00059e+00  1.00026e+00
 2.18037e+00  1.00067e+00  1.00009e+00
 2.18746e+00  1.00081e+00  9.99911e-01
 2.19452e+00  1.00871e+00  9.99741e-01
 2.20120e+00  9.99948e-01  9.99585e-01
 2.20805e+00  9.99622e-01  9.99429e-01
 2.21503e+00  9.98959e-01  9.99276e-01
 2.22206e+00  9.99578e-01  9.99127e-01
 2.22886e+00  9.99020e-01  9.98988e-01
 2.23588e+00  9.98550e-01  9.98850e-01
 2.24287e+00  9.99419e-01  9.98720e-01
 2.24969e+00  9.98566e-01  9.98598e-01
 2.25727e+00  9.98291e-01  9.98470e-01
 2.26433e+00  9.99352e-01  9.98357e-01
 2.27118e+00  9.98407e-01  9.98254e-01
 2.27785e+00  1.00498e+00  9.98160e-01
 2.28456e+00  9.97658e-01  9.98071e-01
 2.29136e+00  9.97957e-01  9.97987e-01
 2.29838e+00  9.97660e-01  9.97907e-01
 2.30537e+00  9.97505e-01  9.97833e-01
 2.31219e+00  9.97998e-01  9.97767e-01
 2.31921e+00  9.97881e-01  9.97706e-01
 2.32620e+00  9.97729e-01  9.97650e-01
 2.33305e+00  9.97515e-01  9.97602e-01
 2.34060e+00  9.97503e-01  9.97555e-01
 2.34767e+00  9.97291e-01  9.97517e-01
 2.35450e+00  9.97314e-01  9.97486e-01
 2.36119e+00  9.99861e-01  9.97460e-01
 2.36787e+00  9.97024e-01  9.97439e-01
 2.37469e+00  9.97103e-01  9.97423e-01
 2.38133e+00  9.97412e-01  9.97411e-01
 2.38800e+00  9.97071e-01  9.97403e-01
 2.39491e+00  9.97030e-01  9.97399e-01
 2.40146e+00  9.99017e-01  9.97399e-01
 2.40816e+00  9.97524e-01  9.97403e-01
 2.41568e+00  9.97045e-01  9.97412e-01
 2.42338e+00  9.97379e-01  9.97425e-01
 2.43037e+00  9.97670e-01  9.97441e-01
 2.43718e+00  9.97462e-01  9.97459e-01
 2.44421e+00  9.96635e-01  9.97481e-01
 2.45120e+00  9.97670e-01  9.97505e-01
 2.45805e+00  9.96873e-01  9.97532e-01
 2.46465e+00  9.97287e-01  9.97560e-01
 2.47167e+00  9.97558e-01  9.97592e-01
 2.47886e+00  9.97819e-01  9.97627e-01
 2.48550e+00  9.97352e-01  9.97661e-01
 2.49261e+00  9.97500e-01  9.97700e-01
 2.49968e+00  9.97551e-01  9.97740e-01
 2.50633e+00  9.97422e-01  9.97779e-01
 2.51299e+00  9.97592e-01  9.97819e-01
 2.51991e+00  9.97439e-01  9.97862e-01
 2.52684e+00  9.97922e-01  9.97906e-01
 2.53429e+00  9.98337e-01  9.97954e-01
 2.54136e+00  9.97432e-01  9.98001e-01
 2.54799e+00  9.97557e-01  9.98046e-01
 2.55468e+00  9.97564e-01  9.98092e-01
 2.56199e+00  9.97766e-01  9.98142e-01
 2.57008e+00  9.98301e-01  9.98198e-01
 2.57739e+00  9.97448e-01  9.98250e-01
 2.58468e+00  9.97342e-01  9.98301e-01
 2.59168e+00  9.98596e-01  9.98350e-01
 2.59830e+00  9.98525e-01  9.98397e-01
 2.60589e+00  9.97714e-01  9.98450e-01
 2.61370e+00  9.98833e-01  9.98505e-01
 2.62144e+00  9.98252e-01  9.98559e-01
 2.62887e+00  9.98960e-01  9.98611e-01
 2.63591e+00  9.98780e-01  9.98660e-01
 2.64282e+00  9.98717e-01  9.98707e-01
 2.64975e+00  9.98613e-01  9.98754e-01
 2.65702e+00  9.98454e-01  9.98803e-01
 2.66435e+00  9.99648e-01  9.98852e-01
 2.67102e+00  9.98337e-01  9.98896e-01
 2.67760e+00  9.98950e-01  9.98939e-01
 2.68446e+00  9.98178e-01  9.98983e-01
 2.69142e+00  9.98852e-01  9.99027e-01
 2.69841e+00  9.99532e-01  9.99071e-01
 2.70556e+00  9.98406e-01  9.99114e-01
 2.71295e+00  9.98850e-01  9.99159e-01
 2.72033e+00  9.99323e-01  9.99203e-01
 2.72754e+00  9.99071e-01  9.99245e-01
 2.73480e+00  9.99619e-01  9.99286e-01
 2.74193e+00  9.99412e-01  9.99326e-01
 2.74904e+00  9.99387e-01  9.99365e-01
 2.75563e+00  9.99848e-01  9.99400e-01
 2.76274e+00  9.99735e-01  9.99438e-01
 2.77028e+00  9.98657e-01  9.99476e-01
 2.77715e+00  9.99721e-01  9.99511e-01
 2.78485e+00  9.99420e-01  9.99549e-01
 2.79199e+00  9.99721e-01  9.99583e-01
 2.79925e+00  9.99306e-01  9.99617e-01
 2.80732e+00  9.99387e-01  9.99653e-01
 2.81421e+00  9.99538e-01  9.99684e-01
 2.82101e+00  9.99580e-01  9.99713e-01
 2.82904e+00  1.00005e+00  9.99747e-01
 2.83668e+00  9.99599e-01  9.99778e-01
 2.84458e+00  9.99882e-01  9.99809e-01
 2.85272e+00  9.99849e-01  9.99840e-01
 2.86035e+00  9.99931e-01  9.99868e-01
 2.86850e+00  1.00623e+00  9.99897e-01
 2.87612e+00  1.00075e+00  9.99924e-01
 2.88365e+00  9.99692e-01  9.99949e-01
 2.89047e+00  9.99237e-01  9.99971e-01
 2.89798e+00  9.99918e-01  9.99994e-01
 2.90500e+00  1.00027e+00  1.00002e+00
 2.91200e+00  1.00032e+00  1.00004e+00
 2.91913e+00  9.99528e-01  1.00006e+00
 2.92633e+00  1.00038e+00  1.00008e+00
 2.93357e+00  1.00074e+00  1.00009e+00
 2.94028e+00  1.00010e+00  1.00011e+00
 2.94751e+00  9.99967e-01  1.00013e+00
 2.95512e+00  9.99661e-01  1.00015e+00
 2.96181e+00  1.00009e+00  1.00016e+00
 2.96867e+00  1.00029e+00  1.00018e+00
 2.97595e+00  1.00012e+00  1.00019e+00
 2.98262e+00  1.00039e+00  1.00021e+00
 2.98953e+00  1.00068e+00  1.00022e+00
 2.99746e+00  1.00008e+00  1.00023e+00
 3.00415e+00  1.00025e+00  1.00024e+00
 3.01104e+00  9.99988e-01  1.00026e+00
 3.01831e+00  1.00016e+00  1.00027e+00
 3.02500e+00  1.00034e+00  1.00028e+00
 3.03188e+00  1.00040e+00  1.00029e+00
 3.03915e+00  1.00032e+00  1.00030e+00
 3.04581e+00  9.99937e-01  1.00031e+00
 3.05272e+00  1.00038e+00  1.00032e+00
 3.05996e+00  9.99717e-01  1.00032e+00
 3.06665e+00  1.00055e+00  1.00033e+00
 3.07354e+00  1.00047e+00  1.00034e+00
 3.08080e+00  9.99704e-01  1.00035e+00
 3.08795e+00  9.99679e-01  1.00035e+00
 3.09513e+00  9.99543e-01  1.00036e+00
 3.10234e+00  1.00078e+00  1.00036e+00
 3.10896e+00  1.00044e+00  1.00037e+00
 3.11597e+00  1.00020e+00  1.00037e+00
 3.12315e+00  1.00030e+00  1.00038e+00
 3.13029e+00  9.99146e-01  1.00038e+00
 3.13755e+00  1.00043e+00  1.00038e+00
 3.14470e+00  1.00102e+00  1.00039e+00
 3.15126e+00  1.00051e+00  1.00039e+00
 3.15840e+00  9.99991e-01  1.00039e+00
 3.16552e+00  1.00030e+00  1.00039e+00
 3.17209e+00  1.00002e+00  1.00040e+00
 3.17923e+00  1.00023e+00  1.00040e+00
 3.18634e+00  1.00019e+00  1.00040e+00
 3.19292e+00  1.00019e+00  1.00040e+00
 3.20005e+00  1.00050e+00  1.00040e+00
 3.20740e+00  9.99684e-01  1.00040e+00
 3.21446e+00  1.00053e+00  1.00040e+00
 3.22165e+00  1.00056e+00  1.00040e+00
 3.22891e+00  1.00031e+00  1.00040e+00
 3.23608e+00  1.00090e+00  1.00039e+00
 3.24394e+00  9.99884e-01  1.00039e+00
 3.25080e+00  9.99686e-01  1.00039e+00
 3.25751e+00  1.00065e+00  1.00039e+00
 3.26456e+00  9.99713e-01  1.00039e+00
 3.27096e+00  9.99849e-01  1.00038e+00
 3.27765e+00  1.00035e+00  1.00038e+00
 3.28471e+00  9.99601e-01  1.00038e+00
 3.29141e+00  1.00007e+00  1.00037e+00
 3.29846e+00  1.00055e+00  1.00037e+00
 3.30553e+00  9.99702e-01  1.00037e+00
 3.31197e+00  1.00004e+00  1.00036e+00
 3.31862e+00  1.00078e+00  1.00036e+00
 3.32566e+00  9.99710e-01  1.00035e+00
 3.33240e+00  1.00023e+00  1.00035e+00
 3.33982e+00  9.99110e-01  1.00034e+00
 3.34721e+00  1.00032e+00  1.00034e+00
 3.35460e+00  9.99555e-01  1.00033e+00
 3.36165e+00  1.00001e+00  1.00033e+00
 3.36872e+00  1.00016e+00  1.00032e+00
 3.37550e+00  9.99432e-01  1.00031e+00
 3.38395e+00  9.99653e-01  1.00031e+00
 3.39065e+00  1.00040e+00  1.00030e+00
 3.39734e+00  9.99279e-01  1.00029e+00
 3.40479e+00  1.00013e+00  1.00029e+00
 3.41148e+00  9.99886e-01  1.00028e+00
 3.41816e+00  1.00014e+00  1.00027e+00
 3.42485e+00  1.00036e+00  1.00026e+00
 3.43186e+00  1.00010e+00  1.00026e+00
 3.43830e+00  1.00016e+00  1.00025e+00
 3.44501e+00  1.00001e+00  1.00024e+00
 3.45205e+00  1.00062e+00  1.00023e+00
 3.45846e+00  9.99795e-01  1.00022e+00
 3.46515e+00  9.99193e-01  1.00022e+00
 3.47221e+00  9.99529e-01  1.00021e+00
 3.47871e+00  9.99642e-01  1.00020e+00
 3.48596e+00  9.99579e-01  1.00019e+00
 3.49303e+00  9.99377e-01  1.00018e+00
 3.49974e+00  9.99550e-01  1.00017e+00
 3.50682e+00  1.00019e+00  1.00016e+00
 3.51410e+00  9.99295e-01  1.00015e+00
 3.52096e+00  9.98913e-01  1.00014e+00
 3.52777e+00  1.00043e+00  1.00013e+00
 3.53540e+00  9.99701e-01  1.00012e+00
 3.54178e+00  9.99666e-01  1.00011e+00
 3.54846e+00  9.99600e-01  1.00010e+00
 3.55553e+00  9.99673e-01  1.00008e+00
 3.56197e+00  9.99169e-01  1.00007e+00
 3.56862e+00  1.00012e+00  1.00006e+00
 3.57566e+00  9.99678e-01  1.00005e+00
 3.58219e+00  9.99864e-01  1.00004e+00
 3.58884e+00  9.99722e-01  1.00003e+00
 3.59649e+00  9.99665e-01  1.00002e+00
 3.60358e+00  1.00011e+00  1.00000e+00
 3.61025e+00  9.99772e-01  9.99992e-01
 3.61747e+00  9.99839e-01  9.99979e-01
 3.62447e+00  9.99823e-01  9.99966e-01
 3.63112e+00  1.00009e+00  9.99953e-01
 3.63829e+00  9.99126e-01  9.99940e-01
 3.64534e+00  9.99202e-01  9.99926e-01
 3.65196e+00  1.00027e+00  9.99914e-01
 3.65932e+00  9.99880e-01  9.99899e-01
 3.66615e+00  1.00008e+00  9.99886e-01
 3.67275e+00  9.99619e-01  9.99872e-01
 3.68016e+00  9.99392e-01  9.99857e-01
 3.68697e+00  9.99553e-01  9.99843e-01
 3.69362e+00  9.99507e-01  9.99829e-01
 3.70129e+00  9.99343e-01  9.99813e-01
 3.70809e+00  9.99957e-01  9.99799e-01
 3.71515e+00  9.99569e-01  9.99784e-01
 3.72219e+00  9.99370e-01  9.99768e-01
 3.72865e+00  9.99425e-01  9.99754e-01
 3.73525e+00  9.99533e-01  9.99739e-01
 3.74247e+00  9.99093e-01  9.99723e-01
 3.74947e+00  9.99423e-01  9.99707e-01
 3.75631e+00  9.99093e-01  9.99691e-01
 3.76424e+00  9.99503e-01  9.99673e-01
 3.77096e+00  9.99554e-01  9.99657e-01
 3.77809e+00  9.99591e-01  9.99640e-01
 3.78577e+00  9.99743e-01  9.99622e-01
 3.79246e+00  9.99166e-01  9.99605e-01
 3.79915e+00  1.00029e+00  9.99589e-01
 3.80661e+00  9.99773e-01  9.99570e-01
 3.81330e+00  9.99761e-01  9.99554e-01
 3.82001e+00  9.99619e-01  9.99537e-01
 3.82744e+00  9.99416e-01  9.99518e-01
 3.83453e+00  9.99739e-01  9.99500e-01
 3.84153e+00  9.99297e-01  9.99481e-01
 3.84897e+00  9.99615e-01  9.99462e-01
 3.85565e+00  9.99169e-01  9.99444e-01
 3.86235e+00  9.99896e-01  9.99426e-01
 3.87032e+00  9.99815e-01  9.99405e-01
 3.87712e+00  9.99644e-01  9.99386e-01
 3.88396e+00  9.99467e-01  9.99368e-01
 3.89133e+00  9.99499e-01  9.99347e-01
 3.89798e+00  1.00032e+00  9.99329e-01
 3.90478e+00  9.99620e-01  9.99310e-01
 3.91217e+00  9.99842e-01  9.99289e-01
 3.91878e+00  9.99954e-01  9.99270e-01
 3.92543e+00  1.01855e+00  9.99251e-01
 3.93230e+00  9.99866e-01  9.99231e-01
 3.93899e+00  9.99098e-01  9.99211e-01
 3.94570e+00  1.00001e+00  9.99192e-01
 3.95250e+00  1.01618e+00  9.99172e-01
 3.95914e+00  9.99642e-01  9.99152e-01
 3.96584e+00  9.99219e-01  9.99132e-01
 3.97271e+00  1.01483e+00  9.99111e-01
 3.97927e+00  9.99361e-01  9.99092e-01
 3.98596e+00  9.99474e-01  9.99071e-01
 3.99285e+00  1.01362e+00  9.99050e-01
 4.00009e+00  9.99947e-01  9.99028e-01
 4.00681e+00  9.99806e-01  9.99008e-01
 4.01367e+00  1.01280e+00  9.98986e-01
 4.02032e+00  9.99874e-01  9.98966e-01
 4.02695e+00  9.99722e-01  9.98945e-01
 4.03382e+00  1.01123e+00  9.98924e-01
 4.04051e+00  1.00013e+00  9.98903e-01
 4.04706e+00  9.99186e-01  9.98883e-01
 4.05396e+00  1.01021e+00  9.98861e-01
 4.06065e+00  9.99084e-01  9.98840e-01
 4.06728e+00  9.99032e-01  9.98819e-01
 4.07410e+00  1.00833e+00  9.98798e-01
 4.08083e+00  9.99814e-01  9.98777e-01
 4.08814e+00  9.99853e-01  9.98754e-01
 4.09492e+00  1.00683e+00  9.98733e-01
 4.10163e+00  9.99724e-01  9.98712e-01
 4.10830e+00  9.99386e-01  9.98691e-01
 4.11502e+00  1.00409e+00  9.98670e-01
 4.12181e+00  9.99591e-01  9.98649e-01
 4.12901e+00  9.99601e-01  9.98627e-01
 4.13586e+00  1.00304e+00  9.98606e-01
 4.14264e+00  9.99625e-01  9.98586e-01
 4.14929e+00  9.99539e-01  9.98566e-01
 4.15630e+00  9.98938e-01  9.98545e-01
 4.16348e+00  9.99233e-01  9.98523e-01
 4.17011e+00  9.99652e-01  9.98504e-01
 4.17682e+00  1.00114e+00  9.98485e-01
 4.18369e+00  1.00004e+00  9.98465e-01
 4.19026e+00  9.99552e-01  9.98447e-01
 4.19696e+00  1.00040e+00  9.98428e-01
 4.20382e+00  9.99996e-01  9.98410e-01
 4.21047e+00  9.99571e-01  9.98392e-01
 4.21710e+00  9.99557e-01  9.98375e-01
 4.22397e+00  9.99465e-01  9.98358e-01
 4.23065e+00  9.98418e-01  9.98341e-01
 4.23774e+00  9.99443e-01  9.98324e-01
 4.24480e+00  1.00004e+00  9.98308e-01
 4.25149e+00  9.99280e-01  9.98293e-01
 4.25876e+00  9.99575e-01  9.98278e-01
 4.26631e+00  9.99096e-01  9.98262e-01
 4.27297e+00  9.99815e-01  9.98250e-01
 4.28014e+00  9.99728e-01  9.98237e-01
 4.28786e+00  9.99594e-01  9.98224e-01
 4.29443e+00  1.00043e+00  9.98213e-01
 4.30112e+00  9.99672e-01  9.98204e-01
 4.30799e+00  9.99938e-01  9.98195e-01
 4.31462e+00  1.00019e+00  9.98187e-01
 4.32144e+00  9.99954e-01  9.98180e-01
 4.32881e+00  1.00039e+00  9.98174e-01
 4.33547e+00  9.99893e-01  9.98170e-01
 4.34210e+00  9.99772e-01  9.98167e-01
 4.34897e+00  9.99702e-01  9.98164e-01
 4.35565e+00  1.00023e+00  9.98164e-01
 4.36235e+00  1.00005e+00  9.98164e-01
 4.36917e+00  1.00022e+00  9.98166e-01
 4.37579e+00  9.99740e-01  9.98169e-01
 4.38248e+00  1.00025e+00  9.98174e-01
 4.38936e+00  1.00017e+00  9.98181e-01
 4.39593e+00  9.99667e-01  9.98189e-01
 4.40264e+00  9.99862e-01  9.98198e-01
 4.40952e+00  1.00011e+00  9.98210e-01
 4.41615e+00  1.00032e+00  9.98223e-01
 4.42306e+00  1.00043e+00  9.98239e-01
 4.43105e+00  1.00003e+00  9.98260e-01
 4.43829e+00  1.00019e+00  9.98282e-01
 4.44498e+00  1.00027e+00  9.98304e-01
 4.45186e+00  1.00055e+00  9.98329e-01
 4.45843e+00  1.00092e+00  9.98355e-01
 4.46514e+00  1.00063e+00  9.98384e-01
 4.47258e+00  1.00093e+00  9.98419e-01
 4.47927e+00  1.00108e+00  9.98453e-01
 4.48595e+00  1.00017e+00  9.98490e-01
 4.49285e+00  1.00094e+00  9.98531e-01
 4.49948e+00  1.00047e+00  9.98572e-01
 4.50610e+00  1.00068e+00  9.98617e-01
 4.51297e+00  1.00138e+00  9.98666e-01
 4.51966e+00  1.00131e+00  9.98717e-01
 4.52625e+00  1.00060e+00  9.98770e-01
 4.53312e+00  1.00029e+00  9.98828e-01
 4.54002e+00  1.00132e+00  9.98889e-01
 4.54706e+00  1.00049e+00  9.98956e-01
 4.55365e+00  1.00099e+00  9.99021e-01
 4.56015e+00  1.00121e+00  9.99089e-01
 4.56638e+00  1.00116e+00  9.99157e-01
 4.57289e+00  1.00125e+00  9.99230e-01
 4.57977e+00  1.00151e+00  9.99312e-01
 4.58637e+00  1.00086e+00  9.99393e-01
 4.59304e+00  1.00124e+00  9.99479e-01
 4.59954e+00  1.00073e+00  9.99565e-01
 4.60565e+00  1.00168e+00  9.99649e-01
 4.61177e+00  1.00122e+00  9.99736e-01
 4.61804e+00  1.00194e+00  9.99828e-01
 4.62428e+00  1.00225e+00  9.99923e-01
 4.63071e+00  1.00145e+00  1.00002e+00
 4.63698e+00  1.00144e+00  1.00012e+00
 4.64302e+00  1.00238e+00  1.00022e+00
 4.64912e+00  1.00196e+00  1.00033e+00
 4.65516e+00  1.00256e+00  1.00043e+00
 4.66147e+00  1.00243e+00  1.00054e+00
 4.66759e+00  1.00203e+00  1.00065e+00
 4.67364e+00  1.00215e+00  1.00076e+00
 4.68021e+00  1.00224e+00  1.00089e+00
 4.68659e+00  1.00283e+00  1.00101e+00
 4.69259e+00  1.00303e+00  1.00113e+00
 4.69878e+00  1.00330e+00  1.00125e+00
 4.70496e+00  1.00266e+00  1.00137e+00
 4.71162e+00  1.00238e+00  1.00151e+00
 4.71831e+00  1.00336e+00  1.00164e+00
 4.72519e+00  1.00325e+00  1.00179e+00
 4.73180e+00  1.00363e+00  1.00192e+00
 4.73844e+00  1.00325e+00  1.00206e+00
 4.74589e+00  1.00343e+00  1.00222e+00
 4.75263e+00  1.00367e+00  1.00236e+00
 4.75971e+00  1.00260e+00  1.00251e+00
 4.76747e+00  1.00414e+00  1.00267e+00
 4.77412e+00  1.00334e+00  1.00280e+00
 4.78150e+00  1.00412e+00  1.00295e+00
 4.78838e+00  1.00440e+00  1.00309e+00
 4.79563e+00  1.00365e+00  1.00323e+00
 4.80235e+00  1.00319e+00  1.00336e+00
 4.80913e+00  1.00372e+00  1.00349e+00
 4.81588e+00  1.00491e+00  1.00362e+00
 4.82318e+00  1.00426e+00  1.00374e+00
 4.82997e+00  1.00525e+00  1.00386e+00
 4.83674e+00  1.00428e+00  1.00397e+00
 4.84401e+00  1.00414e+00  1.00408e+00
 4.85088e+00  1.00469e+00  1.00418e+00
 4.85813e+00  1.00419e+00  1.00428e+00
 4.86485e+00  1.00413e+00  1.00437e+00
 4.87163e+00  1.00423e+00  1.00444e+00
 4.87838e+00  1.00487e+00  1.00452e+00
 4.88568e+00  1.00389e+00  1.00458e+00
 4.89247e+00  1.00949e+00  1.00464e+00
 4.89912e+00  1.00476e+00  1.00468e+00
 4.90580e+00  1.00498e+00  1.00472e+00
 4.91269e+00  1.00487e+00  1.00475e+00
 4.91994e+00  1.00512e+00  1.00477e+00
 4.92664e+00  1.00463e+00  1.00478e+00
 4.93351e+00  1.00460e+00  1.00478e+00
 4.94012e+00  1.00855e+00  1.00477e+00
 4.94676e+00  1.00505e+00  1.00475e+00
 4.95366e+00  1.00539e+00  1.00472e+00
 4.96162e+00  1.00442e+00  1.00467e+00
 4.96829e+00  1.00390e+00  1.00462e+00
 4.97519e+00  1.00441e+00  1.00456e+00
 4.98236e+00  1.00533e+00  1.00449e+00
 4.98913e+00  1.00420e+00  1.00441e+00
 4.99601e+00  1.00491e+00  1.00432e+00
 5.00326e+00  1.00422e+00  1.00421e+00
 5.00996e+00  1.00411e+00  1.00411e+00
 5.01685e+00  1.00463e+00  1.00399e+00
 5.02412e+00  1.00442e+00  1.00386e+00
 5.03079e+00  1.00332e+00  1.00373e+00
 5.03781e+00  1.00333e+00  1.00358e+00
 5.04562e+00  1.00283e+00  1.00342e+00
 5.05233e+00  1.00381e+00  1.00327e+00
 5.05921e+00  1.00406e+00  1.00311e+00
 5.06644e+00  1.00292e+00  1.00293e+00
 5.07318e+00  1.00331e+00  1.00276e+00
 5.07997e+00  1.01273e+00  1.00259e+00
 5.08661e+00  1.00300e+00  1.00242e+00
 5.09329e+00  1.00281e+00  1.00225e+00
 5.10019e+00  1.00293e+00  1.00206e+00
 5.10679e+00  1.01211e+00  1.00189e+00
 5.11343e+00  1.00263e+00  1.00171e+00
 5.12031e+00  1.00176e+00  1.00152e+00
 5.12700e+00  1.00609e+00  1.00134e+00
 5.13363e+00  1.00182e+00  1.00116e+00
 5.14047e+00  1.00155e+00  1.00097e+00
 5.14714e+00  1.00457e+00  1.00080e+00
 5.15385e+00  1.00075e+00  1.00062e+00
 5.16065e+00  1.00073e+00  1.00044e+00
 5.16767e+00  1.00059e+00  1.00026e+00
 5.17466e+00  1.00067e+00  1.00009e+00
 5.18175e+00  1.00081e+00  9.99911e-01
 5.18881e+00  1.00871e+00  9.99741e-01
 5.19549e+00  9.99948e-01  9.99585e-01
 5.20234e+00  9.99622e-01  9.99429e-01
 5.20932e+00  9.98959e-01  9.99276e-01
 5.21635e+00  9.99578e-01  9.99127e-01
 5.22315e+00  9.99020e-01  9.98988e-01
 5.23017e+00  9.98550e-01  9.98850e-01
 5.23716e+00  9.99419e-01  9.98720e-01
 5.24398e+00  9.98566e-01  9.98598e-01
 5.25156e+00  9.98291e-01  9.98470e-01
 5.25863e+00  9.99352e-01  9.98357e-01
 5.26547e+00  9.98407e-01  9.98254e-01
 5.27214e+00  1.00498e+00  9.98160e-01
 5.27885e+00  9.97658e-01  9.98071e-01
 5.28565e+00  9.97957e-01  9.97987e-01
 5.29267e+00  9.97660e-01  9.97907e-01
 5.29966e+00  9.97505e-01  9.97833e-01
 5.30648e+00  9.97998e-01  9.97767e-01
 5.31350e+00  9.97881e-01  9.97706e-01
 5.32049e+00  9.97729e-01  9.97650e-01
 5.32734e+00  9.97515e-01  9.97602e-01
 5.33489e+00  9.97503e-01  9.97555e-01
 5.34197e+00  9.97291e-01  9.97517e-01
 5.34879e+00  9.97314e-01  9.97486e-01
 5.35548e+00  9.99861e-01  9.97460e-01
 5.36216e+00  9.97024e-01  9.97439e-01
 5.36898e+00  9.97103e-01  9.97423e-01
 5.37562e+00  9.97412e-01  9.97411e-01
 5.38229e+00  9.97071e-01  9.97403e-01
 5.38920e+00  9.97030e-01  9.97399e-01
 5.39575e+00  9.99017e-01  9.97399e-01
 5.40245e+00  9.97524e-01  9.97403e-01
 5.40998e+00  9.97045e-01  9.97412e-01
 5.41767e+00  9.97379e-01  9.97425e-01
 5.42466e+00  9.97670e-01  9.97441e-01
 5.43147e+00  9.97462e-01  9.97459e-01
 5.43850e+00  9.96635e-01  9.97481e-01
 5.44549e+00  9.97670e-01  9.97505e-01
 5.45234e+00  9.96873e-01  9.97532e-01
 5.45894e+00  9.97287e-01  9.97560e-01
 5.46596e+00  9.97558e-01  9.97592e-01
 5.47315e+00  9.97819e-01  9.97627e-01
 5.47979e+00  9.97352e-01  9.97661e-01
 5.48690e+00  9.97500e-01  9.97700e-01
 5.49397e+00  9.97551e-01  9.97740e-01
 5.50062e+00  9.97422e-01  9.97779e-01
 5.50728e+00  9.97592e-01  9.97819e-01
 5.51420e+00  9.97439e-01  9.97862e-01
 5.52113e+00  9.97922e-01  9.97906e-01
 5.52858e+00  9.98337e-01  9.97955e-01
 5.53565e+00  9.97432e-01  9.98001e-01
 5.54228e+00  9.97557e-01  9.98046e-01
 5.54897e+00  9.97564e-01  9.98092e-01
 5.55628e+00  9.97766e-01  9.98142e-01
 5.56437e+00  9.98301e-01  9.98198e-01
 5.57169e+00  9.97448e-01  9.98250e-01
 5.57898e+00  9.97342e-01  9.98301e-01
 5.58597e+00  9.98596e-01  9.98350e-01
 5.59259e+00  9.98525e-01  9.98397e-01
 5.60018e+00  9.97714e-01  9.98450e-01
 5.60800e+00  9.98833e-01  9.98505e-01
 5.61573e+00  9.98252e-01  9.98560e-01
 5.62316e+00  9.98960e-01  9.98611e-01
 5.63020e+00  9.98780e-01  9.98660e-01
 5.63711e+00  9.98717e-01  9.98707e-01
 5.64405e+00  9.98613e-01  9.98754e-01
 5.65131e+00  9.98454e-01  9.98803e-01
 5.65864e+00  9.99648e-01  9.98852e-01
 5.66532e+00  9.98337e-01  9.98896e-01
 5.67189e+00  9.98950e-01  9.98939e-01
 5.67875e+00  9.98178e-01  9.98983e-01
 5.68572e+00  9.98852e-01  9.99027e-01
 5.69270e+00  9.99532e-01  9.99071e-01
 5.69986e+00  9.98406e-01  9.99114e-01
 5.70725e+00  9.98850e-01  9.99159e-01
 5.71462e+00  9.99323e-01  9.99203e-01
 5.72183e+00  9.99071e-01  9.99245e-01
 5.72909e+00  9.99619e-01  9.99286e-01
 5.73622e+00  9.99412e-01  9.99326e-01
 5.74334e+00  9.99387e-01  9.99365e-01
 5.74992e+00  9.99848e-01  9.99400e-01
 5.75704e+00  9.99735e-01  9.99438e-01
 5.76457e+00  9.98657e-01  9.99476e-01
 5.77144e+00  9.99721e-01  9.99511e-01
 5.77914e+00  9.99420e-01  9.99549e-01
 5.78628e+00  9.99721e-01  9.99583e-01
 5.79354e+00  9.99306e-01  9.99617e-01
 5.80161e+00  9.99387e-01  9.99653e-01
 5.80850e+00  9.99538e-01  9.99684e-01
 5.81531e+00  9.99580e-01  9.99713e-01
 5.82333e+00  1.00005e+00  9.99747e-01
 5.83097e+00  9.99599e-01  9.99778e-01
 5.83888e+00  9.99882e-01  9.99809e-01
 5.84701e+00  9.99849e-01  9.99840e-01
 5.85464e+00  9.99931e-01  9.99868e-01
 5.86279e+00  1.00623e+00  9.99897e-01
 5.87041e+00  1.00075e+00  9.99924e-01
 5.87794e+00  9.99692e-01  9.99949e-01
 5.88476e+00  9.99237e-01  9.99971e-01
 5.89227e+00  9.99918e-01  9.99994e-01
 5.89929e+00  1.00027e+00  1.00002e+00
 5.90629e+00  1.00032e+00  1.00004e+00
 5.91342e+00  9.99528e-01  1.00006e+00
 5.92062e+00  1.00038e+00  1.00008e+00
 5.92786e+00  1.00074e+00  1.00009e+00
 5.93458e+00  1.00010e+00  1.00011e+00
 5.94181e+00  9.99967e-01  1.00013e+00
 5.94942e+00  9.99661e-01  1.00015e+00
 5.95611e+00  1.00009e+00  1.00016e+00
 5.96296e+00  1.00029e+00  1.00018e+00
 5.97025e+00  1.00012e+00  1.00019e+00
 5.97692e+00  1.00039e+00  1.00021e+00
 5.98382e+00  1.00068e+00  1.00022e+00
