164
 2.05020e-02  1.00181e+00  1.00222e+00
 6.50610e-02  1.00231e+00  1.00312e+00
 1.12172e-01  1.00416e+00  1.00416e+00
 1.53842e-01  1.00503e+00  1.00500e+00
 1.96453e-01  1.00597e+00  1.00557e+00
 2.46304e-01  1.00587e+00  1.00568e+00
 2.86043e-01  1.00668e+00  1.00529e+00
 3.20954e-01  1.00639e+00  1.00466e+00
 3.55753e-01  1.00374e+00  1.00389e+00
 3.90193e-01  1.00323e+00  1.00309e+00
 4.25134e-01  1.00337e+00  1.00234e+00
 4.59913e-01  1.00204e+00  1.00169e+00
 4.94383e-01  1.00112e+00  1.00118e+00
 5.29793e-01  1.00062e+00  1.00079e+00
 5.67765e-01  1.00016e+00  1.00048e+00
 6.02072e-01  1.00005e+00  1.00029e+00
 6.39073e-01  1.00012e+00  1.00015e+00
 6.80753e-01  1.00006e+00  1.00005e+00
 7.22403e-01  9.99641e-01  9.99994e-01
 7.64073e-01  9.99916e-01  9.99958e-01
 8.16012e-01  1.00028e+00  9.99931e-01
 8.67623e-01  1.00002e+00  9.99915e-01
 9.13753e-01  1.00027e+00  9.99903e-01
 9.55753e-01  1.00016e+00  9.99894e-01
 9.99493e-01  1.00000e+00  9.99884e-01
 1.04632e+00  9.99893e-01  9.99873e-01
 1.09470e+00  1.00042e+00  9.99861e-01
 1.14501e+00  1.00028e+00  9.99848e-01
 1.19007e+00  9.99906e-01  9.99836e-01
 1.24053e+00  9.98736e-01  9.99823e-01
 1.28876e+00  9.99643e-01  9.99811e-01
 1.33491e+00  9.99398e-01  9.99799e-01
 1.37658e+00  9.99560e-01  9.99789e-01
 1.41826e+00  9.99980e-01  9.99779e-01
 1.45992e+00  9.99483e-01  9.99769e-01
 1.50367e+00  9.99293e-01  9.99759e-01
 1.54950e+00  9.99538e-01  9.99750e-01
 1.59629e+00  9.99302e-01  9.99740e-01
 1.63909e+00  9.99640e-01  9.99732e-01
 1.68909e+00  9.99560e-01  9.99724e-01
 1.73492e+00  9.99440e-01  9.99717e-01
 1.77660e+00  9.99925e-01  9.99711e-01
 1.82244e+00  1.00022e+00  9.99704e-01
 1.86409e+00  1.00009e+00  9.99699e-01
 1.90577e+00  9.99656e-01  9.99695e-01
 1.94744e+00  9.99644e-01  9.99690e-01
 1.98909e+00  1.00020e+00  9.99686e-01
 2.03495e+00  9.99900e-01  9.99683e-01
 2.07660e+00  9.99721e-01  9.99680e-01
 2.11827e+00  9.99321e-01  9.99677e-01
 2.15995e+00  9.99437e-01  9.99675e-01
 2.20160e+00  9.99793e-01  9.99674e-01
 2.24327e+00  9.99820e-01  9.99672e-01
 2.28495e+00  1.00001e+00  9.99671e-01
 2.32996e+00  9.99340e-01  9.99670e-01
 2.37452e+00  9.99356e-01  9.99670e-01
 2.41828e+00  9.99536e-01  9.99670e-01
 2.46491e+00  1.00028e+00  9.99671e-01
 2.51298e+00  9.99829e-01  9.99672e-01
 2.56234e+00  9.99922e-01  9.99673e-01
 2.61362e+00  9.99295e-01  9.99675e-01
 2.66554e+00  9.99617e-01  9.99677e-01
 2.71907e+00  9.99847e-01  9.99679e-01
 2.77467e+00  9.99924e-01  9.99682e-01
 2.82740e+00  9.99503e-01  9.99685e-01
 2.87885e+00  1.00000e+00  9.99688e-01
 2.93156e+00  9.99846e-01  9.99691e-01
 2.98300e+00  1.00029e+00  9.99695e-01
 3.03573e+00  9.99365e-01  9.99699e-01
 3.08862e+00  9.99527e-01  9.99704e-01
 3.14470e+00  1.00002e+00  9.99712e-01
 3.19695e+00  9.99909e-01  9.99722e-01
 3.25000e+00  9.92664e-01  9.99739e-01
 3.29456e+00  9.93977e-01  9.99761e-01
 3.33622e+00  9.94846e-01  9.99793e-01
 3.37788e+00  9.95789e-01  9.99841e-01
 3.42340e+00  9.98355e-01  9.99922e-01
 3.46539e+00  9.97238e-01  1.00004e+00
 3.50706e+00  9.97785e-01  1.00021e+00
 3.54873e+00  9.98612e-01  1.00045e+00
 3.59039e+00  9.99599e-01  1.00080e+00
 3.63624e+00  1.00086e+00  1.00134e+00
 3.69040e+00  1.00181e+00  1.00222e+00
 3.73496e+00  1.00231e+00  1.00312e+00
 3.78207e+00  1.00416e+00  1.00416e+00
 3.82374e+00  1.00503e+00  1.00500e+00
 3.86635e+00  1.00597e+00  1.00557e+00
 3.91621e+00  1.00587e+00  1.00568e+00
 3.95594e+00  1.00668e+00  1.00529e+00
 3.99086e+00  1.00639e+00  1.00466e+00
 4.02566e+00  1.00374e+00  1.00389e+00
 4.06009e+00  1.00323e+00  1.00309e+00
 4.09504e+00  1.00337e+00  1.00234e+00
 4.12982e+00  1.00204e+00  1.00169e+00
 4.16428e+00  1.00112e+00  1.00118e+00
 4.19970e+00  1.00062e+00  1.00079e+00
 4.23767e+00  1.00016e+00  1.00048e+00
 4.27198e+00  1.00005e+00  1.00029e+00
 4.30898e+00  1.00012e+00  1.00015e+00
 4.35066e+00  1.00006e+00  1.00005e+00
 4.39231e+00  9.99641e-01  9.99994e-01
 4.43398e+00  9.99916e-01  9.99958e-01
 4.48591e+00  1.00028e+00  9.99931e-01
 4.53752e+00  1.00002e+00  9.99915e-01
 4.58366e+00  1.00027e+00  9.99903e-01
 4.62566e+00  1.00016e+00  9.99894e-01
 4.66940e+00  1.00000e+00  9.99884e-01
 4.71622e+00  9.99893e-01  9.99873e-01
 4.76461e+00  1.00042e+00  9.99861e-01
 4.81492e+00  1.00028e+00  9.99848e-01
 4.85997e+00  9.99906e-01  9.99836e-01
 4.91043e+00  9.98736e-01  9.99823e-01
 4.95866e+00  9.99643e-01  9.99811e-01
 5.00482e+00  9.99398e-01  9.99799e-01
 5.04649e+00  9.99560e-01  9.99789e-01
 5.08817e+00  9.99980e-01  9.99779e-01
 5.12983e+00  9.99483e-01  9.99769e-01
 5.17358e+00  9.99293e-01  9.99759e-01
 5.21941e+00  9.99538e-01  9.99750e-01
 5.26620e+00  9.99302e-01  9.99740e-01
 5.30900e+00  9.99640e-01  9.99732e-01
 5.35900e+00  9.99560e-01  9.99724e-01
 5.40483e+00  9.99440e-01  9.99717e-01
 5.44651e+00  9.99925e-01  9.99711e-01
 5.49235e+00  1.00022e+00  9.99704e-01
 5.53400e+00  1.00009e+00  9.99699e-01
 5.57568e+00  9.99656e-01  9.99695e-01
 5.61735e+00  9.99644e-01  9.99690e-01
 5.65900e+00  1.00020e+00  9.99686e-01
 5.70486e+00  9.99900e-01  9.99683e-01
 5.74651e+00  9.99721e-01  9.99680e-01
 5.78818e+00  9.99321e-01  9.99677e-01
 5.82986e+00  9.99437e-01  9.99675e-01
 5.87151e+00  9.99793e-01  9.99674e-01
 5.91318e+00  9.99820e-01  9.99672e-01
 5.95486e+00  1.00001e+00  9.99671e-01
 5.99987e+00  9.99340e-01  9.99670e-01
 6.04443e+00  9.99356e-01  9.99670e-01
 6.08819e+00  9.99536e-01  9.99670e-01
 6.13481e+00  1.00028e+00  9.99671e-01
 6.18289e+00  9.99829e-01  9.99672e-01
 6.23225e+00  9.99922e-01  9.99673e-01
 6.28353e+00  9.99295e-01  9.99675e-01
 6.33544e+00  9.99617e-01  9.99677e-01
 6.38897e+00  9.99847e-01  9.99679e-01
 6.44458e+00  9.99924e-01  9.99682e-01
 6.49730e+00  9.99503e-01  9.99685e-01
 6.54875e+00  1.00000e+00  9.99688e-01
 6.60147e+00  9.99846e-01  9.99691e-01
 6.65291e+00  1.00029e+00  9.99695e-01
 6.70564e+00  9.99365e-01  9.99699e-01
 6.75853e+00  9.99527e-01  9.99704e-01
 6.81460e+00  1.00002e+00  9.99712e-01
 6.86686e+00  9.99909e-01  9.99722e-01
 6.91990e+00  9.92664e-01  9.99739e-01
 6.96447e+00  9.93977e-01  9.99761e-01
 7.00613e+00  9.94846e-01  9.99793e-01
 7.04779e+00  9.95789e-01  9.99841e-01
 7.09331e+00  9.98355e-01  9.99923e-01
 7.13530e+00  9.97238e-01  1.00004e+00
 7.17697e+00  9.97785e-01  1.00021e+00
 7.21864e+00  9.98612e-01  1.00045e+00
 7.26030e+00  9.99599e-01  1.00080e+00
 7.30615e+00  1.00086e+00  1.00134e+00
