1024
 6.51300e-03  1.00133e+00  1.00470e+00
 1.66470e-02  1.00192e+00  1.00479e+00
 2.07990e-02  1.00393e+00  1.00483e+00
 2.81130e-02  1.00164e+00  1.00489e+00
 3.83710e-02  1.00131e+00  1.00497e+00
 4.20640e-02  1.00301e+00  1.00500e+00
 5.03520e-02  1.00146e+00  1.00507e+00
 6.03840e-02  1.00123e+00  1.00514e+00
 6.38400e-02  1.00152e+00  1.00516e+00
 7.32580e-02  1.00144e+00  1.00522e+00
 8.17890e-02  1.00145e+00  1.00527e+00
 8.55690e-02  1.00113e+00  1.00529e+00
 9.75530e-02  1.00228e+00  1.00534e+00
 1.03235e-01  9.99756e-01  1.00536e+00
 1.09586e-01  1.00165e+00  1.00538e+00
 1.19958e-01  1.00189e+00  1.00541e+00
 1.24825e-01  9.98380e-01  1.00541e+00
 1.32263e-01  1.00250e+00  1.00542e+00
 1.42531e-01  1.00202e+00  1.00542e+00
 1.46264e-01  9.97042e-01  1.00541e+00
 1.54493e-01  1.00232e+00  1.00540e+00
 1.64792e-01  9.99914e-01  1.00537e+00
 1.68492e-01  9.98346e-01  1.00535e+00
 1.80113e-01  1.00277e+00  1.00530e+00
 1.86248e-01  9.98088e-01  1.00526e+00
 1.90778e-01  1.00046e+00  1.00522e+00
 2.02543e-01  1.00297e+00  1.00513e+00
 2.07799e-01  9.93221e-01  1.00508e+00
 2.15561e-01  1.00298e+00  1.00499e+00
 2.26785e-01  1.00035e+00  1.00486e+00
 2.30454e-01  9.83000e-01  1.00481e+00
 2.39883e-01  1.00392e+00  1.00467e+00
 2.48172e-01  9.90043e-01  1.00454e+00
 2.51784e-01  9.74485e-01  1.00448e+00
 2.62099e-01  1.00401e+00  1.00429e+00
 2.69289e-01  9.82805e-01  1.00416e+00
 2.72695e-01  9.76213e-01  1.00409e+00
 2.84303e-01  1.00403e+00  1.00384e+00
 2.90475e-01  9.83759e-01  1.00371e+00
 2.94962e-01  9.94557e-01  1.00360e+00
 3.05863e-01  1.00397e+00  1.00334e+00
 3.11527e-01  9.95425e-01  1.00320e+00
 3.16847e-01  1.00221e+00  1.00307e+00
 3.27626e-01  1.00344e+00  1.00278e+00
 3.32821e-01  9.96882e-01  1.00264e+00
 3.39863e-01  1.00327e+00  1.00245e+00
 3.49997e-01  1.00165e+00  1.00216e+00
 3.54125e-01  9.97495e-01  1.00204e+00
 3.62113e-01  1.00201e+00  1.00182e+00
 3.72605e-01  1.00147e+00  1.00151e+00
 3.75505e-01  9.97407e-01  1.00143e+00
 3.83012e-01  1.00137e+00  1.00121e+00
 3.93443e-01  1.00034e+00  1.00090e+00
 3.96781e-01  9.96867e-01  1.00081e+00
 4.05216e-01  1.00084e+00  1.00057e+00
 4.14554e-01  9.99984e-01  1.00030e+00
 4.17591e-01  9.96858e-01  1.00022e+00
 4.26036e-01  9.99723e-01  9.99987e-01
 4.35672e-01  9.99362e-01  9.99730e-01
 4.38986e-01  9.97087e-01  9.99644e-01
 4.50973e-01  9.98595e-01  9.99343e-01
 4.57068e-01  9.99042e-01  9.99196e-01
 4.60590e-01  9.97236e-01  9.99114e-01
 4.72495e-01  9.97527e-01  9.98848e-01
 4.78191e-01  9.98929e-01  9.98728e-01
 4.84594e-01  9.96933e-01  9.98599e-01
 4.94968e-01  9.98123e-01  9.98405e-01
 4.99469e-01  9.98519e-01  9.98326e-01
 5.05424e-01  9.96293e-01  9.98227e-01
 5.15998e-01  9.97974e-01  9.98066e-01
 5.20821e-01  9.98932e-01  9.98000e-01
 5.28113e-01  9.92678e-01  9.97907e-01
 5.38381e-01  9.89798e-01  9.97792e-01
 5.41708e-01  9.97429e-01  9.97759e-01
 5.48930e-01  9.75096e-01  9.97694e-01
 5.59203e-01  9.79032e-01  9.97617e-01
 5.62568e-01  9.96058e-01  9.97596e-01
 5.69763e-01  9.66290e-01  9.97557e-01
 5.80031e-01  9.75897e-01  9.97516e-01
 5.83398e-01  9.95454e-01  9.97506e-01
 5.91352e-01  9.70510e-01  9.97490e-01
 6.01775e-01  9.86128e-01  9.97483e-01
 6.04655e-01  9.94956e-01  9.97484e-01
 6.12182e-01  9.86632e-01  9.97491e-01
 6.22605e-01  9.95879e-01  9.97513e-01
 6.25951e-01  9.97817e-01  9.97523e-01
 6.35058e-01  9.97710e-01  9.97557e-01
 6.44002e-01  9.99604e-01  9.97599e-01
 6.47217e-01  9.98506e-01  9.97615e-01
 6.56573e-01  9.98021e-01  9.97670e-01
 6.64842e-01  9.99415e-01  9.97724e-01
 6.68027e-01  9.98239e-01  9.97746e-01
 6.77403e-01  9.98474e-01  9.97816e-01
 6.85731e-01  9.99354e-01  9.97883e-01
 6.89740e-01  9.98885e-01  9.97916e-01
 7.00973e-01  9.97979e-01  9.98013e-01
 7.07084e-01  9.99988e-01  9.98068e-01
 7.11642e-01  9.98311e-01  9.98110e-01
 7.22563e-01  9.98494e-01  9.98213e-01
 7.28167e-01  1.00009e+00  9.98267e-01
 7.33507e-01  9.98315e-01  9.98319e-01
 7.44132e-01  9.98670e-01  9.98422e-01
 7.49362e-01  1.00076e+00  9.98473e-01
 7.55424e-01  9.98686e-01  9.98533e-01
 7.65941e-01  9.99373e-01  9.98636e-01
 7.70452e-01  9.99616e-01  9.98679e-01
 7.77423e-01  9.99147e-01  9.98747e-01
 7.88381e-01  9.99898e-01  9.98851e-01
 7.92524e-01  9.99489e-01  9.98889e-01
 8.01728e-01  9.98998e-01  9.98974e-01
 8.10925e-01  9.99942e-01  9.99057e-01
 8.14732e-01  9.98305e-01  9.99090e-01
 8.25973e-01  9.99158e-01  9.99187e-01
 8.32068e-01  1.00024e+00  9.99238e-01
 8.36652e-01  9.99629e-01  9.99275e-01
 8.47578e-01  9.99438e-01  9.99361e-01
 8.53913e-01  9.99233e-01  9.99409e-01
 8.61433e-01  9.99509e-01  9.99464e-01
 8.71701e-01  9.99857e-01  9.99536e-01
 8.75819e-01  1.00018e+00  9.99564e-01
 8.82996e-01  1.00346e+00  9.99610e-01
 8.92321e-01  1.00078e+00  9.99668e-01
 8.96269e-01  9.98856e-01  9.99692e-01
 9.03113e-01  1.00132e+00  9.99731e-01
 9.12330e-01  1.00055e+00  9.99781e-01
 9.16133e-01  9.99523e-01  9.99801e-01
 9.22475e-01  9.99470e-01  9.99833e-01
 9.31616e-01  9.99412e-01  9.99876e-01
 9.36624e-01  9.99860e-01  9.99899e-01
 9.42244e-01  9.98765e-01  9.99923e-01
 9.51733e-01  9.98542e-01  9.99961e-01
 9.57068e-01  1.00012e+00  9.99981e-01
 9.60995e-01  9.98971e-01  9.99996e-01
 9.71095e-01  9.98933e-01  1.00003e+00
 9.77349e-01  1.00030e+00  1.00005e+00
 9.80932e-01  9.99383e-01  1.00006e+00
 9.89238e-01  9.99105e-01  1.00008e+00
 9.97639e-01  9.99922e-01  1.00010e+00
 1.00090e+00  9.99494e-01  1.00011e+00
 1.00801e+00  9.99255e-01  1.00013e+00
 1.01732e+00  9.99545e-01  1.00015e+00
 1.02082e+00  9.99805e-01  1.00015e+00
 1.02807e+00  9.98357e-01  1.00016e+00
 1.03735e+00  1.00014e+00  1.00018e+00
 1.04163e+00  9.99334e-01  1.00018e+00
 1.04824e+00  9.98532e-01  1.00019e+00
 1.05819e+00  1.00004e+00  1.00020e+00
 1.06295e+00  9.99792e-01  1.00021e+00
 1.06978e+00  9.99364e-01  1.00021e+00
 1.07901e+00  9.99222e-01  1.00022e+00
 1.08369e+00  9.99630e-01  1.00022e+00
 1.09062e+00  9.99537e-01  1.00022e+00
 1.09985e+00  9.99978e-01  1.00022e+00
 1.10417e+00  9.86911e-01  1.00022e+00
 1.11071e+00  9.99934e-01  1.00022e+00
 1.11985e+00  1.00033e+00  1.00022e+00
 1.12430e+00  9.66414e-01  1.00022e+00
 1.12942e+00  9.99574e-01  1.00022e+00
 1.13996e+00  9.99667e-01  1.00022e+00
 1.14486e+00  9.69400e-01  1.00021e+00
 1.14955e+00  9.99883e-01  1.00021e+00
 1.15935e+00  9.99746e-01  1.00020e+00
 1.16542e+00  9.71205e-01  1.00020e+00
 1.16887e+00  9.99522e-01  1.00020e+00
 1.17809e+00  1.00049e+00  1.00019e+00
 1.18572e+00  9.73255e-01  1.00018e+00
 1.18886e+00  9.99187e-01  1.00018e+00
 1.19624e+00  1.00010e+00  1.00017e+00
 1.20573e+00  9.78457e-01  1.00016e+00
 1.20965e+00  9.99409e-01  1.00016e+00
 1.21912e+00  9.99044e-01  1.00015e+00
 1.22712e+00  9.80278e-01  1.00014e+00
 1.23046e+00  9.96817e-01  1.00014e+00
 1.23859e+00  9.99591e-01  1.00013e+00
 1.24768e+00  9.81221e-01  1.00011e+00
 1.25047e+00  9.97882e-01  1.00011e+00
 1.25731e+00  9.99804e-01  1.00010e+00
 1.26736e+00  9.83186e-01  1.00009e+00
 1.27042e+00  9.97885e-01  1.00008e+00
 1.27666e+00  9.99694e-01  1.00008e+00
 1.28579e+00  9.99638e-01  1.00006e+00
 1.29069e+00  9.82656e-01  1.00006e+00
 1.29431e+00  9.99644e-01  1.00005e+00
 1.30512e+00  9.99159e-01  1.00004e+00
 1.31098e+00  9.84270e-01  1.00003e+00
 1.31429e+00  9.99590e-01  1.00002e+00
 1.32330e+00  9.99388e-01  1.00001e+00
 1.33127e+00  9.86633e-01  9.99998e-01
 1.33468e+00  9.97685e-01  9.99993e-01
 1.34206e+00  9.99774e-01  9.99983e-01
 1.35160e+00  9.88150e-01  9.99969e-01
 1.35463e+00  9.98336e-01  9.99964e-01
 1.36151e+00  9.99135e-01  9.99954e-01
 1.37193e+00  9.88499e-01  9.99939e-01
 1.37547e+00  9.99190e-01  9.99934e-01
 1.38229e+00  1.00015e+00  9.99924e-01
 1.39168e+00  9.89855e-01  9.99911e-01
 1.39542e+00  9.98395e-01  9.99906e-01
 1.40166e+00  9.99869e-01  9.99897e-01
 1.41082e+00  9.99796e-01  9.99884e-01
 1.41606e+00  9.89536e-01  9.99877e-01
 1.42142e+00  1.00056e+00  9.99869e-01
 1.43096e+00  9.99128e-01  9.99856e-01
 1.43661e+00  9.90649e-01  9.99849e-01
 1.44121e+00  1.00015e+00  9.99842e-01
 1.45101e+00  9.99937e-01  9.99829e-01
 1.45680e+00  9.91312e-01  9.99822e-01
 1.46019e+00  9.99474e-01  9.99817e-01
 1.46975e+00  9.99691e-01  9.99805e-01
 1.47736e+00  9.92743e-01  9.99795e-01
 1.48053e+00  9.99413e-01  9.99791e-01
 1.48859e+00  1.00039e+00  9.99781e-01
 1.49768e+00  9.93601e-01  9.99770e-01
 1.50127e+00  9.98449e-01  9.99766e-01
 1.50874e+00  9.99487e-01  9.99757e-01
 1.51823e+00  9.93667e-01  9.99745e-01
 1.52129e+00  9.99948e-01  9.99742e-01
 1.52815e+00  9.99790e-01  9.99734e-01
 1.53844e+00  9.94708e-01  9.99723e-01
 1.54170e+00  1.00009e+00  9.99719e-01
 1.54824e+00  9.99348e-01  9.99712e-01
 1.55839e+00  9.94782e-01  9.99701e-01
 1.56246e+00  9.99911e-01  9.99697e-01
 1.56907e+00  9.99731e-01  9.99690e-01
 1.57901e+00  9.99571e-01  9.99680e-01
 1.58278e+00  9.95480e-01  9.99676e-01
 1.58814e+00  9.99695e-01  9.99671e-01
 1.59918e+00  1.00046e+00  9.99661e-01
 1.60363e+00  9.95873e-01  9.99656e-01
 1.60829e+00  1.00278e+00  9.99652e-01
 1.61701e+00  1.00204e+00  9.99644e-01
 1.62299e+00  9.97914e-01  9.99639e-01
 1.62672e+00  9.99418e-01  9.99636e-01
 1.63376e+00  1.00074e+00  9.99630e-01
 1.64308e+00  9.97361e-01  9.99622e-01
 1.64584e+00  1.00000e+00  9.99620e-01
 1.65246e+00  1.00046e+00  9.99615e-01
 1.66082e+00  9.99883e-01  9.99609e-01
 1.66544e+00  9.97122e-01  9.99605e-01
 1.66890e+00  9.99554e-01  9.99603e-01
 1.67685e+00  9.98800e-01  9.99597e-01
 1.68545e+00  9.96923e-01  9.99591e-01
 1.68880e+00  9.99851e-01  9.99589e-01
 1.69556e+00  9.99716e-01  9.99585e-01
 1.70392e+00  9.98895e-01  9.99579e-01
 1.70762e+00  9.97033e-01  9.99577e-01
 1.71143e+00  9.98964e-01  9.99575e-01
 1.72045e+00  9.99323e-01  9.99569e-01
 1.72690e+00  9.96752e-01  9.99566e-01
 1.73008e+00  9.99871e-01  9.99564e-01
 1.73721e+00  9.99854e-01  9.99560e-01
 1.74558e+00  9.99350e-01  9.99556e-01
 1.74930e+00  9.97636e-01  9.99554e-01
 1.75309e+00  9.99448e-01  9.99552e-01
 1.76212e+00  9.99794e-01  9.99548e-01
 1.76857e+00  9.97499e-01  9.99545e-01
 1.77131e+00  9.98983e-01  9.99544e-01
 1.77746e+00  9.99656e-01  9.99541e-01
 1.78582e+00  1.00006e+00  9.99538e-01
 1.79055e+00  1.00023e+00  9.99536e-01
 1.79432e+00  9.99824e-01  9.99535e-01
 1.80246e+00  9.99258e-01  9.99532e-01
 1.80999e+00  9.97837e-01  9.99529e-01
 1.81254e+00  9.99412e-01  9.99528e-01
 1.81841e+00  9.99469e-01  9.99527e-01
 1.82678e+00  9.99186e-01  9.99524e-01
 1.83184e+00  9.98280e-01  9.99523e-01
 1.83513e+00  1.00049e+00  9.99522e-01
 1.84208e+00  9.99387e-01  9.99520e-01
 1.85057e+00  9.99473e-01  9.99518e-01
 1.85362e+00  9.99043e-01  9.99518e-01
 1.85829e+00  9.99779e-01  9.99517e-01
 1.86701e+00  9.99254e-01  9.99515e-01
 1.87299e+00  9.98229e-01  9.99514e-01
 1.87595e+00  1.00023e+00  9.99514e-01
 1.88314e+00  9.98862e-01  9.99513e-01
 1.89267e+00  9.97841e-01  9.99512e-01
 1.89588e+00  1.00072e+00  9.99511e-01
 1.90251e+00  9.99079e-01  9.99511e-01
 1.91161e+00  9.99111e-01  9.99510e-01
 1.91603e+00  9.99110e-01  9.99510e-01
 1.92152e+00  9.99399e-01  9.99509e-01
 1.93101e+00  9.99091e-01  9.99509e-01
 1.93627e+00  9.99088e-01  9.99509e-01
 1.93982e+00  1.00018e+00  9.99509e-01
 1.94904e+00  9.99168e-01  9.99509e-01
 1.95633e+00  9.98753e-01  9.99509e-01
 1.95975e+00  1.00027e+00  9.99510e-01
 1.96716e+00  9.99017e-01  9.99510e-01
 1.97666e+00  9.98632e-01  9.99511e-01
 1.97921e+00  1.00003e+00  9.99511e-01
 1.98583e+00  9.99254e-01  9.99512e-01
 1.99495e+00  9.98793e-01  9.99513e-01
 1.99936e+00  9.98808e-01  9.99513e-01
 2.00488e+00  9.99739e-01  9.99514e-01
 2.01434e+00  9.99328e-01  9.99516e-01
 2.01960e+00  9.99005e-01  9.99517e-01
 2.02317e+00  9.99301e-01  9.99517e-01
 2.03440e+00  9.99137e-01  9.99520e-01
 2.04017e+00  9.99688e-01  9.99521e-01
 2.04352e+00  9.99438e-01  9.99522e-01
 2.05185e+00  9.99007e-01  9.99524e-01
 2.06024e+00  9.98899e-01  9.99526e-01
 2.06301e+00  9.99294e-01  9.99527e-01
 2.06991e+00  9.99364e-01  9.99529e-01
 2.07911e+00  9.99575e-01  9.99531e-01
 2.08278e+00  9.99772e-01  9.99533e-01
 2.08821e+00  9.99473e-01  9.99534e-01
 2.09766e+00  9.99272e-01  9.99537e-01
 2.10296e+00  9.99723e-01  9.99539e-01
 2.10690e+00  9.99021e-01  9.99541e-01
 2.11709e+00  9.99814e-01  9.99545e-01
 2.12350e+00  9.99084e-01  9.99547e-01
 2.12731e+00  9.99988e-01  9.99549e-01
 2.13794e+00  9.99736e-01  9.99553e-01
 2.14438e+00  9.99599e-01  9.99556e-01
 2.14814e+00  9.99800e-01  9.99558e-01
 2.15736e+00  1.00028e+00  9.99562e-01
 2.16466e+00  9.99196e-01  9.99565e-01
 2.16764e+00  9.99991e-01  9.99567e-01
 2.17477e+00  9.99539e-01  9.99570e-01
 2.18412e+00  9.99575e-01  9.99575e-01
 2.18758e+00  1.00004e+00  9.99577e-01
 2.19563e+00  9.98800e-01  9.99581e-01
 2.20503e+00  9.99103e-01  9.99586e-01
 2.20886e+00  1.00054e+00  9.99588e-01
 2.21645e+00  9.99582e-01  9.99593e-01
 2.22586e+00  9.99718e-01  9.99598e-01
 2.22969e+00  9.99695e-01  9.99600e-01
 2.23726e+00  9.99969e-01  9.99605e-01
 2.24669e+00  9.99492e-01  9.99611e-01
 2.25052e+00  1.00001e+00  9.99613e-01
 2.25813e+00  9.99838e-01  9.99618e-01
 2.26746e+00  1.00013e+00  9.99624e-01
 2.27088e+00  1.00005e+00  9.99627e-01
 2.27753e+00  9.99700e-01  9.99631e-01
 2.28746e+00  1.00005e+00  9.99638e-01
 2.29165e+00  1.00028e+00  9.99641e-01
 2.29833e+00  1.00002e+00  9.99646e-01
 2.30745e+00  9.99917e-01  9.99653e-01
 2.31190e+00  9.99306e-01  9.99656e-01
 2.31738e+00  9.99907e-01  9.99660e-01
 2.32694e+00  9.99694e-01  9.99668e-01
 2.33274e+00  9.99504e-01  9.99672e-01
 2.33928e+00  9.99986e-01  9.99678e-01
 2.34911e+00  1.00035e+00  9.99686e-01
 2.35357e+00  9.99436e-01  9.99689e-01
 2.36009e+00  9.99496e-01  9.99695e-01
 2.36924e+00  9.99479e-01  9.99703e-01
 2.37462e+00  1.00003e+00  9.99707e-01
 2.38169e+00  1.00023e+00  9.99714e-01
 2.39079e+00  1.00024e+00  9.99722e-01
 2.39522e+00  9.99188e-01  9.99726e-01
 2.40071e+00  9.99841e-01  9.99731e-01
 2.41092e+00  9.99685e-01  9.99741e-01
 2.41578e+00  9.99977e-01  9.99745e-01
 2.42046e+00  1.00041e+00  9.99750e-01
 2.43029e+00  1.00050e+00  9.99759e-01
 2.43606e+00  9.99895e-01  9.99765e-01
 2.43982e+00  1.00012e+00  9.99769e-01
 2.44904e+00  1.00001e+00  9.99778e-01
 2.45638e+00  1.00001e+00  9.99786e-01
 2.46016e+00  1.00098e+00  9.99790e-01
 2.46853e+00  1.00038e+00  9.99799e-01
 2.47694e+00  1.00000e+00  9.99808e-01
 2.48016e+00  1.00034e+00  9.99811e-01
 2.48800e+00  9.99888e-01  9.99820e-01
 2.49775e+00  9.99946e-01  9.99831e-01
 2.50096e+00  1.00041e+00  9.99834e-01
 2.50819e+00  9.99939e-01  9.99843e-01
 2.51835e+00  9.99955e-01  9.99855e-01
 2.52134e+00  9.99979e-01  9.99858e-01
 2.52824e+00  1.00012e+00  9.99866e-01
 2.53746e+00  1.00006e+00  9.99877e-01
 2.54122e+00  1.01988e+00  9.99882e-01
 2.54759e+00  9.99738e-01  9.99890e-01
 2.55745e+00  1.00034e+00  9.99902e-01
 2.56188e+00  1.01699e+00  9.99908e-01
 2.56632e+00  1.00014e+00  9.99914e-01
 2.57683e+00  1.00013e+00  9.99928e-01
 2.58244e+00  1.01489e+00  9.99935e-01
 2.58672e+00  1.00047e+00  9.99941e-01
 2.59697e+00  9.99419e-01  9.99955e-01
 2.60273e+00  1.00011e+00  9.99963e-01
 2.60606e+00  1.01336e+00  9.99967e-01
 2.61571e+00  9.99868e-01  9.99981e-01
 2.62329e+00  9.99783e-01  9.99992e-01
 2.62645e+00  1.00967e+00  9.99997e-01
 2.63385e+00  9.99607e-01  1.00001e+00
 2.64343e+00  9.99571e-01  1.00002e+00
 2.64681e+00  1.00784e+00  1.00003e+00
 2.65396e+00  1.00047e+00  1.00004e+00
 2.66330e+00  9.99498e-01  1.00005e+00
 2.66636e+00  1.00583e+00  1.00006e+00
 2.67262e+00  9.99823e-01  1.00007e+00
 2.68245e+00  1.00002e+00  1.00008e+00
 2.68688e+00  1.00486e+00  1.00009e+00
 2.69201e+00  1.00048e+00  1.00010e+00
 2.70187e+00  9.99797e-01  1.00012e+00
 2.70744e+00  1.00308e+00  1.00013e+00
 2.71174e+00  1.00003e+00  1.00013e+00
 2.72199e+00  9.99689e-01  1.00015e+00
 2.72801e+00  1.00025e+00  1.00016e+00
 2.73151e+00  1.00248e+00  1.00017e+00
 2.74275e+00  1.00042e+00  1.00019e+00
 2.74883e+00  1.00012e+00  1.00020e+00
 2.75411e+00  1.00166e+00  1.00021e+00
 2.76509e+00  9.99893e-01  1.00023e+00
 2.77027e+00  1.00172e+00  1.00024e+00
 2.77749e+00  1.00057e+00  1.00026e+00
 2.78763e+00  1.00011e+00  1.00028e+00
 2.79136e+00  1.00036e+00  1.00029e+00
 2.79831e+00  1.00105e+00  1.00030e+00
 2.80844e+00  1.00042e+00  1.00032e+00
 2.81220e+00  9.99629e-01  1.00033e+00
 2.81915e+00  1.00029e+00  1.00035e+00
 2.82929e+00  1.00033e+00  1.00037e+00
 2.83302e+00  1.00029e+00  1.00038e+00
 2.84003e+00  1.00023e+00  1.00039e+00
 2.85101e+00  1.00049e+00  1.00042e+00
 2.85431e+00  9.99953e-01  1.00043e+00
 2.86161e+00  1.00035e+00  1.00044e+00
 2.87299e+00  1.00029e+00  1.00047e+00
 2.87647e+00  1.00011e+00  1.00048e+00
 2.88868e+00  1.00017e+00  1.00051e+00
 2.89495e+00  9.99244e-01  1.00053e+00
 2.90031e+00  1.00060e+00  1.00054e+00
 2.91094e+00  1.00034e+00  1.00057e+00
 2.91606e+00  9.99894e-01  1.00059e+00
 2.92115e+00  1.00066e+00  1.00060e+00
 2.93256e+00  1.00012e+00  1.00064e+00
 2.93757e+00  9.99649e-01  1.00065e+00
 2.94490e+00  9.99970e-01  1.00067e+00
 2.95538e+00  1.00021e+00  1.00071e+00
 2.95891e+00  1.00040e+00  1.00072e+00
 2.96649e+00  1.00052e+00  1.00074e+00
 2.97692e+00  1.00075e+00  1.00078e+00
 2.98059e+00  9.99867e-01  1.00079e+00
 2.99002e+00  1.00046e+00  1.00082e+00
 2.99829e+00  1.00125e+00  1.00085e+00
 3.00146e+00  9.99874e-01  1.00086e+00
 3.01086e+00  9.99958e-01  1.00089e+00
 3.01914e+00  1.00063e+00  1.00092e+00
 3.02273e+00  9.99547e-01  1.00094e+00
 3.03308e+00  1.00024e+00  1.00098e+00
 3.04024e+00  1.00024e+00  1.00101e+00
 3.04359e+00  1.00051e+00  1.00102e+00
 3.05388e+00  1.00015e+00  1.00106e+00
 3.06107e+00  1.00064e+00  1.00109e+00
 3.06440e+00  1.00005e+00  1.00111e+00
 3.07546e+00  1.00037e+00  1.00115e+00
 3.08218e+00  1.00085e+00  1.00118e+00
 3.08569e+00  9.99856e-01  1.00120e+00
 3.09695e+00  9.99840e-01  1.00125e+00
 3.10301e+00  1.00074e+00  1.00128e+00
 3.10654e+00  1.00018e+00  1.00130e+00
 3.11775e+00  1.00056e+00  1.00135e+00
 3.12390e+00  1.00030e+00  1.00138e+00
 3.12842e+00  1.00074e+00  1.00140e+00
 3.13934e+00  9.99775e-01  1.00146e+00
 3.14522e+00  1.00097e+00  1.00149e+00
 3.15139e+00  1.00047e+00  1.00153e+00
 3.16179e+00  1.00060e+00  1.00158e+00
 3.16622e+00  1.00064e+00  1.00161e+00
 3.17333e+00  1.00034e+00  1.00165e+00
 3.18344e+00  1.00021e+00  1.00171e+00
 3.18802e+00  1.00075e+00  1.00174e+00
 3.19564e+00  1.00051e+00  1.00178e+00
 3.20608e+00  1.00072e+00  1.00185e+00
 3.20891e+00  1.00106e+00  1.00187e+00
 3.21783e+00  1.00009e+00  1.00193e+00
 3.22721e+00  1.00100e+00  1.00199e+00
 3.23066e+00  1.00126e+00  1.00201e+00
 3.24138e+00  1.00029e+00  1.00209e+00
 3.24862e+00  1.00119e+00  1.00214e+00
 3.25235e+00  1.00112e+00  1.00216e+00
 3.26359e+00  1.00105e+00  1.00225e+00
 3.26968e+00  1.00175e+00  1.00229e+00
 3.27319e+00  1.00111e+00  1.00232e+00
 3.28513e+00  1.00024e+00  1.00241e+00
 3.29083e+00  1.00127e+00  1.00246e+00
 3.29618e+00  1.00062e+00  1.00250e+00
 3.30675e+00  1.00068e+00  1.00259e+00
 3.31193e+00  1.00187e+00  1.00263e+00
 3.31806e+00  1.00119e+00  1.00268e+00
 3.32844e+00  1.00112e+00  1.00277e+00
 3.33293e+00  1.00181e+00  1.00281e+00
 3.33999e+00  1.00074e+00  1.00287e+00
 3.35013e+00  1.00086e+00  1.00296e+00
 3.35428e+00  1.00284e+00  1.00300e+00
 3.36232e+00  1.00135e+00  1.00307e+00
 3.37276e+00  1.00147e+00  1.00317e+00
 3.37646e+00  1.00256e+00  1.00321e+00
 3.38586e+00  1.00060e+00  1.00329e+00
 3.39415e+00  1.00135e+00  1.00338e+00
 3.39779e+00  1.00253e+00  1.00341e+00
 3.40951e+00  1.00099e+00  1.00353e+00
 3.41659e+00  1.00366e+00  1.00360e+00
 3.42409e+00  1.00113e+00  1.00367e+00
 3.43436e+00  1.00089e+00  1.00377e+00
 3.43891e+00  1.00332e+00  1.00382e+00
 3.44836e+00  1.00075e+00  1.00392e+00
 3.45665e+00  1.00257e+00  1.00400e+00
 3.46026e+00  1.00393e+00  1.00404e+00
 3.47058e+00  1.00085e+00  1.00414e+00
 3.47777e+00  1.00294e+00  1.00421e+00
 3.48155e+00  1.00318e+00  1.00425e+00
 3.49277e+00  1.00131e+00  1.00436e+00
 3.49915e+00  1.00414e+00  1.00443e+00
 3.50449e+00  1.00233e+00  1.00448e+00
 3.51594e+00  1.00151e+00  1.00459e+00
 3.52045e+00  1.00525e+00  1.00463e+00
 3.52749e+00  1.00133e+00  1.00470e+00
 3.53763e+00  1.00192e+00  1.00479e+00
 3.54178e+00  1.00393e+00  1.00483e+00
 3.54909e+00  1.00164e+00  1.00489e+00
 3.55935e+00  1.00131e+00  1.00497e+00
 3.56304e+00  1.00301e+00  1.00500e+00
 3.57133e+00  1.00146e+00  1.00507e+00
 3.58136e+00  1.00123e+00  1.00514e+00
 3.58482e+00  1.00152e+00  1.00516e+00
 3.59424e+00  1.00144e+00  1.00522e+00
 3.60277e+00  1.00145e+00  1.00527e+00
 3.60655e+00  1.00113e+00  1.00529e+00
 3.61853e+00  1.00228e+00  1.00534e+00
 3.62421e+00  9.99756e-01  1.00536e+00
 3.63056e+00  1.00165e+00  1.00538e+00
 3.64094e+00  1.00189e+00  1.00541e+00
 3.64580e+00  9.98380e-01  1.00541e+00
 3.65324e+00  1.00250e+00  1.00542e+00
 3.66351e+00  1.00202e+00  1.00542e+00
 3.66724e+00  9.97042e-01  1.00541e+00
 3.67547e+00  1.00232e+00  1.00540e+00
 3.68577e+00  9.99914e-01  1.00537e+00
 3.68947e+00  9.98346e-01  1.00535e+00
 3.70109e+00  1.00277e+00  1.00530e+00
 3.70723e+00  9.98088e-01  1.00526e+00
 3.71176e+00  1.00046e+00  1.00522e+00
 3.72352e+00  1.00297e+00  1.00513e+00
 3.72878e+00  9.93221e-01  1.00508e+00
 3.73654e+00  1.00298e+00  1.00499e+00
 3.74776e+00  1.00035e+00  1.00486e+00
 3.75143e+00  9.83000e-01  1.00481e+00
 3.76086e+00  1.00392e+00  1.00467e+00
 3.76915e+00  9.90043e-01  1.00454e+00
 3.77276e+00  9.74485e-01  1.00448e+00
 3.78308e+00  1.00401e+00  1.00429e+00
 3.79027e+00  9.82805e-01  1.00416e+00
 3.79367e+00  9.76213e-01  1.00409e+00
 3.80528e+00  1.00403e+00  1.00384e+00
 3.81145e+00  9.83759e-01  1.00371e+00
 3.81594e+00  9.94557e-01  1.00360e+00
 3.82684e+00  1.00397e+00  1.00334e+00
 3.83251e+00  9.95425e-01  1.00320e+00
 3.83783e+00  1.00221e+00  1.00307e+00
 3.84861e+00  1.00344e+00  1.00278e+00
 3.85380e+00  9.96882e-01  1.00264e+00
 3.86084e+00  1.00327e+00  1.00245e+00
 3.87098e+00  1.00165e+00  1.00216e+00
 3.87510e+00  9.97495e-01  1.00204e+00
 3.88309e+00  1.00201e+00  1.00182e+00
 3.89358e+00  1.00147e+00  1.00151e+00
 3.89648e+00  9.97407e-01  1.00143e+00
 3.90399e+00  1.00137e+00  1.00121e+00
 3.91442e+00  1.00034e+00  1.00090e+00
 3.91776e+00  9.96867e-01  1.00081e+00
 3.92619e+00  1.00084e+00  1.00057e+00
 3.93553e+00  9.99984e-01  1.00030e+00
 3.93857e+00  9.96858e-01  1.00022e+00
 3.94701e+00  9.99723e-01  9.99987e-01
 3.95665e+00  9.99362e-01  9.99730e-01
 3.95996e+00  9.97087e-01  9.99644e-01
 3.97195e+00  9.98595e-01  9.99343e-01
 3.97805e+00  9.99042e-01  9.99196e-01
 3.98157e+00  9.97236e-01  9.99114e-01
 3.99347e+00  9.97527e-01  9.98848e-01
 3.99917e+00  9.98929e-01  9.98728e-01
 4.00557e+00  9.96933e-01  9.98599e-01
 4.01595e+00  9.98123e-01  9.98404e-01
 4.02045e+00  9.98519e-01  9.98326e-01
 4.02640e+00  9.96293e-01  9.98227e-01
 4.03698e+00  9.97974e-01  9.98066e-01
 4.04180e+00  9.98932e-01  9.98000e-01
 4.04909e+00  9.92678e-01  9.97907e-01
 4.05936e+00  9.89798e-01  9.97792e-01
 4.06269e+00  9.97429e-01  9.97759e-01
 4.06991e+00  9.75096e-01  9.97694e-01
 4.08018e+00  9.79032e-01  9.97617e-01
 4.08355e+00  9.96058e-01  9.97596e-01
 4.09074e+00  9.66290e-01  9.97557e-01
 4.10101e+00  9.75897e-01  9.97516e-01
 4.10438e+00  9.95454e-01  9.97506e-01
 4.11233e+00  9.70510e-01  9.97490e-01
 4.12275e+00  9.86128e-01  9.97483e-01
 4.12563e+00  9.94956e-01  9.97484e-01
 4.13316e+00  9.86632e-01  9.97491e-01
 4.14358e+00  9.95879e-01  9.97513e-01
 4.14693e+00  9.97817e-01  9.97523e-01
 4.15604e+00  9.97710e-01  9.97557e-01
 4.16498e+00  9.99604e-01  9.97599e-01
 4.16820e+00  9.98506e-01  9.97615e-01
 4.17755e+00  9.98021e-01  9.97670e-01
 4.18582e+00  9.99415e-01  9.97724e-01
 4.18901e+00  9.98239e-01  9.97746e-01
 4.19838e+00  9.98474e-01  9.97816e-01
 4.20671e+00  9.99354e-01  9.97883e-01
 4.21072e+00  9.98885e-01  9.97916e-01
 4.22195e+00  9.97979e-01  9.98013e-01
 4.22806e+00  9.99988e-01  9.98068e-01
 4.23262e+00  9.98311e-01  9.98110e-01
 4.24354e+00  9.98494e-01  9.98213e-01
 4.24915e+00  1.00009e+00  9.98267e-01
 4.25449e+00  9.98315e-01  9.98319e-01
 4.26511e+00  9.98670e-01  9.98422e-01
 4.27034e+00  1.00076e+00  9.98473e-01
 4.27640e+00  9.98686e-01  9.98533e-01
 4.28692e+00  9.99373e-01  9.98636e-01
 4.29143e+00  9.99616e-01  9.98679e-01
 4.29840e+00  9.99147e-01  9.98747e-01
 4.30936e+00  9.99898e-01  9.98851e-01
 4.31350e+00  9.99489e-01  9.98889e-01
 4.32271e+00  9.98998e-01  9.98974e-01
 4.33190e+00  9.99942e-01  9.99057e-01
 4.33571e+00  9.98305e-01  9.99090e-01
 4.34695e+00  9.99158e-01  9.99187e-01
 4.35305e+00  1.00024e+00  9.99238e-01
 4.35763e+00  9.99629e-01  9.99275e-01
 4.36856e+00  9.99438e-01  9.99361e-01
 4.37489e+00  9.99233e-01  9.99409e-01
 4.38241e+00  9.99509e-01  9.99464e-01
 4.39268e+00  9.99857e-01  9.99536e-01
 4.39680e+00  1.00018e+00  9.99564e-01
 4.40397e+00  1.00346e+00  9.99610e-01
 4.41330e+00  1.00078e+00  9.99668e-01
 4.41725e+00  9.98856e-01  9.99692e-01
 4.42409e+00  1.00132e+00  9.99731e-01
 4.43331e+00  1.00055e+00  9.99781e-01
 4.43711e+00  9.99523e-01  9.99801e-01
 4.44345e+00  9.99470e-01  9.99833e-01
 4.45259e+00  9.99412e-01  9.99876e-01
 4.45760e+00  9.99860e-01  9.99899e-01
 4.46322e+00  9.98765e-01  9.99923e-01
 4.47271e+00  9.98542e-01  9.99961e-01
 4.47805e+00  1.00012e+00  9.99981e-01
 4.48197e+00  9.98971e-01  9.99996e-01
 4.49207e+00  9.98933e-01  1.00003e+00
 4.49833e+00  1.00030e+00  1.00005e+00
 4.50191e+00  9.99383e-01  1.00006e+00
 4.51022e+00  9.99105e-01  1.00008e+00
 4.51862e+00  9.99922e-01  1.00010e+00
 4.52188e+00  9.99494e-01  1.00011e+00
 4.52898e+00  9.99255e-01  1.00013e+00
 4.53830e+00  9.99545e-01  1.00015e+00
 4.54180e+00  9.99805e-01  1.00015e+00
 4.54905e+00  9.98357e-01  1.00016e+00
 4.55833e+00  1.00014e+00  1.00018e+00
 4.56261e+00  9.99334e-01  1.00018e+00
 4.56921e+00  9.98532e-01  1.00019e+00
 4.57917e+00  1.00004e+00  1.00020e+00
 4.58393e+00  9.99792e-01  1.00021e+00
 4.59076e+00  9.99364e-01  1.00021e+00
 4.59999e+00  9.99222e-01  1.00022e+00
 4.60467e+00  9.99630e-01  1.00022e+00
 4.61160e+00  9.99537e-01  1.00022e+00
 4.62083e+00  9.99978e-01  1.00022e+00
 4.62515e+00  9.86911e-01  1.00022e+00
 4.63169e+00  9.99934e-01  1.00022e+00
 4.64083e+00  1.00033e+00  1.00022e+00
 4.64528e+00  9.66414e-01  1.00022e+00
 4.65039e+00  9.99574e-01  1.00022e+00
 4.66094e+00  9.99667e-01  1.00022e+00
 4.66584e+00  9.69400e-01  1.00021e+00
 4.67053e+00  9.99883e-01  1.00021e+00
 4.68033e+00  9.99746e-01  1.00020e+00
 4.68640e+00  9.71205e-01  1.00020e+00
 4.68985e+00  9.99522e-01  1.00020e+00
 4.69907e+00  1.00049e+00  1.00019e+00
 4.70670e+00  9.73255e-01  1.00018e+00
 4.70983e+00  9.99187e-01  1.00018e+00
 4.71722e+00  1.00010e+00  1.00017e+00
 4.72671e+00  9.78457e-01  1.00016e+00
 4.73062e+00  9.99409e-01  1.00016e+00
 4.74010e+00  9.99044e-01  1.00015e+00
 4.74810e+00  9.80278e-01  1.00014e+00
 4.75144e+00  9.96817e-01  1.00014e+00
 4.75957e+00  9.99591e-01  1.00013e+00
 4.76866e+00  9.81221e-01  1.00011e+00
 4.77145e+00  9.97882e-01  1.00011e+00
 4.77829e+00  9.99804e-01  1.00010e+00
 4.78834e+00  9.83186e-01  1.00009e+00
 4.79140e+00  9.97885e-01  1.00008e+00
 4.79764e+00  9.99694e-01  1.00008e+00
 4.80677e+00  9.99638e-01  1.00006e+00
 4.81167e+00  9.82656e-01  1.00006e+00
 4.81528e+00  9.99644e-01  1.00005e+00
 4.82610e+00  9.99159e-01  1.00004e+00
 4.83196e+00  9.84270e-01  1.00003e+00
 4.83527e+00  9.99590e-01  1.00002e+00
 4.84427e+00  9.99388e-01  1.00001e+00
 4.85224e+00  9.86633e-01  9.99998e-01
 4.85566e+00  9.97685e-01  9.99993e-01
 4.86304e+00  9.99774e-01  9.99983e-01
 4.87258e+00  9.88150e-01  9.99969e-01
 4.87561e+00  9.98336e-01  9.99964e-01
 4.88249e+00  9.99135e-01  9.99954e-01
 4.89291e+00  9.88499e-01  9.99939e-01
 4.89645e+00  9.99190e-01  9.99934e-01
 4.90327e+00  1.00015e+00  9.99924e-01
 4.91266e+00  9.89855e-01  9.99911e-01
 4.91640e+00  9.98395e-01  9.99906e-01
 4.92264e+00  9.99869e-01  9.99897e-01
 4.93180e+00  9.99796e-01  9.99884e-01
 4.93704e+00  9.89536e-01  9.99877e-01
 4.94240e+00  1.00056e+00  9.99869e-01
 4.95194e+00  9.99128e-01  9.99856e-01
 4.95759e+00  9.90649e-01  9.99849e-01
 4.96219e+00  1.00015e+00  9.99842e-01
 4.97199e+00  9.99937e-01  9.99829e-01
 4.97778e+00  9.91312e-01  9.99822e-01
 4.98117e+00  9.99474e-01  9.99817e-01
 4.99073e+00  9.99691e-01  9.99805e-01
 4.99834e+00  9.92743e-01  9.99795e-01
 5.00150e+00  9.99413e-01  9.99791e-01
 5.00957e+00  1.00039e+00  9.99781e-01
 5.01866e+00  9.93601e-01  9.99770e-01
 5.02225e+00  9.98449e-01  9.99766e-01
 5.02972e+00  9.99487e-01  9.99757e-01
 5.03921e+00  9.93667e-01  9.99745e-01
 5.04227e+00  9.99948e-01  9.99742e-01
 5.04913e+00  9.99790e-01  9.99734e-01
 5.05942e+00  9.94708e-01  9.99723e-01
 5.06267e+00  1.00009e+00  9.99719e-01
 5.06922e+00  9.99348e-01  9.99712e-01
 5.07937e+00  9.94782e-01  9.99701e-01
 5.08344e+00  9.99911e-01  9.99697e-01
 5.09005e+00  9.99731e-01  9.99690e-01
 5.09999e+00  9.99571e-01  9.99680e-01
 5.10375e+00  9.95480e-01  9.99676e-01
 5.10912e+00  9.99695e-01  9.99671e-01
 5.12016e+00  1.00046e+00  9.99661e-01
 5.12460e+00  9.95873e-01  9.99656e-01
 5.12927e+00  1.00278e+00  9.99652e-01
 5.13799e+00  1.00204e+00  9.99644e-01
 5.14397e+00  9.97914e-01  9.99639e-01
 5.14770e+00  9.99418e-01  9.99636e-01
 5.15474e+00  1.00074e+00  9.99630e-01
 5.16405e+00  9.97361e-01  9.99622e-01
 5.16682e+00  1.00000e+00  9.99620e-01
 5.17343e+00  1.00046e+00  9.99615e-01
 5.18180e+00  9.99883e-01  9.99609e-01
 5.18642e+00  9.97122e-01  9.99605e-01
 5.18988e+00  9.99554e-01  9.99603e-01
 5.19783e+00  9.98800e-01  9.99597e-01
 5.20643e+00  9.96923e-01  9.99591e-01
 5.20978e+00  9.99851e-01  9.99589e-01
 5.21654e+00  9.99716e-01  9.99585e-01
 5.22490e+00  9.98895e-01  9.99579e-01
 5.22860e+00  9.97033e-01  9.99577e-01
 5.23241e+00  9.98964e-01  9.99575e-01
 5.24142e+00  9.99323e-01  9.99569e-01
 5.24788e+00  9.96752e-01  9.99566e-01
 5.25106e+00  9.99871e-01  9.99564e-01
 5.25819e+00  9.99854e-01  9.99560e-01
 5.26656e+00  9.99350e-01  9.99556e-01
 5.27028e+00  9.97636e-01  9.99554e-01
 5.27407e+00  9.99448e-01  9.99552e-01
 5.28310e+00  9.99794e-01  9.99548e-01
 5.28955e+00  9.97499e-01  9.99545e-01
 5.29229e+00  9.98983e-01  9.99544e-01
 5.29843e+00  9.99656e-01  9.99541e-01
 5.30680e+00  1.00006e+00  9.99538e-01
 5.31153e+00  1.00023e+00  9.99536e-01
 5.31530e+00  9.99824e-01  9.99535e-01
 5.32344e+00  9.99258e-01  9.99532e-01
 5.33097e+00  9.97837e-01  9.99529e-01
 5.33352e+00  9.99412e-01  9.99528e-01
 5.33939e+00  9.99469e-01  9.99527e-01
 5.34776e+00  9.99186e-01  9.99524e-01
 5.35282e+00  9.98280e-01  9.99523e-01
 5.35611e+00  1.00049e+00  9.99522e-01
 5.36306e+00  9.99387e-01  9.99520e-01
 5.37155e+00  9.99473e-01  9.99518e-01
 5.37459e+00  9.99043e-01  9.99518e-01
 5.37927e+00  9.99779e-01  9.99517e-01
 5.38799e+00  9.99254e-01  9.99515e-01
 5.39397e+00  9.98229e-01  9.99514e-01
 5.39693e+00  1.00023e+00  9.99514e-01
 5.40411e+00  9.98862e-01  9.99513e-01
 5.41365e+00  9.97841e-01  9.99512e-01
 5.41686e+00  1.00072e+00  9.99511e-01
 5.42349e+00  9.99079e-01  9.99511e-01
 5.43259e+00  9.99111e-01  9.99510e-01
 5.43701e+00  9.99110e-01  9.99510e-01
 5.44250e+00  9.99399e-01  9.99509e-01
 5.45199e+00  9.99091e-01  9.99509e-01
 5.45725e+00  9.99088e-01  9.99509e-01
 5.46080e+00  1.00018e+00  9.99509e-01
 5.47001e+00  9.99168e-01  9.99509e-01
 5.47730e+00  9.98753e-01  9.99509e-01
 5.48073e+00  1.00027e+00  9.99510e-01
 5.48814e+00  9.99017e-01  9.99510e-01
 5.49764e+00  9.98632e-01  9.99511e-01
 5.50019e+00  1.00003e+00  9.99511e-01
 5.50681e+00  9.99254e-01  9.99512e-01
 5.51593e+00  9.98793e-01  9.99513e-01
 5.52034e+00  9.98808e-01  9.99513e-01
 5.52586e+00  9.99739e-01  9.99514e-01
 5.53532e+00  9.99328e-01  9.99516e-01
 5.54057e+00  9.99005e-01  9.99517e-01
 5.54415e+00  9.99301e-01  9.99517e-01
 5.55537e+00  9.99137e-01  9.99520e-01
 5.56115e+00  9.99688e-01  9.99521e-01
 5.56450e+00  9.99438e-01  9.99522e-01
 5.57283e+00  9.99007e-01  9.99524e-01
 5.58122e+00  9.98899e-01  9.99526e-01
 5.58399e+00  9.99294e-01  9.99527e-01
 5.59089e+00  9.99364e-01  9.99529e-01
 5.60009e+00  9.99575e-01  9.99531e-01
 5.60375e+00  9.99772e-01  9.99533e-01
 5.60919e+00  9.99473e-01  9.99534e-01
 5.61864e+00  9.99272e-01  9.99537e-01
 5.62394e+00  9.99723e-01  9.99539e-01
 5.62788e+00  9.99021e-01  9.99541e-01
 5.63807e+00  9.99814e-01  9.99545e-01
 5.64448e+00  9.99084e-01  9.99547e-01
 5.64829e+00  9.99988e-01  9.99549e-01
 5.65892e+00  9.99736e-01  9.99553e-01
 5.66536e+00  9.99599e-01  9.99556e-01
 5.66911e+00  9.99800e-01  9.99558e-01
 5.67833e+00  1.00028e+00  9.99562e-01
 5.68564e+00  9.99196e-01  9.99565e-01
 5.68862e+00  9.99991e-01  9.99567e-01
 5.69575e+00  9.99539e-01  9.99570e-01
 5.70510e+00  9.99575e-01  9.99575e-01
 5.70856e+00  1.00004e+00  9.99577e-01
 5.71661e+00  9.98800e-01  9.99581e-01
 5.72601e+00  9.99103e-01  9.99586e-01
 5.72983e+00  1.00054e+00  9.99588e-01
 5.73743e+00  9.99582e-01  9.99593e-01
 5.74684e+00  9.99718e-01  9.99598e-01
 5.75067e+00  9.99695e-01  9.99600e-01
 5.75824e+00  9.99969e-01  9.99605e-01
 5.76767e+00  9.99492e-01  9.99611e-01
 5.77149e+00  1.00001e+00  9.99613e-01
 5.77911e+00  9.99838e-01  9.99618e-01
 5.78844e+00  1.00013e+00  9.99624e-01
 5.79186e+00  1.00005e+00  9.99627e-01
 5.79851e+00  9.99700e-01  9.99631e-01
 5.80844e+00  1.00005e+00  9.99638e-01
 5.81263e+00  1.00028e+00  9.99641e-01
 5.81931e+00  1.00002e+00  9.99646e-01
 5.82843e+00  9.99917e-01  9.99653e-01
 5.83288e+00  9.99306e-01  9.99656e-01
 5.83836e+00  9.99907e-01  9.99660e-01
 5.84792e+00  9.99694e-01  9.99668e-01
 5.85372e+00  9.99504e-01  9.99672e-01
 5.86026e+00  9.99986e-01  9.99678e-01
 5.87009e+00  1.00035e+00  9.99686e-01
 5.87455e+00  9.99436e-01  9.99689e-01
 5.88107e+00  9.99496e-01  9.99695e-01
 5.89021e+00  9.99479e-01  9.99703e-01
 5.89560e+00  1.00003e+00  9.99707e-01
 5.90267e+00  1.00023e+00  9.99714e-01
 5.91177e+00  1.00024e+00  9.99722e-01
 5.91620e+00  9.99188e-01  9.99726e-01
 5.92169e+00  9.99841e-01  9.99731e-01
 5.93189e+00  9.99685e-01  9.99741e-01
 5.93676e+00  9.99977e-01  9.99745e-01
 5.94144e+00  1.00041e+00  9.99750e-01
 5.95127e+00  1.00050e+00  9.99759e-01
 5.95704e+00  9.99895e-01  9.99765e-01
 5.96080e+00  1.00012e+00  9.99769e-01
 5.97001e+00  1.00001e+00  9.99778e-01
 5.97736e+00  1.00001e+00  9.99786e-01
 5.98114e+00  1.00098e+00  9.99790e-01
 5.98951e+00  1.00038e+00  9.99799e-01
 5.99792e+00  1.00000e+00  9.99808e-01
 6.00114e+00  1.00034e+00  9.99811e-01
 6.00898e+00  9.99888e-01  9.99820e-01
 6.01873e+00  9.99946e-01  9.99831e-01
 6.02194e+00  1.00041e+00  9.99834e-01
 6.02917e+00  9.99939e-01  9.99843e-01
 6.03932e+00  9.99955e-01  9.99855e-01
 6.04232e+00  9.99979e-01  9.99858e-01
 6.04922e+00  1.00012e+00  9.99866e-01
 6.05844e+00  1.00006e+00  9.99878e-01
 6.06220e+00  1.01988e+00  9.99882e-01
 6.06857e+00  9.99738e-01  9.99890e-01
 6.07843e+00  1.00034e+00  9.99902e-01
 6.08286e+00  1.01699e+00  9.99908e-01
 6.08730e+00  1.00014e+00  9.99914e-01
 6.09780e+00  1.00013e+00  9.99928e-01
 6.10342e+00  1.01489e+00  9.99935e-01
 6.10770e+00  1.00047e+00  9.99941e-01
 6.11795e+00  9.99419e-01  9.99955e-01
 6.12371e+00  1.00011e+00  9.99963e-01
 6.12704e+00  1.01336e+00  9.99967e-01
 6.13669e+00  9.99868e-01  9.99981e-01
 6.14427e+00  9.99783e-01  9.99992e-01
 6.14743e+00  1.00967e+00  9.99997e-01
 6.15483e+00  9.99607e-01  1.00001e+00
 6.16441e+00  9.99571e-01  1.00002e+00
 6.16779e+00  1.00784e+00  1.00003e+00
 6.17494e+00  1.00047e+00  1.00004e+00
 6.18428e+00  9.99498e-01  1.00005e+00
 6.18734e+00  1.00583e+00  1.00006e+00
 6.19360e+00  9.99823e-01  1.00007e+00
 6.20343e+00  1.00002e+00  1.00008e+00
 6.20786e+00  1.00486e+00  1.00009e+00
 6.21299e+00  1.00048e+00  1.00010e+00
 6.22285e+00  9.99797e-01  1.00012e+00
 6.22842e+00  1.00308e+00  1.00013e+00
 6.23272e+00  1.00003e+00  1.00013e+00
 6.24296e+00  9.99689e-01  1.00015e+00
 6.24899e+00  1.00025e+00  1.00016e+00
 6.25249e+00  1.00248e+00  1.00017e+00
 6.26373e+00  1.00042e+00  1.00019e+00
 6.26981e+00  1.00012e+00  1.00020e+00
 6.27509e+00  1.00166e+00  1.00021e+00
 6.28607e+00  9.99893e-01  1.00023e+00
 6.29125e+00  1.00172e+00  1.00024e+00
 6.29847e+00  1.00057e+00  1.00026e+00
 6.30860e+00  1.00011e+00  1.00028e+00
 6.31234e+00  1.00036e+00  1.00029e+00
 6.31929e+00  1.00105e+00  1.00030e+00
 6.32941e+00  1.00042e+00  1.00032e+00
 6.33317e+00  9.99629e-01  1.00033e+00
 6.34013e+00  1.00029e+00  1.00035e+00
 6.35026e+00  1.00033e+00  1.00037e+00
 6.35399e+00  1.00029e+00  1.00038e+00
 6.36100e+00  1.00023e+00  1.00039e+00
 6.37199e+00  1.00049e+00  1.00042e+00
 6.37529e+00  9.99953e-01  1.00043e+00
 6.38259e+00  1.00035e+00  1.00044e+00
 6.39397e+00  1.00029e+00  1.00047e+00
 6.39745e+00  1.00011e+00  1.00048e+00
 6.40965e+00  1.00017e+00  1.00051e+00
 6.41593e+00  9.99244e-01  1.00053e+00
 6.42129e+00  1.00060e+00  1.00054e+00
 6.43192e+00  1.00034e+00  1.00057e+00
 6.43703e+00  9.99894e-01  1.00059e+00
 6.44212e+00  1.00066e+00  1.00060e+00
 6.45354e+00  1.00012e+00  1.00064e+00
 6.45855e+00  9.99649e-01  1.00065e+00
 6.46588e+00  9.99970e-01  1.00067e+00
 6.47636e+00  1.00021e+00  1.00071e+00
 6.47989e+00  1.00040e+00  1.00072e+00
 6.48747e+00  1.00052e+00  1.00074e+00
 6.49790e+00  1.00075e+00  1.00078e+00
 6.50157e+00  9.99867e-01  1.00079e+00
 6.51100e+00  1.00046e+00  1.00082e+00
 6.51927e+00  1.00125e+00  1.00085e+00
 6.52244e+00  9.99874e-01  1.00086e+00
 6.53184e+00  9.99958e-01  1.00089e+00
 6.54012e+00  1.00063e+00  1.00092e+00
 6.54371e+00  9.99547e-01  1.00094e+00
 6.55406e+00  1.00024e+00  1.00098e+00
 6.56122e+00  1.00024e+00  1.00101e+00
 6.56457e+00  1.00051e+00  1.00102e+00
 6.57486e+00  1.00015e+00  1.00106e+00
 6.58205e+00  1.00064e+00  1.00109e+00
 6.58538e+00  1.00005e+00  1.00111e+00
 6.59644e+00  1.00037e+00  1.00115e+00
 6.60316e+00  1.00085e+00  1.00118e+00
 6.60667e+00  9.99856e-01  1.00120e+00
 6.61793e+00  9.99840e-01  1.00125e+00
 6.62399e+00  1.00074e+00  1.00128e+00
 6.62752e+00  1.00018e+00  1.00130e+00
 6.63873e+00  1.00056e+00  1.00135e+00
 6.64488e+00  1.00030e+00  1.00138e+00
 6.64940e+00  1.00074e+00  1.00140e+00
 6.66032e+00  9.99775e-01  1.00146e+00
 6.66620e+00  1.00097e+00  1.00149e+00
 6.67237e+00  1.00047e+00  1.00153e+00
 6.68277e+00  1.00060e+00  1.00158e+00
 6.68720e+00  1.00064e+00  1.00161e+00
 6.69431e+00  1.00034e+00  1.00165e+00
 6.70441e+00  1.00021e+00  1.00171e+00
 6.70900e+00  1.00075e+00  1.00174e+00
 6.71662e+00  1.00051e+00  1.00178e+00
 6.72706e+00  1.00072e+00  1.00185e+00
 6.72989e+00  1.00106e+00  1.00187e+00
 6.73881e+00  1.00009e+00  1.00193e+00
 6.74819e+00  1.00100e+00  1.00199e+00
 6.75164e+00  1.00126e+00  1.00201e+00
 6.76236e+00  1.00029e+00  1.00209e+00
 6.76960e+00  1.00119e+00  1.00214e+00
 6.77333e+00  1.00112e+00  1.00216e+00
 6.78457e+00  1.00105e+00  1.00225e+00
 6.79066e+00  1.00175e+00  1.00229e+00
 6.79417e+00  1.00111e+00  1.00232e+00
 6.80611e+00  1.00024e+00  1.00241e+00
 6.81180e+00  1.00127e+00  1.00246e+00
 6.81715e+00  1.00062e+00  1.00250e+00
 6.82773e+00  1.00068e+00  1.00259e+00
 6.83290e+00  1.00187e+00  1.00263e+00
 6.83904e+00  1.00119e+00  1.00268e+00
 6.84942e+00  1.00112e+00  1.00277e+00
 6.85391e+00  1.00181e+00  1.00281e+00
 6.86097e+00  1.00074e+00  1.00287e+00
 6.87110e+00  1.00086e+00  1.00296e+00
 6.87526e+00  1.00284e+00  1.00300e+00
 6.88330e+00  1.00135e+00  1.00307e+00
 6.89374e+00  1.00147e+00  1.00317e+00
 6.89744e+00  1.00256e+00  1.00321e+00
 6.90684e+00  1.00060e+00  1.00329e+00
 6.91513e+00  1.00135e+00  1.00338e+00
 6.91877e+00  1.00253e+00  1.00341e+00
 6.93049e+00  1.00099e+00  1.00353e+00
 6.93757e+00  1.00366e+00  1.00360e+00
 6.94507e+00  1.00113e+00  1.00367e+00
 6.95534e+00  1.00089e+00  1.00377e+00
 6.95989e+00  1.00332e+00  1.00382e+00
 6.96934e+00  1.00075e+00  1.00392e+00
 6.97763e+00  1.00257e+00  1.00400e+00
 6.98124e+00  1.00393e+00  1.00404e+00
 6.99156e+00  1.00085e+00  1.00414e+00
 6.99875e+00  1.00294e+00  1.00421e+00
 7.00253e+00  1.00318e+00  1.00425e+00
 7.01375e+00  1.00131e+00  1.00436e+00
 7.02013e+00  1.00414e+00  1.00443e+00
 7.02546e+00  1.00233e+00  1.00448e+00
 7.03692e+00  1.00151e+00  1.00459e+00
 7.04143e+00  1.00525e+00  1.00463e+00
