763
 3.47680e-03  9.99868e-01  1.00070e+00
 8.59680e-03  1.00036e+00  1.00070e+00
 1.46368e-02  9.99147e-01  1.00070e+00
 2.22376e-02  9.99051e-01  1.00071e+00
 3.53136e-02  9.99645e-01  1.00071e+00
 5.88560e-02  1.00020e+00  1.00072e+00
 6.64232e-02  9.99754e-01  1.00072e+00
 7.72128e-02  9.98975e-01  1.00072e+00
 8.95968e-02  9.99916e-01  1.00072e+00
 1.26668e-01  1.00020e+00  1.00073e+00
 1.40608e-01  9.99650e-01  1.00073e+00
 1.46966e-01  1.00000e+00  1.00074e+00
 1.56582e-01  1.00007e+00  1.00074e+00
 1.65758e-01  9.99588e-01  1.00074e+00
 1.89177e-01  9.99365e-01  1.00075e+00
 2.06596e-01  9.98185e-01  1.00075e+00
 2.20318e-01  9.98935e-01  1.00075e+00
 2.36039e-01  9.99691e-01  1.00075e+00
 2.51494e-01  9.98333e-01  1.00076e+00
 2.60406e-01  9.98836e-01  1.00076e+00
 2.67962e-01  9.98447e-01  1.00076e+00
 2.78782e-01  9.98010e-01  1.00076e+00
 2.96150e-01  9.97310e-01  1.00076e+00
 3.08351e-01  9.97903e-01  1.00077e+00
 3.15640e-01  9.98202e-01  1.00077e+00
 3.23651e-01  9.97144e-01  1.00077e+00
 3.39001e-01  9.96022e-01  1.00077e+00
 3.54529e-01  9.78950e-01  1.00077e+00
 3.80324e-01  9.45174e-01  1.00077e+00
 3.89851e-01  9.17133e-01  1.00077e+00
 4.24784e-01  8.77640e-01  1.00078e+00
 4.36489e-01  8.71845e-01  1.00078e+00
 4.55466e-01  8.80609e-01  1.00078e+00
 4.74681e-01  9.13820e-01  1.00078e+00
 5.50369e-01  9.93793e-01  1.00077e+00
 5.74046e-01  9.95509e-01  1.00077e+00
 5.84226e-01  9.95754e-01  1.00077e+00
 6.06822e-01  9.96845e-01  1.00077e+00
 6.19996e-01  9.98040e-01  1.00077e+00
 6.26910e-01  9.98491e-01  1.00077e+00
 6.42080e-01  9.99511e-01  1.00076e+00
 6.51481e-01  9.99714e-01  1.00076e+00
 6.74589e-01  1.00193e+00  1.00076e+00
 6.86039e-01  1.00307e+00  1.00076e+00
 6.95742e-01  1.00252e+00  1.00075e+00
 7.04943e-01  1.00221e+00  1.00075e+00
 7.11151e-01  1.00339e+00  1.00075e+00
 7.23585e-01  1.00400e+00  1.00075e+00
 7.42792e-01  1.00442e+00  1.00074e+00
 7.52498e-01  1.00575e+00  1.00074e+00
 7.74743e-01  1.00469e+00  1.00074e+00
 7.87419e-01  1.00445e+00  1.00073e+00
 7.97897e-01  1.00413e+00  1.00073e+00
 8.08760e-01  1.00429e+00  1.00073e+00
 8.16328e-01  1.00428e+00  1.00072e+00
 8.24254e-01  1.00396e+00  1.00072e+00
 8.46615e-01  1.00338e+00  1.00071e+00
 8.62589e-01  1.00298e+00  1.00071e+00
 8.74792e-01  1.00242e+00  1.00070e+00
 8.87018e-01  1.00260e+00  1.00070e+00
 9.05318e-01  1.00143e+00  1.00069e+00
 9.12419e-01  1.00280e+00  1.00069e+00
 9.18245e-01  1.00275e+00  1.00069e+00
 9.36338e-01  1.00197e+00  1.00068e+00
 9.49908e-01  1.00203e+00  1.00067e+00
 9.62960e-01  1.00150e+00  1.00067e+00
 9.76578e-01  1.00099e+00  1.00066e+00
 9.83570e-01  1.00178e+00  1.00066e+00
 9.88918e-01  1.00281e+00  1.00065e+00
 9.94768e-01  1.00124e+00  1.00065e+00
 1.00405e+00  1.00279e+00  1.00065e+00
 1.01852e+00  1.00135e+00  1.00064e+00
 1.02764e+00  1.00113e+00  1.00064e+00
 1.03323e+00  1.00151e+00  1.00063e+00
 1.03925e+00  1.00134e+00  1.00063e+00
 1.04735e+00  1.00178e+00  1.00063e+00
 1.05602e+00  1.00102e+00  1.00062e+00
 1.06489e+00  1.00246e+00  1.00062e+00
 1.09371e+00  1.00049e+00  1.00060e+00
 1.09930e+00  1.00157e+00  1.00060e+00
 1.11604e+00  1.00075e+00  1.00059e+00
 1.12390e+00  1.00148e+00  1.00058e+00
 1.13925e+00  1.00143e+00  1.00058e+00
 1.14686e+00  9.99999e-01  1.00057e+00
 1.15225e+00  1.00006e+00  1.00057e+00
 1.17257e+00  9.99733e-01  1.00056e+00
 1.18029e+00  1.00003e+00  1.00055e+00
 1.19222e+00  9.99052e-01  1.00054e+00
 1.20349e+00  1.00004e+00  1.00054e+00
 1.22906e+00  9.98821e-01  1.00052e+00
 1.23594e+00  9.99004e-01  1.00052e+00
 1.24750e+00  9.99221e-01  1.00051e+00
 1.27477e+00  9.99371e-01  1.00049e+00
 1.29184e+00  9.98554e-01  1.00048e+00
 1.29872e+00  9.99156e-01  1.00048e+00
 1.31211e+00  9.98766e-01  1.00047e+00
 1.33576e+00  9.98167e-01  1.00045e+00
 1.35018e+00  9.98688e-01  1.00044e+00
 1.37328e+00  9.98097e-01  1.00043e+00
 1.39649e+00  9.98869e-01  1.00041e+00
 1.41997e+00  9.98974e-01  1.00040e+00
 1.44490e+00  9.99239e-01  1.00038e+00
 1.46618e+00  9.99636e-01  1.00036e+00
 1.47671e+00  9.99519e-01  1.00036e+00
 1.48292e+00  9.98466e-01  1.00035e+00
 1.49196e+00  1.00037e+00  1.00035e+00
 1.50467e+00  9.99496e-01  1.00034e+00
 1.51948e+00  1.00065e+00  1.00033e+00
 1.53632e+00  1.00041e+00  1.00032e+00
 1.54253e+00  1.00067e+00  1.00031e+00
 1.56535e+00  1.00040e+00  1.00030e+00
 1.59567e+00  9.99859e-01  1.00028e+00
 1.61068e+00  9.99970e-01  1.00027e+00
 1.62345e+00  9.98994e-01  1.00026e+00
 1.62941e+00  9.96558e-01  9.99461e-01
 1.64058e+00  9.91061e-01  9.92302e-01
 1.65230e+00  9.81085e-01  9.81662e-01
 1.67903e+00  9.52648e-01  9.53521e-01
 1.75065e+00  8.99394e-01  8.94688e-01
 1.76935e+00  8.89109e-01  8.88565e-01
 1.78254e+00  8.85415e-01  8.87072e-01
 1.79879e+00  8.87135e-01  8.88498e-01
 1.80651e+00  8.89748e-01  8.90431e-01
 1.81511e+00  8.87998e-01  8.93514e-01
 1.84817e+00  9.15321e-01  9.13838e-01
 1.87054e+00  9.34566e-01  9.33961e-01
 1.93832e+00  9.89357e-01  9.99042e-01
 1.97132e+00  9.97509e-01  1.00007e+00
 1.98426e+00  1.00134e+00  1.00007e+00
 1.99820e+00  1.00029e+00  1.00006e+00
 2.01327e+00  1.00130e+00  1.00006e+00
 2.03448e+00  1.00007e+00  1.00005e+00
 2.04986e+00  1.00039e+00  1.00004e+00
 2.07711e+00  9.99998e-01  1.00003e+00
 2.11415e+00  9.99700e-01  1.00002e+00
 2.13953e+00  1.00009e+00  1.00002e+00
 2.14853e+00  9.99595e-01  1.00002e+00
 2.16147e+00  9.99248e-01  1.00001e+00
 2.18185e+00  9.99395e-01  1.00001e+00
 2.19461e+00  1.00002e+00  1.00001e+00
 2.20188e+00  9.99748e-01  1.00001e+00
 2.20967e+00  1.00004e+00  1.00001e+00
 2.21853e+00  1.00016e+00  1.00000e+00
 2.22410e+00  1.00025e+00  1.00000e+00
 2.23040e+00  1.00063e+00  1.00000e+00
 2.23961e+00  9.99781e-01  1.00000e+00
 2.24704e+00  9.99943e-01  1.00000e+00
 2.25397e+00  1.00025e+00  1.00000e+00
 2.26453e+00  1.00010e+00  9.99999e-01
 2.27750e+00  1.00109e+00  9.99998e-01
 2.28787e+00  1.00111e+00  9.99997e-01
 2.29287e+00  9.99201e-01  9.99997e-01
 2.30079e+00  9.99988e-01  9.99996e-01
 2.31600e+00  1.00110e+00  9.99996e-01
 2.32320e+00  1.00079e+00  9.99996e-01
 2.33697e+00  1.00034e+00  9.99995e-01
 2.34735e+00  1.00027e+00  9.99995e-01
 2.35956e+00  1.00032e+00  9.99995e-01
 2.36748e+00  1.00187e+00  9.99995e-01
 2.37738e+00  9.99902e-01  9.99995e-01
 2.38364e+00  1.00012e+00  9.99996e-01
 2.39198e+00  1.00182e+00  9.99996e-01
 2.39932e+00  1.00091e+00  9.99996e-01
 2.40447e+00  9.99608e-01  9.99996e-01
 2.40910e+00  1.00102e+00  9.99997e-01
 2.43662e+00  1.00127e+00  9.99999e-01
 2.45900e+00  1.00214e+00  1.00000e+00
 2.47756e+00  1.00036e+00  1.00000e+00
 2.49242e+00  1.00126e+00  1.00000e+00
 2.51462e+00  1.00169e+00  1.00001e+00
 2.52326e+00  1.00050e+00  1.00001e+00
 2.54953e+00  9.99939e-01  1.00001e+00
 2.56476e+00  1.00060e+00  1.00002e+00
 2.57122e+00  1.00032e+00  1.00002e+00
 2.57703e+00  9.99242e-01  1.00002e+00
 2.58461e+00  1.00098e+00  1.00002e+00
 2.59910e+00  1.00061e+00  1.00002e+00
 2.60565e+00  1.00029e+00  1.00002e+00
 2.62412e+00  1.00096e+00  1.00003e+00
 2.62900e+00  9.98514e-01  1.00003e+00
 2.63540e+00  1.00002e+00  1.00003e+00
 2.65009e+00  9.99934e-01  1.00003e+00
 2.66384e+00  1.00024e+00  1.00004e+00
 2.67385e+00  9.99823e-01  1.00004e+00
 2.68576e+00  9.99521e-01  1.00004e+00
 2.69316e+00  9.99626e-01  1.00005e+00
 2.69942e+00  9.99233e-01  1.00005e+00
 2.70509e+00  9.98716e-01  1.00005e+00
 2.72690e+00  9.99514e-01  1.00005e+00
 2.73382e+00  1.00029e+00  1.00006e+00
 2.74159e+00  9.99612e-01  1.00006e+00
 2.75032e+00  1.00006e+00  1.00006e+00
 2.76016e+00  9.99637e-01  1.00006e+00
 2.77117e+00  1.00029e+00  1.00007e+00
 2.78532e+00  1.00047e+00  1.00007e+00
 2.79755e+00  1.00052e+00  1.00008e+00
 2.80566e+00  1.00044e+00  1.00008e+00
 2.81569e+00  1.00037e+00  1.00008e+00
 2.82550e+00  1.00034e+00  1.00009e+00
 2.83214e+00  1.00102e+00  1.00009e+00
 2.83983e+00  1.00078e+00  1.00009e+00
 2.85600e+00  1.00056e+00  1.00010e+00
 2.86657e+00  1.00154e+00  1.00010e+00
 2.87317e+00  9.99839e-01  1.00010e+00
 2.88092e+00  1.00106e+00  1.00010e+00
 2.89238e+00  1.00030e+00  1.00011e+00
 2.91591e+00  1.00045e+00  1.00012e+00
 2.93879e+00  1.00023e+00  1.00012e+00
 2.94991e+00  9.99740e-01  1.00013e+00
 2.95602e+00  1.00113e+00  1.00013e+00
 2.96197e+00  9.99520e-01  1.00013e+00
 2.96792e+00  9.99365e-01  1.00013e+00
 2.97162e+00  9.99653e-01  1.00014e+00
 2.98212e+00  1.00017e+00  1.00014e+00
 2.99537e+00  9.99631e-01  1.00014e+00
 3.01294e+00  9.99817e-01  1.00015e+00
 3.02288e+00  9.99282e-01  1.00015e+00
 3.03091e+00  1.00029e+00  1.00016e+00
 3.03575e+00  9.98410e-01  1.00016e+00
 3.04162e+00  9.99302e-01  1.00016e+00
 3.05072e+00  9.99706e-01  1.00016e+00
 3.06233e+00  9.98798e-01  1.00017e+00
 3.08186e+00  9.99340e-01  1.00017e+00
 3.09107e+00  1.00010e+00  1.00018e+00
 3.09972e+00  9.99246e-01  1.00018e+00
 3.10952e+00  9.98738e-01  1.00018e+00
 3.12929e+00  9.99304e-01  1.00019e+00
 3.14667e+00  9.99342e-01  1.00020e+00
 3.15501e+00  9.98270e-01  1.00020e+00
 3.16024e+00  1.00032e+00  1.00020e+00
 3.16910e+00  9.99407e-01  1.00020e+00
 3.19389e+00  1.00066e+00  1.00021e+00
 3.20583e+00  1.00021e+00  1.00022e+00
 3.22405e+00  1.00069e+00  1.00022e+00
 3.23570e+00  1.00041e+00  1.00023e+00
 3.24214e+00  1.00119e+00  1.00023e+00
 3.24965e+00  1.00014e+00  1.00023e+00
 3.25714e+00  1.00071e+00  1.00023e+00
 3.26961e+00  1.00117e+00  1.00024e+00
 3.27725e+00  1.00071e+00  1.00024e+00
 3.29111e+00  1.00094e+00  1.00024e+00
 3.30003e+00  1.00105e+00  1.00025e+00
 3.30854e+00  1.00099e+00  1.00025e+00
 3.31925e+00  1.00086e+00  1.00025e+00
 3.32580e+00  1.00157e+00  1.00026e+00
 3.33170e+00  9.99924e-01  1.00026e+00
 3.34608e+00  1.00028e+00  1.00026e+00
 3.36052e+00  1.00076e+00  1.00027e+00
 3.37495e+00  1.00069e+00  1.00027e+00
 3.38107e+00  1.00160e+00  1.00027e+00
 3.38999e+00  9.99987e-01  1.00027e+00
 3.41435e+00  9.99693e-01  1.00028e+00
 3.44258e+00  1.00065e+00  1.00029e+00
 3.44953e+00  9.99401e-01  1.00029e+00
 3.46249e+00  9.99877e-01  1.00029e+00
 3.47355e+00  9.98865e-01  1.00030e+00
 3.50111e+00  1.00082e+00  1.00030e+00
 3.51113e+00  9.99291e-01  1.00031e+00
 3.52796e+00  9.98930e-01  1.00031e+00
 3.54451e+00  9.99291e-01  1.00032e+00
 3.55350e+00  9.99183e-01  1.00032e+00
 3.56432e+00  9.99993e-01  1.00032e+00
 3.57355e+00  9.99869e-01  1.00032e+00
 3.59202e+00  9.99913e-01  1.00033e+00
 3.60222e+00  9.99660e-01  1.00033e+00
 3.62621e+00  1.00061e+00  1.00033e+00
 3.63518e+00  1.00082e+00  1.00034e+00
 3.65198e+00  9.99978e-01  1.00034e+00
 3.68767e+00  1.00086e+00  1.00035e+00
 3.70052e+00  9.99770e-01  1.00035e+00
 3.71328e+00  9.99511e-01  1.00035e+00
 3.72044e+00  1.00067e+00  1.00035e+00
 3.73064e+00  1.00051e+00  1.00036e+00
 3.74048e+00  1.00075e+00  1.00036e+00
 3.75998e+00  1.00051e+00  1.00036e+00
 3.77742e+00  1.00099e+00  1.00036e+00
 3.79056e+00  1.00017e+00  1.00037e+00
 3.80171e+00  1.00076e+00  1.00037e+00
 3.81423e+00  1.00017e+00  1.00037e+00
 3.83287e+00  1.00064e+00  1.00037e+00
 3.84356e+00  1.00016e+00  1.00038e+00
 3.86494e+00  9.99812e-01  1.00038e+00
 3.88813e+00  1.00030e+00  1.00038e+00
 3.89800e+00  9.99747e-01  1.00038e+00
 3.91414e+00  9.99912e-01  1.00039e+00
 3.92561e+00  1.00035e+00  1.00039e+00
 3.93200e+00  1.00085e+00  1.00039e+00
 3.93871e+00  1.00000e+00  1.00039e+00
 3.95936e+00  1.00015e+00  1.00039e+00
 3.97864e+00  1.00023e+00  1.00040e+00
 3.99141e+00  1.00057e+00  1.00040e+00
 4.00263e+00  1.00008e+00  1.00040e+00
 4.01269e+00  1.00120e+00  1.00040e+00
 4.02625e+00  1.00092e+00  1.00041e+00
 4.03436e+00  1.00116e+00  1.00041e+00
 4.04813e+00  1.00043e+00  1.00041e+00
 4.07016e+00  1.00066e+00  1.00041e+00
 4.10140e+00  1.00127e+00  1.00042e+00
 4.13249e+00  1.00215e+00  1.00042e+00
 4.14581e+00  1.00161e+00  1.00042e+00
 4.17121e+00  1.00085e+00  1.00043e+00
 4.19343e+00  1.00125e+00  1.00043e+00
 4.20993e+00  1.00118e+00  1.00044e+00
 4.21893e+00  1.00096e+00  1.00044e+00
 4.23630e+00  1.00065e+00  1.00044e+00
 4.24553e+00  1.00036e+00  1.00044e+00
 4.25216e+00  9.99938e-01  1.00044e+00
 4.25937e+00  1.00114e+00  1.00044e+00
 4.26981e+00  1.00049e+00  1.00045e+00
 4.27960e+00  1.00035e+00  1.00045e+00
 4.29148e+00  1.00052e+00  1.00045e+00
 4.30188e+00  1.00050e+00  1.00045e+00
 4.31384e+00  1.00017e+00  1.00045e+00
 4.33317e+00  9.99640e-01  1.00046e+00
 4.34578e+00  1.00020e+00  1.00046e+00
 4.36559e+00  1.00012e+00  1.00046e+00
 4.37712e+00  9.99348e-01  1.00047e+00
 4.38837e+00  9.99371e-01  1.00047e+00
 4.40791e+00  9.99978e-01  1.00047e+00
 4.41761e+00  9.99467e-01  1.00048e+00
 4.42852e+00  9.99917e-01  1.00048e+00
 4.44371e+00  1.00038e+00  1.00048e+00
 4.47327e+00  1.00062e+00  1.00049e+00
 4.48783e+00  1.00041e+00  1.00049e+00
 4.49744e+00  1.00041e+00  1.00049e+00
 4.51302e+00  1.00022e+00  1.00050e+00
 4.52358e+00  1.00036e+00  1.00050e+00
 4.53480e+00  1.00037e+00  1.00050e+00
 4.54373e+00  1.00111e+00  1.00050e+00
 4.54940e+00  1.00121e+00  1.00051e+00
 4.55525e+00  1.00062e+00  1.00051e+00
 4.57158e+00  1.00039e+00  1.00051e+00
 4.58343e+00  1.00145e+00  1.00051e+00
 4.59212e+00  1.00080e+00  1.00052e+00
 4.61560e+00  1.00096e+00  1.00052e+00
 4.63703e+00  1.00089e+00  1.00053e+00
 4.65184e+00  1.00072e+00  1.00053e+00
 4.66213e+00  1.00083e+00  1.00053e+00
 4.67535e+00  1.00120e+00  1.00054e+00
 4.69165e+00  1.00118e+00  1.00054e+00
 4.71091e+00  1.00030e+00  1.00055e+00
 4.72597e+00  9.99886e-01  1.00055e+00
 4.75616e+00  1.00120e+00  1.00056e+00
 4.77664e+00  1.00077e+00  1.00057e+00
 4.78620e+00  1.00011e+00  1.00057e+00
 4.80356e+00  1.00017e+00  1.00057e+00
 4.81955e+00  1.00047e+00  1.00058e+00
 4.84229e+00  1.00085e+00  1.00059e+00
 4.86194e+00  1.00043e+00  1.00059e+00
 4.89054e+00  1.00092e+00  1.00060e+00
 4.90767e+00  1.00046e+00  1.00061e+00
 4.94052e+00  1.00004e+00  1.00062e+00
 4.95632e+00  1.00056e+00  1.00062e+00
 4.96300e+00  1.00027e+00  1.00062e+00
 4.96932e+00  1.00114e+00  1.00063e+00
 4.97806e+00  1.00058e+00  1.00063e+00
 4.98852e+00  1.00096e+00  1.00063e+00
 5.00087e+00  1.00072e+00  1.00064e+00
 5.01166e+00  1.00116e+00  1.00064e+00
 5.02035e+00  1.00001e+00  1.00064e+00
 5.03416e+00  1.00027e+00  1.00065e+00
 5.05263e+00  1.00064e+00  1.00065e+00
 5.07229e+00  1.00126e+00  1.00066e+00
 5.07926e+00  1.00039e+00  1.00066e+00
 5.09444e+00  1.00037e+00  1.00066e+00
 5.12487e+00  9.99918e-01  1.00067e+00
 5.14150e+00  1.00033e+00  1.00068e+00
 5.16339e+00  1.00091e+00  1.00068e+00
 5.17416e+00  1.00079e+00  1.00069e+00
 5.18562e+00  9.99630e-01  1.00069e+00
 5.19647e+00  1.00030e+00  1.00069e+00
 5.20843e+00  9.99552e-01  1.00070e+00
 5.22128e+00  1.00037e+00  1.00070e+00
 5.22922e+00  9.99147e-01  1.00070e+00
 5.24071e+00  9.99536e-01  1.00071e+00
 5.25315e+00  9.99956e-01  1.00071e+00
 5.27238e+00  1.00021e+00  1.00071e+00
 5.28949e+00  9.99181e-01  1.00072e+00
 5.29969e+00  9.99165e-01  1.00072e+00
 5.31009e+00  9.99878e-01  1.00072e+00
 5.32123e+00  1.00007e+00  1.00073e+00
 5.32828e+00  9.99452e-01  1.00073e+00
 5.34250e+00  9.99827e-01  1.00073e+00
 5.35755e+00  9.99590e-01  1.00074e+00
 5.36476e+00  9.99916e-01  1.00074e+00
 5.38359e+00  9.99694e-01  1.00074e+00
 5.38936e+00  9.99344e-01  1.00074e+00
 5.39581e+00  9.98087e-01  1.00074e+00
 5.41204e+00  9.99107e-01  1.00075e+00
 5.42005e+00  9.99715e-01  1.00075e+00
 5.42652e+00  9.97493e-01  1.00075e+00
 5.43960e+00  9.98576e-01  1.00075e+00
 5.44570e+00  9.98800e-01  1.00075e+00
 5.45798e+00  9.97919e-01  1.00076e+00
 5.46707e+00  9.99187e-01  1.00076e+00
 5.47348e+00  9.98309e-01  1.00076e+00
 5.48585e+00  9.98353e-01  1.00076e+00
 5.49800e+00  9.99524e-01  1.00076e+00
 5.51488e+00  9.97780e-01  1.00076e+00
 5.52086e+00  9.97589e-01  1.00076e+00
 5.52686e+00  9.98566e-01  1.00077e+00
 5.53824e+00  9.97522e-01  1.00077e+00
 5.54697e+00  9.97534e-01  1.00077e+00
 5.55325e+00  9.97433e-01  1.00077e+00
 5.55839e+00  9.93031e-01  1.00077e+00
 5.56380e+00  9.91479e-01  1.00077e+00
 5.57055e+00  9.82199e-01  1.00077e+00
 5.58761e+00  9.49795e-01  1.00077e+00
 5.63526e+00  8.79116e-01  1.00077e+00
 5.65040e+00  8.79536e-01  1.00078e+00
 5.66098e+00  8.76537e-01  1.00078e+00
 5.67983e+00  8.99755e-01  1.00078e+00
 5.68727e+00  8.97260e-01  1.00078e+00
 5.69305e+00  9.12079e-01  1.00078e+00
 5.69816e+00  9.11635e-01  1.00078e+00
 5.70616e+00  9.35754e-01  1.00078e+00
 5.72281e+00  9.51221e-01  1.00078e+00
 5.75470e+00  9.91342e-01  1.00077e+00
 5.75972e+00  9.88413e-01  1.00077e+00
 5.76436e+00  9.94368e-01  1.00077e+00
 5.77186e+00  9.93694e-01  1.00077e+00
 5.77656e+00  9.94185e-01  1.00077e+00
 5.78182e+00  9.95368e-01  1.00077e+00
 5.79872e+00  9.95891e-01  1.00077e+00
 5.82051e+00  9.96782e-01  1.00077e+00
 5.83889e+00  9.98353e-01  1.00077e+00
 5.84519e+00  9.98609e-01  1.00077e+00
 5.85424e+00  9.98436e-01  1.00076e+00
 5.85923e+00  1.00082e+00  1.00076e+00
 5.86840e+00  1.00011e+00  1.00076e+00
 5.88566e+00  1.00091e+00  1.00076e+00
 5.90337e+00  1.00284e+00  1.00076e+00
 5.92009e+00  1.00312e+00  1.00075e+00
 5.93249e+00  1.00382e+00  1.00075e+00
 5.95432e+00  1.00422e+00  1.00074e+00
 5.96258e+00  1.00458e+00  1.00074e+00
 5.97070e+00  1.00309e+00  1.00074e+00
 5.97613e+00  1.00569e+00  1.00074e+00
 5.98901e+00  1.00448e+00  1.00074e+00
 5.99531e+00  1.00318e+00  1.00073e+00
 6.01952e+00  1.00439e+00  1.00073e+00
 6.03150e+00  1.00428e+00  1.00072e+00
 6.03865e+00  1.00378e+00  1.00072e+00
 6.05232e+00  1.00438e+00  1.00072e+00
 6.06557e+00  1.00263e+00  1.00071e+00
 6.07811e+00  1.00262e+00  1.00071e+00
 6.08843e+00  1.00267e+00  1.00070e+00
 6.09504e+00  1.00216e+00  1.00070e+00
 6.10039e+00  1.00202e+00  1.00070e+00
 6.10697e+00  1.00307e+00  1.00070e+00
 6.11865e+00  1.00230e+00  1.00069e+00
 6.13770e+00  1.00212e+00  1.00068e+00
 6.14910e+00  1.00176e+00  1.00068e+00
 6.16649e+00  1.00217e+00  1.00067e+00
 6.17488e+00  1.00153e+00  1.00067e+00
 6.18438e+00  1.00064e+00  1.00066e+00
 6.19253e+00  1.00190e+00  1.00066e+00
 6.19829e+00  1.00169e+00  1.00066e+00
 6.21526e+00  1.00202e+00  1.00065e+00
 6.22156e+00  1.00086e+00  1.00065e+00
 6.23018e+00  1.00197e+00  1.00064e+00
 6.24675e+00  1.00116e+00  1.00063e+00
 6.25576e+00  1.00245e+00  1.00063e+00
 6.27378e+00  1.00283e+00  1.00062e+00
 6.28077e+00  1.00146e+00  1.00062e+00
 6.28518e+00  1.00021e+00  1.00061e+00
 6.29300e+00  1.00170e+00  1.00061e+00
 6.31378e+00  1.00119e+00  1.00060e+00
 6.33365e+00  1.00089e+00  1.00059e+00
 6.34598e+00  1.00096e+00  1.00058e+00
 6.35978e+00  1.00085e+00  1.00057e+00
 6.36942e+00  9.99388e-01  1.00057e+00
 6.37632e+00  1.00044e+00  1.00056e+00
 6.38266e+00  1.00021e+00  1.00056e+00
 6.38863e+00  9.99618e-01  1.00056e+00
 6.39415e+00  1.00025e+00  1.00055e+00
 6.41121e+00  1.00028e+00  1.00054e+00
 6.43677e+00  9.99172e-01  1.00053e+00
 6.45477e+00  9.99115e-01  1.00051e+00
 6.47448e+00  9.99149e-01  1.00050e+00
 6.48445e+00  9.98116e-01  1.00050e+00
 6.49049e+00  1.00012e+00  1.00049e+00
 6.49615e+00  9.97895e-01  1.00049e+00
 6.50393e+00  9.99120e-01  1.00048e+00
 6.51296e+00  9.99235e-01  1.00048e+00
 6.52670e+00  9.98766e-01  1.00047e+00
 6.54533e+00  9.98488e-01  1.00046e+00
 6.55591e+00  9.98188e-01  1.00045e+00
 6.56382e+00  9.97857e-01  1.00044e+00
 6.58469e+00  9.98656e-01  1.00043e+00
 6.60167e+00  9.98791e-01  1.00042e+00
 6.61440e+00  9.99172e-01  1.00041e+00
 6.68112e+00  9.99605e-01  1.00036e+00
 6.69750e+00  9.98466e-01  1.00035e+00
 6.70529e+00  1.00068e+00  1.00035e+00
 6.71078e+00  1.00057e+00  1.00034e+00
 6.72628e+00  9.99968e-01  1.00033e+00
 6.74017e+00  9.99907e-01  1.00032e+00
 6.75425e+00  1.00042e+00  1.00031e+00
 6.77624e+00  1.00061e+00  1.00030e+00
 6.79313e+00  9.99904e-01  1.00029e+00
 6.81227e+00  1.00029e+00  1.00028e+00
 6.82583e+00  1.00012e+00  1.00027e+00
 6.83548e+00  9.99524e-01  1.00026e+00
 6.84231e+00  9.97301e-01  1.00005e+00
 6.84975e+00  9.92626e-01  9.96348e-01
 6.85739e+00  9.88657e-01  9.90512e-01
 6.86821e+00  9.77134e-01  9.80421e-01
 6.90015e+00  9.65957e-01  9.46654e-01
 6.91000e+00  9.37765e-01  9.36528e-01
 6.92933e+00  9.20167e-01  9.18485e-01
 6.94323e+00  9.10678e-01  9.07577e-01
 6.95470e+00  9.00834e-01  9.00152e-01
 6.96660e+00  9.05806e-01  8.94113e-01
 6.99215e+00  8.87678e-01  8.87363e-01
 7.00869e+00  8.87478e-01  8.87709e-01
 7.01641e+00  8.88241e-01  8.89148e-01
 7.02535e+00  8.87502e-01  8.91811e-01
 7.03347e+00  8.94659e-01  8.95138e-01
 7.04962e+00  9.00767e-01  9.04205e-01
 7.06127e+00  9.13828e-01  9.12608e-01
 7.07668e+00  9.25948e-01  9.25814e-01
 7.08970e+00  9.39473e-01  9.38468e-01
 7.14279e+00  9.79424e-01  9.92455e-01
 7.15200e+00  9.85812e-01  9.98586e-01
 7.16912e+00  9.90602e-01  1.00008e+00
 7.18507e+00  9.95691e-01  1.00007e+00
 7.19213e+00  9.99641e-01  1.00007e+00
 7.19724e+00  9.97812e-01  1.00007e+00
 7.20391e+00  1.00147e+00  1.00006e+00
 7.21078e+00  1.00126e+00  1.00006e+00
 7.21580e+00  9.99769e-01  1.00006e+00
 7.22066e+00  1.00111e+00  1.00006e+00
 7.23778e+00  1.00103e+00  1.00005e+00
 7.24423e+00  1.00042e+00  1.00005e+00
 7.25731e+00  1.00020e+00  1.00005e+00
 7.26236e+00  1.00091e+00  1.00004e+00
 7.27789e+00  1.00101e+00  1.00004e+00
 7.28316e+00  1.00094e+00  1.00004e+00
 7.29772e+00  1.00095e+00  1.00003e+00
 7.30402e+00  1.00024e+00  1.00003e+00
 7.31514e+00  9.99822e-01  1.00003e+00
 7.32385e+00  1.00078e+00  1.00003e+00
 7.33457e+00  1.00048e+00  1.00002e+00
 7.34196e+00  9.99206e-01  1.00002e+00
 7.34742e+00  1.00054e+00  1.00002e+00
 7.36292e+00  1.00026e+00  1.00002e+00
 7.36923e+00  9.99605e-01  1.00002e+00
 7.38486e+00  1.00034e+00  1.00001e+00
 7.39160e+00  9.99272e-01  1.00001e+00
 7.40378e+00  9.99731e-01  1.00001e+00
 7.41085e+00  1.00023e+00  1.00001e+00
 7.42184e+00  9.99464e-01  1.00001e+00
 7.43188e+00  9.99954e-01  1.00000e+00
 7.44121e+00  1.00056e+00  1.00000e+00
 7.44984e+00  1.00057e+00  1.00000e+00
 7.45614e+00  9.99685e-01  1.00000e+00
 7.46442e+00  9.99878e-01  1.00000e+00
 7.47378e+00  1.00009e+00  1.00000e+00
 7.49606e+00  1.00001e+00  9.99998e-01
 7.51713e+00  9.99521e-01  9.99996e-01
 7.53563e+00  1.00029e+00  9.99996e-01
 7.54920e+00  1.00033e+00  9.99995e-01
 7.57075e+00  1.00020e+00  9.99995e-01
 7.60295e+00  1.00142e+00  9.99996e-01
 7.61278e+00  1.00093e+00  9.99996e-01
 7.62952e+00  1.00126e+00  9.99997e-01
 7.64446e+00  9.99209e-01  9.99998e-01
 7.66240e+00  1.00026e+00  9.99999e-01
 7.67984e+00  1.00179e+00  1.00000e+00
 7.68983e+00  1.00129e+00  1.00000e+00
 7.70792e+00  1.00132e+00  1.00000e+00
 7.71470e+00  1.00116e+00  1.00001e+00
 7.72570e+00  9.99621e-01  1.00001e+00
 7.73797e+00  1.00043e+00  1.00001e+00
 7.74935e+00  1.00165e+00  1.00001e+00
 7.75875e+00  1.00019e+00  1.00001e+00
 7.76616e+00  1.00012e+00  1.00001e+00
 7.77804e+00  1.00047e+00  1.00002e+00
 7.78629e+00  1.00071e+00  1.00002e+00
 7.79899e+00  1.00024e+00  1.00002e+00
 7.80960e+00  1.00072e+00  1.00002e+00
 7.81746e+00  1.00037e+00  1.00002e+00
 7.82528e+00  9.99670e-01  1.00003e+00
 7.84626e+00  9.99457e-01  1.00003e+00
 7.85274e+00  9.99963e-01  1.00003e+00
 7.87037e+00  9.99678e-01  1.00004e+00
 7.89475e+00  1.00014e+00  1.00004e+00
 7.91076e+00  9.99842e-01  1.00005e+00
 7.91772e+00  9.99174e-01  1.00005e+00
 7.92687e+00  9.99495e-01  1.00005e+00
 7.93532e+00  1.00075e+00  1.00005e+00
 7.94289e+00  9.98889e-01  1.00006e+00
 7.94883e+00  1.00117e+00  1.00006e+00
 7.95558e+00  9.99864e-01  1.00006e+00
 7.96414e+00  9.99901e-01  1.00006e+00
 7.97178e+00  1.00013e+00  1.00006e+00
 7.98162e+00  9.99663e-01  1.00007e+00
 7.99994e+00  1.00028e+00  1.00007e+00
 8.01677e+00  1.00057e+00  1.00008e+00
 8.03950e+00  1.00049e+00  1.00009e+00
 8.04832e+00  1.00104e+00  1.00009e+00
 8.06652e+00  1.00042e+00  1.00009e+00
 8.08272e+00  1.00056e+00  1.00010e+00
 8.09818e+00  1.00074e+00  1.00010e+00
 8.10644e+00  1.00055e+00  1.00011e+00
 8.11456e+00  1.00016e+00  1.00011e+00
 8.12059e+00  1.00107e+00  1.00011e+00
 8.13595e+00  1.00049e+00  1.00012e+00
 8.15943e+00  9.99735e-01  1.00013e+00
 8.16588e+00  1.00001e+00  1.00013e+00
 8.17517e+00  9.99890e-01  1.00013e+00
 8.18223e+00  1.00005e+00  1.00013e+00
 8.18871e+00  1.00001e+00  1.00014e+00
 8.19869e+00  1.00023e+00  1.00014e+00
 8.21674e+00  9.99748e-01  1.00015e+00
 8.23423e+00  9.98897e-01  1.00015e+00
 8.24192e+00  9.99859e-01  1.00015e+00
 8.25408e+00  9.99272e-01  1.00016e+00
 8.26512e+00  1.00020e+00  1.00016e+00
 8.27285e+00  9.99516e-01  1.00017e+00
 8.27961e+00  9.98833e-01  1.00017e+00
 8.29731e+00  9.99897e-01  1.00017e+00
 8.31654e+00  9.99021e-01  1.00018e+00
 8.32616e+00  9.98990e-01  1.00018e+00
 8.34237e+00  9.99040e-01  1.00019e+00
 8.35341e+00  9.99422e-01  1.00019e+00
 8.37815e+00  9.99708e-01  1.00020e+00
 8.39162e+00  1.00021e+00  1.00021e+00
 8.40713e+00  1.00050e+00  1.00021e+00
 8.43038e+00  9.99958e-01  1.00022e+00
 8.44305e+00  1.00064e+00  1.00022e+00
 8.44984e+00  1.00096e+00  1.00023e+00
 8.45925e+00  1.00058e+00  1.00023e+00
 8.47267e+00  1.00029e+00  1.00023e+00
 8.50259e+00  1.00072e+00  1.00024e+00
 8.51316e+00  1.00120e+00  1.00025e+00
 8.52425e+00  1.00113e+00  1.00025e+00
 8.53820e+00  1.00086e+00  1.00026e+00
 8.54969e+00  1.00068e+00  1.00026e+00
 8.55626e+00  1.00113e+00  1.00026e+00
 8.56490e+00  1.00078e+00  1.00026e+00
 8.57604e+00  1.00098e+00  1.00027e+00
 8.58660e+00  1.00053e+00  1.00027e+00
 8.59807e+00  1.00049e+00  1.00027e+00
 8.60927e+00  9.99979e-01  1.00028e+00
 8.62540e+00  1.00017e+00  1.00028e+00
 8.66136e+00  9.99651e-01  1.00029e+00
 8.67569e+00  9.99926e-01  1.00029e+00
 8.68659e+00  9.99332e-01  1.00030e+00
 8.70940e+00  9.99975e-01  1.00030e+00
 8.73041e+00  9.99695e-01  1.00031e+00
 8.75068e+00  9.99421e-01  1.00031e+00
 8.76265e+00  9.99732e-01  1.00032e+00
 8.78307e+00  9.99847e-01  1.00032e+00
 8.82100e+00  9.99857e-01  1.00033e+00
 8.85056e+00  1.00009e+00  1.00034e+00
 8.86052e+00  9.99908e-01  1.00034e+00
 8.87731e+00  1.00142e+00  1.00034e+00
 8.89563e+00  1.00178e+00  1.00035e+00
 8.90162e+00  1.00069e+00  1.00035e+00
 8.91390e+00  1.00032e+00  1.00035e+00
 8.93778e+00  1.00051e+00  1.00035e+00
 8.95837e+00  1.00064e+00  1.00036e+00
 8.97287e+00  1.00049e+00  1.00036e+00
 8.98190e+00  1.00013e+00  1.00036e+00
 8.99279e+00  1.00030e+00  1.00036e+00
 9.00882e+00  1.00051e+00  1.00037e+00
 9.01882e+00  1.00117e+00  1.00037e+00
 9.03786e+00  1.00018e+00  1.00037e+00
 9.05125e+00  1.00035e+00  1.00037e+00
 9.06128e+00  1.00028e+00  1.00038e+00
 9.06996e+00  9.99632e-01  1.00038e+00
 9.07797e+00  1.00011e+00  1.00038e+00
 9.08591e+00  9.99473e-01  1.00038e+00
 9.09690e+00  9.99386e-01  1.00038e+00
 9.10322e+00  1.00063e+00  1.00038e+00
 9.12235e+00  9.99808e-01  1.00039e+00
 9.13998e+00  9.99753e-01  1.00039e+00
 9.15964e+00  1.00058e+00  1.00039e+00
 9.17130e+00  1.00029e+00  1.00039e+00
 9.18067e+00  1.00020e+00  1.00040e+00
 9.18798e+00  1.00083e+00  1.00040e+00
 9.19896e+00  1.00022e+00  1.00040e+00
 9.21263e+00  1.00024e+00  1.00040e+00
 9.21925e+00  9.99975e-01  1.00040e+00
 9.22861e+00  1.00119e+00  1.00040e+00
 9.25773e+00  1.00061e+00  1.00041e+00
 9.28453e+00  1.00101e+00  1.00041e+00
 9.29417e+00  1.00121e+00  1.00041e+00
 9.30781e+00  1.00141e+00  1.00042e+00
 9.35037e+00  1.00182e+00  1.00042e+00
 9.36638e+00  1.00109e+00  1.00043e+00
 9.37210e+00  1.00235e+00  1.00043e+00
 9.37937e+00  1.00089e+00  1.00043e+00
 9.39110e+00  1.00154e+00  1.00043e+00
 9.40218e+00  1.00062e+00  1.00043e+00
 9.40956e+00  1.00078e+00  1.00043e+00
 9.43979e+00  1.00072e+00  1.00044e+00
 9.45382e+00  1.00035e+00  1.00044e+00
 9.46237e+00  1.00008e+00  1.00044e+00
 9.47065e+00  1.00067e+00  1.00044e+00
 9.47863e+00  1.00009e+00  1.00045e+00
 9.48578e+00  1.00083e+00  1.00045e+00
 9.50220e+00  1.00070e+00  1.00045e+00
 9.52496e+00  1.00013e+00  1.00045e+00
 9.55932e+00  1.00017e+00  1.00046e+00
 9.57785e+00  9.99897e-01  1.00046e+00
 9.59158e+00  9.99176e-01  1.00047e+00
 9.59892e+00  9.99560e-01  1.00047e+00
 9.60845e+00  9.99374e-01  1.00047e+00
 9.61836e+00  9.99820e-01  1.00047e+00
 9.63582e+00  9.99483e-01  1.00048e+00
 9.65168e+00  9.99965e-01  1.00048e+00
 9.67011e+00  1.00020e+00  1.00048e+00
 9.68068e+00  1.00011e+00  1.00049e+00
 9.70150e+00  1.00045e+00  1.00049e+00
 9.72462e+00  9.99852e-01  1.00050e+00
 9.74125e+00  1.00093e+00  1.00050e+00
 9.75912e+00  1.00067e+00  1.00050e+00
 9.78016e+00  1.00040e+00  1.00051e+00
 9.79145e+00  1.00078e+00  1.00051e+00
 9.81362e+00  1.00104e+00  1.00052e+00
 9.84003e+00  1.00068e+00  1.00052e+00
 9.86092e+00  1.00067e+00  1.00053e+00
 9.88857e+00  1.00112e+00  1.00054e+00
 9.89690e+00  1.00085e+00  1.00054e+00
 9.90831e+00  1.00071e+00  1.00054e+00
 9.92399e+00  1.00013e+00  1.00055e+00
 9.92942e+00  1.00008e+00  1.00055e+00
 9.94725e+00  1.00043e+00  1.00055e+00
 9.95600e+00  1.00169e+00  1.00056e+00
 9.96425e+00  9.99887e-01  1.00056e+00
 9.97052e+00  9.99646e-01  1.00056e+00
 9.98161e+00  1.00061e+00  1.00056e+00
 9.99793e+00  1.00031e+00  1.00057e+00
 1.00336e+01  9.99992e-01  1.00058e+00
 1.00443e+01  1.00077e+00  1.00058e+00
 1.00595e+01  1.00096e+00  1.00059e+00
 1.00815e+01  1.00071e+00  1.00059e+00
 1.00978e+01  1.00075e+00  1.00060e+00
 1.01143e+01  1.00016e+00  1.00060e+00
 1.01202e+01  1.00036e+00  1.00061e+00
 1.01253e+01  1.00144e+00  1.00061e+00
 1.01407e+01  1.00094e+00  1.00061e+00
 1.01519e+01  1.00014e+00  1.00062e+00
 1.01674e+01  9.99948e-01  1.00062e+00
 1.01907e+01  1.00083e+00  1.00063e+00
 1.02227e+01  1.00059e+00  1.00064e+00
 1.02436e+01  1.00042e+00  1.00064e+00
 1.02730e+01  1.00088e+00  1.00065e+00
 1.03007e+01  1.00026e+00  1.00066e+00
 1.03092e+01  1.00012e+00  1.00066e+00
 1.03157e+01  1.00065e+00  1.00067e+00
 1.03222e+01  1.00166e+00  1.00067e+00
 1.03288e+01  1.00002e+00  1.00067e+00
 1.03469e+01  1.00032e+00  1.00068e+00
 1.03603e+01  1.00026e+00  1.00068e+00
 1.03658e+01  1.00049e+00  1.00068e+00
 1.03713e+01  9.98720e-01  1.00068e+00
 1.03801e+01  1.00015e+00  1.00069e+00
 1.03911e+01  1.00046e+00  1.00069e+00
 1.04100e+01  1.00062e+00  1.00069e+00
