1036
 2.91300e-03  1.00093e+00  1.00074e+00
 9.86400e-03  1.00014e+00  1.00074e+00
 1.68260e-02  1.00075e+00  1.00074e+00
 2.37330e-02  1.00073e+00  1.00074e+00
 3.07140e-02  1.00174e+00  1.00074e+00
 3.76460e-02  1.00072e+00  1.00074e+00
 4.46660e-02  1.00004e+00  1.00074e+00
 5.22540e-02  1.00128e+00  1.00074e+00
 5.91860e-02  1.00138e+00  1.00074e+00
 6.61270e-02  1.00052e+00  1.00074e+00
 7.38160e-02  1.00006e+00  1.00074e+00
 8.09650e-02  1.00107e+00  1.00074e+00
 8.82460e-02  1.00186e+00  1.00074e+00
 9.54130e-02  1.00114e+00  1.00074e+00
 1.02194e-01  1.00131e+00  1.00074e+00
 1.09239e-01  1.00091e+00  1.00074e+00
 1.16987e-01  1.00058e+00  1.00074e+00
 1.23699e-01  1.00059e+00  1.00074e+00
 1.30596e-01  1.00041e+00  1.00074e+00
 1.37807e-01  1.00003e+00  1.00074e+00
 1.44529e-01  1.00086e+00  1.00074e+00
 1.51436e-01  1.00079e+00  1.00074e+00
 1.58647e-01  1.00024e+00  1.00074e+00
 1.65349e-01  1.00073e+00  1.00074e+00
 1.72296e-01  1.00081e+00  1.00074e+00
 1.79487e-01  9.99752e-01  1.00074e+00
 1.86199e-01  9.99967e-01  1.00074e+00
 1.93686e-01  1.00128e+00  1.00074e+00
 2.01027e-01  1.00108e+00  1.00074e+00
 2.07719e-01  1.00134e+00  1.00074e+00
 2.14636e-01  1.00062e+00  1.00074e+00
 2.21837e-01  1.00123e+00  1.00074e+00
 2.28549e-01  1.00074e+00  1.00074e+00
 2.35486e-01  1.00052e+00  1.00074e+00
 2.42912e-01  1.00090e+00  1.00074e+00
 2.50154e-01  1.00080e+00  1.00074e+00
 2.56920e-01  1.00045e+00  1.00074e+00
 2.64228e-01  1.00042e+00  1.00074e+00
 2.70647e-01  1.00093e+00  1.00074e+00
 2.77136e-01  1.00039e+00  1.00074e+00
 2.84582e-01  1.00050e+00  1.00074e+00
 2.91477e-01  1.00074e+00  1.00074e+00
 2.97986e-01  1.00099e+00  1.00074e+00
 3.05177e-01  1.00071e+00  1.00074e+00
 3.11683e-01  1.00052e+00  1.00074e+00
 3.18686e-01  1.00120e+00  1.00074e+00
 3.26027e-01  1.00031e+00  1.00074e+00
 3.32493e-01  1.00109e+00  1.00074e+00
 3.38936e-01  1.00067e+00  1.00074e+00
 3.46157e-01  1.00055e+00  1.00074e+00
 3.53139e-01  1.00121e+00  1.00074e+00
 3.60302e-01  1.00098e+00  1.00074e+00
 3.68238e-01  1.00095e+00  1.00074e+00
 3.75434e-01  1.00160e+00  1.00074e+00
 3.81920e-01  1.00150e+00  1.00074e+00
 3.89218e-01  1.00051e+00  1.00074e+00
 3.95647e-01  1.00031e+00  1.00074e+00
 4.02136e-01  1.00058e+00  1.00074e+00
 4.09347e-01  9.99674e-01  1.00074e+00
 4.15823e-01  1.00008e+00  1.00074e+00
 4.22778e-01  1.00084e+00  1.00074e+00
 4.30187e-01  1.00117e+00  1.00074e+00
 4.36872e-01  1.00148e+00  1.00074e+00
 4.43786e-01  1.00076e+00  1.00074e+00
 4.51027e-01  1.00117e+00  1.00074e+00
 4.57493e-01  1.00115e+00  1.00074e+00
 4.63936e-01  1.00046e+00  1.00074e+00
 4.71356e-01  9.99855e-01  1.00074e+00
 4.78977e-01  1.00060e+00  1.00074e+00
 4.85486e-01  1.00075e+00  1.00074e+00
 4.92687e-01  1.00039e+00  1.00074e+00
 4.99173e-01  1.00160e+00  1.00074e+00
 5.05596e-01  1.00019e+00  1.00074e+00
 5.12827e-01  9.99737e-01  1.00074e+00
 5.19359e-01  1.00090e+00  1.00074e+00
 5.25746e-01  1.00031e+00  1.00074e+00
 5.32923e-01  1.00186e+00  1.00074e+00
 5.39566e-01  1.00001e+00  1.00074e+00
 5.45931e-01  1.00041e+00  1.00074e+00
 5.52996e-01  1.00124e+00  1.00074e+00
 5.59792e-01  1.00119e+00  1.00074e+00
 5.66103e-01  1.00153e+00  1.00074e+00
 5.73074e-01  1.00128e+00  1.00074e+00
 5.79998e-01  1.00070e+00  1.00074e+00
 5.86560e-01  1.00062e+00  1.00074e+00
 5.93914e-01  1.00092e+00  1.00074e+00
 6.00818e-01  1.00154e+00  1.00074e+00
 6.07783e-01  1.00079e+00  1.00074e+00
 6.14754e-01  1.00010e+00  1.00074e+00
 6.21951e-01  1.00059e+00  1.00074e+00
 6.29241e-01  1.00086e+00  1.00074e+00
 6.36326e-01  1.00031e+00  1.00074e+00
 6.43522e-01  1.00073e+00  1.00074e+00
 6.50746e-01  1.00059e+00  1.00074e+00
 6.57923e-01  1.00044e+00  1.00074e+00
 6.65005e-01  1.00079e+00  1.00074e+00
 6.72495e-01  1.00063e+00  1.00074e+00
 6.80187e-01  1.00082e+00  1.00074e+00
 6.87078e-01  1.00060e+00  1.00074e+00
 6.93786e-01  1.00004e+00  1.00074e+00
 7.01027e-01  1.00003e+00  1.00074e+00
 7.08198e-01  9.99907e-01  1.00074e+00
 7.15290e-01  1.00039e+00  1.00074e+00
 7.23051e-01  9.99550e-01  1.00074e+00
 7.30183e-01  1.00008e+00  1.00074e+00
 7.37544e-01  1.00009e+00  1.00074e+00
 7.45607e-01  9.99850e-01  1.00074e+00
 7.53111e-01  1.00028e+00  1.00074e+00
 7.61326e-01  9.99179e-01  1.00074e+00
 7.68395e-01  9.99110e-01  1.00074e+00
 7.75101e-01  9.99560e-01  1.00074e+00
 7.82299e-01  9.99010e-01  1.00074e+00
 7.89873e-01  9.98939e-01  1.00074e+00
 7.96596e-01  9.99106e-01  1.00074e+00
 8.03753e-01  9.99579e-01  1.00074e+00
 8.10875e-01  9.99176e-01  1.00074e+00
 8.18096e-01  9.98988e-01  1.00074e+00
 8.25337e-01  9.98758e-01  1.00074e+00
 8.32208e-01  9.98425e-01  1.00074e+00
 8.38946e-01  9.99293e-01  1.00074e+00
 8.46157e-01  9.99100e-01  1.00074e+00
 8.53227e-01  9.99024e-01  1.00074e+00
 8.60486e-01  9.98372e-01  1.00074e+00
 8.67984e-01  9.98439e-01  1.00074e+00
 8.75333e-01  9.97908e-01  1.00074e+00
 8.81930e-01  9.97803e-01  1.00074e+00
 8.89218e-01  9.97848e-01  1.00074e+00
 8.96821e-01  9.97622e-01  1.00074e+00
 9.04298e-01  9.98434e-01  1.00074e+00
 9.11418e-01  9.97418e-01  1.00074e+00
 9.18275e-01  9.98547e-01  1.00074e+00
 9.25669e-01  9.98212e-01  1.00074e+00
 9.32950e-01  9.98308e-01  1.00074e+00
 9.39779e-01  9.98634e-01  1.00074e+00
 9.46673e-01  9.98351e-01  1.00074e+00
 9.53780e-01  9.97444e-01  1.00074e+00
 9.60619e-01  9.97014e-01  1.00074e+00
 9.67533e-01  9.97302e-01  1.00074e+00
 9.74590e-01  9.96466e-01  1.00074e+00
 9.81943e-01  9.97275e-01  1.00074e+00
 9.90368e-01  9.96888e-01  1.00074e+00
 9.97675e-01  9.97475e-01  1.00074e+00
 1.00491e+00  9.96751e-01  1.00074e+00
 1.01210e+00  9.96874e-01  1.00074e+00
 1.01905e+00  9.96813e-01  1.00074e+00
 1.02577e+00  9.96226e-01  1.00074e+00
 1.03293e+00  9.95191e-01  1.00074e+00
 1.03988e+00  9.95402e-01  1.00074e+00
 1.04660e+00  9.95468e-01  1.00074e+00
 1.05374e+00  9.96238e-01  1.00074e+00
 1.06073e+00  9.96109e-01  1.00074e+00
 1.06831e+00  9.95876e-01  1.00074e+00
 1.07603e+00  9.94931e-01  1.00074e+00
 1.08290e+00  9.95614e-01  1.00074e+00
 1.08988e+00  9.95300e-01  1.00074e+00
 1.09754e+00  9.96316e-01  1.00074e+00
 1.10488e+00  9.94558e-01  1.00074e+00
 1.11181e+00  9.94811e-01  1.00074e+00
 1.11972e+00  9.94058e-01  1.00074e+00
 1.12661e+00  9.94693e-01  1.00074e+00
 1.13344e+00  9.92273e-01  1.00074e+00
 1.14060e+00  9.91342e-01  1.00074e+00
 1.14783e+00  9.92400e-01  1.00074e+00
 1.15552e+00  9.90157e-01  1.00074e+00
 1.16353e+00  9.91025e-01  1.00074e+00
 1.17028e+00  9.90839e-01  1.00074e+00
 1.17724e+00  9.91983e-01  1.00074e+00
 1.18445e+00  9.92344e-01  1.00074e+00
 1.19212e+00  9.92834e-01  1.00074e+00
 1.19960e+00  9.93225e-01  1.00074e+00
 1.20655e+00  9.94435e-01  1.00074e+00
 1.21341e+00  9.95438e-01  1.00074e+00
 1.22121e+00  9.93654e-01  1.00074e+00
 1.22890e+00  9.94786e-01  1.00074e+00
 1.23612e+00  9.95176e-01  1.00074e+00
 1.24337e+00  9.94995e-01  1.00074e+00
 1.25033e+00  9.94717e-01  1.00074e+00
 1.25693e+00  9.94803e-01  1.00074e+00
 1.26460e+00  9.94776e-01  1.00074e+00
 1.27186e+00  9.95099e-01  1.00074e+00
 1.27850e+00  9.95460e-01  1.00074e+00
 1.28625e+00  9.95533e-01  1.00074e+00
 1.29329e+00  9.96180e-01  1.00074e+00
 1.30067e+00  9.95436e-01  1.00074e+00
 1.30794e+00  9.95959e-01  1.00074e+00
 1.31478e+00  9.95843e-01  1.00074e+00
 1.32192e+00  9.95823e-01  1.00074e+00
 1.32952e+00  9.95981e-01  1.00074e+00
 1.33627e+00  9.96163e-01  1.00074e+00
 1.34323e+00  9.96433e-01  1.00074e+00
 1.35034e+00  9.96197e-01  1.00074e+00
 1.35778e+00  9.97470e-01  1.00074e+00
 1.36527e+00  9.97973e-01  1.00074e+00
 1.37258e+00  9.97541e-01  1.00074e+00
 1.37899e+00  9.97656e-01  1.00074e+00
 1.38590e+00  9.98661e-01  1.00074e+00
 1.39246e+00  9.99042e-01  1.00074e+00
 1.39909e+00  9.99010e-01  1.00074e+00
 1.40556e+00  1.00014e+00  1.00074e+00
 1.41202e+00  9.98681e-01  1.00074e+00
 1.41873e+00  9.99556e-01  1.00074e+00
 1.42492e+00  1.01536e+00  1.00074e+00
 1.43094e+00  1.00015e+00  1.00074e+00
 1.43759e+00  1.00049e+00  1.00074e+00
 1.44420e+00  1.00123e+00  1.00074e+00
 1.45067e+00  1.01345e+00  1.00074e+00
 1.45702e+00  1.00220e+00  1.00074e+00
 1.46443e+00  1.00151e+00  1.00074e+00
 1.47086e+00  1.01078e+00  1.00074e+00
 1.47705e+00  1.00248e+00  1.00074e+00
 1.48347e+00  1.00327e+00  1.00074e+00
 1.48981e+00  1.01052e+00  1.00074e+00
 1.49618e+00  1.00385e+00  1.00074e+00
 1.50363e+00  1.00341e+00  1.00074e+00
 1.51065e+00  1.00989e+00  1.00074e+00
 1.51761e+00  1.00632e+00  1.00074e+00
 1.52423e+00  1.00670e+00  1.00074e+00
 1.53044e+00  1.01018e+00  1.00074e+00
 1.53742e+00  1.00566e+00  1.00074e+00
 1.54489e+00  1.00706e+00  1.00074e+00
 1.55115e+00  1.00999e+00  1.00074e+00
 1.55719e+00  1.00733e+00  1.00074e+00
 1.56379e+00  1.00847e+00  1.00074e+00
 1.57013e+00  1.00991e+00  1.00074e+00
 1.57710e+00  1.00966e+00  1.00074e+00
 1.58373e+00  1.00966e+00  1.00074e+00
 1.58983e+00  1.00953e+00  1.00074e+00
 1.59668e+00  1.01091e+00  1.00074e+00
 1.60350e+00  1.00945e+00  1.00074e+00
 1.61035e+00  1.00955e+00  1.00074e+00
 1.61738e+00  1.01189e+00  1.00074e+00
 1.62414e+00  1.01087e+00  1.00074e+00
 1.63038e+00  1.01046e+00  1.00074e+00
 1.63706e+00  1.01178e+00  1.00074e+00
 1.64431e+00  1.01103e+00  1.00074e+00
 1.65062e+00  1.01181e+00  1.00074e+00
 1.65718e+00  1.01285e+00  1.00074e+00
 1.66392e+00  1.01192e+00  1.00074e+00
 1.67013e+00  1.01247e+00  1.00074e+00
 1.67671e+00  1.01230e+00  1.00074e+00
 1.68339e+00  1.01109e+00  1.00074e+00
 1.69024e+00  1.01186e+00  1.00074e+00
 1.69804e+00  1.01188e+00  1.00074e+00
 1.70428e+00  1.01242e+00  1.00074e+00
 1.71056e+00  1.01169e+00  1.00074e+00
 1.71714e+00  1.01230e+00  1.00074e+00
 1.72369e+00  1.01072e+00  1.00074e+00
 1.73021e+00  1.01111e+00  1.00074e+00
 1.73659e+00  1.01062e+00  1.00074e+00
 1.74313e+00  1.01048e+00  1.00074e+00
 1.74979e+00  1.01057e+00  1.00074e+00
 1.75581e+00  1.02093e+00  1.00074e+00
 1.76180e+00  1.01094e+00  1.00074e+00
 1.76795e+00  1.00408e+00  1.00074e+00
 1.77361e+00  1.00893e+00  1.00074e+00
 1.78063e+00  1.00431e+00  1.00074e+00
 1.78637e+00  1.00529e+00  1.00074e+00
 1.79221e+00  1.00745e+00  1.00074e+00
 1.79834e+00  1.00914e+00  1.00074e+00
 1.80484e+00  1.01052e+00  1.00074e+00
 1.81100e+00  1.00659e+00  1.00074e+00
 1.81706e+00  1.00824e+00  1.00074e+00
 1.82360e+00  1.00756e+00  1.00074e+00
 1.82928e+00  1.00579e+00  1.00074e+00
 1.83530e+00  1.00512e+00  1.00074e+00
 1.84157e+00  1.00626e+00  1.00074e+00
 1.84784e+00  1.00475e+00  1.00074e+00
 1.85471e+00  1.00432e+00  1.00074e+00
 1.86114e+00  1.00399e+00  1.00074e+00
 1.86708e+00  1.00502e+00  1.00074e+00
 1.87329e+00  1.00243e+00  1.00074e+00
 1.87956e+00  1.00395e+00  1.00074e+00
 1.88560e+00  1.00435e+00  1.00074e+00
 1.89120e+00  1.00312e+00  1.00074e+00
 1.89779e+00  1.00188e+00  1.00074e+00
 1.90407e+00  1.00343e+00  1.00074e+00
 1.90975e+00  1.00212e+00  1.00074e+00
 1.91555e+00  1.00195e+00  1.00074e+00
 1.92125e+00  1.00248e+00  1.00074e+00
 1.92728e+00  1.00286e+00  1.00074e+00
 1.93325e+00  1.00140e+00  1.00074e+00
 1.93946e+00  1.00189e+00  1.00074e+00
 1.94572e+00  1.00160e+00  1.00074e+00
 1.95143e+00  1.00038e+00  1.00074e+00
 1.95720e+00  1.00028e+00  1.00074e+00
 1.96293e+00  1.00037e+00  1.00074e+00
 1.96894e+00  1.00050e+00  1.00074e+00
 1.97452e+00  9.99671e-01  1.00074e+00
 1.98027e+00  9.98635e-01  1.00074e+00
 1.98659e+00  1.00042e+00  1.00074e+00
 1.99258e+00  9.99351e-01  1.00074e+00
 1.99829e+00  9.99270e-01  1.00074e+00
 2.00408e+00  9.99353e-01  1.00074e+00
 2.01110e+00  9.99391e-01  1.00074e+00
 2.01722e+00  9.98617e-01  1.00074e+00
 2.02306e+00  9.99397e-01  1.00074e+00
 2.02938e+00  9.99806e-01  1.00074e+00
 2.03620e+00  9.98770e-01  1.00074e+00
 2.04328e+00  9.98455e-01  1.00074e+00
 2.04964e+00  9.98455e-01  1.00074e+00
 2.05559e+00  9.97493e-01  1.00074e+00
 2.06174e+00  9.97964e-01  1.00074e+00
 2.06832e+00  9.98031e-01  1.00074e+00
 2.07422e+00  9.98566e-01  1.00074e+00
 2.08064e+00  9.98037e-01  1.00074e+00
 2.08789e+00  9.97679e-01  1.00074e+00
 2.09454e+00  9.97702e-01  1.00074e+00
 2.10085e+00  9.97443e-01  1.00074e+00
 2.10694e+00  9.97320e-01  1.00074e+00
 2.11301e+00  9.98325e-01  1.00074e+00
 2.11896e+00  9.98086e-01  1.00074e+00
 2.12582e+00  9.97064e-01  1.00074e+00
 2.13231e+00  9.97542e-01  1.00074e+00
 2.13863e+00  9.97252e-01  1.00074e+00
 2.14501e+00  9.97520e-01  1.00074e+00
 2.15106e+00  9.97451e-01  1.00074e+00
 2.15699e+00  9.96937e-01  1.00074e+00
 2.16320e+00  9.95496e-01  1.00074e+00
 2.16987e+00  9.96660e-01  1.00074e+00
 2.17617e+00  9.96981e-01  1.00074e+00
 2.18219e+00  9.96409e-01  1.00074e+00
 2.18884e+00  9.96706e-01  1.00074e+00
 2.19510e+00  9.97081e-01  1.00074e+00
 2.20098e+00  9.96522e-01  1.00074e+00
 2.20773e+00  9.97880e-01  1.00074e+00
 2.21419e+00  9.96279e-01  1.00074e+00
 2.22011e+00  9.97368e-01  1.00074e+00
 2.22647e+00  9.97175e-01  1.00074e+00
 2.23332e+00  9.97375e-01  1.00074e+00
 2.24027e+00  9.97740e-01  1.00074e+00
 2.24653e+00  9.96844e-01  1.00074e+00
 2.25277e+00  9.97216e-01  1.00074e+00
 2.25924e+00  9.97762e-01  1.00074e+00
 2.26542e+00  9.97654e-01  1.00074e+00
 2.27191e+00  9.97222e-01  1.00074e+00
 2.27802e+00  9.97569e-01  1.00074e+00
 2.28424e+00  9.96911e-01  1.00074e+00
 2.29022e+00  9.96999e-01  1.00074e+00
 2.29687e+00  9.98192e-01  1.00074e+00
 2.30338e+00  9.98338e-01  1.00074e+00
 2.30973e+00  9.96960e-01  1.00074e+00
 2.31585e+00  9.97772e-01  1.00074e+00
 2.32299e+00  9.98776e-01  1.00074e+00
 2.32870e+00  9.98443e-01  1.00074e+00
 2.33532e+00  9.98067e-01  1.00074e+00
 2.34239e+00  9.98083e-01  1.00074e+00
 2.34889e+00  9.97568e-01  1.00074e+00
 2.35583e+00  9.97756e-01  1.00074e+00
 2.36247e+00  9.98086e-01  1.00074e+00
 2.36882e+00  9.97950e-01  1.00074e+00
 2.37569e+00  9.97692e-01  1.00074e+00
 2.38198e+00  9.98791e-01  1.00074e+00
 2.38792e+00  9.98458e-01  1.00074e+00
 2.39459e+00  9.98903e-01  1.00074e+00
 2.40189e+00  9.98233e-01  1.00074e+00
 2.40810e+00  9.98396e-01  1.00074e+00
 2.41459e+00  9.98403e-01  1.00074e+00
 2.42120e+00  9.98588e-01  1.00074e+00
 2.42822e+00  9.99195e-01  1.00074e+00
 2.43453e+00  1.01482e+00  1.00074e+00
 2.44071e+00  9.98443e-01  1.00074e+00
 2.44799e+00  9.99540e-01  1.00074e+00
 2.45462e+00  1.01054e+00  1.00074e+00
 2.46057e+00  9.98834e-01  1.00074e+00
 2.46739e+00  9.99108e-01  1.00074e+00
 2.47360e+00  9.98441e-01  1.00074e+00
 2.47966e+00  1.00701e+00  1.00074e+00
 2.48570e+00  1.00015e+00  1.00074e+00
 2.49228e+00  9.98944e-01  1.00074e+00
 2.49903e+00  1.00424e+00  1.00074e+00
 2.50591e+00  9.98939e-01  1.00074e+00
 2.51228e+00  9.99245e-01  1.00074e+00
 2.51848e+00  1.00201e+00  1.00074e+00
 2.52419e+00  9.99526e-01  1.00074e+00
 2.53073e+00  9.99490e-01  1.00074e+00
 2.53725e+00  1.00062e+00  1.00074e+00
 2.54416e+00  9.99315e-01  1.00074e+00
 2.55091e+00  9.99803e-01  1.00074e+00
 2.55694e+00  1.00052e+00  1.00074e+00
 2.56349e+00  9.99489e-01  1.00074e+00
 2.56968e+00  9.99436e-01  1.00074e+00
 2.57612e+00  9.99374e-01  1.00074e+00
 2.58237e+00  9.99917e-01  1.00074e+00
 2.58924e+00  9.99766e-01  1.00074e+00
 2.59561e+00  9.99715e-01  1.00074e+00
 2.60126e+00  9.98997e-01  1.00074e+00
 2.60737e+00  1.00031e+00  1.00074e+00
 2.61408e+00  1.00017e+00  1.00074e+00
 2.62006e+00  1.00019e+00  1.00074e+00
 2.62634e+00  9.99890e-01  1.00074e+00
 2.63395e+00  1.00076e+00  1.00074e+00
 2.64102e+00  9.98815e-01  1.00074e+00
 2.64718e+00  9.99898e-01  1.00074e+00
 2.65413e+00  9.99960e-01  1.00074e+00
 2.66048e+00  9.99755e-01  1.00074e+00
 2.66728e+00  9.99593e-01  1.00074e+00
 2.67422e+00  1.00018e+00  1.00074e+00
 2.68109e+00  9.99861e-01  1.00074e+00
 2.68799e+00  9.99502e-01  1.00074e+00
 2.69468e+00  1.00092e+00  1.00074e+00
 2.70097e+00  1.00057e+00  1.00074e+00
 2.70737e+00  9.99685e-01  1.00074e+00
 2.71424e+00  9.99643e-01  1.00074e+00
 2.72079e+00  1.00039e+00  1.00074e+00
 2.72741e+00  1.00114e+00  1.00074e+00
 2.73378e+00  1.00141e+00  1.00074e+00
 2.74088e+00  1.00056e+00  1.00074e+00
 2.74703e+00  1.00113e+00  1.00074e+00
 2.75351e+00  1.00098e+00  1.00074e+00
 2.76049e+00  1.00049e+00  1.00074e+00
 2.76711e+00  1.00141e+00  1.00074e+00
 2.77403e+00  1.00073e+00  1.00074e+00
 2.78073e+00  1.00065e+00  1.00074e+00
 2.78674e+00  1.00092e+00  1.00074e+00
 2.79347e+00  1.00178e+00  1.00074e+00
 2.80021e+00  1.00100e+00  1.00074e+00
 2.80677e+00  1.00049e+00  1.00074e+00
 2.81379e+00  1.00107e+00  1.00074e+00
 2.82098e+00  1.02046e+00  1.00074e+00
 2.82714e+00  1.00056e+00  1.00074e+00
 2.83358e+00  1.00045e+00  1.00074e+00
 2.83980e+00  1.01656e+00  1.00074e+00
 2.84624e+00  1.00021e+00  1.00074e+00
 2.85241e+00  1.00119e+00  1.00074e+00
 2.85990e+00  1.00006e+00  1.00074e+00
 2.86728e+00  9.99647e-01  1.00074e+00
 2.87382e+00  1.00005e+00  1.00074e+00
 2.88106e+00  1.00147e+00  1.00074e+00
 2.88790e+00  1.00029e+00  1.00074e+00
 2.89407e+00  1.00003e+00  1.00074e+00
 2.90037e+00  1.00118e+00  1.00074e+00
 2.90693e+00  9.99764e-01  1.00074e+00
 2.91370e+00  1.00108e+00  1.00074e+00
 2.92058e+00  1.00089e+00  1.00074e+00
 2.92776e+00  1.00054e+00  1.00074e+00
 2.93452e+00  9.99877e-01  1.00074e+00
 2.94142e+00  1.00136e+00  1.00074e+00
 2.94799e+00  1.00039e+00  1.00074e+00
 2.95438e+00  1.00339e+00  1.00074e+00
 2.96153e+00  1.00092e+00  1.00074e+00
 2.96816e+00  1.00670e+00  1.00074e+00
 2.97476e+00  1.00094e+00  1.00074e+00
 2.98166e+00  1.00047e+00  1.00074e+00
 2.98832e+00  1.00576e+00  1.00074e+00
 2.99492e+00  1.00034e+00  1.00074e+00
 3.00181e+00  1.00049e+00  1.00074e+00
 3.00848e+00  1.00491e+00  1.00074e+00
 3.01510e+00  1.00017e+00  1.00074e+00
 3.02197e+00  1.00049e+00  1.00074e+00
 3.02836e+00  1.00309e+00  1.00074e+00
 3.03455e+00  1.00129e+00  1.00074e+00
 3.04131e+00  1.00089e+00  1.00074e+00
 3.04780e+00  1.00354e+00  1.00074e+00
 3.05538e+00  9.99823e-01  1.00074e+00
 3.06230e+00  1.00008e+00  1.00074e+00
 3.06999e+00  1.00176e+00  1.00074e+00
 3.07690e+00  1.00205e+00  1.00074e+00
 3.08384e+00  1.00032e+00  1.00074e+00
 3.09081e+00  1.00145e+00  1.00074e+00
 3.09774e+00  1.00086e+00  1.00074e+00
 3.10466e+00  1.00025e+00  1.00074e+00
 3.11216e+00  1.00073e+00  1.00074e+00
 3.11927e+00  1.00115e+00  1.00074e+00
 3.12614e+00  1.00002e+00  1.00074e+00
 3.13323e+00  1.00091e+00  1.00074e+00
 3.14011e+00  9.99738e-01  1.00074e+00
 3.14698e+00  1.00039e+00  1.00074e+00
 3.15404e+00  1.00085e+00  1.00074e+00
 3.16094e+00  1.00112e+00  1.00074e+00
 3.16781e+00  1.00023e+00  1.00074e+00
 3.17487e+00  1.00045e+00  1.00074e+00
 3.18177e+00  1.00048e+00  1.00074e+00
 3.18865e+00  1.00003e+00  1.00074e+00
 3.19573e+00  1.00004e+00  1.00074e+00
 3.20261e+00  1.00076e+00  1.00074e+00
 3.20995e+00  1.00044e+00  1.00074e+00
 3.21794e+00  1.00147e+00  1.00074e+00
 3.22476e+00  1.00012e+00  1.00074e+00
 3.23264e+00  1.00038e+00  1.00074e+00
 3.24095e+00  9.99698e-01  1.00074e+00
 3.24710e+00  1.00047e+00  1.00074e+00
 3.25431e+00  9.99763e-01  1.00074e+00
 3.26116e+00  1.00062e+00  1.00074e+00
 3.26789e+00  1.00125e+00  1.00074e+00
 3.27466e+00  1.00071e+00  1.00074e+00
 3.28194e+00  9.99655e-01  1.00074e+00
 3.28878e+00  1.00002e+00  1.00074e+00
 3.29620e+00  1.00157e+00  1.00074e+00
 3.30345e+00  1.00011e+00  1.00074e+00
 3.31023e+00  9.99738e-01  1.00074e+00
 3.31704e+00  1.00022e+00  1.00074e+00
 3.32492e+00  1.00070e+00  1.00074e+00
 3.33191e+00  1.00007e+00  1.00074e+00
 3.33939e+00  1.00104e+00  1.00074e+00
 3.34645e+00  9.99484e-01  1.00074e+00
 3.35352e+00  1.00006e+00  1.00074e+00
 3.36095e+00  1.00064e+00  1.00074e+00
 3.36788e+00  1.00056e+00  1.00074e+00
 3.37520e+00  1.00005e+00  1.00074e+00
 3.38249e+00  9.98990e-01  1.00074e+00
 3.38949e+00  9.99789e-01  1.00074e+00
 3.39697e+00  1.00044e+00  1.00074e+00
 3.40405e+00  9.99144e-01  1.00074e+00
 3.41094e+00  9.99249e-01  1.00074e+00
 3.41781e+00  1.00020e+00  1.00074e+00
 3.42488e+00  1.00153e+00  1.00074e+00
 3.43177e+00  1.00076e+00  1.00074e+00
 3.43866e+00  1.00087e+00  1.00074e+00
 3.44573e+00  1.00052e+00  1.00074e+00
 3.45262e+00  1.00188e+00  1.00074e+00
 3.45947e+00  9.99782e-01  1.00074e+00
 3.46655e+00  1.00100e+00  1.00074e+00
 3.47344e+00  1.00012e+00  1.00074e+00
 3.48031e+00  9.99975e-01  1.00074e+00
 3.48738e+00  1.00112e+00  1.00074e+00
 3.49427e+00  1.00071e+00  1.00074e+00
 3.50163e+00  1.00076e+00  1.00074e+00
 3.50898e+00  1.00090e+00  1.00074e+00
 3.52065e+00  1.00093e+00  1.00074e+00
 3.52760e+00  1.00014e+00  1.00074e+00
 3.53456e+00  1.00075e+00  1.00074e+00
 3.54147e+00  1.00073e+00  1.00074e+00
 3.54845e+00  1.00174e+00  1.00074e+00
 3.55538e+00  1.00072e+00  1.00074e+00
 3.56240e+00  1.00004e+00  1.00074e+00
 3.56999e+00  1.00128e+00  1.00074e+00
 3.57692e+00  1.00138e+00  1.00074e+00
 3.58386e+00  1.00052e+00  1.00074e+00
 3.59155e+00  1.00006e+00  1.00074e+00
 3.59870e+00  1.00107e+00  1.00074e+00
 3.60598e+00  1.00186e+00  1.00074e+00
 3.61314e+00  1.00114e+00  1.00074e+00
 3.61992e+00  1.00131e+00  1.00074e+00
 3.62697e+00  1.00091e+00  1.00074e+00
 3.63472e+00  1.00058e+00  1.00074e+00
 3.64143e+00  1.00059e+00  1.00074e+00
 3.64833e+00  1.00041e+00  1.00074e+00
 3.65554e+00  1.00003e+00  1.00074e+00
 3.66226e+00  1.00086e+00  1.00074e+00
 3.66917e+00  1.00079e+00  1.00074e+00
 3.67638e+00  1.00024e+00  1.00074e+00
 3.68308e+00  1.00073e+00  1.00074e+00
 3.69003e+00  1.00081e+00  1.00074e+00
 3.69722e+00  9.99752e-01  1.00074e+00
 3.70393e+00  9.99967e-01  1.00074e+00
 3.71142e+00  1.00128e+00  1.00074e+00
 3.71876e+00  1.00108e+00  1.00074e+00
 3.72545e+00  1.00134e+00  1.00074e+00
 3.73237e+00  1.00062e+00  1.00074e+00
 3.73957e+00  1.00123e+00  1.00074e+00
 3.74628e+00  1.00074e+00  1.00074e+00
 3.75322e+00  1.00052e+00  1.00074e+00
 3.76064e+00  1.00090e+00  1.00074e+00
 3.76789e+00  1.00080e+00  1.00074e+00
 3.77465e+00  1.00045e+00  1.00074e+00
 3.78196e+00  1.00042e+00  1.00074e+00
 3.78838e+00  1.00093e+00  1.00074e+00
 3.79487e+00  1.00039e+00  1.00074e+00
 3.80231e+00  1.00050e+00  1.00074e+00
 3.80921e+00  1.00074e+00  1.00074e+00
 3.81572e+00  1.00099e+00  1.00074e+00
 3.82291e+00  1.00071e+00  1.00074e+00
 3.82942e+00  1.00052e+00  1.00074e+00
 3.83642e+00  1.00120e+00  1.00074e+00
 3.84376e+00  1.00031e+00  1.00074e+00
 3.85023e+00  1.00109e+00  1.00074e+00
 3.85667e+00  1.00067e+00  1.00074e+00
 3.86389e+00  1.00055e+00  1.00074e+00
 3.87087e+00  1.00121e+00  1.00074e+00
 3.87803e+00  1.00098e+00  1.00074e+00
 3.88597e+00  1.00095e+00  1.00074e+00
 3.89317e+00  1.00160e+00  1.00074e+00
 3.89965e+00  1.00150e+00  1.00074e+00
 3.90695e+00  1.00051e+00  1.00074e+00
 3.91338e+00  1.00031e+00  1.00074e+00
 3.91987e+00  1.00058e+00  1.00074e+00
 3.92708e+00  9.99674e-01  1.00074e+00
 3.93356e+00  1.00008e+00  1.00074e+00
 3.94051e+00  1.00084e+00  1.00074e+00
 3.94792e+00  1.00117e+00  1.00074e+00
 3.95460e+00  1.00148e+00  1.00074e+00
 3.96152e+00  1.00076e+00  1.00074e+00
 3.96876e+00  1.00117e+00  1.00074e+00
 3.97523e+00  1.00115e+00  1.00074e+00
 3.98167e+00  1.00046e+00  1.00074e+00
 3.98909e+00  9.99855e-01  1.00074e+00
 3.99671e+00  1.00060e+00  1.00074e+00
 4.00322e+00  1.00075e+00  1.00074e+00
 4.01042e+00  1.00039e+00  1.00074e+00
 4.01691e+00  1.00160e+00  1.00074e+00
 4.02333e+00  1.00019e+00  1.00074e+00
 4.03056e+00  9.99737e-01  1.00074e+00
 4.03709e+00  1.00090e+00  1.00074e+00
 4.04348e+00  1.00031e+00  1.00074e+00
 4.05065e+00  1.00186e+00  1.00074e+00
 4.05730e+00  1.00001e+00  1.00074e+00
 4.06366e+00  1.00041e+00  1.00074e+00
 4.07073e+00  1.00124e+00  1.00074e+00
 4.07752e+00  1.00119e+00  1.00074e+00
 4.08383e+00  1.00153e+00  1.00074e+00
 4.09081e+00  1.00128e+00  1.00074e+00
 4.09773e+00  1.00070e+00  1.00074e+00
 4.10429e+00  1.00062e+00  1.00074e+00
 4.11165e+00  1.00092e+00  1.00074e+00
 4.11855e+00  1.00154e+00  1.00074e+00
 4.12552e+00  1.00079e+00  1.00074e+00
 4.13249e+00  1.00010e+00  1.00074e+00
 4.13968e+00  1.00059e+00  1.00074e+00
 4.14697e+00  1.00086e+00  1.00074e+00
 4.15406e+00  1.00031e+00  1.00074e+00
 4.16125e+00  1.00073e+00  1.00074e+00
 4.16848e+00  1.00059e+00  1.00074e+00
 4.17565e+00  1.00044e+00  1.00074e+00
 4.18274e+00  1.00079e+00  1.00074e+00
 4.19023e+00  1.00063e+00  1.00074e+00
 4.19792e+00  1.00082e+00  1.00074e+00
 4.20481e+00  1.00060e+00  1.00074e+00
 4.21152e+00  1.00004e+00  1.00074e+00
 4.21876e+00  1.00003e+00  1.00074e+00
 4.22593e+00  9.99907e-01  1.00074e+00
 4.23302e+00  1.00039e+00  1.00074e+00
 4.24078e+00  9.99550e-01  1.00074e+00
 4.24791e+00  1.00008e+00  1.00074e+00
 4.25528e+00  1.00009e+00  1.00074e+00
 4.26334e+00  9.99850e-01  1.00074e+00
 4.27084e+00  1.00028e+00  1.00074e+00
 4.27906e+00  9.99179e-01  1.00074e+00
 4.28613e+00  9.99110e-01  1.00074e+00
 4.29283e+00  9.99560e-01  1.00074e+00
 4.30003e+00  9.99010e-01  1.00074e+00
 4.30760e+00  9.98939e-01  1.00074e+00
 4.31433e+00  9.99106e-01  1.00074e+00
 4.32148e+00  9.99579e-01  1.00074e+00
 4.32861e+00  9.99176e-01  1.00074e+00
 4.33583e+00  9.98988e-01  1.00074e+00
 4.34307e+00  9.98758e-01  1.00074e+00
 4.34994e+00  9.98425e-01  1.00074e+00
 4.35668e+00  9.99293e-01  1.00074e+00
 4.36389e+00  9.99100e-01  1.00074e+00
 4.37096e+00  9.99024e-01  1.00074e+00
 4.37822e+00  9.98372e-01  1.00074e+00
 4.38572e+00  9.98439e-01  1.00074e+00
 4.39306e+00  9.97908e-01  1.00074e+00
 4.39966e+00  9.97803e-01  1.00074e+00
 4.40695e+00  9.97848e-01  1.00074e+00
 4.41455e+00  9.97622e-01  1.00074e+00
 4.42203e+00  9.98434e-01  1.00074e+00
 4.42915e+00  9.97418e-01  1.00074e+00
 4.43601e+00  9.98547e-01  1.00074e+00
 4.44340e+00  9.98212e-01  1.00074e+00
 4.45068e+00  9.98308e-01  1.00074e+00
 4.45751e+00  9.98634e-01  1.00074e+00
 4.46441e+00  9.98351e-01  1.00074e+00
 4.47151e+00  9.97444e-01  1.00074e+00
 4.47835e+00  9.97014e-01  1.00074e+00
 4.48527e+00  9.97302e-01  1.00074e+00
 4.49232e+00  9.96466e-01  1.00074e+00
 4.49967e+00  9.97275e-01  1.00074e+00
 4.50810e+00  9.96888e-01  1.00074e+00
 4.51541e+00  9.97475e-01  1.00074e+00
 4.52264e+00  9.96751e-01  1.00074e+00
 4.52983e+00  9.96874e-01  1.00074e+00
 4.53678e+00  9.96813e-01  1.00074e+00
 4.54350e+00  9.96226e-01  1.00074e+00
 4.55066e+00  9.95191e-01  1.00074e+00
 4.55761e+00  9.95402e-01  1.00074e+00
 4.56433e+00  9.95468e-01  1.00074e+00
 4.57147e+00  9.96238e-01  1.00074e+00
 4.57846e+00  9.96109e-01  1.00074e+00
 4.58604e+00  9.95876e-01  1.00074e+00
 4.59376e+00  9.94931e-01  1.00074e+00
 4.60063e+00  9.95614e-01  1.00074e+00
 4.60762e+00  9.95300e-01  1.00074e+00
 4.61527e+00  9.96316e-01  1.00074e+00
 4.62261e+00  9.94558e-01  1.00074e+00
 4.62954e+00  9.94811e-01  1.00074e+00
 4.63746e+00  9.94058e-01  1.00074e+00
 4.64434e+00  9.94693e-01  1.00074e+00
 4.65117e+00  9.92273e-01  1.00074e+00
 4.65833e+00  9.91342e-01  1.00074e+00
 4.66556e+00  9.92400e-01  1.00074e+00
 4.67325e+00  9.90157e-01  1.00074e+00
 4.68127e+00  9.91025e-01  1.00074e+00
 4.68802e+00  9.90839e-01  1.00074e+00
 4.69498e+00  9.91983e-01  1.00074e+00
 4.70218e+00  9.92344e-01  1.00074e+00
 4.70986e+00  9.92834e-01  1.00074e+00
 4.71733e+00  9.93225e-01  1.00074e+00
 4.72428e+00  9.94435e-01  1.00074e+00
 4.73114e+00  9.95438e-01  1.00074e+00
 4.73895e+00  9.93654e-01  1.00074e+00
 4.74664e+00  9.94786e-01  1.00074e+00
 4.75385e+00  9.95176e-01  1.00074e+00
 4.76110e+00  9.94995e-01  1.00074e+00
 4.76806e+00  9.94717e-01  1.00074e+00
 4.77466e+00  9.94803e-01  1.00074e+00
 4.78233e+00  9.94776e-01  1.00074e+00
 4.78960e+00  9.95099e-01  1.00074e+00
 4.79623e+00  9.95460e-01  1.00074e+00
 4.80399e+00  9.95533e-01  1.00074e+00
 4.81102e+00  9.96180e-01  1.00074e+00
 4.81840e+00  9.95436e-01  1.00074e+00
 4.82567e+00  9.95959e-01  1.00074e+00
 4.83251e+00  9.95843e-01  1.00074e+00
 4.83965e+00  9.95823e-01  1.00074e+00
 4.84725e+00  9.95981e-01  1.00074e+00
 4.85400e+00  9.96163e-01  1.00074e+00
 4.86097e+00  9.96433e-01  1.00074e+00
 4.86808e+00  9.96197e-01  1.00074e+00
 4.87552e+00  9.97470e-01  1.00074e+00
 4.88300e+00  9.97973e-01  1.00074e+00
 4.89031e+00  9.97541e-01  1.00074e+00
 4.89672e+00  9.97656e-01  1.00074e+00
 4.90363e+00  9.98661e-01  1.00074e+00
 4.91020e+00  9.99042e-01  1.00074e+00
 4.91682e+00  9.99010e-01  1.00074e+00
 4.92329e+00  1.00014e+00  1.00074e+00
 4.92975e+00  9.98681e-01  1.00074e+00
 4.93647e+00  9.99556e-01  1.00074e+00
 4.94266e+00  1.01536e+00  1.00074e+00
 4.94868e+00  1.00015e+00  1.00074e+00
 4.95533e+00  1.00049e+00  1.00074e+00
 4.96193e+00  1.00123e+00  1.00074e+00
 4.96841e+00  1.01345e+00  1.00074e+00
 4.97476e+00  1.00220e+00  1.00074e+00
 4.98216e+00  1.00151e+00  1.00074e+00
 4.98859e+00  1.01078e+00  1.00074e+00
 4.99478e+00  1.00248e+00  1.00074e+00
 5.00120e+00  1.00327e+00  1.00074e+00
 5.00754e+00  1.01052e+00  1.00074e+00
 5.01391e+00  1.00385e+00  1.00074e+00
 5.02136e+00  1.00341e+00  1.00074e+00
 5.02838e+00  1.00989e+00  1.00074e+00
 5.03534e+00  1.00632e+00  1.00074e+00
 5.04196e+00  1.00670e+00  1.00074e+00
 5.04817e+00  1.01018e+00  1.00074e+00
 5.05515e+00  1.00566e+00  1.00074e+00
 5.06262e+00  1.00706e+00  1.00074e+00
 5.06888e+00  1.00999e+00  1.00074e+00
 5.07492e+00  1.00733e+00  1.00074e+00
 5.08152e+00  1.00847e+00  1.00074e+00
 5.08786e+00  1.00991e+00  1.00074e+00
 5.09483e+00  1.00966e+00  1.00074e+00
 5.10146e+00  1.00966e+00  1.00074e+00
 5.10756e+00  1.00953e+00  1.00074e+00
 5.11442e+00  1.01091e+00  1.00074e+00
 5.12123e+00  1.00945e+00  1.00074e+00
 5.12808e+00  1.00955e+00  1.00074e+00
 5.13511e+00  1.01189e+00  1.00074e+00
 5.14187e+00  1.01087e+00  1.00074e+00
 5.14811e+00  1.01046e+00  1.00074e+00
 5.15479e+00  1.01178e+00  1.00074e+00
 5.16205e+00  1.01103e+00  1.00074e+00
 5.16835e+00  1.01181e+00  1.00074e+00
 5.17491e+00  1.01285e+00  1.00074e+00
 5.18165e+00  1.01192e+00  1.00074e+00
 5.18786e+00  1.01247e+00  1.00074e+00
 5.19444e+00  1.01230e+00  1.00074e+00
 5.20112e+00  1.01109e+00  1.00074e+00
 5.20797e+00  1.01186e+00  1.00074e+00
 5.21577e+00  1.01188e+00  1.00074e+00
 5.22201e+00  1.01242e+00  1.00074e+00
 5.22830e+00  1.01169e+00  1.00074e+00
 5.23487e+00  1.01230e+00  1.00074e+00
 5.24142e+00  1.01072e+00  1.00074e+00
 5.24794e+00  1.01111e+00  1.00074e+00
 5.25432e+00  1.01062e+00  1.00074e+00
 5.26086e+00  1.01048e+00  1.00074e+00
 5.26753e+00  1.01057e+00  1.00074e+00
 5.27354e+00  1.02093e+00  1.00074e+00
 5.27953e+00  1.01094e+00  1.00074e+00
 5.28568e+00  1.00408e+00  1.00074e+00
 5.29134e+00  1.00893e+00  1.00074e+00
 5.29836e+00  1.00431e+00  1.00074e+00
 5.30411e+00  1.00529e+00  1.00074e+00
 5.30994e+00  1.00745e+00  1.00074e+00
 5.31607e+00  1.00914e+00  1.00074e+00
 5.32257e+00  1.01052e+00  1.00074e+00
 5.32874e+00  1.00659e+00  1.00074e+00
 5.33480e+00  1.00824e+00  1.00074e+00
 5.34133e+00  1.00756e+00  1.00074e+00
 5.34701e+00  1.00579e+00  1.00074e+00
 5.35303e+00  1.00512e+00  1.00074e+00
 5.35930e+00  1.00626e+00  1.00074e+00
 5.36558e+00  1.00475e+00  1.00074e+00
 5.37244e+00  1.00432e+00  1.00074e+00
 5.37887e+00  1.00399e+00  1.00074e+00
 5.38481e+00  1.00502e+00  1.00074e+00
 5.39102e+00  1.00243e+00  1.00074e+00
 5.39730e+00  1.00395e+00  1.00074e+00
 5.40334e+00  1.00435e+00  1.00074e+00
 5.40893e+00  1.00312e+00  1.00074e+00
 5.41552e+00  1.00188e+00  1.00074e+00
 5.42180e+00  1.00343e+00  1.00074e+00
 5.42748e+00  1.00212e+00  1.00074e+00
 5.43328e+00  1.00195e+00  1.00074e+00
 5.43898e+00  1.00248e+00  1.00074e+00
 5.44501e+00  1.00286e+00  1.00074e+00
 5.45098e+00  1.00140e+00  1.00074e+00
 5.45719e+00  1.00189e+00  1.00074e+00
 5.46345e+00  1.00160e+00  1.00074e+00
 5.46916e+00  1.00038e+00  1.00074e+00
 5.47493e+00  1.00028e+00  1.00074e+00
 5.48066e+00  1.00037e+00  1.00074e+00
 5.48667e+00  1.00050e+00  1.00074e+00
 5.49225e+00  9.99671e-01  1.00074e+00
 5.49800e+00  9.98635e-01  1.00074e+00
 5.50432e+00  1.00042e+00  1.00074e+00
 5.51031e+00  9.99351e-01  1.00074e+00
 5.51602e+00  9.99270e-01  1.00074e+00
 5.52182e+00  9.99353e-01  1.00074e+00
 5.52883e+00  9.99391e-01  1.00074e+00
 5.53495e+00  9.98617e-01  1.00074e+00
 5.54080e+00  9.99397e-01  1.00074e+00
 5.54711e+00  9.99806e-01  1.00074e+00
 5.55393e+00  9.98770e-01  1.00074e+00
 5.56101e+00  9.98455e-01  1.00074e+00
 5.56737e+00  9.98455e-01  1.00074e+00
 5.57332e+00  9.97493e-01  1.00074e+00
 5.57947e+00  9.97964e-01  1.00074e+00
 5.58605e+00  9.98031e-01  1.00074e+00
 5.59195e+00  9.98566e-01  1.00074e+00
 5.59837e+00  9.98037e-01  1.00074e+00
 5.60562e+00  9.97679e-01  1.00074e+00
 5.61227e+00  9.97702e-01  1.00074e+00
 5.61858e+00  9.97443e-01  1.00074e+00
 5.62467e+00  9.97320e-01  1.00074e+00
 5.63075e+00  9.98325e-01  1.00074e+00
 5.63669e+00  9.98086e-01  1.00074e+00
 5.64356e+00  9.97064e-01  1.00074e+00
 5.65005e+00  9.97542e-01  1.00074e+00
 5.65636e+00  9.97252e-01  1.00074e+00
 5.66274e+00  9.97520e-01  1.00074e+00
 5.66879e+00  9.97451e-01  1.00074e+00
 5.67472e+00  9.96937e-01  1.00074e+00
 5.68093e+00  9.95496e-01  1.00074e+00
 5.68760e+00  9.96660e-01  1.00074e+00
 5.69390e+00  9.96981e-01  1.00074e+00
 5.69992e+00  9.96409e-01  1.00074e+00
 5.70657e+00  9.96706e-01  1.00074e+00
 5.71283e+00  9.97081e-01  1.00074e+00
 5.71871e+00  9.96522e-01  1.00074e+00
 5.72546e+00  9.97880e-01  1.00074e+00
 5.73192e+00  9.96279e-01  1.00074e+00
 5.73784e+00  9.97368e-01  1.00074e+00
 5.74420e+00  9.97175e-01  1.00074e+00
 5.75105e+00  9.97375e-01  1.00074e+00
 5.75800e+00  9.97740e-01  1.00074e+00
 5.76426e+00  9.96844e-01  1.00074e+00
 5.77050e+00  9.97216e-01  1.00074e+00
 5.77697e+00  9.97762e-01  1.00074e+00
 5.78316e+00  9.97654e-01  1.00074e+00
 5.78965e+00  9.97222e-01  1.00074e+00
 5.79575e+00  9.97569e-01  1.00074e+00
 5.80197e+00  9.96911e-01  1.00074e+00
 5.80795e+00  9.96999e-01  1.00074e+00
 5.81460e+00  9.98192e-01  1.00074e+00
 5.82111e+00  9.98338e-01  1.00074e+00
 5.82746e+00  9.96960e-01  1.00074e+00
 5.83358e+00  9.97772e-01  1.00074e+00
 5.84072e+00  9.98776e-01  1.00074e+00
 5.84643e+00  9.98443e-01  1.00074e+00
 5.85305e+00  9.98067e-01  1.00074e+00
 5.86012e+00  9.98083e-01  1.00074e+00
 5.86662e+00  9.97568e-01  1.00074e+00
 5.87357e+00  9.97756e-01  1.00074e+00
 5.88020e+00  9.98086e-01  1.00074e+00
 5.88655e+00  9.97950e-01  1.00074e+00
 5.89342e+00  9.97692e-01  1.00074e+00
 5.89971e+00  9.98791e-01  1.00074e+00
 5.90565e+00  9.98458e-01  1.00074e+00
 5.91233e+00  9.98903e-01  1.00074e+00
 5.91962e+00  9.98233e-01  1.00074e+00
 5.92583e+00  9.98396e-01  1.00074e+00
 5.93232e+00  9.98403e-01  1.00074e+00
 5.93893e+00  9.98588e-01  1.00074e+00
 5.94595e+00  9.99195e-01  1.00074e+00
 5.95226e+00  1.01482e+00  1.00074e+00
 5.95845e+00  9.98443e-01  1.00074e+00
 5.96572e+00  9.99540e-01  1.00074e+00
 5.97235e+00  1.01054e+00  1.00074e+00
 5.97830e+00  9.98834e-01  1.00074e+00
 5.98512e+00  9.99108e-01  1.00074e+00
 5.99133e+00  9.98441e-01  1.00074e+00
 5.99740e+00  1.00701e+00  1.00074e+00
 6.00343e+00  1.00015e+00  1.00074e+00
 6.01002e+00  9.98944e-01  1.00074e+00
 6.01676e+00  1.00424e+00  1.00074e+00
 6.02364e+00  9.98939e-01  1.00074e+00
 6.03001e+00  9.99245e-01  1.00074e+00
 6.03621e+00  1.00201e+00  1.00074e+00
 6.04192e+00  9.99526e-01  1.00074e+00
 6.04847e+00  9.99490e-01  1.00074e+00
 6.05498e+00  1.00062e+00  1.00074e+00
 6.06189e+00  9.99315e-01  1.00074e+00
 6.06864e+00  9.99803e-01  1.00074e+00
 6.07467e+00  1.00052e+00  1.00074e+00
 6.08122e+00  9.99489e-01  1.00074e+00
 6.08741e+00  9.99436e-01  1.00074e+00
 6.09385e+00  9.99374e-01  1.00074e+00
 6.10010e+00  9.99917e-01  1.00074e+00
 6.10697e+00  9.99766e-01  1.00074e+00
 6.11334e+00  9.99715e-01  1.00074e+00
 6.11899e+00  9.98997e-01  1.00074e+00
 6.12510e+00  1.00031e+00  1.00074e+00
 6.13182e+00  1.00017e+00  1.00074e+00
 6.13780e+00  1.00019e+00  1.00074e+00
 6.14407e+00  9.99890e-01  1.00074e+00
 6.15168e+00  1.00076e+00  1.00074e+00
 6.15875e+00  9.98815e-01  1.00074e+00
 6.16491e+00  9.99898e-01  1.00074e+00
 6.17186e+00  9.99960e-01  1.00074e+00
 6.17821e+00  9.99755e-01  1.00074e+00
 6.18501e+00  9.99593e-01  1.00074e+00
 6.19196e+00  1.00018e+00  1.00074e+00
 6.19882e+00  9.99861e-01  1.00074e+00
 6.20573e+00  9.99502e-01  1.00074e+00
 6.21241e+00  1.00092e+00  1.00074e+00
 6.21870e+00  1.00057e+00  1.00074e+00
 6.22510e+00  9.99685e-01  1.00074e+00
 6.23197e+00  9.99643e-01  1.00074e+00
 6.23852e+00  1.00039e+00  1.00074e+00
 6.24514e+00  1.00114e+00  1.00074e+00
 6.25151e+00  1.00141e+00  1.00074e+00
 6.25861e+00  1.00056e+00  1.00074e+00
 6.26476e+00  1.00113e+00  1.00074e+00
 6.27124e+00  1.00098e+00  1.00074e+00
 6.27822e+00  1.00049e+00  1.00074e+00
 6.28484e+00  1.00141e+00  1.00074e+00
 6.29176e+00  1.00073e+00  1.00074e+00
 6.29847e+00  1.00065e+00  1.00074e+00
 6.30447e+00  1.00092e+00  1.00074e+00
 6.31120e+00  1.00178e+00  1.00074e+00
 6.31794e+00  1.00100e+00  1.00074e+00
 6.32450e+00  1.00049e+00  1.00074e+00
 6.33152e+00  1.00107e+00  1.00074e+00
 6.33871e+00  1.02046e+00  1.00074e+00
 6.34487e+00  1.00056e+00  1.00074e+00
 6.35132e+00  1.00045e+00  1.00074e+00
 6.35753e+00  1.01656e+00  1.00074e+00
 6.36397e+00  1.00021e+00  1.00074e+00
 6.37014e+00  1.00119e+00  1.00074e+00
 6.37764e+00  1.00006e+00  1.00074e+00
 6.38502e+00  9.99647e-01  1.00074e+00
 6.39155e+00  1.00005e+00  1.00074e+00
 6.39879e+00  1.00147e+00  1.00074e+00
 6.40564e+00  1.00029e+00  1.00074e+00
 6.41180e+00  1.00003e+00  1.00074e+00
 6.41810e+00  1.00118e+00  1.00074e+00
 6.42466e+00  9.99764e-01  1.00074e+00
 6.43143e+00  1.00108e+00  1.00074e+00
 6.43831e+00  1.00089e+00  1.00074e+00
 6.44549e+00  1.00054e+00  1.00074e+00
 6.45225e+00  9.99877e-01  1.00074e+00
 6.45915e+00  1.00136e+00  1.00074e+00
 6.46572e+00  1.00039e+00  1.00074e+00
 6.47211e+00  1.00339e+00  1.00074e+00
 6.47926e+00  1.00092e+00  1.00074e+00
 6.48589e+00  1.00670e+00  1.00074e+00
 6.49249e+00  1.00094e+00  1.00074e+00
 6.49939e+00  1.00047e+00  1.00074e+00
 6.50605e+00  1.00576e+00  1.00074e+00
 6.51266e+00  1.00034e+00  1.00074e+00
 6.51954e+00  1.00049e+00  1.00074e+00
 6.52621e+00  1.00491e+00  1.00074e+00
 6.53283e+00  1.00017e+00  1.00074e+00
 6.53970e+00  1.00049e+00  1.00074e+00
 6.54609e+00  1.00309e+00  1.00074e+00
 6.55228e+00  1.00129e+00  1.00074e+00
 6.55904e+00  1.00089e+00  1.00074e+00
 6.56553e+00  1.00354e+00  1.00074e+00
 6.57311e+00  9.99823e-01  1.00074e+00
 6.58004e+00  1.00008e+00  1.00074e+00
 6.58772e+00  1.00176e+00  1.00074e+00
 6.59463e+00  1.00205e+00  1.00074e+00
 6.60157e+00  1.00032e+00  1.00074e+00
 6.60854e+00  1.00145e+00  1.00074e+00
 6.61547e+00  1.00086e+00  1.00074e+00
 6.62240e+00  1.00025e+00  1.00074e+00
 6.62989e+00  1.00073e+00  1.00074e+00
 6.63700e+00  1.00115e+00  1.00074e+00
 6.64387e+00  1.00002e+00  1.00074e+00
 6.65096e+00  1.00091e+00  1.00074e+00
 6.65784e+00  9.99738e-01  1.00074e+00
 6.66471e+00  1.00039e+00  1.00074e+00
 6.67177e+00  1.00085e+00  1.00074e+00
 6.67867e+00  1.00112e+00  1.00074e+00
 6.68554e+00  1.00023e+00  1.00074e+00
 6.69260e+00  1.00045e+00  1.00074e+00
 6.69950e+00  1.00048e+00  1.00074e+00
 6.70638e+00  1.00003e+00  1.00074e+00
 6.71346e+00  1.00004e+00  1.00074e+00
 6.72034e+00  1.00076e+00  1.00074e+00
 6.72768e+00  1.00044e+00  1.00074e+00
 6.73567e+00  1.00147e+00  1.00074e+00
 6.74249e+00  1.00012e+00  1.00074e+00
 6.75037e+00  1.00038e+00  1.00074e+00
 6.75868e+00  9.99698e-01  1.00074e+00
 6.76483e+00  1.00047e+00  1.00074e+00
 6.77204e+00  9.99763e-01  1.00074e+00
 6.77889e+00  1.00062e+00  1.00074e+00
 6.78562e+00  1.00125e+00  1.00074e+00
 6.79239e+00  1.00071e+00  1.00074e+00
 6.79967e+00  9.99655e-01  1.00074e+00
 6.80651e+00  1.00002e+00  1.00074e+00
 6.81393e+00  1.00157e+00  1.00074e+00
 6.82118e+00  1.00011e+00  1.00074e+00
 6.82796e+00  9.99738e-01  1.00074e+00
 6.83477e+00  1.00022e+00  1.00074e+00
 6.84265e+00  1.00070e+00  1.00074e+00
 6.84964e+00  1.00007e+00  1.00074e+00
 6.85712e+00  1.00104e+00  1.00074e+00
 6.86418e+00  9.99484e-01  1.00074e+00
 6.87125e+00  1.00006e+00  1.00074e+00
 6.87868e+00  1.00064e+00  1.00074e+00
 6.88561e+00  1.00056e+00  1.00074e+00
 6.89294e+00  1.00005e+00  1.00074e+00
 6.90022e+00  9.98990e-01  1.00074e+00
 6.90723e+00  9.99789e-01  1.00074e+00
 6.91470e+00  1.00044e+00  1.00074e+00
 6.92178e+00  9.99144e-01  1.00074e+00
 6.92867e+00  9.99249e-01  1.00074e+00
 6.93554e+00  1.00020e+00  1.00074e+00
 6.94261e+00  1.00153e+00  1.00074e+00
 6.94950e+00  1.00076e+00  1.00074e+00
 6.95639e+00  1.00087e+00  1.00074e+00
 6.96346e+00  1.00052e+00  1.00074e+00
 6.97035e+00  1.00188e+00  1.00074e+00
 6.97720e+00  9.99782e-01  1.00074e+00
 6.98428e+00  1.00100e+00  1.00074e+00
 6.99117e+00  1.00012e+00  1.00074e+00
 6.99804e+00  9.99975e-01  1.00074e+00
 7.00511e+00  1.00112e+00  1.00074e+00
 7.01200e+00  1.00071e+00  1.00074e+00
 7.01936e+00  1.00076e+00  1.00074e+00
 7.02672e+00  1.00090e+00  1.00074e+00
