719
 7.02269e-03  1.00105e+00  1.00048e+00
 1.23200e-02  1.00062e+00  1.00049e+00
 1.86778e-02  9.99635e-01  1.00051e+00
 2.29365e-02  1.00010e+00  1.00051e+00
 2.52814e-02  1.00177e+00  1.00052e+00
 3.25051e-02  1.00132e+00  1.00053e+00
 3.65044e-02  1.00036e+00  1.00054e+00
 4.40119e-02  1.00047e+00  1.00056e+00
 5.26683e-02  1.00112e+00  1.00057e+00
 5.70154e-02  1.00037e+00  1.00058e+00
 6.49676e-02  1.00019e+00  1.00060e+00
 7.11097e-02  1.00160e+00  1.00061e+00
 8.18283e-02  1.00053e+00  1.00063e+00
 8.54398e-02  9.99408e-01  1.00064e+00
 8.82605e-02  1.00121e+00  1.00064e+00
 9.20214e-02  1.00098e+00  1.00065e+00
 1.01595e-01  1.00073e+00  1.00067e+00
 1.08263e-01  1.00077e+00  1.00068e+00
 1.11866e-01  1.00055e+00  1.00069e+00
 1.19331e-01  1.00068e+00  1.00071e+00
 1.28724e-01  9.99702e-01  1.00072e+00
 1.35601e-01  9.99888e-01  1.00074e+00
 1.38424e-01  1.00110e+00  1.00074e+00
 1.41686e-01  1.00062e+00  1.00075e+00
 1.52455e-01  1.00034e+00  1.00077e+00
 1.74022e-01  1.00032e+00  1.00081e+00
 1.87740e-01  1.00058e+00  1.00084e+00
 2.00114e-01  1.00050e+00  1.00086e+00
 2.12291e-01  1.00116e+00  1.00088e+00
 2.19678e-01  9.99580e-01  1.00090e+00
 2.31524e-01  1.00012e+00  1.00092e+00
 2.36941e-01  1.00088e+00  1.00093e+00
 2.40601e-01  1.00103e+00  1.00093e+00
 2.44323e-01  1.00072e+00  1.00094e+00
 2.55299e-01  1.00070e+00  1.00096e+00
 2.61745e-01  1.00037e+00  1.00097e+00
 2.66686e-01  1.00084e+00  1.00098e+00
 2.71037e-01  1.00084e+00  1.00098e+00
 2.77028e-01  1.00167e+00  1.00099e+00
 2.83435e-01  1.00067e+00  1.00100e+00
 2.87251e-01  1.00053e+00  1.00101e+00
 2.92225e-01  1.00096e+00  1.00101e+00
 2.99401e-01  1.00119e+00  1.00102e+00
 3.03916e-01  1.00037e+00  1.00103e+00
 3.11479e-01  1.00027e+00  1.00104e+00
 3.16961e-01  1.00010e+00  1.00105e+00
 3.21413e-01  1.00143e+00  1.00105e+00
 3.26246e-01  1.00049e+00  1.00106e+00
 3.34838e-01  1.00162e+00  1.00106e+00
 3.43677e-01  1.00150e+00  1.00107e+00
 3.47433e-01  1.00071e+00  1.00108e+00
 3.58487e-01  1.00156e+00  1.00108e+00
 3.76059e-01  1.00099e+00  1.00109e+00
 3.90326e-01  1.00053e+00  1.00110e+00
 3.94678e-01  1.00185e+00  1.00110e+00
 3.98666e-01  1.00194e+00  1.00110e+00
 4.02987e-01  1.00081e+00  1.00109e+00
 4.08693e-01  1.00072e+00  1.00109e+00
 4.15920e-01  1.00082e+00  1.00109e+00
 4.22458e-01  1.00049e+00  1.00109e+00
 4.27327e-01  1.00030e+00  1.00108e+00
 4.31926e-01  1.00081e+00  1.00108e+00
 4.35446e-01  1.00167e+00  1.00108e+00
 4.45292e-01  1.00182e+00  1.00107e+00
 4.53440e-01  9.99773e-01  1.00105e+00
 4.57055e-01  1.00201e+00  1.00105e+00
 4.60724e-01  1.00171e+00  1.00104e+00
 4.63771e-01  1.00203e+00  1.00104e+00
 4.68884e-01  1.00022e+00  1.00103e+00
 4.72570e-01  1.00095e+00  1.00102e+00
 4.75864e-01  9.99796e-01  1.00101e+00
 4.80219e-01  1.00148e+00  1.00100e+00
 4.85090e-01  1.00177e+00  1.00099e+00
 4.92618e-01  1.00021e+00  1.00097e+00
 4.97303e-01  1.00045e+00  1.00096e+00
 5.00115e-01  1.00130e+00  1.00095e+00
 5.04338e-01  1.00149e+00  1.00093e+00
 5.10389e-01  1.00173e+00  1.00091e+00
 5.15940e-01  9.99785e-01  1.00089e+00
 5.20425e-01  1.00115e+00  1.00087e+00
 5.25178e-01  1.00169e+00  1.00085e+00
 5.28426e-01  9.99524e-01  1.00084e+00
 5.31994e-01  1.00089e+00  1.00082e+00
 5.38238e-01  9.99967e-01  1.00079e+00
 5.45508e-01  1.00181e+00  1.00075e+00
 5.52192e-01  1.00075e+00  1.00071e+00
 5.62796e-01  1.00036e+00  1.00065e+00
 5.69544e-01  1.00063e+00  1.00060e+00
 5.80015e-01  1.00054e+00  1.00053e+00
 5.91079e-01  1.00026e+00  1.00044e+00
 5.98256e-01  1.00065e+00  1.00037e+00
 6.12767e-01  9.99137e-01  1.00024e+00
 6.18238e-01  9.99521e-01  1.00018e+00
 6.27864e-01  1.00119e+00  1.00007e+00
 6.36103e-01  1.00031e+00  9.99977e-01
 6.46457e-01  9.99248e-01  9.99847e-01
 6.50861e-01  1.00129e+00  9.99789e-01
 6.57781e-01  1.00011e+00  9.99694e-01
 6.63974e-01  1.00075e+00  9.99605e-01
 6.74975e-01  1.00041e+00  9.99439e-01
 6.88086e-01  9.98745e-01  9.99225e-01
 7.07442e-01  9.97977e-01  9.98880e-01
 7.23455e-01  9.98363e-01  9.98569e-01
 7.38656e-01  9.98267e-01  9.98253e-01
 7.50018e-01  9.97660e-01  9.98004e-01
 7.61909e-01  9.98264e-01  9.97735e-01
 7.72191e-01  9.97791e-01  9.97496e-01
 7.89901e-01  9.96409e-01  9.97073e-01
 8.06278e-01  9.96386e-01  9.96679e-01
 8.12787e-01  9.97277e-01  9.96523e-01
 8.32195e-01  9.96783e-01  9.96070e-01
 8.37781e-01  9.94866e-01  9.95946e-01
 8.40926e-01  9.95099e-01  9.95877e-01
 8.45473e-01  9.90573e-01  9.95780e-01
 8.50358e-01  9.87579e-01  9.93291e-01
 8.54378e-01  9.86223e-01  9.89784e-01
 8.58283e-01  9.81249e-01  9.85892e-01
 8.61000e-01  9.81506e-01  9.83067e-01
 8.65036e-01  9.77174e-01  9.78876e-01
 8.67736e-01  9.74532e-01  9.76161e-01
 8.73508e-01  9.70753e-01  9.70845e-01
 8.76730e-01  9.69258e-01  9.68280e-01
 8.79901e-01  9.67393e-01  9.66104e-01
 8.90004e-01  9.65178e-01  9.61907e-01
 8.97559e-01  9.64914e-01  9.61793e-01
 9.07812e-01  9.66294e-01  9.65779e-01
 9.11355e-01  9.70840e-01  9.68151e-01
 9.15211e-01  9.70995e-01  9.71213e-01
 9.19219e-01  9.74313e-01  9.74829e-01
 9.22958e-01  9.75893e-01  9.78487e-01
 9.27771e-01  9.79002e-01  9.83394e-01
 9.30339e-01  9.82833e-01  9.85996e-01
 9.37367e-01  9.86782e-01  9.92388e-01
 9.45564e-01  9.93363e-01  9.95025e-01
 9.56911e-01  9.94795e-01  9.95208e-01
 9.62904e-01  9.94722e-01  9.95333e-01
 9.73153e-01  9.94934e-01  9.95597e-01
 9.87687e-01  9.95631e-01  9.96076e-01
 9.97813e-01  9.95861e-01  9.96483e-01
 1.00164e+00  9.95971e-01  9.96653e-01
 1.00472e+00  9.96840e-01  9.96795e-01
 1.00913e+00  9.95815e-01  9.97007e-01
 1.01246e+00  9.98070e-01  9.97175e-01
 1.02143e+00  9.97566e-01  9.97654e-01
 1.02881e+00  9.97810e-01  9.98078e-01
 1.03913e+00  9.99123e-01  9.98709e-01
 1.05152e+00  9.99620e-01  9.99516e-01
 1.05872e+00  1.00089e+00  1.00000e+00
 1.06747e+00  1.00071e+00  1.00061e+00
 1.07643e+00  1.00186e+00  1.00124e+00
 1.08617e+00  1.00178e+00  1.00192e+00
 1.09015e+00  1.00125e+00  1.00220e+00
 1.10467e+00  1.00308e+00  1.00318e+00
 1.11062e+00  1.00338e+00  1.00357e+00
 1.11562e+00  1.00287e+00  1.00389e+00
 1.12635e+00  1.00367e+00  1.00453e+00
 1.13630e+00  1.00547e+00  1.00507e+00
 1.14002e+00  1.00491e+00  1.00526e+00
 1.14859e+00  1.00584e+00  1.00567e+00
 1.15670e+00  1.00541e+00  1.00601e+00
 1.16865e+00  1.00643e+00  1.00643e+00
 1.18255e+00  1.00660e+00  1.00679e+00
 1.18875e+00  1.00719e+00  1.00691e+00
 1.19934e+00  1.00658e+00  1.00705e+00
 1.21130e+00  1.00673e+00  1.00711e+00
 1.22181e+00  1.00733e+00  1.00709e+00
 1.23298e+00  1.00722e+00  1.00700e+00
 1.24470e+00  1.00678e+00  1.00683e+00
 1.26516e+00  1.00642e+00  1.00639e+00
 1.27501e+00  1.00584e+00  1.00613e+00
 1.27944e+00  1.00552e+00  1.00600e+00
 1.28292e+00  1.00491e+00  1.00590e+00
 1.28814e+00  1.00498e+00  1.00574e+00
 1.29251e+00  1.00510e+00  1.00560e+00
 1.29649e+00  1.00663e+00  1.00548e+00
 1.30300e+00  1.00452e+00  1.00526e+00
 1.30999e+00  1.00562e+00  1.00502e+00
 1.32556e+00  1.00419e+00  1.00449e+00
 1.33904e+00  1.00385e+00  1.00402e+00
 1.34466e+00  1.00296e+00  1.00382e+00
 1.34860e+00  1.00365e+00  1.00369e+00
 1.36055e+00  1.00346e+00  1.00328e+00
 1.37132e+00  1.00278e+00  1.00293e+00
 1.38054e+00  1.00208e+00  1.00263e+00
 1.38436e+00  1.00296e+00  1.00252e+00
 1.38968e+00  1.00220e+00  1.00235e+00
 1.39610e+00  1.00194e+00  1.00216e+00
 1.40114e+00  1.00155e+00  1.00202e+00
 1.41323e+00  1.00174e+00  1.00168e+00
 1.42301e+00  1.00170e+00  1.00143e+00
 1.42769e+00  1.00125e+00  1.00131e+00
 1.43034e+00  1.00100e+00  1.00125e+00
 1.44054e+00  1.00119e+00  1.00101e+00
 1.45191e+00  1.00093e+00  1.00076e+00
 1.45673e+00  9.99578e-01  1.00067e+00
 1.46361e+00  1.00094e+00  1.00053e+00
 1.47399e+00  9.99679e-01  1.00034e+00
 1.48018e+00  9.99642e-01  1.00023e+00
 1.48834e+00  9.99818e-01  1.00010e+00
 1.50108e+00  1.00024e+00  9.99910e-01
 1.50577e+00  9.98813e-01  9.99845e-01
 1.51502e+00  9.99997e-01  9.99725e-01
 1.52736e+00  9.99916e-01  9.99580e-01
 1.53185e+00  9.98790e-01  9.99531e-01
 1.53400e+00  1.00003e+00  9.99509e-01
 1.53947e+00  9.99041e-01  9.99453e-01
 1.54251e+00  9.98882e-01  9.99424e-01
 1.54576e+00  9.98052e-01  9.99394e-01
 1.55027e+00  9.99700e-01  9.99353e-01
 1.55777e+00  1.00017e+00  9.99290e-01
 1.56163e+00  9.98881e-01  9.99259e-01
 1.56515e+00  9.99171e-01  9.99233e-01
 1.56746e+00  9.98362e-01  9.99215e-01
 1.57502e+00  9.99603e-01  9.99163e-01
 1.58189e+00  9.99384e-01  9.99119e-01
 1.58854e+00  9.98463e-01  9.99080e-01
 1.59911e+00  9.98491e-01  9.99024e-01
 1.60833e+00  9.98316e-01  9.98981e-01
 1.62436e+00  9.98686e-01  9.98919e-01
 1.63359e+00  9.99098e-01  9.98890e-01
 1.64145e+00  9.99057e-01  9.98868e-01
 1.64868e+00  9.99696e-01  9.98851e-01
 1.65212e+00  9.98327e-01  9.98844e-01
 1.65942e+00  9.99350e-01  9.98830e-01
 1.66672e+00  9.97386e-01  9.98818e-01
 1.67102e+00  9.98869e-01  9.98812e-01
 1.67472e+00  9.97934e-01  9.98807e-01
 1.67825e+00  1.00032e+00  9.98803e-01
 1.68358e+00  9.99734e-01  9.98798e-01
 1.69279e+00  9.99161e-01  9.98791e-01
 1.70213e+00  9.98399e-01  9.98786e-01
 1.71006e+00  9.98811e-01  9.98784e-01
 1.71942e+00  9.99268e-01  9.98784e-01
 1.72322e+00  9.97935e-01  9.98785e-01
 1.72713e+00  9.99314e-01  9.98785e-01
 1.72961e+00  9.97854e-01  9.98786e-01
 1.73798e+00  9.99164e-01  9.98790e-01
 1.74857e+00  9.99009e-01  9.98796e-01
 1.75912e+00  9.98820e-01  9.98804e-01
 1.76561e+00  9.98534e-01  9.98810e-01
 1.77350e+00  9.98635e-01  9.98818e-01
 1.77876e+00  9.99113e-01  9.98823e-01
 1.78937e+00  9.98683e-01  9.98836e-01
 1.80430e+00  9.99509e-01  9.98856e-01
 1.81050e+00  9.99791e-01  9.98865e-01
 1.81360e+00  9.98286e-01  9.98870e-01
 1.81877e+00  9.97803e-01  9.98878e-01
 1.82967e+00  9.99324e-01  9.98895e-01
 1.83533e+00  9.99418e-01  9.98904e-01
 1.84120e+00  9.98789e-01  9.98914e-01
 1.84445e+00  9.99007e-01  9.98920e-01
 1.84801e+00  9.99388e-01  9.98926e-01
 1.87154e+00  9.99343e-01  9.98968e-01
 1.88950e+00  9.98761e-01  9.99002e-01
 1.89963e+00  9.99893e-01  9.99022e-01
 1.90963e+00  9.98926e-01  9.99042e-01
 1.91524e+00  9.99191e-01  9.99053e-01
 1.91869e+00  9.99992e-01  9.99059e-01
 1.92355e+00  9.98747e-01  9.99069e-01
 1.93073e+00  9.99451e-01  9.99084e-01
 1.94617e+00  9.98757e-01  9.99115e-01
 1.95532e+00  9.98934e-01  9.99133e-01
 1.96841e+00  9.99237e-01  9.99160e-01
 1.98443e+00  9.99190e-01  9.99193e-01
 1.98949e+00  9.98612e-01  9.99203e-01
 1.99262e+00  9.98835e-01  9.99209e-01
 1.99959e+00  1.00078e+00  9.99224e-01
 2.00408e+00  9.98930e-01  9.99233e-01
 2.01682e+00  9.98728e-01  9.99259e-01
 2.02464e+00  1.00032e+00  9.99275e-01
 2.03254e+00  9.99022e-01  9.99291e-01
 2.03835e+00  9.99949e-01  9.99302e-01
 2.04724e+00  9.99207e-01  9.99320e-01
 2.05412e+00  9.99821e-01  9.99334e-01
 2.06034e+00  9.99512e-01  9.99347e-01
 2.07184e+00  9.98525e-01  9.99370e-01
 2.07522e+00  9.99629e-01  9.99377e-01
 2.07929e+00  9.99779e-01  9.99385e-01
 2.08269e+00  1.00055e+00  9.99392e-01
 2.08712e+00  1.00133e+00  9.99400e-01
 2.09560e+00  9.98597e-01  9.99417e-01
 2.10166e+00  9.99597e-01  9.99429e-01
 2.10542e+00  9.99695e-01  9.99437e-01
 2.11165e+00  9.99688e-01  9.99449e-01
 2.11950e+00  9.99807e-01  9.99464e-01
 2.12652e+00  1.00036e+00  9.99478e-01
 2.13663e+00  9.99174e-01  9.99498e-01
 2.15535e+00  9.99653e-01  9.99534e-01
 2.17286e+00  1.00105e+00  9.99567e-01
 2.17635e+00  9.98989e-01  9.99574e-01
 2.18449e+00  9.99184e-01  9.99590e-01
 2.18873e+00  1.00011e+00  9.99598e-01
 2.19777e+00  1.00016e+00  9.99615e-01
 2.20314e+00  9.99718e-01  9.99625e-01
 2.20879e+00  9.98775e-01  9.99636e-01
 2.21509e+00  1.00070e+00  9.99647e-01
 2.22771e+00  9.98740e-01  9.99671e-01
 2.23399e+00  1.00054e+00  9.99683e-01
 2.23927e+00  9.99644e-01  9.99693e-01
 2.24960e+00  1.00003e+00  9.99712e-01
 2.25394e+00  1.00126e+00  9.99720e-01
 2.26053e+00  9.99948e-01  9.99732e-01
 2.26909e+00  9.99940e-01  9.99748e-01
 2.27246e+00  9.99545e-01  9.99754e-01
 2.27569e+00  1.00085e+00  9.99760e-01
 2.28016e+00  9.99780e-01  9.99768e-01
 2.29230e+00  9.99389e-01  9.99791e-01
 2.29739e+00  9.99951e-01  9.99800e-01
 2.30363e+00  9.99860e-01  9.99811e-01
 2.30944e+00  1.00076e+00  9.99822e-01
 2.31415e+00  9.99095e-01  9.99831e-01
 2.32377e+00  1.00070e+00  9.99848e-01
 2.33269e+00  9.99260e-01  9.99865e-01
 2.33573e+00  1.00125e+00  9.99870e-01
 2.35257e+00  9.99781e-01  9.99901e-01
 2.37425e+00  9.98788e-01  9.99941e-01
 2.37794e+00  1.00044e+00  9.99947e-01
 2.38920e+00  1.00078e+00  9.99968e-01
 2.39481e+00  9.98905e-01  9.99978e-01
 2.39838e+00  9.99405e-01  9.99985e-01
 2.40305e+00  1.00060e+00  9.99993e-01
 2.40985e+00  9.99377e-01  1.00001e+00
 2.41649e+00  1.00021e+00  1.00002e+00
 2.42374e+00  1.00023e+00  1.00003e+00
 2.43547e+00  9.99254e-01  1.00005e+00
 2.44058e+00  9.99697e-01  1.00006e+00
 2.44341e+00  1.00027e+00  1.00007e+00
 2.44661e+00  9.99710e-01  1.00007e+00
 2.45010e+00  9.99757e-01  1.00008e+00
 2.45513e+00  1.00009e+00  1.00009e+00
 2.46073e+00  9.98836e-01  1.00010e+00
 2.46544e+00  9.99134e-01  1.00011e+00
 2.47983e+00  9.98935e-01  1.00013e+00
 2.48591e+00  9.99894e-01  1.00015e+00
 2.49227e+00  1.00085e+00  1.00016e+00
 2.49851e+00  9.99291e-01  1.00017e+00
 2.50448e+00  1.00007e+00  1.00018e+00
 2.51218e+00  9.99496e-01  1.00019e+00
 2.51577e+00  9.99620e-01  1.00020e+00
 2.52086e+00  9.99483e-01  1.00021e+00
 2.52517e+00  9.99769e-01  1.00022e+00
 2.52880e+00  1.00086e+00  1.00023e+00
 2.53305e+00  9.99541e-01  1.00023e+00
 2.53890e+00  9.98978e-01  1.00025e+00
 2.54167e+00  1.00031e+00  1.00025e+00
 2.54536e+00  9.98651e-01  1.00026e+00
 2.55160e+00  9.98576e-01  1.00027e+00
 2.55629e+00  1.00152e+00  1.00028e+00
 2.56429e+00  9.99549e-01  1.00029e+00
 2.56910e+00  1.00049e+00  1.00030e+00
 2.57493e+00  1.00043e+00  1.00031e+00
 2.58064e+00  9.99067e-01  1.00033e+00
 2.58405e+00  9.99918e-01  1.00033e+00
 2.59431e+00  1.00022e+00  1.00035e+00
 2.59710e+00  9.99967e-01  1.00036e+00
 2.60308e+00  9.99746e-01  1.00037e+00
 2.60828e+00  9.99946e-01  1.00038e+00
 2.61509e+00  1.00005e+00  1.00039e+00
 2.62400e+00  1.00132e+00  1.00041e+00
 2.63605e+00  1.00010e+00  1.00043e+00
 2.64217e+00  1.00125e+00  1.00044e+00
 2.65489e+00  9.99856e-01  1.00047e+00
 2.65970e+00  1.00111e+00  1.00048e+00
 2.67085e+00  9.99913e-01  1.00050e+00
 2.67770e+00  1.00087e+00  1.00051e+00
 2.68152e+00  1.00136e+00  1.00052e+00
 2.68901e+00  1.00058e+00  1.00054e+00
 2.69186e+00  1.00061e+00  1.00054e+00
 2.69464e+00  9.99551e-01  1.00055e+00
 2.69774e+00  9.99197e-01  1.00055e+00
 2.70104e+00  1.00164e+00  1.00056e+00
 2.71145e+00  1.00121e+00  1.00058e+00
 2.71634e+00  9.99587e-01  1.00059e+00
 2.72018e+00  1.00111e+00  1.00060e+00
 2.73009e+00  1.00076e+00  1.00062e+00
 2.73801e+00  1.00012e+00  1.00064e+00
 2.74742e+00  1.00056e+00  1.00065e+00
 2.75613e+00  1.00028e+00  1.00067e+00
 2.76051e+00  9.99937e-01  1.00068e+00
 2.76310e+00  1.00107e+00  1.00069e+00
 2.77001e+00  1.00048e+00  1.00070e+00
 2.78293e+00  9.99241e-01  1.00072e+00
 2.78651e+00  1.00084e+00  1.00073e+00
 2.79070e+00  1.00034e+00  1.00074e+00
 2.79548e+00  1.00033e+00  1.00075e+00
 2.79881e+00  9.99975e-01  1.00076e+00
 2.80481e+00  9.99696e-01  1.00077e+00
 2.80936e+00  1.00220e+00  1.00078e+00
 2.81216e+00  9.99345e-01  1.00078e+00
 2.81549e+00  1.00169e+00  1.00079e+00
 2.82310e+00  1.00053e+00  1.00080e+00
 2.84058e+00  1.00126e+00  1.00084e+00
 2.84580e+00  9.99797e-01  1.00085e+00
 2.85093e+00  1.00019e+00  1.00086e+00
 2.85418e+00  9.99457e-01  1.00086e+00
 2.85776e+00  1.00113e+00  1.00087e+00
 2.86195e+00  1.00097e+00  1.00088e+00
 2.86800e+00  1.00077e+00  1.00089e+00
 2.87288e+00  1.00043e+00  1.00090e+00
 2.87655e+00  1.00001e+00  1.00090e+00
 2.88408e+00  1.00070e+00  1.00092e+00
 2.89584e+00  9.99378e-01  1.00094e+00
 2.89983e+00  1.00231e+00  1.00094e+00
 2.90432e+00  1.00101e+00  1.00095e+00
 2.90901e+00  9.99632e-01  1.00096e+00
 2.91543e+00  1.00062e+00  1.00097e+00
 2.92441e+00  1.00141e+00  1.00098e+00
 2.93434e+00  1.00107e+00  1.00100e+00
 2.94875e+00  1.00128e+00  1.00102e+00
 2.95722e+00  1.00045e+00  1.00103e+00
 2.96472e+00  1.00067e+00  1.00104e+00
 2.97338e+00  1.00066e+00  1.00105e+00
 2.98392e+00  1.00099e+00  1.00106e+00
 2.99825e+00  1.00100e+00  1.00107e+00
 3.02035e+00  1.00105e+00  1.00109e+00
 3.02595e+00  9.99951e-01  1.00109e+00
 3.03145e+00  1.00139e+00  1.00109e+00
 3.03897e+00  1.00065e+00  1.00109e+00
 3.04492e+00  1.00028e+00  1.00110e+00
 3.05256e+00  1.00182e+00  1.00110e+00
 3.06137e+00  1.00035e+00  1.00109e+00
 3.07155e+00  1.00098e+00  1.00109e+00
 3.07872e+00  1.00034e+00  1.00109e+00
 3.08260e+00  1.00112e+00  1.00108e+00
 3.08605e+00  9.99966e-01  1.00108e+00
 3.08997e+00  1.00207e+00  1.00108e+00
 3.09380e+00  1.00105e+00  1.00107e+00
 3.09694e+00  1.00102e+00  1.00107e+00
 3.10061e+00  9.98618e-01  1.00106e+00
 3.10342e+00  1.00139e+00  1.00106e+00
 3.10715e+00  1.00031e+00  1.00106e+00
 3.11234e+00  1.00075e+00  1.00105e+00
 3.12154e+00  1.00042e+00  1.00103e+00
 3.12948e+00  9.99935e-01  1.00101e+00
 3.13716e+00  1.00285e+00  1.00100e+00
 3.14221e+00  9.98801e-01  1.00098e+00
 3.14646e+00  1.00078e+00  1.00097e+00
 3.15106e+00  1.00027e+00  1.00096e+00
 3.15597e+00  1.00131e+00  1.00094e+00
 3.16706e+00  1.00130e+00  1.00090e+00
 3.17879e+00  1.00075e+00  1.00085e+00
 3.18882e+00  1.00065e+00  1.00081e+00
 3.20816e+00  1.00056e+00  1.00070e+00
 3.22238e+00  1.00050e+00  1.00061e+00
 3.22976e+00  1.00010e+00  1.00056e+00
 3.23518e+00  9.99720e-01  1.00052e+00
 3.24141e+00  1.00209e+00  1.00047e+00
 3.24426e+00  9.99797e-01  1.00044e+00
 3.24789e+00  1.00001e+00  1.00041e+00
 3.25132e+00  9.99606e-01  1.00038e+00
 3.25710e+00  1.00002e+00  1.00033e+00
 3.26632e+00  9.99784e-01  1.00024e+00
 3.27222e+00  9.99521e-01  1.00018e+00
 3.27870e+00  1.00016e+00  1.00011e+00
 3.28444e+00  1.00104e+00  1.00004e+00
 3.28822e+00  1.00034e+00  1.00000e+00
 3.29103e+00  9.99137e-01  9.99966e-01
 3.29514e+00  1.00065e+00  9.99916e-01
 3.29831e+00  9.99260e-01  9.99875e-01
 3.30804e+00  9.99245e-01  9.99747e-01
 3.31709e+00  1.00100e+00  9.99619e-01
 3.32078e+00  9.98100e-01  9.99565e-01
 3.32510e+00  1.00069e+00  9.99500e-01
 3.33382e+00  9.99708e-01  9.99363e-01
 3.34261e+00  9.98521e-01  9.99218e-01
 3.34941e+00  9.98909e-01  9.99100e-01
 3.35536e+00  9.97638e-01  9.98994e-01
 3.35928e+00  9.99802e-01  9.98922e-01
 3.37076e+00  9.97730e-01  9.98704e-01
 3.39428e+00  9.98032e-01  9.98220e-01
 3.40118e+00  9.98949e-01  9.98069e-01
 3.40395e+00  9.97249e-01  9.98008e-01
 3.40820e+00  9.98119e-01  9.97913e-01
 3.41568e+00  9.97849e-01  9.97742e-01
 3.42672e+00  9.97325e-01  9.97485e-01
 3.43621e+00  9.96537e-01  9.97260e-01
 3.45436e+00  9.95759e-01  9.96823e-01
 3.46143e+00  9.97452e-01  9.96653e-01
 3.47004e+00  9.97368e-01  9.96447e-01
 3.48349e+00  9.96017e-01  9.96134e-01
 3.49319e+00  9.96072e-01  9.95917e-01
 3.49908e+00  9.91156e-01  9.95790e-01
 3.50483e+00  9.87693e-01  9.92979e-01
 3.51431e+00  9.81032e-01  9.83869e-01
 3.51873e+00  9.76086e-01  9.79266e-01
 3.52086e+00  9.75641e-01  9.77104e-01
 3.52605e+00  9.72361e-01  9.72177e-01
 3.52912e+00  9.69972e-01  9.69582e-01
 3.53268e+00  9.68022e-01  9.66950e-01
 3.54765e+00  9.65014e-01  9.61521e-01
 3.55885e+00  9.67325e-01  9.64130e-01
 3.56216e+00  9.66207e-01  9.65947e-01
 3.56635e+00  9.71283e-01  9.68839e-01
 3.57151e+00  9.73045e-01  9.73173e-01
 3.57746e+00  9.76847e-01  9.78917e-01
 3.58298e+00  9.79508e-01  9.84552e-01
 3.58766e+00  9.86249e-01  9.89145e-01
 3.59347e+00  9.87803e-01  9.93795e-01
 3.60269e+00  9.93661e-01  9.95067e-01
 3.62018e+00  9.95698e-01  9.95409e-01
 3.62959e+00  9.95122e-01  9.95666e-01
 3.63566e+00  9.94961e-01  9.95860e-01
 3.64065e+00  9.95571e-01  9.96035e-01
 3.66281e+00  9.96424e-01  9.96988e-01
 3.66670e+00  9.98580e-01  9.97183e-01
 3.67647e+00  9.96663e-01  9.97708e-01
 3.67974e+00  9.97980e-01  9.97895e-01
 3.68411e+00  9.98688e-01  9.98150e-01
 3.68802e+00  9.99324e-01  9.98387e-01
 3.69387e+00  9.98558e-01  9.98751e-01
 3.70626e+00  9.99529e-01  9.99560e-01
 3.71193e+00  1.00013e+00  9.99944e-01
 3.72897e+00  1.00150e+00  1.00113e+00
 3.74124e+00  1.00169e+00  1.00199e+00
 3.75471e+00  1.00298e+00  1.00291e+00
 3.76560e+00  1.00279e+00  1.00363e+00
 3.77112e+00  1.00314e+00  1.00397e+00
 3.77651e+00  1.00338e+00  1.00430e+00
 3.79103e+00  1.00610e+00  1.00511e+00
 3.79759e+00  1.00520e+00  1.00543e+00
 3.80539e+00  1.00569e+00  1.00579e+00
 3.81121e+00  1.00561e+00  1.00603e+00
 3.82395e+00  1.00693e+00  1.00647e+00
 3.82914e+00  1.00615e+00  1.00661e+00
 3.83702e+00  1.00601e+00  1.00680e+00
 3.84861e+00  1.00669e+00  1.00699e+00
 3.85519e+00  1.00735e+00  1.00706e+00
 3.86586e+00  1.00678e+00  1.00711e+00
 3.88278e+00  1.00667e+00  1.00704e+00
 3.90991e+00  1.00672e+00  1.00661e+00
 3.93316e+00  1.00596e+00  1.00602e+00
 3.95314e+00  1.00571e+00  1.00539e+00
 3.95714e+00  1.00445e+00  1.00526e+00
 3.96885e+00  1.00523e+00  1.00486e+00
 3.98443e+00  1.00435e+00  1.00432e+00
 3.99619e+00  1.00282e+00  1.00391e+00
 4.00169e+00  1.00308e+00  1.00372e+00
 4.02076e+00  1.00323e+00  1.00308e+00
 4.03415e+00  1.00201e+00  1.00265e+00
 4.03951e+00  1.00254e+00  1.00248e+00
 4.04717e+00  1.00259e+00  1.00225e+00
 4.05425e+00  1.00167e+00  1.00205e+00
 4.06508e+00  1.00207e+00  1.00174e+00
 4.07594e+00  1.00106e+00  1.00146e+00
 4.08282e+00  1.00119e+00  1.00129e+00
 4.08892e+00  1.00076e+00  1.00114e+00
 4.09238e+00  1.00194e+00  1.00106e+00
 4.09698e+00  1.00058e+00  1.00096e+00
 4.10667e+00  1.00065e+00  1.00075e+00
 4.12200e+00  1.00088e+00  1.00045e+00
 4.13075e+00  9.99465e-01  1.00029e+00
 4.13503e+00  9.99787e-01  1.00022e+00
 4.14026e+00  1.00011e+00  1.00013e+00
 4.15186e+00  9.99732e-01  9.99957e-01
 4.16045e+00  9.98737e-01  9.99837e-01
 4.16488e+00  1.00024e+00  9.99778e-01
 4.17039e+00  1.00016e+00  9.99709e-01
 4.17765e+00  9.99096e-01  9.99623e-01
 4.18243e+00  1.00015e+00  9.99569e-01
 4.18625e+00  9.99553e-01  9.99528e-01
 4.19161e+00  9.98982e-01  9.99473e-01
 4.19755e+00  9.98851e-01  9.99415e-01
 4.20262e+00  9.99546e-01  9.99368e-01
 4.20809e+00  9.99521e-01  9.99321e-01
 4.21689e+00  9.99204e-01  9.99250e-01
 4.22659e+00  9.99840e-01  9.99180e-01
 4.23403e+00  9.99736e-01  9.99131e-01
 4.23667e+00  9.99082e-01  9.99115e-01
 4.23997e+00  9.98779e-01  9.99095e-01
 4.24350e+00  9.98158e-01  9.99075e-01
 4.24886e+00  9.99184e-01  9.99046e-01
 4.25381e+00  9.98243e-01  9.99021e-01
 4.26218e+00  9.98702e-01  9.98982e-01
 4.27061e+00  1.00014e+00  9.98948e-01
 4.27529e+00  9.98052e-01  9.98930e-01
 4.28033e+00  9.99684e-01  9.98913e-01
 4.29083e+00  9.99226e-01  9.98881e-01
 4.30014e+00  9.99720e-01  9.98857e-01
 4.30464e+00  9.99002e-01  9.98847e-01
 4.31405e+00  9.98394e-01  9.98829e-01
 4.32560e+00  9.99028e-01  9.98811e-01
 4.33116e+00  9.99769e-01  9.98804e-01
 4.33852e+00  9.99557e-01  9.98797e-01
 4.34357e+00  9.98300e-01  9.98793e-01
 4.34739e+00  9.99307e-01  9.98790e-01
 4.35059e+00  9.98111e-01  9.98789e-01
 4.35369e+00  9.99648e-01  9.98787e-01
 4.36289e+00  9.98542e-01  9.98785e-01
 4.37107e+00  9.99327e-01  9.98784e-01
 4.38742e+00  9.99585e-01  9.98788e-01
 4.39440e+00  9.99077e-01  9.98791e-01
 4.40940e+00  9.99071e-01  9.98801e-01
 4.41815e+00  9.99455e-01  9.98808e-01
 4.42615e+00  9.98204e-01  9.98816e-01
 4.43738e+00  9.98217e-01  9.98829e-01
 4.44247e+00  9.99425e-01  9.98835e-01
 4.44536e+00  9.98708e-01  9.98839e-01
 4.45274e+00  9.98227e-01  9.98848e-01
 4.45727e+00  9.99122e-01  9.98855e-01
 4.46585e+00  9.99601e-01  9.98867e-01
 4.47099e+00  9.98359e-01  9.98875e-01
 4.48560e+00  9.99351e-01  9.98898e-01
 4.49502e+00  9.98745e-01  9.98914e-01
 4.50199e+00  9.99388e-01  9.98926e-01
 4.51090e+00  9.98988e-01  9.98942e-01
 4.51763e+00  9.99385e-01  9.98954e-01
 4.52048e+00  9.98074e-01  9.98959e-01
 4.52425e+00  1.00031e+00  9.98966e-01
 4.52861e+00  9.98562e-01  9.98974e-01
 4.53314e+00  9.99063e-01  9.98982e-01
 4.53733e+00  9.99228e-01  9.98990e-01
 4.54131e+00  9.98043e-01  9.98998e-01
 4.55250e+00  1.00055e+00  9.99020e-01
 4.55639e+00  9.98545e-01  9.99027e-01
 4.56254e+00  9.99389e-01  9.99039e-01
 4.56797e+00  9.98674e-01  9.99050e-01
 4.57375e+00  9.99909e-01  9.99061e-01
 4.57861e+00  9.99026e-01  9.99071e-01
 4.58492e+00  1.00027e+00  9.99084e-01
 4.59706e+00  9.99418e-01  9.99108e-01
 4.60921e+00  9.98925e-01  9.99133e-01
 4.61592e+00  9.99483e-01  9.99147e-01
 4.61989e+00  9.98740e-01  9.99155e-01
 4.62555e+00  9.98570e-01  9.99166e-01
 4.63314e+00  9.99088e-01  9.99182e-01
 4.64103e+00  9.99190e-01  9.99198e-01
 4.65656e+00  1.00005e+00  9.99230e-01
 4.65952e+00  9.98011e-01  9.99236e-01
 4.66529e+00  9.99527e-01  9.99247e-01
 4.67464e+00  9.99440e-01  9.99266e-01
 4.68551e+00  9.98821e-01  9.99288e-01
 4.68800e+00  9.99208e-01  9.99294e-01
 4.69406e+00  1.00003e+00  9.99306e-01
 4.69911e+00  1.00033e+00  9.99316e-01
 4.70282e+00  9.99357e-01  9.99323e-01
 4.70749e+00  9.99537e-01  9.99333e-01
 4.71180e+00  9.99497e-01  9.99342e-01
 4.71979e+00  9.99771e-01  9.99358e-01
 4.72369e+00  9.99533e-01  9.99365e-01
 4.72894e+00  9.99398e-01  9.99376e-01
 4.73512e+00  1.00021e+00  9.99388e-01
 4.74926e+00  9.99405e-01  9.99416e-01
 4.75410e+00  9.98917e-01  9.99426e-01
 4.75788e+00  1.00036e+00  9.99433e-01
 4.76287e+00  9.99167e-01  9.99443e-01
 4.77157e+00  9.99843e-01  9.99460e-01
 4.78350e+00  1.00069e+00  9.99484e-01
 4.79773e+00  9.99870e-01  9.99511e-01
 4.80301e+00  9.99269e-01  9.99521e-01
 4.80808e+00  9.99656e-01  9.99531e-01
 4.81229e+00  9.99240e-01  9.99539e-01
 4.82155e+00  1.00006e+00  9.99557e-01
 4.82739e+00  1.00057e+00  9.99568e-01
 4.83104e+00  9.98571e-01  9.99575e-01
 4.83821e+00  9.99505e-01  9.99589e-01
 4.84324e+00  9.99715e-01  9.99598e-01
 4.85558e+00  9.99702e-01  9.99622e-01
 4.86517e+00  9.99396e-01  9.99640e-01
 4.87202e+00  1.00007e+00  9.99653e-01
 4.87604e+00  9.99690e-01  9.99660e-01
 4.88239e+00  9.98652e-01  9.99672e-01
 4.88621e+00  1.00104e+00  9.99679e-01
 4.89198e+00  9.99663e-01  9.99690e-01
 4.89930e+00  1.00026e+00  9.99704e-01
 4.90412e+00  9.98998e-01  9.99713e-01
 4.90837e+00  1.00149e+00  9.99721e-01
 4.92230e+00  1.00036e+00  9.99746e-01
 4.92558e+00  9.99235e-01  9.99752e-01
 4.93622e+00  9.99973e-01  9.99772e-01
 4.94576e+00  9.99004e-01  9.99790e-01
 4.94947e+00  1.00045e+00  9.99796e-01
 4.96365e+00  9.99636e-01  9.99822e-01
 4.97347e+00  9.99653e-01  9.99840e-01
 4.97997e+00  1.00089e+00  9.99852e-01
 4.99041e+00  1.00124e+00  9.99871e-01
 4.99402e+00  9.99821e-01  9.99878e-01
 5.00530e+00  9.99994e-01  9.99899e-01
 5.02144e+00  9.99630e-01  9.99928e-01
 5.03528e+00  1.00080e+00  9.99953e-01
 5.04010e+00  9.99801e-01  9.99962e-01
 5.04307e+00  1.00108e+00  9.99967e-01
 5.05089e+00  9.99476e-01  9.99982e-01
 5.06086e+00  9.99389e-01  1.00000e+00
 5.06866e+00  9.99537e-01  1.00001e+00
 5.07530e+00  1.00133e+00  1.00003e+00
 5.08198e+00  1.00017e+00  1.00004e+00
 5.08936e+00  9.99117e-01  1.00005e+00
 5.09946e+00  9.99144e-01  1.00007e+00
 5.10420e+00  9.99746e-01  1.00008e+00
 5.10845e+00  1.00048e+00  1.00009e+00
 5.11395e+00  9.99229e-01  1.00010e+00
 5.11983e+00  1.00041e+00  1.00011e+00
 5.12390e+00  9.99675e-01  1.00012e+00
 5.13111e+00  9.99805e-01  1.00013e+00
 5.13788e+00  9.99067e-01  1.00014e+00
 5.14553e+00  9.99294e-01  1.00016e+00
 5.15093e+00  1.00059e+00  1.00017e+00
 5.15807e+00  9.98874e-01  1.00018e+00
 5.16071e+00  1.00051e+00  1.00018e+00
 5.16352e+00  1.00061e+00  1.00019e+00
 5.16757e+00  1.00068e+00  1.00020e+00
 5.17613e+00  9.99871e-01  1.00021e+00
 5.18205e+00  1.00078e+00  1.00022e+00
 5.18596e+00  9.99364e-01  1.00023e+00
 5.19111e+00  1.00036e+00  1.00024e+00
 5.19464e+00  9.99057e-01  1.00025e+00
 5.19778e+00  9.99321e-01  1.00025e+00
 5.20652e+00  1.00025e+00  1.00027e+00
 5.21750e+00  1.00081e+00  1.00029e+00
 5.22407e+00  1.00090e+00  1.00030e+00
 5.22914e+00  9.99809e-01  1.00031e+00
 5.23529e+00  9.99188e-01  1.00033e+00
 5.23963e+00  9.99887e-01  1.00033e+00
 5.24912e+00  1.00074e+00  1.00035e+00
 5.25377e+00  9.99959e-01  1.00036e+00
 5.26326e+00  1.00056e+00  1.00038e+00
 5.27595e+00  1.00068e+00  1.00040e+00
 5.28184e+00  1.00019e+00  1.00042e+00
 5.29005e+00  1.00005e+00  1.00043e+00
