848
 4.86300e-03  1.00067e+00  9.99836e-01
 1.49060e-02  1.00062e+00  9.99838e-01
 2.46800e-02  1.00143e+00  9.99839e-01
 3.48700e-02  1.00096e+00  9.99840e-01
 4.59800e-02  1.00090e+00  9.99841e-01
 5.55430e-02  1.00033e+00  9.99842e-01
 6.54300e-02  1.00062e+00  9.99843e-01
 7.62370e-02  1.00069e+00  9.99844e-01
 8.68030e-02  1.00123e+00  9.99845e-01
 9.68900e-02  1.00031e+00  9.99846e-01
 1.06753e-01  1.00059e+00  9.99847e-01
 1.16507e-01  1.00114e+00  9.99848e-01
 1.27053e-01  1.00068e+00  9.99849e-01
 1.37517e-01  1.00039e+00  9.99850e-01
 1.48443e-01  1.00114e+00  9.99851e-01
 1.58177e-01  1.00047e+00  9.99852e-01
 1.68713e-01  1.00013e+00  9.99852e-01
 1.79157e-01  1.00051e+00  9.99853e-01
 1.90229e-01  9.99920e-01  9.99854e-01
 2.01237e-01  9.99879e-01  9.99855e-01
 2.12170e-01  1.00099e+00  9.99856e-01
 2.22380e-01  1.00002e+00  9.99856e-01
 2.34013e-01  9.99613e-01  9.99857e-01
 2.44267e-01  1.00008e+00  9.99858e-01
 2.54863e-01  1.00011e+00  9.99858e-01
 2.66119e-01  9.99864e-01  9.99859e-01
 2.75693e-01  1.00034e+00  9.99860e-01
 2.86939e-01  9.99734e-01  9.99861e-01
 2.95980e-01  1.00042e+00  9.99861e-01
 3.06600e-01  9.99784e-01  9.99862e-01
 3.16075e-01  1.00022e+00  9.99862e-01
 3.26237e-01  9.99992e-01  9.99863e-01
 3.36416e-01  9.99447e-01  9.99864e-01
 3.47057e-01  9.99862e-01  9.99864e-01
 3.57015e-01  9.99954e-01  9.99865e-01
 3.67877e-01  9.99907e-01  9.99866e-01
 3.78252e-01  9.99396e-01  9.99867e-01
 3.89960e-01  9.99212e-01  9.99868e-01
 3.99405e-01  9.99603e-01  9.99869e-01
 4.09400e-01  9.99729e-01  9.99870e-01
 4.18982e-01  9.99599e-01  9.99871e-01
 4.30866e-01  9.99658e-01  9.99873e-01
 4.40586e-01  9.99985e-01  9.99874e-01
 4.51237e-01  1.00008e+00  9.99875e-01
 4.61572e-01  9.99792e-01  9.99877e-01
 4.73080e-01  9.99309e-01  9.99879e-01
 4.82236e-01  1.00010e+00  9.99881e-01
 4.92877e-01  9.99409e-01  9.99884e-01
 5.03086e-01  9.99561e-01  9.99886e-01
 5.14427e-01  9.99061e-01  9.99889e-01
 5.24772e-01  1.00026e+00  9.99892e-01
 5.35892e-01  1.00015e+00  9.99896e-01
 5.46523e-01  9.99400e-01  9.99900e-01
 5.57769e-01  1.00015e+00  9.99905e-01
 5.67999e-01  1.00013e+00  9.99909e-01
 5.79486e-01  9.99803e-01  9.99915e-01
 5.89406e-01  1.00022e+00  9.99921e-01
 6.00316e-01  9.99854e-01  9.99927e-01
 6.10882e-01  9.99896e-01  9.99935e-01
 6.22047e-01  9.99705e-01  9.99943e-01
 6.32256e-01  1.00039e+00  9.99951e-01
 6.44046e-01  1.00010e+00  9.99962e-01
 6.57382e-01  9.99485e-01  9.99975e-01
 6.68563e-01  9.99981e-01  9.99988e-01
 6.78579e-01  1.00060e+00  1.00000e+00
 6.89716e-01  1.00036e+00  1.00001e+00
 7.00017e-01  1.00031e+00  1.00003e+00
 7.10556e-01  1.00009e+00  1.00005e+00
 7.20847e-01  1.00012e+00  1.00006e+00
 7.31386e-01  1.00049e+00  1.00008e+00
 7.42303e-01  1.00043e+00  1.00011e+00
 7.53252e-01  1.00028e+00  1.00013e+00
 7.64960e-01  9.99812e-01  1.00016e+00
 7.74772e-01  9.99910e-01  1.00018e+00
 7.85790e-01  1.00035e+00  1.00021e+00
 7.95612e-01  1.00032e+00  1.00024e+00
 8.06600e-01  1.00013e+00  1.00028e+00
 8.16432e-01  1.00034e+00  1.00031e+00
 8.28252e-01  1.00074e+00  1.00036e+00
 8.38193e-01  1.00031e+00  1.00040e+00
 8.49612e-01  1.00055e+00  1.00045e+00
 8.60736e-01  1.00056e+00  1.00050e+00
 8.71136e-01  1.00055e+00  1.00056e+00
 8.81399e-01  1.00059e+00  1.00061e+00
 8.91986e-01  1.00044e+00  1.00067e+00
 9.01906e-01  1.00109e+00  1.00074e+00
 9.12983e-01  1.00131e+00  1.00081e+00
 9.23926e-01  1.00107e+00  1.00089e+00
 9.34547e-01  1.00159e+00  1.00097e+00
 9.45446e-01  1.00114e+00  1.00106e+00
 9.55679e-01  1.02013e+00  1.00114e+00
 9.65586e-01  1.00161e+00  1.00123e+00
 9.76509e-01  1.01575e+00  1.00134e+00
 9.86426e-01  1.00129e+00  1.00144e+00
 9.96483e-01  1.01175e+00  1.00154e+00
 1.00608e+00  1.00163e+00  1.00165e+00
 1.01658e+00  1.00979e+00  1.00177e+00
 1.02691e+00  1.00179e+00  1.00190e+00
 1.03742e+00  1.00820e+00  1.00203e+00
 1.04777e+00  1.00222e+00  1.00217e+00
 1.05986e+00  1.00669e+00  1.00234e+00
 1.06975e+00  1.00224e+00  1.00248e+00
 1.07951e+00  1.00631e+00  1.00262e+00
 1.08819e+00  1.00277e+00  1.00276e+00
 1.09806e+00  1.00465e+00  1.00291e+00
 1.10741e+00  1.00309e+00  1.00306e+00
 1.11870e+00  1.00416e+00  1.00324e+00
 1.12809e+00  1.00320e+00  1.00340e+00
 1.13837e+00  1.00416e+00  1.00357e+00
 1.14806e+00  1.00374e+00  1.00373e+00
 1.15800e+00  1.00486e+00  1.00390e+00
 1.16813e+00  1.00359e+00  1.00407e+00
 1.17875e+00  1.01044e+00  1.00424e+00
 1.18762e+00  1.00641e+00  1.00439e+00
 1.19828e+00  1.00293e+00  1.00456e+00
 1.20739e+00  1.00361e+00  1.00470e+00
 1.21701e+00  1.00378e+00  1.00484e+00
 1.22667e+00  1.00544e+00  1.00497e+00
 1.23498e+00  1.00604e+00  1.00508e+00
 1.24477e+00  1.00594e+00  1.00519e+00
 1.25351e+00  1.00560e+00  1.00528e+00
 1.26372e+00  1.00606e+00  1.00538e+00
 1.27332e+00  1.00555e+00  1.00545e+00
 1.28294e+00  1.00622e+00  1.00551e+00
 1.29158e+00  1.00584e+00  1.00555e+00
 1.30127e+00  1.00531e+00  1.00557e+00
 1.31002e+00  1.00591e+00  1.00557e+00
 1.31830e+00  1.00509e+00  1.00556e+00
 1.32820e+00  1.00561e+00  1.00553e+00
 1.33744e+00  1.00523e+00  1.00547e+00
 1.34644e+00  1.00608e+00  1.00540e+00
 1.35590e+00  1.00520e+00  1.00530e+00
 1.36582e+00  1.00582e+00  1.00517e+00
 1.37493e+00  1.00482e+00  1.00503e+00
 1.38392e+00  1.00422e+00  1.00488e+00
 1.39359e+00  1.00523e+00  1.00468e+00
 1.40270e+00  1.00431e+00  1.00449e+00
 1.41189e+00  1.00484e+00  1.00427e+00
 1.42147e+00  1.00372e+00  1.00402e+00
 1.43082e+00  1.00437e+00  1.00376e+00
 1.44071e+00  1.00305e+00  1.00347e+00
 1.45124e+00  1.00356e+00  1.00315e+00
 1.46087e+00  1.00242e+00  1.00284e+00
 1.46974e+00  1.00253e+00  1.00255e+00
 1.48027e+00  1.00150e+00  1.00220e+00
 1.48969e+00  1.00159e+00  1.00188e+00
 1.49863e+00  1.00178e+00  1.00158e+00
 1.50788e+00  1.00090e+00  1.00126e+00
 1.51688e+00  1.00200e+00  1.00096e+00
 1.52585e+00  1.00030e+00  1.00066e+00
 1.53672e+00  1.00101e+00  1.00031e+00
 1.54502e+00  1.00004e+00  1.00005e+00
 1.55423e+00  1.00014e+00  9.99768e-01
 1.56344e+00  9.99761e-01  9.99499e-01
 1.57218e+00  9.99199e-01  9.99255e-01
 1.58083e+00  1.00030e+00  9.99025e-01
 1.58914e+00  9.99464e-01  9.98816e-01
 1.59853e+00  9.99948e-01  9.98595e-01
 1.60682e+00  9.99250e-01  9.98414e-01
 1.61832e+00  9.98441e-01  9.98184e-01
 1.62669e+00  9.98906e-01  9.98032e-01
 1.63555e+00  9.98388e-01  9.97887e-01
 1.64412e+00  9.99004e-01  9.97760e-01
 1.65270e+00  9.98087e-01  9.97648e-01
 1.66178e+00  9.99099e-01  9.97544e-01
 1.67002e+00  9.98140e-01  9.97463e-01
 1.67890e+00  9.98727e-01  9.97388e-01
 1.68743e+00  9.97591e-01  9.97330e-01
 1.69632e+00  9.98354e-01  9.97281e-01
 1.70508e+00  9.98141e-01  9.97245e-01
 1.71329e+00  9.97994e-01  9.97222e-01
 1.72252e+00  9.97717e-01  9.97207e-01
 1.73084e+00  9.98354e-01  9.97202e-01
 1.73969e+00  9.98050e-01  9.97207e-01
 1.74831e+00  9.99105e-01  9.97220e-01
 1.75687e+00  9.97996e-01  9.97240e-01
 1.76594e+00  9.98476e-01  9.97269e-01
 1.77418e+00  9.98448e-01  9.97301e-01
 1.78308e+00  9.98488e-01  9.97341e-01
 1.79224e+00  9.98330e-01  9.97389e-01
 1.80150e+00  9.98302e-01  9.97441e-01
 1.81081e+00  9.98752e-01  9.97499e-01
 1.81937e+00  9.97950e-01  9.97555e-01
 1.82844e+00  9.99320e-01  9.97618e-01
 1.83684e+00  9.97869e-01  9.97678e-01
 1.84644e+00  9.98133e-01  9.97749e-01
 1.85509e+00  9.98618e-01  9.97815e-01
 1.86384e+00  9.97873e-01  9.97882e-01
 1.87278e+00  9.99008e-01  9.97952e-01
 1.88253e+00  9.98094e-01  9.98029e-01
 1.89275e+00  9.98894e-01  9.98109e-01
 1.90164e+00  9.98654e-01  9.98179e-01
 1.91103e+00  9.98950e-01  9.98252e-01
 1.91920e+00  9.98608e-01  9.98315e-01
 1.92804e+00  9.98638e-01  9.98382e-01
 1.93657e+00  9.99213e-01  9.98446e-01
 1.94539e+00  9.98600e-01  9.98511e-01
 1.95428e+00  9.99012e-01  9.98576e-01
 1.96270e+00  9.99392e-01  9.98635e-01
 1.97252e+00  9.99255e-01  9.98703e-01
 1.98165e+00  9.99681e-01  9.98764e-01
 1.99057e+00  9.99689e-01  9.98823e-01
 1.99994e+00  9.99315e-01  9.98882e-01
 2.00882e+00  9.98765e-01  9.98937e-01
 2.01775e+00  9.98830e-01  9.98990e-01
 2.02665e+00  9.99675e-01  9.99041e-01
 2.03603e+00  9.99745e-01  9.99093e-01
 2.04420e+00  9.99226e-01  9.99136e-01
 2.05304e+00  1.00002e+00  9.99182e-01
 2.06176e+00  9.99927e-01  9.99225e-01
 2.07203e+00  9.99625e-01  9.99273e-01
 2.08162e+00  9.99497e-01  9.99317e-01
 2.09021e+00  9.99621e-01  9.99354e-01
 2.10083e+00  9.99133e-01  9.99398e-01
 2.11000e+00  9.99527e-01  9.99434e-01
 2.12091e+00  9.99410e-01  9.99474e-01
 2.12911e+00  9.99149e-01  9.99503e-01
 2.13811e+00  1.00007e+00  9.99534e-01
 2.14676e+00  9.99898e-01  9.99561e-01
 2.15663e+00  9.99699e-01  9.99591e-01
 2.16570e+00  9.99535e-01  9.99617e-01
 2.17457e+00  9.99625e-01  9.99642e-01
 2.18345e+00  1.00012e+00  9.99665e-01
 2.19161e+00  9.99303e-01  9.99685e-01
 2.20125e+00  9.99187e-01  9.99707e-01
 2.21084e+00  9.99216e-01  9.99728e-01
 2.22001e+00  9.99788e-01  9.99746e-01
 2.22907e+00  9.99235e-01  9.99764e-01
 2.23799e+00  9.99969e-01  9.99780e-01
 2.24693e+00  9.99598e-01  9.99795e-01
 2.25645e+00  9.99572e-01  9.99810e-01
 2.26595e+00  1.00002e+00  9.99824e-01
 2.27420e+00  9.99621e-01  9.99836e-01
 2.28308e+00  9.99537e-01  9.99847e-01
 2.29223e+00  1.00013e+00  9.99858e-01
 2.30220e+00  9.99357e-01  9.99869e-01
 2.31082e+00  9.99209e-01  9.99878e-01
 2.31937e+00  9.99456e-01  9.99886e-01
 2.32856e+00  9.99646e-01  9.99894e-01
 2.33771e+00  9.99475e-01  9.99901e-01
 2.34751e+00  9.99071e-01  9.99908e-01
 2.35584e+00  9.99714e-01  9.99914e-01
 2.36470e+00  9.99895e-01  9.99919e-01
 2.37332e+00  9.99583e-01  9.99924e-01
 2.38187e+00  9.99222e-01  9.99928e-01
 2.39186e+00  9.99092e-01  9.99932e-01
 2.40080e+00  9.99634e-01  9.99936e-01
 2.41065e+00  9.99611e-01  9.99939e-01
 2.41920e+00  9.98562e-01  9.99942e-01
 2.42834e+00  9.99008e-01  9.99944e-01
 2.43809e+00  9.99065e-01  9.99946e-01
 2.44805e+00  9.99584e-01  9.99947e-01
 2.45663e+00  9.99492e-01  9.99948e-01
 2.46585e+00  9.99430e-01  9.99949e-01
 2.47523e+00  9.99228e-01  9.99950e-01
 2.48414e+00  9.99400e-01  9.99950e-01
 2.49398e+00  9.99228e-01  9.99950e-01
 2.50255e+00  9.99944e-01  9.99950e-01
 2.51140e+00  9.98979e-01  9.99949e-01
 2.52034e+00  9.99345e-01  9.99949e-01
 2.53045e+00  9.99674e-01  9.99948e-01
 2.53917e+00  9.99643e-01  9.99947e-01
 2.54813e+00  9.99268e-01  9.99945e-01
 2.55770e+00  9.99100e-01  9.99944e-01
 2.56688e+00  9.99489e-01  9.99942e-01
 2.57733e+00  9.99408e-01  9.99940e-01
 2.58600e+00  9.98891e-01  9.99938e-01
 2.59591e+00  1.00000e+00  9.99936e-01
 2.60509e+00  9.99295e-01  9.99934e-01
 2.61401e+00  9.99689e-01  9.99932e-01
 2.62364e+00  9.99231e-01  9.99930e-01
 2.63289e+00  1.00104e+00  9.99927e-01
 2.64259e+00  1.00027e+00  9.99924e-01
 2.65080e+00  9.99709e-01  9.99922e-01
 2.66001e+00  9.99745e-01  9.99920e-01
 2.66928e+00  9.99267e-01  9.99917e-01
 2.67924e+00  9.99560e-01  9.99914e-01
 2.68925e+00  9.99898e-01  9.99911e-01
 2.69890e+00  9.98669e-01  9.99908e-01
 2.70738e+00  9.97687e-01  9.99905e-01
 2.71703e+00  9.99459e-01  9.99902e-01
 2.72694e+00  9.99406e-01  9.99899e-01
 2.73572e+00  9.99547e-01  9.99897e-01
 2.74484e+00  1.00034e+00  9.99894e-01
 2.75315e+00  1.00022e+00  9.99891e-01
 2.76206e+00  9.99453e-01  9.99888e-01
 2.77055e+00  1.00034e+00  9.99886e-01
 2.77941e+00  1.00016e+00  9.99883e-01
 2.78898e+00  9.99701e-01  9.99880e-01
 2.79730e+00  9.99703e-01  9.99877e-01
 2.80648e+00  9.99656e-01  9.99874e-01
 2.81480e+00  1.00037e+00  9.99872e-01
 2.82369e+00  1.00012e+00  9.99869e-01
 2.83218e+00  1.00009e+00  9.99866e-01
 2.84086e+00  1.00007e+00  9.99864e-01
 2.85020e+00  1.00030e+00  9.99861e-01
 2.85947e+00  9.99912e-01  9.99858e-01
 2.86983e+00  9.99730e-01  9.99855e-01
 2.87891e+00  9.99968e-01  9.99852e-01
 2.88861e+00  1.00022e+00  9.99849e-01
 2.89726e+00  1.00095e+00  9.99847e-01
 2.90617e+00  1.00049e+00  9.99845e-01
 2.91477e+00  1.00038e+00  9.99842e-01
 2.92336e+00  1.00044e+00  9.99840e-01
 2.93322e+00  9.99815e-01  9.99837e-01
 2.94141e+00  1.00065e+00  9.99835e-01
 2.95095e+00  1.00071e+00  9.99833e-01
 2.95976e+00  1.00046e+00  9.99830e-01
 2.96867e+00  1.00004e+00  9.99828e-01
 2.97727e+00  1.00040e+00  9.99826e-01
 2.98572e+00  1.00029e+00  9.99824e-01
 2.99485e+00  1.00008e+00  9.99822e-01
 3.00315e+00  1.00050e+00  9.99820e-01
 3.01206e+00  9.99962e-01  9.99818e-01
 3.02055e+00  1.00028e+00  9.99816e-01
 3.03016e+00  1.00016e+00  9.99814e-01
 3.04050e+00  1.00042e+00  9.99812e-01
 3.05009e+00  1.00066e+00  9.99810e-01
 3.05914e+00  1.00000e+00  9.99808e-01
 3.06811e+00  1.00078e+00  9.99806e-01
 3.07733e+00  1.00062e+00  9.99805e-01
 3.08563e+00  1.00048e+00  9.99803e-01
 3.09452e+00  1.00005e+00  9.99801e-01
 3.10303e+00  1.00002e+00  9.99800e-01
 3.11256e+00  1.00027e+00  9.99798e-01
 3.12231e+00  9.99982e-01  9.99797e-01
 3.13061e+00  9.99883e-01  9.99796e-01
 3.13983e+00  1.00034e+00  9.99794e-01
 3.14852e+00  1.00020e+00  9.99793e-01
 3.15912e+00  1.00051e+00  9.99791e-01
 3.16920e+00  1.00028e+00  9.99790e-01
 3.17957e+00  1.00040e+00  9.99789e-01
 3.18828e+00  9.99920e-01  9.99788e-01
 3.19783e+00  1.00029e+00  9.99787e-01
 3.20643e+00  1.00057e+00  9.99786e-01
 3.21574e+00  1.00034e+00  9.99785e-01
 3.22486e+00  9.99446e-01  9.99784e-01
 3.23360e+00  1.00006e+00  9.99783e-01
 3.24300e+00  9.99943e-01  9.99782e-01
 3.25178e+00  9.99870e-01  9.99781e-01
 3.26119e+00  1.00044e+00  9.99781e-01
 3.27021e+00  1.00050e+00  9.99780e-01
 3.28048e+00  1.00015e+00  9.99779e-01
 3.28977e+00  1.00009e+00  9.99779e-01
 3.29908e+00  1.00010e+00  9.99778e-01
 3.30821e+00  1.00017e+00  9.99778e-01
 3.31691e+00  9.99690e-01  9.99777e-01
 3.32633e+00  1.00065e+00  9.99777e-01
 3.33511e+00  1.00043e+00  9.99777e-01
 3.34484e+00  9.99251e-01  9.99776e-01
 3.35442e+00  1.00009e+00  9.99776e-01
 3.36450e+00  9.99584e-01  9.99776e-01
 3.37311e+00  9.99507e-01  9.99776e-01
 3.38241e+00  9.99213e-01  9.99776e-01
 3.39239e+00  9.99906e-01  9.99776e-01
 3.40116e+00  9.99691e-01  9.99776e-01
 3.41065e+00  9.99476e-01  9.99776e-01
 3.41954e+00  9.99022e-01  9.99776e-01
 3.43013e+00  9.99689e-01  9.99776e-01
 3.43928e+00  9.99532e-01  9.99776e-01
 3.44902e+00  9.99001e-01  9.99776e-01
 3.45808e+00  9.99564e-01  9.99776e-01
 3.46776e+00  9.99622e-01  9.99777e-01
 3.47647e+00  9.99081e-01  9.99777e-01
 3.48553e+00  9.98834e-01  9.99777e-01
 3.49588e+00  9.99137e-01  9.99778e-01
 3.50587e+00  9.99265e-01  9.99778e-01
 3.51569e+00  9.98627e-01  9.99778e-01
 3.52518e+00  9.99399e-01  9.99779e-01
 3.53465e+00  9.99419e-01  9.99779e-01
 3.54433e+00  9.99426e-01  9.99780e-01
 3.55374e+00  9.99269e-01  9.99781e-01
 3.56226e+00  9.99450e-01  9.99781e-01
 3.57194e+00  9.99413e-01  9.99782e-01
 3.58095e+00  9.99184e-01  9.99782e-01
 3.59159e+00  1.00016e+00  9.99783e-01
 3.60072e+00  9.98846e-01  9.99784e-01
 3.60951e+00  9.98834e-01  9.99785e-01
 3.61900e+00  9.99372e-01  9.99785e-01
 3.62766e+00  9.99210e-01  9.99786e-01
 3.63707e+00  9.99494e-01  9.99787e-01
 3.64558e+00  9.99814e-01  9.99788e-01
 3.65526e+00  9.99532e-01  9.99789e-01
 3.66428e+00  9.99178e-01  9.99790e-01
 3.67408e+00  9.99588e-01  9.99791e-01
 3.68387e+00  9.98952e-01  9.99792e-01
 3.69284e+00  9.99829e-01  9.99792e-01
 3.70234e+00  9.98979e-01  9.99793e-01
 3.71188e+00  9.99082e-01  9.99795e-01
 3.72178e+00  9.99742e-01  9.99796e-01
 3.73110e+00  9.99658e-01  9.99797e-01
 3.74160e+00  9.99412e-01  9.99798e-01
 3.75094e+00  9.99291e-01  9.99799e-01
 3.76121e+00  9.99354e-01  9.99800e-01
 3.76968e+00  9.99485e-01  9.99801e-01
 3.77925e+00  9.99679e-01  9.99802e-01
 3.78822e+00  1.00024e+00  9.99803e-01
 3.79700e+00  1.00023e+00  9.99804e-01
 3.80650e+00  9.99818e-01  9.99806e-01
 3.81538e+00  9.99521e-01  9.99807e-01
 3.82596e+00  1.00047e+00  9.99808e-01
 3.83511e+00  1.00038e+00  9.99809e-01
 3.84452e+00  1.00071e+00  9.99810e-01
 3.85302e+00  1.00068e+00  9.99811e-01
 3.86259e+00  1.00056e+00  9.99813e-01
 3.87157e+00  1.00031e+00  9.99814e-01
 3.88137e+00  1.00044e+00  9.99815e-01
 3.89084e+00  9.99768e-01  9.99816e-01
 3.90062e+00  1.00082e+00  9.99817e-01
 3.91065e+00  1.00057e+00  9.99819e-01
 3.92102e+00  1.00033e+00  9.99820e-01
 3.93052e+00  1.00019e+00  9.99821e-01
 3.93929e+00  1.00045e+00  9.99822e-01
 3.94909e+00  1.00050e+00  9.99824e-01
 3.95926e+00  1.00022e+00  9.99825e-01
 3.96984e+00  1.00059e+00  9.99826e-01
 3.97962e+00  1.00082e+00  9.99827e-01
 3.98950e+00  1.00077e+00  9.99829e-01
 3.99812e+00  1.00071e+00  9.99830e-01
 4.00743e+00  1.00035e+00  9.99831e-01
 4.01654e+00  1.00093e+00  9.99832e-01
 4.02526e+00  1.00053e+00  9.99833e-01
 4.03465e+00  1.00102e+00  9.99834e-01
 4.04361e+00  1.00069e+00  9.99835e-01
 4.05513e+00  1.00067e+00  9.99836e-01
 4.06517e+00  1.00062e+00  9.99838e-01
 4.07494e+00  1.00143e+00  9.99839e-01
 4.08513e+00  1.00096e+00  9.99840e-01
 4.09624e+00  1.00090e+00  9.99841e-01
 4.10581e+00  1.00033e+00  9.99842e-01
 4.11569e+00  1.00062e+00  9.99843e-01
 4.12650e+00  1.00069e+00  9.99844e-01
 4.13707e+00  1.00123e+00  9.99845e-01
 4.14715e+00  1.00031e+00  9.99846e-01
 4.15702e+00  1.00059e+00  9.99847e-01
 4.16677e+00  1.00114e+00  9.99848e-01
 4.17732e+00  1.00068e+00  9.99849e-01
 4.18778e+00  1.00039e+00  9.99850e-01
 4.19871e+00  1.00114e+00  9.99851e-01
 4.20844e+00  1.00047e+00  9.99852e-01
 4.21898e+00  1.00013e+00  9.99852e-01
 4.22942e+00  1.00051e+00  9.99853e-01
 4.24049e+00  9.99920e-01  9.99854e-01
 4.25150e+00  9.99879e-01  9.99855e-01
 4.26243e+00  1.00099e+00  9.99856e-01
 4.27264e+00  1.00002e+00  9.99856e-01
 4.28428e+00  9.99613e-01  9.99857e-01
 4.29453e+00  1.00008e+00  9.99858e-01
 4.30513e+00  1.00011e+00  9.99858e-01
 4.31638e+00  9.99864e-01  9.99859e-01
 4.32596e+00  1.00034e+00  9.99860e-01
 4.33720e+00  9.99734e-01  9.99861e-01
 4.34624e+00  1.00042e+00  9.99861e-01
 4.35686e+00  9.99784e-01  9.99862e-01
 4.36634e+00  1.00022e+00  9.99862e-01
 4.37650e+00  9.99992e-01  9.99863e-01
 4.38668e+00  9.99447e-01  9.99864e-01
 4.39732e+00  9.99862e-01  9.99864e-01
 4.40728e+00  9.99954e-01  9.99865e-01
 4.41814e+00  9.99907e-01  9.99866e-01
 4.42852e+00  9.99396e-01  9.99867e-01
 4.44022e+00  9.99212e-01  9.99868e-01
 4.44967e+00  9.99603e-01  9.99869e-01
 4.45967e+00  9.99729e-01  9.99870e-01
 4.46925e+00  9.99599e-01  9.99871e-01
 4.48113e+00  9.99658e-01  9.99873e-01
 4.49085e+00  9.99985e-01  9.99874e-01
 4.50150e+00  1.00008e+00  9.99875e-01
 4.51184e+00  9.99792e-01  9.99877e-01
 4.52334e+00  9.99309e-01  9.99879e-01
 4.53250e+00  1.00010e+00  9.99881e-01
 4.54314e+00  9.99409e-01  9.99884e-01
 4.55335e+00  9.99561e-01  9.99886e-01
 4.56469e+00  9.99061e-01  9.99889e-01
 4.57504e+00  1.00026e+00  9.99892e-01
 4.58616e+00  1.00015e+00  9.99896e-01
 4.59679e+00  9.99400e-01  9.99900e-01
 4.60803e+00  1.00015e+00  9.99905e-01
 4.61826e+00  1.00013e+00  9.99909e-01
 4.62975e+00  9.99803e-01  9.99915e-01
 4.63967e+00  1.00022e+00  9.99921e-01
 4.65058e+00  9.99854e-01  9.99927e-01
 4.66115e+00  9.99896e-01  9.99935e-01
 4.67231e+00  9.99705e-01  9.99943e-01
 4.68252e+00  1.00039e+00  9.99951e-01
 4.69431e+00  1.00010e+00  9.99962e-01
 4.70765e+00  9.99485e-01  9.99975e-01
 4.71883e+00  9.99981e-01  9.99988e-01
 4.72884e+00  1.00060e+00  1.00000e+00
 4.73998e+00  1.00036e+00  1.00001e+00
 4.75028e+00  1.00031e+00  1.00003e+00
 4.76082e+00  1.00009e+00  1.00005e+00
 4.77111e+00  1.00012e+00  1.00006e+00
 4.78165e+00  1.00049e+00  1.00008e+00
 4.79257e+00  1.00043e+00  1.00011e+00
 4.80352e+00  1.00028e+00  1.00013e+00
 4.81522e+00  9.99812e-01  1.00016e+00
 4.82504e+00  9.99910e-01  1.00018e+00
 4.83605e+00  1.00035e+00  1.00021e+00
 4.84588e+00  1.00032e+00  1.00024e+00
 4.85686e+00  1.00013e+00  1.00028e+00
 4.86670e+00  1.00034e+00  1.00031e+00
 4.87852e+00  1.00074e+00  1.00036e+00
 4.88846e+00  1.00031e+00  1.00040e+00
 4.89988e+00  1.00055e+00  1.00045e+00
 4.91100e+00  1.00056e+00  1.00050e+00
 4.92140e+00  1.00055e+00  1.00056e+00
 4.93166e+00  1.00059e+00  1.00061e+00
 4.94225e+00  1.00044e+00  1.00067e+00
 4.95217e+00  1.00109e+00  1.00074e+00
 4.96325e+00  1.00131e+00  1.00081e+00
 4.97419e+00  1.00107e+00  1.00089e+00
 4.98481e+00  1.00159e+00  1.00097e+00
 4.99571e+00  1.00114e+00  1.00106e+00
 5.00594e+00  1.02013e+00  1.00114e+00
 5.01585e+00  1.00161e+00  1.00123e+00
 5.02677e+00  1.01575e+00  1.00134e+00
 5.03669e+00  1.00129e+00  1.00144e+00
 5.04675e+00  1.01175e+00  1.00154e+00
 5.05634e+00  1.00163e+00  1.00165e+00
 5.06684e+00  1.00979e+00  1.00177e+00
 5.07717e+00  1.00179e+00  1.00190e+00
 5.08768e+00  1.00820e+00  1.00203e+00
 5.09803e+00  1.00222e+00  1.00217e+00
 5.11012e+00  1.00669e+00  1.00234e+00
 5.12001e+00  1.00224e+00  1.00248e+00
 5.12978e+00  1.00631e+00  1.00262e+00
 5.13846e+00  1.00277e+00  1.00276e+00
 5.14832e+00  1.00465e+00  1.00291e+00
 5.15768e+00  1.00309e+00  1.00306e+00
 5.16897e+00  1.00416e+00  1.00324e+00
 5.17835e+00  1.00320e+00  1.00340e+00
 5.18864e+00  1.00416e+00  1.00357e+00
 5.19832e+00  1.00374e+00  1.00373e+00
 5.20826e+00  1.00486e+00  1.00390e+00
 5.21840e+00  1.00359e+00  1.00407e+00
 5.22901e+00  1.01044e+00  1.00424e+00
 5.23788e+00  1.00641e+00  1.00439e+00
 5.24855e+00  1.00293e+00  1.00456e+00
 5.25766e+00  1.00361e+00  1.00470e+00
 5.26728e+00  1.00378e+00  1.00484e+00
 5.27693e+00  1.00544e+00  1.00497e+00
 5.28525e+00  1.00604e+00  1.00508e+00
 5.29504e+00  1.00594e+00  1.00519e+00
 5.30378e+00  1.00560e+00  1.00528e+00
 5.31399e+00  1.00606e+00  1.00538e+00
 5.32359e+00  1.00555e+00  1.00545e+00
 5.33320e+00  1.00622e+00  1.00551e+00
 5.34184e+00  1.00584e+00  1.00555e+00
 5.35154e+00  1.00531e+00  1.00557e+00
 5.36028e+00  1.00591e+00  1.00557e+00
 5.36857e+00  1.00509e+00  1.00556e+00
 5.37847e+00  1.00561e+00  1.00553e+00
 5.38770e+00  1.00523e+00  1.00547e+00
 5.39671e+00  1.00608e+00  1.00540e+00
 5.40617e+00  1.00520e+00  1.00530e+00
 5.41608e+00  1.00582e+00  1.00517e+00
 5.42519e+00  1.00482e+00  1.00503e+00
 5.43418e+00  1.00422e+00  1.00487e+00
 5.44386e+00  1.00523e+00  1.00468e+00
 5.45296e+00  1.00431e+00  1.00449e+00
 5.46215e+00  1.00484e+00  1.00427e+00
 5.47173e+00  1.00372e+00  1.00402e+00
 5.48108e+00  1.00437e+00  1.00376e+00
 5.49097e+00  1.00305e+00  1.00347e+00
 5.50151e+00  1.00356e+00  1.00315e+00
 5.51113e+00  1.00242e+00  1.00284e+00
 5.52000e+00  1.00253e+00  1.00255e+00
 5.53053e+00  1.00150e+00  1.00220e+00
 5.53995e+00  1.00159e+00  1.00188e+00
 5.54890e+00  1.00178e+00  1.00158e+00
 5.55815e+00  1.00090e+00  1.00126e+00
 5.56715e+00  1.00200e+00  1.00096e+00
 5.57611e+00  1.00030e+00  1.00066e+00
 5.58698e+00  1.00101e+00  1.00031e+00
 5.59528e+00  1.00004e+00  1.00005e+00
 5.60450e+00  1.00014e+00  9.99768e-01
 5.61371e+00  9.99761e-01  9.99499e-01
 5.62244e+00  9.99199e-01  9.99255e-01
 5.63109e+00  1.00030e+00  9.99025e-01
 5.63941e+00  9.99464e-01  9.98816e-01
 5.64879e+00  9.99948e-01  9.98595e-01
 5.65708e+00  9.99250e-01  9.98414e-01
 5.66858e+00  9.98441e-01  9.98184e-01
 5.67696e+00  9.98906e-01  9.98032e-01
 5.68581e+00  9.98388e-01  9.97887e-01
 5.69438e+00  9.99004e-01  9.97760e-01
 5.70296e+00  9.98087e-01  9.97648e-01
 5.71205e+00  9.99099e-01  9.97544e-01
 5.72028e+00  9.98140e-01  9.97463e-01
 5.72916e+00  9.98727e-01  9.97388e-01
 5.73769e+00  9.97591e-01  9.97330e-01
 5.74659e+00  9.98354e-01  9.97281e-01
 5.75535e+00  9.98141e-01  9.97245e-01
 5.76355e+00  9.97994e-01  9.97222e-01
 5.77278e+00  9.97717e-01  9.97207e-01
 5.78111e+00  9.98354e-01  9.97202e-01
 5.78995e+00  9.98050e-01  9.97207e-01
 5.79857e+00  9.99105e-01  9.97220e-01
 5.80713e+00  9.97996e-01  9.97240e-01
 5.81621e+00  9.98476e-01  9.97269e-01
 5.82445e+00  9.98448e-01  9.97301e-01
 5.83334e+00  9.98488e-01  9.97341e-01
 5.84250e+00  9.98330e-01  9.97389e-01
 5.85176e+00  9.98302e-01  9.97441e-01
 5.86107e+00  9.98752e-01  9.97499e-01
 5.86963e+00  9.97950e-01  9.97555e-01
 5.87871e+00  9.99320e-01  9.97618e-01
 5.88711e+00  9.97869e-01  9.97678e-01
 5.89671e+00  9.98133e-01  9.97749e-01
 5.90536e+00  9.98618e-01  9.97815e-01
 5.91410e+00  9.97873e-01  9.97882e-01
 5.92305e+00  9.99008e-01  9.97952e-01
 5.93279e+00  9.98094e-01  9.98029e-01
 5.94301e+00  9.98894e-01  9.98109e-01
 5.95191e+00  9.98654e-01  9.98179e-01
 5.96129e+00  9.98950e-01  9.98252e-01
 5.96946e+00  9.98608e-01  9.98315e-01
 5.97831e+00  9.98638e-01  9.98382e-01
 5.98684e+00  9.99213e-01  9.98446e-01
 5.99566e+00  9.98600e-01  9.98511e-01
 6.00454e+00  9.99012e-01  9.98576e-01
 6.01296e+00  9.99392e-01  9.98635e-01
 6.02278e+00  9.99255e-01  9.98703e-01
 6.03192e+00  9.99681e-01  9.98764e-01
 6.04083e+00  9.99689e-01  9.98823e-01
 6.05020e+00  9.99315e-01  9.98882e-01
 6.05909e+00  9.98765e-01  9.98937e-01
 6.06801e+00  9.98830e-01  9.98990e-01
 6.07692e+00  9.99675e-01  9.99041e-01
 6.08629e+00  9.99745e-01  9.99093e-01
 6.09446e+00  9.99226e-01  9.99136e-01
 6.10331e+00  1.00002e+00  9.99182e-01
 6.11203e+00  9.99927e-01  9.99225e-01
 6.12230e+00  9.99625e-01  9.99273e-01
 6.13188e+00  9.99497e-01  9.99317e-01
 6.14047e+00  9.99621e-01  9.99354e-01
 6.15109e+00  9.99133e-01  9.99398e-01
 6.16027e+00  9.99527e-01  9.99434e-01
 6.17117e+00  9.99410e-01  9.99474e-01
 6.17937e+00  9.99149e-01  9.99503e-01
 6.18838e+00  1.00007e+00  9.99534e-01
 6.19703e+00  9.99898e-01  9.99561e-01
 6.20690e+00  9.99699e-01  9.99591e-01
 6.21597e+00  9.99535e-01  9.99617e-01
 6.22484e+00  9.99625e-01  9.99642e-01
 6.23371e+00  1.00012e+00  9.99665e-01
 6.24187e+00  9.99303e-01  9.99685e-01
 6.25151e+00  9.99187e-01  9.99707e-01
 6.26111e+00  9.99216e-01  9.99728e-01
 6.27027e+00  9.99788e-01  9.99746e-01
 6.27933e+00  9.99235e-01  9.99764e-01
 6.28826e+00  9.99969e-01  9.99780e-01
 6.29719e+00  9.99598e-01  9.99795e-01
 6.30671e+00  9.99572e-01  9.99810e-01
 6.31622e+00  1.00002e+00  9.99824e-01
 6.32447e+00  9.99621e-01  9.99836e-01
 6.33334e+00  9.99537e-01  9.99847e-01
 6.34249e+00  1.00013e+00  9.99858e-01
 6.35246e+00  9.99357e-01  9.99869e-01
 6.36108e+00  9.99209e-01  9.99878e-01
 6.36963e+00  9.99456e-01  9.99886e-01
 6.37882e+00  9.99646e-01  9.99894e-01
 6.38797e+00  9.99475e-01  9.99901e-01
 6.39777e+00  9.99071e-01  9.99908e-01
 6.40611e+00  9.99714e-01  9.99914e-01
 6.41496e+00  9.99895e-01  9.99919e-01
 6.42358e+00  9.99583e-01  9.99924e-01
 6.43213e+00  9.99222e-01  9.99928e-01
 6.44212e+00  9.99092e-01  9.99932e-01
 6.45106e+00  9.99634e-01  9.99936e-01
 6.46092e+00  9.99611e-01  9.99939e-01
 6.46946e+00  9.98562e-01  9.99942e-01
 6.47860e+00  9.99008e-01  9.99944e-01
 6.48835e+00  9.99065e-01  9.99946e-01
 6.49831e+00  9.99584e-01  9.99947e-01
 6.50689e+00  9.99492e-01  9.99948e-01
 6.51612e+00  9.99430e-01  9.99949e-01
 6.52550e+00  9.99228e-01  9.99950e-01
 6.53440e+00  9.99400e-01  9.99950e-01
 6.54425e+00  9.99228e-01  9.99950e-01
 6.55281e+00  9.99944e-01  9.99950e-01
 6.56167e+00  9.98979e-01  9.99949e-01
 6.57061e+00  9.99345e-01  9.99949e-01
 6.58072e+00  9.99674e-01  9.99948e-01
 6.58943e+00  9.99643e-01  9.99947e-01
 6.59839e+00  9.99268e-01  9.99945e-01
 6.60797e+00  9.99100e-01  9.99944e-01
 6.61714e+00  9.99489e-01  9.99942e-01
 6.62760e+00  9.99408e-01  9.99940e-01
 6.63626e+00  9.98891e-01  9.99938e-01
 6.64618e+00  1.00000e+00  9.99936e-01
 6.65536e+00  9.99295e-01  9.99934e-01
 6.66427e+00  9.99689e-01  9.99932e-01
 6.67391e+00  9.99231e-01  9.99930e-01
 6.68316e+00  1.00104e+00  9.99927e-01
 6.69286e+00  1.00027e+00  9.99924e-01
 6.70106e+00  9.99709e-01  9.99922e-01
 6.71027e+00  9.99745e-01  9.99920e-01
 6.71955e+00  9.99267e-01  9.99917e-01
 6.72951e+00  9.99560e-01  9.99914e-01
 6.73952e+00  9.99898e-01  9.99911e-01
 6.74917e+00  9.98669e-01  9.99908e-01
 6.75765e+00  9.97687e-01  9.99905e-01
 6.76730e+00  9.99459e-01  9.99902e-01
 6.77720e+00  9.99406e-01  9.99899e-01
 6.78599e+00  9.99547e-01  9.99897e-01
 6.79510e+00  1.00034e+00  9.99894e-01
 6.80342e+00  1.00022e+00  9.99891e-01
 6.81232e+00  9.99453e-01  9.99888e-01
 6.82081e+00  1.00034e+00  9.99886e-01
 6.82967e+00  1.00016e+00  9.99883e-01
 6.83924e+00  9.99701e-01  9.99880e-01
 6.84757e+00  9.99703e-01  9.99877e-01
 6.85675e+00  9.99656e-01  9.99874e-01
 6.86507e+00  1.00037e+00  9.99872e-01
 6.87396e+00  1.00012e+00  9.99869e-01
 6.88245e+00  1.00009e+00  9.99866e-01
 6.89113e+00  1.00007e+00  9.99864e-01
 6.90046e+00  1.00030e+00  9.99861e-01
 6.90973e+00  9.99912e-01  9.99858e-01
 6.92009e+00  9.99730e-01  9.99855e-01
 6.92917e+00  9.99968e-01  9.99852e-01
 6.93888e+00  1.00022e+00  9.99849e-01
 6.94753e+00  1.00095e+00  9.99847e-01
 6.95643e+00  1.00049e+00  9.99845e-01
 6.96503e+00  1.00038e+00  9.99842e-01
 6.97362e+00  1.00044e+00  9.99840e-01
 6.98348e+00  9.99815e-01  9.99837e-01
 6.99167e+00  1.00065e+00  9.99835e-01
 7.00121e+00  1.00071e+00  9.99833e-01
 7.01003e+00  1.00046e+00  9.99830e-01
 7.01893e+00  1.00004e+00  9.99828e-01
 7.02753e+00  1.00040e+00  9.99826e-01
 7.03599e+00  1.00029e+00  9.99824e-01
 7.04511e+00  1.00008e+00  9.99822e-01
 7.05342e+00  1.00050e+00  9.99820e-01
 7.06232e+00  9.99962e-01  9.99818e-01
 7.07081e+00  1.00028e+00  9.99816e-01
 7.08042e+00  1.00016e+00  9.99814e-01
 7.09077e+00  1.00042e+00  9.99812e-01
 7.10036e+00  1.00066e+00  9.99810e-01
 7.10940e+00  1.00000e+00  9.99808e-01
 7.11838e+00  1.00078e+00  9.99806e-01
 7.12760e+00  1.00062e+00  9.99805e-01
 7.13589e+00  1.00048e+00  9.99803e-01
 7.14478e+00  1.00005e+00  9.99801e-01
 7.15330e+00  1.00002e+00  9.99800e-01
 7.16283e+00  1.00027e+00  9.99798e-01
 7.17258e+00  9.99982e-01  9.99797e-01
 7.18088e+00  9.99883e-01  9.99796e-01
 7.19010e+00  1.00034e+00  9.99794e-01
 7.19879e+00  1.00020e+00  9.99793e-01
 7.20939e+00  1.00051e+00  9.99791e-01
 7.21947e+00  1.00028e+00  9.99790e-01
 7.22984e+00  1.00040e+00  9.99789e-01
 7.23855e+00  9.99920e-01  9.99788e-01
 7.24810e+00  1.00029e+00  9.99787e-01
 7.25669e+00  1.00057e+00  9.99786e-01
 7.26600e+00  1.00034e+00  9.99785e-01
 7.27513e+00  9.99446e-01  9.99784e-01
 7.28386e+00  1.00006e+00  9.99783e-01
 7.29326e+00  9.99943e-01  9.99782e-01
 7.30205e+00  9.99870e-01  9.99781e-01
 7.31146e+00  1.00044e+00  9.99781e-01
 7.32048e+00  1.00050e+00  9.99780e-01
 7.33074e+00  1.00015e+00  9.99779e-01
 7.34003e+00  1.00009e+00  9.99779e-01
 7.34934e+00  1.00010e+00  9.99778e-01
 7.35847e+00  1.00017e+00  9.99778e-01
 7.36717e+00  9.99690e-01  9.99777e-01
 7.37660e+00  1.00065e+00  9.99777e-01
 7.38537e+00  1.00043e+00  9.99777e-01
 7.39511e+00  9.99251e-01  9.99776e-01
 7.40468e+00  1.00009e+00  9.99776e-01
 7.41477e+00  9.99584e-01  9.99776e-01
 7.42337e+00  9.99507e-01  9.99776e-01
 7.43267e+00  9.99213e-01  9.99776e-01
 7.44266e+00  9.99906e-01  9.99776e-01
 7.45142e+00  9.99691e-01  9.99776e-01
 7.46092e+00  9.99476e-01  9.99776e-01
 7.46981e+00  9.99022e-01  9.99776e-01
 7.48039e+00  9.99689e-01  9.99776e-01
 7.48954e+00  9.99532e-01  9.99776e-01
 7.49929e+00  9.99001e-01  9.99776e-01
 7.50834e+00  9.99564e-01  9.99776e-01
 7.51803e+00  9.99622e-01  9.99777e-01
 7.52673e+00  9.99081e-01  9.99777e-01
 7.53580e+00  9.98834e-01  9.99777e-01
 7.54615e+00  9.99137e-01  9.99778e-01
 7.55614e+00  9.99265e-01  9.99778e-01
 7.56595e+00  9.98627e-01  9.99778e-01
 7.57545e+00  9.99399e-01  9.99779e-01
 7.58492e+00  9.99419e-01  9.99779e-01
 7.59460e+00  9.99426e-01  9.99780e-01
 7.60400e+00  9.99269e-01  9.99781e-01
 7.61252e+00  9.99450e-01  9.99781e-01
 7.62221e+00  9.99413e-01  9.99782e-01
 7.63121e+00  9.99184e-01  9.99782e-01
 7.64186e+00  1.00016e+00  9.99783e-01
 7.65099e+00  9.98846e-01  9.99784e-01
 7.65977e+00  9.98834e-01  9.99785e-01
 7.66927e+00  9.99372e-01  9.99785e-01
 7.67793e+00  9.99210e-01  9.99786e-01
 7.68733e+00  9.99494e-01  9.99787e-01
 7.69584e+00  9.99814e-01  9.99788e-01
 7.70553e+00  9.99532e-01  9.99789e-01
 7.71454e+00  9.99178e-01  9.99790e-01
 7.72434e+00  9.99588e-01  9.99791e-01
 7.73414e+00  9.98952e-01  9.99792e-01
 7.74310e+00  9.99829e-01  9.99792e-01
 7.75261e+00  9.98979e-01  9.99793e-01
 7.76215e+00  9.99082e-01  9.99795e-01
 7.77204e+00  9.99742e-01  9.99796e-01
 7.78137e+00  9.99658e-01  9.99797e-01
 7.79187e+00  9.99412e-01  9.99798e-01
 7.80121e+00  9.99291e-01  9.99799e-01
 7.81147e+00  9.99354e-01  9.99800e-01
 7.81995e+00  9.99485e-01  9.99801e-01
 7.82952e+00  9.99679e-01  9.99802e-01
 7.83849e+00  1.00024e+00  9.99803e-01
 7.84726e+00  1.00023e+00  9.99804e-01
 7.85677e+00  9.99818e-01  9.99806e-01
 7.86565e+00  9.99521e-01  9.99807e-01
 7.87622e+00  1.00047e+00  9.99808e-01
 7.88537e+00  1.00038e+00  9.99809e-01
 7.89478e+00  1.00071e+00  9.99810e-01
 7.90329e+00  1.00068e+00  9.99811e-01
 7.91286e+00  1.00056e+00  9.99813e-01
 7.92184e+00  1.00031e+00  9.99814e-01
 7.93164e+00  1.00044e+00  9.99815e-01
 7.94110e+00  9.99768e-01  9.99816e-01
 7.95088e+00  1.00082e+00  9.99817e-01
 7.96092e+00  1.00057e+00  9.99819e-01
 7.97129e+00  1.00033e+00  9.99820e-01
 7.98078e+00  1.00019e+00  9.99821e-01
 7.98955e+00  1.00045e+00  9.99822e-01
 7.99935e+00  1.00050e+00  9.99824e-01
 8.00953e+00  1.00022e+00  9.99825e-01
 8.02011e+00  1.00059e+00  9.99826e-01
 8.02988e+00  1.00082e+00  9.99827e-01
 8.03977e+00  1.00077e+00  9.99829e-01
 8.04838e+00  1.00071e+00  9.99830e-01
 8.05769e+00  1.00035e+00  9.99831e-01
 8.06681e+00  1.00093e+00  9.99832e-01
 8.07552e+00  1.00053e+00  9.99833e-01
 8.08492e+00  1.00102e+00  9.99834e-01
 8.09387e+00  1.00069e+00  9.99835e-01
