374
 8.99700e-03  1.00099e+00  1.00124e+00
 2.63190e-02  1.00068e+00  1.00075e+00
 4.23670e-02  1.00049e+00  1.00035e+00
 5.96590e-02  1.00049e+00  9.99975e-01
 7.54550e-02  1.00016e+00  9.99691e-01
 9.21150e-02  9.96627e-01  9.99450e-01
 1.07801e-01  9.99488e-01  9.99275e-01
 1.23173e-01  9.99412e-01  9.99151e-01
 1.38323e-01  9.98708e-01  9.99071e-01
 1.54201e-01  9.97883e-01  9.99027e-01
 1.68856e-01  9.97907e-01  9.99018e-01
 1.86021e-01  9.98952e-01  9.99041e-01
 2.01848e-01  9.98097e-01  9.99090e-01
 2.18983e-01  9.98138e-01  9.99165e-01
 2.34437e-01  9.98319e-01  9.99249e-01
 2.48753e-01  9.99867e-01  9.99337e-01
 2.63313e-01  9.98916e-01  9.99433e-01
 2.77808e-01  9.99256e-01  9.99534e-01
 2.91479e-01  1.00024e+00  9.99631e-01
 3.07517e-01  9.99319e-01  9.99747e-01
 3.25813e-01  9.98925e-01  9.99877e-01
 3.40308e-01  9.98423e-01  9.99978e-01
 3.53737e-01  1.00066e+00  1.00007e+00
 3.70629e-01  9.99703e-01  1.00018e+00
 3.86350e-01  9.99755e-01  1.00027e+00
 4.01445e-01  9.99645e-01  1.00036e+00
 4.16237e-01  1.00093e+00  1.00044e+00
 4.30827e-01  1.00019e+00  1.00051e+00
 4.46063e-01  1.00062e+00  1.00058e+00
 4.60936e-01  1.00065e+00  1.00065e+00
 4.75506e-01  1.00003e+00  1.00070e+00
 4.90540e-01  1.00035e+00  1.00075e+00
 5.05605e-01  9.99698e-01  1.00080e+00
 5.20407e-01  1.00073e+00  1.00084e+00
 5.34967e-01  1.00030e+00  1.00088e+00
 5.50253e-01  1.00010e+00  1.00091e+00
 5.65096e-01  1.00076e+00  1.00094e+00
 5.81186e-01  1.00054e+00  1.00096e+00
 5.96073e-01  1.00034e+00  1.00098e+00
 6.11295e-01  1.00083e+00  1.00100e+00
 6.26087e-01  1.00085e+00  1.00101e+00
 6.40879e-01  1.00062e+00  1.00102e+00
 6.58109e-01  1.00060e+00  1.00102e+00
 6.73795e-01  1.00077e+00  1.00102e+00
 6.88652e-01  1.00069e+00  1.00102e+00
 7.04686e-01  1.00046e+00  1.00102e+00
 7.19680e-01  1.00028e+00  1.00101e+00
 7.36188e-01  1.00101e+00  1.00100e+00
 7.51087e-01  1.00023e+00  1.00099e+00
 7.65520e-01  1.00065e+00  1.00098e+00
 7.80902e-01  1.00041e+00  1.00097e+00
 7.96588e-01  1.00060e+00  1.00095e+00
 8.13587e-01  1.00041e+00  1.00093e+00
 8.28822e-01  1.00065e+00  1.00092e+00
 8.44902e-01  1.00036e+00  1.00089e+00
 8.61295e-01  1.00067e+00  1.00087e+00
 8.76087e-01  1.00053e+00  1.00085e+00
 8.90520e-01  1.00040e+00  1.00083e+00
 9.05892e-01  9.99929e-01  1.00081e+00
 9.21261e-01  9.94646e-01  1.00078e+00
 9.37087e-01  1.00043e+00  1.00075e+00
 9.52091e-01  1.00100e+00  1.00073e+00
 9.67792e-01  1.01943e+00  1.00070e+00
 9.84280e-01  1.01436e+00  1.00067e+00
 1.00058e+00  1.01088e+00  1.00064e+00
 1.01529e+00  1.00095e+00  1.00061e+00
 1.02958e+00  1.00917e+00  1.00059e+00
 1.04492e+00  1.00588e+00  1.00056e+00
 1.05871e+00  1.00523e+00  1.00053e+00
 1.07257e+00  1.00065e+00  1.00050e+00
 1.08785e+00  1.00338e+00  1.00047e+00
 1.10198e+00  1.00167e+00  1.00044e+00
 1.11797e+00  1.00039e+00  1.00041e+00
 1.13242e+00  1.00095e+00  1.00038e+00
 1.14663e+00  9.99832e-01  1.00035e+00
 1.16268e+00  9.99556e-01  1.00031e+00
 1.17676e+00  1.00004e+00  1.00028e+00
 1.19160e+00  9.99791e-01  1.00025e+00
 1.20630e+00  9.99317e-01  1.00022e+00
 1.22174e+00  9.99794e-01  1.00018e+00
 1.23849e+00  1.00004e+00  1.00014e+00
 1.25410e+00  9.99878e-01  1.00011e+00
 1.26982e+00  9.99284e-01  1.00007e+00
 1.28496e+00  9.99468e-01  1.00003e+00
 1.30025e+00  9.99367e-01  9.99998e-01
 1.31510e+00  9.99802e-01  9.99963e-01
 1.32968e+00  9.99337e-01  9.99928e-01
 1.34466e+00  9.99317e-01  9.99891e-01
 1.35980e+00  9.99715e-01  9.99854e-01
 1.37574e+00  9.99900e-01  9.99814e-01
 1.39051e+00  1.00015e+00  9.99777e-01
 1.40680e+00  9.99486e-01  9.99736e-01
 1.42380e+00  9.99648e-01  9.99693e-01
 1.43859e+00  9.99376e-01  9.99655e-01
 1.45301e+00  9.99010e-01  9.99617e-01
 1.46787e+00  9.96930e-01  9.99578e-01
 1.48256e+00  9.96892e-01  9.99539e-01
 1.49667e+00  9.96902e-01  9.99501e-01
 1.51134e+00  9.99034e-01  9.99461e-01
 1.52606e+00  9.97012e-01  9.99421e-01
 1.54097e+00  9.97196e-01  9.99380e-01
 1.55583e+00  9.99394e-01  9.99339e-01
 1.56991e+00  9.97095e-01  9.99299e-01
 1.58389e+00  9.97364e-01  9.99260e-01
 1.59747e+00  9.99389e-01  9.99221e-01
 1.61161e+00  9.97925e-01  9.99180e-01
 1.62592e+00  9.97304e-01  9.99139e-01
 1.64051e+00  1.00020e+00  9.99096e-01
 1.65573e+00  9.97973e-01  9.99051e-01
 1.66983e+00  9.97642e-01  9.99009e-01
 1.68363e+00  9.99180e-01  9.98968e-01
 1.69799e+00  9.98044e-01  9.98925e-01
 1.71285e+00  9.98391e-01  9.98880e-01
 1.72663e+00  9.98378e-01  9.98838e-01
 1.74053e+00  9.99604e-01  9.98796e-01
 1.75452e+00  9.98154e-01  9.98753e-01
 1.76831e+00  9.97478e-01  9.98710e-01
 1.78216e+00  9.98733e-01  9.98667e-01
 1.79620e+00  9.97895e-01  9.98624e-01
 1.80999e+00  9.97909e-01  9.98581e-01
 1.82384e+00  9.99165e-01  9.98539e-01
 1.83785e+00  9.93655e-01  9.98496e-01
 1.85163e+00  9.97705e-01  9.98454e-01
 1.86552e+00  9.99064e-01  9.98412e-01
 1.88080e+00  9.97898e-01  9.98366e-01
 1.89490e+00  9.98585e-01  9.98324e-01
 1.90997e+00  9.95126e-01  9.98280e-01
 1.92387e+00  9.98205e-01  9.98240e-01
 1.94051e+00  9.97440e-01  9.98194e-01
 1.95539e+00  9.98022e-01  9.98154e-01
 1.97145e+00  9.99242e-01  9.98113e-01
 1.98637e+00  9.98282e-01  9.98076e-01
 2.00179e+00  9.98118e-01  9.98041e-01
 2.01638e+00  9.98862e-01  9.98010e-01
 2.03102e+00  9.98300e-01  9.97982e-01
 2.04620e+00  9.97481e-01  9.97956e-01
 2.06120e+00  9.97512e-01  9.97934e-01
 2.07586e+00  9.99002e-01  9.97917e-01
 2.09051e+00  9.96325e-01  9.97905e-01
 2.10596e+00  9.98306e-01  9.97897e-01
 2.12055e+00  9.98999e-01  9.97896e-01
 2.13686e+00  9.99064e-01  9.97903e-01
 2.15162e+00  9.98142e-01  9.97917e-01
 2.16746e+00  9.98648e-01  9.97942e-01
 2.18326e+00  9.98111e-01  9.97977e-01
 2.19936e+00  9.99863e-01  9.98026e-01
 2.21412e+00  9.98636e-01  9.98083e-01
 2.22945e+00  9.98526e-01  9.98155e-01
 2.24497e+00  9.98900e-01  9.98244e-01
 2.26020e+00  9.98928e-01  9.98347e-01
 2.27535e+00  9.98863e-01  9.98468e-01
 2.29035e+00  9.98669e-01  9.98606e-01
 2.30504e+00  9.99737e-01  9.98760e-01
 2.31969e+00  9.98803e-01  9.98934e-01
 2.33512e+00  9.99226e-01  9.99140e-01
 2.34970e+00  9.99859e-01  9.99357e-01
 2.36575e+00  9.99880e-01  9.99623e-01
 2.38080e+00  1.00046e+00  9.99898e-01
 2.39704e+00  1.00025e+00  1.00022e+00
 2.41371e+00  1.00067e+00  1.00059e+00
 2.43077e+00  1.00154e+00  1.00099e+00
 2.44706e+00  1.00155e+00  1.00140e+00
 2.46285e+00  1.00238e+00  1.00182e+00
 2.47842e+00  1.00177e+00  1.00225e+00
 2.49404e+00  1.00263e+00  1.00269e+00
 2.50870e+00  1.00257e+00  1.00312e+00
 2.52512e+00  1.00363e+00  1.00359e+00
 2.54034e+00  1.00401e+00  1.00402e+00
 2.55606e+00  1.00460e+00  1.00444e+00
 2.57263e+00  1.00533e+00  1.00486e+00
 2.58785e+00  1.00546e+00  1.00520e+00
 2.60285e+00  1.00550e+00  1.00550e+00
 2.61811e+00  1.00603e+00  1.00574e+00
 2.63476e+00  1.00652e+00  1.00592e+00
 2.65163e+00  1.00639e+00  1.00602e+00
 2.66694e+00  1.00595e+00  1.00603e+00
 2.68190e+00  1.00559e+00  1.00596e+00
 2.69770e+00  1.00602e+00  1.00579e+00
 2.71286e+00  1.00587e+00  1.00556e+00
 2.72785e+00  1.00501e+00  1.00525e+00
 2.74254e+00  1.00444e+00  1.00489e+00
 2.75719e+00  1.00424e+00  1.00449e+00
 2.77263e+00  1.00358e+00  1.00401e+00
 2.78721e+00  1.00343e+00  1.00354e+00
 2.80209e+00  1.00288e+00  1.00303e+00
 2.81830e+00  1.00248e+00  1.00249e+00
 2.83479e+00  1.00143e+00  1.00194e+00
 2.85739e+00  1.00099e+00  1.00124e+00
 2.87471e+00  1.00068e+00  1.00075e+00
 2.89076e+00  1.00049e+00  1.00035e+00
 2.90805e+00  1.00049e+00  9.99975e-01
 2.92385e+00  1.00016e+00  9.99691e-01
 2.94051e+00  9.96627e-01  9.99450e-01
 2.95620e+00  9.99488e-01  9.99275e-01
 2.97157e+00  9.99412e-01  9.99151e-01
 2.98672e+00  9.98708e-01  9.99071e-01
 3.00260e+00  9.97883e-01  9.99027e-01
 3.01725e+00  9.97907e-01  9.99018e-01
 3.03442e+00  9.98952e-01  9.99041e-01
 3.05024e+00  9.98097e-01  9.99090e-01
 3.06738e+00  9.98138e-01  9.99165e-01
 3.08283e+00  9.98319e-01  9.99249e-01
 3.09715e+00  9.99867e-01  9.99337e-01
 3.11171e+00  9.98916e-01  9.99433e-01
 3.12620e+00  9.99256e-01  9.99534e-01
 3.13987e+00  1.00024e+00  9.99631e-01
 3.15591e+00  9.99319e-01  9.99747e-01
 3.17421e+00  9.98925e-01  9.99877e-01
 3.18870e+00  9.98423e-01  9.99978e-01
 3.20213e+00  1.00066e+00  1.00007e+00
 3.21902e+00  9.99703e-01  1.00018e+00
 3.23475e+00  9.99755e-01  1.00027e+00
 3.24984e+00  9.99645e-01  1.00036e+00
 3.26463e+00  1.00093e+00  1.00044e+00
 3.27922e+00  1.00019e+00  1.00051e+00
 3.29446e+00  1.00062e+00  1.00058e+00
 3.30933e+00  1.00065e+00  1.00065e+00
 3.32390e+00  1.00003e+00  1.00070e+00
 3.33894e+00  1.00035e+00  1.00075e+00
 3.35400e+00  9.99698e-01  1.00080e+00
 3.36880e+00  1.00073e+00  1.00084e+00
 3.38336e+00  1.00030e+00  1.00088e+00
 3.39865e+00  1.00010e+00  1.00091e+00
 3.41349e+00  1.00076e+00  1.00094e+00
 3.42958e+00  1.00054e+00  1.00096e+00
 3.44447e+00  1.00034e+00  1.00098e+00
 3.45969e+00  1.00083e+00  1.00100e+00
 3.47448e+00  1.00085e+00  1.00101e+00
 3.48927e+00  1.00062e+00  1.00102e+00
 3.50650e+00  1.00060e+00  1.00102e+00
 3.52219e+00  1.00077e+00  1.00102e+00
 3.53705e+00  1.00069e+00  1.00102e+00
 3.55308e+00  1.00046e+00  1.00102e+00
 3.56807e+00  1.00028e+00  1.00101e+00
 3.58458e+00  1.00101e+00  1.00100e+00
 3.59948e+00  1.00023e+00  1.00099e+00
 3.61391e+00  1.00065e+00  1.00098e+00
 3.62930e+00  1.00041e+00  1.00097e+00
 3.64498e+00  1.00060e+00  1.00095e+00
 3.66198e+00  1.00041e+00  1.00093e+00
 3.67722e+00  1.00065e+00  1.00092e+00
 3.69330e+00  1.00036e+00  1.00089e+00
 3.70969e+00  1.00067e+00  1.00087e+00
 3.72448e+00  1.00053e+00  1.00085e+00
 3.73891e+00  1.00040e+00  1.00083e+00
 3.75429e+00  9.99929e-01  1.00081e+00
 3.76966e+00  9.94646e-01  1.00078e+00
 3.78548e+00  1.00043e+00  1.00075e+00
 3.80049e+00  1.00100e+00  1.00073e+00
 3.81619e+00  1.01943e+00  1.00070e+00
 3.83268e+00  1.01436e+00  1.00067e+00
 3.84898e+00  1.01088e+00  1.00064e+00
 3.86368e+00  1.00095e+00  1.00061e+00
 3.87798e+00  1.00917e+00  1.00059e+00
 3.89332e+00  1.00588e+00  1.00056e+00
 3.90711e+00  1.00523e+00  1.00053e+00
 3.92097e+00  1.00065e+00  1.00050e+00
 3.93624e+00  1.00338e+00  1.00047e+00
 3.95037e+00  1.00167e+00  1.00044e+00
 3.96636e+00  1.00039e+00  1.00041e+00
 3.98082e+00  1.00095e+00  1.00038e+00
 3.99503e+00  9.99832e-01  1.00035e+00
 4.01108e+00  9.99556e-01  1.00031e+00
 4.02516e+00  1.00004e+00  1.00028e+00
 4.03999e+00  9.99791e-01  1.00025e+00
 4.05470e+00  9.99317e-01  1.00022e+00
 4.07013e+00  9.99794e-01  1.00018e+00
 4.08688e+00  1.00004e+00  1.00014e+00
 4.10249e+00  9.99878e-01  1.00011e+00
 4.11821e+00  9.99284e-01  1.00007e+00
 4.13335e+00  9.99468e-01  1.00003e+00
 4.14865e+00  9.99367e-01  9.99998e-01
 4.16349e+00  9.99802e-01  9.99963e-01
 4.17807e+00  9.99337e-01  9.99928e-01
 4.19306e+00  9.99317e-01  9.99891e-01
 4.20819e+00  9.99715e-01  9.99854e-01
 4.22413e+00  9.99900e-01  9.99814e-01
 4.23890e+00  1.00015e+00  9.99777e-01
 4.25520e+00  9.99486e-01  9.99736e-01
 4.27220e+00  9.99648e-01  9.99693e-01
 4.28698e+00  9.99376e-01  9.99655e-01
 4.30140e+00  9.99010e-01  9.99617e-01
 4.31626e+00  9.96930e-01  9.99578e-01
 4.33095e+00  9.96892e-01  9.99539e-01
 4.34507e+00  9.96902e-01  9.99501e-01
 4.35973e+00  9.99034e-01  9.99461e-01
 4.37445e+00  9.97012e-01  9.99421e-01
 4.38937e+00  9.97196e-01  9.99380e-01
 4.40422e+00  9.99394e-01  9.99339e-01
 4.41831e+00  9.97095e-01  9.99299e-01
 4.43229e+00  9.97364e-01  9.99260e-01
 4.44586e+00  9.99389e-01  9.99221e-01
 4.46001e+00  9.97925e-01  9.99180e-01
 4.47431e+00  9.97304e-01  9.99139e-01
 4.48890e+00  1.00020e+00  9.99096e-01
 4.50412e+00  9.97973e-01  9.99051e-01
 4.51822e+00  9.97642e-01  9.99009e-01
 4.53203e+00  9.99180e-01  9.98968e-01
 4.54638e+00  9.98044e-01  9.98925e-01
 4.56125e+00  9.98391e-01  9.98880e-01
 4.57502e+00  9.98378e-01  9.98838e-01
 4.58892e+00  9.99604e-01  9.98796e-01
 4.60292e+00  9.98154e-01  9.98753e-01
 4.61670e+00  9.97478e-01  9.98710e-01
 4.63056e+00  9.98733e-01  9.98667e-01
 4.64459e+00  9.97895e-01  9.98624e-01
 4.65838e+00  9.97909e-01  9.98581e-01
 4.67223e+00  9.99165e-01  9.98539e-01
 4.68625e+00  9.93655e-01  9.98496e-01
 4.70002e+00  9.97705e-01  9.98454e-01
 4.71392e+00  9.99064e-01  9.98412e-01
 4.72919e+00  9.97898e-01  9.98366e-01
 4.74330e+00  9.98585e-01  9.98324e-01
 4.75836e+00  9.95126e-01  9.98280e-01
 4.77226e+00  9.98205e-01  9.98240e-01
 4.78890e+00  9.97440e-01  9.98194e-01
 4.80379e+00  9.98022e-01  9.98154e-01
 4.81985e+00  9.99242e-01  9.98113e-01
 4.83476e+00  9.98282e-01  9.98076e-01
 4.85019e+00  9.98118e-01  9.98041e-01
 4.86478e+00  9.98862e-01  9.98010e-01
 4.87941e+00  9.98300e-01  9.97982e-01
 4.89459e+00  9.97481e-01  9.97956e-01
 4.90959e+00  9.97512e-01  9.97934e-01
 4.92426e+00  9.99002e-01  9.97917e-01
 4.93891e+00  9.96325e-01  9.97905e-01
 4.95436e+00  9.98306e-01  9.97897e-01
 4.96895e+00  9.98999e-01  9.97896e-01
 4.98526e+00  9.99064e-01  9.97903e-01
 5.00001e+00  9.98142e-01  9.97917e-01
 5.01585e+00  9.98648e-01  9.97942e-01
 5.03165e+00  9.98111e-01  9.97977e-01
 5.04776e+00  9.99863e-01  9.98026e-01
 5.06251e+00  9.98636e-01  9.98083e-01
 5.07785e+00  9.98526e-01  9.98155e-01
 5.09337e+00  9.98900e-01  9.98244e-01
 5.10859e+00  9.98928e-01  9.98347e-01
 5.12375e+00  9.98863e-01  9.98468e-01
 5.13874e+00  9.98669e-01  9.98606e-01
 5.15343e+00  9.99737e-01  9.98760e-01
 5.16808e+00  9.98803e-01  9.98934e-01
 5.18352e+00  9.99226e-01  9.99140e-01
 5.19810e+00  9.99859e-01  9.99357e-01
 5.21415e+00  9.99880e-01  9.99623e-01
 5.22919e+00  1.00046e+00  9.99898e-01
 5.24544e+00  1.00025e+00  1.00022e+00
 5.26211e+00  1.00067e+00  1.00059e+00
 5.27917e+00  1.00154e+00  1.00099e+00
 5.29546e+00  1.00155e+00  1.00140e+00
 5.31125e+00  1.00238e+00  1.00182e+00
 5.32681e+00  1.00177e+00  1.00225e+00
 5.34244e+00  1.00263e+00  1.00269e+00
 5.35710e+00  1.00257e+00  1.00312e+00
 5.37351e+00  1.00363e+00  1.00359e+00
 5.38873e+00  1.00401e+00  1.00402e+00
 5.40445e+00  1.00460e+00  1.00444e+00
 5.42103e+00  1.00533e+00  1.00486e+00
 5.43625e+00  1.00546e+00  1.00520e+00
 5.45124e+00  1.00550e+00  1.00550e+00
 5.46651e+00  1.00603e+00  1.00574e+00
 5.48316e+00  1.00652e+00  1.00592e+00
 5.50002e+00  1.00639e+00  1.00602e+00
 5.51534e+00  1.00595e+00  1.00603e+00
 5.53030e+00  1.00559e+00  1.00596e+00
 5.54609e+00  1.00602e+00  1.00579e+00
 5.56126e+00  1.00587e+00  1.00556e+00
 5.57624e+00  1.00501e+00  1.00525e+00
 5.59093e+00  1.00444e+00  1.00489e+00
 5.60558e+00  1.00424e+00  1.00449e+00
 5.62103e+00  1.00358e+00  1.00401e+00
 5.63561e+00  1.00343e+00  1.00354e+00
 5.65049e+00  1.00288e+00  1.00303e+00
 5.66669e+00  1.00248e+00  1.00249e+00
 5.68318e+00  1.00143e+00  1.00194e+00
