204
 4.60370e-02  9.79921e-01  1.00276e+00
 1.56447e-01  8.81707e-01  1.00313e+00
 2.56404e-01  7.90714e-01  1.00311e+00
 3.29303e-01  7.94062e-01  1.00261e+00
 4.00110e-01  8.57238e-01  1.00151e+00
 4.68871e-01  9.31809e-01  9.99632e-01
 5.37643e-01  9.85073e-01  9.96907e-01
 6.08440e-01  9.96927e-01  9.93494e-01
 6.68904e-01  9.76862e-01  9.90699e-01
 7.29280e-01  9.70823e-01  9.88819e-01
 7.81393e-01  9.85368e-01  9.88467e-01
 8.33483e-01  9.86170e-01  9.89491e-01
 8.85553e-01  9.92938e-01  9.91697e-01
 9.37653e-01  9.95081e-01  9.94600e-01
 9.89733e-01  9.98525e-01  9.97612e-01
 1.04181e+00  9.99535e-01  1.00025e+00
 1.09390e+00  1.00174e+00  1.00226e+00
 1.15017e+00  1.00257e+00  1.00365e+00
 1.20429e+00  1.00377e+00  1.00432e+00
 1.25433e+00  1.00476e+00  1.00450e+00
 1.30847e+00  1.00539e+00  1.00437e+00
 1.35851e+00  1.00551e+00  1.00406e+00
 1.41264e+00  1.00374e+00  1.00362e+00
 1.46269e+00  1.00341e+00  1.00318e+00
 1.51681e+00  1.00303e+00  1.00271e+00
 1.56685e+00  1.00236e+00  1.00230e+00
 1.62098e+00  1.00153e+00  1.00189e+00
 1.67101e+00  1.00156e+00  1.00156e+00
 1.72514e+00  1.00099e+00  1.00124e+00
 1.77519e+00  1.00088e+00  1.00099e+00
 1.82931e+00  9.99372e-01  1.00075e+00
 1.87935e+00  9.99565e-01  1.00057e+00
 1.93348e+00  9.89991e-01  1.00039e+00
 1.98351e+00  9.48183e-01  1.00026e+00
 2.03764e+00  8.85983e-01  1.00014e+00
 2.08769e+00  8.21265e-01  1.00004e+00
 2.14181e+00  7.77274e-01  9.99953e-01
 2.19184e+00  7.88676e-01  9.99885e-01
 2.24598e+00  8.45074e-01  9.99823e-01
 2.29602e+00  9.10823e-01  9.99776e-01
 2.35014e+00  9.67506e-01  9.99734e-01
 2.40019e+00  9.97597e-01  9.99701e-01
 2.45431e+00  9.99558e-01  9.99672e-01
 2.50434e+00  9.99998e-01  9.99651e-01
 2.55848e+00  1.00008e+00  9.99632e-01
 2.60852e+00  9.99390e-01  9.99618e-01
 2.66264e+00  9.99529e-01  9.99606e-01
 2.71269e+00  9.99978e-01  9.99598e-01
 2.76681e+00  1.00035e+00  9.99591e-01
 2.81684e+00  1.00032e+00  9.99587e-01
 2.87098e+00  1.00017e+00  9.99584e-01
 2.92307e+00  1.00019e+00  9.99583e-01
 2.97934e+00  1.00069e+00  9.99583e-01
 3.03142e+00  1.00037e+00  9.99584e-01
 3.08351e+00  1.00039e+00  9.99586e-01
 3.13770e+00  1.00010e+00  9.99589e-01
 3.20642e+00  1.00026e+00  9.99593e-01
 3.26059e+00  9.99836e-01  9.99598e-01
 3.31268e+00  9.99989e-01  9.99602e-01
 3.36476e+00  1.00074e+00  9.99607e-01
 3.42312e+00  9.89859e-01  9.99613e-01
 3.47934e+00  1.00038e+00  9.99619e-01
 3.53143e+00  1.00049e+00  9.99625e-01
 3.58352e+00  1.00066e+00  9.99632e-01
 3.63974e+00  1.00073e+00  9.99639e-01
 3.69186e+00  1.00078e+00  9.99645e-01
 3.75016e+00  1.00056e+00  9.99653e-01
 3.81266e+00  9.99813e-01  9.99662e-01
 3.87518e+00  1.00034e+00  9.99671e-01
 3.93349e+00  1.00044e+00  9.99679e-01
 3.98767e+00  1.00022e+00  9.99688e-01
 4.04396e+00  1.00002e+00  9.99697e-01
 4.10432e+00  1.00086e+00  9.99707e-01
 4.16058e+00  9.99789e-01  9.99716e-01
 4.21684e+00  9.99986e-01  9.99727e-01
 4.27102e+00  9.99626e-01  9.99737e-01
 4.32522e+00  9.99753e-01  9.99748e-01
 4.38560e+00  9.99749e-01  9.99761e-01
 4.44186e+00  1.00025e+00  9.99774e-01
 4.50433e+00  1.00029e+00  9.99789e-01
 4.56269e+00  1.00010e+00  9.99805e-01
 4.61476e+00  1.00108e+00  9.99819e-01
 4.67726e+00  1.00060e+00  9.99838e-01
 4.73977e+00  1.00072e+00  9.99859e-01
 4.79603e+00  1.00095e+00  9.99880e-01
 4.85017e+00  1.00057e+00  9.99902e-01
 4.90020e+00  1.00040e+00  9.99923e-01
 4.95641e+00  1.00003e+00  9.99950e-01
 5.01683e+00  1.00029e+00  9.99982e-01
 5.07516e+00  1.00015e+00  1.00002e+00
 5.13351e+00  9.99682e-01  1.00005e+00
 5.21894e+00  1.00065e+00  1.00012e+00
 5.30226e+00  1.00020e+00  1.00019e+00
 5.38145e+00  9.99604e-01  1.00027e+00
 5.45854e+00  1.00026e+00  1.00036e+00
 5.53768e+00  1.00025e+00  1.00048e+00
 5.61479e+00  9.99764e-01  1.00060e+00
 5.69184e+00  9.99987e-01  1.00076e+00
 5.77726e+00  1.00041e+00  1.00095e+00
 5.87516e+00  1.00046e+00  1.00123e+00
 5.97933e+00  9.99883e-01  1.00158e+00
 6.08349e+00  1.00036e+00  1.00200e+00
 6.25433e+00  9.79921e-01  1.00276e+00
 6.36474e+00  8.81707e-01  1.00313e+00
 6.46469e+00  7.90714e-01  1.00311e+00
 6.53759e+00  7.94062e-01  1.00261e+00
 6.60840e+00  8.57238e-01  1.00151e+00
 6.67716e+00  9.31809e-01  9.99632e-01
 6.74593e+00  9.85073e-01  9.96907e-01
 6.81673e+00  9.96927e-01  9.93494e-01
 6.87720e+00  9.76862e-01  9.90699e-01
 6.93757e+00  9.70823e-01  9.88819e-01
 6.98968e+00  9.85368e-01  9.88468e-01
 7.04177e+00  9.86170e-01  9.89491e-01
 7.09384e+00  9.92938e-01  9.91697e-01
 7.14594e+00  9.95081e-01  9.94600e-01
 7.19802e+00  9.98525e-01  9.97612e-01
 7.25010e+00  9.99535e-01  1.00025e+00
 7.30220e+00  1.00174e+00  1.00226e+00
 7.35846e+00  1.00257e+00  1.00365e+00
 7.41258e+00  1.00377e+00  1.00432e+00
 7.46263e+00  1.00476e+00  1.00450e+00
 7.51676e+00  1.00539e+00  1.00437e+00
 7.56681e+00  1.00551e+00  1.00406e+00
 7.62093e+00  1.00374e+00  1.00362e+00
 7.67098e+00  1.00341e+00  1.00318e+00
 7.72510e+00  1.00303e+00  1.00271e+00
 7.77514e+00  1.00236e+00  1.00230e+00
 7.82927e+00  1.00153e+00  1.00189e+00
 7.87931e+00  1.00156e+00  1.00156e+00
 7.93343e+00  1.00099e+00  1.00124e+00
 7.98348e+00  1.00088e+00  1.00099e+00
 8.03760e+00  9.99372e-01  1.00075e+00
 8.08764e+00  9.99565e-01  1.00057e+00
 8.14177e+00  9.89991e-01  1.00039e+00
 8.19181e+00  9.48183e-01  1.00026e+00
 8.24593e+00  8.85983e-01  1.00014e+00
 8.29598e+00  8.21265e-01  1.00004e+00
 8.35010e+00  7.77274e-01  9.99953e-01
 8.40014e+00  7.88676e-01  9.99885e-01
 8.45427e+00  8.45074e-01  9.99823e-01
 8.50431e+00  9.10823e-01  9.99776e-01
 8.55843e+00  9.67506e-01  9.99734e-01
 8.60848e+00  9.97597e-01  9.99701e-01
 8.66260e+00  9.99558e-01  9.99672e-01
 8.71264e+00  9.99998e-01  9.99651e-01
 8.76677e+00  1.00008e+00  9.99632e-01
 8.81681e+00  9.99390e-01  9.99618e-01
 8.87093e+00  9.99529e-01  9.99606e-01
 8.92098e+00  9.99978e-01  9.99598e-01
 8.97510e+00  1.00035e+00  9.99591e-01
 9.02514e+00  1.00032e+00  9.99587e-01
 9.07927e+00  1.00017e+00  9.99584e-01
 9.13136e+00  1.00019e+00  9.99583e-01
 9.18763e+00  1.00069e+00  9.99583e-01
 9.23971e+00  1.00037e+00  9.99584e-01
 9.29180e+00  1.00039e+00  9.99586e-01
 9.34600e+00  1.00010e+00  9.99589e-01
 9.41471e+00  1.00026e+00  9.99593e-01
 9.46888e+00  9.99836e-01  9.99598e-01
 9.52097e+00  9.99989e-01  9.99602e-01
 9.57306e+00  1.00074e+00  9.99607e-01
 9.63141e+00  9.89859e-01  9.99613e-01
 9.68763e+00  1.00038e+00  9.99619e-01
 9.73972e+00  1.00049e+00  9.99625e-01
 9.79181e+00  1.00066e+00  9.99632e-01
 9.84803e+00  1.00073e+00  9.99639e-01
 9.90016e+00  1.00078e+00  9.99645e-01
 9.95845e+00  1.00056e+00  9.99653e-01
 1.00210e+01  9.99813e-01  9.99662e-01
 1.00835e+01  1.00034e+00  9.99671e-01
 1.01418e+01  1.00044e+00  9.99679e-01
 1.01960e+01  1.00022e+00  9.99688e-01
 1.02522e+01  1.00002e+00  9.99697e-01
 1.03126e+01  1.00086e+00  9.99707e-01
 1.03689e+01  9.99789e-01  9.99716e-01
 1.04251e+01  9.99986e-01  9.99727e-01
 1.04793e+01  9.99626e-01  9.99737e-01
 1.05335e+01  9.99753e-01  9.99748e-01
 1.05939e+01  9.99749e-01  9.99761e-01
 1.06502e+01  1.00025e+00  9.99774e-01
 1.07126e+01  1.00029e+00  9.99789e-01
 1.07710e+01  1.00010e+00  9.99805e-01
 1.08231e+01  1.00108e+00  9.99819e-01
 1.08856e+01  1.00060e+00  9.99838e-01
 1.09481e+01  1.00072e+00  9.99859e-01
 1.10043e+01  1.00095e+00  9.99880e-01
 1.10585e+01  1.00057e+00  9.99902e-01
 1.11085e+01  1.00040e+00  9.99923e-01
 1.11647e+01  1.00003e+00  9.99950e-01
 1.12251e+01  1.00029e+00  9.99982e-01
 1.12835e+01  1.00015e+00  1.00002e+00
 1.13418e+01  9.99682e-01  1.00005e+00
 1.14272e+01  1.00065e+00  1.00012e+00
 1.15106e+01  1.00020e+00  1.00019e+00
 1.15897e+01  9.99604e-01  1.00027e+00
 1.16668e+01  1.00026e+00  1.00036e+00
 1.17460e+01  1.00025e+00  1.00048e+00
 1.18231e+01  9.99764e-01  1.00060e+00
 1.19001e+01  9.99987e-01  1.00076e+00
 1.19856e+01  1.00041e+00  1.00095e+00
 1.20834e+01  1.00046e+00  1.00123e+00
 1.21876e+01  9.99883e-01  1.00158e+00
 1.22918e+01  1.00036e+00  1.00200e+00
