862
 8.01700e-03  9.99815e-01  1.00031e+00
 2.65020e-02  9.99541e-01  1.00031e+00
 3.95220e-02  1.00780e+00  1.00031e+00
 5.34120e-02  1.00004e+00  1.00031e+00
 6.74820e-02  9.99334e-01  1.00031e+00
 8.06050e-02  9.99914e-01  1.00030e+00
 9.50920e-02  1.00028e+00  1.00030e+00
 1.09142e-01  9.99529e-01  1.00030e+00
 1.21517e-01  1.00557e+00  1.00030e+00
 1.35675e-01  9.99672e-01  1.00030e+00
 1.49110e-01  1.00002e+00  1.00030e+00
 1.63557e-01  9.99765e-01  1.00030e+00
 1.78412e-01  9.99441e-01  1.00030e+00
 1.92472e-01  1.00001e+00  1.00030e+00
 2.04847e-01  1.00129e+00  1.00030e+00
 2.18995e-01  9.99620e-01  1.00030e+00
 2.32327e-01  9.99286e-01  1.00030e+00
 2.45517e-01  1.00201e+00  1.00030e+00
 2.59275e-01  9.99913e-01  1.00030e+00
 2.71610e-01  9.99762e-01  1.00030e+00
 2.85107e-01  9.99937e-01  1.00030e+00
 2.98210e-01  9.99928e-01  1.00030e+00
 3.09820e-01  9.99675e-01  1.00030e+00
 3.23165e-01  9.99622e-01  1.00030e+00
 3.34432e-01  9.99622e-01  1.00030e+00
 3.47485e-01  9.99858e-01  1.00030e+00
 3.59310e-01  1.00023e+00  1.00030e+00
 3.71385e-01  1.00021e+00  1.00030e+00
 3.84275e-01  9.99731e-01  1.00030e+00
 3.95597e-01  9.99715e-01  1.00030e+00
 4.08850e-01  1.00026e+00  1.00030e+00
 4.20420e-01  1.00016e+00  1.00030e+00
 4.32930e-01  9.99681e-01  1.00030e+00
 4.45385e-01  1.00003e+00  1.00030e+00
 4.57730e-01  9.99892e-01  1.00030e+00
 4.71407e-01  9.99725e-01  1.00030e+00
 4.84310e-01  9.99578e-01  1.00030e+00
 4.96385e-01  9.99464e-01  1.00030e+00
 5.09275e-01  9.99690e-01  1.00030e+00
 5.20597e-01  1.00016e+00  1.00030e+00
 5.33850e-01  9.99660e-01  1.00030e+00
 5.45420e-01  9.99491e-01  1.00030e+00
 5.57920e-01  9.99799e-01  1.00030e+00
 5.70385e-01  9.99500e-01  1.00030e+00
 5.81907e-01  9.99741e-01  1.00030e+00
 5.95082e-01  9.99590e-01  1.00030e+00
 6.06585e-01  1.00000e+00  1.00030e+00
 6.19440e-01  9.99515e-01  1.00030e+00
 6.31530e-01  9.99827e-01  1.00030e+00
 6.43692e-01  1.00207e+00  1.00030e+00
 6.56162e-01  1.00018e+00  1.00030e+00
 6.66402e-01  1.00047e+00  1.00030e+00
 6.77825e-01  1.00035e+00  1.00030e+00
 6.88035e-01  1.00016e+00  1.00030e+00
 6.99687e-01  1.00045e+00  1.00029e+00
 7.09300e-01  1.00034e+00  1.00029e+00
 7.21482e-01  9.99836e-01  1.00029e+00
 7.31095e-01  1.00045e+00  1.00029e+00
 7.42292e-01  9.99918e-01  1.00029e+00
 7.51915e-01  9.99803e-01  1.00029e+00
 7.63132e-01  1.00011e+00  1.00029e+00
 7.72745e-01  1.00015e+00  1.00029e+00
 7.83982e-01  1.00111e+00  1.00029e+00
 7.93595e-01  1.00067e+00  1.00029e+00
 8.04792e-01  9.99915e-01  1.00029e+00
 8.14415e-01  1.00034e+00  1.00029e+00
 8.25632e-01  1.00017e+00  1.00029e+00
 8.35245e-01  1.00010e+00  1.00029e+00
 8.46482e-01  9.99936e-01  1.00029e+00
 8.56095e-01  1.00026e+00  1.00029e+00
 8.67292e-01  1.00051e+00  1.00029e+00
 8.76915e-01  1.00038e+00  1.00029e+00
 8.88132e-01  9.99954e-01  1.00029e+00
 8.97745e-01  9.99894e-01  1.00029e+00
 9.08982e-01  1.00035e+00  1.00029e+00
 9.18585e-01  1.00045e+00  1.00029e+00
 9.30125e-01  9.99634e-01  1.00029e+00
 9.40472e-01  9.99837e-01  1.00029e+00
 9.51655e-01  9.99817e-01  1.00029e+00
 9.61312e-01  9.99854e-01  1.00029e+00
 9.72495e-01  9.99899e-01  1.00029e+00
 9.82142e-01  1.00016e+00  1.00029e+00
 9.93315e-01  9.99606e-01  1.00029e+00
 1.00297e+00  1.00005e+00  1.00029e+00
 1.01415e+00  1.00012e+00  1.00029e+00
 1.02381e+00  9.99712e-01  1.00029e+00
 1.03580e+00  9.99763e-01  1.00029e+00
 1.04584e+00  1.00007e+00  1.00029e+00
 1.05756e+00  1.00007e+00  1.00029e+00
 1.06791e+00  1.00024e+00  1.00029e+00
 1.07839e+00  9.99307e-01  1.00029e+00
 1.08874e+00  1.00007e+00  1.00029e+00
 1.09972e+00  9.99376e-01  1.00029e+00
 1.11077e+00  9.99756e-01  1.00029e+00
 1.12093e+00  9.99707e-01  1.00029e+00
 1.13185e+00  9.99763e-01  1.00029e+00
 1.14352e+00  9.99690e-01  1.00029e+00
 1.15524e+00  9.99647e-01  1.00029e+00
 1.16530e+00  9.99458e-01  1.00029e+00
 1.17724e+00  9.99824e-01  1.00029e+00
 1.18803e+00  9.99455e-01  1.00029e+00
 1.20030e+00  9.99964e-01  1.00029e+00
 1.21025e+00  9.99931e-01  1.00029e+00
 1.22226e+00  9.99241e-01  1.00029e+00
 1.23334e+00  1.00003e+00  1.00029e+00
 1.24530e+00  9.99519e-01  1.00029e+00
 1.25677e+00  1.00000e+00  1.00029e+00
 1.26766e+00  9.99465e-01  1.00029e+00
 1.27888e+00  9.99499e-01  1.00029e+00
 1.28936e+00  9.99740e-01  1.00029e+00
 1.30106e+00  9.99830e-01  1.00029e+00
 1.31111e+00  9.99804e-01  1.00029e+00
 1.32308e+00  9.99281e-01  1.00028e+00
 1.33305e+00  9.99338e-01  1.00028e+00
 1.34499e+00  9.99472e-01  1.00028e+00
 1.35494e+00  9.99161e-01  1.00028e+00
 1.36697e+00  9.99700e-01  1.00028e+00
 1.37691e+00  9.99446e-01  1.00028e+00
 1.38887e+00  9.99604e-01  1.00028e+00
 1.39881e+00  9.99542e-01  1.00028e+00
 1.41079e+00  9.99281e-01  1.00028e+00
 1.42084e+00  9.99207e-01  1.00028e+00
 1.43256e+00  9.99793e-01  1.00028e+00
 1.44300e+00  9.99654e-01  1.00028e+00
 1.45427e+00  9.99307e-01  1.00028e+00
 1.46511e+00  9.99106e-01  1.00028e+00
 1.47600e+00  1.00011e+00  1.00028e+00
 1.48722e+00  9.99933e-01  1.00028e+00
 1.49792e+00  9.99116e-01  1.00028e+00
 1.51167e+00  9.99374e-01  1.00028e+00
 1.52349e+00  9.99907e-01  1.00028e+00
 1.53615e+00  9.99203e-01  1.00028e+00
 1.54716e+00  9.99723e-01  1.00028e+00
 1.55843e+00  9.99678e-01  1.00028e+00
 1.56927e+00  9.99450e-01  1.00028e+00
 1.58015e+00  9.99640e-01  1.00028e+00
 1.59137e+00  9.99765e-01  1.00028e+00
 1.60186e+00  9.99709e-01  1.00028e+00
 1.61355e+00  9.99989e-01  1.00028e+00
 1.62437e+00  9.99892e-01  1.00028e+00
 1.63665e+00  1.00002e+00  1.00028e+00
 1.64659e+00  1.00002e+00  1.00028e+00
 1.65863e+00  1.00037e+00  1.00028e+00
 1.66857e+00  9.99856e-01  1.00028e+00
 1.68054e+00  1.00031e+00  1.00028e+00
 1.69045e+00  1.00111e+00  1.00028e+00
 1.70245e+00  1.00009e+00  1.00028e+00
 1.71250e+00  9.99692e-01  1.00028e+00
 1.72423e+00  9.99928e-01  1.00028e+00
 1.73466e+00  1.00007e+00  1.00028e+00
 1.74593e+00  9.99771e-01  1.00028e+00
 1.75676e+00  9.99877e-01  1.00028e+00
 1.76765e+00  9.99845e-01  1.00028e+00
 1.77887e+00  1.00028e+00  1.00028e+00
 1.78936e+00  9.99610e-01  1.00028e+00
 1.80105e+00  9.99831e-01  1.00028e+00
 1.81111e+00  1.00008e+00  1.00028e+00
 1.82307e+00  1.00020e+00  1.00028e+00
 1.83303e+00  9.99499e-01  1.00028e+00
 1.84499e+00  1.00002e+00  1.00028e+00
 1.85494e+00  9.99906e-01  1.00028e+00
 1.86696e+00  1.00008e+00  1.00028e+00
 1.87688e+00  9.99973e-01  1.00028e+00
 1.88887e+00  9.99934e-01  1.00028e+00
 1.89879e+00  1.00030e+00  1.00028e+00
 1.91079e+00  1.00004e+00  1.00028e+00
 1.92083e+00  9.99925e-01  1.00028e+00
 1.93256e+00  9.99772e-01  1.00027e+00
 1.94298e+00  1.00038e+00  1.00027e+00
 1.95426e+00  9.99715e-01  1.00027e+00
 1.96510e+00  1.00024e+00  1.00027e+00
 1.97599e+00  1.00048e+00  1.00027e+00
 1.98721e+00  1.00038e+00  1.00027e+00
 1.99767e+00  1.00034e+00  1.00027e+00
 2.00937e+00  9.99817e-01  1.00027e+00
 2.01945e+00  1.00017e+00  1.00027e+00
 2.03140e+00  1.00058e+00  1.00027e+00
 2.04138e+00  1.00015e+00  1.00027e+00
 2.05332e+00  1.00047e+00  1.00027e+00
 2.06325e+00  1.00063e+00  1.00027e+00
 2.07530e+00  1.00027e+00  1.00027e+00
 2.08522e+00  1.00065e+00  1.00027e+00
 2.09720e+00  1.00026e+00  1.00027e+00
 2.10713e+00  1.00048e+00  1.00027e+00
 2.11912e+00  1.00052e+00  1.00027e+00
 2.12915e+00  1.00041e+00  1.00027e+00
 2.14087e+00  1.00051e+00  1.00027e+00
 2.15133e+00  1.00021e+00  1.00027e+00
 2.16260e+00  1.00013e+00  1.00027e+00
 2.17342e+00  1.00001e+00  1.00027e+00
 2.18431e+00  1.00024e+00  1.00027e+00
 2.19552e+00  1.00026e+00  1.00027e+00
 2.20600e+00  1.00037e+00  1.00027e+00
 2.21770e+00  9.99621e-01  1.00027e+00
 2.22780e+00  1.00032e+00  1.00027e+00
 2.23972e+00  9.99962e-01  1.00027e+00
 2.24969e+00  9.99785e-01  1.00027e+00
 2.26164e+00  9.99542e-01  1.00027e+00
 2.27159e+00  1.00008e+00  1.00027e+00
 2.28385e+00  1.00038e+00  1.00027e+00
 2.29463e+00  9.99757e-01  1.00027e+00
 2.30661e+00  9.99772e-01  1.00027e+00
 2.31664e+00  9.99594e-01  1.00027e+00
 2.32837e+00  9.99730e-01  1.00027e+00
 2.33933e+00  9.99959e-01  1.00027e+00
 2.35098e+00  1.00022e+00  1.00027e+00
 2.36220e+00  9.99351e-01  1.00027e+00
 2.37267e+00  9.99524e-01  1.00027e+00
 2.38436e+00  9.99637e-01  1.00027e+00
 2.39443e+00  1.00024e+00  1.00027e+00
 2.40639e+00  1.00018e+00  1.00027e+00
 2.41624e+00  1.00796e+00  1.00027e+00
 2.42677e+00  1.00376e+00  1.00027e+00
 2.43546e+00  9.99732e-01  1.00027e+00
 2.44547e+00  9.96210e-01  1.00027e+00
 2.45473e+00  9.99123e-01  1.00027e+00
 2.46488e+00  1.00138e+00  1.00027e+00
 2.47534e+00  9.98907e-01  1.00027e+00
 2.48692e+00  1.00049e+00  1.00027e+00
 2.49752e+00  9.99284e-01  1.00027e+00
 2.51022e+00  9.98851e-01  1.00027e+00
 2.52022e+00  9.98890e-01  1.00027e+00
 2.53233e+00  9.98693e-01  1.00027e+00
 2.54215e+00  9.99005e-01  1.00027e+00
 2.55431e+00  9.98966e-01  1.00026e+00
 2.56410e+00  9.98922e-01  1.00026e+00
 2.57612e+00  9.98434e-01  1.00026e+00
 2.58608e+00  9.98683e-01  1.00026e+00
 2.59798e+00  9.98178e-01  1.00026e+00
 2.60819e+00  9.98562e-01  1.00026e+00
 2.61977e+00  9.97857e-01  1.00026e+00
 2.63018e+00  9.98521e-01  1.00026e+00
 2.64201e+00  9.98051e-01  1.00026e+00
 2.65357e+00  9.98317e-01  1.00026e+00
 2.66465e+00  9.97863e-01  1.00026e+00
 2.67694e+00  9.98315e-01  1.00026e+00
 2.68906e+00  9.97595e-01  1.00026e+00
 2.70112e+00  9.98103e-01  1.00026e+00
 2.71108e+00  9.98213e-01  1.00026e+00
 2.72298e+00  9.98172e-01  1.00026e+00
 2.73319e+00  9.98648e-01  1.00026e+00
 2.74477e+00  9.99114e-01  1.00026e+00
 2.75518e+00  9.98441e-01  1.00026e+00
 2.76661e+00  9.99215e-01  1.00026e+00
 2.77730e+00  9.99467e-01  1.00026e+00
 2.78834e+00  9.99781e-01  1.00026e+00
 2.79941e+00  9.99582e-01  1.00026e+00
 2.81001e+00  1.00024e+00  1.00026e+00
 2.82156e+00  1.00053e+00  1.00026e+00
 2.83179e+00  1.00066e+00  1.00026e+00
 2.84360e+00  1.00165e+00  1.00026e+00
 2.85359e+00  1.00161e+00  1.00026e+00
 2.86566e+00  1.00237e+00  1.00026e+00
 2.87545e+00  1.00209e+00  1.00026e+00
 2.88762e+00  1.00376e+00  1.00026e+00
 2.89743e+00  1.00289e+00  1.00026e+00
 2.91024e+00  1.00385e+00  1.00026e+00
 2.92118e+00  1.00363e+00  1.00026e+00
 2.93368e+00  1.00543e+00  1.00026e+00
 2.94522e+00  1.00404e+00  1.00026e+00
 2.95584e+00  1.00589e+00  1.00026e+00
 2.96741e+00  1.00550e+00  1.00026e+00
 2.97766e+00  1.00624e+00  1.00026e+00
 2.98943e+00  1.00604e+00  1.00026e+00
 2.99940e+00  1.00676e+00  1.00026e+00
 3.01262e+00  1.00676e+00  1.00026e+00
 3.02243e+00  1.00650e+00  1.00026e+00
 3.03445e+00  1.00672e+00  1.00026e+00
 3.04443e+00  1.00728e+00  1.00026e+00
 3.05631e+00  1.00707e+00  1.00026e+00
 3.06768e+00  1.00707e+00  1.00026e+00
 3.07930e+00  1.00748e+00  1.00026e+00
 3.09107e+00  1.00670e+00  1.00026e+00
 3.10170e+00  1.00709e+00  1.00026e+00
 3.11325e+00  1.00653e+00  1.00026e+00
 3.12395e+00  1.00750e+00  1.00026e+00
 3.13648e+00  1.00636e+00  1.00026e+00
 3.14629e+00  1.00628e+00  1.00026e+00
 3.15847e+00  1.00638e+00  1.00026e+00
 3.16829e+00  1.00590e+00  1.00026e+00
 3.18027e+00  1.00525e+00  1.00026e+00
 3.19024e+00  1.00591e+00  1.00025e+00
 3.20283e+00  1.00528e+00  1.00025e+00
 3.21480e+00  1.00480e+00  1.00025e+00
 3.22597e+00  1.00440e+00  1.00025e+00
 3.23824e+00  1.00457e+00  1.00025e+00
 3.24847e+00  1.00427e+00  1.00025e+00
 3.26261e+00  1.00311e+00  1.00025e+00
 3.27472e+00  1.00338e+00  1.00025e+00
 3.28953e+00  1.00350e+00  1.00025e+00
 3.30192e+00  1.00391e+00  1.00025e+00
 3.31190e+00  1.00258e+00  1.00025e+00
 3.32398e+00  1.00334e+00  1.00025e+00
 3.33456e+00  1.00280e+00  1.00025e+00
 3.34695e+00  1.00299e+00  1.00025e+00
 3.35794e+00  1.00288e+00  1.00025e+00
 3.36974e+00  1.00215e+00  1.00025e+00
 3.38144e+00  1.00212e+00  1.00025e+00
 3.39249e+00  1.00140e+00  1.00025e+00
 3.40357e+00  1.00207e+00  1.00025e+00
 3.41420e+00  1.00168e+00  1.00025e+00
 3.42573e+00  1.00162e+00  1.00025e+00
 3.43597e+00  1.00121e+00  1.00025e+00
 3.44775e+00  1.00142e+00  1.00025e+00
 3.45772e+00  1.00035e+00  1.00025e+00
 3.46983e+00  1.00064e+00  1.00025e+00
 3.47964e+00  1.00078e+00  1.00025e+00
 3.49227e+00  1.00140e+00  1.00025e+00
 3.50375e+00  1.00133e+00  1.00025e+00
 3.51620e+00  1.00041e+00  1.00025e+00
 3.52730e+00  1.00082e+00  1.00025e+00
 3.53839e+00  1.00124e+00  1.00025e+00
 3.55073e+00  1.00048e+00  1.00025e+00
 3.56158e+00  1.00102e+00  1.00025e+00
 3.57443e+00  1.00092e+00  1.00025e+00
 3.58599e+00  1.00082e+00  1.00025e+00
 3.59810e+00  9.99905e-01  1.00025e+00
 3.60935e+00  1.00080e+00  1.00025e+00
 3.62108e+00  9.99658e-01  1.00025e+00
 3.63273e+00  1.00012e+00  1.00025e+00
 3.64391e+00  1.00082e+00  1.00025e+00
 3.65610e+00  1.00021e+00  1.00025e+00
 3.66758e+00  1.00021e+00  1.00025e+00
 3.68027e+00  1.00065e+00  1.00025e+00
 3.69151e+00  1.00001e+00  1.00025e+00
 3.70339e+00  9.99632e-01  1.00025e+00
 3.71607e+00  9.99850e-01  1.00025e+00
 3.72773e+00  1.00045e+00  1.00025e+00
 3.74065e+00  9.99741e-01  1.00025e+00
 3.75147e+00  1.00006e+00  1.00025e+00
 3.76523e+00  1.00030e+00  1.00025e+00
 3.77868e+00  9.99870e-01  1.00025e+00
 3.79143e+00  1.00058e+00  1.00025e+00
 3.80610e+00  1.00036e+00  1.00025e+00
 3.81895e+00  1.00013e+00  1.00025e+00
 3.83067e+00  1.00039e+00  1.00025e+00
 3.84597e+00  1.00040e+00  1.00025e+00
 3.85845e+00  1.00024e+00  1.00025e+00
 3.87108e+00  9.99975e-01  1.00025e+00
 3.88292e+00  1.00057e+00  1.00025e+00
 3.89560e+00  1.00007e+00  1.00025e+00
 3.90870e+00  1.00002e+00  1.00025e+00
 3.92066e+00  1.00022e+00  1.00025e+00
 3.93338e+00  9.99617e-01  1.00025e+00
 3.94637e+00  9.99891e-01  1.00025e+00
 3.95854e+00  9.99780e-01  1.00024e+00
 3.97094e+00  9.99910e-01  1.00024e+00
 3.98247e+00  1.00066e+00  1.00024e+00
 3.99607e+00  9.99113e-01  1.00024e+00
 4.00862e+00  9.99130e-01  1.00024e+00
 4.02060e+00  9.98959e-01  1.00024e+00
 4.03393e+00  9.99473e-01  1.00024e+00
 4.04685e+00  9.99192e-01  1.00024e+00
 4.05881e+00  1.00072e+00  1.00024e+00
 4.07284e+00  9.99474e-01  1.00024e+00
 4.08504e+00  1.00283e+00  1.00024e+00
 4.09908e+00  9.99591e-01  1.00024e+00
 4.11355e+00  1.00033e+00  1.00024e+00
 4.12672e+00  1.00481e+00  1.00024e+00
 4.14057e+00  1.00470e+00  1.00024e+00
 4.15323e+00  9.99980e-01  1.00024e+00
 4.16662e+00  9.99585e-01  1.00024e+00
 4.18109e+00  9.99991e-01  1.00024e+00
 4.19492e+00  9.99609e-01  1.00024e+00
 4.20828e+00  1.00003e+00  1.00024e+00
 4.22276e+00  1.00037e+00  1.00024e+00
 4.23657e+00  1.00029e+00  1.00024e+00
 4.25126e+00  9.99783e-01  1.00024e+00
 4.26638e+00  9.99556e-01  1.00024e+00
 4.28116e+00  9.99841e-01  1.00024e+00
 4.29451e+00  9.99744e-01  1.00024e+00
 4.30861e+00  9.99097e-01  1.00024e+00
 4.32417e+00  9.99959e-01  1.00024e+00
 4.33760e+00  9.99688e-01  1.00024e+00
 4.35163e+00  9.99535e-01  1.00024e+00
 4.36587e+00  9.99660e-01  1.00024e+00
 4.37929e+00  9.99572e-01  1.00024e+00
 4.39328e+00  9.99414e-01  1.00024e+00
 4.40770e+00  9.99526e-01  1.00024e+00
 4.42262e+00  9.99587e-01  1.00024e+00
 4.43607e+00  9.99674e-01  1.00024e+00
 4.45059e+00  9.99786e-01  1.00024e+00
 4.46427e+00  1.00008e+00  1.00024e+00
 4.47837e+00  9.99294e-01  1.00024e+00
 4.49359e+00  1.00019e+00  1.00024e+00
 4.50741e+00  9.99937e-01  1.00024e+00
 4.52077e+00  9.99846e-01  1.00024e+00
 4.53533e+00  9.99717e-01  1.00024e+00
 4.55052e+00  9.99354e-01  1.00024e+00
 4.56385e+00  9.99722e-01  1.00024e+00
 4.57824e+00  1.00016e+00  1.00024e+00
 4.59218e+00  9.99363e-01  1.00024e+00
 4.60551e+00  9.99323e-01  1.00024e+00
 4.62005e+00  9.99847e-01  1.00024e+00
 4.63532e+00  9.99574e-01  1.00024e+00
 4.64866e+00  9.99786e-01  1.00024e+00
 4.66278e+00  9.99761e-01  1.00024e+00
 4.67699e+00  9.99553e-01  1.00024e+00
 4.69034e+00  9.99330e-01  1.00024e+00
 4.70443e+00  9.99688e-01  1.00024e+00
 4.71866e+00  9.99426e-01  1.00024e+00
 4.73201e+00  9.99420e-01  1.00024e+00
 4.74610e+00  9.99459e-01  1.00024e+00
 4.76032e+00  9.99728e-01  1.00024e+00
 4.77366e+00  9.99602e-01  1.00024e+00
 4.78810e+00  9.99276e-01  1.00024e+00
 4.80337e+00  9.99552e-01  1.00024e+00
 4.81548e+00  1.01874e+00  1.00024e+00
 4.82906e+00  1.01819e+00  1.00025e+00
 4.84218e+00  9.99563e-01  1.00025e+00
 4.85527e+00  1.01517e+00  1.00025e+00
 4.86961e+00  1.01336e+00  1.00025e+00
 4.88240e+00  9.99002e-01  1.00025e+00
 4.89477e+00  1.01591e+00  1.00025e+00
 4.90893e+00  9.99246e-01  1.00025e+00
 4.92238e+00  1.01044e+00  1.00025e+00
 4.93544e+00  1.01205e+00  1.00025e+00
 4.94921e+00  9.99389e-01  1.00025e+00
 4.96235e+00  1.00648e+00  1.00025e+00
 4.97607e+00  1.00511e+00  1.00025e+00
 4.98949e+00  1.00009e+00  1.00025e+00
 5.00389e+00  9.99404e-01  1.00025e+00
 5.01803e+00  1.00137e+00  1.00025e+00
 5.03254e+00  9.99615e-01  1.00025e+00
 5.04570e+00  1.00092e+00  1.00025e+00
 5.05969e+00  1.00107e+00  1.00025e+00
 5.07421e+00  9.99527e-01  1.00025e+00
 5.08629e+00  1.00914e+00  1.00025e+00
 5.10054e+00  1.00820e+00  1.00025e+00
 5.11587e+00  9.99796e-01  1.00025e+00
 5.12927e+00  1.00296e+00  1.00025e+00
 5.15627e+00  9.99815e-01  1.00026e+00
 5.17475e+00  9.99541e-01  1.00026e+00
 5.18777e+00  1.00780e+00  1.00026e+00
 5.20166e+00  1.00004e+00  1.00026e+00
 5.21573e+00  9.99334e-01  1.00026e+00
 5.22886e+00  9.99914e-01  1.00026e+00
 5.24334e+00  1.00028e+00  1.00026e+00
 5.25739e+00  9.99529e-01  1.00026e+00
 5.26977e+00  1.00557e+00  1.00026e+00
 5.28392e+00  9.99672e-01  1.00026e+00
 5.29736e+00  1.00002e+00  1.00026e+00
 5.31181e+00  9.99765e-01  1.00027e+00
 5.32666e+00  9.99441e-01  1.00027e+00
 5.34072e+00  1.00001e+00  1.00027e+00
 5.35310e+00  1.00129e+00  1.00027e+00
 5.36724e+00  9.99620e-01  1.00027e+00
 5.38058e+00  9.99286e-01  1.00027e+00
 5.39377e+00  1.00201e+00  1.00027e+00
 5.40752e+00  9.99913e-01  1.00027e+00
 5.41986e+00  9.99762e-01  1.00028e+00
 5.43336e+00  9.99937e-01  1.00028e+00
 5.44646e+00  9.99928e-01  1.00028e+00
 5.45807e+00  9.99675e-01  1.00028e+00
 5.47142e+00  9.99622e-01  1.00028e+00
 5.48268e+00  9.99622e-01  1.00028e+00
 5.49573e+00  9.99858e-01  1.00028e+00
 5.50756e+00  1.00023e+00  1.00029e+00
 5.51964e+00  1.00021e+00  1.00029e+00
 5.53252e+00  9.99731e-01  1.00029e+00
 5.54385e+00  9.99715e-01  1.00029e+00
 5.55710e+00  1.00026e+00  1.00029e+00
 5.56867e+00  1.00016e+00  1.00030e+00
 5.58118e+00  9.99681e-01  1.00030e+00
 5.59363e+00  1.00003e+00  1.00030e+00
 5.60598e+00  9.99892e-01  1.00030e+00
 5.61966e+00  9.99725e-01  1.00030e+00
 5.63256e+00  9.99578e-01  1.00031e+00
 5.64464e+00  9.99464e-01  1.00031e+00
 5.65752e+00  9.99690e-01  1.00031e+00
 5.66885e+00  1.00016e+00  1.00031e+00
 5.68210e+00  9.99660e-01  1.00032e+00
 5.69367e+00  9.99491e-01  1.00032e+00
 5.70617e+00  9.99799e-01  1.00032e+00
 5.71863e+00  9.99500e-01  1.00032e+00
 5.73016e+00  9.99741e-01  1.00033e+00
 5.74333e+00  9.99590e-01  1.00033e+00
 5.75483e+00  1.00000e+00  1.00033e+00
 5.76769e+00  9.99515e-01  1.00034e+00
 5.77978e+00  9.99827e-01  1.00034e+00
 5.79194e+00  1.00207e+00  1.00035e+00
 5.80441e+00  1.00018e+00  1.00035e+00
 5.81465e+00  1.00047e+00  1.00035e+00
 5.82608e+00  1.00035e+00  1.00036e+00
 5.83629e+00  1.00016e+00  1.00036e+00
 5.84794e+00  1.00045e+00  1.00036e+00
 5.85755e+00  1.00034e+00  1.00037e+00
 5.86973e+00  9.99836e-01  1.00037e+00
 5.87934e+00  1.00045e+00  1.00038e+00
 5.89054e+00  9.99918e-01  1.00038e+00
 5.90017e+00  9.99803e-01  1.00038e+00
 5.91138e+00  1.00011e+00  1.00039e+00
 5.92099e+00  1.00015e+00  1.00039e+00
 5.93223e+00  1.00111e+00  1.00040e+00
 5.94184e+00  1.00067e+00  1.00040e+00
 5.95304e+00  9.99915e-01  1.00041e+00
 5.96267e+00  1.00034e+00  1.00041e+00
 5.97388e+00  1.00017e+00  1.00042e+00
 5.98349e+00  1.00010e+00  1.00043e+00
 5.99473e+00  9.99936e-01  1.00043e+00
 6.00434e+00  1.00026e+00  1.00044e+00
 6.01554e+00  1.00051e+00  1.00044e+00
 6.02517e+00  1.00038e+00  1.00045e+00
 6.03638e+00  9.99954e-01  1.00046e+00
 6.04599e+00  9.99894e-01  1.00046e+00
 6.05723e+00  1.00035e+00  1.00047e+00
 6.06684e+00  1.00045e+00  1.00048e+00
 6.07838e+00  9.99634e-01  1.00049e+00
 6.08872e+00  9.99837e-01  1.00050e+00
 6.09990e+00  9.99817e-01  1.00051e+00
 6.10956e+00  9.99854e-01  1.00052e+00
 6.12075e+00  9.99899e-01  1.00053e+00
 6.13039e+00  1.00016e+00  1.00053e+00
 6.14156e+00  9.99606e-01  1.00055e+00
 6.15122e+00  1.00005e+00  1.00056e+00
 6.16240e+00  1.00012e+00  1.00057e+00
 6.17206e+00  9.99712e-01  1.00058e+00
 6.18405e+00  9.99763e-01  1.00059e+00
 6.19409e+00  1.00007e+00  1.00060e+00
 6.20581e+00  1.00007e+00  1.00062e+00
 6.21615e+00  1.00024e+00  1.00063e+00
 6.22664e+00  9.99307e-01  1.00065e+00
 6.23698e+00  1.00007e+00  1.00066e+00
 6.24797e+00  9.99376e-01  1.00068e+00
 6.25902e+00  9.99756e-01  1.00070e+00
 6.26918e+00  9.99707e-01  1.00071e+00
 6.28010e+00  9.99763e-01  1.00073e+00
 6.29177e+00  9.99690e-01  1.00075e+00
 6.30349e+00  9.99647e-01  1.00078e+00
 6.31355e+00  9.99458e-01  1.00080e+00
 6.32549e+00  9.99824e-01  1.00082e+00
 6.33627e+00  9.99455e-01  1.00085e+00
 6.34855e+00  9.99964e-01  1.00088e+00
 6.35849e+00  9.99931e-01  1.00090e+00
 6.37052e+00  9.99241e-01  1.00093e+00
 6.38159e+00  1.00003e+00  1.00096e+00
 6.39355e+00  9.99519e-01  1.00100e+00
 6.40503e+00  1.00000e+00  1.00104e+00
 6.41591e+00  9.99465e-01  1.00107e+00
 6.42713e+00  9.99499e-01  1.00111e+00
 6.43761e+00  9.99740e-01  1.00115e+00
 6.44931e+00  9.99830e-01  1.00120e+00
 6.45936e+00  9.99804e-01  1.00125e+00
 6.47133e+00  9.99281e-01  1.00130e+00
 6.48130e+00  9.99338e-01  1.00135e+00
 6.49324e+00  9.99472e-01  1.00141e+00
 6.50319e+00  9.99161e-01  1.00147e+00
 6.51522e+00  9.99700e-01  1.00154e+00
 6.52515e+00  9.99446e-01  1.00160e+00
 6.53712e+00  9.99604e-01  1.00169e+00
 6.54706e+00  9.99542e-01  1.00176e+00
 6.55904e+00  9.99281e-01  1.00186e+00
 6.56909e+00  9.99207e-01  1.00194e+00
 6.58081e+00  9.99793e-01  1.00205e+00
 6.59125e+00  9.99654e-01  1.00216e+00
 6.60252e+00  9.99307e-01  1.00228e+00
 6.61336e+00  9.99106e-01  1.00241e+00
 6.62425e+00  1.00011e+00  1.00255e+00
 6.63547e+00  9.99933e-01  1.00271e+00
 6.64617e+00  9.99116e-01  1.00288e+00
 6.65991e+00  9.99374e-01  1.00312e+00
 6.67174e+00  9.99907e-01  1.00334e+00
 6.68440e+00  9.99203e-01  1.00362e+00
 6.69541e+00  9.99723e-01  1.00388e+00
 6.70668e+00  9.99678e-01  1.00418e+00
 6.71753e+00  9.99450e-01  1.00450e+00
 6.72840e+00  9.99640e-01  1.00486e+00
 6.73962e+00  9.99765e-01  1.00528e+00
 6.75011e+00  9.99709e-01  1.00572e+00
 6.76180e+00  9.99989e-01  1.00627e+00
 6.77262e+00  9.99892e-01  1.00685e+00
 6.78491e+00  1.00002e+00  1.00761e+00
 6.79484e+00  1.00002e+00  1.00832e+00
 6.80688e+00  1.00037e+00  1.00930e+00
 6.81682e+00  9.99856e-01  1.01025e+00
 6.82879e+00  1.00031e+00  1.01157e+00
 6.83870e+00  1.00111e+00  1.01286e+00
 6.85070e+00  1.00009e+00  1.01469e+00
 6.86075e+00  9.99692e-01  1.01653e+00
 6.87248e+00  9.99928e-01  1.01908e+00
 6.88291e+00  1.00007e+00  1.02182e+00
 6.89418e+00  9.99771e-01  1.02542e+00
 6.90501e+00  9.99877e-01  1.02965e+00
 6.91590e+00  9.99845e-01  1.03489e+00
 6.92712e+00  1.00028e+00  1.04158e+00
 6.93761e+00  9.99610e-01  1.04934e+00
 6.94930e+00  9.99831e-01  1.06013e+00
 6.95936e+00  1.00008e+00  1.07160e+00
 6.97132e+00  1.00020e+00  1.08823e+00
 6.98128e+00  9.99499e-01  1.10465e+00
 6.99324e+00  1.00002e+00  1.12684e+00
 7.00319e+00  9.99906e-01  1.14593e+00
 7.01521e+00  1.00008e+00  1.16649e+00
 7.02513e+00  9.99973e-01  1.17803e+00
 7.03712e+00  9.99934e-01  1.18177e+00
 7.04704e+00  1.00030e+00  1.17559e+00
 7.05904e+00  1.00004e+00  1.15910e+00
 7.06908e+00  9.99925e-01  1.14099e+00
 7.08081e+00  9.99772e-01  1.11876e+00
 7.09123e+00  1.00038e+00  1.10029e+00
 7.10251e+00  9.99715e-01  1.08283e+00
 7.11334e+00  1.00024e+00  1.06884e+00
 7.12424e+00  1.00048e+00  1.05732e+00
 7.13546e+00  1.00038e+00  1.04773e+00
 7.14592e+00  1.00034e+00  1.04051e+00
 7.15762e+00  9.99817e-01  1.03401e+00
 7.16770e+00  1.00017e+00  1.02945e+00
 7.17965e+00  1.00058e+00  1.02505e+00
 7.18963e+00  1.00015e+00  1.02204e+00
 7.20157e+00  1.00047e+00  1.01905e+00
 7.21150e+00  1.00063e+00  1.01698e+00
 7.22355e+00  1.00027e+00  1.01487e+00
 7.23348e+00  1.00065e+00  1.01340e+00
 7.24545e+00  1.00026e+00  1.01190e+00
 7.25538e+00  1.00048e+00  1.01083e+00
 7.26737e+00  1.00052e+00  1.00972e+00
 7.27740e+00  1.00041e+00  1.00891e+00
 7.28912e+00  1.00051e+00  1.00809e+00
 7.29958e+00  1.00021e+00  1.00745e+00
 7.31085e+00  1.00013e+00  1.00684e+00
 7.32167e+00  1.00001e+00  1.00633e+00
 7.33256e+00  1.00024e+00  1.00587e+00
 7.34377e+00  1.00026e+00  1.00545e+00
 7.35425e+00  1.00037e+00  1.00509e+00
 7.36595e+00  9.99621e-01  1.00474e+00
 7.37605e+00  1.00032e+00  1.00447e+00
 7.38797e+00  9.99962e-01  1.00418e+00
 7.39794e+00  9.99785e-01  1.00395e+00
 7.40989e+00  9.99542e-01  1.00371e+00
 7.41984e+00  1.00008e+00  1.00353e+00
 7.43210e+00  1.00038e+00  1.00332e+00
 7.44288e+00  9.99757e-01  1.00316e+00
 7.45486e+00  9.99772e-01  1.00299e+00
 7.46489e+00  9.99594e-01  1.00286e+00
 7.47662e+00  9.99730e-01  1.00272e+00
 7.48758e+00  9.99959e-01  1.00260e+00
 7.49923e+00  1.00022e+00  1.00249e+00
 7.51045e+00  9.99351e-01  1.00238e+00
 7.52092e+00  9.99524e-01  1.00229e+00
 7.53261e+00  9.99637e-01  1.00220e+00
 7.54268e+00  1.00024e+00  1.00212e+00
 7.55464e+00  1.00018e+00  1.00204e+00
 7.56449e+00  1.00796e+00  1.00197e+00
 7.57502e+00  1.00376e+00  1.00191e+00
 7.58371e+00  9.99732e-01  1.00186e+00
 7.59372e+00  9.96210e-01  1.00180e+00
 7.60298e+00  9.99123e-01  1.00175e+00
 7.61313e+00  1.00138e+00  1.00170e+00
 7.62359e+00  9.98907e-01  1.00165e+00
 7.63517e+00  1.00049e+00  1.00160e+00
 7.64577e+00  9.99284e-01  1.00156e+00
 7.65847e+00  9.98851e-01  1.00151e+00
 7.66847e+00  9.98890e-01  1.00147e+00
 7.68058e+00  9.98693e-01  1.00143e+00
 7.69040e+00  9.99005e-01  1.00140e+00
 7.70256e+00  9.98966e-01  1.00136e+00
 7.71235e+00  9.98922e-01  1.00133e+00
 7.72436e+00  9.98434e-01  1.00130e+00
 7.73433e+00  9.98683e-01  1.00127e+00
 7.74623e+00  9.98178e-01  1.00124e+00
 7.75644e+00  9.98562e-01  1.00121e+00
 7.76802e+00  9.97857e-01  1.00119e+00
 7.77843e+00  9.98521e-01  1.00116e+00
 7.79026e+00  9.98051e-01  1.00114e+00
 7.80182e+00  9.98317e-01  1.00112e+00
 7.81290e+00  9.97863e-01  1.00109e+00
 7.82519e+00  9.98315e-01  1.00107e+00
 7.83731e+00  9.97595e-01  1.00105e+00
 7.84936e+00  9.98103e-01  1.00103e+00
 7.85933e+00  9.98213e-01  1.00101e+00
 7.87123e+00  9.98172e-01  1.00100e+00
 7.88144e+00  9.98648e-01  1.00098e+00
 7.89302e+00  9.99114e-01  1.00097e+00
 7.90343e+00  9.98441e-01  1.00095e+00
 7.91486e+00  9.99215e-01  1.00094e+00
 7.92554e+00  9.99467e-01  1.00092e+00
 7.93659e+00  9.99781e-01  1.00091e+00
 7.94766e+00  9.99582e-01  1.00090e+00
 7.95826e+00  1.00024e+00  1.00088e+00
 7.96981e+00  1.00053e+00  1.00087e+00
 7.98004e+00  1.00066e+00  1.00086e+00
 7.99185e+00  1.00165e+00  1.00085e+00
 8.00184e+00  1.00161e+00  1.00084e+00
 8.01391e+00  1.00237e+00  1.00083e+00
 8.02370e+00  1.00209e+00  1.00082e+00
 8.03588e+00  1.00376e+00  1.00081e+00
 8.04567e+00  1.00289e+00  1.00080e+00
 8.05849e+00  1.00385e+00  1.00079e+00
 8.06943e+00  1.00363e+00  1.00078e+00
 8.08193e+00  1.00543e+00  1.00077e+00
 8.09347e+00  1.00404e+00  1.00076e+00
 8.10409e+00  1.00589e+00  1.00076e+00
 8.11566e+00  1.00550e+00  1.00075e+00
 8.12591e+00  1.00624e+00  1.00074e+00
 8.13768e+00  1.00604e+00  1.00073e+00
 8.14765e+00  1.00676e+00  1.00073e+00
 8.16088e+00  1.00676e+00  1.00072e+00
 8.17067e+00  1.00650e+00  1.00071e+00
 8.18271e+00  1.00672e+00  1.00071e+00
 8.19268e+00  1.00728e+00  1.00070e+00
 8.20456e+00  1.00707e+00  1.00069e+00
 8.21593e+00  1.00707e+00  1.00069e+00
 8.22754e+00  1.00748e+00  1.00068e+00
 8.23932e+00  1.00670e+00  1.00068e+00
 8.24995e+00  1.00709e+00  1.00067e+00
 8.26150e+00  1.00653e+00  1.00066e+00
 8.27220e+00  1.00750e+00  1.00066e+00
 8.28473e+00  1.00636e+00  1.00065e+00
 8.29454e+00  1.00628e+00  1.00065e+00
 8.30672e+00  1.00638e+00  1.00064e+00
 8.31654e+00  1.00590e+00  1.00064e+00
 8.32853e+00  1.00525e+00  1.00064e+00
 8.33849e+00  1.00591e+00  1.00063e+00
 8.35108e+00  1.00528e+00  1.00063e+00
 8.36304e+00  1.00480e+00  1.00062e+00
 8.37422e+00  1.00440e+00  1.00062e+00
 8.38649e+00  1.00457e+00  1.00061e+00
 8.39672e+00  1.00427e+00  1.00061e+00
 8.41086e+00  1.00311e+00  1.00061e+00
 8.42296e+00  1.00338e+00  1.00060e+00
 8.43778e+00  1.00350e+00  1.00060e+00
 8.45017e+00  1.00391e+00  1.00059e+00
 8.46015e+00  1.00258e+00  1.00059e+00
 8.47223e+00  1.00334e+00  1.00059e+00
 8.48281e+00  1.00280e+00  1.00058e+00
 8.49521e+00  1.00299e+00  1.00058e+00
 8.50619e+00  1.00288e+00  1.00058e+00
 8.51799e+00  1.00215e+00  1.00057e+00
 8.52970e+00  1.00212e+00  1.00057e+00
 8.54073e+00  1.00140e+00  1.00057e+00
 8.55182e+00  1.00207e+00  1.00056e+00
 8.56245e+00  1.00168e+00  1.00056e+00
 8.57398e+00  1.00162e+00  1.00056e+00
 8.58422e+00  1.00121e+00  1.00056e+00
 8.59600e+00  1.00142e+00  1.00055e+00
 8.60597e+00  1.00035e+00  1.00055e+00
 8.61808e+00  1.00064e+00  1.00055e+00
 8.62789e+00  1.00078e+00  1.00055e+00
 8.64053e+00  1.00140e+00  1.00054e+00
 8.65200e+00  1.00133e+00  1.00054e+00
 8.66446e+00  1.00041e+00  1.00054e+00
 8.67554e+00  1.00082e+00  1.00054e+00
 8.68664e+00  1.00124e+00  1.00053e+00
 8.69898e+00  1.00048e+00  1.00053e+00
 8.70983e+00  1.00102e+00  1.00053e+00
 8.72268e+00  1.00092e+00  1.00053e+00
 8.73424e+00  1.00082e+00  1.00053e+00
 8.74635e+00  9.99905e-01  1.00052e+00
 8.75760e+00  1.00080e+00  1.00052e+00
 8.76933e+00  9.99658e-01  1.00052e+00
 8.78098e+00  1.00012e+00  1.00052e+00
 8.79216e+00  1.00082e+00  1.00051e+00
 8.80435e+00  1.00021e+00  1.00051e+00
 8.81583e+00  1.00021e+00  1.00051e+00
 8.82853e+00  1.00065e+00  1.00051e+00
 8.83976e+00  1.00001e+00  1.00051e+00
 8.85164e+00  9.99632e-01  1.00051e+00
 8.86432e+00  9.99850e-01  1.00050e+00
 8.87598e+00  1.00045e+00  1.00050e+00
 8.88890e+00  9.99741e-01  1.00050e+00
 8.89972e+00  1.00006e+00  1.00050e+00
 8.91348e+00  1.00030e+00  1.00050e+00
 8.92694e+00  9.99870e-01  1.00049e+00
 8.93968e+00  1.00058e+00  1.00049e+00
 8.95435e+00  1.00036e+00  1.00049e+00
 8.96720e+00  1.00013e+00  1.00049e+00
 8.97893e+00  1.00039e+00  1.00049e+00
 8.99422e+00  1.00040e+00  1.00049e+00
 9.00670e+00  1.00024e+00  1.00048e+00
 9.01933e+00  9.99975e-01  1.00048e+00
 9.03117e+00  1.00057e+00  1.00048e+00
 9.04385e+00  1.00007e+00  1.00048e+00
 9.05695e+00  1.00002e+00  1.00048e+00
 9.06891e+00  1.00022e+00  1.00048e+00
 9.08163e+00  9.99617e-01  1.00048e+00
 9.09462e+00  9.99891e-01  1.00047e+00
 9.10679e+00  9.99780e-01  1.00047e+00
 9.11919e+00  9.99910e-01  1.00047e+00
 9.13072e+00  1.00066e+00  1.00047e+00
 9.14432e+00  9.99113e-01  1.00047e+00
 9.15687e+00  9.99130e-01  1.00047e+00
 9.16885e+00  9.98959e-01  1.00047e+00
 9.18219e+00  9.99473e-01  1.00046e+00
 9.19510e+00  9.99192e-01  1.00046e+00
 9.20706e+00  1.00072e+00  1.00046e+00
 9.22109e+00  9.99474e-01  1.00046e+00
 9.23329e+00  1.00283e+00  1.00046e+00
 9.24733e+00  9.99591e-01  1.00046e+00
 9.26180e+00  1.00033e+00  1.00046e+00
 9.27497e+00  1.00481e+00  1.00046e+00
 9.28882e+00  1.00470e+00  1.00045e+00
 9.30148e+00  9.99980e-01  1.00045e+00
 9.31487e+00  9.99585e-01  1.00045e+00
 9.32934e+00  9.99991e-01  1.00045e+00
 9.34317e+00  9.99609e-01  1.00045e+00
 9.35653e+00  1.00003e+00  1.00045e+00
 9.37101e+00  1.00037e+00  1.00045e+00
 9.38482e+00  1.00029e+00  1.00045e+00
 9.39951e+00  9.99783e-01  1.00045e+00
 9.41462e+00  9.99556e-01  1.00044e+00
 9.42940e+00  9.99841e-01  1.00044e+00
 9.44276e+00  9.99744e-01  1.00044e+00
 9.45686e+00  9.99097e-01  1.00044e+00
 9.47242e+00  9.99959e-01  1.00044e+00
 9.48585e+00  9.99688e-01  1.00044e+00
 9.49988e+00  9.99535e-01  1.00044e+00
 9.51412e+00  9.99660e-01  1.00044e+00
 9.52754e+00  9.99572e-01  1.00044e+00
 9.54153e+00  9.99414e-01  1.00044e+00
 9.55595e+00  9.99526e-01  1.00043e+00
 9.57086e+00  9.99587e-01  1.00043e+00
 9.58432e+00  9.99674e-01  1.00043e+00
 9.59883e+00  9.99786e-01  1.00043e+00
 9.61252e+00  1.00008e+00  1.00043e+00
 9.62661e+00  9.99294e-01  1.00043e+00
 9.64184e+00  1.00019e+00  1.00043e+00
 9.65566e+00  9.99937e-01  1.00043e+00
 9.66902e+00  9.99846e-01  1.00043e+00
 9.68357e+00  9.99717e-01  1.00043e+00
 9.69877e+00  9.99354e-01  1.00043e+00
 9.71210e+00  9.99722e-01  1.00042e+00
 9.72649e+00  1.00016e+00  1.00042e+00
 9.74043e+00  9.99363e-01  1.00042e+00
 9.75376e+00  9.99323e-01  1.00042e+00
 9.76830e+00  9.99847e-01  1.00042e+00
 9.78358e+00  9.99574e-01  1.00042e+00
 9.79691e+00  9.99786e-01  1.00042e+00
 9.81103e+00  9.99761e-01  1.00042e+00
 9.82523e+00  9.99553e-01  1.00042e+00
 9.83859e+00  9.99330e-01  1.00042e+00
 9.85268e+00  9.99688e-01  1.00042e+00
 9.86690e+00  9.99426e-01  1.00042e+00
 9.88026e+00  9.99420e-01  1.00042e+00
 9.89435e+00  9.99459e-01  1.00041e+00
 9.90858e+00  9.99728e-01  1.00041e+00
 9.92191e+00  9.99602e-01  1.00041e+00
 9.93636e+00  9.99276e-01  1.00041e+00
 9.95162e+00  9.99552e-01  1.00041e+00
 9.96373e+00  1.01874e+00  1.00041e+00
 9.97732e+00  1.01819e+00  1.00041e+00
 9.99043e+00  9.99563e-01  1.00041e+00
 1.00035e+01  1.01517e+00  1.00041e+00
 1.00179e+01  1.01336e+00  1.00041e+00
 1.00307e+01  9.99002e-01  1.00041e+00
 1.00430e+01  1.01591e+00  1.00041e+00
 1.00572e+01  9.99246e-01  1.00041e+00
 1.00706e+01  1.01044e+00  1.00041e+00
 1.00837e+01  1.01205e+00  1.00041e+00
 1.00975e+01  9.99389e-01  1.00040e+00
 1.01106e+01  1.00648e+00  1.00040e+00
 1.01243e+01  1.00511e+00  1.00040e+00
 1.01377e+01  1.00009e+00  1.00040e+00
 1.01521e+01  9.99404e-01  1.00040e+00
 1.01663e+01  1.00137e+00  1.00040e+00
 1.01808e+01  9.99615e-01  1.00040e+00
 1.01940e+01  1.00092e+00  1.00040e+00
 1.02079e+01  1.00107e+00  1.00040e+00
 1.02225e+01  9.99527e-01  1.00040e+00
 1.02345e+01  1.00914e+00  1.00040e+00
 1.02488e+01  1.00820e+00  1.00040e+00
 1.02641e+01  9.99796e-01  1.00040e+00
 1.02775e+01  1.00296e+00  1.00040e+00
