1026
 2.44300e-03  9.94853e-01  1.00014e+00
 9.02300e-03  9.99535e-01  1.00014e+00
 1.76630e-02  9.99322e-01  1.00014e+00
 2.44910e-02  9.94791e-01  1.00014e+00
 3.14250e-02  9.99650e-01  1.00014e+00
 3.96610e-02  9.95135e-01  1.00014e+00
 4.65090e-02  9.99120e-01  1.00014e+00
 5.38490e-02  9.99659e-01  1.00014e+00
 6.15490e-02  9.96286e-01  1.00014e+00
 6.80390e-02  9.99507e-01  1.00014e+00
 7.59670e-02  9.99776e-01  1.00014e+00
 8.37950e-02  9.97116e-01  1.00014e+00
 9.02170e-02  9.99385e-01  1.00014e+00
 9.78190e-02  1.00085e+00  1.00014e+00
 1.05277e-01  9.97424e-01  1.00014e+00
 1.11765e-01  9.99612e-01  1.00014e+00
 1.19385e-01  1.00037e+00  1.00014e+00
 1.26781e-01  9.97931e-01  1.00014e+00
 1.33323e-01  1.00013e+00  1.00014e+00
 1.40951e-01  1.00108e+00  1.00014e+00
 1.48293e-01  9.98817e-01  1.00014e+00
 1.54843e-01  1.00061e+00  1.00014e+00
 1.62747e-01  1.00152e+00  1.00014e+00
 1.69657e-01  9.99114e-01  1.00014e+00
 1.76529e-01  1.00186e+00  1.00014e+00
 1.84875e-01  9.99781e-01  1.00014e+00
 1.91759e-01  1.00201e+00  1.00014e+00
 1.98851e-01  1.00221e+00  1.00014e+00
 2.06689e-01  1.00141e+00  1.00014e+00
 2.13199e-01  1.00251e+00  1.00014e+00
 2.21199e-01  1.00293e+00  1.00014e+00
 2.29173e-01  1.00174e+00  1.00014e+00
 2.36765e-01  1.00375e+00  1.00014e+00
 2.44385e-01  1.00382e+00  1.00014e+00
 2.51781e-01  1.00287e+00  1.00014e+00
 2.58323e-01  1.00428e+00  1.00014e+00
 2.66235e-01  1.00512e+00  1.00014e+00
 2.73293e-01  1.00430e+00  1.00014e+00
 2.80359e-01  1.00537e+00  1.00014e+00
 2.88419e-01  1.00789e+00  1.00014e+00
 2.94657e-01  1.00521e+00  1.00014e+00
 3.01529e-01  1.00698e+00  1.00014e+00
 3.09259e-01  1.00761e+00  1.00014e+00
 3.15487e-01  1.00588e+00  1.00014e+00
 3.22369e-01  1.00745e+00  1.00014e+00
 3.30383e-01  1.00842e+00  1.00014e+00
 3.36991e-01  1.00647e+00  1.00014e+00
 3.43935e-01  1.00869e+00  1.00014e+00
 3.51609e-01  1.00975e+00  1.00014e+00
 3.57801e-01  1.00728e+00  1.00014e+00
 3.64775e-01  1.00909e+00  1.00014e+00
 3.72503e-01  1.00878e+00  1.00014e+00
 3.79821e-01  1.00826e+00  1.00014e+00
 3.87631e-01  1.01793e+00  1.00014e+00
 3.95899e-01  1.00841e+00  1.00014e+00
 4.02717e-01  1.00924e+00  1.00014e+00
 4.09851e-01  1.01589e+00  1.00014e+00
 4.17519e-01  1.00819e+00  1.00014e+00
 4.25001e-01  1.00816e+00  1.00014e+00
 4.32071e-01  1.01407e+00  1.00014e+00
 4.38875e-01  1.00749e+00  1.00014e+00
 4.45095e-01  1.00833e+00  1.00014e+00
 4.52901e-01  1.01253e+00  1.00014e+00
 4.59715e-01  1.00744e+00  1.00014e+00
 4.65935e-01  1.00750e+00  1.00014e+00
 4.73519e-01  1.01056e+00  1.00014e+00
 4.81171e-01  1.00712e+00  1.00014e+00
 4.88063e-01  1.00796e+00  1.00014e+00
 4.96059e-01  1.00668e+00  1.00014e+00
 5.02443e-01  1.00595e+00  1.00014e+00
 5.10053e-01  1.00837e+00  1.00014e+00
 5.17579e-01  1.00665e+00  1.00014e+00
 5.23993e-01  1.00527e+00  1.00014e+00
 5.31279e-01  1.00754e+00  1.00014e+00
 5.38429e-01  1.00508e+00  1.00014e+00
 5.44803e-01  1.00411e+00  1.00014e+00
 5.52129e-01  1.00639e+00  1.00014e+00
 5.59259e-01  1.00404e+00  1.00014e+00
 5.66271e-01  1.00407e+00  1.00014e+00
 5.73667e-01  1.00585e+00  1.00014e+00
 5.80779e-01  1.00369e+00  1.00014e+00
 5.87175e-01  1.00283e+00  1.00014e+00
 5.94487e-01  1.00502e+00  1.00014e+00
 6.01619e-01  1.00336e+00  1.00014e+00
 6.08501e-01  1.00255e+00  1.00014e+00
 6.16533e-01  1.00364e+00  1.00014e+00
 6.23837e-01  1.00256e+00  1.00014e+00
 6.30179e-01  1.00198e+00  1.00014e+00
 6.37585e-01  1.00320e+00  1.00014e+00
 6.44667e-01  1.00232e+00  1.00014e+00
 6.51029e-01  1.00161e+00  1.00014e+00
 6.58939e-01  1.00268e+00  1.00014e+00
 6.66151e-01  1.00140e+00  1.00014e+00
 6.72577e-01  1.00091e+00  1.00014e+00
 6.79963e-01  1.00173e+00  1.00014e+00
 6.86981e-01  1.00047e+00  1.00014e+00
 6.93933e-01  1.00060e+00  1.00014e+00
 7.01511e-01  1.00160e+00  1.00014e+00
 7.08601e-01  1.00084e+00  1.00014e+00
 7.15741e-01  1.00065e+00  1.00014e+00
 7.23739e-01  1.00138e+00  1.00014e+00
 7.30747e-01  1.00063e+00  1.00014e+00
 7.37531e-01  9.99981e-01  1.00014e+00
 7.44717e-01  1.00050e+00  1.00014e+00
 7.50887e-01  1.00028e+00  1.00014e+00
 7.56905e-01  9.99337e-01  1.00014e+00
 7.63873e-01  1.00044e+00  1.00014e+00
 7.70605e-01  9.99704e-01  1.00013e+00
 7.76397e-01  9.99515e-01  1.00013e+00
 7.83571e-01  1.00118e+00  1.00013e+00
 7.90507e-01  9.99757e-01  1.00013e+00
 7.96997e-01  9.99265e-01  1.00013e+00
 8.04227e-01  9.99489e-01  1.00013e+00
 8.11043e-01  9.99723e-01  1.00013e+00
 8.16777e-01  9.98721e-01  1.00013e+00
 8.23667e-01  1.00068e+00  1.00013e+00
 8.30605e-01  9.99321e-01  1.00013e+00
 8.36335e-01  9.99301e-01  1.00013e+00
 8.43061e-01  9.99494e-01  1.00013e+00
 8.49457e-01  9.99461e-01  1.00013e+00
 8.55867e-01  1.00010e+00  1.00013e+00
 8.62529e-01  9.98954e-01  1.00013e+00
 8.69717e-01  1.00059e+00  1.00013e+00
 8.76479e-01  9.99032e-01  1.00013e+00
 8.84179e-01  9.99597e-01  1.00013e+00
 8.91127e-01  9.99892e-01  1.00013e+00
 8.97429e-01  9.99773e-01  1.00013e+00
 9.04871e-01  9.98712e-01  1.00013e+00
 9.11957e-01  1.00000e+00  1.00013e+00
 9.18811e-01  9.99024e-01  1.00013e+00
 9.25721e-01  9.98168e-01  1.00013e+00
 9.33559e-01  9.98706e-01  1.00013e+00
 9.40091e-01  9.99315e-01  1.00013e+00
 9.47231e-01  9.99357e-01  1.00013e+00
 9.53617e-01  9.98890e-01  1.00013e+00
 9.59825e-01  9.99309e-01  1.00013e+00
 9.65933e-01  9.98519e-01  1.00013e+00
 9.73197e-01  9.99364e-01  1.00013e+00
 9.79909e-01  9.99074e-01  1.00013e+00
 9.86581e-01  9.98135e-01  1.00013e+00
 9.94019e-01  9.99605e-01  1.00013e+00
 1.00034e+00  9.99928e-01  1.00013e+00
 1.00625e+00  9.98645e-01  1.00013e+00
 1.01328e+00  9.99205e-01  1.00013e+00
 1.02039e+00  9.98621e-01  1.00013e+00
 1.02743e+00  9.98166e-01  1.00013e+00
 1.03566e+00  9.99382e-01  1.00013e+00
 1.04276e+00  9.98689e-01  1.00013e+00
 1.04929e+00  9.99130e-01  1.00013e+00
 1.05637e+00  9.99216e-01  1.00013e+00
 1.06324e+00  9.98840e-01  1.00013e+00
 1.06991e+00  9.98488e-01  1.00013e+00
 1.07668e+00  9.99367e-01  1.00013e+00
 1.08319e+00  9.98592e-01  1.00013e+00
 1.08956e+00  9.97978e-01  1.00013e+00
 1.09696e+00  9.99139e-01  1.00013e+00
 1.10394e+00  9.99704e-01  1.00013e+00
 1.10974e+00  9.98623e-01  1.00013e+00
 1.11677e+00  9.99526e-01  1.00013e+00
 1.12376e+00  9.98283e-01  1.00013e+00
 1.13106e+00  9.98634e-01  1.00013e+00
 1.13792e+00  9.98718e-01  1.00013e+00
 1.14436e+00  9.98311e-01  1.00013e+00
 1.15011e+00  9.99109e-01  1.00013e+00
 1.15735e+00  9.99293e-01  1.00013e+00
 1.16495e+00  9.99127e-01  1.00013e+00
 1.17096e+00  9.99101e-01  1.00013e+00
 1.17823e+00  9.98662e-01  1.00013e+00
 1.18569e+00  9.98684e-01  1.00013e+00
 1.19196e+00  9.98373e-01  1.00013e+00
 1.19939e+00  9.98906e-01  1.00013e+00
 1.20660e+00  9.98352e-01  1.00013e+00
 1.21261e+00  9.98088e-01  1.00013e+00
 1.21983e+00  9.99008e-01  1.00013e+00
 1.22674e+00  9.98585e-01  1.00013e+00
 1.23305e+00  9.98618e-01  1.00013e+00
 1.24105e+00  9.98072e-01  1.00013e+00
 1.24829e+00  9.98664e-01  1.00013e+00
 1.25516e+00  9.97534e-01  1.00013e+00
 1.26309e+00  9.99194e-01  1.00013e+00
 1.27095e+00  9.98536e-01  1.00013e+00
 1.27706e+00  9.97877e-01  1.00013e+00
 1.28417e+00  9.98475e-01  1.00013e+00
 1.29235e+00  9.98395e-01  1.00013e+00
 1.29859e+00  9.98044e-01  1.00013e+00
 1.30634e+00  9.97894e-01  1.00013e+00
 1.31336e+00  9.97927e-01  1.00013e+00
 1.32006e+00  9.99026e-01  1.00013e+00
 1.32668e+00  9.98500e-01  1.00013e+00
 1.33401e+00  9.97863e-01  1.00013e+00
 1.34055e+00  9.98140e-01  1.00013e+00
 1.34837e+00  9.98503e-01  1.00013e+00
 1.35618e+00  9.98251e-01  1.00013e+00
 1.36253e+00  9.98239e-01  1.00013e+00
 1.36903e+00  9.99594e-01  1.00013e+00
 1.37586e+00  9.98106e-01  1.00013e+00
 1.38190e+00  9.98273e-01  1.00013e+00
 1.38963e+00  9.98506e-01  1.00013e+00
 1.39670e+00  9.98313e-01  1.00013e+00
 1.40271e+00  9.98880e-01  1.00013e+00
 1.41001e+00  9.99276e-01  1.00013e+00
 1.41711e+00  9.98959e-01  1.00013e+00
 1.42359e+00  9.98387e-01  1.00013e+00
 1.43115e+00  9.98871e-01  1.00013e+00
 1.43836e+00  9.99152e-01  1.00013e+00
 1.44440e+00  9.98692e-01  1.00013e+00
 1.45150e+00  9.98634e-01  1.00013e+00
 1.45901e+00  9.98515e-01  1.00013e+00
 1.46521e+00  9.98474e-01  1.00013e+00
 1.47214e+00  9.98791e-01  1.00013e+00
 1.47985e+00  9.99027e-01  1.00013e+00
 1.48721e+00  1.00025e+00  1.00013e+00
 1.49402e+00  9.98744e-01  1.00013e+00
 1.50099e+00  9.99174e-01  1.00013e+00
 1.50761e+00  9.98468e-01  1.00013e+00
 1.51418e+00  9.97832e-01  1.00013e+00
 1.52111e+00  9.98040e-01  1.00013e+00
 1.52706e+00  9.99914e-01  1.00013e+00
 1.53428e+00  1.00109e+00  1.00013e+00
 1.54127e+00  1.00430e+00  1.00013e+00
 1.54775e+00  9.99205e-01  1.00013e+00
 1.55580e+00  9.99379e-01  1.00013e+00
 1.56400e+00  9.99760e-01  1.00013e+00
 1.57081e+00  9.99383e-01  1.00013e+00
 1.57818e+00  9.98904e-01  1.00013e+00
 1.58587e+00  9.99425e-01  1.00013e+00
 1.59393e+00  9.99475e-01  1.00013e+00
 1.60138e+00  9.99619e-01  1.00013e+00
 1.60815e+00  9.99812e-01  1.00013e+00
 1.61586e+00  9.99476e-01  1.00013e+00
 1.62373e+00  9.99275e-01  1.00013e+00
 1.63033e+00  9.98922e-01  1.00013e+00
 1.63777e+00  9.99266e-01  1.00013e+00
 1.64596e+00  9.99213e-01  1.00013e+00
 1.65257e+00  1.00012e+00  1.00013e+00
 1.66048e+00  9.99082e-01  1.00013e+00
 1.66817e+00  1.00008e+00  1.00013e+00
 1.67500e+00  9.99571e-01  1.00013e+00
 1.68237e+00  9.98980e-01  1.00013e+00
 1.68951e+00  9.99742e-01  1.00013e+00
 1.69668e+00  9.99617e-01  1.00013e+00
 1.70399e+00  9.99720e-01  1.00013e+00
 1.71092e+00  9.99602e-01  1.00013e+00
 1.71889e+00  1.00029e+00  1.00013e+00
 1.72638e+00  9.99832e-01  1.00013e+00
 1.73315e+00  1.00048e+00  1.00013e+00
 1.74050e+00  9.99364e-01  1.00013e+00
 1.74795e+00  9.99246e-01  1.00013e+00
 1.75534e+00  9.99041e-01  1.00013e+00
 1.76272e+00  9.99966e-01  1.00013e+00
 1.77026e+00  9.99307e-01  1.00013e+00
 1.77725e+00  9.99747e-01  1.00013e+00
 1.78500e+00  9.99577e-01  1.00013e+00
 1.79299e+00  9.99887e-01  1.00013e+00
 1.80001e+00  9.99466e-01  1.00013e+00
 1.80780e+00  9.98997e-01  1.00013e+00
 1.81510e+00  1.00055e+00  1.00013e+00
 1.82241e+00  9.99498e-01  1.00013e+00
 1.82978e+00  1.00097e+00  1.00013e+00
 1.83755e+00  9.99900e-01  1.00013e+00
 1.84616e+00  9.99783e-01  1.00013e+00
 1.85322e+00  9.99126e-01  1.00013e+00
 1.85915e+00  1.00011e+00  1.00013e+00
 1.86594e+00  1.00015e+00  1.00013e+00
 1.87265e+00  9.99460e-01  1.00013e+00
 1.87893e+00  1.00011e+00  1.00013e+00
 1.88698e+00  9.99771e-01  1.00013e+00
 1.89420e+00  9.99719e-01  1.00013e+00
 1.90039e+00  1.00011e+00  1.00013e+00
 1.90796e+00  9.99785e-01  1.00013e+00
 1.91505e+00  1.00041e+00  1.00013e+00
 1.92112e+00  9.99440e-01  1.00013e+00
 1.92852e+00  9.99550e-01  1.00013e+00
 1.93587e+00  1.00013e+00  1.00013e+00
 1.94247e+00  9.99914e-01  1.00013e+00
 1.94925e+00  9.99577e-01  1.00013e+00
 1.95599e+00  9.99860e-01  1.00013e+00
 1.96207e+00  9.99834e-01  1.00013e+00
 1.96903e+00  9.99642e-01  1.00013e+00
 1.97614e+00  9.99379e-01  1.00013e+00
 1.98228e+00  9.99321e-01  1.00013e+00
 1.98900e+00  9.99512e-01  1.00013e+00
 1.99550e+00  9.98869e-01  1.00013e+00
 2.00201e+00  9.99875e-01  1.00013e+00
 2.00889e+00  9.99982e-01  1.00013e+00
 2.01593e+00  9.99091e-01  1.00013e+00
 2.02284e+00  9.99050e-01  1.00013e+00
 2.02935e+00  9.99165e-01  1.00013e+00
 2.03648e+00  9.99693e-01  1.00013e+00
 2.04316e+00  9.98876e-01  1.00013e+00
 2.04940e+00  9.98939e-01  1.00013e+00
 2.05661e+00  9.98818e-01  1.00013e+00
 2.06433e+00  9.99522e-01  1.00013e+00
 2.07094e+00  9.98909e-01  1.00013e+00
 2.07743e+00  9.99245e-01  1.00013e+00
 2.08460e+00  9.99136e-01  1.00013e+00
 2.09163e+00  9.99706e-01  1.00013e+00
 2.09829e+00  9.98917e-01  1.00013e+00
 2.10510e+00  9.99833e-01  1.00013e+00
 2.11119e+00  9.99054e-01  1.00013e+00
 2.11871e+00  9.99738e-01  1.00013e+00
 2.12627e+00  9.99008e-01  1.00013e+00
 2.13272e+00  9.99458e-01  1.00013e+00
 2.13927e+00  9.98869e-01  1.00013e+00
 2.14621e+00  9.99213e-01  1.00013e+00
 2.15305e+00  9.99397e-01  1.00013e+00
 2.16121e+00  9.99599e-01  1.00013e+00
 2.16816e+00  9.99170e-01  1.00013e+00
 2.17481e+00  1.00035e+00  1.00013e+00
 2.18161e+00  9.98429e-01  1.00013e+00
 2.18846e+00  9.98765e-01  1.00013e+00
 2.19413e+00  9.96652e-01  1.00013e+00
 2.20050e+00  9.98788e-01  1.00013e+00
 2.20738e+00  9.99249e-01  1.00013e+00
 2.21328e+00  9.99559e-01  1.00013e+00
 2.22010e+00  9.99491e-01  1.00013e+00
 2.22683e+00  9.99096e-01  1.00013e+00
 2.23277e+00  9.96335e-01  1.00013e+00
 2.23919e+00  9.99116e-01  1.00013e+00
 2.24628e+00  9.99297e-01  1.00013e+00
 2.25255e+00  9.99033e-01  1.00013e+00
 2.25849e+00  9.96515e-01  1.00013e+00
 2.26506e+00  9.99149e-01  1.00013e+00
 2.27233e+00  9.99483e-01  1.00013e+00
 2.27898e+00  9.97096e-01  1.00013e+00
 2.28579e+00  9.99580e-01  1.00013e+00
 2.29291e+00  9.98793e-01  1.00013e+00
 2.29887e+00  9.96975e-01  1.00013e+00
 2.30556e+00  9.99357e-01  1.00013e+00
 2.31288e+00  9.99382e-01  1.00013e+00
 2.31848e+00  9.97745e-01  1.00013e+00
 2.32484e+00  9.99438e-01  1.00013e+00
 2.33170e+00  9.99076e-01  1.00013e+00
 2.33752e+00  9.97893e-01  1.00013e+00
 2.34374e+00  9.99233e-01  1.00013e+00
 2.35044e+00  9.99623e-01  1.00013e+00
 2.35720e+00  9.97731e-01  1.00013e+00
 2.36331e+00  9.99674e-01  1.00013e+00
 2.37092e+00  9.99317e-01  1.00013e+00
 2.37755e+00  9.99351e-01  1.00013e+00
 2.38349e+00  9.99084e-01  1.00013e+00
 2.38993e+00  9.99665e-01  1.00013e+00
 2.39679e+00  9.98910e-01  1.00013e+00
 2.40243e+00  9.98612e-01  1.00013e+00
 2.40956e+00  9.99164e-01  1.00013e+00
 2.41702e+00  9.99769e-01  1.00013e+00
 2.42265e+00  9.99253e-01  1.00013e+00
 2.42914e+00  9.99738e-01  1.00013e+00
 2.43656e+00  9.99779e-01  1.00013e+00
 2.44246e+00  9.99052e-01  1.00013e+00
 2.44925e+00  1.00081e+00  1.00013e+00
 2.45599e+00  1.00121e+00  1.00013e+00
 2.46192e+00  9.99205e-01  1.00013e+00
 2.46815e+00  1.00019e+00  1.00013e+00
 2.47467e+00  1.00002e+00  1.00013e+00
 2.48117e+00  1.00001e+00  1.00013e+00
 2.48706e+00  9.99891e-01  1.00013e+00
 2.49357e+00  9.99765e-01  1.00013e+00
 2.50097e+00  1.00002e+00  1.00013e+00
 2.50663e+00  9.99842e-01  1.00013e+00
 2.51300e+00  1.00077e+00  1.00013e+00
 2.52050e+00  9.99906e-01  1.00013e+00
 2.52614e+00  9.99975e-01  1.00013e+00
 2.53260e+00  1.00093e+00  1.00013e+00
 2.53933e+00  1.00029e+00  1.00013e+00
 2.54527e+00  9.99428e-01  1.00013e+00
 2.55233e+00  9.99707e-01  1.00013e+00
 2.56019e+00  9.99913e-01  1.00013e+00
 2.56670e+00  9.99736e-01  1.00013e+00
 2.57291e+00  1.00060e+00  1.00013e+00
 2.57960e+00  1.00003e+00  1.00013e+00
 2.58587e+00  9.99824e-01  1.00013e+00
 2.59190e+00  9.99636e-01  1.00013e+00
 2.59898e+00  9.99689e-01  1.00013e+00
 2.60566e+00  9.99926e-01  1.00013e+00
 2.61137e+00  9.99719e-01  1.00013e+00
 2.61788e+00  1.00048e+00  1.00013e+00
 2.62471e+00  1.00153e+00  1.00013e+00
 2.63033e+00  1.00029e+00  1.00013e+00
 2.63712e+00  9.99494e-01  1.00013e+00
 2.64421e+00  9.99418e-01  1.00013e+00
 2.65109e+00  9.99753e-01  1.00013e+00
 2.65796e+00  1.00023e+00  1.00013e+00
 2.66504e+00  1.00005e+00  1.00013e+00
 2.67087e+00  9.99466e-01  1.00013e+00
 2.67739e+00  1.00013e+00  1.00013e+00
 2.68447e+00  1.00003e+00  1.00013e+00
 2.69060e+00  9.99533e-01  1.00013e+00
 2.69678e+00  9.99965e-01  1.00013e+00
 2.70384e+00  9.99400e-01  1.00013e+00
 2.71062e+00  9.99637e-01  1.00013e+00
 2.71690e+00  9.99149e-01  1.00013e+00
 2.72449e+00  1.00006e+00  1.00013e+00
 2.73130e+00  9.99496e-01  1.00013e+00
 2.73826e+00  1.00026e+00  1.00013e+00
 2.74626e+00  1.00029e+00  1.00013e+00
 2.75407e+00  9.99924e-01  1.00013e+00
 2.76139e+00  1.00007e+00  1.00013e+00
 2.76851e+00  1.00033e+00  1.00013e+00
 2.77442e+00  9.99897e-01  1.00013e+00
 2.78185e+00  9.99737e-01  1.00013e+00
 2.78933e+00  9.99770e-01  1.00013e+00
 2.79577e+00  1.00049e+00  1.00013e+00
 2.80239e+00  1.00074e+00  1.00013e+00
 2.80985e+00  1.00060e+00  1.00013e+00
 2.81643e+00  1.00057e+00  1.00013e+00
 2.82356e+00  9.99864e-01  1.00013e+00
 2.83142e+00  1.00082e+00  1.00013e+00
 2.83788e+00  9.99950e-01  1.00013e+00
 2.84513e+00  1.00103e+00  1.00013e+00
 2.85303e+00  1.00047e+00  1.00013e+00
 2.85930e+00  1.00041e+00  1.00013e+00
 2.86681e+00  1.00015e+00  1.00013e+00
 2.87458e+00  1.00159e+00  1.00013e+00
 2.88083e+00  1.00046e+00  1.00013e+00
 2.88838e+00  1.00032e+00  1.00013e+00
 2.89617e+00  1.00044e+00  1.00013e+00
 2.90298e+00  1.00067e+00  1.00013e+00
 2.91158e+00  1.00030e+00  1.00013e+00
 2.91880e+00  9.99938e-01  1.00013e+00
 2.92543e+00  1.00016e+00  1.00013e+00
 2.93331e+00  1.00004e+00  1.00013e+00
 2.94055e+00  1.00118e+00  1.00013e+00
 2.94784e+00  1.00090e+00  1.00013e+00
 2.95568e+00  1.00104e+00  1.00013e+00
 2.96225e+00  1.00085e+00  1.00013e+00
 2.96940e+00  9.99926e-01  1.00013e+00
 2.97724e+00  1.00155e+00  1.00013e+00
 2.98373e+00  1.00093e+00  1.00013e+00
 2.99152e+00  1.00068e+00  1.00013e+00
 3.00027e+00  1.00067e+00  1.00013e+00
 3.00676e+00  1.00006e+00  1.00013e+00
 3.01508e+00  1.00022e+00  1.00013e+00
 3.02235e+00  1.00186e+00  1.00013e+00
 3.02883e+00  1.00063e+00  1.00013e+00
 3.03666e+00  1.00095e+00  1.00013e+00
 3.04380e+00  9.99872e-01  1.00013e+00
 3.05043e+00  1.00063e+00  1.00013e+00
 3.05831e+00  1.00158e+00  1.00013e+00
 3.06522e+00  1.00070e+00  1.00013e+00
 3.07201e+00  1.00050e+00  1.00013e+00
 3.07993e+00  1.00094e+00  1.00013e+00
 3.08660e+00  1.00072e+00  1.00013e+00
 3.09365e+00  1.00128e+00  1.00013e+00
 3.10257e+00  1.00223e+00  1.00013e+00
 3.10930e+00  1.00079e+00  1.00013e+00
 3.11681e+00  1.00143e+00  1.00013e+00
 3.12527e+00  1.00088e+00  1.00013e+00
 3.13152e+00  1.00144e+00  1.00013e+00
 3.13911e+00  1.00093e+00  1.00013e+00
 3.14745e+00  1.00083e+00  1.00013e+00
 3.15458e+00  1.00105e+00  1.00013e+00
 3.16249e+00  1.00126e+00  1.00013e+00
 3.16993e+00  1.00122e+00  1.00013e+00
 3.17701e+00  1.00112e+00  1.00013e+00
 3.18485e+00  1.00161e+00  1.00013e+00
 3.19143e+00  1.00078e+00  1.00013e+00
 3.19857e+00  1.00108e+00  1.00013e+00
 3.20642e+00  1.00133e+00  1.00013e+00
 3.21290e+00  1.00105e+00  1.00013e+00
 3.22013e+00  1.00152e+00  1.00013e+00
 3.22803e+00  1.00081e+00  1.00013e+00
 3.23493e+00  1.00128e+00  1.00013e+00
 3.24254e+00  1.00099e+00  1.00013e+00
 3.25027e+00  1.00079e+00  1.00013e+00
 3.25718e+00  1.00096e+00  1.00013e+00
 3.26508e+00  1.00086e+00  1.00013e+00
 3.27259e+00  1.00084e+00  1.00013e+00
 3.28013e+00  1.00076e+00  1.00013e+00
 3.28826e+00  1.00068e+00  1.00013e+00
 3.29554e+00  1.00086e+00  1.00013e+00
 3.30348e+00  1.00033e+00  1.00013e+00
 3.31137e+00  1.00088e+00  1.00013e+00
 3.31826e+00  1.00107e+00  1.00013e+00
 3.32588e+00  1.00036e+00  1.00013e+00
 3.33359e+00  1.00016e+00  1.00013e+00
 3.34049e+00  1.00060e+00  1.00013e+00
 3.34840e+00  1.00099e+00  1.00013e+00
 3.35590e+00  9.99941e-01  1.00013e+00
 3.36293e+00  1.00062e+00  1.00013e+00
 3.37127e+00  1.00052e+00  1.00013e+00
 3.37922e+00  1.00065e+00  1.00013e+00
 3.38747e+00  1.00045e+00  1.00013e+00
 3.39565e+00  1.00003e+00  1.00013e+00
 3.40299e+00  1.00042e+00  1.00013e+00
 3.41090e+00  1.00023e+00  1.00013e+00
 3.41840e+00  1.01185e+00  1.00013e+00
 3.42563e+00  1.00028e+00  1.00013e+00
 3.43495e+00  1.00021e+00  1.00013e+00
 3.44255e+00  1.00043e+00  1.00013e+00
 3.45085e+00  1.00111e+00  1.00013e+00
 3.45859e+00  1.00034e+00  1.00013e+00
 3.46550e+00  1.00093e+00  1.00013e+00
 3.47341e+00  1.00057e+00  1.00013e+00
 3.48090e+00  1.00030e+00  1.00013e+00
 3.48813e+00  1.00028e+00  1.00013e+00
 3.49734e+00  1.00090e+00  1.00013e+00
 3.50463e+00  9.99964e-01  1.00013e+00
 3.51265e+00  9.99553e-01  1.00013e+00
 3.52013e+00  9.91630e-01  1.00013e+00
 3.52658e+00  9.99923e-01  1.00013e+00
 3.53422e+00  1.00056e+00  1.00013e+00
 3.54226e+00  9.92609e-01  1.00013e+00
 3.54930e+00  9.99856e-01  1.00013e+00
 3.55881e+00  9.92971e-01  1.00013e+00
 3.56550e+00  9.99427e-01  1.00013e+00
 3.57284e+00  1.00013e+00  1.00013e+00
 3.58055e+00  9.92988e-01  1.00013e+00
 3.58705e+00  9.99635e-01  1.00013e+00
 3.59470e+00  9.99621e-01  1.00013e+00
 3.60344e+00  9.94575e-01  1.00013e+00
 3.60993e+00  9.99578e-01  1.00013e+00
 3.61754e+00  9.99972e-01  1.00013e+00
 3.62560e+00  9.94853e-01  1.00013e+00
 3.63218e+00  9.99535e-01  1.00013e+00
 3.64082e+00  9.99322e-01  1.00013e+00
 3.64765e+00  9.94791e-01  1.00013e+00
 3.65458e+00  9.99650e-01  1.00013e+00
 3.66282e+00  9.95135e-01  1.00013e+00
 3.66967e+00  9.99120e-01  1.00013e+00
 3.67701e+00  9.99659e-01  1.00013e+00
 3.68471e+00  9.96286e-01  1.00013e+00
 3.69120e+00  9.99507e-01  1.00013e+00
 3.69913e+00  9.99776e-01  1.00013e+00
 3.70695e+00  9.97116e-01  1.00013e+00
 3.71338e+00  9.99385e-01  1.00013e+00
 3.72098e+00  1.00085e+00  1.00013e+00
 3.72844e+00  9.97424e-01  1.00013e+00
 3.73493e+00  9.99612e-01  1.00013e+00
 3.74254e+00  1.00037e+00  1.00013e+00
 3.74994e+00  9.97931e-01  1.00013e+00
 3.75648e+00  1.00013e+00  1.00013e+00
 3.76411e+00  1.00108e+00  1.00013e+00
 3.77145e+00  9.98817e-01  1.00013e+00
 3.77800e+00  1.00061e+00  1.00013e+00
 3.78591e+00  1.00152e+00  1.00013e+00
 3.79282e+00  9.99114e-01  1.00013e+00
 3.79969e+00  1.00186e+00  1.00013e+00
 3.80803e+00  9.99781e-01  1.00013e+00
 3.81492e+00  1.00201e+00  1.00013e+00
 3.82201e+00  1.00221e+00  1.00013e+00
 3.82985e+00  1.00141e+00  1.00013e+00
 3.83636e+00  1.00251e+00  1.00013e+00
 3.84436e+00  1.00293e+00  1.00013e+00
 3.85233e+00  1.00174e+00  1.00013e+00
 3.85993e+00  1.00375e+00  1.00013e+00
 3.86754e+00  1.00382e+00  1.00013e+00
 3.87494e+00  1.00287e+00  1.00013e+00
 3.88148e+00  1.00428e+00  1.00013e+00
 3.88939e+00  1.00512e+00  1.00013e+00
 3.89645e+00  1.00430e+00  1.00013e+00
 3.90352e+00  1.00537e+00  1.00013e+00
 3.91158e+00  1.00789e+00  1.00013e+00
 3.91782e+00  1.00521e+00  1.00013e+00
 3.92469e+00  1.00698e+00  1.00013e+00
 3.93242e+00  1.00761e+00  1.00013e+00
 3.93865e+00  1.00588e+00  1.00013e+00
 3.94553e+00  1.00745e+00  1.00013e+00
 3.95354e+00  1.00842e+00  1.00013e+00
 3.96015e+00  1.00647e+00  1.00013e+00
 3.96710e+00  1.00869e+00  1.00013e+00
 3.97477e+00  1.00975e+00  1.00013e+00
 3.98096e+00  1.00728e+00  1.00013e+00
 3.98793e+00  1.00909e+00  1.00013e+00
 3.99566e+00  1.00878e+00  1.00013e+00
 4.00298e+00  1.00826e+00  1.00013e+00
 4.01079e+00  1.01793e+00  1.00013e+00
 4.01906e+00  1.00841e+00  1.00013e+00
 4.02588e+00  1.00924e+00  1.00013e+00
 4.03301e+00  1.01589e+00  1.00013e+00
 4.04068e+00  1.00819e+00  1.00013e+00
 4.04816e+00  1.00816e+00  1.00013e+00
 4.05523e+00  1.01407e+00  1.00013e+00
 4.06203e+00  1.00749e+00  1.00013e+00
 4.06825e+00  1.00833e+00  1.00013e+00
 4.07606e+00  1.01253e+00  1.00013e+00
 4.08287e+00  1.00744e+00  1.00013e+00
 4.08910e+00  1.00750e+00  1.00013e+00
 4.09668e+00  1.01056e+00  1.00013e+00
 4.10433e+00  1.00712e+00  1.00013e+00
 4.11122e+00  1.00796e+00  1.00013e+00
 4.11922e+00  1.00668e+00  1.00013e+00
 4.12560e+00  1.00595e+00  1.00013e+00
 4.13321e+00  1.00837e+00  1.00013e+00
 4.14074e+00  1.00665e+00  1.00013e+00
 4.14715e+00  1.00527e+00  1.00013e+00
 4.15444e+00  1.00754e+00  1.00013e+00
 4.16159e+00  1.00508e+00  1.00013e+00
 4.16796e+00  1.00411e+00  1.00013e+00
 4.17529e+00  1.00639e+00  1.00013e+00
 4.18242e+00  1.00404e+00  1.00013e+00
 4.18943e+00  1.00407e+00  1.00013e+00
 4.19683e+00  1.00585e+00  1.00013e+00
 4.20394e+00  1.00369e+00  1.00013e+00
 4.21033e+00  1.00283e+00  1.00013e+00
 4.21765e+00  1.00502e+00  1.00013e+00
 4.22478e+00  1.00336e+00  1.00013e+00
 4.23166e+00  1.00255e+00  1.00013e+00
 4.23969e+00  1.00364e+00  1.00013e+00
 4.24700e+00  1.00256e+00  1.00013e+00
 4.25334e+00  1.00198e+00  1.00013e+00
 4.26075e+00  1.00320e+00  1.00013e+00
 4.26783e+00  1.00232e+00  1.00013e+00
 4.27419e+00  1.00161e+00  1.00013e+00
 4.28210e+00  1.00268e+00  1.00013e+00
 4.28931e+00  1.00140e+00  1.00013e+00
 4.29574e+00  1.00091e+00  1.00013e+00
 4.30312e+00  1.00173e+00  1.00013e+00
 4.31014e+00  1.00047e+00  1.00013e+00
 4.31709e+00  1.00060e+00  1.00013e+00
 4.32467e+00  1.00160e+00  1.00013e+00
 4.33176e+00  1.00084e+00  1.00013e+00
 4.33890e+00  1.00065e+00  1.00013e+00
 4.34690e+00  1.00138e+00  1.00013e+00
 4.35391e+00  1.00063e+00  1.00013e+00
 4.36069e+00  9.99981e-01  1.00013e+00
 4.36788e+00  1.00050e+00  1.00013e+00
 4.37405e+00  1.00028e+00  1.00013e+00
 4.38007e+00  9.99337e-01  1.00013e+00
 4.38703e+00  1.00044e+00  1.00013e+00
 4.39377e+00  9.99704e-01  1.00013e+00
 4.39956e+00  9.99515e-01  1.00013e+00
 4.40673e+00  1.00118e+00  1.00013e+00
 4.41367e+00  9.99757e-01  1.00013e+00
 4.42016e+00  9.99265e-01  1.00013e+00
 4.42739e+00  9.99489e-01  1.00013e+00
 4.43420e+00  9.99723e-01  1.00013e+00
 4.43994e+00  9.98721e-01  1.00013e+00
 4.44683e+00  1.00068e+00  1.00013e+00
 4.45376e+00  9.99321e-01  1.00013e+00
 4.45950e+00  9.99301e-01  1.00013e+00
 4.46622e+00  9.99494e-01  1.00013e+00
 4.47262e+00  9.99461e-01  1.00013e+00
 4.47903e+00  1.00010e+00  1.00013e+00
 4.48569e+00  9.98954e-01  1.00013e+00
 4.49288e+00  1.00059e+00  1.00013e+00
 4.49964e+00  9.99032e-01  1.00013e+00
 4.50734e+00  9.99597e-01  1.00013e+00
 4.51429e+00  9.99892e-01  1.00013e+00
 4.52059e+00  9.99773e-01  1.00013e+00
 4.52803e+00  9.98712e-01  1.00013e+00
 4.53512e+00  1.00000e+00  1.00013e+00
 4.54197e+00  9.99024e-01  1.00013e+00
 4.54888e+00  9.98168e-01  1.00013e+00
 4.55672e+00  9.98706e-01  1.00013e+00
 4.56325e+00  9.99315e-01  1.00013e+00
 4.57039e+00  9.99357e-01  1.00013e+00
 4.57678e+00  9.98890e-01  1.00013e+00
 4.58298e+00  9.99309e-01  1.00013e+00
 4.58909e+00  9.98519e-01  1.00013e+00
 4.59636e+00  9.99364e-01  1.00013e+00
 4.60307e+00  9.99074e-01  1.00013e+00
 4.60974e+00  9.98135e-01  1.00013e+00
 4.61718e+00  9.99605e-01  1.00013e+00
 4.62350e+00  9.99928e-01  1.00013e+00
 4.62941e+00  9.98645e-01  1.00013e+00
 4.63644e+00  9.99205e-01  1.00013e+00
 4.64354e+00  9.98621e-01  1.00013e+00
 4.65059e+00  9.98166e-01  1.00013e+00
 4.65882e+00  9.99382e-01  1.00013e+00
 4.66592e+00  9.98689e-01  1.00013e+00
 4.67245e+00  9.99130e-01  1.00013e+00
 4.67953e+00  9.99216e-01  1.00013e+00
 4.68640e+00  9.98840e-01  1.00013e+00
 4.69307e+00  9.98488e-01  1.00013e+00
 4.69984e+00  9.99367e-01  1.00013e+00
 4.70635e+00  9.98592e-01  1.00013e+00
 4.71272e+00  9.97978e-01  1.00013e+00
 4.72012e+00  9.99139e-01  1.00013e+00
 4.72710e+00  9.99704e-01  1.00013e+00
 4.73290e+00  9.98623e-01  1.00013e+00
 4.73993e+00  9.99526e-01  1.00013e+00
 4.74692e+00  9.98283e-01  1.00013e+00
 4.75422e+00  9.98634e-01  1.00013e+00
 4.76107e+00  9.98718e-01  1.00013e+00
 4.76752e+00  9.98311e-01  1.00013e+00
 4.77327e+00  9.99109e-01  1.00013e+00
 4.78051e+00  9.99293e-01  1.00013e+00
 4.78812e+00  9.99127e-01  1.00013e+00
 4.79412e+00  9.99101e-01  1.00013e+00
 4.80138e+00  9.98662e-01  1.00013e+00
 4.80884e+00  9.98684e-01  1.00013e+00
 4.81512e+00  9.98373e-01  1.00013e+00
 4.82256e+00  9.98906e-01  1.00013e+00
 4.82977e+00  9.98352e-01  1.00013e+00
 4.83577e+00  9.98088e-01  1.00013e+00
 4.84299e+00  9.99008e-01  1.00013e+00
 4.84990e+00  9.98585e-01  1.00013e+00
 4.85621e+00  9.98618e-01  1.00013e+00
 4.86421e+00  9.98072e-01  1.00013e+00
 4.87144e+00  9.98664e-01  1.00013e+00
 4.87832e+00  9.97534e-01  1.00013e+00
 4.88625e+00  9.99194e-01  1.00013e+00
 4.89411e+00  9.98536e-01  1.00013e+00
 4.90022e+00  9.97877e-01  1.00013e+00
 4.90733e+00  9.98475e-01  1.00013e+00
 4.91550e+00  9.98395e-01  1.00013e+00
 4.92174e+00  9.98044e-01  1.00013e+00
 4.92950e+00  9.97894e-01  1.00013e+00
 4.93652e+00  9.97927e-01  1.00013e+00
 4.94322e+00  9.99026e-01  1.00013e+00
 4.94984e+00  9.98500e-01  1.00013e+00
 4.95718e+00  9.97863e-01  1.00013e+00
 4.96371e+00  9.98140e-01  1.00013e+00
 4.97153e+00  9.98503e-01  1.00013e+00
 4.97934e+00  9.98251e-01  1.00013e+00
 4.98569e+00  9.98239e-01  1.00013e+00
 4.99219e+00  9.99594e-01  1.00013e+00
 4.99902e+00  9.98106e-01  1.00013e+00
 5.00507e+00  9.98273e-01  1.00013e+00
 5.01279e+00  9.98506e-01  1.00013e+00
 5.01986e+00  9.98313e-01  1.00013e+00
 5.02588e+00  9.98880e-01  1.00013e+00
 5.03317e+00  9.99276e-01  1.00013e+00
 5.04027e+00  9.98959e-01  1.00013e+00
 5.04676e+00  9.98387e-01  1.00013e+00
 5.05431e+00  9.98871e-01  1.00013e+00
 5.06152e+00  9.99152e-01  1.00013e+00
 5.06757e+00  9.98692e-01  1.00013e+00
 5.07466e+00  9.98634e-01  1.00013e+00
 5.08218e+00  9.98515e-01  1.00013e+00
 5.08838e+00  9.98474e-01  1.00013e+00
 5.09530e+00  9.98791e-01  1.00013e+00
 5.10300e+00  9.99027e-01  1.00013e+00
 5.11037e+00  1.00025e+00  1.00013e+00
 5.11718e+00  9.98744e-01  1.00013e+00
 5.12415e+00  9.99174e-01  1.00013e+00
 5.13077e+00  9.98468e-01  1.00013e+00
 5.13734e+00  9.97832e-01  1.00013e+00
 5.14427e+00  9.98040e-01  1.00013e+00
 5.15022e+00  9.99914e-01  1.00013e+00
 5.15744e+00  1.00109e+00  1.00013e+00
 5.16443e+00  1.00430e+00  1.00013e+00
 5.17091e+00  9.99205e-01  1.00013e+00
 5.17896e+00  9.99379e-01  1.00013e+00
 5.18715e+00  9.99760e-01  1.00013e+00
 5.19397e+00  9.99383e-01  1.00013e+00
 5.20134e+00  9.98904e-01  1.00013e+00
 5.20902e+00  9.99425e-01  1.00013e+00
 5.21709e+00  9.99475e-01  1.00013e+00
 5.22454e+00  9.99619e-01  1.00013e+00
 5.23131e+00  9.99812e-01  1.00013e+00
 5.23902e+00  9.99476e-01  1.00013e+00
 5.24689e+00  9.99275e-01  1.00013e+00
 5.25349e+00  9.98922e-01  1.00013e+00
 5.26093e+00  9.99266e-01  1.00013e+00
 5.26912e+00  9.99213e-01  1.00013e+00
 5.27574e+00  1.00012e+00  1.00013e+00
 5.28364e+00  9.99082e-01  1.00013e+00
 5.29134e+00  1.00008e+00  1.00013e+00
 5.29816e+00  9.99571e-01  1.00013e+00
 5.30553e+00  9.98980e-01  1.00013e+00
 5.31267e+00  9.99742e-01  1.00013e+00
 5.31984e+00  9.99617e-01  1.00013e+00
 5.32716e+00  9.99720e-01  1.00013e+00
 5.33408e+00  9.99602e-01  1.00013e+00
 5.34205e+00  1.00029e+00  1.00013e+00
 5.34954e+00  9.99832e-01  1.00013e+00
 5.35631e+00  1.00048e+00  1.00013e+00
 5.36367e+00  9.99364e-01  1.00013e+00
 5.37111e+00  9.99246e-01  1.00013e+00
 5.37850e+00  9.99041e-01  1.00013e+00
 5.38588e+00  9.99966e-01  1.00013e+00
 5.39342e+00  9.99307e-01  1.00013e+00
 5.40041e+00  9.99747e-01  1.00013e+00
 5.40816e+00  9.99577e-01  1.00013e+00
 5.41615e+00  9.99887e-01  1.00013e+00
 5.42317e+00  9.99466e-01  1.00013e+00
 5.43096e+00  9.98997e-01  1.00013e+00
 5.43826e+00  1.00055e+00  1.00013e+00
 5.44557e+00  9.99498e-01  1.00013e+00
 5.45294e+00  1.00097e+00  1.00013e+00
 5.46071e+00  9.99900e-01  1.00013e+00
 5.46932e+00  9.99783e-01  1.00013e+00
 5.47638e+00  9.99126e-01  1.00013e+00
 5.48231e+00  1.00011e+00  1.00013e+00
 5.48911e+00  1.00015e+00  1.00013e+00
 5.49581e+00  9.99460e-01  1.00013e+00
 5.50209e+00  1.00011e+00  1.00013e+00
 5.51014e+00  9.99771e-01  1.00013e+00
 5.51736e+00  9.99719e-01  1.00013e+00
 5.52355e+00  1.00011e+00  1.00013e+00
 5.53112e+00  9.99785e-01  1.00013e+00
 5.53821e+00  1.00041e+00  1.00013e+00
 5.54429e+00  9.99440e-01  1.00013e+00
 5.55168e+00  9.99550e-01  1.00013e+00
 5.55903e+00  1.00013e+00  1.00013e+00
 5.56563e+00  9.99914e-01  1.00013e+00
 5.57242e+00  9.99577e-01  1.00013e+00
 5.57915e+00  9.99860e-01  1.00013e+00
 5.58523e+00  9.99834e-01  1.00013e+00
 5.59219e+00  9.99642e-01  1.00013e+00
 5.59930e+00  9.99379e-01  1.00013e+00
 5.60544e+00  9.99321e-01  1.00013e+00
 5.61216e+00  9.99512e-01  1.00013e+00
 5.61866e+00  9.98869e-01  1.00013e+00
 5.62517e+00  9.99875e-01  1.00013e+00
 5.63205e+00  9.99982e-01  1.00013e+00
 5.63909e+00  9.99091e-01  1.00013e+00
 5.64600e+00  9.99050e-01  1.00013e+00
 5.65251e+00  9.99165e-01  1.00013e+00
 5.65964e+00  9.99693e-01  1.00013e+00
 5.66631e+00  9.98876e-01  1.00013e+00
 5.67256e+00  9.98939e-01  1.00013e+00
 5.67977e+00  9.98818e-01  1.00013e+00
 5.68749e+00  9.99522e-01  1.00013e+00
 5.69410e+00  9.98909e-01  1.00013e+00
 5.70059e+00  9.99245e-01  1.00013e+00
 5.70775e+00  9.99136e-01  1.00013e+00
 5.71479e+00  9.99706e-01  1.00013e+00
 5.72145e+00  9.98917e-01  1.00013e+00
 5.72826e+00  9.99833e-01  1.00013e+00
 5.73435e+00  9.99054e-01  1.00013e+00
 5.74187e+00  9.99738e-01  1.00013e+00
 5.74942e+00  9.99008e-01  1.00013e+00
 5.75587e+00  9.99458e-01  1.00013e+00
 5.76243e+00  9.98869e-01  1.00013e+00
 5.76936e+00  9.99213e-01  1.00013e+00
 5.77621e+00  9.99397e-01  1.00013e+00
 5.78437e+00  9.99599e-01  1.00013e+00
 5.79131e+00  9.99170e-01  1.00013e+00
 5.79797e+00  1.00035e+00  1.00013e+00
 5.80477e+00  9.98429e-01  1.00013e+00
 5.81162e+00  9.98765e-01  1.00013e+00
 5.81729e+00  9.96652e-01  1.00013e+00
 5.82366e+00  9.98788e-01  1.00013e+00
 5.83054e+00  9.99249e-01  1.00013e+00
 5.83644e+00  9.99559e-01  1.00013e+00
 5.84326e+00  9.99491e-01  1.00013e+00
 5.84999e+00  9.99096e-01  1.00013e+00
 5.85593e+00  9.96335e-01  1.00013e+00
 5.86235e+00  9.99116e-01  1.00013e+00
 5.86944e+00  9.99297e-01  1.00013e+00
 5.87570e+00  9.99033e-01  1.00013e+00
 5.88165e+00  9.96515e-01  1.00013e+00
 5.88822e+00  9.99149e-01  1.00013e+00
 5.89550e+00  9.99483e-01  1.00013e+00
 5.90214e+00  9.97096e-01  1.00013e+00
 5.90895e+00  9.99580e-01  1.00013e+00
 5.91608e+00  9.98793e-01  1.00013e+00
 5.92203e+00  9.96975e-01  1.00013e+00
 5.92872e+00  9.99357e-01  1.00013e+00
 5.93604e+00  9.99382e-01  1.00013e+00
 5.94164e+00  9.97745e-01  1.00013e+00
 5.94801e+00  9.99438e-01  1.00013e+00
 5.95486e+00  9.99076e-01  1.00013e+00
 5.96068e+00  9.97893e-01  1.00013e+00
 5.96690e+00  9.99233e-01  1.00013e+00
 5.97360e+00  9.99623e-01  1.00013e+00
 5.98036e+00  9.97731e-01  1.00013e+00
 5.98647e+00  9.99674e-01  1.00013e+00
 5.99408e+00  9.99317e-01  1.00013e+00
 6.00070e+00  9.99351e-01  1.00013e+00
 6.00665e+00  9.99084e-01  1.00013e+00
 6.01309e+00  9.99665e-01  1.00013e+00
 6.01995e+00  9.98910e-01  1.00013e+00
 6.02559e+00  9.98612e-01  1.00013e+00
 6.03271e+00  9.99164e-01  1.00013e+00
 6.04017e+00  9.99769e-01  1.00013e+00
 6.04581e+00  9.99253e-01  1.00013e+00
 6.05229e+00  9.99738e-01  1.00013e+00
 6.05972e+00  9.99779e-01  1.00013e+00
 6.06562e+00  9.99052e-01  1.00013e+00
 6.07242e+00  1.00081e+00  1.00013e+00
 6.07915e+00  1.00121e+00  1.00013e+00
 6.08509e+00  9.99205e-01  1.00013e+00
 6.09131e+00  1.00019e+00  1.00013e+00
 6.09783e+00  1.00002e+00  1.00013e+00
 6.10433e+00  1.00001e+00  1.00013e+00
 6.11022e+00  9.99891e-01  1.00013e+00
 6.11673e+00  9.99765e-01  1.00013e+00
 6.12413e+00  1.00002e+00  1.00013e+00
 6.12979e+00  9.99842e-01  1.00013e+00
 6.13616e+00  1.00077e+00  1.00013e+00
 6.14367e+00  9.99906e-01  1.00013e+00
 6.14930e+00  9.99975e-01  1.00013e+00
 6.15576e+00  1.00093e+00  1.00013e+00
 6.16249e+00  1.00029e+00  1.00013e+00
 6.16843e+00  9.99428e-01  1.00013e+00
 6.17549e+00  9.99707e-01  1.00013e+00
 6.18335e+00  9.99913e-01  1.00013e+00
 6.18987e+00  9.99736e-01  1.00013e+00
 6.19607e+00  1.00060e+00  1.00013e+00
 6.20276e+00  1.00003e+00  1.00013e+00
 6.20902e+00  9.99824e-01  1.00013e+00
 6.21506e+00  9.99636e-01  1.00013e+00
 6.22214e+00  9.99689e-01  1.00013e+00
 6.22881e+00  9.99926e-01  1.00013e+00
 6.23453e+00  9.99719e-01  1.00013e+00
 6.24104e+00  1.00048e+00  1.00013e+00
 6.24787e+00  1.00153e+00  1.00013e+00
 6.25349e+00  1.00029e+00  1.00013e+00
 6.26028e+00  9.99494e-01  1.00013e+00
 6.26737e+00  9.99418e-01  1.00013e+00
 6.27425e+00  9.99753e-01  1.00013e+00
 6.28112e+00  1.00023e+00  1.00013e+00
 6.28820e+00  1.00005e+00  1.00013e+00
 6.29403e+00  9.99466e-01  1.00013e+00
 6.30055e+00  1.00013e+00  1.00013e+00
 6.30763e+00  1.00003e+00  1.00013e+00
 6.31376e+00  9.99533e-01  1.00013e+00
 6.31994e+00  9.99965e-01  1.00013e+00
 6.32700e+00  9.99400e-01  1.00013e+00
 6.33378e+00  9.99637e-01  1.00013e+00
 6.34006e+00  9.99149e-01  1.00013e+00
 6.34764e+00  1.00006e+00  1.00013e+00
 6.35446e+00  9.99496e-01  1.00013e+00
 6.36142e+00  1.00026e+00  1.00013e+00
 6.36942e+00  1.00029e+00  1.00013e+00
 6.37723e+00  9.99924e-01  1.00013e+00
 6.38455e+00  1.00007e+00  1.00013e+00
 6.39167e+00  1.00033e+00  1.00013e+00
 6.39759e+00  9.99897e-01  1.00013e+00
 6.40501e+00  9.99737e-01  1.00013e+00
 6.41249e+00  9.99770e-01  1.00013e+00
 6.41893e+00  1.00049e+00  1.00013e+00
 6.42555e+00  1.00074e+00  1.00013e+00
 6.43301e+00  1.00060e+00  1.00013e+00
 6.43959e+00  1.00057e+00  1.00013e+00
 6.44672e+00  9.99864e-01  1.00013e+00
 6.45458e+00  1.00082e+00  1.00013e+00
 6.46105e+00  9.99950e-01  1.00013e+00
 6.46829e+00  1.00103e+00  1.00013e+00
 6.47619e+00  1.00047e+00  1.00013e+00
 6.48247e+00  1.00041e+00  1.00013e+00
 6.48997e+00  1.00015e+00  1.00013e+00
 6.49773e+00  1.00159e+00  1.00013e+00
 6.50399e+00  1.00046e+00  1.00013e+00
 6.51154e+00  1.00032e+00  1.00013e+00
 6.51933e+00  1.00044e+00  1.00013e+00
 6.52614e+00  1.00067e+00  1.00013e+00
 6.53474e+00  1.00030e+00  1.00013e+00
 6.54196e+00  9.99938e-01  1.00013e+00
 6.54859e+00  1.00016e+00  1.00013e+00
 6.55647e+00  1.00004e+00  1.00013e+00
 6.56371e+00  1.00118e+00  1.00013e+00
 6.57100e+00  1.00090e+00  1.00013e+00
 6.57884e+00  1.00104e+00  1.00013e+00
 6.58541e+00  1.00085e+00  1.00013e+00
 6.59255e+00  9.99926e-01  1.00013e+00
 6.60040e+00  1.00155e+00  1.00013e+00
 6.60689e+00  1.00093e+00  1.00013e+00
 6.61468e+00  1.00068e+00  1.00013e+00
 6.62343e+00  1.00067e+00  1.00013e+00
 6.62992e+00  1.00006e+00  1.00013e+00
 6.63824e+00  1.00022e+00  1.00013e+00
 6.64550e+00  1.00186e+00  1.00013e+00
 6.65199e+00  1.00063e+00  1.00013e+00
 6.65982e+00  1.00095e+00  1.00013e+00
 6.66696e+00  9.99872e-01  1.00013e+00
 6.67359e+00  1.00063e+00  1.00013e+00
 6.68147e+00  1.00158e+00  1.00013e+00
 6.68838e+00  1.00070e+00  1.00013e+00
 6.69517e+00  1.00050e+00  1.00013e+00
 6.70309e+00  1.00094e+00  1.00013e+00
 6.70976e+00  1.00072e+00  1.00013e+00
 6.71681e+00  1.00128e+00  1.00013e+00
 6.72574e+00  1.00223e+00  1.00013e+00
 6.73247e+00  1.00079e+00  1.00013e+00
 6.73997e+00  1.00143e+00  1.00013e+00
 6.74843e+00  1.00088e+00  1.00013e+00
 6.75468e+00  1.00144e+00  1.00013e+00
 6.76227e+00  1.00093e+00  1.00013e+00
 6.77062e+00  1.00083e+00  1.00013e+00
 6.77775e+00  1.00105e+00  1.00013e+00
 6.78565e+00  1.00126e+00  1.00013e+00
 6.79309e+00  1.00122e+00  1.00013e+00
 6.80017e+00  1.00112e+00  1.00013e+00
 6.80801e+00  1.00161e+00  1.00013e+00
 6.81459e+00  1.00078e+00  1.00013e+00
 6.82174e+00  1.00108e+00  1.00013e+00
 6.82958e+00  1.00133e+00  1.00013e+00
 6.83605e+00  1.00105e+00  1.00013e+00
 6.84329e+00  1.00152e+00  1.00013e+00
 6.85119e+00  1.00081e+00  1.00013e+00
 6.85808e+00  1.00128e+00  1.00013e+00
 6.86571e+00  1.00099e+00  1.00013e+00
 6.87343e+00  1.00079e+00  1.00013e+00
 6.88034e+00  1.00096e+00  1.00013e+00
 6.88824e+00  1.00086e+00  1.00013e+00
 6.89575e+00  1.00084e+00  1.00013e+00
 6.90329e+00  1.00076e+00  1.00013e+00
 6.91142e+00  1.00068e+00  1.00013e+00
 6.91869e+00  1.00086e+00  1.00013e+00
 6.92664e+00  1.00033e+00  1.00013e+00
 6.93454e+00  1.00088e+00  1.00013e+00
 6.94142e+00  1.00107e+00  1.00013e+00
 6.94904e+00  1.00036e+00  1.00013e+00
 6.95676e+00  1.00016e+00  1.00013e+00
 6.96365e+00  1.00060e+00  1.00013e+00
 6.97156e+00  1.00099e+00  1.00013e+00
 6.97906e+00  9.99941e-01  1.00013e+00
 6.98609e+00  1.00062e+00  1.00013e+00
 6.99443e+00  1.00052e+00  1.00013e+00
 7.00238e+00  1.00065e+00  1.00013e+00
 7.01063e+00  1.00045e+00  1.00013e+00
 7.01881e+00  1.00003e+00  1.00013e+00
 7.02615e+00  1.00042e+00  1.00013e+00
 7.03406e+00  1.00023e+00  1.00013e+00
 7.04156e+00  1.01185e+00  1.00013e+00
 7.04879e+00  1.00028e+00  1.00013e+00
 7.05811e+00  1.00021e+00  1.00013e+00
 7.06571e+00  1.00043e+00  1.00013e+00
 7.07401e+00  1.00111e+00  1.00013e+00
 7.08176e+00  1.00034e+00  1.00013e+00
 7.08866e+00  1.00093e+00  1.00013e+00
 7.09657e+00  1.00057e+00  1.00013e+00
 7.10406e+00  1.00030e+00  1.00013e+00
 7.11129e+00  1.00028e+00  1.00013e+00
 7.12050e+00  1.00090e+00  1.00013e+00
 7.12779e+00  9.99964e-01  1.00013e+00
 7.13581e+00  9.99553e-01  1.00013e+00
 7.14329e+00  9.91630e-01  1.00013e+00
 7.14975e+00  9.99923e-01  1.00013e+00
 7.15738e+00  1.00056e+00  1.00013e+00
 7.16542e+00  9.92609e-01  1.00013e+00
 7.17246e+00  9.99856e-01  1.00013e+00
 7.18197e+00  9.92971e-01  1.00013e+00
 7.18866e+00  9.99427e-01  1.00013e+00
 7.19600e+00  1.00013e+00  1.00013e+00
 7.20371e+00  9.92988e-01  1.00013e+00
 7.21021e+00  9.99635e-01  1.00013e+00
 7.21786e+00  9.99621e-01  1.00013e+00
 7.22660e+00  9.94575e-01  1.00013e+00
 7.23308e+00  9.99578e-01  1.00013e+00
 7.24071e+00  9.99972e-01  1.00013e+00
