844
 1.90820e-02  9.99698e-01  2.20301e+04
 4.91090e-02  9.99625e-01  2.20366e+04
 8.23150e-02  9.99798e-01  2.20441e+04
 1.14657e-01  9.99439e-01  2.20515e+04
 1.50183e-01  9.99567e-01  2.20599e+04
 1.87287e-01  9.99578e-01  2.20690e+04
 2.20907e-01  9.99439e-01  2.20775e+04
 2.52147e-01  9.99635e-01  2.20857e+04
 2.85104e-01  9.99058e-01  2.20945e+04
 3.22125e-01  9.99112e-01  2.21048e+04
 3.54666e-01  9.99449e-01  2.21141e+04
 3.84010e-01  9.99231e-01  2.21227e+04
 4.12463e-01  9.99600e-01  2.21313e+04
 4.40066e-01  9.99175e-01  2.21398e+04
 4.66198e-01  9.99155e-01  2.21481e+04
 4.95088e-01  9.99321e-01  2.21575e+04
 5.29124e-01  9.99334e-01  2.21690e+04
 5.59678e-01  9.99295e-01  2.21795e+04
 5.85896e-01  9.99338e-01  2.21889e+04
 6.14118e-01  9.99345e-01  2.21992e+04
 6.43144e-01  9.99353e-01  2.22100e+04
 6.69246e-01  9.99430e-01  2.22201e+04
 6.98562e-01  9.99361e-01  2.22317e+04
 7.26737e-01  9.99417e-01  2.22432e+04
 7.55505e-01  9.99390e-01  2.22552e+04
 7.81081e-01  9.99418e-01  2.22662e+04
 8.08283e-01  9.99592e-01  2.22782e+04
 8.40915e-01  9.99462e-01  2.22930e+04
 8.67206e-01  9.99487e-01  2.23053e+04
 8.93144e-01  9.99620e-01  2.23177e+04
 9.21190e-01  9.99710e-01  2.23316e+04
 9.49548e-01  9.99644e-01  2.23460e+04
 9.76504e-01  9.99848e-01  2.23600e+04
 1.00257e+00  9.99638e-01  2.23740e+04
 1.02869e+00  9.99742e-01  2.23883e+04
 1.05902e+00  9.99769e-01  2.24055e+04
 1.08590e+00  9.99732e-01  2.24212e+04
 1.11204e+00  9.99803e-01  2.24368e+04
 1.13913e+00  9.99635e-01  2.24535e+04
 1.16830e+00  9.99808e-01  2.24720e+04
 1.19773e+00  9.99742e-01  2.24912e+04
 1.22414e+00  9.99678e-01  2.25089e+04
 1.24965e+00  9.99750e-01  2.25265e+04
 1.27633e+00  9.99978e-01  2.25454e+04
 1.30427e+00  9.99892e-01  2.25657e+04
 1.33590e+00  1.00002e+00  2.25895e+04
 1.36319e+00  1.00005e+00  2.26106e+04
 1.39078e+00  9.99917e-01  2.26326e+04
 1.41914e+00  9.99913e-01  2.26558e+04
 1.44674e+00  1.00008e+00  2.26791e+04
 1.47413e+00  9.99916e-01  2.27029e+04
 1.49965e+00  1.00009e+00  2.27256e+04
 1.52633e+00  1.00011e+00  2.27500e+04
 1.55275e+00  9.99998e-01  2.27749e+04
 1.58075e+00  9.99994e-01  2.28019e+04
 1.61078e+00  1.00008e+00  2.28318e+04
 1.63997e+00  9.99866e-01  2.28618e+04
 1.67020e+00  1.00009e+00  2.28937e+04
 1.69969e+00  9.99956e-01  2.29257e+04
 1.73578e+00  1.00018e+00  2.29662e+04
 1.76303e+00  1.00022e+00  2.29978e+04
 1.79118e+00  1.00027e+00  2.30312e+04
 1.81912e+00  1.00040e+00  2.30653e+04
 1.84635e+00  1.00018e+00  2.30994e+04
 1.87232e+00  1.00036e+00  2.31328e+04
 1.89841e+00  1.00048e+00  2.31670e+04
 1.92607e+00  1.00072e+00  2.32043e+04
 1.95565e+00  1.00062e+00  2.32451e+04
 1.98174e+00  1.00077e+00  2.32819e+04
 2.00802e+00  1.00097e+00  2.33199e+04
 2.03662e+00  1.00098e+00  2.33621e+04
 2.06216e+00  1.00110e+00  2.34006e+04
 2.08885e+00  1.00118e+00  2.34417e+04
 2.11440e+00  1.00128e+00  2.34818e+04
 2.14341e+00  1.00151e+00  2.35282e+04
 2.17594e+00  1.00165e+00  2.35813e+04
 2.20787e+00  1.00163e+00  2.36346e+04
 2.23956e+00  1.00205e+00  2.36884e+04
 2.27161e+00  1.00221e+00  2.37439e+04
 2.30511e+00  1.00232e+00  2.38028e+04
 2.33299e+00  1.00254e+00  2.38525e+04
 2.35968e+00  1.00266e+00  2.39006e+04
 2.38817e+00  1.00299e+00  2.39525e+04
 2.41744e+00  1.00347e+00  2.40062e+04
 2.44748e+00  1.00322e+00  2.40617e+04
 2.47648e+00  1.00354e+00  2.41155e+04
 2.50259e+00  1.00391e+00  2.41640e+04
 2.53023e+00  1.00405e+00  2.42154e+04
 2.55746e+00  1.00410e+00  2.42659e+04
 2.58299e+00  1.00431e+00  2.43131e+04
 2.60968e+00  1.00449e+00  2.43621e+04
 2.63525e+00  1.00461e+00  2.44086e+04
 2.66162e+00  1.00433e+00  2.44560e+04
 2.68715e+00  1.00443e+00  2.45012e+04
 2.71385e+00  1.00422e+00  2.45477e+04
 2.73939e+00  1.00422e+00  2.45912e+04
 2.77022e+00  1.00383e+00  2.46424e+04
 2.79952e+00  1.00347e+00  2.46894e+04
 2.82567e+00  1.00324e+00  2.47299e+04
 2.85564e+00  1.00279e+00  2.47744e+04
 2.88509e+00  1.00259e+00  2.48159e+04
 2.91729e+00  1.00232e+00  2.48586e+04
 2.94651e+00  1.00178e+00  2.48947e+04
 2.97511e+00  1.00173e+00  2.49273e+04
 3.00560e+00  1.00146e+00  2.49591e+04
 3.03855e+00  1.00125e+00  2.49896e+04
 3.07009e+00  1.00091e+00  2.50150e+04
 3.09718e+00  1.00076e+00  2.50336e+04
 3.12758e+00  1.00060e+00  2.50510e+04
 3.16107e+00  1.00060e+00  2.50657e+04
 3.19310e+00  1.00026e+00  2.50752e+04
 3.23020e+00  1.00020e+00  2.50806e+04
 3.26454e+00  1.00017e+00  2.50802e+04
 3.29742e+00  9.99829e-01  2.50749e+04
 3.33148e+00  9.99886e-01  2.50646e+04
 3.36340e+00  9.99911e-01  2.50503e+04
 3.39326e+00  9.99926e-01  2.50331e+04
 3.42563e+00  9.99784e-01  2.50104e+04
 3.45941e+00  9.99855e-01  2.49823e+04
 3.49661e+00  9.99702e-01  2.49465e+04
 3.53061e+00  9.99818e-01  2.49095e+04
 3.56436e+00  9.99670e-01  2.48690e+04
 3.59549e+00  9.99846e-01  2.48286e+04
 3.62561e+00  9.99795e-01  2.47870e+04
 3.65773e+00  9.99802e-01  2.47400e+04
 3.69254e+00  9.99631e-01  2.46864e+04
 3.72356e+00  9.99720e-01  2.46366e+04
 3.75787e+00  9.99645e-01  2.45795e+04
 3.79188e+00  9.99597e-01  2.45212e+04
 3.82342e+00  9.99506e-01  2.44658e+04
 3.85478e+00  9.99551e-01  2.44097e+04
 3.88592e+00  9.99581e-01  2.43532e+04
 3.91937e+00  9.99756e-01  2.42919e+04
 3.95163e+00  9.99628e-01  2.42324e+04
 3.98589e+00  9.99799e-01  2.41690e+04
 4.01688e+00  9.99765e-01  2.41116e+04
 4.05089e+00  9.99906e-01  2.40488e+04
 4.08074e+00  9.99628e-01  2.39940e+04
 4.11257e+00  9.99900e-01  2.39359e+04
 4.15037e+00  9.99986e-01  2.38678e+04
 4.18371e+00  9.99723e-01  2.38085e+04
 4.22161e+00  9.99923e-01  2.37421e+04
 4.26162e+00  9.99963e-01  2.36734e+04
 4.30340e+00  9.99853e-01  2.36033e+04
 4.34006e+00  1.00011e+00  2.35433e+04
 4.37219e+00  9.99483e-01  2.34919e+04
 4.40674e+00  1.00008e+00  2.34379e+04
 4.43950e+00  1.00004e+00  2.33880e+04
 4.47660e+00  1.00002e+00  2.33329e+04
 4.51412e+00  9.99752e-01  2.32789e+04
 4.54955e+00  9.99988e-01  2.32294e+04
 4.58257e+00  9.99690e-01  2.31846e+04
 4.61340e+00  1.00004e+00  2.31439e+04
 4.64520e+00  9.99831e-01  2.31031e+04
 4.68193e+00  9.99800e-01  2.30575e+04
 4.71756e+00  9.99900e-01  2.30146e+04
 4.75188e+00  9.99909e-01  2.29747e+04
 4.78575e+00  9.99795e-01  2.29366e+04
 4.82132e+00  1.00006e+00  2.28979e+04
 4.85524e+00  1.00005e+00  2.28622e+04
 4.89046e+00  9.99994e-01  2.28264e+04
 4.92341e+00  9.99916e-01  2.27940e+04
 4.95491e+00  9.99914e-01  2.27640e+04
 4.98829e+00  9.99879e-01  2.27333e+04
 5.01824e+00  9.99830e-01  2.27066e+04
 5.04841e+00  9.99764e-01  2.26805e+04
 5.07771e+00  9.99855e-01  2.26559e+04
 5.10883e+00  9.99778e-01  2.26305e+04
 5.14033e+00  9.99774e-01  2.26057e+04
 5.17467e+00  9.99771e-01  2.25795e+04
 5.20574e+00  9.99815e-01  2.25566e+04
 5.23705e+00  9.99670e-01  2.25343e+04
 5.26896e+00  9.99664e-01  2.25122e+04
 5.30091e+00  9.99718e-01  2.24908e+04
 5.33074e+00  9.99495e-01  2.24715e+04
 5.36091e+00  9.99663e-01  2.24525e+04
 5.39021e+00  9.99476e-01  2.24346e+04
 5.42034e+00  9.99662e-01  2.24168e+04
 5.45410e+00  9.99340e-01  2.23974e+04
 5.48840e+00  9.99484e-01  2.23784e+04
 5.51824e+00  9.99501e-01  2.23624e+04
 5.54840e+00  9.99652e-01  2.23467e+04
 5.57771e+00  9.99547e-01  2.23319e+04
 5.60784e+00  9.99688e-01  2.23171e+04
 5.63714e+00  9.99735e-01  2.23031e+04
 5.67022e+00  9.99735e-01  2.22878e+04
 5.69772e+00  9.99627e-01  2.22755e+04
 5.72410e+00  9.99766e-01  2.22640e+04
 5.74966e+00  9.99705e-01  2.22531e+04
 5.77632e+00  9.99626e-01  2.22420e+04
 5.80271e+00  9.99661e-01  2.22314e+04
 5.83064e+00  9.99691e-01  2.22204e+04
 5.85674e+00  9.99765e-01  2.22103e+04
 5.88493e+00  9.99729e-01  2.21998e+04
 5.91590e+00  9.99789e-01  2.21885e+04
 5.94301e+00  9.99756e-01  2.21789e+04
 5.96854e+00  9.99799e-01  2.21701e+04
 5.99701e+00  9.99827e-01  2.21605e+04
 6.02632e+00  9.99752e-01  2.21509e+04
 6.05188e+00  9.99841e-01  2.21428e+04
 6.07827e+00  9.99866e-01  2.21345e+04
 6.10381e+00  9.99865e-01  2.21268e+04
 6.13244e+00  9.99799e-01  2.21183e+04
 6.15883e+00  9.99849e-01  2.21106e+04
 6.18605e+00  9.99778e-01  2.21029e+04
 6.21382e+00  9.99838e-01  2.20953e+04
 6.23938e+00  9.99824e-01  2.20884e+04
 6.26797e+00  1.00004e+00  2.20809e+04
 6.29728e+00  9.99814e-01  2.20734e+04
 6.32550e+00  9.99933e-01  2.20664e+04
 6.35353e+00  9.99990e-01  2.20595e+04
 6.38051e+00  9.99896e-01  2.20531e+04
 6.40603e+00  1.00010e+00  2.20472e+04
 6.43243e+00  1.00017e+00  2.20412e+04
 6.45798e+00  1.00011e+00  2.20355e+04
 6.48604e+00  9.99893e-01  2.20295e+04
 6.51300e+00  1.00014e+00  2.20237e+04
 6.53895e+00  1.00009e+00  2.20184e+04
 6.56797e+00  1.00000e+00  2.20125e+04
 6.59936e+00  1.00017e+00  2.20063e+04
 6.62759e+00  1.00012e+00  2.20009e+04
 6.65366e+00  1.00008e+00  2.19960e+04
 6.67965e+00  1.00019e+00  2.19912e+04
 6.70798e+00  1.00028e+00  2.19861e+04
 6.73465e+00  1.00004e+00  2.19814e+04
 6.76284e+00  1.00020e+00  2.19765e+04
 6.78896e+00  1.00027e+00  2.19721e+04
 6.81509e+00  1.00011e+00  2.19678e+04
 6.84117e+00  1.00011e+00  2.19636e+04
 6.87051e+00  1.00024e+00  2.19590e+04
 6.89841e+00  1.00016e+00  2.19547e+04
 6.92450e+00  1.00004e+00  2.19507e+04
 6.95049e+00  1.00015e+00  2.19469e+04
 6.97646e+00  1.00017e+00  2.19431e+04
 7.00551e+00  1.00016e+00  2.19390e+04
 7.03312e+00  1.00026e+00  2.19352e+04
 7.05981e+00  1.00014e+00  2.19315e+04
 7.08716e+00  1.00011e+00  2.19279e+04
 7.11531e+00  1.00029e+00  2.19242e+04
 7.14314e+00  1.00028e+00  2.19207e+04
 7.16924e+00  1.00024e+00  2.19174e+04
 7.19534e+00  1.00028e+00  2.19142e+04
 7.22132e+00  1.00032e+00  2.19111e+04
 7.24827e+00  1.00025e+00  2.19079e+04
 7.27634e+00  1.00027e+00  2.19046e+04
 7.30271e+00  1.00028e+00  2.19016e+04
 7.33298e+00  1.00004e+00  2.18983e+04
 7.35966e+00  1.00013e+00  2.18954e+04
 7.38521e+00  1.00015e+00  2.18927e+04
 7.41159e+00  1.00018e+00  2.18899e+04
 7.43800e+00  1.00025e+00  2.18872e+04
 7.46632e+00  1.00029e+00  2.18843e+04
 7.49493e+00  1.00024e+00  2.18815e+04
 7.52048e+00  1.00022e+00  2.18790e+04
 7.54950e+00  1.00013e+00  2.18763e+04
 7.57731e+00  1.00022e+00  2.18737e+04
 7.60798e+00  1.00034e+00  2.18709e+04
 7.64077e+00  1.00033e+00  2.18679e+04
 7.66912e+00  1.00009e+00  2.18655e+04
 7.69671e+00  1.00018e+00  2.18631e+04
 7.72532e+00  1.00013e+00  2.18607e+04
 7.75477e+00  1.00017e+00  2.18583e+04
 7.78174e+00  1.00019e+00  2.18561e+04
 7.80980e+00  1.00028e+00  2.18538e+04
 7.83591e+00  1.00027e+00  2.18518e+04
 7.86200e+00  1.00017e+00  2.18498e+04
 7.88797e+00  1.00023e+00  2.18478e+04
 7.91396e+00  1.00021e+00  2.18459e+04
 7.94007e+00  1.00005e+00  2.18440e+04
 7.96726e+00  1.00028e+00  2.18420e+04
 7.99865e+00  1.00026e+00  2.18398e+04
 8.03115e+00  1.00020e+00  2.18376e+04
 8.06115e+00  1.00017e+00  2.18356e+04
 8.09157e+00  1.00019e+00  2.18336e+04
 8.12115e+00  1.00018e+00  2.18316e+04
 8.15085e+00  1.00009e+00  2.18297e+04
 8.18269e+00  1.00013e+00  2.18277e+04
 8.21657e+00  1.00002e+00  2.18257e+04
 8.24615e+00  1.00013e+00  2.18239e+04
 8.27585e+00  9.99949e-01  2.18221e+04
 8.30573e+00  1.00009e+00  2.18204e+04
 8.33518e+00  9.99802e-01  2.18187e+04
 8.36530e+00  1.00005e+00  2.18170e+04
 8.39767e+00  9.99916e-01  2.18153e+04
 8.42974e+00  9.99869e-01  2.18135e+04
 8.46126e+00  9.99877e-01  2.18119e+04
 8.49449e+00  9.99872e-01  2.18101e+04
 8.52906e+00  9.99850e-01  2.18084e+04
 8.55865e+00  9.99830e-01  2.18069e+04
 8.59097e+00  9.99823e-01  2.18053e+04
 8.62545e+00  9.99868e-01  2.18037e+04
 8.65697e+00  9.99943e-01  2.18022e+04
 8.68795e+00  9.99931e-01  2.18008e+04
 8.72032e+00  9.99834e-01  2.17993e+04
 8.75183e+00  9.99825e-01  2.17979e+04
 8.78475e+00  9.99744e-01  2.17964e+04
 8.81669e+00  9.99808e-01  2.17951e+04
 8.85032e+00  9.99641e-01  2.17937e+04
 8.88264e+00  9.99639e-01  2.17923e+04
 8.91642e+00  9.99756e-01  2.17909e+04
 8.94863e+00  9.99660e-01  2.17896e+04
 8.97962e+00  9.99835e-01  2.17884e+04
 9.01112e+00  9.99761e-01  2.17872e+04
 9.04158e+00  9.99781e-01  2.17861e+04
 9.07587e+00  9.99779e-01  2.17848e+04
 9.10740e+00  9.99861e-01  2.17836e+04
 9.13989e+00  9.99861e-01  2.17824e+04
 9.17323e+00  9.99868e-01  2.17813e+04
 9.20447e+00  9.99799e-01  2.17802e+04
 9.23419e+00  1.00002e+00  2.17792e+04
 9.26628e+00  9.99935e-01  2.17781e+04
 9.29807e+00  1.00013e+00  2.17770e+04
 9.32947e+00  1.00012e+00  2.17760e+04
 9.36058e+00  1.00012e+00  2.17750e+04
 9.39223e+00  1.00022e+00  2.17740e+04
 9.42668e+00  1.00021e+00  2.17729e+04
 9.45698e+00  1.00025e+00  2.17720e+04
 9.49016e+00  1.00030e+00  2.17710e+04
 9.53071e+00  1.00030e+00  2.17698e+04
 9.56115e+00  1.00034e+00  2.17689e+04
 9.59156e+00  1.00029e+00  2.17681e+04
 9.62529e+00  1.00040e+00  2.17671e+04
 9.65697e+00  1.00014e+00  2.17662e+04
 9.68615e+00  1.00035e+00  2.17654e+04
 9.71753e+00  1.00037e+00  2.17646e+04
 9.75433e+00  1.00030e+00  2.17636e+04
 9.80048e+00  1.00043e+00  2.17624e+04
 9.84434e+00  1.00032e+00  2.17613e+04
 9.88992e+00  1.00036e+00  2.17602e+04
 9.93489e+00  1.00042e+00  2.17591e+04
 9.98421e+00  1.00032e+00  2.17579e+04
 1.00432e+01  1.00027e+00  2.17566e+04
 1.00900e+01  1.00027e+00  2.17555e+04
 1.01357e+01  1.00021e+00  2.17545e+04
 1.01814e+01  1.00023e+00  2.17535e+04
 1.02309e+01  1.00024e+00  2.17525e+04
 1.02816e+01  1.00021e+00  2.17514e+04
 1.03274e+01  1.00022e+00  2.17505e+04
 1.03738e+01  1.00006e+00  2.17496e+04
 1.04257e+01  1.00021e+00  2.17486e+04
 1.04779e+01  1.00008e+00  2.17476e+04
 1.05299e+01  1.00019e+00  2.17466e+04
 1.05843e+01  1.00002e+00  2.17456e+04
 1.06553e+01  1.00013e+00  2.17444e+04
 1.07322e+01  1.00006e+00  2.17431e+04
 1.08085e+01  1.00007e+00  2.17418e+04
 1.08916e+01  1.00019e+00  2.17405e+04
 1.09886e+01  1.00031e+00  2.17390e+04
 1.10704e+01  1.00075e+00  2.17378e+04
 1.11308e+01  1.00025e+00  2.17369e+04
 1.11899e+01  1.00013e+00  2.17361e+04
 1.12587e+01  1.00025e+00  2.17351e+04
 1.13276e+01  1.00034e+00  2.17342e+04
 1.14157e+01  9.99996e-01  2.17331e+04
 1.15028e+01  9.99702e-01  2.17320e+04
 1.15760e+01  1.00015e+00  2.17311e+04
 1.16507e+01  9.99499e-01  2.17302e+04
 1.17228e+01  9.99310e-01  2.17294e+04
 1.17966e+01  9.99224e-01  2.17285e+04
 1.18711e+01  9.99665e-01  2.17277e+04
 1.19632e+01  9.99317e-01  2.17268e+04
 1.20399e+01  9.99559e-01  2.17260e+04
 1.21442e+01  9.99951e-01  2.17250e+04
 1.22310e+01  9.99308e-01  2.17241e+04
 1.22853e+01  9.99209e-01  2.17236e+04
 1.23416e+01  9.99650e-01  2.17231e+04
 1.23948e+01  1.00007e+00  2.17226e+04
 1.24496e+01  1.00003e+00  2.17221e+04
 1.25477e+01  1.00059e+00  2.17213e+04
 1.26130e+01  9.99863e-01  2.17208e+04
 1.26656e+01  1.00081e+00  2.17203e+04
 1.27156e+01  1.00036e+00  2.17199e+04
 1.27604e+01  1.00090e+00  2.17196e+04
 1.27981e+01  1.00126e+00  2.17193e+04
 1.28418e+01  1.00103e+00  2.17189e+04
 1.28917e+01  1.00052e+00  2.17186e+04
 1.29290e+01  1.00032e+00  2.17183e+04
 1.29629e+01  1.00072e+00  2.17180e+04
 1.29982e+01  1.00056e+00  2.17178e+04
 1.30332e+01  1.00018e+00  2.17175e+04
 1.30700e+01  1.00067e+00  2.17173e+04
 1.31106e+01  1.00030e+00  2.17170e+04
 1.31472e+01  1.00024e+00  2.17167e+04
 1.31825e+01  1.00007e+00  2.17165e+04
 1.32207e+01  9.99896e-01  2.17162e+04
 1.32584e+01  1.00017e+00  2.17160e+04
 1.32930e+01  1.00005e+00  2.17157e+04
 1.33307e+01  1.00023e+00  2.17155e+04
 1.33686e+01  9.99977e-01  2.17152e+04
 1.34061e+01  9.99949e-01  2.17150e+04
 1.34420e+01  1.00017e+00  2.17148e+04
 1.34813e+01  9.99956e-01  2.17145e+04
 1.35254e+01  1.00005e+00  2.17143e+04
 1.35618e+01  1.00021e+00  2.17140e+04
 1.35921e+01  9.99964e-01  2.17139e+04
 1.36243e+01  1.00016e+00  2.17137e+04
 1.36563e+01  1.00006e+00  2.17135e+04
 1.36930e+01  9.99844e-01  2.17133e+04
 1.37287e+01  1.00009e+00  2.17130e+04
 1.37607e+01  9.99632e-01  2.17129e+04
 1.37912e+01  1.00004e+00  2.17127e+04
 1.38212e+01  9.99629e-01  2.17125e+04
 1.38625e+01  9.99916e-01  2.17123e+04
 1.38984e+01  9.99908e-01  2.17121e+04
 1.39307e+01  9.99825e-01  2.17119e+04
 1.39700e+01  1.00003e+00  2.17117e+04
 1.40105e+01  1.00001e+00  2.17115e+04
 1.40522e+01  1.00001e+00  2.17113e+04
 1.40879e+01  9.99879e-01  2.17111e+04
 1.41202e+01  9.99695e-01  2.17109e+04
 1.41594e+01  9.99834e-01  2.17107e+04
 1.41962e+01  9.99669e-01  2.17105e+04
 1.42316e+01  9.99762e-01  2.17104e+04
 1.42711e+01  9.99696e-01  2.17102e+04
 1.43087e+01  9.99652e-01  2.17100e+04
 1.43471e+01  9.99750e-01  2.17098e+04
 1.43847e+01  9.99724e-01  2.17096e+04
 1.44212e+01  9.99507e-01  2.17094e+04
 1.44577e+01  9.99718e-01  2.17093e+04
 1.44886e+01  9.99728e-01  2.17091e+04
 1.45222e+01  9.99835e-01  2.17090e+04
 1.45597e+01  9.99646e-01  2.17088e+04
 1.46245e+01  9.99698e-01  2.17085e+04
 1.46546e+01  9.99625e-01  2.17084e+04
 1.46878e+01  9.99798e-01  2.17082e+04
 1.47201e+01  9.99439e-01  2.17081e+04
 1.47556e+01  9.99567e-01  2.17079e+04
 1.47927e+01  9.99578e-01  2.17078e+04
 1.48264e+01  9.99439e-01  2.17076e+04
 1.48576e+01  9.99635e-01  2.17075e+04
 1.48906e+01  9.99058e-01  2.17074e+04
 1.49276e+01  9.99112e-01  2.17072e+04
 1.49601e+01  9.99449e-01  2.17071e+04
 1.49895e+01  9.99231e-01  2.17070e+04
 1.50179e+01  9.99600e-01  2.17068e+04
 1.50455e+01  9.99175e-01  2.17067e+04
 1.50717e+01  9.99155e-01  2.17066e+04
 1.51006e+01  9.99321e-01  2.17065e+04
 1.51346e+01  9.99334e-01  2.17064e+04
 1.51651e+01  9.99295e-01  2.17063e+04
 1.51914e+01  9.99338e-01  2.17062e+04
 1.52196e+01  9.99345e-01  2.17061e+04
 1.52486e+01  9.99353e-01  2.17060e+04
 1.52747e+01  9.99430e-01  2.17059e+04
 1.53040e+01  9.99361e-01  2.17057e+04
 1.53322e+01  9.99417e-01  2.17056e+04
 1.53610e+01  9.99390e-01  2.17055e+04
 1.53865e+01  9.99418e-01  2.17054e+04
 1.54137e+01  9.99592e-01  2.17053e+04
 1.54464e+01  9.99462e-01  2.17052e+04
 1.54727e+01  9.99487e-01  2.17051e+04
 1.54986e+01  9.99620e-01  2.17050e+04
 1.55267e+01  9.99710e-01  2.17049e+04
 1.55550e+01  9.99644e-01  2.17048e+04
 1.55820e+01  9.99848e-01  2.17048e+04
 1.56080e+01  9.99638e-01  2.17047e+04
 1.56342e+01  9.99742e-01  2.17046e+04
 1.56645e+01  9.99769e-01  2.17045e+04
 1.56914e+01  9.99732e-01  2.17044e+04
 1.57175e+01  9.99803e-01  2.17043e+04
 1.57446e+01  9.99635e-01  2.17042e+04
 1.57738e+01  9.99808e-01  2.17041e+04
 1.58032e+01  9.99742e-01  2.17040e+04
 1.58296e+01  9.99678e-01  2.17039e+04
 1.58551e+01  9.99750e-01  2.17038e+04
 1.58818e+01  9.99978e-01  2.17038e+04
 1.59097e+01  9.99892e-01  2.17037e+04
 1.59414e+01  1.00002e+00  2.17036e+04
 1.59687e+01  1.00005e+00  2.17035e+04
 1.59962e+01  9.99917e-01  2.17034e+04
 1.60246e+01  9.99913e-01  2.17033e+04
 1.60522e+01  1.00008e+00  2.17032e+04
 1.60796e+01  9.99916e-01  2.17031e+04
 1.61051e+01  1.00009e+00  2.17031e+04
 1.61318e+01  1.00011e+00  2.17030e+04
 1.61582e+01  9.99998e-01  2.17029e+04
 1.61862e+01  9.99994e-01  2.17028e+04
 1.62162e+01  1.00008e+00  2.17027e+04
 1.62454e+01  9.99866e-01  2.17026e+04
 1.62757e+01  1.00009e+00  2.17026e+04
 1.63052e+01  9.99956e-01  2.17025e+04
 1.63412e+01  1.00018e+00  2.17024e+04
 1.63685e+01  1.00022e+00  2.17023e+04
 1.63966e+01  1.00027e+00  2.17022e+04
 1.64246e+01  1.00040e+00  2.17021e+04
 1.64518e+01  1.00018e+00  2.17021e+04
 1.64778e+01  1.00036e+00  2.17020e+04
 1.65039e+01  1.00048e+00  2.17019e+04
 1.65315e+01  1.00072e+00  2.17018e+04
 1.65611e+01  1.00062e+00  2.17018e+04
 1.65872e+01  1.00077e+00  2.17017e+04
 1.66135e+01  1.00097e+00  2.17016e+04
 1.66421e+01  1.00098e+00  2.17015e+04
 1.66676e+01  1.00110e+00  2.17015e+04
 1.66943e+01  1.00118e+00  2.17014e+04
 1.67199e+01  1.00128e+00  2.17013e+04
 1.67489e+01  1.00151e+00  2.17013e+04
 1.67814e+01  1.00165e+00  2.17012e+04
 1.68133e+01  1.00163e+00  2.17011e+04
 1.68450e+01  1.00205e+00  2.17010e+04
 1.68771e+01  1.00221e+00  2.17009e+04
 1.69106e+01  1.00232e+00  2.17008e+04
 1.69384e+01  1.00254e+00  2.17008e+04
 1.69651e+01  1.00266e+00  2.17007e+04
 1.69936e+01  1.00299e+00  2.17006e+04
 1.70229e+01  1.00347e+00  2.17006e+04
 1.70529e+01  1.00322e+00  2.17005e+04
 1.70819e+01  1.00354e+00  2.17004e+04
 1.71080e+01  1.00391e+00  2.17004e+04
 1.71357e+01  1.00405e+00  2.17003e+04
 1.71629e+01  1.00410e+00  2.17002e+04
 1.71884e+01  1.00431e+00  2.17002e+04
 1.72151e+01  1.00449e+00  2.17001e+04
 1.72407e+01  1.00461e+00  2.17001e+04
 1.72671e+01  1.00433e+00  2.17000e+04
 1.72926e+01  1.00443e+00  2.16999e+04
 1.73193e+01  1.00422e+00  2.16999e+04
 1.73449e+01  1.00422e+00  2.16998e+04
 1.73757e+01  1.00383e+00  2.16997e+04
 1.74050e+01  1.00347e+00  2.16997e+04
 1.74311e+01  1.00324e+00  2.16996e+04
 1.74611e+01  1.00279e+00  2.16996e+04
 1.74906e+01  1.00259e+00  2.16995e+04
 1.75228e+01  1.00232e+00  2.16994e+04
 1.75520e+01  1.00178e+00  2.16994e+04
 1.75806e+01  1.00173e+00  2.16993e+04
 1.76111e+01  1.00146e+00  2.16992e+04
 1.76440e+01  1.00125e+00  2.16992e+04
 1.76756e+01  1.00091e+00  2.16991e+04
 1.77026e+01  1.00076e+00  2.16990e+04
 1.77330e+01  1.00060e+00  2.16990e+04
 1.77665e+01  1.00060e+00  2.16989e+04
 1.77986e+01  1.00026e+00  2.16988e+04
 1.78357e+01  1.00020e+00  2.16988e+04
 1.78700e+01  1.00017e+00  2.16987e+04
 1.79029e+01  9.99829e-01  2.16986e+04
 1.79369e+01  9.99886e-01  2.16986e+04
 1.79689e+01  9.99911e-01  2.16985e+04
 1.79987e+01  9.99926e-01  2.16984e+04
 1.80311e+01  9.99784e-01  2.16984e+04
 1.80649e+01  9.99855e-01  2.16983e+04
 1.81021e+01  9.99702e-01  2.16982e+04
 1.81361e+01  9.99818e-01  2.16982e+04
 1.81698e+01  9.99670e-01  2.16981e+04
 1.82010e+01  9.99846e-01  2.16980e+04
 1.82311e+01  9.99795e-01  2.16980e+04
 1.82632e+01  9.99802e-01  2.16979e+04
 1.82980e+01  9.99631e-01  2.16979e+04
 1.83290e+01  9.99720e-01  2.16978e+04
 1.83633e+01  9.99645e-01  2.16977e+04
 1.83973e+01  9.99597e-01  2.16977e+04
 1.84289e+01  9.99506e-01  2.16976e+04
 1.84602e+01  9.99551e-01  2.16976e+04
 1.84914e+01  9.99581e-01  2.16975e+04
 1.85248e+01  9.99756e-01  2.16975e+04
 1.85571e+01  9.99628e-01  2.16974e+04
 1.85914e+01  9.99799e-01  2.16973e+04
 1.86223e+01  9.99765e-01  2.16973e+04
 1.86564e+01  9.99906e-01  2.16972e+04
 1.86862e+01  9.99628e-01  2.16972e+04
 1.87180e+01  9.99900e-01  2.16971e+04
 1.87558e+01  9.99986e-01  2.16971e+04
 1.87892e+01  9.99723e-01  2.16970e+04
 1.88271e+01  9.99923e-01  2.16969e+04
 1.88671e+01  9.99963e-01  2.16969e+04
 1.89089e+01  9.99853e-01  2.16968e+04
 1.89455e+01  1.00011e+00  2.16967e+04
 1.89777e+01  9.99483e-01  2.16967e+04
 1.90122e+01  1.00008e+00  2.16966e+04
 1.90450e+01  1.00004e+00  2.16966e+04
 1.90821e+01  1.00002e+00  2.16965e+04
 1.91196e+01  9.99752e-01  2.16965e+04
 1.91550e+01  9.99988e-01  2.16964e+04
 1.91880e+01  9.99690e-01  2.16964e+04
 1.92189e+01  1.00004e+00  2.16963e+04
 1.92507e+01  9.99831e-01  2.16963e+04
 1.92874e+01  9.99800e-01  2.16962e+04
 1.93230e+01  9.99900e-01  2.16962e+04
 1.93573e+01  9.99909e-01  2.16961e+04
 1.93912e+01  9.99795e-01  2.16961e+04
 1.94268e+01  1.00006e+00  2.16960e+04
 1.94607e+01  1.00005e+00  2.16960e+04
 1.94959e+01  9.99994e-01  2.16959e+04
 1.95289e+01  9.99916e-01  2.16959e+04
 1.95604e+01  9.99914e-01  2.16958e+04
 1.95937e+01  9.99879e-01  2.16958e+04
 1.96237e+01  9.99830e-01  2.16957e+04
 1.96539e+01  9.99764e-01  2.16957e+04
 1.96832e+01  9.99855e-01  2.16956e+04
 1.97143e+01  9.99778e-01  2.16956e+04
 1.97458e+01  9.99774e-01  2.16955e+04
 1.97801e+01  9.99771e-01  2.16955e+04
 1.98112e+01  9.99815e-01  2.16955e+04
 1.98425e+01  9.99670e-01  2.16954e+04
 1.98744e+01  9.99664e-01  2.16954e+04
 1.99064e+01  9.99718e-01  2.16953e+04
 1.99362e+01  9.99495e-01  2.16953e+04
 1.99664e+01  9.99663e-01  2.16952e+04
 1.99957e+01  9.99476e-01  2.16952e+04
 2.00258e+01  9.99662e-01  2.16952e+04
 2.00596e+01  9.99340e-01  2.16951e+04
 2.00939e+01  9.99484e-01  2.16951e+04
 2.01237e+01  9.99501e-01  2.16950e+04
 2.01539e+01  9.99652e-01  2.16950e+04
 2.01832e+01  9.99547e-01  2.16950e+04
 2.02133e+01  9.99688e-01  2.16949e+04
 2.02426e+01  9.99735e-01  2.16949e+04
 2.02757e+01  9.99735e-01  2.16949e+04
 2.03032e+01  9.99627e-01  2.16948e+04
 2.03296e+01  9.99766e-01  2.16948e+04
 2.03551e+01  9.99705e-01  2.16948e+04
 2.03818e+01  9.99626e-01  2.16947e+04
 2.04082e+01  9.99661e-01  2.16947e+04
 2.04361e+01  9.99691e-01  2.16947e+04
 2.04622e+01  9.99765e-01  2.16946e+04
 2.04904e+01  9.99729e-01  2.16946e+04
 2.05214e+01  9.99789e-01  2.16945e+04
 2.05485e+01  9.99756e-01  2.16945e+04
 2.05740e+01  9.99799e-01  2.16945e+04
 2.06025e+01  9.99827e-01  2.16945e+04
 2.06318e+01  9.99752e-01  2.16944e+04
 2.06573e+01  9.99841e-01  2.16944e+04
 2.06837e+01  9.99866e-01  2.16944e+04
 2.07093e+01  9.99865e-01  2.16943e+04
 2.07379e+01  9.99799e-01  2.16943e+04
 2.07643e+01  9.99849e-01  2.16943e+04
 2.07915e+01  9.99778e-01  2.16942e+04
 2.08193e+01  9.99838e-01  2.16942e+04
 2.08448e+01  9.99824e-01  2.16942e+04
 2.08734e+01  1.00004e+00  2.16941e+04
 2.09027e+01  9.99814e-01  2.16941e+04
 2.09310e+01  9.99933e-01  2.16941e+04
 2.09590e+01  9.99990e-01  2.16940e+04
 2.09860e+01  9.99896e-01  2.16940e+04
 2.10115e+01  1.00010e+00  2.16940e+04
 2.10379e+01  1.00017e+00  2.16940e+04
 2.10634e+01  1.00011e+00  2.16939e+04
 2.10915e+01  9.99893e-01  2.16939e+04
 2.11185e+01  1.00014e+00  2.16939e+04
 2.11444e+01  1.00009e+00  2.16938e+04
 2.11734e+01  1.00000e+00  2.16938e+04
 2.12048e+01  1.00017e+00  2.16938e+04
 2.12330e+01  1.00012e+00  2.16937e+04
 2.12591e+01  1.00008e+00  2.16937e+04
 2.12851e+01  1.00019e+00  2.16937e+04
 2.13134e+01  1.00028e+00  2.16937e+04
 2.13401e+01  1.00004e+00  2.16936e+04
 2.13683e+01  1.00020e+00  2.16936e+04
 2.13944e+01  1.00027e+00  2.16936e+04
 2.14205e+01  1.00011e+00  2.16936e+04
 2.14466e+01  1.00011e+00  2.16935e+04
 2.14760e+01  1.00024e+00  2.16935e+04
 2.15039e+01  1.00016e+00  2.16935e+04
 2.15300e+01  1.00004e+00  2.16934e+04
 2.15559e+01  1.00015e+00  2.16934e+04
 2.15819e+01  1.00017e+00  2.16934e+04
 2.16110e+01  1.00016e+00  2.16934e+04
 2.16386e+01  1.00026e+00  2.16933e+04
 2.16653e+01  1.00014e+00  2.16933e+04
 2.16926e+01  1.00011e+00  2.16933e+04
 2.17208e+01  1.00029e+00  2.16933e+04
 2.17486e+01  1.00028e+00  2.16932e+04
 2.17747e+01  1.00024e+00  2.16932e+04
 2.18008e+01  1.00028e+00  2.16932e+04
 2.18268e+01  1.00032e+00  2.16931e+04
 2.18537e+01  1.00025e+00  2.16931e+04
 2.18818e+01  1.00027e+00  2.16931e+04
 2.19082e+01  1.00028e+00  2.16931e+04
 2.19384e+01  1.00004e+00  2.16930e+04
 2.19651e+01  1.00013e+00  2.16930e+04
 2.19907e+01  1.00015e+00  2.16930e+04
 2.20171e+01  1.00018e+00  2.16930e+04
 2.20435e+01  1.00025e+00  2.16929e+04
 2.20718e+01  1.00029e+00  2.16929e+04
 2.21004e+01  1.00024e+00  2.16929e+04
 2.21259e+01  1.00022e+00  2.16929e+04
 2.21550e+01  1.00013e+00  2.16928e+04
 2.21828e+01  1.00022e+00  2.16928e+04
 2.22134e+01  1.00034e+00  2.16928e+04
 2.22462e+01  1.00033e+00  2.16928e+04
 2.22746e+01  1.00009e+00  2.16927e+04
 2.23022e+01  1.00018e+00  2.16927e+04
 2.23308e+01  1.00013e+00  2.16927e+04
 2.23602e+01  1.00017e+00  2.16927e+04
 2.23872e+01  1.00019e+00  2.16926e+04
 2.24153e+01  1.00028e+00  2.16926e+04
 2.24414e+01  1.00027e+00  2.16926e+04
 2.24675e+01  1.00017e+00  2.16926e+04
 2.24934e+01  1.00023e+00  2.16925e+04
 2.25194e+01  1.00021e+00  2.16925e+04
 2.25455e+01  1.00005e+00  2.16925e+04
 2.25727e+01  1.00028e+00  2.16925e+04
 2.26041e+01  1.00026e+00  2.16924e+04
 2.26366e+01  1.00020e+00  2.16924e+04
 2.26666e+01  1.00017e+00  2.16924e+04
 2.26970e+01  1.00019e+00  2.16924e+04
 2.27266e+01  1.00018e+00  2.16923e+04
 2.27563e+01  1.00009e+00  2.16923e+04
 2.27882e+01  1.00013e+00  2.16923e+04
 2.28220e+01  1.00002e+00  2.16923e+04
 2.28516e+01  1.00013e+00  2.16922e+04
 2.28813e+01  9.99949e-01  2.16922e+04
 2.29112e+01  1.00009e+00  2.16922e+04
 2.29406e+01  9.99802e-01  2.16922e+04
 2.29708e+01  1.00005e+00  2.16921e+04
 2.30031e+01  9.99916e-01  2.16921e+04
 2.30352e+01  9.99869e-01  2.16921e+04
 2.30667e+01  9.99877e-01  2.16921e+04
 2.31000e+01  9.99872e-01  2.16920e+04
 2.31345e+01  9.99850e-01  2.16920e+04
 2.31641e+01  9.99830e-01  2.16920e+04
 2.31964e+01  9.99823e-01  2.16920e+04
 2.32309e+01  9.99868e-01  2.16919e+04
 2.32624e+01  9.99943e-01  2.16919e+04
 2.32934e+01  9.99931e-01  2.16919e+04
 2.33258e+01  9.99834e-01  2.16919e+04
 2.33573e+01  9.99825e-01  2.16919e+04
 2.33902e+01  9.99744e-01  2.16918e+04
 2.34222e+01  9.99808e-01  2.16918e+04
 2.34558e+01  9.99641e-01  2.16918e+04
 2.34881e+01  9.99639e-01  2.16918e+04
 2.35219e+01  9.99756e-01  2.16917e+04
 2.35541e+01  9.99660e-01  2.16917e+04
 2.35851e+01  9.99835e-01  2.16917e+04
 2.36166e+01  9.99761e-01  2.16917e+04
 2.36470e+01  9.99781e-01  2.16916e+04
 2.36813e+01  9.99779e-01  2.16916e+04
 2.37129e+01  9.99861e-01  2.16916e+04
 2.37454e+01  9.99861e-01  2.16916e+04
 2.37787e+01  9.99868e-01  2.16915e+04
 2.38099e+01  9.99799e-01  2.16915e+04
 2.38396e+01  1.00002e+00  2.16915e+04
 2.38717e+01  9.99935e-01  2.16915e+04
 2.39035e+01  1.00013e+00  2.16915e+04
 2.39349e+01  1.00012e+00  2.16914e+04
 2.39660e+01  1.00012e+00  2.16914e+04
 2.39977e+01  1.00022e+00  2.16914e+04
 2.40321e+01  1.00021e+00  2.16914e+04
 2.40624e+01  1.00025e+00  2.16913e+04
 2.40956e+01  1.00030e+00  2.16913e+04
 2.41362e+01  1.00030e+00  2.16913e+04
 2.41666e+01  1.00034e+00  2.16913e+04
 2.41970e+01  1.00029e+00  2.16913e+04
 2.42308e+01  1.00040e+00  2.16912e+04
 2.42624e+01  1.00014e+00  2.16912e+04
 2.42916e+01  1.00035e+00  2.16912e+04
 2.43230e+01  1.00037e+00  2.16912e+04
 2.43598e+01  1.00030e+00  2.16912e+04
 2.44059e+01  1.00043e+00  2.16911e+04
 2.44498e+01  1.00032e+00  2.16911e+04
 2.44954e+01  1.00036e+00  2.16911e+04
 2.45403e+01  1.00042e+00  2.16910e+04
 2.45897e+01  1.00032e+00  2.16910e+04
 2.46487e+01  1.00027e+00  2.16910e+04
 2.46955e+01  1.00027e+00  2.16909e+04
 2.47412e+01  1.00021e+00  2.16909e+04
 2.47869e+01  1.00023e+00  2.16909e+04
 2.48363e+01  1.00024e+00  2.16909e+04
 2.48870e+01  1.00021e+00  2.16908e+04
 2.49329e+01  1.00022e+00  2.16908e+04
 2.49792e+01  1.00006e+00  2.16908e+04
 2.50312e+01  1.00021e+00  2.16907e+04
 2.50834e+01  1.00008e+00  2.16907e+04
 2.51353e+01  1.00019e+00  2.16907e+04
 2.51898e+01  1.00002e+00  2.16906e+04
 2.52607e+01  1.00013e+00  2.16906e+04
 2.53377e+01  1.00006e+00  2.16906e+04
 2.54139e+01  1.00007e+00  2.16905e+04
 2.54971e+01  1.00019e+00  2.16905e+04
 2.55941e+01  1.00031e+00  2.16904e+04
 2.56759e+01  1.00075e+00  2.16904e+04
 2.57363e+01  1.00025e+00  2.16903e+04
 2.57953e+01  1.00013e+00  2.16903e+04
 2.58642e+01  1.00025e+00  2.16903e+04
 2.59331e+01  1.00034e+00  2.16902e+04
 2.60212e+01  9.99996e-01  2.16902e+04
 2.61083e+01  9.99702e-01  2.16902e+04
 2.61815e+01  1.00015e+00  2.16901e+04
 2.62562e+01  9.99499e-01  2.16901e+04
 2.63283e+01  9.99310e-01  2.16900e+04
 2.64020e+01  9.99224e-01  2.16900e+04
 2.64766e+01  9.99665e-01  2.16900e+04
 2.65687e+01  9.99317e-01  2.16899e+04
 2.66454e+01  9.99559e-01  2.16899e+04
 2.67496e+01  9.99951e-01  2.16898e+04
 2.68365e+01  9.99308e-01  2.16898e+04
 2.68908e+01  9.99209e-01  2.16898e+04
 2.69470e+01  9.99650e-01  2.16898e+04
 2.70002e+01  1.00007e+00  2.16897e+04
 2.70551e+01  1.00003e+00  2.16897e+04
 2.71531e+01  1.00059e+00  2.16897e+04
 2.72184e+01  9.99863e-01  2.16896e+04
 2.72710e+01  1.00081e+00  2.16896e+04
 2.73210e+01  1.00036e+00  2.16896e+04
 2.73659e+01  1.00090e+00  2.16896e+04
 2.74036e+01  1.00126e+00  2.16896e+04
 2.74473e+01  1.00103e+00  2.16895e+04
 2.74971e+01  1.00052e+00  2.16895e+04
 2.75345e+01  1.00032e+00  2.16895e+04
 2.75683e+01  1.00072e+00  2.16895e+04
 2.76036e+01  1.00056e+00  2.16895e+04
 2.76387e+01  1.00018e+00  2.16895e+04
 2.76754e+01  1.00067e+00  2.16894e+04
 2.77161e+01  1.00030e+00  2.16894e+04
 2.77527e+01  1.00024e+00  2.16894e+04
 2.77879e+01  1.00007e+00  2.16894e+04
 2.78262e+01  9.99896e-01  2.16894e+04
 2.78639e+01  1.00017e+00  2.16894e+04
 2.78985e+01  1.00005e+00  2.16893e+04
 2.79361e+01  1.00023e+00  2.16893e+04
 2.79741e+01  9.99977e-01  2.16893e+04
 2.80116e+01  9.99949e-01  2.16893e+04
 2.80475e+01  1.00017e+00  2.16893e+04
 2.80867e+01  9.99956e-01  2.16893e+04
 2.81308e+01  1.00005e+00  2.16893e+04
 2.81672e+01  1.00021e+00  2.16892e+04
 2.81975e+01  9.99964e-01  2.16892e+04
 2.82297e+01  1.00016e+00  2.16892e+04
 2.82617e+01  1.00006e+00  2.16892e+04
 2.82985e+01  9.99844e-01  2.16892e+04
 2.83342e+01  1.00009e+00  2.16892e+04
 2.83661e+01  9.99632e-01  2.16892e+04
 2.83967e+01  1.00004e+00  2.16892e+04
 2.84267e+01  9.99629e-01  2.16891e+04
 2.84680e+01  9.99916e-01  2.16891e+04
 2.85039e+01  9.99908e-01  2.16891e+04
 2.85361e+01  9.99825e-01  2.16891e+04
 2.85754e+01  1.00003e+00  2.16891e+04
 2.86160e+01  1.00001e+00  2.16891e+04
 2.86576e+01  1.00001e+00  2.16891e+04
 2.86933e+01  9.99879e-01  2.16890e+04
 2.87257e+01  9.99695e-01  2.16890e+04
 2.87649e+01  9.99834e-01  2.16890e+04
 2.88017e+01  9.99669e-01  2.16890e+04
 2.88371e+01  9.99762e-01  2.16890e+04
 2.88766e+01  9.99696e-01  2.16890e+04
 2.89142e+01  9.99652e-01  2.16890e+04
 2.89525e+01  9.99750e-01  2.16890e+04
 2.89901e+01  9.99724e-01  2.16889e+04
 2.90267e+01  9.99507e-01  2.16889e+04
 2.90632e+01  9.99718e-01  2.16889e+04
 2.90941e+01  9.99728e-01  2.16889e+04
 2.91277e+01  9.99835e-01  2.16889e+04
 2.91651e+01  9.99646e-01  2.16889e+04
