388
 1.10528e-01  1.00042e+00  9.99410e-01
 3.02119e-01  9.97226e-01  9.99530e-01
 4.18771e-01  9.96808e-01  9.99611e-01
 5.50021e-01  9.96042e-01  9.99709e-01
 6.56289e-01  9.98570e-01  9.99794e-01
 7.75057e-01  9.98055e-01  9.99897e-01
 8.85459e-01  9.98213e-01  9.99998e-01
 9.89619e-01  9.97796e-01  1.00010e+00
 1.09379e+00  9.97644e-01  1.00021e+00
 1.19796e+00  9.97234e-01  1.00032e+00
 1.30212e+00  9.97357e-01  1.00044e+00
 1.40629e+00  9.97560e-01  1.00057e+00
 1.51046e+00  9.98023e-01  1.00071e+00
 1.61464e+00  9.98507e-01  1.00085e+00
 1.71880e+00  9.99113e-01  1.00099e+00
 1.82298e+00  9.98428e-01  1.00115e+00
 1.92714e+00  9.98915e-01  1.00131e+00
 2.03548e+00  9.99454e-01  1.00148e+00
 2.15630e+00  9.99536e-01  1.00169e+00
 2.26466e+00  9.99798e-01  1.00187e+00
 2.37506e+00  1.00180e+00  1.00207e+00
 2.47922e+00  1.00231e+00  1.00226e+00
 2.58339e+00  1.00218e+00  1.00245e+00
 2.68754e+00  1.00263e+00  1.00264e+00
 2.79170e+00  1.00399e+00  1.00284e+00
 2.89588e+00  1.00467e+00  1.00303e+00
 3.00004e+00  1.00413e+00  1.00322e+00
 3.12296e+00  1.00330e+00  1.00345e+00
 3.24797e+00  1.00205e+00  1.00366e+00
 3.35422e+00  1.00214e+00  1.00383e+00
 3.45839e+00  1.00288e+00  1.00398e+00
 3.57923e+00  1.00500e+00  1.00414e+00
 3.68756e+00  1.00502e+00  1.00426e+00
 3.79797e+00  1.00372e+00  1.00436e+00
 3.90631e+00  1.00439e+00  1.00442e+00
 4.01047e+00  1.00363e+00  1.00446e+00
 4.11464e+00  1.00315e+00  1.00445e+00
 4.21881e+00  1.00186e+00  1.00441e+00
 4.32297e+00  1.00042e+00  1.00433e+00
 4.42714e+00  1.00222e+00  1.00421e+00
 4.53131e+00  1.00025e+00  1.00404e+00
 4.63547e+00  9.99866e-01  1.00382e+00
 4.73964e+00  9.99895e-01  1.00355e+00
 4.84381e+00  1.00016e+00  1.00324e+00
 4.94797e+00  1.00054e+00  1.00289e+00
 5.05214e+00  9.99079e-01  1.00248e+00
 5.15631e+00  9.99147e-01  1.00204e+00
 5.26048e+00  9.99590e-01  1.00157e+00
 5.36464e+00  9.99122e-01  1.00107e+00
 5.46881e+00  9.99370e-01  1.00054e+00
 5.57297e+00  9.98140e-01  1.00000e+00
 5.67714e+00  9.98829e-01  9.99458e-01
 5.78131e+00  9.98741e-01  9.98920e-01
 5.89381e+00  9.98691e-01  9.98353e-01
 6.00005e+00  9.98336e-01  9.97844e-01
 6.10423e+00  9.98593e-01  9.97377e-01
 6.20839e+00  9.98848e-01  9.96951e-01
 6.31255e+00  9.98306e-01  9.96573e-01
 6.41673e+00  9.99146e-01  9.96248e-01
 6.52089e+00  9.99797e-01  9.95980e-01
 6.62505e+00  9.99797e-01  9.95772e-01
 6.78132e+00  9.99233e-01  9.95576e-01
 6.98965e+00  9.99594e-01  9.95526e-01
 7.20840e+00  9.98864e-01  9.95709e-01
 7.42715e+00  9.99875e-01  9.96091e-01
 7.63551e+00  9.99904e-01  9.96590e-01
 7.84801e+00  9.99825e-01  9.97185e-01
 8.07719e+00  1.00016e+00  9.97872e-01
 8.32302e+00  1.00062e+00  9.98605e-01
 8.53135e+00  1.00105e+00  9.99190e-01
 8.73968e+00  1.00164e+00  9.99723e-01
 8.94802e+00  1.00151e+00  1.00019e+00
 9.15635e+00  1.00197e+00  1.00060e+00
 9.38968e+00  1.00164e+00  1.00096e+00
 9.61885e+00  1.00166e+00  1.00125e+00
 9.85426e+00  1.00249e+00  1.00147e+00
 1.00396e+01  1.00121e+00  1.00159e+00
 1.01480e+01  1.00017e+00  1.00165e+00
 1.03230e+01  1.00000e+00  1.00171e+00
 1.05314e+01  9.99143e-01  1.00176e+00
 1.07397e+01  9.99965e-01  1.00177e+00
 1.09481e+01  1.00193e+00  1.00176e+00
 1.11564e+01  1.00230e+00  1.00173e+00
 1.13647e+01  1.00032e+00  1.00168e+00
 1.16334e+01  9.97687e-01  1.00160e+00
 1.23854e+01  9.81558e-01  1.00131e+00
 1.26041e+01  9.90636e-01  1.00122e+00
 1.28395e+01  9.96820e-01  1.00112e+00
 1.30187e+01  1.00284e+00  1.00104e+00
 1.31250e+01  1.00320e+00  1.00100e+00
 1.32292e+01  1.00286e+00  1.00095e+00
 1.33333e+01  1.00216e+00  1.00091e+00
 1.34375e+01  1.00114e+00  1.00087e+00
 1.35417e+01  1.00118e+00  1.00082e+00
 1.36458e+01  1.00140e+00  1.00078e+00
 1.37500e+01  1.00062e+00  1.00074e+00
 1.38542e+01  1.00077e+00  1.00070e+00
 1.39583e+01  1.00125e+00  1.00065e+00
 1.40625e+01  1.00038e+00  1.00061e+00
 1.41667e+01  1.00037e+00  1.00057e+00
 1.42709e+01  1.00042e+00  1.00054e+00
 1.43750e+01  1.00033e+00  1.00050e+00
 1.44792e+01  1.00081e+00  1.00046e+00
 1.45834e+01  1.00057e+00  1.00042e+00
 1.46875e+01  1.00026e+00  1.00038e+00
 1.48021e+01  1.00013e+00  1.00034e+00
 1.49063e+01  9.99958e-01  1.00031e+00
 1.50104e+01  1.00059e+00  1.00027e+00
 1.51146e+01  1.00076e+00  1.00024e+00
 1.52188e+01  9.99706e-01  1.00021e+00
 1.53229e+01  9.99234e-01  1.00017e+00
 1.54271e+01  1.00066e+00  1.00014e+00
 1.55313e+01  1.00075e+00  1.00011e+00
 1.56354e+01  1.00053e+00  1.00008e+00
 1.57396e+01  1.00053e+00  1.00005e+00
 1.58438e+01  1.00027e+00  1.00002e+00
 1.59479e+01  1.00028e+00  9.99987e-01
 1.60521e+01  1.00033e+00  9.99958e-01
 1.61667e+01  1.00071e+00  9.99927e-01
 1.62750e+01  1.00018e+00  9.99898e-01
 1.64041e+01  1.00059e+00  9.99864e-01
 1.65188e+01  1.00065e+00  9.99835e-01
 1.66292e+01  1.00006e+00  9.99807e-01
 1.67396e+01  1.00022e+00  9.99779e-01
 1.68438e+01  9.99373e-01  9.99754e-01
 1.69521e+01  9.99644e-01  9.99728e-01
 1.70625e+01  9.99284e-01  9.99702e-01
 1.71750e+01  9.99768e-01  9.99676e-01
 1.72917e+01  9.99694e-01  9.99650e-01
 1.73958e+01  9.99725e-01  9.99627e-01
 1.75000e+01  9.99472e-01  9.99604e-01
 1.76042e+01  9.99189e-01  9.99582e-01
 1.77083e+01  9.99641e-01  9.99560e-01
 1.78125e+01  9.98989e-01  9.99538e-01
 1.79167e+01  9.98344e-01  9.99517e-01
 1.80208e+01  9.98632e-01  9.99496e-01
 1.81250e+01  9.99318e-01  9.99476e-01
 1.82292e+01  9.98900e-01  9.99455e-01
 1.83333e+01  9.98246e-01  9.99435e-01
 1.84375e+01  9.98929e-01  9.99416e-01
 1.85416e+01  9.99509e-01  9.99397e-01
 1.86458e+01  9.99420e-01  9.99377e-01
 1.87500e+01  9.97992e-01  9.99359e-01
 1.88604e+01  9.99321e-01  9.99339e-01
 1.89771e+01  9.99499e-01  9.99319e-01
 1.90833e+01  9.99347e-01  9.99301e-01
 1.91875e+01  9.99249e-01  9.99283e-01
 1.92916e+01  9.99273e-01  9.99266e-01
 1.93958e+01  9.99691e-01  9.99249e-01
 1.94999e+01  9.98854e-01  9.99232e-01
 1.96041e+01  9.98713e-01  9.99215e-01
 1.97083e+01  9.98328e-01  9.99199e-01
 1.98124e+01  9.99064e-01  9.99183e-01
 1.99229e+01  9.98077e-01  9.99166e-01
 2.00312e+01  9.97901e-01  9.99150e-01
 2.01354e+01  9.97740e-01  9.99135e-01
 2.02438e+01  9.98794e-01  9.99119e-01
 2.03645e+01  9.99439e-01  9.99102e-01
 2.04687e+01  9.98813e-01  9.99087e-01
 2.05729e+01  1.00049e+00  9.99073e-01
 2.06874e+01  1.00073e+00  9.99057e-01
 2.08020e+01  1.00070e+00  9.99042e-01
 2.09146e+01  1.00203e+00  9.99028e-01
 2.10208e+01  1.00249e+00  9.99014e-01
 2.11249e+01  1.00402e+00  9.99001e-01
 2.12291e+01  1.00365e+00  9.98988e-01
 2.13437e+01  1.00377e+00  9.98974e-01
 2.14478e+01  1.00401e+00  9.98962e-01
 2.15542e+01  1.00381e+00  9.98950e-01
 2.16666e+01  1.00307e+00  9.98937e-01
 2.17790e+01  1.00269e+00  9.98925e-01
 2.18895e+01  1.00328e+00  9.98913e-01
 2.19999e+01  1.00366e+00  9.98902e-01
 2.21041e+01  1.00344e+00  9.98892e-01
 2.22083e+01  1.00312e+00  9.98882e-01
 2.23124e+01  1.00274e+00  9.98872e-01
 2.24166e+01  9.98297e-01  9.98863e-01
 2.25290e+01  9.93049e-01  9.98853e-01
 2.26353e+01  9.94579e-01  9.98844e-01
 2.27395e+01  9.95081e-01  9.98836e-01
 2.28437e+01  9.96192e-01  9.98829e-01
 2.29583e+01  9.98921e-01  9.98821e-01
 2.30728e+01  1.00580e+00  9.98813e-01
 2.31770e+01  1.00812e+00  9.98807e-01
 2.33439e+01  9.97997e-01  9.98799e-01
 2.35523e+01  1.00051e+00  9.98790e-01
 2.37627e+01  1.00272e+00  9.98784e-01
 2.39898e+01  1.00041e+00  9.98782e-01
 2.41457e+01  9.58519e-01  9.98782e-01
 2.43023e+01  1.00226e+00  9.98784e-01
 2.45106e+01  9.96917e-01  9.98791e-01
 2.61147e+01  1.01209e+00  9.99051e-01
 2.63230e+01  1.01119e+00  9.99124e-01
 2.65543e+01  1.00853e+00  9.99220e-01
 2.69230e+01  1.00042e+00  9.99410e-01
 2.71146e+01  9.97226e-01  9.99530e-01
 2.72313e+01  9.96808e-01  9.99610e-01
 2.73625e+01  9.96042e-01  9.99709e-01
 2.74688e+01  9.98570e-01  9.99794e-01
 2.75876e+01  9.98055e-01  9.99897e-01
 2.76980e+01  9.98213e-01  9.99998e-01
 2.78021e+01  9.97796e-01  1.00010e+00
 2.79063e+01  9.97644e-01  1.00021e+00
 2.80105e+01  9.97234e-01  1.00032e+00
 2.81146e+01  9.97357e-01  1.00044e+00
 2.82188e+01  9.97560e-01  1.00057e+00
 2.83230e+01  9.98023e-01  1.00071e+00
 2.84272e+01  9.98507e-01  1.00085e+00
 2.85313e+01  9.99113e-01  1.00099e+00
 2.86355e+01  9.98428e-01  1.00115e+00
 2.87397e+01  9.98915e-01  1.00131e+00
 2.88480e+01  9.99454e-01  1.00148e+00
 2.89688e+01  9.99536e-01  1.00169e+00
 2.90772e+01  9.99798e-01  1.00187e+00
 2.91876e+01  1.00180e+00  1.00207e+00
 2.92917e+01  1.00231e+00  1.00226e+00
 2.93959e+01  1.00218e+00  1.00245e+00
 2.95001e+01  1.00263e+00  1.00264e+00
 2.96042e+01  1.00399e+00  1.00284e+00
 2.97084e+01  1.00467e+00  1.00303e+00
 2.98126e+01  1.00413e+00  1.00322e+00
 2.99355e+01  1.00330e+00  1.00345e+00
 3.00605e+01  1.00205e+00  1.00366e+00
 3.01667e+01  1.00214e+00  1.00383e+00
 3.02709e+01  1.00288e+00  1.00398e+00
 3.03917e+01  1.00500e+00  1.00414e+00
 3.05001e+01  1.00502e+00  1.00426e+00
 3.06105e+01  1.00372e+00  1.00436e+00
 3.07188e+01  1.00439e+00  1.00442e+00
 3.08230e+01  1.00363e+00  1.00446e+00
 3.09272e+01  1.00315e+00  1.00445e+00
 3.10313e+01  1.00186e+00  1.00441e+00
 3.11355e+01  1.00042e+00  1.00433e+00
 3.12397e+01  1.00222e+00  1.00421e+00
 3.13438e+01  1.00025e+00  1.00404e+00
 3.14480e+01  9.99866e-01  1.00382e+00
 3.15522e+01  9.99895e-01  1.00355e+00
 3.16563e+01  1.00016e+00  1.00324e+00
 3.17605e+01  1.00054e+00  1.00289e+00
 3.18647e+01  9.99079e-01  1.00248e+00
 3.19688e+01  9.99147e-01  1.00204e+00
 3.20730e+01  9.99590e-01  1.00157e+00
 3.21772e+01  9.99122e-01  1.00107e+00
 3.22813e+01  9.99370e-01  1.00054e+00
 3.23855e+01  9.98140e-01  1.00000e+00
 3.24897e+01  9.98829e-01  9.99458e-01
 3.25938e+01  9.98741e-01  9.98920e-01
 3.27063e+01  9.98691e-01  9.98354e-01
 3.28126e+01  9.98336e-01  9.97844e-01
 3.29168e+01  9.98593e-01  9.97378e-01
 3.30209e+01  9.98848e-01  9.96952e-01
 3.31251e+01  9.98306e-01  9.96573e-01
 3.32293e+01  9.99146e-01  9.96248e-01
 3.33334e+01  9.99797e-01  9.95980e-01
 3.34376e+01  9.99797e-01  9.95772e-01
 3.35938e+01  9.99233e-01  9.95576e-01
 3.38022e+01  9.99594e-01  9.95526e-01
 3.40209e+01  9.98864e-01  9.95709e-01
 3.42397e+01  9.99875e-01  9.96091e-01
 3.44480e+01  9.99904e-01  9.96590e-01
 3.46605e+01  9.99825e-01  9.97185e-01
 3.48897e+01  1.00016e+00  9.97872e-01
 3.51355e+01  1.00062e+00  9.98604e-01
 3.53439e+01  1.00105e+00  9.99190e-01
 3.55522e+01  1.00164e+00  9.99723e-01
 3.57605e+01  1.00151e+00  1.00019e+00
 3.59689e+01  1.00197e+00  1.00060e+00
 3.62022e+01  1.00164e+00  1.00096e+00
 3.64314e+01  1.00166e+00  1.00125e+00
 3.66668e+01  1.00249e+00  1.00147e+00
 3.68522e+01  1.00121e+00  1.00159e+00
 3.69605e+01  1.00017e+00  1.00165e+00
 3.71356e+01  1.00000e+00  1.00171e+00
 3.73439e+01  9.99143e-01  1.00176e+00
 3.75522e+01  9.99965e-01  1.00177e+00
 3.77606e+01  1.00193e+00  1.00176e+00
 3.79689e+01  1.00230e+00  1.00173e+00
 3.81772e+01  1.00032e+00  1.00168e+00
 3.84460e+01  9.97687e-01  1.00160e+00
 3.91979e+01  9.81558e-01  1.00131e+00
 3.94166e+01  9.90636e-01  1.00122e+00
 3.96520e+01  9.96820e-01  1.00112e+00
 3.98313e+01  1.00284e+00  1.00104e+00
 3.99376e+01  1.00320e+00  1.00100e+00
 4.00417e+01  1.00286e+00  1.00095e+00
 4.01459e+01  1.00216e+00  1.00091e+00
 4.02501e+01  1.00114e+00  1.00087e+00
 4.03542e+01  1.00118e+00  1.00082e+00
 4.04584e+01  1.00140e+00  1.00078e+00
 4.05626e+01  1.00062e+00  1.00074e+00
 4.06667e+01  1.00077e+00  1.00070e+00
 4.07709e+01  1.00125e+00  1.00065e+00
 4.08751e+01  1.00038e+00  1.00061e+00
 4.09792e+01  1.00037e+00  1.00057e+00
 4.10834e+01  1.00042e+00  1.00054e+00
 4.11876e+01  1.00033e+00  1.00050e+00
 4.12917e+01  1.00081e+00  1.00046e+00
 4.13959e+01  1.00057e+00  1.00042e+00
 4.15000e+01  1.00026e+00  1.00038e+00
 4.16146e+01  1.00013e+00  1.00034e+00
 4.17188e+01  9.99958e-01  1.00031e+00
 4.18230e+01  1.00059e+00  1.00027e+00
 4.19271e+01  1.00076e+00  1.00024e+00
 4.20313e+01  9.99706e-01  1.00021e+00
 4.21355e+01  9.99234e-01  1.00017e+00
 4.22396e+01  1.00066e+00  1.00014e+00
 4.23438e+01  1.00075e+00  1.00011e+00
 4.24480e+01  1.00053e+00  1.00008e+00
 4.25521e+01  1.00053e+00  1.00005e+00
 4.26563e+01  1.00027e+00  1.00002e+00
 4.27604e+01  1.00028e+00  9.99987e-01
 4.28646e+01  1.00033e+00  9.99958e-01
 4.29792e+01  1.00071e+00  9.99927e-01
 4.30876e+01  1.00018e+00  9.99898e-01
 4.32167e+01  1.00059e+00  9.99864e-01
 4.33313e+01  1.00065e+00  9.99835e-01
 4.34417e+01  1.00006e+00  9.99807e-01
 4.35521e+01  1.00022e+00  9.99779e-01
 4.36563e+01  9.99373e-01  9.99754e-01
 4.37646e+01  9.99644e-01  9.99728e-01
 4.38750e+01  9.99284e-01  9.99702e-01
 4.39875e+01  9.99768e-01  9.99676e-01
 4.41042e+01  9.99694e-01  9.99650e-01
 4.42083e+01  9.99725e-01  9.99627e-01
 4.43125e+01  9.99472e-01  9.99604e-01
 4.44167e+01  9.99189e-01  9.99582e-01
 4.45208e+01  9.99641e-01  9.99560e-01
 4.46250e+01  9.98989e-01  9.99538e-01
 4.47292e+01  9.98344e-01  9.99517e-01
 4.48333e+01  9.98632e-01  9.99496e-01
 4.49375e+01  9.99318e-01  9.99476e-01
 4.50417e+01  9.98900e-01  9.99455e-01
 4.51458e+01  9.98246e-01  9.99435e-01
 4.52500e+01  9.98929e-01  9.99416e-01
 4.53542e+01  9.99509e-01  9.99397e-01
 4.54583e+01  9.99420e-01  9.99377e-01
 4.55625e+01  9.97992e-01  9.99359e-01
 4.56729e+01  9.99321e-01  9.99339e-01
 4.57896e+01  9.99499e-01  9.99319e-01
 4.58958e+01  9.99347e-01  9.99301e-01
 4.60000e+01  9.99249e-01  9.99283e-01
 4.61042e+01  9.99273e-01  9.99266e-01
 4.62083e+01  9.99691e-01  9.99249e-01
 4.63125e+01  9.98854e-01  9.99232e-01
 4.64167e+01  9.98713e-01  9.99215e-01
 4.65208e+01  9.98328e-01  9.99199e-01
 4.66250e+01  9.99064e-01  9.99183e-01
 4.67354e+01  9.98077e-01  9.99166e-01
 4.68437e+01  9.97901e-01  9.99150e-01
 4.69479e+01  9.97740e-01  9.99135e-01
 4.70563e+01  9.98794e-01  9.99119e-01
 4.71771e+01  9.99439e-01  9.99102e-01
 4.72812e+01  9.98813e-01  9.99087e-01
 4.73854e+01  1.00049e+00  9.99073e-01
 4.75000e+01  1.00073e+00  9.99057e-01
 4.76146e+01  1.00070e+00  9.99042e-01
 4.77271e+01  1.00203e+00  9.99028e-01
 4.78333e+01  1.00249e+00  9.99014e-01
 4.79375e+01  1.00402e+00  9.99001e-01
 4.80416e+01  1.00365e+00  9.98988e-01
 4.81562e+01  1.00377e+00  9.98974e-01
 4.82604e+01  1.00401e+00  9.98962e-01
 4.83667e+01  1.00381e+00  9.98950e-01
 4.84791e+01  1.00307e+00  9.98937e-01
 4.85916e+01  1.00269e+00  9.98925e-01
 4.87020e+01  1.00328e+00  9.98913e-01
 4.88124e+01  1.00366e+00  9.98902e-01
 4.89166e+01  1.00344e+00  9.98892e-01
 4.90208e+01  1.00312e+00  9.98882e-01
 4.91249e+01  1.00274e+00  9.98872e-01
 4.92291e+01  9.98297e-01  9.98863e-01
 4.93416e+01  9.93049e-01  9.98853e-01
 4.94479e+01  9.94579e-01  9.98844e-01
 4.95520e+01  9.95081e-01  9.98836e-01
 4.96562e+01  9.96192e-01  9.98829e-01
 4.97708e+01  9.98921e-01  9.98821e-01
 4.98853e+01  1.00580e+00  9.98813e-01
 4.99896e+01  1.00812e+00  9.98807e-01
 5.01564e+01  9.97997e-01  9.98799e-01
 5.03648e+01  1.00051e+00  9.98790e-01
 5.05752e+01  1.00272e+00  9.98784e-01
 5.08023e+01  1.00041e+00  9.98782e-01
 5.09582e+01  9.58519e-01  9.98782e-01
 5.11148e+01  1.00226e+00  9.98784e-01
 5.13231e+01  9.96917e-01  9.98791e-01
 5.29272e+01  1.01209e+00  9.99051e-01
 5.31356e+01  1.01119e+00  9.99124e-01
 5.33668e+01  1.00853e+00  9.99220e-01
