1024
 5.96600e-03  1.02012e+00  2.20273e+04
 1.46590e-02  1.00830e+00  2.20291e+04
 2.38220e-02  1.00824e+00  2.20311e+04
 3.27050e-02  1.01485e+00  2.20330e+04
 4.20780e-02  9.99810e-01  2.20351e+04
 5.19070e-02  1.00604e+00  2.20372e+04
 6.15280e-02  1.01114e+00  2.20394e+04
 7.15390e-02  1.00487e+00  2.20416e+04
 8.16100e-02  1.00433e+00  2.20439e+04
 9.18760e-02  1.00389e+00  2.20462e+04
 1.01455e-01  1.00673e+00  2.20484e+04
 1.11793e-01  1.00327e+00  2.20508e+04
 1.20974e-01  1.00236e+00  2.20530e+04
 1.31737e-01  1.00176e+00  2.20555e+04
 1.40568e-01  1.00190e+00  2.20576e+04
 1.49814e-01  1.00178e+00  2.20599e+04
 1.60716e-01  1.00106e+00  2.20625e+04
 1.72325e-01  1.00060e+00  2.20653e+04
 1.82828e-01  1.00015e+00  2.20679e+04
 1.94237e-01  9.99856e-01  2.20708e+04
 2.03613e-01  1.00049e+00  2.20731e+04
 2.14316e-01  1.00022e+00  2.20759e+04
 2.24155e-01  1.00019e+00  2.20784e+04
 2.36390e-01  1.00019e+00  2.20815e+04
 2.46762e-01  9.99538e-01  2.20843e+04
 2.56845e-01  9.99519e-01  2.20869e+04
 2.66162e-01  9.99781e-01  2.20894e+04
 2.76658e-01  9.98462e-01  2.20922e+04
 2.86368e-01  9.99976e-01  2.20949e+04
 2.95404e-01  9.95433e-01  2.20973e+04
 3.04990e-01  9.99117e-01  2.21000e+04
 3.16055e-01  9.98813e-01  2.21031e+04
 3.27159e-01  9.99420e-01  2.21062e+04
 3.35389e-01  9.92754e-01  2.21085e+04
 3.43547e-01  9.99086e-01  2.21109e+04
 3.52103e-01  9.99118e-01  2.21133e+04
 3.60574e-01  9.94006e-01  2.21158e+04
 3.69080e-01  9.99458e-01  2.21183e+04
 3.77936e-01  9.94044e-01  2.21209e+04
 3.87381e-01  9.99473e-01  2.21237e+04
 3.96232e-01  9.99330e-01  2.21263e+04
 4.04416e-01  9.95193e-01  2.21288e+04
 4.13611e-01  9.98737e-01  2.21316e+04
 4.22380e-01  9.95152e-01  2.21343e+04
 4.32198e-01  9.99838e-01  2.21374e+04
 4.40436e-01  9.96401e-01  2.21399e+04
 4.49945e-01  9.99149e-01  2.21429e+04
 4.59683e-01  9.96897e-01  2.21460e+04
 4.69293e-01  9.99574e-01  2.21491e+04
 4.77861e-01  9.99654e-01  2.21519e+04
 4.86849e-01  9.97860e-01  2.21548e+04
 4.96471e-01  9.99767e-01  2.21580e+04
 5.04821e-01  9.97276e-01  2.21608e+04
 5.14950e-01  9.99868e-01  2.21642e+04
 5.23756e-01  9.97860e-01  2.21671e+04
 5.32715e-01  9.99256e-01  2.21702e+04
 5.41449e-01  9.99745e-01  2.21732e+04
 5.50749e-01  9.97672e-01  2.21764e+04
 5.60325e-01  9.99343e-01  2.21798e+04
 5.69120e-01  9.98152e-01  2.21829e+04
 5.78068e-01  9.99623e-01  2.21860e+04
 5.86839e-01  9.98429e-01  2.21892e+04
 5.96906e-01  9.98973e-01  2.21928e+04
 6.05405e-01  9.98255e-01  2.21959e+04
 6.14180e-01  9.99081e-01  2.21992e+04
 6.22933e-01  9.99280e-01  2.22024e+04
 6.31620e-01  9.98237e-01  2.22057e+04
 6.40650e-01  9.98829e-01  2.22091e+04
 6.49656e-01  9.98663e-01  2.22125e+04
 6.59186e-01  9.99354e-01  2.22162e+04
 6.67915e-01  9.98675e-01  2.22196e+04
 6.77619e-01  9.98761e-01  2.22234e+04
 6.87892e-01  9.99114e-01  2.22274e+04
 6.96599e-01  9.98694e-01  2.22309e+04
 7.06175e-01  9.98964e-01  2.22348e+04
 7.15737e-01  9.98693e-01  2.22386e+04
 7.24853e-01  9.99273e-01  2.22424e+04
 7.33670e-01  9.99272e-01  2.22460e+04
 7.42804e-01  9.99305e-01  2.22498e+04
 7.51255e-01  9.99178e-01  2.22534e+04
 7.60040e-01  9.99383e-01  2.22571e+04
 7.68783e-01  1.00009e+00  2.22609e+04
 7.77466e-01  9.98770e-01  2.22646e+04
 7.87353e-01  9.99589e-01  2.22689e+04
 7.95496e-01  9.99124e-01  2.22725e+04
 8.04597e-01  9.99743e-01  2.22765e+04
 8.13863e-01  9.98563e-01  2.22807e+04
 8.23453e-01  9.99838e-01  2.22850e+04
 8.33179e-01  9.99970e-01  2.22894e+04
 8.44391e-01  9.99826e-01  2.22946e+04
 8.54368e-01  9.99363e-01  2.22993e+04
 8.63249e-01  9.99376e-01  2.23034e+04
 8.72524e-01  9.99605e-01  2.23078e+04
 8.81620e-01  9.99392e-01  2.23122e+04
 8.91242e-01  9.98703e-01  2.23168e+04
 8.99656e-01  9.99348e-01  2.23209e+04
 9.08610e-01  9.99713e-01  2.23253e+04
 9.17062e-01  9.99148e-01  2.23295e+04
 9.25759e-01  9.98955e-01  2.23339e+04
 9.34733e-01  9.99640e-01  2.23384e+04
 9.43240e-01  9.99177e-01  2.23427e+04
 9.52342e-01  9.98896e-01  2.23474e+04
 9.61256e-01  9.99499e-01  2.23520e+04
 9.70215e-01  9.99345e-01  2.23567e+04
 9.78668e-01  9.99512e-01  2.23612e+04
 9.87461e-01  9.99200e-01  2.23658e+04
 9.95869e-01  1.01787e+00  2.23704e+04
 1.00320e+00  1.03381e+00  2.23743e+04
 1.01248e+00  1.01472e+00  2.23794e+04
 1.02005e+00  1.01338e+00  2.23836e+04
 1.02802e+00  1.01264e+00  2.23880e+04
 1.03677e+00  1.01188e+00  2.23929e+04
 1.04438e+00  1.01093e+00  2.23972e+04
 1.05251e+00  1.02014e+00  2.24018e+04
 1.06034e+00  1.00843e+00  2.24063e+04
 1.06804e+00  1.00785e+00  2.24107e+04
 1.07578e+00  1.00723e+00  2.24152e+04
 1.08324e+00  1.00655e+00  2.24196e+04
 1.09113e+00  1.00524e+00  2.24243e+04
 1.09927e+00  1.00483e+00  2.24291e+04
 1.10643e+00  1.00386e+00  2.24334e+04
 1.11419e+00  1.00767e+00  2.24381e+04
 1.12226e+00  1.00273e+00  2.24431e+04
 1.13054e+00  1.00208e+00  2.24482e+04
 1.13916e+00  1.00139e+00  2.24535e+04
 1.14654e+00  1.00170e+00  2.24581e+04
 1.15543e+00  1.00163e+00  2.24637e+04
 1.16392e+00  9.99684e-01  2.24692e+04
 1.17220e+00  1.00049e+00  2.24745e+04
 1.17993e+00  9.99694e-01  2.24795e+04
 1.18740e+00  9.99743e-01  2.24844e+04
 1.19580e+00  9.99330e-01  2.24899e+04
 1.20424e+00  9.99265e-01  2.24955e+04
 1.21136e+00  9.99081e-01  2.25003e+04
 1.21919e+00  9.99482e-01  2.25055e+04
 1.22702e+00  9.99559e-01  2.25109e+04
 1.23470e+00  9.99248e-01  2.25161e+04
 1.24243e+00  9.99935e-01  2.25215e+04
 1.25030e+00  9.99868e-01  2.25269e+04
 1.25850e+00  9.99618e-01  2.25327e+04
 1.26674e+00  9.99743e-01  2.25385e+04
 1.27386e+00  1.00056e+00  2.25436e+04
 1.28170e+00  9.99828e-01  2.25492e+04
 1.28952e+00  1.00047e+00  2.25549e+04
 1.29730e+00  9.99806e-01  2.25606e+04
 1.30580e+00  9.99952e-01  2.25669e+04
 1.31321e+00  1.00011e+00  2.25724e+04
 1.32100e+00  1.00017e+00  2.25782e+04
 1.32924e+00  9.99971e-01  2.25844e+04
 1.33636e+00  1.00068e+00  2.25898e+04
 1.34419e+00  9.99974e-01  2.25958e+04
 1.35202e+00  1.00043e+00  2.26019e+04
 1.36051e+00  1.00039e+00  2.26085e+04
 1.36830e+00  1.00040e+00  2.26146e+04
 1.37645e+00  1.00069e+00  2.26211e+04
 1.38494e+00  1.00043e+00  2.26279e+04
 1.39341e+00  1.00077e+00  2.26347e+04
 1.40135e+00  1.00043e+00  2.26412e+04
 1.40912e+00  1.00062e+00  2.26475e+04
 1.41657e+00  1.00055e+00  2.26537e+04
 1.42447e+00  1.00047e+00  2.26603e+04
 1.43259e+00  1.00090e+00  2.26671e+04
 1.44034e+00  1.00070e+00  2.26737e+04
 1.44908e+00  1.00042e+00  2.26811e+04
 1.45686e+00  1.00015e+00  2.26878e+04
 1.46484e+00  1.00053e+00  2.26947e+04
 1.47339e+00  1.00057e+00  2.27022e+04
 1.48064e+00  1.00075e+00  2.27086e+04
 1.48881e+00  9.99912e-01  2.27159e+04
 1.49723e+00  1.00006e+00  2.27234e+04
 1.50544e+00  1.00063e+00  2.27309e+04
 1.51328e+00  9.99824e-01  2.27380e+04
 1.52074e+00  1.00007e+00  2.27449e+04
 1.52863e+00  1.00012e+00  2.27522e+04
 1.53678e+00  9.99961e-01  2.27598e+04
 1.54393e+00  9.99759e-01  2.27665e+04
 1.55238e+00  9.99505e-01  2.27745e+04
 1.56034e+00  9.99985e-01  2.27821e+04
 1.56804e+00  1.00017e+00  2.27896e+04
 1.57578e+00  1.00012e+00  2.27971e+04
 1.58324e+00  9.99510e-01  2.28044e+04
 1.59153e+00  9.99595e-01  2.28126e+04
 1.60006e+00  9.99870e-01  2.28211e+04
 1.60720e+00  1.00002e+00  2.28282e+04
 1.61501e+00  9.99411e-01  2.28361e+04
 1.62284e+00  9.99164e-01  2.28441e+04
 1.63076e+00  9.99115e-01  2.28522e+04
 1.63916e+00  9.99377e-01  2.28609e+04
 1.64728e+00  1.00012e+00  2.28694e+04
 1.65580e+00  9.99316e-01  2.28783e+04
 1.66392e+00  9.99589e-01  2.28870e+04
 1.67130e+00  9.98485e-01  2.28948e+04
 1.67913e+00  9.99255e-01  2.29033e+04
 1.68690e+00  9.99390e-01  2.29117e+04
 1.69560e+00  9.98974e-01  2.29212e+04
 1.70424e+00  9.99629e-01  2.29308e+04
 1.71136e+00  9.99202e-01  2.29387e+04
 1.71993e+00  9.99276e-01  2.29483e+04
 1.72767e+00  9.99853e-01  2.29570e+04
 1.73550e+00  9.98700e-01  2.29659e+04
 1.74330e+00  9.99338e-01  2.29749e+04
 1.75071e+00  9.99155e-01  2.29834e+04
 1.75850e+00  9.99137e-01  2.29925e+04
 1.76772e+00  9.98830e-01  2.30033e+04
 1.77546e+00  9.99383e-01  2.30125e+04
 1.78332e+00  9.99331e-01  2.30218e+04
 1.79129e+00  9.98904e-01  2.30314e+04
 1.79965e+00  9.99308e-01  2.30415e+04
 1.80839e+00  9.99099e-01  2.30522e+04
 1.81634e+00  9.99906e-01  2.30619e+04
 1.82518e+00  9.99895e-01  2.30729e+04
 1.83384e+00  9.95381e-01  2.30837e+04
 1.84183e+00  9.99438e-01  2.30937e+04
 1.85076e+00  9.99331e-01  2.31050e+04
 1.86014e+00  9.99178e-01  2.31170e+04
 1.86920e+00  9.99458e-01  2.31287e+04
 1.87776e+00  9.99040e-01  2.31399e+04
 1.88585e+00  9.99263e-01  2.31504e+04
 1.89420e+00  9.99825e-01  2.31615e+04
 1.90314e+00  9.99654e-01  2.31733e+04
 1.91227e+00  9.99436e-01  2.31856e+04
 1.92050e+00  9.99425e-01  2.31967e+04
 1.92833e+00  9.99505e-01  2.32073e+04
 1.93682e+00  9.99178e-01  2.32190e+04
 1.94550e+00  9.99805e-01  2.32310e+04
 1.95463e+00  9.99699e-01  2.32436e+04
 1.96355e+00  9.99834e-01  2.32561e+04
 1.97238e+00  9.99741e-01  2.32686e+04
 1.98054e+00  9.99796e-01  2.32802e+04
 1.98840e+00  9.99475e-01  2.32915e+04
 1.99666e+00  9.99295e-01  2.33034e+04
 2.00533e+00  9.99752e-01  2.33160e+04
 2.01328e+00  9.99995e-01  2.33276e+04
 2.02135e+00  1.00002e+00  2.33394e+04
 2.02933e+00  1.00018e+00  2.33512e+04
 2.03756e+00  9.99789e-01  2.33635e+04
 2.04550e+00  9.99828e-01  2.33754e+04
 2.05333e+00  9.99983e-01  2.33872e+04
 2.06132e+00  9.99718e-01  2.33994e+04
 2.06961e+00  9.99609e-01  2.34120e+04
 2.07756e+00  9.99520e-01  2.34242e+04
 2.08550e+00  9.99218e-01  2.34365e+04
 2.09347e+00  9.99604e-01  2.34489e+04
 2.10233e+00  9.99386e-01  2.34628e+04
 2.11147e+00  9.99852e-01  2.34772e+04
 2.12060e+00  9.99035e-01  2.34916e+04
 2.12952e+00  1.01772e+00  2.35059e+04
 2.13768e+00  9.99555e-01  2.35190e+04
 2.14679e+00  9.98847e-01  2.35337e+04
 2.15509e+00  1.01548e+00  2.35471e+04
 2.16393e+00  9.98913e-01  2.35616e+04
 2.17299e+00  1.01360e+00  2.35765e+04
 2.18120e+00  9.98948e-01  2.35900e+04
 2.19025e+00  9.99506e-01  2.36051e+04
 2.19837e+00  1.01092e+00  2.36186e+04
 2.20787e+00  9.98990e-01  2.36346e+04
 2.21683e+00  1.00997e+00  2.36497e+04
 2.22564e+00  9.98442e-01  2.36647e+04
 2.23460e+00  1.00836e+00  2.36799e+04
 2.24273e+00  9.98808e-01  2.36939e+04
 2.25264e+00  9.99003e-01  2.37109e+04
 2.26168e+00  9.98510e-01  2.37266e+04
 2.27086e+00  9.98911e-01  2.37426e+04
 2.27933e+00  1.00542e+00  2.37574e+04
 2.28814e+00  9.98328e-01  2.37728e+04
 2.29710e+00  1.00455e+00  2.37886e+04
 2.30524e+00  9.98626e-01  2.38030e+04
 2.31438e+00  9.98708e-01  2.38193e+04
 2.32284e+00  1.00349e+00  2.38343e+04
 2.33238e+00  9.98010e-01  2.38514e+04
 2.34113e+00  1.00299e+00  2.38671e+04
 2.34977e+00  9.97734e-01  2.38827e+04
 2.35870e+00  1.00213e+00  2.38988e+04
 2.36685e+00  9.98415e-01  2.39136e+04
 2.37595e+00  9.98034e-01  2.39302e+04
 2.38484e+00  9.97866e-01  2.39464e+04
 2.39401e+00  9.97667e-01  2.39632e+04
 2.40294e+00  1.00139e+00  2.39795e+04
 2.41150e+00  9.97730e-01  2.39953e+04
 2.42120e+00  1.00098e+00  2.40131e+04
 2.42935e+00  9.97892e-01  2.40281e+04
 2.43927e+00  9.98050e-01  2.40465e+04
 2.44752e+00  1.00080e+00  2.40617e+04
 2.45712e+00  9.94562e-01  2.40795e+04
 2.46614e+00  1.00005e+00  2.40963e+04
 2.47477e+00  9.97917e-01  2.41123e+04
 2.48370e+00  9.99906e-01  2.41289e+04
 2.49185e+00  9.97368e-01  2.41440e+04
 2.50095e+00  9.97771e-01  2.41610e+04
 2.50924e+00  9.99908e-01  2.41764e+04
 2.51889e+00  9.97462e-01  2.41943e+04
 2.52794e+00  9.98890e-01  2.42111e+04
 2.53743e+00  9.97611e-01  2.42288e+04
 2.54711e+00  9.98645e-01  2.42467e+04
 2.55658e+00  9.96573e-01  2.42643e+04
 2.56613e+00  9.97402e-01  2.42820e+04
 2.57446e+00  9.98422e-01  2.42974e+04
 2.58429e+00  9.97032e-01  2.43155e+04
 2.59260e+00  9.98408e-01  2.43308e+04
 2.60402e+00  9.96862e-01  2.43517e+04
 2.61325e+00  9.98400e-01  2.43686e+04
 2.62304e+00  9.92186e-01  2.43864e+04
 2.63209e+00  9.97725e-01  2.44028e+04
 2.64095e+00  9.96884e-01  2.44189e+04
 2.65035e+00  9.97715e-01  2.44358e+04
 2.65889e+00  9.97045e-01  2.44511e+04
 2.66946e+00  9.97372e-01  2.44699e+04
 2.67909e+00  9.97584e-01  2.44870e+04
 2.69025e+00  9.97348e-01  2.45067e+04
 2.69937e+00  9.96610e-01  2.45226e+04
 2.71021e+00  9.96217e-01  2.45414e+04
 2.71839e+00  9.96978e-01  2.45555e+04
 2.72902e+00  9.96306e-01  2.45737e+04
 2.73816e+00  9.96789e-01  2.45892e+04
 2.75016e+00  9.95610e-01  2.46093e+04
 2.75924e+00  9.97171e-01  2.46244e+04
 2.76889e+00  9.95988e-01  2.46402e+04
 2.77794e+00  9.96394e-01  2.46550e+04
 2.78676e+00  9.96244e-01  2.46692e+04
 2.79642e+00  9.95322e-01  2.46845e+04
 2.80559e+00  9.96098e-01  2.46990e+04
 2.81525e+00  9.96234e-01  2.47140e+04
 2.82415e+00  9.95402e-01  2.47276e+04
 2.83429e+00  9.92812e-01  2.47429e+04
 2.84320e+00  9.96171e-01  2.47562e+04
 2.85426e+00  9.95259e-01  2.47724e+04
 2.86341e+00  9.95489e-01  2.47856e+04
 2.87304e+00  9.90349e-01  2.47992e+04
 2.88232e+00  9.95205e-01  2.48121e+04
 2.89201e+00  9.95893e-01  2.48254e+04
 2.90125e+00  9.94863e-01  2.48377e+04
 2.90977e+00  9.94851e-01  2.48489e+04
 2.91943e+00  9.94975e-01  2.48613e+04
 2.92762e+00  9.94302e-01  2.48717e+04
 2.93752e+00  9.94830e-01  2.48839e+04
 2.94599e+00  9.94571e-01  2.48940e+04
 2.95540e+00  9.94718e-01  2.49051e+04
 2.96466e+00  9.94171e-01  2.49157e+04
 2.97325e+00  9.95143e-01  2.49253e+04
 2.98282e+00  9.91347e-01  2.49356e+04
 2.99112e+00  9.94713e-01  2.49444e+04
 3.00094e+00  9.95135e-01  2.49544e+04
 3.00925e+00  9.95267e-01  2.49626e+04
 3.01889e+00  9.90592e-01  2.49719e+04
 3.02794e+00  9.94797e-01  2.49802e+04
 3.03676e+00  9.96076e-01  2.49880e+04
 3.04620e+00  9.94338e-01  2.49961e+04
 3.05460e+00  9.95406e-01  2.50030e+04
 3.06437e+00  9.93966e-01  2.50107e+04
 3.07254e+00  9.95768e-01  2.50168e+04
 3.08238e+00  9.96932e-01  2.50238e+04
 3.09165e+00  9.96858e-01  2.50301e+04
 3.10122e+00  9.94287e-01  2.50362e+04
 3.11069e+00  9.97493e-01  2.50418e+04
 3.12028e+00  9.99282e-01  2.50472e+04
 3.13042e+00  9.98419e-01  2.50524e+04
 3.13894e+00  9.99631e-01  2.50565e+04
 3.15038e+00  9.99795e-01  2.50615e+04
 3.15977e+00  1.00065e+00  2.50652e+04
 3.17026e+00  1.00216e+00  2.50688e+04
 3.17960e+00  1.00230e+00  2.50717e+04
 3.18944e+00  1.00262e+00  2.50743e+04
 3.19877e+00  1.00364e+00  2.50764e+04
 3.20960e+00  1.00479e+00  2.50783e+04
 3.21877e+00  1.00428e+00  2.50795e+04
 3.23065e+00  1.00576e+00  2.50806e+04
 3.23920e+00  1.00579e+00  2.50810e+04
 3.24996e+00  1.00587e+00  2.50810e+04
 3.26034e+00  1.00674e+00  2.50805e+04
 3.27238e+00  1.00705e+00  2.50793e+04
 3.28219e+00  1.00820e+00  2.50779e+04
 3.29440e+00  1.00875e+00  2.50756e+04
 3.30410e+00  1.00893e+00  2.50733e+04
 3.31523e+00  1.00986e+00  2.50701e+04
 3.32494e+00  1.01021e+00  2.50669e+04
 3.33705e+00  1.01051e+00  2.50624e+04
 3.34686e+00  1.01131e+00  2.50582e+04
 3.35789e+00  1.01101e+00  2.50531e+04
 3.36769e+00  1.01147e+00  2.50481e+04
 3.37872e+00  1.01115e+00  2.50420e+04
 3.38886e+00  1.01138e+00  2.50359e+04
 3.40254e+00  1.01158e+00  2.50270e+04
 3.41322e+00  9.92514e-01  2.50196e+04
 3.42417e+00  1.01106e+00  2.50115e+04
 3.43507e+00  1.01034e+00  2.50030e+04
 3.44588e+00  1.01074e+00  2.49941e+04
 3.45768e+00  1.00935e+00  2.49839e+04
 3.46762e+00  1.01029e+00  2.49749e+04
 3.47955e+00  1.00926e+00  2.49635e+04
 3.48980e+00  1.00930e+00  2.49534e+04
 3.50095e+00  1.00809e+00  2.49420e+04
 3.51034e+00  1.00884e+00  2.49320e+04
 3.52169e+00  1.00818e+00  2.49196e+04
 3.53219e+00  1.00755e+00  2.49077e+04
 3.54262e+00  1.00634e+00  2.48955e+04
 3.55200e+00  1.00749e+00  2.48843e+04
 3.56252e+00  1.00562e+00  2.48713e+04
 3.57178e+00  1.00693e+00  2.48597e+04
 3.58308e+00  1.00462e+00  2.48451e+04
 3.59262e+00  1.00558e+00  2.48325e+04
 3.60319e+00  1.00512e+00  2.48182e+04
 3.61255e+00  1.00489e+00  2.48053e+04
 3.62304e+00  1.00446e+00  2.47906e+04
 3.63249e+00  1.00427e+00  2.47771e+04
 3.64320e+00  1.00372e+00  2.47616e+04
 3.65334e+00  1.00407e+00  2.47466e+04
 3.66359e+00  1.00404e+00  2.47312e+04
 3.67338e+00  1.00363e+00  2.47163e+04
 3.68336e+00  1.00357e+00  2.47008e+04
 3.69322e+00  1.00348e+00  2.46854e+04
 3.70330e+00  1.00385e+00  2.46694e+04
 3.71407e+00  1.00260e+00  2.46521e+04
 3.72393e+00  1.00309e+00  2.46360e+04
 3.73399e+00  1.00261e+00  2.46195e+04
 3.74368e+00  1.00340e+00  2.46034e+04
 3.75382e+00  1.00269e+00  2.45864e+04
 3.76354e+00  1.00317e+00  2.45699e+04
 3.77445e+00  1.00269e+00  2.45513e+04
 3.78436e+00  1.00310e+00  2.45342e+04
 3.79450e+00  1.00257e+00  2.45166e+04
 3.80410e+00  1.00272e+00  2.44999e+04
 3.81443e+00  1.00298e+00  2.44817e+04
 3.82387e+00  1.00208e+00  2.44650e+04
 3.83430e+00  1.00317e+00  2.44464e+04
 3.84367e+00  1.00223e+00  2.44297e+04
 3.85573e+00  1.00205e+00  2.44080e+04
 3.86553e+00  1.00205e+00  2.43903e+04
 3.87595e+00  1.00238e+00  2.43714e+04
 3.88534e+00  1.00203e+00  2.43543e+04
 3.89672e+00  1.00274e+00  2.43335e+04
 3.90617e+00  1.00166e+00  2.43162e+04
 3.91743e+00  1.00273e+00  2.42955e+04
 3.92803e+00  1.00255e+00  2.42760e+04
 3.93845e+00  1.00193e+00  2.42568e+04
 3.94888e+00  1.00199e+00  2.42375e+04
 3.95930e+00  1.00223e+00  2.42182e+04
 3.97076e+00  1.00291e+00  2.41970e+04
 3.98113e+00  1.00198e+00  2.41778e+04
 3.99160e+00  1.00246e+00  2.41584e+04
 4.00296e+00  1.00254e+00  2.41373e+04
 4.01354e+00  1.00272e+00  2.41178e+04
 4.02487e+00  1.00306e+00  2.40968e+04
 4.03536e+00  1.00268e+00  2.40774e+04
 4.04663e+00  1.00231e+00  2.40566e+04
 4.05727e+00  1.00272e+00  2.40370e+04
 4.06754e+00  1.00259e+00  2.40182e+04
 4.07812e+00  1.00272e+00  2.39988e+04
 4.08838e+00  1.00264e+00  2.39800e+04
 4.09923e+00  1.00245e+00  2.39602e+04
 4.11022e+00  1.00218e+00  2.39402e+04
 4.12085e+00  1.00237e+00  2.39209e+04
 4.13104e+00  1.00243e+00  2.39025e+04
 4.14191e+00  1.00234e+00  2.38830e+04
 4.15287e+00  1.00212e+00  2.38633e+04
 4.16361e+00  1.00198e+00  2.38441e+04
 4.17371e+00  1.00192e+00  2.38262e+04
 4.18444e+00  1.00213e+00  2.38072e+04
 4.19454e+00  1.00216e+00  2.37894e+04
 4.20528e+00  1.00234e+00  2.37705e+04
 4.21635e+00  1.00064e+00  2.37512e+04
 4.22891e+00  1.00179e+00  2.37295e+04
 4.23937e+00  1.00159e+00  2.37114e+04
 4.25002e+00  1.00175e+00  2.36932e+04
 4.26022e+00  1.00141e+00  2.36758e+04
 4.27086e+00  1.00185e+00  2.36578e+04
 4.28104e+00  1.00101e+00  2.36406e+04
 4.29169e+00  1.00173e+00  2.36228e+04
 4.30187e+00  1.00155e+00  2.36059e+04
 4.31253e+00  1.00166e+00  2.35882e+04
 4.32272e+00  1.00129e+00  2.35715e+04
 4.33390e+00  1.00136e+00  2.35533e+04
 4.34471e+00  1.00209e+00  2.35358e+04
 4.35583e+00  1.00175e+00  2.35179e+04
 4.36938e+00  1.00242e+00  2.34963e+04
 4.38004e+00  1.00216e+00  2.34795e+04
 4.39061e+00  1.00171e+00  2.34629e+04
 4.40087e+00  1.00135e+00  2.34470e+04
 4.41145e+00  1.00155e+00  2.34307e+04
 4.42173e+00  1.00136e+00  2.34149e+04
 4.43316e+00  1.00154e+00  2.33975e+04
 4.44354e+00  1.00181e+00  2.33819e+04
 4.45440e+00  1.00164e+00  2.33657e+04
 4.46576e+00  1.00143e+00  2.33488e+04
 4.47872e+00  1.00185e+00  2.33298e+04
 4.48937e+00  1.00146e+00  2.33143e+04
 4.50077e+00  1.00126e+00  2.32979e+04
 4.51137e+00  1.00170e+00  2.32828e+04
 4.52268e+00  1.00096e+00  2.32668e+04
 4.53328e+00  1.00107e+00  2.32519e+04
 4.54364e+00  1.00069e+00  2.32375e+04
 4.55410e+00  1.00090e+00  2.32231e+04
 4.56448e+00  1.00085e+00  2.32090e+04
 4.57493e+00  1.00090e+00  2.31948e+04
 4.58628e+00  1.00067e+00  2.31796e+04
 4.59688e+00  1.00082e+00  2.31656e+04
 4.60714e+00  1.00016e+00  2.31521e+04
 4.61861e+00  1.00080e+00  2.31372e+04
 4.62904e+00  9.99454e-01  2.31237e+04
 4.63962e+00  1.00073e+00  2.31102e+04
 4.65217e+00  9.99921e-01  2.30944e+04
 4.66642e+00  1.00064e+00  2.30766e+04
 4.67688e+00  9.99701e-01  2.30637e+04
 4.68753e+00  1.00048e+00  2.30506e+04
 4.69771e+00  1.00024e+00  2.30383e+04
 4.70890e+00  1.00046e+00  2.30249e+04
 4.71931e+00  1.01953e+00  2.30126e+04
 4.72932e+00  1.01867e+00  2.30008e+04
 4.73830e+00  1.03302e+00  2.29904e+04
 4.74838e+00  9.99640e-01  2.29787e+04
 4.75832e+00  1.01392e+00  2.29674e+04
 4.76899e+00  1.01164e+00  2.29553e+04
 4.77826e+00  1.01085e+00  2.29449e+04
 4.78775e+00  1.02012e+00  2.29344e+04
 4.79645e+00  1.00830e+00  2.29248e+04
 4.80561e+00  1.00824e+00  2.29148e+04
 4.81449e+00  1.01485e+00  2.29052e+04
 4.82387e+00  9.99810e-01  2.28952e+04
 4.83370e+00  1.00604e+00  2.28847e+04
 4.84332e+00  1.01114e+00  2.28746e+04
 4.85333e+00  1.00487e+00  2.28642e+04
 4.86340e+00  1.00433e+00  2.28538e+04
 4.87366e+00  1.00389e+00  2.28433e+04
 4.88324e+00  1.00673e+00  2.28336e+04
 4.89358e+00  1.00327e+00  2.28233e+04
 4.90276e+00  1.00236e+00  2.28142e+04
 4.91353e+00  1.00176e+00  2.28036e+04
 4.92236e+00  1.00190e+00  2.27950e+04
 4.93160e+00  1.00178e+00  2.27861e+04
 4.94250e+00  1.00106e+00  2.27757e+04
 4.95411e+00  1.00060e+00  2.27648e+04
 4.96462e+00  1.00015e+00  2.27550e+04
 4.97603e+00  9.99856e-01  2.27445e+04
 4.98540e+00  1.00049e+00  2.27359e+04
 4.99610e+00  1.00022e+00  2.27263e+04
 5.00594e+00  1.00019e+00  2.27175e+04
 5.01818e+00  1.00019e+00  2.27066e+04
 5.02855e+00  9.99538e-01  2.26976e+04
 5.03863e+00  9.99519e-01  2.26889e+04
 5.04795e+00  9.99781e-01  2.26809e+04
 5.05845e+00  9.98462e-01  2.26720e+04
 5.06816e+00  9.99976e-01  2.26638e+04
 5.07719e+00  9.95433e-01  2.26563e+04
 5.08678e+00  9.99117e-01  2.26484e+04
 5.09784e+00  9.98813e-01  2.26394e+04
 5.10895e+00  9.99420e-01  2.26305e+04
 5.11718e+00  9.92754e-01  2.26239e+04
 5.12534e+00  9.99086e-01  2.26174e+04
 5.13389e+00  9.99118e-01  2.26107e+04
 5.14236e+00  9.94006e-01  2.26041e+04
 5.15087e+00  9.99458e-01  2.25976e+04
 5.15972e+00  9.94044e-01  2.25908e+04
 5.16917e+00  9.99473e-01  2.25837e+04
 5.17802e+00  9.99330e-01  2.25770e+04
 5.18621e+00  9.95193e-01  2.25709e+04
 5.19540e+00  9.98737e-01  2.25642e+04
 5.20417e+00  9.95152e-01  2.25578e+04
 5.21399e+00  9.99838e-01  2.25507e+04
 5.22222e+00  9.96401e-01  2.25448e+04
 5.23173e+00  9.99149e-01  2.25380e+04
 5.24147e+00  9.96897e-01  2.25312e+04
 5.25108e+00  9.99574e-01  2.25245e+04
 5.25965e+00  9.99654e-01  2.25186e+04
 5.26864e+00  9.97860e-01  2.25124e+04
 5.27826e+00  9.99767e-01  2.25059e+04
 5.28661e+00  9.97276e-01  2.25003e+04
 5.29674e+00  9.99868e-01  2.24936e+04
 5.30555e+00  9.97860e-01  2.24878e+04
 5.31450e+00  9.99256e-01  2.24819e+04
 5.32324e+00  9.99745e-01  2.24763e+04
 5.33254e+00  9.97672e-01  2.24703e+04
 5.34211e+00  9.99343e-01  2.24642e+04
 5.35091e+00  9.98152e-01  2.24587e+04
 5.35986e+00  9.99623e-01  2.24531e+04
 5.36863e+00  9.98429e-01  2.24477e+04
 5.37869e+00  9.98973e-01  2.24416e+04
 5.38719e+00  9.98255e-01  2.24364e+04
 5.39597e+00  9.99081e-01  2.24311e+04
 5.40472e+00  9.99280e-01  2.24259e+04
 5.41341e+00  9.98237e-01  2.24208e+04
 5.42244e+00  9.98829e-01  2.24155e+04
 5.43144e+00  9.98663e-01  2.24103e+04
 5.44097e+00  9.99354e-01  2.24048e+04
 5.44970e+00  9.98675e-01  2.23999e+04
 5.45941e+00  9.98761e-01  2.23944e+04
 5.46968e+00  9.99114e-01  2.23887e+04
 5.47839e+00  9.98694e-01  2.23839e+04
 5.48796e+00  9.98964e-01  2.23786e+04
 5.49753e+00  9.98693e-01  2.23734e+04
 5.50664e+00  9.99273e-01  2.23685e+04
 5.51546e+00  9.99272e-01  2.23638e+04
 5.52459e+00  9.99305e-01  2.23590e+04
 5.53304e+00  9.99178e-01  2.23546e+04
 5.54183e+00  9.99383e-01  2.23501e+04
 5.55057e+00  1.00009e+00  2.23456e+04
 5.55925e+00  9.98770e-01  2.23411e+04
 5.56914e+00  9.99589e-01  2.23361e+04
 5.57728e+00  9.99124e-01  2.23321e+04
 5.58639e+00  9.99743e-01  2.23276e+04
 5.59565e+00  9.98563e-01  2.23230e+04
 5.60524e+00  9.99838e-01  2.23183e+04
 5.61497e+00  9.99970e-01  2.23136e+04
 5.62618e+00  9.99826e-01  2.23083e+04
 5.63616e+00  9.99363e-01  2.23036e+04
 5.64504e+00  9.99376e-01  2.22994e+04
 5.65431e+00  9.99605e-01  2.22951e+04
 5.66341e+00  9.99392e-01  2.22909e+04
 5.67303e+00  9.98703e-01  2.22866e+04
 5.68144e+00  9.99348e-01  2.22828e+04
 5.69040e+00  9.99713e-01  2.22788e+04
 5.69885e+00  9.99148e-01  2.22750e+04
 5.70755e+00  9.98955e-01  2.22712e+04
 5.71652e+00  9.99640e-01  2.22673e+04
 5.72503e+00  9.99177e-01  2.22636e+04
 5.73413e+00  9.98896e-01  2.22597e+04
 5.74305e+00  9.99499e-01  2.22559e+04
 5.75200e+00  9.99345e-01  2.22521e+04
 5.76046e+00  9.99512e-01  2.22486e+04
 5.76925e+00  9.99200e-01  2.22449e+04
 5.77766e+00  1.01787e+00  2.22415e+04
 5.78498e+00  1.03381e+00  2.22385e+04
 5.79427e+00  1.01472e+00  2.22347e+04
 5.80184e+00  1.01338e+00  2.22317e+04
 5.80981e+00  1.01264e+00  2.22285e+04
 5.81856e+00  1.01188e+00  2.22251e+04
 5.82617e+00  1.01093e+00  2.22221e+04
 5.83429e+00  1.02014e+00  2.22189e+04
 5.84213e+00  1.00843e+00  2.22159e+04
 5.84983e+00  1.00785e+00  2.22130e+04
 5.85757e+00  1.00723e+00  2.22100e+04
 5.86503e+00  1.00655e+00  2.22072e+04
 5.87291e+00  1.00524e+00  2.22042e+04
 5.88106e+00  1.00483e+00  2.22012e+04
 5.88822e+00  1.00386e+00  2.21986e+04
 5.89598e+00  1.00767e+00  2.21957e+04
 5.90405e+00  1.00273e+00  2.21928e+04
 5.91233e+00  1.00208e+00  2.21898e+04
 5.92095e+00  1.00139e+00  2.21867e+04
 5.92833e+00  1.00170e+00  2.21841e+04
 5.93722e+00  1.00163e+00  2.21810e+04
 5.94571e+00  9.99684e-01  2.21780e+04
 5.95399e+00  1.00049e+00  2.21751e+04
 5.96172e+00  9.99694e-01  2.21724e+04
 5.96919e+00  9.99743e-01  2.21699e+04
 5.97759e+00  9.99330e-01  2.21670e+04
 5.98603e+00  9.99265e-01  2.21642e+04
 5.99315e+00  9.99081e-01  2.21618e+04
 6.00097e+00  9.99482e-01  2.21592e+04
 6.00880e+00  9.99559e-01  2.21566e+04
 6.01649e+00  9.99248e-01  2.21541e+04
 6.02422e+00  9.99935e-01  2.21516e+04
 6.03209e+00  9.99868e-01  2.21491e+04
 6.04028e+00  9.99618e-01  2.21464e+04
 6.04853e+00  9.99743e-01  2.21438e+04
 6.05565e+00  1.00056e+00  2.21416e+04
 6.06348e+00  9.99828e-01  2.21391e+04
 6.07130e+00  1.00047e+00  2.21367e+04
 6.07909e+00  9.99806e-01  2.21343e+04
 6.08759e+00  9.99952e-01  2.21317e+04
 6.09500e+00  1.00011e+00  2.21294e+04
 6.10278e+00  1.00017e+00  2.21271e+04
 6.11103e+00  9.99971e-01  2.21246e+04
 6.11815e+00  1.00068e+00  2.21225e+04
 6.12597e+00  9.99974e-01  2.21202e+04
 6.13380e+00  1.00043e+00  2.21179e+04
 6.14229e+00  1.00039e+00  2.21154e+04
 6.15009e+00  1.00040e+00  2.21131e+04
 6.15824e+00  1.00069e+00  2.21108e+04
 6.16673e+00  1.00043e+00  2.21084e+04
 6.17520e+00  1.00077e+00  2.21060e+04
 6.18314e+00  1.00043e+00  2.21038e+04
 6.19091e+00  1.00062e+00  2.21016e+04
 6.19836e+00  1.00055e+00  2.20995e+04
 6.20625e+00  1.00047e+00  2.20974e+04
 6.21438e+00  1.00090e+00  2.20951e+04
 6.22213e+00  1.00070e+00  2.20930e+04
 6.23086e+00  1.00042e+00  2.20907e+04
 6.23865e+00  1.00015e+00  2.20886e+04
 6.24663e+00  1.00053e+00  2.20865e+04
 6.25518e+00  1.00057e+00  2.20842e+04
 6.26243e+00  1.00075e+00  2.20823e+04
 6.27060e+00  9.99912e-01  2.20802e+04
 6.27902e+00  1.00006e+00  2.20781e+04
 6.28723e+00  1.00063e+00  2.20760e+04
 6.29507e+00  9.99824e-01  2.20740e+04
 6.30253e+00  1.00007e+00  2.20721e+04
 6.31041e+00  1.00012e+00  2.20701e+04
 6.31857e+00  9.99961e-01  2.20681e+04
 6.32572e+00  9.99759e-01  2.20663e+04
 6.33417e+00  9.99505e-01  2.20642e+04
 6.34213e+00  9.99985e-01  2.20623e+04
 6.34983e+00  1.00017e+00  2.20604e+04
 6.35757e+00  1.00012e+00  2.20586e+04
 6.36503e+00  9.99510e-01  2.20568e+04
 6.37332e+00  9.99595e-01  2.20548e+04
 6.38185e+00  9.99870e-01  2.20528e+04
 6.38899e+00  1.00002e+00  2.20512e+04
 6.39679e+00  9.99411e-01  2.20493e+04
 6.40463e+00  9.99164e-01  2.20475e+04
 6.41255e+00  9.99115e-01  2.20457e+04
 6.42095e+00  9.99377e-01  2.20438e+04
 6.42907e+00  1.00012e+00  2.20420e+04
 6.43759e+00  9.99316e-01  2.20401e+04
 6.44571e+00  9.99589e-01  2.20383e+04
 6.45309e+00  9.98485e-01  2.20366e+04
 6.46092e+00  9.99255e-01  2.20349e+04
 6.46869e+00  9.99390e-01  2.20332e+04
 6.47739e+00  9.98974e-01  2.20313e+04
 6.48603e+00  9.99629e-01  2.20295e+04
 6.49315e+00  9.99202e-01  2.20279e+04
 6.50171e+00  9.99276e-01  2.20261e+04
 6.50946e+00  9.99853e-01  2.20245e+04
 6.51728e+00  9.98700e-01  2.20229e+04
 6.52509e+00  9.99338e-01  2.20212e+04
 6.53250e+00  9.99155e-01  2.20197e+04
 6.54028e+00  9.99137e-01  2.20181e+04
 6.54951e+00  9.98830e-01  2.20162e+04
 6.55725e+00  9.99383e-01  2.20147e+04
 6.56511e+00  9.99331e-01  2.20131e+04
 6.57308e+00  9.98904e-01  2.20115e+04
 6.58144e+00  9.99308e-01  2.20098e+04
 6.59018e+00  9.99099e-01  2.20081e+04
 6.59813e+00  9.99906e-01  2.20065e+04
 6.60697e+00  9.99895e-01  2.20048e+04
 6.61562e+00  9.95381e-01  2.20032e+04
 6.62362e+00  9.99438e-01  2.20016e+04
 6.63255e+00  9.99331e-01  2.19999e+04
 6.64193e+00  9.99178e-01  2.19982e+04
 6.65099e+00  9.99458e-01  2.19965e+04
 6.65955e+00  9.99040e-01  2.19949e+04
 6.66763e+00  9.99263e-01  2.19934e+04
 6.67599e+00  9.99825e-01  2.19919e+04
 6.68493e+00  9.99654e-01  2.19902e+04
 6.69406e+00  9.99436e-01  2.19886e+04
 6.70229e+00  9.99425e-01  2.19871e+04
 6.71012e+00  9.99505e-01  2.19857e+04
 6.71861e+00  9.99178e-01  2.19842e+04
 6.72729e+00  9.99805e-01  2.19827e+04
 6.73642e+00  9.99699e-01  2.19811e+04
 6.74533e+00  9.99834e-01  2.19795e+04
 6.75417e+00  9.99741e-01  2.19780e+04
 6.76233e+00  9.99796e-01  2.19766e+04
 6.77019e+00  9.99475e-01  2.19753e+04
 6.77844e+00  9.99295e-01  2.19739e+04
 6.78712e+00  9.99752e-01  2.19724e+04
 6.79507e+00  9.99995e-01  2.19711e+04
 6.80313e+00  1.00002e+00  2.19698e+04
 6.81112e+00  1.00018e+00  2.19685e+04
 6.81935e+00  9.99789e-01  2.19671e+04
 6.82729e+00  9.99828e-01  2.19659e+04
 6.83512e+00  9.99983e-01  2.19646e+04
 6.84311e+00  9.99718e-01  2.19633e+04
 6.85140e+00  9.99609e-01  2.19620e+04
 6.85935e+00  9.99520e-01  2.19607e+04
 6.86729e+00  9.99218e-01  2.19595e+04
 6.87526e+00  9.99604e-01  2.19582e+04
 6.88412e+00  9.99386e-01  2.19569e+04
 6.89326e+00  9.99852e-01  2.19555e+04
 6.90239e+00  9.99035e-01  2.19541e+04
 6.91131e+00  1.01772e+00  2.19527e+04
 6.91947e+00  9.99555e-01  2.19515e+04
 6.92858e+00  9.98847e-01  2.19501e+04
 6.93688e+00  1.01548e+00  2.19489e+04
 6.94572e+00  9.98913e-01  2.19476e+04
 6.95478e+00  1.01360e+00  2.19463e+04
 6.96299e+00  9.98948e-01  2.19451e+04
 6.97204e+00  9.99506e-01  2.19438e+04
 6.98016e+00  1.01092e+00  2.19426e+04
 6.98966e+00  9.98990e-01  2.19412e+04
 6.99862e+00  1.00997e+00  2.19400e+04
 7.00743e+00  9.98442e-01  2.19387e+04
 7.01638e+00  1.00836e+00  2.19375e+04
 7.02452e+00  9.98808e-01  2.19363e+04
 7.03442e+00  9.99003e-01  2.19350e+04
 7.04347e+00  9.98510e-01  2.19337e+04
 7.05265e+00  9.98911e-01  2.19325e+04
 7.06112e+00  1.00542e+00  2.19314e+04
 7.06993e+00  9.98328e-01  2.19302e+04
 7.07888e+00  1.00455e+00  2.19290e+04
 7.08703e+00  9.98626e-01  2.19279e+04
 7.09616e+00  9.98708e-01  2.19267e+04
 7.10463e+00  1.00349e+00  2.19256e+04
 7.11417e+00  9.98010e-01  2.19244e+04
 7.12292e+00  1.00299e+00  2.19232e+04
 7.13156e+00  9.97734e-01  2.19221e+04
 7.14049e+00  1.00213e+00  2.19210e+04
 7.14864e+00  9.98415e-01  2.19200e+04
 7.15774e+00  9.98034e-01  2.19188e+04
 7.16663e+00  9.97866e-01  2.19177e+04
 7.17580e+00  9.97667e-01  2.19166e+04
 7.18473e+00  1.00139e+00  2.19155e+04
 7.19329e+00  9.97730e-01  2.19144e+04
 7.20299e+00  1.00098e+00  2.19133e+04
 7.21114e+00  9.97892e-01  2.19123e+04
 7.22106e+00  9.98050e-01  2.19111e+04
 7.22931e+00  1.00080e+00  2.19101e+04
 7.23891e+00  9.94562e-01  2.19090e+04
 7.24793e+00  1.00005e+00  2.19079e+04
 7.25656e+00  9.97917e-01  2.19069e+04
 7.26549e+00  9.99906e-01  2.19059e+04
 7.27364e+00  9.97368e-01  2.19049e+04
 7.28274e+00  9.97771e-01  2.19039e+04
 7.29103e+00  9.99908e-01  2.19030e+04
 7.30068e+00  9.97462e-01  2.19019e+04
 7.30973e+00  9.98890e-01  2.19009e+04
 7.31922e+00  9.97611e-01  2.18998e+04
 7.32889e+00  9.98645e-01  2.18987e+04
 7.33837e+00  9.96573e-01  2.18977e+04
 7.34792e+00  9.97402e-01  2.18967e+04
 7.35625e+00  9.98422e-01  2.18958e+04
 7.36608e+00  9.97032e-01  2.18947e+04
 7.37439e+00  9.98408e-01  2.18938e+04
 7.38581e+00  9.96862e-01  2.18926e+04
 7.39504e+00  9.98400e-01  2.18916e+04
 7.40483e+00  9.92186e-01  2.18906e+04
 7.41388e+00  9.97725e-01  2.18897e+04
 7.42274e+00  9.96884e-01  2.18887e+04
 7.43214e+00  9.97715e-01  2.18878e+04
 7.44068e+00  9.97045e-01  2.18869e+04
 7.45125e+00  9.97372e-01  2.18858e+04
 7.46088e+00  9.97584e-01  2.18849e+04
 7.47204e+00  9.97348e-01  2.18838e+04
 7.48116e+00  9.96610e-01  2.18829e+04
 7.49199e+00  9.96217e-01  2.18818e+04
 7.50017e+00  9.96978e-01  2.18810e+04
 7.51081e+00  9.96306e-01  2.18800e+04
 7.51995e+00  9.96789e-01  2.18791e+04
 7.53195e+00  9.95610e-01  2.18779e+04
 7.54103e+00  9.97171e-01  2.18771e+04
 7.55068e+00  9.95988e-01  2.18762e+04
 7.55973e+00  9.96394e-01  2.18753e+04
 7.56855e+00  9.96244e-01  2.18745e+04
 7.57821e+00  9.95322e-01  2.18736e+04
 7.58738e+00  9.96098e-01  2.18727e+04
 7.59704e+00  9.96234e-01  2.18719e+04
 7.60594e+00  9.95402e-01  2.18711e+04
 7.61608e+00  9.92812e-01  2.18701e+04
 7.62499e+00  9.96171e-01  2.18693e+04
 7.63605e+00  9.95259e-01  2.18684e+04
 7.64520e+00  9.95489e-01  2.18676e+04
 7.65483e+00  9.90349e-01  2.18667e+04
 7.66411e+00  9.95205e-01  2.18659e+04
 7.67380e+00  9.95893e-01  2.18651e+04
 7.68304e+00  9.94863e-01  2.18643e+04
 7.69156e+00  9.94851e-01  2.18635e+04
 7.70122e+00  9.94975e-01  2.18627e+04
 7.70941e+00  9.94302e-01  2.18620e+04
 7.71931e+00  9.94830e-01  2.18612e+04
 7.72778e+00  9.94571e-01  2.18605e+04
 7.73719e+00  9.94718e-01  2.18597e+04
 7.74645e+00  9.94171e-01  2.18589e+04
 7.75504e+00  9.95143e-01  2.18582e+04
 7.76461e+00  9.91347e-01  2.18574e+04
 7.77291e+00  9.94713e-01  2.18568e+04
 7.78273e+00  9.95135e-01  2.18560e+04
 7.79104e+00  9.95267e-01  2.18553e+04
 7.80068e+00  9.90592e-01  2.18546e+04
 7.80973e+00  9.94797e-01  2.18538e+04
 7.81855e+00  9.96076e-01  2.18531e+04
 7.82799e+00  9.94338e-01  2.18524e+04
 7.83639e+00  9.95406e-01  2.18518e+04
 7.84615e+00  9.93966e-01  2.18510e+04
 7.85433e+00  9.95768e-01  2.18504e+04
 7.86417e+00  9.96932e-01  2.18496e+04
 7.87344e+00  9.96858e-01  2.18489e+04
 7.88301e+00  9.94287e-01  2.18482e+04
 7.89248e+00  9.97493e-01  2.18475e+04
 7.90207e+00  9.99282e-01  2.18468e+04
 7.91221e+00  9.98419e-01  2.18460e+04
 7.92073e+00  9.99631e-01  2.18454e+04
 7.93217e+00  9.99795e-01  2.18446e+04
 7.94156e+00  1.00065e+00  2.18439e+04
 7.95205e+00  1.00216e+00  2.18431e+04
 7.96139e+00  1.00230e+00  2.18425e+04
 7.97122e+00  1.00262e+00  2.18418e+04
 7.98056e+00  1.00364e+00  2.18411e+04
 7.99138e+00  1.00479e+00  2.18403e+04
 8.00056e+00  1.00428e+00  2.18397e+04
 8.01243e+00  1.00576e+00  2.18389e+04
 8.02098e+00  1.00579e+00  2.18383e+04
 8.03175e+00  1.00587e+00  2.18376e+04
 8.04213e+00  1.00674e+00  2.18369e+04
 8.05416e+00  1.00705e+00  2.18360e+04
 8.06397e+00  1.00820e+00  2.18354e+04
 8.07619e+00  1.00875e+00  2.18346e+04
 8.08589e+00  1.00893e+00  2.18339e+04
 8.09702e+00  1.00986e+00  2.18332e+04
 8.10673e+00  1.01021e+00  2.18326e+04
 8.11884e+00  1.01051e+00  2.18318e+04
 8.12865e+00  1.01131e+00  2.18312e+04
 8.13968e+00  1.01101e+00  2.18304e+04
 8.14948e+00  1.01147e+00  2.18298e+04
 8.16051e+00  1.01115e+00  2.18291e+04
 8.17065e+00  1.01138e+00  2.18285e+04
 8.18433e+00  1.01158e+00  2.18276e+04
 8.19501e+00  9.92514e-01  2.18270e+04
 8.20596e+00  1.01106e+00  2.18263e+04
 8.21686e+00  1.01034e+00  2.18256e+04
 8.22767e+00  1.01074e+00  2.18250e+04
 8.23947e+00  1.00935e+00  2.18243e+04
 8.24941e+00  1.01029e+00  2.18237e+04
 8.26134e+00  1.00926e+00  2.18230e+04
 8.27159e+00  1.00930e+00  2.18224e+04
 8.28274e+00  1.00809e+00  2.18217e+04
 8.29213e+00  1.00884e+00  2.18212e+04
 8.30348e+00  1.00818e+00  2.18205e+04
 8.31397e+00  1.00755e+00  2.18199e+04
 8.32441e+00  1.00634e+00  2.18193e+04
 8.33379e+00  1.00749e+00  2.18188e+04
 8.34431e+00  1.00562e+00  2.18182e+04
 8.35357e+00  1.00693e+00  2.18177e+04
 8.36487e+00  1.00462e+00  2.18171e+04
 8.37441e+00  1.00558e+00  2.18165e+04
 8.38498e+00  1.00512e+00  2.18160e+04
 8.39434e+00  1.00489e+00  2.18154e+04
 8.40483e+00  1.00446e+00  2.18149e+04
 8.41428e+00  1.00427e+00  2.18144e+04
 8.42499e+00  1.00372e+00  2.18138e+04
 8.43513e+00  1.00407e+00  2.18132e+04
 8.44538e+00  1.00404e+00  2.18127e+04
 8.45517e+00  1.00363e+00  2.18122e+04
 8.46514e+00  1.00357e+00  2.18117e+04
 8.47500e+00  1.00348e+00  2.18112e+04
 8.48509e+00  1.00385e+00  2.18106e+04
 8.49586e+00  1.00260e+00  2.18101e+04
 8.50572e+00  1.00309e+00  2.18096e+04
 8.51577e+00  1.00261e+00  2.18091e+04
 8.52547e+00  1.00340e+00  2.18086e+04
 8.53560e+00  1.00269e+00  2.18081e+04
 8.54533e+00  1.00317e+00  2.18076e+04
 8.55624e+00  1.00269e+00  2.18070e+04
 8.56615e+00  1.00310e+00  2.18065e+04
 8.57629e+00  1.00257e+00  2.18061e+04
 8.58589e+00  1.00272e+00  2.18056e+04
 8.59622e+00  1.00298e+00  2.18051e+04
 8.60566e+00  1.00208e+00  2.18046e+04
 8.61609e+00  1.00317e+00  2.18041e+04
 8.62546e+00  1.00223e+00  2.18037e+04
 8.63752e+00  1.00205e+00  2.18031e+04
 8.64732e+00  1.00205e+00  2.18026e+04
 8.65774e+00  1.00238e+00  2.18022e+04
 8.66713e+00  1.00203e+00  2.18017e+04
 8.67851e+00  1.00274e+00  2.18012e+04
 8.68796e+00  1.00166e+00  2.18008e+04
 8.69922e+00  1.00273e+00  2.18002e+04
 8.70982e+00  1.00255e+00  2.17998e+04
 8.72024e+00  1.00193e+00  2.17993e+04
 8.73067e+00  1.00199e+00  2.17988e+04
 8.74109e+00  1.00223e+00  2.17984e+04
 8.75255e+00  1.00291e+00  2.17979e+04
 8.76292e+00  1.00198e+00  2.17974e+04
 8.77339e+00  1.00246e+00  2.17969e+04
 8.78475e+00  1.00254e+00  2.17964e+04
 8.79533e+00  1.00272e+00  2.17960e+04
 8.80666e+00  1.00306e+00  2.17955e+04
 8.81715e+00  1.00268e+00  2.17951e+04
 8.82842e+00  1.00231e+00  2.17946e+04
 8.83906e+00  1.00272e+00  2.17941e+04
 8.84933e+00  1.00259e+00  2.17937e+04
 8.85990e+00  1.00272e+00  2.17933e+04
 8.87017e+00  1.00264e+00  2.17928e+04
 8.88102e+00  1.00245e+00  2.17924e+04
 8.89201e+00  1.00218e+00  2.17919e+04
 8.90264e+00  1.00237e+00  2.17915e+04
 8.91283e+00  1.00243e+00  2.17911e+04
 8.92370e+00  1.00234e+00  2.17906e+04
 8.93466e+00  1.00212e+00  2.17902e+04
 8.94540e+00  1.00198e+00  2.17898e+04
 8.95550e+00  1.00192e+00  2.17894e+04
 8.96623e+00  1.00213e+00  2.17890e+04
 8.97633e+00  1.00216e+00  2.17886e+04
 8.98707e+00  1.00234e+00  2.17881e+04
 8.99814e+00  1.00064e+00  2.17877e+04
 9.01070e+00  1.00179e+00  2.17872e+04
 9.02116e+00  1.00159e+00  2.17868e+04
 9.03181e+00  1.00175e+00  2.17864e+04
 9.04201e+00  1.00141e+00  2.17860e+04
 9.05264e+00  1.00185e+00  2.17856e+04
 9.06283e+00  1.00101e+00  2.17853e+04
 9.07348e+00  1.00173e+00  2.17849e+04
 9.08366e+00  1.00155e+00  2.17845e+04
 9.09432e+00  1.00166e+00  2.17841e+04
 9.10451e+00  1.00129e+00  2.17837e+04
 9.11569e+00  1.00136e+00  2.17833e+04
 9.12650e+00  1.00209e+00  2.17829e+04
 9.13762e+00  1.00175e+00  2.17825e+04
 9.15117e+00  1.00242e+00  2.17820e+04
 9.16183e+00  1.00216e+00  2.17817e+04
 9.17239e+00  1.00171e+00  2.17813e+04
 9.18266e+00  1.00135e+00  2.17809e+04
 9.19323e+00  1.00155e+00  2.17806e+04
 9.20352e+00  1.00136e+00  2.17802e+04
 9.21494e+00  1.00154e+00  2.17798e+04
 9.22533e+00  1.00181e+00  2.17795e+04
 9.23619e+00  1.00164e+00  2.17791e+04
 9.24755e+00  1.00143e+00  2.17787e+04
 9.26051e+00  1.00185e+00  2.17783e+04
 9.27116e+00  1.00146e+00  2.17779e+04
 9.28256e+00  1.00126e+00  2.17775e+04
 9.29316e+00  1.00170e+00  2.17772e+04
 9.30447e+00  1.00096e+00  2.17768e+04
 9.31507e+00  1.00107e+00  2.17765e+04
 9.32543e+00  1.00069e+00  2.17761e+04
 9.33589e+00  1.00090e+00  2.17758e+04
 9.34627e+00  1.00085e+00  2.17755e+04
 9.35672e+00  1.00090e+00  2.17751e+04
 9.36807e+00  1.00067e+00  2.17748e+04
 9.37866e+00  1.00082e+00  2.17744e+04
 9.38893e+00  1.00016e+00  2.17741e+04
 9.40039e+00  1.00080e+00  2.17737e+04
 9.41083e+00  9.99454e-01  2.17734e+04
 9.42141e+00  1.00073e+00  2.17731e+04
 9.43396e+00  9.99921e-01  2.17727e+04
 9.44821e+00  1.00064e+00  2.17723e+04
 9.45867e+00  9.99701e-01  2.17720e+04
 9.46932e+00  1.00048e+00  2.17716e+04
 9.47950e+00  1.00024e+00  2.17713e+04
 9.49069e+00  1.00046e+00  2.17710e+04
 9.50110e+00  1.01953e+00  2.17707e+04
 9.51111e+00  1.01867e+00  2.17704e+04
 9.52009e+00  1.03302e+00  2.17701e+04
 9.53017e+00  9.99640e-01  2.17698e+04
 9.54011e+00  1.01392e+00  2.17695e+04
 9.55077e+00  1.01164e+00  2.17692e+04
 9.56005e+00  1.01085e+00  2.17690e+04
