1020
 1.82400e-02  9.99810e-01  1.00077e+00
 5.27840e-02  1.00003e+00  1.00077e+00
 8.62980e-02  1.00049e+00  1.00078e+00
 1.15984e-01  1.00048e+00  1.00078e+00
 1.46028e-01  1.00086e+00  1.00078e+00
 1.79166e-01  9.99783e-01  1.00079e+00
 2.18744e-01  1.00066e+00  1.00080e+00
 2.53024e-01  9.99193e-01  1.00080e+00
 2.89816e-01  9.96410e-01  1.00081e+00
 3.22280e-01  9.99821e-01  1.00081e+00
 3.54406e-01  1.00023e+00  1.00082e+00
 3.84090e-01  1.00035e+00  1.00082e+00
 4.16214e-01  9.99454e-01  1.00082e+00
 4.46590e-01  1.00202e+00  1.00083e+00
 4.75934e-01  1.00040e+00  1.00083e+00
 5.07002e-01  1.00016e+00  1.00084e+00
 5.39658e-01  1.00239e+00  1.00084e+00
 5.68820e-01  9.99745e-01  1.00084e+00
 5.95052e-01  1.00290e+00  1.00085e+00
 6.22308e-01  1.00092e+00  1.00085e+00
 6.52664e-01  1.00133e+00  1.00085e+00
 6.78392e-01  1.00158e+00  1.00086e+00
 7.03398e-01  9.96207e-01  1.00086e+00
 7.27000e-01  1.00076e+00  1.00086e+00
 7.49938e-01  1.00337e+00  1.00086e+00
 7.73530e-01  1.00328e+00  1.00087e+00
 7.96458e-01  1.00257e+00  1.00087e+00
 8.21964e-01  1.00212e+00  1.00087e+00
 8.44902e-01  1.00205e+00  1.00087e+00
 8.69378e-01  1.00145e+00  1.00087e+00
 8.93680e-01  1.00034e+00  1.00088e+00
 9.16588e-01  1.00028e+00  1.00088e+00
 9.40210e-01  9.99734e-01  1.00088e+00
 9.63118e-01  1.00075e+00  1.00088e+00
 9.86554e-01  1.00042e+00  1.00088e+00
 1.00950e+00  1.00158e+00  1.00088e+00
 1.03240e+00  9.99804e-01  1.00088e+00
 1.05548e+00  1.00020e+00  1.00088e+00
 1.07843e+00  9.99710e-01  1.00088e+00
 1.10200e+00  9.99880e-01  1.00088e+00
 1.12805e+00  9.99386e-01  1.00088e+00
 1.15446e+00  1.00146e+00  1.00088e+00
 1.17892e+00  9.99137e-01  1.00088e+00
 1.20343e+00  9.99634e-01  1.00087e+00
 1.22700e+00  9.99430e-01  1.00087e+00
 1.25148e+00  9.99647e-01  1.00087e+00
 1.27565e+00  1.00044e+00  1.00087e+00
 1.29905e+00  9.99894e-01  1.00086e+00
 1.32200e+00  1.00001e+00  1.00086e+00
 1.34492e+00  9.99628e-01  1.00085e+00
 1.36798e+00  9.99444e-01  1.00085e+00
 1.39093e+00  9.99567e-01  1.00085e+00
 1.41451e+00  9.99914e-01  1.00084e+00
 1.43952e+00  9.99196e-01  1.00083e+00
 1.46315e+00  9.99487e-01  1.00083e+00
 1.48778e+00  9.99461e-01  1.00082e+00
 1.51159e+00  9.99066e-01  1.00081e+00
 1.53466e+00  9.99070e-01  1.00080e+00
 1.55842e+00  9.99281e-01  1.00079e+00
 1.58329e+00  9.99615e-01  1.00078e+00
 1.60843e+00  9.99357e-01  1.00077e+00
 1.63432e+00  9.99747e-01  1.00076e+00
 1.65742e+00  9.99041e-01  1.00074e+00
 1.68048e+00  9.99621e-01  1.00073e+00
 1.70428e+00  9.99835e-01  1.00071e+00
 1.72910e+00  9.99730e-01  1.00070e+00
 1.75426e+00  9.98967e-01  1.00068e+00
 1.77824e+00  9.99881e-01  1.00066e+00
 1.80115e+00  9.99254e-01  1.00064e+00
 1.82409e+00  9.97116e-01  1.00062e+00
 1.84716e+00  9.98761e-01  1.00060e+00
 1.87078e+00  9.99691e-01  1.00058e+00
 1.89579e+00  9.98673e-01  1.00055e+00
 1.91938e+00  9.99420e-01  1.00053e+00
 1.94230e+00  9.99818e-01  1.00050e+00
 1.96574e+00  9.99317e-01  1.00047e+00
 1.99075e+00  9.99323e-01  1.00044e+00
 2.01383e+00  1.00066e+00  1.00041e+00
 2.03814e+00  9.99535e-01  1.00037e+00
 2.06244e+00  9.99842e-01  1.00034e+00
 2.08606e+00  9.99123e-01  1.00030e+00
 2.10897e+00  9.99455e-01  1.00026e+00
 2.13239e+00  9.99704e-01  1.00022e+00
 2.15534e+00  9.99718e-01  1.00018e+00
 2.17826e+00  9.99417e-01  1.00014e+00
 2.20133e+00  9.99169e-01  1.00009e+00
 2.22425e+00  9.99739e-01  1.00004e+00
 2.24787e+00  9.99072e-01  9.99992e-01
 2.27079e+00  9.98934e-01  9.99940e-01
 2.29438e+00  9.98653e-01  9.99885e-01
 2.32046e+00  9.98974e-01  9.99820e-01
 2.34492e+00  9.98852e-01  9.99757e-01
 2.36801e+00  9.99763e-01  9.99696e-01
 2.39093e+00  9.99453e-01  9.99632e-01
 2.41452e+00  9.99956e-01  9.99564e-01
 2.43746e+00  9.99997e-01  9.99496e-01
 2.46106e+00  9.97035e-01  9.99423e-01
 2.48397e+00  9.99716e-01  9.99351e-01
 2.50742e+00  9.99332e-01  9.99274e-01
 2.53034e+00  9.99072e-01  9.99197e-01
 2.55327e+00  1.00005e+00  9.99118e-01
 2.57843e+00  9.99744e-01  9.99029e-01
 2.60202e+00  9.99662e-01  9.98943e-01
 2.62497e+00  9.95641e-01  9.98858e-01
 2.64856e+00  9.99788e-01  9.98769e-01
 2.67338e+00  9.99637e-01  9.98674e-01
 2.69702e+00  9.99675e-01  9.98582e-01
 2.71992e+00  9.98785e-01  9.98492e-01
 2.74441e+00  9.98748e-01  9.98396e-01
 2.76870e+00  9.99567e-01  9.98300e-01
 2.79161e+00  9.98878e-01  9.98210e-01
 2.81524e+00  9.99253e-01  9.98117e-01
 2.83815e+00  9.98659e-01  9.98028e-01
 2.86157e+00  9.97594e-01  9.97939e-01
 2.88452e+00  9.99291e-01  9.97854e-01
 2.90742e+00  9.99615e-01  9.97772e-01
 2.93052e+00  9.98921e-01  9.97692e-01
 2.95343e+00  9.99063e-01  9.97617e-01
 2.97702e+00  9.96695e-01  9.97545e-01
 2.99997e+00  9.98777e-01  9.97480e-01
 3.02356e+00  9.96768e-01  9.97420e-01
 3.04647e+00  1.00005e+00  9.97369e-01
 3.06993e+00  9.97405e-01  9.97325e-01
 3.09284e+00  9.96550e-01  9.97291e-01
 3.11577e+00  9.99567e-01  9.97267e-01
 3.13903e+00  9.99530e-01  9.97253e-01
 3.16539e+00  9.99960e-01  9.97251e-01
 3.19025e+00  9.99134e-01  9.97265e-01
 3.21315e+00  9.98979e-01  9.97292e-01
 3.23866e+00  9.98976e-01  9.97339e-01
 3.26161e+00  9.98955e-01  9.97398e-01
 3.28466e+00  9.98897e-01  9.97472e-01
 3.30761e+00  9.99599e-01  9.97563e-01
 3.33121e+00  9.99165e-01  9.97674e-01
 3.35412e+00  9.99676e-01  9.97799e-01
 3.37775e+00  9.99475e-01  9.97947e-01
 3.40466e+00  9.87317e-01  9.98137e-01
 3.42845e+00  9.99735e-01  9.98326e-01
 3.45344e+00  1.00014e+00  9.98544e-01
 3.47703e+00  1.00007e+00  9.98768e-01
 3.49997e+00  1.00089e+00  9.99002e-01
 3.52357e+00  1.00049e+00  9.99258e-01
 3.54648e+00  9.99348e-01  9.99521e-01
 3.56993e+00  1.00016e+00  9.99803e-01
 3.59285e+00  1.00050e+00  1.00009e+00
 3.61577e+00  1.00067e+00  1.00038e+00
 3.63885e+00  1.00072e+00  1.00069e+00
 3.66176e+00  1.00039e+00  1.00100e+00
 3.68624e+00  1.00021e+00  1.00133e+00
 3.71316e+00  1.00091e+00  1.00169e+00
 3.73658e+00  1.00080e+00  1.00201e+00
 3.76161e+00  1.00009e+00  1.00235e+00
 3.78468e+00  1.00010e+00  1.00265e+00
 3.80846e+00  1.00064e+00  1.00295e+00
 3.83331e+00  1.00116e+00  1.00325e+00
 3.85845e+00  1.00215e+00  1.00354e+00
 3.88451e+00  1.00229e+00  1.00382e+00
 3.90760e+00  1.00284e+00  1.00405e+00
 3.93261e+00  1.00274e+00  1.00428e+00
 3.95622e+00  1.00346e+00  1.00447e+00
 3.97912e+00  1.00361e+00  1.00464e+00
 4.00275e+00  1.00391e+00  1.00479e+00
 4.02566e+00  1.00479e+00  1.00491e+00
 4.05118e+00  1.00459e+00  1.00503e+00
 4.07411e+00  1.00462e+00  1.00510e+00
 4.09718e+00  1.00545e+00  1.00516e+00
 4.12011e+00  1.00536e+00  1.00520e+00
 4.14372e+00  1.00543e+00  1.00521e+00
 4.16662e+00  1.00491e+00  1.00521e+00
 4.19025e+00  1.00585e+00  1.00518e+00
 4.21317e+00  1.00563e+00  1.00514e+00
 4.23712e+00  1.00518e+00  1.00508e+00
 4.26161e+00  1.00476e+00  1.00500e+00
 4.28470e+00  1.00491e+00  1.00491e+00
 4.31038e+00  1.00546e+00  1.00479e+00
 4.33487e+00  1.00460e+00  1.00467e+00
 4.36161e+00  1.00463e+00  1.00452e+00
 4.38731e+00  1.00465e+00  1.00437e+00
 4.41942e+00  1.00443e+00  1.00417e+00
 4.44616e+00  1.00524e+00  1.00400e+00
 4.47013e+00  1.00251e+00  1.00384e+00
 4.49719e+00  1.00450e+00  1.00365e+00
 4.52289e+00  1.00269e+00  1.00347e+00
 4.54650e+00  1.00180e+00  1.00331e+00
 4.56993e+00  1.00228e+00  1.00315e+00
 4.59287e+00  1.00272e+00  1.00299e+00
 4.61578e+00  1.00248e+00  1.00283e+00
 4.63903e+00  1.00094e+00  1.00268e+00
 4.66664e+00  1.00181e+00  1.00250e+00
 4.69025e+00  1.00190e+00  1.00234e+00
 4.71648e+00  1.00205e+00  1.00218e+00
 4.74304e+00  1.00203e+00  1.00202e+00
 4.76873e+00  9.99462e-01  1.00187e+00
 4.79164e+00  1.00053e+00  1.00174e+00
 4.81525e+00  9.99729e-01  1.00161e+00
 4.83818e+00  1.00103e+00  1.00149e+00
 4.86159e+00  1.00106e+00  1.00137e+00
 4.88454e+00  1.00043e+00  1.00126e+00
 4.90815e+00  1.00064e+00  1.00115e+00
 4.93469e+00  1.00043e+00  1.00104e+00
 4.95832e+00  9.99666e-01  1.00094e+00
 4.98192e+00  1.00089e+00  1.00084e+00
 5.00484e+00  9.99425e-01  1.00076e+00
 5.02828e+00  1.00046e+00  1.00067e+00
 5.05330e+00  1.00055e+00  1.00059e+00
 5.07636e+00  1.00030e+00  1.00052e+00
 5.10606e+00  1.00054e+00  1.00043e+00
 5.13507e+00  1.00018e+00  1.00035e+00
 5.15971e+00  9.99723e-01  1.00029e+00
 5.18332e+00  9.99430e-01  1.00023e+00
 5.21265e+00  1.00084e+00  1.00017e+00
 5.23661e+00  1.00040e+00  1.00012e+00
 5.26007e+00  9.99991e-01  1.00007e+00
 5.28471e+00  1.00042e+00  1.00003e+00
 5.30970e+00  1.00022e+00  9.99988e-01
 5.33332e+00  1.00060e+00  9.99952e-01
 5.35693e+00  1.00031e+00  9.99919e-01
 5.38193e+00  9.99695e-01  9.99887e-01
 5.40538e+00  1.00069e+00  9.99860e-01
 5.43054e+00  9.99759e-01  9.99832e-01
 5.45431e+00  1.00017e+00  9.99809e-01
 5.47915e+00  9.99480e-01  9.99787e-01
 5.50431e+00  9.99711e-01  9.99767e-01
 5.52828e+00  1.00055e+00  9.99750e-01
 5.55123e+00  1.00034e+00  9.99735e-01
 5.57636e+00  9.99451e-01  9.99720e-01
 5.59930e+00  9.99888e-01  9.99709e-01
 5.62289e+00  9.99572e-01  9.99698e-01
 5.64860e+00  1.00014e+00  9.99688e-01
 5.67411e+00  9.99800e-01  9.99679e-01
 5.69704e+00  1.00011e+00  9.99673e-01
 5.71996e+00  9.99803e-01  9.99667e-01
 5.74304e+00  1.00018e+00  9.99663e-01
 5.76595e+00  9.99075e-01  9.99659e-01
 5.78957e+00  1.00001e+00  9.99657e-01
 5.81160e+00  9.97517e-01  9.99655e-01
 5.83244e+00  9.97755e-01  9.99654e-01
 5.85396e+00  9.97934e-01  9.99653e-01
 5.87619e+00  9.97885e-01  9.99653e-01
 5.89841e+00  9.97141e-01  9.99654e-01
 5.92202e+00  9.98787e-01  9.99655e-01
 5.94285e+00  9.98042e-01  9.99657e-01
 5.96369e+00  9.98522e-01  9.99659e-01
 5.98452e+00  9.98529e-01  9.99662e-01
 6.00536e+00  9.99151e-01  9.99664e-01
 6.02619e+00  9.99042e-01  9.99668e-01
 6.04702e+00  9.98518e-01  9.99671e-01
 6.06992e+00  9.98616e-01  9.99675e-01
 6.09077e+00  9.99126e-01  9.99679e-01
 6.11368e+00  9.99623e-01  9.99684e-01
 6.13451e+00  9.98934e-01  9.99689e-01
 6.15535e+00  1.00002e+00  9.99693e-01
 6.17618e+00  9.99815e-01  9.99698e-01
 6.19754e+00  1.00005e+00  9.99704e-01
 6.21993e+00  1.00008e+00  9.99709e-01
 6.24078e+00  1.00012e+00  9.99715e-01
 6.26384e+00  9.99652e-01  9.99721e-01
 6.28661e+00  9.99332e-01  9.99727e-01
 6.30760e+00  9.99938e-01  9.99733e-01
 6.33035e+00  9.99729e-01  9.99740e-01
 6.35205e+00  9.99606e-01  9.99746e-01
 6.37497e+00  9.99394e-01  9.99753e-01
 6.39701e+00  9.99929e-01  9.99759e-01
 6.41785e+00  9.99330e-01  9.99766e-01
 6.43869e+00  1.00013e+00  9.99772e-01
 6.45951e+00  9.99786e-01  9.99778e-01
 6.48193e+00  9.99919e-01  9.99785e-01
 6.50483e+00  1.00018e+00  9.99792e-01
 6.52618e+00  9.99939e-01  9.99799e-01
 6.54702e+00  1.00022e+00  9.99806e-01
 6.56785e+00  1.00024e+00  9.99812e-01
 6.58989e+00  1.00076e+00  9.99819e-01
 6.61160e+00  1.00056e+00  9.99826e-01
 6.63243e+00  1.00043e+00  9.99832e-01
 6.65328e+00  9.99782e-01  9.99839e-01
 6.67410e+00  1.00010e+00  9.99845e-01
 6.69493e+00  9.99774e-01  9.99852e-01
 6.71578e+00  9.99558e-01  9.99858e-01
 6.73660e+00  9.99281e-01  9.99865e-01
 6.75743e+00  9.99390e-01  9.99871e-01
 6.77828e+00  9.99824e-01  9.99878e-01
 6.79962e+00  9.99688e-01  9.99884e-01
 6.82409e+00  9.99071e-01  9.99892e-01
 6.84494e+00  9.99798e-01  9.99898e-01
 6.86577e+00  9.99587e-01  9.99904e-01
 6.88660e+00  9.99521e-01  9.99911e-01
 6.90797e+00  1.00004e+00  9.99917e-01
 6.93052e+00  9.99862e-01  9.99924e-01
 6.95327e+00  9.99910e-01  9.99930e-01
 6.97410e+00  1.00005e+00  9.99936e-01
 6.99493e+00  9.99646e-01  9.99942e-01
 7.01577e+00  9.99633e-01  9.99948e-01
 7.03677e+00  9.99743e-01  9.99954e-01
 7.05951e+00  1.00018e+00  9.99961e-01
 7.08036e+00  1.00067e+00  9.99967e-01
 7.10118e+00  9.99919e-01  9.99973e-01
 7.12201e+00  9.99622e-01  9.99978e-01
 7.14286e+00  9.99525e-01  9.99984e-01
 7.16368e+00  1.00052e+00  9.99990e-01
 7.18451e+00  9.99465e-01  9.99995e-01
 7.20536e+00  9.99597e-01  1.00000e+00
 7.22618e+00  1.00003e+00  1.00001e+00
 7.24701e+00  9.99911e-01  1.00001e+00
 7.26786e+00  9.99931e-01  1.00002e+00
 7.28868e+00  9.99306e-01  1.00002e+00
 7.30951e+00  9.99741e-01  1.00003e+00
 7.33125e+00  9.99402e-01  1.00003e+00
 7.35326e+00  9.99943e-01  1.00004e+00
 7.37410e+00  1.00041e+00  1.00004e+00
 7.39494e+00  1.00047e+00  1.00005e+00
 7.41577e+00  1.00040e+00  1.00005e+00
 7.43660e+00  9.99887e-01  1.00006e+00
 7.45744e+00  9.99943e-01  1.00006e+00
 7.47828e+00  9.99717e-01  1.00007e+00
 7.50275e+00  1.00003e+00  1.00007e+00
 7.52410e+00  1.00014e+00  1.00008e+00
 7.54651e+00  9.99634e-01  1.00008e+00
 7.56785e+00  9.98706e-01  1.00009e+00
 7.58869e+00  1.00032e+00  1.00009e+00
 7.60953e+00  1.00014e+00  1.00010e+00
 7.63035e+00  1.00019e+00  1.00010e+00
 7.65119e+00  9.99299e-01  1.00011e+00
 7.67203e+00  9.98989e-01  1.00011e+00
 7.69285e+00  9.99846e-01  1.00012e+00
 7.71369e+00  9.99812e-01  1.00012e+00
 7.73452e+00  9.99996e-01  1.00013e+00
 7.75741e+00  1.00012e+00  1.00013e+00
 7.77827e+00  1.00003e+00  1.00013e+00
 7.80102e+00  1.00036e+00  1.00014e+00
 7.82201e+00  9.99311e-01  1.00014e+00
 7.84285e+00  1.00028e+00  1.00015e+00
 7.86369e+00  9.99651e-01  1.00015e+00
 7.88451e+00  1.00106e+00  1.00016e+00
 7.90658e+00  1.00021e+00  1.00016e+00
 7.92827e+00  1.00029e+00  1.00016e+00
 7.94910e+00  1.00015e+00  1.00017e+00
 7.96994e+00  1.00095e+00  1.00017e+00
 7.99077e+00  9.99973e-01  1.00018e+00
 8.01160e+00  9.99664e-01  1.00018e+00
 8.03244e+00  9.99978e-01  1.00018e+00
 8.05380e+00  1.00025e+00  1.00019e+00
 8.07618e+00  1.00002e+00  1.00019e+00
 8.09703e+00  9.99863e-01  1.00019e+00
 8.11924e+00  1.00056e+00  1.00020e+00
 8.14077e+00  9.99596e-01  1.00020e+00
 8.16161e+00  1.00012e+00  1.00021e+00
 8.18243e+00  1.00045e+00  1.00021e+00
 8.20327e+00  1.00118e+00  1.00021e+00
 8.22411e+00  1.00014e+00  1.00022e+00
 8.24493e+00  1.00012e+00  1.00022e+00
 8.26577e+00  1.00017e+00  1.00022e+00
 8.28661e+00  1.00074e+00  1.00023e+00
 8.30743e+00  1.00062e+00  1.00023e+00
 8.32827e+00  1.00089e+00  1.00023e+00
 8.34911e+00  1.00094e+00  1.00024e+00
 8.36994e+00  1.00041e+00  1.00024e+00
 8.39077e+00  1.00014e+00  1.00024e+00
 8.41161e+00  1.00002e+00  1.00025e+00
 8.43244e+00  9.99742e-01  1.00025e+00
 8.45327e+00  9.99544e-01  1.00025e+00
 8.47411e+00  1.00034e+00  1.00026e+00
 8.49494e+00  9.99999e-01  1.00026e+00
 8.51577e+00  9.99832e-01  1.00026e+00
 8.53661e+00  1.00089e+00  1.00027e+00
 8.55744e+00  9.99856e-01  1.00027e+00
 8.57827e+00  9.99752e-01  1.00027e+00
 8.59911e+00  9.99143e-01  1.00027e+00
 8.61994e+00  1.00019e+00  1.00028e+00
 8.64216e+00  9.99524e-01  1.00028e+00
 8.66369e+00  9.99679e-01  1.00028e+00
 8.68452e+00  1.00016e+00  1.00029e+00
 8.70744e+00  1.00053e+00  1.00029e+00
 8.72828e+00  1.00017e+00  1.00029e+00
 8.75119e+00  1.00091e+00  1.00030e+00
 8.77202e+00  1.00113e+00  1.00030e+00
 8.79286e+00  1.00033e+00  1.00030e+00
 8.81369e+00  1.00033e+00  1.00030e+00
 8.83452e+00  1.00090e+00  1.00031e+00
 8.85536e+00  1.00005e+00  1.00031e+00
 8.87619e+00  1.00009e+00  1.00031e+00
 8.89702e+00  1.00011e+00  1.00031e+00
 8.91856e+00  1.00053e+00  1.00032e+00
 8.94077e+00  1.00020e+00  1.00032e+00
 8.96162e+00  1.00066e+00  1.00032e+00
 8.98314e+00  9.99292e-01  1.00033e+00
 9.00535e+00  9.99241e-01  1.00033e+00
 9.02621e+00  9.99576e-01  1.00033e+00
 9.04907e+00  9.99521e-01  1.00033e+00
 9.06993e+00  9.99982e-01  1.00034e+00
 9.09079e+00  1.00033e+00  1.00034e+00
 9.11405e+00  1.00008e+00  1.00034e+00
 9.13784e+00  1.00015e+00  1.00034e+00
 9.15953e+00  1.00076e+00  1.00035e+00
 9.18035e+00  1.00001e+00  1.00035e+00
 9.20120e+00  1.00026e+00  1.00035e+00
 9.22203e+00  9.99390e-01  1.00035e+00
 9.24285e+00  1.00090e+00  1.00036e+00
 9.26370e+00  9.99899e-01  1.00036e+00
 9.28468e+00  9.99835e-01  1.00036e+00
 9.30743e+00  1.00011e+00  1.00036e+00
 9.32829e+00  1.00069e+00  1.00037e+00
 9.34911e+00  9.99764e-01  1.00037e+00
 9.37550e+00  9.99526e-01  1.00037e+00
 9.39858e+00  1.00050e+00  1.00038e+00
 9.41995e+00  9.99772e-01  1.00038e+00
 9.44077e+00  9.99484e-01  1.00038e+00
 9.46162e+00  9.99977e-01  1.00038e+00
 9.48453e+00  9.99641e-01  1.00038e+00
 9.50535e+00  9.99860e-01  1.00039e+00
 9.52621e+00  9.99956e-01  1.00039e+00
 9.54703e+00  9.99531e-01  1.00039e+00
 9.56785e+00  9.99568e-01  1.00039e+00
 9.59076e+00  9.99972e-01  1.00040e+00
 9.61161e+00  9.98980e-01  1.00040e+00
 9.63244e+00  9.99261e-01  1.00040e+00
 9.65329e+00  9.99410e-01  1.00040e+00
 9.67411e+00  9.99718e-01  1.00041e+00
 9.69494e+00  9.99689e-01  1.00041e+00
 9.71579e+00  9.99476e-01  1.00041e+00
 9.73868e+00  9.99229e-01  1.00041e+00
 9.75953e+00  9.99538e-01  1.00042e+00
 9.78037e+00  9.99091e-01  1.00042e+00
 9.80119e+00  1.00010e+00  1.00042e+00
 9.82203e+00  1.00027e+00  1.00042e+00
 9.84494e+00  1.00018e+00  1.00042e+00
 9.86577e+00  9.99234e-01  1.00043e+00
 9.88871e+00  9.99877e-01  1.00043e+00
 9.91092e+00  9.99834e-01  1.00043e+00
 9.93260e+00  9.99260e-01  1.00043e+00
 9.95538e+00  9.99697e-01  1.00044e+00
 9.97619e+00  9.99264e-01  1.00044e+00
 9.99787e+00  1.00002e+00  1.00044e+00
 1.00200e+01  1.00039e+00  1.00044e+00
 1.00408e+01  9.99702e-01  1.00045e+00
 1.00646e+01  9.99823e-01  1.00045e+00
 1.00902e+01  1.00013e+00  1.00045e+00
 1.01116e+01  1.00007e+00  1.00045e+00
 1.01324e+01  9.99587e-01  1.00046e+00
 1.01533e+01  9.99567e-01  1.00046e+00
 1.01741e+01  9.99207e-01  1.00046e+00
 1.01970e+01  9.99400e-01  1.00046e+00
 1.02179e+01  1.00020e+00  1.00046e+00
 1.02387e+01  1.00031e+00  1.00047e+00
 1.02616e+01  9.99794e-01  1.00047e+00
 1.02824e+01  9.99259e-01  1.00047e+00
 1.03047e+01  1.00021e+00  1.00047e+00
 1.03283e+01  9.98976e-01  1.00048e+00
 1.03498e+01  9.99648e-01  1.00048e+00
 1.03734e+01  1.00045e+00  1.00048e+00
 1.03949e+01  1.00073e+00  1.00048e+00
 1.04247e+01  9.99968e-01  1.00049e+00
 1.04519e+01  9.99262e-01  1.00049e+00
 1.04873e+01  1.00041e+00  1.00049e+00
 1.05246e+01  1.00040e+00  1.00050e+00
 1.05571e+01  9.99968e-01  1.00050e+00
 1.05902e+01  9.99769e-01  1.00051e+00
 1.06267e+01  9.99872e-01  1.00051e+00
 1.06592e+01  1.00025e+00  1.00051e+00
 1.06906e+01  9.99358e-01  1.00052e+00
 1.07194e+01  9.99726e-01  1.00052e+00
 1.07550e+01  9.99917e-01  1.00052e+00
 1.07871e+01  1.00023e+00  1.00053e+00
 1.08189e+01  1.00026e+00  1.00053e+00
 1.08496e+01  1.00052e+00  1.00054e+00
 1.08859e+01  1.00044e+00  1.00054e+00
 1.09169e+01  9.99501e-01  1.00054e+00
 1.09500e+01  1.00058e+00  1.00055e+00
 1.09855e+01  1.00073e+00  1.00055e+00
 1.10134e+01  1.00147e+00  1.00055e+00
 1.10447e+01  1.00134e+00  1.00056e+00
 1.10758e+01  1.00140e+00  1.00056e+00
 1.11114e+01  9.99837e-01  1.00057e+00
 1.11466e+01  1.00629e+00  1.00057e+00
 1.11960e+01  1.00027e+00  1.00058e+00
 1.12527e+01  1.00073e+00  1.00058e+00
 1.12871e+01  1.00087e+00  1.00059e+00
 1.13188e+01  1.00118e+00  1.00059e+00
 1.13537e+01  1.00102e+00  1.00060e+00
 1.13968e+01  1.00075e+00  1.00060e+00
 1.14309e+01  9.99754e-01  1.00061e+00
 1.14690e+01  9.99878e-01  1.00061e+00
 1.15051e+01  9.99898e-01  1.00062e+00
 1.15428e+01  1.00008e+00  1.00062e+00
 1.15822e+01  9.99977e-01  1.00063e+00
 1.16240e+01  1.00064e+00  1.00063e+00
 1.16600e+01  1.00093e+00  1.00064e+00
 1.16959e+01  9.99704e-01  1.00064e+00
 1.17303e+01  9.99591e-01  1.00065e+00
 1.17657e+01  9.98811e-01  1.00065e+00
 1.18037e+01  1.00055e+00  1.00066e+00
 1.18419e+01  1.00236e+00  1.00066e+00
 1.18823e+01  1.00009e+00  1.00067e+00
 1.19240e+01  1.00068e+00  1.00067e+00
 1.19657e+01  1.00002e+00  1.00068e+00
 1.20073e+01  1.00016e+00  1.00069e+00
 1.20490e+01  9.99672e-01  1.00069e+00
 1.20862e+01  1.00086e+00  1.00070e+00
 1.21136e+01  1.00027e+00  1.00070e+00
 1.21411e+01  1.00044e+00  1.00070e+00
 1.21714e+01  1.00067e+00  1.00071e+00
 1.22034e+01  9.99519e-01  1.00071e+00
 1.22319e+01  9.99374e-01  1.00072e+00
 1.22618e+01  9.99096e-01  1.00072e+00
 1.22997e+01  9.99502e-01  1.00073e+00
 1.23334e+01  1.00046e+00  1.00073e+00
 1.23633e+01  9.99030e-01  1.00074e+00
 1.23982e+01  9.99682e-01  1.00074e+00
 1.24313e+01  1.00004e+00  1.00075e+00
 1.24660e+01  9.99305e-01  1.00075e+00
 1.24989e+01  9.99450e-01  1.00076e+00
 1.25392e+01  9.99810e-01  1.00077e+00
 1.25737e+01  1.00003e+00  1.00077e+00
 1.26072e+01  1.00049e+00  1.00078e+00
 1.26369e+01  1.00048e+00  1.00078e+00
 1.26669e+01  1.00086e+00  1.00078e+00
 1.27001e+01  9.99783e-01  1.00079e+00
 1.27397e+01  1.00066e+00  1.00080e+00
 1.27739e+01  9.99193e-01  1.00080e+00
 1.28107e+01  9.96410e-01  1.00081e+00
 1.28432e+01  9.99821e-01  1.00081e+00
 1.28753e+01  1.00023e+00  1.00082e+00
 1.29050e+01  1.00035e+00  1.00082e+00
 1.29371e+01  9.99454e-01  1.00082e+00
 1.29675e+01  1.00202e+00  1.00083e+00
 1.29969e+01  1.00040e+00  1.00083e+00
 1.30279e+01  1.00016e+00  1.00084e+00
 1.30606e+01  1.00239e+00  1.00084e+00
 1.30897e+01  9.99745e-01  1.00084e+00
 1.31160e+01  1.00290e+00  1.00085e+00
 1.31432e+01  1.00092e+00  1.00085e+00
 1.31736e+01  1.00133e+00  1.00085e+00
 1.31993e+01  1.00158e+00  1.00086e+00
 1.32243e+01  9.96207e-01  1.00086e+00
 1.32479e+01  1.00076e+00  1.00086e+00
 1.32709e+01  1.00337e+00  1.00086e+00
 1.32944e+01  1.00328e+00  1.00087e+00
 1.33174e+01  1.00257e+00  1.00087e+00
 1.33429e+01  1.00212e+00  1.00087e+00
 1.33658e+01  1.00205e+00  1.00087e+00
 1.33903e+01  1.00145e+00  1.00087e+00
 1.34146e+01  1.00034e+00  1.00088e+00
 1.34375e+01  1.00028e+00  1.00088e+00
 1.34611e+01  9.99734e-01  1.00088e+00
 1.34840e+01  1.00075e+00  1.00088e+00
 1.35075e+01  1.00042e+00  1.00088e+00
 1.35304e+01  1.00158e+00  1.00088e+00
 1.35533e+01  9.99804e-01  1.00088e+00
 1.35764e+01  1.00020e+00  1.00088e+00
 1.35993e+01  9.99710e-01  1.00088e+00
 1.36229e+01  9.99880e-01  1.00088e+00
 1.36490e+01  9.99386e-01  1.00088e+00
 1.36754e+01  1.00146e+00  1.00088e+00
 1.36998e+01  9.99137e-01  1.00088e+00
 1.37243e+01  9.99634e-01  1.00087e+00
 1.37479e+01  9.99430e-01  1.00087e+00
 1.37724e+01  9.99647e-01  1.00087e+00
 1.37966e+01  1.00044e+00  1.00087e+00
 1.38200e+01  9.99894e-01  1.00086e+00
 1.38429e+01  1.00001e+00  1.00086e+00
 1.38658e+01  9.99628e-01  1.00085e+00
 1.38889e+01  9.99444e-01  1.00085e+00
 1.39118e+01  9.99567e-01  1.00085e+00
 1.39354e+01  9.99914e-01  1.00084e+00
 1.39604e+01  9.99196e-01  1.00083e+00
 1.39841e+01  9.99487e-01  1.00083e+00
 1.40087e+01  9.99461e-01  1.00082e+00
 1.40325e+01  9.99066e-01  1.00081e+00
 1.40556e+01  9.99070e-01  1.00080e+00
 1.40793e+01  9.99281e-01  1.00079e+00
 1.41042e+01  9.99615e-01  1.00078e+00
 1.41293e+01  9.99357e-01  1.00077e+00
 1.41552e+01  9.99747e-01  1.00076e+00
 1.41783e+01  9.99041e-01  1.00074e+00
 1.42014e+01  9.99621e-01  1.00073e+00
 1.42252e+01  9.99835e-01  1.00071e+00
 1.42500e+01  9.99730e-01  1.00070e+00
 1.42752e+01  9.98967e-01  1.00068e+00
 1.42992e+01  9.99881e-01  1.00066e+00
 1.43221e+01  9.99254e-01  1.00064e+00
 1.43450e+01  9.97116e-01  1.00062e+00
 1.43681e+01  9.98761e-01  1.00060e+00
 1.43917e+01  9.99691e-01  1.00058e+00
 1.44167e+01  9.98673e-01  1.00055e+00
 1.44403e+01  9.99420e-01  1.00053e+00
 1.44632e+01  9.99818e-01  1.00050e+00
 1.44867e+01  9.99317e-01  1.00047e+00
 1.45117e+01  9.99323e-01  1.00044e+00
 1.45347e+01  1.00066e+00  1.00041e+00
 1.45591e+01  9.99535e-01  1.00037e+00
 1.45834e+01  9.99842e-01  1.00034e+00
 1.46070e+01  9.99123e-01  1.00030e+00
 1.46299e+01  9.99455e-01  1.00026e+00
 1.46533e+01  9.99704e-01  1.00022e+00
 1.46763e+01  9.99718e-01  1.00018e+00
 1.46992e+01  9.99417e-01  1.00014e+00
 1.47222e+01  9.99169e-01  1.00009e+00
 1.47452e+01  9.99739e-01  1.00004e+00
 1.47688e+01  9.99072e-01  9.99992e-01
 1.47917e+01  9.98934e-01  9.99940e-01
 1.48153e+01  9.98653e-01  9.99885e-01
 1.48414e+01  9.98974e-01  9.99820e-01
 1.48658e+01  9.98852e-01  9.99757e-01
 1.48889e+01  9.99763e-01  9.99696e-01
 1.49118e+01  9.99453e-01  9.99632e-01
 1.49354e+01  9.99956e-01  9.99564e-01
 1.49584e+01  9.99997e-01  9.99496e-01
 1.49820e+01  9.97035e-01  9.99423e-01
 1.50049e+01  9.99716e-01  9.99351e-01
 1.50283e+01  9.99332e-01  9.99274e-01
 1.50513e+01  9.99072e-01  9.99197e-01
 1.50742e+01  1.00005e+00  9.99118e-01
 1.50993e+01  9.99744e-01  9.99028e-01
 1.51229e+01  9.99662e-01  9.98943e-01
 1.51459e+01  9.95641e-01  9.98858e-01
 1.51695e+01  9.99788e-01  9.98769e-01
 1.51943e+01  9.99637e-01  9.98674e-01
 1.52179e+01  9.99675e-01  9.98582e-01
 1.52408e+01  9.98785e-01  9.98492e-01
 1.52653e+01  9.98748e-01  9.98396e-01
 1.52896e+01  9.99567e-01  9.98300e-01
 1.53125e+01  9.98878e-01  9.98209e-01
 1.53362e+01  9.99253e-01  9.98117e-01
 1.53591e+01  9.98659e-01  9.98028e-01
 1.53825e+01  9.97594e-01  9.97939e-01
 1.54054e+01  9.99291e-01  9.97854e-01
 1.54283e+01  9.99615e-01  9.97772e-01
 1.54514e+01  9.98921e-01  9.97692e-01
 1.54743e+01  9.99063e-01  9.97617e-01
 1.54979e+01  9.96695e-01  9.97545e-01
 1.55209e+01  9.98777e-01  9.97480e-01
 1.55445e+01  9.96768e-01  9.97420e-01
 1.55674e+01  1.00005e+00  9.97369e-01
 1.55909e+01  9.97405e-01  9.97325e-01
 1.56138e+01  9.96550e-01  9.97291e-01
 1.56367e+01  9.99567e-01  9.97267e-01
 1.56600e+01  9.99530e-01  9.97253e-01
 1.56863e+01  9.99960e-01  9.97251e-01
 1.57112e+01  9.99134e-01  9.97265e-01
 1.57341e+01  9.98979e-01  9.97292e-01
 1.57596e+01  9.98976e-01  9.97339e-01
 1.57825e+01  9.98955e-01  9.97398e-01
 1.58056e+01  9.98897e-01  9.97472e-01
 1.58285e+01  9.99599e-01  9.97563e-01
 1.58521e+01  9.99165e-01  9.97674e-01
 1.58750e+01  9.99676e-01  9.97799e-01
 1.58987e+01  9.99475e-01  9.97947e-01
 1.59256e+01  9.87317e-01  9.98137e-01
 1.59494e+01  9.99735e-01  9.98326e-01
 1.59744e+01  1.00014e+00  9.98544e-01
 1.59979e+01  1.00007e+00  9.98768e-01
 1.60209e+01  1.00089e+00  9.99002e-01
 1.60445e+01  1.00049e+00  9.99258e-01
 1.60674e+01  9.99348e-01  9.99521e-01
 1.60909e+01  1.00016e+00  9.99803e-01
 1.61138e+01  1.00050e+00  1.00009e+00
 1.61367e+01  1.00067e+00  1.00038e+00
 1.61598e+01  1.00072e+00  1.00069e+00
 1.61827e+01  1.00039e+00  1.00100e+00
 1.62072e+01  1.00021e+00  1.00133e+00
 1.62341e+01  1.00091e+00  1.00169e+00
 1.62575e+01  1.00080e+00  1.00201e+00
 1.62825e+01  1.00009e+00  1.00235e+00
 1.63056e+01  1.00010e+00  1.00265e+00
 1.63294e+01  1.00064e+00  1.00295e+00
 1.63542e+01  1.00116e+00  1.00325e+00
 1.63794e+01  1.00215e+00  1.00354e+00
 1.64054e+01  1.00229e+00  1.00382e+00
 1.64285e+01  1.00284e+00  1.00405e+00
 1.64535e+01  1.00274e+00  1.00428e+00
 1.64771e+01  1.00346e+00  1.00447e+00
 1.65000e+01  1.00361e+00  1.00464e+00
 1.65237e+01  1.00391e+00  1.00479e+00
 1.65466e+01  1.00479e+00  1.00491e+00
 1.65721e+01  1.00459e+00  1.00503e+00
 1.65950e+01  1.00462e+00  1.00510e+00
 1.66181e+01  1.00545e+00  1.00516e+00
 1.66410e+01  1.00536e+00  1.00520e+00
 1.66646e+01  1.00543e+00  1.00521e+00
 1.66875e+01  1.00491e+00  1.00521e+00
 1.67112e+01  1.00585e+00  1.00518e+00
 1.67341e+01  1.00563e+00  1.00514e+00
 1.67580e+01  1.00518e+00  1.00508e+00
 1.67825e+01  1.00476e+00  1.00500e+00
 1.68056e+01  1.00491e+00  1.00491e+00
 1.68313e+01  1.00546e+00  1.00479e+00
 1.68558e+01  1.00460e+00  1.00467e+00
 1.68825e+01  1.00463e+00  1.00452e+00
 1.69082e+01  1.00465e+00  1.00437e+00
 1.69403e+01  1.00443e+00  1.00417e+00
 1.69671e+01  1.00524e+00  1.00400e+00
 1.69910e+01  1.00251e+00  1.00384e+00
 1.70181e+01  1.00450e+00  1.00365e+00
 1.70438e+01  1.00269e+00  1.00347e+00
 1.70674e+01  1.00180e+00  1.00331e+00
 1.70909e+01  1.00228e+00  1.00315e+00
 1.71138e+01  1.00272e+00  1.00299e+00
 1.71367e+01  1.00248e+00  1.00283e+00
 1.71600e+01  1.00094e+00  1.00268e+00
 1.71876e+01  1.00181e+00  1.00250e+00
 1.72112e+01  1.00190e+00  1.00234e+00
 1.72374e+01  1.00205e+00  1.00218e+00
 1.72640e+01  1.00203e+00  1.00202e+00
 1.72896e+01  9.99462e-01  1.00187e+00
 1.73126e+01  1.00053e+00  1.00174e+00
 1.73362e+01  9.99729e-01  1.00161e+00
 1.73591e+01  1.00103e+00  1.00149e+00
 1.73825e+01  1.00106e+00  1.00137e+00
 1.74055e+01  1.00043e+00  1.00126e+00
 1.74291e+01  1.00064e+00  1.00115e+00
 1.74556e+01  1.00043e+00  1.00104e+00
 1.74792e+01  9.99666e-01  1.00094e+00
 1.75028e+01  1.00089e+00  1.00084e+00
 1.75258e+01  9.99425e-01  1.00076e+00
 1.75492e+01  1.00046e+00  1.00067e+00
 1.75742e+01  1.00055e+00  1.00059e+00
 1.75973e+01  1.00030e+00  1.00052e+00
 1.76270e+01  1.00054e+00  1.00043e+00
 1.76560e+01  1.00018e+00  1.00035e+00
 1.76806e+01  9.99723e-01  1.00029e+00
 1.77042e+01  9.99430e-01  1.00023e+00
 1.77336e+01  1.00084e+00  1.00017e+00
 1.77575e+01  1.00040e+00  1.00012e+00
 1.77810e+01  9.99991e-01  1.00007e+00
 1.78056e+01  1.00042e+00  1.00003e+00
 1.78306e+01  1.00022e+00  9.99988e-01
 1.78542e+01  1.00060e+00  9.99952e-01
 1.78778e+01  1.00031e+00  9.99919e-01
 1.79028e+01  9.99695e-01  9.99887e-01
 1.79263e+01  1.00069e+00  9.99860e-01
 1.79515e+01  9.99759e-01  9.99832e-01
 1.79752e+01  1.00017e+00  9.99809e-01
 1.80001e+01  9.99480e-01  9.99787e-01
 1.80252e+01  9.99711e-01  9.99767e-01
 1.80492e+01  1.00055e+00  9.99750e-01
 1.80721e+01  1.00034e+00  9.99735e-01
 1.80973e+01  9.99451e-01  9.99720e-01
 1.81202e+01  9.99888e-01  9.99709e-01
 1.81438e+01  9.99572e-01  9.99698e-01
 1.81695e+01  1.00014e+00  9.99688e-01
 1.81950e+01  9.99800e-01  9.99679e-01
 1.82180e+01  1.00011e+00  9.99673e-01
 1.82409e+01  9.99803e-01  9.99667e-01
 1.82640e+01  1.00018e+00  9.99663e-01
 1.82869e+01  9.99075e-01  9.99659e-01
 1.83105e+01  1.00001e+00  9.99657e-01
 1.83325e+01  9.97517e-01  9.99655e-01
 1.83534e+01  9.97755e-01  9.99654e-01
 1.83749e+01  9.97934e-01  9.99653e-01
 1.83971e+01  9.97885e-01  9.99653e-01
 1.84193e+01  9.97141e-01  9.99654e-01
 1.84429e+01  9.98787e-01  9.99655e-01
 1.84638e+01  9.98042e-01  9.99657e-01
 1.84846e+01  9.98522e-01  9.99659e-01
 1.85054e+01  9.98529e-01  9.99662e-01
 1.85263e+01  9.99151e-01  9.99664e-01
 1.85471e+01  9.99042e-01  9.99668e-01
 1.85679e+01  9.98518e-01  9.99671e-01
 1.85908e+01  9.98616e-01  9.99675e-01
 1.86117e+01  9.99126e-01  9.99679e-01
 1.86346e+01  9.99623e-01  9.99684e-01
 1.86554e+01  9.98934e-01  9.99689e-01
 1.86763e+01  1.00002e+00  9.99693e-01
 1.86971e+01  9.99815e-01  9.99698e-01
 1.87185e+01  1.00005e+00  9.99704e-01
 1.87408e+01  1.00008e+00  9.99709e-01
 1.87617e+01  1.00012e+00  9.99715e-01
 1.87848e+01  9.99652e-01  9.99721e-01
 1.88075e+01  9.99332e-01  9.99727e-01
 1.88285e+01  9.99938e-01  9.99733e-01
 1.88513e+01  9.99729e-01  9.99740e-01
 1.88730e+01  9.99606e-01  9.99746e-01
 1.88959e+01  9.99394e-01  9.99753e-01
 1.89179e+01  9.99929e-01  9.99759e-01
 1.89388e+01  9.99330e-01  9.99766e-01
 1.89596e+01  1.00013e+00  9.99772e-01
 1.89804e+01  9.99786e-01  9.99778e-01
 1.90028e+01  9.99919e-01  9.99785e-01
 1.90257e+01  1.00018e+00  9.99792e-01
 1.90471e+01  9.99939e-01  9.99799e-01
 1.90679e+01  1.00022e+00  9.99806e-01
 1.90888e+01  1.00024e+00  9.99812e-01
 1.91108e+01  1.00076e+00  9.99819e-01
 1.91325e+01  1.00056e+00  9.99826e-01
 1.91533e+01  1.00043e+00  9.99832e-01
 1.91742e+01  9.99782e-01  9.99839e-01
 1.91950e+01  1.00010e+00  9.99845e-01
 1.92158e+01  9.99774e-01  9.99852e-01
 1.92367e+01  9.99558e-01  9.99858e-01
 1.92575e+01  9.99281e-01  9.99865e-01
 1.92783e+01  9.99390e-01  9.99871e-01
 1.92992e+01  9.99824e-01  9.99878e-01
 1.93205e+01  9.99688e-01  9.99884e-01
 1.93450e+01  9.99071e-01  9.99892e-01
 1.93659e+01  9.99798e-01  9.99898e-01
 1.93867e+01  9.99587e-01  9.99904e-01
 1.94075e+01  9.99521e-01  9.99911e-01
 1.94289e+01  1.00004e+00  9.99917e-01
 1.94514e+01  9.99862e-01  9.99924e-01
 1.94742e+01  9.99910e-01  9.99930e-01
 1.94950e+01  1.00005e+00  9.99936e-01
 1.95158e+01  9.99646e-01  9.99942e-01
 1.95367e+01  9.99633e-01  9.99948e-01
 1.95577e+01  9.99743e-01  9.99954e-01
 1.95804e+01  1.00018e+00  9.99961e-01
 1.96013e+01  1.00067e+00  9.99967e-01
 1.96221e+01  9.99919e-01  9.99973e-01
 1.96429e+01  9.99622e-01  9.99978e-01
 1.96638e+01  9.99525e-01  9.99984e-01
 1.96846e+01  1.00052e+00  9.99990e-01
 1.97054e+01  9.99465e-01  9.99995e-01
 1.97263e+01  9.99597e-01  1.00000e+00
 1.97471e+01  1.00003e+00  1.00001e+00
 1.97679e+01  9.99911e-01  1.00001e+00
 1.97888e+01  9.99931e-01  1.00002e+00
 1.98096e+01  9.99306e-01  1.00002e+00
 1.98304e+01  9.99741e-01  1.00003e+00
 1.98522e+01  9.99402e-01  1.00003e+00
 1.98742e+01  9.99943e-01  1.00004e+00
 1.98950e+01  1.00041e+00  1.00004e+00
 1.99159e+01  1.00047e+00  1.00005e+00
 1.99367e+01  1.00040e+00  1.00005e+00
 1.99575e+01  9.99887e-01  1.00006e+00
 1.99784e+01  9.99943e-01  1.00006e+00
 1.99992e+01  9.99717e-01  1.00007e+00
 2.00237e+01  1.00003e+00  1.00007e+00
 2.00450e+01  1.00014e+00  1.00008e+00
 2.00674e+01  9.99634e-01  1.00008e+00
 2.00888e+01  9.98706e-01  1.00009e+00
 2.01096e+01  1.00032e+00  1.00009e+00
 2.01304e+01  1.00014e+00  1.00010e+00
 2.01513e+01  1.00019e+00  1.00010e+00
 2.01721e+01  9.99299e-01  1.00011e+00
 2.01929e+01  9.98989e-01  1.00011e+00
 2.02138e+01  9.99846e-01  1.00012e+00
 2.02346e+01  9.99812e-01  1.00012e+00
 2.02554e+01  9.99996e-01  1.00013e+00
 2.02783e+01  1.00012e+00  1.00013e+00
 2.02992e+01  1.00003e+00  1.00013e+00
 2.03219e+01  1.00036e+00  1.00014e+00
 2.03429e+01  9.99311e-01  1.00014e+00
 2.03638e+01  1.00028e+00  1.00015e+00
 2.03846e+01  9.99651e-01  1.00015e+00
 2.04054e+01  1.00106e+00  1.00016e+00
 2.04275e+01  1.00021e+00  1.00016e+00
 2.04492e+01  1.00029e+00  1.00016e+00
 2.04700e+01  1.00015e+00  1.00017e+00
 2.04909e+01  1.00095e+00  1.00017e+00
 2.05117e+01  9.99973e-01  1.00018e+00
 2.05325e+01  9.99664e-01  1.00018e+00
 2.05534e+01  9.99978e-01  1.00018e+00
 2.05747e+01  1.00025e+00  1.00019e+00
 2.05971e+01  1.00002e+00  1.00019e+00
 2.06179e+01  9.99863e-01  1.00020e+00
 2.06402e+01  1.00056e+00  1.00020e+00
 2.06617e+01  9.99596e-01  1.00020e+00
 2.06825e+01  1.00012e+00  1.00021e+00
 2.07033e+01  1.00045e+00  1.00021e+00
 2.07242e+01  1.00118e+00  1.00021e+00
 2.07450e+01  1.00014e+00  1.00022e+00
 2.07658e+01  1.00012e+00  1.00022e+00
 2.07867e+01  1.00017e+00  1.00022e+00
 2.08075e+01  1.00074e+00  1.00023e+00
 2.08283e+01  1.00062e+00  1.00023e+00
 2.08492e+01  1.00089e+00  1.00023e+00
 2.08700e+01  1.00094e+00  1.00024e+00
 2.08909e+01  1.00041e+00  1.00024e+00
 2.09117e+01  1.00014e+00  1.00024e+00
 2.09325e+01  1.00002e+00  1.00025e+00
 2.09534e+01  9.99742e-01  1.00025e+00
 2.09742e+01  9.99544e-01  1.00025e+00
 2.09950e+01  1.00034e+00  1.00026e+00
 2.10159e+01  9.99999e-01  1.00026e+00
 2.10367e+01  9.99832e-01  1.00026e+00
 2.10575e+01  1.00089e+00  1.00027e+00
 2.10784e+01  9.99856e-01  1.00027e+00
 2.10992e+01  9.99752e-01  1.00027e+00
 2.11200e+01  9.99143e-01  1.00027e+00
 2.11409e+01  1.00019e+00  1.00028e+00
 2.11631e+01  9.99524e-01  1.00028e+00
 2.11846e+01  9.99679e-01  1.00028e+00
 2.12054e+01  1.00016e+00  1.00029e+00
 2.12284e+01  1.00053e+00  1.00029e+00
 2.12492e+01  1.00017e+00  1.00029e+00
 2.12721e+01  1.00091e+00  1.00030e+00
 2.12929e+01  1.00113e+00  1.00030e+00
 2.13138e+01  1.00033e+00  1.00030e+00
 2.13346e+01  1.00033e+00  1.00030e+00
 2.13554e+01  1.00090e+00  1.00031e+00
 2.13763e+01  1.00005e+00  1.00031e+00
 2.13971e+01  1.00009e+00  1.00031e+00
 2.14179e+01  1.00011e+00  1.00031e+00
 2.14395e+01  1.00053e+00  1.00032e+00
 2.14617e+01  1.00020e+00  1.00032e+00
 2.14825e+01  1.00066e+00  1.00032e+00
 2.15041e+01  9.99292e-01  1.00033e+00
 2.15263e+01  9.99241e-01  1.00033e+00
 2.15471e+01  9.99576e-01  1.00033e+00
 2.15700e+01  9.99521e-01  1.00033e+00
 2.15908e+01  9.99982e-01  1.00034e+00
 2.16117e+01  1.00033e+00  1.00034e+00
 2.16350e+01  1.00008e+00  1.00034e+00
 2.16588e+01  1.00015e+00  1.00034e+00
 2.16804e+01  1.00076e+00  1.00035e+00
 2.17013e+01  1.00001e+00  1.00035e+00
 2.17221e+01  1.00026e+00  1.00035e+00
 2.17429e+01  9.99390e-01  1.00035e+00
 2.17638e+01  1.00090e+00  1.00036e+00
 2.17846e+01  9.99899e-01  1.00036e+00
 2.18056e+01  9.99835e-01  1.00036e+00
 2.18283e+01  1.00011e+00  1.00036e+00
 2.18492e+01  1.00069e+00  1.00037e+00
 2.18700e+01  9.99764e-01  1.00037e+00
 2.18964e+01  9.99526e-01  1.00037e+00
 2.19195e+01  1.00050e+00  1.00038e+00
 2.19409e+01  9.99772e-01  1.00038e+00
 2.19617e+01  9.99484e-01  1.00038e+00
 2.19825e+01  9.99977e-01  1.00038e+00
 2.20054e+01  9.99641e-01  1.00038e+00
 2.20263e+01  9.99860e-01  1.00039e+00
 2.20471e+01  9.99956e-01  1.00039e+00
 2.20679e+01  9.99531e-01  1.00039e+00
 2.20888e+01  9.99568e-01  1.00039e+00
 2.21117e+01  9.99972e-01  1.00040e+00
 2.21325e+01  9.98980e-01  1.00040e+00
 2.21534e+01  9.99261e-01  1.00040e+00
 2.21742e+01  9.99410e-01  1.00040e+00
 2.21950e+01  9.99718e-01  1.00041e+00
 2.22159e+01  9.99689e-01  1.00041e+00
 2.22367e+01  9.99476e-01  1.00041e+00
 2.22596e+01  9.99229e-01  1.00041e+00
 2.22804e+01  9.99538e-01  1.00042e+00
 2.23013e+01  9.99091e-01  1.00042e+00
 2.23221e+01  1.00010e+00  1.00042e+00
 2.23429e+01  1.00027e+00  1.00042e+00
 2.23659e+01  1.00018e+00  1.00042e+00
 2.23867e+01  9.99234e-01  1.00043e+00
 2.24096e+01  9.99877e-01  1.00043e+00
 2.24318e+01  9.99834e-01  1.00043e+00
 2.24535e+01  9.99260e-01  1.00043e+00
 2.24763e+01  9.99697e-01  1.00044e+00
 2.24971e+01  9.99264e-01  1.00044e+00
 2.25188e+01  1.00002e+00  1.00044e+00
 2.25409e+01  1.00039e+00  1.00044e+00
 2.25617e+01  9.99702e-01  1.00045e+00
 2.25855e+01  9.99823e-01  1.00045e+00
 2.26111e+01  1.00013e+00  1.00045e+00
 2.26325e+01  1.00007e+00  1.00045e+00
 2.26534e+01  9.99587e-01  1.00046e+00
 2.26742e+01  9.99567e-01  1.00046e+00
 2.26950e+01  9.99207e-01  1.00046e+00
 2.27179e+01  9.99400e-01  1.00046e+00
 2.27388e+01  1.00020e+00  1.00046e+00
 2.27596e+01  1.00031e+00  1.00047e+00
 2.27825e+01  9.99794e-01  1.00047e+00
 2.28034e+01  9.99259e-01  1.00047e+00
 2.28256e+01  1.00021e+00  1.00047e+00
 2.28492e+01  9.98976e-01  1.00048e+00
 2.28707e+01  9.99648e-01  1.00048e+00
 2.28943e+01  1.00045e+00  1.00048e+00
 2.29159e+01  1.00073e+00  1.00048e+00
 2.29456e+01  9.99968e-01  1.00049e+00
 2.29728e+01  9.99262e-01  1.00049e+00
 2.30082e+01  1.00041e+00  1.00049e+00
 2.30455e+01  1.00040e+00  1.00050e+00
 2.30780e+01  9.99968e-01  1.00050e+00
 2.31111e+01  9.99769e-01  1.00051e+00
 2.31476e+01  9.99872e-01  1.00051e+00
 2.31801e+01  1.00025e+00  1.00051e+00
 2.32115e+01  9.99358e-01  1.00052e+00
 2.32404e+01  9.99726e-01  1.00052e+00
 2.32759e+01  9.99917e-01  1.00052e+00
 2.33080e+01  1.00023e+00  1.00053e+00
 2.33398e+01  1.00026e+00  1.00053e+00
 2.33705e+01  1.00052e+00  1.00054e+00
 2.34068e+01  1.00044e+00  1.00054e+00
 2.34379e+01  9.99501e-01  1.00054e+00
 2.34709e+01  1.00058e+00  1.00055e+00
 2.35064e+01  1.00073e+00  1.00055e+00
 2.35343e+01  1.00147e+00  1.00055e+00
 2.35656e+01  1.00134e+00  1.00056e+00
 2.35968e+01  1.00140e+00  1.00056e+00
 2.36323e+01  9.99837e-01  1.00057e+00
 2.36676e+01  1.00629e+00  1.00057e+00
 2.37169e+01  1.00027e+00  1.00058e+00
 2.37736e+01  1.00073e+00  1.00058e+00
 2.38080e+01  1.00087e+00  1.00059e+00
 2.38397e+01  1.00118e+00  1.00059e+00
 2.38747e+01  1.00102e+00  1.00060e+00
 2.39177e+01  1.00075e+00  1.00060e+00
 2.39518e+01  9.99754e-01  1.00061e+00
 2.39899e+01  9.99878e-01  1.00061e+00
 2.40260e+01  9.99898e-01  1.00062e+00
 2.40637e+01  1.00008e+00  1.00062e+00
 2.41031e+01  9.99977e-01  1.00063e+00
 2.41449e+01  1.00064e+00  1.00063e+00
 2.41810e+01  1.00093e+00  1.00064e+00
 2.42168e+01  9.99704e-01  1.00064e+00
 2.42512e+01  9.99591e-01  1.00065e+00
 2.42866e+01  9.98811e-01  1.00065e+00
 2.43246e+01  1.00055e+00  1.00066e+00
 2.43628e+01  1.00236e+00  1.00066e+00
 2.44033e+01  1.00009e+00  1.00067e+00
 2.44449e+01  1.00068e+00  1.00067e+00
 2.44866e+01  1.00002e+00  1.00068e+00
 2.45283e+01  1.00016e+00  1.00069e+00
 2.45699e+01  9.99672e-01  1.00069e+00
 2.46071e+01  1.00086e+00  1.00070e+00
 2.46345e+01  1.00027e+00  1.00070e+00
 2.46620e+01  1.00044e+00  1.00070e+00
 2.46924e+01  1.00067e+00  1.00071e+00
 2.47243e+01  9.99519e-01  1.00071e+00
 2.47528e+01  9.99374e-01  1.00072e+00
 2.47827e+01  9.99096e-01  1.00072e+00
 2.48206e+01  9.99502e-01  1.00073e+00
 2.48544e+01  1.00046e+00  1.00073e+00
 2.48842e+01  9.99030e-01  1.00074e+00
 2.49191e+01  9.99682e-01  1.00074e+00
 2.49522e+01  1.00004e+00  1.00075e+00
 2.49870e+01  9.99305e-01  1.00075e+00
 2.50198e+01  9.99450e-01  1.00076e+00
