1024
 3.19500e-03  9.97507e-01  9.96582e-01
 8.43900e-03  9.96257e-01  9.96552e-01
 1.41080e-02  9.96869e-01  9.96526e-01
 1.93960e-02  9.96409e-01  9.96507e-01
 2.50780e-02  9.97050e-01  9.96491e-01
 3.03950e-02  9.96244e-01  9.96481e-01
 3.59950e-02  9.96291e-01  9.96475e-01
 4.16260e-02  9.95854e-01  9.96473e-01
 4.74540e-02  9.96984e-01  9.96476e-01
 5.31560e-02  9.95834e-01  9.96483e-01
 5.88070e-02  9.95331e-01  9.96493e-01
 6.56950e-02  9.96521e-01  9.96511e-01
 7.25900e-02  9.94955e-01  9.96533e-01
 7.81630e-02  1.00145e+00  9.96554e-01
 8.36530e-02  9.95419e-01  9.96578e-01
 8.93050e-02  9.96450e-01  9.96605e-01
 9.55430e-02  9.95754e-01  9.96637e-01
 1.01109e-01  9.95895e-01  9.96668e-01
 1.06803e-01  9.96724e-01  9.96702e-01
 1.12359e-01  9.96204e-01  9.96737e-01
 1.18268e-01  1.00338e+00  9.96776e-01
 1.23556e-01  9.95697e-01  9.96813e-01
 1.29228e-01  9.96729e-01  9.96853e-01
 1.34585e-01  9.95546e-01  9.96892e-01
 1.40135e-01  9.96049e-01  9.96934e-01
 1.45890e-01  9.95826e-01  9.96978e-01
 1.51634e-01  9.96639e-01  9.97024e-01
 1.57481e-01  9.95402e-01  9.97071e-01
 1.63081e-01  9.99909e-01  9.97117e-01
 1.69169e-01  9.96490e-01  9.97167e-01
 1.75124e-01  9.96759e-01  9.97217e-01
 1.80862e-01  9.95752e-01  9.97265e-01
 1.86585e-01  9.96241e-01  9.97314e-01
 1.92247e-01  9.96654e-01  9.97363e-01
 1.97781e-01  9.95737e-01  9.97410e-01
 2.03510e-01  1.00289e+00  9.97460e-01
 2.09339e-01  9.96161e-01  9.97510e-01
 2.14652e-01  9.96804e-01  9.97556e-01
 2.20338e-01  9.95983e-01  9.97605e-01
 2.25581e-01  9.96609e-01  9.97651e-01
 2.31240e-01  9.96988e-01  9.97699e-01
 2.36572e-01  9.96745e-01  9.97745e-01
 2.42233e-01  9.96295e-01  9.97793e-01
 2.47954e-01  9.96263e-01  9.97842e-01
 2.53718e-01  9.96316e-01  9.97891e-01
 2.59063e-01  9.96092e-01  9.97936e-01
 2.64716e-01  9.96568e-01  9.97983e-01
 2.70344e-01  9.97086e-01  9.98029e-01
 2.76123e-01  9.97207e-01  9.98077e-01
 2.82310e-01  9.95932e-01  9.98127e-01
 2.87562e-01  9.96825e-01  9.98169e-01
 2.93184e-01  1.00392e+00  9.98214e-01
 2.98583e-01  9.97262e-01  9.98257e-01
 3.04994e-01  9.96886e-01  9.98307e-01
 3.10466e-01  9.97349e-01  9.98349e-01
 3.16218e-01  9.97314e-01  9.98393e-01
 3.21563e-01  9.97396e-01  9.98433e-01
 3.27116e-01  9.97403e-01  9.98474e-01
 3.32319e-01  9.98134e-01  9.98512e-01
 3.37578e-01  9.97523e-01  9.98550e-01
 3.42905e-01  9.97082e-01  9.98589e-01
 3.48662e-01  9.97568e-01  9.98629e-01
 3.54202e-01  9.97592e-01  9.98668e-01
 3.59429e-01  9.97905e-01  9.98704e-01
 3.64966e-01  9.97124e-01  9.98741e-01
 3.70352e-01  9.97587e-01  9.98777e-01
 3.75987e-01  9.98229e-01  9.98814e-01
 3.81322e-01  9.98886e-01  9.98849e-01
 3.87100e-01  9.98282e-01  9.98886e-01
 3.93276e-01  9.98546e-01  9.98925e-01
 3.98495e-01  9.98790e-01  9.98957e-01
 4.04013e-01  9.98376e-01  9.98991e-01
 4.09948e-01  9.97817e-01  9.99026e-01
 4.15240e-01  9.98778e-01  9.99057e-01
 4.20882e-01  9.98592e-01  9.99090e-01
 4.26265e-01  9.98272e-01  9.99121e-01
 4.31805e-01  9.98184e-01  9.99152e-01
 4.37273e-01  9.98358e-01  9.99182e-01
 4.42771e-01  9.99473e-01  9.99212e-01
 4.48818e-01  9.99207e-01  9.99244e-01
 4.54555e-01  9.99197e-01  9.99274e-01
 4.60149e-01  9.98761e-01  9.99303e-01
 4.65811e-01  9.97950e-01  9.99331e-01
 4.72448e-01  9.98595e-01  9.99364e-01
 4.77647e-01  9.98554e-01  9.99389e-01
 4.82868e-01  9.99233e-01  9.99414e-01
 4.88233e-01  9.99021e-01  9.99439e-01
 4.94498e-01  9.98828e-01  9.99468e-01
 5.00487e-01  1.00995e+00  9.99495e-01
 5.05612e-01  1.00926e+00  9.99518e-01
 5.10800e-01  9.98938e-01  9.99541e-01
 5.16453e-01  1.00762e+00  9.99565e-01
 5.21399e-01  1.00800e+00  9.99586e-01
 5.27107e-01  1.00714e+00  9.99609e-01
 5.32846e-01  1.00663e+00  9.99632e-01
 5.39056e-01  1.00619e+00  9.99657e-01
 5.44315e-01  9.98826e-01  9.99678e-01
 5.49173e-01  1.00589e+00  9.99696e-01
 5.54477e-01  1.00581e+00  9.99716e-01
 5.59394e-01  1.00525e+00  9.99734e-01
 5.64588e-01  9.99365e-01  9.99753e-01
 5.69467e-01  1.00470e+00  9.99771e-01
 5.74865e-01  1.00432e+00  9.99790e-01
 5.79725e-01  1.00365e+00  9.99806e-01
 5.85253e-01  9.99439e-01  9.99825e-01
 5.90297e-01  1.00370e+00  9.99842e-01
 5.95685e-01  1.00355e+00  9.99860e-01
 6.00575e-01  1.00269e+00  9.99875e-01
 6.05239e-01  1.00024e+00  9.99890e-01
 6.10133e-01  1.00308e+00  9.99905e-01
 6.15478e-01  1.00253e+00  9.99921e-01
 6.20352e-01  9.99905e-01  9.99936e-01
 6.25565e-01  1.00202e+00  9.99951e-01
 6.30896e-01  1.00255e+00  9.99967e-01
 6.36318e-01  1.00141e+00  9.99982e-01
 6.41639e-01  9.99801e-01  9.99997e-01
 6.46836e-01  1.00178e+00  1.00001e+00
 6.51803e-01  1.00157e+00  1.00002e+00
 6.57138e-01  1.00090e+00  1.00004e+00
 6.62212e-01  1.00065e+00  1.00005e+00
 6.67221e-01  9.99931e-01  1.00006e+00
 6.72903e-01  1.00025e+00  1.00008e+00
 6.79015e-01  1.00023e+00  1.00009e+00
 6.84371e-01  1.00054e+00  1.00011e+00
 6.90161e-01  9.99792e-01  1.00012e+00
 6.95514e-01  1.00026e+00  1.00013e+00
 7.00844e-01  1.00050e+00  1.00014e+00
 7.05716e-01  1.00000e+00  1.00015e+00
 7.10476e-01  9.99702e-01  1.00016e+00
 7.15723e-01  1.00025e+00  1.00018e+00
 7.21156e-01  1.00014e+00  1.00019e+00
 7.26074e-01  9.99946e-01  1.00020e+00
 7.30758e-01  9.99475e-01  1.00021e+00
 7.36005e-01  9.99024e-01  1.00022e+00
 7.41515e-01  1.00035e+00  1.00023e+00
 7.46395e-01  9.99737e-01  1.00024e+00
 7.51618e-01  1.00008e+00  1.00025e+00
 7.56835e-01  1.00033e+00  1.00026e+00
 7.62556e-01  9.99945e-01  1.00027e+00
 7.67773e-01  9.99853e-01  1.00028e+00
 7.73491e-01  1.00033e+00  1.00029e+00
 7.78744e-01  1.00006e+00  1.00029e+00
 7.84423e-01  1.00034e+00  1.00030e+00
 7.89626e-01  1.00042e+00  1.00031e+00
 7.94849e-01  1.00036e+00  1.00032e+00
 8.00119e-01  1.00055e+00  1.00033e+00
 8.05772e-01  1.00011e+00  1.00034e+00
 8.10961e-01  1.00027e+00  1.00034e+00
 8.16238e-01  1.00023e+00  1.00035e+00
 8.21557e-01  1.00048e+00  1.00036e+00
 8.27144e-01  1.00026e+00  1.00037e+00
 8.32325e-01  1.00023e+00  1.00037e+00
 8.38101e-01  1.00039e+00  1.00038e+00
 8.43591e-01  1.00090e+00  1.00039e+00
 8.49017e-01  1.00008e+00  1.00040e+00
 8.54196e-01  1.00056e+00  1.00040e+00
 8.59433e-01  1.00022e+00  1.00041e+00
 8.64960e-01  1.00020e+00  1.00042e+00
 8.70362e-01  1.00067e+00  1.00042e+00
 8.75565e-01  1.00074e+00  1.00043e+00
 8.81249e-01  1.00039e+00  1.00043e+00
 8.87022e-01  1.00033e+00  1.00044e+00
 8.92235e-01  1.00071e+00  1.00045e+00
 8.97448e-01  1.00071e+00  1.00045e+00
 9.03092e-01  1.00023e+00  1.00046e+00
 9.08903e-01  1.00077e+00  1.00046e+00
 9.14616e-01  1.00063e+00  1.00047e+00
 9.19849e-01  1.00029e+00  1.00047e+00
 9.25119e-01  1.00036e+00  1.00048e+00
 9.30772e-01  1.00083e+00  1.00048e+00
 9.36049e-01  1.00045e+00  1.00049e+00
 9.41748e-01  1.00029e+00  1.00049e+00
 9.47089e-01  1.00037e+00  1.00050e+00
 9.52926e-01  1.00145e+00  1.00050e+00
 9.58376e-01  1.00051e+00  1.00051e+00
 9.63619e-01  1.00020e+00  1.00051e+00
 9.69114e-01  1.00063e+00  1.00051e+00
 9.74542e-01  1.00068e+00  1.00052e+00
 9.79715e-01  1.00041e+00  1.00052e+00
 9.84958e-01  1.00016e+00  1.00052e+00
 9.90650e-01  1.00031e+00  1.00053e+00
 9.95876e-01  1.00050e+00  1.00053e+00
 1.00109e+00  1.00032e+00  1.00053e+00
 1.00632e+00  1.00002e+00  1.00054e+00
 1.01202e+00  1.00019e+00  1.00054e+00
 1.01777e+00  9.99503e-01  1.00054e+00
 1.02298e+00  1.00003e+00  1.00055e+00
 1.02823e+00  1.00046e+00  1.00055e+00
 1.03396e+00  9.99992e-01  1.00055e+00
 1.03962e+00  1.00036e+00  1.00055e+00
 1.04486e+00  1.00021e+00  1.00056e+00
 1.05012e+00  1.00048e+00  1.00056e+00
 1.05610e+00  1.00056e+00  1.00056e+00
 1.06253e+00  1.00085e+00  1.00056e+00
 1.06778e+00  1.00049e+00  1.00057e+00
 1.07375e+00  1.00064e+00  1.00057e+00
 1.07973e+00  1.00080e+00  1.00057e+00
 1.08543e+00  1.00073e+00  1.00057e+00
 1.09073e+00  1.00048e+00  1.00057e+00
 1.09646e+00  1.00048e+00  1.00057e+00
 1.10212e+00  1.00112e+00  1.00058e+00
 1.10736e+00  1.00119e+00  1.00058e+00
 1.11262e+00  1.00091e+00  1.00058e+00
 1.11842e+00  1.00068e+00  1.00058e+00
 1.12435e+00  1.00073e+00  1.00058e+00
 1.13028e+00  1.00103e+00  1.00058e+00
 1.13580e+00  1.00057e+00  1.00058e+00
 1.14215e+00  1.00154e+00  1.00058e+00
 1.14745e+00  1.00205e+00  1.00058e+00
 1.15267e+00  1.00132e+00  1.00058e+00
 1.15843e+00  1.00131e+00  1.00058e+00
 1.16410e+00  1.00177e+00  1.00058e+00
 1.16985e+00  1.00122e+00  1.00058e+00
 1.17512e+00  1.00079e+00  1.00058e+00
 1.18092e+00  1.00134e+00  1.00058e+00
 1.18658e+00  1.00110e+00  1.00058e+00
 1.19225e+00  1.00112e+00  1.00058e+00
 1.19778e+00  1.00105e+00  1.00058e+00
 1.20354e+00  1.00162e+00  1.00058e+00
 1.20933e+00  1.00160e+00  1.00058e+00
 1.21517e+00  1.00141e+00  1.00058e+00
 1.22094e+00  1.00109e+00  1.00058e+00
 1.22669e+00  1.00119e+00  1.00057e+00
 1.23288e+00  1.00167e+00  1.00057e+00
 1.23823e+00  1.00124e+00  1.00057e+00
 1.24411e+00  1.00137e+00  1.00057e+00
 1.25047e+00  1.00125e+00  1.00057e+00
 1.25675e+00  1.00068e+00  1.00057e+00
 1.26262e+00  1.00138e+00  1.00056e+00
 1.26853e+00  1.00074e+00  1.00056e+00
 1.27508e+00  1.00089e+00  1.00056e+00
 1.28092e+00  1.00139e+00  1.00056e+00
 1.28686e+00  1.00081e+00  1.00055e+00
 1.29265e+00  1.00069e+00  1.00055e+00
 1.29800e+00  1.00098e+00  1.00055e+00
 1.30367e+00  1.00108e+00  1.00054e+00
 1.30942e+00  1.00112e+00  1.00054e+00
 1.31515e+00  1.00152e+00  1.00054e+00
 1.32051e+00  1.00131e+00  1.00053e+00
 1.32678e+00  1.00135e+00  1.00053e+00
 1.33271e+00  1.00157e+00  1.00052e+00
 1.33862e+00  1.00171e+00  1.00052e+00
 1.34464e+00  1.00118e+00  1.00051e+00
 1.35056e+00  1.00130e+00  1.00051e+00
 1.35649e+00  1.00172e+00  1.00050e+00
 1.36236e+00  1.00139e+00  1.00050e+00
 1.36842e+00  1.00097e+00  1.00049e+00
 1.37408e+00  1.00170e+00  1.00049e+00
 1.38006e+00  1.00203e+00  1.00048e+00
 1.38580e+00  1.00212e+00  1.00048e+00
 1.39172e+00  1.00172e+00  1.00047e+00
 1.39759e+00  1.00158e+00  1.00046e+00
 1.40323e+00  1.00132e+00  1.00046e+00
 1.40897e+00  1.00178e+00  1.00045e+00
 1.41463e+00  1.00150e+00  1.00044e+00
 1.42073e+00  1.00188e+00  1.00043e+00
 1.42627e+00  1.00184e+00  1.00043e+00
 1.43240e+00  1.00145e+00  1.00042e+00
 1.43850e+00  1.00139e+00  1.00041e+00
 1.44381e+00  1.00117e+00  1.00040e+00
 1.45005e+00  1.00167e+00  1.00039e+00
 1.45632e+00  9.99661e-01  1.00038e+00
 1.46241e+00  1.00163e+00  1.00037e+00
 1.46791e+00  1.00194e+00  1.00036e+00
 1.47436e+00  1.00125e+00  1.00035e+00
 1.48015e+00  1.00120e+00  1.00034e+00
 1.48550e+00  1.00118e+00  1.00033e+00
 1.49177e+00  1.00183e+00  1.00032e+00
 1.49743e+00  1.00116e+00  1.00031e+00
 1.50268e+00  9.99688e-01  1.00030e+00
 1.50845e+00  1.00230e+00  1.00029e+00
 1.51428e+00  1.00101e+00  1.00028e+00
 1.52020e+00  1.00082e+00  1.00026e+00
 1.52612e+00  1.00111e+00  1.00025e+00
 1.53206e+00  1.00133e+00  1.00024e+00
 1.53806e+00  1.00121e+00  1.00022e+00
 1.54327e+00  9.99735e-01  1.00021e+00
 1.54852e+00  1.00143e+00  1.00020e+00
 1.55427e+00  1.00182e+00  1.00018e+00
 1.56025e+00  1.00072e+00  1.00017e+00
 1.56623e+00  1.00147e+00  1.00015e+00
 1.57156e+00  1.00118e+00  1.00014e+00
 1.57811e+00  1.00124e+00  1.00012e+00
 1.58439e+00  1.00001e+00  1.00010e+00
 1.58966e+00  1.00081e+00  1.00009e+00
 1.59534e+00  1.00090e+00  1.00007e+00
 1.60114e+00  1.00124e+00  1.00005e+00
 1.60683e+00  1.00041e+00  1.00003e+00
 1.61211e+00  1.00159e+00  1.00002e+00
 1.61817e+00  1.00147e+00  9.99996e-01
 1.62400e+00  1.00042e+00  9.99976e-01
 1.63027e+00  1.00113e+00  9.99954e-01
 1.63580e+00  1.00135e+00  9.99934e-01
 1.64172e+00  1.00090e+00  9.99912e-01
 1.64693e+00  1.00011e+00  9.99893e-01
 1.65216e+00  1.00122e+00  9.99873e-01
 1.65810e+00  1.00172e+00  9.99849e-01
 1.66420e+00  1.00106e+00  9.99824e-01
 1.66987e+00  1.00055e+00  9.99801e-01
 1.67513e+00  1.00133e+00  9.99779e-01
 1.68092e+00  1.00063e+00  9.99753e-01
 1.68668e+00  1.00009e+00  9.99728e-01
 1.69277e+00  1.00094e+00  9.99700e-01
 1.69830e+00  1.00104e+00  9.99674e-01
 1.70501e+00  1.00118e+00  9.99642e-01
 1.71074e+00  1.00066e+00  9.99615e-01
 1.71626e+00  1.00070e+00  9.99587e-01
 1.72235e+00  1.00055e+00  9.99556e-01
 1.72835e+00  1.00096e+00  9.99524e-01
 1.73392e+00  1.00041e+00  9.99495e-01
 1.73946e+00  1.00021e+00  9.99464e-01
 1.74562e+00  1.00009e+00  9.99430e-01
 1.75156e+00  1.00015e+00  9.99396e-01
 1.75683e+00  1.00022e+00  9.99365e-01
 1.76262e+00  1.00042e+00  9.99331e-01
 1.76837e+00  9.99619e-01  9.99296e-01
 1.77404e+00  9.99399e-01  9.99261e-01
 1.77930e+00  9.99977e-01  9.99228e-01
 1.78510e+00  1.00005e+00  9.99190e-01
 1.79067e+00  9.99336e-01  9.99153e-01
 1.79590e+00  1.00004e+00  9.99118e-01
 1.80128e+00  9.99872e-01  9.99082e-01
 1.80742e+00  9.99095e-01  9.99039e-01
 1.81406e+00  9.98854e-01  9.98992e-01
 1.81933e+00  9.99377e-01  9.98953e-01
 1.82512e+00  9.99320e-01  9.98911e-01
 1.83079e+00  1.00354e+00  9.98868e-01
 1.83653e+00  9.98702e-01  9.98824e-01
 1.84180e+00  9.98813e-01  9.98783e-01
 1.84770e+00  9.98515e-01  9.98736e-01
 1.85369e+00  9.98847e-01  9.98688e-01
 1.85892e+00  9.98505e-01  9.98645e-01
 1.86464e+00  9.98723e-01  9.98597e-01
 1.87088e+00  9.98167e-01  9.98544e-01
 1.87610e+00  9.98319e-01  9.98499e-01
 1.88131e+00  9.98843e-01  9.98454e-01
 1.88762e+00  9.98313e-01  9.98398e-01
 1.89328e+00  9.98153e-01  9.98347e-01
 1.89877e+00  9.98387e-01  9.98297e-01
 1.90430e+00  9.98340e-01  9.98246e-01
 1.91098e+00  9.98448e-01  9.98183e-01
 1.91723e+00  9.97764e-01  9.98124e-01
 1.92248e+00  9.97710e-01  9.98074e-01
 1.92861e+00  9.97758e-01  9.98014e-01
 1.93451e+00  9.97139e-01  9.97956e-01
 1.94018e+00  9.97799e-01  9.97900e-01
 1.94595e+00  9.97863e-01  9.97842e-01
 1.95178e+00  9.97412e-01  9.97783e-01
 1.95785e+00  9.97386e-01  9.97721e-01
 1.96309e+00  9.96768e-01  9.97667e-01
 1.96861e+00  9.96277e-01  9.97611e-01
 1.97436e+00  9.96712e-01  9.97551e-01
 1.97973e+00  9.96703e-01  9.97495e-01
 1.98498e+00  9.96871e-01  9.97441e-01
 1.99067e+00  9.96755e-01  9.97381e-01
 1.99640e+00  9.95890e-01  9.97321e-01
 2.00162e+00  9.96262e-01  9.97267e-01
 2.00683e+00  9.96310e-01  9.97213e-01
 2.01262e+00  9.96650e-01  9.97153e-01
 2.01828e+00  9.95948e-01  9.97094e-01
 2.02351e+00  9.95967e-01  9.97041e-01
 2.02877e+00  9.96363e-01  9.96987e-01
 2.03450e+00  9.95841e-01  9.96930e-01
 2.04034e+00  9.95959e-01  9.96872e-01
 2.04618e+00  9.95990e-01  9.96815e-01
 2.05265e+00  9.94781e-01  9.96753e-01
 2.05928e+00  9.95195e-01  9.96691e-01
 2.06465e+00  9.95298e-01  9.96642e-01
 2.06997e+00  9.95502e-01  9.96596e-01
 2.07618e+00  9.94799e-01  9.96543e-01
 2.08233e+00  9.95248e-01  9.96493e-01
 2.08818e+00  9.95046e-01  9.96447e-01
 2.09537e+00  9.94755e-01  9.96395e-01
 2.10161e+00  9.94446e-01  9.96353e-01
 2.10684e+00  9.95153e-01  9.96321e-01
 2.11221e+00  9.94839e-01  9.96290e-01
 2.11879e+00  9.94698e-01  9.96256e-01
 2.12488e+00  9.94506e-01  9.96230e-01
 2.13081e+00  9.95306e-01  9.96208e-01
 2.13755e+00  9.94759e-01  9.96189e-01
 2.14353e+00  9.94764e-01  9.96177e-01
 2.14903e+00  9.94909e-01  9.96171e-01
 2.15490e+00  9.94896e-01  9.96171e-01
 2.16090e+00  9.95183e-01  9.96176e-01
 2.16671e+00  9.95502e-01  9.96187e-01
 2.17195e+00  9.95165e-01  9.96203e-01
 2.17748e+00  9.95463e-01  9.96226e-01
 2.18338e+00  9.95307e-01  9.96257e-01
 2.18860e+00  9.95464e-01  9.96292e-01
 2.19382e+00  9.95618e-01  9.96332e-01
 2.19952e+00  9.95157e-01  9.96385e-01
 2.20527e+00  9.95801e-01  9.96446e-01
 2.21049e+00  9.96667e-01  9.96509e-01
 2.21625e+00  9.96247e-01  9.96588e-01
 2.22200e+00  9.96420e-01  9.96676e-01
 2.22765e+00  9.96577e-01  9.96773e-01
 2.23289e+00  9.96192e-01  9.96871e-01
 2.23825e+00  9.96691e-01  9.96981e-01
 2.24397e+00  9.97427e-01  9.97109e-01
 2.24953e+00  9.97249e-01  9.97244e-01
 2.25476e+00  9.97633e-01  9.97381e-01
 2.26028e+00  9.97948e-01  9.97536e-01
 2.26604e+00  1.00423e+00  9.97710e-01
 2.27105e+00  1.00407e+00  9.97871e-01
 2.27630e+00  1.00354e+00  9.98050e-01
 2.28191e+00  1.00422e+00  9.98253e-01
 2.28754e+00  9.99154e-01  9.98469e-01
 2.29224e+00  1.00345e+00  9.98659e-01
 2.29757e+00  1.00385e+00  9.98885e-01
 2.30317e+00  9.99739e-01  9.99134e-01
 2.30934e+00  1.00418e+00  9.99423e-01
 2.31413e+00  1.00009e+00  9.99657e-01
 2.31899e+00  1.00390e+00  9.99903e-01
 2.32455e+00  1.00439e+00  1.00020e+00
 2.33029e+00  1.00420e+00  1.00051e+00
 2.33549e+00  1.00179e+00  1.00080e+00
 2.34118e+00  1.00199e+00  1.00114e+00
 2.34762e+00  1.00457e+00  1.00153e+00
 2.35319e+00  1.00542e+00  1.00187e+00
 2.35894e+00  1.00545e+00  1.00224e+00
 2.36448e+00  1.00591e+00  1.00260e+00
 2.37019e+00  1.00413e+00  1.00298e+00
 2.37559e+00  1.00594e+00  1.00335e+00
 2.38081e+00  1.00620e+00  1.00371e+00
 2.38722e+00  1.00522e+00  1.00415e+00
 2.39329e+00  1.00657e+00  1.00458e+00
 2.39851e+00  1.00524e+00  1.00494e+00
 2.40440e+00  1.00771e+00  1.00536e+00
 2.41065e+00  1.00756e+00  1.00580e+00
 2.41655e+00  1.00685e+00  1.00621e+00
 2.42197e+00  1.00761e+00  1.00659e+00
 2.42767e+00  1.00785e+00  1.00698e+00
 2.43391e+00  1.00918e+00  1.00740e+00
 2.43914e+00  1.00796e+00  1.00774e+00
 2.44477e+00  1.00835e+00  1.00810e+00
 2.45093e+00  1.00857e+00  1.00848e+00
 2.45683e+00  1.01576e+00  1.00883e+00
 2.46215e+00  1.00923e+00  1.00913e+00
 2.46794e+00  1.01023e+00  1.00944e+00
 2.47411e+00  1.00993e+00  1.00976e+00
 2.47975e+00  1.01034e+00  1.01002e+00
 2.48499e+00  1.01042e+00  1.01025e+00
 2.49086e+00  1.01105e+00  1.01049e+00
 2.49701e+00  1.01026e+00  1.01071e+00
 2.50270e+00  1.01040e+00  1.01089e+00
 2.50795e+00  1.01063e+00  1.01103e+00
 2.51370e+00  1.01191e+00  1.01116e+00
 2.51933e+00  1.01149e+00  1.01126e+00
 2.52465e+00  1.01106e+00  1.01134e+00
 2.53157e+00  1.01152e+00  1.01140e+00
 2.53810e+00  1.01029e+00  1.01142e+00
 2.54382e+00  1.01132e+00  1.01140e+00
 2.54910e+00  1.01036e+00  1.01137e+00
 2.55517e+00  1.01024e+00  1.01130e+00
 2.56143e+00  1.02470e+00  1.01119e+00
 2.56624e+00  1.01019e+00  1.01109e+00
 2.57211e+00  1.01043e+00  1.01095e+00
 2.57854e+00  1.01003e+00  1.01076e+00
 2.58444e+00  1.01932e+00  1.01056e+00
 2.58967e+00  1.00915e+00  1.01036e+00
 2.59537e+00  1.00933e+00  1.01012e+00
 2.60112e+00  1.00901e+00  1.00986e+00
 2.60634e+00  1.01632e+00  1.00961e+00
 2.61194e+00  1.00835e+00  1.00933e+00
 2.61846e+00  1.00847e+00  1.00898e+00
 2.62405e+00  1.02426e+00  1.00866e+00
 2.62960e+00  1.00684e+00  1.00833e+00
 2.63583e+00  1.00747e+00  1.00796e+00
 2.64173e+00  1.00720e+00  1.00759e+00
 2.64739e+00  1.00677e+00  1.00722e+00
 2.65321e+00  1.00621e+00  1.00685e+00
 2.65899e+00  1.00598e+00  1.00646e+00
 2.66519e+00  1.01028e+00  1.00605e+00
 2.67048e+00  1.00575e+00  1.00570e+00
 2.67699e+00  1.00537e+00  1.00526e+00
 2.68314e+00  1.00490e+00  1.00485e+00
 2.68865e+00  1.00891e+00  1.00448e+00
 2.69427e+00  1.00422e+00  1.00411e+00
 2.70015e+00  1.00345e+00  1.00372e+00
 2.70616e+00  1.00658e+00  1.00333e+00
 2.71244e+00  1.00344e+00  1.00294e+00
 2.71933e+00  1.00293e+00  1.00251e+00
 2.72557e+00  1.00286e+00  1.00213e+00
 2.73082e+00  1.00540e+00  1.00183e+00
 2.73707e+00  1.00198e+00  1.00147e+00
 2.74295e+00  1.00184e+00  1.00114e+00
 2.74923e+00  1.00361e+00  1.00081e+00
 2.75504e+00  1.00116e+00  1.00051e+00
 2.76051e+00  1.00402e+00  1.00023e+00
 2.76623e+00  1.00040e+00  9.99961e-01
 2.77247e+00  1.00281e+00  9.99676e-01
 2.77860e+00  1.00297e+00  9.99409e-01
 2.78399e+00  9.99824e-01  9.99185e-01
 2.78966e+00  1.00089e+00  9.98960e-01
 2.79488e+00  9.99386e-01  9.98764e-01
 2.80064e+00  1.00111e+00  9.98558e-01
 2.80658e+00  9.98552e-01  9.98357e-01
 2.81313e+00  9.99998e-01  9.98150e-01
 2.81957e+00  1.00032e+00  9.97961e-01
 2.82516e+00  9.98466e-01  9.97807e-01
 2.83082e+00  1.00208e+00  9.97662e-01
 2.83601e+00  9.99016e-01  9.97537e-01
 2.84230e+00  9.99786e-01  9.97397e-01
 2.84824e+00  9.96997e-01  9.97276e-01
 2.85425e+00  9.98452e-01  9.97164e-01
 2.85974e+00  9.97323e-01  9.97070e-01
 2.86573e+00  9.98388e-01  9.96977e-01
 2.87141e+00  9.97014e-01  9.96897e-01
 2.87667e+00  1.00265e+00  9.96830e-01
 2.88240e+00  9.97865e-01  9.96765e-01
 2.88819e+00  9.96171e-01  9.96706e-01
 2.89383e+00  9.96817e-01  9.96656e-01
 2.90428e+00  9.97507e-01  9.96582e-01
 2.90952e+00  9.96257e-01  9.96552e-01
 2.91519e+00  9.96869e-01  9.96526e-01
 2.92048e+00  9.96409e-01  9.96507e-01
 2.92616e+00  9.97050e-01  9.96491e-01
 2.93148e+00  9.96244e-01  9.96481e-01
 2.93708e+00  9.96291e-01  9.96475e-01
 2.94271e+00  9.95854e-01  9.96473e-01
 2.94854e+00  9.96984e-01  9.96476e-01
 2.95424e+00  9.95834e-01  9.96483e-01
 2.95989e+00  9.95331e-01  9.96493e-01
 2.96678e+00  9.96521e-01  9.96511e-01
 2.97368e+00  9.94955e-01  9.96533e-01
 2.97925e+00  1.00145e+00  9.96554e-01
 2.98474e+00  9.95419e-01  9.96578e-01
 2.99039e+00  9.96450e-01  9.96605e-01
 2.99663e+00  9.95754e-01  9.96637e-01
 3.00219e+00  9.95895e-01  9.96668e-01
 3.00789e+00  9.96724e-01  9.96702e-01
 3.01344e+00  9.96204e-01  9.96737e-01
 3.01935e+00  1.00338e+00  9.96776e-01
 3.02464e+00  9.95697e-01  9.96813e-01
 3.03031e+00  9.96729e-01  9.96853e-01
 3.03567e+00  9.95546e-01  9.96892e-01
 3.04122e+00  9.96049e-01  9.96934e-01
 3.04698e+00  9.95826e-01  9.96979e-01
 3.05272e+00  9.96639e-01  9.97024e-01
 3.05857e+00  9.95402e-01  9.97071e-01
 3.06417e+00  9.99909e-01  9.97117e-01
 3.07025e+00  9.96490e-01  9.97167e-01
 3.07621e+00  9.96759e-01  9.97217e-01
 3.08195e+00  9.95752e-01  9.97265e-01
 3.08767e+00  9.96241e-01  9.97314e-01
 3.09333e+00  9.96654e-01  9.97363e-01
 3.09887e+00  9.95737e-01  9.97410e-01
 3.10460e+00  1.00289e+00  9.97460e-01
 3.11042e+00  9.96161e-01  9.97510e-01
 3.11574e+00  9.96804e-01  9.97556e-01
 3.12142e+00  9.95983e-01  9.97605e-01
 3.12667e+00  9.96609e-01  9.97651e-01
 3.13232e+00  9.96988e-01  9.97699e-01
 3.13766e+00  9.96745e-01  9.97745e-01
 3.14332e+00  9.96295e-01  9.97793e-01
 3.14904e+00  9.96263e-01  9.97842e-01
 3.15480e+00  9.96316e-01  9.97891e-01
 3.16015e+00  9.96092e-01  9.97936e-01
 3.16580e+00  9.96568e-01  9.97983e-01
 3.17143e+00  9.97086e-01  9.98029e-01
 3.17721e+00  9.97207e-01  9.98077e-01
 3.18339e+00  9.95932e-01  9.98127e-01
 3.18865e+00  9.96825e-01  9.98169e-01
 3.19427e+00  1.00392e+00  9.98214e-01
 3.19967e+00  9.97262e-01  9.98257e-01
 3.20608e+00  9.96886e-01  9.98307e-01
 3.21155e+00  9.97349e-01  9.98349e-01
 3.21730e+00  9.97314e-01  9.98393e-01
 3.22265e+00  9.97396e-01  9.98433e-01
 3.22820e+00  9.97403e-01  9.98474e-01
 3.23340e+00  9.98134e-01  9.98512e-01
 3.23866e+00  9.97523e-01  9.98550e-01
 3.24399e+00  9.97082e-01  9.98589e-01
 3.24975e+00  9.97568e-01  9.98629e-01
 3.25529e+00  9.97592e-01  9.98668e-01
 3.26051e+00  9.97905e-01  9.98704e-01
 3.26605e+00  9.97124e-01  9.98741e-01
 3.27144e+00  9.97587e-01  9.98777e-01
 3.27707e+00  9.98229e-01  9.98814e-01
 3.28241e+00  9.98886e-01  9.98849e-01
 3.28818e+00  9.98282e-01  9.98886e-01
 3.29436e+00  9.98546e-01  9.98925e-01
 3.29958e+00  9.98790e-01  9.98957e-01
 3.30510e+00  9.98376e-01  9.98991e-01
 3.31103e+00  9.97817e-01  9.99026e-01
 3.31633e+00  9.98778e-01  9.99057e-01
 3.32197e+00  9.98592e-01  9.99090e-01
 3.32735e+00  9.98272e-01  9.99121e-01
 3.33289e+00  9.98184e-01  9.99152e-01
 3.33836e+00  9.98358e-01  9.99182e-01
 3.34386e+00  9.99473e-01  9.99212e-01
 3.34990e+00  9.99207e-01  9.99244e-01
 3.35564e+00  9.99197e-01  9.99274e-01
 3.36123e+00  9.98761e-01  9.99303e-01
 3.36690e+00  9.97950e-01  9.99331e-01
 3.37353e+00  9.98595e-01  9.99364e-01
 3.37873e+00  9.98554e-01  9.99389e-01
 3.38395e+00  9.99233e-01  9.99414e-01
 3.38932e+00  9.99021e-01  9.99439e-01
 3.39558e+00  9.98828e-01  9.99468e-01
 3.40157e+00  1.00995e+00  9.99495e-01
 3.40670e+00  1.00926e+00  9.99518e-01
 3.41188e+00  9.98938e-01  9.99541e-01
 3.41754e+00  1.00762e+00  9.99565e-01
 3.42248e+00  1.00800e+00  9.99586e-01
 3.42819e+00  1.00714e+00  9.99609e-01
 3.43393e+00  1.00663e+00  9.99632e-01
 3.44014e+00  1.00619e+00  9.99657e-01
 3.44540e+00  9.98826e-01  9.99678e-01
 3.45026e+00  1.00589e+00  9.99696e-01
 3.45556e+00  1.00581e+00  9.99716e-01
 3.46048e+00  1.00525e+00  9.99734e-01
 3.46567e+00  9.99365e-01  9.99753e-01
 3.47055e+00  1.00470e+00  9.99771e-01
 3.47595e+00  1.00432e+00  9.99790e-01
 3.48081e+00  1.00365e+00  9.99806e-01
 3.48634e+00  9.99439e-01  9.99825e-01
 3.49138e+00  1.00370e+00  9.99842e-01
 3.49677e+00  1.00355e+00  9.99860e-01
 3.50166e+00  1.00269e+00  9.99875e-01
 3.50632e+00  1.00024e+00  9.99890e-01
 3.51122e+00  1.00308e+00  9.99905e-01
 3.51656e+00  1.00253e+00  9.99921e-01
 3.52144e+00  9.99905e-01  9.99936e-01
 3.52665e+00  1.00202e+00  9.99951e-01
 3.53198e+00  1.00255e+00  9.99967e-01
 3.53740e+00  1.00141e+00  9.99982e-01
 3.54272e+00  9.99801e-01  9.99997e-01
 3.54792e+00  1.00178e+00  1.00001e+00
 3.55289e+00  1.00157e+00  1.00002e+00
 3.55822e+00  1.00090e+00  1.00004e+00
 3.56330e+00  1.00065e+00  1.00005e+00
 3.56831e+00  9.99931e-01  1.00006e+00
 3.57399e+00  1.00025e+00  1.00008e+00
 3.58010e+00  1.00023e+00  1.00009e+00
 3.58546e+00  1.00054e+00  1.00011e+00
 3.59125e+00  9.99792e-01  1.00012e+00
 3.59660e+00  1.00026e+00  1.00013e+00
 3.60193e+00  1.00050e+00  1.00014e+00
 3.60680e+00  1.00000e+00  1.00015e+00
 3.61156e+00  9.99702e-01  1.00016e+00
 3.61681e+00  1.00025e+00  1.00018e+00
 3.62224e+00  1.00014e+00  1.00019e+00
 3.62716e+00  9.99946e-01  1.00020e+00
 3.63184e+00  9.99475e-01  1.00021e+00
 3.63709e+00  9.99024e-01  1.00022e+00
 3.64260e+00  1.00035e+00  1.00023e+00
 3.64748e+00  9.99737e-01  1.00024e+00
 3.65270e+00  1.00008e+00  1.00025e+00
 3.65792e+00  1.00033e+00  1.00026e+00
 3.66364e+00  9.99945e-01  1.00027e+00
 3.66886e+00  9.99853e-01  1.00028e+00
 3.67458e+00  1.00033e+00  1.00029e+00
 3.67983e+00  1.00006e+00  1.00029e+00
 3.68551e+00  1.00034e+00  1.00030e+00
 3.69071e+00  1.00042e+00  1.00031e+00
 3.69593e+00  1.00036e+00  1.00032e+00
 3.70120e+00  1.00055e+00  1.00033e+00
 3.70686e+00  1.00011e+00  1.00034e+00
 3.71205e+00  1.00027e+00  1.00034e+00
 3.71732e+00  1.00023e+00  1.00035e+00
 3.72264e+00  1.00048e+00  1.00036e+00
 3.72823e+00  1.00026e+00  1.00037e+00
 3.73341e+00  1.00023e+00  1.00037e+00
 3.73919e+00  1.00039e+00  1.00038e+00
 3.74468e+00  1.00090e+00  1.00039e+00
 3.75010e+00  1.00008e+00  1.00040e+00
 3.75528e+00  1.00056e+00  1.00040e+00
 3.76052e+00  1.00022e+00  1.00041e+00
 3.76605e+00  1.00020e+00  1.00042e+00
 3.77145e+00  1.00067e+00  1.00042e+00
 3.77665e+00  1.00074e+00  1.00043e+00
 3.78233e+00  1.00039e+00  1.00043e+00
 3.78811e+00  1.00033e+00  1.00044e+00
 3.79332e+00  1.00071e+00  1.00045e+00
 3.79853e+00  1.00071e+00  1.00045e+00
 3.80418e+00  1.00023e+00  1.00046e+00
 3.80999e+00  1.00077e+00  1.00046e+00
 3.81570e+00  1.00063e+00  1.00047e+00
 3.82093e+00  1.00029e+00  1.00047e+00
 3.82620e+00  1.00036e+00  1.00048e+00
 3.83186e+00  1.00083e+00  1.00048e+00
 3.83713e+00  1.00045e+00  1.00049e+00
 3.84283e+00  1.00029e+00  1.00049e+00
 3.84817e+00  1.00037e+00  1.00050e+00
 3.85401e+00  1.00145e+00  1.00050e+00
 3.85946e+00  1.00051e+00  1.00051e+00
 3.86470e+00  1.00020e+00  1.00051e+00
 3.87020e+00  1.00063e+00  1.00051e+00
 3.87563e+00  1.00068e+00  1.00052e+00
 3.88080e+00  1.00041e+00  1.00052e+00
 3.88604e+00  1.00016e+00  1.00052e+00
 3.89174e+00  1.00031e+00  1.00053e+00
 3.89696e+00  1.00050e+00  1.00053e+00
 3.90218e+00  1.00032e+00  1.00053e+00
 3.90740e+00  1.00002e+00  1.00054e+00
 3.91311e+00  1.00019e+00  1.00054e+00
 3.91886e+00  9.99503e-01  1.00054e+00
 3.92406e+00  1.00003e+00  1.00055e+00
 3.92931e+00  1.00046e+00  1.00055e+00
 3.93505e+00  9.99992e-01  1.00055e+00
 3.94070e+00  1.00036e+00  1.00055e+00
 3.94594e+00  1.00021e+00  1.00056e+00
 3.95120e+00  1.00048e+00  1.00056e+00
 3.95718e+00  1.00056e+00  1.00056e+00
 3.96362e+00  1.00085e+00  1.00056e+00
 3.96886e+00  1.00049e+00  1.00057e+00
 3.97483e+00  1.00064e+00  1.00057e+00
 3.98082e+00  1.00080e+00  1.00057e+00
 3.98651e+00  1.00073e+00  1.00057e+00
 3.99181e+00  1.00048e+00  1.00057e+00
 3.99755e+00  1.00048e+00  1.00057e+00
 4.00320e+00  1.00112e+00  1.00058e+00
 4.00844e+00  1.00119e+00  1.00058e+00
 4.01370e+00  1.00091e+00  1.00058e+00
 4.01951e+00  1.00068e+00  1.00058e+00
 4.02544e+00  1.00073e+00  1.00058e+00
 4.03136e+00  1.00103e+00  1.00058e+00
 4.03689e+00  1.00057e+00  1.00058e+00
 4.04324e+00  1.00154e+00  1.00058e+00
 4.04853e+00  1.00205e+00  1.00058e+00
 4.05376e+00  1.00132e+00  1.00058e+00
 4.05952e+00  1.00131e+00  1.00058e+00
 4.06518e+00  1.00177e+00  1.00058e+00
 4.07093e+00  1.00122e+00  1.00058e+00
 4.07620e+00  1.00079e+00  1.00058e+00
 4.08201e+00  1.00134e+00  1.00058e+00
 4.08766e+00  1.00110e+00  1.00058e+00
 4.09334e+00  1.00112e+00  1.00058e+00
 4.09887e+00  1.00105e+00  1.00058e+00
 4.10462e+00  1.00162e+00  1.00058e+00
 4.11042e+00  1.00160e+00  1.00058e+00
 4.11626e+00  1.00141e+00  1.00058e+00
 4.12203e+00  1.00109e+00  1.00058e+00
 4.12777e+00  1.00119e+00  1.00057e+00
 4.13396e+00  1.00167e+00  1.00057e+00
 4.13931e+00  1.00124e+00  1.00057e+00
 4.14520e+00  1.00137e+00  1.00057e+00
 4.15156e+00  1.00125e+00  1.00057e+00
 4.15783e+00  1.00068e+00  1.00057e+00
 4.16371e+00  1.00138e+00  1.00056e+00
 4.16961e+00  1.00074e+00  1.00056e+00
 4.17616e+00  1.00089e+00  1.00056e+00
 4.18201e+00  1.00139e+00  1.00056e+00
 4.18794e+00  1.00081e+00  1.00055e+00
 4.19374e+00  1.00069e+00  1.00055e+00
 4.19908e+00  1.00098e+00  1.00055e+00
 4.20476e+00  1.00108e+00  1.00054e+00
 4.21051e+00  1.00112e+00  1.00054e+00
 4.21624e+00  1.00152e+00  1.00054e+00
 4.22160e+00  1.00131e+00  1.00053e+00
 4.22787e+00  1.00135e+00  1.00053e+00
 4.23379e+00  1.00157e+00  1.00052e+00
 4.23970e+00  1.00171e+00  1.00052e+00
 4.24573e+00  1.00118e+00  1.00051e+00
 4.25164e+00  1.00130e+00  1.00051e+00
 4.25758e+00  1.00172e+00  1.00050e+00
 4.26344e+00  1.00139e+00  1.00050e+00
 4.26951e+00  1.00097e+00  1.00049e+00
 4.27516e+00  1.00170e+00  1.00049e+00
 4.28115e+00  1.00203e+00  1.00048e+00
 4.28689e+00  1.00212e+00  1.00048e+00
 4.29280e+00  1.00172e+00  1.00047e+00
 4.29867e+00  1.00158e+00  1.00046e+00
 4.30431e+00  1.00132e+00  1.00046e+00
 4.31006e+00  1.00178e+00  1.00045e+00
 4.31571e+00  1.00150e+00  1.00044e+00
 4.32182e+00  1.00188e+00  1.00043e+00
 4.32735e+00  1.00184e+00  1.00043e+00
 4.33349e+00  1.00145e+00  1.00042e+00
 4.33959e+00  1.00139e+00  1.00041e+00
 4.34489e+00  1.00117e+00  1.00040e+00
 4.35114e+00  1.00167e+00  1.00039e+00
 4.35741e+00  9.99661e-01  1.00038e+00
 4.36350e+00  1.00163e+00  1.00037e+00
 4.36899e+00  1.00194e+00  1.00036e+00
 4.37544e+00  1.00125e+00  1.00035e+00
 4.38124e+00  1.00120e+00  1.00034e+00
 4.38659e+00  1.00118e+00  1.00033e+00
 4.39286e+00  1.00183e+00  1.00032e+00
 4.39851e+00  1.00116e+00  1.00031e+00
 4.40376e+00  9.99688e-01  1.00030e+00
 4.40954e+00  1.00230e+00  1.00029e+00
 4.41537e+00  1.00101e+00  1.00028e+00
 4.42129e+00  1.00082e+00  1.00026e+00
 4.42720e+00  1.00111e+00  1.00025e+00
 4.43315e+00  1.00133e+00  1.00024e+00
 4.43914e+00  1.00121e+00  1.00022e+00
 4.44436e+00  9.99735e-01  1.00021e+00
 4.44960e+00  1.00143e+00  1.00020e+00
 4.45536e+00  1.00182e+00  1.00018e+00
 4.46134e+00  1.00072e+00  1.00017e+00
 4.46731e+00  1.00147e+00  1.00015e+00
 4.47264e+00  1.00118e+00  1.00014e+00
 4.47919e+00  1.00124e+00  1.00012e+00
 4.48548e+00  1.00001e+00  1.00010e+00
 4.49074e+00  1.00081e+00  1.00009e+00
 4.49643e+00  1.00090e+00  1.00007e+00
 4.50222e+00  1.00124e+00  1.00005e+00
 4.50791e+00  1.00041e+00  1.00003e+00
 4.51319e+00  1.00159e+00  1.00002e+00
 4.51925e+00  1.00147e+00  9.99996e-01
 4.52509e+00  1.00042e+00  9.99976e-01
 4.53135e+00  1.00113e+00  9.99954e-01
 4.53689e+00  1.00135e+00  9.99934e-01
 4.54280e+00  1.00090e+00  9.99912e-01
 4.54801e+00  1.00011e+00  9.99893e-01
 4.55324e+00  1.00122e+00  9.99873e-01
 4.55919e+00  1.00172e+00  9.99849e-01
 4.56529e+00  1.00106e+00  9.99824e-01
 4.57095e+00  1.00055e+00  9.99801e-01
 4.57622e+00  1.00133e+00  9.99779e-01
 4.58201e+00  1.00063e+00  9.99753e-01
 4.58777e+00  1.00009e+00  9.99728e-01
 4.59385e+00  1.00094e+00  9.99700e-01
 4.59939e+00  1.00104e+00  9.99674e-01
 4.60610e+00  1.00118e+00  9.99642e-01
 4.61182e+00  1.00066e+00  9.99615e-01
 4.61735e+00  1.00070e+00  9.99587e-01
 4.62344e+00  1.00055e+00  9.99556e-01
 4.62943e+00  1.00096e+00  9.99524e-01
 4.63501e+00  1.00041e+00  9.99495e-01
 4.64055e+00  1.00021e+00  9.99464e-01
 4.64671e+00  1.00009e+00  9.99430e-01
 4.65265e+00  1.00015e+00  9.99396e-01
 4.65791e+00  1.00022e+00  9.99365e-01
 4.66371e+00  1.00042e+00  9.99331e-01
 4.66946e+00  9.99619e-01  9.99296e-01
 4.67513e+00  9.99399e-01  9.99261e-01
 4.68038e+00  9.99977e-01  9.99228e-01
 4.68619e+00  1.00005e+00  9.99190e-01
 4.69176e+00  9.99336e-01  9.99153e-01
 4.69699e+00  1.00004e+00  9.99118e-01
 4.70236e+00  9.99872e-01  9.99082e-01
 4.70851e+00  9.99095e-01  9.99039e-01
 4.71515e+00  9.98854e-01  9.98992e-01
 4.72041e+00  9.99377e-01  9.98953e-01
 4.72621e+00  9.99320e-01  9.98911e-01
 4.73188e+00  1.00354e+00  9.98868e-01
 4.73762e+00  9.98702e-01  9.98824e-01
 4.74288e+00  9.98813e-01  9.98783e-01
 4.74879e+00  9.98515e-01  9.98736e-01
 4.75478e+00  9.98847e-01  9.98688e-01
 4.76001e+00  9.98505e-01  9.98645e-01
 4.76573e+00  9.98723e-01  9.98597e-01
 4.77196e+00  9.98167e-01  9.98544e-01
 4.77718e+00  9.98319e-01  9.98499e-01
 4.78240e+00  9.98843e-01  9.98454e-01
 4.78871e+00  9.98313e-01  9.98398e-01
 4.79436e+00  9.98153e-01  9.98347e-01
 4.79985e+00  9.98387e-01  9.98297e-01
 4.80538e+00  9.98340e-01  9.98246e-01
 4.81206e+00  9.98448e-01  9.98183e-01
 4.81831e+00  9.97764e-01  9.98124e-01
 4.82356e+00  9.97710e-01  9.98074e-01
 4.82970e+00  9.97758e-01  9.98014e-01
 4.83560e+00  9.97139e-01  9.97956e-01
 4.84126e+00  9.97799e-01  9.97900e-01
 4.84704e+00  9.97863e-01  9.97842e-01
 4.85287e+00  9.97412e-01  9.97783e-01
 4.85894e+00  9.97386e-01  9.97721e-01
 4.86418e+00  9.96768e-01  9.97667e-01
 4.86970e+00  9.96277e-01  9.97611e-01
 4.87544e+00  9.96712e-01  9.97551e-01
 4.88081e+00  9.96703e-01  9.97495e-01
 4.88606e+00  9.96871e-01  9.97441e-01
 4.89175e+00  9.96755e-01  9.97381e-01
 4.89748e+00  9.95890e-01  9.97321e-01
 4.90271e+00  9.96262e-01  9.97267e-01
 4.90791e+00  9.96310e-01  9.97213e-01
 4.91371e+00  9.96650e-01  9.97153e-01
 4.91936e+00  9.95948e-01  9.97094e-01
 4.92459e+00  9.95967e-01  9.97041e-01
 4.92986e+00  9.96363e-01  9.96987e-01
 4.93558e+00  9.95841e-01  9.96930e-01
 4.94143e+00  9.95959e-01  9.96872e-01
 4.94726e+00  9.95990e-01  9.96815e-01
 4.95374e+00  9.94781e-01  9.96753e-01
 4.96036e+00  9.95195e-01  9.96691e-01
 4.96574e+00  9.95298e-01  9.96642e-01
 4.97106e+00  9.95502e-01  9.96596e-01
 4.97726e+00  9.94799e-01  9.96543e-01
 4.98342e+00  9.95248e-01  9.96493e-01
 4.98927e+00  9.95046e-01  9.96447e-01
 4.99646e+00  9.94755e-01  9.96395e-01
 5.00270e+00  9.94446e-01  9.96353e-01
 5.00792e+00  9.95153e-01  9.96321e-01
 5.01329e+00  9.94839e-01  9.96290e-01
 5.01987e+00  9.94698e-01  9.96256e-01
 5.02596e+00  9.94506e-01  9.96230e-01
 5.03189e+00  9.95306e-01  9.96208e-01
 5.03863e+00  9.94759e-01  9.96189e-01
 5.04461e+00  9.94764e-01  9.96177e-01
 5.05012e+00  9.94909e-01  9.96171e-01
 5.05598e+00  9.94896e-01  9.96171e-01
 5.06199e+00  9.95183e-01  9.96176e-01
 5.06780e+00  9.95502e-01  9.96187e-01
 5.07303e+00  9.95165e-01  9.96203e-01
 5.07857e+00  9.95463e-01  9.96226e-01
 5.08446e+00  9.95307e-01  9.96257e-01
 5.08968e+00  9.95464e-01  9.96292e-01
 5.09490e+00  9.95618e-01  9.96332e-01
 5.10061e+00  9.95157e-01  9.96385e-01
 5.10636e+00  9.95801e-01  9.96446e-01
 5.11158e+00  9.96667e-01  9.96509e-01
 5.11733e+00  9.96247e-01  9.96588e-01
 5.12308e+00  9.96420e-01  9.96676e-01
 5.12874e+00  9.96577e-01  9.96773e-01
 5.13397e+00  9.96192e-01  9.96871e-01
 5.13933e+00  9.96691e-01  9.96981e-01
 5.14505e+00  9.97427e-01  9.97109e-01
 5.15062e+00  9.97249e-01  9.97244e-01
 5.15585e+00  9.97633e-01  9.97381e-01
 5.16137e+00  9.97948e-01  9.97536e-01
 5.16713e+00  1.00423e+00  9.97710e-01
 5.17214e+00  1.00407e+00  9.97871e-01
 5.17738e+00  1.00354e+00  9.98050e-01
 5.18299e+00  1.00422e+00  9.98253e-01
 5.18862e+00  9.99154e-01  9.98469e-01
 5.19333e+00  1.00345e+00  9.98659e-01
 5.19866e+00  1.00385e+00  9.98885e-01
 5.20425e+00  9.99739e-01  9.99134e-01
 5.21043e+00  1.00418e+00  9.99423e-01
 5.21522e+00  1.00009e+00  9.99657e-01
 5.22007e+00  1.00390e+00  9.99903e-01
 5.22563e+00  1.00439e+00  1.00020e+00
 5.23137e+00  1.00420e+00  1.00051e+00
 5.23658e+00  1.00179e+00  1.00080e+00
 5.24227e+00  1.00199e+00  1.00114e+00
 5.24870e+00  1.00457e+00  1.00153e+00
 5.25427e+00  1.00542e+00  1.00187e+00
 5.26003e+00  1.00545e+00  1.00224e+00
 5.26556e+00  1.00591e+00  1.00260e+00
 5.27128e+00  1.00413e+00  1.00298e+00
 5.27668e+00  1.00594e+00  1.00335e+00
 5.28190e+00  1.00620e+00  1.00371e+00
 5.28830e+00  1.00522e+00  1.00415e+00
 5.29438e+00  1.00657e+00  1.00458e+00
 5.29959e+00  1.00524e+00  1.00494e+00
 5.30549e+00  1.00771e+00  1.00536e+00
 5.31173e+00  1.00756e+00  1.00580e+00
 5.31763e+00  1.00685e+00  1.00621e+00
 5.32306e+00  1.00761e+00  1.00659e+00
 5.32875e+00  1.00785e+00  1.00698e+00
 5.33500e+00  1.00918e+00  1.00740e+00
 5.34023e+00  1.00796e+00  1.00774e+00
 5.34586e+00  1.00835e+00  1.00810e+00
 5.35201e+00  1.00857e+00  1.00848e+00
 5.35791e+00  1.01576e+00  1.00883e+00
 5.36323e+00  1.00923e+00  1.00913e+00
 5.36902e+00  1.01023e+00  1.00944e+00
 5.37519e+00  1.00993e+00  1.00976e+00
 5.38084e+00  1.01034e+00  1.01002e+00
 5.38608e+00  1.01042e+00  1.01025e+00
 5.39194e+00  1.01105e+00  1.01049e+00
 5.39810e+00  1.01026e+00  1.01071e+00
 5.40378e+00  1.01040e+00  1.01089e+00
 5.40903e+00  1.01063e+00  1.01103e+00
 5.41479e+00  1.01191e+00  1.01116e+00
 5.42041e+00  1.01149e+00  1.01126e+00
 5.42573e+00  1.01106e+00  1.01134e+00
 5.43265e+00  1.01152e+00  1.01140e+00
 5.43919e+00  1.01029e+00  1.01142e+00
 5.44491e+00  1.01132e+00  1.01140e+00
 5.45019e+00  1.01036e+00  1.01137e+00
 5.45626e+00  1.01024e+00  1.01130e+00
 5.46252e+00  1.02470e+00  1.01119e+00
 5.46732e+00  1.01019e+00  1.01109e+00
 5.47319e+00  1.01043e+00  1.01095e+00
 5.47962e+00  1.01003e+00  1.01076e+00
 5.48553e+00  1.01932e+00  1.01056e+00
 5.49076e+00  1.00915e+00  1.01036e+00
 5.49645e+00  1.00933e+00  1.01012e+00
 5.50220e+00  1.00901e+00  1.00986e+00
 5.50743e+00  1.01632e+00  1.00961e+00
 5.51303e+00  1.00835e+00  1.00933e+00
 5.51954e+00  1.00847e+00  1.00898e+00
 5.52514e+00  1.02426e+00  1.00866e+00
 5.53069e+00  1.00684e+00  1.00833e+00
 5.53691e+00  1.00747e+00  1.00796e+00
 5.54282e+00  1.00720e+00  1.00759e+00
 5.54848e+00  1.00677e+00  1.00722e+00
 5.55429e+00  1.00621e+00  1.00685e+00
 5.56008e+00  1.00598e+00  1.00646e+00
 5.56628e+00  1.01028e+00  1.00605e+00
 5.57157e+00  1.00575e+00  1.00570e+00
 5.57807e+00  1.00537e+00  1.00526e+00
 5.58422e+00  1.00490e+00  1.00485e+00
 5.58973e+00  1.00891e+00  1.00448e+00
 5.59535e+00  1.00422e+00  1.00411e+00
 5.60123e+00  1.00345e+00  1.00372e+00
 5.60725e+00  1.00658e+00  1.00333e+00
 5.61352e+00  1.00344e+00  1.00294e+00
 5.62042e+00  1.00293e+00  1.00251e+00
 5.62666e+00  1.00286e+00  1.00213e+00
 5.63190e+00  1.00540e+00  1.00182e+00
 5.63816e+00  1.00198e+00  1.00147e+00
 5.64404e+00  1.00184e+00  1.00114e+00
 5.65031e+00  1.00361e+00  1.00081e+00
 5.65612e+00  1.00116e+00  1.00051e+00
 5.66160e+00  1.00402e+00  1.00023e+00
 5.66732e+00  1.00040e+00  9.99961e-01
 5.67355e+00  1.00281e+00  9.99676e-01
 5.67968e+00  1.00297e+00  9.99409e-01
 5.68508e+00  9.99824e-01  9.99185e-01
 5.69075e+00  1.00089e+00  9.98960e-01
 5.69596e+00  9.99386e-01  9.98764e-01
 5.70173e+00  1.00111e+00  9.98558e-01
 5.70767e+00  9.98552e-01  9.98357e-01
 5.71421e+00  9.99998e-01  9.98150e-01
 5.72066e+00  1.00032e+00  9.97960e-01
 5.72624e+00  9.98466e-01  9.97807e-01
 5.73190e+00  1.00208e+00  9.97662e-01
 5.73710e+00  9.99016e-01  9.97537e-01
 5.74339e+00  9.99786e-01  9.97397e-01
 5.74932e+00  9.96997e-01  9.97276e-01
 5.75533e+00  9.98452e-01  9.97164e-01
 5.76082e+00  9.97323e-01  9.97070e-01
 5.76682e+00  9.98388e-01  9.96976e-01
 5.77250e+00  9.97014e-01  9.96897e-01
 5.77775e+00  1.00265e+00  9.96830e-01
 5.78349e+00  9.97865e-01  9.96764e-01
 5.78927e+00  9.96171e-01  9.96706e-01
 5.79492e+00  9.96817e-01  9.96656e-01
