1014
 4.13800e-03  1.00004e+00  1.00041e+00
 1.27260e-02  1.00112e+00  1.00041e+00
 2.04940e-02  1.00081e+00  1.00041e+00
 2.91190e-02  1.00139e+00  1.00103e+00
 3.75590e-02  1.00074e+00  1.00041e+00
 4.58080e-02  1.00076e+00  1.00041e+00
 5.39920e-02  1.00288e+00  1.00103e+00
 6.23190e-02  1.00091e+00  1.00041e+00
 7.20280e-02  1.00107e+00  1.00041e+00
 8.17550e-02  1.00101e+00  1.00041e+00
 9.20260e-02  1.00104e+00  9.99787e-01
 1.00639e-01  1.00101e+00  1.00041e+00
 1.09433e-01  1.00069e+00  1.00041e+00
 1.18155e-01  1.00032e+00  1.00041e+00
 1.26623e-01  1.00067e+00  1.00041e+00
 1.35629e-01  1.00115e+00  1.00041e+00
 1.43972e-01  1.00099e+00  1.00041e+00
 1.53031e-01  1.00161e+00  1.00041e+00
 1.61476e-01  1.00093e+00  1.00103e+00
 1.71049e-01  1.00039e+00  9.99787e-01
 1.79819e-01  1.00115e+00  1.00041e+00
 1.88163e-01  1.00123e+00  1.00041e+00
 1.97292e-01  1.00097e+00  1.00041e+00
 2.05773e-01  9.99865e-01  1.00041e+00
 2.15531e-01  1.00086e+00  1.00103e+00
 2.23976e-01  1.00019e+00  1.00103e+00
 2.32722e-01  1.00072e+00  1.00103e+00
 2.41492e-01  1.00074e+00  1.00041e+00
 2.50236e-01  1.00069e+00  1.00103e+00
 2.59939e-01  1.00032e+00  1.00041e+00
 2.68949e-01  1.00063e+00  1.00103e+00
 2.78031e-01  1.00092e+00  1.00041e+00
 2.86476e-01  9.99606e-01  1.00041e+00
 2.95190e-01  1.00256e+00  9.99787e-01
 3.03992e-01  1.00010e+00  9.99787e-01
 3.12292e-01  1.00077e+00  1.00103e+00
 3.22292e-01  9.99416e-01  1.00041e+00
 3.31292e-01  9.99481e-01  1.00041e+00
 3.40531e-01  9.99656e-01  1.00041e+00
 3.48976e-01  9.99326e-01  1.00041e+00
 3.57690e-01  9.99623e-01  9.99787e-01
 3.66492e-01  1.00030e+00  1.00041e+00
 3.75358e-01  9.99822e-01  1.00041e+00
 3.85360e-01  9.99428e-01  1.00041e+00
 3.93939e-01  9.99496e-01  1.00103e+00
 4.03041e-01  9.99495e-01  1.00041e+00
 4.11476e-01  9.98538e-01  1.00041e+00
 4.20190e-01  1.00016e+00  9.99787e-01
 4.28992e-01  9.99576e-01  1.00041e+00
 4.37286e-01  9.99862e-01  1.00041e+00
 4.46466e-01  9.99076e-01  1.00103e+00
 4.54784e-01  1.00010e+00  1.00041e+00
 4.63585e-01  9.99659e-01  1.00041e+00
 4.72325e-01  1.00018e+00  1.00041e+00
 4.80751e-01  1.00083e+00  1.00041e+00
 4.89819e-01  1.00027e+00  1.00041e+00
 4.98109e-01  9.99914e-01  1.00041e+00
 5.07201e-01  9.99674e-01  1.00103e+00
 5.15656e-01  1.00034e+00  1.00103e+00
 5.24350e-01  9.99691e-01  1.00103e+00
 5.33162e-01  1.00019e+00  9.99787e-01
 5.41452e-01  1.00135e+00  1.00041e+00
 5.51070e-01  1.00033e+00  1.00041e+00
 5.59772e-01  1.00076e+00  1.00041e+00
 5.68738e-01  1.00162e+00  1.00041e+00
 5.77322e-01  1.00018e+00  1.00041e+00
 5.86430e-01  9.99828e-01  1.00041e+00
 5.95662e-01  1.00023e+00  1.00041e+00
 6.03952e-01  1.00039e+00  1.00041e+00
 6.13168e-01  1.00061e+00  1.00103e+00
 6.22272e-01  1.00033e+00  9.99787e-01
 6.31525e-01  9.99256e-01  1.00041e+00
 6.40656e-01  1.00020e+00  1.00041e+00
 6.49350e-01  1.00005e+00  1.00041e+00
 6.58162e-01  1.00073e+00  1.00041e+00
 6.66452e-01  1.00024e+00  9.99787e-01
 6.75640e-01  9.99572e-01  1.00041e+00
 6.83944e-01  1.00053e+00  1.00041e+00
 6.92765e-01  9.99515e-01  1.00103e+00
 7.02051e-01  9.99680e-01  1.00103e+00
 7.10881e-01  9.99505e-01  9.99787e-01
 7.19826e-01  9.98310e-01  1.00041e+00
 7.28116e-01  1.00022e+00  1.00041e+00
 7.37733e-01  9.98604e-01  1.00041e+00
 7.46444e-01  9.99344e-01  1.00103e+00
 7.55401e-01  9.99795e-01  1.00041e+00
 7.65522e-01  9.99704e-01  1.00041e+00
 7.74633e-01  1.00018e+00  9.99787e-01
 7.83997e-01  1.00064e+00  1.00041e+00
 7.92290e-01  9.99686e-01  1.00041e+00
 8.01472e-01  1.00021e+00  1.00041e+00
 8.09782e-01  9.99750e-01  1.00041e+00
 8.18738e-01  9.99985e-01  1.00041e+00
 8.27322e-01  1.00025e+00  9.99787e-01
 8.35881e-01  1.00041e+00  1.00103e+00
 8.44826e-01  1.00012e+00  1.00103e+00
 8.53949e-01  1.00063e+00  1.00041e+00
 8.63140e-01  1.00075e+00  1.00041e+00
 8.72291e-01  1.00115e+00  1.00041e+00
 8.82201e-01  1.00088e+00  1.00041e+00
 8.90656e-01  1.00121e+00  1.00103e+00
 8.99350e-01  1.00044e+00  1.00041e+00
 9.08590e-01  1.00154e+00  1.00041e+00
 9.17290e-01  1.00062e+00  1.00103e+00
 9.26472e-01  1.00151e+00  1.00041e+00
 9.34782e-01  1.00117e+00  1.00103e+00
 9.44147e-01  1.00152e+00  1.00103e+00
 9.53156e-01  1.00095e+00  1.00041e+00
 9.61850e-01  1.00061e+00  1.00041e+00
 9.70672e-01  1.00191e+00  1.00041e+00
 9.79372e-01  1.00076e+00  1.00103e+00
 9.88972e-01  1.00141e+00  1.00041e+00
 9.97282e-01  1.00015e+00  1.00041e+00
 1.00624e+00  1.00134e+00  1.00041e+00
 1.01482e+00  1.00094e+00  1.00041e+00
 1.02338e+00  1.00028e+00  9.99787e-01
 1.03234e+00  1.00056e+00  1.00041e+00
 1.04062e+00  1.00037e+00  1.00041e+00
 1.04981e+00  1.00112e+00  1.00041e+00
 1.05814e+00  1.00051e+00  1.00041e+00
 1.06691e+00  1.00002e+00  1.00041e+00
 1.07565e+00  1.00033e+00  1.00041e+00
 1.08396e+00  1.00001e+00  1.00103e+00
 1.09316e+00  1.00029e+00  1.00041e+00
 1.10144e+00  1.00003e+00  1.00041e+00
 1.11040e+00  1.00028e+00  1.00103e+00
 1.11900e+00  1.00021e+00  1.00041e+00
 1.12841e+00  9.99364e-01  1.00041e+00
 1.13815e+00  1.00012e+00  1.00041e+00
 1.14646e+00  9.99432e-01  1.00041e+00
 1.15566e+00  9.99357e-01  1.00041e+00
 1.16394e+00  9.99810e-01  1.00041e+00
 1.17290e+00  9.99891e-01  1.00103e+00
 1.18150e+00  1.00029e+00  1.00041e+00
 1.19007e+00  1.00021e+00  9.99787e-01
 1.19898e+00  1.00048e+00  1.00103e+00
 1.20729e+00  1.00054e+00  1.00041e+00
 1.21733e+00  9.99879e-01  1.00041e+00
 1.22617e+00  1.00108e+00  1.00041e+00
 1.23540e+00  1.00019e+00  1.00103e+00
 1.24400e+00  1.00079e+00  1.00041e+00
 1.25257e+00  9.99882e-01  1.00041e+00
 1.26148e+00  1.00131e+00  1.00103e+00
 1.27006e+00  1.00070e+00  1.00103e+00
 1.27983e+00  1.00068e+00  1.00041e+00
 1.28853e+00  1.00148e+00  9.99787e-01
 1.29790e+00  1.00121e+00  1.00041e+00
 1.30650e+00  1.00113e+00  1.00041e+00
 1.31507e+00  1.00084e+00  1.00041e+00
 1.32398e+00  1.00252e+00  1.00041e+00
 1.33354e+00  1.00059e+00  9.99786e-01
 1.34316e+00  1.00111e+00  1.00041e+00
 1.35311e+00  1.00042e+00  1.00041e+00
 1.36370e+00  1.00090e+00  1.00041e+00
 1.37424e+00  1.00073e+00  1.00103e+00
 1.38440e+00  1.00009e+00  1.00041e+00
 1.39395e+00  1.00019e+00  9.99786e-01
 1.40440e+00  1.00085e+00  1.00041e+00
 1.41367e+00  1.00043e+00  1.00041e+00
 1.42426e+00  1.00026e+00  1.00041e+00
 1.43368e+00  1.00003e+00  1.00041e+00
 1.44428e+00  1.00034e+00  1.00041e+00
 1.45450e+00  9.99604e-01  1.00041e+00
 1.46471e+00  1.00000e+00  1.00041e+00
 1.47533e+00  9.99544e-01  1.00041e+00
 1.48554e+00  1.00005e+00  1.00041e+00
 1.49534e+00  9.99514e-01  9.99786e-01
 1.50553e+00  1.00014e+00  1.00041e+00
 1.51642e+00  1.00014e+00  1.00041e+00
 1.52721e+00  9.98974e-01  1.00041e+00
 1.53767e+00  9.99507e-01  1.00103e+00
 1.54804e+00  9.99937e-01  1.00041e+00
 1.55784e+00  9.99830e-01  9.99786e-01
 1.56775e+00  1.00069e+00  1.00041e+00
 1.57838e+00  1.00061e+00  1.00041e+00
 1.58885e+00  1.00013e+00  1.00103e+00
 1.59948e+00  1.00007e+00  1.00041e+00
 1.60941e+00  1.00027e+00  1.00041e+00
 1.61941e+00  1.00042e+00  1.00041e+00
 1.62924e+00  1.00147e+00  9.99786e-01
 1.63927e+00  1.00093e+00  1.00041e+00
 1.64908e+00  1.00057e+00  9.99786e-01
 1.65969e+00  1.00153e+00  1.00041e+00
 1.66991e+00  1.00063e+00  1.00041e+00
 1.67997e+00  1.00065e+00  1.00041e+00
 1.68965e+00  1.00138e+00  1.00041e+00
 1.69996e+00  1.00051e+00  1.00041e+00
 1.71047e+00  9.99612e-01  1.00041e+00
 1.72081e+00  1.00025e+00  1.00041e+00
 1.73171e+00  1.00095e+00  1.00041e+00
 1.74261e+00  1.00021e+00  1.00103e+00
 1.75326e+00  1.00114e+00  1.00041e+00
 1.76343e+00  1.00011e+00  1.00041e+00
 1.77408e+00  1.00034e+00  1.00041e+00
 1.78428e+00  1.00034e+00  1.00103e+00
 1.79491e+00  9.99957e-01  1.00041e+00
 1.80511e+00  1.00068e+00  1.00041e+00
 1.81576e+00  1.00008e+00  1.00041e+00
 1.82593e+00  9.99501e-01  1.00041e+00
 1.83658e+00  1.00165e+00  1.00041e+00
 1.84678e+00  1.00018e+00  1.00041e+00
 1.85742e+00  1.00017e+00  1.00041e+00
 1.86761e+00  9.99661e-01  1.00041e+00
 1.87826e+00  1.00018e+00  1.00103e+00
 1.88843e+00  9.99345e-01  1.00041e+00
 1.89908e+00  1.00053e+00  1.00041e+00
 1.90928e+00  9.99586e-01  9.99786e-01
 1.91992e+00  9.99447e-01  1.00041e+00
 1.93011e+00  9.99424e-01  1.00041e+00
 1.94174e+00  9.99378e-01  1.00041e+00
 1.95204e+00  9.99883e-01  9.99786e-01
 1.96256e+00  9.98544e-01  1.00041e+00
 1.97288e+00  9.99979e-01  1.00041e+00
 1.98341e+00  1.00007e+00  1.00041e+00
 1.99372e+00  9.99468e-01  1.00103e+00
 2.00424e+00  1.00055e+00  1.00041e+00
 2.01454e+00  9.99635e-01  1.00041e+00
 2.02506e+00  1.00018e+00  1.00041e+00
 2.03537e+00  9.99438e-01  1.00041e+00
 2.04591e+00  9.99664e-01  9.99786e-01
 2.05622e+00  9.98642e-01  1.00041e+00
 2.06674e+00  9.99629e-01  9.99786e-01
 2.07704e+00  1.00006e+00  1.00041e+00
 2.08858e+00  9.98933e-01  1.00041e+00
 2.09897e+00  1.00048e+00  1.00103e+00
 2.11055e+00  1.00055e+00  1.00041e+00
 2.12079e+00  1.00043e+00  1.00041e+00
 2.13330e+00  1.00003e+00  1.00103e+00
 2.14400e+00  9.99773e-01  1.00041e+00
 2.15580e+00  9.99187e-01  1.00041e+00
 2.16734e+00  9.98635e-01  1.00041e+00
 2.17814e+00  9.99522e-01  1.00041e+00
 2.18930e+00  9.99995e-01  9.99785e-01
 2.20093e+00  9.98975e-01  1.00041e+00
 2.21246e+00  9.99624e-01  1.00041e+00
 2.22287e+00  1.00023e+00  9.99785e-01
 2.23443e+00  1.00067e+00  9.99785e-01
 2.24482e+00  9.99950e-01  9.99785e-01
 2.25733e+00  9.99298e-01  9.99785e-01
 2.26898e+00  9.98824e-01  1.00041e+00
 2.28024e+00  1.00006e+00  9.99785e-01
 2.29109e+00  9.99163e-01  1.00041e+00
 2.30204e+00  9.99675e-01  1.00041e+00
 2.31318e+00  9.98905e-01  9.99785e-01
 2.32398e+00  9.99399e-01  1.00041e+00
 2.33511e+00  1.00000e+00  1.00041e+00
 2.34676e+00  9.98896e-01  1.00041e+00
 2.35886e+00  9.99425e-01  1.00041e+00
 2.37023e+00  9.99176e-01  1.00103e+00
 2.38330e+00  9.99002e-01  9.99784e-01
 2.39400e+00  9.99239e-01  1.00103e+00
 2.40580e+00  1.00004e+00  9.99784e-01
 2.41762e+00  9.98802e-01  9.99784e-01
 2.42912e+00  1.00052e+00  1.00041e+00
 2.44054e+00  9.99725e-01  9.99784e-01
 2.45205e+00  1.00023e+00  1.00041e+00
 2.46466e+00  1.00146e+00  1.00041e+00
 2.47608e+00  9.99257e-01  1.00041e+00
 2.48829e+00  9.99779e-01  1.00041e+00
 2.50041e+00  9.98603e-01  1.00040e+00
 2.51191e+00  9.99209e-01  1.00040e+00
 2.52385e+00  9.99613e-01  9.99782e-01
 2.53427e+00  9.99258e-01  1.00103e+00
 2.54582e+00  9.99043e-01  1.00040e+00
 2.55621e+00  9.99464e-01  1.00102e+00
 2.56776e+00  9.99335e-01  9.99779e-01
 2.57814e+00  9.99232e-01  1.00040e+00
 2.59065e+00  9.98579e-01  1.00102e+00
 2.60234e+00  9.98850e-01  1.00101e+00
 2.61357e+00  9.99421e-01  1.00038e+00
 2.62443e+00  1.00261e+00  1.00160e+00
 2.63539e+00  9.99162e-01  1.00150e+00
 2.64608e+00  1.01707e+00  1.01593e+00
 2.65731e+00  9.98929e-01  1.00664e+00
 2.66847e+00  9.98362e-01  1.00094e+00
 2.67912e+00  9.99536e-01  1.00100e+00
 2.68971e+00  1.00646e+00  1.00101e+00
 2.69997e+00  9.98829e-01  1.00040e+00
 2.71052e+00  1.00232e+00  1.00040e+00
 2.72079e+00  9.98419e-01  1.00041e+00
 2.73139e+00  1.00100e+00  1.00103e+00
 2.74162e+00  9.98923e-01  1.00041e+00
 2.75221e+00  9.99414e-01  1.00041e+00
 2.76247e+00  9.97776e-01  1.00041e+00
 2.77302e+00  9.98715e-01  1.00041e+00
 2.78343e+00  9.99013e-01  1.00103e+00
 2.79499e+00  9.98366e-01  9.99788e-01
 2.80510e+00  9.98231e-01  1.00103e+00
 2.81610e+00  9.97426e-01  1.00041e+00
 2.82814e+00  9.98861e-01  1.00103e+00
 2.83970e+00  9.98361e-01  1.00041e+00
 2.85037e+00  9.97700e-01  9.99789e-01
 2.86260e+00  9.98172e-01  1.00103e+00
 2.87361e+00  1.00014e+00  1.00041e+00
 2.88442e+00  9.97700e-01  1.00041e+00
 2.89525e+00  9.97522e-01  9.99789e-01
 2.90621e+00  9.97924e-01  1.00041e+00
 2.91568e+00  1.00285e+00  9.99789e-01
 2.92566e+00  1.00065e+00  1.00103e+00
 2.93443e+00  9.99280e-01  1.00041e+00
 2.94472e+00  1.00029e+00  9.99789e-01
 2.95440e+00  9.99076e-01  1.00041e+00
 2.96360e+00  1.00103e+00  9.99789e-01
 2.97274e+00  9.98762e-01  9.99789e-01
 2.98280e+00  9.98485e-01  1.00103e+00
 2.99247e+00  9.99184e-01  1.00103e+00
 3.00263e+00  1.00031e+00  1.00041e+00
 3.01163e+00  9.99133e-01  1.00041e+00
 3.02152e+00  1.00062e+00  1.00041e+00
 3.03192e+00  9.99937e-01  1.00041e+00
 3.04276e+00  9.99227e-01  1.00041e+00
 3.05344e+00  9.99633e-01  1.00165e+00
 3.06361e+00  1.00187e+00  1.00041e+00
 3.07401e+00  1.00182e+00  1.00041e+00
 3.08401e+00  1.00085e+00  1.00041e+00
 3.09592e+00  1.00147e+00  1.00041e+00
 3.10682e+00  1.00380e+00  1.00041e+00
 3.11567e+00  1.00100e+00  1.00041e+00
 3.12513e+00  1.00239e+00  9.99788e-01
 3.13621e+00  1.00284e+00  1.00103e+00
 3.14709e+00  1.00351e+00  1.00041e+00
 3.15759e+00  1.00303e+00  1.00103e+00
 3.16877e+00  1.00474e+00  1.00041e+00
 3.18010e+00  1.00509e+00  1.00041e+00
 3.19014e+00  1.00521e+00  1.00041e+00
 3.19901e+00  1.00683e+00  1.00103e+00
 3.20901e+00  1.00586e+00  9.99788e-01
 3.21830e+00  1.00814e+00  1.00041e+00
 3.22831e+00  1.00636e+00  1.00041e+00
 3.23817e+00  1.00835e+00  1.00041e+00
 3.24695e+00  1.00836e+00  1.00041e+00
 3.25626e+00  1.00831e+00  1.00041e+00
 3.26551e+00  1.00917e+00  9.99788e-01
 3.27597e+00  1.00932e+00  1.00041e+00
 3.28593e+00  1.00931e+00  1.00041e+00
 3.29530e+00  1.01044e+00  9.99788e-01
 3.30469e+00  1.00984e+00  1.00103e+00
 3.31582e+00  1.01103e+00  1.00041e+00
 3.32484e+00  1.01014e+00  1.00103e+00
 3.33402e+00  1.01184e+00  9.99788e-01
 3.34316e+00  1.01171e+00  9.99788e-01
 3.35290e+00  1.01006e+00  1.00103e+00
 3.36234e+00  1.01111e+00  9.99788e-01
 3.37166e+00  1.00938e+00  1.00041e+00
 3.38222e+00  1.01076e+00  9.99788e-01
 3.39108e+00  1.01034e+00  1.00041e+00
 3.40124e+00  1.01020e+00  1.00041e+00
 3.41134e+00  1.01104e+00  1.00041e+00
 3.42184e+00  1.00895e+00  1.00041e+00
 3.43081e+00  1.00758e+00  9.99788e-01
 3.44098e+00  1.00788e+00  9.99788e-01
 3.45067e+00  1.00812e+00  9.99788e-01
 3.45930e+00  1.00574e+00  1.00041e+00
 3.46927e+00  1.00577e+00  9.99788e-01
 3.47902e+00  1.00642e+00  1.00041e+00
 3.48817e+00  1.00468e+00  1.00103e+00
 3.49653e+00  1.00325e+00  1.00041e+00
 3.50529e+00  1.00378e+00  1.00041e+00
 3.51401e+00  1.00200e+00  1.00041e+00
 3.52249e+00  1.00094e+00  1.00041e+00
 3.53177e+00  1.00097e+00  1.00041e+00
 3.54097e+00  1.00108e+00  1.00041e+00
 3.55067e+00  1.00032e+00  9.99788e-01
 3.55903e+00  9.99375e-01  1.00103e+00
 3.56889e+00  9.98370e-01  1.00103e+00
 3.57817e+00  9.98851e-01  1.00041e+00
 3.58790e+00  9.98122e-01  1.00041e+00
 3.59816e+00  9.96808e-01  1.00041e+00
 3.60683e+00  9.96704e-01  9.99788e-01
 3.61567e+00  9.96193e-01  1.00041e+00
 3.62487e+00  9.95557e-01  1.00041e+00
 3.63483e+00  9.96263e-01  1.00041e+00
 3.64486e+00  9.95412e-01  1.00103e+00
 3.65510e+00  9.96476e-01  1.00041e+00
 3.66571e+00  9.94453e-01  1.00041e+00
 3.67649e+00  9.94780e-01  1.00041e+00
 3.68544e+00  9.93442e-01  1.00103e+00
 3.69566e+00  9.94613e-01  1.00041e+00
 3.70500e+00  9.94479e-01  1.00041e+00
 3.71458e+00  9.94249e-01  1.00041e+00
 3.72345e+00  9.94080e-01  1.00041e+00
 3.73293e+00  9.94703e-01  9.99788e-01
 3.74290e+00  9.93847e-01  1.00041e+00
 3.75264e+00  9.94089e-01  1.00041e+00
 3.76151e+00  9.93834e-01  1.00041e+00
 3.77068e+00  9.93131e-01  1.00041e+00
 3.77997e+00  9.94333e-01  1.00041e+00
 3.78988e+00  9.93393e-01  1.00041e+00
 3.79984e+00  9.94563e-01  1.00103e+00
 3.80861e+00  9.94332e-01  1.00041e+00
 3.81779e+00  9.94594e-01  1.00041e+00
 3.82733e+00  9.94239e-01  1.00041e+00
 3.83693e+00  9.95169e-01  1.00041e+00
 3.84707e+00  9.95039e-01  1.00103e+00
 3.85767e+00  9.95053e-01  1.00041e+00
 3.86650e+00  9.95603e-01  1.00041e+00
 3.87571e+00  9.96423e-01  1.00103e+00
 3.88482e+00  9.95997e-01  1.00103e+00
 3.89457e+00  9.95676e-01  9.99788e-01
 3.90510e+00  9.95711e-01  1.00103e+00
 3.91459e+00  9.96474e-01  1.00041e+00
 3.92391e+00  9.96048e-01  1.00041e+00
 3.93274e+00  9.96140e-01  9.99788e-01
 3.94196e+00  9.97814e-01  1.00041e+00
 3.95068e+00  9.96303e-01  1.00103e+00
 3.95999e+00  9.97100e-01  1.00041e+00
 3.96927e+00  9.97628e-01  1.00041e+00
 3.97904e+00  9.97671e-01  1.00041e+00
 3.98817e+00  9.97781e-01  1.00041e+00
 3.99765e+00  9.96477e-01  1.00041e+00
 4.00722e+00  9.98013e-01  1.00041e+00
 4.01663e+00  9.97536e-01  9.99788e-01
 4.02667e+00  9.97869e-01  1.00041e+00
 4.03510e+00  1.00539e+00  1.00041e+00
 4.04377e+00  1.00299e+00  1.00103e+00
 4.05218e+00  1.00222e+00  1.00041e+00
 4.06085e+00  1.00172e+00  1.00041e+00
 4.06902e+00  1.00128e+00  1.00041e+00
 4.07747e+00  1.00338e+00  1.00103e+00
 4.08568e+00  9.99747e-01  1.00041e+00
 4.09371e+00  1.00076e+00  9.99788e-01
 4.10167e+00  9.99499e-01  1.00103e+00
 4.10988e+00  9.99767e-01  1.00041e+00
 4.11762e+00  9.98960e-01  1.00103e+00
 4.12583e+00  9.99834e-01  1.00041e+00
 4.13467e+00  9.99046e-01  1.00041e+00
 4.14250e+00  1.00008e+00  1.00103e+00
 4.15151e+00  9.99572e-01  1.00041e+00
 4.15998e+00  9.98953e-01  9.99788e-01
 4.16820e+00  9.98325e-01  1.00103e+00
 4.17636e+00  9.98853e-01  1.00041e+00
 4.18448e+00  9.98333e-01  1.00041e+00
 4.19388e+00  9.99035e-01  1.00103e+00
 4.20176e+00  1.00097e+00  9.99788e-01
 4.20999e+00  9.99078e-01  1.00041e+00
 4.21899e+00  9.99152e-01  1.00041e+00
 4.22750e+00  9.99899e-01  1.00041e+00
 4.23571e+00  9.99912e-01  9.99788e-01
 4.24416e+00  9.99233e-01  1.00041e+00
 4.25236e+00  9.99864e-01  9.99788e-01
 4.26038e+00  9.99648e-01  1.00041e+00
 4.26833e+00  9.99284e-01  1.00103e+00
 4.27707e+00  1.00091e+00  1.00041e+00
 4.28565e+00  1.00090e+00  1.00041e+00
 4.29404e+00  9.99844e-01  9.99788e-01
 4.30207e+00  1.00010e+00  1.00041e+00
 4.31002e+00  1.00029e+00  1.00103e+00
 4.31818e+00  1.00093e+00  1.00041e+00
 4.32719e+00  1.00083e+00  1.00103e+00
 4.33638e+00  1.00062e+00  1.00103e+00
 4.34468e+00  1.00089e+00  1.00041e+00
 4.35376e+00  1.00056e+00  1.00041e+00
 4.36234e+00  1.00053e+00  1.00041e+00
 4.37113e+00  9.99638e-01  9.99788e-01
 4.37986e+00  1.00151e+00  1.00041e+00
 4.38762e+00  1.00119e+00  1.00103e+00
 4.39581e+00  1.00007e+00  1.00103e+00
 4.40388e+00  1.00024e+00  1.00041e+00
 4.41245e+00  1.00058e+00  1.00041e+00
 4.42072e+00  1.00109e+00  1.00041e+00
 4.42846e+00  1.00008e+00  1.00041e+00
 4.43667e+00  1.00025e+00  1.00041e+00
 4.44486e+00  1.00036e+00  1.00103e+00
 4.45247e+00  9.99850e-01  1.00041e+00
 4.46151e+00  1.00028e+00  1.00041e+00
 4.47053e+00  1.00025e+00  1.00103e+00
 4.47960e+00  1.00045e+00  1.00041e+00
 4.48817e+00  1.00009e+00  1.00041e+00
 4.49751e+00  1.00046e+00  9.99787e-01
 4.50570e+00  1.00038e+00  9.99787e-01
 4.51345e+00  9.99998e-01  1.00103e+00
 4.52163e+00  9.99600e-01  1.00103e+00
 4.52969e+00  1.00024e+00  1.00041e+00
 4.53749e+00  1.00061e+00  1.00041e+00
 4.54572e+00  1.00033e+00  1.00041e+00
 4.55459e+00  9.98906e-01  1.00041e+00
 4.56403e+00  1.00067e+00  1.00041e+00
 4.57279e+00  1.00015e+00  9.99787e-01
 4.58165e+00  1.00145e+00  1.00041e+00
 4.58986e+00  1.00118e+00  9.99787e-01
 4.60012e+00  1.00108e+00  1.00041e+00
 4.60905e+00  1.00066e+00  9.99787e-01
 4.61679e+00  1.00103e+00  1.00041e+00
 4.62500e+00  1.00010e+00  1.00041e+00
 4.63305e+00  9.99995e-01  1.00041e+00
 4.64081e+00  1.00078e+00  1.00041e+00
 4.65027e+00  1.00084e+00  1.00041e+00
 4.65845e+00  1.00026e+00  1.00041e+00
 4.66750e+00  1.00073e+00  1.00041e+00
 4.67664e+00  1.00046e+00  1.00103e+00
 4.68641e+00  1.00011e+00  1.00041e+00
 4.69487e+00  1.00117e+00  1.00103e+00
 4.70248e+00  1.00012e+00  1.00041e+00
 4.71139e+00  1.00076e+00  1.00041e+00
 4.71942e+00  1.00074e+00  9.99787e-01
 4.72778e+00  1.00102e+00  1.00041e+00
 4.73653e+00  1.00075e+00  1.00041e+00
 4.74415e+00  1.00079e+00  1.00041e+00
 4.75460e+00  1.00058e+00  1.00041e+00
 4.76263e+00  1.00127e+00  1.00041e+00
 4.77079e+00  1.00211e+00  1.00041e+00
 4.77820e+00  1.00054e+00  9.99787e-01
 4.78581e+00  1.00063e+00  1.00041e+00
 4.79470e+00  1.00230e+00  1.00041e+00
 4.80346e+00  1.00104e+00  1.00041e+00
 4.81167e+00  1.00080e+00  1.00103e+00
 4.81916e+00  1.00074e+00  1.00041e+00
 4.82917e+00  1.00004e+00  1.00103e+00
 4.83776e+00  1.00112e+00  1.00041e+00
 4.84553e+00  1.00081e+00  9.99787e-01
 4.85415e+00  1.00139e+00  1.00103e+00
 4.86259e+00  1.00074e+00  1.00041e+00
 4.87084e+00  1.00076e+00  1.00041e+00
 4.87903e+00  1.00288e+00  1.00041e+00
 4.88735e+00  1.00091e+00  9.99787e-01
 4.89706e+00  1.00107e+00  1.00041e+00
 4.90679e+00  1.00101e+00  1.00103e+00
 4.91706e+00  1.00104e+00  1.00041e+00
 4.92567e+00  1.00101e+00  1.00041e+00
 4.93447e+00  1.00069e+00  1.00041e+00
 4.94319e+00  1.00032e+00  9.99787e-01
 4.95166e+00  1.00067e+00  9.99787e-01
 4.96066e+00  1.00115e+00  1.00041e+00
 4.96901e+00  1.00099e+00  9.99787e-01
 4.97807e+00  1.00161e+00  1.00041e+00
 4.98651e+00  1.00093e+00  1.00041e+00
 4.99608e+00  1.00039e+00  9.99787e-01
 5.00485e+00  1.00115e+00  1.00041e+00
 5.01320e+00  1.00123e+00  1.00041e+00
 5.02233e+00  1.00097e+00  1.00041e+00
 5.03081e+00  9.99865e-01  1.00041e+00
 5.04057e+00  1.00086e+00  1.00041e+00
 5.04901e+00  1.00019e+00  1.00041e+00
 5.05776e+00  1.00072e+00  1.00041e+00
 5.06653e+00  1.00074e+00  1.00103e+00
 5.07527e+00  1.00069e+00  1.00041e+00
 5.08497e+00  1.00032e+00  1.00103e+00
 5.09398e+00  1.00063e+00  1.00041e+00
 5.10307e+00  1.00092e+00  1.00041e+00
 5.11151e+00  9.99606e-01  1.00041e+00
 5.12022e+00  1.00256e+00  1.00041e+00
 5.12903e+00  1.00010e+00  9.99787e-01
 5.13733e+00  1.00077e+00  1.00103e+00
 5.14733e+00  9.99416e-01  1.00041e+00
 5.15633e+00  9.99481e-01  1.00041e+00
 5.16557e+00  9.99656e-01  1.00103e+00
 5.17401e+00  9.99326e-01  1.00041e+00
 5.18272e+00  9.99623e-01  9.99787e-01
 5.19153e+00  1.00030e+00  1.00103e+00
 5.20039e+00  9.99822e-01  9.99787e-01
 5.21040e+00  9.99428e-01  1.00041e+00
 5.21897e+00  9.99496e-01  1.00103e+00
 5.22808e+00  9.99495e-01  1.00103e+00
 5.23651e+00  9.98538e-01  1.00041e+00
 5.24522e+00  1.00016e+00  9.99787e-01
 5.25403e+00  9.99576e-01  1.00103e+00
 5.26232e+00  9.99862e-01  1.00041e+00
 5.27150e+00  9.99076e-01  1.00103e+00
 5.27982e+00  1.00010e+00  9.99787e-01
 5.28862e+00  9.99659e-01  1.00041e+00
 5.29736e+00  1.00018e+00  1.00041e+00
 5.30579e+00  1.00083e+00  1.00041e+00
 5.31485e+00  1.00027e+00  1.00041e+00
 5.32314e+00  9.99914e-01  1.00041e+00
 5.33224e+00  9.99674e-01  1.00103e+00
 5.34069e+00  1.00034e+00  1.00041e+00
 5.34938e+00  9.99691e-01  1.00103e+00
 5.35820e+00  1.00019e+00  1.00041e+00
 5.36649e+00  1.00135e+00  1.00041e+00
 5.37610e+00  1.00033e+00  9.99787e-01
 5.38481e+00  1.00076e+00  1.00041e+00
 5.39377e+00  1.00162e+00  1.00041e+00
 5.40236e+00  1.00018e+00  1.00041e+00
 5.41146e+00  9.99828e-01  1.00041e+00
 5.42070e+00  1.00023e+00  1.00041e+00
 5.42899e+00  1.00039e+00  1.00041e+00
 5.43820e+00  1.00061e+00  1.00041e+00
 5.44731e+00  1.00033e+00  9.99787e-01
 5.45656e+00  9.99256e-01  1.00041e+00
 5.46569e+00  1.00020e+00  1.00103e+00
 5.47438e+00  1.00005e+00  1.00041e+00
 5.48320e+00  1.00073e+00  1.00041e+00
 5.49149e+00  1.00024e+00  1.00041e+00
 5.50068e+00  9.99572e-01  9.99787e-01
 5.50898e+00  1.00053e+00  1.00103e+00
 5.51780e+00  9.99515e-01  1.00103e+00
 5.52709e+00  9.99680e-01  1.00103e+00
 5.53592e+00  9.99505e-01  1.00041e+00
 5.54486e+00  9.98310e-01  1.00041e+00
 5.55315e+00  1.00022e+00  1.00041e+00
 5.56277e+00  9.98604e-01  1.00041e+00
 5.57148e+00  9.99344e-01  1.00103e+00
 5.58044e+00  9.99795e-01  1.00041e+00
 5.59056e+00  9.99704e-01  1.00041e+00
 5.59967e+00  1.00018e+00  1.00041e+00
 5.60903e+00  1.00064e+00  1.00041e+00
 5.61733e+00  9.99686e-01  1.00041e+00
 5.62651e+00  1.00021e+00  1.00041e+00
 5.63482e+00  9.99750e-01  1.00041e+00
 5.64377e+00  9.99985e-01  1.00041e+00
 5.65236e+00  1.00025e+00  9.99787e-01
 5.66092e+00  1.00041e+00  1.00103e+00
 5.66986e+00  1.00012e+00  1.00041e+00
 5.67898e+00  1.00063e+00  1.00041e+00
 5.68818e+00  1.00075e+00  1.00041e+00
 5.69733e+00  1.00115e+00  1.00041e+00
 5.70724e+00  1.00088e+00  1.00041e+00
 5.71569e+00  1.00121e+00  1.00041e+00
 5.72438e+00  1.00044e+00  9.99787e-01
 5.73362e+00  1.00154e+00  1.00041e+00
 5.74233e+00  1.00062e+00  1.00041e+00
 5.75151e+00  1.00151e+00  1.00041e+00
 5.75982e+00  1.00117e+00  1.00041e+00
 5.76918e+00  1.00152e+00  1.00041e+00
 5.77819e+00  1.00095e+00  1.00103e+00
 5.78688e+00  1.00061e+00  1.00041e+00
 5.79571e+00  1.00191e+00  1.00103e+00
 5.80441e+00  1.00076e+00  1.00041e+00
 5.81401e+00  1.00141e+00  1.00041e+00
 5.82232e+00  1.00015e+00  1.00041e+00
 5.83127e+00  1.00134e+00  1.00041e+00
 5.83986e+00  1.00094e+00  1.00041e+00
 5.84842e+00  1.00028e+00  1.00041e+00
 5.85737e+00  1.00056e+00  1.00041e+00
 5.86565e+00  1.00037e+00  1.00041e+00
 5.87485e+00  1.00112e+00  1.00041e+00
 5.88318e+00  1.00051e+00  9.99787e-01
 5.89195e+00  1.00002e+00  1.00103e+00
 5.90068e+00  1.00033e+00  1.00041e+00
 5.90899e+00  1.00001e+00  1.00103e+00
 5.91820e+00  1.00029e+00  9.99787e-01
 5.92648e+00  1.00003e+00  1.00041e+00
 5.93543e+00  1.00028e+00  1.00103e+00
 5.94404e+00  1.00021e+00  1.00041e+00
 5.95344e+00  9.99364e-01  1.00041e+00
 5.96318e+00  1.00012e+00  1.00041e+00
 5.97149e+00  9.99432e-01  1.00041e+00
 5.98070e+00  9.99357e-01  1.00041e+00
 5.98898e+00  9.99810e-01  1.00041e+00
 5.99793e+00  9.99891e-01  1.00103e+00
 6.00654e+00  1.00029e+00  1.00041e+00
 6.01511e+00  1.00021e+00  1.00041e+00
 6.02401e+00  1.00048e+00  1.00041e+00
 6.03232e+00  1.00054e+00  1.00103e+00
 6.04236e+00  9.99879e-01  1.00103e+00
 6.05120e+00  1.00108e+00  1.00041e+00
 6.06043e+00  1.00019e+00  1.00103e+00
 6.06904e+00  1.00079e+00  1.00041e+00
 6.07761e+00  9.99882e-01  1.00041e+00
 6.08651e+00  1.00131e+00  1.00103e+00
 6.09509e+00  1.00070e+00  1.00041e+00
 6.10486e+00  1.00068e+00  1.00041e+00
 6.11357e+00  1.00148e+00  1.00041e+00
 6.12293e+00  1.00121e+00  1.00041e+00
 6.13154e+00  1.00113e+00  1.00041e+00
 6.14011e+00  1.00084e+00  1.00041e+00
 6.14901e+00  1.00252e+00  1.00041e+00
 6.15857e+00  1.00059e+00  1.00041e+00
 6.16820e+00  1.00111e+00  1.00041e+00
 6.17815e+00  1.00042e+00  1.00103e+00
 6.18874e+00  1.00090e+00  1.00041e+00
 6.19927e+00  1.00073e+00  1.00041e+00
 6.20944e+00  1.00009e+00  1.00041e+00
 6.21898e+00  1.00019e+00  9.99786e-01
 6.22943e+00  1.00085e+00  1.00041e+00
 6.23870e+00  1.00043e+00  1.00041e+00
 6.24929e+00  1.00026e+00  1.00041e+00
 6.25872e+00  1.00003e+00  1.00041e+00
 6.26931e+00  1.00034e+00  1.00103e+00
 6.27954e+00  9.99604e-01  1.00041e+00
 6.28975e+00  1.00000e+00  1.00041e+00
 6.30037e+00  9.99544e-01  9.99786e-01
 6.31058e+00  1.00005e+00  1.00041e+00
 6.32038e+00  9.99514e-01  9.99786e-01
 6.33056e+00  1.00014e+00  1.00103e+00
 6.34145e+00  1.00014e+00  1.00041e+00
 6.35225e+00  9.98974e-01  1.00041e+00
 6.36270e+00  9.99507e-01  1.00041e+00
 6.37308e+00  9.99937e-01  1.00041e+00
 6.38288e+00  9.99830e-01  1.00041e+00
 6.39278e+00  1.00069e+00  1.00041e+00
 6.40341e+00  1.00061e+00  1.00041e+00
 6.41389e+00  1.00013e+00  1.00103e+00
 6.42452e+00  1.00007e+00  1.00041e+00
 6.43445e+00  1.00027e+00  1.00041e+00
 6.44444e+00  1.00042e+00  1.00041e+00
 6.45427e+00  1.00147e+00  1.00041e+00
 6.46430e+00  1.00093e+00  1.00041e+00
 6.47411e+00  1.00057e+00  9.99786e-01
 6.48472e+00  1.00153e+00  1.00103e+00
 6.49494e+00  1.00063e+00  1.00041e+00
 6.50501e+00  1.00065e+00  1.00041e+00
 6.51469e+00  1.00138e+00  1.00041e+00
 6.52499e+00  1.00051e+00  1.00041e+00
 6.53551e+00  9.99612e-01  1.00041e+00
 6.54584e+00  1.00025e+00  1.00041e+00
 6.55675e+00  1.00095e+00  1.00041e+00
 6.56765e+00  1.00021e+00  1.00041e+00
 6.57829e+00  1.00114e+00  1.00041e+00
 6.58847e+00  1.00011e+00  1.00103e+00
 6.59911e+00  1.00034e+00  1.00041e+00
 6.60932e+00  1.00034e+00  1.00103e+00
 6.61994e+00  9.99957e-01  9.99786e-01
 6.63015e+00  1.00068e+00  1.00041e+00
 6.64079e+00  1.00008e+00  9.99786e-01
 6.65097e+00  9.99501e-01  1.00041e+00
 6.66161e+00  1.00165e+00  1.00041e+00
 6.67182e+00  1.00018e+00  1.00041e+00
 6.68245e+00  1.00017e+00  1.00041e+00
 6.69265e+00  9.99661e-01  9.99786e-01
 6.70329e+00  1.00018e+00  1.00041e+00
 6.71347e+00  9.99345e-01  9.99786e-01
 6.72411e+00  1.00053e+00  1.00041e+00
 6.73432e+00  9.99586e-01  1.00041e+00
 6.74495e+00  9.99447e-01  1.00041e+00
 6.75515e+00  9.99424e-01  1.00041e+00
 6.76677e+00  9.99378e-01  1.00041e+00
 6.77708e+00  9.99883e-01  9.99786e-01
 6.78759e+00  9.98544e-01  1.00041e+00
 6.79792e+00  9.99979e-01  1.00041e+00
 6.80844e+00  1.00007e+00  1.00103e+00
 6.81876e+00  9.99468e-01  1.00103e+00
 6.82927e+00  1.00055e+00  1.00041e+00
 6.83958e+00  9.99635e-01  1.00041e+00
 6.85009e+00  1.00018e+00  1.00041e+00
 6.86041e+00  9.99438e-01  1.00041e+00
 6.87094e+00  9.99664e-01  1.00041e+00
 6.88126e+00  9.98642e-01  1.00041e+00
 6.89177e+00  9.99629e-01  1.00041e+00
 6.90208e+00  1.00006e+00  1.00041e+00
 6.91362e+00  9.98933e-01  1.00103e+00
 6.92400e+00  1.00048e+00  9.99786e-01
 6.93559e+00  1.00055e+00  9.99786e-01
 6.94582e+00  1.00043e+00  9.99786e-01
 6.95833e+00  1.00003e+00  1.00041e+00
 6.96904e+00  9.99773e-01  1.00041e+00
 6.98083e+00  9.99187e-01  1.00041e+00
 6.99237e+00  9.98635e-01  1.00041e+00
 7.00318e+00  9.99522e-01  1.00041e+00
 7.01433e+00  9.99995e-01  1.00103e+00
 7.02597e+00  9.98975e-01  9.99785e-01
 7.03750e+00  9.99624e-01  1.00041e+00
 7.04791e+00  1.00023e+00  9.99785e-01
 7.05947e+00  1.00067e+00  9.99785e-01
 7.06985e+00  9.99950e-01  1.00041e+00
 7.08236e+00  9.99298e-01  1.00103e+00
 7.09402e+00  9.98824e-01  1.00041e+00
 7.10528e+00  1.00006e+00  1.00103e+00
 7.11613e+00  9.99163e-01  1.00103e+00
 7.12707e+00  9.99675e-01  9.99785e-01
 7.13821e+00  9.98905e-01  1.00041e+00
 7.14902e+00  9.99399e-01  1.00041e+00
 7.16014e+00  1.00000e+00  1.00041e+00
 7.17180e+00  9.98896e-01  1.00041e+00
 7.18390e+00  9.99425e-01  1.00041e+00
 7.19527e+00  9.99176e-01  1.00103e+00
 7.20833e+00  9.99002e-01  1.00103e+00
 7.21904e+00  9.99239e-01  1.00103e+00
 7.23083e+00  1.00004e+00  1.00041e+00
 7.24265e+00  9.98802e-01  1.00041e+00
 7.25415e+00  1.00052e+00  1.00103e+00
 7.26557e+00  9.99725e-01  1.00041e+00
 7.27709e+00  1.00023e+00  1.00103e+00
 7.28970e+00  1.00146e+00  9.99784e-01
 7.30112e+00  9.99257e-01  9.99783e-01
 7.31333e+00  9.99779e-01  9.99783e-01
 7.32544e+00  9.98603e-01  1.00103e+00
 7.33694e+00  9.99209e-01  1.00103e+00
 7.34888e+00  9.99613e-01  1.00040e+00
 7.35931e+00  9.99258e-01  1.00040e+00
 7.37086e+00  9.99043e-01  1.00040e+00
 7.38125e+00  9.99464e-01  1.00040e+00
 7.39279e+00  9.99335e-01  1.00102e+00
 7.40317e+00  9.99232e-01  9.99777e-01
 7.41568e+00  9.98579e-01  1.00040e+00
 7.42738e+00  9.98850e-01  1.00039e+00
 7.43861e+00  9.99421e-01  1.00038e+00
 7.44947e+00  1.00261e+00  1.00035e+00
 7.46042e+00  9.99162e-01  1.00212e+00
 7.47111e+00  1.01707e+00  1.01655e+00
 7.48235e+00  9.98929e-01  1.00664e+00
 7.49350e+00  9.98362e-01  1.00094e+00
 7.50415e+00  9.99536e-01  1.00162e+00
 7.51475e+00  1.00646e+00  1.00101e+00
 7.52500e+00  9.98829e-01  9.99778e-01
 7.53556e+00  1.00232e+00  1.00040e+00
 7.54582e+00  9.98419e-01  9.99784e-01
 7.55643e+00  1.00100e+00  1.00103e+00
 7.56665e+00  9.98923e-01  9.99786e-01
 7.57725e+00  9.99414e-01  9.99787e-01
 7.58750e+00  9.97776e-01  9.99787e-01
 7.59806e+00  9.98715e-01  9.99788e-01
 7.60847e+00  9.99013e-01  9.99788e-01
 7.62003e+00  9.98366e-01  1.00103e+00
 7.63014e+00  9.98231e-01  1.00041e+00
 7.64113e+00  9.97426e-01  1.00041e+00
 7.65318e+00  9.98861e-01  9.99788e-01
 7.66474e+00  9.98361e-01  1.00103e+00
 7.67541e+00  9.97700e-01  9.99789e-01
 7.68764e+00  9.98172e-01  1.00103e+00
 7.69864e+00  1.00014e+00  1.00041e+00
 7.70946e+00  9.97700e-01  1.00041e+00
 7.72029e+00  9.97522e-01  1.00041e+00
 7.73124e+00  9.97924e-01  9.99789e-01
 7.74071e+00  1.00285e+00  9.99789e-01
 7.75069e+00  1.00065e+00  1.00103e+00
 7.75947e+00  9.99280e-01  9.99789e-01
 7.76976e+00  1.00029e+00  1.00041e+00
 7.77943e+00  9.99076e-01  1.00103e+00
 7.78863e+00  1.00103e+00  1.00103e+00
 7.79777e+00  9.98762e-01  1.00041e+00
 7.80783e+00  9.98485e-01  1.00041e+00
 7.81750e+00  9.99184e-01  1.00041e+00
 7.82766e+00  1.00031e+00  9.99789e-01
 7.83666e+00  9.99133e-01  1.00041e+00
 7.84655e+00  1.00062e+00  1.00041e+00
 7.85695e+00  9.99937e-01  1.00103e+00
 7.86780e+00  9.99227e-01  9.99789e-01
 7.87847e+00  9.99633e-01  1.00041e+00
 7.88865e+00  1.00187e+00  1.00041e+00
 7.89904e+00  1.00182e+00  1.00103e+00
 7.90905e+00  1.00085e+00  1.00041e+00
 7.92095e+00  1.00147e+00  1.00041e+00
 7.93185e+00  1.00380e+00  1.00041e+00
 7.94070e+00  1.00100e+00  1.00041e+00
 7.95017e+00  1.00239e+00  1.00041e+00
 7.96125e+00  1.00284e+00  1.00041e+00
 7.97212e+00  1.00351e+00  1.00041e+00
 7.98262e+00  1.00303e+00  1.00103e+00
 7.99380e+00  1.00474e+00  1.00041e+00
 8.00514e+00  1.00509e+00  1.00041e+00
 8.01517e+00  1.00521e+00  9.99788e-01
 8.02404e+00  1.00683e+00  1.00103e+00
 8.03404e+00  1.00586e+00  9.99788e-01
 8.04334e+00  1.00814e+00  1.00103e+00
 8.05335e+00  1.00636e+00  1.00041e+00
 8.06320e+00  1.00835e+00  1.00041e+00
 8.07199e+00  1.00836e+00  1.00041e+00
 8.08129e+00  1.00831e+00  1.00041e+00
 8.09054e+00  1.00917e+00  1.00041e+00
 8.10100e+00  1.00932e+00  1.00103e+00
 8.11096e+00  1.00931e+00  1.00041e+00
 8.12033e+00  1.01044e+00  1.00041e+00
 8.12972e+00  1.00984e+00  1.00041e+00
 8.14086e+00  1.01103e+00  1.00041e+00
 8.14987e+00  1.01014e+00  1.00041e+00
 8.15905e+00  1.01184e+00  1.00041e+00
 8.16820e+00  1.01171e+00  9.99788e-01
 8.17794e+00  1.01006e+00  1.00103e+00
 8.18738e+00  1.01111e+00  1.00041e+00
 8.19670e+00  1.00938e+00  1.00041e+00
 8.20726e+00  1.01076e+00  1.00041e+00
 8.21612e+00  1.01034e+00  1.00041e+00
 8.22628e+00  1.01020e+00  1.00041e+00
 8.23638e+00  1.01104e+00  1.00041e+00
 8.24687e+00  1.00895e+00  1.00041e+00
 8.25584e+00  1.00758e+00  1.00041e+00
 8.26602e+00  1.00788e+00  1.00041e+00
 8.27570e+00  1.00812e+00  9.99788e-01
 8.28433e+00  1.00574e+00  1.00041e+00
 8.29431e+00  1.00577e+00  1.00041e+00
 8.30405e+00  1.00642e+00  1.00041e+00
 8.31320e+00  1.00468e+00  1.00041e+00
 8.32157e+00  1.00325e+00  1.00103e+00
 8.33032e+00  1.00378e+00  1.00041e+00
 8.33904e+00  1.00200e+00  9.99788e-01
 8.34752e+00  1.00094e+00  1.00041e+00
 8.35681e+00  1.00097e+00  1.00041e+00
 8.36600e+00  1.00108e+00  1.00041e+00
 8.37570e+00  1.00032e+00  1.00041e+00
 8.38407e+00  9.99375e-01  1.00041e+00
 8.39393e+00  9.98370e-01  1.00103e+00
 8.40320e+00  9.98851e-01  1.00041e+00
 8.41293e+00  9.98122e-01  1.00041e+00
 8.42320e+00  9.96808e-01  1.00041e+00
 8.43186e+00  9.96704e-01  1.00041e+00
 8.44070e+00  9.96193e-01  1.00041e+00
 8.44991e+00  9.95557e-01  9.99788e-01
 8.45987e+00  9.96263e-01  1.00041e+00
 8.46989e+00  9.95412e-01  1.00041e+00
 8.48014e+00  9.96476e-01  9.99788e-01
 8.49075e+00  9.94453e-01  1.00041e+00
 8.50153e+00  9.94780e-01  9.99788e-01
 8.51047e+00  9.93442e-01  1.00103e+00
 8.52070e+00  9.94613e-01  1.00041e+00
 8.53003e+00  9.94479e-01  1.00041e+00
 8.53961e+00  9.94249e-01  1.00103e+00
 8.54849e+00  9.94080e-01  1.00041e+00
 8.55797e+00  9.94703e-01  9.99788e-01
 8.56793e+00  9.93847e-01  1.00103e+00
 8.57767e+00  9.94089e-01  1.00041e+00
 8.58654e+00  9.93834e-01  9.99788e-01
 8.59572e+00  9.93131e-01  1.00041e+00
 8.60500e+00  9.94333e-01  1.00041e+00
 8.61491e+00  9.93393e-01  1.00041e+00
 8.62488e+00  9.94563e-01  1.00041e+00
 8.63365e+00  9.94332e-01  1.00041e+00
 8.64282e+00  9.94594e-01  1.00041e+00
 8.65236e+00  9.94239e-01  1.00041e+00
 8.66196e+00  9.95169e-01  1.00041e+00
 8.67210e+00  9.95039e-01  1.00041e+00
 8.68271e+00  9.95053e-01  1.00041e+00
 8.69154e+00  9.95603e-01  1.00041e+00
 8.70074e+00  9.96423e-01  1.00041e+00
 8.70986e+00  9.95997e-01  1.00103e+00
 8.71961e+00  9.95676e-01  1.00041e+00
 8.73013e+00  9.95711e-01  1.00041e+00
 8.73963e+00  9.96474e-01  1.00041e+00
 8.74895e+00  9.96048e-01  9.99788e-01
 8.75778e+00  9.96140e-01  1.00041e+00
 8.76699e+00  9.97814e-01  1.00041e+00
 8.77571e+00  9.96303e-01  1.00041e+00
 8.78502e+00  9.97100e-01  1.00041e+00
 8.79431e+00  9.97628e-01  1.00041e+00
 8.80408e+00  9.97671e-01  1.00041e+00
 8.81320e+00  9.97781e-01  9.99788e-01
 8.82268e+00  9.96477e-01  1.00041e+00
 8.83226e+00  9.98013e-01  1.00041e+00
 8.84167e+00  9.97536e-01  1.00041e+00
 8.85170e+00  9.97869e-01  1.00041e+00
 8.86014e+00  1.00539e+00  9.99788e-01
 8.86880e+00  1.00299e+00  1.00041e+00
 8.87722e+00  1.00222e+00  1.00041e+00
 8.88589e+00  1.00172e+00  1.00041e+00
 8.89405e+00  1.00128e+00  1.00041e+00
 8.90250e+00  1.00338e+00  1.00041e+00
 8.91071e+00  9.99747e-01  1.00041e+00
 8.91874e+00  1.00076e+00  9.99788e-01
 8.92670e+00  9.99499e-01  1.00103e+00
 8.93492e+00  9.99767e-01  1.00041e+00
 8.94266e+00  9.98960e-01  1.00041e+00
 8.95086e+00  9.99834e-01  1.00041e+00
 8.95970e+00  9.99046e-01  1.00041e+00
 8.96753e+00  1.00008e+00  1.00103e+00
 8.97655e+00  9.99572e-01  1.00041e+00
 8.98502e+00  9.98953e-01  9.99788e-01
 8.99324e+00  9.98325e-01  1.00103e+00
 9.00139e+00  9.98853e-01  1.00041e+00
 9.00952e+00  9.98333e-01  1.00103e+00
 9.01892e+00  9.99035e-01  1.00103e+00
 9.02680e+00  1.00097e+00  9.99788e-01
 9.03502e+00  9.99078e-01  1.00041e+00
 9.04402e+00  9.99152e-01  9.99788e-01
 9.05254e+00  9.99899e-01  1.00103e+00
 9.06074e+00  9.99912e-01  1.00041e+00
 9.06919e+00  9.99233e-01  1.00041e+00
 9.07739e+00  9.99864e-01  1.00041e+00
 9.08541e+00  9.99648e-01  9.99788e-01
 9.09336e+00  9.99284e-01  1.00103e+00
 9.10211e+00  1.00091e+00  9.99788e-01
 9.11069e+00  1.00090e+00  1.00041e+00
 9.11907e+00  9.99844e-01  1.00041e+00
 9.12710e+00  1.00010e+00  1.00041e+00
 9.13505e+00  1.00029e+00  1.00103e+00
 9.14322e+00  1.00093e+00  1.00041e+00
 9.15222e+00  1.00083e+00  1.00041e+00
 9.16141e+00  1.00062e+00  1.00103e+00
 9.16972e+00  1.00089e+00  9.99788e-01
 9.17879e+00  1.00056e+00  1.00041e+00
 9.18737e+00  1.00053e+00  1.00041e+00
 9.19617e+00  9.99638e-01  9.99788e-01
 9.20489e+00  1.00151e+00  9.99787e-01
 9.21266e+00  1.00119e+00  1.00103e+00
 9.22084e+00  1.00007e+00  1.00103e+00
 9.22892e+00  1.00024e+00  1.00041e+00
 9.23749e+00  1.00058e+00  1.00041e+00
 9.24575e+00  1.00109e+00  9.99787e-01
 9.25349e+00  1.00008e+00  1.00041e+00
 9.26170e+00  1.00025e+00  9.99787e-01
 9.26990e+00  1.00036e+00  1.00041e+00
 9.27750e+00  9.99850e-01  1.00041e+00
 9.28654e+00  1.00028e+00  1.00041e+00
 9.29556e+00  1.00025e+00  1.00041e+00
 9.30463e+00  1.00045e+00  1.00041e+00
 9.31321e+00  1.00009e+00  1.00103e+00
 9.32254e+00  1.00046e+00  9.99787e-01
 9.33074e+00  1.00038e+00  9.99787e-01
 9.33849e+00  9.99998e-01  1.00041e+00
 9.34667e+00  9.99600e-01  1.00041e+00
 9.35472e+00  1.00024e+00  1.00041e+00
 9.36253e+00  1.00061e+00  1.00103e+00
 9.37075e+00  1.00033e+00  1.00041e+00
 9.37962e+00  9.98906e-01  1.00041e+00
 9.38907e+00  1.00067e+00  9.99787e-01
 9.39783e+00  1.00015e+00  1.00041e+00
 9.40669e+00  1.00145e+00  9.99787e-01
 9.41489e+00  1.00118e+00  1.00041e+00
 9.42515e+00  1.00108e+00  1.00041e+00
 9.43409e+00  1.00066e+00  1.00041e+00
 9.44183e+00  1.00103e+00  1.00041e+00
 9.45003e+00  1.00010e+00  1.00041e+00
 9.45809e+00  9.99995e-01  9.99787e-01
 9.46585e+00  1.00078e+00  1.00041e+00
 9.47531e+00  1.00084e+00  1.00041e+00
 9.48348e+00  1.00026e+00  1.00041e+00
 9.49253e+00  1.00073e+00  1.00041e+00
 9.50167e+00  1.00046e+00  1.00103e+00
 9.51144e+00  1.00011e+00  1.00041e+00
 9.51991e+00  1.00117e+00  1.00103e+00
 9.52751e+00  1.00012e+00  1.00103e+00
 9.53642e+00  1.00076e+00  1.00103e+00
 9.54445e+00  1.00074e+00  1.00041e+00
 9.55281e+00  1.00102e+00  1.00041e+00
 9.56157e+00  1.00075e+00  1.00041e+00
 9.56918e+00  1.00079e+00  1.00041e+00
 9.57963e+00  1.00058e+00  1.00041e+00
 9.58766e+00  1.00127e+00  1.00041e+00
 9.59583e+00  1.00211e+00  1.00041e+00
 9.60324e+00  1.00054e+00  1.00041e+00
 9.61084e+00  1.00063e+00  1.00041e+00
 9.61974e+00  1.00230e+00  1.00041e+00
 9.62849e+00  1.00104e+00  1.00103e+00
 9.63670e+00  1.00080e+00  1.00041e+00
 9.64420e+00  1.00074e+00  9.99787e-01
