1020
 4.12900e-03  1.00849e+00  1.00800e+00
 1.11250e-02  1.00844e+00  1.00751e+00
 1.85780e-02  1.00730e+00  1.00699e+00
 2.62540e-02  1.00782e+00  1.00644e+00
 3.25090e-02  1.00723e+00  1.00601e+00
 3.94180e-02  1.00676e+00  1.00553e+00
 4.73230e-02  1.00682e+00  1.00501e+00
 5.40290e-02  1.00622e+00  1.00458e+00
 6.10320e-02  1.00527e+00  1.00415e+00
 6.89070e-02  1.00605e+00  1.00369e+00
 7.55070e-02  1.01659e+00  1.00333e+00
 8.26990e-02  1.00512e+00  1.00296e+00
 9.04460e-02  1.00412e+00  1.00258e+00
 9.69440e-02  1.00389e+00  1.00229e+00
 1.04293e-01  1.00355e+00  1.00198e+00
 1.12151e-01  1.00303e+00  1.00167e+00
 1.19548e-01  1.00301e+00  1.00141e+00
 1.27369e-01  1.00228e+00  1.00116e+00
 1.34958e-01  1.00252e+00  1.00093e+00
 1.41413e-01  1.00838e+00  1.00076e+00
 1.49068e-01  1.00190e+00  1.00057e+00
 1.55841e-01  1.00669e+00  1.00041e+00
 1.62179e-01  1.00092e+00  1.00028e+00
 1.69888e-01  1.00118e+00  1.00014e+00
 1.77150e-01  1.00038e+00  1.00002e+00
 1.83711e-01  1.00089e+00  9.99918e-01
 1.91629e-01  9.99957e-01  9.99811e-01
 1.98624e-01  9.99265e-01  9.99726e-01
 2.06308e-01  1.00025e+00  9.99643e-01
 2.15208e-01  9.99638e-01  9.99559e-01
 2.22164e-01  9.99652e-01  9.99502e-01
 2.29994e-01  9.99273e-01  9.99446e-01
 2.37759e-01  9.98904e-01  9.99398e-01
 2.44078e-01  9.99552e-01  9.99363e-01
 2.51617e-01  9.99401e-01  9.99328e-01
 2.59299e-01  9.98896e-01  9.99297e-01
 2.65682e-01  9.99949e-01  9.99275e-01
 2.72263e-01  1.00009e+00  9.99256e-01
 2.79501e-01  9.98802e-01  9.99238e-01
 2.85445e-01  9.99909e-01  9.99226e-01
 2.91794e-01  9.99108e-01  9.99216e-01
 2.98786e-01  9.98413e-01  9.99206e-01
 3.05274e-01  9.98387e-01  9.99200e-01
 3.12320e-01  1.00001e+00  9.99195e-01
 3.19396e-01  9.99558e-01  9.99192e-01
 3.25348e-01  9.98795e-01  9.99191e-01
 3.31594e-01  9.99308e-01  9.99191e-01
 3.38993e-01  9.99351e-01  9.99193e-01
 3.45702e-01  9.98345e-01  9.99195e-01
 3.52829e-01  9.98833e-01  9.99199e-01
 3.59823e-01  9.98709e-01  9.99204e-01
 3.67008e-01  9.99933e-01  9.99210e-01
 3.73829e-01  9.98909e-01  9.99216e-01
 3.82051e-01  9.98405e-01  9.99225e-01
 3.88604e-01  9.99057e-01  9.99232e-01
 3.95346e-01  9.99903e-01  9.99240e-01
 4.02036e-01  9.99391e-01  9.99249e-01
 4.08127e-01  9.98553e-01  9.99257e-01
 4.14234e-01  9.97816e-01  9.99265e-01
 4.20881e-01  1.00010e+00  9.99274e-01
 4.27168e-01  9.99256e-01  9.99284e-01
 4.33250e-01  9.99132e-01  9.99292e-01
 4.40010e-01  9.98918e-01  9.99302e-01
 4.47040e-01  9.99359e-01  9.99313e-01
 4.52712e-01  9.99613e-01  9.99322e-01
 4.59691e-01  9.99821e-01  9.99332e-01
 4.66699e-01  9.99675e-01  9.99343e-01
 4.72945e-01  9.99486e-01  9.99353e-01
 4.79580e-01  9.99546e-01  9.99363e-01
 4.86690e-01  9.99441e-01  9.99374e-01
 4.92553e-01  9.99235e-01  9.99383e-01
 4.98889e-01  9.99413e-01  9.99393e-01
 5.05894e-01  9.99479e-01  9.99404e-01
 5.12379e-01  9.98773e-01  9.99413e-01
 5.19104e-01  9.99098e-01  9.99424e-01
 5.26880e-01  9.99849e-01  9.99435e-01
 5.33127e-01  9.99596e-01  9.99444e-01
 5.39244e-01  9.99088e-01  9.99453e-01
 5.45881e-01  9.99713e-01  9.99463e-01
 5.52168e-01  9.99880e-01  9.99472e-01
 5.58842e-01  9.99617e-01  9.99482e-01
 5.66343e-01  9.99392e-01  9.99492e-01
 5.73018e-01  9.99223e-01  9.99502e-01
 5.79531e-01  9.99575e-01  9.99511e-01
 5.86696e-01  9.99159e-01  9.99520e-01
 5.93351e-01  9.99633e-01  9.99529e-01
 5.99220e-01  1.00054e+00  9.99537e-01
 6.05593e-01  9.99729e-01  9.99545e-01
 6.12779e-01  1.00025e+00  9.99554e-01
 6.18765e-01  1.00012e+00  9.99562e-01
 6.25430e-01  1.00035e+00  9.99570e-01
 6.32530e-01  1.00019e+00  9.99579e-01
 6.38383e-01  1.00012e+00  9.99586e-01
 6.45118e-01  9.99780e-01  9.99594e-01
 6.52718e-01  1.00009e+00  9.99603e-01
 6.59830e-01  1.00086e+00  9.99611e-01
 6.66490e-01  9.99334e-01  9.99619e-01
 6.74027e-01  9.99949e-01  9.99627e-01
 6.80043e-01  1.00058e+00  9.99634e-01
 6.86389e-01  1.00035e+00  9.99641e-01
 6.93081e-01  9.99204e-01  9.99648e-01
 6.99273e-01  9.99337e-01  9.99654e-01
 7.05970e-01  1.00382e+00  9.99661e-01
 7.12949e-01  1.00215e+00  9.99668e-01
 7.18818e-01  9.99102e-01  9.99674e-01
 7.24286e-01  1.00306e+00  9.99679e-01
 7.30124e-01  1.00282e+00  9.99685e-01
 7.36304e-01  1.00111e+00  9.99691e-01
 7.41761e-01  1.00124e+00  9.99696e-01
 7.47492e-01  1.00105e+00  9.99701e-01
 7.54214e-01  1.00085e+00  9.99708e-01
 7.60518e-01  9.99060e-01  9.99713e-01
 7.65946e-01  1.00065e+00  9.99718e-01
 7.72088e-01  1.00086e+00  9.99723e-01
 7.78885e-01  9.99953e-01  9.99729e-01
 7.84444e-01  1.00080e+00  9.99734e-01
 7.90559e-01  1.00019e+00  9.99739e-01
 7.97399e-01  1.00007e+00  9.99745e-01
 8.04417e-01  9.99490e-01  9.99750e-01
 8.11382e-01  9.99640e-01  9.99756e-01
 8.18091e-01  1.00052e+00  9.99761e-01
 8.24107e-01  9.99425e-01  9.99766e-01
 8.29615e-01  9.99513e-01  9.99770e-01
 8.35454e-01  9.99439e-01  9.99774e-01
 8.41689e-01  9.99095e-01  9.99779e-01
 8.46944e-01  9.99192e-01  9.99783e-01
 8.52821e-01  9.99159e-01  9.99787e-01
 8.59320e-01  9.98927e-01  9.99791e-01
 8.65192e-01  9.99219e-01  9.99795e-01
 8.71294e-01  9.99651e-01  9.99800e-01
 8.77812e-01  9.98378e-01  9.99804e-01
 8.84540e-01  9.98704e-01  9.99809e-01
 8.89743e-01  9.98706e-01  9.99812e-01
 8.96040e-01  9.99458e-01  9.99816e-01
 9.02339e-01  9.99617e-01  9.99820e-01
 9.08109e-01  9.99622e-01  9.99824e-01
 9.14704e-01  9.98662e-01  9.99828e-01
 9.20957e-01  1.00012e+00  9.99832e-01
 9.27314e-01  9.99138e-01  9.99835e-01
 9.33250e-01  9.98867e-01  9.99839e-01
 9.39009e-01  9.99433e-01  9.99842e-01
 9.45241e-01  9.98890e-01  9.99846e-01
 9.51029e-01  9.98874e-01  9.99849e-01
 9.56981e-01  9.99240e-01  9.99853e-01
 9.63639e-01  9.99773e-01  9.99856e-01
 9.69580e-01  9.99159e-01  9.99860e-01
 9.75465e-01  9.98657e-01  9.99863e-01
 9.81284e-01  1.00013e+00  9.99866e-01
 9.87695e-01  9.99567e-01  9.99869e-01
 9.93913e-01  9.98783e-01  9.99873e-01
 9.99748e-01  9.99288e-01  9.99876e-01
 1.00683e+00  9.99409e-01  9.99879e-01
 1.01346e+00  9.98918e-01  9.99883e-01
 1.01948e+00  9.99908e-01  9.99886e-01
 1.02583e+00  1.00025e+00  9.99889e-01
 1.03224e+00  9.99444e-01  9.99892e-01
 1.03857e+00  9.99990e-01  9.99895e-01
 1.04441e+00  9.99738e-01  9.99898e-01
 1.05107e+00  9.99122e-01  9.99901e-01
 1.05763e+00  9.99701e-01  9.99904e-01
 1.06346e+00  9.99384e-01  9.99907e-01
 1.06963e+00  1.00019e+00  9.99909e-01
 1.07550e+00  1.00006e+00  9.99912e-01
 1.08160e+00  1.00066e+00  9.99915e-01
 1.08810e+00  9.99660e-01  9.99918e-01
 1.09396e+00  9.99011e-01  9.99920e-01
 1.10038e+00  9.99861e-01  9.99923e-01
 1.10628e+00  9.99814e-01  9.99925e-01
 1.11388e+00  9.99400e-01  9.99929e-01
 1.12114e+00  9.99747e-01  9.99932e-01
 1.12768e+00  1.00006e+00  9.99934e-01
 1.13400e+00  1.00053e+00  9.99937e-01
 1.13974e+00  1.00028e+00  9.99939e-01
 1.14558e+00  9.99208e-01  9.99942e-01
 1.15180e+00  9.99922e-01  9.99944e-01
 1.15868e+00  1.00069e+00  9.99947e-01
 1.16471e+00  1.00021e+00  9.99949e-01
 1.17113e+00  9.99994e-01  9.99951e-01
 1.17730e+00  1.00013e+00  9.99954e-01
 1.18325e+00  1.00070e+00  9.99956e-01
 1.18902e+00  9.99705e-01  9.99958e-01
 1.19525e+00  9.99756e-01  9.99961e-01
 1.20125e+00  9.99988e-01  9.99963e-01
 1.20753e+00  9.99915e-01  9.99965e-01
 1.21371e+00  9.98809e-01  9.99967e-01
 1.21958e+00  1.00013e+00  9.99969e-01
 1.22600e+00  9.99894e-01  9.99972e-01
 1.23215e+00  9.99893e-01  9.99974e-01
 1.23873e+00  9.99681e-01  9.99976e-01
 1.24450e+00  9.99814e-01  9.99978e-01
 1.25038e+00  9.99559e-01  9.99980e-01
 1.25651e+00  9.99103e-01  9.99983e-01
 1.26261e+00  9.99053e-01  9.99985e-01
 1.26887e+00  9.99488e-01  9.99987e-01
 1.27531e+00  9.99363e-01  9.99989e-01
 1.28146e+00  9.99229e-01  9.99991e-01
 1.28743e+00  9.99699e-01  9.99993e-01
 1.29317e+00  9.99049e-01  9.99995e-01
 1.29941e+00  9.99156e-01  9.99997e-01
 1.30550e+00  9.99594e-01  9.99999e-01
 1.31209e+00  9.99405e-01  1.00000e+00
 1.31878e+00  9.98369e-01  1.00000e+00
 1.32526e+00  9.98877e-01  1.00001e+00
 1.33161e+00  9.99214e-01  1.00001e+00
 1.33833e+00  9.99440e-01  1.00001e+00
 1.34475e+00  9.99403e-01  1.00001e+00
 1.35122e+00  9.99101e-01  1.00001e+00
 1.35770e+00  9.98700e-01  1.00002e+00
 1.36434e+00  9.99370e-01  1.00002e+00
 1.37075e+00  9.98890e-01  1.00002e+00
 1.37713e+00  9.99359e-01  1.00002e+00
 1.38400e+00  9.98864e-01  1.00002e+00
 1.39038e+00  9.98628e-01  1.00003e+00
 1.39757e+00  9.98596e-01  1.00003e+00
 1.40482e+00  9.99014e-01  1.00003e+00
 1.41115e+00  9.99194e-01  1.00003e+00
 1.41756e+00  9.98204e-01  1.00003e+00
 1.42403e+00  9.96809e-01  1.00004e+00
 1.43066e+00  9.99864e-01  1.00004e+00
 1.43709e+00  9.99641e-01  1.00004e+00
 1.44401e+00  9.95793e-01  1.00004e+00
 1.45026e+00  9.99215e-01  1.00004e+00
 1.45662e+00  9.99876e-01  1.00005e+00
 1.46317e+00  9.95616e-01  1.00005e+00
 1.46913e+00  9.99532e-01  1.00005e+00
 1.47576e+00  9.98817e-01  1.00005e+00
 1.48263e+00  9.95698e-01  1.00005e+00
 1.48873e+00  1.00056e+00  1.00006e+00
 1.49513e+00  9.99144e-01  1.00006e+00
 1.50175e+00  1.00022e+00  1.00006e+00
 1.50845e+00  9.95017e-01  1.00006e+00
 1.51516e+00  1.00082e+00  1.00006e+00
 1.52234e+00  9.99981e-01  1.00007e+00
 1.52913e+00  1.00036e+00  1.00007e+00
 1.53615e+00  9.99847e-01  1.00007e+00
 1.54271e+00  1.00009e+00  1.00007e+00
 1.54950e+00  9.94545e-01  1.00007e+00
 1.55627e+00  9.99136e-01  1.00008e+00
 1.56272e+00  1.00001e+00  1.00008e+00
 1.56909e+00  9.95077e-01  1.00008e+00
 1.57526e+00  1.00035e+00  1.00008e+00
 1.58163e+00  9.99714e-01  1.00008e+00
 1.58817e+00  9.95150e-01  1.00009e+00
 1.59436e+00  9.99624e-01  1.00009e+00
 1.60122e+00  9.99733e-01  1.00009e+00
 1.60809e+00  9.95627e-01  1.00009e+00
 1.61434e+00  9.99998e-01  1.00009e+00
 1.62089e+00  9.99265e-01  1.00010e+00
 1.62783e+00  9.99917e-01  1.00010e+00
 1.63401e+00  9.94503e-01  1.00010e+00
 1.64030e+00  1.00036e+00  1.00010e+00
 1.64673e+00  9.99411e-01  1.00010e+00
 1.65304e+00  9.94432e-01  1.00011e+00
 1.65916e+00  9.99635e-01  1.00011e+00
 1.66563e+00  9.99332e-01  1.00011e+00
 1.67233e+00  1.00069e+00  1.00011e+00
 1.67836e+00  9.99597e-01  1.00011e+00
 1.68515e+00  9.99537e-01  1.00012e+00
 1.69142e+00  9.99209e-01  1.00012e+00
 1.69720e+00  9.99817e-01  1.00012e+00
 1.70408e+00  1.00012e+00  1.00012e+00
 1.71044e+00  1.00273e+00  1.00012e+00
 1.71616e+00  9.94542e-01  1.00013e+00
 1.72341e+00  9.99996e-01  1.00013e+00
 1.73007e+00  9.99098e-01  1.00013e+00
 1.73643e+00  9.98849e-01  1.00013e+00
 1.74297e+00  9.99853e-01  1.00013e+00
 1.74967e+00  1.00017e+00  1.00014e+00
 1.75620e+00  9.98897e-01  1.00014e+00
 1.76302e+00  1.00046e+00  1.00014e+00
 1.77044e+00  1.00013e+00  1.00014e+00
 1.77650e+00  9.98213e-01  1.00015e+00
 1.78254e+00  1.00024e+00  1.00015e+00
 1.78933e+00  1.00032e+00  1.00015e+00
 1.79557e+00  9.97921e-01  1.00015e+00
 1.80135e+00  9.99887e-01  1.00015e+00
 1.80848e+00  9.99763e-01  1.00016e+00
 1.81516e+00  1.00178e+00  1.00016e+00
 1.82157e+00  9.97278e-01  1.00016e+00
 1.82909e+00  1.00034e+00  1.00016e+00
 1.83613e+00  1.00063e+00  1.00017e+00
 1.84302e+00  9.99743e-01  1.00017e+00
 1.84994e+00  1.00024e+00  1.00017e+00
 1.85649e+00  1.00122e+00  1.00017e+00
 1.86261e+00  9.97756e-01  1.00018e+00
 1.86952e+00  9.98891e-01  1.00018e+00
 1.87652e+00  9.99983e-01  1.00018e+00
 1.88229e+00  9.98259e-01  1.00018e+00
 1.88959e+00  1.00027e+00  1.00019e+00
 1.89675e+00  1.00063e+00  1.00019e+00
 1.90310e+00  9.99003e-01  1.00019e+00
 1.91035e+00  9.98895e-01  1.00019e+00
 1.91702e+00  9.99701e-01  1.00020e+00
 1.92362e+00  9.99522e-01  1.00020e+00
 1.93047e+00  9.99322e-01  1.00020e+00
 1.93709e+00  9.99746e-01  1.00020e+00
 1.94319e+00  9.99966e-01  1.00021e+00
 1.94920e+00  9.99184e-01  1.00021e+00
 1.95670e+00  9.99223e-01  1.00021e+00
 1.96361e+00  1.00196e+00  1.00022e+00
 1.97005e+00  9.99700e-01  1.00022e+00
 1.97683e+00  9.99217e-01  1.00022e+00
 1.98391e+00  1.00006e+00  1.00022e+00
 1.99017e+00  9.99429e-01  1.00023e+00
 1.99703e+00  9.99544e-01  1.00023e+00
 2.00330e+00  1.00080e+00  1.00023e+00
 2.00902e+00  9.98406e-01  1.00024e+00
 2.01604e+00  9.99534e-01  1.00024e+00
 2.02294e+00  1.00025e+00  1.00024e+00
 2.02867e+00  9.98410e-01  1.00024e+00
 2.03613e+00  9.99682e-01  1.00025e+00
 2.04323e+00  1.00034e+00  1.00025e+00
 2.04951e+00  9.98982e-01  1.00025e+00
 2.05701e+00  9.99267e-01  1.00026e+00
 2.06407e+00  1.00096e+00  1.00026e+00
 2.07073e+00  9.99610e-01  1.00026e+00
 2.07861e+00  1.00000e+00  1.00027e+00
 2.08576e+00  1.00075e+00  1.00027e+00
 2.09256e+00  9.99535e-01  1.00027e+00
 2.10016e+00  1.00037e+00  1.00028e+00
 2.10704e+00  1.00059e+00  1.00028e+00
 2.11340e+00  9.99701e-01  1.00029e+00
 2.12097e+00  1.00059e+00  1.00029e+00
 2.12789e+00  1.00152e+00  1.00029e+00
 2.13424e+00  1.00035e+00  1.00030e+00
 2.14181e+00  1.00002e+00  1.00030e+00
 2.14872e+00  1.00112e+00  1.00030e+00
 2.15514e+00  1.00092e+00  1.00031e+00
 2.16334e+00  9.99960e-01  1.00031e+00
 2.17018e+00  1.00062e+00  1.00032e+00
 2.17666e+00  1.00098e+00  1.00032e+00
 2.18415e+00  1.00011e+00  1.00032e+00
 2.19180e+00  1.00038e+00  1.00033e+00
 2.19890e+00  1.00074e+00  1.00033e+00
 2.20677e+00  1.00066e+00  1.00034e+00
 2.21419e+00  1.00005e+00  1.00034e+00
 2.22223e+00  1.00045e+00  1.00035e+00
 2.23073e+00  1.00060e+00  1.00035e+00
 2.23756e+00  1.00077e+00  1.00036e+00
 2.24542e+00  1.00052e+00  1.00036e+00
 2.25289e+00  9.99828e-01  1.00037e+00
 2.25924e+00  1.00005e+00  1.00037e+00
 2.26734e+00  1.00055e+00  1.00038e+00
 2.27496e+00  1.00071e+00  1.00038e+00
 2.28278e+00  1.00029e+00  1.00039e+00
 2.29042e+00  1.00055e+00  1.00039e+00
 2.29777e+00  1.00011e+00  1.00040e+00
 2.30470e+00  9.99656e-01  1.00040e+00
 2.31271e+00  1.00013e+00  1.00041e+00
 2.31953e+00  9.99652e-01  1.00041e+00
 2.32732e+00  9.99997e-01  1.00042e+00
 2.33493e+00  1.00030e+00  1.00042e+00
 2.34186e+00  9.99681e-01  1.00043e+00
 2.34948e+00  1.00002e+00  1.00044e+00
 2.35636e+00  1.00018e+00  1.00044e+00
 2.36271e+00  9.99690e-01  1.00045e+00
 2.37149e+00  9.99666e-01  1.00045e+00
 2.37853e+00  9.99778e-01  1.00046e+00
 2.38500e+00  9.99729e-01  1.00046e+00
 2.39251e+00  1.00055e+00  1.00047e+00
 2.39935e+00  9.99594e-01  1.00048e+00
 2.40583e+00  9.99158e-01  1.00048e+00
 2.41335e+00  1.00021e+00  1.00049e+00
 2.42080e+00  9.99487e-01  1.00049e+00
 2.42806e+00  9.98814e-01  1.00050e+00
 2.43554e+00  9.99778e-01  1.00051e+00
 2.44242e+00  9.99617e-01  1.00051e+00
 2.44966e+00  9.99288e-01  1.00052e+00
 2.45710e+00  1.00008e+00  1.00053e+00
 2.46404e+00  1.00017e+00  1.00053e+00
 2.47124e+00  9.99682e-01  1.00054e+00
 2.47869e+00  9.99914e-01  1.00055e+00
 2.48528e+00  1.00122e+00  1.00055e+00
 2.49205e+00  1.00013e+00  1.00056e+00
 2.49958e+00  9.99537e-01  1.00057e+00
 2.50666e+00  1.00052e+00  1.00057e+00
 2.51373e+00  1.00022e+00  1.00058e+00
 2.52106e+00  1.00067e+00  1.00059e+00
 2.52748e+00  1.00097e+00  1.00060e+00
 2.53459e+00  9.99741e-01  1.00060e+00
 2.54189e+00  1.00094e+00  1.00061e+00
 2.54833e+00  1.00129e+00  1.00062e+00
 2.55561e+00  1.00024e+00  1.00062e+00
 2.56340e+00  1.00073e+00  1.00063e+00
 2.56978e+00  1.00118e+00  1.00064e+00
 2.57700e+00  1.00020e+00  1.00065e+00
 2.58425e+00  1.00025e+00  1.00066e+00
 2.59061e+00  1.00076e+00  1.00066e+00
 2.59785e+00  1.00137e+00  1.00067e+00
 2.60508e+00  1.00056e+00  1.00068e+00
 2.61145e+00  1.00094e+00  1.00069e+00
 2.61904e+00  1.00130e+00  1.00069e+00
 2.62658e+00  9.99673e-01  1.00070e+00
 2.63285e+00  1.00119e+00  1.00071e+00
 2.63973e+00  9.89955e-01  1.00072e+00
 2.64742e+00  1.00042e+00  1.00073e+00
 2.65383e+00  1.00140e+00  1.00073e+00
 2.66222e+00  1.00127e+00  1.00074e+00
 2.66956e+00  1.00042e+00  1.00075e+00
 2.67575e+00  9.91829e-01  1.00076e+00
 2.68302e+00  1.00074e+00  1.00076e+00
 2.69040e+00  1.00124e+00  1.00077e+00
 2.69726e+00  9.91925e-01  1.00078e+00
 2.70462e+00  1.00133e+00  1.00079e+00
 2.71187e+00  1.00061e+00  1.00080e+00
 2.71810e+00  9.92343e-01  1.00080e+00
 2.72547e+00  1.00138e+00  1.00081e+00
 2.73361e+00  9.99869e-01  1.00082e+00
 2.74140e+00  9.93641e-01  1.00082e+00
 2.74984e+00  9.99920e-01  1.00083e+00
 2.75665e+00  1.00031e+00  1.00084e+00
 2.76335e+00  9.94378e-01  1.00084e+00
 2.77196e+00  1.00046e+00  1.00085e+00
 2.77883e+00  9.99612e-01  1.00085e+00
 2.78638e+00  9.95468e-01  1.00086e+00
 2.79448e+00  9.99932e-01  1.00086e+00
 2.80200e+00  9.95393e-01  1.00087e+00
 2.80949e+00  9.99579e-01  1.00087e+00
 2.81672e+00  9.99404e-01  1.00087e+00
 2.82370e+00  9.96666e-01  1.00087e+00
 2.83187e+00  9.99344e-01  1.00087e+00
 2.83887e+00  9.98742e-01  1.00087e+00
 2.84586e+00  9.96513e-01  1.00087e+00
 2.85354e+00  9.99464e-01  1.00087e+00
 2.86083e+00  9.99745e-01  1.00087e+00
 2.86736e+00  9.96937e-01  1.00086e+00
 2.87523e+00  9.98381e-01  1.00086e+00
 2.88228e+00  9.99342e-01  1.00085e+00
 2.88997e+00  9.97347e-01  1.00084e+00
 2.89835e+00  9.99891e-01  1.00083e+00
 2.90492e+00  9.97205e-01  1.00081e+00
 2.91222e+00  9.99343e-01  1.00080e+00
 2.92064e+00  9.99217e-01  1.00078e+00
 2.92712e+00  9.98139e-01  1.00076e+00
 2.93450e+00  9.99646e-01  1.00074e+00
 2.94225e+00  9.99270e-01  1.00071e+00
 2.94857e+00  9.98053e-01  1.00068e+00
 2.95609e+00  9.99555e-01  1.00065e+00
 2.96325e+00  1.00065e+00  1.00061e+00
 2.96942e+00  9.98891e-01  1.00058e+00
 2.97693e+00  9.99199e-01  1.00054e+00
 2.98408e+00  9.99732e-01  1.00049e+00
 2.99086e+00  9.98763e-01  1.00044e+00
 2.99961e+00  9.99648e-01  1.00037e+00
 3.00726e+00  9.99411e-01  1.00030e+00
 3.01389e+00  9.98535e-01  1.00024e+00
 3.02243e+00  9.99395e-01  1.00015e+00
 3.02868e+00  9.99343e-01  1.00008e+00
 3.03559e+00  9.99064e-01  9.99993e-01
 3.04347e+00  9.99709e-01  9.99889e-01
 3.05022e+00  9.98913e-01  9.99793e-01
 3.05719e+00  9.98485e-01  9.99686e-01
 3.06470e+00  9.98818e-01  9.99563e-01
 3.07150e+00  9.99482e-01  9.99444e-01
 3.07885e+00  9.99012e-01  9.99306e-01
 3.08624e+00  9.98869e-01  9.99160e-01
 3.09242e+00  9.99016e-01  9.99030e-01
 3.09971e+00  9.99107e-01  9.98869e-01
 3.10706e+00  9.97949e-01  9.98699e-01
 3.11326e+00  9.97781e-01  9.98548e-01
 3.12130e+00  9.99000e-01  9.98345e-01
 3.12975e+00  9.99273e-01  9.98124e-01
 3.13607e+00  9.98690e-01  9.97953e-01
 3.14377e+00  9.98688e-01  9.97741e-01
 3.15137e+00  9.99025e-01  9.97530e-01
 3.15761e+00  9.98346e-01  9.97356e-01
 3.16545e+00  9.99540e-01  9.97140e-01
 3.17279e+00  1.00008e+00  9.96945e-01
 3.17917e+00  9.99739e-01  9.96783e-01
 3.18682e+00  9.99306e-01  9.96602e-01
 3.19401e+00  9.98891e-01  9.96449e-01
 3.20069e+00  9.99745e-01  9.96329e-01
 3.20850e+00  9.99353e-01  9.96218e-01
 3.21499e+00  1.00035e+00  9.96157e-01
 3.22155e+00  1.00054e+00  9.96129e-01
 3.22933e+00  1.00017e+00  9.96146e-01
 3.23584e+00  1.00021e+00  9.96208e-01
 3.24236e+00  1.00088e+00  9.96319e-01
 3.25017e+00  1.00113e+00  9.96523e-01
 3.25664e+00  1.00098e+00  9.96755e-01
 3.26321e+00  1.00105e+00  9.97054e-01
 3.27100e+00  1.00139e+00  9.97493e-01
 3.27749e+00  1.00196e+00  9.97931e-01
 3.28405e+00  1.00227e+00  9.98440e-01
 3.29196e+00  1.00389e+00  9.99141e-01
 3.29896e+00  1.00368e+00  9.99834e-01
 3.30649e+00  1.00278e+00  1.00065e+00
 3.31470e+00  1.00355e+00  1.00161e+00
 3.32141e+00  1.00435e+00  1.00243e+00
 3.32888e+00  1.00598e+00  1.00338e+00
 3.33624e+00  1.00574e+00  1.00432e+00
 3.34272e+00  1.00514e+00  1.00515e+00
 3.35117e+00  1.00776e+00  1.00619e+00
 3.35840e+00  1.00718e+00  1.00703e+00
 3.36463e+00  1.00603e+00  1.00771e+00
 3.37200e+00  1.00876e+00  1.00844e+00
 3.37921e+00  1.00897e+00  1.00906e+00
 3.38546e+00  1.00767e+00  1.00952e+00
 3.39317e+00  1.00932e+00  1.00998e+00
 3.40137e+00  1.00974e+00  1.01034e+00
 3.40761e+00  1.00937e+00  1.01051e+00
 3.41521e+00  1.00673e+00  1.01061e+00
 3.42222e+00  1.00977e+00  1.01061e+00
 3.42843e+00  1.01028e+00  1.01053e+00
 3.43637e+00  1.00895e+00  1.01033e+00
 3.44414e+00  1.00991e+00  1.01005e+00
 3.45072e+00  1.00840e+00  1.00975e+00
 3.45850e+00  1.00979e+00  1.00933e+00
 3.46499e+00  1.00939e+00  1.00895e+00
 3.47155e+00  1.00810e+00  1.00853e+00
 3.47946e+00  1.00849e+00  1.00800e+00
 3.48646e+00  1.00844e+00  1.00751e+00
 3.49391e+00  1.00730e+00  1.00699e+00
 3.50159e+00  1.00782e+00  1.00644e+00
 3.50785e+00  1.00723e+00  1.00601e+00
 3.51475e+00  1.00676e+00  1.00553e+00
 3.52266e+00  1.00682e+00  1.00501e+00
 3.52937e+00  1.00622e+00  1.00458e+00
 3.53637e+00  1.00527e+00  1.00415e+00
 3.54424e+00  1.00605e+00  1.00369e+00
 3.55084e+00  1.01659e+00  1.00333e+00
 3.55803e+00  1.00512e+00  1.00296e+00
 3.56578e+00  1.00412e+00  1.00258e+00
 3.57228e+00  1.00389e+00  1.00229e+00
 3.57963e+00  1.00355e+00  1.00198e+00
 3.58749e+00  1.00303e+00  1.00167e+00
 3.59489e+00  1.00301e+00  1.00141e+00
 3.60271e+00  1.00228e+00  1.00116e+00
 3.61029e+00  1.00252e+00  1.00093e+00
 3.61675e+00  1.00838e+00  1.00076e+00
 3.62440e+00  1.00190e+00  1.00057e+00
 3.63118e+00  1.00669e+00  1.00041e+00
 3.63752e+00  1.00092e+00  1.00028e+00
 3.64522e+00  1.00118e+00  1.00014e+00
 3.65249e+00  1.00038e+00  1.00002e+00
 3.65905e+00  1.00089e+00  9.99918e-01
 3.66696e+00  9.99957e-01  9.99811e-01
 3.67396e+00  9.99265e-01  9.99726e-01
 3.68164e+00  1.00025e+00  9.99643e-01
 3.69054e+00  9.99638e-01  9.99559e-01
 3.69750e+00  9.99652e-01  9.99502e-01
 3.70533e+00  9.99273e-01  9.99446e-01
 3.71310e+00  9.98904e-01  9.99398e-01
 3.71942e+00  9.99552e-01  9.99363e-01
 3.72695e+00  9.99401e-01  9.99328e-01
 3.73463e+00  9.98896e-01  9.99297e-01
 3.74102e+00  9.99949e-01  9.99275e-01
 3.74760e+00  1.00009e+00  9.99256e-01
 3.75484e+00  9.98802e-01  9.99238e-01
 3.76078e+00  9.99909e-01  9.99226e-01
 3.76713e+00  9.99108e-01  9.99216e-01
 3.77412e+00  9.98413e-01  9.99206e-01
 3.78061e+00  9.98387e-01  9.99200e-01
 3.78766e+00  1.00001e+00  9.99195e-01
 3.79473e+00  9.99558e-01  9.99192e-01
 3.80069e+00  9.98795e-01  9.99191e-01
 3.80693e+00  9.99308e-01  9.99191e-01
 3.81433e+00  9.99351e-01  9.99193e-01
 3.82104e+00  9.98345e-01  9.99195e-01
 3.82817e+00  9.98833e-01  9.99199e-01
 3.83516e+00  9.98709e-01  9.99204e-01
 3.84234e+00  9.99933e-01  9.99210e-01
 3.84917e+00  9.98909e-01  9.99216e-01
 3.85739e+00  9.98405e-01  9.99225e-01
 3.86394e+00  9.99057e-01  9.99232e-01
 3.87068e+00  9.99903e-01  9.99240e-01
 3.87737e+00  9.99391e-01  9.99249e-01
 3.88346e+00  9.98553e-01  9.99257e-01
 3.88957e+00  9.97816e-01  9.99265e-01
 3.89622e+00  1.00010e+00  9.99274e-01
 3.90250e+00  9.99256e-01  9.99284e-01
 3.90859e+00  9.99132e-01  9.99292e-01
 3.91535e+00  9.98918e-01  9.99302e-01
 3.92238e+00  9.99359e-01  9.99313e-01
 3.92805e+00  9.99613e-01  9.99322e-01
 3.93503e+00  9.99821e-01  9.99332e-01
 3.94204e+00  9.99675e-01  9.99343e-01
 3.94828e+00  9.99486e-01  9.99353e-01
 3.95492e+00  9.99546e-01  9.99363e-01
 3.96203e+00  9.99441e-01  9.99374e-01
 3.96789e+00  9.99235e-01  9.99383e-01
 3.97423e+00  9.99413e-01  9.99393e-01
 3.98123e+00  9.99479e-01  9.99404e-01
 3.98772e+00  9.98773e-01  9.99413e-01
 3.99444e+00  9.99098e-01  9.99424e-01
 4.00222e+00  9.99849e-01  9.99435e-01
 4.00846e+00  9.99596e-01  9.99444e-01
 4.01458e+00  9.99088e-01  9.99453e-01
 4.02122e+00  9.99713e-01  9.99463e-01
 4.02750e+00  9.99880e-01  9.99472e-01
 4.03418e+00  9.99617e-01  9.99482e-01
 4.04168e+00  9.99392e-01  9.99492e-01
 4.04835e+00  9.99223e-01  9.99502e-01
 4.05487e+00  9.99575e-01  9.99511e-01
 4.06203e+00  9.99159e-01  9.99520e-01
 4.06869e+00  9.99633e-01  9.99529e-01
 4.07456e+00  1.00054e+00  9.99537e-01
 4.08093e+00  9.99729e-01  9.99545e-01
 4.08812e+00  1.00025e+00  9.99554e-01
 4.09410e+00  1.00012e+00  9.99562e-01
 4.10077e+00  1.00035e+00  9.99570e-01
 4.10787e+00  1.00019e+00  9.99579e-01
 4.11372e+00  1.00012e+00  9.99586e-01
 4.12045e+00  9.99780e-01  9.99594e-01
 4.12805e+00  1.00009e+00  9.99603e-01
 4.13517e+00  1.00086e+00  9.99611e-01
 4.14183e+00  9.99334e-01  9.99619e-01
 4.14936e+00  9.99949e-01  9.99627e-01
 4.15538e+00  1.00058e+00  9.99634e-01
 4.16173e+00  1.00035e+00  9.99641e-01
 4.16842e+00  9.99204e-01  9.99648e-01
 4.17461e+00  9.99337e-01  9.99654e-01
 4.18131e+00  1.00382e+00  9.99661e-01
 4.18828e+00  1.00215e+00  9.99668e-01
 4.19415e+00  9.99102e-01  9.99674e-01
 4.19962e+00  1.00306e+00  9.99679e-01
 4.20546e+00  1.00282e+00  9.99685e-01
 4.21164e+00  1.00111e+00  9.99691e-01
 4.21710e+00  1.00124e+00  9.99696e-01
 4.22283e+00  1.00105e+00  9.99701e-01
 4.22955e+00  1.00085e+00  9.99708e-01
 4.23585e+00  9.99060e-01  9.99713e-01
 4.24128e+00  1.00065e+00  9.99718e-01
 4.24742e+00  1.00086e+00  9.99723e-01
 4.25422e+00  9.99953e-01  9.99729e-01
 4.25978e+00  1.00080e+00  9.99734e-01
 4.26590e+00  1.00019e+00  9.99739e-01
 4.27273e+00  1.00007e+00  9.99745e-01
 4.27975e+00  9.99490e-01  9.99750e-01
 4.28672e+00  9.99640e-01  9.99756e-01
 4.29343e+00  1.00052e+00  9.99761e-01
 4.29944e+00  9.99425e-01  9.99766e-01
 4.30495e+00  9.99513e-01  9.99770e-01
 4.31079e+00  9.99439e-01  9.99774e-01
 4.31703e+00  9.99095e-01  9.99779e-01
 4.32228e+00  9.99192e-01  9.99783e-01
 4.32816e+00  9.99159e-01  9.99787e-01
 4.33466e+00  9.98927e-01  9.99791e-01
 4.34053e+00  9.99219e-01  9.99795e-01
 4.34663e+00  9.99651e-01  9.99800e-01
 4.35315e+00  9.98378e-01  9.99804e-01
 4.35988e+00  9.98704e-01  9.99809e-01
 4.36508e+00  9.98706e-01  9.99812e-01
 4.37138e+00  9.99458e-01  9.99816e-01
 4.37768e+00  9.99617e-01  9.99820e-01
 4.38345e+00  9.99622e-01  9.99824e-01
 4.39004e+00  9.98662e-01  9.99828e-01
 4.39629e+00  1.00012e+00  9.99832e-01
 4.40265e+00  9.99138e-01  9.99835e-01
 4.40859e+00  9.98867e-01  9.99839e-01
 4.41435e+00  9.99433e-01  9.99842e-01
 4.42058e+00  9.98890e-01  9.99846e-01
 4.42637e+00  9.98874e-01  9.99849e-01
 4.43232e+00  9.99240e-01  9.99853e-01
 4.43898e+00  9.99773e-01  9.99856e-01
 4.44492e+00  9.99159e-01  9.99860e-01
 4.45080e+00  9.98657e-01  9.99863e-01
 4.45662e+00  1.00013e+00  9.99866e-01
 4.46303e+00  9.99567e-01  9.99869e-01
 4.46925e+00  9.98783e-01  9.99873e-01
 4.47508e+00  9.99288e-01  9.99876e-01
 4.48217e+00  9.99409e-01  9.99879e-01
 4.48879e+00  9.98918e-01  9.99883e-01
 4.49482e+00  9.99908e-01  9.99886e-01
 4.50116e+00  1.00025e+00  9.99889e-01
 4.50758e+00  9.99444e-01  9.99892e-01
 4.51391e+00  9.99990e-01  9.99895e-01
 4.51975e+00  9.99738e-01  9.99898e-01
 4.52641e+00  9.99122e-01  9.99901e-01
 4.53296e+00  9.99701e-01  9.99904e-01
 4.53880e+00  9.99384e-01  9.99907e-01
 4.54497e+00  1.00019e+00  9.99909e-01
 4.55083e+00  1.00006e+00  9.99912e-01
 4.55693e+00  1.00066e+00  9.99915e-01
 4.56343e+00  9.99660e-01  9.99918e-01
 4.56930e+00  9.99011e-01  9.99920e-01
 4.57572e+00  9.99861e-01  9.99923e-01
 4.58162e+00  9.99814e-01  9.99925e-01
 4.58922e+00  9.99400e-01  9.99929e-01
 4.59647e+00  9.99747e-01  9.99932e-01
 4.60302e+00  1.00006e+00  9.99934e-01
 4.60933e+00  1.00053e+00  9.99937e-01
 4.61508e+00  1.00028e+00  9.99939e-01
 4.62091e+00  9.99208e-01  9.99942e-01
 4.62713e+00  9.99922e-01  9.99944e-01
 4.63401e+00  1.00069e+00  9.99947e-01
 4.64004e+00  1.00021e+00  9.99949e-01
 4.64647e+00  9.99994e-01  9.99951e-01
 4.65264e+00  1.00013e+00  9.99954e-01
 4.65859e+00  1.00070e+00  9.99956e-01
 4.66436e+00  9.99705e-01  9.99958e-01
 4.67059e+00  9.99756e-01  9.99961e-01
 4.67659e+00  9.99988e-01  9.99963e-01
 4.68287e+00  9.99915e-01  9.99965e-01
 4.68905e+00  9.98809e-01  9.99967e-01
 4.69492e+00  1.00013e+00  9.99969e-01
 4.70134e+00  9.99894e-01  9.99972e-01
 4.70748e+00  9.99893e-01  9.99974e-01
 4.71407e+00  9.99681e-01  9.99976e-01
 4.71983e+00  9.99814e-01  9.99978e-01
 4.72571e+00  9.99559e-01  9.99980e-01
 4.73185e+00  9.99103e-01  9.99983e-01
 4.73795e+00  9.99053e-01  9.99985e-01
 4.74420e+00  9.99488e-01  9.99987e-01
 4.75065e+00  9.99363e-01  9.99989e-01
 4.75680e+00  9.99229e-01  9.99991e-01
 4.76277e+00  9.99699e-01  9.99993e-01
 4.76851e+00  9.99049e-01  9.99995e-01
 4.77475e+00  9.99156e-01  9.99997e-01
 4.78084e+00  9.99594e-01  9.99999e-01
 4.78743e+00  9.99405e-01  1.00000e+00
 4.79412e+00  9.98369e-01  1.00000e+00
 4.80059e+00  9.98877e-01  1.00001e+00
 4.80694e+00  9.99214e-01  1.00001e+00
 4.81366e+00  9.99440e-01  1.00001e+00
 4.82008e+00  9.99403e-01  1.00001e+00
 4.82656e+00  9.99101e-01  1.00001e+00
 4.83304e+00  9.98700e-01  1.00002e+00
 4.83967e+00  9.99370e-01  1.00002e+00
 4.84609e+00  9.98890e-01  1.00002e+00
 4.85247e+00  9.99359e-01  1.00002e+00
 4.85933e+00  9.98864e-01  1.00002e+00
 4.86572e+00  9.98628e-01  1.00003e+00
 4.87291e+00  9.98596e-01  1.00003e+00
 4.88015e+00  9.99014e-01  1.00003e+00
 4.88648e+00  9.99194e-01  1.00003e+00
 4.89290e+00  9.98204e-01  1.00003e+00
 4.89936e+00  9.96809e-01  1.00004e+00
 4.90600e+00  9.99864e-01  1.00004e+00
 4.91243e+00  9.99641e-01  1.00004e+00
 4.91935e+00  9.95793e-01  1.00004e+00
 4.92559e+00  9.99215e-01  1.00004e+00
 4.93195e+00  9.99876e-01  1.00005e+00
 4.93851e+00  9.95616e-01  1.00005e+00
 4.94447e+00  9.99532e-01  1.00005e+00
 4.95110e+00  9.98817e-01  1.00005e+00
 4.95796e+00  9.95698e-01  1.00005e+00
 4.96407e+00  1.00056e+00  1.00006e+00
 4.97046e+00  9.99144e-01  1.00006e+00
 4.97708e+00  1.00022e+00  1.00006e+00
 4.98379e+00  9.95017e-01  1.00006e+00
 4.99050e+00  1.00082e+00  1.00006e+00
 4.99768e+00  9.99981e-01  1.00007e+00
 5.00446e+00  1.00036e+00  1.00007e+00
 5.01148e+00  9.99847e-01  1.00007e+00
 5.01804e+00  1.00009e+00  1.00007e+00
 5.02483e+00  9.94545e-01  1.00007e+00
 5.03160e+00  9.99136e-01  1.00008e+00
 5.03806e+00  1.00001e+00  1.00008e+00
 5.04443e+00  9.95077e-01  1.00008e+00
 5.05059e+00  1.00035e+00  1.00008e+00
 5.05696e+00  9.99714e-01  1.00008e+00
 5.06351e+00  9.95150e-01  1.00009e+00
 5.06970e+00  9.99624e-01  1.00009e+00
 5.07656e+00  9.99733e-01  1.00009e+00
 5.08343e+00  9.95627e-01  1.00009e+00
 5.08967e+00  9.99998e-01  1.00009e+00
 5.09623e+00  9.99265e-01  1.00010e+00
 5.10317e+00  9.99917e-01  1.00010e+00
 5.10935e+00  9.94503e-01  1.00010e+00
 5.11563e+00  1.00036e+00  1.00010e+00
 5.12207e+00  9.99411e-01  1.00010e+00
 5.12838e+00  9.94432e-01  1.00011e+00
 5.13450e+00  9.99635e-01  1.00011e+00
 5.14097e+00  9.99332e-01  1.00011e+00
 5.14766e+00  1.00069e+00  1.00011e+00
 5.15370e+00  9.99597e-01  1.00011e+00
 5.16049e+00  9.99537e-01  1.00012e+00
 5.16675e+00  9.99209e-01  1.00012e+00
 5.17253e+00  9.99817e-01  1.00012e+00
 5.17942e+00  1.00012e+00  1.00012e+00
 5.18578e+00  1.00273e+00  1.00012e+00
 5.19149e+00  9.94542e-01  1.00013e+00
 5.19874e+00  9.99996e-01  1.00013e+00
 5.20541e+00  9.99098e-01  1.00013e+00
 5.21177e+00  9.98849e-01  1.00013e+00
 5.21831e+00  9.99853e-01  1.00013e+00
 5.22500e+00  1.00017e+00  1.00014e+00
 5.23153e+00  9.98897e-01  1.00014e+00
 5.23836e+00  1.00046e+00  1.00014e+00
 5.24578e+00  1.00013e+00  1.00014e+00
 5.25183e+00  9.98213e-01  1.00015e+00
 5.25788e+00  1.00024e+00  1.00015e+00
 5.26467e+00  1.00032e+00  1.00015e+00
 5.27090e+00  9.97921e-01  1.00015e+00
 5.27668e+00  9.99887e-01  1.00015e+00
 5.28382e+00  9.99763e-01  1.00016e+00
 5.29050e+00  1.00178e+00  1.00016e+00
 5.29691e+00  9.97278e-01  1.00016e+00
 5.30443e+00  1.00034e+00  1.00016e+00
 5.31147e+00  1.00063e+00  1.00017e+00
 5.31835e+00  9.99743e-01  1.00017e+00
 5.32528e+00  1.00024e+00  1.00017e+00
 5.33183e+00  1.00122e+00  1.00017e+00
 5.33795e+00  9.97756e-01  1.00018e+00
 5.34486e+00  9.98891e-01  1.00018e+00
 5.35186e+00  9.99983e-01  1.00018e+00
 5.35763e+00  9.98259e-01  1.00018e+00
 5.36492e+00  1.00027e+00  1.00019e+00
 5.37209e+00  1.00063e+00  1.00019e+00
 5.37844e+00  9.99003e-01  1.00019e+00
 5.38569e+00  9.98895e-01  1.00019e+00
 5.39236e+00  9.99701e-01  1.00020e+00
 5.39895e+00  9.99522e-01  1.00020e+00
 5.40581e+00  9.99322e-01  1.00020e+00
 5.41243e+00  9.99746e-01  1.00020e+00
 5.41852e+00  9.99966e-01  1.00021e+00
 5.42454e+00  9.99184e-01  1.00021e+00
 5.43203e+00  9.99223e-01  1.00021e+00
 5.43895e+00  1.00196e+00  1.00022e+00
 5.44539e+00  9.99700e-01  1.00022e+00
 5.45217e+00  9.99217e-01  1.00022e+00
 5.45925e+00  1.00006e+00  1.00022e+00
 5.46551e+00  9.99429e-01  1.00023e+00
 5.47237e+00  9.99544e-01  1.00023e+00
 5.47864e+00  1.00080e+00  1.00023e+00
 5.48435e+00  9.98406e-01  1.00024e+00
 5.49138e+00  9.99534e-01  1.00024e+00
 5.49828e+00  1.00025e+00  1.00024e+00
 5.50400e+00  9.98410e-01  1.00024e+00
 5.51146e+00  9.99682e-01  1.00025e+00
 5.51857e+00  1.00034e+00  1.00025e+00
 5.52484e+00  9.98982e-01  1.00025e+00
 5.53235e+00  9.99267e-01  1.00026e+00
 5.53941e+00  1.00096e+00  1.00026e+00
 5.54607e+00  9.99610e-01  1.00026e+00
 5.55395e+00  1.00000e+00  1.00027e+00
 5.56110e+00  1.00075e+00  1.00027e+00
 5.56789e+00  9.99535e-01  1.00027e+00
 5.57550e+00  1.00037e+00  1.00028e+00
 5.58237e+00  1.00059e+00  1.00028e+00
 5.58873e+00  9.99701e-01  1.00029e+00
 5.59631e+00  1.00059e+00  1.00029e+00
 5.60322e+00  1.00152e+00  1.00029e+00
 5.60957e+00  1.00035e+00  1.00030e+00
 5.61715e+00  1.00002e+00  1.00030e+00
 5.62405e+00  1.00112e+00  1.00030e+00
 5.63047e+00  1.00092e+00  1.00031e+00
 5.63867e+00  9.99960e-01  1.00031e+00
 5.64552e+00  1.00062e+00  1.00032e+00
 5.65200e+00  1.00098e+00  1.00032e+00
 5.65948e+00  1.00011e+00  1.00032e+00
 5.66713e+00  1.00038e+00  1.00033e+00
 5.67423e+00  1.00074e+00  1.00033e+00
 5.68211e+00  1.00066e+00  1.00034e+00
 5.68952e+00  1.00005e+00  1.00034e+00
 5.69757e+00  1.00045e+00  1.00035e+00
 5.70607e+00  1.00060e+00  1.00035e+00
 5.71289e+00  1.00077e+00  1.00036e+00
 5.72076e+00  1.00052e+00  1.00036e+00
 5.72822e+00  9.99828e-01  1.00037e+00
 5.73457e+00  1.00005e+00  1.00037e+00
 5.74268e+00  1.00055e+00  1.00038e+00
 5.75030e+00  1.00071e+00  1.00038e+00
 5.75812e+00  1.00029e+00  1.00039e+00
 5.76575e+00  1.00055e+00  1.00039e+00
 5.77311e+00  1.00011e+00  1.00040e+00
 5.78003e+00  9.99656e-01  1.00040e+00
 5.78805e+00  1.00013e+00  1.00041e+00
 5.79487e+00  9.99652e-01  1.00041e+00
 5.80265e+00  9.99997e-01  1.00042e+00
 5.81027e+00  1.00030e+00  1.00042e+00
 5.81719e+00  9.99681e-01  1.00043e+00
 5.82482e+00  1.00002e+00  1.00044e+00
 5.83169e+00  1.00018e+00  1.00044e+00
 5.83804e+00  9.99690e-01  1.00045e+00
 5.84683e+00  9.99666e-01  1.00045e+00
 5.85387e+00  9.99778e-01  1.00046e+00
 5.86034e+00  9.99729e-01  1.00046e+00
 5.86784e+00  1.00055e+00  1.00047e+00
 5.87469e+00  9.99594e-01  1.00048e+00
 5.88117e+00  9.99158e-01  1.00048e+00
 5.88868e+00  1.00021e+00  1.00049e+00
 5.89614e+00  9.99487e-01  1.00049e+00
 5.90339e+00  9.98814e-01  1.00050e+00
 5.91087e+00  9.99778e-01  1.00051e+00
 5.91776e+00  9.99617e-01  1.00051e+00
 5.92500e+00  9.99288e-01  1.00052e+00
 5.93243e+00  1.00008e+00  1.00053e+00
 5.93938e+00  1.00017e+00  1.00053e+00
 5.94658e+00  9.99682e-01  1.00054e+00
 5.95402e+00  9.99914e-01  1.00055e+00
 5.96062e+00  1.00122e+00  1.00055e+00
 5.96739e+00  1.00013e+00  1.00056e+00
 5.97492e+00  9.99537e-01  1.00057e+00
 5.98199e+00  1.00052e+00  1.00057e+00
 5.98907e+00  1.00022e+00  1.00058e+00
 5.99639e+00  1.00067e+00  1.00059e+00
 6.00281e+00  1.00097e+00  1.00060e+00
 6.00993e+00  9.99741e-01  1.00060e+00
 6.01722e+00  1.00094e+00  1.00061e+00
 6.02366e+00  1.00129e+00  1.00062e+00
 6.03095e+00  1.00024e+00  1.00062e+00
 6.03874e+00  1.00073e+00  1.00063e+00
 6.04512e+00  1.00118e+00  1.00064e+00
 6.05234e+00  1.00020e+00  1.00065e+00
 6.05959e+00  1.00025e+00  1.00066e+00
 6.06595e+00  1.00076e+00  1.00066e+00
 6.07319e+00  1.00137e+00  1.00067e+00
 6.08042e+00  1.00056e+00  1.00068e+00
 6.08679e+00  1.00094e+00  1.00069e+00
 6.09438e+00  1.00130e+00  1.00069e+00
 6.10192e+00  9.99673e-01  1.00070e+00
 6.10818e+00  1.00119e+00  1.00071e+00
 6.11507e+00  9.89955e-01  1.00072e+00
 6.12276e+00  1.00042e+00  1.00073e+00
 6.12917e+00  1.00140e+00  1.00073e+00
 6.13755e+00  1.00127e+00  1.00074e+00
 6.14489e+00  1.00042e+00  1.00075e+00
 6.15109e+00  9.91829e-01  1.00076e+00
 6.15835e+00  1.00074e+00  1.00076e+00
 6.16573e+00  1.00124e+00  1.00077e+00
 6.17260e+00  9.91925e-01  1.00078e+00
 6.17996e+00  1.00133e+00  1.00079e+00
 6.18721e+00  1.00061e+00  1.00080e+00
 6.19344e+00  9.92343e-01  1.00080e+00
 6.20081e+00  1.00138e+00  1.00081e+00
 6.20895e+00  9.99869e-01  1.00082e+00
 6.21674e+00  9.93641e-01  1.00082e+00
 6.22517e+00  9.99920e-01  1.00083e+00
 6.23198e+00  1.00031e+00  1.00084e+00
 6.23868e+00  9.94378e-01  1.00084e+00
 6.24730e+00  1.00046e+00  1.00085e+00
 6.25417e+00  9.99612e-01  1.00085e+00
 6.26171e+00  9.95468e-01  1.00086e+00
 6.26982e+00  9.99932e-01  1.00086e+00
 6.27734e+00  9.95393e-01  1.00087e+00
 6.28483e+00  9.99579e-01  1.00087e+00
 6.29206e+00  9.99404e-01  1.00087e+00
 6.29904e+00  9.96666e-01  1.00087e+00
 6.30720e+00  9.99344e-01  1.00087e+00
 6.31421e+00  9.98742e-01  1.00087e+00
 6.32119e+00  9.96513e-01  1.00087e+00
 6.32888e+00  9.99464e-01  1.00087e+00
 6.33616e+00  9.99745e-01  1.00087e+00
 6.34269e+00  9.96937e-01  1.00086e+00
 6.35057e+00  9.98381e-01  1.00086e+00
 6.35762e+00  9.99342e-01  1.00085e+00
 6.36531e+00  9.97347e-01  1.00084e+00
 6.37369e+00  9.99891e-01  1.00083e+00
 6.38026e+00  9.97205e-01  1.00081e+00
 6.38755e+00  9.99343e-01  1.00080e+00
 6.39598e+00  9.99217e-01  1.00078e+00
 6.40246e+00  9.98139e-01  1.00076e+00
 6.40984e+00  9.99646e-01  1.00074e+00
 6.41759e+00  9.99270e-01  1.00071e+00
 6.42391e+00  9.98053e-01  1.00068e+00
 6.43143e+00  9.99555e-01  1.00065e+00
 6.43859e+00  1.00065e+00  1.00061e+00
 6.44475e+00  9.98891e-01  1.00058e+00
 6.45227e+00  9.99199e-01  1.00054e+00
 6.45942e+00  9.99732e-01  1.00049e+00
 6.46620e+00  9.98763e-01  1.00044e+00
 6.47494e+00  9.99648e-01  1.00037e+00
 6.48260e+00  9.99411e-01  1.00030e+00
 6.48922e+00  9.98535e-01  1.00024e+00
 6.49777e+00  9.99395e-01  1.00015e+00
 6.50401e+00  9.99343e-01  1.00008e+00
 6.51093e+00  9.99064e-01  9.99993e-01
 6.51881e+00  9.99709e-01  9.99889e-01
 6.52555e+00  9.98913e-01  9.99793e-01
 6.53252e+00  9.98485e-01  9.99686e-01
 6.54003e+00  9.98818e-01  9.99563e-01
 6.54683e+00  9.99482e-01  9.99444e-01
 6.55419e+00  9.99012e-01  9.99306e-01
 6.56157e+00  9.98869e-01  9.99160e-01
 6.56776e+00  9.99016e-01  9.99030e-01
 6.57504e+00  9.99107e-01  9.98869e-01
 6.58239e+00  9.97949e-01  9.98699e-01
 6.58860e+00  9.97781e-01  9.98548e-01
 6.59664e+00  9.99000e-01  9.98345e-01
 6.60508e+00  9.99273e-01  9.98124e-01
 6.61141e+00  9.98690e-01  9.97953e-01
 6.61910e+00  9.98688e-01  9.97741e-01
 6.62671e+00  9.99025e-01  9.97530e-01
 6.63295e+00  9.98346e-01  9.97356e-01
 6.64079e+00  9.99540e-01  9.97140e-01
 6.64813e+00  1.00008e+00  9.96945e-01
 6.65450e+00  9.99739e-01  9.96783e-01
 6.66216e+00  9.99306e-01  9.96602e-01
 6.66935e+00  9.98891e-01  9.96450e-01
 6.67602e+00  9.99745e-01  9.96329e-01
 6.68383e+00  9.99353e-01  9.96218e-01
 6.69032e+00  1.00035e+00  9.96157e-01
 6.69688e+00  1.00054e+00  9.96129e-01
 6.70466e+00  1.00017e+00  9.96146e-01
 6.71117e+00  1.00021e+00  9.96208e-01
 6.71769e+00  1.00088e+00  9.96319e-01
 6.72550e+00  1.00113e+00  9.96523e-01
 6.73197e+00  1.00098e+00  9.96755e-01
 6.73854e+00  1.00105e+00  9.97054e-01
 6.74633e+00  1.00139e+00  9.97493e-01
 6.75282e+00  1.00196e+00  9.97930e-01
 6.75938e+00  1.00227e+00  9.98440e-01
 6.76730e+00  1.00389e+00  9.99141e-01
 6.77430e+00  1.00368e+00  9.99834e-01
 6.78183e+00  1.00278e+00  1.00065e+00
 6.79003e+00  1.00355e+00  1.00161e+00
 6.79675e+00  1.00435e+00  1.00243e+00
 6.80421e+00  1.00598e+00  1.00338e+00
 6.81157e+00  1.00574e+00  1.00432e+00
 6.81806e+00  1.00514e+00  1.00515e+00
 6.82651e+00  1.00776e+00  1.00619e+00
 6.83374e+00  1.00718e+00  1.00703e+00
 6.83997e+00  1.00603e+00  1.00771e+00
 6.84734e+00  1.00876e+00  1.00844e+00
 6.85455e+00  1.00897e+00  1.00906e+00
 6.86080e+00  1.00767e+00  1.00952e+00
 6.86851e+00  1.00932e+00  1.00998e+00
 6.87671e+00  1.00974e+00  1.01034e+00
 6.88295e+00  1.00937e+00  1.01051e+00
 6.89054e+00  1.00673e+00  1.01061e+00
 6.89756e+00  1.00977e+00  1.01061e+00
 6.90377e+00  1.01028e+00  1.01053e+00
 6.91170e+00  1.00895e+00  1.01033e+00
 6.91947e+00  1.00991e+00  1.01005e+00
 6.92605e+00  1.00840e+00  1.00975e+00
 6.93383e+00  1.00979e+00  1.00933e+00
 6.94032e+00  1.00939e+00  1.00895e+00
 6.94688e+00  1.00810e+00  1.00853e+00
