168
 3.85720e-02  1.00911e+00  1.00273e+00
 1.06473e-01  1.00579e+00  1.00233e+00
 1.71473e-01  1.00579e+00  1.00134e+00
 2.35653e-01  1.00168e+00  9.99782e-01
 2.90585e-01  1.01101e+00  9.98042e-01
 3.39374e-01  1.00392e+00  9.96214e-01
 3.86015e-01  1.00263e+00  9.94253e-01
 4.37655e-01  9.98044e-01  9.91882e-01
 4.79775e-01  9.86358e-01  9.89832e-01
 5.20614e-01  9.83748e-01  9.87777e-01
 5.58534e-01  9.88389e-01  9.85839e-01
 6.05575e-01  9.88519e-01  9.83435e-01
 6.48114e-01  9.80188e-01  9.81304e-01
 6.89774e-01  9.76334e-01  9.79297e-01
 7.33514e-01  9.77333e-01  9.77316e-01
 7.78544e-01  9.70771e-01  9.75460e-01
 8.23104e-01  9.71913e-01  9.73853e-01
 8.59784e-01  9.71228e-01  9.72733e-01
 9.08945e-01  9.70894e-01  9.71563e-01
 9.52675e-01  9.69561e-01  9.70881e-01
 9.98525e-01  9.65909e-01  9.70568e-01
 1.04143e+00  9.59508e-01  9.70678e-01
 1.09103e+00  9.51584e-01  9.71319e-01
 1.13475e+00  9.54109e-01  9.72364e-01
 1.18725e+00  9.60937e-01  9.74227e-01
 1.23975e+00  9.55293e-01  9.76761e-01
 1.28935e+00  9.61655e-01  9.79762e-01
 1.34641e+00  9.79000e-01  9.83915e-01
 1.39811e+00  9.90965e-01  9.88283e-01
 1.46478e+00  9.99616e-01  9.94664e-01
 1.52351e+00  1.00962e+00  1.00086e+00
 1.57601e+00  1.01497e+00  1.00675e+00
 1.63230e+00  1.02680e+00  1.01329e+00
 1.67812e+00  1.02554e+00  1.01868e+00
 1.73352e+00  1.02974e+00  1.02515e+00
 1.78183e+00  1.03765e+00  1.03064e+00
 1.84231e+00  1.03989e+00  1.03713e+00
 1.88811e+00  1.03762e+00  1.04166e+00
 1.93352e+00  1.04486e+00  1.04572e+00
 1.98770e+00  1.04575e+00  1.04990e+00
 2.03641e+00  1.05577e+00  1.05297e+00
 2.08602e+00  1.05545e+00  1.05535e+00
 2.13021e+00  1.06140e+00  1.05678e+00
 2.18603e+00  1.05964e+00  1.05765e+00
 2.23894e+00  1.06140e+00  1.05747e+00
 2.28849e+00  1.05365e+00  1.05643e+00
 2.33435e+00  1.05273e+00  1.05473e+00
 2.38022e+00  1.05073e+00  1.05237e+00
 2.42687e+00  1.04691e+00  1.04935e+00
 2.48518e+00  1.03997e+00  1.04478e+00
 2.53311e+00  1.03963e+00  1.04047e+00
 2.57895e+00  1.03359e+00  1.03597e+00
 2.62394e+00  1.03235e+00  1.03128e+00
 2.66352e+00  1.02931e+00  1.02700e+00
 2.70269e+00  1.02712e+00  1.02269e+00
 2.74435e+00  1.01950e+00  1.01808e+00
 2.78605e+00  1.01839e+00  1.01351e+00
 2.82979e+00  1.01246e+00  1.00883e+00
 2.88437e+00  1.00590e+00  1.00326e+00
 2.93063e+00  1.00942e+00  9.98861e-01
 2.97520e+00  1.00093e+00  9.94960e-01
 3.01644e+00  1.00311e+00  9.91688e-01
 3.05937e+00  9.98484e-01  9.88660e-01
 3.10393e+00  9.90485e-01  9.85951e-01
 3.14269e+00  9.87244e-01  9.83969e-01
 3.18688e+00  9.78457e-01  9.82142e-01
 3.23894e+00  9.71978e-01  9.80583e-01
 3.28022e+00  9.71513e-01  9.79792e-01
 3.33394e+00  9.69358e-01  9.79330e-01
 3.38271e+00  9.77097e-01  9.79431e-01
 3.42104e+00  9.80735e-01  9.79829e-01
 3.46352e+00  9.84699e-01  9.80565e-01
 3.51600e+00  9.85922e-01  9.81852e-01
 3.56898e+00  9.90248e-01  9.83502e-01
 3.62393e+00  9.86472e-01  9.85500e-01
 3.68393e+00  9.87516e-01  9.87905e-01
 3.74562e+00  9.92273e-01  9.90499e-01
 3.80896e+00  9.90612e-01  9.93155e-01
 3.86065e+00  9.95813e-01  9.95229e-01
 3.90394e+00  9.95201e-01  9.96850e-01
 3.94563e+00  9.97619e-01  9.98275e-01
 4.00188e+00  9.99279e-01  9.99939e-01
 4.06935e+00  1.00037e+00  1.00147e+00
 4.13605e+00  1.00227e+00  1.00241e+00
 4.20937e+00  1.00911e+00  1.00273e+00
 4.27728e+00  1.00579e+00  1.00233e+00
 4.34228e+00  1.00579e+00  1.00134e+00
 4.40646e+00  1.00168e+00  9.99783e-01
 4.46139e+00  1.01101e+00  9.98042e-01
 4.51018e+00  1.00392e+00  9.96214e-01
 4.55682e+00  1.00263e+00  9.94253e-01
 4.60846e+00  9.98044e-01  9.91883e-01
 4.65058e+00  9.86358e-01  9.89832e-01
 4.69142e+00  9.83748e-01  9.87778e-01
 4.72934e+00  9.88389e-01  9.85839e-01
 4.77638e+00  9.88519e-01  9.83436e-01
 4.81892e+00  9.80188e-01  9.81304e-01
 4.86058e+00  9.76334e-01  9.79297e-01
 4.90432e+00  9.77333e-01  9.77316e-01
 4.94935e+00  9.70771e-01  9.75461e-01
 4.99391e+00  9.71913e-01  9.73853e-01
 5.03059e+00  9.71228e-01  9.72733e-01
 5.07975e+00  9.70894e-01  9.71563e-01
 5.12348e+00  9.69561e-01  9.70881e-01
 5.16933e+00  9.65909e-01  9.70568e-01
 5.21224e+00  9.59508e-01  9.70678e-01
 5.26184e+00  9.51584e-01  9.71319e-01
 5.30556e+00  9.54109e-01  9.72364e-01
 5.35806e+00  9.60937e-01  9.74227e-01
 5.41056e+00  9.55293e-01  9.76760e-01
 5.46016e+00  9.61655e-01  9.79761e-01
 5.51721e+00  9.79000e-01  9.83915e-01
 5.56892e+00  9.90965e-01  9.88283e-01
 5.63559e+00  9.99616e-01  9.94664e-01
 5.69432e+00  1.00962e+00  1.00086e+00
 5.74681e+00  1.01497e+00  1.00675e+00
 5.80311e+00  1.02680e+00  1.01329e+00
 5.84892e+00  1.02554e+00  1.01868e+00
 5.90433e+00  1.02974e+00  1.02515e+00
 5.95263e+00  1.03765e+00  1.03064e+00
 6.01312e+00  1.03989e+00  1.03713e+00
 6.05892e+00  1.03762e+00  1.04166e+00
 6.10432e+00  1.04486e+00  1.04571e+00
 6.15851e+00  1.04575e+00  1.04990e+00
 6.20721e+00  1.05577e+00  1.05297e+00
 6.25683e+00  1.05545e+00  1.05535e+00
 6.30101e+00  1.06140e+00  1.05678e+00
 6.35684e+00  1.05964e+00  1.05765e+00
 6.40974e+00  1.06140e+00  1.05747e+00
 6.45929e+00  1.05365e+00  1.05643e+00
 6.50516e+00  1.05273e+00  1.05473e+00
 6.55103e+00  1.05073e+00  1.05238e+00
 6.59768e+00  1.04691e+00  1.04935e+00
 6.65599e+00  1.03997e+00  1.04478e+00
 6.70392e+00  1.03963e+00  1.04047e+00
 6.74975e+00  1.03359e+00  1.03597e+00
 6.79475e+00  1.03235e+00  1.03128e+00
 6.83433e+00  1.02931e+00  1.02700e+00
 6.87350e+00  1.02712e+00  1.02269e+00
 6.91515e+00  1.01950e+00  1.01808e+00
 6.95686e+00  1.01839e+00  1.01351e+00
 7.00059e+00  1.01246e+00  1.00883e+00
 7.05518e+00  1.00590e+00  1.00326e+00
 7.10144e+00  1.00942e+00  9.98861e-01
 7.14601e+00  1.00093e+00  9.94960e-01
 7.18725e+00  1.00311e+00  9.91688e-01
 7.23017e+00  9.98484e-01  9.88660e-01
 7.27474e+00  9.90485e-01  9.85951e-01
 7.31349e+00  9.87244e-01  9.83969e-01
 7.35769e+00  9.78457e-01  9.82142e-01
 7.40974e+00  9.71978e-01  9.80583e-01
 7.45103e+00  9.71513e-01  9.79792e-01
 7.50475e+00  9.69358e-01  9.79330e-01
 7.55352e+00  9.77097e-01  9.79431e-01
 7.59185e+00  9.80735e-01  9.79829e-01
 7.63432e+00  9.84699e-01  9.80565e-01
 7.68681e+00  9.85922e-01  9.81852e-01
 7.73979e+00  9.90248e-01  9.83502e-01
 7.79474e+00  9.86472e-01  9.85500e-01
 7.85473e+00  9.87516e-01  9.87905e-01
 7.91643e+00  9.92273e-01  9.90498e-01
 7.97976e+00  9.90612e-01  9.93155e-01
 8.03145e+00  9.95813e-01  9.95229e-01
 8.07475e+00  9.95201e-01  9.96849e-01
 8.11644e+00  9.97619e-01  9.98275e-01
 8.17269e+00  9.99279e-01  9.99939e-01
 8.24015e+00  1.00037e+00  1.00147e+00
 8.30686e+00  1.00227e+00  1.00241e+00
