834
 4.53500e-03  9.99375e-01  9.99287e-01
 1.68160e-02  1.00059e+00  9.99453e-01
 2.76430e-02  9.98470e-01  9.99609e-01
 3.99540e-02  1.00040e+00  9.99796e-01
 5.10070e-02  1.00295e+00  9.99975e-01
 6.29310e-02  1.00204e+00  1.00018e+00
 7.95720e-02  1.00301e+00  1.00048e+00
 9.34160e-02  1.00173e+00  1.00075e+00
 1.08751e-01  1.00135e+00  1.00106e+00
 1.25422e-01  1.00409e+00  1.00142e+00
 1.40446e-01  1.00142e+00  1.00176e+00
 1.54081e-01  1.00135e+00  1.00208e+00
 1.67781e-01  9.99815e-01  1.00240e+00
 1.82816e-01  1.00088e+00  1.00275e+00
 1.97860e-01  1.00260e+00  1.00309e+00
 2.12221e-01  1.00034e+00  1.00339e+00
 2.28182e-01  1.00376e+00  1.00369e+00
 2.42300e-01  9.97726e-01  1.00389e+00
 2.56435e-01  1.00378e+00  1.00401e+00
 2.70787e-01  1.00305e+00  1.00403e+00
 2.83724e-01  9.99754e-01  1.00391e+00
 2.95767e-01  1.00240e+00  1.00366e+00
 3.09705e-01  9.98234e-01  1.00314e+00
 3.22575e-01  1.00177e+00  1.00239e+00
 3.35376e-01  9.94162e-01  1.00132e+00
 3.52046e-01  9.92093e-01  9.99316e-01
 3.66345e-01  1.00291e+00  9.96896e-01
 3.79117e-01  9.89684e-01  9.94058e-01
 3.93035e-01  9.77751e-01  9.90085e-01
 4.07306e-01  9.85068e-01  9.84879e-01
 4.19386e-01  9.60929e-01  9.79431e-01
 4.33760e-01  9.48516e-01  9.71536e-01
 4.45741e-01  9.55141e-01  9.63671e-01
 4.59005e-01  9.30679e-01  9.53522e-01
 4.72831e-01  9.25440e-01  9.41333e-01
 4.84449e-01  9.11115e-01  9.29916e-01
 5.02017e-01  9.09881e-01  9.11070e-01
 5.17354e-01  8.96090e-01  8.93893e-01
 5.30906e-01  8.79269e-01  8.79139e-01
 5.43015e-01  8.90649e-01  8.67183e-01
 5.57805e-01  8.83727e-01  8.40912e-01
 5.69606e-01  8.82194e-01  8.34713e-01
 5.84005e-01  8.92868e-01  8.31990e-01
 5.97831e-01  8.75771e-01  8.34994e-01
 6.10140e-01  8.85964e-01  8.56876e-01
 6.25382e-01  8.87145e-01  8.71545e-01
 6.39510e-01  8.77647e-01  8.89425e-01
 6.52245e-01  8.89338e-01  9.07763e-01
 6.67061e-01  8.98069e-01  9.30078e-01
 6.81169e-01  8.82847e-01  9.50786e-01
 6.93906e-01  8.94599e-01  9.68015e-01
 7.08287e-01  9.15430e-01  9.85047e-01
 7.22830e-01  8.94471e-01  9.99256e-01
 7.34420e-01  9.24928e-01  1.00836e+00
 7.48556e-01  9.36956e-01  1.01696e+00
 7.61485e-01  9.14894e-01  1.02266e+00
 7.73576e-01  9.58395e-01  1.02640e+00
 7.87910e-01  9.61025e-01  1.02919e+00
 7.99901e-01  9.58270e-01  1.03044e+00
 8.13146e-01  9.79632e-01  1.03093e+00
 8.27254e-01  9.79768e-01  1.03069e+00
 8.39745e-01  9.87363e-01  1.03002e+00
 8.55487e-01  9.95262e-01  1.02876e+00
 8.70531e-01  9.99095e-01  1.02730e+00
 8.83922e-01  1.00250e+00  1.02589e+00
 8.97205e-01  9.97529e-01  1.02447e+00
 9.11955e-01  9.98867e-01  1.02291e+00
 9.23756e-01  1.00071e+00  1.02169e+00
 9.38146e-01  1.00065e+00  1.02029e+00
 9.52000e-01  9.99440e-01  1.01902e+00
 9.63600e-01  1.00100e+00  1.01802e+00
 9.78426e-01  9.98704e-01  1.01684e+00
 9.93659e-01  1.00081e+00  1.01574e+00
 1.00526e+00  1.00096e+00  1.01497e+00
 1.02078e+00  1.00379e+00  1.01404e+00
 1.03370e+00  1.00121e+00  1.01333e+00
 1.04646e+00  1.00254e+00  1.01269e+00
 1.06150e+00  9.99752e-01  1.01201e+00
 1.07724e+00  1.00080e+00  1.01138e+00
 1.08974e+00  1.00036e+00  1.01092e+00
 1.10410e+00  1.00432e+00  1.01045e+00
 1.11728e+00  1.00213e+00  1.01006e+00
 1.13096e+00  1.00587e+00  1.00969e+00
 1.14650e+00  1.00077e+00  1.00931e+00
 1.16057e+00  1.00366e+00  1.00901e+00
 1.17446e+00  1.00532e+00  1.00874e+00
 1.18885e+00  1.00631e+00  1.00848e+00
 1.20483e+00  1.00805e+00  1.00823e+00
 1.21911e+00  1.00737e+00  1.00802e+00
 1.23326e+00  1.00611e+00  1.00784e+00
 1.24924e+00  1.00777e+00  1.00765e+00
 1.26287e+00  1.00459e+00  1.00750e+00
 1.27564e+00  1.00817e+00  1.00738e+00
 1.29022e+00  1.00813e+00  1.00725e+00
 1.30383e+00  1.00924e+00  1.00714e+00
 1.31661e+00  1.00855e+00  1.00704e+00
 1.33052e+00  1.00631e+00  1.00694e+00
 1.34339e+00  1.01460e+00  1.00686e+00
 1.35552e+00  1.00955e+00  1.00678e+00
 1.37028e+00  1.01092e+00  1.00670e+00
 1.38141e+00  1.01206e+00  1.00664e+00
 1.39577e+00  1.00958e+00  1.00657e+00
 1.40963e+00  1.01504e+00  1.00651e+00
 1.42263e+00  1.01239e+00  1.00645e+00
 1.43813e+00  1.01017e+00  1.00639e+00
 1.45223e+00  1.01506e+00  1.00633e+00
 1.46542e+00  1.01622e+00  1.00629e+00
 1.47982e+00  1.01211e+00  1.00624e+00
 1.49416e+00  1.01389e+00  1.00619e+00
 1.50823e+00  1.01448e+00  1.00614e+00
 1.52218e+00  1.01229e+00  1.00610e+00
 1.53789e+00  1.01696e+00  1.00606e+00
 1.54989e+00  1.02350e+00  1.00602e+00
 1.56360e+00  1.01860e+00  1.00599e+00
 1.57984e+00  1.01393e+00  1.00594e+00
 1.59479e+00  1.01627e+00  1.00591e+00
 1.60897e+00  1.01005e+00  1.00587e+00
 1.62356e+00  1.01301e+00  1.00584e+00
 1.63647e+00  1.02608e+00  1.00581e+00
 1.65064e+00  1.01441e+00  1.00577e+00
 1.66521e+00  1.01702e+00  1.00574e+00
 1.67883e+00  1.02440e+00  1.00571e+00
 1.69158e+00  1.01534e+00  1.00568e+00
 1.70620e+00  1.01300e+00  1.00565e+00
 1.72142e+00  1.02416e+00  1.00562e+00
 1.73441e+00  1.02041e+00  1.00559e+00
 1.74855e+00  1.01746e+00  1.00556e+00
 1.76446e+00  1.02487e+00  1.00553e+00
 1.77611e+00  1.01578e+00  1.00550e+00
 1.79230e+00  1.01521e+00  1.00547e+00
 1.80800e+00  1.01743e+00  1.00544e+00
 1.82072e+00  1.02111e+00  1.00541e+00
 1.83400e+00  1.01426e+00  1.00538e+00
 1.85039e+00  1.01639e+00  1.00535e+00
 1.86238e+00  1.01890e+00  1.00533e+00
 1.87563e+00  1.01444e+00  1.00530e+00
 1.88948e+00  1.01958e+00  1.00527e+00
 1.90109e+00  1.01313e+00  1.00525e+00
 1.91659e+00  1.01175e+00  1.00522e+00
 1.92952e+00  1.01750e+00  1.00519e+00
 1.94158e+00  1.01022e+00  1.00517e+00
 1.95551e+00  1.01015e+00  1.00514e+00
 1.97050e+00  1.01795e+00  1.00511e+00
 1.98327e+00  1.00977e+00  1.00508e+00
 1.99854e+00  1.01172e+00  1.00505e+00
 2.01145e+00  1.01605e+00  1.00502e+00
 2.02427e+00  1.00890e+00  1.00500e+00
 2.04090e+00  1.00766e+00  1.00496e+00
 2.05451e+00  1.01047e+00  1.00494e+00
 2.06658e+00  1.00753e+00  1.00491e+00
 2.08052e+00  1.01050e+00  1.00488e+00
 2.09339e+00  1.01466e+00  1.00486e+00
 2.10664e+00  1.00742e+00  1.00483e+00
 2.12121e+00  1.00408e+00  1.00480e+00
 2.13322e+00  1.00599e+00  1.00478e+00
 2.14648e+00  1.00182e+00  1.00475e+00
 2.16148e+00  1.00634e+00  1.00472e+00
 2.17558e+00  1.00865e+00  1.00469e+00
 2.19090e+00  1.00600e+00  1.00466e+00
 2.20552e+00  1.00645e+00  1.00463e+00
 2.21838e+00  1.00751e+00  1.00460e+00
 2.23050e+00  1.00284e+00  1.00458e+00
 2.24525e+00  1.00753e+00  1.00454e+00
 2.25639e+00  1.00451e+00  1.00452e+00
 2.27076e+00  1.00464e+00  1.00449e+00
 2.28462e+00  1.00882e+00  1.00446e+00
 2.29689e+00  1.00548e+00  1.00444e+00
 2.31242e+00  1.00607e+00  1.00441e+00
 2.32749e+00  1.00282e+00  1.00437e+00
 2.34291e+00  1.00273e+00  1.00434e+00
 2.35756e+00  1.00459e+00  1.00431e+00
 2.37216e+00  1.00387e+00  1.00428e+00
 2.38714e+00  1.00123e+00  1.00425e+00
 2.40064e+00  9.99769e-01  1.00422e+00
 2.41657e+00  1.00064e+00  1.00419e+00
 2.43113e+00  9.98927e-01  1.00416e+00
 2.44274e+00  9.97876e-01  1.00413e+00
 2.45758e+00  1.00328e+00  1.00410e+00
 2.47237e+00  9.82329e-01  1.00407e+00
 2.48624e+00  9.76551e-01  1.00404e+00
 2.50133e+00  9.76619e-01  1.00401e+00
 2.51771e+00  9.67848e-01  1.00397e+00
 2.53227e+00  9.38716e-01  9.53599e-01
 2.54437e+00  9.55134e-01  9.53573e-01
 2.55871e+00  9.33276e-01  9.53543e-01
 2.57072e+00  9.11025e-01  9.53517e-01
 2.58442e+00  9.22476e-01  9.53488e-01
 2.60106e+00  9.20600e-01  9.53453e-01
 2.61561e+00  8.84668e-01  9.53421e-01
 2.62953e+00  9.15312e-01  9.53392e-01
 2.64438e+00  9.27138e-01  9.53360e-01
 2.65726e+00  8.75489e-01  9.53333e-01
 2.66937e+00  9.23272e-01  9.53307e-01
 2.68371e+00  9.15936e-01  9.53276e-01
 2.69755e+00  8.74485e-01  9.53246e-01
 2.70966e+00  9.29385e-01  9.53220e-01
 2.72442e+00  9.05875e-01  9.53189e-01
 2.73736e+00  8.98547e-01  9.53161e-01
 2.75063e+00  9.32952e-01  9.53132e-01
 2.76448e+00  9.08649e-01  9.53103e-01
 2.77536e+00  9.28167e-01  9.53079e-01
 2.78765e+00  9.32684e-01  9.53053e-01
 2.79921e+00  9.30706e-01  9.53028e-01
 2.81241e+00  9.53717e-01  9.52999e-01
 2.82397e+00  9.47274e-01  1.00332e+00
 2.83511e+00  9.70688e-01  1.00329e+00
 2.84849e+00  9.59273e-01  1.00327e+00
 2.86055e+00  9.76103e-01  1.00324e+00
 2.87286e+00  9.90659e-01  1.00321e+00
 2.88299e+00  9.84581e-01  1.00319e+00
 2.89549e+00  9.91513e-01  1.00316e+00
 2.90660e+00  9.97810e-01  1.00314e+00
 2.91982e+00  1.00151e+00  1.00311e+00
 2.93347e+00  9.98101e-01  1.00308e+00
 2.94319e+00  1.00274e+00  1.00306e+00
 2.95524e+00  9.96814e-01  1.00303e+00
 2.96585e+00  9.99008e-01  1.00301e+00
 2.97883e+00  1.00053e+00  1.00298e+00
 2.98993e+00  1.00087e+00  1.00296e+00
 3.00108e+00  9.98231e-01  1.00293e+00
 3.01586e+00  1.00415e+00  1.00290e+00
 3.02650e+00  9.98499e-01  1.00288e+00
 3.03859e+00  1.00494e+00  1.00285e+00
 3.05031e+00  1.00682e+00  1.00283e+00
 3.06288e+00  9.97052e-01  1.00280e+00
 3.07670e+00  1.00862e+00  1.00277e+00
 3.08853e+00  9.98014e-01  1.00274e+00
 3.10313e+00  1.00023e+00  1.00271e+00
 3.11632e+00  9.96960e-01  1.00268e+00
 3.12677e+00  1.00135e+00  1.00266e+00
 3.13990e+00  9.99739e-01  1.00263e+00
 3.15034e+00  1.00311e+00  1.00261e+00
 3.16291e+00  9.99213e-01  1.00258e+00
 3.17601e+00  1.00638e+00  1.00255e+00
 3.18788e+00  9.98251e-01  1.00252e+00
 3.19965e+00  1.00141e+00  1.00250e+00
 3.21260e+00  1.00405e+00  1.00247e+00
 3.22582e+00  1.00009e+00  1.00244e+00
 3.23992e+00  1.00367e+00  1.00241e+00
 3.25110e+00  1.00121e+00  1.00238e+00
 3.26700e+00  1.00339e+00  1.00235e+00
 3.28157e+00  1.00167e+00  1.00232e+00
 3.29458e+00  1.00149e+00  1.00229e+00
 3.30755e+00  1.00043e+00  1.00226e+00
 3.31814e+00  1.00425e+00  1.00224e+00
 3.33066e+00  1.00238e+00  1.00221e+00
 3.34269e+00  1.00052e+00  1.00218e+00
 3.35571e+00  1.00141e+00  1.00215e+00
 3.36910e+00  9.99112e-01  1.00212e+00
 3.38064e+00  1.00375e+00  1.00210e+00
 3.39410e+00  1.00141e+00  1.00207e+00
 3.40587e+00  1.00166e+00  1.00204e+00
 3.41776e+00  9.95451e-01  1.00201e+00
 3.43160e+00  9.95617e-01  1.00198e+00
 3.44269e+00  9.91762e-01  1.00196e+00
 3.45524e+00  9.96661e-01  1.00193e+00
 3.47101e+00  9.99461e-01  1.00189e+00
 3.48806e+00  1.00111e+00  1.00185e+00
 3.50356e+00  1.00074e+00  1.00182e+00
 3.51909e+00  1.00229e+00  1.00178e+00
 3.53368e+00  1.00048e+00  1.00175e+00
 3.54688e+00  1.00101e+00  1.00172e+00
 3.56145e+00  1.00520e+00  1.00169e+00
 3.57694e+00  1.00053e+00  1.00165e+00
 3.59110e+00  1.00152e+00  1.00162e+00
 3.60799e+00  1.00261e+00  1.00158e+00
 3.62258e+00  1.00513e+00  1.00155e+00
 3.63642e+00  9.96996e-01  1.00152e+00
 3.65104e+00  1.00392e+00  1.00148e+00
 3.66564e+00  1.00259e+00  1.00145e+00
 3.67973e+00  9.98747e-01  1.00142e+00
 3.69524e+00  1.00153e+00  1.00138e+00
 3.71120e+00  1.00638e+00  1.00134e+00
 3.72813e+00  1.00362e+00  1.00130e+00
 3.74524e+00  1.00018e+00  1.00126e+00
 3.75891e+00  9.98200e-01  1.00123e+00
 3.77465e+00  1.00305e+00  1.00120e+00
 3.79068e+00  1.00270e+00  1.00116e+00
 3.80774e+00  1.00269e+00  1.00112e+00
 3.82067e+00  1.00153e+00  1.00109e+00
 3.83551e+00  1.00253e+00  1.00105e+00
 3.85038e+00  1.00253e+00  1.00102e+00
 3.86417e+00  1.00316e+00  1.00099e+00
 3.87743e+00  9.99633e-01  1.00095e+00
 3.89271e+00  9.99867e-01  1.00092e+00
 3.90726e+00  1.00273e+00  1.00088e+00
 3.92191e+00  1.00002e+00  1.00085e+00
 3.93783e+00  1.00117e+00  1.00081e+00
 3.95287e+00  9.99459e-01  1.00077e+00
 3.96789e+00  9.97441e-01  1.00074e+00
 3.98161e+00  9.99319e-01  1.00071e+00
 3.99755e+00  9.97865e-01  1.00067e+00
 4.01374e+00  1.00151e+00  1.00063e+00
 4.02720e+00  9.95408e-01  1.00060e+00
 4.04270e+00  9.88474e-01  1.00056e+00
 4.05798e+00  9.85040e-01  1.00052e+00
 4.07322e+00  9.97467e-01  1.00048e+00
 4.08715e+00  9.80646e-01  1.00045e+00
 4.10175e+00  9.80377e-01  1.00041e+00
 4.11652e+00  9.93727e-01  1.00038e+00
 4.13135e+00  9.80229e-01  1.00034e+00
 4.14616e+00  9.72457e-01  1.00031e+00
 4.16150e+00  9.74520e-01  1.00027e+00
 4.17805e+00  9.94520e-01  1.00023e+00
 4.19132e+00  9.76751e-01  1.00019e+00
 4.20727e+00  9.75622e-01  1.00015e+00
 4.22208e+00  9.90505e-01  1.00012e+00
 4.23756e+00  9.77973e-01  1.00008e+00
 4.25380e+00  9.71848e-01  1.00004e+00
 4.26840e+00  9.71078e-01  1.00000e+00
 4.28225e+00  9.95295e-01  9.99968e-01
 4.29547e+00  9.76098e-01  9.99934e-01
 4.31007e+00  9.72702e-01  9.99898e-01
 4.32461e+00  9.94439e-01  9.99861e-01
 4.33854e+00  9.78559e-01  9.99826e-01
 4.35450e+00  9.76478e-01  9.99785e-01
 4.36861e+00  9.88729e-01  9.99750e-01
 4.38020e+00  9.65363e-01  9.99720e-01
 4.39571e+00  9.70693e-01  9.99681e-01
 4.40866e+00  9.94789e-01  9.99648e-01
 4.42141e+00  9.79356e-01  9.99615e-01
 4.43714e+00  9.97787e-01  9.99575e-01
 4.45355e+00  9.96447e-01  9.99533e-01
 4.46469e+00  9.79077e-01  9.99504e-01
 4.47904e+00  9.83510e-01  9.99467e-01
 4.49361e+00  9.89330e-01  9.99430e-01
 4.50519e+00  9.89144e-01  9.99400e-01
 4.51933e+00  9.90332e-01  9.99364e-01
 4.53225e+00  9.98350e-01  9.99330e-01
 4.54546e+00  9.90528e-01  9.99296e-01
 4.56007e+00  9.96203e-01  9.99258e-01
 4.57460e+00  9.91078e-01  9.99221e-01
 4.58739e+00  9.95857e-01  9.99188e-01
 4.60312e+00  9.88413e-01  9.99147e-01
 4.61699e+00  9.94474e-01  9.99111e-01
 4.63019e+00  9.95676e-01  9.99077e-01
 4.64478e+00  9.91554e-01  9.99039e-01
 4.65959e+00  9.95152e-01  9.99000e-01
 4.67441e+00  9.86863e-01  9.98962e-01
 4.69040e+00  9.88228e-01  9.98920e-01
 4.70728e+00  9.93953e-01  9.98877e-01
 4.72212e+00  9.98451e-01  9.98838e-01
 4.73619e+00  9.88247e-01  9.98802e-01
 4.75172e+00  9.92551e-01  9.98762e-01
 4.76841e+00  9.90922e-01  9.98719e-01
 4.78225e+00  9.91227e-01  9.98683e-01
 4.79548e+00  9.91162e-01  9.98649e-01
 4.81007e+00  9.95929e-01  9.98612e-01
 4.82459e+00  9.88385e-01  9.98575e-01
 4.83923e+00  9.94885e-01  9.98538e-01
 4.85522e+00  9.93249e-01  9.98497e-01
 4.87120e+00  9.95638e-01  9.98457e-01
 4.88498e+00  9.93683e-01  9.98422e-01
 4.89828e+00  9.94844e-01  9.98389e-01
 4.91287e+00  9.94561e-01  9.98353e-01
 4.92665e+00  9.89344e-01  9.98319e-01
 4.93993e+00  9.96360e-01  9.98287e-01
 4.95454e+00  9.97926e-01  9.98251e-01
 4.96832e+00  9.92716e-01  9.98218e-01
 4.98160e+00  9.95705e-01  9.98187e-01
 4.99892e+00  9.91961e-01  9.98146e-01
 5.01375e+00  9.97864e-01  9.98112e-01
 5.02856e+00  9.92009e-01  9.98078e-01
 5.04273e+00  9.98125e-01  9.98046e-01
 5.05749e+00  9.87590e-01  9.98014e-01
 5.06813e+00  9.85615e-01  9.97991e-01
 5.08025e+00  9.94615e-01  9.97965e-01
 5.09193e+00  9.82017e-01  9.97941e-01
 5.10566e+00  9.87898e-01  9.97912e-01
 5.11905e+00  9.82934e-01  9.97886e-01
 5.12949e+00  9.91140e-01  9.97865e-01
 5.14410e+00  9.96365e-01  9.97838e-01
 5.15516e+00  9.91409e-01  9.97817e-01
 5.16705e+00  9.94581e-01  9.97796e-01
 5.18016e+00  9.85632e-01  9.97774e-01
 5.19198e+00  9.92572e-01  9.97754e-01
 5.20524e+00  9.94929e-01  9.97733e-01
 5.21763e+00  9.89184e-01  9.97715e-01
 5.23020e+00  9.92812e-01  9.97697e-01
 5.24336e+00  9.88611e-01  9.97680e-01
 5.25518e+00  9.94708e-01  9.97665e-01
 5.27046e+00  9.98777e-01  9.97649e-01
 5.28154e+00  9.91896e-01  9.97638e-01
 5.29317e+00  9.94567e-01  9.97627e-01
 5.30772e+00  9.89835e-01  9.97616e-01
 5.31928e+00  9.90932e-01  9.97609e-01
 5.33272e+00  9.95258e-01  9.97603e-01
 5.34543e+00  9.96015e-01  9.97599e-01
 5.35730e+00  9.97528e-01  9.97597e-01
 5.37257e+00  1.00053e+00  9.97598e-01
 5.38571e+00  9.97956e-01  9.97601e-01
 5.39829e+00  9.99676e-01  9.97607e-01
 5.41167e+00  9.99485e-01  9.97616e-01
 5.42298e+00  9.98540e-01  9.97626e-01
 5.43575e+00  9.96855e-01  9.97640e-01
 5.44682e+00  1.00003e+00  9.97655e-01
 5.45870e+00  1.00282e+00  9.97674e-01
 5.47182e+00  1.00177e+00  9.97699e-01
 5.48364e+00  9.98879e-01  9.97726e-01
 5.49595e+00  9.97065e-01  9.97757e-01
 5.50748e+00  9.98329e-01  9.97790e-01
 5.52046e+00  9.97007e-01  9.97831e-01
 5.53154e+00  1.00004e+00  9.97871e-01
 5.54272e+00  1.00144e+00  9.97915e-01
 5.55514e+00  9.98602e-01  9.97970e-01
 5.56563e+00  1.00366e+00  9.98020e-01
 5.57928e+00  1.00106e+00  9.98092e-01
 5.59012e+00  9.99745e-01  9.98154e-01
 5.60309e+00  9.98152e-01  9.98236e-01
 5.61486e+00  9.98613e-01  9.98317e-01
 5.62675e+00  1.00031e+00  9.98405e-01
 5.64083e+00  1.00327e+00  9.98519e-01
 5.65218e+00  9.99907e-01  9.98619e-01
 5.66491e+00  9.99941e-01  9.98740e-01
 5.67597e+00  1.00238e+00  9.98853e-01
 5.68784e+00  1.00415e+00  9.98983e-01
 5.69960e+00  1.00228e+00  9.99121e-01
 5.71283e+00  9.99375e-01  9.99287e-01
 5.72511e+00  1.00059e+00  9.99453e-01
 5.73594e+00  9.98470e-01  9.99609e-01
 5.74825e+00  1.00040e+00  9.99796e-01
 5.75930e+00  1.00295e+00  9.99975e-01
 5.77123e+00  1.00204e+00  1.00018e+00
 5.78787e+00  1.00301e+00  1.00048e+00
 5.80171e+00  1.00173e+00  1.00075e+00
 5.81705e+00  1.00135e+00  1.00106e+00
 5.83372e+00  1.00409e+00  1.00142e+00
 5.84874e+00  1.00142e+00  1.00176e+00
 5.86238e+00  1.00135e+00  1.00208e+00
 5.87608e+00  9.99815e-01  1.00240e+00
 5.89111e+00  1.00088e+00  1.00275e+00
 5.90616e+00  1.00260e+00  1.00309e+00
 5.92052e+00  1.00034e+00  1.00339e+00
 5.93648e+00  1.00376e+00  1.00369e+00
 5.95059e+00  9.97726e-01  1.00389e+00
 5.96473e+00  1.00378e+00  1.00401e+00
 5.97908e+00  1.00305e+00  1.00403e+00
 5.99202e+00  9.99754e-01  1.00391e+00
 6.00406e+00  1.00240e+00  1.00366e+00
 6.01800e+00  9.98234e-01  1.00314e+00
 6.03087e+00  1.00177e+00  1.00239e+00
 6.04367e+00  9.94162e-01  1.00132e+00
 6.06034e+00  9.92093e-01  9.99315e-01
 6.07464e+00  1.00291e+00  9.96895e-01
 6.08741e+00  9.89684e-01  9.94056e-01
 6.10133e+00  9.77751e-01  9.90083e-01
 6.11560e+00  9.85068e-01  9.84877e-01
 6.12768e+00  9.60929e-01  9.79429e-01
 6.14206e+00  9.48516e-01  9.71533e-01
 6.15404e+00  9.55141e-01  9.63667e-01
 6.16730e+00  9.30679e-01  9.53518e-01
 6.18113e+00  9.25440e-01  9.41328e-01
 6.19274e+00  9.11115e-01  9.29910e-01
 6.21031e+00  9.09881e-01  9.11064e-01
 6.22565e+00  8.96090e-01  8.93887e-01
 6.23920e+00  8.79269e-01  8.79133e-01
 6.25131e+00  8.90649e-01  8.67178e-01
 6.26610e+00  8.83727e-01  8.40908e-01
 6.27790e+00  8.82194e-01  8.34711e-01
 6.29230e+00  8.92868e-01  8.31991e-01
 6.30613e+00  8.75771e-01  8.34996e-01
 6.31844e+00  8.85964e-01  8.56881e-01
 6.33368e+00  8.87145e-01  8.71552e-01
 6.34781e+00  8.77647e-01  8.89432e-01
 6.36054e+00  8.89338e-01  9.07771e-01
 6.37536e+00  8.98069e-01  9.30086e-01
 6.38946e+00  8.82847e-01  9.50793e-01
 6.40220e+00  8.94599e-01  9.68022e-01
 6.41658e+00  9.15430e-01  9.85053e-01
 6.43112e+00  8.94471e-01  9.99261e-01
 6.44271e+00  9.24928e-01  1.00837e+00
 6.45685e+00  9.36956e-01  1.01696e+00
 6.46978e+00  9.14894e-01  1.02266e+00
 6.48187e+00  9.58395e-01  1.02640e+00
 6.49620e+00  9.61025e-01  1.02919e+00
 6.50820e+00  9.58270e-01  1.03044e+00
 6.52144e+00  9.79632e-01  1.03093e+00
 6.53555e+00  9.79768e-01  1.03069e+00
 6.54804e+00  9.87363e-01  1.03002e+00
 6.56378e+00  9.95262e-01  1.02876e+00
 6.57883e+00  9.99095e-01  1.02730e+00
 6.59222e+00  1.00250e+00  1.02589e+00
 6.60550e+00  9.97529e-01  1.02447e+00
 6.62025e+00  9.98867e-01  1.02290e+00
 6.63205e+00  1.00071e+00  1.02169e+00
 6.64644e+00  1.00065e+00  1.02029e+00
 6.66029e+00  9.99440e-01  1.01902e+00
 6.67190e+00  1.00100e+00  1.01802e+00
 6.68672e+00  9.98704e-01  1.01684e+00
 6.70195e+00  1.00081e+00  1.01574e+00
 6.71356e+00  1.00096e+00  1.01497e+00
 6.72907e+00  1.00379e+00  1.01403e+00
 6.74200e+00  1.00121e+00  1.01333e+00
 6.75475e+00  1.00254e+00  1.01269e+00
 6.76980e+00  9.99752e-01  1.01201e+00
 6.78553e+00  1.00080e+00  1.01138e+00
 6.79804e+00  1.00036e+00  1.01092e+00
 6.81239e+00  1.00432e+00  1.01045e+00
 6.82557e+00  1.00213e+00  1.01006e+00
 6.83926e+00  1.00587e+00  1.00969e+00
 6.85479e+00  1.00077e+00  1.00931e+00
 6.86886e+00  1.00366e+00  1.00901e+00
 6.88275e+00  1.00532e+00  1.00874e+00
 6.89714e+00  1.00631e+00  1.00848e+00
 6.91312e+00  1.00805e+00  1.00823e+00
 6.92741e+00  1.00737e+00  1.00802e+00
 6.94155e+00  1.00611e+00  1.00784e+00
 6.95753e+00  1.00777e+00  1.00765e+00
 6.97117e+00  1.00459e+00  1.00750e+00
 6.98393e+00  1.00817e+00  1.00738e+00
 6.99851e+00  1.00813e+00  1.00725e+00
 7.01213e+00  1.00924e+00  1.00714e+00
 7.02490e+00  1.00855e+00  1.00704e+00
 7.03882e+00  1.00631e+00  1.00694e+00
 7.05168e+00  1.01460e+00  1.00686e+00
 7.06381e+00  1.00955e+00  1.00678e+00
 7.07858e+00  1.01092e+00  1.00670e+00
 7.08970e+00  1.01206e+00  1.00664e+00
 7.10406e+00  1.00958e+00  1.00657e+00
 7.11793e+00  1.01504e+00  1.00651e+00
 7.13092e+00  1.01239e+00  1.00645e+00
 7.14642e+00  1.01017e+00  1.00639e+00
 7.16053e+00  1.01506e+00  1.00633e+00
 7.17372e+00  1.01622e+00  1.00629e+00
 7.18811e+00  1.01211e+00  1.00624e+00
 7.20245e+00  1.01389e+00  1.00619e+00
 7.21653e+00  1.01448e+00  1.00614e+00
 7.23048e+00  1.01229e+00  1.00610e+00
 7.24618e+00  1.01696e+00  1.00606e+00
 7.25819e+00  1.02350e+00  1.00602e+00
 7.27189e+00  1.01860e+00  1.00599e+00
 7.28813e+00  1.01393e+00  1.00594e+00
 7.30308e+00  1.01627e+00  1.00591e+00
 7.31726e+00  1.01005e+00  1.00587e+00
 7.33185e+00  1.01301e+00  1.00584e+00
 7.34477e+00  1.02608e+00  1.00581e+00
 7.35893e+00  1.01441e+00  1.00577e+00
 7.37350e+00  1.01702e+00  1.00574e+00
 7.38713e+00  1.02440e+00  1.00571e+00
 7.39987e+00  1.01534e+00  1.00568e+00
 7.41450e+00  1.01300e+00  1.00565e+00
 7.42972e+00  1.02416e+00  1.00562e+00
 7.44271e+00  1.02041e+00  1.00559e+00
 7.45684e+00  1.01746e+00  1.00556e+00
 7.47276e+00  1.02487e+00  1.00553e+00
 7.48440e+00  1.01578e+00  1.00550e+00
 7.50059e+00  1.01521e+00  1.00547e+00
 7.51630e+00  1.01743e+00  1.00544e+00
 7.52902e+00  1.02111e+00  1.00541e+00
 7.54230e+00  1.01426e+00  1.00538e+00
 7.55868e+00  1.01639e+00  1.00535e+00
 7.57068e+00  1.01890e+00  1.00533e+00
 7.58392e+00  1.01444e+00  1.00530e+00
 7.59778e+00  1.01958e+00  1.00527e+00
 7.60939e+00  1.01313e+00  1.00525e+00
 7.62488e+00  1.01175e+00  1.00522e+00
 7.63782e+00  1.01750e+00  1.00519e+00
 7.64987e+00  1.01022e+00  1.00517e+00
 7.66381e+00  1.01015e+00  1.00514e+00
 7.67879e+00  1.01795e+00  1.00511e+00
 7.69156e+00  1.00977e+00  1.00508e+00
 7.70683e+00  1.01172e+00  1.00505e+00
 7.71975e+00  1.01605e+00  1.00502e+00
 7.73257e+00  1.00890e+00  1.00500e+00
 7.74919e+00  1.00766e+00  1.00496e+00
 7.76281e+00  1.01047e+00  1.00494e+00
 7.77487e+00  1.00753e+00  1.00491e+00
 7.78881e+00  1.01050e+00  1.00488e+00
 7.80168e+00  1.01466e+00  1.00486e+00
 7.81494e+00  1.00742e+00  1.00483e+00
 7.82951e+00  1.00408e+00  1.00480e+00
 7.84152e+00  1.00599e+00  1.00478e+00
 7.85477e+00  1.00182e+00  1.00475e+00
 7.86978e+00  1.00634e+00  1.00472e+00
 7.88388e+00  1.00865e+00  1.00469e+00
 7.89919e+00  1.00600e+00  1.00466e+00
 7.91381e+00  1.00645e+00  1.00463e+00
 7.92667e+00  1.00751e+00  1.00460e+00
 7.93880e+00  1.00284e+00  1.00458e+00
 7.95355e+00  1.00753e+00  1.00454e+00
 7.96469e+00  1.00451e+00  1.00452e+00
 7.97905e+00  1.00464e+00  1.00449e+00
 7.99291e+00  1.00882e+00  1.00446e+00
 8.00519e+00  1.00548e+00  1.00444e+00
 8.02071e+00  1.00607e+00  1.00441e+00
 8.03578e+00  1.00282e+00  1.00437e+00
 8.05121e+00  1.00273e+00  1.00434e+00
 8.06585e+00  1.00459e+00  1.00431e+00
 8.08046e+00  1.00387e+00  1.00428e+00
 8.09544e+00  1.00123e+00  1.00425e+00
 8.10893e+00  9.99769e-01  1.00422e+00
 8.12486e+00  1.00064e+00  1.00419e+00
 8.13942e+00  9.98927e-01  1.00416e+00
 8.15104e+00  9.97876e-01  1.00413e+00
 8.16587e+00  1.00328e+00  1.00410e+00
 8.18067e+00  9.82329e-01  1.00407e+00
 8.19453e+00  9.76551e-01  1.00404e+00
 8.20962e+00  9.76619e-01  1.00401e+00
 8.22601e+00  9.67848e-01  1.00397e+00
 8.24057e+00  9.38716e-01  9.53599e-01
 8.25266e+00  9.55134e-01  9.53573e-01
 8.26700e+00  9.33276e-01  9.53543e-01
 8.27902e+00  9.11025e-01  9.53517e-01
 8.29271e+00  9.22476e-01  9.53488e-01
 8.30936e+00  9.20600e-01  9.53452e-01
 8.32391e+00  8.84668e-01  9.53421e-01
 8.33783e+00  9.15312e-01  9.53392e-01
 8.35267e+00  9.27138e-01  9.53360e-01
 8.36555e+00  8.75489e-01  9.53333e-01
 8.37766e+00  9.23272e-01  9.53307e-01
 8.39200e+00  9.15936e-01  9.53276e-01
 8.40584e+00  8.74485e-01  9.53246e-01
 8.41795e+00  9.29385e-01  9.53220e-01
 8.43271e+00  9.05875e-01  9.53189e-01
 8.44566e+00  8.98547e-01  9.53161e-01
 8.45892e+00  9.32952e-01  9.53132e-01
 8.47278e+00  9.08649e-01  9.53103e-01
 8.48366e+00  9.28167e-01  9.53079e-01
 8.49595e+00  9.32684e-01  9.53053e-01
 8.50750e+00  9.30706e-01  9.53028e-01
 8.52070e+00  9.53717e-01  9.52999e-01
 8.53227e+00  9.47274e-01  1.00332e+00
 8.54340e+00  9.70688e-01  1.00329e+00
 8.55678e+00  9.59273e-01  1.00327e+00
 8.56885e+00  9.76103e-01  1.00324e+00
 8.58116e+00  9.90659e-01  1.00321e+00
 8.59129e+00  9.84581e-01  1.00319e+00
 8.60379e+00  9.91513e-01  1.00316e+00
 8.61490e+00  9.97810e-01  1.00314e+00
 8.62811e+00  1.00151e+00  1.00311e+00
 8.64177e+00  9.98101e-01  1.00308e+00
 8.65148e+00  1.00274e+00  1.00306e+00
 8.66353e+00  9.96814e-01  1.00303e+00
 8.67414e+00  9.99008e-01  1.00301e+00
 8.68713e+00  1.00053e+00  1.00298e+00
 8.69823e+00  1.00087e+00  1.00296e+00
 8.70937e+00  9.98231e-01  1.00293e+00
 8.72415e+00  1.00415e+00  1.00290e+00
 8.73480e+00  9.98499e-01  1.00288e+00
 8.74688e+00  1.00494e+00  1.00285e+00
 8.75861e+00  1.00682e+00  1.00283e+00
 8.77117e+00  9.97052e-01  1.00280e+00
 8.78500e+00  1.00862e+00  1.00277e+00
 8.79683e+00  9.98014e-01  1.00274e+00
 8.81143e+00  1.00023e+00  1.00271e+00
 8.82462e+00  9.96960e-01  1.00268e+00
 8.83506e+00  1.00135e+00  1.00266e+00
 8.84820e+00  9.99739e-01  1.00263e+00
 8.85864e+00  1.00311e+00  1.00261e+00
 8.87120e+00  9.99213e-01  1.00258e+00
 8.88431e+00  1.00638e+00  1.00255e+00
 8.89617e+00  9.98251e-01  1.00252e+00
 8.90795e+00  1.00141e+00  1.00250e+00
 8.92089e+00  1.00405e+00  1.00247e+00
 8.93412e+00  1.00009e+00  1.00244e+00
 8.94822e+00  1.00367e+00  1.00241e+00
 8.95939e+00  1.00121e+00  1.00238e+00
 8.97530e+00  1.00339e+00  1.00235e+00
 8.98987e+00  1.00167e+00  1.00232e+00
 9.00287e+00  1.00149e+00  1.00229e+00
 9.01584e+00  1.00043e+00  1.00226e+00
 9.02644e+00  1.00425e+00  1.00224e+00
 9.03896e+00  1.00238e+00  1.00221e+00
 9.05099e+00  1.00052e+00  1.00218e+00
 9.06401e+00  1.00141e+00  1.00215e+00
 9.07740e+00  9.99112e-01  1.00212e+00
 9.08893e+00  1.00375e+00  1.00210e+00
 9.10239e+00  1.00141e+00  1.00207e+00
 9.11417e+00  1.00166e+00  1.00204e+00
 9.12605e+00  9.95451e-01  1.00201e+00
 9.13990e+00  9.95617e-01  1.00198e+00
 9.15099e+00  9.91762e-01  1.00196e+00
 9.16353e+00  9.96661e-01  1.00193e+00
 9.17930e+00  9.99461e-01  1.00189e+00
 9.19635e+00  1.00111e+00  1.00185e+00
 9.21186e+00  1.00074e+00  1.00182e+00
 9.22738e+00  1.00229e+00  1.00178e+00
 9.24198e+00  1.00048e+00  1.00175e+00
 9.25517e+00  1.00101e+00  1.00172e+00
 9.26975e+00  1.00520e+00  1.00169e+00
 9.28523e+00  1.00053e+00  1.00165e+00
 9.29940e+00  1.00152e+00  1.00162e+00
 9.31629e+00  1.00261e+00  1.00158e+00
 9.33087e+00  1.00513e+00  1.00155e+00
 9.34472e+00  9.96996e-01  1.00152e+00
 9.35933e+00  1.00392e+00  1.00148e+00
 9.37393e+00  1.00259e+00  1.00145e+00
 9.38802e+00  9.98747e-01  1.00142e+00
 9.40354e+00  1.00153e+00  1.00138e+00
 9.41949e+00  1.00638e+00  1.00134e+00
 9.43642e+00  1.00362e+00  1.00130e+00
 9.45354e+00  1.00018e+00  1.00126e+00
 9.46720e+00  9.98200e-01  1.00123e+00
 9.48295e+00  1.00305e+00  1.00120e+00
 9.49897e+00  1.00270e+00  1.00116e+00
 9.51604e+00  1.00269e+00  1.00112e+00
 9.52896e+00  1.00153e+00  1.00109e+00
 9.54381e+00  1.00253e+00  1.00105e+00
 9.55867e+00  1.00253e+00  1.00102e+00
 9.57247e+00  1.00316e+00  1.00099e+00
 9.58572e+00  9.99633e-01  1.00095e+00
 9.60100e+00  9.99867e-01  1.00092e+00
 9.61556e+00  1.00273e+00  1.00088e+00
 9.63020e+00  1.00002e+00  1.00085e+00
 9.64612e+00  1.00117e+00  1.00081e+00
 9.66116e+00  9.99459e-01  1.00077e+00
 9.67618e+00  9.97441e-01  1.00074e+00
 9.68990e+00  9.99319e-01  1.00071e+00
 9.70585e+00  9.97865e-01  1.00067e+00
 9.72203e+00  1.00151e+00  1.00063e+00
 9.73550e+00  9.95408e-01  1.00060e+00
 9.75099e+00  9.88474e-01  1.00056e+00
 9.76628e+00  9.85040e-01  1.00052e+00
 9.78152e+00  9.97467e-01  1.00048e+00
 9.79545e+00  9.80646e-01  1.00045e+00
 9.81004e+00  9.80377e-01  1.00041e+00
 9.82481e+00  9.93727e-01  1.00038e+00
 9.83965e+00  9.80229e-01  1.00034e+00
 9.85445e+00  9.72457e-01  1.00031e+00
 9.86979e+00  9.74520e-01  1.00027e+00
 9.88635e+00  9.94520e-01  1.00023e+00
 9.89961e+00  9.76751e-01  1.00019e+00
 9.91557e+00  9.75622e-01  1.00015e+00
 9.93037e+00  9.90505e-01  1.00012e+00
 9.94585e+00  9.77973e-01  1.00008e+00
 9.96209e+00  9.71848e-01  1.00004e+00
 9.97669e+00  9.71078e-01  1.00000e+00
 9.99055e+00  9.95295e-01  9.99968e-01
 1.00038e+01  9.76098e-01  9.99934e-01
 1.00184e+01  9.72702e-01  9.99898e-01
 1.00329e+01  9.94439e-01  9.99861e-01
 1.00468e+01  9.78559e-01  9.99826e-01
 1.00628e+01  9.76478e-01  9.99785e-01
 1.00769e+01  9.88729e-01  9.99750e-01
 1.00885e+01  9.65363e-01  9.99720e-01
 1.01040e+01  9.70693e-01  9.99681e-01
 1.01170e+01  9.94789e-01  9.99648e-01
 1.01297e+01  9.79356e-01  9.99615e-01
 1.01454e+01  9.97787e-01  9.99575e-01
 1.01618e+01  9.96447e-01  9.99533e-01
 1.01730e+01  9.79077e-01  9.99504e-01
 1.01873e+01  9.83510e-01  9.99467e-01
 1.02019e+01  9.89330e-01  9.99430e-01
 1.02135e+01  9.89144e-01  9.99400e-01
 1.02276e+01  9.90332e-01  9.99364e-01
 1.02405e+01  9.98350e-01  9.99330e-01
 1.02538e+01  9.90528e-01  9.99296e-01
 1.02684e+01  9.96203e-01  9.99258e-01
 1.02829e+01  9.91078e-01  9.99221e-01
 1.02957e+01  9.95857e-01  9.99188e-01
 1.03114e+01  9.88413e-01  9.99147e-01
 1.03253e+01  9.94474e-01  9.99111e-01
 1.03385e+01  9.95676e-01  9.99077e-01
 1.03531e+01  9.91554e-01  9.99039e-01
 1.03679e+01  9.95152e-01  9.99000e-01
 1.03827e+01  9.86863e-01  9.98962e-01
 1.03987e+01  9.88228e-01  9.98920e-01
 1.04156e+01  9.93953e-01  9.98877e-01
 1.04304e+01  9.98451e-01  9.98838e-01
 1.04445e+01  9.88247e-01  9.98802e-01
 1.04600e+01  9.92551e-01  9.98762e-01
 1.04767e+01  9.90922e-01  9.98719e-01
 1.04905e+01  9.91227e-01  9.98683e-01
 1.05038e+01  9.91162e-01  9.98649e-01
 1.05184e+01  9.95929e-01  9.98612e-01
 1.05329e+01  9.88385e-01  9.98575e-01
 1.05475e+01  9.94885e-01  9.98538e-01
 1.05635e+01  9.93249e-01  9.98497e-01
 1.05795e+01  9.95638e-01  9.98457e-01
 1.05933e+01  9.93683e-01  9.98422e-01
 1.06066e+01  9.94844e-01  9.98389e-01
 1.06212e+01  9.94561e-01  9.98353e-01
 1.06349e+01  9.89344e-01  9.98319e-01
 1.06482e+01  9.96360e-01  9.98287e-01
 1.06628e+01  9.97926e-01  9.98251e-01
 1.06766e+01  9.92716e-01  9.98218e-01
 1.06899e+01  9.95705e-01  9.98187e-01
 1.07072e+01  9.91961e-01  9.98146e-01
 1.07220e+01  9.97864e-01  9.98112e-01
 1.07369e+01  9.92009e-01  9.98078e-01
 1.07510e+01  9.98125e-01  9.98046e-01
 1.07658e+01  9.87590e-01  9.98014e-01
 1.07764e+01  9.85615e-01  9.97991e-01
 1.07885e+01  9.94615e-01  9.97965e-01
 1.08002e+01  9.82017e-01  9.97941e-01
 1.08140e+01  9.87898e-01  9.97912e-01
 1.08273e+01  9.82934e-01  9.97886e-01
 1.08378e+01  9.91140e-01  9.97865e-01
 1.08524e+01  9.96365e-01  9.97838e-01
 1.08635e+01  9.91409e-01  9.97817e-01
 1.08753e+01  9.94581e-01  9.97796e-01
 1.08885e+01  9.85632e-01  9.97774e-01
 1.09003e+01  9.92572e-01  9.97754e-01
 1.09135e+01  9.94929e-01  9.97733e-01
 1.09259e+01  9.89184e-01  9.97715e-01
 1.09385e+01  9.92812e-01  9.97697e-01
 1.09517e+01  9.88611e-01  9.97680e-01
 1.09635e+01  9.94708e-01  9.97665e-01
 1.09788e+01  9.98777e-01  9.97648e-01
 1.09898e+01  9.91896e-01  9.97638e-01
 1.10015e+01  9.94567e-01  9.97627e-01
 1.10160e+01  9.89835e-01  9.97616e-01
 1.10276e+01  9.90932e-01  9.97609e-01
 1.10410e+01  9.95258e-01  9.97603e-01
 1.10537e+01  9.96015e-01  9.97599e-01
 1.10656e+01  9.97528e-01  9.97597e-01
 1.10809e+01  1.00053e+00  9.97598e-01
 1.10940e+01  9.97956e-01  9.97601e-01
 1.11066e+01  9.99676e-01  9.97607e-01
 1.11200e+01  9.99485e-01  9.97616e-01
 1.11313e+01  9.98540e-01  9.97626e-01
 1.11440e+01  9.96855e-01  9.97640e-01
 1.11551e+01  1.00003e+00  9.97655e-01
 1.11670e+01  1.00282e+00  9.97674e-01
 1.11801e+01  1.00177e+00  9.97700e-01
 1.11919e+01  9.98879e-01  9.97726e-01
 1.12042e+01  9.97065e-01  9.97757e-01
 1.12158e+01  9.98329e-01  9.97790e-01
 1.12288e+01  9.97007e-01  9.97831e-01
 1.12398e+01  1.00004e+00  9.97871e-01
 1.12510e+01  1.00144e+00  9.97915e-01
 1.12634e+01  9.98602e-01  9.97970e-01
 1.12739e+01  1.00366e+00  9.98020e-01
 1.12876e+01  1.00106e+00  9.98092e-01
 1.12984e+01  9.99745e-01  9.98154e-01
 1.13114e+01  9.98152e-01  9.98236e-01
 1.13232e+01  9.98613e-01  9.98317e-01
 1.13350e+01  1.00031e+00  9.98405e-01
 1.13491e+01  1.00327e+00  9.98519e-01
 1.13605e+01  9.99907e-01  9.98619e-01
 1.13732e+01  9.99941e-01  9.98740e-01
 1.13843e+01  1.00238e+00  9.98853e-01
 1.13961e+01  1.00415e+00  9.98983e-01
 1.14079e+01  1.00228e+00  9.99121e-01
