212
 1.83425e-01  9.99631e-01  9.98541e-01
 3.95888e-01  1.00046e+00  9.99154e-01
 5.14648e-01  1.00116e+00  9.99468e-01
 6.25058e-01  9.99809e-01  9.99742e-01
 7.39633e-01  9.99370e-01  1.00001e+00
 8.43808e-01  9.99909e-01  1.00024e+00
 9.47978e-01  9.99336e-01  1.00045e+00
 1.05631e+00  9.99577e-01  1.00067e+00
 1.16880e+00  9.98574e-01  1.00087e+00
 1.28548e+00  9.98877e-01  1.00108e+00
 1.39590e+00  9.99072e-01  1.00126e+00
 1.50006e+00  9.99671e-01  1.00142e+00
 1.60423e+00  9.99746e-01  1.00157e+00
 1.70840e+00  9.99985e-01  1.00171e+00
 1.81256e+00  1.00029e+00  1.00185e+00
 1.91673e+00  1.00075e+00  1.00197e+00
 2.02090e+00  1.00045e+00  1.00209e+00
 2.12921e+00  1.00163e+00  1.00221e+00
 2.24799e+00  1.00099e+00  1.00233e+00
 2.35630e+00  1.00066e+00  1.00244e+00
 2.46881e+00  1.00008e+00  1.00254e+00
 2.57923e+00  1.00059e+00  1.00264e+00
 2.71674e+00  9.90457e-01  1.00275e+00
 2.86465e+00  9.97994e-01  1.00285e+00
 2.96881e+00  1.00028e+00  1.00292e+00
 3.07924e+00  1.00198e+00  1.00299e+00
 3.20213e+00  1.00449e+00  1.00307e+00
 3.32506e+00  1.00598e+00  1.00313e+00
 3.44381e+00  1.00458e+00  1.00319e+00
 3.56255e+00  1.00383e+00  1.00324e+00
 3.69172e+00  1.00352e+00  1.00329e+00
 3.84589e+00  1.00281e+00  1.00335e+00
 3.96881e+00  1.00171e+00  1.00338e+00
 4.08131e+00  1.00041e+00  1.00341e+00
 4.18757e+00  9.99826e-01  1.00343e+00
 4.30423e+00  1.00077e+00  1.00344e+00
 4.41673e+00  9.99839e-01  1.00345e+00
 4.52089e+00  1.00028e+00  1.00345e+00
 4.63131e+00  1.00039e+00  1.00345e+00
 4.73965e+00  9.99900e-01  1.00344e+00
 4.84381e+00  1.00013e+00  1.00342e+00
 4.94798e+00  9.99877e-01  1.00340e+00
 5.05215e+00  9.99294e-01  1.00337e+00
 5.16048e+00  9.99653e-01  1.00333e+00
 5.27089e+00  9.90445e-01  1.00327e+00
 5.37923e+00  9.91699e-01  1.00321e+00
 5.48965e+00  9.99002e-01  1.00314e+00
 5.59381e+00  1.00014e+00  1.00305e+00
 5.69798e+00  1.00203e+00  1.00296e+00
 5.80215e+00  1.00368e+00  1.00285e+00
 5.90631e+00  1.00544e+00  1.00272e+00
 6.01048e+00  1.00444e+00  1.00258e+00
 6.11465e+00  1.00321e+00  1.00242e+00
 6.21881e+00  1.00208e+00  1.00224e+00
 6.32298e+00  1.00130e+00  1.00203e+00
 6.42715e+00  1.00017e+00  1.00180e+00
 6.53131e+00  9.99709e-01  1.00155e+00
 6.63548e+00  9.99953e-01  1.00126e+00
 6.73965e+00  1.00005e+00  1.00094e+00
 6.85006e+00  9.99956e-01  1.00057e+00
 6.95839e+00  9.99745e-01  1.00016e+00
 7.06882e+00  9.99412e-01  9.99691e-01
 7.17715e+00  1.00003e+00  9.99183e-01
 7.28131e+00  1.00051e+00  9.98645e-01
 7.38548e+00  1.00044e+00  9.98053e-01
 7.48965e+00  1.00096e+00  9.97407e-01
 7.59381e+00  1.00028e+00  9.96703e-01
 7.69798e+00  1.00059e+00  9.95941e-01
 7.80215e+00  1.00090e+00  9.95121e-01
 7.91674e+00  1.00101e+00  9.94155e-01
 8.03548e+00  1.00118e+00  9.93092e-01
 8.18339e+00  9.98095e-01  9.91702e-01
 8.31048e+00  9.86550e-01  9.90484e-01
 8.44381e+00  9.94559e-01  9.89236e-01
 8.56256e+00  9.95291e-01  9.88211e-01
 8.67298e+00  9.96756e-01  9.87395e-01
 8.78131e+00  1.00081e+00  9.86790e-01
 8.88548e+00  9.61736e-01  9.86464e-01
 8.99381e+00  8.86170e-01  9.86469e-01
 9.12506e+00  9.86522e-01  9.87061e-01
 9.24798e+00  9.57038e-01  9.88299e-01
 9.35423e+00  9.28100e-01  9.89948e-01
 9.45840e+00  9.56871e-01  9.92080e-01
 9.56880e+00  1.00354e+00  9.94829e-01
 9.67714e+00  1.00810e+00  9.97885e-01
 9.78131e+00  1.00185e+00  1.00097e+00
 9.89381e+00  1.00485e+00  1.00422e+00
 1.00001e+01  1.00846e+00  1.00693e+00
 1.01042e+01  1.00809e+00  1.00904e+00
 1.02105e+01  1.01238e+00  1.01044e+00
 1.03230e+01  1.01202e+00  1.01100e+00
 1.04271e+01  1.00910e+00  1.01068e+00
 1.05396e+01  1.00702e+00  1.00951e+00
 1.06459e+01  1.00645e+00  1.00779e+00
 1.07501e+01  1.00457e+00  1.00572e+00
 1.08542e+01  9.95045e-01  1.00346e+00
 1.09605e+01  9.92563e-01  1.00112e+00
 1.10730e+01  1.00025e+00  9.98775e-01
 1.11771e+01  9.97800e-01  9.96829e-01
 1.12813e+01  9.96550e-01  9.95161e-01
 1.13959e+01  9.93341e-01  9.93676e-01
 1.15000e+01  9.91392e-01  9.92645e-01
 1.16042e+01  9.87474e-01  9.91899e-01
 1.17605e+01  9.89669e-01  9.91251e-01
 1.27772e+01  9.93644e-01  9.93944e-01
 1.34022e+01  9.97654e-01  9.96683e-01
 1.39334e+01  9.99631e-01  9.98541e-01
 1.41458e+01  1.00046e+00  9.99154e-01
 1.42646e+01  1.00116e+00  9.99468e-01
 1.43750e+01  9.99809e-01  9.99742e-01
 1.44896e+01  9.99370e-01  1.00001e+00
 1.45938e+01  9.99909e-01  1.00024e+00
 1.46979e+01  9.99336e-01  1.00045e+00
 1.48063e+01  9.99577e-01  1.00067e+00
 1.49187e+01  9.98574e-01  1.00087e+00
 1.50354e+01  9.98877e-01  1.00108e+00
 1.51458e+01  9.99072e-01  1.00126e+00
 1.52500e+01  9.99671e-01  1.00142e+00
 1.53542e+01  9.99746e-01  1.00157e+00
 1.54583e+01  9.99985e-01  1.00171e+00
 1.55625e+01  1.00029e+00  1.00185e+00
 1.56667e+01  1.00075e+00  1.00197e+00
 1.57708e+01  1.00045e+00  1.00209e+00
 1.58792e+01  1.00163e+00  1.00221e+00
 1.59979e+01  1.00099e+00  1.00233e+00
 1.61062e+01  1.00066e+00  1.00244e+00
 1.62188e+01  1.00008e+00  1.00254e+00
 1.63292e+01  1.00059e+00  1.00264e+00
 1.64667e+01  9.90457e-01  1.00275e+00
 1.66146e+01  9.97994e-01  1.00285e+00
 1.67188e+01  1.00028e+00  1.00292e+00
 1.68292e+01  1.00198e+00  1.00299e+00
 1.69521e+01  1.00449e+00  1.00307e+00
 1.70750e+01  1.00598e+00  1.00313e+00
 1.71938e+01  1.00458e+00  1.00319e+00
 1.73125e+01  1.00383e+00  1.00324e+00
 1.74417e+01  1.00352e+00  1.00329e+00
 1.75958e+01  1.00281e+00  1.00335e+00
 1.77188e+01  1.00171e+00  1.00338e+00
 1.78313e+01  1.00041e+00  1.00341e+00
 1.79375e+01  9.99826e-01  1.00343e+00
 1.80542e+01  1.00077e+00  1.00344e+00
 1.81667e+01  9.99839e-01  1.00345e+00
 1.82708e+01  1.00028e+00  1.00345e+00
 1.83813e+01  1.00039e+00  1.00345e+00
 1.84896e+01  9.99900e-01  1.00344e+00
 1.85938e+01  1.00013e+00  1.00342e+00
 1.86979e+01  9.99877e-01  1.00340e+00
 1.88021e+01  9.99294e-01  1.00337e+00
 1.89104e+01  9.99653e-01  1.00333e+00
 1.90208e+01  9.90445e-01  1.00327e+00
 1.91292e+01  9.91699e-01  1.00321e+00
 1.92396e+01  9.99002e-01  1.00314e+00
 1.93438e+01  1.00014e+00  1.00305e+00
 1.94479e+01  1.00203e+00  1.00296e+00
 1.95521e+01  1.00368e+00  1.00285e+00
 1.96563e+01  1.00544e+00  1.00272e+00
 1.97604e+01  1.00444e+00  1.00258e+00
 1.98646e+01  1.00321e+00  1.00242e+00
 1.99688e+01  1.00208e+00  1.00224e+00
 2.00729e+01  1.00130e+00  1.00203e+00
 2.01771e+01  1.00017e+00  1.00180e+00
 2.02813e+01  9.99709e-01  1.00155e+00
 2.03854e+01  9.99953e-01  1.00126e+00
 2.04896e+01  1.00005e+00  1.00094e+00
 2.06000e+01  9.99956e-01  1.00057e+00
 2.07083e+01  9.99745e-01  1.00016e+00
 2.08188e+01  9.99412e-01  9.99691e-01
 2.09271e+01  1.00003e+00  9.99183e-01
 2.10313e+01  1.00051e+00  9.98645e-01
 2.11354e+01  1.00044e+00  9.98053e-01
 2.12396e+01  1.00096e+00  9.97407e-01
 2.13438e+01  1.00028e+00  9.96703e-01
 2.14479e+01  1.00059e+00  9.95941e-01
 2.15521e+01  1.00090e+00  9.95121e-01
 2.16667e+01  1.00101e+00  9.94155e-01
 2.17854e+01  1.00118e+00  9.93092e-01
 2.19333e+01  9.98095e-01  9.91702e-01
 2.20604e+01  9.86550e-01  9.90485e-01
 2.21938e+01  9.94559e-01  9.89237e-01
 2.23125e+01  9.95291e-01  9.88211e-01
 2.24229e+01  9.96756e-01  9.87395e-01
 2.25313e+01  1.00081e+00  9.86790e-01
 2.26354e+01  9.61736e-01  9.86464e-01
 2.27438e+01  8.86170e-01  9.86469e-01
 2.28750e+01  9.86522e-01  9.87061e-01
 2.29979e+01  9.57038e-01  9.88299e-01
 2.31042e+01  9.28100e-01  9.89948e-01
 2.32083e+01  9.56871e-01  9.92080e-01
 2.33187e+01  1.00354e+00  9.94829e-01
 2.34271e+01  1.00810e+00  9.97884e-01
 2.35313e+01  1.00185e+00  1.00097e+00
 2.36438e+01  1.00485e+00  1.00422e+00
 2.37500e+01  1.00846e+00  1.00693e+00
 2.38542e+01  1.00809e+00  1.00904e+00
 2.39604e+01  1.01238e+00  1.01044e+00
 2.40729e+01  1.01202e+00  1.01100e+00
 2.41771e+01  1.00910e+00  1.01068e+00
 2.42896e+01  1.00702e+00  1.00951e+00
 2.43958e+01  1.00645e+00  1.00779e+00
 2.45000e+01  1.00457e+00  1.00572e+00
 2.46042e+01  9.95045e-01  1.00346e+00
 2.47104e+01  9.92563e-01  1.00112e+00
 2.48229e+01  1.00025e+00  9.98775e-01
 2.49271e+01  9.97800e-01  9.96829e-01
 2.50312e+01  9.96550e-01  9.95161e-01
 2.51458e+01  9.93341e-01  9.93676e-01
 2.52500e+01  9.91392e-01  9.92645e-01
 2.53542e+01  9.87474e-01  9.91899e-01
 2.55104e+01  9.89669e-01  9.91251e-01
 2.65271e+01  9.93644e-01  9.93944e-01
 2.71521e+01  9.97654e-01  9.96683e-01
