2374
 1.84254e+03  9.99617e-01  2.16850e+04
 1.28000e+02  1.84256e+03  2.16847e+04
 1.01193e+00  1.28000e+02  2.23791e+04
 9.97534e-01  1.00684e+00  2.23713e+04
 1.84260e+03  9.99920e-01  2.16850e+04
 0.00000e+00  1.84262e+03  2.20260e+04
 1.00616e+00  1.28000e+02  2.23759e+04
 9.99345e-01  1.00808e+00  2.23722e+04
 1.84266e+03  9.95538e-01  2.16850e+04
 1.28000e+02  1.84268e+03  2.16847e+04
 1.00948e+00  0.00000e+00  2.23777e+04
 9.96717e-01  1.00597e+00  2.23708e+04
 1.84272e+03  9.99928e-01  2.16850e+04
 1.28000e+02  1.84275e+03  2.16847e+04
 1.00571e+00  1.28000e+02  2.23757e+04
 9.95918e-01  1.00395e+00  2.23704e+04
 1.84279e+03  9.97802e-01  2.16850e+04
 1.28000e+02  1.84281e+03  2.16847e+04
 1.00735e+00  0.00000e+00  2.23766e+04
 9.99324e-01  1.00603e+00  2.23722e+04
 1.84285e+03  9.98078e-01  2.16850e+04
 1.28000e+02  1.84287e+03  2.16847e+04
 1.00704e+00  0.00000e+00  2.23764e+04
 1.00095e+00  1.00673e+00  2.23731e+04
 1.84291e+03  9.99776e-01  2.16850e+04
 0.00000e+00  1.84293e+03  2.20260e+04
 1.00590e+00  0.00000e+00  2.23758e+04
 1.00010e+00  1.00671e+00  2.23726e+04
 1.84297e+03  1.00058e+00  2.16850e+04
 0.00000e+00  1.84300e+03  2.20260e+04
 1.00575e+00  0.00000e+00  2.23757e+04
 9.99971e-01  1.00588e+00  2.23726e+04
 1.84304e+03  9.98457e-01  2.16850e+04
 1.28000e+02  1.84306e+03  2.16847e+04
 1.00528e+00  0.00000e+00  2.23755e+04
 1.00011e+00  1.00522e+00  2.23726e+04
 1.84310e+03  9.99497e-01  2.16850e+04
 0.00000e+00  1.84312e+03  2.20260e+04
 1.00535e+00  0.00000e+00  2.23755e+04
 1.00053e+00  1.00539e+00  2.23729e+04
 1.84316e+03  1.00106e+00  2.16850e+04
 0.00000e+00  1.84318e+03  2.20260e+04
 1.00597e+00  0.00000e+00  2.23758e+04
 9.99856e-01  1.00540e+00  2.23725e+04
 1.84322e+03  9.99821e-01  2.16850e+04
 0.00000e+00  1.84325e+03  2.20260e+04
 1.00491e+00  0.00000e+00  2.23753e+04
 9.99971e-01  1.00531e+00  2.23726e+04
 1.84329e+03  9.99816e-01  2.16850e+04
 0.00000e+00  1.84331e+03  2.20260e+04
 1.00498e+00  0.00000e+00  2.23753e+04
 1.00000e+00  1.00477e+00  2.23726e+04
 1.84335e+03  1.00051e+00  2.16850e+04
 0.00000e+00  1.84337e+03  2.20260e+04
 1.00410e+00  0.00000e+00  2.23748e+04
 1.00011e+00  1.00451e+00  2.23726e+04
 1.84341e+03  1.00031e+00  2.16850e+04
 0.00000e+00  1.84343e+03  2.20260e+04
 1.00347e+00  1.28000e+02  2.23745e+04
 9.98455e-01  1.00252e+00  2.23718e+04
 1.84347e+03  1.00023e+00  2.16850e+04
 0.00000e+00  1.84350e+03  2.20260e+04
 1.00562e+00  0.00000e+00  2.23756e+04
 9.99998e-01  1.00495e+00  2.23726e+04
 1.84354e+03  9.99594e-01  2.16850e+04
 0.00000e+00  1.84356e+03  2.20260e+04
 1.00390e+00  0.00000e+00  2.23747e+04
 9.99952e-01  1.00469e+00  2.23726e+04
 1.84360e+03  9.99246e-01  2.16850e+04
 0.00000e+00  1.84362e+03  2.20260e+04
 1.00376e+00  0.00000e+00  2.23746e+04
 9.99283e-01  1.00330e+00  2.23722e+04
 1.84366e+03  9.99485e-01  2.16850e+04
 0.00000e+00  1.84368e+03  2.20260e+04
 1.00392e+00  0.00000e+00  2.23747e+04
 9.99883e-01  1.00368e+00  2.23725e+04
 1.84372e+03  9.98713e-01  2.16850e+04
 0.00000e+00  1.84375e+03  2.20260e+04
 1.00157e+00  1.28000e+02  2.23734e+04
 9.99459e-01  1.00307e+00  2.23723e+04
 1.84379e+03  9.99073e-01  2.16850e+04
 0.00000e+00  1.84381e+03  2.20260e+04
 1.00283e+00  0.00000e+00  2.23741e+04
 9.99405e-01  1.00286e+00  2.23723e+04
 1.84385e+03  1.00005e+00  2.16850e+04
 0.00000e+00  1.84387e+03  2.20260e+04
 1.00280e+00  0.00000e+00  2.23741e+04
 9.99877e-01  1.00242e+00  2.23725e+04
 1.84391e+03  1.00008e+00  2.16850e+04
 0.00000e+00  1.84393e+03  2.20260e+04
 1.00223e+00  0.00000e+00  2.23738e+04
 9.99985e-01  1.00330e+00  2.23726e+04
 1.84397e+03  1.00004e+00  2.16850e+04
 0.00000e+00  1.84400e+03  2.20260e+04
 1.00378e+00  0.00000e+00  2.23746e+04
 9.99811e-01  1.00331e+00  2.23725e+04
 1.84404e+03  1.00028e+00  2.16850e+04
 0.00000e+00  1.84406e+03  2.20260e+04
 1.00175e+00  1.28000e+02  2.23735e+04
 1.00025e+00  1.00383e+00  2.23727e+04
 1.84410e+03  9.99776e-01  2.16850e+04
 0.00000e+00  1.84412e+03  2.20260e+04
 1.00343e+00  0.00000e+00  2.23744e+04
 9.99711e-01  1.00256e+00  2.23724e+04
 1.84416e+03  1.00028e+00  2.16850e+04
 0.00000e+00  1.84418e+03  2.20260e+04
 1.00346e+00  0.00000e+00  2.23745e+04
 9.99714e-01  1.00311e+00  2.23724e+04
 1.84422e+03  1.00048e+00  2.16850e+04
 0.00000e+00  1.84425e+03  2.20260e+04
 1.00346e+00  0.00000e+00  2.23745e+04
 1.00165e+00  1.00323e+00  2.23735e+04
 1.84429e+03  1.00013e+00  2.16850e+04
 0.00000e+00  1.84431e+03  2.20260e+04
 1.00213e+00  0.00000e+00  2.23737e+04
 1.00104e+00  1.00271e+00  2.23732e+04
 1.84435e+03  1.00071e+00  2.16850e+04
 0.00000e+00  1.84437e+03  2.20260e+04
 1.00289e+00  0.00000e+00  2.23742e+04
 1.00080e+00  9.99380e-01  2.23730e+04
 1.84441e+03  1.00083e+00  2.16850e+04
 0.00000e+00  1.84443e+03  2.20260e+04
 1.00027e+00  0.00000e+00  2.23727e+04
 1.00049e+00  9.99797e-01  2.23729e+04
 1.84447e+03  1.00116e+00  2.16850e+04
 0.00000e+00  1.84450e+03  2.20260e+04
 1.00256e+00  0.00000e+00  2.23740e+04
 1.00023e+00  1.00101e+00  2.23727e+04
 1.84454e+03  1.00105e+00  2.16850e+04
 0.00000e+00  1.84456e+03  2.20260e+04
 1.00120e+00  0.00000e+00  2.23732e+04
 1.00099e+00  9.99543e-01  2.23731e+04
 1.84460e+03  1.00073e+00  2.16850e+04
 0.00000e+00  1.84462e+03  2.20260e+04
 1.00112e+00  0.00000e+00  2.23732e+04
 1.00068e+00  1.00168e+00  2.23730e+04
 1.84466e+03  1.00098e+00  2.16850e+04
 0.00000e+00  1.84468e+03  2.20260e+04
 1.00137e+00  0.00000e+00  2.23733e+04
 1.00040e+00  1.00094e+00  2.23728e+04
 1.84472e+03  1.00088e+00  2.16850e+04
 0.00000e+00  1.84475e+03  2.20260e+04
 1.00153e+00  0.00000e+00  2.23734e+04
 1.00033e+00  1.00228e+00  2.23728e+04
 1.84479e+03  1.00131e+00  2.16850e+04
 0.00000e+00  1.84481e+03  2.20260e+04
 1.00242e+00  0.00000e+00  2.23739e+04
 1.00111e+00  1.00112e+00  2.23732e+04
 1.84485e+03  1.00037e+00  2.16850e+04
 0.00000e+00  1.84487e+03  2.20260e+04
 1.00148e+00  0.00000e+00  2.23734e+04
 1.00088e+00  1.00247e+00  2.23731e+04
 1.84491e+03  1.00008e+00  2.16850e+04
 0.00000e+00  1.84493e+03  2.20260e+04
 1.00238e+00  0.00000e+00  2.23739e+04
 1.00095e+00  1.00120e+00  2.23731e+04
 1.84497e+03  1.00065e+00  2.16850e+04
 0.00000e+00  1.84500e+03  2.20260e+04
 1.00176e+00  0.00000e+00  2.23735e+04
 1.00000e+00  1.00156e+00  2.23726e+04
 1.84504e+03  1.00065e+00  2.16850e+04
 0.00000e+00  1.84506e+03  2.20260e+04
 1.00194e+00  0.00000e+00  2.23736e+04
 9.99697e-01  1.00195e+00  2.23724e+04
 1.84510e+03  1.00031e+00  2.16851e+04
 0.00000e+00  1.84512e+03  2.20260e+04
 9.99962e-01  0.00000e+00  2.23726e+04
 1.00025e+00  1.00133e+00  2.23727e+04
 1.84516e+03  1.00015e+00  2.16851e+04
 0.00000e+00  1.84518e+03  2.20260e+04
 1.00094e+00  0.00000e+00  2.23731e+04
 9.99421e-01  1.00212e+00  2.23723e+04
 1.84522e+03  9.99066e-01  2.16851e+04
 1.28000e+02  1.84525e+03  2.16847e+04
 1.00253e+00  0.00000e+00  2.23740e+04
 9.99662e-01  1.00223e+00  2.23724e+04
 1.84529e+03  9.99594e-01  2.16851e+04
 0.00000e+00  1.84531e+03  2.20260e+04
 1.00273e+00  0.00000e+00  2.23741e+04
 1.00050e+00  1.00322e+00  2.23729e+04
 1.84535e+03  9.99794e-01  2.16851e+04
 0.00000e+00  1.84537e+03  2.20260e+04
 1.00158e+00  0.00000e+00  2.23734e+04
 1.00024e+00  1.00258e+00  2.23727e+04
 1.84541e+03  1.00001e+00  2.16851e+04
 0.00000e+00  1.84543e+03  2.20260e+04
 1.00229e+00  0.00000e+00  2.23738e+04
 1.00002e+00  1.00237e+00  2.23726e+04
 1.84547e+03  9.99550e-01  2.16851e+04
 0.00000e+00  1.84550e+03  2.20260e+04
 1.00220e+00  0.00000e+00  2.23738e+04
 9.99471e-01  1.00126e+00  2.23723e+04
 1.84554e+03  9.99545e-01  2.16851e+04
 0.00000e+00  1.84556e+03  2.20260e+04
 1.00200e+00  0.00000e+00  2.23737e+04
 1.00009e+00  1.00214e+00  2.23726e+04
 1.84560e+03  9.99426e-01  2.16851e+04
 0.00000e+00  1.84562e+03  2.20260e+04
 1.00252e+00  0.00000e+00  2.23740e+04
 9.99161e-01  1.00163e+00  2.23721e+04
 1.84566e+03  9.99705e-01  2.16851e+04
 0.00000e+00  1.84568e+03  2.20260e+04
 1.00227e+00  0.00000e+00  2.23738e+04
 1.00013e+00  1.00156e+00  2.23727e+04
 1.84572e+03  9.99298e-01  2.16851e+04
 0.00000e+00  1.84575e+03  2.20260e+04
 1.00193e+00  0.00000e+00  2.23736e+04
 9.99541e-01  1.00153e+00  2.23723e+04
 1.84579e+03  1.00009e+00  2.16851e+04
 0.00000e+00  1.84581e+03  2.20260e+04
 1.00118e+00  0.00000e+00  2.23732e+04
 9.99907e-01  1.00182e+00  2.23725e+04
 1.84585e+03  9.99816e-01  2.16851e+04
 0.00000e+00  1.84587e+03  2.20260e+04
 1.00198e+00  0.00000e+00  2.23737e+04
 9.99632e-01  1.00151e+00  2.23724e+04
 1.84591e+03  9.99019e-01  2.16851e+04
 0.00000e+00  1.84593e+03  2.20260e+04
 1.00084e+00  0.00000e+00  2.23730e+04
 1.00012e+00  1.00218e+00  2.23727e+04
 1.84597e+03  1.00030e+00  2.16851e+04
 0.00000e+00  1.84600e+03  2.20260e+04
 1.00155e+00  0.00000e+00  2.23734e+04
 9.99272e-01  1.00137e+00  2.23722e+04
 1.84604e+03  1.00006e+00  2.16851e+04
 0.00000e+00  1.84606e+03  2.20260e+04
 1.00103e+00  0.00000e+00  2.23731e+04
 9.99308e-01  1.00106e+00  2.23722e+04
 1.84610e+03  9.99375e-01  2.16851e+04
 0.00000e+00  1.84612e+03  2.20260e+04
 1.00152e+00  0.00000e+00  2.23734e+04
 9.99726e-01  1.00158e+00  2.23724e+04
 1.84616e+03  9.99790e-01  2.16851e+04
 0.00000e+00  1.84618e+03  2.20260e+04
 1.00149e+00  0.00000e+00  2.23734e+04
 1.00003e+00  1.00132e+00  2.23726e+04
 1.84622e+03  9.99993e-01  2.16851e+04
 0.00000e+00  1.84625e+03  2.20260e+04
 1.00079e+00  0.00000e+00  2.23730e+04
 9.99697e-01  1.00134e+00  2.23724e+04
 1.84629e+03  1.00043e+00  2.16851e+04
 0.00000e+00  1.84631e+03  2.20260e+04
 1.00170e+00  0.00000e+00  2.23735e+04
 1.00016e+00  1.00104e+00  2.23727e+04
 1.84635e+03  1.00026e+00  2.16851e+04
 0.00000e+00  1.84637e+03  2.20260e+04
 1.00056e+00  0.00000e+00  2.23729e+04
 9.99715e-01  1.00026e+00  2.23724e+04
 1.84641e+03  9.99800e-01  2.16851e+04
 0.00000e+00  1.84643e+03  2.20260e+04
 1.00047e+00  0.00000e+00  2.23728e+04
 1.00059e+00  1.00057e+00  2.23729e+04
 1.84647e+03  1.00012e+00  2.16851e+04
 0.00000e+00  1.84650e+03  2.20260e+04
 1.00037e+00  0.00000e+00  2.23728e+04
 9.99679e-01  1.00021e+00  2.23724e+04
 1.84654e+03  1.00002e+00  2.16851e+04
 0.00000e+00  1.84656e+03  2.20260e+04
 9.99554e-01  0.00000e+00  2.23723e+04
 9.99312e-01  9.99439e-01  2.23722e+04
 1.84660e+03  1.00026e+00  2.16851e+04
 0.00000e+00  1.84662e+03  2.20260e+04
 1.00060e+00  0.00000e+00  2.23729e+04
 1.00058e+00  1.00000e+00  2.23729e+04
 1.84666e+03  9.99786e-01  2.16851e+04
 0.00000e+00  1.84668e+03  2.20260e+04
 1.00049e+00  0.00000e+00  2.23729e+04
 9.99721e-01  9.99079e-01  2.23724e+04
 1.84672e+03  1.00078e+00  2.16851e+04
 0.00000e+00  1.84675e+03  2.20260e+04
 9.99598e-01  0.00000e+00  2.23724e+04
 9.99865e-01  9.98874e-01  2.23725e+04
 1.84679e+03  9.99984e-01  2.16851e+04
 0.00000e+00  1.84681e+03  2.20260e+04
 9.99011e-01  0.00000e+00  2.23721e+04
 9.99412e-01  9.99486e-01  2.23723e+04
 1.84685e+03  1.00037e+00  2.16851e+04
 0.00000e+00  1.84687e+03  2.20260e+04
 9.98975e-01  0.00000e+00  2.23720e+04
 9.99484e-01  9.98439e-01  2.23723e+04
 1.84691e+03  9.99764e-01  2.16851e+04
 0.00000e+00  1.84693e+03  2.20260e+04
 9.98775e-01  0.00000e+00  2.23719e+04
 9.99571e-01  9.98377e-01  2.23724e+04
 1.84697e+03  1.00054e+00  2.16851e+04
 0.00000e+00  1.84700e+03  2.20260e+04
 9.98333e-01  0.00000e+00  2.23717e+04
 1.00029e+00  9.98524e-01  2.23727e+04
 1.84704e+03  1.00103e+00  2.16851e+04
 0.00000e+00  1.84706e+03  2.20260e+04
 9.98893e-01  0.00000e+00  2.23720e+04
 1.00122e+00  9.97930e-01  2.23733e+04
 1.84710e+03  1.00017e+00  2.16851e+04
 0.00000e+00  1.84712e+03  2.20260e+04
 9.97545e-01  0.00000e+00  2.23713e+04
 9.99706e-01  9.98208e-01  2.23724e+04
 1.84716e+03  1.00030e+00  2.16851e+04
 0.00000e+00  1.84718e+03  2.20260e+04
 9.97883e-01  0.00000e+00  2.23714e+04
 9.99327e-01  9.96949e-01  2.23722e+04
 1.84722e+03  1.00058e+00  2.16851e+04
 0.00000e+00  1.84725e+03  2.20260e+04
 9.97123e-01  0.00000e+00  2.23710e+04
 9.99655e-01  9.97209e-01  2.23724e+04
 1.84729e+03  9.99948e-01  2.16851e+04
 0.00000e+00  1.84731e+03  2.20260e+04
 9.97014e-01  0.00000e+00  2.23710e+04
 1.00021e+00  9.98157e-01  2.23727e+04
 1.84735e+03  1.00041e+00  2.16851e+04
 0.00000e+00  1.84737e+03  2.20260e+04
 9.98387e-01  0.00000e+00  2.23717e+04
 9.99837e-01  9.98196e-01  2.23725e+04
 1.84741e+03  9.99419e-01  2.16851e+04
 0.00000e+00  1.84743e+03  2.20260e+04
 9.99336e-01  0.00000e+00  2.23722e+04
 1.00007e+00  9.97758e-01  2.23726e+04
 1.84747e+03  9.99258e-01  2.16851e+04
 0.00000e+00  1.84750e+03  2.20260e+04
 9.98969e-01  0.00000e+00  2.23720e+04
 1.00019e+00  9.99080e-01  2.23727e+04
 1.84754e+03  9.98922e-01  2.16851e+04
 0.00000e+00  1.84756e+03  2.20260e+04
 9.99127e-01  0.00000e+00  2.23721e+04
 9.99353e-01  9.98403e-01  2.23722e+04
 1.84760e+03  9.99989e-01  2.16851e+04
 0.00000e+00  1.84762e+03  2.20260e+04
 9.97736e-01  0.00000e+00  2.23714e+04
 9.99195e-01  9.96045e-01  2.23722e+04
 1.84766e+03  9.99587e-01  2.16851e+04
 0.00000e+00  1.84768e+03  2.20260e+04
 9.96101e-01  0.00000e+00  2.23705e+04
 9.99360e-01  9.96785e-01  2.23722e+04
 1.84772e+03  9.99478e-01  2.16851e+04
 0.00000e+00  1.84775e+03  2.20260e+04
 9.96047e-01  0.00000e+00  2.23705e+04
 9.99476e-01  9.93963e-01  2.23723e+04
 1.84779e+03  9.99217e-01  2.16851e+04
 1.28000e+02  1.84781e+03  2.16847e+04
 9.94676e-01  0.00000e+00  2.23697e+04
 9.98573e-01  9.93801e-01  2.23718e+04
 1.84785e+03  9.99511e-01  2.16851e+04
 0.00000e+00  1.84787e+03  2.20260e+04
 9.95030e-01  0.00000e+00  2.23699e+04
 9.99592e-01  9.95114e-01  2.23724e+04
 1.84791e+03  9.98965e-01  2.16851e+04
 1.28000e+02  1.84793e+03  2.16847e+04
 8.67370e-01  1.28000e+02  2.23054e+04
 9.98884e-01  9.97811e-01  2.23720e+04
 1.84797e+03  9.98701e-01  2.16851e+04
 0.00000e+00  1.84800e+03  2.20260e+04
 9.99010e-01  0.00000e+00  2.23721e+04
 9.99028e-01  9.97330e-01  2.23721e+04
 1.84804e+03  9.99189e-01  2.16851e+04
 0.00000e+00  1.84806e+03  2.20260e+04
 9.96753e-01  0.00000e+00  2.23708e+04
 1.00002e+00  9.99149e-01  2.23726e+04
 1.84810e+03  9.99942e-01  2.16851e+04
 0.00000e+00  1.84812e+03  2.20260e+04
 9.97436e-01  0.00000e+00  2.23712e+04
 1.00023e+00  9.94732e-01  2.23727e+04
 1.84816e+03  1.00020e+00  2.16851e+04
 0.00000e+00  1.84818e+03  2.20260e+04
 9.98030e-01  0.00000e+00  2.23715e+04
 9.99893e-01  9.98619e-01  2.23725e+04
 1.84822e+03  9.99317e-01  2.16851e+04
 0.00000e+00  1.84825e+03  2.20260e+04
 9.96664e-01  0.00000e+00  2.23708e+04
 1.00032e+00  9.97617e-01  2.23728e+04
 1.84829e+03  1.00030e+00  2.16851e+04
 0.00000e+00  1.84831e+03  2.20260e+04
 9.96870e-01  0.00000e+00  2.23709e+04
 1.00035e+00  9.97113e-01  2.23728e+04
 1.84835e+03  1.00074e+00  2.16851e+04
 0.00000e+00  1.84837e+03  2.20260e+04
 9.96872e-01  0.00000e+00  2.23709e+04
 1.00051e+00  9.96928e-01  2.23729e+04
 1.84841e+03  9.98857e-01  2.16851e+04
 1.28000e+02  1.84843e+03  2.16847e+04
 9.98222e-01  0.00000e+00  2.23716e+04
 1.00028e+00  9.95868e-01  2.23727e+04
 1.84847e+03  1.00026e+00  2.16851e+04
 0.00000e+00  1.84850e+03  2.20260e+04
 9.95675e-01  0.00000e+00  2.23703e+04
 1.00133e+00  9.95822e-01  2.23733e+04
 1.84854e+03  1.00033e+00  2.16851e+04
 0.00000e+00  1.84856e+03  2.20260e+04
 9.95471e-01  0.00000e+00  2.23701e+04
 9.98937e-01  9.95591e-01  2.23720e+04
 1.84860e+03  9.99982e-01  2.16851e+04
 0.00000e+00  1.84862e+03  2.20260e+04
 9.96806e-01  0.00000e+00  2.23709e+04
 9.99710e-01  9.96023e-01  2.23724e+04
 1.84866e+03  1.00129e+00  2.16851e+04
 0.00000e+00  1.84868e+03  2.20260e+04
 9.96931e-01  0.00000e+00  2.23709e+04
 1.00029e+00  9.96331e-01  2.23727e+04
 1.84872e+03  1.00025e+00  2.16851e+04
 0.00000e+00  1.84875e+03  2.20260e+04
 9.98710e-01  0.00000e+00  2.23719e+04
 1.00007e+00  9.96689e-01  2.23726e+04
 1.84879e+03  9.99970e-01  2.16851e+04
 0.00000e+00  1.84881e+03  2.20260e+04
 9.99291e-01  0.00000e+00  2.23722e+04
 9.99966e-01  9.98959e-01  2.23726e+04
 1.84885e+03  1.00025e+00  2.16851e+04
 0.00000e+00  1.84887e+03  2.20260e+04
 9.98922e-01  0.00000e+00  2.23720e+04
 9.99827e-01  9.99072e-01  2.23725e+04
 1.84891e+03  9.99528e-01  2.16851e+04
 0.00000e+00  1.84893e+03  2.20260e+04
 9.99962e-01  0.00000e+00  2.23726e+04
 9.99756e-01  9.99148e-01  2.23725e+04
 1.84897e+03  9.99952e-01  2.16851e+04
 0.00000e+00  1.84900e+03  2.20260e+04
 9.99120e-01  0.00000e+00  2.23721e+04
 1.00017e+00  1.00035e+00  2.23727e+04
 1.84904e+03  1.00006e+00  2.16851e+04
 0.00000e+00  1.84906e+03  2.20260e+04
 9.99068e-01  0.00000e+00  2.23721e+04
 9.99952e-01  9.98853e-01  2.23726e+04
 1.84910e+03  1.00038e+00  2.16851e+04
 0.00000e+00  1.84912e+03  2.20260e+04
 9.98943e-01  0.00000e+00  2.23720e+04
 9.99586e-01  1.00009e+00  2.23724e+04
 1.84916e+03  1.00045e+00  2.16851e+04
 0.00000e+00  1.84918e+03  2.20260e+04
 1.00020e+00  0.00000e+00  2.23727e+04
 9.99897e-01  9.99848e-01  2.23725e+04
 1.84922e+03  1.00030e+00  2.16851e+04
 0.00000e+00  1.84925e+03  2.20260e+04
 1.00065e+00  0.00000e+00  2.23729e+04
 1.00060e+00  1.00060e+00  2.23729e+04
 1.84929e+03  9.99978e-01  2.16851e+04
 0.00000e+00  1.84931e+03  2.20260e+04
 1.00022e+00  0.00000e+00  2.23727e+04
 1.00051e+00  1.00092e+00  2.23729e+04
 1.84935e+03  1.00066e+00  2.16851e+04
 0.00000e+00  1.84937e+03  2.20260e+04
 1.00209e+00  0.00000e+00  2.23737e+04
 1.00109e+00  1.00107e+00  2.23732e+04
 1.84941e+03  1.00081e+00  2.16851e+04
 0.00000e+00  1.84943e+03  2.20260e+04
 1.00185e+00  0.00000e+00  2.23736e+04
 1.00115e+00  1.00152e+00  2.23732e+04
 1.84947e+03  1.00138e+00  2.16851e+04
 0.00000e+00  1.84950e+03  2.20260e+04
 1.00231e+00  0.00000e+00  2.23738e+04
 1.00194e+00  1.00180e+00  2.23736e+04
 1.84954e+03  1.00310e+00  2.16851e+04
 0.00000e+00  1.84956e+03  2.20260e+04
 1.00365e+00  0.00000e+00  2.23746e+04
 1.00225e+00  1.00242e+00  2.23738e+04
 1.84960e+03  1.00375e+00  2.16851e+04
 0.00000e+00  1.84962e+03  2.20260e+04
 1.00366e+00  0.00000e+00  2.23746e+04
 1.00373e+00  1.00414e+00  2.23746e+04
 1.84966e+03  1.00318e+00  2.16851e+04
 0.00000e+00  1.84968e+03  2.20260e+04
 1.00468e+00  0.00000e+00  2.23751e+04
 1.00260e+00  1.00315e+00  2.23740e+04
 1.84972e+03  1.00252e+00  2.16851e+04
 0.00000e+00  1.84975e+03  2.20260e+04
 1.00292e+00  0.00000e+00  2.23742e+04
 1.00166e+00  1.00286e+00  2.23735e+04
 1.84979e+03  1.00105e+00  2.16851e+04
 0.00000e+00  1.84981e+03  2.20260e+04
 1.00208e+00  0.00000e+00  2.23737e+04
 1.00060e+00  1.00156e+00  2.23729e+04
 1.84985e+03  1.00012e+00  2.16851e+04
 0.00000e+00  1.84987e+03  2.20260e+04
 1.00028e+00  0.00000e+00  2.23727e+04
 9.99814e-01  1.00040e+00  2.23725e+04
 1.84991e+03  1.00010e+00  2.16851e+04
 0.00000e+00  1.84993e+03  2.20260e+04
 1.00042e+00  0.00000e+00  2.23728e+04
 1.00022e+00  1.00059e+00  2.23727e+04
 1.84997e+03  9.99853e-01  2.16851e+04
 0.00000e+00  1.85000e+03  2.20260e+04
 9.99312e-01  0.00000e+00  2.23722e+04
 9.99300e-01  9.99747e-01  2.23722e+04
 1.85004e+03  9.99545e-01  2.16851e+04
 0.00000e+00  1.85006e+03  2.20260e+04
 9.98216e-01  1.28000e+02  2.23716e+04
 9.98808e-01  9.98158e-01  2.23719e+04
 1.85010e+03  9.96261e-01  2.16851e+04
 1.28000e+02  1.85012e+03  2.16847e+04
 9.98340e-01  0.00000e+00  2.23717e+04
 9.98621e-01  9.97957e-01  2.23718e+04
 1.85016e+03  9.97905e-01  2.16851e+04
 1.28000e+02  1.85018e+03  2.16847e+04
 9.99346e-01  0.00000e+00  2.23722e+04
 9.99429e-01  9.98460e-01  2.23723e+04
 1.85022e+03  1.00017e+00  2.16851e+04
 1.28000e+02  1.85025e+03  2.16847e+04
 9.97726e-01  1.28000e+02  2.23714e+04
 1.00009e+00  9.99281e-01  2.23726e+04
 1.85029e+03  9.96456e-01  2.16851e+04
 1.28000e+02  1.85031e+03  2.16847e+04
 9.96991e-01  1.28000e+02  2.23710e+04
 9.98218e-01  9.98433e-01  2.23716e+04
 1.85035e+03  9.99329e-01  2.16851e+04
 0.00000e+00  1.85037e+03  2.20260e+04
 9.98608e-01  0.00000e+00  2.23718e+04
 9.98409e-01  9.97978e-01  2.23717e+04
 1.85041e+03  9.98937e-01  2.16851e+04
 0.00000e+00  1.85043e+03  2.20260e+04
 9.97949e-01  1.28000e+02  2.23715e+04
 9.99907e-01  9.98918e-01  2.23725e+04
 1.85047e+03  9.99948e-01  2.16851e+04
 0.00000e+00  1.85050e+03  2.20260e+04
 9.98789e-01  0.00000e+00  2.23719e+04
 9.99129e-01  9.98732e-01  2.23721e+04
 1.85054e+03  9.98838e-01  2.16851e+04
 1.28000e+02  1.85056e+03  2.16847e+04
 9.98678e-01  0.00000e+00  2.23719e+04
 9.99964e-01  9.99923e-01  2.23726e+04
 1.85060e+03  1.00004e+00  2.16851e+04
 0.00000e+00  1.85062e+03  2.20260e+04
 9.99578e-01  0.00000e+00  2.23724e+04
 1.00048e+00  9.99025e-01  2.23728e+04
 1.85066e+03  1.00019e+00  2.16851e+04
 0.00000e+00  1.85068e+03  2.20260e+04
 9.98758e-01  0.00000e+00  2.23719e+04
 9.99680e-01  9.98548e-01  2.23724e+04
 1.85072e+03  9.99828e-01  2.16851e+04
 0.00000e+00  1.85075e+03  2.20260e+04
 9.98231e-01  0.00000e+00  2.23716e+04
 9.99602e-01  9.99148e-01  2.23724e+04
 1.85079e+03  9.99569e-01  2.16851e+04
 0.00000e+00  1.85081e+03  2.20260e+04
 9.99361e-01  0.00000e+00  2.23722e+04
 9.98490e-01  9.99011e-01  2.23718e+04
 1.85085e+03  9.99490e-01  2.16851e+04
 0.00000e+00  1.85087e+03  2.20260e+04
 9.99117e-01  0.00000e+00  2.23721e+04
 9.99226e-01  9.96653e-01  2.23722e+04
 1.85091e+03  9.99882e-01  2.16851e+04
 0.00000e+00  1.85093e+03  2.20260e+04
 9.98760e-01  0.00000e+00  2.23719e+04
 1.00002e+00  9.98064e-01  2.23726e+04
 1.85097e+03  9.99901e-01  2.16851e+04
 0.00000e+00  1.85100e+03  2.20260e+04
 9.98797e-01  0.00000e+00  2.23719e+04
 9.99349e-01  9.98754e-01  2.23722e+04
 1.85104e+03  1.00039e+00  2.16851e+04
 0.00000e+00  1.85106e+03  2.20260e+04
 9.99905e-01  0.00000e+00  2.23725e+04
 1.00040e+00  9.98975e-01  2.23728e+04
 1.85110e+03  9.99891e-01  2.16851e+04
 0.00000e+00  1.85112e+03  2.20260e+04
 9.99658e-01  0.00000e+00  2.23724e+04
 9.99691e-01  9.99644e-01  2.23724e+04
 1.85116e+03  9.99962e-01  2.16851e+04
 0.00000e+00  1.85118e+03  2.20260e+04
 9.98863e-01  0.00000e+00  2.23720e+04
 9.99575e-01  9.98731e-01  2.23724e+04
 1.85122e+03  1.00020e+00  2.16851e+04
 0.00000e+00  1.85125e+03  2.20260e+04
 1.00003e+00  0.00000e+00  2.23726e+04
 1.00015e+00  1.00007e+00  2.23727e+04
 1.85129e+03  9.99387e-01  2.16851e+04
 0.00000e+00  1.85131e+03  2.20260e+04
 9.99335e-01  0.00000e+00  2.23722e+04
 1.00049e+00  9.99530e-01  2.23729e+04
 1.85135e+03  9.99963e-01  2.16851e+04
 0.00000e+00  1.85137e+03  2.20260e+04
 9.99554e-01  0.00000e+00  2.23723e+04
 1.00020e+00  1.00010e+00  2.23727e+04
 1.85141e+03  9.99918e-01  2.16851e+04
 0.00000e+00  1.85143e+03  2.20260e+04
 9.99365e-01  0.00000e+00  2.23722e+04
 9.99670e-01  9.99458e-01  2.23724e+04
 1.85147e+03  1.00009e+00  2.16851e+04
 0.00000e+00  1.85150e+03  2.20260e+04
 9.99891e-01  0.00000e+00  2.23725e+04
 1.00014e+00  9.98931e-01  2.23727e+04
 1.85154e+03  1.00049e+00  2.16851e+04
 0.00000e+00  1.85156e+03  2.20260e+04
 9.99742e-01  0.00000e+00  2.23724e+04
 9.99957e-01  9.98589e-01  2.23726e+04
 1.85160e+03  1.00000e+00  2.16851e+04
 0.00000e+00  1.85162e+03  2.20260e+04
 9.99588e-01  0.00000e+00  2.23724e+04
 1.00045e+00  9.99057e-01  2.23728e+04
 1.85166e+03  1.00018e+00  2.16851e+04
 0.00000e+00  1.85168e+03  2.20260e+04
 9.98985e-01  0.00000e+00  2.23720e+04
 1.00001e+00  9.99424e-01  2.23726e+04
 1.85172e+03  9.99382e-01  2.16851e+04
 0.00000e+00  1.85175e+03  2.20260e+04
 9.99375e-01  0.00000e+00  2.23723e+04
 9.99503e-01  9.99211e-01  2.23723e+04
 1.85179e+03  1.00062e+00  2.16851e+04
 0.00000e+00  1.85181e+03  2.20260e+04
 9.99958e-01  0.00000e+00  2.23726e+04
 1.00029e+00  9.99696e-01  2.23727e+04
 1.85185e+03  9.99583e-01  2.16851e+04
 0.00000e+00  1.85187e+03  2.20260e+04
 9.99486e-01  0.00000e+00  2.23723e+04
 9.99648e-01  9.99464e-01  2.23724e+04
 1.85191e+03  1.00014e+00  2.16851e+04
 0.00000e+00  1.85193e+03  2.20260e+04
 9.99152e-01  0.00000e+00  2.23721e+04
 9.99862e-01  1.00000e+00  2.23725e+04
 1.85197e+03  1.00021e+00  2.16851e+04
 0.00000e+00  1.85200e+03  2.20260e+04
 1.00057e+00  0.00000e+00  2.23729e+04
 9.99631e-01  9.99385e-01  2.23724e+04
 1.85204e+03  9.99800e-01  2.16851e+04
 0.00000e+00  1.85206e+03  2.20260e+04
 9.99555e-01  0.00000e+00  2.23723e+04
 1.00063e+00  1.00009e+00  2.23729e+04
 1.85210e+03  1.00057e+00  2.16851e+04
 0.00000e+00  1.85212e+03  2.20260e+04
 1.00002e+00  0.00000e+00  2.23726e+04
 1.00042e+00  1.00018e+00  2.23728e+04
 1.85216e+03  1.00017e+00  2.16851e+04
 0.00000e+00  1.85218e+03  2.20260e+04
 9.99332e-01  0.00000e+00  2.23722e+04
 9.99623e-01  9.98904e-01  2.23724e+04
 1.85222e+03  1.00056e+00  2.16851e+04
 0.00000e+00  1.85225e+03  2.20260e+04
 9.99537e-01  0.00000e+00  2.23723e+04
 9.99435e-01  9.99060e-01  2.23723e+04
 1.85229e+03  9.99702e-01  2.16851e+04
 0.00000e+00  1.85231e+03  2.20260e+04
 9.99880e-01  0.00000e+00  2.23725e+04
 1.00003e+00  9.99780e-01  2.23726e+04
 1.85235e+03  9.99085e-01  2.16851e+04
 0.00000e+00  1.85237e+03  2.20260e+04
 9.99597e-01  0.00000e+00  2.23724e+04
 9.99811e-01  9.99870e-01  2.23725e+04
 1.85241e+03  1.00091e+00  2.16851e+04
 0.00000e+00  1.85243e+03  2.20260e+04
 9.99038e-01  0.00000e+00  2.23721e+04
 1.00053e+00  9.98609e-01  2.23729e+04
 1.85247e+03  1.00044e+00  2.16851e+04
 0.00000e+00  1.85250e+03  2.20260e+04
 9.99233e-01  0.00000e+00  2.23722e+04
 1.00057e+00  9.99808e-01  2.23729e+04
 1.85254e+03  9.99580e-01  2.16851e+04
 0.00000e+00  1.85256e+03  2.20260e+04
 9.98929e-01  0.00000e+00  2.23720e+04
 9.99431e-01  9.98681e-01  2.23723e+04
 1.85260e+03  9.99132e-01  2.16851e+04
 0.00000e+00  1.85262e+03  2.20260e+04
 9.98978e-01  0.00000e+00  2.23720e+04
 9.99653e-01  9.99389e-01  2.23724e+04
 1.85266e+03  9.99734e-01  2.16851e+04
 0.00000e+00  1.85268e+03  2.20260e+04
 9.98096e-01  0.00000e+00  2.23716e+04
 1.00057e+00  9.99734e-01  2.23729e+04
 1.85272e+03  9.99036e-01  2.16851e+04
 0.00000e+00  1.85275e+03  2.20260e+04
 9.98338e-01  0.00000e+00  2.23717e+04
 9.99132e-01  9.98463e-01  2.23721e+04
 1.85279e+03  1.00004e+00  2.16851e+04
 0.00000e+00  1.85281e+03  2.20260e+04
 9.98334e-01  0.00000e+00  2.23717e+04
 1.00003e+00  9.98261e-01  2.23726e+04
 1.85285e+03  9.99962e-01  2.16851e+04
 0.00000e+00  1.85287e+03  2.20260e+04
 9.97956e-01  0.00000e+00  2.23715e+04
 9.99774e-01  9.98459e-01  2.23725e+04
 1.85291e+03  1.00022e+00  2.16851e+04
 0.00000e+00  1.85293e+03  2.20260e+04
 9.98605e-01  0.00000e+00  2.23718e+04
 1.00022e+00  9.98749e-01  2.23727e+04
 1.85297e+03  9.99503e-01  2.16851e+04
 0.00000e+00  1.85300e+03  2.20260e+04
 9.98129e-01  0.00000e+00  2.23716e+04
 9.99860e-01  9.97815e-01  2.23725e+04
 1.85304e+03  1.00078e+00  2.16851e+04
 0.00000e+00  1.85306e+03  2.20260e+04
 9.97446e-01  0.00000e+00  2.23712e+04
 1.00062e+00  9.98268e-01  2.23729e+04
 1.85310e+03  1.00043e+00  2.16851e+04
 0.00000e+00  1.85312e+03  2.20260e+04
 9.96322e-01  0.00000e+00  2.23706e+04
 9.99708e-01  9.97237e-01  2.23724e+04
 1.85316e+03  9.99535e-01  2.16851e+04
 0.00000e+00  1.85318e+03  2.20260e+04
 9.97913e-01  0.00000e+00  2.23715e+04
 9.99732e-01  9.97151e-01  2.23724e+04
 1.85322e+03  1.00048e+00  2.16851e+04
 0.00000e+00  1.85325e+03  2.20260e+04
 9.96881e-01  0.00000e+00  2.23709e+04
 9.98972e-01  9.95795e-01  2.23720e+04
 1.85329e+03  1.00046e+00  2.16851e+04
 0.00000e+00  1.85331e+03  2.20260e+04
 8.69899e-01  1.28000e+02  2.23066e+04
 9.98669e-01  9.98393e-01  2.23719e+04
 1.85335e+03  9.99860e-01  2.16851e+04
 0.00000e+00  1.85337e+03  2.20260e+04
 9.99193e-01  1.28000e+02  2.23722e+04
 9.99779e-01  9.99568e-01  2.23725e+04
 1.85341e+03  1.00093e+00  2.16851e+04
 1.28000e+02  1.85343e+03  2.16847e+04
 9.99409e-01  0.00000e+00  2.23723e+04
 1.00006e+00  9.98593e-01  2.23726e+04
 1.85347e+03  1.00047e+00  2.16851e+04
 1.28000e+02  1.85350e+03  2.16847e+04
 9.99293e-01  0.00000e+00  2.23722e+04
 9.99730e-01  9.98482e-01  2.23724e+04
 1.85354e+03  1.00026e+00  2.16851e+04
 1.28000e+02  1.85356e+03  2.16847e+04
 9.99261e-01  1.28000e+02  2.23722e+04
 9.99902e-01  9.99786e-01  2.23725e+04
 1.85360e+03  9.99983e-01  2.16851e+04
 1.28000e+02  1.85362e+03  2.16847e+04
 9.99397e-01  1.28000e+02  2.23723e+04
 1.00029e+00  9.99244e-01  2.23727e+04
 1.85366e+03  9.99559e-01  2.16851e+04
 1.28000e+02  1.85368e+03  2.16847e+04
 9.98998e-01  1.28000e+02  2.23720e+04
 1.00099e+00  9.99895e-01  2.23731e+04
 1.85372e+03  1.00051e+00  2.16851e+04
 1.28000e+02  1.85375e+03  2.16847e+04
 9.96985e-01  1.28000e+02  2.23710e+04
 1.00064e+00  1.00038e+00  2.23729e+04
 1.85379e+03  1.00000e+00  2.16851e+04
 1.28000e+02  1.85381e+03  2.16847e+04
 9.99459e-01  1.28000e+02  2.23723e+04
 1.00083e+00  9.98930e-01  2.23730e+04
 1.85385e+03  1.00025e+00  2.16851e+04
 1.28000e+02  1.85387e+03  2.16847e+04
 1.00066e+00  1.28000e+02  2.23729e+04
 1.00144e+00  1.00120e+00  2.23734e+04
 1.85391e+03  1.00022e+00  2.16851e+04
 0.00000e+00  1.85393e+03  2.20260e+04
 1.00024e+00  1.28000e+02  2.23727e+04
 9.99647e-01  9.99236e-01  2.23724e+04
 1.85397e+03  1.00018e+00  2.16851e+04
 1.28000e+02  1.85400e+03  2.16847e+04
 1.00051e+00  1.28000e+02  2.23729e+04
 1.00017e+00  1.00102e+00  2.23727e+04
 1.85404e+03  1.00006e+00  2.16851e+04
 0.00000e+00  1.85406e+03  2.20260e+04
 9.99802e-01  0.00000e+00  2.23725e+04
 9.99965e-01  1.00013e+00  2.23726e+04
 1.85410e+03  9.99654e-01  2.16851e+04
 0.00000e+00  1.85412e+03  2.20260e+04
 1.00057e+00  0.00000e+00  2.23729e+04
 1.00064e+00  1.00124e+00  2.23729e+04
 1.85416e+03  9.99650e-01  2.16851e+04
 0.00000e+00  1.85418e+03  2.20260e+04
 1.00088e+00  1.28000e+02  2.23731e+04
 1.00061e+00  1.00088e+00  2.23729e+04
 1.85422e+03  1.00035e+00  2.16851e+04
 0.00000e+00  1.85425e+03  2.20260e+04
 1.00212e+00  0.00000e+00  2.23737e+04
 1.00003e+00  1.00119e+00  2.23726e+04
 1.85429e+03  1.00040e+00  2.16851e+04
 0.00000e+00  1.85431e+03  2.20260e+04
 1.00143e+00  0.00000e+00  2.23734e+04
 1.00027e+00  1.00154e+00  2.23727e+04
 1.85435e+03  1.00102e+00  2.16851e+04
 0.00000e+00  1.85437e+03  2.20260e+04
 1.00177e+00  0.00000e+00  2.23735e+04
 1.00085e+00  1.00207e+00  2.23730e+04
 1.85441e+03  1.00073e+00  2.16852e+04
 0.00000e+00  1.85443e+03  2.20260e+04
 1.00124e+00  1.28000e+02  2.23733e+04
 1.00014e+00  1.00228e+00  2.23727e+04
 1.85447e+03  1.00031e+00  2.16852e+04
 0.00000e+00  1.85450e+03  2.20260e+04
 1.00317e+00  0.00000e+00  2.23743e+04
 1.00023e+00  1.00288e+00  2.23727e+04
 1.85454e+03  9.99767e-01  2.16852e+04
 0.00000e+00  1.85456e+03  2.20260e+04
 1.00259e+00  0.00000e+00  2.23740e+04
 1.00033e+00  1.00285e+00  2.23728e+04
 1.85460e+03  1.00041e+00  2.16852e+04
 0.00000e+00  1.85462e+03  2.20260e+04
 1.00366e+00  0.00000e+00  2.23746e+04
 1.00055e+00  1.00335e+00  2.23729e+04
 1.85466e+03  1.00103e+00  2.16852e+04
 0.00000e+00  1.85468e+03  2.20260e+04
 1.00403e+00  0.00000e+00  2.23748e+04
 1.00030e+00  1.00430e+00  2.23728e+04
 1.85472e+03  1.00103e+00  2.16852e+04
 0.00000e+00  1.85475e+03  2.20260e+04
 1.00411e+00  0.00000e+00  2.23748e+04
 1.00097e+00  1.00551e+00  2.23731e+04
 1.85479e+03  9.99134e-01  2.16852e+04
 1.28000e+02  1.85481e+03  2.16847e+04
 1.00582e+00  1.28000e+02  2.23757e+04
 9.98874e-01  1.00618e+00  2.23720e+04
 1.85485e+03  9.99958e-01  2.16852e+04
 0.00000e+00  1.85641e+03  2.20260e+04
 1.02145e+00  1.28000e+02  2.23843e+04
 9.95972e-01  1.02289e+00  2.23704e+04
 1.85645e+03  9.70219e-01  2.16852e+04
 0.00000e+00  1.85647e+03  2.20260e+04
 9.76929e-01  1.28000e+02  2.23602e+04
 9.99962e-01  1.02099e+00  2.23726e+04
 1.85652e+03  9.92356e-01  2.16852e+04
 0.00000e+00  1.85654e+03  2.20260e+04
 1.00688e+00  0.00000e+00  2.23763e+04
 9.71354e-01  1.01038e+00  2.23573e+04
 1.85658e+03  9.53283e-01  2.16852e+04
 1.28000e+02  1.85660e+03  2.16847e+04
 1.01448e+00  0.00000e+00  2.23805e+04
 9.49864e-01  9.91300e-01  2.23461e+04
 1.85664e+03  9.09474e-01  2.16852e+04
 0.00000e+00  1.85666e+03  2.20260e+04
 9.65840e-01  1.28000e+02  2.23544e+04
 1.11197e+00  1.17903e+00  2.24368e+04
 1.85670e+03  8.82703e-01  2.16852e+04
 0.00000e+00  1.85672e+03  2.20260e+04
 9.43102e-01  1.28000e+02  2.23427e+04
 7.72632e-01  8.59242e-01  2.22625e+04
 1.85677e+03  5.78903e-01  2.16852e+04
 1.28000e+02  1.85679e+03  2.16847e+04
 8.39223e-01  1.28000e+02  2.22922e+04
 8.59783e-01  9.30548e-01  2.23018e+04
 1.85683e+03  8.83447e-01  2.16852e+04
 0.00000e+00  1.85685e+03  2.20260e+04
 9.35962e-01  0.00000e+00  2.23390e+04
 8.49922e-01  9.27320e-01  2.22972e+04
 1.85689e+03  8.43873e-01  2.16852e+04
 0.00000e+00  1.85691e+03  2.20260e+04
 9.21452e-01  0.00000e+00  2.23317e+04
 8.22355e-01  9.15055e-01  2.22845e+04
 1.85695e+03  8.07117e-01  2.16852e+04
 0.00000e+00  1.85697e+03  2.20260e+04
 9.04855e-01  1.28000e+02  2.23235e+04
 7.67540e-01  8.88285e-01  2.22603e+04
 1.85702e+03  7.31842e-01  2.16852e+04
 0.00000e+00  1.85704e+03  2.20260e+04
 8.37903e-01  1.28000e+02  2.22916e+04
 7.11853e-01  8.39076e-01  2.22371e+04
 1.85708e+03  7.27405e-01  2.16852e+04
 0.00000e+00  1.85710e+03  2.20260e+04
 8.23613e-01  1.28000e+02  2.22851e+04
 6.24465e-01  7.34754e-01  2.22030e+04
 1.85714e+03  6.91874e-01  2.16852e+04
 0.00000e+00  1.85716e+03  2.20260e+04
 8.79297e-01  1.28000e+02  2.23111e+04
 7.78644e-01  8.98393e-01  2.22651e+04
 1.85720e+03  7.41638e-01  2.16852e+04
 0.00000e+00  1.85722e+03  2.20260e+04
 9.23645e-01  1.28000e+02  2.23328e+04
 7.94927e-01  9.60979e-01  2.22722e+04
 1.85727e+03  8.60725e-01  2.16852e+04
 1.28000e+02  1.85729e+03  2.16847e+04
 9.80439e-01  0.00000e+00  2.23621e+04
 8.63401e-01  9.93434e-01  2.23035e+04
 1.85733e+03  8.65360e-01  2.16852e+04
 1.28000e+02  1.85735e+03  2.16847e+04
 9.97963e-01  0.00000e+00  2.23715e+04
 8.55546e-01  9.81840e-01  2.22998e+04
 1.85739e+03  8.72159e-01  2.16852e+04
 0.00000e+00  1.85741e+03  2.20260e+04
 9.97174e-01  0.00000e+00  2.23711e+04
 8.71397e-01  9.89059e-01  2.23073e+04
 1.85745e+03  9.06449e-01  2.16852e+04
 0.00000e+00  1.85747e+03  2.20260e+04
 9.79154e-01  0.00000e+00  2.23614e+04
 8.92268e-01  9.89775e-01  2.23173e+04
 1.85752e+03  9.16452e-01  2.16852e+04
 1.28000e+02  1.85754e+03  2.16847e+04
 1.00209e+00  1.28000e+02  2.23737e+04
 9.15986e-01  9.93429e-01  2.23290e+04
 1.85758e+03  9.25801e-01  2.16852e+04
 0.00000e+00  1.85760e+03  2.20260e+04
 1.00358e+00  0.00000e+00  2.23745e+04
 9.39834e-01  1.00674e+00  2.23410e+04
 1.85764e+03  9.49568e-01  2.16852e+04
 0.00000e+00  1.85766e+03  2.20260e+04
 1.00796e+00  0.00000e+00  2.23769e+04
 9.16351e-01  9.78992e-01  2.23292e+04
 1.85770e+03  7.67991e-01  2.16852e+04
 0.00000e+00  1.85772e+03  2.20260e+04
 9.37190e-01  0.00000e+00  2.23396e+04
 9.36690e-01  9.89660e-01  2.23394e+04
 1.85777e+03  9.41244e-01  2.16852e+04
 0.00000e+00  1.85779e+03  2.20260e+04
 9.93968e-01  0.00000e+00  2.23693e+04
 9.53664e-01  9.93893e-01  2.23481e+04
 1.85783e+03  9.69966e-01  2.16852e+04
 0.00000e+00  1.85785e+03  2.20260e+04
 1.00746e+00  0.00000e+00  2.23766e+04
 9.81209e-01  1.00742e+00  2.23625e+04
 1.85789e+03  9.84395e-01  2.16852e+04
 0.00000e+00  1.85791e+03  2.20260e+04
 1.01200e+00  1.28000e+02  2.23791e+04
 9.90453e-01  1.01369e+00  2.23674e+04
 1.85795e+03  9.89947e-01  2.16852e+04
 0.00000e+00  1.85797e+03  2.20260e+04
 1.00750e+00  0.00000e+00  2.23767e+04
 9.93313e-01  1.00743e+00  2.23690e+04
 1.85802e+03  9.95032e-01  2.16852e+04
 0.00000e+00  1.85804e+03  2.20260e+04
 1.00792e+00  0.00000e+00  2.23769e+04
 9.94456e-01  1.00770e+00  2.23696e+04
 1.85808e+03  9.95814e-01  2.16852e+04
 0.00000e+00  1.85810e+03  2.20260e+04
 1.01060e+00  0.00000e+00  2.23784e+04
 9.96101e-01  1.00958e+00  2.23705e+04
 1.85814e+03  9.96328e-01  2.16852e+04
 1.28000e+02  1.85816e+03  2.16847e+04
 1.01093e+00  0.00000e+00  2.23785e+04
 9.97745e-01  1.00834e+00  2.23714e+04
 1.85820e+03  9.97989e-01  2.16852e+04
 0.00000e+00  1.85822e+03  2.20260e+04
 1.01122e+00  0.00000e+00  2.23787e+04
 9.99844e-01  1.01229e+00  2.23725e+04
 1.85827e+03  1.00013e+00  2.16852e+04
 0.00000e+00  1.85829e+03  2.20260e+04
 1.01298e+00  0.00000e+00  2.23797e+04
 1.00067e+00  1.01316e+00  2.23730e+04
 1.85833e+03  1.00118e+00  2.16852e+04
 0.00000e+00  1.85835e+03  2.20260e+04
 1.01226e+00  0.00000e+00  2.23793e+04
 1.00189e+00  1.01410e+00  2.23736e+04
 1.85839e+03  1.00237e+00  2.16852e+04
 0.00000e+00  1.85841e+03  2.20260e+04
 1.01419e+00  0.00000e+00  2.23803e+04
 1.00143e+00  1.01297e+00  2.23734e+04
 1.85845e+03  1.00263e+00  2.16852e+04
 0.00000e+00  1.85847e+03  2.20260e+04
 1.01198e+00  0.00000e+00  2.23791e+04
 1.00169e+00  1.01156e+00  2.23735e+04
 1.85852e+03  1.00055e+00  2.16852e+04
 0.00000e+00  1.85854e+03  2.20260e+04
 1.01085e+00  0.00000e+00  2.23785e+04
 1.00085e+00  1.00917e+00  2.23730e+04
 1.85858e+03  1.00084e+00  2.16852e+04
 1.28000e+02  1.85860e+03  2.16847e+04
 1.00916e+00  0.00000e+00  2.23776e+04
 1.00140e+00  1.00681e+00  2.23733e+04
 1.85864e+03  9.98787e-01  2.16852e+04
 1.28000e+02  1.85866e+03  2.16847e+04
 1.01036e+00  0.00000e+00  2.23782e+04
 1.00056e+00  1.00950e+00  2.23729e+04
 1.85870e+03  9.99816e-01  2.16852e+04
 0.00000e+00  1.85872e+03  2.20260e+04
 1.01023e+00  0.00000e+00  2.23782e+04
 1.00022e+00  1.01022e+00  2.23727e+04
 1.85877e+03  9.99306e-01  2.16852e+04
 0.00000e+00  1.85879e+03  2.20260e+04
 1.01011e+00  0.00000e+00  2.23781e+04
 1.00016e+00  1.01022e+00  2.23727e+04
 1.85883e+03  9.99345e-01  2.16852e+04
 0.00000e+00  1.85885e+03  2.20260e+04
 1.01011e+00  0.00000e+00  2.23781e+04
 9.99830e-01  1.00959e+00  2.23725e+04
 1.85889e+03  9.99537e-01  2.16852e+04
 0.00000e+00  1.85891e+03  2.20260e+04
 1.00974e+00  0.00000e+00  2.23779e+04
 9.99632e-01  1.00806e+00  2.23724e+04
 1.85895e+03  9.99809e-01  2.16852e+04
 0.00000e+00  1.85897e+03  2.20260e+04
 1.00933e+00  0.00000e+00  2.23777e+04
 1.00003e+00  1.00900e+00  2.23726e+04
 1.85902e+03  9.99937e-01  2.16852e+04
 0.00000e+00  1.85904e+03  2.20260e+04
 1.00788e+00  0.00000e+00  2.23769e+04
 9.99579e-01  1.00763e+00  2.23724e+04
 1.85908e+03  1.00065e+00  2.16852e+04
 0.00000e+00  1.85910e+03  2.20260e+04
 1.01009e+00  0.00000e+00  2.23781e+04
 9.99390e-01  1.00779e+00  2.23723e+04
 1.85914e+03  9.99716e-01  2.16852e+04
 0.00000e+00  1.85916e+03  2.20260e+04
 1.00927e+00  0.00000e+00  2.23776e+04
 1.00022e+00  1.00916e+00  2.23727e+04
 1.85920e+03  1.00015e+00  2.16852e+04
 0.00000e+00  1.85922e+03  2.20260e+04
 1.00752e+00  0.00000e+00  2.23767e+04
 1.00050e+00  1.00948e+00  2.23729e+04
 1.85927e+03  1.00009e+00  2.16852e+04
 0.00000e+00  1.85929e+03  2.20260e+04
 1.00906e+00  0.00000e+00  2.23775e+04
 1.00004e+00  1.00893e+00  2.23726e+04
 1.85933e+03  1.00088e+00  2.16852e+04
 0.00000e+00  1.85935e+03  2.20260e+04
 1.00819e+00  0.00000e+00  2.23770e+04
 1.00031e+00  1.00870e+00  2.23728e+04
 1.85939e+03  1.00032e+00  2.16852e+04
 0.00000e+00  1.85941e+03  2.20260e+04
 1.00647e+00  1.28000e+02  2.23761e+04
 9.98441e-01  1.00704e+00  2.23717e+04
 1.85945e+03  9.99643e-01  2.16852e+04
 0.00000e+00  1.85947e+03  2.20260e+04
 1.00873e+00  0.00000e+00  2.23773e+04
 1.00024e+00  1.00829e+00  2.23727e+04
 1.85952e+03  1.00068e+00  2.16852e+04
 0.00000e+00  1.85954e+03  2.20260e+04
 1.00803e+00  0.00000e+00  2.23770e+04
 9.99924e-01  1.00786e+00  2.23725e+04
 1.85958e+03  1.00016e+00  2.16852e+04
 0.00000e+00  1.85960e+03  2.20260e+04
 1.00561e+00  1.28000e+02  2.23756e+04
 1.00063e+00  1.00739e+00  2.23729e+04
 1.85964e+03  1.00128e+00  2.16852e+04
 0.00000e+00  1.85966e+03  2.20260e+04
 1.00735e+00  0.00000e+00  2.23766e+04
 1.00017e+00  1.00756e+00  2.23727e+04
 1.85970e+03  1.00045e+00  2.16852e+04
 0.00000e+00  1.85972e+03  2.20260e+04
 1.00592e+00  0.00000e+00  2.23758e+04
 1.00021e+00  1.00604e+00  2.23727e+04
 1.85977e+03  9.99737e-01  2.16852e+04
 1.28000e+02  1.85979e+03  2.16847e+04
 1.00535e+00  1.28000e+02  2.23755e+04
 9.99856e-01  1.00481e+00  2.23725e+04
 1.85983e+03  1.00003e+00  2.16852e+04
 0.00000e+00  1.85985e+03  2.20260e+04
 1.00695e+00  0.00000e+00  2.23764e+04
 1.00029e+00  1.00647e+00  2.23727e+04
 1.85989e+03  1.00037e+00  2.16852e+04
 0.00000e+00  1.85991e+03  2.20260e+04
 1.00621e+00  0.00000e+00  2.23760e+04
 1.00023e+00  1.00760e+00  2.23727e+04
 1.85995e+03  1.00011e+00  2.16852e+04
 0.00000e+00  1.85997e+03  2.20260e+04
 1.00719e+00  0.00000e+00  2.23765e+04
 9.99524e-01  1.00636e+00  2.23723e+04
 1.86002e+03  9.99584e-01  2.16852e+04
 1.28000e+02  1.86004e+03  2.16847e+04
 1.00650e+00  0.00000e+00  2.23761e+04
 1.00044e+00  1.00645e+00  2.23728e+04
 1.86008e+03  9.99991e-01  2.16852e+04
 0.00000e+00  1.86010e+03  2.20260e+04
 1.00532e+00  1.28000e+02  2.23755e+04
 1.00100e+00  1.00739e+00  2.23731e+04
 1.86014e+03  1.00089e+00  2.16852e+04
 0.00000e+00  1.86016e+03  2.20260e+04
 1.00631e+00  0.00000e+00  2.23760e+04
 1.00148e+00  1.00674e+00  2.23734e+04
 1.86020e+03  1.00074e+00  2.16852e+04
 0.00000e+00  1.86022e+03  2.20260e+04
 1.00690e+00  0.00000e+00  2.23763e+04
 1.00042e+00  1.00639e+00  2.23728e+04
 1.86027e+03  1.00074e+00  2.16852e+04
 0.00000e+00  1.86029e+03  2.20260e+04
 1.00681e+00  0.00000e+00  2.23763e+04
 1.00032e+00  1.00601e+00  2.23728e+04
 1.86033e+03  1.00126e+00  2.16852e+04
 0.00000e+00  1.86035e+03  2.20260e+04
 1.00647e+00  0.00000e+00  2.23761e+04
 1.00103e+00  1.00664e+00  2.23731e+04
 1.86039e+03  9.99949e-01  2.16852e+04
 1.28000e+02  1.86041e+03  2.16847e+04
 1.00601e+00  0.00000e+00  2.23759e+04
 1.00005e+00  1.00378e+00  2.23726e+04
 1.86045e+03  1.00119e+00  2.16852e+04
 0.00000e+00  1.86047e+03  2.20260e+04
 1.00604e+00  0.00000e+00  2.23759e+04
 1.00083e+00  1.00576e+00  2.23730e+04
 1.86052e+03  1.00061e+00  2.16852e+04
 0.00000e+00  1.86054e+03  2.20260e+04
 1.00594e+00  0.00000e+00  2.23758e+04
 1.00080e+00  1.00514e+00  2.23730e+04
 1.86058e+03  1.00069e+00  2.16852e+04
 0.00000e+00  1.86060e+03  2.20260e+04
 1.00554e+00  0.00000e+00  2.23756e+04
 1.00076e+00  1.00546e+00  2.23730e+04
 1.86064e+03  1.00108e+00  2.16852e+04
 0.00000e+00  1.86066e+03  2.20260e+04
 1.00592e+00  0.00000e+00  2.23758e+04
 1.00101e+00  1.00554e+00  2.23731e+04
 1.86070e+03  1.00003e+00  2.16852e+04
 0.00000e+00  1.86072e+03  2.20260e+04
 1.00633e+00  0.00000e+00  2.23760e+04
 1.00099e+00  1.00575e+00  2.23731e+04
 1.86077e+03  1.00088e+00  2.16852e+04
 0.00000e+00  1.86079e+03  2.20260e+04
 1.00383e+00  0.00000e+00  2.23747e+04
 1.00049e+00  1.00545e+00  2.23729e+04
 1.86083e+03  1.00082e+00  2.16852e+04
 0.00000e+00  1.86085e+03  2.20260e+04
 1.00518e+00  0.00000e+00  2.23754e+04
 1.00124e+00  1.00518e+00  2.23733e+04
 1.86089e+03  1.00005e+00  2.16852e+04
 0.00000e+00  1.86091e+03  2.20260e+04
 1.00466e+00  0.00000e+00  2.23751e+04
 1.00066e+00  1.00348e+00  2.23729e+04
 1.86095e+03  1.00029e+00  2.16852e+04
 0.00000e+00  1.86097e+03  2.20260e+04
 1.00453e+00  0.00000e+00  2.23750e+04
 1.00046e+00  1.00407e+00  2.23728e+04
 1.86102e+03  1.00044e+00  2.16852e+04
 0.00000e+00  1.86104e+03  2.20260e+04
 1.00423e+00  0.00000e+00  2.23749e+04
 9.99823e-01  1.00449e+00  2.23725e+04
 1.86108e+03  1.00081e+00  2.16852e+04
 0.00000e+00  1.86110e+03  2.20260e+04
 1.00516e+00  0.00000e+00  2.23754e+04
 1.00048e+00  1.00490e+00  2.23728e+04
 1.86114e+03  1.00052e+00  2.16852e+04
 0.00000e+00  1.86116e+03  2.20260e+04
 1.00361e+00  0.00000e+00  2.23745e+04
 1.00031e+00  1.00481e+00  2.23728e+04
 1.86120e+03  1.00045e+00  2.16852e+04
 0.00000e+00  1.86122e+03  2.20260e+04
 1.00368e+00  0.00000e+00  2.23746e+04
 1.00047e+00  1.00374e+00  2.23728e+04
 1.86127e+03  1.00140e+00  2.16852e+04
 0.00000e+00  1.86129e+03  2.20260e+04
 1.00496e+00  0.00000e+00  2.23753e+04
 1.00547e+00  1.00433e+00  2.23756e+04
 1.86133e+03  1.00046e+00  2.16852e+04
 0.00000e+00  1.86135e+03  2.20260e+04
 1.00487e+00  0.00000e+00  2.23752e+04
 1.00037e+00  1.00355e+00  2.23728e+04
 1.86139e+03  1.00137e+00  2.16852e+04
 0.00000e+00  1.86141e+03  2.20260e+04
 1.00425e+00  1.28000e+02  2.23749e+04
 1.00020e+00  1.00369e+00  2.23727e+04
 1.86145e+03  1.00058e+00  2.16852e+04
 0.00000e+00  1.86147e+03  2.20260e+04
 1.00427e+00  0.00000e+00  2.23749e+04
 9.99912e-01  1.00292e+00  2.23725e+04
 1.86152e+03  1.00031e+00  2.16852e+04
 0.00000e+00  1.86154e+03  2.20260e+04
 1.00418e+00  1.28000e+02  2.23749e+04
 1.00032e+00  1.00344e+00  2.23728e+04
 1.86158e+03  9.99972e-01  2.16852e+04
 0.00000e+00  1.86160e+03  2.20260e+04
 1.00321e+00  1.28000e+02  2.23743e+04
 1.00470e+00  1.00366e+00  2.23751e+04
 1.86164e+03  9.98849e-01  2.16852e+04
 1.28000e+02  1.86166e+03  2.16847e+04
 1.00341e+00  0.00000e+00  2.23744e+04
 9.97835e-01  1.00393e+00  2.23714e+04
 1.86170e+03  1.00032e+00  2.16852e+04
 1.28000e+02  1.86172e+03  2.16847e+04
 1.00332e+00  1.28000e+02  2.23744e+04
 9.99483e-01  1.00346e+00  2.23723e+04
 1.86177e+03  1.00137e+00  2.16853e+04
 1.28000e+02  1.86179e+03  2.16847e+04
 1.00283e+00  1.28000e+02  2.23741e+04
 1.00166e+00  1.00342e+00  2.23735e+04
 1.86183e+03  1.00093e+00  2.16853e+04
 1.28000e+02  1.86185e+03  2.16847e+04
 1.00283e+00  1.28000e+02  2.23741e+04
 1.00030e+00  1.00274e+00  2.23728e+04
 1.86189e+03  1.00022e+00  2.16853e+04
 1.28000e+02  1.86191e+03  2.16847e+04
 1.00225e+00  1.28000e+02  2.23738e+04
 1.00055e+00  1.00232e+00  2.23729e+04
 1.86195e+03 -4.03342e-15  2.16853e+04
 1.28000e+02  1.86197e+03  2.16847e+04
 1.00090e+00  1.28000e+02  2.23731e+04
 1.00095e+00  1.00413e+00  2.23731e+04
 1.86202e+03  9.99851e-01  2.16853e+04
 1.28000e+02  1.86204e+03  2.16847e+04
 1.00244e+00  1.28000e+02  2.23739e+04
 1.00034e+00  1.00265e+00  2.23728e+04
 1.86208e+03  1.00024e+00  2.16853e+04
 0.00000e+00  1.86210e+03  2.20260e+04
 1.00170e+00  1.28000e+02  2.23735e+04
 1.00004e+00  1.00146e+00  2.23726e+04
 1.86214e+03  1.00043e+00  2.16853e+04
 0.00000e+00  1.86216e+03  2.20260e+04
 1.00107e+00  0.00000e+00  2.23732e+04
 1.00073e+00  1.00138e+00  2.23730e+04
 1.86220e+03  1.00026e+00  2.16853e+04
 0.00000e+00  1.86222e+03  2.20260e+04
 1.00071e+00  1.28000e+02  2.23730e+04
 1.00036e+00  1.00088e+00  2.23728e+04
 1.86227e+03  1.00028e+00  2.16853e+04
 0.00000e+00  1.86229e+03  2.20260e+04
 9.98692e-01  0.00000e+00  2.23719e+04
 9.99861e-01  1.00042e+00  2.23725e+04
 1.86233e+03  1.00006e+00  2.16853e+04
 0.00000e+00  1.86235e+03  2.20260e+04
 9.99141e-01  1.28000e+02  2.23721e+04
 1.00010e+00  9.98841e-01  2.23726e+04
 1.86239e+03  9.99975e-01  2.16853e+04
 0.00000e+00  1.86241e+03  2.20260e+04
 9.99630e-01  0.00000e+00  2.23724e+04
 1.00031e+00  9.99493e-01  2.23728e+04
 1.86245e+03  1.00080e+00  2.16853e+04
 0.00000e+00  1.86247e+03  2.20260e+04
 1.00074e+00  0.00000e+00  2.23730e+04
 9.99315e-01  9.98438e-01  2.23722e+04
 1.86252e+03  9.99553e-01  2.16853e+04
 1.28000e+02  1.86254e+03  2.16847e+04
 9.98085e-01  1.28000e+02  2.23716e+04
 9.99639e-01  9.99606e-01  2.23724e+04
 1.86258e+03  9.99666e-01  2.16853e+04
 1.28000e+02  1.86260e+03  2.16847e+04
 1.00039e+00  1.28000e+02  2.23728e+04
 9.99958e-01  9.99804e-01  2.23726e+04
 1.86264e+03  1.00010e+00  2.16853e+04
 0.00000e+00  1.86266e+03  2.20260e+04
 1.00055e+00  0.00000e+00  2.23729e+04
 9.99959e-01  1.00053e+00  2.23726e+04
 1.86270e+03  9.99722e-01  2.16853e+04
 0.00000e+00  1.86272e+03  2.20260e+04
 9.99598e-01  1.28000e+02  2.23724e+04
 9.98827e-01  9.99673e-01  2.23720e+04
 1.86277e+03  9.99032e-01  2.16853e+04
 1.28000e+02  1.86279e+03  2.16847e+04
 9.99509e-01  1.28000e+02  2.23723e+04
 9.99162e-01  9.99541e-01  2.23721e+04
 1.86283e+03  9.98580e-01  2.16853e+04
 1.28000e+02  1.86285e+03  2.16847e+04
 9.99755e-01  1.28000e+02  2.23725e+04
 9.98265e-01  9.98724e-01  2.23717e+04
 1.86289e+03  9.98994e-01  2.16853e+04
 1.28000e+02  1.86291e+03  2.16847e+04
 9.97989e-01  1.28000e+02  2.23715e+04
 9.99250e-01  9.99746e-01  2.23722e+04
 1.86295e+03  9.99766e-01  2.16853e+04
 1.28000e+02  1.86297e+03  2.16847e+04
 9.99538e-01  1.28000e+02  2.23723e+04
 9.98710e-01  9.99783e-01  2.23719e+04
 1.86302e+03  9.99354e-01  2.16853e+04
 1.28000e+02  1.86304e+03  2.16847e+04
 9.98241e-01  1.28000e+02  2.23716e+04
 9.99879e-01  9.99387e-01  2.23725e+04
 1.86308e+03  1.00000e+00  2.16853e+04
 1.28000e+02  1.86310e+03  2.16847e+04
 9.98673e-01  1.28000e+02  2.23719e+04
 9.98620e-01  9.99238e-01  2.23718e+04
 1.86314e+03  9.99813e-01  2.16853e+04
 1.28000e+02  1.86316e+03  2.16847e+04
 9.99491e-01  1.28000e+02  2.23723e+04
 1.00002e+00  1.00004e+00  2.23726e+04
 1.86320e+03  1.00029e+00  2.16853e+04
 1.28000e+02  1.86322e+03  2.16847e+04
 9.99181e-01  1.28000e+02  2.23721e+04
 9.99296e-01  1.00051e+00  2.23722e+04
 1.86327e+03  1.00062e+00  2.16853e+04
 1.28000e+02  1.86329e+03  2.16847e+04
 1.00054e+00  1.28000e+02  2.23729e+04
 9.99692e-01  9.99991e-01  2.23724e+04
 1.86333e+03  9.98642e-01  2.16853e+04
 1.28000e+02  1.86335e+03  2.16847e+04
 1.00099e+00  1.28000e+02  2.23731e+04
 9.98675e-01  9.99703e-01  2.23719e+04
 1.86339e+03  1.00004e+00  2.16853e+04
 1.28000e+02  1.86341e+03  2.16847e+04
 9.99869e-01  0.00000e+00  2.23725e+04
 1.00007e+00  1.00016e+00  2.23726e+04
 1.86345e+03  9.99192e-01  2.16853e+04
 0.00000e+00  1.86347e+03  2.20260e+04
 1.00026e+00  0.00000e+00  2.23727e+04
 1.00066e+00  9.99305e-01  2.23729e+04
 1.86352e+03  9.99735e-01  2.16853e+04
 0.00000e+00  1.86354e+03  2.20260e+04
 9.99410e-01  0.00000e+00  2.23723e+04
 1.00019e+00  9.99652e-01  2.23727e+04
 1.86358e+03  1.00110e+00  2.16853e+04
 0.00000e+00  1.86360e+03  2.20260e+04
 9.98685e-01  0.00000e+00  2.23719e+04
 1.00073e+00  1.00029e+00  2.23730e+04
 1.86364e+03  1.00090e+00  2.16853e+04
 0.00000e+00  1.86366e+03  2.20260e+04
 9.99472e-01  0.00000e+00  2.23723e+04
 1.00003e+00  9.99392e-01  2.23726e+04
 1.86370e+03  9.99737e-01  2.16853e+04
 0.00000e+00  1.86372e+03  2.20260e+04
 9.99828e-01  0.00000e+00  2.23725e+04
 1.00009e+00  1.00025e+00  2.23726e+04
 1.86377e+03  9.99619e-01  2.16853e+04
 0.00000e+00  1.86379e+03  2.20260e+04
 1.00053e+00  0.00000e+00  2.23729e+04
 1.00025e+00  1.00022e+00  2.23727e+04
 1.86383e+03  1.00083e+00  2.16853e+04
 0.00000e+00  1.86385e+03  2.20260e+04
 9.99551e-01  0.00000e+00  2.23723e+04
 1.00047e+00  1.00040e+00  2.23728e+04
 1.86389e+03  9.99278e-01  2.16853e+04
 0.00000e+00  1.86391e+03  2.20260e+04
 1.00042e+00  0.00000e+00  2.23728e+04
 9.99566e-01  1.00012e+00  2.23724e+04
 1.86395e+03  1.00029e+00  2.16853e+04
 0.00000e+00  1.86397e+03  2.20260e+04
 9.99541e-01  0.00000e+00  2.23723e+04
 1.00012e+00  1.00083e+00  2.23727e+04
 1.86402e+03  1.00045e+00  2.16853e+04
 0.00000e+00  1.86404e+03  2.20260e+04
 9.99242e-01  0.00000e+00  2.23722e+04
 1.00013e+00  1.00059e+00  2.23727e+04
 1.86408e+03  1.00050e+00  2.16853e+04
 0.00000e+00  1.86410e+03  2.20260e+04
 9.99897e-01  0.00000e+00  2.23725e+04
 9.99305e-01  9.99654e-01  2.23722e+04
 1.86414e+03  1.00060e+00  2.16853e+04
 0.00000e+00  1.86416e+03  2.20260e+04
 1.00008e+00  0.00000e+00  2.23726e+04
 9.99129e-01  1.00008e+00  2.23721e+04
 1.86420e+03  9.99279e-01  2.16853e+04
 0.00000e+00  1.86422e+03  2.20260e+04
 9.99876e-01  0.00000e+00  2.23725e+04
 9.99976e-01  9.99942e-01  2.23726e+04
 1.86427e+03  9.99275e-01  2.16853e+04
 0.00000e+00  1.86429e+03  2.20260e+04
 9.99136e-01  0.00000e+00  2.23721e+04
 1.00044e+00  1.00097e+00  2.23728e+04
 1.86433e+03  9.99563e-01  2.16853e+04
 0.00000e+00  1.86435e+03  2.20260e+04
 9.99791e-01  0.00000e+00  2.23725e+04
 9.99749e-01  1.00027e+00  2.23725e+04
 1.86439e+03  9.99899e-01  2.16853e+04
 0.00000e+00  1.86441e+03  2.20260e+04
 1.00031e+00  0.00000e+00  2.23728e+04
 9.99815e-01  9.99626e-01  2.23725e+04
 1.86445e+03  9.99444e-01  2.16853e+04
 0.00000e+00  1.86447e+03  2.20260e+04
 1.00089e+00  0.00000e+00  2.23731e+04
 1.00034e+00  9.99726e-01  2.23728e+04
 1.86452e+03  1.00024e+00  2.16853e+04
 0.00000e+00  1.86454e+03  2.20260e+04
 1.00004e+00  0.00000e+00  2.23726e+04
 1.00067e+00  9.99916e-01  2.23730e+04
 1.86458e+03  1.00011e+00  2.16853e+04
 0.00000e+00  1.86460e+03  2.20260e+04
 9.99327e-01  0.00000e+00  2.23722e+04
 1.00000e+00  9.99452e-01  2.23726e+04
 1.86464e+03  9.98934e-01  2.16853e+04
 1.28000e+02  1.86466e+03  2.16847e+04
 9.96675e-01  1.28000e+02  2.23708e+04
 1.00016e+00  9.99328e-01  2.23727e+04
 1.86470e+03  9.99849e-01  2.16853e+04
 0.00000e+00  1.86472e+03  2.20260e+04
 9.98345e-01  0.00000e+00  2.23717e+04
 9.99078e-01  9.98599e-01  2.23721e+04
 1.86477e+03  1.00011e+00  2.16853e+04
 0.00000e+00  1.86479e+03  2.20260e+04
 9.99400e-01  0.00000e+00  2.23723e+04
 9.98742e-01  9.99066e-01  2.23719e+04
 1.86483e+03  9.99916e-01  2.16853e+04
 0.00000e+00  1.86485e+03  2.20260e+04
 9.98806e-01  0.00000e+00  2.23719e+04
 9.99693e-01  9.99613e-01  2.23724e+04
 1.86489e+03  9.99975e-01  2.16853e+04
 0.00000e+00  1.86491e+03  2.20260e+04
 9.99066e-01  0.00000e+00  2.23721e+04
 9.98870e-01  9.98748e-01  2.23720e+04
 1.86495e+03  1.00033e+00  2.16853e+04
 0.00000e+00  1.86497e+03  2.20260e+04
 9.98285e-01  0.00000e+00  2.23717e+04
 9.99946e-01  9.98116e-01  2.23726e+04
 1.86502e+03  1.00029e+00  2.16853e+04
 0.00000e+00  1.86504e+03  2.20260e+04
 9.99499e-01  0.00000e+00  2.23723e+04
 1.00003e+00  9.99422e-01  2.23726e+04
 1.86508e+03  1.00021e+00  2.16853e+04
 0.00000e+00  1.86510e+03  2.20260e+04
 9.98939e-01  0.00000e+00  2.23720e+04
 9.99927e-01  9.98703e-01  2.23725e+04
 1.86514e+03  9.99679e-01  2.16853e+04
 0.00000e+00  1.86516e+03  2.20260e+04
 9.98828e-01  0.00000e+00  2.23720e+04
 1.00031e+00  9.98979e-01  2.23728e+04
 1.86520e+03  9.99699e-01  2.16853e+04
 0.00000e+00  1.86522e+03  2.20260e+04
 9.99454e-01  0.00000e+00  2.23723e+04
 9.99827e-01  9.99941e-01  2.23725e+04
 1.86527e+03  1.00009e+00  2.16853e+04
 0.00000e+00  1.86529e+03  2.20260e+04
 9.99300e-01  0.00000e+00  2.23722e+04
 9.99273e-01  9.98523e-01  2.23722e+04
 1.86533e+03  9.99648e-01  2.16853e+04
 0.00000e+00  1.86535e+03  2.20260e+04
 9.99498e-01  0.00000e+00  2.23723e+04
 9.99243e-01  9.97840e-01  2.23722e+04
 1.86539e+03  9.99400e-01  2.16853e+04
 0.00000e+00  1.86541e+03  2.20260e+04
 9.99371e-01  0.00000e+00  2.23722e+04
 9.99899e-01  9.98893e-01  2.23725e+04
 1.86545e+03  9.99822e-01  2.16853e+04
 0.00000e+00  1.86547e+03  2.20260e+04
 9.98630e-01  0.00000e+00  2.23718e+04
 9.99350e-01  9.97601e-01  2.23722e+04
 1.86554e+03  9.99478e-01  2.16853e+04
 0.00000e+00  1.86556e+03  2.20260e+04
 9.98667e-01  0.00000e+00  2.23719e+04
 1.00028e+00  9.99347e-01  2.23727e+04
 1.86560e+03  1.00030e+00  2.16853e+04
 0.00000e+00  1.86562e+03  2.20260e+04
 9.98865e-01  0.00000e+00  2.23720e+04
 1.00027e+00  9.98787e-01  2.23727e+04
 1.86566e+03  1.00035e+00  2.16853e+04
 0.00000e+00  1.86568e+03  2.20260e+04
 9.98347e-01  0.00000e+00  2.23717e+04
 9.99678e-01  9.98523e-01  2.23724e+04
 1.86572e+03  9.99819e-01  2.16853e+04
 0.00000e+00  1.86575e+03  2.20260e+04
 9.97408e-01  0.00000e+00  2.23712e+04
 9.99794e-01  9.98344e-01  2.23725e+04
 1.86579e+03  1.00003e+00  2.16853e+04
 0.00000e+00  1.86581e+03  2.20260e+04
 9.97522e-01  0.00000e+00  2.23712e+04
 1.00028e+00  9.98974e-01  2.23727e+04
 1.86585e+03  9.99810e-01  2.16853e+04
 0.00000e+00  1.86587e+03  2.20260e+04
 9.98624e-01  0.00000e+00  2.23718e+04
 9.99895e-01  9.98108e-01  2.23725e+04
 1.86591e+03  1.00037e+00  2.16853e+04
 0.00000e+00  1.86593e+03  2.20260e+04
 9.98672e-01  0.00000e+00  2.23719e+04
 1.00074e+00  9.99000e-01  2.23730e+04
 1.86597e+03  1.00005e+00  2.16853e+04
 0.00000e+00  1.86600e+03  2.20260e+04
 9.98338e-01  0.00000e+00  2.23717e+04
 1.00030e+00  9.98173e-01  2.23728e+04
 1.86604e+03  9.99750e-01  2.16853e+04
 0.00000e+00  1.86606e+03  2.20260e+04
 9.99163e-01  0.00000e+00  2.23721e+04
 9.99996e-01  9.98284e-01  2.23726e+04
 1.86610e+03  9.99703e-01  2.16853e+04
 0.00000e+00  1.86612e+03  2.20260e+04
 9.97783e-01  0.00000e+00  2.23714e+04
 9.99705e-01  9.97735e-01  2.23724e+04
 1.86616e+03  1.00010e+00  2.16853e+04
 0.00000e+00  1.86618e+03  2.20260e+04
 9.98359e-01  0.00000e+00  2.23717e+04
 1.00082e+00  9.98791e-01  2.23730e+04
 1.86622e+03  9.99998e-01  2.16853e+04
 0.00000e+00  1.86625e+03  2.20260e+04
 9.98392e-01  0.00000e+00  2.23717e+04
 9.99421e-01  9.97442e-01  2.23723e+04
 1.86629e+03  9.99809e-01  2.16853e+04
 0.00000e+00  1.86631e+03  2.20260e+04
 9.98459e-01  0.00000e+00  2.23718e+04
 1.00038e+00  9.99058e-01  2.23728e+04
 1.86635e+03  9.99239e-01  2.16853e+04
 0.00000e+00  1.86637e+03  2.20260e+04
 9.98571e-01  0.00000e+00  2.23718e+04
 9.99636e-01  9.98267e-01  2.23724e+04
 1.86641e+03  9.99622e-01  2.16853e+04
 0.00000e+00  1.86643e+03  2.20260e+04
 9.97565e-01  0.00000e+00  2.23713e+04
 1.00011e+00  9.98722e-01  2.23726e+04
 1.86647e+03  1.00043e+00  2.16853e+04
 0.00000e+00  1.86650e+03  2.20260e+04
 9.98911e-01  0.00000e+00  2.23720e+04
 1.00011e+00  9.98736e-01  2.23726e+04
 1.86654e+03  9.99885e-01  2.16853e+04
 0.00000e+00  1.86656e+03  2.20260e+04
 9.98900e-01  0.00000e+00  2.23720e+04
 9.99833e-01  9.97915e-01  2.23725e+04
 1.86660e+03  1.00013e+00  2.16853e+04
 0.00000e+00  1.86662e+03  2.20260e+04
 9.98953e-01  0.00000e+00  2.23720e+04
 1.00056e+00  9.99005e-01  2.23729e+04
 1.86666e+03  9.99932e-01  2.16853e+04
 0.00000e+00  1.86668e+03  2.20260e+04
 9.98577e-01  0.00000e+00  2.23718e+04
 1.00003e+00  9.98453e-01  2.23726e+04
 1.86672e+03  1.00008e+00  2.16853e+04
 0.00000e+00  1.86675e+03  2.20260e+04
 9.97880e-01  0.00000e+00  2.23714e+04
 1.00083e+00  9.99270e-01  2.23730e+04
 1.86679e+03  1.00019e+00  2.16853e+04
 0.00000e+00  1.86681e+03  2.20260e+04
 9.98395e-01  0.00000e+00  2.23717e+04
 1.00117e+00  1.00023e+00  2.23732e+04
 1.86685e+03  1.00123e+00  2.16853e+04
 0.00000e+00  1.86687e+03  2.20260e+04
 9.99046e-01  0.00000e+00  2.23721e+04
 1.00089e+00  9.99821e-01  2.23731e+04
 1.86691e+03  1.00072e+00  2.16853e+04
 0.00000e+00  1.86693e+03  2.20260e+04
 9.99846e-01  0.00000e+00  2.23725e+04
 1.00180e+00  1.00000e+00  2.23736e+04
 1.86697e+03  1.00220e+00  2.16853e+04
 0.00000e+00  1.86700e+03  2.20260e+04
 1.00017e+00  0.00000e+00  2.23727e+04
 1.00231e+00  1.00067e+00  2.23738e+04
 1.86704e+03  1.00251e+00  2.16853e+04
 0.00000e+00  1.86706e+03  2.20260e+04
 9.99883e-01  0.00000e+00  2.23725e+04
 1.00265e+00  1.00068e+00  2.23740e+04
 1.86710e+03  1.00422e+00  2.16853e+04
 0.00000e+00  1.86712e+03  2.20260e+04
 1.00175e+00  0.00000e+00  2.23735e+04
 1.00417e+00  1.00244e+00  2.23749e+04
 1.86716e+03  1.00339e+00  2.16853e+04
 0.00000e+00  1.86718e+03  2.20260e+04
 1.00265e+00  0.00000e+00  2.23740e+04
 1.00355e+00  1.00238e+00  2.23745e+04
 1.86722e+03  1.00368e+00  2.16853e+04
 0.00000e+00  1.86725e+03  2.20260e+04
 1.00145e+00  0.00000e+00  2.23734e+04
 1.00271e+00  1.00029e+00  2.23741e+04
 1.86729e+03  1.00231e+00  2.16853e+04
 0.00000e+00  1.86731e+03  2.20260e+04
 1.00038e+00  0.00000e+00  2.23728e+04
 1.00201e+00  1.00072e+00  2.23737e+04
 1.86735e+03  1.00134e+00  2.16853e+04
 0.00000e+00  1.86737e+03  2.20260e+04
 9.99204e-01  0.00000e+00  2.23722e+04
 1.00089e+00  9.99395e-01  2.23731e+04
 1.86741e+03  1.00094e+00  2.16853e+04
 0.00000e+00  1.86743e+03  2.20260e+04
 9.99299e-01  0.00000e+00  2.23722e+04
-4.02779e-15  8.55957e-01  2.20260e+04
 1.86747e+03  1.00066e+00  2.16853e+04
 0.00000e+00  1.86750e+03  2.20260e+04
 9.97271e-01  1.28000e+02  2.23711e+04
 9.99887e-01  9.96837e-01  2.23725e+04
 1.86754e+03  9.99868e-01  2.16853e+04
 0.00000e+00  1.86756e+03  2.20260e+04
 9.97183e-01  0.00000e+00  2.23711e+04
 1.00034e+00  9.96624e-01  2.23728e+04
 1.86760e+03  1.00013e+00  2.16853e+04
 0.00000e+00  1.86762e+03  2.20260e+04
 9.94924e-01  0.00000e+00  2.23698e+04
 9.98675e-01  9.95579e-01  2.23719e+04
 1.86766e+03  9.99126e-01  2.16853e+04
 1.28000e+02  1.86768e+03  2.16847e+04
 9.95373e-01  1.28000e+02  2.23701e+04
 9.99831e-01  9.96120e-01  2.23725e+04
 1.86772e+03  9.99746e-01  2.16853e+04
 0.00000e+00  1.86775e+03  2.20260e+04
 9.96409e-01  0.00000e+00  2.23706e+04
 9.99039e-01  9.95604e-01  2.23721e+04
 1.86779e+03  9.99836e-01  2.16853e+04
 0.00000e+00  1.86781e+03  2.20260e+04
 9.96511e-01  0.00000e+00  2.23707e+04
 9.98870e-01  9.96054e-01  2.23720e+04
 1.86785e+03  1.00004e+00  2.16854e+04
 0.00000e+00  1.86787e+03  2.20260e+04
 9.97431e-01  0.00000e+00  2.23712e+04
 9.99196e-01  9.96268e-01  2.23722e+04
 1.86791e+03  9.99744e-01  2.16854e+04
 0.00000e+00  1.86793e+03  2.20260e+04
 9.96785e-01  1.28000e+02  2.23709e+04
 1.00019e+00  9.97397e-01  2.23727e+04
 1.86797e+03  1.00072e+00  2.16854e+04
 0.00000e+00  1.86800e+03  2.20260e+04
 9.94986e-01  1.28000e+02  2.23699e+04
 9.99831e-01  9.95020e-01  2.23725e+04
 1.86804e+03  1.00011e+00  2.16854e+04
 0.00000e+00  1.86806e+03  2.20260e+04
 9.97700e-01  0.00000e+00  2.23713e+04
 1.00006e+00  9.98752e-01  2.23726e+04
 1.86810e+03  9.99020e-01  2.16854e+04
 0.00000e+00  1.86812e+03  2.20260e+04
 9.97421e-01  0.00000e+00  2.23712e+04
 9.99077e-01  9.96545e-01  2.23721e+04
 1.86816e+03  9.99302e-01  2.16854e+04
 0.00000e+00  1.86818e+03  2.20260e+04
 9.97205e-01  0.00000e+00  2.23711e+04
 1.00055e+00  9.99333e-01  2.23729e+04
 1.86822e+03  9.99955e-01  2.16854e+04
 0.00000e+00  1.86825e+03  2.20260e+04
 9.97229e-01  1.28000e+02  2.23711e+04
 9.99045e-01  9.98198e-01  2.23721e+04
 1.86829e+03  1.00039e+00  2.16854e+04
 0.00000e+00  1.86831e+03  2.20260e+04
 9.98669e-01  0.00000e+00  2.23719e+04
 9.99467e-01  9.97690e-01  2.23723e+04
 1.86835e+03  9.98335e-01  2.16854e+04
 1.28000e+02  1.86837e+03  2.16847e+04
 9.96913e-01  0.00000e+00  2.23709e+04
 9.99850e-01  9.98603e-01  2.23725e+04
 1.86841e+03  9.99676e-01  2.16854e+04
 0.00000e+00  1.86843e+03  2.20260e+04
 9.99298e-01  0.00000e+00  2.23722e+04
 1.00057e+00  1.00042e+00  2.23729e+04
 1.86847e+03  9.97917e-01  2.16854e+04
 1.28000e+02  1.86850e+03  2.16847e+04
 1.00086e+00  0.00000e+00  2.23731e+04
 9.99845e-01  9.97865e-01  2.23725e+04
 1.86854e+03  9.99952e-01  2.16854e+04
 0.00000e+00  1.86856e+03  2.20260e+04
 9.98838e-01  0.00000e+00  2.23720e+04
 9.98425e-01  9.97408e-01  2.23717e+04
 1.86860e+03  9.99941e-01  2.16854e+04
 0.00000e+00  1.86862e+03  2.20260e+04
 1.00112e+00  0.00000e+00  2.23732e+04
 1.00001e+00  9.99700e-01  2.23726e+04
 1.86866e+03  9.99563e-01  2.16854e+04
 0.00000e+00  1.86868e+03  2.20260e+04
 9.99790e-01  1.28000e+02  2.23725e+04
 1.00006e+00  1.00358e+00  2.23726e+04
 1.86872e+03  1.00013e+00  2.16854e+04
 0.00000e+00  1.86875e+03  2.20260e+04
 1.00374e+00  0.00000e+00  2.23746e+04
 1.00003e+00  1.00348e+00  2.23726e+04
 1.86879e+03  9.99895e-01  2.16854e+04
 0.00000e+00  1.86881e+03  2.20260e+04
 1.00348e+00  0.00000e+00  2.23745e+04
 1.00348e+00  0.00000e+00  2.23745e+04
 1.00348e+00  0.00000e+00  2.23745e+04
 1.00348e+00  0.00000e+00  2.23745e+04
 1.00348e+00  0.00000e+00  2.23745e+04
 1.00348e+00  0.00000e+00  2.23745e+04
 1.00348e+00  0.00000e+00  2.23745e+04
 1.00348e+00  0.00000e+00  2.23745e+04
 1.00348e+00  0.00000e+00  2.23745e+04
 1.00348e+00  0.00000e+00  2.23745e+04
 1.00348e+00  0.00000e+00  2.23745e+04
 1.00348e+00  0.00000e+00  2.23745e+04
 1.00348e+00  0.00000e+00  2.23745e+04
 1.00348e+00  0.00000e+00  2.23745e+04
 1.00348e+00  0.00000e+00  2.23745e+04
 1.00348e+00  0.00000e+00  2.23745e+04
 1.00348e+00  0.00000e+00  2.23745e+04
 1.00348e+00  0.00000e+00  2.23745e+04
 1.00348e+00  0.00000e+00  2.23745e+04
 1.00348e+00  0.00000e+00  2.23745e+04
 1.00348e+00  0.00000e+00  2.23745e+04
 1.00348e+00  0.00000e+00  2.23745e+04
 1.00348e+00  0.00000e+00  2.23745e+04
 1.00348e+00  0.00000e+00  2.23745e+04
 1.00348e+00  0.00000e+00  2.23745e+04
 1.00348e+00  0.00000e+00  2.23745e+04
 1.00348e+00  0.00000e+00  2.23745e+04
 1.00348e+00  0.00000e+00  2.23745e+04
 1.00348e+00  0.00000e+00  2.23745e+04
 1.00348e+00  0.00000e+00  2.23745e+04
 1.00348e+00  0.00000e+00  2.23745e+04
 1.00348e+00  0.00000e+00  2.23745e+04
 1.00348e+00  0.00000e+00  2.23745e+04
 1.00348e+00  0.00000e+00  2.23745e+04
 1.00348e+00  0.00000e+00  2.23745e+04
 1.00348e+00  0.00000e+00  2.23745e+04
 1.00348e+00  0.00000e+00  2.23745e+04
 1.00348e+00  0.00000e+00  2.23745e+04
 1.00348e+00  0.00000e+00  2.23745e+04
 1.00348e+00  0.00000e+00  2.23745e+04
 1.00348e+00  0.00000e+00  2.23745e+04
 1.00348e+00  0.00000e+00  2.23745e+04
 1.00348e+00  0.00000e+00  2.23745e+04
 1.00348e+00  0.00000e+00  2.23745e+04
 1.00348e+00  0.00000e+00  2.23745e+04
 1.00348e+00  0.00000e+00  2.23745e+04
 1.00348e+00  0.00000e+00  2.23745e+04
 1.00348e+00  0.00000e+00  2.23745e+04
 1.00348e+00  0.00000e+00  2.23745e+04
 1.00348e+00  0.00000e+00  2.23745e+04
 1.00348e+00  0.00000e+00  2.23745e+04
 1.00348e+00  0.00000e+00  2.23745e+04
 1.00348e+00  0.00000e+00  2.23745e+04
 1.00348e+00  0.00000e+00  2.23745e+04
 1.00348e+00  0.00000e+00  2.23745e+04
 1.00348e+00  0.00000e+00  2.23745e+04
 1.00348e+00  0.00000e+00  2.23745e+04
 1.00348e+00  0.00000e+00  2.23745e+04
 1.00348e+00  0.00000e+00  2.23745e+04
 1.00348e+00  0.00000e+00  2.23745e+04
 1.00348e+00  0.00000e+00  2.23745e+04
 1.00348e+00  0.00000e+00  2.23745e+04
 1.00348e+00  0.00000e+00  2.23745e+04
 1.00348e+00  0.00000e+00  2.23745e+04
 1.00348e+00  0.00000e+00  2.23745e+04
 1.00348e+00  0.00000e+00  2.23745e+04
 1.00348e+00  0.00000e+00  2.23745e+04
 1.00348e+00  0.00000e+00  2.23745e+04
 1.00348e+00  0.00000e+00  2.23745e+04
 1.00348e+00  0.00000e+00  2.23745e+04
 1.00348e+00  0.00000e+00  2.23745e+04
 1.00348e+00  0.00000e+00  2.23745e+04
 1.00348e+00  0.00000e+00  2.23745e+04
 1.00348e+00  0.00000e+00  2.23745e+04
 1.00348e+00  0.00000e+00  2.23745e+04
 1.00348e+00  0.00000e+00  2.23745e+04
 1.00348e+00  0.00000e+00  2.23745e+04
 1.00348e+00  0.00000e+00  2.23745e+04
 1.00348e+00  0.00000e+00  2.23745e+04
 1.00348e+00  0.00000e+00  2.23745e+04
 1.00348e+00  0.00000e+00  2.23745e+04
 1.00348e+00  0.00000e+00  2.23745e+04
 1.00348e+00  0.00000e+00  2.23745e+04
 1.00348e+00  0.00000e+00  2.23745e+04
 1.00348e+00  0.00000e+00  2.23745e+04
 1.00348e+00  0.00000e+00  2.23745e+04
 1.00348e+00  0.00000e+00  2.23745e+04
 1.00348e+00  0.00000e+00  2.23745e+04
 1.00348e+00  0.00000e+00  2.23745e+04
 1.00348e+00  0.00000e+00  2.23745e+04
 1.00348e+00  0.00000e+00  2.23745e+04
 1.00348e+00  0.00000e+00  2.23745e+04
 1.00348e+00  0.00000e+00  2.23745e+04
 1.00348e+00  0.00000e+00  2.23745e+04
 1.00348e+00  0.00000e+00  2.23745e+04
 1.00348e+00  0.00000e+00  2.23745e+04
 1.00348e+00  0.00000e+00  2.23745e+04
 1.00348e+00  0.00000e+00  2.23745e+04
 1.00348e+00  0.00000e+00  2.23745e+04
 1.00348e+00  0.00000e+00  2.23745e+04
 1.00348e+00  0.00000e+00  2.23745e+04
 1.00348e+00  0.00000e+00  2.23745e+04
 1.00348e+00  0.00000e+00  2.23745e+04
 1.00348e+00  0.00000e+00  2.23745e+04
 1.00348e+00  0.00000e+00  2.23745e+04
 1.00348e+00  0.00000e+00  2.23745e+04
 1.00348e+00  0.00000e+00  2.23745e+04
 1.00348e+00  0.00000e+00  2.23745e+04
 1.00348e+00  0.00000e+00  2.23745e+04
 1.00348e+00  0.00000e+00  2.23745e+04
 1.00348e+00  0.00000e+00  2.23745e+04
 1.00348e+00  0.00000e+00  2.23745e+04
 1.00348e+00  0.00000e+00  2.23745e+04
 1.00348e+00  0.00000e+00  2.23745e+04
 1.00348e+00  0.00000e+00  2.23745e+04
 1.00348e+00  0.00000e+00  2.23745e+04
 1.00348e+00  0.00000e+00  2.23745e+04
 1.00348e+00  0.00000e+00  2.23745e+04
 1.00348e+00  0.00000e+00  2.23745e+04
 1.00348e+00  0.00000e+00  2.23745e+04
 1.00348e+00  0.00000e+00  2.23745e+04
 1.00348e+00  0.00000e+00  2.23745e+04
 1.00348e+00  0.00000e+00  2.23745e+04
 1.00348e+00  0.00000e+00  2.23745e+04
 1.00348e+00  0.00000e+00  2.23745e+04
 1.00348e+00  0.00000e+00  2.23745e+04
 1.00348e+00  0.00000e+00  2.23745e+04
 1.00348e+00  0.00000e+00  2.23745e+04
 1.00348e+00  0.00000e+00  2.23745e+04
 1.00348e+00  0.00000e+00  2.23745e+04
 1.00348e+00  0.00000e+00  2.23745e+04
 1.00348e+00  0.00000e+00  2.23745e+04
 1.00348e+00  0.00000e+00  2.23745e+04
 1.00348e+00  0.00000e+00  2.23745e+04
 1.00348e+00  0.00000e+00  2.23745e+04
 1.00348e+00  0.00000e+00  2.23745e+04
 1.00348e+00  0.00000e+00  2.23745e+04
 1.00348e+00  0.00000e+00  2.23745e+04
 1.00348e+00  0.00000e+00  2.23745e+04
 1.00348e+00  0.00000e+00  2.23745e+04
 1.00348e+00  0.00000e+00  2.23745e+04
 1.00348e+00  0.00000e+00  2.23745e+04
 1.00348e+00  0.00000e+00  2.23745e+04
 1.00348e+00  0.00000e+00  2.23745e+04
 1.00348e+00  0.00000e+00  2.23745e+04
 1.00348e+00  0.00000e+00  2.23745e+04
 1.00348e+00  0.00000e+00  2.23745e+04
 1.00348e+00  0.00000e+00  2.23745e+04
 1.00348e+00  0.00000e+00  2.23745e+04
 1.00348e+00  0.00000e+00  2.23745e+04
 1.00348e+00  0.00000e+00  2.23745e+04
 1.00348e+00  0.00000e+00  2.23745e+04
 1.00348e+00  0.00000e+00  2.23745e+04
 1.00348e+00  0.00000e+00  2.23745e+04
 1.00348e+00  0.00000e+00  2.23745e+04
 1.00348e+00  0.00000e+00  2.23745e+04
 1.00348e+00  0.00000e+00  2.23745e+04
 1.00348e+00  0.00000e+00  2.23745e+04
 1.00348e+00  0.00000e+00  2.23745e+04
 1.00348e+00  0.00000e+00  2.23745e+04
 1.00348e+00  0.00000e+00  2.23745e+04
 1.00348e+00  0.00000e+00  2.23745e+04
 1.00348e+00  0.00000e+00  2.23745e+04
 1.00348e+00  0.00000e+00  2.23745e+04
 1.00348e+00  0.00000e+00  2.23745e+04
 1.00348e+00  0.00000e+00  2.23745e+04
 1.00348e+00  0.00000e+00  2.23745e+04
 1.00348e+00  0.00000e+00  2.23745e+04
 1.00348e+00  0.00000e+00  2.23745e+04
 1.00348e+00  0.00000e+00  2.23745e+04
 1.00348e+00  0.00000e+00  2.23745e+04
 1.00348e+00  0.00000e+00  2.23745e+04
 1.00348e+00  0.00000e+00  2.23745e+04
 1.00348e+00  0.00000e+00  2.23745e+04
 1.00348e+00  0.00000e+00  2.23745e+04
 1.00348e+00  0.00000e+00  2.23745e+04
 1.00348e+00  0.00000e+00  2.23745e+04
 1.00348e+00  0.00000e+00  2.23745e+04
 1.00348e+00  0.00000e+00  2.23745e+04
 1.00348e+00  0.00000e+00  2.23745e+04
 1.00348e+00  0.00000e+00  2.23745e+04
 1.00348e+00  0.00000e+00  2.23745e+04
 1.00348e+00  0.00000e+00  2.23745e+04
 1.00348e+00  0.00000e+00  2.23745e+04
 1.00348e+00  0.00000e+00  2.23745e+04
 1.00348e+00  0.00000e+00  2.23745e+04
 1.00348e+00  0.00000e+00  2.23745e+04
 1.00348e+00  0.00000e+00  2.23745e+04
 1.00348e+00  0.00000e+00  2.23745e+04
 1.00348e+00  0.00000e+00  2.23745e+04
 1.00348e+00  0.00000e+00  2.23745e+04
 1.00348e+00  0.00000e+00  2.23745e+04
 1.00348e+00  0.00000e+00  2.23745e+04
 1.00348e+00  0.00000e+00  2.23745e+04
 1.00348e+00  0.00000e+00  2.23745e+04
 1.00348e+00  0.00000e+00  2.23745e+04
 1.00348e+00  0.00000e+00  2.23745e+04
 1.00348e+00  0.00000e+00  2.23745e+04
 1.00348e+00  0.00000e+00  2.23745e+04
 1.00348e+00  0.00000e+00  2.23745e+04
 1.00348e+00  0.00000e+00  2.23745e+04
 1.00348e+00  0.00000e+00  2.23745e+04
 1.00348e+00  0.00000e+00  2.23745e+04
 1.00348e+00  0.00000e+00  2.23745e+04
 1.00348e+00  0.00000e+00  2.23745e+04
 1.00348e+00  0.00000e+00  2.23745e+04
 1.00348e+00  0.00000e+00  2.23745e+04
 1.00348e+00  0.00000e+00  2.23745e+04
 1.00348e+00  0.00000e+00  2.23745e+04
 1.00348e+00  0.00000e+00  2.23745e+04
 1.00348e+00  0.00000e+00  2.23745e+04
 1.00348e+00  0.00000e+00  2.23745e+04
 1.00348e+00  0.00000e+00  2.23745e+04
 1.00348e+00  0.00000e+00  2.23745e+04
 1.00348e+00  0.00000e+00  2.23745e+04
 1.00348e+00  0.00000e+00  2.23745e+04
 1.00348e+00  0.00000e+00  2.23745e+04
 1.00348e+00  0.00000e+00  2.23745e+04
 1.00348e+00  0.00000e+00  2.23745e+04
 1.00348e+00  0.00000e+00  2.23745e+04
 1.00348e+00  0.00000e+00  2.23745e+04
 1.00348e+00  0.00000e+00  2.23745e+04
 1.00348e+00  0.00000e+00  2.23745e+04
 1.00348e+00  0.00000e+00  2.23745e+04
 1.00348e+00  0.00000e+00  2.23745e+04
 1.00348e+00  0.00000e+00  2.23745e+04
 1.00348e+00  0.00000e+00  2.23745e+04
 1.00348e+00  0.00000e+00  2.23745e+04
 1.00348e+00  0.00000e+00  2.23745e+04
 1.00348e+00  0.00000e+00  2.23745e+04
 1.00348e+00  0.00000e+00  2.23745e+04
 1.00348e+00  0.00000e+00  2.23745e+04
 1.00348e+00  0.00000e+00  2.23745e+04
 1.00348e+00  0.00000e+00  2.23745e+04
 1.00348e+00  0.00000e+00  2.23745e+04
 1.00348e+00  0.00000e+00  2.23745e+04
 1.00348e+00  0.00000e+00  2.23745e+04
 1.00348e+00  0.00000e+00  2.23745e+04
 1.00348e+00  0.00000e+00  2.23745e+04
 1.00348e+00  0.00000e+00  2.23745e+04
 1.00348e+00  0.00000e+00  2.23745e+04
 1.00348e+00  0.00000e+00  2.23745e+04
 1.00348e+00  0.00000e+00  2.23745e+04
 1.00348e+00  0.00000e+00  2.23745e+04
 1.00348e+00  0.00000e+00  2.23745e+04
 1.00348e+00  0.00000e+00  2.23745e+04
 1.00348e+00  0.00000e+00  2.23745e+04
 1.00348e+00  0.00000e+00  2.23745e+04
 1.00348e+00  0.00000e+00  2.23745e+04
 1.00348e+00  0.00000e+00  2.23745e+04
 1.00348e+00  0.00000e+00  2.23745e+04
 1.00348e+00  0.00000e+00  2.23745e+04
 1.00348e+00  0.00000e+00  2.23745e+04
 1.00348e+00  0.00000e+00  2.23745e+04
 1.00348e+00  0.00000e+00  2.23745e+04
 1.00348e+00  0.00000e+00  2.23745e+04
 1.00348e+00  0.00000e+00  2.23745e+04
 1.00348e+00  0.00000e+00  2.23745e+04
 1.00348e+00  0.00000e+00  2.23745e+04
 1.00348e+00  0.00000e+00  2.23745e+04
 1.00348e+00  0.00000e+00  2.23745e+04
 1.00348e+00  0.00000e+00  2.23745e+04
 1.00348e+00  0.00000e+00  2.23745e+04
 1.00348e+00  0.00000e+00  2.23745e+04
 1.00348e+00  0.00000e+00  2.23745e+04
 1.00348e+00  0.00000e+00  2.23745e+04
 1.00348e+00  0.00000e+00  2.23745e+04
 1.00348e+00  0.00000e+00  2.23745e+04
 1.00348e+00  0.00000e+00  2.23745e+04
 1.00348e+00  0.00000e+00  2.23745e+04
 1.00348e+00  0.00000e+00  2.23745e+04
 1.00348e+00  0.00000e+00  2.23745e+04
 1.00348e+00  0.00000e+00  2.23745e+04
 1.00348e+00  0.00000e+00  2.23745e+04
 1.00348e+00  0.00000e+00  2.23745e+04
 1.00348e+00  0.00000e+00  2.23745e+04
 1.00348e+00  0.00000e+00  2.23745e+04
 1.00348e+00  0.00000e+00  2.23745e+04
 1.00348e+00  0.00000e+00  2.23745e+04
 1.00348e+00  0.00000e+00  2.23745e+04
 1.00348e+00  0.00000e+00  2.23745e+04
 1.00348e+00  0.00000e+00  2.23745e+04
 1.00348e+00  0.00000e+00  2.23745e+04
 1.00348e+00  0.00000e+00  2.23745e+04
 1.00348e+00  0.00000e+00  2.23745e+04
 1.00348e+00  0.00000e+00  2.23745e+04
 1.00348e+00  0.00000e+00  2.23745e+04
 1.00348e+00  0.00000e+00  2.23745e+04
 1.00348e+00  0.00000e+00  2.23745e+04
 1.00348e+00  0.00000e+00  2.23745e+04
 1.00348e+00  0.00000e+00  2.23745e+04
 1.00348e+00  0.00000e+00  2.23745e+04
 1.00348e+00  0.00000e+00  2.23745e+04
 1.00348e+00  0.00000e+00  2.23745e+04
 1.00348e+00  0.00000e+00  2.23745e+04
 1.00348e+00  0.00000e+00  2.23745e+04
 1.00348e+00  0.00000e+00  2.23745e+04
 1.00348e+00  0.00000e+00  2.23745e+04
 1.00348e+00  0.00000e+00  2.23745e+04
 1.00348e+00  0.00000e+00  2.23745e+04
 1.00348e+00  0.00000e+00  2.23745e+04
 1.00348e+00  0.00000e+00  2.23745e+04
 1.00348e+00  0.00000e+00  2.23745e+04
 1.00348e+00  0.00000e+00  2.23745e+04
 1.00348e+00  0.00000e+00  2.23745e+04
 1.00348e+00  0.00000e+00  2.23745e+04
 1.00348e+00  0.00000e+00  2.23745e+04
 1.00348e+00  0.00000e+00  2.23745e+04
 1.00348e+00  0.00000e+00  2.23745e+04
 1.00348e+00  0.00000e+00  2.23745e+04
 1.00348e+00  0.00000e+00  2.23745e+04
 1.00348e+00  0.00000e+00  2.23745e+04
 1.00348e+00  0.00000e+00  2.23745e+04
 1.00348e+00  0.00000e+00  2.23745e+04
 1.00348e+00  0.00000e+00  2.23745e+04
 1.00348e+00  0.00000e+00  2.23745e+04
 1.00348e+00  0.00000e+00  2.23745e+04
 1.00348e+00  0.00000e+00  2.23745e+04
 1.00348e+00  0.00000e+00  2.23745e+04
 1.00348e+00  0.00000e+00  2.23745e+04
 1.00348e+00  0.00000e+00  2.23745e+04
 1.00348e+00  0.00000e+00  2.23745e+04
 1.00348e+00  0.00000e+00  2.23745e+04
 1.00348e+00  0.00000e+00  2.23745e+04
 1.00348e+00  0.00000e+00  2.23745e+04
 1.00348e+00  0.00000e+00  2.23745e+04
 1.00348e+00  0.00000e+00  2.23745e+04
 1.00348e+00  0.00000e+00  2.23745e+04
 1.00348e+00  0.00000e+00  2.23745e+04
 1.00348e+00  0.00000e+00  2.23745e+04
 1.00348e+00  0.00000e+00  2.23745e+04
 1.00348e+00  0.00000e+00  2.23745e+04
 1.00348e+00  0.00000e+00  2.23745e+04
 1.00348e+00  0.00000e+00  2.23745e+04
 1.00348e+00  0.00000e+00  2.23745e+04
 1.00348e+00  0.00000e+00  2.23745e+04
 1.00348e+00  0.00000e+00  2.23745e+04
 1.00348e+00  0.00000e+00  2.23745e+04
 1.00348e+00  0.00000e+00  2.23745e+04
 1.00348e+00  0.00000e+00  2.23745e+04
 1.00348e+00  0.00000e+00  2.23745e+04
 1.00348e+00  0.00000e+00  2.23745e+04
 1.00348e+00  0.00000e+00  2.23745e+04
 1.00348e+00  0.00000e+00  2.23745e+04
 1.00348e+00  0.00000e+00  2.23745e+04
 1.00348e+00  0.00000e+00  2.23745e+04
 1.00348e+00  0.00000e+00  2.23745e+04
 1.00348e+00  0.00000e+00  2.23745e+04
 1.00348e+00  0.00000e+00  2.23745e+04
 1.00348e+00  0.00000e+00  2.23745e+04
 1.00348e+00  0.00000e+00  2.23745e+04
 1.00348e+00  0.00000e+00  2.23745e+04
 1.00348e+00  0.00000e+00  2.23745e+04
 1.00348e+00  0.00000e+00  2.23745e+04
 1.00348e+00  0.00000e+00  2.23745e+04
 1.00348e+00  0.00000e+00  2.23745e+04
 1.00348e+00  0.00000e+00  2.23745e+04
 1.00348e+00  0.00000e+00  2.23745e+04
 1.00348e+00  0.00000e+00  2.23745e+04
 1.00348e+00  0.00000e+00  2.23745e+04
 1.00348e+00  0.00000e+00  2.23745e+04
 1.00348e+00  0.00000e+00  2.23745e+04
 1.00348e+00  0.00000e+00  2.23745e+04
 1.00348e+00  0.00000e+00  2.23745e+04
 1.00348e+00  0.00000e+00  2.23745e+04
 1.00348e+00  0.00000e+00  2.23745e+04
 1.00348e+00  0.00000e+00  2.23745e+04
 1.00348e+00  0.00000e+00  2.23745e+04
 1.00348e+00  0.00000e+00  2.23745e+04
 1.00348e+00  0.00000e+00  2.23745e+04
 1.00348e+00  0.00000e+00  2.23745e+04
 1.00348e+00  0.00000e+00  2.23745e+04
 1.00348e+00  0.00000e+00  2.23745e+04
 1.00348e+00  0.00000e+00  2.23745e+04
 1.00348e+00  0.00000e+00  2.23745e+04
 1.00348e+00  0.00000e+00  2.23745e+04
 1.00348e+00  0.00000e+00  2.23745e+04
 1.00348e+00  0.00000e+00  2.23745e+04
 1.00348e+00  0.00000e+00  2.23745e+04
 1.00348e+00  0.00000e+00  2.23745e+04
 1.00348e+00  0.00000e+00  2.23745e+04
 1.00348e+00  0.00000e+00  2.23745e+04
 1.00348e+00  0.00000e+00  2.23745e+04
 1.00348e+00  0.00000e+00  2.23745e+04
 1.00348e+00  0.00000e+00  2.23745e+04
 1.00348e+00  0.00000e+00  2.23745e+04
 1.00348e+00  0.00000e+00  2.23745e+04
 1.00348e+00  0.00000e+00  2.23745e+04
 1.00348e+00  0.00000e+00  2.23745e+04
 1.00348e+00  0.00000e+00  2.23745e+04
 1.00348e+00  0.00000e+00  2.23745e+04
 1.00348e+00  0.00000e+00  2.23745e+04
 1.00348e+00  0.00000e+00  2.23745e+04
 1.00348e+00  0.00000e+00  2.23745e+04
 1.00348e+00  0.00000e+00  2.23745e+04
 1.00348e+00  0.00000e+00  2.23745e+04
 1.00348e+00  0.00000e+00  2.23745e+04
 1.00348e+00  0.00000e+00  2.23745e+04
 1.00348e+00  0.00000e+00  2.23745e+04
 1.00348e+00  0.00000e+00  2.23745e+04
 1.00348e+00  0.00000e+00  2.23745e+04
 1.00348e+00  0.00000e+00  2.23745e+04
 1.00348e+00  0.00000e+00  2.23745e+04
 1.00348e+00  0.00000e+00  2.23745e+04
 1.00348e+00  0.00000e+00  2.23745e+04
 1.00348e+00  0.00000e+00  2.23745e+04
 1.00348e+00  0.00000e+00  2.23745e+04
 1.00348e+00  0.00000e+00  2.23745e+04
 1.00348e+00  0.00000e+00  2.23745e+04
 1.00348e+00  0.00000e+00  2.23745e+04
 1.00348e+00  0.00000e+00  2.23745e+04
 1.00348e+00  0.00000e+00  2.23745e+04
 1.00348e+00  0.00000e+00  2.23745e+04
 1.00348e+00  0.00000e+00  2.23745e+04
 1.00348e+00  0.00000e+00  2.23745e+04
 1.00348e+00  0.00000e+00  2.23745e+04
 1.00348e+00  0.00000e+00  2.23745e+04
 1.00348e+00  0.00000e+00  2.23745e+04
 1.00348e+00  0.00000e+00  2.23745e+04
 1.00348e+00  0.00000e+00  2.23745e+04
 1.00348e+00  0.00000e+00  2.23745e+04
 1.00348e+00  0.00000e+00  2.23745e+04
 1.00348e+00  0.00000e+00  2.23745e+04
 1.00348e+00  0.00000e+00  2.23745e+04
 1.00348e+00  0.00000e+00  2.23745e+04
 1.00348e+00  0.00000e+00  2.23745e+04
 1.00348e+00  0.00000e+00  2.23745e+04
 1.00348e+00  0.00000e+00  2.23745e+04
 1.00348e+00  0.00000e+00  2.23745e+04
 1.00348e+00  0.00000e+00  2.23745e+04
 1.00348e+00  0.00000e+00  2.23745e+04
 1.00348e+00  0.00000e+00  2.23745e+04
 1.00348e+00  0.00000e+00  2.23745e+04
 1.00348e+00  0.00000e+00  2.23745e+04
 1.00348e+00  0.00000e+00  2.23745e+04
 1.00348e+00  0.00000e+00  2.23745e+04
 1.00348e+00  0.00000e+00  2.23745e+04
 1.00348e+00  0.00000e+00  2.23745e+04
 1.00348e+00  0.00000e+00  2.23745e+04
 1.00348e+00  0.00000e+00  2.23745e+04
 1.00348e+00  0.00000e+00  2.23745e+04
 1.00348e+00  0.00000e+00  2.23745e+04
 1.00348e+00  0.00000e+00  2.23745e+04
 1.00348e+00  0.00000e+00  2.23745e+04
 1.00348e+00  0.00000e+00  2.23745e+04
 1.00348e+00  0.00000e+00  2.23745e+04
 1.00348e+00  0.00000e+00  2.23745e+04
 1.00348e+00  0.00000e+00  2.23745e+04
 1.00348e+00  0.00000e+00  2.23745e+04
 1.00348e+00  0.00000e+00  2.23745e+04
 1.00348e+00  0.00000e+00  2.23745e+04
 1.00348e+00  0.00000e+00  2.23745e+04
 1.00348e+00  0.00000e+00  2.23745e+04
 1.00348e+00  0.00000e+00  2.23745e+04
 1.00348e+00  0.00000e+00  2.23745e+04
 1.00348e+00  0.00000e+00  2.23745e+04
 1.00348e+00  0.00000e+00  2.23745e+04
 1.00348e+00  0.00000e+00  2.23745e+04
 1.00348e+00  0.00000e+00  2.23745e+04
 1.00348e+00  0.00000e+00  2.23745e+04
 1.00348e+00  0.00000e+00  2.23745e+04
 1.00348e+00  0.00000e+00  2.23745e+04
 1.00348e+00  0.00000e+00  2.23745e+04
 1.00348e+00  0.00000e+00  2.23745e+04
 1.00348e+00  0.00000e+00  2.23745e+04
 1.00348e+00  0.00000e+00  2.23745e+04
 1.00348e+00  0.00000e+00  2.23745e+04
 1.00348e+00  0.00000e+00  2.23745e+04
 1.00348e+00  0.00000e+00  2.23745e+04
 1.00348e+00  0.00000e+00  2.23745e+04
 1.00348e+00  0.00000e+00  2.23745e+04
 1.00348e+00  0.00000e+00  2.23745e+04
 1.00348e+00  0.00000e+00  2.23745e+04
 1.00348e+00  0.00000e+00  2.23745e+04
 1.00348e+00  0.00000e+00  2.23745e+04
 1.00348e+00  0.00000e+00  2.23745e+04
 1.00348e+00  0.00000e+00  2.23745e+04
 1.00348e+00  0.00000e+00  2.23745e+04
 1.00348e+00  0.00000e+00  2.23745e+04
 1.00348e+00  0.00000e+00  2.23745e+04
 1.00348e+00  0.00000e+00  2.23745e+04
 1.00348e+00  0.00000e+00  2.23745e+04
 1.00348e+00  0.00000e+00  2.23745e+04
 1.00348e+00  0.00000e+00  2.23745e+04
 1.00348e+00  0.00000e+00  2.23745e+04
 1.00348e+00  0.00000e+00  2.23745e+04
 1.00348e+00  0.00000e+00  2.23745e+04
 1.00348e+00  0.00000e+00  2.23745e+04
 1.00348e+00  0.00000e+00  2.23745e+04
 1.00348e+00  0.00000e+00  2.23745e+04
 1.00348e+00  0.00000e+00  2.23745e+04
 1.00348e+00  0.00000e+00  2.23745e+04
 1.00348e+00  0.00000e+00  2.23745e+04
 1.00348e+00  0.00000e+00  2.23745e+04
 1.00348e+00  0.00000e+00  2.23745e+04
 1.00348e+00  0.00000e+00  2.23745e+04
 1.00348e+00  0.00000e+00  2.23745e+04
 1.00348e+00  0.00000e+00  2.23745e+04
 1.00348e+00  0.00000e+00  2.23745e+04
 1.00348e+00  0.00000e+00  2.23745e+04
 1.00348e+00  0.00000e+00  2.23745e+04
 1.00348e+00  0.00000e+00  2.23745e+04
 1.00348e+00  0.00000e+00  2.23745e+04
 1.00348e+00  0.00000e+00  2.23745e+04
 1.00348e+00  0.00000e+00  2.23745e+04
 1.00348e+00  0.00000e+00  2.23745e+04
 1.00348e+00  0.00000e+00  2.23745e+04
 1.00348e+00  0.00000e+00  2.23745e+04
 1.00348e+00  0.00000e+00  2.23745e+04
 1.00348e+00  0.00000e+00  2.23745e+04
 1.00348e+00  0.00000e+00  2.23745e+04
 1.00348e+00  0.00000e+00  2.23745e+04
 1.00348e+00  0.00000e+00  2.23745e+04
 1.00348e+00  0.00000e+00  2.23745e+04
 1.00348e+00  0.00000e+00  2.23745e+04
 1.00348e+00  0.00000e+00  2.23745e+04
 1.00348e+00  0.00000e+00  2.23745e+04
 1.00348e+00  0.00000e+00  2.23745e+04
 1.00348e+00  0.00000e+00  2.23745e+04
 1.00348e+00  0.00000e+00  2.23745e+04
 1.00348e+00  0.00000e+00  2.23745e+04
 1.00348e+00  0.00000e+00  2.23745e+04
 1.00348e+00  0.00000e+00  2.23745e+04
 1.00348e+00  0.00000e+00  2.23745e+04
 1.00348e+00  0.00000e+00  2.23745e+04
 1.00348e+00  0.00000e+00  2.23745e+04
 1.00348e+00  0.00000e+00  2.23745e+04
 1.00348e+00  0.00000e+00  2.23745e+04
 1.00348e+00  0.00000e+00  2.23745e+04
 1.00348e+00  0.00000e+00  2.23745e+04
 1.00348e+00  0.00000e+00  2.23745e+04
 1.00348e+00  0.00000e+00  2.23745e+04
 1.00348e+00  0.00000e+00  2.23745e+04
 1.00348e+00  0.00000e+00  2.23745e+04
 1.00348e+00  0.00000e+00  2.23745e+04
 1.00348e+00  0.00000e+00  2.23745e+04
 1.00348e+00  0.00000e+00  2.23745e+04
 1.00348e+00  0.00000e+00  2.23745e+04
 1.00348e+00  0.00000e+00  2.23745e+04
 1.00348e+00  0.00000e+00  2.23745e+04
 1.00348e+00  0.00000e+00  2.23745e+04
 1.00348e+00  0.00000e+00  2.23745e+04
 1.00348e+00  0.00000e+00  2.23745e+04
 1.00348e+00  0.00000e+00  2.23745e+04
 1.00348e+00  0.00000e+00  2.23745e+04
 1.00348e+00  0.00000e+00  2.23745e+04
 1.00348e+00  0.00000e+00  2.23745e+04
 1.00348e+00  0.00000e+00  2.23745e+04
 1.00348e+00  0.00000e+00  2.23745e+04
 1.00348e+00  0.00000e+00  2.23745e+04
 1.00348e+00  0.00000e+00  2.23745e+04
 1.00348e+00  0.00000e+00  2.23745e+04
 1.00348e+00  0.00000e+00  2.23745e+04
 1.00348e+00  0.00000e+00  2.23745e+04
 1.00348e+00  0.00000e+00  2.23745e+04
 1.00348e+00  0.00000e+00  2.23745e+04
 1.00348e+00  0.00000e+00  2.23745e+04
 1.00348e+00  0.00000e+00  2.23745e+04
 1.00348e+00  0.00000e+00  2.23745e+04
 1.00348e+00  0.00000e+00  2.23745e+04
 1.00348e+00  0.00000e+00  2.23745e+04
 1.00348e+00  0.00000e+00  2.23745e+04
 1.00348e+00  0.00000e+00  2.23745e+04
 1.00348e+00  0.00000e+00  2.23745e+04
 1.00348e+00  0.00000e+00  2.23745e+04
 1.00348e+00  0.00000e+00  2.23745e+04
 1.00348e+00  0.00000e+00  2.23745e+04
 1.00348e+00  0.00000e+00  2.23745e+04
 1.00348e+00  0.00000e+00  2.23745e+04
 1.00348e+00  0.00000e+00  2.23745e+04
 1.00348e+00  0.00000e+00  2.23745e+04
 1.00348e+00  0.00000e+00  2.23745e+04
 1.00348e+00  0.00000e+00  2.23745e+04
 1.00348e+00  0.00000e+00  2.23745e+04
 1.00348e+00  0.00000e+00  2.23745e+04
 1.00348e+00  0.00000e+00  2.23745e+04
 1.00348e+00  0.00000e+00  2.23745e+04
 1.00348e+00  0.00000e+00  2.23745e+04
 1.00348e+00  0.00000e+00  2.23745e+04
 1.00348e+00  0.00000e+00  2.23745e+04
 1.00348e+00  0.00000e+00  2.23745e+04
 1.00348e+00  0.00000e+00  2.23745e+04
 1.00348e+00  0.00000e+00  2.23745e+04
 1.00348e+00  0.00000e+00  2.23745e+04
 1.00348e+00  0.00000e+00  2.23745e+04
 1.00348e+00  0.00000e+00  2.23745e+04
 1.00348e+00  0.00000e+00  2.23745e+04
 1.00348e+00  0.00000e+00  2.23745e+04
 1.00348e+00  0.00000e+00  2.23745e+04
 1.00348e+00  0.00000e+00  2.23745e+04
 1.00348e+00  0.00000e+00  2.23745e+04
 1.00348e+00  0.00000e+00  2.23745e+04
 1.00348e+00  0.00000e+00  2.23745e+04
 1.00348e+00  0.00000e+00  2.23745e+04
 1.00348e+00  0.00000e+00  2.23745e+04
 1.00348e+00  0.00000e+00  2.23745e+04
 1.00348e+00  0.00000e+00  2.23745e+04
 1.00348e+00  0.00000e+00  2.23745e+04
 1.00348e+00  0.00000e+00  2.23745e+04
 1.00348e+00  0.00000e+00  2.23745e+04
 1.00348e+00  0.00000e+00  2.23745e+04
 1.00348e+00  0.00000e+00  2.23745e+04
 1.00348e+00  0.00000e+00  2.23745e+04
 1.00348e+00  0.00000e+00  2.23745e+04
 1.00348e+00  0.00000e+00  2.23745e+04
 1.00348e+00  0.00000e+00  2.23745e+04
 1.00348e+00  0.00000e+00  2.23745e+04
 1.00348e+00  0.00000e+00  2.23745e+04
 1.00348e+00  0.00000e+00  2.23745e+04
 1.00348e+00  0.00000e+00  2.23745e+04
 1.00348e+00  0.00000e+00  2.23745e+04
 1.00348e+00  0.00000e+00  2.23745e+04
 1.00348e+00  0.00000e+00  2.23745e+04
 1.00348e+00  0.00000e+00  2.23745e+04
 1.00348e+00  0.00000e+00  2.23745e+04
 1.00348e+00  0.00000e+00  2.23745e+04
 1.00348e+00  0.00000e+00  2.23745e+04
 1.00348e+00  0.00000e+00  2.23745e+04
 1.00348e+00  0.00000e+00  2.23745e+04
 1.00348e+00  0.00000e+00  2.23745e+04
 1.00348e+00  0.00000e+00  2.23745e+04
 1.00348e+00  0.00000e+00  2.23745e+04
 1.00348e+00  0.00000e+00  2.23745e+04
 1.00348e+00  0.00000e+00  2.23745e+04
 1.00348e+00  0.00000e+00  2.23745e+04
 1.00348e+00  0.00000e+00  2.23745e+04
 1.00348e+00  0.00000e+00  2.23745e+04
 1.00348e+00  0.00000e+00  2.23745e+04
 1.00348e+00  0.00000e+00  2.23745e+04
 1.00348e+00  0.00000e+00  2.23745e+04
 1.00348e+00  0.00000e+00  2.23745e+04
 1.00348e+00  0.00000e+00  2.23745e+04
 1.00348e+00  0.00000e+00  2.23745e+04
 1.00348e+00  0.00000e+00  2.23745e+04
 1.00348e+00  0.00000e+00  2.23745e+04
 1.00348e+00  0.00000e+00  2.23745e+04
 1.00348e+00  0.00000e+00  2.23745e+04
 1.00348e+00  0.00000e+00  2.23745e+04
 1.00348e+00  0.00000e+00  2.23745e+04
 1.00348e+00  0.00000e+00  2.23745e+04
 1.00348e+00  0.00000e+00  2.23745e+04
 1.00348e+00  0.00000e+00  2.23745e+04
 1.00348e+00  0.00000e+00  2.23745e+04
 1.00348e+00  0.00000e+00  2.23745e+04
 1.00348e+00  0.00000e+00  2.23745e+04
 1.00348e+00  0.00000e+00  2.23745e+04
 1.00348e+00  0.00000e+00  2.23745e+04
 1.00348e+00  0.00000e+00  2.23745e+04
 1.00348e+00  0.00000e+00  2.23745e+04
 1.00348e+00  0.00000e+00  2.23745e+04
 1.00348e+00  0.00000e+00  2.23745e+04
 1.00348e+00  0.00000e+00  2.23745e+04
 1.00348e+00  0.00000e+00  2.23745e+04
 1.00348e+00  0.00000e+00  2.23745e+04
 1.00348e+00  0.00000e+00  2.23745e+04
 1.00348e+00  0.00000e+00  2.23745e+04
 1.00348e+00  0.00000e+00  2.23745e+04
 1.00348e+00  0.00000e+00  2.23745e+04
 1.00348e+00  0.00000e+00  2.23745e+04
 1.00348e+00  0.00000e+00  2.23745e+04
 1.00348e+00  0.00000e+00  2.23745e+04
 1.00348e+00  0.00000e+00  2.23745e+04
 1.00348e+00  0.00000e+00  2.23745e+04
 1.00348e+00  0.00000e+00  2.23745e+04
 1.00348e+00  0.00000e+00  2.23745e+04
 1.00348e+00  0.00000e+00  2.23745e+04
 1.00348e+00  0.00000e+00  2.23745e+04
 1.00348e+00  0.00000e+00  2.23745e+04
 1.00348e+00  0.00000e+00  2.23745e+04
 1.00348e+00  0.00000e+00  2.23745e+04
 1.00348e+00  0.00000e+00  2.23745e+04
 1.00348e+00  0.00000e+00  2.23745e+04
 1.00348e+00  0.00000e+00  2.23745e+04
 1.00348e+00  0.00000e+00  2.23745e+04
 1.00348e+00  0.00000e+00  2.23745e+04
 1.00348e+00  0.00000e+00  2.23745e+04
 1.00348e+00  0.00000e+00  2.23745e+04
 1.00348e+00  0.00000e+00  2.23745e+04
 1.00348e+00  0.00000e+00  2.23745e+04
 1.00348e+00  0.00000e+00  2.23745e+04
 1.00348e+00  0.00000e+00  2.23745e+04
 1.00348e+00  0.00000e+00  2.23745e+04
 1.00348e+00  0.00000e+00  2.23745e+04
 1.00348e+00  0.00000e+00  2.23745e+04
 1.00348e+00  0.00000e+00  2.23745e+04
 1.00348e+00  0.00000e+00  2.23745e+04
 1.00348e+00  0.00000e+00  2.23745e+04
 1.00348e+00  0.00000e+00  2.23745e+04
 1.00348e+00  0.00000e+00  2.23745e+04
 1.00348e+00  0.00000e+00  2.23745e+04
 1.00348e+00  0.00000e+00  2.23745e+04
 1.00348e+00  0.00000e+00  2.23745e+04
 1.00348e+00  0.00000e+00  2.23745e+04
 1.00348e+00  0.00000e+00  2.23745e+04
 1.00348e+00  0.00000e+00  2.23745e+04
 1.00348e+00  0.00000e+00  2.23745e+04
 1.00348e+00  0.00000e+00  2.23745e+04
 1.00348e+00  0.00000e+00  2.23745e+04
 1.00348e+00  0.00000e+00  2.23745e+04
 1.00348e+00  0.00000e+00  2.23745e+04
 1.00348e+00  0.00000e+00  2.23745e+04
 1.00348e+00  0.00000e+00  2.23745e+04
 1.00348e+00  0.00000e+00  2.23745e+04
 1.00348e+00  0.00000e+00  2.23745e+04
 1.00348e+00  0.00000e+00  2.23745e+04
 1.00348e+00  0.00000e+00  2.23745e+04
 1.00348e+00  0.00000e+00  2.23745e+04
 1.00348e+00  0.00000e+00  2.23745e+04
 1.00348e+00  0.00000e+00  2.23745e+04
 1.00348e+00  0.00000e+00  2.23745e+04
 1.00348e+00  0.00000e+00  2.23745e+04
 1.00348e+00  0.00000e+00  2.23745e+04
 1.00348e+00  0.00000e+00  2.23745e+04
 1.00348e+00  0.00000e+00  2.23745e+04
 1.00348e+00  0.00000e+00  2.23745e+04
 1.00348e+00  0.00000e+00  2.23745e+04
 1.00348e+00  0.00000e+00  2.23745e+04
 1.00348e+00  0.00000e+00  2.23745e+04
 1.00348e+00  0.00000e+00  2.23745e+04
 1.00348e+00  0.00000e+00  2.23745e+04
 1.00348e+00  0.00000e+00  2.23745e+04
 1.00348e+00  0.00000e+00  2.23745e+04
 1.00348e+00  0.00000e+00  2.23745e+04
 1.00348e+00  0.00000e+00  2.23745e+04
 1.00348e+00  0.00000e+00  2.23745e+04
 1.00348e+00  0.00000e+00  2.23745e+04
 1.00348e+00  0.00000e+00  2.23745e+04
 1.00348e+00  0.00000e+00  2.23745e+04
 1.00348e+00  0.00000e+00  2.23745e+04
 1.00348e+00  0.00000e+00  2.23745e+04
 1.00348e+00  0.00000e+00  2.23745e+04
 1.00348e+00  0.00000e+00  2.23745e+04
 1.00348e+00  0.00000e+00  2.23745e+04
 1.00348e+00  0.00000e+00  2.23745e+04
 1.00348e+00  0.00000e+00  2.23745e+04
 1.00348e+00  0.00000e+00  2.23745e+04
 1.00348e+00  0.00000e+00  2.23745e+04
 1.00348e+00  0.00000e+00  2.23745e+04
 1.00348e+00  0.00000e+00  2.23745e+04
 1.00348e+00  0.00000e+00  2.23745e+04
 1.00348e+00  0.00000e+00  2.23745e+04
 1.00348e+00  0.00000e+00  2.23745e+04
 1.00348e+00  0.00000e+00  2.23745e+04
 1.00348e+00  0.00000e+00  2.23745e+04
 1.00348e+00  0.00000e+00  2.23745e+04
 1.00348e+00  0.00000e+00  2.23745e+04
 1.00348e+00  0.00000e+00  2.23745e+04
 1.00348e+00  0.00000e+00  2.23745e+04
 1.00348e+00  0.00000e+00  2.23745e+04
 1.00348e+00  0.00000e+00  2.23745e+04
 1.00348e+00  0.00000e+00  2.23745e+04
 1.00348e+00  0.00000e+00  2.23745e+04
 1.00348e+00  0.00000e+00  2.23745e+04
 1.00348e+00  0.00000e+00  2.23745e+04
 1.00348e+00  0.00000e+00  2.23745e+04
 1.00348e+00  0.00000e+00  2.23745e+04
 1.00348e+00  0.00000e+00  2.23745e+04
 1.00348e+00  0.00000e+00  2.23745e+04
 1.00348e+00  0.00000e+00  2.23745e+04
 1.00348e+00  0.00000e+00  2.23745e+04
 1.00348e+00  0.00000e+00  2.23745e+04
 1.00348e+00  0.00000e+00  2.23745e+04
 1.00348e+00  0.00000e+00  2.23745e+04
 1.00348e+00  0.00000e+00  2.23745e+04
 1.00348e+00  0.00000e+00  2.23745e+04
 1.00348e+00  0.00000e+00  2.23745e+04
 1.00348e+00  0.00000e+00  2.23745e+04
 1.00348e+00  0.00000e+00  2.23745e+04
 1.00348e+00  0.00000e+00  2.23745e+04
 1.00348e+00  0.00000e+00  2.23745e+04
 1.00348e+00  0.00000e+00  2.23745e+04
 1.00348e+00  0.00000e+00  2.23745e+04
 1.00348e+00  0.00000e+00  2.23745e+04
 1.00348e+00  0.00000e+00  2.23745e+04
 1.00348e+00  0.00000e+00  2.23745e+04
 1.00348e+00  0.00000e+00  2.23745e+04
 1.00348e+00  0.00000e+00  2.23745e+04
 1.00348e+00  0.00000e+00  2.23745e+04
 1.00348e+00  0.00000e+00  2.23745e+04
 1.00348e+00  0.00000e+00  2.23745e+04
 1.00348e+00  0.00000e+00  2.23745e+04
 1.00348e+00  0.00000e+00  2.23745e+04
 1.00348e+00  0.00000e+00  2.23745e+04
 1.00348e+00  0.00000e+00  2.23745e+04
 1.00348e+00  0.00000e+00  2.23745e+04
 1.00348e+00  0.00000e+00  2.23745e+04
 1.00348e+00  0.00000e+00  2.23745e+04
 1.00348e+00  0.00000e+00  2.23745e+04
 1.00348e+00  0.00000e+00  2.23745e+04
 1.00348e+00  0.00000e+00  2.23745e+04
 1.00348e+00  0.00000e+00  2.23745e+04
 1.00348e+00  0.00000e+00  2.23745e+04
