444
 1.47620e-02  9.99627e-01  9.99942e-01
 4.53590e-02  9.99506e-01  9.99937e-01
 7.34260e-02  1.00006e+00  9.99933e-01
 9.76880e-02  9.99839e-01  9.99930e-01
 1.22803e-01  1.00076e+00  9.99927e-01
 1.50975e-01  9.98893e-01  9.99923e-01
 1.75372e-01  9.99576e-01  9.99920e-01
 1.99778e-01  9.99613e-01  9.99917e-01
 2.26713e-01  9.99458e-01  9.99913e-01
 2.53938e-01  9.97932e-01  9.99910e-01
 2.76683e-01  9.98277e-01  9.99907e-01
 2.99957e-01  9.99353e-01  9.99904e-01
 3.21421e-01  9.99930e-01  9.99901e-01
 3.46182e-01  9.98817e-01  9.99898e-01
 3.71650e-01  9.99538e-01  9.99895e-01
 3.94331e-01  9.86056e-01  9.99893e-01
 4.15141e-01  9.98910e-01  9.99890e-01
 4.36001e-01  9.99042e-01  9.99888e-01
 4.58702e-01  9.98781e-01  9.99885e-01
 4.80584e-01  9.98946e-01  9.99883e-01
 5.04033e-01  9.98786e-01  9.99880e-01
 5.27327e-01  9.98879e-01  9.99877e-01
 5.50810e-01  9.98761e-01  9.99875e-01
 5.76518e-01  9.98594e-01  9.99872e-01
 5.99947e-01  9.98205e-01  9.99870e-01
 6.22992e-01  9.98966e-01  9.99867e-01
 6.46525e-01  1.00043e+00  9.99865e-01
 6.71286e-01  9.99915e-01  9.99862e-01
 6.95069e-01  9.99257e-01  9.99860e-01
 7.20174e-01  9.99464e-01  9.99858e-01
 7.45797e-01  9.99737e-01  9.99855e-01
 7.70164e-01  9.99195e-01  9.99853e-01
 7.94540e-01  1.00048e+00  9.99851e-01
 8.17844e-01  1.00013e+00  9.99849e-01
 8.41523e-01  1.00079e+00  9.99847e-01
 8.68583e-01  1.00162e+00  9.99845e-01
 8.91627e-01  1.00191e+00  9.99843e-01
 9.17355e-01  1.00212e+00  9.99841e-01
 9.42979e-01  1.00264e+00  9.99839e-01
 9.68084e-01  1.00307e+00  9.99838e-01
 9.91098e-01  1.00344e+00  9.99836e-01
 1.01454e+00  1.00433e+00  9.99835e-01
 1.04124e+00  1.00405e+00  9.99833e-01
 1.06538e+00  1.00512e+00  9.99832e-01
 1.08865e+00  1.00514e+00  9.99831e-01
 1.11372e+00  1.00517e+00  9.99830e-01
 1.13877e+00  1.00427e+00  9.99829e-01
 1.16318e+00  1.00449e+00  9.99828e-01
 1.18820e+00  1.00460e+00  9.99828e-01
 1.21302e+00  1.00475e+00  9.99827e-01
 1.23882e+00  1.00493e+00  9.99827e-01
 1.26305e+00  1.00495e+00  9.99827e-01
 1.28745e+00  1.00430e+00  9.99827e-01
 1.31049e+00  1.00321e+00  9.99827e-01
 1.33610e+00  1.00063e+00  9.99828e-01
 1.35950e+00  1.00194e+00  9.99829e-01
 1.38256e+00  1.00335e+00  9.99830e-01
 1.40558e+00  1.00365e+00  9.99831e-01
 1.42860e+00  1.00269e+00  9.99833e-01
 1.45191e+00  1.00116e+00  9.99835e-01
 1.47496e+00  9.99679e-01  9.99837e-01
 1.49799e+00  9.98287e-01  9.99840e-01
 1.52151e+00  1.00016e+00  9.99843e-01
 1.54454e+00  1.00179e+00  9.99846e-01
 1.56784e+00  1.00099e+00  9.99850e-01
 1.59224e+00  9.99950e-01  9.99855e-01
 1.62057e+00  9.99559e-01  9.99862e-01
 1.64906e+00  9.99252e-01  9.99870e-01
 1.67560e+00  9.99519e-01  9.99878e-01
 1.70126e+00  9.99348e-01  9.99887e-01
 1.72547e+00  9.99807e-01  9.99898e-01
 1.75060e+00  1.00064e+00  9.99909e-01
 1.77419e+00  9.99672e-01  9.99922e-01
 1.79752e+00  9.99419e-01  9.99937e-01
 1.82357e+00  9.99633e-01  9.99955e-01
 1.84972e+00  9.99790e-01  9.99977e-01
 1.87620e+00  1.00063e+00  1.00000e+00
 1.89919e+00  9.99542e-01  1.00003e+00
 1.92252e+00  9.99249e-01  1.00006e+00
 1.94556e+00  9.99497e-01  1.00009e+00
 1.96858e+00  9.99201e-01  1.00014e+00
 1.99369e+00  9.99662e-01  1.00019e+00
 2.01712e+00  9.99416e-01  1.00025e+00
 2.04286e+00  9.99146e-01  1.00033e+00
 2.06588e+00  9.99269e-01  1.00042e+00
 2.09105e+00  9.99537e-01  1.00054e+00
 2.11538e+00  9.99232e-01  1.00070e+00
 2.14052e+00  9.99696e-01  1.00090e+00
 2.16787e+00  9.99281e-01  1.00121e+00
 2.19148e+00  9.99474e-01  1.00158e+00
 2.21733e+00  9.99227e-01  1.00213e+00
 2.24556e+00  1.00250e+00  1.00296e+00
 2.26992e+00  9.99686e-01  1.00374e+00
 2.29617e+00  9.99696e-01  1.00424e+00
 2.32275e+00  1.00004e+00  1.00411e+00
 2.34637e+00  9.99712e-01  1.00376e+00
 2.37130e+00  9.99716e-01  1.00337e+00
 2.39701e+00  1.00010e+00  1.00302e+00
 2.42006e+00  1.00011e+00  1.00275e+00
 2.44646e+00  1.00011e+00  1.00250e+00
 2.47399e+00  9.99675e-01  1.00228e+00
 2.50119e+00  1.00026e+00  1.00210e+00
 2.52479e+00  1.00056e+00  1.00196e+00
 2.55193e+00  1.00014e+00  1.00183e+00
 2.57492e+00  9.99806e-01  1.00173e+00
 2.59681e+00  1.00014e+00  1.00164e+00
 2.62005e+00  9.99885e-01  1.00156e+00
 2.64233e+00  9.99830e-01  1.00149e+00
 2.66945e+00  9.99601e-01  1.00142e+00
 2.69470e+00  9.99707e-01  1.00135e+00
 2.72294e+00  1.00088e+00  1.00128e+00
 2.75316e+00  9.98408e-01  1.00122e+00
 2.78329e+00  9.99802e-01  1.00116e+00
 2.81237e+00  9.99790e-01  1.00111e+00
 2.84196e+00  9.99908e-01  1.00106e+00
 2.86798e+00  9.99612e-01  1.00102e+00
 2.89102e+00  9.99505e-01  1.00099e+00
 2.91614e+00  9.99832e-01  1.00096e+00
 2.93968e+00  9.99572e-01  1.00093e+00
 2.96319e+00  9.99456e-01  1.00090e+00
 2.99038e+00  9.99942e-01  1.00087e+00
 3.01738e+00  9.99485e-01  1.00084e+00
 3.04162e+00  9.99539e-01  1.00082e+00
 3.06982e+00  9.99985e-01  1.00079e+00
 3.10180e+00  1.00032e+00  1.00076e+00
 3.12718e+00  1.00016e+00  1.00074e+00
 3.15018e+00  1.00030e+00  1.00072e+00
 3.17570e+00  9.99775e-01  1.00070e+00
 3.20066e+00  9.99374e-01  1.00068e+00
 3.22434e+00  9.98555e-01  1.00066e+00
 3.24865e+00  9.99375e-01  1.00064e+00
 3.27641e+00  1.00036e+00  1.00062e+00
 3.30227e+00  1.00075e+00  1.00061e+00
 3.32757e+00  1.00010e+00  1.00059e+00
 3.35288e+00  9.99808e-01  1.00057e+00
 3.38290e+00  9.99484e-01  1.00056e+00
 3.41088e+00  9.99703e-01  1.00054e+00
 3.43489e+00  9.99866e-01  1.00053e+00
 3.46049e+00  1.00035e+00  1.00051e+00
 3.48624e+00  1.00030e+00  1.00050e+00
 3.51245e+00  9.99679e-01  1.00049e+00
 3.53684e+00  1.00083e+00  1.00047e+00
 3.55989e+00  1.00051e+00  1.00046e+00
 3.58550e+00  9.99958e-01  1.00045e+00
 3.61111e+00  9.99758e-01  1.00044e+00
 3.63488e+00  1.00059e+00  1.00043e+00
 3.65963e+00  1.00058e+00  1.00042e+00
 3.68613e+00  9.99981e-01  1.00041e+00
 3.71049e+00  9.99869e-01  1.00040e+00
 3.73403e+00  1.00049e+00  1.00039e+00
 3.75914e+00  1.00006e+00  1.00038e+00
 3.78215e+00  1.00022e+00  1.00037e+00
 3.80828e+00  1.00043e+00  1.00036e+00
 3.83527e+00  1.00039e+00  1.00035e+00
 3.86330e+00  1.00036e+00  1.00034e+00
 3.88954e+00  9.99923e-01  1.00033e+00
 3.91403e+00  9.99374e-01  1.00032e+00
 3.93945e+00  9.99691e-01  1.00031e+00
 3.96528e+00  9.99558e-01  1.00030e+00
 3.98832e+00  9.99315e-01  1.00030e+00
 4.01379e+00  9.99685e-01  1.00029e+00
 4.04099e+00  9.99370e-01  1.00028e+00
 4.06746e+00  1.00204e+00  1.00027e+00
 4.09330e+00  9.99248e-01  1.00026e+00
 4.11931e+00  9.99454e-01  1.00026e+00
 4.14516e+00  1.00056e+00  1.00025e+00
 4.17382e+00  1.00198e+00  1.00024e+00
 4.20265e+00  1.00112e+00  1.00023e+00
 4.22849e+00  1.00043e+00  1.00023e+00
 4.25767e+00  9.98927e-01  1.00022e+00
 4.28337e+00  9.99269e-01  1.00021e+00
 4.30913e+00  1.00077e+00  1.00020e+00
 4.33547e+00  1.00303e+00  1.00020e+00
 4.36595e+00  1.00057e+00  1.00019e+00
 4.39247e+00  9.97709e-01  1.00018e+00
 4.42139e+00  1.00038e+00  1.00018e+00
 4.44857e+00  9.99861e-01  1.00017e+00
 4.47579e+00  9.97865e-01  1.00016e+00
 4.50472e+00  1.00247e+00  1.00016e+00
 4.53404e+00  1.00269e+00  1.00015e+00
 4.56462e+00  1.00042e+00  1.00014e+00
 4.59577e+00  9.99686e-01  1.00013e+00
 4.62162e+00  1.00003e+00  1.00013e+00
 4.64797e+00  1.00096e+00  1.00012e+00
 4.67693e+00  1.00171e+00  1.00012e+00
 4.70766e+00  1.00060e+00  1.00011e+00
 4.73411e+00  9.99752e-01  1.00011e+00
 4.76044e+00  1.00009e+00  1.00010e+00
 4.79173e+00  1.00123e+00  1.00009e+00
 4.82016e+00  1.00079e+00  1.00009e+00
 4.84673e+00  1.00027e+00  1.00008e+00
 4.87712e+00  9.99195e-01  1.00008e+00
 4.90598e+00  9.99957e-01  1.00007e+00
 4.93526e+00  1.00011e+00  1.00007e+00
 4.96486e+00  1.00018e+00  1.00006e+00
 4.99429e+00  1.00051e+00  1.00005e+00
 5.02152e+00  1.00033e+00  1.00005e+00
 5.05139e+00  1.00051e+00  1.00004e+00
 5.07997e+00  1.00038e+00  1.00004e+00
 5.10628e+00  1.00017e+00  1.00003e+00
 5.13474e+00  9.99996e-01  1.00003e+00
 5.16368e+00  1.00024e+00  1.00002e+00
 5.19245e+00  1.00001e+00  1.00002e+00
 5.21747e+00  1.00256e+00  1.00002e+00
 5.24347e+00  1.00100e+00  1.00001e+00
 5.27081e+00  1.00073e+00  1.00001e+00
 5.29600e+00  9.99879e-01  1.00000e+00
 5.31944e+00  9.99907e-01  9.99998e-01
 5.34247e+00  9.99463e-01  9.99995e-01
 5.36668e+00  1.00010e+00  9.99991e-01
 5.39101e+00  1.00025e+00  9.99987e-01
 5.41598e+00  1.00063e+00  9.99983e-01
 5.44184e+00  1.00028e+00  9.99979e-01
 5.46528e+00  1.00034e+00  9.99976e-01
 5.49086e+00  1.00053e+00  9.99972e-01
 5.51601e+00  9.99924e-01  9.99968e-01
 5.54110e+00  1.00016e+00  9.99964e-01
 5.56685e+00  1.00058e+00  9.99960e-01
 5.59026e+00  9.99919e-01  9.99957e-01
 5.61638e+00  9.99685e-01  9.99953e-01
 5.64466e+00  1.00021e+00  9.99949e-01
 5.67359e+00  9.99832e-01  9.99945e-01
 5.70954e+00  9.99627e-01  9.99940e-01
 5.74014e+00  9.99506e-01  9.99936e-01
 5.76821e+00  1.00006e+00  9.99932e-01
 5.79247e+00  9.99839e-01  9.99929e-01
 5.81759e+00  1.00076e+00  9.99925e-01
 5.84576e+00  9.98893e-01  9.99921e-01
 5.87015e+00  9.99576e-01  9.99918e-01
 5.89456e+00  9.99613e-01  9.99915e-01
 5.92150e+00  9.99458e-01  9.99912e-01
 5.94872e+00  9.97932e-01  9.99908e-01
 5.97147e+00  9.98277e-01  9.99905e-01
 5.99474e+00  9.99353e-01  9.99903e-01
 6.01620e+00  9.99930e-01  9.99900e-01
 6.04096e+00  9.98817e-01  9.99897e-01
 6.06643e+00  9.99538e-01  9.99894e-01
 6.08911e+00  9.86056e-01  9.99891e-01
 6.10992e+00  9.98910e-01  9.99889e-01
 6.13078e+00  9.99042e-01  9.99886e-01
 6.15348e+00  9.98781e-01  9.99884e-01
 6.17537e+00  9.98946e-01  9.99881e-01
 6.19881e+00  9.98786e-01  9.99879e-01
 6.22211e+00  9.98879e-01  9.99876e-01
 6.24559e+00  9.98761e-01  9.99874e-01
 6.27130e+00  9.98594e-01  9.99871e-01
 6.29473e+00  9.98205e-01  9.99868e-01
 6.31777e+00  9.98966e-01  9.99866e-01
 6.34131e+00  1.00043e+00  9.99864e-01
 6.36607e+00  9.99915e-01  9.99861e-01
 6.38985e+00  9.99257e-01  9.99859e-01
 6.41496e+00  9.99464e-01  9.99857e-01
 6.44058e+00  9.99737e-01  9.99854e-01
 6.46495e+00  9.99195e-01  9.99852e-01
 6.48932e+00  1.00048e+00  9.99850e-01
 6.51263e+00  1.00013e+00  9.99848e-01
 6.53630e+00  1.00079e+00  9.99846e-01
 6.56337e+00  1.00162e+00  9.99844e-01
 6.58641e+00  1.00191e+00  9.99842e-01
 6.61214e+00  1.00212e+00  9.99840e-01
 6.63776e+00  1.00264e+00  9.99839e-01
 6.66287e+00  1.00307e+00  9.99837e-01
 6.68588e+00  1.00344e+00  9.99836e-01
 6.70932e+00  1.00433e+00  9.99834e-01
 6.73602e+00  1.00405e+00  9.99833e-01
 6.76016e+00  1.00512e+00  9.99832e-01
 6.78344e+00  1.00514e+00  9.99831e-01
 6.80851e+00  1.00517e+00  9.99830e-01
 6.83355e+00  1.00427e+00  9.99829e-01
 6.85796e+00  1.00449e+00  9.99828e-01
 6.88299e+00  1.00460e+00  9.99828e-01
 6.90780e+00  1.00475e+00  9.99827e-01
 6.93360e+00  1.00493e+00  9.99827e-01
 6.95783e+00  1.00495e+00  9.99827e-01
 6.98223e+00  1.00430e+00  9.99827e-01
 7.00527e+00  1.00321e+00  9.99828e-01
 7.03088e+00  1.00063e+00  9.99828e-01
 7.05429e+00  1.00194e+00  9.99829e-01
 7.07734e+00  1.00335e+00  9.99831e-01
 7.10037e+00  1.00365e+00  9.99832e-01
 7.12338e+00  1.00269e+00  9.99834e-01
 7.14670e+00  1.00116e+00  9.99836e-01
 7.16974e+00  9.99679e-01  9.99838e-01
 7.19277e+00  9.98287e-01  9.99841e-01
 7.21630e+00  1.00016e+00  9.99845e-01
 7.23932e+00  1.00179e+00  9.99848e-01
 7.26263e+00  1.00099e+00  9.99853e-01
 7.28702e+00  9.99950e-01  9.99858e-01
 7.31535e+00  9.99559e-01  9.99865e-01
 7.34385e+00  9.99252e-01  9.99873e-01
 7.37038e+00  9.99519e-01  9.99882e-01
 7.39604e+00  9.99348e-01  9.99892e-01
 7.42025e+00  9.99807e-01  9.99903e-01
 7.44538e+00  1.00064e+00  9.99916e-01
 7.46897e+00  9.99672e-01  9.99930e-01
 7.49230e+00  9.99419e-01  9.99945e-01
 7.51836e+00  9.99633e-01  9.99965e-01
 7.54450e+00  9.99790e-01  9.99988e-01
 7.57099e+00  1.00063e+00  1.00002e+00
 7.59397e+00  9.99542e-01  1.00004e+00
 7.61730e+00  9.99249e-01  1.00008e+00
 7.64034e+00  9.99497e-01  1.00011e+00
 7.66336e+00  9.99201e-01  1.00016e+00
 7.68847e+00  9.99662e-01  1.00022e+00
 7.71190e+00  9.99416e-01  1.00028e+00
 7.73765e+00  9.99146e-01  1.00037e+00
 7.76066e+00  9.99269e-01  1.00047e+00
 7.78584e+00  9.99537e-01  1.00061e+00
 7.81016e+00  9.99232e-01  1.00079e+00
 7.83531e+00  9.99696e-01  1.00103e+00
 7.86266e+00  9.99281e-01  1.00138e+00
 7.88626e+00  9.99474e-01  1.00181e+00
 7.91211e+00  9.99227e-01  1.00245e+00
 7.94034e+00  1.00250e+00  1.00335e+00
 7.96471e+00  9.99686e-01  1.00405e+00
 7.99095e+00  9.99696e-01  1.00424e+00
 8.01754e+00  1.00004e+00  1.00395e+00
 8.04115e+00  9.99712e-01  1.00357e+00
 8.06608e+00  9.99716e-01  1.00320e+00
 8.09180e+00  1.00010e+00  1.00287e+00
 8.11484e+00  1.00011e+00  1.00263e+00
 8.14125e+00  1.00011e+00  1.00239e+00
 8.16877e+00  9.99675e-01  1.00219e+00
 8.19598e+00  1.00026e+00  1.00203e+00
 8.21958e+00  1.00056e+00  1.00190e+00
 8.24672e+00  1.00014e+00  1.00177e+00
 8.26970e+00  9.99806e-01  1.00168e+00
 8.29160e+00  1.00014e+00  1.00160e+00
 8.31483e+00  9.99885e-01  1.00152e+00
 8.33711e+00  9.99830e-01  1.00146e+00
 8.36423e+00  9.99601e-01  1.00138e+00
 8.38949e+00  9.99707e-01  1.00132e+00
 8.41772e+00  1.00088e+00  1.00126e+00
 8.44794e+00  9.98408e-01  1.00120e+00
 8.47807e+00  9.99802e-01  1.00114e+00
 8.50715e+00  9.99790e-01  1.00109e+00
 8.53674e+00  9.99908e-01  1.00104e+00
 8.56276e+00  9.99612e-01  1.00101e+00
 8.58581e+00  9.99505e-01  1.00097e+00
 8.61092e+00  9.99832e-01  1.00094e+00
 8.63446e+00  9.99572e-01  1.00091e+00
 8.65798e+00  9.99456e-01  1.00089e+00
 8.68516e+00  9.99942e-01  1.00086e+00
 8.71217e+00  9.99485e-01  1.00083e+00
 8.73640e+00  9.99539e-01  1.00080e+00
 8.76460e+00  9.99985e-01  1.00078e+00
 8.79658e+00  1.00032e+00  1.00075e+00
 8.82196e+00  1.00016e+00  1.00073e+00
 8.84496e+00  1.00030e+00  1.00071e+00
 8.87048e+00  9.99775e-01  1.00069e+00
 8.89545e+00  9.99374e-01  1.00067e+00
 8.91913e+00  9.98555e-01  1.00065e+00
 8.94344e+00  9.99375e-01  1.00063e+00
 8.97120e+00  1.00036e+00  1.00062e+00
 8.99705e+00  1.00075e+00  1.00060e+00
 9.02235e+00  1.00010e+00  1.00058e+00
 9.04766e+00  9.99808e-01  1.00057e+00
 9.07769e+00  9.99484e-01  1.00055e+00
 9.10566e+00  9.99703e-01  1.00053e+00
 9.12967e+00  9.99866e-01  1.00052e+00
 9.15527e+00  1.00035e+00  1.00051e+00
 9.18102e+00  1.00030e+00  1.00049e+00
 9.20723e+00  9.99679e-01  1.00048e+00
 9.23163e+00  1.00083e+00  1.00047e+00
 9.25467e+00  1.00051e+00  1.00046e+00
 9.28028e+00  9.99958e-01  1.00045e+00
 9.30590e+00  9.99758e-01  1.00043e+00
 9.32966e+00  1.00059e+00  1.00042e+00
 9.35441e+00  1.00058e+00  1.00041e+00
 9.38091e+00  9.99981e-01  1.00040e+00
 9.40527e+00  9.99869e-01  1.00039e+00
 9.42882e+00  1.00049e+00  1.00038e+00
 9.45392e+00  1.00006e+00  1.00037e+00
 9.47694e+00  1.00022e+00  1.00036e+00
 9.50306e+00  1.00043e+00  1.00035e+00
 9.53006e+00  1.00039e+00  1.00034e+00
 9.55808e+00  1.00036e+00  1.00033e+00
 9.58432e+00  9.99923e-01  1.00033e+00
 9.60881e+00  9.99374e-01  1.00032e+00
 9.63424e+00  9.99691e-01  1.00031e+00
 9.66006e+00  9.99558e-01  1.00030e+00
 9.68310e+00  9.99315e-01  1.00029e+00
 9.70857e+00  9.99685e-01  1.00028e+00
 9.73578e+00  9.99370e-01  1.00028e+00
 9.76224e+00  1.00204e+00  1.00027e+00
 9.78809e+00  9.99248e-01  1.00026e+00
 9.81409e+00  9.99454e-01  1.00025e+00
 9.83995e+00  1.00056e+00  1.00025e+00
 9.86861e+00  1.00198e+00  1.00024e+00
 9.89743e+00  1.00112e+00  1.00023e+00
 9.92328e+00  1.00043e+00  1.00022e+00
 9.95246e+00  9.98927e-01  1.00021e+00
 9.97815e+00  9.99269e-01  1.00021e+00
 1.00039e+01  1.00077e+00  1.00020e+00
 1.00303e+01  1.00303e+00  1.00019e+00
 1.00607e+01  1.00057e+00  1.00019e+00
 1.00873e+01  9.97709e-01  1.00018e+00
 1.01162e+01  1.00038e+00  1.00017e+00
 1.01434e+01  9.99861e-01  1.00017e+00
 1.01706e+01  9.97865e-01  1.00016e+00
 1.01995e+01  1.00247e+00  1.00015e+00
 1.02288e+01  1.00269e+00  1.00015e+00
 1.02594e+01  1.00042e+00  1.00014e+00
 1.02905e+01  9.99686e-01  1.00013e+00
 1.03164e+01  1.00003e+00  1.00013e+00
 1.03428e+01  1.00096e+00  1.00012e+00
 1.03717e+01  1.00171e+00  1.00011e+00
 1.04024e+01  1.00060e+00  1.00011e+00
 1.04289e+01  9.99752e-01  1.00010e+00
 1.04552e+01  1.00009e+00  1.00010e+00
 1.04865e+01  1.00123e+00  1.00009e+00
 1.05149e+01  1.00079e+00  1.00009e+00
 1.05415e+01  1.00027e+00  1.00008e+00
 1.05719e+01  9.99195e-01  1.00007e+00
 1.06008e+01  9.99957e-01  1.00007e+00
 1.06300e+01  1.00011e+00  1.00006e+00
 1.06596e+01  1.00018e+00  1.00006e+00
 1.06891e+01  1.00051e+00  1.00005e+00
 1.07163e+01  1.00033e+00  1.00005e+00
 1.07462e+01  1.00051e+00  1.00004e+00
 1.07748e+01  1.00038e+00  1.00004e+00
 1.08011e+01  1.00017e+00  1.00003e+00
 1.08295e+01  9.99996e-01  1.00003e+00
 1.08585e+01  1.00024e+00  1.00002e+00
 1.08872e+01  1.00001e+00  1.00002e+00
 1.09123e+01  1.00256e+00  1.00001e+00
 1.09383e+01  1.00100e+00  1.00001e+00
 1.09656e+01  1.00073e+00  1.00000e+00
 1.09908e+01  9.99879e-01  1.00000e+00
 1.10142e+01  9.99907e-01  9.99996e-01
 1.10373e+01  9.99463e-01  9.99993e-01
 1.10615e+01  1.00010e+00  9.99989e-01
 1.10858e+01  1.00025e+00  9.99985e-01
 1.11108e+01  1.00063e+00  9.99981e-01
 1.11366e+01  1.00028e+00  9.99977e-01
 1.11601e+01  1.00034e+00  9.99974e-01
 1.11856e+01  1.00053e+00  9.99970e-01
 1.12108e+01  9.99924e-01  9.99966e-01
 1.12359e+01  1.00016e+00  9.99962e-01
 1.12616e+01  1.00058e+00  9.99959e-01
 1.12850e+01  9.99919e-01  9.99955e-01
 1.13112e+01  9.99685e-01  9.99951e-01
 1.13394e+01  1.00021e+00  9.99947e-01
 1.13684e+01  9.99832e-01  9.99943e-01
