386
 3.00370e-02  1.00031e+00  1.00047e+00
 8.33170e-02  1.00053e+00  1.00051e+00
 1.34497e-01  1.00056e+00  1.00055e+00
 1.87477e-01  1.00077e+00  1.00060e+00
 2.39842e-01  1.00075e+00  1.00065e+00
 2.89208e-01  1.00101e+00  1.00071e+00
 3.30888e-01  1.00137e+00  1.00077e+00
 3.74672e-01  1.00138e+00  1.00084e+00
 4.18113e-01  1.00165e+00  1.00093e+00
 4.53537e-01  1.00153e+00  1.00101e+00
 4.89862e-01  1.00197e+00  1.00111e+00
 5.27308e-01  1.00232e+00  1.00123e+00
 5.61603e-01  1.00230e+00  1.00136e+00
 5.98753e-01  1.00290e+00  1.00153e+00
 6.35058e-01  1.00327e+00  1.00173e+00
 6.65397e-01  1.03935e+00  1.00193e+00
 6.96032e-01  1.01747e+00  1.00217e+00
 7.25227e-01  1.02176e+00  1.00242e+00
 7.58882e-01  1.00376e+00  1.00276e+00
 7.97868e-01  1.00320e+00  1.00320e+00
 8.32413e-01  1.00373e+00  1.00358e+00
 8.67222e-01  1.00370e+00  1.00389e+00
 9.00258e-01  1.00459e+00  1.00400e+00
 9.31242e-01  1.00429e+00  1.00382e+00
 9.61583e-01  1.00500e+00  1.00339e+00
 9.91027e-01  1.00360e+00  1.00295e+00
 1.02082e+00  1.00497e+00  1.00288e+00
 1.05085e+00  1.00421e+00  1.00350e+00
 1.08004e+00  1.00409e+00  1.00452e+00
 1.11070e+00  1.00482e+00  1.00543e+00
 1.13956e+00  1.00306e+00  1.00569e+00
 1.16993e+00  1.00429e+00  1.00535e+00
 1.19936e+00  1.00293e+00  1.00464e+00
 1.22916e+00  1.00344e+00  1.00380e+00
 1.25918e+00  1.00346e+00  1.00299e+00
 1.28990e+00  1.00166e+00  1.00226e+00
 1.32257e+00  1.00253e+00  1.00164e+00
 1.35416e+00  1.00171e+00  1.00116e+00
 1.38566e+00  1.00161e+00  1.00079e+00
 1.41160e+00  1.00062e+00  1.00055e+00
 1.43778e+00  1.00084e+00  1.00035e+00
 1.46397e+00  1.00011e+00  1.00019e+00
 1.49073e+00  1.00032e+00  1.00006e+00
 1.51843e+00  9.99772e-01  9.99949e-01
 1.54464e+00  9.99647e-01  9.99866e-01
 1.57137e+00  9.99600e-01  9.99797e-01
 1.59911e+00  9.99143e-01  9.99740e-01
 1.62527e+00  9.99417e-01  9.99697e-01
 1.65147e+00  9.99465e-01  9.99661e-01
 1.67734e+00  9.99554e-01  9.99633e-01
 1.70327e+00  9.99336e-01  9.99610e-01
 1.73748e+00  9.99670e-01  9.99587e-01
 1.76369e+00  9.99394e-01  9.99573e-01
 1.79194e+00  9.99442e-01  9.99562e-01
 1.81816e+00  9.99722e-01  9.99554e-01
 1.84398e+00  9.99686e-01  9.99548e-01
 1.86995e+00  9.99747e-01  9.99544e-01
 1.89878e+00  9.99733e-01  9.99541e-01
 1.92734e+00  9.99418e-01  9.99540e-01
 1.95327e+00  9.99843e-01  9.99540e-01
 1.97945e+00  9.99484e-01  9.99540e-01
 2.00711e+00  9.99810e-01  9.99542e-01
 2.03391e+00  9.99542e-01  9.99544e-01
 2.06011e+00  9.99605e-01  9.99547e-01
 2.09100e+00  9.99467e-01  9.99550e-01
 2.12349e+00  9.99812e-01  9.99555e-01
 2.15381e+00  1.00004e+00  9.99559e-01
 2.18690e+00  9.99935e-01  9.99565e-01
 2.22137e+00  9.99687e-01  9.99571e-01
 2.25147e+00  1.00012e+00  9.99576e-01
 2.28089e+00  9.99822e-01  9.99581e-01
 2.31099e+00  9.99649e-01  9.99587e-01
 2.34074e+00  1.00001e+00  9.99593e-01
 2.37020e+00  9.99960e-01  9.99599e-01
 2.40145e+00  9.99986e-01  9.99605e-01
 2.43270e+00  9.99637e-01  9.99611e-01
 2.46278e+00  9.99736e-01  9.99617e-01
 2.49221e+00  9.99713e-01  9.99623e-01
 2.52411e+00  9.99933e-01  9.99629e-01
 2.55679e+00  9.99547e-01  9.99636e-01
 2.58778e+00  9.99858e-01  9.99642e-01
 2.61721e+00  9.99618e-01  9.99648e-01
 2.64819e+00  9.99922e-01  9.99654e-01
 2.68270e+00  9.99796e-01  9.99661e-01
 2.71279e+00  9.99988e-01  9.99667e-01
 2.74667e+00  9.99750e-01  9.99674e-01
 2.78090e+00  9.99808e-01  9.99681e-01
 2.81099e+00  9.99727e-01  9.99687e-01
 2.84075e+00  9.99716e-01  9.99693e-01
 2.87051e+00  9.99615e-01  9.99698e-01
 2.90325e+00  9.99794e-01  9.99705e-01
 2.93537e+00  9.99817e-01  9.99711e-01
 2.96575e+00  9.99875e-01  9.99717e-01
 2.99520e+00  9.99847e-01  9.99722e-01
 3.02675e+00  9.99846e-01  9.99728e-01
 3.05770e+00  9.99668e-01  9.99734e-01
 3.08779e+00  9.99739e-01  9.99740e-01
 3.12141e+00  9.99844e-01  9.99746e-01
 3.15325e+00  9.99481e-01  9.99752e-01
 3.18270e+00  9.99784e-01  9.99757e-01
 3.21279e+00  9.99489e-01  9.99763e-01
 3.24221e+00  9.99776e-01  9.99768e-01
 3.27231e+00  9.99710e-01  9.99774e-01
 3.30235e+00  9.99641e-01  9.99779e-01
 3.33481e+00  9.99641e-01  9.99785e-01
 3.36423e+00  9.99506e-01  9.99790e-01
 3.39433e+00  9.99762e-01  9.99795e-01
 3.42407e+00  9.99745e-01  9.99801e-01
 3.45475e+00  9.99627e-01  9.99806e-01
 3.48658e+00  9.99661e-01  9.99812e-01
 3.51604e+00  9.99662e-01  9.99817e-01
 3.54612e+00  9.99853e-01  9.99822e-01
 3.57974e+00  9.99572e-01  9.99828e-01
 3.61158e+00  9.99529e-01  9.99833e-01
 3.64433e+00  9.99835e-01  9.99839e-01
 3.67408e+00  1.00007e+00  9.99844e-01
 3.70475e+00  9.99737e-01  9.99849e-01
 3.73658e+00  9.99804e-01  9.99854e-01
 3.76604e+00  9.99745e-01  9.99859e-01
 3.79612e+00  1.00006e+00  9.99865e-01
 3.82554e+00  9.99833e-01  9.99870e-01
 3.85564e+00  1.00003e+00  9.99875e-01
 3.88777e+00  9.99965e-01  9.99880e-01
 3.91814e+00  1.00039e+00  9.99885e-01
 3.94758e+00  9.99994e-01  9.99890e-01
 3.97766e+00  1.00013e+00  9.99895e-01
 4.00742e+00  1.00005e+00  9.99900e-01
 4.03688e+00  9.99896e-01  9.99905e-01
 4.06695e+00  9.99666e-01  9.99910e-01
 4.09639e+00  9.99871e-01  9.99915e-01
 4.12828e+00  1.00004e+00  9.99920e-01
 4.15980e+00  1.00024e+00  9.99925e-01
 4.19195e+00  1.00006e+00  9.99931e-01
 4.22139e+00  1.00012e+00  9.99936e-01
 4.25147e+00  1.00048e+00  9.99941e-01
 4.28091e+00  1.00017e+00  9.99946e-01
 4.31099e+00  1.00030e+00  9.99951e-01
 4.34076e+00  9.99989e-01  9.99956e-01
 4.37021e+00  1.00016e+00  9.99961e-01
 4.40147e+00  1.00028e+00  9.99966e-01
 4.43599e+00  1.00012e+00  9.99972e-01
 4.46576e+00  9.99947e-01  9.99977e-01
 4.49521e+00  1.00011e+00  9.99982e-01
 4.52529e+00  1.00009e+00  9.99987e-01
 4.55471e+00  1.00004e+00  9.99992e-01
 4.58481e+00  9.99965e-01  9.99997e-01
 4.61424e+00  1.00017e+00  1.00000e+00
 4.64731e+00  9.99953e-01  1.00001e+00
 4.67674e+00  1.00008e+00  1.00001e+00
 4.70683e+00  1.00016e+00  1.00002e+00
 4.73658e+00  1.00038e+00  1.00002e+00
 4.76604e+00  9.99973e-01  1.00003e+00
 4.79877e+00  1.00003e+00  1.00003e+00
 4.82854e+00  1.00007e+00  1.00004e+00
 4.86097e+00  1.00021e+00  1.00005e+00
 4.89104e+00  1.00022e+00  1.00005e+00
 4.92112e+00  9.99826e-01  1.00006e+00
 4.95054e+00  1.00015e+00  1.00006e+00
 4.98064e+00  9.99944e-01  1.00007e+00
 5.01186e+00  9.99844e-01  1.00007e+00
 5.04612e+00  9.99993e-01  1.00008e+00
 5.07554e+00  1.00023e+00  1.00009e+00
 5.10862e+00  1.00008e+00  1.00009e+00
 5.13804e+00  1.00037e+00  1.00010e+00
 5.17229e+00  9.99876e-01  1.00010e+00
 5.20592e+00  1.00031e+00  1.00011e+00
 5.23776e+00  1.00008e+00  1.00012e+00
 5.26932e+00  1.00019e+00  1.00012e+00
 5.29910e+00  1.00013e+00  1.00013e+00
 5.33332e+00  1.00010e+00  1.00014e+00
 5.37049e+00  9.99968e-01  1.00015e+00
 5.40890e+00  1.00015e+00  1.00015e+00
 5.44223e+00  1.00028e+00  1.00016e+00
 5.47320e+00  1.00008e+00  1.00017e+00
 5.50385e+00  1.00018e+00  1.00018e+00
 5.53298e+00  1.00049e+00  1.00018e+00
 5.56309e+00  1.00026e+00  1.00019e+00
 5.59520e+00  9.99955e-01  1.00020e+00
 5.63061e+00  1.00005e+00  1.00021e+00
 5.66486e+00  9.99927e-01  1.00022e+00
 5.69936e+00  9.99911e-01  1.00023e+00
 5.73479e+00  9.99746e-01  1.00024e+00
 5.77528e+00  1.00052e+00  1.00025e+00
 5.82673e+00  1.00001e+00  1.00026e+00
 5.87348e+00  1.00022e+00  1.00028e+00
 5.91542e+00  1.00002e+00  1.00029e+00
 5.95943e+00  9.99679e-01  1.00031e+00
 6.00292e+00  9.99697e-01  1.00032e+00
 6.04459e+00  9.99888e-01  1.00034e+00
 6.09523e+00  9.99912e-01  1.00036e+00
 6.14642e+00  9.99802e-01  1.00038e+00
 6.19939e+00  1.00010e+00  1.00041e+00
 6.25059e+00  1.00017e+00  1.00044e+00
 6.31279e+00  1.00031e+00  1.00047e+00
 6.36607e+00  1.00053e+00  1.00051e+00
 6.41725e+00  1.00056e+00  1.00055e+00
 6.47023e+00  1.00077e+00  1.00060e+00
 6.52259e+00  1.00075e+00  1.00065e+00
 6.57196e+00  1.00101e+00  1.00071e+00
 6.61364e+00  1.00137e+00  1.00077e+00
 6.65742e+00  1.00138e+00  1.00084e+00
 6.70086e+00  1.00165e+00  1.00093e+00
 6.73629e+00  1.00153e+00  1.00101e+00
 6.77261e+00  1.00197e+00  1.00111e+00
 6.81006e+00  1.00232e+00  1.00123e+00
 6.84435e+00  1.00230e+00  1.00136e+00
 6.88150e+00  1.00290e+00  1.00153e+00
 6.91781e+00  1.00327e+00  1.00173e+00
 6.94815e+00  1.03935e+00  1.00193e+00
 6.97878e+00  1.01747e+00  1.00217e+00
 7.00798e+00  1.02176e+00  1.00242e+00
 7.04163e+00  1.00376e+00  1.00276e+00
 7.08062e+00  1.00320e+00  1.00320e+00
 7.11516e+00  1.00373e+00  1.00358e+00
 7.14997e+00  1.00370e+00  1.00389e+00
 7.18301e+00  1.00459e+00  1.00400e+00
 7.21399e+00  1.00429e+00  1.00382e+00
 7.24433e+00  1.00500e+00  1.00339e+00
 7.27378e+00  1.00360e+00  1.00295e+00
 7.30357e+00  1.00497e+00  1.00288e+00
 7.33360e+00  1.00421e+00  1.00350e+00
 7.36279e+00  1.00409e+00  1.00452e+00
 7.39345e+00  1.00482e+00  1.00543e+00
 7.42231e+00  1.00306e+00  1.00569e+00
 7.45268e+00  1.00429e+00  1.00535e+00
 7.48211e+00  1.00293e+00  1.00464e+00
 7.51191e+00  1.00344e+00  1.00380e+00
 7.54193e+00  1.00346e+00  1.00299e+00
 7.57265e+00  1.00166e+00  1.00226e+00
 7.60532e+00  1.00253e+00  1.00164e+00
 7.63691e+00  1.00171e+00  1.00116e+00
 7.66841e+00  1.00161e+00  1.00079e+00
 7.69435e+00  1.00062e+00  1.00055e+00
 7.72053e+00  1.00084e+00  1.00035e+00
 7.74672e+00  1.00011e+00  1.00019e+00
 7.77348e+00  1.00032e+00  1.00006e+00
 7.80118e+00  9.99772e-01  9.99949e-01
 7.82739e+00  9.99647e-01  9.99866e-01
 7.85412e+00  9.99600e-01  9.99797e-01
 7.88186e+00  9.99143e-01  9.99740e-01
 7.90802e+00  9.99417e-01  9.99697e-01
 7.93422e+00  9.99465e-01  9.99661e-01
 7.96009e+00  9.99554e-01  9.99633e-01
 7.98602e+00  9.99336e-01  9.99610e-01
 8.02023e+00  9.99670e-01  9.99587e-01
 8.04644e+00  9.99394e-01  9.99573e-01
 8.07469e+00  9.99442e-01  9.99562e-01
 8.10091e+00  9.99722e-01  9.99554e-01
 8.12673e+00  9.99686e-01  9.99548e-01
 8.15270e+00  9.99747e-01  9.99544e-01
 8.18153e+00  9.99733e-01  9.99541e-01
 8.21009e+00  9.99418e-01  9.99540e-01
 8.23602e+00  9.99843e-01  9.99540e-01
 8.26220e+00  9.99484e-01  9.99540e-01
 8.28986e+00  9.99810e-01  9.99542e-01
 8.31666e+00  9.99542e-01  9.99544e-01
 8.34286e+00  9.99605e-01  9.99547e-01
 8.37375e+00  9.99467e-01  9.99550e-01
 8.40624e+00  9.99812e-01  9.99555e-01
 8.43656e+00  1.00004e+00  9.99559e-01
 8.46965e+00  9.99935e-01  9.99565e-01
 8.50412e+00  9.99687e-01  9.99571e-01
 8.53422e+00  1.00012e+00  9.99576e-01
 8.56364e+00  9.99822e-01  9.99581e-01
 8.59374e+00  9.99649e-01  9.99587e-01
 8.62349e+00  1.00001e+00  9.99593e-01
 8.65295e+00  9.99960e-01  9.99599e-01
 8.68420e+00  9.99986e-01  9.99605e-01
 8.71545e+00  9.99637e-01  9.99611e-01
 8.74553e+00  9.99736e-01  9.99617e-01
 8.77496e+00  9.99713e-01  9.99623e-01
 8.80686e+00  9.99933e-01  9.99629e-01
 8.83954e+00  9.99547e-01  9.99636e-01
 8.87053e+00  9.99858e-01  9.99642e-01
 8.89996e+00  9.99618e-01  9.99648e-01
 8.93094e+00  9.99922e-01  9.99654e-01
 8.96545e+00  9.99796e-01  9.99661e-01
 8.99554e+00  9.99988e-01  9.99667e-01
 9.02942e+00  9.99750e-01  9.99674e-01
 9.06365e+00  9.99808e-01  9.99681e-01
 9.09374e+00  9.99727e-01  9.99687e-01
 9.12350e+00  9.99716e-01  9.99693e-01
 9.15326e+00  9.99615e-01  9.99698e-01
 9.18600e+00  9.99794e-01  9.99705e-01
 9.21812e+00  9.99817e-01  9.99711e-01
 9.24850e+00  9.99875e-01  9.99717e-01
 9.27795e+00  9.99847e-01  9.99722e-01
 9.30950e+00  9.99846e-01  9.99728e-01
 9.34045e+00  9.99668e-01  9.99734e-01
 9.37054e+00  9.99739e-01  9.99740e-01
 9.40416e+00  9.99844e-01  9.99746e-01
 9.43600e+00  9.99481e-01  9.99752e-01
 9.46545e+00  9.99784e-01  9.99757e-01
 9.49554e+00  9.99489e-01  9.99763e-01
 9.52496e+00  9.99776e-01  9.99768e-01
 9.55506e+00  9.99710e-01  9.99774e-01
 9.58510e+00  9.99641e-01  9.99779e-01
 9.61756e+00  9.99641e-01  9.99785e-01
 9.64698e+00  9.99506e-01  9.99790e-01
 9.67708e+00  9.99762e-01  9.99795e-01
 9.70682e+00  9.99745e-01  9.99801e-01
 9.73750e+00  9.99627e-01  9.99806e-01
 9.76933e+00  9.99661e-01  9.99812e-01
 9.79879e+00  9.99662e-01  9.99817e-01
 9.82887e+00  9.99853e-01  9.99822e-01
 9.86249e+00  9.99572e-01  9.99828e-01
 9.89433e+00  9.99529e-01  9.99833e-01
 9.92708e+00  9.99835e-01  9.99839e-01
 9.95683e+00  1.00007e+00  9.99844e-01
 9.98750e+00  9.99737e-01  9.99849e-01
 1.00193e+01  9.99804e-01  9.99854e-01
 1.00488e+01  9.99745e-01  9.99859e-01
 1.00789e+01  1.00006e+00  9.99865e-01
 1.01083e+01  9.99833e-01  9.99870e-01
 1.01384e+01  1.00003e+00  9.99875e-01
 1.01705e+01  9.99965e-01  9.99880e-01
 1.02009e+01  1.00039e+00  9.99885e-01
 1.02303e+01  9.99994e-01  9.99890e-01
 1.02604e+01  1.00013e+00  9.99895e-01
 1.02902e+01  1.00005e+00  9.99900e-01
 1.03196e+01  9.99896e-01  9.99905e-01
 1.03497e+01  9.99666e-01  9.99910e-01
 1.03791e+01  9.99871e-01  9.99915e-01
 1.04110e+01  1.00004e+00  9.99920e-01
 1.04425e+01  1.00024e+00  9.99925e-01
 1.04747e+01  1.00006e+00  9.99931e-01
 1.05041e+01  1.00012e+00  9.99936e-01
 1.05342e+01  1.00048e+00  9.99941e-01
 1.05637e+01  1.00017e+00  9.99946e-01
 1.05937e+01  1.00030e+00  9.99951e-01
 1.06235e+01  9.99989e-01  9.99956e-01
 1.06530e+01  1.00016e+00  9.99961e-01
 1.06842e+01  1.00028e+00  9.99966e-01
 1.07187e+01  1.00012e+00  9.99972e-01
 1.07485e+01  9.99947e-01  9.99977e-01
 1.07780e+01  1.00011e+00  9.99982e-01
 1.08080e+01  1.00009e+00  9.99987e-01
 1.08375e+01  1.00004e+00  9.99992e-01
 1.08676e+01  9.99965e-01  9.99997e-01
 1.08970e+01  1.00017e+00  1.00000e+00
 1.09301e+01  9.99953e-01  1.00001e+00
 1.09595e+01  1.00008e+00  1.00001e+00
 1.09896e+01  1.00016e+00  1.00002e+00
 1.10193e+01  1.00038e+00  1.00002e+00
 1.10488e+01  9.99973e-01  1.00003e+00
 1.10815e+01  1.00003e+00  1.00003e+00
 1.11113e+01  1.00007e+00  1.00004e+00
 1.11437e+01  1.00021e+00  1.00005e+00
 1.11738e+01  1.00022e+00  1.00005e+00
 1.12039e+01  9.99826e-01  1.00006e+00
 1.12333e+01  1.00015e+00  1.00006e+00
 1.12634e+01  9.99944e-01  1.00007e+00
 1.12946e+01  9.99844e-01  1.00007e+00
 1.13289e+01  9.99993e-01  1.00008e+00
 1.13583e+01  1.00023e+00  1.00009e+00
 1.13914e+01  1.00008e+00  1.00009e+00
 1.14208e+01  1.00037e+00  1.00010e+00
 1.14550e+01  9.99876e-01  1.00010e+00
 1.14887e+01  1.00031e+00  1.00011e+00
 1.15205e+01  1.00008e+00  1.00012e+00
 1.15521e+01  1.00019e+00  1.00012e+00
 1.15818e+01  1.00013e+00  1.00013e+00
 1.16161e+01  1.00010e+00  1.00014e+00
 1.16532e+01  9.99968e-01  1.00015e+00
 1.16917e+01  1.00015e+00  1.00015e+00
 1.17250e+01  1.00028e+00  1.00016e+00
 1.17560e+01  1.00008e+00  1.00017e+00
 1.17866e+01  1.00018e+00  1.00018e+00
 1.18157e+01  1.00049e+00  1.00018e+00
 1.18458e+01  1.00026e+00  1.00019e+00
 1.18779e+01  9.99955e-01  1.00020e+00
 1.19134e+01  1.00005e+00  1.00021e+00
 1.19476e+01  9.99927e-01  1.00022e+00
 1.19821e+01  9.99911e-01  1.00023e+00
 1.20175e+01  9.99746e-01  1.00024e+00
 1.20580e+01  1.00052e+00  1.00025e+00
 1.21095e+01  1.00001e+00  1.00026e+00
 1.21562e+01  1.00022e+00  1.00028e+00
 1.21982e+01  1.00002e+00  1.00029e+00
 1.22422e+01  9.99679e-01  1.00031e+00
 1.22857e+01  9.99697e-01  1.00032e+00
 1.23273e+01  9.99888e-01  1.00034e+00
 1.23780e+01  9.99912e-01  1.00036e+00
 1.24292e+01  9.99802e-01  1.00038e+00
 1.24821e+01  1.00010e+00  1.00041e+00
 1.25333e+01  1.00017e+00  1.00044e+00
