832
 3.65100e-03  9.84944e-01  9.95494e-01
 9.94000e-03  9.91653e-01  9.95492e-01
 1.63860e-02  9.93115e-01  9.95491e-01
 2.31280e-02  9.96300e-01  9.95489e-01
 3.05510e-02  9.97252e-01  9.95487e-01
 3.77330e-02  9.96927e-01  9.95485e-01
 4.46880e-02  9.97969e-01  9.95483e-01
 5.21150e-02  9.98128e-01  9.95481e-01
 5.92730e-02  9.97735e-01  9.95479e-01
 6.66220e-02  9.98067e-01  9.95477e-01
 7.30970e-02  9.98459e-01  9.95476e-01
 7.93930e-02  9.98134e-01  9.95474e-01
 8.67680e-02  9.98725e-01  9.95472e-01
 9.32800e-02  9.97987e-01  9.95470e-01
 1.00233e-01  9.98287e-01  9.95468e-01
 1.07847e-01  1.00018e+00  9.95466e-01
 1.14110e-01  9.99534e-01  9.95465e-01
 1.20576e-01  9.99227e-01  9.95463e-01
 1.27318e-01  9.99610e-01  9.95461e-01
 1.33739e-01  9.99975e-01  9.95459e-01
 1.40454e-01  9.99360e-01  9.95457e-01
 1.47896e-01  9.99669e-01  9.95455e-01
 1.55090e-01  1.00048e+00  9.95453e-01
 1.61529e-01  1.00036e+00  9.95451e-01
 1.69260e-01  1.00147e+00  9.95449e-01
 1.76106e-01  1.00166e+00  9.95447e-01
 1.82379e-01  1.00188e+00  9.95446e-01
 1.90276e-01  1.00178e+00  9.95443e-01
 1.97440e-01  1.00268e+00  9.95441e-01
 2.03886e-01  1.00232e+00  9.95439e-01
 2.10628e-01  1.00338e+00  9.95438e-01
 2.17315e-01  1.00456e+00  9.95436e-01
 2.24255e-01  1.00349e+00  9.95434e-01
 2.31498e-01  1.00380e+00  9.95432e-01
 2.37919e-01  1.00374e+00  9.95430e-01
 2.44644e-01  1.00428e+00  9.95428e-01
 2.51618e-01  1.00445e+00  9.95426e-01
 2.59006e-01  1.00487e+00  9.95424e-01
 2.65699e-01  1.00534e+00  9.95422e-01
 2.71941e-01  1.00610e+00  9.95420e-01
 2.78700e-01  1.00651e+00  9.95418e-01
 2.85162e-01  1.00707e+00  9.95416e-01
 2.91628e-01  1.00724e+00  9.95414e-01
 2.97885e-01  1.00811e+00  9.95412e-01
 3.04171e-01  1.00825e+00  9.95410e-01
 3.10580e-01  1.00811e+00  9.95408e-01
 3.16844e-01  1.00961e+00  9.95406e-01
 3.23087e-01  1.00900e+00  9.95404e-01
 3.29393e-01  1.00926e+00  9.95403e-01
 3.36302e-01  1.01027e+00  9.95400e-01
 3.43280e-01  1.00936e+00  9.95398e-01
 3.49706e-01  1.01035e+00  9.95396e-01
 3.56251e-01  1.01081e+00  9.95394e-01
 3.62919e-01  1.01077e+00  9.95392e-01
 3.69191e-01  1.01107e+00  9.95390e-01
 3.76129e-01  1.01089e+00  9.95388e-01
 3.83729e-01  1.01130e+00  9.95386e-01
 3.90278e-01  1.01187e+00  9.95384e-01
 3.97201e-01  1.01175e+00  9.95382e-01
 4.03911e-01  1.01186e+00  9.95380e-01
 4.10900e-01  1.01126e+00  9.95377e-01
 4.18088e-01  1.01137e+00  9.95375e-01
 4.25419e-01  1.01090e+00  9.95373e-01
 4.32173e-01  1.01053e+00  9.95371e-01
 4.38861e-01  1.01047e+00  9.95368e-01
 4.45551e-01  1.01019e+00  9.95366e-01
 4.52264e-01  1.00890e+00  9.95364e-01
 4.59001e-01  1.00826e+00  9.95362e-01
 4.66157e-01  1.00857e+00  9.95360e-01
 4.73319e-01  1.00760e+00  9.95357e-01
 4.79851e-01  1.00702e+00  9.95355e-01
 4.87216e-01  1.00601e+00  9.95353e-01
 4.94179e-01  1.00518e+00  9.95350e-01
 5.01348e-01  1.00467e+00  9.95348e-01
 5.08051e-01  1.00447e+00  9.95346e-01
 5.14764e-01  1.00318e+00  9.95344e-01
 5.21501e-01  1.00226e+00  9.95341e-01
 5.28249e-01  1.00176e+00  9.95339e-01
 5.34648e-01  1.00107e+00  9.95337e-01
 5.40964e-01  1.00026e+00  9.95335e-01
 5.48330e-01  9.99594e-01  9.95332e-01
 5.55281e-01  9.98749e-01  9.95330e-01
 5.62484e-01  9.97561e-01  9.95327e-01
 5.69369e-01  9.98097e-01  9.95325e-01
 5.75870e-01  9.97014e-01  9.95323e-01
 5.82624e-01  9.96203e-01  9.95320e-01
 5.89545e-01  9.96507e-01  9.95318e-01
 5.96229e-01  9.95631e-01  9.95316e-01
 6.03222e-01  9.94885e-01  9.95313e-01
 6.10385e-01  9.95308e-01  9.95311e-01
 6.17550e-01  9.94645e-01  9.95308e-01
 6.24294e-01  9.94238e-01  9.95306e-01
 6.31195e-01  9.95140e-01  9.95303e-01
 6.37491e-01  9.94573e-01  9.95301e-01
 6.43920e-01  9.88934e-01  9.95299e-01
 6.50681e-01  9.78825e-01  9.95296e-01
 6.57131e-01  9.67894e-01  9.95294e-01
 6.63594e-01  9.54042e-01  9.95292e-01
 6.70828e-01  9.31875e-01  9.95289e-01
 6.77496e-01  9.18492e-01  9.95286e-01
 6.84195e-01  9.00869e-01  9.95284e-01
 6.90958e-01  8.81090e-01  9.95282e-01
 6.97430e-01  8.67191e-01  9.95279e-01
 7.04115e-01  8.60113e-01  9.95277e-01
 7.11081e-01  8.49068e-01  9.95274e-01
 7.17786e-01  8.48379e-01  9.95271e-01
 7.24019e-01  8.48771e-01  9.95269e-01
 7.30531e-01  8.53289e-01  9.95267e-01
 7.37231e-01  8.61259e-01  9.95264e-01
 7.43502e-01  8.73708e-01  9.95262e-01
 7.49984e-01  8.88403e-01  9.95259e-01
 7.56869e-01  9.03898e-01  9.95257e-01
 7.64770e-01  9.23984e-01  9.95254e-01
 7.72168e-01  9.47962e-01  9.95251e-01
 7.78921e-01  9.60731e-01  9.95248e-01
 7.85162e-01  9.78385e-01  9.95246e-01
 7.92295e-01  9.87483e-01  9.95243e-01
 7.99719e-01  9.94783e-01  9.95240e-01
 8.06185e-01  9.97015e-01  9.95237e-01
 8.13171e-01  9.98328e-01  9.95235e-01
 8.19879e-01  9.98799e-01  9.95232e-01
 8.26338e-01  9.98589e-01  9.95229e-01
 8.32843e-01  9.98846e-01  9.95227e-01
 8.40461e-01  1.00093e+00  9.95224e-01
 8.47158e-01  9.99544e-01  9.95221e-01
 8.53454e-01  9.99179e-01  9.95218e-01
 8.60594e-01  9.99667e-01  9.95215e-01
 8.67313e-01  1.00024e+00  9.95213e-01
 8.74086e-01  9.99715e-01  9.95210e-01
 8.81195e-01  1.00009e+00  9.95207e-01
 8.87491e-01  1.00030e+00  9.95204e-01
 8.94141e-01  9.99029e-01  9.95201e-01
 9.01378e-01  1.00049e+00  9.95198e-01
 9.07821e-01  1.00038e+00  9.95196e-01
 9.14065e-01  1.00054e+00  9.95193e-01
 9.22839e-01  1.00020e+00  9.95189e-01
 9.29151e-01  1.00038e+00  9.95187e-01
 9.35809e-01  1.00014e+00  9.95184e-01
 9.43695e-01  1.00004e+00  9.95180e-01
 9.49991e-01  1.00061e+00  9.95178e-01
 9.56410e-01  1.00053e+00  9.95175e-01
 9.63181e-01  1.00010e+00  9.95172e-01
 9.69631e-01  1.00049e+00  9.95169e-01
 9.76123e-01  1.00029e+00  9.95166e-01
 9.84006e-01  9.99441e-01  9.95163e-01
 9.90454e-01  1.00010e+00  9.95160e-01
 9.96695e-01  1.00015e+00  9.95157e-01
 1.00346e+00  1.00027e+00  9.95154e-01
 1.01059e+00  1.00076e+00  9.95151e-01
 1.01689e+00  9.99569e-01  9.95148e-01
 1.02358e+00  9.99397e-01  9.95145e-01
 1.03028e+00  1.00010e+00  9.95142e-01
 1.03768e+00  9.99518e-01  9.95139e-01
 1.04512e+00  1.00039e+00  9.95135e-01
 1.05160e+00  1.00023e+00  9.95132e-01
 1.05804e+00  9.99847e-01  9.95130e-01
 1.06456e+00  9.99267e-01  9.95127e-01
 1.07123e+00  9.99715e-01  9.95123e-01
 1.07752e+00  9.99721e-01  9.95121e-01
 1.08399e+00  9.99493e-01  9.95118e-01
 1.09074e+00  9.99013e-01  9.95114e-01
 1.09716e+00  9.99710e-01  9.95111e-01
 1.10395e+00  9.99644e-01  9.95108e-01
 1.11153e+00  9.98858e-01  9.95105e-01
 1.11798e+00  9.99712e-01  9.95102e-01
 1.12429e+00  9.99522e-01  9.95099e-01
 1.13145e+00  9.99150e-01  9.95095e-01
 1.13815e+00  9.99555e-01  9.95092e-01
 1.14442e+00  9.99799e-01  9.95089e-01
 1.15138e+00  9.99882e-01  9.95086e-01
 1.15822e+00  9.99268e-01  9.95083e-01
 1.16572e+00  9.99138e-01  9.95079e-01
 1.17354e+00  9.99697e-01  9.95076e-01
 1.17980e+00  9.99868e-01  9.95073e-01
 1.18655e+00  9.99682e-01  9.95069e-01
 1.19369e+00  9.99894e-01  9.95066e-01
 1.19999e+00  9.99529e-01  9.95063e-01
 1.20643e+00  1.00009e+00  9.95060e-01
 1.21388e+00  1.00054e+00  9.95056e-01
 1.22032e+00  1.00008e+00  9.95053e-01
 1.22771e+00  9.99599e-01  9.95050e-01
 1.23470e+00  1.00047e+00  9.95047e-01
 1.24113e+00  1.00090e+00  9.95044e-01
 1.24738e+00  1.00077e+00  9.95041e-01
 1.25419e+00  9.99983e-01  9.95037e-01
 1.26127e+00  1.00126e+00  9.95034e-01
 1.26754e+00  1.00108e+00  9.95031e-01
 1.27428e+00  1.00070e+00  9.95028e-01
 1.28077e+00  1.00154e+00  9.95025e-01
 1.28719e+00  1.00087e+00  9.95022e-01
 1.29371e+00  1.00175e+00  9.95019e-01
 1.30041e+00  1.00131e+00  9.95016e-01
 1.30711e+00  1.00105e+00  9.95013e-01
 1.31386e+00  1.00204e+00  9.95010e-01
 1.32103e+00  1.00208e+00  9.95006e-01
 1.32795e+00  1.00191e+00  9.95003e-01
 1.33468e+00  1.00218e+00  9.95000e-01
 1.34189e+00  1.00213e+00  9.94997e-01
 1.34832e+00  1.00202e+00  9.94994e-01
 1.35526e+00  1.00214e+00  9.94991e-01
 1.36223e+00  1.00180e+00  9.94988e-01
 1.36891e+00  1.00191e+00  9.94986e-01
 1.37635e+00  1.00233e+00  9.94983e-01
 1.38371e+00  1.00276e+00  9.94980e-01
 1.39069e+00  1.00172e+00  9.94977e-01
 1.39718e+00  1.00280e+00  9.94974e-01
 1.40481e+00  1.00214e+00  9.94971e-01
 1.41150e+00  1.00188e+00  9.94969e-01
 1.41848e+00  1.00217e+00  9.94966e-01
 1.42541e+00  1.00204e+00  9.94964e-01
 1.43167e+00  1.00193e+00  9.94962e-01
 1.43818e+00  1.00211e+00  9.94960e-01
 1.44487e+00  1.00152e+00  9.94958e-01
 1.45133e+00  1.00141e+00  9.94956e-01
 1.45761e+00  1.00191e+00  9.94954e-01
 1.46453e+00  1.00110e+00  9.94952e-01
 1.47124e+00  1.00145e+00  9.94950e-01
 1.47820e+00  1.00217e+00  9.94948e-01
 1.48537e+00  1.00084e+00  9.94947e-01
 1.49163e+00  1.00140e+00  9.94946e-01
 1.49835e+00  1.00032e+00  9.94944e-01
 1.50623e+00  1.00110e+00  9.94943e-01
 1.51315e+00  1.00064e+00  9.94942e-01
 1.51941e+00  1.00046e+00  9.94942e-01
 1.52637e+00  1.00101e+00  9.94941e-01
 1.53280e+00  1.00044e+00  9.94941e-01
 1.53903e+00  1.00069e+00  9.94940e-01
 1.54580e+00  1.00008e+00  9.94941e-01
 1.55226e+00  1.00010e+00  9.94941e-01
 1.55854e+00  1.00052e+00  9.94941e-01
 1.56526e+00  1.00073e+00  9.94942e-01
 1.57195e+00  9.99741e-01  9.94943e-01
 1.57890e+00  1.00025e+00  9.94945e-01
 1.58649e+00  9.99822e-01  9.94946e-01
 1.59393e+00  9.99485e-01  9.94949e-01
 1.60085e+00  9.99367e-01  9.94951e-01
 1.60831e+00  9.99692e-01  9.94954e-01
 1.61566e+00  9.98561e-01  9.94958e-01
 1.62265e+00  9.99936e-01  9.94962e-01
 1.63053e+00  9.99277e-01  9.94967e-01
 1.63696e+00  9.99121e-01  9.94972e-01
 1.64321e+00  9.99314e-01  9.94977e-01
 1.65025e+00  9.99127e-01  9.94983e-01
 1.65711e+00  9.98782e-01  9.94989e-01
 1.66335e+00  9.98188e-01  9.94996e-01
 1.66968e+00  9.98859e-01  9.95004e-01
 1.67591e+00  9.98052e-01  9.95011e-01
 1.68257e+00  9.98585e-01  9.95021e-01
 1.68867e+00  9.98825e-01  9.95030e-01
 1.69487e+00  9.99218e-01  9.95040e-01
 1.70085e+00  9.99179e-01  9.95050e-01
 1.70693e+00  9.98261e-01  9.95061e-01
 1.71339e+00  1.00008e+00  9.95074e-01
 1.71968e+00  9.98504e-01  9.95088e-01
 1.72607e+00  9.98781e-01  9.95103e-01
 1.73218e+00  9.99068e-01  9.95118e-01
 1.73837e+00  9.98992e-01  9.95135e-01
 1.74439e+00  9.99539e-01  9.95152e-01
 1.75183e+00  9.99867e-01  9.95175e-01
 1.75804e+00  9.99753e-01  9.95196e-01
 1.76433e+00  9.99396e-01  9.95218e-01
 1.77010e+00  1.00039e+00  9.95240e-01
 1.77637e+00  9.99146e-01  9.95266e-01
 1.78234e+00  9.99067e-01  9.95292e-01
 1.78794e+00  9.99392e-01  9.95317e-01
 1.79416e+00  9.99510e-01  9.95348e-01
 1.80020e+00  9.99600e-01  9.95379e-01
 1.80597e+00  9.99714e-01  9.95411e-01
 1.81178e+00  9.99538e-01  9.95446e-01
 1.81804e+00  9.99718e-01  9.95485e-01
 1.82447e+00  1.00037e+00  9.95528e-01
 1.83025e+00  9.99787e-01  9.95569e-01
 1.83659e+00  9.99965e-01  9.95617e-01
 1.84304e+00  1.00015e+00  9.95668e-01
 1.84879e+00  1.00001e+00  9.95717e-01
 1.85557e+00  1.00128e+00  9.95779e-01
 1.86337e+00  1.00023e+00  9.95854e-01
 1.86896e+00  1.00041e+00  9.95912e-01
 1.87497e+00  1.00143e+00  9.95978e-01
 1.88168e+00  1.00105e+00  9.96055e-01
 1.88888e+00  1.00119e+00  9.96143e-01
 1.89510e+00  1.00139e+00  9.96224e-01
 1.90278e+00  1.00144e+00  9.96330e-01
 1.90944e+00  1.00134e+00  9.96426e-01
 1.91568e+00  1.00104e+00  9.96521e-01
 1.92340e+00  1.00132e+00  9.96645e-01
 1.93097e+00  1.00171e+00  9.96771e-01
 1.93750e+00  1.00181e+00  9.96884e-01
 1.94581e+00  1.00119e+00  9.97032e-01
 1.95206e+00  1.00117e+00  9.97145e-01
 1.95829e+00  1.00202e+00  9.97258e-01
 1.96501e+00  1.00093e+00  9.97379e-01
 1.97082e+00  1.00085e+00  9.97481e-01
 1.97675e+00  1.00048e+00  9.97579e-01
 1.98310e+00  1.00117e+00  9.97675e-01
 1.98999e+00  1.00111e+00  9.97763e-01
 1.99625e+00  1.00087e+00  9.97824e-01
 2.00393e+00  1.00048e+00  9.97861e-01
 2.01108e+00  1.00062e+00  9.97848e-01
 2.01710e+00  1.00026e+00  9.97787e-01
 2.02407e+00  1.00020e+00  9.97644e-01
 2.03099e+00  1.00017e+00  9.97402e-01
 2.03696e+00  1.00023e+00  9.97091e-01
 2.04257e+00  1.00328e+00  9.96693e-01
 2.04998e+00  9.99980e-01  9.95970e-01
 2.05597e+00  9.99851e-01  9.95185e-01
 2.06196e+00  1.00221e+00  9.94179e-01
 2.06827e+00  9.99477e-01  9.92832e-01
 2.07473e+00  9.99591e-01  9.91088e-01
 2.08093e+00  9.99876e-01  9.89004e-01
 2.08699e+00  1.00138e+00  9.86512e-01
 2.09348e+00  9.99597e-01  9.83277e-01
 2.09879e+00  9.99114e-01  9.80144e-01
 2.10415e+00  1.00001e+00  9.76497e-01
 2.11062e+00  9.98937e-01  9.71412e-01
 2.11641e+00  9.99452e-01  9.66203e-01
 2.12215e+00  9.99236e-01  9.60473e-01
 2.12779e+00  1.00085e+00  9.54332e-01
 2.13424e+00  9.99857e-01  9.46861e-01
 2.14069e+00  9.99241e-01  9.39141e-01
 2.14721e+00  9.99290e-01  9.31457e-01
 2.15437e+00  9.98628e-01  9.23708e-01
 2.16064e+00  9.98899e-01  8.94313e-01
 2.16660e+00  1.00082e+00  8.90356e-01
 2.17266e+00  1.00001e+00  8.88117e-01
 2.18027e+00  9.99106e-01  8.88241e-01
 2.18613e+00  9.99057e-01  8.90655e-01
 2.19239e+00  1.00041e+00  9.19079e-01
 2.19902e+00  9.99249e-01  9.26068e-01
 2.20463e+00  9.98648e-01  9.33216e-01
 2.21128e+00  1.00011e+00  9.42566e-01
 2.21803e+00  9.99127e-01  9.52409e-01
 2.22379e+00  9.98377e-01  9.60637e-01
 2.22960e+00  9.99994e-01  9.68432e-01
 2.23538e+00  9.99354e-01  9.75485e-01
 2.24165e+00  9.98566e-01  9.82182e-01
 2.24786e+00  9.99165e-01  9.87781e-01
 2.25388e+00  1.00062e+00  9.92251e-01
 2.25970e+00  9.99430e-01  9.95716e-01
 2.26593e+00  9.98541e-01  9.98606e-01
 2.27218e+00  9.99362e-01  1.00076e+00
 2.27867e+00  9.99328e-01  1.00234e+00
 2.28467e+00  9.98794e-01  1.00331e+00
 2.29098e+00  9.99065e-01  1.00393e+00
 2.29832e+00  9.99790e-01  1.00426e+00
 2.30459e+00  9.99470e-01  1.00429e+00
 2.31064e+00  9.99694e-01  1.00416e+00
 2.31638e+00  1.00120e+00  1.00394e+00
 2.32220e+00  9.99866e-01  1.00363e+00
 2.32797e+00  9.99334e-01  1.00329e+00
 2.33378e+00  9.99865e-01  1.00291e+00
 2.33951e+00  1.00030e+00  1.00252e+00
 2.34624e+00  9.99394e-01  1.00206e+00
 2.35273e+00  9.99809e-01  1.00163e+00
 2.35971e+00  1.00094e+00  1.00117e+00
 2.36619e+00  1.00040e+00  1.00077e+00
 2.37216e+00  1.00043e+00  1.00042e+00
 2.37851e+00  1.00026e+00  1.00007e+00
 2.38518e+00  1.00063e+00  9.99734e-01
 2.39138e+00  1.00036e+00  9.99440e-01
 2.39772e+00  1.00092e+00  9.99162e-01
 2.40529e+00  1.00139e+00  9.98859e-01
 2.41174e+00  1.00070e+00  9.98623e-01
 2.41803e+00  1.00006e+00  9.98413e-01
 2.42500e+00  1.00121e+00  9.98201e-01
 2.43100e+00  1.00033e+00  9.98034e-01
 2.43726e+00  1.00060e+00  9.97875e-01
 2.44378e+00  1.00161e+00  9.97724e-01
 2.45001e+00  1.00174e+00  9.97593e-01
 2.45669e+00  1.00081e+00  9.97465e-01
 2.46321e+00  1.00094e+00  9.97352e-01
 2.46984e+00  1.00172e+00  9.97248e-01
 2.47563e+00  1.00164e+00  9.97165e-01
 2.48220e+00  1.00063e+00  9.97080e-01
 2.48936e+00  1.00155e+00  9.96996e-01
 2.49530e+00  1.00146e+00  9.96933e-01
 2.50093e+00  1.00037e+00  9.96878e-01
 2.50766e+00  1.00125e+00  9.96819e-01
 2.51384e+00  1.00159e+00  9.96769e-01
 2.51945e+00  1.00062e+00  9.96728e-01
 2.52571e+00  1.00084e+00  9.96687e-01
 2.53286e+00  1.00143e+00  9.96644e-01
 2.53908e+00  1.00068e+00  9.96611e-01
 2.54631e+00  1.00120e+00  9.96576e-01
 2.55272e+00  1.00187e+00  9.96548e-01
 2.55902e+00  1.00073e+00  9.96524e-01
 2.56532e+00  1.00039e+00  9.96502e-01
 2.57169e+00  1.00059e+00  9.96482e-01
 2.57730e+00  1.00096e+00  9.96466e-01
 2.58373e+00  1.00031e+00  9.96449e-01
 2.59001e+00  9.99959e-01  9.96434e-01
 2.59584e+00  1.00088e+00  9.96422e-01
 2.60199e+00  9.99554e-01  9.96411e-01
 2.60903e+00  9.98793e-01  9.96399e-01
 2.61499e+00  9.96667e-01  9.96390e-01
 2.62081e+00  9.92172e-01  9.96383e-01
 2.62662e+00  9.86906e-01  9.96376e-01
 2.63306e+00  9.83587e-01  9.96369e-01
 2.63933e+00  9.76255e-01  9.96364e-01
 2.64554e+00  9.71485e-01  9.96359e-01
 2.65183e+00  9.64319e-01  9.96354e-01
 2.65786e+00  9.59554e-01  9.96351e-01
 2.66359e+00  9.57130e-01  9.96348e-01
 2.66947e+00  9.49445e-01  9.96345e-01
 2.67610e+00  9.49776e-01  9.96343e-01
 2.68212e+00  9.46060e-01  9.96341e-01
 2.68796e+00  9.43734e-01  9.96339e-01
 2.69489e+00  9.44424e-01  9.96338e-01
 2.70064e+00  9.45888e-01  9.96337e-01
 2.70646e+00  9.46755e-01  9.96337e-01
 2.71247e+00  9.49097e-01  9.96336e-01
 2.71893e+00  9.52745e-01  9.96336e-01
 2.72498e+00  9.57512e-01  9.96336e-01
 2.73076e+00  9.62415e-01  9.96336e-01
 2.73704e+00  9.69527e-01  9.96337e-01
 2.74391e+00  9.72116e-01  9.96337e-01
 2.75826e+00  9.84944e-01  9.96339e-01
 2.76455e+00  9.91653e-01  9.96340e-01
 2.77100e+00  9.93115e-01  9.96341e-01
 2.77774e+00  9.96300e-01  9.96342e-01
 2.78516e+00  9.97252e-01  9.96343e-01
 2.79234e+00  9.96927e-01  9.96344e-01
 2.79930e+00  9.97969e-01  9.96346e-01
 2.80672e+00  9.98128e-01  9.96347e-01
 2.81388e+00  9.97735e-01  9.96349e-01
 2.82123e+00  9.98067e-01  9.96350e-01
 2.82771e+00  9.98459e-01  9.96352e-01
 2.83400e+00  9.98134e-01  9.96353e-01
 2.84138e+00  9.98725e-01  9.96355e-01
 2.84789e+00  9.97987e-01  9.96356e-01
 2.85484e+00  9.98287e-01  9.96357e-01
 2.86246e+00  1.00018e+00  9.96359e-01
 2.86872e+00  9.99534e-01  9.96360e-01
 2.87519e+00  9.99227e-01  9.96362e-01
 2.88193e+00  9.99610e-01  9.96363e-01
 2.88835e+00  9.99975e-01  9.96364e-01
 2.89506e+00  9.99360e-01  9.96366e-01
 2.90251e+00  9.99669e-01  9.96367e-01
 2.90970e+00  1.00048e+00  9.96368e-01
 2.91614e+00  1.00036e+00  9.96370e-01
 2.92387e+00  1.00147e+00  9.96371e-01
 2.93072e+00  1.00166e+00  9.96372e-01
 2.93699e+00  1.00188e+00  9.96373e-01
 2.94489e+00  1.00178e+00  9.96374e-01
 2.95205e+00  1.00268e+00  9.96376e-01
 2.95850e+00  1.00232e+00  9.96377e-01
 2.96524e+00  1.00338e+00  9.96378e-01
 2.97192e+00  1.00456e+00  9.96378e-01
 2.97886e+00  1.00349e+00  9.96379e-01
 2.98611e+00  1.00380e+00  9.96380e-01
 2.99253e+00  1.00374e+00  9.96381e-01
 2.99925e+00  1.00428e+00  9.96382e-01
 3.00623e+00  1.00445e+00  9.96383e-01
 3.01362e+00  1.00487e+00  9.96384e-01
 3.02031e+00  1.00534e+00  9.96384e-01
 3.02655e+00  1.00610e+00  9.96385e-01
 3.03331e+00  1.00651e+00  9.96385e-01
 3.03977e+00  1.00707e+00  9.96386e-01
 3.04624e+00  1.00724e+00  9.96387e-01
 3.05249e+00  1.00811e+00  9.96387e-01
 3.05878e+00  1.00825e+00  9.96388e-01
 3.06519e+00  1.00811e+00  9.96388e-01
 3.07145e+00  1.00961e+00  9.96388e-01
 3.07770e+00  1.00900e+00  9.96389e-01
 3.08400e+00  1.00926e+00  9.96389e-01
 3.09091e+00  1.01027e+00  9.96389e-01
 3.09789e+00  1.00936e+00  9.96390e-01
 3.10432e+00  1.01035e+00  9.96390e-01
 3.11086e+00  1.01081e+00  9.96390e-01
 3.11753e+00  1.01077e+00  9.96390e-01
 3.12380e+00  1.01107e+00  9.96391e-01
 3.13074e+00  1.01089e+00  9.96391e-01
 3.13834e+00  1.01130e+00  9.96391e-01
 3.14489e+00  1.01187e+00  9.96391e-01
 3.15181e+00  1.01175e+00  9.96391e-01
 3.15852e+00  1.01186e+00  9.96391e-01
 3.16551e+00  1.01126e+00  9.96391e-01
 3.17270e+00  1.01137e+00  9.96391e-01
 3.18003e+00  1.01090e+00  9.96391e-01
 3.18678e+00  1.01053e+00  9.96391e-01
 3.19347e+00  1.01047e+00  9.96391e-01
 3.20016e+00  1.01019e+00  9.96391e-01
 3.20687e+00  1.00890e+00  9.96390e-01
 3.21361e+00  1.00826e+00  9.96390e-01
 3.22077e+00  1.00857e+00  9.96390e-01
 3.22793e+00  1.00760e+00  9.96390e-01
 3.23446e+00  1.00702e+00  9.96390e-01
 3.24182e+00  1.00601e+00  9.96389e-01
 3.24879e+00  1.00518e+00  9.96389e-01
 3.25596e+00  1.00467e+00  9.96389e-01
 3.26266e+00  1.00447e+00  9.96388e-01
 3.26937e+00  1.00318e+00  9.96388e-01
 3.27611e+00  1.00226e+00  9.96388e-01
 3.28286e+00  1.00176e+00  9.96387e-01
 3.28926e+00  1.00107e+00  9.96387e-01
 3.29557e+00  1.00026e+00  9.96386e-01
 3.30294e+00  9.99594e-01  9.96386e-01
 3.30989e+00  9.98749e-01  9.96385e-01
 3.31709e+00  9.97561e-01  9.96385e-01
 3.32398e+00  9.98097e-01  9.96384e-01
 3.33048e+00  9.97014e-01  9.96384e-01
 3.33723e+00  9.96203e-01  9.96383e-01
 3.34415e+00  9.96507e-01  9.96383e-01
 3.35084e+00  9.95631e-01  9.96382e-01
 3.35783e+00  9.94885e-01  9.96382e-01
 3.36499e+00  9.95308e-01  9.96381e-01
 3.37216e+00  9.94645e-01  9.96380e-01
 3.37890e+00  9.94238e-01  9.96380e-01
 3.38580e+00  9.95140e-01  9.96379e-01
 3.39210e+00  9.94573e-01  9.96378e-01
 3.39853e+00  9.88934e-01  9.96378e-01
 3.40529e+00  9.78825e-01  9.96377e-01
 3.41174e+00  9.67894e-01  9.96376e-01
 3.41820e+00  9.54042e-01  9.96376e-01
 3.42544e+00  9.31875e-01  9.96375e-01
 3.43210e+00  9.18492e-01  9.96374e-01
 3.43880e+00  9.00869e-01  9.96374e-01
 3.44557e+00  8.81090e-01  9.96373e-01
 3.45204e+00  8.67191e-01  9.96372e-01
 3.45872e+00  8.60113e-01  9.96371e-01
 3.46569e+00  8.49068e-01  9.96370e-01
 3.47240e+00  8.48379e-01  9.96370e-01
 3.47863e+00  8.48771e-01  9.96369e-01
 3.48514e+00  8.53289e-01  9.96368e-01
 3.49184e+00  8.61259e-01  9.96367e-01
 3.49811e+00  8.73708e-01  9.96367e-01
 3.50459e+00  8.88403e-01  9.96366e-01
 3.51148e+00  9.03898e-01  9.96365e-01
 3.51938e+00  9.23984e-01  9.96364e-01
 3.52678e+00  9.47962e-01  9.96363e-01
 3.53353e+00  9.60731e-01  9.96362e-01
 3.53977e+00  9.78385e-01  9.96361e-01
 3.54690e+00  9.87483e-01  9.96360e-01
 3.55433e+00  9.94783e-01  9.96359e-01
 3.56079e+00  9.97015e-01  9.96358e-01
 3.56778e+00  9.98328e-01  9.96357e-01
 3.57449e+00  9.98799e-01  9.96356e-01
 3.58095e+00  9.98589e-01  9.96356e-01
 3.58745e+00  9.98846e-01  9.96355e-01
 3.59507e+00  1.00093e+00  9.96354e-01
 3.60177e+00  9.99544e-01  9.96353e-01
 3.60806e+00  9.99179e-01  9.96352e-01
 3.61520e+00  9.99667e-01  9.96351e-01
 3.62192e+00  1.00024e+00  9.96350e-01
 3.62870e+00  9.99715e-01  9.96349e-01
 3.63580e+00  1.00009e+00  9.96348e-01
 3.64210e+00  1.00030e+00  9.96347e-01
 3.64875e+00  9.99029e-01  9.96346e-01
 3.65599e+00  1.00049e+00  9.96345e-01
 3.66243e+00  1.00038e+00  9.96344e-01
 3.66867e+00  1.00054e+00  9.96343e-01
 3.67745e+00  1.00020e+00  9.96341e-01
 3.68376e+00  1.00038e+00  9.96340e-01
 3.69042e+00  1.00014e+00  9.96339e-01
 3.69830e+00  1.00004e+00  9.96338e-01
 3.70460e+00  1.00061e+00  9.96337e-01
 3.71102e+00  1.00053e+00  9.96336e-01
 3.71779e+00  1.00010e+00  9.96335e-01
 3.72424e+00  1.00049e+00  9.96334e-01
 3.73073e+00  1.00029e+00  9.96333e-01
 3.73861e+00  9.99441e-01  9.96332e-01
 3.74506e+00  1.00010e+00  9.96331e-01
 3.75130e+00  1.00015e+00  9.96330e-01
 3.75807e+00  1.00027e+00  9.96329e-01
 3.76520e+00  1.00076e+00  9.96328e-01
 3.77150e+00  9.99569e-01  9.96327e-01
 3.77819e+00  9.99397e-01  9.96326e-01
 3.78489e+00  1.00010e+00  9.96325e-01
 3.79229e+00  9.99518e-01  9.96323e-01
 3.79973e+00  1.00039e+00  9.96322e-01
 3.80621e+00  1.00023e+00  9.96321e-01
 3.81264e+00  9.99847e-01  9.96320e-01
 3.81917e+00  9.99267e-01  9.96319e-01
 3.82584e+00  9.99715e-01  9.96318e-01
 3.83213e+00  9.99721e-01  9.96317e-01
 3.83860e+00  9.99493e-01  9.96316e-01
 3.84535e+00  9.99013e-01  9.96315e-01
 3.85177e+00  9.99710e-01  9.96314e-01
 3.85856e+00  9.99644e-01  9.96312e-01
 3.86613e+00  9.98858e-01  9.96311e-01
 3.87259e+00  9.99712e-01  9.96310e-01
 3.87890e+00  9.99522e-01  9.96309e-01
 3.88605e+00  9.99150e-01  9.96308e-01
 3.89276e+00  9.99555e-01  9.96307e-01
 3.89903e+00  9.99799e-01  9.96306e-01
 3.90599e+00  9.99882e-01  9.96304e-01
 3.91283e+00  9.99268e-01  9.96303e-01
 3.92033e+00  9.99138e-01  9.96302e-01
 3.92815e+00  9.99697e-01  9.96301e-01
 3.93441e+00  9.99868e-01  9.96300e-01
 3.94116e+00  9.99682e-01  9.96298e-01
 3.94829e+00  9.99894e-01  9.96297e-01
 3.95460e+00  9.99529e-01  9.96296e-01
 3.96103e+00  1.00009e+00  9.96295e-01
 3.96849e+00  1.00054e+00  9.96294e-01
 3.97493e+00  1.00008e+00  9.96293e-01
 3.98231e+00  9.99599e-01  9.96291e-01
 3.98931e+00  1.00047e+00  9.96290e-01
 3.99574e+00  1.00090e+00  9.96289e-01
 4.00199e+00  1.00077e+00  9.96288e-01
 4.00880e+00  9.99983e-01  9.96287e-01
 4.01588e+00  1.00126e+00  9.96286e-01
 4.02215e+00  1.00108e+00  9.96285e-01
 4.02889e+00  1.00070e+00  9.96283e-01
 4.03538e+00  1.00154e+00  9.96282e-01
 4.04179e+00  1.00087e+00  9.96281e-01
 4.04832e+00  1.00175e+00  9.96280e-01
 4.05502e+00  1.00131e+00  9.96279e-01
 4.06172e+00  1.00105e+00  9.96278e-01
 4.06847e+00  1.00204e+00  9.96276e-01
 4.07564e+00  1.00208e+00  9.96275e-01
 4.08256e+00  1.00191e+00  9.96274e-01
 4.08929e+00  1.00218e+00  9.96273e-01
 4.09650e+00  1.00213e+00  9.96272e-01
 4.10293e+00  1.00202e+00  9.96270e-01
 4.10987e+00  1.00214e+00  9.96269e-01
 4.11684e+00  1.00180e+00  9.96268e-01
 4.12352e+00  1.00191e+00  9.96267e-01
 4.13096e+00  1.00233e+00  9.96266e-01
 4.13832e+00  1.00276e+00  9.96264e-01
 4.14530e+00  1.00172e+00  9.96263e-01
 4.15179e+00  1.00280e+00  9.96262e-01
 4.15942e+00  1.00214e+00  9.96261e-01
 4.16611e+00  1.00188e+00  9.96259e-01
 4.17309e+00  1.00217e+00  9.96258e-01
 4.18002e+00  1.00204e+00  9.96257e-01
 4.18628e+00  1.00193e+00  9.96256e-01
 4.19279e+00  1.00211e+00  9.96255e-01
 4.19948e+00  1.00152e+00  9.96253e-01
 4.20594e+00  1.00141e+00  9.96252e-01
 4.21222e+00  1.00191e+00  9.96251e-01
 4.21914e+00  1.00110e+00  9.96250e-01
 4.22585e+00  1.00145e+00  9.96249e-01
 4.23281e+00  1.00217e+00  9.96248e-01
 4.23997e+00  1.00084e+00  9.96246e-01
 4.24624e+00  1.00140e+00  9.96245e-01
 4.25296e+00  1.00032e+00  9.96244e-01
 4.26084e+00  1.00110e+00  9.96243e-01
 4.26776e+00  1.00064e+00  9.96241e-01
 4.27402e+00  1.00046e+00  9.96240e-01
 4.28098e+00  1.00101e+00  9.96239e-01
 4.28741e+00  1.00044e+00  9.96238e-01
 4.29364e+00  1.00069e+00  9.96237e-01
 4.30041e+00  1.00008e+00  9.96236e-01
 4.30687e+00  1.00010e+00  9.96235e-01
 4.31315e+00  1.00052e+00  9.96233e-01
 4.31987e+00  1.00073e+00  9.96232e-01
 4.32656e+00  9.99741e-01  9.96231e-01
 4.33351e+00  1.00025e+00  9.96230e-01
 4.34110e+00  9.99822e-01  9.96228e-01
 4.34854e+00  9.99485e-01  9.96227e-01
 4.35545e+00  9.99367e-01  9.96226e-01
 4.36292e+00  9.99692e-01  9.96225e-01
 4.37027e+00  9.98561e-01  9.96223e-01
 4.37726e+00  9.99936e-01  9.96222e-01
 4.38514e+00  9.99277e-01  9.96221e-01
 4.39157e+00  9.99121e-01  9.96220e-01
 4.39782e+00  9.99314e-01  9.96218e-01
 4.40486e+00  9.99127e-01  9.96217e-01
 4.41172e+00  9.98782e-01  9.96216e-01
 4.41795e+00  9.98188e-01  9.96215e-01
 4.42429e+00  9.98859e-01  9.96214e-01
 4.43052e+00  9.98052e-01  9.96213e-01
 4.43717e+00  9.98585e-01  9.96211e-01
 4.44327e+00  9.98825e-01  9.96210e-01
 4.44948e+00  9.99218e-01  9.96209e-01
 4.45546e+00  9.99179e-01  9.96208e-01
 4.46154e+00  9.98261e-01  9.96207e-01
 4.46800e+00  1.00008e+00  9.96206e-01
 4.47429e+00  9.98504e-01  9.96205e-01
 4.48068e+00  9.98781e-01  9.96204e-01
 4.48679e+00  9.99068e-01  9.96203e-01
 4.49298e+00  9.98992e-01  9.96202e-01
 4.49900e+00  9.99539e-01  9.96201e-01
 4.50644e+00  9.99867e-01  9.96199e-01
 4.51265e+00  9.99753e-01  9.96198e-01
 4.51894e+00  9.99396e-01  9.96197e-01
 4.52471e+00  1.00039e+00  9.96196e-01
 4.53098e+00  9.99146e-01  9.96195e-01
 4.53695e+00  9.99067e-01  9.96194e-01
 4.54254e+00  9.99392e-01  9.96193e-01
 4.54877e+00  9.99510e-01  9.96192e-01
 4.55481e+00  9.99600e-01  9.96191e-01
 4.56058e+00  9.99714e-01  9.96190e-01
 4.56639e+00  9.99538e-01  9.96189e-01
 4.57265e+00  9.99718e-01  9.96188e-01
 4.57908e+00  1.00037e+00  9.96186e-01
 4.58486e+00  9.99787e-01  9.96185e-01
 4.59119e+00  9.99965e-01  9.96184e-01
 4.59765e+00  1.00015e+00  9.96183e-01
 4.60340e+00  1.00001e+00  9.96182e-01
 4.61018e+00  1.00128e+00  9.96181e-01
 4.61798e+00  1.00023e+00  9.96180e-01
 4.62357e+00  1.00041e+00  9.96179e-01
 4.62958e+00  1.00143e+00  9.96178e-01
 4.63629e+00  1.00105e+00  9.96176e-01
 4.64349e+00  1.00119e+00  9.96175e-01
 4.64971e+00  1.00139e+00  9.96174e-01
 4.65739e+00  1.00144e+00  9.96173e-01
 4.66405e+00  1.00134e+00  9.96171e-01
 4.67029e+00  1.00104e+00  9.96170e-01
 4.67801e+00  1.00132e+00  9.96169e-01
 4.68558e+00  1.00171e+00  9.96168e-01
 4.69211e+00  1.00181e+00  9.96167e-01
 4.70042e+00  1.00119e+00  9.96165e-01
 4.70667e+00  1.00117e+00  9.96164e-01
 4.71290e+00  1.00202e+00  9.96163e-01
 4.71962e+00  1.00093e+00  9.96162e-01
 4.72543e+00  1.00085e+00  9.96161e-01
 4.73136e+00  1.00048e+00  9.96160e-01
 4.73771e+00  1.00117e+00  9.96159e-01
 4.74460e+00  1.00111e+00  9.96157e-01
 4.75086e+00  1.00087e+00  9.96156e-01
 4.75854e+00  1.00048e+00  9.96155e-01
 4.76569e+00  1.00062e+00  9.96154e-01
 4.77171e+00  1.00026e+00  9.96153e-01
 4.77867e+00  1.00020e+00  9.96151e-01
 4.78560e+00  1.00017e+00  9.96150e-01
 4.79157e+00  1.00023e+00  9.96149e-01
 4.79718e+00  1.00328e+00  9.96148e-01
 4.80459e+00  9.99980e-01  9.96147e-01
 4.81058e+00  9.99851e-01  9.96146e-01
 4.81657e+00  1.00221e+00  9.96145e-01
 4.82288e+00  9.99477e-01  9.96144e-01
 4.82934e+00  9.99591e-01  9.96143e-01
 4.83554e+00  9.99876e-01  9.96142e-01
 4.84160e+00  1.00138e+00  9.96140e-01
 4.84809e+00  9.99597e-01  9.96139e-01
 4.85340e+00  9.99114e-01  9.96138e-01
 4.85876e+00  1.00001e+00  9.96137e-01
 4.86522e+00  9.98937e-01  9.96136e-01
 4.87102e+00  9.99452e-01  9.96135e-01
 4.87676e+00  9.99236e-01  9.96134e-01
 4.88240e+00  1.00085e+00  8.74859e-01
 4.88885e+00  9.99857e-01  8.74857e-01
 4.89530e+00  9.99241e-01  8.74856e-01
 4.90182e+00  9.99290e-01  8.74855e-01
 4.90897e+00  9.98628e-01  8.74854e-01
 4.91525e+00  9.98899e-01  8.74853e-01
 4.92120e+00  1.00082e+00  8.74852e-01
 4.92727e+00  1.00001e+00  8.74851e-01
 4.93488e+00  9.99106e-01  8.74849e-01
 4.94073e+00  9.99057e-01  8.74848e-01
 4.94700e+00  1.00041e+00  8.74847e-01
 4.95363e+00  9.99249e-01  8.74846e-01
 4.95924e+00  9.98648e-01  8.74845e-01
 4.96589e+00  1.00011e+00  8.74844e-01
 4.97264e+00  9.99127e-01  8.74843e-01
 4.97840e+00  9.98377e-01  9.96117e-01
 4.98421e+00  9.99994e-01  9.96116e-01
 4.98999e+00  9.99354e-01  9.96115e-01
 4.99626e+00  9.98566e-01  9.96114e-01
 5.00246e+00  9.99165e-01  9.96113e-01
 5.00849e+00  1.00062e+00  9.96112e-01
 5.01431e+00  9.99430e-01  9.96111e-01
 5.02054e+00  9.98541e-01  9.96109e-01
 5.02679e+00  9.99362e-01  9.96108e-01
 5.03328e+00  9.99328e-01  9.96107e-01
 5.03927e+00  9.98794e-01  9.96106e-01
 5.04559e+00  9.99065e-01  9.96105e-01
 5.05293e+00  9.99790e-01  9.96104e-01
 5.05920e+00  9.99470e-01  9.96103e-01
 5.06525e+00  9.99694e-01  9.96102e-01
 5.07099e+00  1.00120e+00  9.96101e-01
 5.07681e+00  9.99866e-01  9.96100e-01
 5.08258e+00  9.99334e-01  9.96099e-01
 5.08839e+00  9.99865e-01  9.96098e-01
 5.09412e+00  1.00030e+00  9.96097e-01
 5.10085e+00  9.99394e-01  9.96096e-01
 5.10733e+00  9.99809e-01  9.96094e-01
 5.11432e+00  1.00094e+00  9.96093e-01
 5.12080e+00  1.00040e+00  9.96092e-01
 5.12677e+00  1.00043e+00  9.96091e-01
 5.13312e+00  1.00026e+00  9.96090e-01
 5.13979e+00  1.00063e+00  9.96089e-01
 5.14599e+00  1.00036e+00  9.96088e-01
 5.15233e+00  1.00092e+00  9.96087e-01
 5.15990e+00  1.00139e+00  9.96085e-01
 5.16635e+00  1.00070e+00  9.96084e-01
 5.17264e+00  1.00006e+00  9.96083e-01
 5.17961e+00  1.00121e+00  9.96082e-01
 5.18561e+00  1.00033e+00  9.96081e-01
 5.19187e+00  1.00060e+00  9.96080e-01
 5.19839e+00  1.00161e+00  9.96079e-01
 5.20462e+00  1.00174e+00  9.96078e-01
 5.21130e+00  1.00081e+00  9.96077e-01
 5.21782e+00  1.00094e+00  9.96076e-01
 5.22445e+00  1.00172e+00  9.96074e-01
 5.23024e+00  1.00164e+00  9.96073e-01
 5.23681e+00  1.00063e+00  9.96072e-01
 5.24397e+00  1.00155e+00  9.96071e-01
 5.24991e+00  1.00146e+00  9.96070e-01
 5.25554e+00  1.00037e+00  9.96069e-01
 5.26227e+00  1.00125e+00  9.96068e-01
 5.26844e+00  1.00159e+00  9.96067e-01
 5.27405e+00  1.00062e+00  9.96066e-01
 5.28032e+00  1.00084e+00  9.96065e-01
 5.28747e+00  1.00143e+00  9.96064e-01
 5.29369e+00  1.00068e+00  9.96063e-01
 5.30092e+00  1.00120e+00  9.96061e-01
 5.30733e+00  1.00187e+00  9.96060e-01
 5.31363e+00  1.00073e+00  9.96059e-01
 5.31993e+00  1.00039e+00  9.96058e-01
 5.32630e+00  1.00059e+00  9.96057e-01
 5.33191e+00  1.00096e+00  9.96056e-01
 5.33834e+00  1.00031e+00  9.96055e-01
 5.34462e+00  9.99959e-01  9.96054e-01
 5.35045e+00  1.00088e+00  9.96053e-01
 5.35660e+00  9.99554e-01  9.96052e-01
 5.36364e+00  9.98793e-01  9.96051e-01
 5.36960e+00  9.96667e-01  9.96050e-01
 5.37542e+00  9.92172e-01  9.96049e-01
 5.38123e+00  9.86906e-01  9.96048e-01
 5.38767e+00  9.83587e-01  9.96047e-01
 5.39394e+00  9.76255e-01  9.96045e-01
 5.40015e+00  9.71485e-01  9.96044e-01
 5.40644e+00  9.64319e-01  9.96043e-01
 5.41247e+00  9.59554e-01  9.96042e-01
 5.41820e+00  9.57130e-01  9.96041e-01
 5.42408e+00  9.49445e-01  9.96040e-01
 5.43071e+00  9.49776e-01  9.96039e-01
 5.43672e+00  9.46060e-01  9.96038e-01
 5.44257e+00  9.43734e-01  9.96037e-01
 5.44949e+00  9.44424e-01  9.96036e-01
 5.45525e+00  9.45888e-01  9.96035e-01
 5.46107e+00  9.46755e-01  9.96034e-01
 5.46708e+00  9.49097e-01  9.96033e-01
 5.47353e+00  9.52745e-01  9.96032e-01
 5.47959e+00  9.57512e-01  9.96031e-01
 5.48537e+00  9.62415e-01  9.96030e-01
 5.49165e+00  9.69527e-01  9.96029e-01
 5.49852e+00  9.72116e-01  9.96028e-01
