850
 3.58300e-03  9.99936e-01  2.20268e+04
 1.22890e-02  1.00018e+00  2.20286e+04
 2.03370e-02  9.99924e-01  2.20303e+04
 2.83570e-02  1.00033e+00  2.20321e+04
 3.67150e-02  1.00005e+00  2.20339e+04
 4.52330e-02  1.00050e+00  2.20358e+04
 5.27730e-02  1.00078e+00  2.20374e+04
 6.06370e-02  1.00051e+00  2.20392e+04
 6.83550e-02  1.00107e+00  2.20409e+04
 7.60130e-02  1.00091e+00  2.20426e+04
 8.36410e-02  1.00081e+00  2.20444e+04
 9.18650e-02  1.00092e+00  2.20462e+04
 1.00025e-01  1.00137e+00  2.20481e+04
 1.07987e-01  1.00120e+00  2.20500e+04
 1.16093e-01  1.00163e+00  2.20518e+04
 1.24249e-01  1.00174e+00  2.20538e+04
 1.32255e-01  1.00167e+00  2.20557e+04
 1.39663e-01  1.00199e+00  2.20574e+04
 1.46923e-01  1.00228e+00  2.20592e+04
 1.54475e-01  1.00208e+00  2.20610e+04
 1.62525e-01  1.00233e+00  2.20629e+04
 1.70233e-01  1.00203e+00  2.20648e+04
 1.78147e-01  1.00229e+00  2.20668e+04
 1.86327e-01  1.00234e+00  2.20688e+04
 1.94065e-01  1.00275e+00  2.20707e+04
 2.01827e-01  1.00247e+00  2.20727e+04
 2.09433e-01  1.00272e+00  2.20746e+04
 2.16975e-01  1.00203e+00  2.20765e+04
 2.25025e-01  1.00316e+00  2.20786e+04
 2.32733e-01  1.00248e+00  2.20806e+04
 2.40647e-01  1.00278e+00  2.20827e+04
 2.48827e-01  1.00243e+00  2.20848e+04
 2.56575e-01  1.00265e+00  2.20869e+04
 2.64859e-01  1.00247e+00  2.20891e+04
 2.72809e-01  1.00311e+00  2.20912e+04
 2.80485e-01  1.00288e+00  2.20933e+04
 2.89229e-01  1.00280e+00  2.20956e+04
 2.96739e-01  1.00271e+00  2.20977e+04
 3.04435e-01  1.00244e+00  2.20998e+04
 3.11727e-01  1.00264e+00  2.21018e+04
 3.19075e-01  1.00293e+00  2.21039e+04
 3.27359e-01  1.00238e+00  2.21062e+04
 3.34771e-01  1.00293e+00  2.21083e+04
 3.42665e-01  1.00225e+00  2.21106e+04
 3.50083e-01  1.00246e+00  2.21127e+04
 3.56939e-01  1.00265e+00  2.21147e+04
 3.64789e-01  1.00248e+00  2.21170e+04
 3.73015e-01  1.00250e+00  2.21194e+04
 3.80089e-01  1.00249e+00  2.21215e+04
 3.87735e-01  1.00185e+00  2.21238e+04
 3.95057e-01  1.00185e+00  2.21260e+04
 4.02817e-01  1.00165e+00  2.21283e+04
 4.10967e-01  1.00181e+00  2.21308e+04
 4.18053e-01  1.00156e+00  2.21330e+04
 4.26231e-01  1.00135e+00  2.21355e+04
 4.35079e-01  1.00150e+00  2.21383e+04
 4.42589e-01  1.00145e+00  2.21406e+04
 4.50235e-01  1.00151e+00  2.21430e+04
 4.57979e-01  1.00129e+00  2.21455e+04
 4.66127e-01  1.00105e+00  2.21481e+04
 4.74215e-01  1.00100e+00  2.21507e+04
 4.81249e-01  1.00103e+00  2.21530e+04
 4.89535e-01  1.00057e+00  2.21557e+04
 4.97771e-01  1.00086e+00  2.21584e+04
 5.05462e-01  1.00084e+00  2.21610e+04
 5.14859e-01  1.00065e+00  2.21641e+04
 5.23327e-01  1.00073e+00  2.21670e+04
 5.31013e-01  1.02041e+00  2.21696e+04
 5.38337e-01  1.00068e+00  2.21721e+04
 5.45291e-01  1.00075e+00  2.21745e+04
 5.52563e-01  1.01800e+00  2.21770e+04
 5.59719e-01  1.00087e+00  2.21795e+04
 5.66337e-01  1.00048e+00  2.21819e+04
 5.74063e-01  1.01536e+00  2.21846e+04
 5.81335e-01  1.00025e+00  2.21872e+04
 5.88769e-01  1.00029e+00  2.21899e+04
 5.96459e-01  1.01387e+00  2.21927e+04
 6.03819e-01  9.99958e-01  2.21954e+04
 6.11415e-01  9.99571e-01  2.21982e+04
 6.18849e-01  1.01215e+00  2.22009e+04
 6.26231e-01  1.00010e+00  2.22037e+04
 6.33649e-01  9.99510e-01  2.22064e+04
 6.41039e-01  1.00960e+00  2.22092e+04
 6.47929e-01  9.99767e-01  2.22119e+04
 6.55279e-01  9.99519e-01  2.22147e+04
 6.62569e-01  1.00776e+00  2.22175e+04
 6.69439e-01  9.99650e-01  2.22202e+04
 6.77079e-01  1.00608e+00  2.22232e+04
 6.84863e-01  9.99753e-01  2.22262e+04
 6.91835e-01  9.99610e-01  2.22290e+04
 6.99073e-01  1.00460e+00  2.22319e+04
 7.06335e-01  9.99545e-01  2.22348e+04
 7.13419e-01  9.99438e-01  2.22377e+04
 7.20697e-01  1.00376e+00  2.22407e+04
 7.27745e-01  9.99633e-01  2.22436e+04
 7.35025e-01  9.99702e-01  2.22466e+04
 7.42329e-01  1.00270e+00  2.22496e+04
 7.49227e-01  9.99315e-01  2.22525e+04
 7.56575e-01  9.99398e-01  2.22556e+04
 7.63883e-01  1.00178e+00  2.22588e+04
 7.70751e-01  9.99430e-01  2.22617e+04
 7.78095e-01  9.99449e-01  2.22649e+04
 7.85479e-01  1.00159e+00  2.22681e+04
 7.92473e-01  9.99284e-01  2.22712e+04
 8.00593e-01  9.99214e-01  2.22748e+04
 8.08799e-01  1.00055e+00  2.22784e+04
 8.16615e-01  9.99109e-01  2.22819e+04
 8.24073e-01  1.00027e+00  2.22853e+04
 8.31335e-01  9.99086e-01  2.22886e+04
 8.38419e-01  9.99041e-01  2.22918e+04
 8.45707e-01  1.00005e+00  2.22952e+04
 8.52745e-01  9.99007e-01  2.22985e+04
 8.60409e-01  9.98903e-01  2.23021e+04
 8.68073e-01  9.98513e-01  2.23057e+04
 8.75443e-01  9.98222e-01  2.23092e+04
 8.82955e-01  9.98303e-01  2.23128e+04
 8.90339e-01  9.98511e-01  2.23164e+04
 8.97233e-01  9.97488e-01  2.23197e+04
 9.04485e-01  9.97528e-01  2.23233e+04
 9.12579e-01  9.97618e-01  2.23273e+04
 9.19439e-01  9.96940e-01  2.23307e+04
 9.26863e-01  9.97449e-01  2.23344e+04
 9.34177e-01  9.97343e-01  2.23381e+04
 9.41337e-01  9.97229e-01  2.23418e+04
 9.49447e-01  9.98016e-01  2.23459e+04
 9.57299e-01  9.97921e-01  2.23500e+04
 9.65307e-01  9.98602e-01  2.23541e+04
 9.72989e-01  9.98804e-01  2.23582e+04
 9.79815e-01  9.98955e-01  2.23618e+04
 9.87115e-01  9.98702e-01  2.23657e+04
 9.94529e-01  9.99529e-01  2.23696e+04
 1.00139e+00  9.99013e-01  2.23733e+04
 1.00865e+00  9.99084e-01  2.23773e+04
 1.01604e+00  9.99390e-01  2.23813e+04
 1.02292e+00  9.99455e-01  2.23851e+04
 1.03032e+00  9.99349e-01  2.23893e+04
 1.03835e+00  9.99498e-01  2.23938e+04
 1.04533e+00  9.98984e-01  2.23977e+04
 1.05243e+00  9.99531e-01  2.24017e+04
 1.05914e+00  9.99432e-01  2.24056e+04
 1.06528e+00  9.99513e-01  2.24091e+04
 1.07204e+00  9.99420e-01  2.24131e+04
 1.07862e+00  9.99649e-01  2.24169e+04
 1.08492e+00  9.99491e-01  2.24206e+04
 1.09206e+00  9.99343e-01  2.24248e+04
 1.09888e+00  9.99929e-01  2.24289e+04
 1.10506e+00  9.99796e-01  2.24326e+04
 1.11211e+00  9.99466e-01  2.24369e+04
 1.11908e+00  9.99622e-01  2.24411e+04
 1.12519e+00  9.99506e-01  2.24449e+04
 1.13193e+00  9.99589e-01  2.24490e+04
 1.13854e+00  9.99723e-01  2.24531e+04
 1.14550e+00  9.99757e-01  2.24575e+04
 1.15275e+00  9.99586e-01  2.24620e+04
 1.15939e+00  9.99825e-01  2.24663e+04
 1.16598e+00  9.99354e-01  2.24705e+04
 1.17296e+00  9.99746e-01  2.24750e+04
 1.17949e+00  9.99528e-01  2.24792e+04
 1.18616e+00  9.99593e-01  2.24835e+04
 1.19338e+00  9.99491e-01  2.24883e+04
 1.20030e+00  9.99859e-01  2.24929e+04
 1.20675e+00  1.00002e+00  2.24972e+04
 1.21323e+00  9.99472e-01  2.25015e+04
 1.22001e+00  9.99801e-01  2.25061e+04
 1.22726e+00  9.99747e-01  2.25110e+04
 1.23407e+00  9.99244e-01  2.25157e+04
 1.24059e+00  9.99353e-01  2.25202e+04
 1.24724e+00  9.99591e-01  2.25248e+04
 1.25345e+00  1.00009e+00  2.25291e+04
 1.26019e+00  9.99792e-01  2.25339e+04
 1.26725e+00  1.00003e+00  2.25389e+04
 1.27451e+00  9.99104e-01  2.25441e+04
 1.28171e+00  9.99934e-01  2.25493e+04
 1.28911e+00  9.99502e-01  2.25546e+04
 1.29584e+00  9.99769e-01  2.25595e+04
 1.30257e+00  9.99861e-01  2.25645e+04
 1.30975e+00  9.99829e-01  2.25698e+04
 1.31618e+00  9.99807e-01  2.25746e+04
 1.32347e+00  9.99632e-01  2.25801e+04
 1.33057e+00  1.00001e+00  2.25854e+04
 1.33729e+00  9.99622e-01  2.25906e+04
 1.34475e+00  9.99843e-01  2.25963e+04
 1.35142e+00  9.99919e-01  2.26014e+04
 1.35784e+00  9.99799e-01  2.26064e+04
 1.36516e+00  9.99761e-01  2.26122e+04
 1.37271e+00  9.99799e-01  2.26181e+04
 1.37917e+00  9.99600e-01  2.26233e+04
 1.38575e+00  9.99800e-01  2.26285e+04
 1.39250e+00  9.99683e-01  2.26340e+04
 1.39951e+00  9.99907e-01  2.26397e+04
 1.40680e+00  9.99825e-01  2.26456e+04
 1.41392e+00  1.00004e+00  2.26515e+04
 1.42044e+00  9.99452e-01  2.26569e+04
 1.42777e+00  9.99746e-01  2.26630e+04
 1.43475e+00  9.99975e-01  2.26689e+04
 1.44095e+00  9.99440e-01  2.26742e+04
 1.44769e+00  1.00012e+00  2.26799e+04
 1.45437e+00  1.00006e+00  2.26857e+04
 1.46121e+00  9.99826e-01  2.26916e+04
 1.46850e+00  1.00005e+00  2.26979e+04
 1.47525e+00  1.00005e+00  2.27039e+04
 1.48262e+00  9.99583e-01  2.27104e+04
 1.48937e+00  1.00015e+00  2.27164e+04
 1.49605e+00  9.99839e-01  2.27224e+04
 1.50320e+00  9.99884e-01  2.27288e+04
 1.51138e+00  9.99663e-01  2.27363e+04
 1.51870e+00  1.00003e+00  2.27430e+04
 1.52501e+00  1.00012e+00  2.27488e+04
 1.53180e+00  1.00016e+00  2.27551e+04
 1.53893e+00  1.00020e+00  2.27618e+04
 1.54534e+00  1.00008e+00  2.27678e+04
 1.55244e+00  9.99758e-01  2.27746e+04
 1.55927e+00  1.00010e+00  2.27811e+04
 1.56595e+00  1.00022e+00  2.27876e+04
 1.57269e+00  1.00016e+00  2.27941e+04
 1.57927e+00  1.00011e+00  2.28005e+04
 1.58572e+00  1.00033e+00  2.28068e+04
 1.59393e+00  1.00038e+00  2.28149e+04
 1.60143e+00  1.00041e+00  2.28224e+04
 1.60762e+00  9.99886e-01  2.28286e+04
 1.61446e+00  1.00010e+00  2.28356e+04
 1.62165e+00  1.00007e+00  2.28429e+04
 1.62788e+00  1.00007e+00  2.28493e+04
 1.63529e+00  9.99948e-01  2.28569e+04
 1.64259e+00  1.00043e+00  2.28645e+04
 1.64929e+00  1.00011e+00  2.28715e+04
 1.65610e+00  1.00009e+00  2.28787e+04
 1.66376e+00  1.00029e+00  2.28868e+04
 1.67120e+00  1.00009e+00  2.28947e+04
 1.67851e+00  1.00033e+00  2.29026e+04
 1.68560e+00  1.00010e+00  2.29103e+04
 1.69269e+00  1.00040e+00  2.29180e+04
 1.69959e+00  1.00060e+00  2.29256e+04
 1.70643e+00  1.00044e+00  2.29332e+04
 1.71323e+00  1.00034e+00  2.29408e+04
 1.71974e+00  1.00039e+00  2.29481e+04
 1.72643e+00  1.00049e+00  2.29556e+04
 1.73284e+00  1.00032e+00  2.29629e+04
 1.74016e+00  1.00012e+00  2.29713e+04
 1.74745e+00  1.00056e+00  2.29797e+04
 1.75444e+00  1.00070e+00  2.29878e+04
 1.76167e+00  1.00029e+00  2.29962e+04
 1.76870e+00  1.00042e+00  2.30045e+04
 1.77501e+00  1.00043e+00  2.30119e+04
 1.78180e+00  1.00035e+00  2.30200e+04
 1.78912e+00  1.00019e+00  2.30288e+04
 1.79610e+00  1.00038e+00  2.30372e+04
 1.80335e+00  1.00017e+00  2.30460e+04
 1.81060e+00  9.99977e-01  2.30549e+04
 1.81769e+00  1.00028e+00  2.30636e+04
 1.82550e+00  1.00049e+00  2.30733e+04
 1.83266e+00  1.00029e+00  2.30822e+04
 1.84119e+00  1.00047e+00  2.30929e+04
 1.84881e+00  1.00039e+00  2.31026e+04
 1.85564e+00  1.00051e+00  2.31113e+04
 1.86357e+00  1.00031e+00  2.31215e+04
 1.87106e+00  1.00033e+00  2.31311e+04
 1.87788e+00  1.00066e+00  2.31400e+04
 1.88529e+00  1.00029e+00  2.31497e+04
 1.89259e+00  1.00034e+00  2.31593e+04
 1.89987e+00  1.00095e+00  2.31690e+04
 1.90750e+00  1.00024e+00  2.31792e+04
 1.91477e+00  1.00056e+00  2.31890e+04
 1.92185e+00  1.00053e+00  2.31985e+04
 1.92953e+00  1.00041e+00  2.32090e+04
 1.93916e+00  1.00056e+00  2.32222e+04
 1.94832e+00  1.00042e+00  2.32349e+04
 1.95632e+00  1.00067e+00  2.32460e+04
 1.96425e+00  1.00050e+00  2.32571e+04
 1.97234e+00  1.00066e+00  2.32686e+04
 1.97981e+00  1.00063e+00  2.32792e+04
 1.98878e+00  1.00091e+00  2.32920e+04
 1.99606e+00  1.00037e+00  2.33025e+04
 2.00358e+00  1.00033e+00  2.33134e+04
 2.01168e+00  1.00047e+00  2.33252e+04
 2.01892e+00  1.00042e+00  2.33359e+04
 2.02647e+00  1.00080e+00  2.33470e+04
 2.03468e+00  1.00034e+00  2.33592e+04
 2.04167e+00  1.00075e+00  2.33697e+04
 2.04969e+00  1.00066e+00  2.33817e+04
 2.05801e+00  1.00058e+00  2.33943e+04
 2.06571e+00  1.00105e+00  2.34061e+04
 2.07469e+00  1.00084e+00  2.34198e+04
 2.08200e+00  1.00038e+00  2.34311e+04
 2.08978e+00  1.00033e+00  2.34431e+04
 2.09734e+00  1.00013e+00  2.34549e+04
 2.10417e+00  1.00061e+00  2.34656e+04
 2.11220e+00  1.00077e+00  2.34783e+04
 2.11962e+00  1.00041e+00  2.34901e+04
 2.12651e+00  1.00067e+00  2.35010e+04
 2.13479e+00  1.00024e+00  2.35143e+04
 2.14259e+00  1.00040e+00  2.35269e+04
 2.14989e+00  1.00090e+00  2.35387e+04
 2.15750e+00  1.00070e+00  2.35511e+04
 2.16477e+00  1.00093e+00  2.35630e+04
 2.17302e+00  1.00035e+00  2.35765e+04
 2.18067e+00  1.00078e+00  2.35891e+04
 2.18752e+00  1.00032e+00  2.36005e+04
 2.19551e+00  1.00069e+00  2.36138e+04
 2.20247e+00  1.00006e+00  2.36255e+04
 2.20931e+00  1.00035e+00  2.36370e+04
 2.21653e+00  1.00031e+00  2.36492e+04
 2.22396e+00  1.00011e+00  2.36618e+04
 2.23012e+00  1.00052e+00  2.36723e+04
 2.23741e+00  1.00008e+00  2.36848e+04
 2.24414e+00  9.99716e-01  2.36963e+04
 2.25098e+00  1.00044e+00  2.37081e+04
 2.25822e+00  1.00019e+00  2.37206e+04
 2.26560e+00  1.00040e+00  2.37334e+04
 2.27181e+00  1.00010e+00  2.37442e+04
 2.27974e+00  1.00026e+00  2.37581e+04
 2.28646e+00  1.00001e+00  2.37699e+04
 2.29348e+00  1.00053e+00  2.37822e+04
 2.30129e+00  1.00066e+00  2.37960e+04
 2.30799e+00  1.00010e+00  2.38079e+04
 2.31489e+00  1.00019e+00  2.38202e+04
 2.32280e+00  1.00049e+00  2.38343e+04
 2.33003e+00  1.00023e+00  2.38472e+04
 2.33640e+00  1.00051e+00  2.38586e+04
 2.34357e+00  1.00067e+00  2.38715e+04
 2.35025e+00  9.99876e-01  2.38836e+04
 2.35721e+00  1.00031e+00  2.38961e+04
 2.36445e+00  9.99858e-01  2.39093e+04
 2.37121e+00  1.00028e+00  2.39216e+04
 2.37838e+00  1.00036e+00  2.39346e+04
 2.38640e+00  1.00021e+00  2.39492e+04
 2.39327e+00  9.99821e-01  2.39618e+04
 2.40088e+00  1.00005e+00  2.39757e+04
 2.40798e+00  1.00010e+00  2.39888e+04
 2.41462e+00  1.00018e+00  2.40010e+04
 2.42127e+00  1.00005e+00  2.40132e+04
 2.42816e+00  1.00051e+00  2.40259e+04
 2.43516e+00  1.00014e+00  2.40389e+04
 2.44212e+00  1.00007e+00  2.40517e+04
 2.44935e+00  9.99819e-01  2.40651e+04
 2.45704e+00  1.00020e+00  2.40794e+04
 2.46447e+00  1.00007e+00  2.40932e+04
 2.47174e+00  1.00007e+00  2.41067e+04
 2.47875e+00  9.99782e-01  2.41197e+04
 2.48601e+00  1.00000e+00  2.41332e+04
 2.49280e+00  1.00006e+00  2.41458e+04
 2.49959e+00  1.00011e+00  2.41584e+04
 2.50737e+00  9.99545e-01  2.41729e+04
 2.51432e+00  1.00033e+00  2.41858e+04
 2.52175e+00  9.99873e-01  2.41996e+04
 2.52989e+00  9.99729e-01  2.42148e+04
 2.53727e+00  9.99683e-01  2.42285e+04
 2.54402e+00  9.99803e-01  2.42410e+04
 2.55129e+00  9.99374e-01  2.42545e+04
 2.55809e+00  9.99329e-01  2.42671e+04
 2.56512e+00  9.99841e-01  2.42801e+04
 2.57276e+00  9.99367e-01  2.42942e+04
 2.57964e+00  9.99501e-01  2.43069e+04
 2.58677e+00  9.99462e-01  2.43200e+04
 2.59414e+00  9.99120e-01  2.43336e+04
 2.60152e+00  9.99153e-01  2.43471e+04
 2.60915e+00  9.99315e-01  2.43611e+04
 2.61635e+00  9.99000e-01  2.43742e+04
 2.62336e+00  9.99261e-01  2.43870e+04
 2.63136e+00  9.99448e-01  2.44015e+04
 2.63921e+00  9.99041e-01  2.44157e+04
 2.64675e+00  9.99278e-01  2.44293e+04
 2.65404e+00  9.98790e-01  2.44424e+04
 2.66086e+00  9.99146e-01  2.44546e+04
 2.66785e+00  9.98896e-01  2.44671e+04
 2.67646e+00  9.98898e-01  2.44824e+04
 2.68405e+00  9.98678e-01  2.44958e+04
 2.69136e+00  9.98879e-01  2.45086e+04
 2.69865e+00  9.98464e-01  2.45213e+04
 2.70603e+00  9.99041e-01  2.45342e+04
 2.71295e+00  9.98547e-01  2.45461e+04
 2.72070e+00  9.98481e-01  2.45595e+04
 2.72812e+00  9.98392e-01  2.45721e+04
 2.73579e+00  9.98506e-01  2.45852e+04
 2.74335e+00  9.98240e-01  2.45979e+04
 2.75168e+00  9.98439e-01  2.46118e+04
 2.75907e+00  9.98302e-01  2.46241e+04
 2.76643e+00  9.98622e-01  2.46362e+04
 2.77436e+00  9.98049e-01  2.46491e+04
 2.78266e+00  9.97471e-01  2.46626e+04
 2.79041e+00  9.94566e-01  2.46750e+04
 2.79780e+00  9.88674e-01  2.46867e+04
 2.80509e+00  9.79196e-01  2.46982e+04
 2.81262e+00  9.76203e-01  2.47099e+04
 2.82142e+00  9.64871e-01  2.47234e+04
 2.82838e+00  9.58743e-01  2.47340e+04
 2.83590e+00  9.53303e-01  2.47453e+04
 2.84357e+00  9.51136e-01  2.47568e+04
 2.85073e+00  9.45953e-01  2.47673e+04
 2.85882e+00  9.44473e-01  2.47790e+04
 2.86681e+00  9.45785e-01  2.47904e+04
 2.87442e+00  9.47289e-01  2.48012e+04
 2.88237e+00  9.51022e-01  2.48122e+04
 2.89090e+00  9.57546e-01  2.48238e+04
 2.89821e+00  9.64527e-01  2.48337e+04
 2.90599e+00  9.69899e-01  2.48440e+04
 2.91402e+00  9.78066e-01  2.48544e+04
 2.92128e+00  9.93690e-01  2.48637e+04
 2.92852e+00  9.88810e-01  2.48728e+04
 2.93622e+00  9.92301e-01  2.48823e+04
 2.94415e+00  9.96184e-01  2.48918e+04
 2.95238e+00  9.97552e-01  2.49016e+04
 2.96023e+00  9.97840e-01  2.49107e+04
 2.96808e+00  9.97853e-01  2.49195e+04
 2.97573e+00  9.98093e-01  2.49280e+04
 2.98338e+00  9.97765e-01  2.49362e+04
 2.99175e+00  9.98010e-01  2.49450e+04
 2.99942e+00  9.97899e-01  2.49529e+04
 3.00685e+00  9.98092e-01  2.49603e+04
 3.01418e+00  9.97772e-01  2.49674e+04
 3.02113e+00  9.97893e-01  2.49739e+04
 3.02920e+00  9.98163e-01  2.49813e+04
 3.03727e+00  9.98733e-01  2.49885e+04
 3.04422e+00  9.98580e-01  2.49944e+04
 3.05229e+00  9.98021e-01  2.50011e+04
 3.06053e+00  9.98760e-01  2.50077e+04
 3.06887e+00  9.98390e-01  2.50141e+04
 3.07668e+00  9.98386e-01  2.50198e+04
 3.08362e+00  9.99110e-01  2.50247e+04
 3.09150e+00  9.98617e-01  2.50300e+04
 3.09922e+00  9.99500e-01  2.50349e+04
 3.10672e+00  9.99331e-01  2.50395e+04
 3.11464e+00  9.99071e-01  2.50441e+04
 3.12325e+00  9.99432e-01  2.50488e+04
 3.13180e+00  9.99932e-01  2.50531e+04
 3.14090e+00  9.99936e-01  2.50574e+04
 3.14961e+00  1.00018e+00  2.50612e+04
 3.15766e+00  9.99924e-01  2.50644e+04
 3.16568e+00  1.00033e+00  2.50673e+04
 3.17403e+00  1.00005e+00  2.50700e+04
 3.18255e+00  1.00050e+00  2.50725e+04
 3.19009e+00  1.00078e+00  2.50744e+04
 3.19796e+00  1.00051e+00  2.50762e+04
 3.20567e+00  1.00107e+00  2.50777e+04
 3.21333e+00  1.00091e+00  2.50788e+04
 3.22096e+00  1.00081e+00  2.50798e+04
 3.22918e+00  1.00092e+00  2.50805e+04
 3.23734e+00  1.00137e+00  2.50809e+04
 3.24531e+00  1.00120e+00  2.50810e+04
 3.25341e+00  1.00163e+00  2.50809e+04
 3.26157e+00  1.00174e+00  2.50804e+04
 3.26957e+00  1.00167e+00  2.50797e+04
 3.27698e+00  1.00199e+00  2.50787e+04
 3.28424e+00  1.00228e+00  2.50776e+04
 3.29179e+00  1.00208e+00  2.50762e+04
 3.29984e+00  1.00233e+00  2.50744e+04
 3.30755e+00  1.00203e+00  2.50724e+04
 3.31547e+00  1.00229e+00  2.50701e+04
 3.32365e+00  1.00234e+00  2.50674e+04
 3.33138e+00  1.00275e+00  2.50646e+04
 3.33915e+00  1.00247e+00  2.50615e+04
 3.34675e+00  1.00272e+00  2.50583e+04
 3.35429e+00  1.00203e+00  2.50548e+04
 3.36234e+00  1.00316e+00  2.50509e+04
 3.37005e+00  1.00248e+00  2.50468e+04
 3.37797e+00  1.00278e+00  2.50424e+04
 3.38615e+00  1.00243e+00  2.50376e+04
 3.39389e+00  1.00265e+00  2.50327e+04
 3.40218e+00  1.00247e+00  2.50273e+04
 3.41013e+00  1.00311e+00  2.50218e+04
 3.41780e+00  1.00288e+00  2.50163e+04
 3.42655e+00  1.00280e+00  2.50097e+04
 3.43406e+00  1.00271e+00  2.50038e+04
 3.44175e+00  1.00244e+00  2.49976e+04
 3.44905e+00  1.00264e+00  2.49914e+04
 3.45639e+00  1.00293e+00  2.49850e+04
 3.46468e+00  1.00238e+00  2.49776e+04
 3.47209e+00  1.00293e+00  2.49707e+04
 3.47998e+00  1.00225e+00  2.49631e+04
 3.48740e+00  1.00246e+00  2.49558e+04
 3.49426e+00  1.00265e+00  2.49489e+04
 3.50211e+00  1.00248e+00  2.49408e+04
 3.51033e+00  1.00250e+00  2.49320e+04
 3.51741e+00  1.00249e+00  2.49243e+04
 3.52505e+00  1.00185e+00  2.49158e+04
 3.53238e+00  1.00185e+00  2.49075e+04
 3.54014e+00  1.00165e+00  2.48984e+04
 3.54829e+00  1.00181e+00  2.48887e+04
 3.55537e+00  1.00156e+00  2.48802e+04
 3.56355e+00  1.00135e+00  2.48700e+04
 3.57240e+00  1.00150e+00  2.48589e+04
 3.57991e+00  1.00145e+00  2.48492e+04
 3.58755e+00  1.00151e+00  2.48392e+04
 3.59530e+00  1.00129e+00  2.48289e+04
 3.60345e+00  1.00105e+00  2.48179e+04
 3.61153e+00  1.00100e+00  2.48068e+04
 3.61857e+00  1.00103e+00  2.47969e+04
 3.62685e+00  1.00057e+00  2.47852e+04
 3.63509e+00  1.00086e+00  2.47734e+04
 3.64278e+00  1.00084e+00  2.47622e+04
 3.65218e+00  1.00065e+00  2.47483e+04
 3.66065e+00  1.00073e+00  2.47356e+04
 3.66833e+00  1.02041e+00  2.47240e+04
 3.67566e+00  1.00068e+00  2.47128e+04
 3.68261e+00  1.00075e+00  2.47020e+04
 3.68988e+00  1.01800e+00  2.46906e+04
 3.69704e+00  1.00087e+00  2.46793e+04
 3.70366e+00  1.00048e+00  2.46688e+04
 3.71138e+00  1.01536e+00  2.46564e+04
 3.71866e+00  1.00025e+00  2.46446e+04
 3.72609e+00  1.00029e+00  2.46325e+04
 3.73378e+00  1.01387e+00  2.46198e+04
 3.74114e+00  9.99958e-01  2.46076e+04
 3.74873e+00  9.99571e-01  2.45949e+04
 3.75617e+00  1.01215e+00  2.45824e+04
 3.76355e+00  1.00010e+00  2.45699e+04
 3.77097e+00  9.99510e-01  2.45573e+04
 3.77836e+00  1.00960e+00  2.45446e+04
 3.78525e+00  9.99767e-01  2.45327e+04
 3.79260e+00  9.99519e-01  2.45200e+04
 3.79989e+00  1.00776e+00  2.45072e+04
 3.80676e+00  9.99650e-01  2.44952e+04
 3.81440e+00  1.00608e+00  2.44818e+04
 3.82218e+00  9.99753e-01  2.44680e+04
 3.82915e+00  9.99610e-01  2.44556e+04
 3.83639e+00  1.00460e+00  2.44427e+04
 3.84366e+00  9.99545e-01  2.44297e+04
 3.85074e+00  9.99438e-01  2.44170e+04
 3.85802e+00  1.00376e+00  2.44039e+04
 3.86506e+00  9.99633e-01  2.43911e+04
 3.87234e+00  9.99702e-01  2.43779e+04
 3.87965e+00  1.00270e+00  2.43647e+04
 3.88655e+00  9.99315e-01  2.43521e+04
 3.89389e+00  9.99398e-01  2.43387e+04
 3.90120e+00  1.00178e+00  2.43253e+04
 3.90807e+00  9.99430e-01  2.43127e+04
 3.91541e+00  9.99449e-01  2.42992e+04
 3.92280e+00  1.00159e+00  2.42856e+04
 3.92979e+00  9.99284e-01  2.42727e+04
 3.93791e+00  9.99214e-01  2.42577e+04
 3.94612e+00  1.00055e+00  2.42426e+04
 3.95393e+00  9.99109e-01  2.42281e+04
 3.96139e+00  1.00027e+00  2.42143e+04
 3.96866e+00  9.99086e-01  2.42009e+04
 3.97574e+00  9.99041e-01  2.41878e+04
 3.98303e+00  1.00005e+00  2.41743e+04
 3.99006e+00  9.99007e-01  2.41612e+04
 3.99773e+00  9.98903e-01  2.41470e+04
 4.00539e+00  9.98513e-01  2.41328e+04
 4.01276e+00  9.98222e-01  2.41192e+04
 4.02027e+00  9.98303e-01  2.41053e+04
 4.02766e+00  9.98511e-01  2.40917e+04
 4.03455e+00  9.97488e-01  2.40789e+04
 4.04180e+00  9.97528e-01  2.40655e+04
 4.04990e+00  9.97618e-01  2.40506e+04
 4.05676e+00  9.96940e-01  2.40380e+04
 4.06418e+00  9.97449e-01  2.40243e+04
 4.07150e+00  9.97343e-01  2.40109e+04
 4.07866e+00  9.97229e-01  2.39978e+04
 4.08677e+00  9.98016e-01  2.39829e+04
 4.09462e+00  9.97921e-01  2.39686e+04
 4.10263e+00  9.98602e-01  2.39540e+04
 4.11031e+00  9.98804e-01  2.39400e+04
 4.11713e+00  9.98955e-01  2.39277e+04
 4.12443e+00  9.98702e-01  2.39144e+04
 4.13185e+00  9.99529e-01  2.39011e+04
 4.13871e+00  9.99013e-01  2.38887e+04
 4.14597e+00  9.99084e-01  2.38757e+04
 4.15336e+00  9.99390e-01  2.38624e+04
 4.16024e+00  9.99455e-01  2.38501e+04
 4.16764e+00  9.99349e-01  2.38369e+04
 4.17567e+00  9.99498e-01  2.38227e+04
 4.18265e+00  9.98984e-01  2.38103e+04
 4.18975e+00  9.99531e-01  2.37978e+04
 4.19646e+00  9.99432e-01  2.37860e+04
 4.20260e+00  9.99513e-01  2.37752e+04
 4.20936e+00  9.99420e-01  2.37634e+04
 4.21594e+00  9.99649e-01  2.37519e+04
 4.22224e+00  9.99491e-01  2.37410e+04
 4.22938e+00  9.99343e-01  2.37286e+04
 4.23620e+00  9.99929e-01  2.37169e+04
 4.24238e+00  9.99796e-01  2.37063e+04
 4.24943e+00  9.99466e-01  2.36942e+04
 4.25640e+00  9.99622e-01  2.36823e+04
 4.26251e+00  9.99506e-01  2.36719e+04
 4.26925e+00  9.99589e-01  2.36605e+04
 4.27586e+00  9.99723e-01  2.36493e+04
 4.28282e+00  9.99757e-01  2.36376e+04
 4.29007e+00  9.99586e-01  2.36255e+04
 4.29671e+00  9.99825e-01  2.36144e+04
 4.30330e+00  9.99354e-01  2.36035e+04
 4.31028e+00  9.99746e-01  2.35920e+04
 4.31681e+00  9.99528e-01  2.35812e+04
 4.32348e+00  9.99593e-01  2.35703e+04
 4.33069e+00  9.99491e-01  2.35585e+04
 4.33762e+00  9.99859e-01  2.35473e+04
 4.34407e+00  1.00002e+00  2.35368e+04
 4.35055e+00  9.99472e-01  2.35264e+04
 4.35733e+00  9.99801e-01  2.35155e+04
 4.36458e+00  9.99747e-01  2.35040e+04
 4.37139e+00  9.99244e-01  2.34932e+04
 4.37791e+00  9.99353e-01  2.34829e+04
 4.38456e+00  9.99591e-01  2.34724e+04
 4.39077e+00  1.00009e+00  2.34627e+04
 4.39751e+00  9.99792e-01  2.34522e+04
 4.40457e+00  1.00003e+00  2.34413e+04
 4.41183e+00  9.99104e-01  2.34301e+04
 4.41903e+00  9.99934e-01  2.34190e+04
 4.42643e+00  9.99502e-01  2.34077e+04
 4.43316e+00  9.99769e-01  2.33975e+04
 4.43989e+00  9.99861e-01  2.33874e+04
 4.44707e+00  9.99829e-01  2.33766e+04
 4.45350e+00  9.99807e-01  2.33670e+04
 4.46079e+00  9.99632e-01  2.33562e+04
 4.46789e+00  1.00001e+00  2.33457e+04
 4.47461e+00  9.99622e-01  2.33358e+04
 4.48206e+00  9.99843e-01  2.33249e+04
 4.48874e+00  9.99919e-01  2.33153e+04
 4.49516e+00  9.99799e-01  2.33060e+04
 4.50248e+00  9.99761e-01  2.32955e+04
 4.51003e+00  9.99799e-01  2.32847e+04
 4.51649e+00  9.99600e-01  2.32755e+04
 4.52307e+00  9.99800e-01  2.32662e+04
 4.52982e+00  9.99683e-01  2.32568e+04
 4.53683e+00  9.99907e-01  2.32470e+04
 4.54412e+00  9.99825e-01  2.32369e+04
 4.55124e+00  1.00004e+00  2.32271e+04
 4.55776e+00  9.99452e-01  2.32181e+04
 4.56509e+00  9.99746e-01  2.32081e+04
 4.57207e+00  9.99975e-01  2.31987e+04
 4.57827e+00  9.99440e-01  2.31904e+04
 4.58501e+00  1.00012e+00  2.31813e+04
 4.59169e+00  1.00006e+00  2.31725e+04
 4.59853e+00  9.99826e-01  2.31634e+04
 4.60582e+00  1.00005e+00  2.31538e+04
 4.61257e+00  1.00005e+00  2.31450e+04
 4.61994e+00  9.99583e-01  2.31354e+04
 4.62669e+00  1.00015e+00  2.31267e+04
 4.63337e+00  9.99839e-01  2.31182e+04
 4.64052e+00  9.99884e-01  2.31091e+04
 4.64870e+00  9.99663e-01  2.30987e+04
 4.65602e+00  1.00003e+00  2.30895e+04
 4.66233e+00  1.00012e+00  2.30817e+04
 4.66912e+00  1.00016e+00  2.30732e+04
 4.67625e+00  1.00020e+00  2.30644e+04
 4.68266e+00  1.00008e+00  2.30566e+04
 4.68976e+00  9.99758e-01  2.30479e+04
 4.69659e+00  1.00010e+00  2.30397e+04
 4.70327e+00  1.00022e+00  2.30316e+04
 4.71001e+00  1.00016e+00  2.30236e+04
 4.71659e+00  1.00011e+00  2.30158e+04
 4.72304e+00  1.00033e+00  2.30082e+04
 4.73124e+00  1.00038e+00  2.29986e+04
 4.73875e+00  1.00041e+00  2.29899e+04
 4.74494e+00  9.99886e-01  2.29827e+04
 4.75178e+00  1.00010e+00  2.29748e+04
 4.75897e+00  1.00007e+00  2.29666e+04
 4.76520e+00  1.00007e+00  2.29596e+04
 4.77261e+00  9.99948e-01  2.29513e+04
 4.77991e+00  1.00043e+00  2.29431e+04
 4.78661e+00  1.00011e+00  2.29357e+04
 4.79342e+00  1.00009e+00  2.29281e+04
 4.80107e+00  1.00029e+00  2.29198e+04
 4.80852e+00  1.00009e+00  2.29117e+04
 4.81583e+00  1.00033e+00  2.29038e+04
 4.82292e+00  1.00010e+00  2.28962e+04
 4.83001e+00  1.00040e+00  2.28886e+04
 4.83691e+00  1.00060e+00  2.28813e+04
 4.84375e+00  1.00044e+00  2.28742e+04
 4.85055e+00  1.00034e+00  2.28671e+04
 4.85705e+00  1.00039e+00  2.28603e+04
 4.86375e+00  1.00049e+00  2.28534e+04
 4.87016e+00  1.00032e+00  2.28469e+04
 4.87748e+00  1.00012e+00  2.28395e+04
 4.88477e+00  1.00056e+00  2.28321e+04
 4.89176e+00  1.00070e+00  2.28251e+04
 4.89899e+00  1.00029e+00  2.28179e+04
 4.90602e+00  1.00042e+00  2.28110e+04
 4.91233e+00  1.00043e+00  2.28048e+04
 4.91912e+00  1.00035e+00  2.27982e+04
 4.92644e+00  1.00019e+00  2.27911e+04
 4.93342e+00  1.00038e+00  2.27844e+04
 4.94067e+00  1.00017e+00  2.27775e+04
 4.94792e+00  9.99977e-01  2.27706e+04
 4.95501e+00  1.00028e+00  2.27639e+04
 4.96281e+00  1.00049e+00  2.27567e+04
 4.96998e+00  1.00029e+00  2.27500e+04
 4.97851e+00  1.00047e+00  2.27422e+04
 4.98612e+00  1.00039e+00  2.27353e+04
 4.99296e+00  1.00051e+00  2.27291e+04
 5.00089e+00  1.00031e+00  2.27220e+04
 5.00838e+00  1.00033e+00  2.27153e+04
 5.01520e+00  1.00066e+00  2.27093e+04
 5.02261e+00  1.00029e+00  2.27028e+04
 5.02991e+00  1.00034e+00  2.26964e+04
 5.03719e+00  1.00095e+00  2.26901e+04
 5.04482e+00  1.00024e+00  2.26835e+04
 5.05209e+00  1.00056e+00  2.26774e+04
 5.05917e+00  1.00053e+00  2.26714e+04
 5.06685e+00  1.00041e+00  2.26649e+04
 5.07648e+00  1.00056e+00  2.26569e+04
 5.08564e+00  1.00042e+00  2.26494e+04
 5.09364e+00  1.00067e+00  2.26428e+04
 5.10157e+00  1.00050e+00  2.26364e+04
 5.10966e+00  1.00066e+00  2.26299e+04
 5.11713e+00  1.00063e+00  2.26239e+04
 5.12610e+00  1.00091e+00  2.26168e+04
 5.13338e+00  1.00037e+00  2.26111e+04
 5.14090e+00  1.00033e+00  2.26053e+04
 5.14900e+00  1.00047e+00  2.25990e+04
 5.15624e+00  1.00042e+00  2.25935e+04
 5.16379e+00  1.00080e+00  2.25877e+04
 5.17200e+00  1.00034e+00  2.25815e+04
 5.17899e+00  1.00075e+00  2.25763e+04
 5.18701e+00  1.00066e+00  2.25704e+04
 5.19533e+00  1.00058e+00  2.25642e+04
 5.20303e+00  1.00105e+00  2.25586e+04
 5.21201e+00  1.00084e+00  2.25521e+04
 5.21932e+00  1.00038e+00  2.25468e+04
 5.22710e+00  1.00033e+00  2.25413e+04
 5.23466e+00  1.00013e+00  2.25359e+04
 5.24149e+00  1.00061e+00  2.25312e+04
 5.24952e+00  1.00077e+00  2.25256e+04
 5.25693e+00  1.00041e+00  2.25204e+04
 5.26383e+00  1.00067e+00  2.25157e+04
 5.27211e+00  1.00024e+00  2.25101e+04
 5.27991e+00  1.00040e+00  2.25048e+04
 5.28721e+00  1.00090e+00  2.24999e+04
 5.29482e+00  1.00070e+00  2.24948e+04
 5.30209e+00  1.00093e+00  2.24900e+04
 5.31034e+00  1.00035e+00  2.24846e+04
 5.31799e+00  1.00078e+00  2.24797e+04
 5.32484e+00  1.00032e+00  2.24752e+04
 5.33283e+00  1.00069e+00  2.24701e+04
 5.33979e+00  1.00006e+00  2.24657e+04
 5.34663e+00  1.00035e+00  2.24614e+04
 5.35385e+00  1.00031e+00  2.24569e+04
 5.36128e+00  1.00011e+00  2.24523e+04
 5.36744e+00  1.00052e+00  2.24485e+04
 5.37473e+00  1.00008e+00  2.24440e+04
 5.38146e+00  9.99716e-01  2.24399e+04
 5.38830e+00  1.00044e+00  2.24358e+04
 5.39554e+00  1.00019e+00  2.24314e+04
 5.40292e+00  1.00040e+00  2.24270e+04
 5.40913e+00  1.00010e+00  2.24233e+04
 5.41706e+00  1.00026e+00  2.24187e+04
 5.42378e+00  1.00001e+00  2.24147e+04
 5.43080e+00  1.00053e+00  2.24107e+04
 5.43861e+00  1.00066e+00  2.24062e+04
 5.44531e+00  1.00010e+00  2.24024e+04
 5.45221e+00  1.00019e+00  2.23985e+04
 5.46012e+00  1.00049e+00  2.23940e+04
 5.46735e+00  1.00023e+00  2.23900e+04
 5.47372e+00  1.00051e+00  2.23864e+04
 5.48089e+00  1.00067e+00  2.23825e+04
 5.48757e+00  9.99876e-01  2.23788e+04
 5.49453e+00  1.00031e+00  2.23751e+04
 5.50177e+00  9.99858e-01  2.23712e+04
 5.50853e+00  1.00028e+00  2.23675e+04
 5.51570e+00  1.00036e+00  2.23637e+04
 5.52372e+00  1.00021e+00  2.23595e+04
 5.53059e+00  9.99821e-01  2.23559e+04
 5.53820e+00  1.00005e+00  2.23519e+04
 5.54530e+00  1.00010e+00  2.23483e+04
 5.55194e+00  1.00018e+00  2.23449e+04
 5.55859e+00  1.00005e+00  2.23415e+04
 5.56548e+00  1.00051e+00  2.23380e+04
 5.57248e+00  1.00014e+00  2.23345e+04
 5.57944e+00  1.00007e+00  2.23310e+04
 5.58667e+00  9.99819e-01  2.23274e+04
 5.59436e+00  1.00020e+00  2.23236e+04
 5.60179e+00  1.00007e+00  2.23200e+04
 5.60906e+00  1.00007e+00  2.23165e+04
 5.61607e+00  9.99782e-01  2.23131e+04
 5.62333e+00  1.00000e+00  2.23096e+04
 5.63012e+00  1.00006e+00  2.23064e+04
 5.63691e+00  1.00011e+00  2.23032e+04
 5.64469e+00  9.99545e-01  2.22996e+04
 5.65164e+00  1.00033e+00  2.22964e+04
 5.65907e+00  9.99873e-01  2.22929e+04
 5.66721e+00  9.99729e-01  2.22892e+04
 5.67459e+00  9.99683e-01  2.22859e+04
 5.68134e+00  9.99803e-01  2.22828e+04
 5.68861e+00  9.99374e-01  2.22796e+04
 5.69541e+00  9.99329e-01  2.22765e+04
 5.70244e+00  9.99841e-01  2.22734e+04
 5.71008e+00  9.99367e-01  2.22701e+04
 5.71696e+00  9.99501e-01  2.22671e+04
 5.72409e+00  9.99462e-01  2.22640e+04
 5.73146e+00  9.99120e-01  2.22608e+04
 5.73884e+00  9.99153e-01  2.22577e+04
 5.74647e+00  9.99315e-01  2.22544e+04
 5.75367e+00  9.99000e-01  2.22514e+04
 5.76068e+00  9.99261e-01  2.22485e+04
 5.76868e+00  9.99448e-01  2.22452e+04
 5.77653e+00  9.99041e-01  2.22419e+04
 5.78407e+00  9.99278e-01  2.22389e+04
 5.79136e+00  9.98790e-01  2.22359e+04
 5.79818e+00  9.99146e-01  2.22332e+04
 5.80517e+00  9.98896e-01  2.22304e+04
 5.81378e+00  9.98898e-01  2.22270e+04
 5.82137e+00  9.98678e-01  2.22240e+04
 5.82868e+00  9.98879e-01  2.22211e+04
 5.83597e+00  9.98464e-01  2.22183e+04
 5.84335e+00  9.99041e-01  2.22154e+04
 5.85027e+00  9.98547e-01  2.22128e+04
 5.85802e+00  9.98481e-01  2.22098e+04
 5.86544e+00  9.98392e-01  2.22070e+04
 5.87311e+00  9.98506e-01  2.22042e+04
 5.88067e+00  9.98240e-01  2.22014e+04
 5.88900e+00  9.98439e-01  2.21983e+04
 5.89639e+00  9.98302e-01  2.21956e+04
 5.90375e+00  9.98622e-01  2.21929e+04
 5.91168e+00  9.98049e-01  2.21900e+04
 5.91998e+00  9.97471e-01  2.21871e+04
 5.92773e+00  9.94566e-01  2.21843e+04
 5.93512e+00  9.88674e-01  2.21817e+04
 5.94241e+00  9.79196e-01  2.21791e+04
 5.94994e+00  9.76203e-01  2.21765e+04
 5.95874e+00  9.64871e-01  2.21735e+04
 5.96570e+00  9.58743e-01  2.21711e+04
 5.97322e+00  9.53303e-01  2.21685e+04
 5.98089e+00  9.51136e-01  2.21659e+04
 5.98805e+00  9.45953e-01  2.21635e+04
 5.99614e+00  9.44473e-01  2.21608e+04
 6.00413e+00  9.45785e-01  2.21582e+04
 6.01174e+00  9.47289e-01  2.21557e+04
 6.01969e+00  9.51022e-01  2.21531e+04
 6.02822e+00  9.57546e-01  2.21503e+04
 6.03553e+00  9.64527e-01  2.21480e+04
 6.04331e+00  9.69899e-01  2.21455e+04
 6.05134e+00  9.78066e-01  2.21429e+04
 6.05860e+00  9.93690e-01  2.21407e+04
 6.06584e+00  9.88810e-01  2.21384e+04
 6.07354e+00  9.92301e-01  2.21360e+04
 6.08147e+00  9.96184e-01  2.21336e+04
 6.08970e+00  9.97552e-01  2.21310e+04
 6.09755e+00  9.97840e-01  2.21287e+04
 6.10540e+00  9.97853e-01  2.21263e+04
 6.11305e+00  9.98093e-01  2.21240e+04
 6.12070e+00  9.97765e-01  2.21217e+04
 6.12907e+00  9.98010e-01  2.21193e+04
 6.13674e+00  9.97899e-01  2.21170e+04
 6.14417e+00  9.98092e-01  2.21149e+04
 6.15150e+00  9.97772e-01  2.21127e+04
 6.15845e+00  9.97893e-01  2.21107e+04
 6.16652e+00  9.98163e-01  2.21084e+04
 6.17459e+00  9.98733e-01  2.21062e+04
 6.18154e+00  9.98580e-01  2.21042e+04
 6.18961e+00  9.98021e-01  2.21019e+04
 6.19785e+00  9.98760e-01  2.20997e+04
 6.20619e+00  9.98390e-01  2.20974e+04
 6.21400e+00  9.98386e-01  2.20952e+04
 6.22094e+00  9.99110e-01  2.20934e+04
 6.22881e+00  9.98617e-01  2.20912e+04
 6.23654e+00  9.99500e-01  2.20892e+04
 6.24404e+00  9.99331e-01  2.20872e+04
 6.25196e+00  9.99071e-01  2.20851e+04
 6.26057e+00  9.99432e-01  2.20828e+04
 6.26912e+00  9.99932e-01  2.20806e+04
