868
 1.77300e-03  9.98200e-01  9.98113e-01
 5.15100e-03  9.98284e-01  9.98087e-01
 8.96300e-03  9.97750e-01  9.98056e-01
 1.25260e-02  9.97934e-01  9.98028e-01
 1.58840e-02  9.97059e-01  9.98002e-01
 1.90870e-02  9.96558e-01  9.97977e-01
 2.26030e-02  9.97533e-01  9.97949e-01
 2.59810e-02  9.96648e-01  9.97923e-01
 2.96910e-02  9.97264e-01  9.97894e-01
 3.32330e-02  9.96661e-01  9.97867e-01
 3.67040e-02  9.97247e-01  9.97840e-01
 4.01670e-02  9.96612e-01  9.97814e-01
 4.37600e-02  9.96698e-01  9.97786e-01
 4.72500e-02  9.96999e-01  9.97760e-01
 5.11860e-02  9.97694e-01  9.97730e-01
 5.50700e-02  9.94487e-01  9.97701e-01
 5.82230e-02  9.97367e-01  9.97677e-01
 6.21110e-02  9.95590e-01  9.97648e-01
 6.56020e-02  9.95574e-01  9.97622e-01
 7.00270e-02  9.95563e-01  9.97589e-01
 7.34880e-02  9.96131e-01  9.97564e-01
 7.68350e-02  9.96773e-01  9.97540e-01
 7.98560e-02  9.97983e-01  9.97518e-01
 8.38650e-02  9.97067e-01  9.97489e-01
 8.73780e-02  9.95866e-01  9.97464e-01
 9.09840e-02  9.95748e-01  9.97438e-01
 9.42980e-02  9.95707e-01  9.97415e-01
 9.77050e-02  9.96811e-01  9.97391e-01
 1.01524e-01  9.96422e-01  9.97365e-01
 1.05299e-01  9.96558e-01  9.97339e-01
 1.08575e-01  9.97722e-01  9.97317e-01
 1.12203e-01  9.98012e-01  9.97292e-01
 1.15587e-01  9.97759e-01  9.97270e-01
 1.19097e-01  9.97784e-01  9.97247e-01
 1.22737e-01  9.96608e-01  9.97224e-01
 1.26446e-01  9.97105e-01  9.97200e-01
 1.29682e-01  9.98601e-01  9.97180e-01
 1.33917e-01  9.98015e-01  9.97154e-01
 1.37700e-01  9.94928e-01  9.97131e-01
 1.40884e-01  9.96305e-01  9.97112e-01
 1.44087e-01  9.94713e-01  9.97093e-01
 1.47603e-01  9.93225e-01  9.97073e-01
 1.50792e-01  9.90893e-01  9.97056e-01
 1.54462e-01  9.87143e-01  9.97036e-01
 1.57870e-01  9.83650e-01  9.97018e-01
 1.61084e-01  9.81697e-01  9.97001e-01
 1.64418e-01  9.76987e-01  9.96984e-01
 1.68443e-01  9.76027e-01  9.96965e-01
 1.71699e-01  9.73441e-01  9.96950e-01
 1.75633e-01  9.70900e-01  9.96933e-01
 1.79028e-01  9.66621e-01  9.96918e-01
 1.82241e-01  9.67783e-01  9.96905e-01
 1.85385e-01  9.63586e-01  9.96893e-01
 1.88936e-01  9.65362e-01  9.96880e-01
 1.92110e-01  9.63644e-01  9.96870e-01
 1.95896e-01  9.64531e-01  9.96858e-01
 1.99520e-01  9.60180e-01  9.96847e-01
 2.02744e-01  9.64005e-01  9.96839e-01
 2.05965e-01  9.62830e-01  9.96831e-01
 2.09786e-01  9.67223e-01  9.96824e-01
 2.12940e-01  9.67701e-01  9.96818e-01
 2.16343e-01  9.67921e-01  9.96814e-01
 2.19649e-01  9.70066e-01  9.96810e-01
 2.22982e-01  9.71569e-01  9.96808e-01
 2.26043e-01  9.77042e-01  9.96807e-01
 2.29609e-01  9.78682e-01  9.96807e-01
 2.32753e-01  9.82662e-01  9.96808e-01
 2.36186e-01  9.83051e-01  9.96811e-01
 2.39698e-01  9.84555e-01  9.96815e-01
 2.43198e-01  9.89137e-01  9.96821e-01
 2.46402e-01  9.91232e-01  9.96829e-01
 2.50102e-01  9.94389e-01  9.96839e-01
 2.53491e-01  9.97000e-01  9.96850e-01
 2.57118e-01  9.93719e-01  9.96864e-01
 2.60671e-01  9.94628e-01  9.96880e-01
 2.64008e-01  9.95934e-01  9.96897e-01
 2.67232e-01  9.96221e-01  9.96916e-01
 2.70794e-01  9.94785e-01  9.96939e-01
 2.73819e-01  9.96512e-01  9.96960e-01
 2.77479e-01  9.97138e-01  9.96988e-01
 2.80887e-01  9.96044e-01  9.97018e-01
 2.84577e-01  9.95652e-01  9.97053e-01
 2.88052e-01  9.95978e-01  9.97088e-01
 2.91803e-01  9.94874e-01  9.97130e-01
 2.94966e-01  9.96077e-01  9.97169e-01
 2.98686e-01  9.95510e-01  9.97217e-01
 3.02198e-01  9.95626e-01  9.97267e-01
 3.05937e-01  9.95658e-01  9.97324e-01
 3.09479e-01  9.96937e-01  9.97382e-01
 3.13573e-01  9.96411e-01  9.97454e-01
 3.16905e-01  9.97176e-01  9.97518e-01
 3.20523e-01  9.97006e-01  9.97591e-01
 3.23819e-01  9.96346e-01  9.97661e-01
 3.27168e-01  9.97952e-01  9.97738e-01
 3.30947e-01  9.97574e-01  9.97829e-01
 3.34480e-01  9.98105e-01  9.97920e-01
 3.37745e-01  9.98379e-01  9.98009e-01
 3.41343e-01  9.98666e-01  9.98113e-01
 3.44659e-01  9.98031e-01  9.98214e-01
 3.48431e-01  9.98697e-01  9.98336e-01
 3.52044e-01  9.99466e-01  9.98459e-01
 3.55320e-01  1.00004e+00  9.98576e-01
 3.58892e-01  1.00303e+00  9.98711e-01
 3.62203e-01  1.00045e+00  9.98842e-01
 3.65469e-01  9.99318e-01  9.98978e-01
 3.68536e-01  1.00238e+00  9.99111e-01
 3.71785e-01  1.00130e+00  9.99259e-01
 3.75296e-01  1.00399e+00  9.99426e-01
 3.78521e-01  1.00308e+00  9.99586e-01
 3.82073e-01  1.00519e+00  9.99771e-01
 3.85328e-01  1.00277e+00  9.99948e-01
 3.88539e-01  1.00484e+00  1.00013e+00
 3.91471e-01  1.00346e+00  1.00030e+00
 3.94731e-01  1.00457e+00  1.00050e+00
 3.97930e-01  1.00584e+00  1.00070e+00
 4.01263e-01  1.00783e+00  1.00092e+00
 4.04691e-01  1.00550e+00  1.00116e+00
 4.08162e-01  1.00946e+00  1.00140e+00
 4.11104e-01  1.00755e+00  1.00162e+00
 4.14611e-01  1.00899e+00  1.00189e+00
 4.17820e-01  1.00960e+00  1.00214e+00
 4.21065e-01  1.00866e+00  1.00240e+00
 4.24489e-01  1.01291e+00  1.00269e+00
 4.28262e-01  1.01177e+00  1.00302e+00
 4.31312e-01  1.01129e+00  1.00329e+00
 4.34648e-01  1.01172e+00  1.00360e+00
 4.37796e-01  1.01327e+00  1.00390e+00
 4.41159e-01  1.01351e+00  1.00422e+00
 4.44573e-01  1.01589e+00  1.00456e+00
 4.47828e-01  1.01392e+00  1.00489e+00
 4.51039e-01  1.01607e+00  1.00522e+00
 4.54221e-01  1.01461e+00  1.00556e+00
 4.57793e-01  1.01644e+00  1.00594e+00
 4.60747e-01  1.01433e+00  1.00626e+00
 4.64279e-01  1.01720e+00  1.00665e+00
 4.67651e-01  1.01784e+00  1.00702e+00
 4.71070e-01  1.01580e+00  1.00740e+00
 4.74224e-01  1.01669e+00  1.00775e+00
 4.77371e-01  1.01700e+00  1.00810e+00
 4.80570e-01  1.01595e+00  1.00846e+00
 4.83760e-01  1.01613e+00  1.00881e+00
 4.87101e-01  1.01886e+00  1.00918e+00
 4.90469e-01  1.01578e+00  1.00954e+00
 4.93700e-01  1.01655e+00  1.00988e+00
 4.97170e-01  1.01431e+00  1.01023e+00
 5.00695e-01  1.01545e+00  1.01057e+00
 5.03914e-01  1.01409e+00  1.01087e+00
 5.07073e-01  1.01772e+00  1.01115e+00
 5.10328e-01  1.01532e+00  1.01141e+00
 5.13707e-01  1.01468e+00  1.01166e+00
 5.16788e-01  1.01708e+00  1.01187e+00
 5.20002e-01  1.01205e+00  1.01205e+00
 5.23468e-01  1.01423e+00  1.01222e+00
 5.27040e-01  1.01234e+00  1.01234e+00
 5.30151e-01  1.01501e+00  1.01242e+00
 5.33489e-01  1.01087e+00  1.01245e+00
 5.36421e-01  1.01195e+00  1.01244e+00
 5.39927e-01  1.00796e+00  1.01238e+00
 5.43126e-01  1.00969e+00  1.01227e+00
 5.46270e-01  1.00779e+00  1.01210e+00
 5.49356e-01  1.01041e+00  1.01189e+00
 5.52648e-01  1.00629e+00  1.01160e+00
 5.55765e-01  1.00940e+00  1.01126e+00
 5.58755e-01  1.00664e+00  1.01088e+00
 5.61963e-01  1.00659e+00  1.01041e+00
 5.65030e-01  1.00392e+00  1.00989e+00
 5.68525e-01  1.00317e+00  1.00922e+00
 5.71888e-01  1.00496e+00  1.00849e+00
 5.75425e-01  1.00473e+00  1.00764e+00
 5.78476e-01  1.00349e+00  1.00684e+00
 5.81889e-01  1.00203e+00  1.00586e+00
 5.84796e-01  1.00292e+00  1.00497e+00
 5.88416e-01  1.00297e+00  1.00378e+00
 5.91737e-01  1.00058e+00  1.00261e+00
 5.95585e-01  1.00144e+00  1.00117e+00
 5.98604e-01  1.00254e+00  9.99992e-01
 6.02019e-01  1.00037e+00  9.98601e-01
 6.05039e-01  1.00110e+00  9.97328e-01
 6.08084e-01  1.00064e+00  9.96010e-01
 6.11253e-01  1.00025e+00  9.94609e-01
 6.14488e-01  9.98804e-01  9.93155e-01
 6.17729e-01  9.97088e-01  9.91683e-01
 6.20733e-01  9.96451e-01  9.90314e-01
 6.24351e-01  9.95450e-01  9.88668e-01
 6.27407e-01  9.92422e-01  9.87290e-01
 6.30662e-01  9.86971e-01  9.85845e-01
 6.33994e-01  9.84640e-01  9.84400e-01
 6.37312e-01  9.77576e-01  9.83006e-01
 6.40244e-01  9.74735e-01  9.81819e-01
 6.43383e-01  9.65582e-01  9.80604e-01
 6.46525e-01  9.69045e-01  9.69165e-01
 6.49764e-01  9.61425e-01  9.68053e-01
 6.53072e-01  9.55046e-01  9.67002e-01
 6.56491e-01  9.48562e-01  9.66016e-01
 6.59684e-01  9.44282e-01  9.65190e-01
 6.62628e-01  9.38513e-01  9.64516e-01
 6.65924e-01  9.38512e-01  9.63862e-01
 6.69097e-01  9.38183e-01  9.63335e-01
 6.72593e-01  9.31373e-01  9.62875e-01
 6.75869e-01  9.31865e-01  9.62558e-01
 6.79651e-01  9.28835e-01  9.62329e-01
 6.83065e-01  9.30475e-01  9.62245e-01
 6.86528e-01  9.32548e-01  9.62278e-01
 6.89795e-01  9.36353e-01  9.62412e-01
 6.93081e-01  9.32443e-01  9.62646e-01
 6.96678e-01  9.36361e-01  9.63007e-01
 7.00129e-01  9.40246e-01  9.63453e-01
 7.03241e-01  9.45575e-01  9.63931e-01
 7.06658e-01  9.49876e-01  9.64532e-01
 7.10235e-01  9.52136e-01  9.65240e-01
 7.13891e-01  9.57708e-01  9.66038e-01
 7.17191e-01  9.63286e-01  9.66814e-01
 7.20672e-01  9.69966e-01  9.67683e-01
 7.23763e-01  9.74394e-01  9.68491e-01
 7.27030e-01  9.81225e-01  9.69376e-01
 7.30376e-01  9.84340e-01  9.80595e-01
 7.34087e-01  9.91455e-01  9.81654e-01
 7.37341e-01  9.92578e-01  9.82597e-01
 7.40818e-01  9.97416e-01  9.83613e-01
 7.43914e-01  9.98562e-01  9.84520e-01
 7.47216e-01  1.00202e+00  9.85486e-01
 7.50352e-01  1.00236e+00  9.86397e-01
 7.53583e-01  1.00136e+00  9.87328e-01
 7.56802e-01  9.99425e-01  9.88242e-01
 7.60716e-01  1.00020e+00  9.89332e-01
 7.64141e-01  9.99265e-01  9.90263e-01
 7.67611e-01  1.00090e+00  9.91183e-01
 7.70855e-01  1.00065e+00  9.92018e-01
 7.74274e-01  1.00090e+00  9.92872e-01
 7.77622e-01  9.99208e-01  9.93679e-01
 7.81168e-01  1.00141e+00  9.94503e-01
 7.84429e-01  9.99306e-01  9.95230e-01
 7.87822e-01  1.00022e+00  9.95956e-01
 7.91430e-01  1.00058e+00  9.96693e-01
 7.94629e-01  1.00088e+00  9.97316e-01
 7.97910e-01  9.99127e-01  9.97926e-01
 8.01242e-01  1.00116e+00  9.98514e-01
 8.04605e-01  1.00087e+00  9.99078e-01
 8.07793e-01  1.00119e+00  9.99584e-01
 8.11396e-01  1.00041e+00  1.00012e+00
 8.14447e-01  1.00170e+00  1.00055e+00
 8.17754e-01  9.99284e-01  1.00099e+00
 8.21009e-01  1.00075e+00  1.00140e+00
 8.24495e-01  1.00131e+00  1.00181e+00
 8.27575e-01  1.00151e+00  1.00215e+00
 8.31076e-01  1.00240e+00  1.00250e+00
 8.33995e-01  1.00150e+00  1.00278e+00
 8.37382e-01  1.00272e+00  1.00308e+00
 8.40781e-01  1.00249e+00  1.00336e+00
 8.44328e-01  1.00260e+00  1.00363e+00
 8.48084e-01  1.00192e+00  1.00389e+00
 8.51691e-01  1.00356e+00  1.00411e+00
 8.54871e-01  1.00284e+00  1.00429e+00
 8.58355e-01  1.00325e+00  1.00448e+00
 8.61770e-01  1.00176e+00  1.00464e+00
 8.65387e-01  1.00358e+00  1.00479e+00
 8.68321e-01  1.00155e+00  1.00490e+00
 8.71795e-01  1.00415e+00  1.00501e+00
 8.75031e-01  1.00278e+00  1.00511e+00
 8.78286e-01  1.00361e+00  1.00520e+00
 8.81408e-01  1.00234e+00  1.00527e+00
 8.84965e-01  1.00307e+00  1.00534e+00
 8.88170e-01  1.00311e+00  1.00539e+00
 8.91496e-01  1.00325e+00  1.00543e+00
 8.95191e-01  1.00296e+00  1.00547e+00
 8.98773e-01  1.00325e+00  1.00550e+00
 9.01958e-01  1.00295e+00  1.00552e+00
 9.05422e-01  1.00209e+00  1.00553e+00
 9.08862e-01  1.00335e+00  1.00553e+00
 9.12336e-01  1.00285e+00  1.00553e+00
 9.15888e-01  1.00289e+00  1.00552e+00
 9.19062e-01  1.00291e+00  1.00551e+00
 9.22399e-01  1.00367e+00  1.00549e+00
 9.25531e-01  1.00200e+00  1.00546e+00
 9.29140e-01  1.00234e+00  1.00543e+00
 9.32113e-01  1.00236e+00  1.00540e+00
 9.35608e-01  1.00324e+00  1.00536e+00
 9.38788e-01  1.00202e+00  1.00532e+00
 9.42028e-01  1.00286e+00  1.00528e+00
 9.44961e-01  1.00347e+00  1.00524e+00
 9.48452e-01  1.00256e+00  1.00519e+00
 9.51314e-01  1.00151e+00  1.00515e+00
 9.54742e-01  1.00157e+00  1.00509e+00
 9.57839e-01  1.00149e+00  1.00504e+00
 9.61197e-01  1.00181e+00  1.00498e+00
 9.64345e-01  1.00173e+00  1.00493e+00
 9.67856e-01  1.00179e+00  1.00486e+00
 9.71101e-01  1.00184e+00  1.00480e+00
 9.74115e-01  1.00044e+00  1.00475e+00
 9.77550e-01  1.00157e+00  1.00468e+00
 9.80468e-01  1.00083e+00  1.00463e+00
 9.83668e-01  9.99853e-01  1.00456e+00
 9.86830e-01  1.00169e+00  1.00450e+00
 9.90387e-01  1.00106e+00  1.00443e+00
 9.93321e-01  1.00148e+00  1.00437e+00
 9.97184e-01  1.00064e+00  1.00429e+00
 1.00065e+00  1.00072e+00  1.00422e+00
 1.00395e+00  1.00089e+00  1.00415e+00
 1.00736e+00  1.00174e+00  1.00408e+00
 1.01094e+00  1.00209e+00  1.00401e+00
 1.01381e+00  1.00092e+00  1.00395e+00
 1.01736e+00  1.00065e+00  1.00387e+00
 1.02086e+00  1.00095e+00  1.00380e+00
 1.02442e+00  1.00113e+00  1.00373e+00
 1.02762e+00  1.00118e+00  1.00366e+00
 1.03117e+00  1.00197e+00  1.00359e+00
 1.03416e+00  1.00357e+00  1.00353e+00
 1.03734e+00  1.00199e+00  1.00346e+00
 1.04063e+00  1.00115e+00  1.00340e+00
 1.04365e+00  1.00079e+00  1.00334e+00
 1.04707e+00  1.00285e+00  1.00327e+00
 1.05059e+00  1.00118e+00  1.00320e+00
 1.05440e+00  1.00300e+00  1.00312e+00
 1.05747e+00  1.00106e+00  1.00306e+00
 1.06113e+00  1.00210e+00  1.00299e+00
 1.06411e+00  1.00070e+00  1.00294e+00
 1.06747e+00  1.00277e+00  1.00287e+00
 1.07068e+00  1.00087e+00  1.00281e+00
 1.07404e+00  1.00210e+00  1.00275e+00
 1.07693e+00  1.00210e+00  1.00269e+00
 1.08042e+00  1.00146e+00  1.00263e+00
 1.08336e+00  1.00082e+00  1.00257e+00
 1.08665e+00  1.00079e+00  1.00251e+00
 1.09013e+00  1.00015e+00  1.00245e+00
 1.09367e+00  1.00082e+00  1.00239e+00
 1.09666e+00  1.00213e+00  1.00234e+00
 1.09984e+00  1.00111e+00  1.00228e+00
 1.10314e+00  1.00160e+00  1.00222e+00
 1.10617e+00  9.99979e-01  1.00217e+00
 1.10979e+00  1.00099e+00  1.00211e+00
 1.11338e+00  1.00086e+00  1.00205e+00
 1.11664e+00  1.00220e+00  1.00199e+00
 1.11994e+00  1.00088e+00  1.00194e+00
 1.12363e+00  1.00113e+00  1.00188e+00
 1.12695e+00  1.00030e+00  1.00183e+00
 1.13072e+00  9.98285e-01  1.00177e+00
 1.13473e+00  1.00134e+00  1.00170e+00
 1.13807e+00  1.00188e+00  1.00165e+00
 1.14150e+00  1.00046e+00  1.00160e+00
 1.14510e+00  1.00099e+00  1.00154e+00
 1.14880e+00  1.00010e+00  1.00149e+00
 1.15212e+00  9.99894e-01  1.00144e+00
 1.15602e+00  1.00100e+00  1.00138e+00
 1.15924e+00  1.00184e+00  1.00133e+00
 1.16307e+00  1.00111e+00  1.00128e+00
 1.16626e+00  1.00189e+00  1.00123e+00
 1.16964e+00  1.00064e+00  1.00119e+00
 1.17298e+00  1.00003e+00  1.00114e+00
 1.17661e+00  1.00132e+00  1.00109e+00
 1.17974e+00  1.00157e+00  1.00105e+00
 1.18353e+00  1.00068e+00  1.00099e+00
 1.18679e+00  1.00180e+00  1.00095e+00
 1.19012e+00  1.00021e+00  1.00091e+00
 1.19360e+00  9.99945e-01  1.00086e+00
 1.19748e+00  1.00201e+00  1.00081e+00
 1.20057e+00  1.00274e+00  1.00077e+00
 1.20400e+00  1.00176e+00  1.00073e+00
 1.20731e+00  1.00086e+00  1.00069e+00
 1.21066e+00  1.00191e+00  1.00064e+00
 1.21394e+00  1.00003e+00  1.00060e+00
 1.21771e+00  1.00256e+00  1.00056e+00
 1.22109e+00  1.00224e+00  1.00052e+00
 1.22446e+00  1.00222e+00  1.00048e+00
 1.22788e+00  1.00228e+00  1.00044e+00
 1.23112e+00  1.00184e+00  1.00040e+00
 1.23468e+00  1.00128e+00  1.00036e+00
 1.23818e+00  9.95620e-01  1.00032e+00
 1.24134e+00  1.00256e+00  1.00028e+00
 1.24457e+00  1.00280e+00  1.00024e+00
 1.24806e+00  1.00115e+00  1.00020e+00
 1.25128e+00  1.00125e+00  1.00017e+00
 1.25526e+00  1.00207e+00  1.00012e+00
 1.25868e+00  9.98853e-01  1.00009e+00
 1.26210e+00  1.00133e+00  1.00005e+00
 1.26564e+00  1.00290e+00  1.00001e+00
 1.26922e+00  1.00311e+00  9.99974e-01
 1.27243e+00  1.00197e+00  9.99940e-01
 1.27611e+00  1.00161e+00  9.99901e-01
 1.27950e+00  9.98656e-01  9.99866e-01
 1.28271e+00  1.00119e+00  9.99833e-01
 1.28596e+00  1.00375e+00  9.99800e-01
 1.28974e+00  1.00062e+00  9.99761e-01
 1.29335e+00  1.00191e+00  9.99725e-01
 1.29723e+00  1.00059e+00  9.99686e-01
 1.30088e+00  1.00182e+00  9.99650e-01
 1.30414e+00  1.00130e+00  9.99618e-01
 1.30815e+00  1.00088e+00  9.99578e-01
 1.31193e+00  1.00040e+00  9.99542e-01
 1.31580e+00  1.00091e+00  9.99504e-01
 1.31913e+00  1.00076e+00  9.99473e-01
 1.32254e+00  9.96735e-01  9.99440e-01
 1.32587e+00  1.00011e+00  9.99409e-01
 1.32937e+00  1.00014e+00  9.99376e-01
 1.33260e+00  1.00072e+00  9.99345e-01
 1.33628e+00  9.99839e-01  9.99311e-01
 1.33962e+00  1.00062e+00  9.99280e-01
 1.34329e+00  1.00030e+00  9.99246e-01
 1.34666e+00  1.00030e+00  9.99216e-01
 1.35020e+00  1.00008e+00  9.99184e-01
 1.35384e+00  1.00160e+00  9.99151e-01
 1.35759e+00  1.00091e+00  9.99117e-01
 1.36137e+00  9.97675e-01  9.99083e-01
 1.36481e+00  9.99321e-01  9.99053e-01
 1.36782e+00  1.00120e+00  9.99026e-01
 1.37142e+00  1.00075e+00  9.98994e-01
 1.37461e+00  1.00070e+00  9.98966e-01
 1.37830e+00  1.00131e+00  9.98934e-01
 1.38163e+00  9.99943e-01  9.98905e-01
 1.38504e+00  9.97092e-01  9.98875e-01
 1.38807e+00  1.00005e+00  9.98849e-01
 1.39151e+00  9.98381e-01  9.98820e-01
 1.39503e+00  1.00020e+00  9.98789e-01
 1.39878e+00  1.00095e+00  9.98757e-01
 1.40213e+00  1.00059e+00  9.98729e-01
 1.40554e+00  9.97877e-01  9.98700e-01
 1.40876e+00  9.99060e-01  9.98673e-01
 1.41234e+00  1.00011e+00  9.98643e-01
 1.41564e+00  1.00131e+00  9.98615e-01
 1.41924e+00  1.00042e+00  9.98585e-01
 1.42265e+00  1.00081e+00  9.98557e-01
 1.42600e+00  9.98220e-01  9.98529e-01
 1.42915e+00  9.98617e-01  9.98503e-01
 1.43292e+00  9.99578e-01  9.98472e-01
 1.43649e+00  1.00130e+00  9.98442e-01
 1.44005e+00  9.99712e-01  9.98413e-01
 1.44348e+00  1.00010e+00  9.98385e-01
 1.44686e+00  9.97819e-01  9.98358e-01
 1.45013e+00  9.99864e-01  9.98331e-01
 1.45380e+00  9.98485e-01  9.98301e-01
 1.45731e+00  1.00013e+00  9.98273e-01
 1.46091e+00  9.98851e-01  9.98244e-01
 1.46445e+00  9.99394e-01  9.98215e-01
 1.46841e+00  9.97499e-01  9.98184e-01
 1.47174e+00  9.98016e-01  9.98157e-01
 1.47724e+00  9.98200e-01  9.98113e-01
 1.48062e+00  9.98284e-01  9.98087e-01
 1.48443e+00  9.97750e-01  9.98056e-01
 1.48800e+00  9.97934e-01  9.98028e-01
 1.49135e+00  9.97059e-01  9.98002e-01
 1.49456e+00  9.96558e-01  9.97977e-01
 1.49807e+00  9.97533e-01  9.97949e-01
 1.50145e+00  9.96648e-01  9.97923e-01
 1.50516e+00  9.97264e-01  9.97894e-01
 1.50870e+00  9.96661e-01  9.97867e-01
 1.51217e+00  9.97247e-01  9.97840e-01
 1.51564e+00  9.96612e-01  9.97814e-01
 1.51923e+00  9.96698e-01  9.97786e-01
 1.52272e+00  9.96999e-01  9.97760e-01
 1.52666e+00  9.97694e-01  9.97730e-01
 1.53054e+00  9.94487e-01  9.97701e-01
 1.53369e+00  9.97367e-01  9.97677e-01
 1.53758e+00  9.95590e-01  9.97648e-01
 1.54107e+00  9.95574e-01  9.97622e-01
 1.54550e+00  9.95563e-01  9.97589e-01
 1.54896e+00  9.96131e-01  9.97564e-01
 1.55231e+00  9.96773e-01  9.97540e-01
 1.55533e+00  9.97983e-01  9.97518e-01
 1.55934e+00  9.97067e-01  9.97489e-01
 1.56285e+00  9.95866e-01  9.97464e-01
 1.56645e+00  9.95748e-01  9.97438e-01
 1.56977e+00  9.95707e-01  9.97415e-01
 1.57317e+00  9.96811e-01  9.97391e-01
 1.57699e+00  9.96422e-01  9.97365e-01
 1.58077e+00  9.96558e-01  9.97339e-01
 1.58404e+00  9.97722e-01  9.97317e-01
 1.58767e+00  9.98012e-01  9.97292e-01
 1.59106e+00  9.97759e-01  9.97270e-01
 1.59457e+00  9.97784e-01  9.97247e-01
 1.59821e+00  9.96608e-01  9.97223e-01
 1.60192e+00  9.97105e-01  9.97200e-01
 1.60515e+00  9.98601e-01  9.97180e-01
 1.60939e+00  9.98015e-01  9.97154e-01
 1.61317e+00  9.94928e-01  9.97131e-01
 1.61635e+00  9.96305e-01  9.97112e-01
 1.61956e+00  9.94713e-01  9.97093e-01
 1.62307e+00  9.93225e-01  9.97073e-01
 1.62626e+00  9.90893e-01  9.97056e-01
 1.62993e+00  9.87143e-01  9.97036e-01
 1.63334e+00  9.83650e-01  9.97018e-01
 1.63655e+00  9.81697e-01  9.97001e-01
 1.63989e+00  9.76987e-01  9.96984e-01
 1.64391e+00  9.76027e-01  9.96965e-01
 1.64717e+00  9.73441e-01  9.96950e-01
 1.65110e+00  9.70900e-01  9.96933e-01
 1.65450e+00  9.66621e-01  9.96918e-01
 1.65771e+00  9.67783e-01  9.96905e-01
 1.66085e+00  9.63586e-01  9.96893e-01
 1.66441e+00  9.65362e-01  9.96880e-01
 1.66758e+00  9.63644e-01  9.96870e-01
 1.67137e+00  9.64531e-01  9.96858e-01
 1.67499e+00  9.60180e-01  9.96847e-01
 1.67821e+00  9.64005e-01  9.96839e-01
 1.68144e+00  9.62830e-01  9.96831e-01
 1.68526e+00  9.67223e-01  9.96824e-01
 1.68841e+00  9.67701e-01  9.96818e-01
 1.69181e+00  9.67921e-01  9.96814e-01
 1.69512e+00  9.70066e-01  9.96810e-01
 1.69845e+00  9.71569e-01  9.96808e-01
 1.70151e+00  9.77042e-01  9.96807e-01
 1.70508e+00  9.78682e-01  9.96807e-01
 1.70822e+00  9.82662e-01  9.96808e-01
 1.71166e+00  9.83051e-01  9.96811e-01
 1.71517e+00  9.84555e-01  9.96815e-01
 1.71867e+00  9.89137e-01  9.96821e-01
 1.72187e+00  9.91232e-01  9.96829e-01
 1.72557e+00  9.94389e-01  9.96839e-01
 1.72896e+00  9.97000e-01  9.96850e-01
 1.73259e+00  9.93719e-01  9.96864e-01
 1.73614e+00  9.94628e-01  9.96880e-01
 1.73948e+00  9.95934e-01  9.96897e-01
 1.74270e+00  9.96221e-01  9.96916e-01
 1.74626e+00  9.94785e-01  9.96939e-01
 1.74929e+00  9.96512e-01  9.96960e-01
 1.75295e+00  9.97138e-01  9.96989e-01
 1.75636e+00  9.96044e-01  9.97018e-01
 1.76005e+00  9.95652e-01  9.97053e-01
 1.76352e+00  9.95978e-01  9.97088e-01
 1.76727e+00  9.94874e-01  9.97130e-01
 1.77044e+00  9.96077e-01  9.97169e-01
 1.77416e+00  9.95510e-01  9.97217e-01
 1.77767e+00  9.95626e-01  9.97267e-01
 1.78141e+00  9.95658e-01  9.97324e-01
 1.78495e+00  9.96937e-01  9.97382e-01
 1.78904e+00  9.96411e-01  9.97454e-01
 1.79238e+00  9.97176e-01  9.97518e-01
 1.79599e+00  9.97006e-01  9.97591e-01
 1.79929e+00  9.96346e-01  9.97661e-01
 1.80264e+00  9.97952e-01  9.97738e-01
 1.80642e+00  9.97574e-01  9.97829e-01
 1.80995e+00  9.98105e-01  9.97920e-01
 1.81322e+00  9.98379e-01  9.98009e-01
 1.81681e+00  9.98666e-01  9.98113e-01
 1.82013e+00  9.98031e-01  9.98214e-01
 1.82390e+00  9.98697e-01  9.98336e-01
 1.82751e+00  9.99466e-01  9.98459e-01
 1.83079e+00  1.00004e+00  9.98576e-01
 1.83436e+00  1.00303e+00  9.98711e-01
 1.83767e+00  1.00045e+00  9.98842e-01
 1.84094e+00  9.99318e-01  9.98978e-01
 1.84401e+00  1.00238e+00  9.99111e-01
 1.84726e+00  1.00130e+00  9.99259e-01
 1.85077e+00  1.00399e+00  9.99426e-01
 1.85399e+00  1.00308e+00  9.99586e-01
 1.85754e+00  1.00519e+00  9.99771e-01
 1.86080e+00  1.00277e+00  9.99948e-01
 1.86401e+00  1.00484e+00  1.00013e+00
 1.86694e+00  1.00346e+00  1.00030e+00
 1.87020e+00  1.00457e+00  1.00050e+00
 1.87340e+00  1.00584e+00  1.00070e+00
 1.87673e+00  1.00783e+00  1.00092e+00
 1.88016e+00  1.00550e+00  1.00116e+00
 1.88363e+00  1.00946e+00  1.00140e+00
 1.88657e+00  1.00755e+00  1.00162e+00
 1.89008e+00  1.00899e+00  1.00189e+00
 1.89329e+00  1.00960e+00  1.00214e+00
 1.89654e+00  1.00866e+00  1.00241e+00
 1.89996e+00  1.01291e+00  1.00269e+00
 1.90373e+00  1.01177e+00  1.00302e+00
 1.90678e+00  1.01129e+00  1.00329e+00
 1.91012e+00  1.01172e+00  1.00360e+00
 1.91327e+00  1.01327e+00  1.00390e+00
 1.91663e+00  1.01351e+00  1.00422e+00
 1.92004e+00  1.01589e+00  1.00456e+00
 1.92330e+00  1.01392e+00  1.00489e+00
 1.92651e+00  1.01607e+00  1.00522e+00
 1.92969e+00  1.01461e+00  1.00556e+00
 1.93326e+00  1.01644e+00  1.00594e+00
 1.93622e+00  1.01433e+00  1.00626e+00
 1.93975e+00  1.01720e+00  1.00665e+00
 1.94312e+00  1.01784e+00  1.00702e+00
 1.94654e+00  1.01580e+00  1.00740e+00
 1.94969e+00  1.01669e+00  1.00775e+00
 1.95284e+00  1.01700e+00  1.00810e+00
 1.95604e+00  1.01595e+00  1.00846e+00
 1.95923e+00  1.01613e+00  1.00881e+00
 1.96257e+00  1.01886e+00  1.00918e+00
 1.96594e+00  1.01578e+00  1.00954e+00
 1.96917e+00  1.01655e+00  1.00988e+00
 1.97264e+00  1.01431e+00  1.01023e+00
 1.97616e+00  1.01545e+00  1.01057e+00
 1.97938e+00  1.01409e+00  1.01087e+00
 1.98254e+00  1.01772e+00  1.01115e+00
 1.98580e+00  1.01532e+00  1.01141e+00
 1.98918e+00  1.01468e+00  1.01166e+00
 1.99226e+00  1.01708e+00  1.01187e+00
 1.99547e+00  1.01205e+00  1.01205e+00
 1.99894e+00  1.01423e+00  1.01222e+00
 2.00251e+00  1.01234e+00  1.01234e+00
 2.00562e+00  1.01501e+00  1.01242e+00
 2.00896e+00  1.01087e+00  1.01245e+00
 2.01189e+00  1.01195e+00  1.01244e+00
 2.01540e+00  1.00796e+00  1.01238e+00
 2.01860e+00  1.00969e+00  1.01227e+00
 2.02174e+00  1.00779e+00  1.01210e+00
 2.02483e+00  1.01041e+00  1.01189e+00
 2.02812e+00  1.00629e+00  1.01160e+00
 2.03124e+00  1.00940e+00  1.01126e+00
 2.03423e+00  1.00664e+00  1.01088e+00
 2.03743e+00  1.00659e+00  1.01041e+00
 2.04050e+00  1.00392e+00  1.00989e+00
 2.04399e+00  1.00317e+00  1.00922e+00
 2.04736e+00  1.00496e+00  1.00849e+00
 2.05090e+00  1.00473e+00  1.00764e+00
 2.05395e+00  1.00349e+00  1.00684e+00
 2.05736e+00  1.00203e+00  1.00586e+00
 2.06027e+00  1.00292e+00  1.00497e+00
 2.06389e+00  1.00297e+00  1.00378e+00
 2.06721e+00  1.00058e+00  1.00261e+00
 2.07105e+00  1.00144e+00  1.00117e+00
 2.07407e+00  1.00254e+00  9.99992e-01
 2.07749e+00  1.00037e+00  9.98600e-01
 2.08051e+00  1.00110e+00  9.97327e-01
 2.08356e+00  1.00064e+00  9.96009e-01
 2.08672e+00  1.00025e+00  9.94608e-01
 2.08996e+00  9.98804e-01  9.93154e-01
 2.09320e+00  9.97088e-01  9.91683e-01
 2.09620e+00  9.96451e-01  9.90313e-01
 2.09982e+00  9.95450e-01  9.88667e-01
 2.10288e+00  9.92422e-01  9.87289e-01
 2.10613e+00  9.86971e-01  9.85844e-01
 2.10946e+00  9.84640e-01  9.84399e-01
 2.11278e+00  9.77576e-01  9.83005e-01
 2.11571e+00  9.74735e-01  9.81819e-01
 2.11885e+00  9.65582e-01  9.80603e-01
 2.12200e+00  9.69045e-01  9.69164e-01
 2.12523e+00  9.61425e-01  9.68052e-01
 2.12854e+00  9.55046e-01  9.67002e-01
 2.13196e+00  9.48562e-01  9.66015e-01
 2.13515e+00  9.44282e-01  9.65190e-01
 2.13810e+00  9.38513e-01  9.64515e-01
 2.14139e+00  9.38512e-01  9.63861e-01
 2.14457e+00  9.38183e-01  9.63335e-01
 2.14806e+00  9.31373e-01  9.62875e-01
 2.15134e+00  9.31865e-01  9.62558e-01
 2.15512e+00  9.28835e-01  9.62329e-01
 2.15854e+00  9.30475e-01  9.62245e-01
 2.16200e+00  9.32548e-01  9.62278e-01
 2.16527e+00  9.36353e-01  9.62412e-01
 2.16855e+00  9.32443e-01  9.62646e-01
 2.17215e+00  9.36361e-01  9.63008e-01
 2.17560e+00  9.40246e-01  9.63453e-01
 2.17871e+00  9.45575e-01  9.63931e-01
 2.18213e+00  9.49876e-01  9.64533e-01
 2.18571e+00  9.52136e-01  9.65241e-01
 2.18936e+00  9.57708e-01  9.66039e-01
 2.19266e+00  9.63286e-01  9.66815e-01
 2.19614e+00  9.69966e-01  9.67683e-01
 2.19923e+00  9.74394e-01  9.68491e-01
 2.20250e+00  9.81225e-01  9.69376e-01
 2.20585e+00  9.84340e-01  9.80596e-01
 2.20956e+00  9.91455e-01  9.81654e-01
 2.21281e+00  9.92578e-01  9.82597e-01
 2.21629e+00  9.97416e-01  9.83613e-01
 2.21938e+00  9.98562e-01  9.84520e-01
 2.22269e+00  1.00202e+00  9.85486e-01
 2.22582e+00  1.00236e+00  9.86398e-01
 2.22905e+00  1.00136e+00  9.87328e-01
 2.23227e+00  9.99425e-01  9.88242e-01
 2.23619e+00  1.00020e+00  9.89332e-01
 2.23961e+00  9.99265e-01  9.90264e-01
 2.24308e+00  1.00090e+00  9.91183e-01
 2.24633e+00  1.00065e+00  9.92019e-01
 2.24974e+00  1.00090e+00  9.92872e-01
 2.25309e+00  9.99208e-01  9.93680e-01
 2.25664e+00  1.00141e+00  9.94503e-01
 2.25990e+00  9.99306e-01  9.95230e-01
 2.26329e+00  1.00022e+00  9.95956e-01
 2.26690e+00  1.00058e+00  9.96693e-01
 2.27010e+00  1.00088e+00  9.97316e-01
 2.27338e+00  9.99127e-01  9.97926e-01
 2.27671e+00  1.00116e+00  9.98515e-01
 2.28008e+00  1.00087e+00  9.99078e-01
 2.28326e+00  1.00119e+00  9.99584e-01
 2.28687e+00  1.00041e+00  1.00012e+00
 2.28992e+00  1.00170e+00  1.00055e+00
 2.29322e+00  9.99284e-01  1.00099e+00
 2.29648e+00  1.00075e+00  1.00140e+00
 2.29996e+00  1.00131e+00  1.00181e+00
 2.30305e+00  1.00151e+00  1.00215e+00
 2.30655e+00  1.00240e+00  1.00250e+00
 2.30946e+00  1.00150e+00  1.00278e+00
 2.31285e+00  1.00272e+00  1.00308e+00
 2.31625e+00  1.00249e+00  1.00336e+00
 2.31980e+00  1.00260e+00  1.00363e+00
 2.32355e+00  1.00192e+00  1.00389e+00
 2.32716e+00  1.00356e+00  1.00411e+00
 2.33034e+00  1.00284e+00  1.00429e+00
 2.33383e+00  1.00325e+00  1.00448e+00
 2.33724e+00  1.00176e+00  1.00464e+00
 2.34086e+00  1.00358e+00  1.00479e+00
 2.34379e+00  1.00155e+00  1.00490e+00
 2.34727e+00  1.00415e+00  1.00501e+00
 2.35050e+00  1.00278e+00  1.00511e+00
 2.35376e+00  1.00361e+00  1.00520e+00
 2.35688e+00  1.00234e+00  1.00527e+00
 2.36043e+00  1.00307e+00  1.00534e+00
 2.36364e+00  1.00311e+00  1.00539e+00
 2.36697e+00  1.00325e+00  1.00543e+00
 2.37066e+00  1.00296e+00  1.00547e+00
 2.37424e+00  1.00325e+00  1.00550e+00
 2.37743e+00  1.00295e+00  1.00552e+00
 2.38089e+00  1.00209e+00  1.00553e+00
 2.38433e+00  1.00335e+00  1.00553e+00
 2.38781e+00  1.00285e+00  1.00553e+00
 2.39136e+00  1.00289e+00  1.00552e+00
 2.39453e+00  1.00291e+00  1.00551e+00
 2.39787e+00  1.00367e+00  1.00549e+00
 2.40100e+00  1.00200e+00  1.00546e+00
 2.40461e+00  1.00234e+00  1.00543e+00
 2.40758e+00  1.00236e+00  1.00540e+00
 2.41108e+00  1.00324e+00  1.00536e+00
 2.41426e+00  1.00202e+00  1.00532e+00
 2.41750e+00  1.00286e+00  1.00528e+00
 2.42043e+00  1.00347e+00  1.00524e+00
 2.42392e+00  1.00256e+00  1.00519e+00
 2.42678e+00  1.00151e+00  1.00515e+00
 2.43021e+00  1.00157e+00  1.00509e+00
 2.43331e+00  1.00149e+00  1.00504e+00
 2.43667e+00  1.00181e+00  1.00498e+00
 2.43981e+00  1.00173e+00  1.00493e+00
 2.44333e+00  1.00179e+00  1.00486e+00
 2.44657e+00  1.00184e+00  1.00480e+00
 2.44958e+00  1.00044e+00  1.00475e+00
 2.45302e+00  1.00157e+00  1.00468e+00
 2.45594e+00  1.00083e+00  1.00463e+00
 2.45914e+00  9.99853e-01  1.00456e+00
 2.46230e+00  1.00169e+00  1.00450e+00
 2.46586e+00  1.00106e+00  1.00443e+00
 2.46879e+00  1.00148e+00  1.00437e+00
 2.47265e+00  1.00064e+00  1.00429e+00
 2.47612e+00  1.00072e+00  1.00422e+00
 2.47942e+00  1.00089e+00  1.00415e+00
 2.48284e+00  1.00174e+00  1.00408e+00
 2.48641e+00  1.00209e+00  1.00401e+00
 2.48928e+00  1.00092e+00  1.00395e+00
 2.49283e+00  1.00065e+00  1.00387e+00
 2.49633e+00  1.00095e+00  1.00380e+00
 2.49989e+00  1.00113e+00  1.00373e+00
 2.50309e+00  1.00118e+00  1.00366e+00
 2.50664e+00  1.00197e+00  1.00359e+00
 2.50963e+00  1.00357e+00  1.00353e+00
 2.51281e+00  1.00199e+00  1.00346e+00
 2.51610e+00  1.00115e+00  1.00340e+00
 2.51912e+00  1.00079e+00  1.00334e+00
 2.52254e+00  1.00285e+00  1.00327e+00
 2.52606e+00  1.00118e+00  1.00320e+00
 2.52987e+00  1.00300e+00  1.00312e+00
 2.53294e+00  1.00106e+00  1.00306e+00
 2.53661e+00  1.00210e+00  1.00299e+00
 2.53958e+00  1.00070e+00  1.00294e+00
 2.54294e+00  1.00277e+00  1.00287e+00
 2.54615e+00  1.00087e+00  1.00281e+00
 2.54951e+00  1.00210e+00  1.00275e+00
 2.55240e+00  1.00210e+00  1.00269e+00
 2.55589e+00  1.00146e+00  1.00263e+00
 2.55883e+00  1.00082e+00  1.00257e+00
 2.56212e+00  1.00079e+00  1.00251e+00
 2.56560e+00  1.00015e+00  1.00245e+00
 2.56914e+00  1.00082e+00  1.00239e+00
 2.57213e+00  1.00213e+00  1.00234e+00
 2.57531e+00  1.00111e+00  1.00228e+00
 2.57861e+00  1.00160e+00  1.00222e+00
 2.58164e+00  9.99979e-01  1.00217e+00
 2.58526e+00  1.00099e+00  1.00211e+00
 2.58885e+00  1.00086e+00  1.00205e+00
 2.59211e+00  1.00220e+00  1.00199e+00
 2.59541e+00  1.00088e+00  1.00194e+00
 2.59911e+00  1.00113e+00  1.00188e+00
 2.60242e+00  1.00030e+00  1.00183e+00
 2.60619e+00  9.98285e-01  1.00177e+00
 2.61020e+00  1.00134e+00  1.00170e+00
 2.61354e+00  1.00188e+00  1.00165e+00
 2.61697e+00  1.00046e+00  1.00160e+00
 2.62057e+00  1.00099e+00  1.00154e+00
 2.62427e+00  1.00010e+00  1.00149e+00
 2.62759e+00  9.99894e-01  1.00144e+00
 2.63149e+00  1.00100e+00  1.00138e+00
 2.63470e+00  1.00184e+00  1.00133e+00
 2.63854e+00  1.00111e+00  1.00128e+00
 2.64173e+00  1.00189e+00  1.00123e+00
 2.64511e+00  1.00064e+00  1.00119e+00
 2.64845e+00  1.00003e+00  1.00114e+00
 2.65209e+00  1.00132e+00  1.00109e+00
 2.65521e+00  1.00157e+00  1.00105e+00
 2.65900e+00  1.00068e+00  1.00099e+00
 2.66226e+00  1.00180e+00  1.00095e+00
 2.66559e+00  1.00021e+00  1.00091e+00
 2.66907e+00  9.99945e-01  1.00086e+00
 2.67294e+00  1.00201e+00  1.00081e+00
 2.67604e+00  1.00274e+00  1.00077e+00
 2.67947e+00  1.00176e+00  1.00073e+00
 2.68278e+00  1.00086e+00  1.00069e+00
 2.68613e+00  1.00191e+00  1.00064e+00
 2.68941e+00  1.00003e+00  1.00060e+00
 2.69318e+00  1.00256e+00  1.00056e+00
 2.69656e+00  1.00224e+00  1.00052e+00
 2.69993e+00  1.00222e+00  1.00048e+00
 2.70335e+00  1.00228e+00  1.00044e+00
 2.70659e+00  1.00184e+00  1.00040e+00
 2.71015e+00  1.00128e+00  1.00036e+00
 2.71365e+00  9.95620e-01  1.00032e+00
 2.71681e+00  1.00256e+00  1.00028e+00
 2.72004e+00  1.00280e+00  1.00024e+00
 2.72353e+00  1.00115e+00  1.00020e+00
 2.72675e+00  1.00125e+00  1.00017e+00
 2.73073e+00  1.00207e+00  1.00012e+00
 2.73415e+00  9.98853e-01  1.00009e+00
 2.73757e+00  1.00133e+00  1.00005e+00
 2.74111e+00  1.00290e+00  1.00001e+00
 2.74469e+00  1.00311e+00  9.99974e-01
 2.74790e+00  1.00197e+00  9.99940e-01
 2.75158e+00  1.00161e+00  9.99901e-01
 2.75497e+00  9.98656e-01  9.99866e-01
 2.75818e+00  1.00119e+00  9.99833e-01
 2.76143e+00  1.00375e+00  9.99800e-01
 2.76521e+00  1.00062e+00  9.99761e-01
 2.76882e+00  1.00191e+00  9.99725e-01
 2.77271e+00  1.00059e+00  9.99686e-01
 2.77635e+00  1.00182e+00  9.99650e-01
 2.77961e+00  1.00130e+00  9.99618e-01
 2.78362e+00  1.00088e+00  9.99578e-01
 2.78740e+00  1.00040e+00  9.99542e-01
 2.79127e+00  1.00091e+00  9.99504e-01
 2.79460e+00  1.00076e+00  9.99472e-01
 2.79801e+00  9.96735e-01  9.99440e-01
 2.80133e+00  1.00011e+00  9.99409e-01
 2.80484e+00  1.00014e+00  9.99376e-01
 2.80807e+00  1.00072e+00  9.99345e-01
 2.81175e+00  9.99839e-01  9.99311e-01
 2.81509e+00  1.00062e+00  9.99280e-01
 2.81876e+00  1.00030e+00  9.99246e-01
 2.82213e+00  1.00030e+00  9.99216e-01
 2.82567e+00  1.00008e+00  9.99184e-01
 2.82931e+00  1.00160e+00  9.99151e-01
 2.83306e+00  1.00091e+00  9.99117e-01
 2.83684e+00  9.97675e-01  9.99083e-01
 2.84028e+00  9.99321e-01  9.99053e-01
 2.84329e+00  1.00120e+00  9.99026e-01
 2.84689e+00  1.00075e+00  9.98994e-01
 2.85008e+00  1.00070e+00  9.98966e-01
 2.85377e+00  1.00131e+00  9.98934e-01
 2.85710e+00  9.99943e-01  9.98905e-01
 2.86051e+00  9.97092e-01  9.98875e-01
 2.86354e+00  1.00005e+00  9.98849e-01
 2.86698e+00  9.98381e-01  9.98820e-01
 2.87050e+00  1.00020e+00  9.98789e-01
 2.87425e+00  1.00095e+00  9.98757e-01
 2.87760e+00  1.00059e+00  9.98729e-01
 2.88101e+00  9.97877e-01  9.98700e-01
 2.88423e+00  9.99060e-01  9.98673e-01
 2.88781e+00  1.00011e+00  9.98643e-01
 2.89111e+00  1.00131e+00  9.98615e-01
 2.89471e+00  1.00042e+00  9.98585e-01
 2.89812e+00  1.00081e+00  9.98557e-01
 2.90147e+00  9.98220e-01  9.98529e-01
 2.90462e+00  9.98617e-01  9.98503e-01
 2.90839e+00  9.99578e-01  9.98472e-01
 2.91196e+00  1.00130e+00  9.98442e-01
 2.91552e+00  9.99712e-01  9.98413e-01
 2.91895e+00  1.00010e+00  9.98385e-01
 2.92233e+00  9.97819e-01  9.98358e-01
 2.92560e+00  9.99864e-01  9.98331e-01
 2.92927e+00  9.98485e-01  9.98301e-01
 2.93278e+00  1.00013e+00  9.98273e-01
 2.93638e+00  9.98851e-01  9.98244e-01
 2.93992e+00  9.99394e-01  9.98215e-01
 2.94388e+00  9.97499e-01  9.98184e-01
 2.94720e+00  9.98016e-01  9.98157e-01
