1934
 1.51739e+03  6.53822e-01  7.11681e-01
 1.28000e+02  1.51741e+03  9.96458e-01
 1.02063e+00  0.00000e+00  9.96410e-01
 7.56069e-01  1.02417e+00  9.96415e-01
 1.51745e+03  7.82460e-01  7.85709e-01
 0.00000e+00  1.51747e+03  9.96429e-01
 1.02813e+00  0.00000e+00  9.96409e-01
 8.21968e-01  1.02898e+00  9.96414e-01
 1.51751e+03  8.38814e-01  8.39633e-01
 0.00000e+00  1.51753e+03  9.96429e-01
 1.02974e+00  0.00000e+00  9.96409e-01
 8.65913e-01  1.02939e+00  9.96413e-01
 1.51758e+03  8.78205e-01  8.79290e-01
 0.00000e+00  1.51760e+03  9.96429e-01
 1.03100e+00  0.00000e+00  9.96409e-01
 8.95787e-01  1.02963e+00  9.96412e-01
 1.51764e+03  9.03447e-01  9.08731e-01
 0.00000e+00  1.51766e+03  9.96429e-01
 1.02971e+00  0.00000e+00  9.96409e-01
 9.18101e-01  1.02967e+00  9.96412e-01
 1.51770e+03  9.25464e-01  9.30788e-01
 0.00000e+00  1.51772e+03  9.96429e-01
 1.02953e+00  0.00000e+00  9.96409e-01
 9.38485e-01  1.02851e+00  9.96411e-01
 1.51776e+03  9.44607e-01  9.47450e-01
 0.00000e+00  1.51778e+03  9.96429e-01
 1.02800e+00  0.00000e+00  9.96409e-01
 9.57026e-01  1.02774e+00  9.96411e-01
 1.51783e+03  9.61731e-01  9.60133e-01
 0.00000e+00  1.51785e+03  9.96429e-01
 1.02734e+00  0.00000e+00  9.96409e-01
 9.70967e-01  1.02681e+00  9.96411e-01
 1.51789e+03  9.73310e-01  9.69853e-01
 0.00000e+00  1.51791e+03  9.96429e-01
 1.02582e+00  0.00000e+00  9.96409e-01
 9.77868e-01  1.02468e+00  9.96410e-01
 1.51795e+03  9.80225e-01  9.77346e-01
 1.28000e+02  1.51797e+03  9.96458e-01
 1.02556e+00  0.00000e+00  9.96409e-01
 9.83492e-01  1.02421e+00  9.96410e-01
 1.51801e+03  9.85095e-01  9.83150e-01
 0.00000e+00  1.51803e+03  9.96429e-01
 1.02440e+00  0.00000e+00  9.96409e-01
 9.93985e-01  1.02543e+00  9.96410e-01
 1.51808e+03  9.90453e-01  9.87664e-01
 0.00000e+00  1.51810e+03  9.96429e-01
 1.02470e+00  0.00000e+00  9.96409e-01
 9.95023e-01  1.02480e+00  9.96410e-01
 1.51814e+03  9.97164e-01  9.91184e-01
 0.00000e+00  1.51816e+03  9.96429e-01
 1.02461e+00  0.00000e+00  9.96409e-01
 1.00203e+00  1.02660e+00  9.96410e-01
 1.51820e+03  1.00274e+00  9.93936e-01
 0.00000e+00  1.51822e+03  9.96429e-01
 1.02616e+00  0.00000e+00  9.96409e-01
 1.00379e+00  1.02562e+00  9.96410e-01
 1.51826e+03  1.00212e+00  9.96087e-01
 1.28000e+02  1.51828e+03  9.96458e-01
 1.02400e+00  0.00000e+00  9.96409e-01
 1.00178e+00  1.02111e+00  9.96410e-01
 1.51833e+03  1.00233e+00  9.97768e-01
 0.00000e+00  1.51835e+03  9.96429e-01
 1.01960e+00  0.00000e+00  9.96410e-01
 9.99653e-01  1.01691e+00  9.96410e-01
 1.51839e+03  1.00074e+00  9.99079e-01
 0.00000e+00  1.51841e+03  9.96429e-01
 1.01329e+00  1.28000e+02  9.96410e-01
 9.98256e-01  1.01317e+00  9.96410e-01
 1.51845e+03  9.99659e-01  1.00010e+00
 1.28000e+02  1.51847e+03  9.96458e-01
 1.01219e+00  0.00000e+00  9.96410e-01
 9.99751e-01  1.01295e+00  9.96410e-01
 1.51851e+03  9.98980e-01  1.00088e+00
 0.00000e+00  1.51853e+03  9.96429e-01
 1.01188e+00  0.00000e+00  9.96410e-01
 1.00681e+00  1.01239e+00  9.96410e-01
 1.51858e+03  9.99224e-01  1.00148e+00
 0.00000e+00  1.51860e+03  9.96429e-01
 1.00995e+00  0.00000e+00  9.96410e-01
 9.97980e-01  1.00982e+00  9.96410e-01
 1.51864e+03  1.00016e+00  1.00193e+00
 0.00000e+00  1.51866e+03  9.96429e-01
 1.00985e+00  0.00000e+00  9.96410e-01
 9.98253e-01  1.01023e+00  9.96410e-01
 1.51870e+03  9.98897e-01  1.00226e+00
 0.00000e+00  1.51872e+03  9.96429e-01
 1.00938e+00  0.00000e+00  9.96410e-01
 1.00088e+00  1.01160e+00  9.96410e-01
 1.51876e+03  9.99941e-01  1.00250e+00
 0.00000e+00  1.51878e+03  9.96429e-01
 1.01177e+00  0.00000e+00  9.96410e-01
 9.98356e-01  1.01047e+00  9.96410e-01
 1.51883e+03  1.00056e+00  1.00265e+00
 0.00000e+00  1.51885e+03  9.96429e-01
 1.01263e+00  0.00000e+00  9.96410e-01
 1.00042e+00  1.01262e+00  9.96410e-01
 1.51889e+03  1.00022e+00  1.00275e+00
 0.00000e+00  1.51891e+03  9.96429e-01
 1.01187e+00  0.00000e+00  9.96410e-01
 1.00130e+00  1.01231e+00  9.96410e-01
 1.51895e+03  1.00199e+00  1.00280e+00
 0.00000e+00  1.51897e+03  9.96429e-01
 1.01224e+00  0.00000e+00  9.96410e-01
 1.00198e+00  1.01262e+00  9.96410e-01
 1.51901e+03  1.00248e+00  1.00281e+00
 0.00000e+00  1.51903e+03  9.96429e-01
 1.01207e+00  0.00000e+00  9.96410e-01
 1.00136e+00  1.01242e+00  9.96410e-01
 1.51908e+03  1.00240e+00  1.00279e+00
 0.00000e+00  1.51910e+03  9.96429e-01
 1.01296e+00  0.00000e+00  9.96410e-01
 1.00296e+00  1.01368e+00  9.96410e-01
 1.51914e+03  1.00265e+00  1.00274e+00
 0.00000e+00  1.51916e+03  9.96429e-01
 1.01252e+00  0.00000e+00  9.96410e-01
 1.00191e+00  1.01268e+00  9.96410e-01
 1.51920e+03  1.00277e+00  1.00267e+00
 0.00000e+00  1.51922e+03  9.96429e-01
 1.01167e+00  0.00000e+00  9.96410e-01
 1.00219e+00  1.01268e+00  9.96410e-01
 1.51926e+03  1.00198e+00  1.00259e+00
 0.00000e+00  1.51928e+03  9.96429e-01
 1.01164e+00  0.00000e+00  9.96410e-01
 1.00193e+00  1.01199e+00  9.96410e-01
 1.51933e+03  1.00129e+00  1.00249e+00
 0.00000e+00  1.51935e+03  9.96429e-01
 1.01007e+00  0.00000e+00  9.96410e-01
 1.00167e+00  1.01172e+00  9.96410e-01
 1.51939e+03  1.00012e+00  1.00239e+00
 0.00000e+00  1.51941e+03  9.96429e-01
 1.01078e+00  0.00000e+00  9.96410e-01
 1.00106e+00  1.01048e+00  9.96410e-01
 1.51945e+03  1.00002e+00  1.00228e+00
 0.00000e+00  1.51947e+03  9.96429e-01
 1.00982e+00  0.00000e+00  9.96410e-01
 1.00054e+00  1.00951e+00  9.96410e-01
 1.51951e+03  1.00026e+00  1.00216e+00
 0.00000e+00  1.51953e+03  9.96429e-01
 1.00989e+00  0.00000e+00  9.96410e-01
 9.99110e-01  1.00868e+00  9.96410e-01
 1.51958e+03  9.99875e-01  1.00204e+00
 0.00000e+00  1.51960e+03  9.96429e-01
 1.00863e+00  0.00000e+00  9.96410e-01
 9.99764e-01  1.00850e+00  9.96410e-01
 1.51964e+03  9.99552e-01  1.00192e+00
 0.00000e+00  1.51966e+03  9.96429e-01
 1.00920e+00  0.00000e+00  9.96410e-01
 1.00031e+00  1.00895e+00  9.96410e-01
 1.51970e+03  9.99565e-01  1.00180e+00
 0.00000e+00  1.51972e+03  9.96429e-01
 1.00805e+00  0.00000e+00  9.96410e-01
 1.00082e+00  1.00923e+00  9.96410e-01
 1.51976e+03  9.99983e-01  1.00168e+00
 0.00000e+00  1.51978e+03  9.96429e-01
 1.00830e+00  0.00000e+00  9.96410e-01
 1.00023e+00  1.00881e+00  9.96410e-01
 1.51983e+03  9.99536e-01  1.00155e+00
 0.00000e+00  1.51985e+03  9.96429e-01
 1.00762e+00  0.00000e+00  9.96410e-01
 9.98959e-01  1.00714e+00  9.96410e-01
 1.51989e+03  9.99734e-01  1.00143e+00
 0.00000e+00  1.51991e+03  9.96429e-01
 1.00798e+00  0.00000e+00  9.96410e-01
 9.99668e-01  1.00784e+00  9.96410e-01
 1.51995e+03  9.99094e-01  1.00131e+00
 0.00000e+00  1.51997e+03  9.96429e-01
 1.00712e+00  0.00000e+00  9.96410e-01
 1.00055e+00  1.00733e+00  9.96410e-01
 1.52001e+03  9.99293e-01  1.00120e+00
 0.00000e+00  1.52003e+03  9.96429e-01
 1.00656e+00  0.00000e+00  9.96410e-01
 9.99514e-01  1.00668e+00  9.96410e-01
 1.52008e+03  9.99803e-01  1.00108e+00
 0.00000e+00  1.52010e+03  9.96429e-01
 1.00605e+00  0.00000e+00  9.96410e-01
 1.00021e+00  1.00754e+00  9.96410e-01
 1.52014e+03  1.00000e+00  1.00097e+00
 0.00000e+00  1.52016e+03  9.96429e-01
 1.00707e+00  0.00000e+00  9.96410e-01
 9.99597e-01  1.00707e+00  9.96410e-01
 1.52020e+03  9.99681e-01  1.00085e+00
 0.00000e+00  1.52022e+03  9.96429e-01
 1.00651e+00  0.00000e+00  9.96410e-01
 9.98785e-01  1.00540e+00  9.96410e-01
 1.52026e+03  9.98756e-01  1.00075e+00
 0.00000e+00  1.52028e+03  9.96429e-01
 1.00656e+00  0.00000e+00  9.96410e-01
 1.00002e+00  1.00665e+00  9.96410e-01
 1.52033e+03  9.99596e-01  1.00064e+00
 0.00000e+00  1.52035e+03  9.96429e-01
 1.00635e+00  0.00000e+00  9.96410e-01
 9.99460e-01  1.00663e+00  9.96410e-01
 1.52039e+03  9.99073e-01  1.00054e+00
 0.00000e+00  1.52041e+03  9.96429e-01
 1.00653e+00  0.00000e+00  9.96410e-01
 1.00024e+00  1.00650e+00  9.96410e-01
 1.52045e+03  1.00039e+00  1.00044e+00
 0.00000e+00  1.52047e+03  9.96429e-01
 1.00746e+00  0.00000e+00  9.96410e-01
 1.00096e+00  1.00698e+00  9.96410e-01
 1.52051e+03  1.14267e+00  1.00034e+00
 1.28000e+02  1.52053e+03  9.96458e-01
 1.00615e+00  0.00000e+00  9.96410e-01
 9.99829e-01  1.00549e+00  9.96410e-01
 1.52058e+03  1.00012e+00  1.00024e+00
 0.00000e+00  1.52060e+03  9.96429e-01
 1.00697e+00  0.00000e+00  9.96410e-01
 1.00026e+00  1.00599e+00  9.96410e-01
 1.52064e+03  1.00097e+00  1.00015e+00
 0.00000e+00  1.52066e+03  9.96429e-01
 1.00557e+00  0.00000e+00  9.96410e-01
 9.99615e-01  1.00540e+00  9.96410e-01
 1.52070e+03  9.99207e-01  1.00006e+00
 0.00000e+00  1.52072e+03  9.96429e-01
 1.00511e+00  0.00000e+00  9.96410e-01
 9.99727e-01  1.00524e+00  9.96410e-01
 1.52076e+03  1.00006e+00  9.99971e-01
 0.00000e+00  1.52078e+03  9.96429e-01
 1.00580e+00  0.00000e+00  9.96410e-01
 1.00014e+00  1.00577e+00  9.96410e-01
 1.52083e+03  1.00036e+00  9.99886e-01
 0.00000e+00  1.52085e+03  9.96429e-01
 1.00559e+00  0.00000e+00  9.96410e-01
 1.00012e+00  1.00631e+00  9.96410e-01
 1.52089e+03  1.00008e+00  9.99803e-01
 0.00000e+00  1.52091e+03  9.96429e-01
 1.00551e+00  0.00000e+00  9.96410e-01
 9.99900e-01  1.00519e+00  9.96410e-01
 1.52095e+03  1.00079e+00  9.99723e-01
 0.00000e+00  1.52097e+03  9.96429e-01
 1.00528e+00  0.00000e+00  9.96410e-01
 1.00020e+00  1.00539e+00  9.96410e-01
 1.52101e+03  1.00077e+00  9.99645e-01
 0.00000e+00  1.52103e+03  9.96429e-01
 1.00540e+00  0.00000e+00  9.96410e-01
 1.00142e+00  1.00629e+00  9.96410e-01
 1.52108e+03  1.00125e+00  9.99569e-01
 0.00000e+00  1.52110e+03  9.96429e-01
 1.00683e+00  0.00000e+00  9.96410e-01
 1.00287e+00  1.00794e+00  9.96410e-01
 1.52114e+03  1.00371e+00  9.99496e-01
 0.00000e+00  1.52116e+03  9.96429e-01
 1.00885e+00  0.00000e+00  9.96410e-01
 1.00396e+00  1.00848e+00  9.96410e-01
 1.52120e+03  1.00505e+00  9.99425e-01
 0.00000e+00  1.52122e+03  9.96429e-01
 1.00963e+00  0.00000e+00  9.96410e-01
 1.00554e+00  1.00998e+00  9.96410e-01
 1.52126e+03  1.00576e+00  9.99356e-01
 0.00000e+00  1.52128e+03  9.96429e-01
 1.00965e+00  0.00000e+00  9.96410e-01
 1.00421e+00  1.00850e+00  9.96410e-01
 1.52133e+03  1.00316e+00  9.99288e-01
 0.00000e+00  1.52135e+03  9.96429e-01
 1.00701e+00  0.00000e+00  9.96410e-01
 1.00156e+00  1.00589e+00  9.96410e-01
 1.52139e+03  1.00033e+00  9.99223e-01
 0.00000e+00  1.52141e+03  9.96429e-01
 1.00368e+00  0.00000e+00  9.96410e-01
 9.98249e-01  1.00249e+00  9.96410e-01
 1.52145e+03  9.97837e-01  9.99160e-01
 0.00000e+00  1.52147e+03  9.96429e-01
 1.00088e+00  0.00000e+00  9.96410e-01
 9.96496e-01  1.00069e+00  9.96410e-01
 1.52151e+03  9.95060e-01  9.99099e-01
 0.00000e+00  1.52153e+03  9.96429e-01
 1.00001e+00  0.00000e+00  9.96410e-01
 9.96897e-01  9.99415e-01  9.96410e-01
 1.52158e+03  9.95519e-01  9.99039e-01
 0.00000e+00  1.52160e+03  9.96429e-01
 9.99418e-01  0.00000e+00  9.96410e-01
 9.95783e-01  9.99651e-01  9.96410e-01
 1.52164e+03  9.95537e-01  9.98981e-01
 0.00000e+00  1.52166e+03  9.96429e-01
 9.99461e-01  0.00000e+00  9.96410e-01
 9.95181e-01  9.99064e-01  9.96410e-01
 1.52170e+03  9.96159e-01  9.98925e-01
 0.00000e+00  1.52172e+03  9.96429e-01
 9.99808e-01  0.00000e+00  9.96410e-01
 9.97890e-01  1.00027e+00  9.96410e-01
 1.52176e+03  9.96210e-01  9.98871e-01
 0.00000e+00  1.52178e+03  9.96429e-01
 9.99470e-01  0.00000e+00  9.96410e-01
 9.96996e-01  1.00015e+00  9.96410e-01
 1.52183e+03  9.97222e-01  9.98818e-01
 0.00000e+00  1.52185e+03  9.96429e-01
 1.00077e+00  0.00000e+00  9.96410e-01
 9.98175e-01  1.00158e+00  9.96410e-01
 1.52189e+03  9.98720e-01  9.98766e-01
 0.00000e+00  1.52191e+03  9.96429e-01
 1.00195e+00  0.00000e+00  9.96410e-01
 9.98971e-01  1.00220e+00  9.96410e-01
 1.52195e+03  9.98998e-01  9.98716e-01
 0.00000e+00  1.52197e+03  9.96429e-01
 1.00266e+00  0.00000e+00  9.96410e-01
 9.99503e-01  1.00210e+00  9.96410e-01
 1.52201e+03  9.99609e-01  9.98668e-01
 0.00000e+00  1.52203e+03  9.96429e-01
 1.00283e+00  0.00000e+00  9.96410e-01
 1.00027e+00  1.00275e+00  9.96410e-01
 1.52208e+03  9.99977e-01  9.98621e-01
 0.00000e+00  1.52210e+03  9.96429e-01
 1.00314e+00  0.00000e+00  9.96410e-01
 1.00087e+00  1.00335e+00  9.96410e-01
 1.52214e+03  1.00079e+00  9.98575e-01
 0.00000e+00  1.52216e+03  9.96429e-01
 1.00306e+00  0.00000e+00  9.96410e-01
 1.00020e+00  1.00305e+00  9.96410e-01
 1.52220e+03  1.00116e+00  9.98530e-01
 0.00000e+00  1.52222e+03  9.96429e-01
 1.00300e+00  0.00000e+00  9.96410e-01
 1.00108e+00  1.00321e+00  9.96410e-01
 1.52226e+03  1.00160e+00  9.98487e-01
 0.00000e+00  1.52228e+03  9.96429e-01
 1.00319e+00  0.00000e+00  9.96410e-01
 1.00096e+00  1.00306e+00  9.96410e-01
 1.52233e+03  1.00008e+00  9.98445e-01
 0.00000e+00  1.52235e+03  9.96429e-01
 1.00313e+00  0.00000e+00  9.96410e-01
 9.99962e-01  1.00223e+00  9.96410e-01
 1.52239e+03  1.00070e+00  9.98404e-01
 0.00000e+00  1.52241e+03  9.96429e-01
 1.00194e+00  0.00000e+00  9.96410e-01
 1.00006e+00  1.00220e+00  9.96410e-01
 1.52245e+03  1.00028e+00  9.98364e-01
 0.00000e+00  1.52247e+03  9.96429e-01
 1.00174e+00  0.00000e+00  9.96410e-01
 1.00050e+00  1.00198e+00  9.96410e-01
 1.52251e+03  1.00051e+00  9.98325e-01
 0.00000e+00  1.52253e+03  9.96429e-01
 1.00131e+00  0.00000e+00  9.96410e-01
 1.00028e+00  1.00177e+00  9.96410e-01
 1.52258e+03  9.99823e-01  9.98288e-01
 0.00000e+00  1.52260e+03  9.96429e-01
 1.00184e+00  0.00000e+00  9.96410e-01
 9.99373e-01  1.00104e+00  9.96410e-01
 1.52264e+03  9.99695e-01  9.98251e-01
 0.00000e+00  1.52266e+03  9.96429e-01
 1.00160e+00  0.00000e+00  9.96410e-01
 1.00067e+00  1.00207e+00  9.96410e-01
 1.52270e+03  1.00008e+00  9.98215e-01
 0.00000e+00  1.52272e+03  9.96429e-01
 1.00108e+00  0.00000e+00  9.96410e-01
 1.00055e+00  1.00136e+00  9.96410e-01
 1.52276e+03  9.99198e-01  9.98180e-01
 1.28000e+02  1.52278e+03  9.96458e-01
 1.00085e+00  0.00000e+00  9.96410e-01
 9.99023e-01  1.00009e+00  9.96410e-01
 1.52283e+03  9.99419e-01  9.98147e-01
 0.00000e+00  1.52285e+03  9.96429e-01
 1.00055e+00  0.00000e+00  9.96410e-01
 9.99654e-01  1.00090e+00  9.96410e-01
 1.52289e+03  9.98868e-01  9.98114e-01
 0.00000e+00  1.52291e+03  9.96429e-01
 1.00056e+00  0.00000e+00  9.96410e-01
 1.00045e+00  1.00079e+00  9.96410e-01
 1.52295e+03  1.00033e+00  9.98082e-01
 0.00000e+00  1.52297e+03  9.96429e-01
 1.00046e+00  0.00000e+00  9.96410e-01
 1.00049e+00  1.00022e+00  9.96410e-01
 1.52301e+03  9.99247e-01  9.98050e-01
 0.00000e+00  1.52303e+03  9.96429e-01
 1.00049e+00  0.00000e+00  9.96410e-01
 9.99183e-01  9.99646e-01  9.96410e-01
 1.52308e+03  9.99259e-01  9.98020e-01
 0.00000e+00  1.52310e+03  9.96429e-01
 9.99606e-01  0.00000e+00  9.96410e-01
 9.98872e-01  9.99353e-01  9.96410e-01
 1.52314e+03  9.99617e-01  9.97990e-01
 0.00000e+00  1.52316e+03  9.96429e-01
 9.99415e-01  0.00000e+00  9.96410e-01
 9.99715e-01  9.99755e-01  9.96410e-01
 1.52320e+03  9.98815e-01  9.97961e-01
 0.00000e+00  1.52322e+03  9.96429e-01
 9.99790e-01  0.00000e+00  9.96410e-01
 1.00026e+00  1.00005e+00  9.96410e-01
 1.52326e+03  9.99650e-01  9.97933e-01
 0.00000e+00  1.52328e+03  9.96429e-01
 9.98896e-01  0.00000e+00  9.96410e-01
 9.99778e-01  9.99900e-01  9.96410e-01
 1.52333e+03  9.98537e-01  9.97905e-01
 0.00000e+00  1.52335e+03  9.96429e-01
 9.99682e-01  0.00000e+00  9.96410e-01
 1.00013e+00  1.00025e+00  9.96410e-01
 1.52339e+03  1.00001e+00  9.97879e-01
 0.00000e+00  1.52341e+03  9.96429e-01
 1.00022e+00  0.00000e+00  9.96410e-01
 1.00063e+00  9.99797e-01  9.96410e-01
 1.52345e+03  9.99888e-01  9.97853e-01
 0.00000e+00  1.52347e+03  9.96429e-01
 1.00005e+00  0.00000e+00  9.96410e-01
 9.99769e-01  9.99543e-01  9.96410e-01
 1.52351e+03  1.00007e+00  9.97827e-01
 0.00000e+00  1.52353e+03  9.96429e-01
 1.00044e+00  0.00000e+00  9.96410e-01
 1.00078e+00  1.00049e+00  9.96410e-01
 1.52358e+03  1.00086e+00  9.97802e-01
 0.00000e+00  1.52360e+03  9.96429e-01
 9.99915e-01  0.00000e+00  9.96410e-01
 1.00065e+00  1.00037e+00  9.96410e-01
 1.52364e+03  9.67107e-01  9.97778e-01
 1.28000e+02  1.52366e+03  9.96458e-01
 9.98958e-01  0.00000e+00  9.96410e-01
 9.99971e-01  9.99222e-01  9.96410e-01
 1.52370e+03  9.99052e-01  9.97754e-01
 0.00000e+00  1.52372e+03  9.96429e-01
 9.99502e-01  0.00000e+00  9.96410e-01
 9.99816e-01  9.98974e-01  9.96410e-01
 1.52376e+03  9.97646e-01  9.97731e-01
 0.00000e+00  1.52378e+03  9.96429e-01
 9.98772e-01  1.28000e+02  9.96410e-01
 9.99590e-01  9.98579e-01  9.96410e-01
 1.52383e+03  9.98947e-01  9.97708e-01
 0.00000e+00  1.52385e+03  9.96429e-01
 9.98446e-01  0.00000e+00  9.96410e-01
 9.98853e-01  9.98483e-01  9.96410e-01
 1.52389e+03  1.00004e+00  9.97686e-01
 0.00000e+00  1.52391e+03  9.96429e-01
 9.97799e-01  0.00000e+00  9.96410e-01
 9.97997e-01  9.96812e-01  9.96410e-01
 1.52395e+03  9.99256e-01  9.97665e-01
 0.00000e+00  1.52397e+03  9.96429e-01
 9.98429e-01  0.00000e+00  9.96410e-01
 9.99952e-01  9.98852e-01  9.96410e-01
 1.52401e+03  1.00052e+00  9.97644e-01
 0.00000e+00  1.52403e+03  9.96429e-01
 9.98215e-01  0.00000e+00  9.96410e-01
 1.00033e+00  9.98636e-01  9.96410e-01
 1.52408e+03  9.99966e-01  9.97623e-01
 0.00000e+00  1.52410e+03  9.96429e-01
 9.99943e-01  0.00000e+00  9.96410e-01
 1.00181e+00  1.00046e+00  9.96410e-01
 1.52414e+03  1.00195e+00  9.97603e-01
 0.00000e+00  1.52416e+03  9.96429e-01
 1.00079e+00  0.00000e+00  9.96410e-01
 1.00325e+00  1.00163e+00  9.96410e-01
 1.52420e+03  1.00364e+00  9.97584e-01
 0.00000e+00  1.52422e+03  9.96429e-01
 1.00256e+00  0.00000e+00  9.96410e-01
 1.00415e+00  1.00272e+00  9.96410e-01
 1.52426e+03  1.00495e+00  9.97565e-01
 0.00000e+00  1.52428e+03  9.96429e-01
 1.00309e+00  0.00000e+00  9.96410e-01
 1.00528e+00  1.00256e+00  9.96410e-01
 1.52433e+03  1.00347e+00  9.97546e-01
 0.00000e+00  1.52435e+03  9.96429e-01
 1.00139e+00  0.00000e+00  9.96410e-01
 1.00209e+00  1.00019e+00  9.96410e-01
 1.52439e+03  1.00167e+00  9.97527e-01
 0.00000e+00  1.52441e+03  9.96429e-01
 9.97935e-01  0.00000e+00  9.96410e-01
 1.00031e+00  9.97844e-01  9.96410e-01
 1.52445e+03  9.98698e-01  9.97510e-01
 0.00000e+00  1.52447e+03  9.96429e-01
 9.96200e-01  0.00000e+00  9.96410e-01
 9.97773e-01  9.95005e-01  9.96410e-01
 1.52451e+03  9.96639e-01  9.97492e-01
 0.00000e+00  1.52453e+03  9.96429e-01
 9.94205e-01  0.00000e+00  9.96410e-01
 9.95011e-01  9.93202e-01  9.96410e-01
 1.52458e+03  9.95606e-01  9.97475e-01
 0.00000e+00  1.52460e+03  9.96429e-01
 9.91968e-01  0.00000e+00  9.96410e-01
 9.95807e-01  9.92777e-01  9.96410e-01
 1.52464e+03  9.96017e-01  9.97458e-01
 0.00000e+00  1.52466e+03  9.96429e-01
 9.92469e-01  0.00000e+00  9.96410e-01
 9.95818e-01  9.92471e-01  9.96410e-01
 1.52470e+03  9.96172e-01  9.97442e-01
 0.00000e+00  1.52472e+03  9.96429e-01
 9.93075e-01  0.00000e+00  9.96410e-01
 9.95667e-01  9.92548e-01  9.96410e-01
 1.52476e+03  9.95773e-01  9.97426e-01
 0.00000e+00  1.52478e+03  9.96429e-01
 9.93520e-01  0.00000e+00  9.96410e-01
 9.95205e-01  9.92359e-01  9.96410e-01
 1.52483e+03  9.97118e-01  9.97410e-01
 0.00000e+00  1.52485e+03  9.96429e-01
 9.93825e-01  0.00000e+00  9.96410e-01
 9.97053e-01  9.93430e-01  9.96410e-01
 1.52489e+03  9.98111e-01  9.97395e-01
 0.00000e+00  1.52491e+03  9.96429e-01
 9.95082e-01  0.00000e+00  9.96410e-01
 9.98717e-01  9.95281e-01  9.96410e-01
 1.52495e+03  9.98191e-01  9.97380e-01
 0.00000e+00  1.52497e+03  9.96429e-01
 9.95272e-01  0.00000e+00  9.96410e-01
 9.98597e-01  9.95730e-01  9.96410e-01
 1.52501e+03  1.00000e+00  9.97365e-01
 0.00000e+00  1.52503e+03  9.96429e-01
 9.96045e-01  0.00000e+00  9.96410e-01
 1.00045e+00  9.96520e-01  9.96410e-01
 1.52508e+03  9.99906e-01  9.97351e-01
 0.00000e+00  1.52510e+03  9.96429e-01
 9.96947e-01  0.00000e+00  9.96410e-01
 1.00005e+00  9.96423e-01  9.96410e-01
 1.52514e+03  1.00125e+00  9.97337e-01
 0.00000e+00  1.52516e+03  9.96429e-01
 9.96706e-01  0.00000e+00  9.96410e-01
 1.00149e+00  9.97271e-01  9.96410e-01
 1.52520e+03  1.00117e+00  9.97323e-01
 0.00000e+00  1.52522e+03  9.96429e-01
 9.97588e-01  0.00000e+00  9.96410e-01
 1.00115e+00  9.97098e-01  9.96410e-01
 1.52526e+03  1.00134e+00  9.97310e-01
 0.00000e+00  1.52528e+03  9.96429e-01
 9.96564e-01  0.00000e+00  9.96410e-01
 1.00113e+00  9.97266e-01  9.96410e-01
 1.52533e+03  9.99929e-01  9.97296e-01
 0.00000e+00  1.52535e+03  9.96429e-01
 9.95642e-01  0.00000e+00  9.96410e-01
 1.00039e+00  9.96013e-01  9.96410e-01
 1.52539e+03  9.99470e-01  9.97283e-01
 0.00000e+00  1.52541e+03  9.96429e-01
 9.95884e-01  0.00000e+00  9.96410e-01
 9.99490e-01  9.95368e-01  9.96410e-01
 1.52545e+03  1.00023e+00  9.97271e-01
 0.00000e+00  1.52547e+03  9.96429e-01
 9.95638e-01  0.00000e+00  9.96410e-01
 1.00044e+00  9.95636e-01  9.96410e-01
 1.52551e+03  1.00042e+00  9.97258e-01
 0.00000e+00  1.52553e+03  9.96429e-01
 9.95848e-01  0.00000e+00  9.96410e-01
 9.99402e-01  9.94784e-01  9.96410e-01
 1.52558e+03  1.00010e+00  9.97246e-01
 0.00000e+00  1.52560e+03  9.96429e-01
 9.95429e-01  0.00000e+00  9.96410e-01
 9.99820e-01  9.94609e-01  9.96410e-01
 1.52564e+03  9.99567e-01  9.97234e-01
 0.00000e+00  1.52566e+03  9.96429e-01
 9.95405e-01  0.00000e+00  9.96410e-01
 9.99389e-01  9.94377e-01  9.96410e-01
 1.52570e+03  9.99827e-01  9.97223e-01
 0.00000e+00  1.52572e+03  9.96429e-01
 9.95218e-01  0.00000e+00  9.96410e-01
 1.00014e+00  9.94959e-01  9.96410e-01
 1.52576e+03  1.00111e+00  9.97211e-01
 1.28000e+02  1.52578e+03  9.96458e-01
 9.93794e-01  0.00000e+00  9.96410e-01
 9.99682e-01  9.93742e-01  9.96410e-01
 1.52583e+03  1.00026e+00  9.97200e-01
 0.00000e+00  1.52585e+03  9.96429e-01
 9.94799e-01  0.00000e+00  9.96410e-01
 9.99039e-01  9.93327e-01  9.96410e-01
 1.52589e+03  1.00082e+00  9.97189e-01
 0.00000e+00  1.52591e+03  9.96429e-01
 9.94491e-01  0.00000e+00  9.96410e-01
 9.99505e-01  9.93787e-01  9.96410e-01
 1.52595e+03  9.99390e-01  9.97178e-01
 0.00000e+00  1.52597e+03  9.96429e-01
 9.93331e-01  0.00000e+00  9.96410e-01
 9.99925e-01  9.93781e-01  9.96410e-01
 1.52601e+03  9.99657e-01  9.97167e-01
 0.00000e+00  1.52603e+03  9.96429e-01
 9.93714e-01  0.00000e+00  9.96410e-01
 9.99638e-01  9.93187e-01  9.96410e-01
 1.52608e+03  9.99374e-01  9.97157e-01
 0.00000e+00  1.52610e+03  9.96429e-01
 9.93155e-01  0.00000e+00  9.96410e-01
 9.98853e-01  9.93225e-01  9.96410e-01
 1.52614e+03  9.98883e-01  9.97147e-01
 0.00000e+00  1.52616e+03  9.96429e-01
 9.93527e-01  0.00000e+00  9.96410e-01
 9.99302e-01  9.93474e-01  9.96410e-01
 1.52620e+03  9.99681e-01  9.97137e-01
 0.00000e+00  1.52622e+03  9.96429e-01
 9.93918e-01  0.00000e+00  9.96410e-01
 9.99763e-01  9.93358e-01  9.96410e-01
 1.52626e+03  9.99122e-01  9.97127e-01
 0.00000e+00  1.52629e+03  9.96429e-01
 9.93476e-01  0.00000e+00  9.96410e-01
 1.00009e+00  9.93630e-01  9.96410e-01
 1.52633e+03  9.98871e-01  9.97117e-01
 0.00000e+00  1.52635e+03  9.96429e-01
 9.93309e-01  0.00000e+00  9.96410e-01
 1.00422e+00  9.93845e-01  9.96410e-01
 1.52639e+03  9.99664e-01  9.97108e-01
 0.00000e+00  1.52641e+03  9.96429e-01
 9.93621e-01  0.00000e+00  9.96410e-01
 9.99310e-01  9.92919e-01  9.96410e-01
 1.52645e+03  1.00047e+00  9.97099e-01
 0.00000e+00  1.52647e+03  9.96429e-01
 9.93736e-01  0.00000e+00  9.96410e-01
 1.00043e+00  9.93864e-01  9.96410e-01
 1.52651e+03  1.00000e+00  9.97090e-01
 0.00000e+00  1.52654e+03  9.96429e-01
 9.93372e-01  0.00000e+00  9.96410e-01
 1.00029e+00  9.93182e-01  9.96410e-01
 1.52658e+03  1.00109e+00  9.97081e-01
 0.00000e+00  1.52660e+03  9.96429e-01
 9.93813e-01  0.00000e+00  9.96410e-01
 1.00054e+00  9.93750e-01  9.96410e-01
 1.52664e+03  1.00010e+00  9.97072e-01
 0.00000e+00  1.52666e+03  9.96429e-01
 9.93739e-01  0.00000e+00  9.96410e-01
 1.00099e+00  9.94032e-01  9.96410e-01
 1.52670e+03  1.00149e+00  9.97063e-01
 0.00000e+00  1.52672e+03  9.96429e-01
 9.94293e-01  0.00000e+00  9.96410e-01
 1.00146e+00  9.93896e-01  9.96410e-01
 1.52676e+03  1.25104e+00  9.97055e-01
 1.28000e+02  1.52679e+03  9.96458e-01
 9.92812e-01  0.00000e+00  9.96410e-01
 1.00072e+00  9.93276e-01  9.96410e-01
 1.52683e+03  9.99816e-01  9.97047e-01
 0.00000e+00  1.52685e+03  9.96429e-01
 9.92380e-01  0.00000e+00  9.96410e-01
 1.00016e+00  9.92015e-01  9.96410e-01
 1.52689e+03  9.99702e-01  9.97039e-01
 0.00000e+00  1.52691e+03  9.96429e-01
 9.93515e-01  0.00000e+00  9.96410e-01
 1.00026e+00  9.92651e-01  9.96410e-01
 1.52695e+03  1.00107e+00  9.97031e-01
 0.00000e+00  1.52697e+03  9.96429e-01
 9.93280e-01  0.00000e+00  9.96410e-01
 1.00099e+00  9.92672e-01  9.96410e-01
 1.52701e+03  9.99986e-01  9.97023e-01
 0.00000e+00  1.52704e+03  9.96429e-01
 9.93039e-01  0.00000e+00  9.96410e-01
 1.00148e+00  9.93151e-01  9.96410e-01
 1.52708e+03  1.00060e+00  9.97015e-01
 0.00000e+00  1.52710e+03  9.96429e-01
 9.93892e-01  0.00000e+00  9.96410e-01
 1.00136e+00  9.93447e-01  9.96410e-01
 1.52714e+03  1.00315e+00  9.97008e-01
 0.00000e+00  1.52716e+03  9.96429e-01
 9.94867e-01  0.00000e+00  9.96410e-01
 1.00349e+00  9.94881e-01  9.96410e-01
 1.52720e+03  1.00369e+00  9.97000e-01
 0.00000e+00  1.52722e+03  9.96429e-01
 9.96065e-01  0.00000e+00  9.96410e-01
 1.00486e+00  9.96730e-01  9.96410e-01
 1.52726e+03  1.00590e+00  9.96993e-01
 0.00000e+00  1.52729e+03  9.96429e-01
 9.97242e-01  0.00000e+00  9.96410e-01
 1.00580e+00  9.96568e-01  9.96410e-01
 1.52733e+03  1.00578e+00  9.96986e-01
 0.00000e+00  1.52735e+03  9.96429e-01
 9.96754e-01  0.00000e+00  9.96410e-01
 1.00391e+00  9.95378e-01  9.96410e-01
 1.52739e+03  1.00445e+00  9.96979e-01
 0.00000e+00  1.52741e+03  9.96429e-01
 9.94228e-01  0.00000e+00  9.96410e-01
 1.00252e+00  9.93169e-01  9.96410e-01
 1.52745e+03  1.00131e+00  9.96972e-01
 0.00000e+00  1.52747e+03  9.96429e-01
 9.90548e-01  0.00000e+00  9.96410e-01
 9.99786e-01  9.90588e-01  9.96410e-01
 1.52751e+03  9.98402e-01  9.96965e-01
 0.00000e+00  1.52754e+03  9.96429e-01
 9.88795e-01  0.00000e+00  9.96410e-01
 9.96704e-01  9.87598e-01  9.96410e-01
 1.52758e+03  9.97208e-01  9.96958e-01
 0.00000e+00  1.52760e+03  9.96429e-01
 9.86828e-01  0.00000e+00  9.96410e-01
 9.96239e-01  9.87356e-01  9.96410e-01
 1.52764e+03  9.96103e-01  9.96952e-01
 0.00000e+00  1.52766e+03  9.96429e-01
 9.86545e-01  0.00000e+00  9.96410e-01
 9.95881e-01  9.86621e-01  9.96410e-01
 1.52770e+03  9.95900e-01  9.96945e-01
 0.00000e+00  1.52772e+03  9.96429e-01
 9.86636e-01  0.00000e+00  9.96410e-01
 9.96339e-01  9.87111e-01  9.96410e-01
 1.52776e+03  9.95832e-01  9.96939e-01
 0.00000e+00  1.52779e+03  9.96429e-01
 9.87125e-01  0.00000e+00  9.96410e-01
 9.96773e-01  9.87305e-01  9.96410e-01
 1.52783e+03  9.96916e-01  9.96932e-01
 0.00000e+00  1.52785e+03  9.96429e-01
 9.87532e-01  0.00000e+00  9.96410e-01
 9.97096e-01  9.87476e-01  9.96410e-01
 1.52789e+03  9.98134e-01  9.96926e-01
 0.00000e+00  1.52791e+03  9.96429e-01
 9.88958e-01  0.00000e+00  9.96410e-01
 9.98887e-01  9.88710e-01  9.96410e-01
 1.52795e+03  9.99005e-01  9.96920e-01
 0.00000e+00  1.52797e+03  9.96429e-01
 9.89050e-01  0.00000e+00  9.96410e-01
 9.99693e-01  9.89784e-01  9.96410e-01
 1.52801e+03  9.99319e-01  9.96914e-01
 0.00000e+00  1.52804e+03  9.96429e-01
 9.90333e-01  0.00000e+00  9.96410e-01
 1.00024e+00  9.90624e-01  9.96410e-01
 1.52808e+03  9.99775e-01  9.96909e-01
 0.00000e+00  1.52810e+03  9.96429e-01
 9.90874e-01  0.00000e+00  9.96410e-01
 9.99842e-01  9.89737e-01  9.96410e-01
 1.52814e+03  1.00110e+00  9.96903e-01
 0.00000e+00  1.52816e+03  9.96429e-01
 9.91168e-01  0.00000e+00  9.96410e-01
 1.00088e+00  9.90464e-01  9.96410e-01
 1.52820e+03  1.00122e+00  9.96897e-01
 0.00000e+00  1.52822e+03  9.96429e-01
 9.90869e-01  0.00000e+00  9.96410e-01
 1.00090e+00  9.90148e-01  9.96410e-01
 1.52826e+03  1.00171e+00  9.96892e-01
 0.00000e+00  1.52829e+03  9.96429e-01
 9.90882e-01  0.00000e+00  9.96410e-01
 1.00212e+00  9.91280e-01  9.96410e-01
 1.52833e+03  1.00090e+00  9.96886e-01
 0.00000e+00  1.52835e+03  9.96429e-01
 9.90500e-01  0.00000e+00  9.96410e-01
 1.00191e+00  9.90511e-01  9.96410e-01
 1.52839e+03  1.00127e+00  9.96881e-01
 0.00000e+00  1.52841e+03  9.96429e-01
 9.90398e-01  0.00000e+00  9.96410e-01
 1.00126e+00  9.90242e-01  9.96410e-01
 1.52845e+03  1.00118e+00  9.96875e-01
 0.00000e+00  1.52847e+03  9.96429e-01
 9.90235e-01  0.00000e+00  9.96410e-01
 1.00034e+00  9.89619e-01  9.96410e-01
 1.52851e+03  1.00073e+00  9.96870e-01
 0.00000e+00  1.52854e+03  9.96429e-01
 9.89901e-01  0.00000e+00  9.96410e-01
 1.00049e+00  9.89123e-01  9.96410e-01
 1.52858e+03  1.00027e+00  9.96865e-01
 0.00000e+00  1.52860e+03  9.96429e-01
 9.89381e-01  0.00000e+00  9.96410e-01
 1.00050e+00  9.88795e-01  9.96410e-01
 1.52864e+03  1.00127e+00  9.96860e-01
 0.00000e+00  1.52866e+03  9.96429e-01
 9.88846e-01  0.00000e+00  9.96410e-01
 1.00108e+00  9.89271e-01  9.96410e-01
 1.52870e+03  1.00094e+00  9.96855e-01
 0.00000e+00  1.52872e+03  9.96429e-01
 9.89465e-01  0.00000e+00  9.96410e-01
 1.00159e+00  9.88869e-01  9.96410e-01
 1.52876e+03  1.00047e+00  9.96850e-01
 0.00000e+00  1.52879e+03  9.96429e-01
 9.88803e-01  0.00000e+00  9.96410e-01
 1.00088e+00  9.88963e-01  9.96410e-01
 1.52883e+03  1.00023e+00  9.96845e-01
 0.00000e+00  1.52885e+03  9.96429e-01
 9.88394e-01  0.00000e+00  9.96410e-01
 1.00031e+00  9.88017e-01  9.96410e-01
 1.52889e+03  1.00019e+00  9.96841e-01
 0.00000e+00  1.52891e+03  9.96429e-01
 9.87709e-01  0.00000e+00  9.96410e-01
 9.99889e-01  9.87522e-01  9.96410e-01
 1.52895e+03  1.00001e+00  9.96836e-01
 0.00000e+00  1.52897e+03  9.96429e-01
 9.87341e-01  0.00000e+00  9.96410e-01
 9.99744e-01  9.87729e-01  9.96410e-01
 1.52901e+03  1.00028e+00  9.96831e-01
 0.00000e+00  1.52904e+03  9.96429e-01
 9.87298e-01  0.00000e+00  9.96410e-01
 9.99855e-01  9.87573e-01  9.96410e-01
 1.53029e+03  4.11139e-01  9.96752e-01
 1.28000e+02  1.53031e+03  9.96458e-01
 9.90403e-01  1.28000e+02  9.96410e-01
 4.80529e-01  9.91502e-01  9.96420e-01
 1.53035e+03  5.20579e-01  9.96749e-01
 1.28000e+02  1.53037e+03  9.96458e-01
 9.92411e-01  1.28000e+02  9.96410e-01
 6.03374e-01  9.91512e-01  9.96418e-01
 1.53041e+03  6.44888e-01  9.96745e-01
 1.28000e+02  1.53043e+03  9.96458e-01
 9.91083e-01  1.28000e+02  9.96410e-01
 7.22887e-01  9.99785e-01  9.96416e-01
 1.53047e+03  7.59765e-01  9.96742e-01
 1.28000e+02  1.53049e+03  9.96458e-01
 1.00909e+00  1.28000e+02  9.96410e-01
 8.10594e-01  1.00823e+00  9.96414e-01
 1.53054e+03  8.34720e-01  9.96739e-01
 1.28000e+02  1.53056e+03  9.96458e-01
 1.00646e+00  1.28000e+02  9.96410e-01
 8.78741e-01  1.00614e+00  9.96413e-01
 1.53060e+03  8.99276e-01  9.96736e-01
 1.28000e+02  1.53062e+03  9.96458e-01
 1.00535e+00  1.28000e+02  9.96410e-01
 9.34887e-01  1.00480e+00  9.96411e-01
 1.53066e+03  9.48976e-01  9.96733e-01
 1.28000e+02  1.53068e+03  9.96458e-01
 1.00429e+00  1.28000e+02  9.96410e-01
 9.74357e-01  1.00384e+00  9.96411e-01
 1.53072e+03  9.81519e-01  9.96730e-01
 1.28000e+02  1.53074e+03  9.96458e-01
 1.00327e+00  1.28000e+02  9.96410e-01
 1.00741e+00  1.00348e+00  9.96410e-01
 1.53079e+03  1.01867e+00  9.96727e-01
 1.28000e+02  1.53081e+03  9.96458e-01
 1.00387e+00  1.28000e+02  9.96410e-01
 1.03595e+00  1.00324e+00  9.96409e-01
 1.53085e+03  1.04466e+00  9.96724e-01
 1.28000e+02  1.53087e+03  9.96458e-01
 1.00392e+00  1.28000e+02  9.96410e-01
 1.05864e+00  1.00390e+00  9.96409e-01
 1.53091e+03  1.06415e+00  9.96721e-01
 1.28000e+02  1.53093e+03  9.96458e-01
 1.00388e+00  1.28000e+02  9.96410e-01
 1.07496e+00  1.00342e+00  9.96408e-01
 1.53097e+03  1.08053e+00  9.96718e-01
 1.28000e+02  1.53099e+03  9.96458e-01
 1.00297e+00  1.28000e+02  9.96410e-01
 1.08935e+00  1.00188e+00  9.96408e-01
 1.53104e+03  1.09613e+00  9.96715e-01
 1.28000e+02  1.53106e+03  9.96458e-01
 1.00308e+00  1.28000e+02  9.96410e-01
 1.10666e+00  1.00385e+00  9.96408e-01
 1.53110e+03  1.11086e+00  9.96712e-01
 1.28000e+02  1.53112e+03  9.96458e-01
 1.00436e+00  1.28000e+02  9.96410e-01
 1.11981e+00  1.00344e+00  9.96407e-01
 1.53116e+03  1.12543e+00  9.96709e-01
 1.28000e+02  1.53118e+03  9.96458e-01
 1.00371e+00  1.28000e+02  9.96410e-01
 1.12967e+00  1.00323e+00  9.96407e-01
 1.53122e+03  1.13143e+00  9.96707e-01
 1.28000e+02  1.53124e+03  9.96458e-01
 1.00188e+00  1.28000e+02  9.96410e-01
 1.13611e+00  1.00354e+00  9.96407e-01
 1.53129e+03  1.13837e+00  9.96704e-01
 1.28000e+02  1.53131e+03  9.96458e-01
 1.00179e+00  1.28000e+02  9.96410e-01
 1.14096e+00  1.00128e+00  9.96407e-01
 1.53135e+03  1.14355e+00  9.96701e-01
 1.28000e+02  1.53137e+03  9.96458e-01
 1.00173e+00  1.28000e+02  9.96410e-01
 1.14868e+00  1.00139e+00  9.96407e-01
 1.53141e+03  1.15139e+00  9.96699e-01
 1.28000e+02  1.53143e+03  9.96458e-01
 1.00072e+00  1.28000e+02  9.96410e-01
 1.15327e+00  1.00023e+00  9.96407e-01
 1.53147e+03  1.15350e+00  9.96696e-01
 1.28000e+02  1.53149e+03  9.96458e-01
 9.99514e-01  1.28000e+02  9.96410e-01
 1.15348e+00  9.98285e-01  9.96407e-01
 1.53154e+03  1.15493e+00  9.96694e-01
 1.28000e+02  1.53156e+03  9.96458e-01
 9.98124e-01  1.28000e+02  9.96410e-01
 1.15655e+00  9.97810e-01  9.96407e-01
 1.53160e+03  1.15634e+00  9.96691e-01
 1.28000e+02  1.53162e+03  9.96458e-01
 9.97202e-01  1.28000e+02  9.96410e-01
 1.15860e+00  9.97367e-01  9.96407e-01
 1.53166e+03  1.15905e+00  9.96689e-01
 1.28000e+02  1.53168e+03  9.96458e-01
 9.96890e-01  1.28000e+02  9.96410e-01
 1.16232e+00  9.97319e-01  9.96406e-01
 1.53172e+03  1.16019e+00  9.96686e-01
 1.28000e+02  1.53501e+03  9.96458e-01
 1.19346e+00  1.28000e+02  9.96406e-01
 8.64494e-01  1.19656e+00  9.96413e-01
 1.53506e+03  8.64780e-01  9.96593e-01
 0.00000e+00  1.53508e+03  9.96429e-01
 1.20347e+00  0.00000e+00  9.96406e-01
 8.69845e-01  1.20654e+00  9.96413e-01
 1.53512e+03  8.74441e-01  9.96592e-01
 0.00000e+00  1.53514e+03  9.96429e-01
 1.21097e+00  0.00000e+00  9.96405e-01
 8.86913e-01  1.21334e+00  9.96412e-01
 1.53518e+03  8.94243e-01  9.96590e-01
 0.00000e+00  1.53520e+03  9.96429e-01
 1.21596e+00  0.00000e+00  9.96405e-01
 9.07474e-01  1.21647e+00  9.96412e-01
 1.53524e+03  9.12820e-01  9.96589e-01
 0.00000e+00  1.53526e+03  9.96429e-01
 1.21390e+00  0.00000e+00  9.96405e-01
 9.26373e-01  1.21465e+00  9.96412e-01
 1.53531e+03  9.31162e-01  9.96588e-01
 0.00000e+00  1.53533e+03  9.96429e-01
 1.21025e+00  0.00000e+00  9.96405e-01
 9.40290e-01  1.20826e+00  9.96411e-01
 1.53537e+03  9.46804e-01  9.96587e-01
 0.00000e+00  1.53539e+03  9.96429e-01
 1.20073e+00  0.00000e+00  9.96406e-01
 9.55162e-01  1.19810e+00  9.96411e-01
 1.53543e+03  9.59160e-01  9.96586e-01
 0.00000e+00  1.53545e+03  9.96429e-01
 1.19108e+00  0.00000e+00  9.96406e-01
 9.65935e-01  1.18634e+00  9.96411e-01
 1.53549e+03  9.71352e-01  9.96585e-01
 0.00000e+00  1.53551e+03  9.96429e-01
 1.17905e+00  0.00000e+00  9.96406e-01
 9.77741e-01  1.17574e+00  9.96410e-01
 1.53556e+03  9.81554e-01  9.96584e-01
 0.00000e+00  1.53558e+03  9.96429e-01
 1.16788e+00  0.00000e+00  9.96406e-01
 9.85211e-01  1.16447e+00  9.96410e-01
 1.53562e+03  9.88226e-01  9.96582e-01
 0.00000e+00  1.53564e+03  9.96429e-01
 1.15672e+00  0.00000e+00  9.96407e-01
 9.89747e-01  1.15430e+00  9.96410e-01
 1.53568e+03  9.94775e-01  9.96581e-01
 0.00000e+00  1.53570e+03  9.96429e-01
 1.14654e+00  1.28000e+02  9.96407e-01
 9.95465e-01  1.14235e+00  9.96410e-01
 1.53574e+03  9.96665e-01  9.96580e-01
 0.00000e+00  1.53576e+03  9.96429e-01
 1.13512e+00  0.00000e+00  9.96407e-01
 9.98916e-01  1.13270e+00  9.96410e-01
 1.53581e+03  9.97911e-01  9.96579e-01
 0.00000e+00  1.53583e+03  9.96429e-01
 1.12607e+00  0.00000e+00  9.96407e-01
 9.98408e-01  1.12160e+00  9.96410e-01
 1.53587e+03  1.00111e+00  9.96578e-01
 0.00000e+00  1.53589e+03  9.96429e-01
 1.11526e+00  0.00000e+00  9.96407e-01
 9.98489e-01  1.11223e+00  9.96410e-01
 1.53593e+03  1.00099e+00  9.96577e-01
 0.00000e+00  1.53595e+03  9.96429e-01
 1.10613e+00  0.00000e+00  9.96408e-01
 1.00108e+00  1.10325e+00  9.96410e-01
 1.53599e+03  1.00085e+00  9.96576e-01
 0.00000e+00  1.53601e+03  9.96429e-01
 1.09642e+00  0.00000e+00  9.96408e-01
 1.00184e+00  1.09438e+00  9.96410e-01
 1.53606e+03  9.99382e-01  9.96575e-01
 0.00000e+00  1.53608e+03  9.96429e-01
 1.08929e+00  0.00000e+00  9.96408e-01
 1.00180e+00  1.08510e+00  9.96410e-01
 1.53612e+03  1.00180e+00  9.96574e-01
 0.00000e+00  1.53614e+03  9.96429e-01
 1.08293e+00  0.00000e+00  9.96408e-01
 1.00394e+00  1.08101e+00  9.96410e-01
 1.53618e+03  1.00500e+00  9.96573e-01
 0.00000e+00  1.53620e+03  9.96429e-01
 1.07758e+00  0.00000e+00  9.96408e-01
 1.00505e+00  1.07529e+00  9.96410e-01
 1.53624e+03  1.00553e+00  9.96572e-01
 0.00000e+00  1.53626e+03  9.96429e-01
 1.07117e+00  0.00000e+00  9.96408e-01
 1.00604e+00  1.07059e+00  9.96410e-01
 1.53631e+03  1.00619e+00  9.96571e-01
 0.00000e+00  1.53633e+03  9.96429e-01
 1.06706e+00  0.00000e+00  9.96409e-01
 1.00758e+00  1.06555e+00  9.96410e-01
 1.53637e+03  1.00596e+00  9.96570e-01
 0.00000e+00  1.53639e+03  9.96429e-01
 1.06246e+00  0.00000e+00  9.96409e-01
 1.00977e+00  1.06114e+00  9.96410e-01
 1.53643e+03  1.00802e+00  9.96569e-01
 0.00000e+00  1.53645e+03  9.96429e-01
 1.05642e+00  0.00000e+00  9.96409e-01
 1.00538e+00  1.05357e+00  9.96410e-01
 1.53649e+03  1.00439e+00  9.96568e-01
 0.00000e+00  1.53651e+03  9.96429e-01
 1.04916e+00  0.00000e+00  9.96409e-01
 1.00180e+00  1.04602e+00  9.96410e-01
 1.53656e+03  1.15038e+00  9.96567e-01
 1.28000e+02  1.53658e+03  9.96458e-01
 1.04130e+00  0.00000e+00  9.96409e-01
 9.98912e-01  1.03917e+00  9.96410e-01
 1.53662e+03  9.98416e-01  9.96566e-01
 0.00000e+00  1.53664e+03  9.96429e-01
 1.03463e+00  0.00000e+00  9.96409e-01
 9.99404e-01  1.03440e+00  9.96410e-01
 1.53668e+03  9.98280e-01  9.96565e-01
 0.00000e+00  1.53670e+03  9.96429e-01
 1.03249e+00  0.00000e+00  9.96409e-01
 9.97224e-01  1.03108e+00  9.96410e-01
 1.53674e+03  9.96475e-01  9.96565e-01
 0.00000e+00  1.53676e+03  9.96429e-01
 1.02934e+00  0.00000e+00  9.96409e-01
 9.97410e-01  1.02816e+00  9.96410e-01
 1.53681e+03  9.98756e-01  9.96564e-01
 0.00000e+00  1.53683e+03  9.96429e-01
 1.02665e+00  0.00000e+00  9.96409e-01
 9.97703e-01  1.02545e+00  9.96410e-01
 1.53687e+03  9.96842e-01  9.96563e-01
 0.00000e+00  1.53689e+03  9.96429e-01
 1.02465e+00  0.00000e+00  9.96409e-01
 9.98057e-01  1.02439e+00  9.96410e-01
 1.53693e+03  9.98474e-01  9.96562e-01
 0.00000e+00  1.53695e+03  9.96429e-01
 1.02302e+00  0.00000e+00  9.96410e-01
 9.98682e-01  1.02262e+00  9.96410e-01
 1.53699e+03  9.99014e-01  9.96561e-01
 0.00000e+00  1.53701e+03  9.96429e-01
 1.02163e+00  0.00000e+00  9.96410e-01
 9.98647e-01  1.02125e+00  9.96410e-01
 1.53706e+03  1.00115e+00  9.96560e-01
 0.00000e+00  1.53708e+03  9.96429e-01
 1.02059e+00  0.00000e+00  9.96410e-01
 9.98900e-01  1.02050e+00  9.96410e-01
 1.53712e+03  9.98414e-01  9.96559e-01
 0.00000e+00  1.53714e+03  9.96429e-01
 1.02046e+00  0.00000e+00  9.96410e-01
 1.00192e+00  1.01941e+00  9.96410e-01
 1.53718e+03  1.00275e+00  9.96559e-01
 0.00000e+00  1.53720e+03  9.96429e-01
 1.01848e+00  0.00000e+00  9.96410e-01
 1.00150e+00  1.01784e+00  9.96410e-01
 1.53724e+03  1.00314e+00  9.96558e-01
 0.00000e+00  1.53726e+03  9.96429e-01
 1.01785e+00  0.00000e+00  9.96410e-01
 1.00368e+00  1.01756e+00  9.96410e-01
 1.53731e+03  1.00068e+00  9.96557e-01
 0.00000e+00  1.53733e+03  9.96429e-01
 1.01523e+00  0.00000e+00  9.96410e-01
 1.00187e+00  1.01556e+00  9.96410e-01
 1.53737e+03  1.00069e+00  9.96556e-01
 0.00000e+00  1.53739e+03  9.96429e-01
 1.01472e+00  0.00000e+00  9.96410e-01
 1.00148e+00  1.01399e+00  9.96410e-01
 1.53743e+03  9.99947e-01  9.96555e-01
 0.00000e+00  1.53745e+03  9.96429e-01
 1.01209e+00  0.00000e+00  9.96410e-01
 1.00078e+00  1.01260e+00  9.96410e-01
 1.53749e+03  9.99781e-01  9.96555e-01
 0.00000e+00  1.53751e+03  9.96429e-01
 1.01166e+00  0.00000e+00  9.96410e-01
 1.00129e+00  1.01082e+00  9.96410e-01
 1.53756e+03  9.99538e-01  9.96554e-01
 0.00000e+00  1.53758e+03  9.96429e-01
 1.01033e+00  0.00000e+00  9.96410e-01
 1.00147e+00  1.01021e+00  9.96410e-01
 1.53762e+03  1.00038e+00  9.96553e-01
 0.00000e+00  1.53764e+03  9.96429e-01
 1.00902e+00  0.00000e+00  9.96410e-01
 1.00059e+00  1.00826e+00  9.96410e-01
 1.53768e+03  9.98217e-01  9.96552e-01
 0.00000e+00  1.53770e+03  9.96429e-01
 1.00672e+00  0.00000e+00  9.96410e-01
 9.99450e-01  1.00783e+00  9.96410e-01
 1.53774e+03  1.00017e+00  9.96552e-01
 0.00000e+00  1.53776e+03  9.96429e-01
 1.00650e+00  0.00000e+00  9.96410e-01
 9.99703e-01  1.00556e+00  9.96410e-01
 1.53781e+03  9.99973e-01  9.96551e-01
 0.00000e+00  1.53783e+03  9.96429e-01
 1.00523e+00  0.00000e+00  9.96410e-01
 9.99130e-01  1.00588e+00  9.96410e-01
 1.53787e+03  9.99900e-01  9.96550e-01
 0.00000e+00  1.53789e+03  9.96429e-01
 1.00389e+00  0.00000e+00  9.96410e-01
 1.00013e+00  1.00385e+00  9.96410e-01
 1.53793e+03  9.99509e-01  9.96549e-01
 0.00000e+00  1.53795e+03  9.96429e-01
 1.00285e+00  0.00000e+00  9.96410e-01
 9.98985e-01  1.00247e+00  9.96410e-01
 1.53799e+03  9.98601e-01  9.96549e-01
 0.00000e+00  1.53801e+03  9.96429e-01
 1.00201e+00  0.00000e+00  9.96410e-01
 1.00031e+00  1.00246e+00  9.96410e-01
 1.53806e+03  9.97080e-01  9.96548e-01
 0.00000e+00  1.53808e+03  9.96429e-01
 1.00148e+00  0.00000e+00  9.96410e-01
 9.98941e-01  1.00077e+00  9.96410e-01
 1.53812e+03  9.99670e-01  9.96547e-01
 0.00000e+00  1.53814e+03  9.96429e-01
 1.00000e+00  0.00000e+00  9.96410e-01
 9.98886e-01  1.00017e+00  9.96410e-01
 1.53818e+03  9.99301e-01  9.96547e-01
 0.00000e+00  1.53820e+03  9.96429e-01
 9.99131e-01  0.00000e+00  9.96410e-01
 1.00024e+00  1.00019e+00  9.96410e-01
 1.53824e+03  9.99161e-01  9.96546e-01
 0.00000e+00  1.53826e+03  9.96429e-01
 9.98812e-01  0.00000e+00  9.96410e-01
 9.99217e-01  9.99686e-01  9.96410e-01
 1.53831e+03  9.98134e-01  9.96545e-01
 0.00000e+00  1.53833e+03  9.96429e-01
 9.99169e-01  0.00000e+00  9.96410e-01
 9.99042e-01  9.98811e-01  9.96410e-01
 1.53837e+03  9.98518e-01  9.96545e-01
 0.00000e+00  1.53839e+03  9.96429e-01
 9.98876e-01  0.00000e+00  9.96410e-01
 9.99987e-01  9.97744e-01  9.96410e-01
 1.53843e+03  9.98764e-01  9.96544e-01
 0.00000e+00  1.53845e+03  9.96429e-01
 9.97988e-01  0.00000e+00  9.96410e-01
 9.99149e-01  9.97586e-01  9.96410e-01
 1.53849e+03  9.99671e-01  9.96543e-01
 0.00000e+00  1.53851e+03  9.96429e-01
 9.98689e-01  0.00000e+00  9.96410e-01
 9.99691e-01  9.97365e-01  9.96410e-01
 1.53856e+03  9.99773e-01  9.96543e-01
 0.00000e+00  1.53858e+03  9.96429e-01
 9.97231e-01  0.00000e+00  9.96410e-01
 9.99577e-01  9.97512e-01  9.96410e-01
 1.53862e+03  9.99936e-01  9.96542e-01
 0.00000e+00  1.53864e+03  9.96429e-01
 9.97419e-01  0.00000e+00  9.96410e-01
 9.98974e-01  9.96768e-01  9.96410e-01
 1.53868e+03  9.99069e-01  9.96541e-01
 0.00000e+00  1.53870e+03  9.96429e-01
 9.97625e-01  0.00000e+00  9.96410e-01
 9.99384e-01  9.97337e-01  9.96410e-01
 1.53874e+03  1.00065e+00  9.96541e-01
 0.00000e+00  1.53876e+03  9.96429e-01
 9.96882e-01  0.00000e+00  9.96410e-01
 1.00025e+00  9.97250e-01  9.96410e-01
 1.53881e+03  9.99630e-01  9.96540e-01
 0.00000e+00  1.53883e+03  9.96429e-01
 9.96573e-01  0.00000e+00  9.96410e-01
 1.00079e+00  9.97243e-01  9.96410e-01
 1.53887e+03  1.00111e+00  9.96540e-01
 0.00000e+00  1.53889e+03  9.96429e-01
 9.96094e-01  0.00000e+00  9.96410e-01
 1.00092e+00  9.96444e-01  9.96410e-01
 1.53893e+03  1.00175e+00  9.96539e-01
 0.00000e+00  1.53895e+03  9.96429e-01
 9.96122e-01  0.00000e+00  9.96410e-01
 1.00122e+00  9.96070e-01  9.96410e-01
 1.53899e+03  1.00234e+00  9.96538e-01
 0.00000e+00  1.53901e+03  9.96429e-01
 9.95036e-01  0.00000e+00  9.96410e-01
 1.00141e+00  9.95431e-01  9.96410e-01
 1.53906e+03  1.00135e+00  9.96538e-01
 0.00000e+00  1.53908e+03  9.96429e-01
 9.95728e-01  0.00000e+00  9.96410e-01
 9.99722e-01  9.94543e-01  9.96410e-01
 1.53912e+03  1.00149e+00  9.96537e-01
 0.00000e+00  1.53914e+03  9.96429e-01
 9.94831e-01  0.00000e+00  9.96410e-01
 1.01042e+00  9.95262e-01  9.96410e-01
 1.53918e+03  1.00177e+00  9.96537e-01
 0.00000e+00  1.53920e+03  9.96429e-01
 9.95734e-01  0.00000e+00  9.96410e-01
 1.00207e+00  9.95888e-01  9.96410e-01
 1.53924e+03  1.00123e+00  9.96536e-01
 0.00000e+00  1.53926e+03  9.96429e-01
 9.96869e-01  0.00000e+00  9.96410e-01
 1.00287e+00  9.96757e-01  9.96410e-01
 1.53931e+03  1.00299e+00  9.96536e-01
 0.00000e+00  1.53933e+03  9.96429e-01
 9.98097e-01  0.00000e+00  9.96410e-01
 1.00487e+00  9.98736e-01  9.96410e-01
 1.53937e+03  1.00540e+00  9.96535e-01
 0.00000e+00  1.53939e+03  9.96429e-01
 9.98156e-01  0.00000e+00  9.96410e-01
 1.00555e+00  9.98163e-01  9.96410e-01
 1.53943e+03  1.00455e+00  9.96534e-01
 0.00000e+00  1.53945e+03  9.96429e-01
 9.96795e-01  0.00000e+00  9.96410e-01
 1.00492e+00  9.96905e-01  9.96410e-01
 1.53949e+03  1.00247e+00  9.96534e-01
 0.00000e+00  1.53951e+03  9.96429e-01
 9.94412e-01  0.00000e+00  9.96410e-01
 1.00228e+00  9.95017e-01  9.96410e-01
 1.53956e+03  9.99721e-01  9.96533e-01
 0.00000e+00  1.53958e+03  9.96429e-01
 9.92068e-01  0.00000e+00  9.96410e-01
 9.98351e-01  9.90511e-01  9.96410e-01
 1.53962e+03  9.97228e-01  9.96533e-01
 0.00000e+00  1.53964e+03  9.96429e-01
 9.89076e-01  1.28000e+02  9.96410e-01
 9.98034e-01  9.89144e-01  9.96410e-01
 1.53968e+03  8.87249e-01  9.96532e-01
 1.28000e+02  1.53970e+03  9.96458e-01
 9.87907e-01  0.00000e+00  9.96410e-01
 9.97574e-01  9.86981e-01  9.96410e-01
 1.53974e+03  9.95220e-01  9.96532e-01
 0.00000e+00  1.53976e+03  9.96429e-01
 9.86459e-01  0.00000e+00  9.96410e-01
 9.95087e-01  9.86155e-01  9.96410e-01
 1.53981e+03  9.95143e-01  9.96531e-01
 0.00000e+00  1.53983e+03  9.96429e-01
 9.85441e-01  0.00000e+00  9.96410e-01
 9.95698e-01  9.87120e-01  9.96410e-01
 1.53987e+03  9.95226e-01  9.96531e-01
 0.00000e+00  1.53989e+03  9.96429e-01
 9.86594e-01  0.00000e+00  9.96410e-01
 9.97008e-01  9.87271e-01  9.96410e-01
 1.53993e+03  9.97411e-01  9.96530e-01
 0.00000e+00  1.53995e+03  9.96429e-01
 9.88195e-01  0.00000e+00  9.96410e-01
 9.97721e-01  9.88165e-01  9.96410e-01
 1.53999e+03  9.97320e-01  9.96530e-01
 0.00000e+00  1.54001e+03  9.96429e-01
 9.87325e-01  0.00000e+00  9.96410e-01
 9.96679e-01  9.87388e-01  9.96410e-01
 1.54006e+03  9.97779e-01  9.96529e-01
 0.00000e+00  1.54008e+03  9.96429e-01
 9.89171e-01  0.00000e+00  9.96410e-01
 9.98956e-01  9.88981e-01  9.96410e-01
 1.54012e+03  9.98202e-01  9.96529e-01
 0.00000e+00  1.54014e+03  9.96429e-01
 9.90125e-01  0.00000e+00  9.96410e-01
 9.96149e-01  9.90452e-01  9.96410e-01
 1.54018e+03  9.99267e-01  9.96528e-01
 0.00000e+00  1.54020e+03  9.96429e-01
 9.91074e-01  0.00000e+00  9.96410e-01
 1.00002e+00  9.91383e-01  9.96410e-01
 1.54024e+03  1.00052e+00  9.96528e-01
 0.00000e+00  1.54026e+03  9.96429e-01
 9.91288e-01  0.00000e+00  9.96410e-01
 1.00204e+00  9.91886e-01  9.96410e-01
 1.54031e+03  1.00206e+00  9.96527e-01
 0.00000e+00  1.54033e+03  9.96429e-01
 9.92707e-01  0.00000e+00  9.96410e-01
 1.00254e+00  9.91697e-01  9.96410e-01
 1.54037e+03  1.00090e+00  9.96527e-01
 0.00000e+00  1.54039e+03  9.96429e-01
 9.91014e-01  0.00000e+00  9.96410e-01
 1.00082e+00  9.91454e-01  9.96410e-01
 1.54043e+03  1.00036e+00  9.96527e-01
 0.00000e+00  1.54045e+03  9.96429e-01
 9.92131e-01  0.00000e+00  9.96410e-01
 1.00236e+00  9.90994e-01  9.96410e-01
 1.54049e+03  9.99981e-01  9.96526e-01
 0.00000e+00  1.54051e+03  9.96429e-01
 9.90519e-01  0.00000e+00  9.96410e-01
 1.00032e+00  9.90570e-01  9.96410e-01
 1.54056e+03  1.00000e+00  9.96526e-01
 0.00000e+00  1.54058e+03  9.96429e-01
 9.90128e-01  0.00000e+00  9.96410e-01
 1.00025e+00  9.90189e-01  9.96410e-01
 1.54062e+03  9.99960e-01  9.96525e-01
 0.00000e+00  1.54064e+03  9.96429e-01
 9.90060e-01  1.28000e+02  9.96410e-01
 9.99408e-01  9.89351e-01  9.96410e-01
 1.54068e+03  1.00090e+00  9.96525e-01
 0.00000e+00  1.54070e+03  9.96429e-01
 9.88888e-01  0.00000e+00  9.96410e-01
 1.00153e+00  9.90144e-01  9.96410e-01
 1.54074e+03  9.99385e-01  9.96524e-01
 0.00000e+00  1.54076e+03  9.96429e-01
 9.88816e-01  0.00000e+00  9.96410e-01
 1.00023e+00  9.89425e-01  9.96410e-01
 1.54081e+03  1.00151e+00  9.96524e-01
 0.00000e+00  1.54083e+03  9.96429e-01
 9.88838e-01  0.00000e+00  9.96410e-01
 1.00097e+00  9.89170e-01  9.96410e-01
 1.54087e+03  9.99629e-01  9.96524e-01
 0.00000e+00  1.54089e+03  9.96429e-01
 9.88343e-01  0.00000e+00  9.96410e-01
 1.00005e+00  9.88190e-01  9.96410e-01
 1.54093e+03  1.00005e+00  9.96523e-01
 0.00000e+00  1.54095e+03  9.96429e-01
 9.87842e-01  0.00000e+00  9.96410e-01
 9.99013e-01  9.87952e-01  9.96410e-01
 1.54099e+03  1.00041e+00  9.96523e-01
 0.00000e+00  1.54101e+03  9.96429e-01
 9.88193e-01  0.00000e+00  9.96410e-01
 9.99697e-01  9.86918e-01  9.96410e-01
 1.54106e+03  1.00074e+00  9.96522e-01
 0.00000e+00  1.54108e+03  9.96429e-01
 9.87007e-01  0.00000e+00  9.96410e-01
 9.98102e-01  9.86833e-01  9.96410e-01
 1.54112e+03  9.99796e-01  9.96522e-01
 0.00000e+00  1.54114e+03  9.96429e-01
 9.86614e-01  0.00000e+00  9.96410e-01
 9.99695e-01  9.86272e-01  9.96410e-01
 1.54118e+03  1.00029e+00  9.96522e-01
 0.00000e+00  1.54120e+03  9.96429e-01
 9.86563e-01  0.00000e+00  9.96410e-01
 1.00011e+00  9.87010e-01  9.96410e-01
 1.54124e+03  1.00047e+00  9.96521e-01
 0.00000e+00  1.54126e+03  9.96429e-01
 9.86819e-01  0.00000e+00  9.96410e-01
 1.00064e+00  9.86320e-01  9.96410e-01
 1.54131e+03  1.00000e+00  9.96521e-01
 0.00000e+00  1.54133e+03  9.96429e-01
 9.86299e-01  0.00000e+00  9.96410e-01
 1.00027e+00  9.86826e-01  9.96410e-01
 1.54137e+03  9.99802e-01  9.96520e-01
 0.00000e+00  1.54139e+03  9.96429e-01
 9.86219e-01  0.00000e+00  9.96410e-01
 1.00022e+00  9.85789e-01  9.96410e-01
 1.54143e+03  9.99242e-01  9.96520e-01
 0.00000e+00  1.54145e+03  9.96429e-01
 9.85752e-01  0.00000e+00  9.96410e-01
 1.00080e+00  9.86541e-01  9.96410e-01
 1.54149e+03  9.99537e-01  9.96520e-01
 0.00000e+00  1.54151e+03  9.96429e-01
 9.85308e-01  0.00000e+00  9.96410e-01
 1.00022e+00  9.85851e-01  9.96410e-01
 1.54156e+03  9.98577e-01  9.96519e-01
 0.00000e+00  1.54158e+03  9.96429e-01
 9.85898e-01  0.00000e+00  9.96410e-01
 9.98497e-01  9.85283e-01  9.96410e-01
 1.54162e+03  1.00034e+00  9.96519e-01
 0.00000e+00  1.54164e+03  9.96429e-01
 9.85600e-01  0.00000e+00  9.96410e-01
 9.98605e-01  9.85782e-01  9.96410e-01
 1.54168e+03  9.99617e-01  9.96519e-01
 0.00000e+00  1.54170e+03  9.96429e-01
 9.85271e-01  0.00000e+00  9.96410e-01
 1.00038e+00  9.86126e-01  9.96410e-01
 1.54174e+03  9.99609e-01  9.96518e-01
 0.00000e+00  1.54176e+03  9.96429e-01
 9.86093e-01  0.00000e+00  9.96410e-01
 1.00050e+00  9.86059e-01  9.96410e-01
 1.54181e+03  1.00103e+00  9.96518e-01
 0.00000e+00  1.54183e+03  9.96429e-01
 9.85545e-01  0.00000e+00  9.96410e-01
 1.00185e+00  9.86474e-01  9.96410e-01
 1.54187e+03  9.99946e-01  9.96518e-01
 0.00000e+00  1.54189e+03  9.96429e-01
 9.86798e-01  0.00000e+00  9.96410e-01
 9.99249e-01  9.86351e-01  9.96410e-01
 1.54193e+03  1.00135e+00  9.96517e-01
 0.00000e+00  1.54195e+03  9.96429e-01
 9.86646e-01  0.00000e+00  9.96410e-01
 1.00019e+00  9.86706e-01  9.96410e-01
 1.54199e+03  1.00028e+00  9.96517e-01
 0.00000e+00  1.00028e+00  9.96429e-01
 0.00000e+00  1.00028e+00  9.96429e-01
 0.00000e+00  1.00028e+00  9.96429e-01
 0.00000e+00  1.00028e+00  9.96429e-01
 0.00000e+00  1.00028e+00  9.96429e-01
 0.00000e+00  1.00028e+00  9.96429e-01
 0.00000e+00  1.00028e+00  9.96429e-01
 0.00000e+00  1.00028e+00  9.96429e-01
 0.00000e+00  1.00028e+00  9.96429e-01
 0.00000e+00  1.00028e+00  9.96429e-01
 0.00000e+00  1.00028e+00  9.96429e-01
 0.00000e+00  1.00028e+00  9.96429e-01
 0.00000e+00  1.00028e+00  9.96429e-01
 0.00000e+00  1.00028e+00  9.96429e-01
 0.00000e+00  1.00028e+00  9.96429e-01
 0.00000e+00  1.00028e+00  9.96429e-01
 0.00000e+00  1.00028e+00  9.96429e-01
 0.00000e+00  1.00028e+00  9.96429e-01
 0.00000e+00  1.00028e+00  9.96429e-01
 0.00000e+00  1.00028e+00  9.96429e-01
 0.00000e+00  1.00028e+00  9.96429e-01
 0.00000e+00  1.00028e+00  9.96429e-01
 0.00000e+00  1.00028e+00  9.96429e-01
 0.00000e+00  1.00028e+00  9.96429e-01
 0.00000e+00  1.00028e+00  9.96429e-01
 0.00000e+00  1.00028e+00  9.96429e-01
 0.00000e+00  1.00028e+00  9.96429e-01
 0.00000e+00  1.00028e+00  9.96429e-01
 0.00000e+00  1.00028e+00  9.96429e-01
 0.00000e+00  1.00028e+00  9.96429e-01
 0.00000e+00  1.00028e+00  9.96429e-01
 0.00000e+00  1.00028e+00  9.96429e-01
 0.00000e+00  1.00028e+00  9.96429e-01
 0.00000e+00  1.00028e+00  9.96429e-01
 0.00000e+00  1.00028e+00  9.96429e-01
 0.00000e+00  1.00028e+00  9.96429e-01
 0.00000e+00  1.00028e+00  9.96429e-01
 0.00000e+00  1.00028e+00  9.96429e-01
 0.00000e+00  1.00028e+00  9.96429e-01
 0.00000e+00  1.00028e+00  9.96429e-01
 0.00000e+00  1.00028e+00  9.96429e-01
 0.00000e+00  1.00028e+00  9.96429e-01
 0.00000e+00  1.00028e+00  9.96429e-01
 0.00000e+00  1.00028e+00  9.96429e-01
 0.00000e+00  1.00028e+00  9.96429e-01
 0.00000e+00  1.00028e+00  9.96429e-01
 0.00000e+00  1.00028e+00  9.96429e-01
 0.00000e+00  1.00028e+00  9.96429e-01
 0.00000e+00  1.00028e+00  9.96429e-01
 0.00000e+00  1.00028e+00  9.96429e-01
 0.00000e+00  1.00028e+00  9.96429e-01
 0.00000e+00  1.00028e+00  9.96429e-01
 0.00000e+00  1.00028e+00  9.96429e-01
 0.00000e+00  1.00028e+00  9.96429e-01
 0.00000e+00  1.00028e+00  9.96429e-01
 0.00000e+00  1.00028e+00  9.96429e-01
 0.00000e+00  1.00028e+00  9.96429e-01
 0.00000e+00  1.00028e+00  9.96429e-01
 0.00000e+00  1.00028e+00  9.96429e-01
 0.00000e+00  1.00028e+00  9.96429e-01
 0.00000e+00  1.00028e+00  9.96429e-01
 0.00000e+00  1.00028e+00  9.96429e-01
 0.00000e+00  1.00028e+00  9.96429e-01
 0.00000e+00  1.00028e+00  9.96429e-01
 0.00000e+00  1.00028e+00  9.96429e-01
 0.00000e+00  1.00028e+00  9.96429e-01
 0.00000e+00  1.00028e+00  9.96429e-01
 0.00000e+00  1.00028e+00  9.96429e-01
 0.00000e+00  1.00028e+00  9.96429e-01
 0.00000e+00  1.00028e+00  9.96429e-01
 0.00000e+00  1.00028e+00  9.96429e-01
 0.00000e+00  1.00028e+00  9.96429e-01
 0.00000e+00  1.00028e+00  9.96429e-01
 0.00000e+00  1.00028e+00  9.96429e-01
 0.00000e+00  1.00028e+00  9.96429e-01
 0.00000e+00  1.00028e+00  9.96429e-01
 0.00000e+00  1.00028e+00  9.96429e-01
 0.00000e+00  1.00028e+00  9.96429e-01
 0.00000e+00  1.00028e+00  9.96429e-01
 0.00000e+00  1.00028e+00  9.96429e-01
 0.00000e+00  1.00028e+00  9.96429e-01
 0.00000e+00  1.00028e+00  9.96429e-01
 0.00000e+00  1.00028e+00  9.96429e-01
 0.00000e+00  1.00028e+00  9.96429e-01
 0.00000e+00  1.00028e+00  9.96429e-01
 0.00000e+00  1.00028e+00  9.96429e-01
 0.00000e+00  1.00028e+00  9.96429e-01
 0.00000e+00  1.00028e+00  9.96429e-01
 0.00000e+00  1.00028e+00  9.96429e-01
 0.00000e+00  1.00028e+00  9.96429e-01
 0.00000e+00  1.00028e+00  9.96429e-01
 0.00000e+00  1.00028e+00  9.96429e-01
 0.00000e+00  1.00028e+00  9.96429e-01
 0.00000e+00  1.00028e+00  9.96429e-01
 0.00000e+00  1.00028e+00  9.96429e-01
 0.00000e+00  1.00028e+00  9.96429e-01
 0.00000e+00  1.00028e+00  9.96429e-01
 0.00000e+00  1.00028e+00  9.96429e-01
 0.00000e+00  1.00028e+00  9.96429e-01
 0.00000e+00  1.00028e+00  9.96429e-01
 0.00000e+00  1.00028e+00  9.96429e-01
 0.00000e+00  1.00028e+00  9.96429e-01
 0.00000e+00  1.00028e+00  9.96429e-01
 0.00000e+00  1.00028e+00  9.96429e-01
 0.00000e+00  1.00028e+00  9.96429e-01
 0.00000e+00  1.00028e+00  9.96429e-01
 0.00000e+00  1.00028e+00  9.96429e-01
 0.00000e+00  1.00028e+00  9.96429e-01
 0.00000e+00  1.00028e+00  9.96429e-01
 0.00000e+00  1.00028e+00  9.96429e-01
 0.00000e+00  1.00028e+00  9.96429e-01
 0.00000e+00  1.00028e+00  9.96429e-01
 0.00000e+00  1.00028e+00  9.96429e-01
 0.00000e+00  1.00028e+00  9.96429e-01
 0.00000e+00  1.00028e+00  9.96429e-01
 0.00000e+00  1.00028e+00  9.96429e-01
 0.00000e+00  1.00028e+00  9.96429e-01
 0.00000e+00  1.00028e+00  9.96429e-01
 0.00000e+00  1.00028e+00  9.96429e-01
 0.00000e+00  1.00028e+00  9.96429e-01
 0.00000e+00  1.00028e+00  9.96429e-01
 0.00000e+00  1.00028e+00  9.96429e-01
 0.00000e+00  1.00028e+00  9.96429e-01
 0.00000e+00  1.00028e+00  9.96429e-01
 0.00000e+00  1.00028e+00  9.96429e-01
 0.00000e+00  1.00028e+00  9.96429e-01
 0.00000e+00  1.00028e+00  9.96429e-01
 0.00000e+00  1.00028e+00  9.96429e-01
 0.00000e+00  1.00028e+00  9.96429e-01
 0.00000e+00  1.00028e+00  9.96429e-01
 0.00000e+00  1.00028e+00  9.96429e-01
 0.00000e+00  1.00028e+00  9.96429e-01
 0.00000e+00  1.00028e+00  9.96429e-01
 0.00000e+00  1.00028e+00  9.96429e-01
 0.00000e+00  1.00028e+00  9.96429e-01
 0.00000e+00  1.00028e+00  9.96429e-01
 0.00000e+00  1.00028e+00  9.96429e-01
 0.00000e+00  1.00028e+00  9.96429e-01
 0.00000e+00  1.00028e+00  9.96429e-01
 0.00000e+00  1.00028e+00  9.96429e-01
 0.00000e+00  1.00028e+00  9.96429e-01
 0.00000e+00  1.00028e+00  9.96429e-01
 0.00000e+00  1.00028e+00  9.96429e-01
 0.00000e+00  1.00028e+00  9.96429e-01
 0.00000e+00  1.00028e+00  9.96429e-01
 0.00000e+00  1.00028e+00  9.96429e-01
 0.00000e+00  1.00028e+00  9.96429e-01
 0.00000e+00  1.00028e+00  9.96429e-01
 0.00000e+00  1.00028e+00  9.96429e-01
 0.00000e+00  1.00028e+00  9.96429e-01
 0.00000e+00  1.00028e+00  9.96429e-01
 0.00000e+00  1.00028e+00  9.96429e-01
 0.00000e+00  1.00028e+00  9.96429e-01
 0.00000e+00  1.00028e+00  9.96429e-01
 0.00000e+00  1.00028e+00  9.96429e-01
 0.00000e+00  1.00028e+00  9.96429e-01
 0.00000e+00  1.00028e+00  9.96429e-01
 0.00000e+00  1.00028e+00  9.96429e-01
 0.00000e+00  1.00028e+00  9.96429e-01
 0.00000e+00  1.00028e+00  9.96429e-01
 0.00000e+00  1.00028e+00  9.96429e-01
 0.00000e+00  1.00028e+00  9.96429e-01
 0.00000e+00  1.00028e+00  9.96429e-01
 0.00000e+00  1.00028e+00  9.96429e-01
 0.00000e+00  1.00028e+00  9.96429e-01
 0.00000e+00  1.00028e+00  9.96429e-01
 0.00000e+00  1.00028e+00  9.96429e-01
 0.00000e+00  1.00028e+00  9.96429e-01
 0.00000e+00  1.00028e+00  9.96429e-01
 0.00000e+00  1.00028e+00  9.96429e-01
 0.00000e+00  1.00028e+00  9.96429e-01
 0.00000e+00  1.00028e+00  9.96429e-01
 0.00000e+00  1.00028e+00  9.96429e-01
 0.00000e+00  1.00028e+00  9.96429e-01
 0.00000e+00  1.00028e+00  9.96429e-01
 0.00000e+00  1.00028e+00  9.96429e-01
 0.00000e+00  1.00028e+00  9.96429e-01
 0.00000e+00  1.00028e+00  9.96429e-01
 0.00000e+00  1.00028e+00  9.96429e-01
 0.00000e+00  1.00028e+00  9.96429e-01
 0.00000e+00  1.00028e+00  9.96429e-01
 0.00000e+00  1.00028e+00  9.96429e-01
 0.00000e+00  1.00028e+00  9.96429e-01
 0.00000e+00  1.00028e+00  9.96429e-01
 0.00000e+00  1.00028e+00  9.96429e-01
 0.00000e+00  1.00028e+00  9.96429e-01
 0.00000e+00  1.00028e+00  9.96429e-01
 0.00000e+00  1.00028e+00  9.96429e-01
 0.00000e+00  1.00028e+00  9.96429e-01
 0.00000e+00  1.00028e+00  9.96429e-01
 0.00000e+00  1.00028e+00  9.96429e-01
 0.00000e+00  1.00028e+00  9.96429e-01
 0.00000e+00  1.00028e+00  9.96429e-01
 0.00000e+00  1.00028e+00  9.96429e-01
 0.00000e+00  1.00028e+00  9.96429e-01
 0.00000e+00  1.00028e+00  9.96429e-01
 0.00000e+00  1.00028e+00  9.96429e-01
 0.00000e+00  1.00028e+00  9.96429e-01
 0.00000e+00  1.00028e+00  9.96429e-01
 0.00000e+00  1.00028e+00  9.96429e-01
 0.00000e+00  1.00028e+00  9.96429e-01
 0.00000e+00  1.00028e+00  9.96429e-01
 0.00000e+00  1.00028e+00  9.96429e-01
 0.00000e+00  1.00028e+00  9.96429e-01
 0.00000e+00  1.00028e+00  9.96429e-01
 0.00000e+00  1.00028e+00  9.96429e-01
 0.00000e+00  1.00028e+00  9.96429e-01
 0.00000e+00  1.00028e+00  9.96429e-01
 0.00000e+00  1.00028e+00  9.96429e-01
 0.00000e+00  1.00028e+00  9.96429e-01
 0.00000e+00  1.00028e+00  9.96429e-01
 0.00000e+00  1.00028e+00  9.96429e-01
 0.00000e+00  1.00028e+00  9.96429e-01
 0.00000e+00  1.00028e+00  9.96429e-01
 0.00000e+00  1.00028e+00  9.96429e-01
 0.00000e+00  1.00028e+00  9.96429e-01
 0.00000e+00  1.00028e+00  9.96429e-01
 0.00000e+00  1.00028e+00  9.96429e-01
 0.00000e+00  1.00028e+00  9.96429e-01
 0.00000e+00  1.00028e+00  9.96429e-01
 0.00000e+00  1.00028e+00  9.96429e-01
 0.00000e+00  1.00028e+00  9.96429e-01
 0.00000e+00  1.00028e+00  9.96429e-01
 0.00000e+00  1.00028e+00  9.96429e-01
 0.00000e+00  1.00028e+00  9.96429e-01
 0.00000e+00  1.00028e+00  9.96429e-01
 0.00000e+00  1.00028e+00  9.96429e-01
 0.00000e+00  1.00028e+00  9.96429e-01
 0.00000e+00  1.00028e+00  9.96429e-01
 0.00000e+00  1.00028e+00  9.96429e-01
 0.00000e+00  1.00028e+00  9.96429e-01
 0.00000e+00  1.00028e+00  9.96429e-01
 0.00000e+00  1.00028e+00  9.96429e-01
 0.00000e+00  1.00028e+00  9.96429e-01
 0.00000e+00  1.00028e+00  9.96429e-01
 0.00000e+00  1.00028e+00  9.96429e-01
 0.00000e+00  1.00028e+00  9.96429e-01
 0.00000e+00  1.00028e+00  9.96429e-01
 0.00000e+00  1.00028e+00  9.96429e-01
 0.00000e+00  1.00028e+00  9.96429e-01
 0.00000e+00  1.00028e+00  9.96429e-01
 0.00000e+00  1.00028e+00  9.96429e-01
 0.00000e+00  1.00028e+00  9.96429e-01
 0.00000e+00  1.00028e+00  9.96429e-01
 0.00000e+00  1.00028e+00  9.96429e-01
 0.00000e+00  1.00028e+00  9.96429e-01
 0.00000e+00  1.00028e+00  9.96429e-01
 0.00000e+00  1.00028e+00  9.96429e-01
 0.00000e+00  1.00028e+00  9.96429e-01
 0.00000e+00  1.00028e+00  9.96429e-01
 0.00000e+00  1.00028e+00  9.96429e-01
 0.00000e+00  1.00028e+00  9.96429e-01
 0.00000e+00  1.00028e+00  9.96429e-01
 0.00000e+00  1.00028e+00  9.96429e-01
 0.00000e+00  1.00028e+00  9.96429e-01
 0.00000e+00  1.00028e+00  9.96429e-01
 0.00000e+00  1.00028e+00  9.96429e-01
 0.00000e+00  1.00028e+00  9.96429e-01
 0.00000e+00  1.00028e+00  9.96429e-01
 0.00000e+00  1.00028e+00  9.96429e-01
 0.00000e+00  1.00028e+00  9.96429e-01
 0.00000e+00  1.00028e+00  9.96429e-01
 0.00000e+00  1.00028e+00  9.96429e-01
 0.00000e+00  1.00028e+00  9.96429e-01
 0.00000e+00  1.00028e+00  9.96429e-01
 0.00000e+00  1.00028e+00  9.96429e-01
 0.00000e+00  1.00028e+00  9.96429e-01
 0.00000e+00  1.00028e+00  9.96429e-01
 0.00000e+00  1.00028e+00  9.96429e-01
 0.00000e+00  1.00028e+00  9.96429e-01
 0.00000e+00  1.00028e+00  9.96429e-01
 0.00000e+00  1.00028e+00  9.96429e-01
 0.00000e+00  1.00028e+00  9.96429e-01
 0.00000e+00  1.00028e+00  9.96429e-01
 0.00000e+00  1.00028e+00  9.96429e-01
 0.00000e+00  1.00028e+00  9.96429e-01
 0.00000e+00  1.00028e+00  9.96429e-01
 0.00000e+00  1.00028e+00  9.96429e-01
 0.00000e+00  1.00028e+00  9.96429e-01
 0.00000e+00  1.00028e+00  9.96429e-01
 0.00000e+00  1.00028e+00  9.96429e-01
 0.00000e+00  1.00028e+00  9.96429e-01
 0.00000e+00  1.00028e+00  9.96429e-01
 0.00000e+00  1.00028e+00  9.96429e-01
 0.00000e+00  1.00028e+00  9.96429e-01
 0.00000e+00  1.00028e+00  9.96429e-01
 0.00000e+00  1.00028e+00  9.96429e-01
 0.00000e+00  1.00028e+00  9.96429e-01
 0.00000e+00  1.00028e+00  9.96429e-01
 0.00000e+00  1.00028e+00  9.96429e-01
 0.00000e+00  1.00028e+00  9.96429e-01
 0.00000e+00  1.00028e+00  9.96429e-01
 0.00000e+00  1.00028e+00  9.96429e-01
 0.00000e+00  1.00028e+00  9.96429e-01
 0.00000e+00  1.00028e+00  9.96429e-01
 0.00000e+00  1.00028e+00  9.96429e-01
 0.00000e+00  1.00028e+00  9.96429e-01
 0.00000e+00  1.00028e+00  9.96429e-01
 0.00000e+00  1.00028e+00  9.96429e-01
 0.00000e+00  1.00028e+00  9.96429e-01
 0.00000e+00  1.00028e+00  9.96429e-01
 0.00000e+00  1.00028e+00  9.96429e-01
 0.00000e+00  1.00028e+00  9.96429e-01
 0.00000e+00  1.00028e+00  9.96429e-01
 0.00000e+00  1.00028e+00  9.96429e-01
 0.00000e+00  1.00028e+00  9.96429e-01
 0.00000e+00  1.00028e+00  9.96429e-01
 0.00000e+00  1.00028e+00  9.96429e-01
 0.00000e+00  1.00028e+00  9.96429e-01
 0.00000e+00  1.00028e+00  9.96429e-01
 0.00000e+00  1.00028e+00  9.96429e-01
 0.00000e+00  1.00028e+00  9.96429e-01
 0.00000e+00  1.00028e+00  9.96429e-01
 0.00000e+00  1.00028e+00  9.96429e-01
 0.00000e+00  1.00028e+00  9.96429e-01
 0.00000e+00  1.00028e+00  9.96429e-01
 0.00000e+00  1.00028e+00  9.96429e-01
 0.00000e+00  1.00028e+00  9.96429e-01
 0.00000e+00  1.00028e+00  9.96429e-01
 0.00000e+00  1.00028e+00  9.96429e-01
 0.00000e+00  1.00028e+00  9.96429e-01
 0.00000e+00  1.00028e+00  9.96429e-01
 0.00000e+00  1.00028e+00  9.96429e-01
 0.00000e+00  1.00028e+00  9.96429e-01
 0.00000e+00  1.00028e+00  9.96429e-01
 0.00000e+00  1.00028e+00  9.96429e-01
 0.00000e+00  1.00028e+00  9.96429e-01
 0.00000e+00  1.00028e+00  9.96429e-01
 0.00000e+00  1.00028e+00  9.96429e-01
 0.00000e+00  1.00028e+00  9.96429e-01
 0.00000e+00  1.00028e+00  9.96429e-01
 0.00000e+00  1.00028e+00  9.96429e-01
 0.00000e+00  1.00028e+00  9.96429e-01
 0.00000e+00  1.00028e+00  9.96429e-01
 0.00000e+00  1.00028e+00  9.96429e-01
 0.00000e+00  1.00028e+00  9.96429e-01
 0.00000e+00  1.00028e+00  9.96429e-01
 0.00000e+00  1.00028e+00  9.96429e-01
 0.00000e+00  1.00028e+00  9.96429e-01
 0.00000e+00  1.00028e+00  9.96429e-01
 0.00000e+00  1.00028e+00  9.96429e-01
 0.00000e+00  1.00028e+00  9.96429e-01
 0.00000e+00  1.00028e+00  9.96429e-01
 0.00000e+00  1.00028e+00  9.96429e-01
 0.00000e+00  1.00028e+00  9.96429e-01
 0.00000e+00  1.00028e+00  9.96429e-01
 0.00000e+00  1.00028e+00  9.96429e-01
 0.00000e+00  1.00028e+00  9.96429e-01
 0.00000e+00  1.00028e+00  9.96429e-01
 0.00000e+00  1.00028e+00  9.96429e-01
 0.00000e+00  1.00028e+00  9.96429e-01
 0.00000e+00  1.00028e+00  9.96429e-01
 0.00000e+00  1.00028e+00  9.96429e-01
 0.00000e+00  1.00028e+00  9.96429e-01
 0.00000e+00  1.00028e+00  9.96429e-01
 0.00000e+00  1.00028e+00  9.96429e-01
 0.00000e+00  1.00028e+00  9.96429e-01
 0.00000e+00  1.00028e+00  9.96429e-01
 0.00000e+00  1.00028e+00  9.96429e-01
 0.00000e+00  1.00028e+00  9.96429e-01
 0.00000e+00  1.00028e+00  9.96429e-01
 0.00000e+00  1.00028e+00  9.96429e-01
 0.00000e+00  1.00028e+00  9.96429e-01
 0.00000e+00  1.00028e+00  9.96429e-01
 0.00000e+00  1.00028e+00  9.96429e-01
 0.00000e+00  1.00028e+00  9.96429e-01
 0.00000e+00  1.00028e+00  9.96429e-01
 0.00000e+00  1.00028e+00  9.96429e-01
 0.00000e+00  1.00028e+00  9.96429e-01
 0.00000e+00  1.00028e+00  9.96429e-01
 0.00000e+00  1.00028e+00  9.96429e-01
 0.00000e+00  1.00028e+00  9.96429e-01
 0.00000e+00  1.00028e+00  9.96429e-01
 0.00000e+00  1.00028e+00  9.96429e-01
 0.00000e+00  1.00028e+00  9.96429e-01
 0.00000e+00  1.00028e+00  9.96429e-01
 0.00000e+00  1.00028e+00  9.96429e-01
 0.00000e+00  1.00028e+00  9.96429e-01
 0.00000e+00  1.00028e+00  9.96429e-01
 0.00000e+00  1.00028e+00  9.96429e-01
 0.00000e+00  1.00028e+00  9.96429e-01
 0.00000e+00  1.00028e+00  9.96429e-01
 0.00000e+00  1.00028e+00  9.96429e-01
 0.00000e+00  1.00028e+00  9.96429e-01
 0.00000e+00  1.00028e+00  9.96429e-01
 0.00000e+00  1.00028e+00  9.96429e-01
 0.00000e+00  1.00028e+00  9.96429e-01
 0.00000e+00  1.00028e+00  9.96429e-01
 0.00000e+00  1.00028e+00  9.96429e-01
 0.00000e+00  1.00028e+00  9.96429e-01
 0.00000e+00  1.00028e+00  9.96429e-01
 0.00000e+00  1.00028e+00  9.96429e-01
 0.00000e+00  1.00028e+00  9.96429e-01
 0.00000e+00  1.00028e+00  9.96429e-01
 0.00000e+00  1.00028e+00  9.96429e-01
 0.00000e+00  1.00028e+00  9.96429e-01
 0.00000e+00  1.00028e+00  9.96429e-01
 0.00000e+00  1.00028e+00  9.96429e-01
 0.00000e+00  1.00028e+00  9.96429e-01
 0.00000e+00  1.00028e+00  9.96429e-01
 0.00000e+00  1.00028e+00  9.96429e-01
 0.00000e+00  1.00028e+00  9.96429e-01
 0.00000e+00  1.00028e+00  9.96429e-01
 0.00000e+00  1.00028e+00  9.96429e-01
 0.00000e+00  1.00028e+00  9.96429e-01
 0.00000e+00  1.00028e+00  9.96429e-01
 0.00000e+00  1.00028e+00  9.96429e-01
 0.00000e+00  1.00028e+00  9.96429e-01
 0.00000e+00  1.00028e+00  9.96429e-01
 0.00000e+00  1.00028e+00  9.96429e-01
 0.00000e+00  1.00028e+00  9.96429e-01
 0.00000e+00  1.00028e+00  9.96429e-01
 0.00000e+00  1.00028e+00  9.96429e-01
 0.00000e+00  1.00028e+00  9.96429e-01
 0.00000e+00  1.00028e+00  9.96429e-01
 0.00000e+00  1.00028e+00  9.96429e-01
 0.00000e+00  1.00028e+00  9.96429e-01
 0.00000e+00  1.00028e+00  9.96429e-01
 0.00000e+00  1.00028e+00  9.96429e-01
 0.00000e+00  1.00028e+00  9.96429e-01
 0.00000e+00  1.00028e+00  9.96429e-01
 0.00000e+00  1.00028e+00  9.96429e-01
 0.00000e+00  1.00028e+00  9.96429e-01
 0.00000e+00  1.00028e+00  9.96429e-01
 0.00000e+00  1.00028e+00  9.96429e-01
 0.00000e+00  1.00028e+00  9.96429e-01
 0.00000e+00  1.00028e+00  9.96429e-01
 0.00000e+00  1.00028e+00  9.96429e-01
 0.00000e+00  1.00028e+00  9.96429e-01
 0.00000e+00  1.00028e+00  9.96429e-01
 0.00000e+00  1.00028e+00  9.96429e-01
 0.00000e+00  1.00028e+00  9.96429e-01
 0.00000e+00  1.00028e+00  9.96429e-01
 0.00000e+00  1.00028e+00  9.96429e-01
 0.00000e+00  1.00028e+00  9.96429e-01
 0.00000e+00  1.00028e+00  9.96429e-01
 0.00000e+00  1.00028e+00  9.96429e-01
 0.00000e+00  1.00028e+00  9.96429e-01
 0.00000e+00  1.00028e+00  9.96429e-01
 0.00000e+00  1.00028e+00  9.96429e-01
 0.00000e+00  1.00028e+00  9.96429e-01
 0.00000e+00  1.00028e+00  9.96429e-01
 0.00000e+00  1.00028e+00  9.96429e-01
 0.00000e+00  1.00028e+00  9.96429e-01
 0.00000e+00  1.00028e+00  9.96429e-01
 0.00000e+00  1.00028e+00  9.96429e-01
 0.00000e+00  1.00028e+00  9.96429e-01
 0.00000e+00  1.00028e+00  9.96429e-01
 0.00000e+00  1.00028e+00  9.96429e-01
 0.00000e+00  1.00028e+00  9.96429e-01
 0.00000e+00  1.00028e+00  9.96429e-01
 0.00000e+00  1.00028e+00  9.96429e-01
 0.00000e+00  1.00028e+00  9.96429e-01
 0.00000e+00  1.00028e+00  9.96429e-01
 0.00000e+00  1.00028e+00  9.96429e-01
 0.00000e+00  1.00028e+00  9.96429e-01
 0.00000e+00  1.00028e+00  9.96429e-01
 0.00000e+00  1.00028e+00  9.96429e-01
 0.00000e+00  1.00028e+00  9.96429e-01
 0.00000e+00  1.00028e+00  9.96429e-01
 0.00000e+00  1.00028e+00  9.96429e-01
 0.00000e+00  1.00028e+00  9.96429e-01
 0.00000e+00  1.00028e+00  9.96429e-01
 0.00000e+00  1.00028e+00  9.96429e-01
 0.00000e+00  1.00028e+00  9.96429e-01
 0.00000e+00  1.00028e+00  9.96429e-01
 0.00000e+00  1.00028e+00  9.96429e-01
 0.00000e+00  1.00028e+00  9.96429e-01
 0.00000e+00  1.00028e+00  9.96429e-01
 0.00000e+00  1.00028e+00  9.96429e-01
 0.00000e+00  1.00028e+00  9.96429e-01
 0.00000e+00  1.00028e+00  9.96429e-01
 0.00000e+00  1.00028e+00  9.96429e-01
 0.00000e+00  1.00028e+00  9.96429e-01
 0.00000e+00  1.00028e+00  9.96429e-01
 0.00000e+00  1.00028e+00  9.96429e-01
 0.00000e+00  1.00028e+00  9.96429e-01
 0.00000e+00  1.00028e+00  9.96429e-01
 0.00000e+00  1.00028e+00  9.96429e-01
 0.00000e+00  1.00028e+00  9.96429e-01
 0.00000e+00  1.00028e+00  9.96429e-01
 0.00000e+00  1.00028e+00  9.96429e-01
 0.00000e+00  1.00028e+00  9.96429e-01
 0.00000e+00  1.00028e+00  9.96429e-01
 0.00000e+00  1.00028e+00  9.96429e-01
 0.00000e+00  1.00028e+00  9.96429e-01
 0.00000e+00  1.00028e+00  9.96429e-01
 0.00000e+00  1.00028e+00  9.96429e-01
 0.00000e+00  1.00028e+00  9.96429e-01
 0.00000e+00  1.00028e+00  9.96429e-01
 0.00000e+00  1.00028e+00  9.96429e-01
 0.00000e+00  1.00028e+00  9.96429e-01
 0.00000e+00  1.00028e+00  9.96429e-01
 0.00000e+00  1.00028e+00  9.96429e-01
 0.00000e+00  1.00028e+00  9.96429e-01
 0.00000e+00  1.00028e+00  9.96429e-01
 0.00000e+00  1.00028e+00  9.96429e-01
 0.00000e+00  1.00028e+00  9.96429e-01
 0.00000e+00  1.00028e+00  9.96429e-01
 0.00000e+00  1.00028e+00  9.96429e-01
 0.00000e+00  1.00028e+00  9.96429e-01
 0.00000e+00  1.00028e+00  9.96429e-01
 0.00000e+00  1.00028e+00  9.96429e-01
 0.00000e+00  1.00028e+00  9.96429e-01
 0.00000e+00  1.00028e+00  9.96429e-01
 0.00000e+00  1.00028e+00  9.96429e-01
 0.00000e+00  1.00028e+00  9.96429e-01
 0.00000e+00  1.00028e+00  9.96429e-01
 0.00000e+00  1.00028e+00  9.96429e-01
 0.00000e+00  1.00028e+00  9.96429e-01
 0.00000e+00  1.00028e+00  9.96429e-01
 0.00000e+00  1.00028e+00  9.96429e-01
 0.00000e+00  1.00028e+00  9.96429e-01
 0.00000e+00  1.00028e+00  9.96429e-01
 0.00000e+00  1.00028e+00  9.96429e-01
 0.00000e+00  1.00028e+00  9.96429e-01
 0.00000e+00  1.00028e+00  9.96429e-01
 0.00000e+00  1.00028e+00  9.96429e-01
 0.00000e+00  1.00028e+00  9.96429e-01
 0.00000e+00  1.00028e+00  9.96429e-01
 0.00000e+00  1.00028e+00  9.96429e-01
 0.00000e+00  1.00028e+00  9.96429e-01
 0.00000e+00  1.00028e+00  9.96429e-01
 0.00000e+00  1.00028e+00  9.96429e-01
 0.00000e+00  1.00028e+00  9.96429e-01
 0.00000e+00  1.00028e+00  9.96429e-01
 0.00000e+00  1.00028e+00  9.96429e-01
 0.00000e+00  1.00028e+00  9.96429e-01
 0.00000e+00  1.00028e+00  9.96429e-01
 0.00000e+00  1.00028e+00  9.96429e-01
 0.00000e+00  1.00028e+00  9.96429e-01
 0.00000e+00  1.00028e+00  9.96429e-01
 0.00000e+00  1.00028e+00  9.96429e-01
 0.00000e+00  1.00028e+00  9.96429e-01
 0.00000e+00  1.00028e+00  9.96429e-01
 0.00000e+00  1.00028e+00  9.96429e-01
 0.00000e+00  1.00028e+00  9.96429e-01
 0.00000e+00  1.00028e+00  9.96429e-01
 0.00000e+00  1.00028e+00  9.96429e-01
 0.00000e+00  1.00028e+00  9.96429e-01
 0.00000e+00  1.00028e+00  9.96429e-01
 0.00000e+00  1.00028e+00  9.96429e-01
 0.00000e+00  1.00028e+00  9.96429e-01
 0.00000e+00  1.00028e+00  9.96429e-01
 0.00000e+00  1.00028e+00  9.96429e-01
 0.00000e+00  1.00028e+00  9.96429e-01
 0.00000e+00  1.00028e+00  9.96429e-01
 0.00000e+00  1.00028e+00  9.96429e-01
 0.00000e+00  1.00028e+00  9.96429e-01
 0.00000e+00  1.00028e+00  9.96429e-01
 0.00000e+00  1.00028e+00  9.96429e-01
 0.00000e+00  1.00028e+00  9.96429e-01
 0.00000e+00  1.00028e+00  9.96429e-01
 0.00000e+00  1.00028e+00  9.96429e-01
 0.00000e+00  1.00028e+00  9.96429e-01
 0.00000e+00  1.00028e+00  9.96429e-01
 0.00000e+00  1.00028e+00  9.96429e-01
 0.00000e+00  1.00028e+00  9.96429e-01
 0.00000e+00  1.00028e+00  9.96429e-01
 0.00000e+00  1.00028e+00  9.96429e-01
 0.00000e+00  1.00028e+00  9.96429e-01
 0.00000e+00  1.00028e+00  9.96429e-01
 0.00000e+00  1.00028e+00  9.96429e-01
 0.00000e+00  1.00028e+00  9.96429e-01
 0.00000e+00  1.00028e+00  9.96429e-01
 0.00000e+00  1.00028e+00  9.96429e-01
 0.00000e+00  1.00028e+00  9.96429e-01
 0.00000e+00  1.00028e+00  9.96429e-01
 0.00000e+00  1.00028e+00  9.96429e-01
 0.00000e+00  1.00028e+00  9.96429e-01
 0.00000e+00  1.00028e+00  9.96429e-01
 0.00000e+00  1.00028e+00  9.96429e-01
 0.00000e+00  1.00028e+00  9.96429e-01
 0.00000e+00  1.00028e+00  9.96429e-01
 0.00000e+00  1.00028e+00  9.96429e-01
 0.00000e+00  1.00028e+00  9.96429e-01
 0.00000e+00  1.00028e+00  9.96429e-01
 0.00000e+00  1.00028e+00  9.96429e-01
 0.00000e+00  1.00028e+00  9.96429e-01
 0.00000e+00  1.00028e+00  9.96429e-01
 0.00000e+00  1.00028e+00  9.96429e-01
 0.00000e+00  1.00028e+00  9.96429e-01
 0.00000e+00  1.00028e+00  9.96429e-01
 0.00000e+00  1.00028e+00  9.96429e-01
 0.00000e+00  1.00028e+00  9.96429e-01
 0.00000e+00  1.00028e+00  9.96429e-01
 0.00000e+00  1.00028e+00  9.96429e-01
 0.00000e+00  1.00028e+00  9.96429e-01
 0.00000e+00  1.00028e+00  9.96429e-01
 0.00000e+00  1.00028e+00  9.96429e-01
 0.00000e+00  1.00028e+00  9.96429e-01
 0.00000e+00  1.00028e+00  9.96429e-01
 0.00000e+00  1.00028e+00  9.96429e-01
 0.00000e+00  1.00028e+00  9.96429e-01
 0.00000e+00  1.00028e+00  9.96429e-01
 0.00000e+00  1.00028e+00  9.96429e-01
 0.00000e+00  1.00028e+00  9.96429e-01
 0.00000e+00  1.00028e+00  9.96429e-01
 0.00000e+00  1.00028e+00  9.96429e-01
 0.00000e+00  1.00028e+00  9.96429e-01
 0.00000e+00  1.00028e+00  9.96429e-01
 0.00000e+00  1.00028e+00  9.96429e-01
 0.00000e+00  1.00028e+00  9.96429e-01
 0.00000e+00  1.00028e+00  9.96429e-01
 0.00000e+00  1.00028e+00  9.96429e-01
 0.00000e+00  1.00028e+00  9.96429e-01
 0.00000e+00  1.00028e+00  9.96429e-01
 0.00000e+00  1.00028e+00  9.96429e-01
 0.00000e+00  1.00028e+00  9.96429e-01
 0.00000e+00  1.00028e+00  9.96429e-01
 0.00000e+00  1.00028e+00  9.96429e-01
 0.00000e+00  1.00028e+00  9.96429e-01
 0.00000e+00  1.00028e+00  9.96429e-01
 0.00000e+00  1.00028e+00  9.96429e-01
 0.00000e+00  1.00028e+00  9.96429e-01
 0.00000e+00  1.00028e+00  9.96429e-01
 0.00000e+00  1.00028e+00  9.96429e-01
 0.00000e+00  1.00028e+00  9.96429e-01
 0.00000e+00  1.00028e+00  9.96429e-01
 0.00000e+00  1.00028e+00  9.96429e-01
 0.00000e+00  1.00028e+00  9.96429e-01
 0.00000e+00  1.00028e+00  9.96429e-01
 0.00000e+00  1.00028e+00  9.96429e-01
 0.00000e+00  1.00028e+00  9.96429e-01
 0.00000e+00  1.00028e+00  9.96429e-01
 0.00000e+00  1.00028e+00  9.96429e-01
 0.00000e+00  1.00028e+00  9.96429e-01
 0.00000e+00  1.00028e+00  9.96429e-01
 0.00000e+00  1.00028e+00  9.96429e-01
 0.00000e+00  1.00028e+00  9.96429e-01
 0.00000e+00  1.00028e+00  9.96429e-01
 0.00000e+00  1.00028e+00  9.96429e-01
 0.00000e+00  1.00028e+00  9.96429e-01
 0.00000e+00  1.00028e+00  9.96429e-01
 0.00000e+00  1.00028e+00  9.96429e-01
 0.00000e+00  1.00028e+00  9.96429e-01
 0.00000e+00  1.00028e+00  9.96429e-01
 0.00000e+00  1.00028e+00  9.96429e-01
 0.00000e+00  1.00028e+00  9.96429e-01
 0.00000e+00  1.00028e+00  9.96429e-01
 0.00000e+00  1.00028e+00  9.96429e-01
 0.00000e+00  1.00028e+00  9.96429e-01
 0.00000e+00  1.00028e+00  9.96429e-01
 0.00000e+00  1.00028e+00  9.96429e-01
 0.00000e+00  1.00028e+00  9.96429e-01
