826
 6.87900e-03  1.00227e+00  9.98127e-01
 1.82520e-02  1.00246e+00  9.97978e-01
 2.97790e-02  1.00142e+00  9.97824e-01
 4.16670e-02  9.99912e-01  9.97663e-01
 5.29040e-02  1.00014e+00  9.97510e-01
 6.48000e-02  9.99659e-01  9.97346e-01
 7.70770e-02  1.00004e+00  9.97176e-01
 8.90140e-02  1.00031e+00  9.97012e-01
 1.00697e-01  9.99840e-01  9.96853e-01
 1.13129e-01  9.99607e-01  9.96686e-01
 1.24997e-01  1.00037e+00  9.96531e-01
 1.36244e-01  1.00033e+00  9.96389e-01
 1.48140e-01  1.00073e+00  9.96245e-01
 1.60864e-01  1.00033e+00  9.96101e-01
 1.73549e-01  1.00063e+00  9.95968e-01
 1.85515e-01  1.00092e+00  9.95855e-01
 1.97547e-01  1.00056e+00  9.95756e-01
 2.09523e-01  1.00036e+00  9.95673e-01
 2.20769e-01  1.00062e+00  9.95612e-01
 2.33006e-01  1.00058e+00  9.95566e-01
 2.46128e-01  9.99558e-01  9.95543e-01
 2.57967e-01  9.99418e-01  9.95548e-01
 2.69224e-01  9.86727e-01  9.95577e-01
 2.80877e-01  9.98318e-01  9.95635e-01
 2.92220e-01  9.87065e-01  9.95719e-01
 3.02914e-01  9.98250e-01  9.95826e-01
 3.14042e-01  9.86683e-01  9.95967e-01
 3.24939e-01  9.97248e-01  9.96135e-01
 3.35902e-01  9.86920e-01  9.96335e-01
 3.46935e-01  9.96579e-01  9.96570e-01
 3.58812e-01  9.88379e-01  9.96859e-01
 3.69943e-01  9.96148e-01  9.97166e-01
 3.80741e-01  9.88790e-01  9.97496e-01
 3.91842e-01  9.89462e-01  9.97868e-01
 4.03797e-01  9.96329e-01  9.98306e-01
 4.15385e-01  9.96307e-01  9.98765e-01
 4.26717e-01  9.96561e-01  9.99245e-01
 4.38050e-01  9.91584e-01  9.99754e-01
 4.49590e-01  9.96770e-01  1.00030e+00
 4.60902e-01  9.92934e-01  1.00086e+00
 4.71935e-01  9.97111e-01  1.00142e+00
 4.82714e-01  9.93774e-01  1.00198e+00
 4.94602e-01  9.97999e-01  1.00262e+00
 5.05741e-01  9.94676e-01  1.00322e+00
 5.16192e-01  9.99191e-01  1.00379e+00
 5.25357e-01  9.95953e-01  1.00428e+00
 5.36020e-01  9.99680e-01  1.00485e+00
 5.46110e-01  1.00058e+00  1.00538e+00
 5.56412e-01  1.00068e+00  1.00591e+00
 5.66997e-01  9.99286e-01  1.00644e+00
 5.76650e-01  9.99938e-01  1.00690e+00
 5.85194e-01  1.00102e+00  1.00730e+00
 5.95380e-01  1.00308e+00  1.00774e+00
 6.04846e-01  1.00078e+00  1.00813e+00
 6.14422e-01  1.00504e+00  1.00850e+00
 6.24792e-01  1.00195e+00  1.00886e+00
 6.35047e-01  1.00665e+00  1.00919e+00
 6.46546e-01  1.00469e+00  1.00951e+00
 6.57084e-01  1.00840e+00  1.00976e+00
 6.67346e-01  1.00612e+00  1.00997e+00
 6.77622e-01  1.00945e+00  1.01014e+00
 6.86894e-01  1.00720e+00  1.01026e+00
 6.95865e-01  1.01013e+00  1.01034e+00
 7.06072e-01  1.00804e+00  1.01040e+00
 7.14830e-01  1.01167e+00  1.01043e+00
 7.24345e-01  1.01039e+00  1.01042e+00
 7.32784e-01  1.00964e+00  1.01039e+00
 7.42290e-01  1.01142e+00  1.01033e+00
 7.50977e-01  1.00913e+00  1.01025e+00
 7.60155e-01  1.01022e+00  1.01014e+00
 7.69359e-01  1.00877e+00  1.01001e+00
 7.78342e-01  1.00965e+00  1.00986e+00
 7.87740e-01  1.00894e+00  1.00968e+00
 7.96177e-01  1.00782e+00  1.00951e+00
 8.05810e-01  1.00792e+00  1.00929e+00
 8.14344e-01  1.00684e+00  1.00908e+00
 8.23549e-01  1.00669e+00  1.00885e+00
 8.33299e-01  1.00510e+00  1.00858e+00
 8.42620e-01  1.00565e+00  1.00832e+00
 8.52487e-01  1.00398e+00  1.00803e+00
 8.62535e-01  1.00416e+00  1.00773e+00
 8.71916e-01  1.00325e+00  1.00744e+00
 8.80887e-01  1.00330e+00  1.00716e+00
 8.91025e-01  1.00287e+00  1.00685e+00
 9.00300e-01  1.00238e+00  1.00655e+00
 9.09990e-01  1.00217e+00  1.00625e+00
 9.18524e-01  1.00200e+00  1.00598e+00
 9.28702e-01  1.00231e+00  1.00566e+00
 9.37711e-01  1.00202e+00  1.00538e+00
 9.47432e-01  1.00211e+00  1.00508e+00
 9.56859e-01  1.00214e+00  1.00479e+00
 9.66308e-01  1.00277e+00  1.00451e+00
 9.76106e-01  1.00239e+00  1.00422e+00
 9.84669e-01  1.00261e+00  1.00398e+00
 9.94884e-01  1.00199e+00  1.00370e+00
 1.00509e+00  1.00263e+00  1.00342e+00
 1.01508e+00  1.00246e+00  1.00316e+00
 1.02422e+00  1.00266e+00  1.00292e+00
 1.03397e+00  1.00253e+00  1.00268e+00
 1.04330e+00  1.00261e+00  1.00246e+00
 1.05273e+00  1.00324e+00  1.00224e+00
 1.06191e+00  1.00236e+00  1.00204e+00
 1.07086e+00  1.00307e+00  1.00185e+00
 1.08028e+00  1.00252e+00  1.00166e+00
 1.08889e+00  1.00179e+00  1.00149e+00
 1.09936e+00  1.00190e+00  1.00129e+00
 1.10788e+00  1.00264e+00  1.00113e+00
 1.11831e+00  1.00235e+00  1.00095e+00
 1.12857e+00  1.00158e+00  1.00079e+00
 1.13899e+00  1.00230e+00  1.00063e+00
 1.14769e+00  1.00164e+00  1.00050e+00
 1.15742e+00  1.00230e+00  1.00036e+00
 1.16688e+00  1.00172e+00  1.00023e+00
 1.17594e+00  1.00111e+00  1.00012e+00
 1.18523e+00  1.00092e+00  1.00001e+00
 1.19399e+00  1.00095e+00  9.99911e-01
 1.20352e+00  1.00075e+00  9.99809e-01
 1.21196e+00  1.00059e+00  9.99723e-01
 1.22180e+00  1.00044e+00  9.99629e-01
 1.23103e+00  9.99985e-01  9.99547e-01
 1.24063e+00  9.99999e-01  9.99466e-01
 1.25186e+00  9.99797e-01  9.99378e-01
 1.26134e+00  9.99127e-01  9.99309e-01
 1.27158e+00  9.99199e-01  9.99240e-01
 1.28155e+00  9.98851e-01  9.99177e-01
 1.29109e+00  9.99367e-01  9.99121e-01
 1.30035e+00  9.98574e-01  9.99071e-01
 1.31023e+00  9.98921e-01  9.99022e-01
 1.31910e+00  9.98297e-01  9.98981e-01
 1.32942e+00  9.98815e-01  9.98937e-01
 1.33786e+00  9.98324e-01  9.98904e-01
 1.34842e+00  9.97819e-01  9.98866e-01
 1.35694e+00  9.98666e-01  9.98838e-01
 1.36703e+00  9.98728e-01  9.98808e-01
 1.37600e+00  9.98081e-01  9.98784e-01
 1.38571e+00  9.99020e-01  9.98761e-01
 1.39605e+00  9.98907e-01  9.98738e-01
 1.40634e+00  9.98734e-01  9.98719e-01
 1.41609e+00  9.99100e-01  9.98703e-01
 1.42566e+00  9.99835e-01  9.98689e-01
 1.43523e+00  1.00006e+00  9.98677e-01
 1.44528e+00  9.99674e-01  9.98667e-01
 1.45528e+00  1.00039e+00  9.98658e-01
 1.46385e+00  1.00043e+00  9.98652e-01
 1.47342e+00  1.00092e+00  9.98647e-01
 1.48194e+00  1.00141e+00  9.98644e-01
 1.49223e+00  1.00115e+00  9.98641e-01
 1.50111e+00  1.00165e+00  9.98640e-01
 1.51106e+00  1.00166e+00  9.98640e-01
 1.52025e+00  1.00213e+00  9.98642e-01
 1.53016e+00  1.00220e+00  9.98644e-01
 1.54140e+00  1.00206e+00  9.98648e-01
 1.55155e+00  1.00233e+00  9.98653e-01
 1.56102e+00  1.00247e+00  9.98658e-01
 1.56999e+00  1.00247e+00  9.98664e-01
 1.57942e+00  1.00253e+00  9.98670e-01
 1.58786e+00  1.00199e+00  9.98677e-01
 1.59838e+00  1.00276e+00  9.98686e-01
 1.60736e+00  1.00215e+00  9.98694e-01
 1.61731e+00  1.00247e+00  9.98704e-01
 1.62600e+00  1.00147e+00  9.98712e-01
 1.63518e+00  1.00175e+00  9.98722e-01
 1.64436e+00  1.00128e+00  9.98732e-01
 1.65334e+00  1.00109e+00  9.98743e-01
 1.66275e+00  1.00116e+00  9.98754e-01
 1.67120e+00  1.00113e+00  9.98764e-01
 1.68083e+00  1.00015e+00  9.98776e-01
 1.68958e+00  1.00008e+00  9.98788e-01
 1.69955e+00  1.00012e+00  9.98801e-01
 1.70855e+00  9.99357e-01  9.98813e-01
 1.71762e+00  9.99136e-01  9.98825e-01
 1.72690e+00  9.99345e-01  9.98838e-01
 1.73568e+00  9.99062e-01  9.98850e-01
 1.74520e+00  9.97964e-01  9.98864e-01
 1.75364e+00  9.99006e-01  9.98876e-01
 1.76313e+00  9.97867e-01  9.98890e-01
 1.77184e+00  9.98178e-01  9.98902e-01
 1.78181e+00  9.99273e-01  9.98917e-01
 1.79268e+00  9.97454e-01  9.98933e-01
 1.80235e+00  9.99003e-01  9.98947e-01
 1.81191e+00  9.98035e-01  9.98961e-01
 1.82089e+00  9.97985e-01  9.98975e-01
 1.83048e+00  9.98674e-01  9.98989e-01
 1.83984e+00  9.97536e-01  9.99003e-01
 1.84936e+00  9.98143e-01  9.99018e-01
 1.85780e+00  9.98253e-01  9.99030e-01
 1.86732e+00  9.97854e-01  9.99044e-01
 1.87746e+00  9.97866e-01  9.99060e-01
 1.88706e+00  9.98146e-01  9.99074e-01
 1.89684e+00  9.99015e-01  9.99089e-01
 1.90602e+00  9.98207e-01  9.99102e-01
 1.91520e+00  9.99569e-01  9.99116e-01
 1.92417e+00  9.98389e-01  9.99129e-01
 1.93359e+00  9.99043e-01  9.99143e-01
 1.94240e+00  9.98892e-01  9.99156e-01
 1.95259e+00  9.98922e-01  9.99171e-01
 1.96110e+00  9.99699e-01  9.99184e-01
 1.97195e+00  9.99582e-01  9.99200e-01
 1.98280e+00  1.00065e+00  9.99215e-01
 1.99561e+00  1.00076e+00  9.99234e-01
 2.00553e+00  1.00055e+00  9.99248e-01
 2.01509e+00  1.00153e+00  9.99262e-01
 2.02361e+00  1.00172e+00  9.99274e-01
 2.03290e+00  1.00164e+00  9.99287e-01
 2.04189e+00  1.00130e+00  9.99299e-01
 2.05186e+00  1.00205e+00  9.99313e-01
 2.06144e+00  1.00195e+00  9.99327e-01
 2.07223e+00  1.00232e+00  9.99341e-01
 2.08190e+00  1.00177e+00  9.99355e-01
 2.09084e+00  1.00206e+00  9.99367e-01
 2.10047e+00  1.00197e+00  9.99380e-01
 2.10969e+00  1.00170e+00  9.99392e-01
 2.11927e+00  1.00095e+00  9.99405e-01
 2.12778e+00  1.00075e+00  9.99416e-01
 2.13736e+00  1.00043e+00  9.99429e-01
 2.14687e+00  1.00057e+00  9.99442e-01
 2.15602e+00  9.99887e-01  9.99454e-01
 2.16520e+00  9.99833e-01  9.99465e-01
 2.17417e+00  9.99566e-01  9.99477e-01
 2.18424e+00  9.99087e-01  9.99490e-01
 2.19303e+00  9.98829e-01  9.99501e-01
 2.20260e+00  9.98443e-01  9.99513e-01
 2.21112e+00  9.98971e-01  9.99524e-01
 2.22039e+00  9.98425e-01  9.99536e-01
 2.22939e+00  9.98159e-01  9.99547e-01
 2.23936e+00  9.98338e-01  9.99559e-01
 2.24853e+00  9.98322e-01  9.99571e-01
 2.25800e+00  9.97866e-01  9.99582e-01
 2.26780e+00  9.98114e-01  9.99594e-01
 2.27636e+00  9.98213e-01  9.99604e-01
 2.28592e+00  9.98879e-01  9.99616e-01
 2.29530e+00  9.98034e-01  9.99627e-01
 2.30482e+00  9.97826e-01  9.99639e-01
 2.31351e+00  9.98354e-01  9.99649e-01
 2.32267e+00  9.98212e-01  9.99660e-01
 2.33230e+00  9.98208e-01  9.99671e-01
 2.34172e+00  9.97807e-01  9.99682e-01
 2.35126e+00  9.98564e-01  9.99693e-01
 2.36068e+00  9.98064e-01  9.99704e-01
 2.37025e+00  9.99135e-01  9.99715e-01
 2.37955e+00  9.98428e-01  9.99726e-01
 2.38916e+00  9.98638e-01  9.99737e-01
 2.39772e+00  9.99127e-01  9.99746e-01
 2.40730e+00  9.98291e-01  9.99757e-01
 2.41689e+00  1.00004e+00  9.99768e-01
 2.42625e+00  9.98938e-01  9.99779e-01
 2.43692e+00  1.00031e+00  9.99791e-01
 2.44591e+00  1.00003e+00  9.99801e-01
 2.45530e+00  1.00087e+00  9.99811e-01
 2.46386e+00  9.99900e-01  9.99821e-01
 2.47438e+00  1.00121e+00  9.99832e-01
 2.48280e+00  1.00045e+00  9.99842e-01
 2.49232e+00  1.00122e+00  9.99852e-01
 2.50101e+00  1.00156e+00  9.99862e-01
 2.51068e+00  1.00050e+00  9.99872e-01
 2.52073e+00  1.00144e+00  9.99883e-01
 2.53056e+00  1.00160e+00  9.99894e-01
 2.54071e+00  1.00156e+00  9.99905e-01
 2.55007e+00  1.00154e+00  9.99915e-01
 2.55945e+00  1.00146e+00  9.99925e-01
 2.56808e+00  1.00129e+00  9.99934e-01
 2.57856e+00  1.00115e+00  9.99946e-01
 2.58697e+00  1.00017e+00  9.99955e-01
 2.59649e+00  1.00059e+00  9.99965e-01
 2.60518e+00  1.00055e+00  9.99974e-01
 2.61436e+00  1.00040e+00  9.99984e-01
 2.62353e+00  9.99817e-01  9.99994e-01
 2.63252e+00  1.00049e+00  1.00000e+00
 2.64194e+00  9.99551e-01  1.00001e+00
 2.65037e+00  9.99722e-01  1.00002e+00
 2.66001e+00  9.99133e-01  1.00003e+00
 2.66864e+00  9.98903e-01  1.00004e+00
 2.67874e+00  9.99099e-01  1.00005e+00
 2.68772e+00  9.98459e-01  1.00006e+00
 2.69748e+00  9.98744e-01  1.00007e+00
 2.70779e+00  9.97967e-01  1.00008e+00
 2.71672e+00  9.98298e-01  1.00009e+00
 2.72613e+00  9.97837e-01  1.00010e+00
 2.73499e+00  9.97430e-01  1.00011e+00
 2.74520e+00  9.98122e-01  1.00012e+00
 2.75364e+00  9.97329e-01  1.00013e+00
 2.76315e+00  9.97624e-01  1.00014e+00
 2.77187e+00  9.97151e-01  1.00015e+00
 2.78157e+00  9.97689e-01  1.00016e+00
 2.79109e+00  9.97412e-01  1.00017e+00
 2.80007e+00  9.97784e-01  1.00018e+00
 2.80945e+00  9.98146e-01  1.00019e+00
 2.81803e+00  9.98153e-01  1.00020e+00
 2.82761e+00  9.98100e-01  1.00021e+00
 2.83633e+00  9.98260e-01  1.00022e+00
 2.84650e+00  9.98781e-01  1.00023e+00
 2.85519e+00  9.98783e-01  1.00024e+00
 2.86436e+00  9.99522e-01  1.00025e+00
 2.87354e+00  9.99342e-01  1.00026e+00
 2.88252e+00  9.99928e-01  1.00027e+00
 2.89194e+00  9.99873e-01  1.00028e+00
 2.90037e+00  9.99777e-01  1.00029e+00
 2.91002e+00  1.00092e+00  1.00030e+00
 2.91855e+00  1.00020e+00  1.00031e+00
 2.92864e+00  1.00032e+00  1.00032e+00
 2.93773e+00  1.00021e+00  1.00033e+00
 2.94679e+00  1.00124e+00  1.00034e+00
 2.95610e+00  1.00044e+00  1.00035e+00
 2.96565e+00  1.00101e+00  1.00036e+00
 2.97528e+00  1.00053e+00  1.00037e+00
 2.98371e+00  1.00075e+00  1.00038e+00
 2.99334e+00  1.00051e+00  1.00039e+00
 3.00188e+00  1.00026e+00  1.00040e+00
 3.01108e+00  1.00027e+00  1.00041e+00
 3.02029e+00  1.00106e+00  1.00042e+00
 3.02995e+00  1.00066e+00  1.00043e+00
 3.03957e+00  1.00106e+00  1.00045e+00
 3.04919e+00  1.00093e+00  1.00046e+00
 3.05860e+00  1.00056e+00  1.00047e+00
 3.06769e+00  1.00045e+00  1.00048e+00
 3.07856e+00  9.99893e-01  1.00049e+00
 3.08698e+00  1.00019e+00  1.00050e+00
 3.09713e+00  1.00039e+00  1.00051e+00
 3.10781e+00  9.99869e-01  1.00052e+00
 3.11834e+00  9.99772e-01  1.00053e+00
 3.12785e+00  9.98915e-01  1.00054e+00
 3.13818e+00  9.99098e-01  1.00056e+00
 3.14858e+00  9.98642e-01  1.00057e+00
 3.15793e+00  9.98375e-01  1.00058e+00
 3.16818e+00  9.98483e-01  1.00059e+00
 3.17776e+00  9.98485e-01  1.00060e+00
 3.18749e+00  9.97784e-01  1.00061e+00
 3.19679e+00  9.97033e-01  1.00062e+00
 3.20670e+00  9.97611e-01  1.00063e+00
 3.21784e+00  9.97576e-01  1.00065e+00
 3.22816e+00  9.97106e-01  1.00066e+00
 3.23759e+00  9.97340e-01  1.00067e+00
 3.24711e+00  9.97191e-01  1.00068e+00
 3.25703e+00  9.97469e-01  1.00069e+00
 3.26705e+00  9.97559e-01  1.00070e+00
 3.27666e+00  9.97456e-01  1.00071e+00
 3.28694e+00  9.98518e-01  1.00073e+00
 3.29645e+00  9.97664e-01  1.00074e+00
 3.30678e+00  9.98055e-01  1.00075e+00
 3.31624e+00  9.98465e-01  1.00076e+00
 3.32727e+00  9.99304e-01  1.00077e+00
 3.33707e+00  9.99318e-01  1.00078e+00
 3.34763e+00  9.99193e-01  1.00079e+00
 3.36052e+00  1.00021e+00  1.00081e+00
 3.37361e+00  1.00079e+00  1.00082e+00
 3.38646e+00  1.00109e+00  1.00083e+00
 3.39791e+00  1.00112e+00  1.00084e+00
 3.40983e+00  1.00111e+00  1.00086e+00
 3.42095e+00  1.00114e+00  1.00087e+00
 3.43293e+00  1.00201e+00  1.00088e+00
 3.44489e+00  1.00158e+00  1.00089e+00
 3.45695e+00  1.00216e+00  1.00090e+00
 3.46872e+00  1.00128e+00  1.00091e+00
 3.48024e+00  1.00208e+00  1.00092e+00
 3.49384e+00  1.00167e+00  1.00094e+00
 3.50538e+00  1.00141e+00  1.00095e+00
 3.51735e+00  1.00042e+00  1.00096e+00
 3.52873e+00  1.00098e+00  1.00096e+00
 3.54087e+00  1.00041e+00  1.00097e+00
 3.55325e+00  1.00040e+00  1.00098e+00
 3.56563e+00  9.99965e-01  1.00099e+00
 3.57956e+00  9.99435e-01  1.00100e+00
 3.59123e+00  9.99387e-01  1.00101e+00
 3.60277e+00  9.99463e-01  1.00101e+00
 3.61456e+00  9.98655e-01  1.00102e+00
 3.62599e+00  9.99237e-01  1.00102e+00
 3.63777e+00  9.98377e-01  1.00103e+00
 3.64991e+00  9.98568e-01  1.00103e+00
 3.66210e+00  9.98634e-01  1.00103e+00
 3.67329e+00  9.97770e-01  1.00104e+00
 3.68502e+00  9.98617e-01  1.00104e+00
 3.69668e+00  9.98137e-01  1.00104e+00
 3.70812e+00  9.98433e-01  1.00104e+00
 3.71992e+00  9.97847e-01  1.00103e+00
 3.73124e+00  9.98484e-01  1.00103e+00
 3.74315e+00  9.97922e-01  1.00103e+00
 3.75429e+00  9.98276e-01  1.00102e+00
 3.76636e+00  9.98591e-01  1.00101e+00
 3.77974e+00  9.97461e-01  1.00101e+00
 3.79365e+00  9.98803e-01  1.00099e+00
 3.80769e+00  9.98659e-01  1.00098e+00
 3.82279e+00  9.99430e-01  1.00096e+00
 3.83665e+00  9.99565e-01  1.00094e+00
 3.85060e+00  1.00062e+00  1.00092e+00
 3.86466e+00  1.00071e+00  1.00090e+00
 3.87833e+00  1.00089e+00  1.00087e+00
 3.89226e+00  1.00133e+00  1.00084e+00
 3.90633e+00  1.00167e+00  1.00080e+00
 3.91999e+00  1.00223e+00  1.00077e+00
 3.93393e+00  1.00157e+00  1.00073e+00
 3.94799e+00  1.00143e+00  1.00068e+00
 3.96165e+00  1.00123e+00  1.00063e+00
 3.97560e+00  1.00081e+00  1.00058e+00
 3.98966e+00  1.00043e+00  1.00052e+00
 4.00362e+00  1.00047e+00  1.00046e+00
 4.01866e+00  1.00019e+00  1.00038e+00
 4.03284e+00  9.99512e-01  1.00031e+00
 4.04626e+00  9.99193e-01  1.00023e+00
 4.06032e+00  9.99385e-01  1.00014e+00
 4.07450e+00  9.99183e-01  1.00005e+00
 4.08793e+00  9.98504e-01  9.99959e-01
 4.10199e+00  9.98345e-01  9.99855e-01
 4.11617e+00  9.98455e-01  9.99743e-01
 4.12960e+00  9.98254e-01  9.99632e-01
 4.14366e+00  9.98041e-01  9.99508e-01
 4.15785e+00  9.97609e-01  9.99376e-01
 4.17284e+00  9.97860e-01  9.99230e-01
 4.18860e+00  9.97549e-01  9.99067e-01
 4.20353e+00  9.97651e-01  9.98905e-01
 4.21725e+00  9.97273e-01  9.98750e-01
 4.23116e+00  9.97950e-01  9.98586e-01
 4.24353e+00  1.01446e+00  9.98436e-01
 4.25508e+00  1.00766e+00  9.98291e-01
 4.26786e+00  1.00227e+00  9.98127e-01
 4.27923e+00  1.00246e+00  9.97978e-01
 4.29076e+00  1.00142e+00  9.97825e-01
 4.30265e+00  9.99912e-01  9.97663e-01
 4.31389e+00  1.00014e+00  9.97510e-01
 4.32578e+00  9.99659e-01  9.97346e-01
 4.33806e+00  1.00004e+00  9.97176e-01
 4.35000e+00  1.00031e+00  9.97012e-01
 4.36168e+00  9.99840e-01  9.96853e-01
 4.37411e+00  9.99607e-01  9.96686e-01
 4.38598e+00  1.00037e+00  9.96531e-01
 4.39723e+00  1.00033e+00  9.96389e-01
 4.40912e+00  1.00073e+00  9.96245e-01
 4.42185e+00  1.00033e+00  9.96101e-01
 4.43453e+00  1.00063e+00  9.95968e-01
 4.44650e+00  1.00092e+00  9.95855e-01
 4.45853e+00  1.00056e+00  9.95756e-01
 4.47051e+00  1.00036e+00  9.95673e-01
 4.48175e+00  1.00062e+00  9.95612e-01
 4.49399e+00  1.00058e+00  9.95566e-01
 4.50711e+00  9.99558e-01  9.95543e-01
 4.51895e+00  9.99418e-01  9.95548e-01
 4.53021e+00  9.86727e-01  9.95577e-01
 4.54186e+00  9.98318e-01  9.95635e-01
 4.55320e+00  9.87065e-01  9.95719e-01
 4.56390e+00  9.98250e-01  9.95826e-01
 4.57503e+00  9.86683e-01  9.95967e-01
 4.58592e+00  9.97248e-01  9.96135e-01
 4.59689e+00  9.86920e-01  9.96335e-01
 4.60792e+00  9.96579e-01  9.96570e-01
 4.61980e+00  9.88379e-01  9.96859e-01
 4.63093e+00  9.96148e-01  9.97166e-01
 4.64172e+00  9.88790e-01  9.97496e-01
 4.65283e+00  9.89462e-01  9.97868e-01
 4.66478e+00  9.96329e-01  9.98306e-01
 4.67637e+00  9.96307e-01  9.98765e-01
 4.68770e+00  9.96561e-01  9.99245e-01
 4.69903e+00  9.91584e-01  9.99754e-01
 4.71057e+00  9.96770e-01  1.00030e+00
 4.72189e+00  9.92934e-01  1.00086e+00
 4.73292e+00  9.97111e-01  1.00142e+00
 4.74370e+00  9.93774e-01  1.00198e+00
 4.75559e+00  9.97999e-01  1.00262e+00
 4.76672e+00  9.94676e-01  1.00322e+00
 4.77717e+00  9.99191e-01  1.00379e+00
 4.78634e+00  9.95953e-01  1.00428e+00
 4.79700e+00  9.99680e-01  1.00485e+00
 4.80709e+00  1.00058e+00  1.00538e+00
 4.81740e+00  1.00068e+00  1.00591e+00
 4.82798e+00  9.99286e-01  1.00644e+00
 4.83763e+00  9.99938e-01  1.00690e+00
 4.84618e+00  1.00102e+00  1.00730e+00
 4.85636e+00  1.00308e+00  1.00774e+00
 4.86583e+00  1.00078e+00  1.00813e+00
 4.87540e+00  1.00504e+00  1.00850e+00
 4.88578e+00  1.00195e+00  1.00886e+00
 4.89603e+00  1.00665e+00  1.00919e+00
 4.90753e+00  1.00469e+00  1.00951e+00
 4.91807e+00  1.00840e+00  1.00976e+00
 4.92833e+00  1.00612e+00  1.00997e+00
 4.93860e+00  1.00945e+00  1.01014e+00
 4.94788e+00  1.00720e+00  1.01026e+00
 4.95685e+00  1.01013e+00  1.01034e+00
 4.96706e+00  1.00804e+00  1.01040e+00
 4.97581e+00  1.01167e+00  1.01043e+00
 4.98533e+00  1.01039e+00  1.01042e+00
 4.99377e+00  1.00964e+00  1.01039e+00
 5.00327e+00  1.01142e+00  1.01033e+00
 5.01196e+00  1.00913e+00  1.01025e+00
 5.02114e+00  1.01022e+00  1.01014e+00
 5.03034e+00  1.00877e+00  1.01001e+00
 5.03932e+00  1.00965e+00  1.00986e+00
 5.04872e+00  1.00894e+00  1.00968e+00
 5.05716e+00  1.00782e+00  1.00951e+00
 5.06679e+00  1.00792e+00  1.00929e+00
 5.07533e+00  1.00684e+00  1.00908e+00
 5.08453e+00  1.00669e+00  1.00885e+00
 5.09428e+00  1.00510e+00  1.00858e+00
 5.10360e+00  1.00565e+00  1.00832e+00
 5.11347e+00  1.00398e+00  1.00803e+00
 5.12352e+00  1.00416e+00  1.00773e+00
 5.13290e+00  1.00325e+00  1.00744e+00
 5.14187e+00  1.00330e+00  1.00716e+00
 5.15201e+00  1.00287e+00  1.00685e+00
 5.16128e+00  1.00238e+00  1.00655e+00
 5.17097e+00  1.00217e+00  1.00625e+00
 5.17951e+00  1.00200e+00  1.00598e+00
 5.18968e+00  1.00231e+00  1.00566e+00
 5.19869e+00  1.00202e+00  1.00538e+00
 5.20841e+00  1.00211e+00  1.00508e+00
 5.21784e+00  1.00214e+00  1.00479e+00
 5.22729e+00  1.00277e+00  1.00451e+00
 5.23709e+00  1.00239e+00  1.00422e+00
 5.24565e+00  1.00261e+00  1.00398e+00
 5.25587e+00  1.00199e+00  1.00370e+00
 5.26607e+00  1.00263e+00  1.00342e+00
 5.27607e+00  1.00246e+00  1.00316e+00
 5.28520e+00  1.00266e+00  1.00292e+00
 5.29495e+00  1.00253e+00  1.00268e+00
 5.30428e+00  1.00261e+00  1.00246e+00
 5.31371e+00  1.00324e+00  1.00224e+00
 5.32290e+00  1.00236e+00  1.00204e+00
 5.33185e+00  1.00307e+00  1.00185e+00
 5.34126e+00  1.00252e+00  1.00166e+00
 5.34987e+00  1.00179e+00  1.00149e+00
 5.36035e+00  1.00190e+00  1.00129e+00
 5.36886e+00  1.00264e+00  1.00113e+00
 5.37929e+00  1.00235e+00  1.00095e+00
 5.38956e+00  1.00158e+00  1.00079e+00
 5.39998e+00  1.00230e+00  1.00063e+00
 5.40868e+00  1.00164e+00  1.00050e+00
 5.41840e+00  1.00230e+00  1.00036e+00
 5.42786e+00  1.00172e+00  1.00023e+00
 5.43692e+00  1.00111e+00  1.00012e+00
 5.44622e+00  1.00092e+00  1.00001e+00
 5.45497e+00  1.00095e+00  9.99911e-01
 5.46451e+00  1.00075e+00  9.99809e-01
 5.47295e+00  1.00059e+00  9.99723e-01
 5.48278e+00  1.00044e+00  9.99629e-01
 5.49202e+00  9.99985e-01  9.99547e-01
 5.50161e+00  9.99999e-01  9.99466e-01
 5.51285e+00  9.99797e-01  9.99378e-01
 5.52232e+00  9.99127e-01  9.99309e-01
 5.53257e+00  9.99199e-01  9.99240e-01
 5.54253e+00  9.98851e-01  9.99177e-01
 5.55208e+00  9.99367e-01  9.99121e-01
 5.56133e+00  9.98574e-01  9.99071e-01
 5.57122e+00  9.98921e-01  9.99022e-01
 5.58008e+00  9.98297e-01  9.98981e-01
 5.59040e+00  9.98815e-01  9.98937e-01
 5.59884e+00  9.98324e-01  9.98904e-01
 5.60941e+00  9.97819e-01  9.98866e-01
 5.61792e+00  9.98666e-01  9.98838e-01
 5.62801e+00  9.98728e-01  9.98808e-01
 5.63698e+00  9.98081e-01  9.98784e-01
 5.64669e+00  9.99020e-01  9.98761e-01
 5.65703e+00  9.98907e-01  9.98738e-01
 5.66733e+00  9.98734e-01  9.98719e-01
 5.67708e+00  9.99100e-01  9.98703e-01
 5.68664e+00  9.99835e-01  9.98689e-01
 5.69622e+00  1.00006e+00  9.98677e-01
 5.70627e+00  9.99674e-01  9.98667e-01
 5.71626e+00  1.00039e+00  9.98658e-01
 5.72483e+00  1.00043e+00  9.98652e-01
 5.73441e+00  1.00092e+00  9.98647e-01
 5.74292e+00  1.00141e+00  9.98644e-01
 5.75321e+00  1.00115e+00  9.98641e-01
 5.76209e+00  1.00165e+00  9.98640e-01
 5.77204e+00  1.00166e+00  9.98640e-01
 5.78124e+00  1.00213e+00  9.98642e-01
 5.79114e+00  1.00220e+00  9.98644e-01
 5.80238e+00  1.00206e+00  9.98648e-01
 5.81254e+00  1.00233e+00  9.98653e-01
 5.82200e+00  1.00247e+00  9.98658e-01
 5.83097e+00  1.00247e+00  9.98664e-01
 5.84040e+00  1.00253e+00  9.98670e-01
 5.84884e+00  1.00199e+00  9.98677e-01
 5.85937e+00  1.00276e+00  9.98686e-01
 5.86834e+00  1.00215e+00  9.98694e-01
 5.87829e+00  1.00247e+00  9.98704e-01
 5.88698e+00  1.00147e+00  9.98712e-01
 5.89616e+00  1.00175e+00  9.98722e-01
 5.90534e+00  1.00128e+00  9.98732e-01
 5.91432e+00  1.00109e+00  9.98743e-01
 5.92373e+00  1.00116e+00  9.98754e-01
 5.93218e+00  1.00113e+00  9.98764e-01
 5.94181e+00  1.00015e+00  9.98776e-01
 5.95056e+00  1.00008e+00  9.98788e-01
 5.96053e+00  1.00012e+00  9.98801e-01
 5.96953e+00  9.99357e-01  9.98813e-01
 5.97860e+00  9.99136e-01  9.98825e-01
 5.98789e+00  9.99345e-01  9.98838e-01
 5.99666e+00  9.99062e-01  9.98850e-01
 6.00618e+00  9.97964e-01  9.98864e-01
 6.01463e+00  9.99006e-01  9.98876e-01
 6.02411e+00  9.97867e-01  9.98890e-01
 6.03282e+00  9.98178e-01  9.98902e-01
 6.04279e+00  9.99273e-01  9.98917e-01
 6.05366e+00  9.97454e-01  9.98933e-01
 6.06333e+00  9.99003e-01  9.98947e-01
 6.07290e+00  9.98035e-01  9.98961e-01
 6.08188e+00  9.97985e-01  9.98975e-01
 6.09146e+00  9.98674e-01  9.98989e-01
 6.10082e+00  9.97536e-01  9.99003e-01
 6.11035e+00  9.98143e-01  9.99018e-01
 6.11879e+00  9.98253e-01  9.99030e-01
 6.12830e+00  9.97854e-01  9.99044e-01
 6.13844e+00  9.97866e-01  9.99060e-01
 6.14804e+00  9.98146e-01  9.99074e-01
 6.15782e+00  9.99015e-01  9.99089e-01
 6.16700e+00  9.98207e-01  9.99102e-01
 6.17618e+00  9.99569e-01  9.99116e-01
 6.18515e+00  9.98389e-01  9.99129e-01
 6.19457e+00  9.99043e-01  9.99143e-01
 6.20338e+00  9.98892e-01  9.99156e-01
 6.21358e+00  9.98922e-01  9.99171e-01
 6.22208e+00  9.99699e-01  9.99184e-01
 6.23294e+00  9.99582e-01  9.99200e-01
 6.24378e+00  1.00065e+00  9.99215e-01
 6.25660e+00  1.00076e+00  9.99234e-01
 6.26651e+00  1.00055e+00  9.99248e-01
 6.27608e+00  1.00153e+00  9.99262e-01
 6.28459e+00  1.00172e+00  9.99274e-01
 6.29388e+00  1.00164e+00  9.99287e-01
 6.30287e+00  1.00130e+00  9.99299e-01
 6.31284e+00  1.00205e+00  9.99313e-01
 6.32242e+00  1.00195e+00  9.99327e-01
 6.33321e+00  1.00232e+00  9.99341e-01
 6.34288e+00  1.00177e+00  9.99355e-01
 6.35182e+00  1.00206e+00  9.99367e-01
 6.36146e+00  1.00197e+00  9.99380e-01
 6.37067e+00  1.00170e+00  9.99392e-01
 6.38026e+00  1.00095e+00  9.99405e-01
 6.38876e+00  1.00075e+00  9.99416e-01
 6.39834e+00  1.00043e+00  9.99429e-01
 6.40785e+00  1.00057e+00  9.99442e-01
 6.41700e+00  9.99887e-01  9.99454e-01
 6.42618e+00  9.99833e-01  9.99465e-01
 6.43515e+00  9.99566e-01  9.99477e-01
 6.44522e+00  9.99087e-01  9.99490e-01
 6.45401e+00  9.98829e-01  9.99501e-01
 6.46359e+00  9.98443e-01  9.99513e-01
 6.47210e+00  9.98971e-01  9.99524e-01
 6.48137e+00  9.98425e-01  9.99536e-01
 6.49037e+00  9.98159e-01  9.99547e-01
 6.50034e+00  9.98338e-01  9.99559e-01
 6.50951e+00  9.98322e-01  9.99571e-01
 6.51898e+00  9.97866e-01  9.99582e-01
 6.52878e+00  9.98114e-01  9.99594e-01
 6.53734e+00  9.98213e-01  9.99604e-01
 6.54691e+00  9.98879e-01  9.99616e-01
 6.55629e+00  9.98034e-01  9.99627e-01
 6.56580e+00  9.97826e-01  9.99639e-01
 6.57449e+00  9.98354e-01  9.99649e-01
 6.58366e+00  9.98212e-01  9.99660e-01
 6.59328e+00  9.98208e-01  9.99671e-01
 6.60270e+00  9.97807e-01  9.99682e-01
 6.61224e+00  9.98564e-01  9.99693e-01
 6.62166e+00  9.98064e-01  9.99704e-01
 6.63124e+00  9.99135e-01  9.99715e-01
 6.64053e+00  9.98428e-01  9.99726e-01
 6.65014e+00  9.98638e-01  9.99737e-01
 6.65871e+00  9.99127e-01  9.99746e-01
 6.66828e+00  9.98291e-01  9.99757e-01
 6.67787e+00  1.00004e+00  9.99768e-01
 6.68724e+00  9.98938e-01  9.99779e-01
 6.69791e+00  1.00031e+00  9.99791e-01
 6.70689e+00  1.00003e+00  9.99801e-01
 6.71628e+00  1.00087e+00  9.99811e-01
 6.72484e+00  9.99900e-01  9.99821e-01
 6.73536e+00  1.00121e+00  9.99832e-01
 6.74379e+00  1.00045e+00  9.99842e-01
 6.75330e+00  1.00122e+00  9.99852e-01
 6.76199e+00  1.00156e+00  9.99862e-01
 6.77166e+00  1.00050e+00  9.99872e-01
 6.78172e+00  1.00144e+00  9.99883e-01
 6.79154e+00  1.00160e+00  9.99894e-01
 6.80169e+00  1.00156e+00  9.99905e-01
 6.81105e+00  1.00154e+00  9.99915e-01
 6.82043e+00  1.00146e+00  9.99925e-01
 6.82906e+00  1.00129e+00  9.99934e-01
 6.83954e+00  1.00115e+00  9.99946e-01
 6.84796e+00  1.00017e+00  9.99955e-01
 6.85747e+00  1.00059e+00  9.99965e-01
 6.86616e+00  1.00055e+00  9.99974e-01
 6.87534e+00  1.00040e+00  9.99984e-01
 6.88451e+00  9.99817e-01  9.99994e-01
 6.89351e+00  1.00049e+00  1.00000e+00
 6.90292e+00  9.99551e-01  1.00001e+00
 6.91135e+00  9.99722e-01  1.00002e+00
 6.92099e+00  9.99133e-01  1.00003e+00
 6.92962e+00  9.98903e-01  1.00004e+00
 6.93972e+00  9.99099e-01  1.00005e+00
 6.94870e+00  9.98459e-01  1.00006e+00
 6.95846e+00  9.98744e-01  1.00007e+00
 6.96878e+00  9.97967e-01  1.00008e+00
 6.97771e+00  9.98298e-01  1.00009e+00
 6.98711e+00  9.97837e-01  1.00010e+00
 6.99597e+00  9.97430e-01  1.00011e+00
 7.00619e+00  9.98122e-01  1.00012e+00
 7.01463e+00  9.97329e-01  1.00013e+00
 7.02413e+00  9.97624e-01  1.00014e+00
 7.03285e+00  9.97151e-01  1.00015e+00
 7.04255e+00  9.97689e-01  1.00016e+00
 7.05208e+00  9.97412e-01  1.00017e+00
 7.06105e+00  9.97784e-01  1.00018e+00
 7.07043e+00  9.98146e-01  1.00019e+00
 7.07901e+00  9.98153e-01  1.00020e+00
 7.08860e+00  9.98100e-01  1.00021e+00
 7.09732e+00  9.98260e-01  1.00022e+00
 7.10748e+00  9.98781e-01  1.00023e+00
 7.11617e+00  9.98783e-01  1.00024e+00
 7.12534e+00  9.99522e-01  1.00025e+00
 7.13452e+00  9.99342e-01  1.00026e+00
 7.14351e+00  9.99928e-01  1.00027e+00
 7.15292e+00  9.99873e-01  1.00028e+00
 7.16135e+00  9.99777e-01  1.00029e+00
 7.17100e+00  1.00092e+00  1.00030e+00
 7.17954e+00  1.00020e+00  1.00031e+00
 7.18963e+00  1.00032e+00  1.00032e+00
 7.19871e+00  1.00021e+00  1.00033e+00
 7.20777e+00  1.00124e+00  1.00034e+00
 7.21709e+00  1.00044e+00  1.00035e+00
 7.22663e+00  1.00101e+00  1.00036e+00
 7.23626e+00  1.00053e+00  1.00037e+00
 7.24469e+00  1.00075e+00  1.00038e+00
 7.25432e+00  1.00051e+00  1.00039e+00
 7.26287e+00  1.00026e+00  1.00040e+00
 7.27206e+00  1.00027e+00  1.00041e+00
 7.28128e+00  1.00106e+00  1.00042e+00
 7.29093e+00  1.00066e+00  1.00043e+00
 7.30055e+00  1.00106e+00  1.00045e+00
 7.31018e+00  1.00093e+00  1.00046e+00
 7.31958e+00  1.00056e+00  1.00047e+00
 7.32867e+00  1.00045e+00  1.00048e+00
 7.33954e+00  9.99893e-01  1.00049e+00
 7.34797e+00  1.00019e+00  1.00050e+00
 7.35811e+00  1.00039e+00  1.00051e+00
 7.36880e+00  9.99869e-01  1.00052e+00
 7.37932e+00  9.99772e-01  1.00053e+00
 7.38884e+00  9.98915e-01  1.00054e+00
 7.39916e+00  9.99098e-01  1.00056e+00
 7.40956e+00  9.98642e-01  1.00057e+00
 7.41891e+00  9.98375e-01  1.00058e+00
 7.42917e+00  9.98483e-01  1.00059e+00
 7.43874e+00  9.98485e-01  1.00060e+00
 7.44847e+00  9.97784e-01  1.00061e+00
 7.45777e+00  9.97033e-01  1.00062e+00
 7.46768e+00  9.97611e-01  1.00063e+00
 7.47883e+00  9.97576e-01  1.00065e+00
 7.48914e+00  9.97106e-01  1.00066e+00
 7.49857e+00  9.97340e-01  1.00067e+00
 7.50809e+00  9.97191e-01  1.00068e+00
 7.51801e+00  9.97469e-01  1.00069e+00
 7.52803e+00  9.97559e-01  1.00070e+00
 7.53765e+00  9.97456e-01  1.00071e+00
 7.54793e+00  9.98518e-01  1.00073e+00
 7.55743e+00  9.97664e-01  1.00074e+00
 7.56777e+00  9.98055e-01  1.00075e+00
 7.57723e+00  9.98465e-01  1.00076e+00
 7.58826e+00  9.99304e-01  1.00077e+00
 7.59805e+00  9.99318e-01  1.00078e+00
 7.60861e+00  9.99193e-01  1.00079e+00
 7.62151e+00  1.00021e+00  1.00081e+00
 7.63459e+00  1.00079e+00  1.00082e+00
 7.64744e+00  1.00109e+00  1.00083e+00
 7.65889e+00  1.00112e+00  1.00084e+00
 7.67081e+00  1.00111e+00  1.00086e+00
 7.68193e+00  1.00114e+00  1.00087e+00
 7.69391e+00  1.00201e+00  1.00088e+00
 7.70587e+00  1.00158e+00  1.00089e+00
 7.71793e+00  1.00216e+00  1.00090e+00
 7.72970e+00  1.00128e+00  1.00091e+00
 7.74122e+00  1.00208e+00  1.00092e+00
 7.75483e+00  1.00167e+00  1.00094e+00
 7.76637e+00  1.00141e+00  1.00095e+00
 7.77833e+00  1.00042e+00  1.00096e+00
 7.78972e+00  1.00098e+00  1.00096e+00
 7.80185e+00  1.00041e+00  1.00097e+00
 7.81423e+00  1.00040e+00  1.00098e+00
 7.82661e+00  9.99965e-01  1.00099e+00
 7.84054e+00  9.99435e-01  1.00100e+00
 7.85222e+00  9.99387e-01  1.00101e+00
 7.86375e+00  9.99463e-01  1.00101e+00
 7.87554e+00  9.98655e-01  1.00102e+00
 7.88697e+00  9.99237e-01  1.00102e+00
 7.89875e+00  9.98377e-01  1.00103e+00
 7.91089e+00  9.98568e-01  1.00103e+00
 7.92308e+00  9.98634e-01  1.00103e+00
 7.93427e+00  9.97770e-01  1.00104e+00
 7.94600e+00  9.98617e-01  1.00104e+00
 7.95767e+00  9.98137e-01  1.00104e+00
 7.96911e+00  9.98433e-01  1.00104e+00
 7.98090e+00  9.97847e-01  1.00103e+00
 7.99222e+00  9.98484e-01  1.00103e+00
 8.00413e+00  9.97922e-01  1.00103e+00
 8.01528e+00  9.98276e-01  1.00102e+00
 8.02734e+00  9.98591e-01  1.00101e+00
 8.04073e+00  9.97461e-01  1.00101e+00
 8.05463e+00  9.98803e-01  1.00099e+00
 8.06867e+00  9.98659e-01  1.00098e+00
 8.08377e+00  9.99430e-01  1.00096e+00
 8.09763e+00  9.99565e-01  1.00094e+00
 8.11158e+00  1.00062e+00  1.00092e+00
 8.12564e+00  1.00071e+00  1.00090e+00
 8.13931e+00  1.00089e+00  1.00087e+00
 8.15324e+00  1.00133e+00  1.00084e+00
 8.16731e+00  1.00167e+00  1.00080e+00
 8.18097e+00  1.00223e+00  1.00077e+00
 8.19491e+00  1.00157e+00  1.00073e+00
 8.20897e+00  1.00143e+00  1.00068e+00
 8.22263e+00  1.00123e+00  1.00063e+00
 8.23658e+00  1.00081e+00  1.00058e+00
 8.25064e+00  1.00043e+00  1.00052e+00
 8.26461e+00  1.00047e+00  1.00046e+00
 8.27964e+00  1.00019e+00  1.00038e+00
 8.29383e+00  9.99512e-01  1.00031e+00
 8.30724e+00  9.99193e-01  1.00023e+00
 8.32130e+00  9.99385e-01  1.00014e+00
 8.33549e+00  9.99183e-01  1.00005e+00
 8.34891e+00  9.98504e-01  9.99959e-01
 8.36297e+00  9.98345e-01  9.99855e-01
 8.37716e+00  9.98455e-01  9.99743e-01
 8.39058e+00  9.98254e-01  9.99632e-01
 8.40464e+00  9.98041e-01  9.99508e-01
 8.41884e+00  9.97609e-01  9.99376e-01
 8.43382e+00  9.97860e-01  9.99230e-01
 8.44958e+00  9.97549e-01  9.99067e-01
 8.46451e+00  9.97651e-01  9.98905e-01
 8.47823e+00  9.97273e-01  9.98750e-01
 8.49214e+00  9.97950e-01  9.98586e-01
 8.50452e+00  1.01446e+00  9.98436e-01
 8.51606e+00  1.00766e+00  9.98291e-01
