168
 1.67600e-02  1.00064e+00  1.00077e+00
 5.09780e-02  1.00046e+00  1.00025e+00
 8.59440e-02  9.99898e-01  9.99813e-01
 1.20940e-01  9.99076e-01  9.99477e-01
 1.55572e-01  9.98718e-01  9.99232e-01
 1.97626e-01  9.98575e-01  9.99031e-01
 2.39236e-01  9.98122e-01  9.98915e-01
 2.82148e-01  9.98063e-01  9.98861e-01
 3.25898e-01  9.97839e-01  9.98855e-01
 3.67568e-01  9.98006e-01  9.98881e-01
 4.09228e-01  9.98311e-01  9.98928e-01
 4.52978e-01  9.98139e-01  9.98992e-01
 4.97495e-01  9.98500e-01  9.99065e-01
 5.42558e-01  9.98892e-01  9.99143e-01
 5.85056e-01  9.98745e-01  9.99217e-01
 6.30058e-01  9.98803e-01  9.99295e-01
 6.71728e-01  9.99403e-01  9.99364e-01
 7.13388e-01  9.99285e-01  9.99431e-01
 7.57138e-01  9.99821e-01  9.99498e-01
 8.00898e-01  9.99590e-01  9.99561e-01
 8.42548e-01  1.00003e+00  9.99617e-01
 8.86257e-01  1.00011e+00  9.99673e-01
 9.30068e-01  1.00012e+00  9.99726e-01
 9.71718e-01  1.00030e+00  9.99772e-01
 1.01756e+00  1.00039e+00  9.99821e-01
 1.05923e+00  1.00011e+00  9.99862e-01
 1.10506e+00  1.00009e+00  9.99904e-01
 1.14672e+00  9.99938e-01  9.99941e-01
 1.18840e+00  1.00031e+00  9.99975e-01
 1.23259e+00  1.00021e+00  1.00001e+00
 1.28005e+00  1.00024e+00  1.00004e+00
 1.32173e+00  1.00015e+00  1.00007e+00
 1.36757e+00  1.00042e+00  1.00010e+00
 1.40923e+00  1.00021e+00  1.00013e+00
 1.45299e+00  1.00043e+00  1.00015e+00
 1.49750e+00  1.00053e+00  1.00017e+00
 1.54257e+00  1.00026e+00  1.00020e+00
 1.58423e+00  1.00037e+00  1.00021e+00
 1.62590e+00  1.00018e+00  1.00023e+00
 1.66846e+00  1.00027e+00  1.00025e+00
 1.71429e+00  9.99848e-01  1.00027e+00
 1.75923e+00  1.00015e+00  1.00028e+00
 1.80092e+00  1.00002e+00  1.00029e+00
 1.84674e+00  1.00003e+00  1.00030e+00
 1.88840e+00  1.00002e+00  1.00031e+00
 1.93347e+00  9.99928e-01  1.00032e+00
 1.97591e+00  1.00017e+00  1.00033e+00
 2.01757e+00  1.00015e+00  1.00033e+00
 2.06006e+00  1.00026e+00  1.00033e+00
 2.10508e+00  1.00024e+00  1.00033e+00
 2.14674e+00  9.99975e-01  1.00032e+00
 2.18840e+00  1.00011e+00  1.00031e+00
 2.23134e+00  9.99998e-01  1.00030e+00
 2.27301e+00  9.99240e-01  1.00028e+00
 2.30755e+00  9.99816e-01  1.00026e+00
 2.34301e+00  9.99920e-01  1.00024e+00
 2.38423e+00  1.00013e+00  1.00021e+00
 2.42510e+00  9.98593e-01  1.00016e+00
 2.46754e+00  9.99197e-01  1.00011e+00
 2.51374e+00  9.99416e-01  1.00005e+00
 2.56291e+00  1.00011e+00  9.99966e-01
 2.61501e+00  9.99995e-01  9.99861e-01
 2.66708e+00  9.99740e-01  9.99739e-01
 2.71999e+00  9.99211e-01  9.99602e-01
 2.76418e+00  9.98712e-01  9.99482e-01
 2.80832e+00  9.98981e-01  9.99367e-01
 2.85587e+00  9.98653e-01  9.99265e-01
 2.89752e+00  9.99186e-01  9.99216e-01
 2.93919e+00  9.99857e-01  9.99232e-01
 2.98087e+00  1.00027e+00  9.99346e-01
 3.02252e+00  1.00060e+00  9.99596e-01
 3.06419e+00  1.00142e+00  1.00002e+00
 3.10921e+00  1.00214e+00  1.00069e+00
 3.15585e+00  1.00225e+00  1.00161e+00
 3.19753e+00  1.00315e+00  1.00256e+00
 3.23921e+00  1.00354e+00  1.00350e+00
 3.28295e+00  1.00375e+00  1.00432e+00
 3.32467e+00  1.00423e+00  1.00480e+00
 3.35964e+00  1.00457e+00  1.00489e+00
 3.39638e+00  1.00443e+00  1.00469e+00
 3.43504e+00  1.00414e+00  1.00418e+00
 3.47670e+00  1.00389e+00  1.00341e+00
 3.51837e+00  1.00244e+00  1.00253e+00
 3.56004e+00  1.00181e+00  1.00166e+00
 3.60834e+00  1.00064e+00  1.00077e+00
 3.64256e+00  1.00046e+00  1.00025e+00
 3.67752e+00  9.99898e-01  9.99812e-01
 3.71252e+00  9.99076e-01  9.99477e-01
 3.74715e+00  9.98718e-01  9.99232e-01
 3.78920e+00  9.98575e-01  9.99031e-01
 3.83081e+00  9.98122e-01  9.98915e-01
 3.87373e+00  9.98063e-01  9.98861e-01
 3.91748e+00  9.97839e-01  9.98855e-01
 3.95915e+00  9.98006e-01  9.98881e-01
 4.00081e+00  9.98311e-01  9.98928e-01
 4.04456e+00  9.98139e-01  9.98992e-01
 4.08907e+00  9.98500e-01  9.99065e-01
 4.13414e+00  9.98892e-01  9.99143e-01
 4.17663e+00  9.98745e-01  9.99217e-01
 4.22164e+00  9.98803e-01  9.99295e-01
 4.26331e+00  9.99403e-01  9.99364e-01
 4.30497e+00  9.99285e-01  9.99431e-01
 4.34872e+00  9.99821e-01  9.99498e-01
 4.39248e+00  9.99590e-01  9.99561e-01
 4.43413e+00  1.00003e+00  9.99617e-01
 4.47784e+00  1.00011e+00  9.99673e-01
 4.52165e+00  1.00012e+00  9.99726e-01
 4.56330e+00  1.00030e+00  9.99772e-01
 4.60914e+00  1.00039e+00  9.99821e-01
 4.65081e+00  1.00011e+00  9.99862e-01
 4.69664e+00  1.00009e+00  9.99904e-01
 4.73830e+00  9.99938e-01  9.99941e-01
 4.77998e+00  1.00031e+00  9.99975e-01
 4.82417e+00  1.00021e+00  1.00001e+00
 4.87163e+00  1.00024e+00  1.00004e+00
 4.91331e+00  1.00015e+00  1.00007e+00
 4.95915e+00  1.00042e+00  1.00010e+00
 5.00081e+00  1.00021e+00  1.00013e+00
 5.04457e+00  1.00043e+00  1.00015e+00
 5.08907e+00  1.00053e+00  1.00017e+00
 5.13415e+00  1.00026e+00  1.00020e+00
 5.17581e+00  1.00037e+00  1.00021e+00
 5.21748e+00  1.00018e+00  1.00023e+00
 5.26004e+00  1.00027e+00  1.00025e+00
 5.30586e+00  9.99848e-01  1.00027e+00
 5.35081e+00  1.00015e+00  1.00028e+00
 5.39250e+00  1.00002e+00  1.00029e+00
 5.43832e+00  1.00003e+00  1.00030e+00
 5.47998e+00  1.00002e+00  1.00031e+00
 5.52505e+00  9.99928e-01  1.00032e+00
 5.56749e+00  1.00017e+00  1.00033e+00
 5.60915e+00  1.00015e+00  1.00033e+00
 5.65163e+00  1.00026e+00  1.00033e+00
 5.69666e+00  1.00024e+00  1.00033e+00
 5.73832e+00  9.99975e-01  1.00032e+00
 5.77998e+00  1.00011e+00  1.00031e+00
 5.82292e+00  9.99998e-01  1.00030e+00
 5.86459e+00  9.99240e-01  1.00028e+00
 5.89913e+00  9.99816e-01  1.00026e+00
 5.93459e+00  9.99920e-01  1.00024e+00
 5.97581e+00  1.00013e+00  1.00021e+00
 6.01668e+00  9.98593e-01  1.00016e+00
 6.05912e+00  9.99197e-01  1.00011e+00
 6.10532e+00  9.99416e-01  1.00005e+00
 6.15449e+00  1.00011e+00  9.99966e-01
 6.20659e+00  9.99995e-01  9.99861e-01
 6.25866e+00  9.99740e-01  9.99739e-01
 6.31157e+00  9.99211e-01  9.99602e-01
 6.35576e+00  9.98712e-01  9.99482e-01
 6.39990e+00  9.98981e-01  9.99367e-01
 6.44744e+00  9.98653e-01  9.99265e-01
 6.48910e+00  9.99186e-01  9.99216e-01
 6.53076e+00  9.99857e-01  9.99232e-01
 6.57244e+00  1.00027e+00  9.99346e-01
 6.61410e+00  1.00060e+00  9.99596e-01
 6.65576e+00  1.00142e+00  1.00002e+00
 6.70079e+00  1.00214e+00  1.00069e+00
 6.74743e+00  1.00225e+00  1.00161e+00
 6.78910e+00  1.00315e+00  1.00256e+00
 6.83078e+00  1.00354e+00  1.00350e+00
 6.87453e+00  1.00375e+00  1.00432e+00
 6.91624e+00  1.00423e+00  1.00480e+00
 6.95122e+00  1.00457e+00  1.00489e+00
 6.98796e+00  1.00443e+00  1.00469e+00
 7.02661e+00  1.00414e+00  1.00418e+00
 7.06828e+00  1.00389e+00  1.00341e+00
 7.10995e+00  1.00244e+00  1.00253e+00
 7.15161e+00  1.00181e+00  1.00166e+00
