444
 1.25660e-02  9.98037e-01  9.95340e-01
 3.62290e-02  9.99341e-01  9.94838e-01
 6.34700e-02  9.98666e-01  9.94251e-01
 8.80780e-02  9.98415e-01  9.93713e-01
 1.14755e-01  9.98816e-01  9.93123e-01
 1.44589e-01  9.99624e-01  9.92458e-01
 1.76330e-01  9.97133e-01  9.91745e-01
 2.03912e-01  1.00013e+00  9.91125e-01
 2.33013e-01  9.99199e-01  9.90472e-01
 2.60142e-01  9.99233e-01  9.89867e-01
 2.85314e-01  1.00228e+00  9.89311e-01
 3.11710e-01  1.00286e+00  9.88736e-01
 3.42307e-01  9.97812e-01  9.88082e-01
 3.67066e-01  1.00188e+00  9.87566e-01
 3.92307e-01  1.01686e+00  9.87054e-01
 4.16372e-01  1.00289e+00  9.86582e-01
 4.40890e-01  9.99939e-01  9.86118e-01
 4.65729e-01  1.00036e+00  9.85668e-01
 4.89725e-01  9.99816e-01  9.85255e-01
 5.15680e-01  9.98408e-01  9.84835e-01
 5.42228e-01  1.00247e+00  9.84436e-01
 5.68713e-01  1.00002e+00  9.84071e-01
 5.96034e-01  1.00193e+00  9.71619e-01
 6.22381e-01  9.97077e-01  9.71332e-01
 6.51149e-01  9.98457e-01  9.71066e-01
 6.80490e-01  9.98624e-01  9.70847e-01
 7.09901e-01  9.94985e-01  9.70685e-01
 7.34901e-01  9.97042e-01  9.70594e-01
 7.60353e-01  9.99601e-01  9.70546e-01
 7.85816e-01  9.97792e-01  9.70547e-01
 8.08987e-01  9.96925e-01  9.82703e-01
 8.33032e-01  9.96955e-01  9.82790e-01
 8.61760e-01  9.99975e-01  9.82952e-01
 8.85373e-01  9.92529e-01  9.83133e-01
 9.08475e-01  9.87458e-01  9.83352e-01
 9.33736e-01  9.82834e-01  9.83639e-01
 9.59630e-01  9.77284e-01  9.83983e-01
 9.87453e-01  9.72078e-01  9.84409e-01
 1.01591e+00  9.65696e-01  9.84903e-01
 1.04457e+00  9.64787e-01  9.85457e-01
 1.07330e+00  9.63335e-01  9.86067e-01
 1.10017e+00  9.63880e-01  9.86685e-01
 1.12765e+00  9.69569e-01  9.87359e-01
 1.15387e+00  9.67900e-01  9.88041e-01
 1.18306e+00  9.72080e-01  9.88837e-01
 1.21123e+00  9.80426e-01  9.89640e-01
 1.23996e+00  9.85651e-01  9.90486e-01
 1.27188e+00  9.91406e-01  9.91453e-01
 1.30154e+00  9.92271e-01  9.92370e-01
 1.32865e+00  9.93295e-01  9.93217e-01
 1.35798e+00  9.93916e-01  9.94137e-01
 1.38814e+00  9.94725e-01  9.95079e-01
 1.41431e+00  9.92920e-01  9.95888e-01
 1.44015e+00  9.96442e-01  9.96674e-01
 1.46638e+00  9.93883e-01  9.97454e-01
 1.49250e+00  9.93850e-01  9.98209e-01
 1.51939e+00  9.93469e-01  9.98958e-01
 1.54691e+00  9.92800e-01  9.99690e-01
 1.57446e+00  9.95453e-01  1.00039e+00
 1.60897e+00  9.95426e-01  1.00119e+00
 1.64091e+00  9.96562e-01  1.00188e+00
 1.66681e+00  9.96625e-01  1.00238e+00
 1.69346e+00  9.97837e-01  1.00285e+00
 1.72166e+00  1.00070e+00  1.00329e+00
 1.74764e+00  1.00131e+00  1.00364e+00
 1.77349e+00  1.00248e+00  1.00394e+00
 1.79971e+00  1.00140e+00  1.00419e+00
 1.82583e+00  1.00645e+00  1.00438e+00
 1.85181e+00  1.00738e+00  1.00452e+00
 1.87765e+00  1.00512e+00  1.00461e+00
 1.90548e+00  1.00705e+00  1.00464e+00
 1.93258e+00  1.01065e+00  1.00462e+00
 1.95846e+00  1.01121e+00  1.00456e+00
 1.98442e+00  1.01176e+00  1.00444e+00
 2.00923e+00  1.01352e+00  1.00429e+00
 2.03349e+00  1.01360e+00  1.00410e+00
 2.05666e+00  1.01615e+00  1.00389e+00
 2.08075e+00  1.01616e+00  1.00364e+00
 2.10707e+00  1.01502e+00  1.00333e+00
 2.13538e+00  1.02008e+00  1.00296e+00
 2.15848e+00  1.01969e+00  1.00263e+00
 2.18333e+00  1.01999e+00  1.00225e+00
 2.20714e+00  1.01946e+00  1.00186e+00
 2.23181e+00  1.01466e+00  1.00145e+00
 2.25574e+00  1.01566e+00  1.00103e+00
 2.28029e+00  1.01890e+00  1.00058e+00
 2.30430e+00  1.01390e+00  1.00013e+00
 2.33174e+00  1.01530e+00  9.99608e-01
 2.35565e+00  1.01242e+00  9.99144e-01
 2.38237e+00  1.01199e+00  9.98622e-01
 2.41149e+00  1.01180e+00  9.98048e-01
 2.43647e+00  1.00765e+00  9.97557e-01
 2.46242e+00  1.00559e+00  9.97048e-01
 2.49324e+00  1.00218e+00  9.96450e-01
 2.52348e+00  1.00388e+00  9.95872e-01
 2.54833e+00  1.00639e+00  9.95407e-01
 2.57288e+00  1.00486e+00  9.94956e-01
 2.59734e+00  1.00094e+00  9.94519e-01
 2.62380e+00  1.00213e+00  9.94059e-01
 2.64689e+00  1.00197e+00  9.93670e-01
 2.67174e+00  1.00270e+00  9.93267e-01
 2.70133e+00  1.00058e+00  9.92806e-01
 2.73022e+00  9.99622e-01  9.92379e-01
 2.75340e+00  9.99604e-01  9.92054e-01
 2.77657e+00  9.98655e-01  9.91744e-01
 2.80295e+00  1.00010e+00  9.91412e-01
 2.82866e+00  1.00030e+00  9.91108e-01
 2.85454e+00  9.97757e-01  9.90823e-01
 2.88237e+00  9.97429e-01  9.90540e-01
 2.91222e+00  9.97006e-01  9.90265e-01
 2.94040e+00  9.98319e-01  9.90031e-01
 2.96687e+00  9.96711e-01  9.89834e-01
 2.99273e+00  9.96745e-01  9.89664e-01
 3.01890e+00  9.94731e-01  9.89513e-01
 3.04739e+00  9.96293e-01  9.89374e-01
 3.07866e+00  9.96305e-01  9.89249e-01
 3.10797e+00  9.96581e-01  9.89160e-01
 3.13604e+00  9.92584e-01  9.89098e-01
 3.16199e+00  9.89078e-01  9.89062e-01
 3.18830e+00  9.87778e-01  9.89044e-01
 3.21822e+00  9.85209e-01  9.89048e-01
 3.24626e+00  9.78771e-01  9.89073e-01
 3.27465e+00  9.75225e-01  9.89119e-01
 3.30270e+00  9.73430e-01  9.74502e-01
 3.32867e+00  9.73337e-01  9.74580e-01
 3.35705e+00  9.74565e-01  9.74683e-01
 3.38488e+00  9.72517e-01  9.74802e-01
 3.41199e+00  9.78211e-01  9.89615e-01
 3.44114e+00  9.82985e-01  9.89773e-01
 3.47380e+00  9.86083e-01  9.89970e-01
 3.50246e+00  9.92726e-01  9.90159e-01
 3.53072e+00  9.95370e-01  9.90359e-01
 3.56007e+00  9.92759e-01  9.90581e-01
 3.59097e+00  9.97327e-01  9.90829e-01
 3.61773e+00  9.97885e-01  9.91055e-01
 3.64641e+00  9.99307e-01  9.91308e-01
 3.67728e+00  1.00061e+00  9.91592e-01
 3.70367e+00  1.00025e+00  9.91844e-01
 3.73205e+00  1.00585e+00  9.92123e-01
 3.76062e+00  9.99865e-01  9.92412e-01
 3.78699e+00  9.99348e-01  9.92685e-01
 3.81288e+00  1.00179e+00  9.92959e-01
 3.84097e+00  1.00004e+00  9.93262e-01
 3.86773e+00  9.99352e-01  9.93555e-01
 3.89622e+00  1.00069e+00  9.93873e-01
 3.92429e+00  1.00029e+00  9.94190e-01
 3.95588e+00  9.99504e-01  9.94550e-01
 3.98490e+00  1.00005e+00  9.94885e-01
 4.01339e+00  9.99458e-01  9.95216e-01
 4.03816e+00  9.96146e-01  9.95505e-01
 4.06132e+00  9.96593e-01  9.95776e-01
 4.08440e+00  9.98311e-01  9.96047e-01
 4.10993e+00  9.95349e-01  9.96347e-01
 4.13539e+00  9.97636e-01  9.96646e-01
 4.16152e+00  9.98560e-01  9.96952e-01
 4.19275e+00  9.96694e-01  9.97317e-01
 4.21872e+00  9.98369e-01  9.97619e-01
 4.24181e+00  9.97609e-01  9.97886e-01
 4.26501e+00  9.99055e-01  9.98153e-01
 4.29007e+00  9.98984e-01  9.98439e-01
 4.31356e+00  9.99575e-01  9.98705e-01
 4.33675e+00  1.00606e+00  9.98964e-01
 4.36323e+00  1.00048e+00  9.99258e-01
 4.39001e+00  1.00059e+00  9.99550e-01
 4.41316e+00  1.00188e+00  9.99799e-01
 4.43632e+00  1.00212e+00  1.00005e+00
 4.45940e+00  1.00107e+00  1.00029e+00
 4.48796e+00  1.00330e+00  1.00058e+00
 4.51476e+00  1.00408e+00  1.00085e+00
 4.54739e+00  1.00266e+00  1.00117e+00
 4.57726e+00  1.00211e+00  1.00145e+00
 4.60755e+00  9.80848e-01  1.00173e+00
 4.63382e+00  1.00284e+00  1.00196e+00
 4.66541e+00  1.00267e+00  1.00223e+00
 4.69859e+00  1.00402e+00  1.00250e+00
 4.72498e+00  1.00250e+00  1.00270e+00
 4.75458e+00  1.00423e+00  1.00292e+00
 4.78257e+00  1.00480e+00  1.00312e+00
 4.81066e+00  1.00446e+00  1.00331e+00
 4.83790e+00  1.00394e+00  1.00347e+00
 4.86639e+00  1.00437e+00  1.00364e+00
 4.89508e+00  1.00291e+00  1.00379e+00
 4.92518e+00  1.00373e+00  1.00394e+00
 4.95393e+00  1.00364e+00  1.00406e+00
 4.97979e+00  1.00336e+00  1.00416e+00
 5.00784e+00  1.00110e+00  1.00425e+00
 5.03724e+00  1.00198e+00  1.00433e+00
 5.06552e+00  1.00132e+00  1.00440e+00
 5.09463e+00  1.00164e+00  1.00444e+00
 5.12152e+00  1.00160e+00  1.00447e+00
 5.15040e+00  1.00176e+00  1.00448e+00
 5.18050e+00  1.00249e+00  1.00448e+00
 5.20649e+00  1.00040e+00  1.00446e+00
 5.23441e+00  1.00163e+00  1.00441e+00
 5.26453e+00  1.00211e+00  1.00435e+00
 5.29229e+00  1.00250e+00  1.00427e+00
 5.31877e+00  1.00349e+00  1.00418e+00
 5.34463e+00  1.00468e+00  1.00407e+00
 5.37059e+00  1.00552e+00  1.00394e+00
 5.39648e+00  1.00497e+00  1.00380e+00
 5.42291e+00  1.00565e+00  1.00363e+00
 5.44881e+00  1.00531e+00  1.00346e+00
 5.47474e+00  1.00406e+00  1.00326e+00
 5.50225e+00  1.00406e+00  1.00303e+00
 5.52963e+00  1.00556e+00  1.00278e+00
 5.55550e+00  1.00454e+00  1.00253e+00
 5.58149e+00  1.01086e+00  1.00225e+00
 5.61150e+00  1.00388e+00  1.00191e+00
 5.64185e+00  1.00223e+00  1.00154e+00
 5.66563e+00  1.00207e+00  1.00124e+00
 5.69092e+00  1.00176e+00  1.00089e+00
 5.71594e+00  1.00337e+00  1.00054e+00
 5.74368e+00  1.00116e+00  1.00012e+00
 5.77148e+00  1.00047e+00  9.99686e-01
 5.79741e+00  1.00036e+00  9.99261e-01
 5.82058e+00  1.00048e+00  9.98867e-01
 5.84600e+00  9.99021e-01  9.98420e-01
 5.87009e+00  9.97634e-01  9.97982e-01
 5.89466e+00  9.98450e-01  9.97522e-01
 5.91773e+00  9.96932e-01  9.97079e-01
 5.94303e+00  1.00922e+00  9.96579e-01
 5.96873e+00  9.98212e-01  9.96060e-01
 6.00342e+00  9.98037e-01  9.95340e-01
 6.02708e+00  9.99341e-01  9.94838e-01
 6.05433e+00  9.98666e-01  9.94251e-01
 6.07893e+00  9.98415e-01  9.93713e-01
 6.10561e+00  9.98816e-01  9.93123e-01
 6.13544e+00  9.99624e-01  9.92458e-01
 6.16718e+00  9.97133e-01  9.91745e-01
 6.19477e+00  1.00013e+00  9.91125e-01
 6.22387e+00  9.99199e-01  9.90472e-01
 6.25100e+00  9.99233e-01  9.89867e-01
 6.27617e+00  1.00228e+00  9.89311e-01
 6.30257e+00  1.00286e+00  9.88736e-01
 6.33316e+00  9.97812e-01  9.88082e-01
 6.35792e+00  1.00188e+00  9.87566e-01
 6.38316e+00  1.01686e+00  9.87054e-01
 6.40723e+00  1.00289e+00  9.86582e-01
 6.43175e+00  9.99939e-01  9.86118e-01
 6.45658e+00  1.00036e+00  9.85668e-01
 6.48058e+00  9.99816e-01  9.85255e-01
 6.50653e+00  9.98408e-01  9.84835e-01
 6.53308e+00  1.00247e+00  9.84436e-01
 6.55957e+00  1.00002e+00  9.84071e-01
 6.58689e+00  1.00193e+00  9.71619e-01
 6.61324e+00  9.97077e-01  9.71332e-01
 6.64200e+00  9.98457e-01  9.71066e-01
 6.67134e+00  9.98624e-01  9.70847e-01
 6.70076e+00  9.94985e-01  9.70685e-01
 6.72576e+00  9.97042e-01  9.70594e-01
 6.75121e+00  9.99601e-01  9.70546e-01
 6.77667e+00  9.97792e-01  9.70547e-01
 6.79984e+00  9.96925e-01  9.82703e-01
 6.82389e+00  9.96955e-01  9.82790e-01
 6.85262e+00  9.99975e-01  9.82952e-01
 6.87623e+00  9.92529e-01  9.83133e-01
 6.89933e+00  9.87458e-01  9.83352e-01
 6.92459e+00  9.82834e-01  9.83639e-01
 6.95048e+00  9.77284e-01  9.83983e-01
 6.97831e+00  9.72078e-01  9.84409e-01
 7.00676e+00  9.65696e-01  9.84902e-01
 7.03542e+00  9.64787e-01  9.85457e-01
 7.06415e+00  9.63335e-01  9.86067e-01
 7.09103e+00  9.63880e-01  9.86685e-01
 7.11850e+00  9.69569e-01  9.87359e-01
 7.14473e+00  9.67900e-01  9.88041e-01
 7.17392e+00  9.72080e-01  9.88837e-01
 7.20208e+00  9.80426e-01  9.89640e-01
 7.23081e+00  9.85651e-01  9.90486e-01
 7.26273e+00  9.91406e-01  9.91453e-01
 7.29240e+00  9.92271e-01  9.92370e-01
 7.31951e+00  9.93295e-01  9.93217e-01
 7.34884e+00  9.93916e-01  9.94137e-01
 7.37899e+00  9.94725e-01  9.95079e-01
 7.40517e+00  9.92920e-01  9.95888e-01
 7.43100e+00  9.96442e-01  9.96674e-01
 7.45724e+00  9.93883e-01  9.97454e-01
 7.48335e+00  9.93850e-01  9.98208e-01
 7.51024e+00  9.93469e-01  9.98957e-01
 7.53776e+00  9.92800e-01  9.99690e-01
 7.56532e+00  9.95453e-01  1.00039e+00
 7.59982e+00  9.95426e-01  1.00119e+00
 7.63176e+00  9.96562e-01  1.00188e+00
 7.65766e+00  9.96625e-01  1.00238e+00
 7.68432e+00  9.97837e-01  1.00285e+00
 7.71251e+00  1.00070e+00  1.00329e+00
 7.73850e+00  1.00131e+00  1.00364e+00
 7.76434e+00  1.00248e+00  1.00394e+00
 7.79057e+00  1.00140e+00  1.00419e+00
 7.81668e+00  1.00645e+00  1.00438e+00
 7.84267e+00  1.00738e+00  1.00452e+00
 7.86850e+00  1.00512e+00  1.00461e+00
 7.89633e+00  1.00705e+00  1.00464e+00
 7.92343e+00  1.01065e+00  1.00462e+00
 7.94932e+00  1.01121e+00  1.00456e+00
 7.97527e+00  1.01176e+00  1.00444e+00
 8.00008e+00  1.01352e+00  1.00429e+00
 8.02434e+00  1.01360e+00  1.00410e+00
 8.04751e+00  1.01615e+00  1.00389e+00
 8.07161e+00  1.01616e+00  1.00364e+00
 8.09792e+00  1.01502e+00  1.00333e+00
 8.12624e+00  1.02008e+00  1.00296e+00
 8.14933e+00  1.01969e+00  1.00263e+00
 8.17419e+00  1.01999e+00  1.00225e+00
 8.19799e+00  1.01946e+00  1.00186e+00
 8.22266e+00  1.01466e+00  1.00145e+00
 8.24660e+00  1.01566e+00  1.00103e+00
 8.27114e+00  1.01890e+00  1.00058e+00
 8.29516e+00  1.01390e+00  1.00013e+00
 8.32259e+00  1.01530e+00  9.99608e-01
 8.34651e+00  1.01242e+00  9.99145e-01
 8.37322e+00  1.01199e+00  9.98622e-01
 8.40234e+00  1.01180e+00  9.98049e-01
 8.42732e+00  1.00765e+00  9.97557e-01
 8.45328e+00  1.00559e+00  9.97048e-01
 8.48410e+00  1.00218e+00  9.96450e-01
 8.51433e+00  1.00388e+00  9.95872e-01
 8.53918e+00  1.00639e+00  9.95407e-01
 8.56374e+00  1.00486e+00  9.94957e-01
 8.58820e+00  1.00094e+00  9.94519e-01
 8.61465e+00  1.00213e+00  9.94059e-01
 8.63774e+00  1.00197e+00  9.93671e-01
 8.66259e+00  1.00270e+00  9.93267e-01
 8.69219e+00  1.00058e+00  9.92806e-01
 8.72107e+00  9.99622e-01  9.92379e-01
 8.74426e+00  9.99604e-01  9.92054e-01
 8.76743e+00  9.98655e-01  9.91744e-01
 8.79380e+00  1.00010e+00  9.91412e-01
 8.81952e+00  1.00030e+00  9.91108e-01
 8.84539e+00  9.97757e-01  9.90823e-01
 8.87322e+00  9.97429e-01  9.90541e-01
 8.90308e+00  9.97006e-01  9.90265e-01
 8.93125e+00  9.98319e-01  9.90031e-01
 8.95773e+00  9.96711e-01  9.89834e-01
 8.98358e+00  9.96745e-01  9.89664e-01
 9.00975e+00  9.94731e-01  9.89513e-01
 9.03825e+00  9.96293e-01  9.89374e-01
 9.06952e+00  9.96305e-01  9.89249e-01
 9.09883e+00  9.96581e-01  9.89160e-01
 9.12689e+00  9.92584e-01  9.89098e-01
 9.15285e+00  9.89078e-01  9.89062e-01
 9.17915e+00  9.87778e-01  9.89044e-01
 9.20908e+00  9.85209e-01  9.89048e-01
 9.23711e+00  9.78771e-01  9.89073e-01
 9.26551e+00  9.75225e-01  9.89119e-01
 9.29355e+00  9.73430e-01  9.74502e-01
 9.31953e+00  9.73337e-01  9.74580e-01
 9.34790e+00  9.74565e-01  9.74683e-01
 9.37574e+00  9.72517e-01  9.74801e-01
 9.40285e+00  9.78211e-01  9.89615e-01
 9.43200e+00  9.82985e-01  9.89773e-01
 9.46465e+00  9.86083e-01  9.89970e-01
 9.49331e+00  9.92726e-01  9.90159e-01
 9.52158e+00  9.95370e-01  9.90359e-01
 9.55093e+00  9.92759e-01  9.90581e-01
 9.58182e+00  9.97327e-01  9.90829e-01
 9.60858e+00  9.97885e-01  9.91055e-01
 9.63726e+00  9.99307e-01  9.91308e-01
 9.66814e+00  1.00061e+00  9.91592e-01
 9.69453e+00  1.00025e+00  9.91844e-01
 9.72290e+00  1.00585e+00  9.92123e-01
 9.75148e+00  9.99865e-01  9.92412e-01
 9.77785e+00  9.99348e-01  9.92685e-01
 9.80373e+00  1.00179e+00  9.92959e-01
 9.83182e+00  1.00004e+00  9.93262e-01
 9.85858e+00  9.99352e-01  9.93555e-01
 9.88707e+00  1.00069e+00  9.93873e-01
 9.91514e+00  1.00029e+00  9.94189e-01
 9.94674e+00  9.99504e-01  9.94550e-01
 9.97576e+00  1.00005e+00  9.94885e-01
 1.00042e+01  9.99458e-01  9.95216e-01
 1.00290e+01  9.96146e-01  9.95505e-01
 1.00522e+01  9.96593e-01  9.95776e-01
 1.00753e+01  9.98311e-01  9.96047e-01
 1.01008e+01  9.95349e-01  9.96347e-01
 1.01262e+01  9.97636e-01  9.96646e-01
 1.01524e+01  9.98560e-01  9.96952e-01
 1.01836e+01  9.96694e-01  9.97317e-01
 1.02096e+01  9.98369e-01  9.97619e-01
 1.02327e+01  9.97609e-01  9.97886e-01
 1.02559e+01  9.99055e-01  9.98153e-01
 1.02809e+01  9.98984e-01  9.98439e-01
 1.03044e+01  9.99575e-01  9.98705e-01
 1.03276e+01  1.00606e+00  9.98964e-01
 1.03541e+01  1.00048e+00  9.99258e-01
 1.03809e+01  1.00059e+00  9.99550e-01
 1.04040e+01  1.00188e+00  9.99799e-01
 1.04272e+01  1.00212e+00  1.00005e+00
 1.04503e+01  1.00107e+00  1.00029e+00
 1.04788e+01  1.00330e+00  1.00058e+00
 1.05056e+01  1.00408e+00  1.00085e+00
 1.05382e+01  1.00266e+00  1.00117e+00
 1.05681e+01  1.00211e+00  1.00145e+00
 1.05984e+01  9.80848e-01  1.00173e+00
 1.06247e+01  1.00284e+00  1.00196e+00
 1.06563e+01  1.00267e+00  1.00223e+00
 1.06894e+01  1.00402e+00  1.00250e+00
 1.07158e+01  1.00250e+00  1.00270e+00
 1.07454e+01  1.00423e+00  1.00292e+00
 1.07734e+01  1.00480e+00  1.00312e+00
 1.08015e+01  1.00446e+00  1.00331e+00
 1.08288e+01  1.00394e+00  1.00347e+00
 1.08572e+01  1.00437e+00  1.00364e+00
 1.08859e+01  1.00291e+00  1.00379e+00
 1.09160e+01  1.00373e+00  1.00394e+00
 1.09448e+01  1.00364e+00  1.00406e+00
 1.09706e+01  1.00336e+00  1.00416e+00
 1.09987e+01  1.00110e+00  1.00425e+00
 1.10281e+01  1.00198e+00  1.00433e+00
 1.10564e+01  1.00132e+00  1.00440e+00
 1.10855e+01  1.00164e+00  1.00444e+00
 1.11124e+01  1.00160e+00  1.00447e+00
 1.11413e+01  1.00176e+00  1.00448e+00
 1.11714e+01  1.00249e+00  1.00448e+00
 1.11973e+01  1.00040e+00  1.00446e+00
 1.12253e+01  1.00163e+00  1.00441e+00
 1.12554e+01  1.00211e+00  1.00435e+00
 1.12831e+01  1.00250e+00  1.00427e+00
 1.13096e+01  1.00349e+00  1.00418e+00
 1.13355e+01  1.00468e+00  1.00407e+00
 1.13614e+01  1.00552e+00  1.00394e+00
 1.13873e+01  1.00497e+00  1.00380e+00
 1.14138e+01  1.00565e+00  1.00363e+00
 1.14397e+01  1.00531e+00  1.00346e+00
 1.14656e+01  1.00406e+00  1.00326e+00
 1.14931e+01  1.00406e+00  1.00303e+00
 1.15205e+01  1.00556e+00  1.00278e+00
 1.15464e+01  1.00454e+00  1.00253e+00
 1.15723e+01  1.01086e+00  1.00225e+00
 1.16024e+01  1.00388e+00  1.00191e+00
 1.16327e+01  1.00223e+00  1.00154e+00
 1.16565e+01  1.00207e+00  1.00124e+00
 1.16818e+01  1.00176e+00  1.00089e+00
 1.17068e+01  1.00337e+00  1.00054e+00
 1.17345e+01  1.00116e+00  1.00012e+00
 1.17623e+01  1.00047e+00  9.99686e-01
 1.17883e+01  1.00036e+00  9.99261e-01
 1.18114e+01  1.00048e+00  9.98867e-01
 1.18369e+01  9.99021e-01  9.98420e-01
 1.18609e+01  9.97634e-01  9.97982e-01
 1.18855e+01  9.98450e-01  9.97522e-01
 1.19086e+01  9.96932e-01  9.97079e-01
 1.19339e+01  1.00922e+00  9.96579e-01
 1.19596e+01  9.98212e-01  9.96060e-01
