424
 1.50310e-02  1.00182e+00  1.00223e+00
 4.59240e-02  1.00162e+00  1.00223e+00
 8.25000e-02  1.00169e+00  1.00222e+00
 1.18739e-01  1.00166e+00  1.00221e+00
 1.60168e-01  1.00245e+00  1.00219e+00
 1.96829e-01  1.00128e+00  1.00217e+00
 2.34349e-01  1.00150e+00  1.00215e+00
 2.68478e-01  1.00198e+00  1.00213e+00
 3.01451e-01  1.00194e+00  1.00211e+00
 3.34203e-01  1.00139e+00  1.00209e+00
 3.64509e-01  1.00204e+00  1.00206e+00
 3.98195e-01  1.00128e+00  1.00204e+00
 4.41473e-01  1.00061e+00  1.00200e+00
 4.77019e-01  1.00158e+00  1.00196e+00
 5.21231e-01  1.00154e+00  1.00192e+00
 5.62891e-01  1.00226e+00  1.00188e+00
 6.06777e-01  1.00180e+00  1.00183e+00
 6.50391e-01  1.00094e+00  1.00178e+00
 6.92061e-01  1.00146e+00  1.00173e+00
 7.32460e-01  1.00175e+00  1.00168e+00
 7.70105e-01  1.00218e+00  1.00163e+00
 8.11640e-01  1.00101e+00  1.00157e+00
 8.51345e-01  1.00128e+00  1.00151e+00
 8.92312e-01  1.00084e+00  1.00145e+00
 9.27134e-01  1.00167e+00  1.00140e+00
 9.62208e-01  1.00121e+00  1.00134e+00
 9.96829e-01  9.99918e-01  1.00128e+00
 1.03732e+00  1.00187e+00  1.00121e+00
 1.07296e+00  1.00029e+00  1.00115e+00
 1.10931e+00  1.00123e+00  1.00108e+00
 1.14705e+00  1.00251e+00  1.00101e+00
 1.18872e+00  1.00122e+00  1.00093e+00
 1.22956e+00  1.00181e+00  1.00085e+00
 1.26801e+00  1.00092e+00  1.00077e+00
 1.30816e+00  1.00205e+00  1.00068e+00
 1.34379e+00  1.00171e+00  1.00060e+00
 1.38015e+00  1.00165e+00  1.00052e+00
 1.41939e+00  1.00150e+00  1.00042e+00
 1.45761e+00  1.00035e+00  1.00033e+00
 1.49566e+00  1.00201e+00  1.00023e+00
 1.53337e+00  1.00117e+00  1.00014e+00
 1.56939e+00  1.00185e+00  1.00004e+00
 1.59926e+00  1.00133e+00  9.99958e-01
 1.62960e+00  1.00052e+00  9.99873e-01
 1.66117e+00  9.99839e-01  9.99783e-01
 1.69623e+00  1.00049e+00  9.99680e-01
 1.72937e+00  9.99479e-01  9.99580e-01
 1.75609e+00  9.99312e-01  9.99499e-01
 1.78200e+00  9.98890e-01  9.99418e-01
 1.80910e+00  9.97621e-01  9.99332e-01
 1.83678e+00  9.98756e-01  9.99244e-01
 1.86533e+00  9.98756e-01  9.99151e-01
 1.89279e+00  9.97772e-01  9.99060e-01
 1.92296e+00  9.97980e-01  9.98959e-01
 1.95111e+00  9.98560e-01  9.98864e-01
 1.97846e+00  9.97769e-01  9.98770e-01
 2.00609e+00  9.98195e-01  9.98675e-01
 2.03258e+00  9.98336e-01  9.98584e-01
 2.06569e+00  9.97419e-01  9.98468e-01
 2.09962e+00  9.96426e-01  9.98350e-01
 2.12924e+00  9.97859e-01  9.98246e-01
 2.15887e+00  9.97188e-01  9.98144e-01
 2.19093e+00  9.97714e-01  9.98033e-01
 2.22288e+00  9.96970e-01  9.97925e-01
 2.25077e+00  9.93943e-01  9.16909e-01
 2.28166e+00  9.84062e-01  9.16809e-01
 2.31674e+00  9.67231e-01  9.16698e-01
 2.34544e+00  9.54032e-01  9.16611e-01
 2.37866e+00  9.37458e-01  9.16516e-01
 2.40701e+00  9.28664e-01  9.16439e-01
 2.43294e+00  9.19469e-01  9.16374e-01
 2.46628e+00  9.16202e-01  9.16298e-01
 2.49544e+00  9.14067e-01  9.16240e-01
 2.52243e+00  9.10283e-01  9.16194e-01
 2.55284e+00  9.12159e-01  9.16152e-01
 2.58180e+00  9.16553e-01  9.97046e-01
 2.61162e+00  9.23062e-01  9.97029e-01
 2.63862e+00  9.31741e-01  9.97027e-01
 2.66512e+00  9.42118e-01  9.97037e-01
 2.69359e+00  9.56797e-01  9.97063e-01
 2.72136e+00  9.69142e-01  9.97104e-01
 2.75077e+00  9.81944e-01  9.97168e-01
 2.77831e+00  9.92523e-01  9.97247e-01
 2.80676e+00  9.96550e-01  9.97350e-01
 2.83886e+00  9.96265e-01  9.97495e-01
 2.86532e+00  9.96247e-01  9.97637e-01
 2.89128e+00  9.96459e-01  9.97799e-01
 2.91916e+00  9.96851e-01  9.97999e-01
 2.94866e+00  9.97835e-01  9.98240e-01
 2.97877e+00  9.97722e-01  9.98520e-01
 3.00838e+00  9.97599e-01  9.98828e-01
 3.03443e+00  9.97917e-01  9.99128e-01
 3.06210e+00  9.98486e-01  9.99474e-01
 3.09313e+00  9.97915e-01  9.99899e-01
 3.12575e+00  9.99449e-01  1.00038e+00
 3.15491e+00  9.98463e-01  1.00085e+00
 3.18539e+00  1.00019e+00  1.00137e+00
 3.22092e+00  1.00029e+00  1.00200e+00
 3.25077e+00  1.00098e+00  1.00256e+00
 3.27925e+00  1.00191e+00  1.00311e+00
 3.31152e+00  1.00250e+00  1.00375e+00
 3.34171e+00  1.00402e+00  1.00434e+00
 3.36777e+00  1.00500e+00  1.00485e+00
 3.39394e+00  1.00590e+00  1.00535e+00
 3.42008e+00  1.00694e+00  1.00584e+00
 3.44625e+00  1.00693e+00  1.00630e+00
 3.47193e+00  1.00870e+00  1.00672e+00
 3.49810e+00  1.00948e+00  1.00710e+00
 3.52427e+00  1.00965e+00  1.00745e+00
 3.55585e+00  1.01145e+00  1.00778e+00
 3.58411e+00  1.01232e+00  1.00801e+00
 3.61382e+00  1.01311e+00  1.00816e+00
 3.64544e+00  1.01331e+00  1.00821e+00
 3.67504e+00  1.01334e+00  1.00816e+00
 3.70111e+00  1.01270e+00  1.00802e+00
 3.72877e+00  1.01312e+00  1.00777e+00
 3.75609e+00  1.01343e+00  1.00744e+00
 3.78349e+00  1.01242e+00  1.00701e+00
 3.81210e+00  1.01192e+00  1.00648e+00
 3.84171e+00  1.01128e+00  1.00582e+00
 3.86869e+00  1.00952e+00  1.00515e+00
 3.90029e+00  1.00833e+00  1.00429e+00
 3.93027e+00  1.00663e+00  1.00341e+00
 3.95850e+00  1.00567e+00  1.00253e+00
 3.99031e+00  1.00414e+00  1.00151e+00
 4.01627e+00  1.00364e+00  1.00066e+00
 4.04243e+00  1.00176e+00  9.99802e-01
 4.07029e+00  9.99358e-01  9.98901e-01
 4.09784e+00  9.99401e-01  9.98032e-01
 4.12575e+00  9.97757e-01  9.97186e-01
 4.15306e+00  9.96275e-01  9.96400e-01
 4.18024e+00  9.96196e-01  9.95668e-01
 4.20643e+00  9.95234e-01  9.95015e-01
 4.23257e+00  9.93936e-01  9.94420e-01
 4.26094e+00  9.94703e-01  9.93841e-01
 4.28709e+00  9.93643e-01  9.93373e-01
 4.31722e+00  9.93003e-01  9.92912e-01
 4.34448e+00  9.92331e-01  9.92567e-01
 4.37158e+00  9.92113e-01  9.92292e-01
 4.39926e+00  9.93078e-01  9.92079e-01
 4.42537e+00  9.92025e-01  9.91937e-01
 4.45109e+00  9.85376e-01  9.91852e-01
 4.47725e+00  9.72225e-01  9.91816e-01
 4.50340e+00  9.57278e-01  8.68280e-01
 4.53348e+00  9.37986e-01  8.68350e-01
 4.56057e+00  9.20326e-01  8.68458e-01
 4.58676e+00  9.07355e-01  8.68599e-01
 4.61287e+00  8.96809e-01  8.68772e-01
 4.63859e+00  8.90644e-01  8.68969e-01
 4.66718e+00  8.90186e-01  8.69215e-01
 4.69356e+00  8.90112e-01  8.69464e-01
 4.71948e+00  8.91149e-01  8.69725e-01
 4.74749e+00  8.92753e-01  8.70023e-01
 4.77426e+00  9.03022e-01  9.93868e-01
 4.80050e+00  9.15491e-01  9.94166e-01
 4.83085e+00  9.32705e-01  9.94518e-01
 4.85757e+00  9.52170e-01  9.94831e-01
 4.88372e+00  9.68859e-01  9.95138e-01
 4.91126e+00  9.83291e-01  9.95461e-01
 4.93824e+00  9.93322e-01  9.95774e-01
 4.96442e+00  9.97363e-01  9.96075e-01
 4.99179e+00  9.96826e-01  9.96385e-01
 5.01893e+00  9.96164e-01  9.96685e-01
 5.04507e+00  9.97593e-01  9.96968e-01
 5.07285e+00  9.98332e-01  9.97260e-01
 5.10225e+00  9.97758e-01  9.97560e-01
 5.12840e+00  9.99123e-01  9.97818e-01
 5.15457e+00  9.99450e-01  9.98068e-01
 5.18208e+00  9.99654e-01  9.98321e-01
 5.20910e+00  9.99643e-01  9.98560e-01
 5.23636e+00  1.00090e+00  9.98791e-01
 5.26602e+00  1.00037e+00  9.99032e-01
 5.29507e+00  1.00069e+00  9.99256e-01
 5.32121e+00  1.00014e+00  9.99449e-01
 5.34692e+00  1.00077e+00  9.99630e-01
 5.37305e+00  1.00060e+00  9.99805e-01
 5.39926e+00  1.00132e+00  9.99973e-01
 5.42662e+00  1.00102e+00  1.00014e+00
 5.45375e+00  1.00082e+00  1.00029e+00
 5.48200e+00  1.00033e+00  1.00045e+00
 5.50870e+00  1.00116e+00  1.00059e+00
 5.53684e+00  1.00122e+00  1.00072e+00
 5.56437e+00  1.00025e+00  1.00085e+00
 5.59207e+00  1.00070e+00  1.00097e+00
 5.61806e+00  1.00118e+00  1.00107e+00
 5.64660e+00  1.00029e+00  1.00118e+00
 5.67444e+00  1.00076e+00  1.00128e+00
 5.70107e+00  1.00072e+00  1.00136e+00
 5.72816e+00  9.99991e-01  1.00145e+00
 5.75604e+00  1.00030e+00  1.00153e+00
 5.78197e+00  1.00123e+00  1.00160e+00
 5.80789e+00  1.00125e+00  1.00166e+00
 5.83408e+00  1.00216e+00  1.00172e+00
 5.86022e+00  1.00131e+00  1.00178e+00
 5.89125e+00  1.00237e+00  1.00184e+00
 5.91740e+00  1.00184e+00  1.00189e+00
 5.94552e+00  1.00240e+00  1.00194e+00
 5.97190e+00  1.00252e+00  1.00198e+00
 5.99805e+00  1.00144e+00  1.00201e+00
 6.02724e+00  1.00257e+00  1.00205e+00
 6.05707e+00  1.00163e+00  1.00208e+00
 6.08974e+00  1.00156e+00  1.00212e+00
 6.12075e+00  1.00230e+00  1.00214e+00
 6.15523e+00  1.00265e+00  1.00217e+00
 6.18440e+00  1.00176e+00  1.00219e+00
 6.21474e+00  1.00219e+00  1.00220e+00
 6.24399e+00  1.00159e+00  1.00221e+00
 6.27401e+00  1.00252e+00  1.00222e+00
 6.30696e+00  1.00242e+00  1.00223e+00
 6.33974e+00  1.00314e+00  1.00224e+00
 6.36982e+00  1.00166e+00  1.00224e+00
 6.40431e+00  1.00242e+00  1.00224e+00
 6.43741e+00  1.00182e+00  1.00223e+00
 6.46830e+00  1.00162e+00  1.00223e+00
 6.50488e+00  1.00169e+00  1.00222e+00
 6.54112e+00  1.00166e+00  1.00221e+00
 6.58254e+00  1.00245e+00  1.00219e+00
 6.61921e+00  1.00128e+00  1.00217e+00
 6.65673e+00  1.00150e+00  1.00215e+00
 6.69085e+00  1.00198e+00  1.00213e+00
 6.72383e+00  1.00194e+00  1.00211e+00
 6.75658e+00  1.00139e+00  1.00209e+00
 6.78689e+00  1.00204e+00  1.00206e+00
 6.82057e+00  1.00128e+00  1.00204e+00
 6.86385e+00  1.00061e+00  1.00200e+00
 6.89940e+00  1.00158e+00  1.00196e+00
 6.94361e+00  1.00154e+00  1.00192e+00
 6.98527e+00  1.00226e+00  1.00188e+00
 7.02915e+00  1.00180e+00  1.00183e+00
 7.07277e+00  1.00094e+00  1.00178e+00
 7.11444e+00  1.00146e+00  1.00173e+00
 7.15484e+00  1.00175e+00  1.00168e+00
 7.19248e+00  1.00218e+00  1.00163e+00
 7.23402e+00  1.00101e+00  1.00157e+00
 7.27372e+00  1.00128e+00  1.00151e+00
 7.31469e+00  1.00084e+00  1.00145e+00
 7.34951e+00  1.00167e+00  1.00140e+00
 7.38459e+00  1.00121e+00  1.00134e+00
 7.41921e+00  9.99918e-01  1.00128e+00
 7.45970e+00  1.00187e+00  1.00121e+00
 7.49534e+00  1.00029e+00  1.00115e+00
 7.53169e+00  1.00123e+00  1.00108e+00
 7.56943e+00  1.00251e+00  1.00101e+00
 7.61110e+00  1.00122e+00  1.00093e+00
 7.65194e+00  1.00181e+00  1.00085e+00
 7.69039e+00  1.00092e+00  1.00077e+00
 7.73054e+00  1.00205e+00  1.00068e+00
 7.76617e+00  1.00171e+00  1.00060e+00
 7.80253e+00  1.00165e+00  1.00052e+00
 7.84177e+00  1.00150e+00  1.00042e+00
 7.87998e+00  1.00035e+00  1.00033e+00
 7.91804e+00  1.00201e+00  1.00023e+00
 7.95575e+00  1.00117e+00  1.00014e+00
 7.99177e+00  1.00185e+00  1.00004e+00
 8.02164e+00  1.00133e+00  9.99958e-01
 8.05198e+00  1.00052e+00  9.99873e-01
 8.08355e+00  9.99839e-01  9.99783e-01
 8.11861e+00  1.00049e+00  9.99680e-01
 8.15175e+00  9.99479e-01  9.99580e-01
 8.17847e+00  9.99312e-01  9.99499e-01
 8.20438e+00  9.98890e-01  9.99418e-01
 8.23147e+00  9.97621e-01  9.99332e-01
 8.25915e+00  9.98756e-01  9.99244e-01
 8.28771e+00  9.98756e-01  9.99151e-01
 8.31517e+00  9.97772e-01  9.99060e-01
 8.34534e+00  9.97980e-01  9.98959e-01
 8.37349e+00  9.98560e-01  9.98864e-01
 8.40083e+00  9.97769e-01  9.98770e-01
 8.42847e+00  9.98195e-01  9.98675e-01
 8.45495e+00  9.98336e-01  9.98584e-01
 8.48807e+00  9.97419e-01  9.98468e-01
 8.52200e+00  9.96426e-01  9.98350e-01
 8.55162e+00  9.97859e-01  9.98246e-01
 8.58124e+00  9.97188e-01  9.98144e-01
 8.61330e+00  9.97714e-01  9.98033e-01
 8.64526e+00  9.96970e-01  9.97925e-01
 8.67314e+00  9.93943e-01  9.16909e-01
 8.70404e+00  9.84062e-01  9.16809e-01
 8.73912e+00  9.67231e-01  9.16698e-01
 8.76782e+00  9.54032e-01  9.16611e-01
 8.80103e+00  9.37458e-01  9.16516e-01
 8.82939e+00  9.28664e-01  9.16439e-01
 8.85532e+00  9.19469e-01  9.16374e-01
 8.88866e+00  9.16202e-01  9.16298e-01
 8.91782e+00  9.14067e-01  9.16240e-01
 8.94480e+00  9.10283e-01  9.16194e-01
 8.97522e+00  9.12159e-01  9.16152e-01
 9.00417e+00  9.16553e-01  9.97046e-01
 9.03400e+00  9.23062e-01  9.97029e-01
 9.06100e+00  9.31741e-01  9.97027e-01
 9.08749e+00  9.42118e-01  9.97037e-01
 9.11597e+00  9.56797e-01  9.97063e-01
 9.14373e+00  9.69142e-01  9.97104e-01
 9.17314e+00  9.81944e-01  9.97168e-01
 9.20069e+00  9.92523e-01  9.97247e-01
 9.22913e+00  9.96550e-01  9.97350e-01
 9.26123e+00  9.96265e-01  9.97495e-01
 9.28769e+00  9.96247e-01  9.97637e-01
 9.31366e+00  9.96459e-01  9.97799e-01
 9.34154e+00  9.96851e-01  9.97999e-01
 9.37103e+00  9.97835e-01  9.98240e-01
 9.40115e+00  9.97722e-01  9.98520e-01
 9.43076e+00  9.97599e-01  9.98828e-01
 9.45681e+00  9.97917e-01  9.99128e-01
 9.48448e+00  9.98486e-01  9.99474e-01
 9.51551e+00  9.97915e-01  9.99898e-01
 9.54813e+00  9.99449e-01  1.00038e+00
 9.57728e+00  9.98463e-01  1.00085e+00
 9.60777e+00  1.00019e+00  1.00137e+00
 9.64330e+00  1.00029e+00  1.00200e+00
 9.67314e+00  1.00098e+00  1.00256e+00
 9.70163e+00  1.00191e+00  1.00311e+00
 9.73390e+00  1.00250e+00  1.00375e+00
 9.76409e+00  1.00402e+00  1.00434e+00
 9.79015e+00  1.00500e+00  1.00485e+00
 9.81632e+00  1.00590e+00  1.00535e+00
 9.84246e+00  1.00694e+00  1.00584e+00
 9.86863e+00  1.00693e+00  1.00630e+00
 9.89431e+00  1.00870e+00  1.00671e+00
 9.92048e+00  1.00948e+00  1.00710e+00
 9.94664e+00  1.00965e+00  1.00745e+00
 9.97823e+00  1.01145e+00  1.00778e+00
 1.00065e+01  1.01232e+00  1.00801e+00
 1.00362e+01  1.01311e+00  1.00816e+00
 1.00678e+01  1.01331e+00  1.00821e+00
 1.00974e+01  1.01334e+00  1.00816e+00
 1.01235e+01  1.01270e+00  1.00802e+00
 1.01511e+01  1.01312e+00  1.00777e+00
 1.01785e+01  1.01343e+00  1.00744e+00
 1.02059e+01  1.01242e+00  1.00701e+00
 1.02345e+01  1.01192e+00  1.00648e+00
 1.02641e+01  1.01128e+00  1.00582e+00
 1.02911e+01  1.00952e+00  1.00515e+00
 1.03227e+01  1.00833e+00  1.00429e+00
 1.03527e+01  1.00663e+00  1.00341e+00
 1.03809e+01  1.00567e+00  1.00253e+00
 1.04127e+01  1.00414e+00  1.00151e+00
 1.04387e+01  1.00364e+00  1.00066e+00
 1.04648e+01  1.00176e+00  9.99802e-01
 1.04927e+01  9.99358e-01  9.98901e-01
 1.05202e+01  9.99401e-01  9.98032e-01
 1.05481e+01  9.97757e-01  9.97186e-01
 1.05754e+01  9.96275e-01  9.96401e-01
 1.06026e+01  9.96196e-01  9.95668e-01
 1.06288e+01  9.95234e-01  9.95015e-01
 1.06549e+01  9.93936e-01  9.94420e-01
 1.06833e+01  9.94703e-01  9.93841e-01
 1.07095e+01  9.93643e-01  9.93373e-01
 1.07396e+01  9.93003e-01  9.92912e-01
 1.07669e+01  9.92331e-01  9.92567e-01
 1.07940e+01  9.92113e-01  9.92292e-01
 1.08216e+01  9.93078e-01  9.92079e-01
 1.08477e+01  9.92025e-01  9.91937e-01
 1.08735e+01  9.85376e-01  9.91852e-01
 1.08996e+01  9.72225e-01  9.91816e-01
 1.09258e+01  9.57278e-01  8.68280e-01
 1.09559e+01  9.37986e-01  8.68350e-01
 1.09829e+01  9.20326e-01  8.68458e-01
 1.10091e+01  9.07355e-01  8.68599e-01
 1.10352e+01  8.96809e-01  8.68772e-01
 1.10610e+01  8.90644e-01  8.68969e-01
 1.10896e+01  8.90186e-01  8.69215e-01
 1.11159e+01  8.90112e-01  8.69464e-01
 1.11419e+01  8.91149e-01  8.69725e-01
 1.11699e+01  8.92753e-01  8.70023e-01
 1.11966e+01  9.03022e-01  9.93868e-01
 1.12229e+01  9.15491e-01  9.94166e-01
 1.12532e+01  9.32705e-01  9.94518e-01
 1.12799e+01  9.52170e-01  9.94831e-01
 1.13061e+01  9.68859e-01  9.95138e-01
 1.13336e+01  9.83291e-01  9.95461e-01
 1.13606e+01  9.93322e-01  9.95774e-01
 1.13868e+01  9.97363e-01  9.96075e-01
 1.14142e+01  9.96826e-01  9.96384e-01
 1.14413e+01  9.96164e-01  9.96685e-01
 1.14674e+01  9.97593e-01  9.96968e-01
 1.14952e+01  9.98332e-01  9.97260e-01
 1.15246e+01  9.97758e-01  9.97560e-01
 1.15508e+01  9.99123e-01  9.97818e-01
 1.15769e+01  9.99450e-01  9.98068e-01
 1.16045e+01  9.99654e-01  9.98321e-01
 1.16315e+01  9.99643e-01  9.98560e-01
 1.16587e+01  1.00090e+00  9.98791e-01
 1.16884e+01  1.00037e+00  9.99032e-01
 1.17174e+01  1.00069e+00  9.99256e-01
 1.17436e+01  1.00014e+00  9.99449e-01
 1.17693e+01  1.00077e+00  9.99630e-01
 1.17954e+01  1.00060e+00  9.99805e-01
 1.18216e+01  1.00132e+00  9.99973e-01
 1.18490e+01  1.00102e+00  1.00014e+00
 1.18761e+01  1.00082e+00  1.00029e+00
 1.19044e+01  1.00033e+00  1.00045e+00
 1.19311e+01  1.00116e+00  1.00059e+00
 1.19592e+01  1.00122e+00  1.00072e+00
 1.19868e+01  1.00025e+00  1.00085e+00
 1.20144e+01  1.00070e+00  1.00097e+00
 1.20404e+01  1.00118e+00  1.00107e+00
 1.20690e+01  1.00029e+00  1.00118e+00
 1.20968e+01  1.00076e+00  1.00128e+00
 1.21235e+01  1.00072e+00  1.00136e+00
 1.21505e+01  9.99991e-01  1.00145e+00
 1.21784e+01  1.00030e+00  1.00153e+00
 1.22043e+01  1.00123e+00  1.00160e+00
 1.22303e+01  1.00125e+00  1.00166e+00
 1.22565e+01  1.00216e+00  1.00172e+00
 1.22826e+01  1.00131e+00  1.00178e+00
 1.23136e+01  1.00237e+00  1.00184e+00
 1.23398e+01  1.00184e+00  1.00189e+00
 1.23679e+01  1.00240e+00  1.00194e+00
 1.23943e+01  1.00252e+00  1.00198e+00
 1.24204e+01  1.00144e+00  1.00201e+00
 1.24496e+01  1.00257e+00  1.00205e+00
 1.24795e+01  1.00163e+00  1.00208e+00
 1.25121e+01  1.00156e+00  1.00212e+00
 1.25431e+01  1.00230e+00  1.00214e+00
 1.25776e+01  1.00265e+00  1.00217e+00
 1.26068e+01  1.00176e+00  1.00219e+00
 1.26371e+01  1.00219e+00  1.00220e+00
 1.26664e+01  1.00159e+00  1.00221e+00
 1.26964e+01  1.00252e+00  1.00222e+00
 1.27293e+01  1.00242e+00  1.00223e+00
 1.27621e+01  1.00314e+00  1.00224e+00
 1.27922e+01  1.00166e+00  1.00224e+00
 1.28267e+01  1.00242e+00  1.00224e+00
