224
 3.57780e-02  9.95320e-01  9.96840e-01
 1.23159e-01  9.94591e-01  9.96989e-01
 1.96208e-01  9.94275e-01  9.97132e-01
 2.73159e-01  9.95373e-01  9.97297e-01
 3.48997e-01  9.95078e-01  9.97474e-01
 4.07337e-01  9.96279e-01  9.97617e-01
 4.65667e-01  9.96292e-01  9.97766e-01
 5.28167e-01  9.95416e-01  9.97931e-01
 5.84288e-01  9.95766e-01  9.98083e-01
 6.36497e-01  9.98152e-01  9.98228e-01
 6.92618e-01  9.99269e-01  9.98386e-01
 7.50958e-01  9.98315e-01  9.98552e-01
 8.03157e-01  9.99691e-01  9.98702e-01
 8.60264e-01  9.99737e-01  9.98867e-01
 9.14543e-01  1.00011e+00  9.99025e-01
 9.69827e-01  1.00031e+00  9.99185e-01
 1.02178e+00  1.00004e+00  9.99335e-01
 1.07399e+00  1.00107e+00  9.99485e-01
 1.12596e+00  1.00011e+00  9.99632e-01
 1.17815e+00  1.00065e+00  9.99779e-01
 1.23011e+00  1.00043e+00  9.99923e-01
 1.28232e+00  1.00117e+00  1.00006e+00
 1.33427e+00  1.00100e+00  1.00020e+00
 1.38857e+00  1.00076e+00  1.00034e+00
 1.44372e+00  1.00087e+00  1.00048e+00
 1.49579e+00  1.00093e+00  1.00061e+00
 1.54788e+00  1.00083e+00  1.00073e+00
 1.59995e+00  1.00055e+00  1.00084e+00
 1.65205e+00  1.00092e+00  1.00095e+00
 1.70719e+00  1.00100e+00  1.00106e+00
 1.76149e+00  1.00092e+00  1.00115e+00
 1.81345e+00  1.00080e+00  1.00124e+00
 1.87802e+00  1.00121e+00  1.00133e+00
 1.93329e+00  1.00170e+00  1.00140e+00
 1.98538e+00  1.00186e+00  1.00146e+00
 2.03745e+00  1.00168e+00  1.00150e+00
 2.09273e+00  1.00155e+00  1.00154e+00
 2.14677e+00  1.00187e+00  1.00156e+00
 2.20106e+00  1.00191e+00  1.00156e+00
 2.25621e+00  1.00161e+00  1.00155e+00
 2.30828e+00  1.00134e+00  1.00153e+00
 2.36037e+00  1.00050e+00  1.00149e+00
 2.41244e+00  1.00070e+00  1.00144e+00
 2.46466e+00  1.00073e+00  1.00137e+00
 2.52177e+00  1.00017e+00  1.00127e+00
 2.57703e+00  1.00037e+00  1.00115e+00
 2.63549e+00  9.99832e-01  1.00101e+00
 2.69052e+00  1.00023e+00  1.00085e+00
 2.74578e+00  9.99770e-01  1.00068e+00
 2.80522e+00  9.99372e-01  1.00046e+00
 2.86466e+00  9.99768e-01  1.00022e+00
 2.91760e+00  9.99277e-01  9.99989e-01
 2.96981e+00  9.99313e-01  9.99743e-01
 3.02177e+00  9.98959e-01  9.99481e-01
 3.07703e+00  9.98966e-01  9.99188e-01
 3.14089e+00  9.99017e-01  9.98830e-01
 3.23353e+00  9.99002e-01  9.98286e-01
 3.30328e+00  9.98146e-01  9.97865e-01
 3.37948e+00  9.98276e-01  9.97405e-01
 3.44491e+00  9.97735e-01  9.97019e-01
 3.51171e+00  9.97749e-01  9.96643e-01
 3.57825e+00  9.97798e-01  9.96300e-01
 3.64063e+00  9.96605e-01  9.96015e-01
 3.69369e+00  9.94804e-01  9.95810e-01
 3.75006e+00  9.93357e-01  9.95637e-01
 3.81061e+00  9.94772e-01  9.95511e-01
 3.87089e+00  9.96032e-01  9.95456e-01
 3.93451e+00  9.96019e-01  9.95484e-01
 3.99701e+00  9.95962e-01  9.95605e-01
 4.05312e+00  9.96132e-01  9.95799e-01
 4.10509e+00  9.96295e-01  9.96053e-01
 4.15730e+00  9.96571e-01  9.96381e-01
 4.21244e+00  9.96875e-01  9.96808e-01
 4.26659e+00  9.97084e-01  9.97303e-01
 4.31869e+00  9.97467e-01  9.97849e-01
 4.37076e+00  9.98020e-01  9.98455e-01
 4.42286e+00  9.98280e-01  9.99116e-01
 4.47493e+00  9.99338e-01  9.99823e-01
 4.53352e+00  9.99895e-01  1.00066e+00
 4.59908e+00  1.00186e+00  1.00163e+00
 4.66145e+00  1.00208e+00  1.00256e+00
 4.71452e+00  1.00300e+00  1.00335e+00
 4.76658e+00  1.00482e+00  1.00410e+00
 4.81869e+00  1.00548e+00  1.00481e+00
 4.87186e+00  1.00394e+00  1.00549e+00
 4.92811e+00  1.01190e+00  1.00615e+00
 5.00068e+00  1.00734e+00  1.00688e+00
 5.09443e+00  1.00829e+00  1.00759e+00
 5.18082e+00  1.00852e+00  1.00800e+00
 5.27359e+00  1.00781e+00  1.00817e+00
 5.36526e+00  1.00637e+00  1.00807e+00
 5.44332e+00  1.00479e+00  1.00779e+00
 5.53094e+00  1.00238e+00  1.00730e+00
 5.61735e+00  1.00056e+00  1.00667e+00
 5.69235e+00  9.99384e-01  1.00601e+00
 5.77985e+00  9.98591e-01  1.00518e+00
 5.86318e+00  9.97796e-01  1.00433e+00
 5.94234e+00  9.96746e-01  1.00351e+00
 6.02985e+00  9.96261e-01  1.00260e+00
 6.10902e+00  9.95947e-01  1.00181e+00
 6.18095e+00  9.83818e-01  1.00112e+00
 6.26012e+00  9.78591e-01  1.00041e+00
 6.34554e+00  9.87990e-01  9.99706e-01
 6.43205e+00  9.98184e-01  9.99066e-01
 6.55288e+00  9.98203e-01  9.98301e-01
 6.67567e+00  9.98782e-01  9.97678e-01
 6.82173e+00  9.99437e-01  9.97133e-01
 6.95494e+00  9.99638e-01  9.96804e-01
 7.09048e+00  1.00055e+00  9.96616e-01
 7.23214e+00  1.00057e+00  9.96556e-01
 7.35483e+00  1.00090e+00  9.96599e-01
 7.45898e+00  1.00053e+00  9.96694e-01
 7.56634e+00  9.95320e-01  9.96840e-01
 7.65372e+00  9.94591e-01  9.96989e-01
 7.72677e+00  9.94275e-01  9.97132e-01
 7.80372e+00  9.95373e-01  9.97297e-01
 7.87955e+00  9.95078e-01  9.97474e-01
 7.93790e+00  9.96279e-01  9.97617e-01
 7.99622e+00  9.96292e-01  9.97766e-01
 8.05873e+00  9.95416e-01  9.97931e-01
 8.11485e+00  9.95766e-01  9.98083e-01
 8.16705e+00  9.98152e-01  9.98228e-01
 8.22318e+00  9.99269e-01  9.98386e-01
 8.28152e+00  9.98315e-01  9.98552e-01
 8.33371e+00  9.99691e-01  9.98702e-01
 8.39082e+00  9.99737e-01  9.98868e-01
 8.44510e+00  1.00011e+00  9.99025e-01
 8.50038e+00  1.00031e+00  9.99185e-01
 8.55234e+00  1.00004e+00  9.99335e-01
 8.60454e+00  1.00107e+00  9.99485e-01
 8.65652e+00  1.00011e+00  9.99632e-01
 8.70871e+00  1.00065e+00  9.99779e-01
 8.76067e+00  1.00043e+00  9.99923e-01
 8.81288e+00  1.00117e+00  1.00006e+00
 8.86483e+00  1.00100e+00  1.00020e+00
 8.91912e+00  1.00076e+00  1.00034e+00
 8.97428e+00  1.00087e+00  1.00048e+00
 9.02635e+00  1.00093e+00  1.00061e+00
 9.07844e+00  1.00083e+00  1.00073e+00
 9.13051e+00  1.00055e+00  1.00084e+00
 9.18261e+00  1.00092e+00  1.00095e+00
 9.23775e+00  1.00100e+00  1.00106e+00
 9.29204e+00  1.00092e+00  1.00115e+00
 9.34401e+00  1.00080e+00  1.00124e+00
 9.40858e+00  1.00121e+00  1.00133e+00
 9.46385e+00  1.00170e+00  1.00140e+00
 9.51594e+00  1.00186e+00  1.00146e+00
 9.56801e+00  1.00168e+00  1.00150e+00
 9.62328e+00  1.00155e+00  1.00154e+00
 9.67733e+00  1.00187e+00  1.00156e+00
 9.73161e+00  1.00191e+00  1.00156e+00
 9.78677e+00  1.00161e+00  1.00155e+00
 9.83884e+00  1.00134e+00  1.00153e+00
 9.89093e+00  1.00050e+00  1.00149e+00
 9.94300e+00  1.00070e+00  1.00144e+00
 9.99522e+00  1.00073e+00  1.00137e+00
 1.00523e+01  1.00017e+00  1.00127e+00
 1.01076e+01  1.00037e+00  1.00115e+00
 1.01660e+01  9.99832e-01  1.00101e+00
 1.02211e+01  1.00023e+00  1.00085e+00
 1.02763e+01  9.99770e-01  1.00068e+00
 1.03358e+01  9.99372e-01  1.00046e+00
 1.03952e+01  9.99768e-01  1.00022e+00
 1.04482e+01  9.99277e-01  9.99989e-01
 1.05004e+01  9.99313e-01  9.99743e-01
 1.05523e+01  9.98959e-01  9.99481e-01
 1.06076e+01  9.98966e-01  9.99188e-01
 1.06715e+01  9.99017e-01  9.98830e-01
 1.07641e+01  9.99002e-01  9.98286e-01
 1.08338e+01  9.98146e-01  9.97865e-01
 1.09100e+01  9.98276e-01  9.97405e-01
 1.09755e+01  9.97735e-01  9.97019e-01
 1.10423e+01  9.97749e-01  9.96643e-01
 1.11088e+01  9.97798e-01  9.96300e-01
 1.11712e+01  9.96605e-01  9.96015e-01
 1.12243e+01  9.94804e-01  9.95810e-01
 1.12806e+01  9.93357e-01  9.95637e-01
 1.13412e+01  9.94772e-01  9.95511e-01
 1.14014e+01  9.96032e-01  9.95456e-01
 1.14651e+01  9.96019e-01  9.95484e-01
 1.15276e+01  9.95962e-01  9.95605e-01
 1.15837e+01  9.96132e-01  9.95799e-01
 1.16356e+01  9.96295e-01  9.96053e-01
 1.16879e+01  9.96571e-01  9.96381e-01
 1.17430e+01  9.96875e-01  9.96808e-01
 1.17972e+01  9.97084e-01  9.97303e-01
 1.18493e+01  9.97467e-01  9.97849e-01
 1.19013e+01  9.98020e-01  9.98455e-01
 1.19534e+01  9.98280e-01  9.99116e-01
 1.20055e+01  9.99338e-01  9.99823e-01
 1.20641e+01  9.99895e-01  1.00066e+00
 1.21296e+01  1.00186e+00  1.00163e+00
 1.21920e+01  1.00208e+00  1.00256e+00
 1.22451e+01  1.00300e+00  1.00335e+00
 1.22971e+01  1.00482e+00  1.00410e+00
 1.23493e+01  1.00548e+00  1.00481e+00
 1.24024e+01  1.00394e+00  1.00549e+00
 1.24587e+01  1.01190e+00  1.00615e+00
 1.25312e+01  1.00734e+00  1.00688e+00
 1.26250e+01  1.00829e+00  1.00759e+00
 1.27114e+01  1.00852e+00  1.00800e+00
 1.28041e+01  1.00781e+00  1.00817e+00
 1.28958e+01  1.00637e+00  1.00807e+00
 1.29739e+01  1.00479e+00  1.00779e+00
 1.30615e+01  1.00238e+00  1.00730e+00
 1.31479e+01  1.00056e+00  1.00667e+00
 1.32229e+01  9.99384e-01  1.00601e+00
 1.33104e+01  9.98591e-01  1.00518e+00
 1.33937e+01  9.97796e-01  1.00433e+00
 1.34729e+01  9.96746e-01  1.00351e+00
 1.35604e+01  9.96261e-01  1.00260e+00
 1.36396e+01  9.95947e-01  1.00181e+00
 1.37115e+01  9.83818e-01  1.00112e+00
 1.37907e+01  9.78591e-01  1.00041e+00
 1.38761e+01  9.87990e-01  9.99706e-01
 1.39626e+01  9.98184e-01  9.99066e-01
 1.40834e+01  9.98203e-01  9.98301e-01
 1.42062e+01  9.98782e-01  9.97678e-01
 1.43523e+01  9.99437e-01  9.97133e-01
 1.44855e+01  9.99638e-01  9.96804e-01
 1.46210e+01  1.00055e+00  9.96616e-01
 1.47627e+01  1.00057e+00  9.96556e-01
 1.48854e+01  1.00090e+00  9.96599e-01
 1.49895e+01  1.00053e+00  9.96694e-01
