384
 9.86700e-03  9.99697e-01  9.99757e-01
 3.50880e-02  1.00020e+00  9.99749e-01
 6.18610e-02  1.00077e+00  9.99738e-01
 8.71110e-02  1.00089e+00  9.99727e-01
 1.16117e-01  1.00113e+00  9.99711e-01
 1.43139e-01  1.00050e+00  9.99694e-01
 1.72357e-01  1.00125e+00  9.99671e-01
 2.02515e-01  1.00082e+00  9.99644e-01
 2.31792e-01  1.00013e+00  9.99612e-01
 2.61697e-01  1.00038e+00  9.99574e-01
 2.87741e-01  9.99560e-01  9.99535e-01
 3.13845e-01  9.99166e-01  9.99489e-01
 3.39801e-01  9.98215e-01  9.99435e-01
 3.65887e-01  9.98738e-01  9.99373e-01
 3.93886e-01  9.98741e-01  9.99294e-01
 4.20201e-01  9.98425e-01  9.99208e-01
 4.46933e-01  9.98765e-01  9.99105e-01
 4.72291e-01  9.98355e-01  9.98991e-01
 4.99120e-01  9.85337e-01  9.98851e-01
 5.24361e-01  9.49179e-01  9.98697e-01
 5.53387e-01  8.99557e-01  9.98491e-01
 5.79411e-01  8.62522e-01  9.98276e-01
 6.05515e-01  8.45393e-01  9.98028e-01
 6.31491e-01  8.55618e-01  9.97747e-01
 6.57450e-01  8.62529e-01  9.97432e-01
 6.80515e-01  9.00739e-01  9.97125e-01
 7.03454e-01  9.40566e-01  9.96799e-01
 7.27226e-01  9.69886e-01  9.96451e-01
 7.50243e-01  9.78698e-01  9.86104e-01
 7.73201e-01  9.81995e-01  9.85817e-01
 7.96168e-01  9.85330e-01  9.85615e-01
 8.19902e-01  9.87986e-01  9.85565e-01
 8.42987e-01  9.85764e-01  9.85765e-01
 8.68169e-01  9.95964e-01  9.86395e-01
 8.95067e-01  9.98470e-01  9.97737e-01
 9.19021e-01  1.00229e+00  9.99599e-01
 9.42018e-01  1.00115e+00  1.00200e+00
 9.65722e-01  1.00496e+00  1.00496e+00
 9.86785e-01  1.00706e+00  1.00771e+00
 1.01168e+00  1.00919e+00  1.01054e+00
 1.03596e+00  1.01294e+00  1.01226e+00
 1.06162e+00  1.01397e+00  1.01248e+00
 1.08570e+00  1.01118e+00  1.01118e+00
 1.10968e+00  1.01213e+00  1.00879e+00
 1.13256e+00  1.01388e+00  1.00604e+00
 1.15338e+00  1.01364e+00  1.00353e+00
 1.17422e+00  1.01184e+00  1.00130e+00
 1.19506e+00  1.01221e+00  9.99482e-01
 1.21588e+00  1.00959e+00  9.98116e-01
 1.23672e+00  1.00777e+00  9.97169e-01
 1.25756e+00  1.00717e+00  9.96576e-01
 1.27925e+00  1.00612e+00  9.96252e-01
 1.30130e+00  1.00499e+00  9.96149e-01
 1.32630e+00  1.00192e+00  9.96216e-01
 1.34923e+00  1.00317e+00  9.96385e-01
 1.37004e+00  1.00220e+00  9.96589e-01
 1.39089e+00  1.00224e+00  9.96817e-01
 1.41173e+00  1.00093e+00  9.97053e-01
 1.43151e+00  9.95720e-01  9.97274e-01
 1.45131e+00  9.98453e-01  9.97488e-01
 1.47115e+00  9.75181e-01  9.97690e-01
 1.49003e+00  9.48467e-01  9.97871e-01
 1.51078e+00  9.09826e-01  9.98054e-01
 1.52958e+00  8.78980e-01  9.98206e-01
 1.54838e+00  8.52682e-01  9.98346e-01
 1.56795e+00  8.39463e-01  9.98479e-01
 1.58672e+00  8.43784e-01  9.98595e-01
 1.60549e+00  8.58742e-01  9.98701e-01
 1.62429e+00  8.87537e-01  9.98798e-01
 1.64314e+00  9.21836e-01  9.98885e-01
 1.66275e+00  9.57324e-01  9.98968e-01
 1.68151e+00  9.85664e-01  9.99039e-01
 1.70032e+00  9.97247e-01  9.99104e-01
 1.71911e+00  9.99702e-01  9.99163e-01
 1.73790e+00  9.99671e-01  9.99217e-01
 1.75673e+00  1.00031e+00  9.99266e-01
 1.77627e+00  9.99878e-01  9.99311e-01
 1.79614e+00  9.99945e-01  9.99354e-01
 1.81698e+00  9.98768e-01  9.99393e-01
 1.83672e+00  1.00035e+00  9.99427e-01
 1.85755e+00  1.00005e+00  9.99460e-01
 1.87634e+00  1.00035e+00  9.99486e-01
 1.89512e+00  1.00011e+00  9.99511e-01
 1.91398e+00  9.99514e-01  9.99533e-01
 1.93357e+00  9.99797e-01  9.99553e-01
 1.95236e+00  1.00020e+00  9.99572e-01
 1.97115e+00  1.00014e+00  9.99588e-01
 1.99105e+00  1.00069e+00  9.99604e-01
 2.01078e+00  1.00068e+00  9.99619e-01
 2.02958e+00  1.00045e+00  9.99631e-01
 2.04838e+00  1.00074e+00  9.99643e-01
 2.06795e+00  1.00077e+00  9.99654e-01
 2.08672e+00  1.00015e+00  9.99663e-01
 2.10549e+00  1.00073e+00  9.99672e-01
 2.12628e+00  1.00058e+00  9.99681e-01
 2.14512e+00  1.00002e+00  9.99688e-01
 2.16398e+00  9.99660e-01  9.99695e-01
 2.18369e+00  9.99546e-01  9.99701e-01
 2.20441e+00  9.99360e-01  9.99707e-01
 2.22435e+00  9.98952e-01  9.99713e-01
 2.24607e+00  9.99586e-01  9.99718e-01
 2.26486e+00  9.98890e-01  9.99722e-01
 2.28365e+00  9.98779e-01  9.99726e-01
 2.30243e+00  9.99625e-01  9.99729e-01
 2.32125e+00  9.99265e-01  9.99733e-01
 2.34004e+00  9.99327e-01  9.99736e-01
 2.35961e+00  9.99277e-01  9.99738e-01
 2.37838e+00  9.99444e-01  9.99741e-01
 2.39716e+00  9.99623e-01  9.99743e-01
 2.41596e+00  1.00042e+00  9.99745e-01
 2.43675e+00  1.00070e+00  9.99747e-01
 2.45562e+00  1.00066e+00  9.99749e-01
 2.47525e+00  1.00061e+00  9.99751e-01
 2.49401e+00  1.00016e+00  9.99752e-01
 2.51309e+00  9.99899e-01  9.99754e-01
 2.53570e+00  1.00076e+00  9.99755e-01
 2.55446e+00  1.00034e+00  9.99756e-01
 2.57326e+00  1.00050e+00  9.99757e-01
 2.59208e+00  1.00036e+00  9.99758e-01
 2.61088e+00  9.99575e-01  9.99759e-01
 2.63044e+00  9.99327e-01  9.99760e-01
 2.64921e+00  9.99613e-01  9.99761e-01
 2.66800e+00  9.99488e-01  9.99762e-01
 2.68678e+00  9.99353e-01  9.99762e-01
 2.70562e+00  9.99885e-01  9.99763e-01
 2.72525e+00  1.00038e+00  9.99764e-01
 2.74401e+00  1.00031e+00  9.99764e-01
 2.76481e+00  1.00040e+00  9.99765e-01
 2.78365e+00  1.00054e+00  9.99765e-01
 2.80243e+00  1.00093e+00  9.99766e-01
 2.82122e+00  1.00086e+00  9.99766e-01
 2.84004e+00  1.00086e+00  9.99767e-01
 2.85961e+00  1.00133e+00  9.99767e-01
 2.87837e+00  1.00040e+00  9.99768e-01
 2.89716e+00  1.00050e+00  9.99768e-01
 2.91595e+00  1.00131e+00  9.99768e-01
 2.93479e+00  1.00056e+00  9.99769e-01
 2.95440e+00  1.00022e+00  9.99769e-01
 2.97319e+00  9.99397e-01  9.99770e-01
 2.99296e+00  1.00018e+00  9.99770e-01
 3.01379e+00  9.99534e-01  9.99771e-01
 3.03464e+00  9.99173e-01  9.99771e-01
 3.05546e+00  9.99334e-01  9.99772e-01
 3.07629e+00  9.99513e-01  9.99772e-01
 3.09732e+00  9.99806e-01  9.99772e-01
 3.12004e+00  9.99272e-01  9.99773e-01
 3.14088e+00  9.99617e-01  9.99774e-01
 3.16481e+00  1.00021e+00  9.99774e-01
 3.18781e+00  1.00056e+00  9.99775e-01
 3.21079e+00  1.00011e+00  9.99775e-01
 3.23562e+00  1.00084e+00  9.99776e-01
 3.25967e+00  1.00007e+00  9.99777e-01
 3.28264e+00  1.00043e+00  9.99777e-01
 3.30558e+00  9.99646e-01  9.99778e-01
 3.32853e+00  1.00013e+00  9.99779e-01
 3.35231e+00  9.99771e-01  9.99780e-01
 3.37535e+00  9.99425e-01  9.99780e-01
 3.40134e+00  9.99171e-01  9.99781e-01
 3.42740e+00  9.99282e-01  9.99782e-01
 3.45254e+00  9.98621e-01  9.99783e-01
 3.47943e+00  9.99698e-01  9.99784e-01
 3.50548e+00  9.99521e-01  9.99785e-01
 3.53058e+00  1.00054e+00  9.99786e-01
 3.55565e+00  1.00020e+00  9.99786e-01
 3.57861e+00  1.00063e+00  9.99787e-01
 3.60337e+00  1.00026e+00  9.99788e-01
 3.62753e+00  1.00089e+00  9.99789e-01
 3.65049e+00  1.00063e+00  9.99790e-01
 3.67421e+00  1.00080e+00  9.99790e-01
 3.69724e+00  9.99987e-01  9.99791e-01
 3.72020e+00  1.00025e+00  9.99792e-01
 3.74315e+00  9.99203e-01  9.99793e-01
 3.76611e+00  9.99516e-01  9.99793e-01
 3.78987e+00  9.99571e-01  9.99794e-01
 3.81291e+00  9.99961e-01  9.99794e-01
 3.83589e+00  9.99511e-01  9.99795e-01
 3.85881e+00  1.00078e+00  9.99795e-01
 3.88254e+00  1.00075e+00  9.99795e-01
 3.90558e+00  1.00098e+00  9.99795e-01
 3.92853e+00  1.00063e+00  9.99795e-01
 3.95149e+00  1.00061e+00  9.99795e-01
 3.97443e+00  1.00109e+00  9.99794e-01
 3.99820e+00  1.00143e+00  9.99793e-01
 4.02334e+00  1.00110e+00  9.99792e-01
 4.04631e+00  1.00074e+00  9.99791e-01
 4.07098e+00  1.00139e+00  9.99789e-01
 4.09621e+00  1.00104e+00  9.99787e-01
 4.12026e+00  1.00033e+00  9.99784e-01
 4.14403e+00  1.00059e+00  9.99781e-01
 4.16709e+00  1.00052e+00  9.99777e-01
 4.19002e+00  9.99664e-01  9.99772e-01
 4.21488e+00  1.00023e+00  9.99767e-01
 4.24923e+00  9.99697e-01  9.99757e-01
 4.27445e+00  1.00020e+00  9.99749e-01
 4.30122e+00  1.00077e+00  9.99738e-01
 4.32647e+00  1.00089e+00  9.99727e-01
 4.35548e+00  1.00113e+00  9.99711e-01
 4.38250e+00  1.00050e+00  9.99694e-01
 4.41172e+00  1.00125e+00  9.99671e-01
 4.44187e+00  1.00082e+00  9.99644e-01
 4.47115e+00  1.00013e+00  9.99612e-01
 4.50106e+00  1.00038e+00  9.99574e-01
 4.52710e+00  9.99560e-01  9.99535e-01
 4.55320e+00  9.99166e-01  9.99489e-01
 4.57916e+00  9.98215e-01  9.99435e-01
 4.60525e+00  9.98738e-01  9.99373e-01
 4.63324e+00  9.98741e-01  9.99294e-01
 4.65956e+00  9.98425e-01  9.99208e-01
 4.68629e+00  9.98765e-01  9.99105e-01
 4.71165e+00  9.98355e-01  9.98991e-01
 4.73848e+00  9.85337e-01  9.98851e-01
 4.76372e+00  9.49179e-01  9.98697e-01
 4.79275e+00  8.99557e-01  9.98491e-01
 4.81877e+00  8.62522e-01  9.98276e-01
 4.84487e+00  8.45393e-01  9.98028e-01
 4.87085e+00  8.55618e-01  9.97747e-01
 4.89681e+00  8.62529e-01  9.97432e-01
 4.91987e+00  9.00739e-01  9.97125e-01
 4.94281e+00  9.40566e-01  9.96799e-01
 4.96658e+00  9.69886e-01  9.96451e-01
 4.98960e+00  9.78698e-01  9.86104e-01
 5.01256e+00  9.81995e-01  9.85817e-01
 5.03553e+00  9.85330e-01  9.85615e-01
 5.05926e+00  9.87986e-01  9.85565e-01
 5.08235e+00  9.85764e-01  9.85765e-01
 5.10753e+00  9.95964e-01  9.86395e-01
 5.13443e+00  9.98470e-01  9.97737e-01
 5.15838e+00  1.00229e+00  9.99599e-01
 5.18138e+00  1.00115e+00  1.00201e+00
 5.20508e+00  1.00496e+00  1.00496e+00
 5.22614e+00  1.00706e+00  1.00771e+00
 5.25104e+00  1.00919e+00  1.01054e+00
 5.27532e+00  1.01294e+00  1.01226e+00
 5.30098e+00  1.01397e+00  1.01248e+00
 5.32506e+00  1.01118e+00  1.01118e+00
 5.34904e+00  1.01213e+00  1.00879e+00
 5.37192e+00  1.01388e+00  1.00604e+00
 5.39274e+00  1.01364e+00  1.00353e+00
 5.41357e+00  1.01184e+00  1.00130e+00
 5.43442e+00  1.01221e+00  9.99482e-01
 5.45524e+00  1.00959e+00  9.98116e-01
 5.47607e+00  1.00777e+00  9.97169e-01
 5.49692e+00  1.00717e+00  9.96576e-01
 5.51861e+00  1.00612e+00  9.96252e-01
 5.54066e+00  1.00499e+00  9.96149e-01
 5.56565e+00  1.00192e+00  9.96216e-01
 5.58859e+00  1.00317e+00  9.96385e-01
 5.60940e+00  1.00220e+00  9.96589e-01
 5.63025e+00  1.00224e+00  9.96817e-01
 5.65109e+00  1.00093e+00  9.97053e-01
 5.67087e+00  9.95720e-01  9.97274e-01
 5.69067e+00  9.98453e-01  9.97488e-01
 5.71051e+00  9.75181e-01  9.97690e-01
 5.72939e+00  9.48467e-01  9.97871e-01
 5.75014e+00  9.09826e-01  9.98054e-01
 5.76893e+00  8.78980e-01  9.98206e-01
 5.78773e+00  8.52682e-01  9.98346e-01
 5.80731e+00  8.39463e-01  9.98479e-01
 5.82608e+00  8.43784e-01  9.98595e-01
 5.84485e+00  8.58742e-01  9.98701e-01
 5.86365e+00  8.87537e-01  9.98798e-01
 5.88250e+00  9.21836e-01  9.98885e-01
 5.90211e+00  9.57324e-01  9.98968e-01
 5.92087e+00  9.85664e-01  9.99039e-01
 5.93968e+00  9.97247e-01  9.99104e-01
 5.95847e+00  9.99702e-01  9.99163e-01
 5.97725e+00  9.99671e-01  9.99217e-01
 5.99608e+00  1.00031e+00  9.99266e-01
 6.01563e+00  9.99878e-01  9.99311e-01
 6.03550e+00  9.99945e-01  9.99354e-01
 6.05634e+00  9.98768e-01  9.99393e-01
 6.07608e+00  1.00035e+00  9.99427e-01
 6.09690e+00  1.00005e+00  9.99460e-01
 6.11569e+00  1.00035e+00  9.99486e-01
 6.13448e+00  1.00011e+00  9.99511e-01
 6.15334e+00  9.99514e-01  9.99533e-01
 6.17293e+00  9.99797e-01  9.99553e-01
 6.19172e+00  1.00020e+00  9.99572e-01
 6.21051e+00  1.00014e+00  9.99588e-01
 6.23041e+00  1.00069e+00  9.99604e-01
 6.25014e+00  1.00068e+00  9.99619e-01
 6.26893e+00  1.00045e+00  9.99631e-01
 6.28773e+00  1.00074e+00  9.99643e-01
 6.30731e+00  1.00077e+00  9.99654e-01
 6.32608e+00  1.00015e+00  9.99663e-01
 6.34485e+00  1.00073e+00  9.99672e-01
 6.36564e+00  1.00058e+00  9.99681e-01
 6.38448e+00  1.00002e+00  9.99688e-01
 6.40334e+00  9.99660e-01  9.99695e-01
 6.42305e+00  9.99546e-01  9.99701e-01
 6.44377e+00  9.99360e-01  9.99707e-01
 6.46371e+00  9.98952e-01  9.99713e-01
 6.48543e+00  9.99586e-01  9.99718e-01
 6.50422e+00  9.98890e-01  9.99722e-01
 6.52301e+00  9.98779e-01  9.99726e-01
 6.54179e+00  9.99625e-01  9.99729e-01
 6.56060e+00  9.99265e-01  9.99733e-01
 6.57940e+00  9.99327e-01  9.99736e-01
 6.59897e+00  9.99277e-01  9.99738e-01
 6.61773e+00  9.99444e-01  9.99741e-01
 6.63651e+00  9.99623e-01  9.99743e-01
 6.65532e+00  1.00042e+00  9.99745e-01
 6.67611e+00  1.00070e+00  9.99747e-01
 6.69498e+00  1.00066e+00  9.99749e-01
 6.71461e+00  1.00061e+00  9.99751e-01
 6.73337e+00  1.00016e+00  9.99752e-01
 6.75245e+00  9.99899e-01  9.99754e-01
 6.77506e+00  1.00076e+00  9.99755e-01
 6.79382e+00  1.00034e+00  9.99756e-01
 6.81262e+00  1.00050e+00  9.99757e-01
 6.83143e+00  1.00036e+00  9.99758e-01
 6.85023e+00  9.99575e-01  9.99759e-01
 6.86980e+00  9.99327e-01  9.99760e-01
 6.88856e+00  9.99613e-01  9.99761e-01
 6.90736e+00  9.99488e-01  9.99762e-01
 6.92614e+00  9.99353e-01  9.99762e-01
 6.94498e+00  9.99885e-01  9.99763e-01
 6.96461e+00  1.00038e+00  9.99764e-01
 6.98337e+00  1.00031e+00  9.99764e-01
 7.00417e+00  1.00040e+00  9.99765e-01
 7.02301e+00  1.00054e+00  9.99765e-01
 7.04179e+00  1.00093e+00  9.99766e-01
 7.06057e+00  1.00086e+00  9.99766e-01
 7.07940e+00  1.00086e+00  9.99767e-01
 7.09897e+00  1.00133e+00  9.99767e-01
 7.11773e+00  1.00040e+00  9.99768e-01
 7.13651e+00  1.00050e+00  9.99768e-01
 7.15531e+00  1.00131e+00  9.99768e-01
 7.17415e+00  1.00056e+00  9.99769e-01
 7.19376e+00  1.00022e+00  9.99769e-01
 7.21255e+00  9.99397e-01  9.99770e-01
 7.23231e+00  1.00018e+00  9.99770e-01
 7.25314e+00  9.99534e-01  9.99771e-01
 7.27400e+00  9.99173e-01  9.99771e-01
 7.29481e+00  9.99334e-01  9.99772e-01
 7.31564e+00  9.99513e-01  9.99772e-01
 7.33668e+00  9.99806e-01  9.99772e-01
 7.35940e+00  9.99272e-01  9.99773e-01
 7.38023e+00  9.99617e-01  9.99774e-01
 7.40417e+00  1.00021e+00  9.99774e-01
 7.42717e+00  1.00056e+00  9.99775e-01
 7.45015e+00  1.00011e+00  9.99775e-01
 7.47498e+00  1.00084e+00  9.99776e-01
 7.49902e+00  1.00007e+00  9.99777e-01
 7.52200e+00  1.00043e+00  9.99777e-01
 7.54494e+00  9.99646e-01  9.99778e-01
 7.56789e+00  1.00013e+00  9.99779e-01
 7.59167e+00  9.99771e-01  9.99780e-01
 7.61471e+00  9.99425e-01  9.99780e-01
 7.64070e+00  9.99171e-01  9.99781e-01
 7.66676e+00  9.99282e-01  9.99782e-01
 7.69190e+00  9.98621e-01  9.99783e-01
 7.71879e+00  9.99698e-01  9.99784e-01
 7.74484e+00  9.99521e-01  9.99785e-01
 7.76994e+00  1.00054e+00  9.99786e-01
 7.79501e+00  1.00020e+00  9.99786e-01
 7.81797e+00  1.00063e+00  9.99787e-01
 7.84272e+00  1.00026e+00  9.99788e-01
 7.86689e+00  1.00089e+00  9.99789e-01
 7.88985e+00  1.00063e+00  9.99790e-01
 7.91357e+00  1.00080e+00  9.99790e-01
 7.93660e+00  9.99987e-01  9.99791e-01
 7.95956e+00  1.00025e+00  9.99792e-01
 7.98251e+00  9.99203e-01  9.99793e-01
 8.00546e+00  9.99516e-01  9.99793e-01
 8.02923e+00  9.99571e-01  9.99794e-01
 8.05227e+00  9.99961e-01  9.99794e-01
 8.07525e+00  9.99511e-01  9.99795e-01
 8.09817e+00  1.00078e+00  9.99795e-01
 8.12190e+00  1.00075e+00  9.99795e-01
 8.14494e+00  1.00098e+00  9.99795e-01
 8.16789e+00  1.00063e+00  9.99795e-01
 8.19085e+00  1.00061e+00  9.99795e-01
 8.21378e+00  1.00109e+00  9.99794e-01
 8.23756e+00  1.00143e+00  9.99793e-01
 8.26269e+00  1.00110e+00  9.99792e-01
 8.28567e+00  1.00074e+00  9.99791e-01
 8.31033e+00  1.00139e+00  9.99789e-01
 8.33557e+00  1.00104e+00  9.99787e-01
 8.35961e+00  1.00033e+00  9.99784e-01
 8.38339e+00  1.00059e+00  9.99781e-01
 8.40645e+00  1.00052e+00  9.99777e-01
 8.42938e+00  9.99664e-01  9.99772e-01
 8.45424e+00  1.00023e+00  9.99767e-01
