2212
 1.79070e+03  9.97921e-01  1.00159e+00
 0.00000e+00  1.79072e+03  9.99032e-01
 1.00838e+00  0.00000e+00  9.99546e-01
 9.98667e-01  1.00685e+00  9.99538e-01
 1.79077e+03  9.98484e-01  1.00044e+00
 0.00000e+00  1.79079e+03  9.99032e-01
 1.00654e+00  0.00000e+00  9.99545e-01
 9.95740e-01  1.00336e+00  9.99535e-01
 1.79083e+03  9.96610e-01  9.99803e-01
 0.00000e+00  1.79085e+03  9.99032e-01
 1.00436e+00  0.00000e+00  9.99543e-01
 9.96432e-01  1.00201e+00  9.99536e-01
 1.79089e+03  9.97309e-01  9.99447e-01
 0.00000e+00  1.79091e+03  9.99032e-01
 1.00058e+00  0.00000e+00  9.99540e-01
 9.95737e-01  1.00124e+00  9.99535e-01
 1.79095e+03  9.96997e-01  9.99245e-01
 0.00000e+00  1.79097e+03  9.99032e-01
 1.00071e+00  0.00000e+00  9.99540e-01
 9.96601e-01  9.99847e-01  9.99536e-01
 1.79102e+03  9.98037e-01  9.99131e-01
 0.00000e+00  1.79104e+03  9.99032e-01
 9.98616e-01  0.00000e+00  9.99538e-01
 9.96139e-01  9.99544e-01  9.99536e-01
 1.79108e+03  9.95420e-01  9.99068e-01
 1.28000e+02  1.79110e+03  1.00164e+00
 9.98481e-01  0.00000e+00  9.99538e-01
 1.00239e+00  1.02249e+00  9.99541e-01
 1.79141e+03  1.00263e+00  9.99054e-01
 0.00000e+00  1.79143e+03  9.99032e-01
 1.02499e+00  0.00000e+00  9.99561e-01
 1.00047e+00  1.02528e+00  9.99539e-01
 1.79147e+03  9.99285e-01  9.99074e-01
 0.00000e+00  1.79149e+03  9.99032e-01
 1.02656e+00  0.00000e+00  9.99562e-01
 1.00005e+00  1.02677e+00  9.99539e-01
 1.79154e+03  1.00074e+00  9.99097e-01
 0.00000e+00  1.79156e+03  9.99032e-01
 1.02559e+00  0.00000e+00  9.99561e-01
 1.00003e+00  1.02543e+00  9.99539e-01
 1.79160e+03  1.00040e+00  9.99122e-01
 0.00000e+00  1.79162e+03  9.99032e-01
 1.02477e+00  0.00000e+00  9.99561e-01
 1.00076e+00  1.02501e+00  9.99540e-01
 1.79166e+03  1.00149e+00  9.99148e-01
 0.00000e+00  1.79168e+03  9.99032e-01
 1.02499e+00  0.00000e+00  9.99561e-01
 1.00183e+00  1.02476e+00  9.99541e-01
 1.79172e+03  1.00192e+00  9.99176e-01
 0.00000e+00  1.79174e+03  9.99032e-01
 1.02312e+00  0.00000e+00  9.99559e-01
 1.00005e+00  1.02143e+00  9.99539e-01
 1.79179e+03  9.99702e-01  9.99206e-01
 0.00000e+00  1.79181e+03  9.99032e-01
 1.02188e+00  0.00000e+00  9.99558e-01
 1.00063e+00  1.02068e+00  9.99540e-01
 1.79185e+03  1.00065e+00  9.99237e-01
 0.00000e+00  1.79187e+03  9.99032e-01
 1.01882e+00  0.00000e+00  9.99555e-01
 1.00083e+00  1.01955e+00  9.99540e-01
 1.79191e+03  1.00024e+00  9.99269e-01
 0.00000e+00  1.79193e+03  9.99032e-01
 1.01795e+00  0.00000e+00  9.99555e-01
 1.00049e+00  1.01769e+00  9.99540e-01
 1.79197e+03  9.98974e-01  9.99303e-01
 0.00000e+00  1.79199e+03  9.99032e-01
 1.01774e+00  0.00000e+00  9.99554e-01
 9.99459e-01  1.01580e+00  9.99539e-01
 1.79204e+03  1.00046e+00  9.99339e-01
 0.00000e+00  1.79206e+03  9.99032e-01
 1.01575e+00  0.00000e+00  9.99553e-01
 1.00042e+00  1.01521e+00  9.99539e-01
 1.79210e+03  9.99913e-01  9.99377e-01
 0.00000e+00  1.79212e+03  9.99032e-01
 1.01290e+00  0.00000e+00  9.99550e-01
 9.98849e-01  1.01166e+00  9.99538e-01
 1.79216e+03  9.98805e-01  9.99418e-01
 0.00000e+00  1.79218e+03  9.99032e-01
 1.01221e+00  0.00000e+00  9.99550e-01
 9.99491e-01  1.01229e+00  9.99539e-01
 1.79222e+03  9.99934e-01  9.99462e-01
 0.00000e+00  1.79224e+03  9.99032e-01
 1.01111e+00  0.00000e+00  9.99549e-01
 9.98200e-01  1.01025e+00  9.99538e-01
 1.79229e+03  9.99004e-01  9.99509e-01
 0.00000e+00  1.79231e+03  9.99032e-01
 1.01115e+00  0.00000e+00  9.99549e-01
 9.98982e-01  1.00987e+00  9.99538e-01
 1.79235e+03  9.98822e-01  9.99562e-01
 0.00000e+00  1.79237e+03  9.99032e-01
 1.01100e+00  0.00000e+00  9.99548e-01
 9.98090e-01  1.00850e+00  9.99537e-01
 1.79241e+03  9.99745e-01  9.99620e-01
 0.00000e+00  1.79243e+03  9.99032e-01
 1.00924e+00  0.00000e+00  9.99547e-01
 9.99308e-01  1.00884e+00  9.99539e-01
 1.79247e+03  9.99351e-01  9.99687e-01
 0.00000e+00  1.79249e+03  9.99032e-01
 1.00898e+00  0.00000e+00  9.99547e-01
 9.99052e-01  1.00799e+00  9.99538e-01
 1.79254e+03  9.99928e-01  9.99763e-01
 0.00000e+00  1.79256e+03  9.99032e-01
 1.00864e+00  0.00000e+00  9.99546e-01
 1.00091e+00  1.00916e+00  9.99540e-01
 1.79260e+03  9.99844e-01  9.99851e-01
 0.00000e+00  1.79262e+03  9.99032e-01
 1.00878e+00  0.00000e+00  9.99547e-01
 1.00081e+00  1.00867e+00  9.99540e-01
 1.79266e+03  1.00050e+00  9.99957e-01
 0.00000e+00  1.79268e+03  9.99032e-01
 1.00792e+00  0.00000e+00  9.99546e-01
 1.00139e+00  1.00715e+00  9.99540e-01
 1.79272e+03  9.99878e-01  1.00009e+00
 0.00000e+00  1.79274e+03  9.99032e-01
 1.00813e+00  0.00000e+00  9.99546e-01
 1.00113e+00  1.00765e+00  9.99540e-01
 1.79279e+03  1.00058e+00  1.00024e+00
 0.00000e+00  1.79281e+03  9.99032e-01
 1.00673e+00  0.00000e+00  9.99545e-01
 9.99941e-01  1.00635e+00  9.99539e-01
 1.79285e+03  9.99450e-01  1.00045e+00
 0.00000e+00  1.79287e+03  9.99032e-01
 1.00683e+00  0.00000e+00  9.99545e-01
 9.99281e-01  1.00502e+00  9.99538e-01
 1.79291e+03  1.00079e+00  1.00071e+00
 0.00000e+00  1.79293e+03  9.99032e-01
 1.00566e+00  0.00000e+00  9.99544e-01
 1.00045e+00  1.00548e+00  9.99539e-01
 1.79297e+03  9.99796e-01  1.00105e+00
 0.00000e+00  1.79299e+03  9.99032e-01
 1.00534e+00  0.00000e+00  9.99544e-01
 1.00083e+00  1.00599e+00  9.99540e-01
 1.79304e+03  1.00107e+00  1.00152e+00
 0.00000e+00  1.79306e+03  9.99032e-01
 1.00559e+00  0.00000e+00  9.99544e-01
 1.00098e+00  1.00551e+00  9.99540e-01
 1.79310e+03  1.00190e+00  1.00217e+00
 0.00000e+00  1.79312e+03  9.99032e-01
 1.00523e+00  0.00000e+00  9.99544e-01
 1.00273e+00  1.00740e+00  9.99541e-01
 1.79316e+03  1.00182e+00  1.00305e+00
 0.00000e+00  1.79318e+03  9.99032e-01
 1.00788e+00  0.00000e+00  9.99546e-01
 1.00410e+00  1.00819e+00  9.99543e-01
 1.79322e+03  1.00515e+00  1.00431e+00
 0.00000e+00  1.79324e+03  9.99032e-01
 1.01153e+00  0.00000e+00  9.99549e-01
 1.00601e+00  1.01010e+00  9.99544e-01
 1.79329e+03  1.00775e+00  1.00626e+00
 0.00000e+00  1.79331e+03  9.99032e-01
 1.01128e+00  0.00000e+00  9.99549e-01
 1.00760e+00  1.01096e+00  9.99546e-01
 1.79335e+03  1.00837e+00  1.00923e+00
 0.00000e+00  1.79337e+03  9.99032e-01
 1.01259e+00  0.00000e+00  9.99550e-01
 1.00945e+00  1.01312e+00  9.99547e-01
 1.79341e+03  1.00947e+00  1.01126e+00
 0.00000e+00  1.79343e+03  9.99032e-01
 1.01096e+00  0.00000e+00  9.99548e-01
 1.00683e+00  1.00989e+00  9.99545e-01
 1.79347e+03  1.00667e+00  1.00937e+00
 0.00000e+00  1.79349e+03  9.99032e-01
 1.01034e+00  0.00000e+00  9.99548e-01
 1.00584e+00  1.00877e+00  9.99544e-01
 1.79354e+03  1.00559e+00  1.00567e+00
 0.00000e+00  1.79356e+03  9.99032e-01
 1.00670e+00  0.00000e+00  9.99545e-01
 1.00420e+00  1.00692e+00  9.99543e-01
 1.79360e+03  1.00266e+00  1.00280e+00
 0.00000e+00  1.79362e+03  9.99032e-01
 1.00573e+00  0.00000e+00  9.99544e-01
 1.00239e+00  1.00501e+00  9.99541e-01
 1.79366e+03  1.00127e+00  1.00111e+00
 0.00000e+00  1.79368e+03  9.99032e-01
 1.00240e+00  0.00000e+00  9.99541e-01
 1.00047e+00  1.00276e+00  9.99539e-01
 1.79372e+03  1.00029e+00  1.00017e+00
 0.00000e+00  1.79374e+03  9.99032e-01
 1.00263e+00  0.00000e+00  9.99541e-01
 9.99516e-01  1.00173e+00  9.99539e-01
 1.79379e+03  9.99749e-01  9.99655e-01
 0.00000e+00  1.79381e+03  9.99032e-01
 1.00093e+00  0.00000e+00  9.99540e-01
 9.98206e-01  1.00016e+00  9.99538e-01
 1.79385e+03  9.98361e-01  9.99364e-01
 0.00000e+00  1.79387e+03  9.99032e-01
 1.00161e+00  0.00000e+00  9.99540e-01
 9.98438e-01  1.00029e+00  9.99538e-01
 1.79391e+03  9.99221e-01  9.99198e-01
 0.00000e+00  1.79393e+03  9.99032e-01
 1.00030e+00  0.00000e+00  9.99539e-01
 9.99745e-01  1.00141e+00  9.99539e-01
 1.79397e+03  9.98631e-01  9.99104e-01
 0.00000e+00  1.79399e+03  9.99032e-01
 1.00020e+00  0.00000e+00  9.99539e-01
 9.97988e-01  9.99456e-01  9.99537e-01
 1.79404e+03  9.97488e-01  9.99054e-01
 0.00000e+00  1.79406e+03  9.99032e-01
 9.98191e-01  0.00000e+00  9.99538e-01
 9.98041e-01  9.99566e-01  9.99537e-01
 1.79410e+03  9.98543e-01  9.99030e-01
 0.00000e+00  1.79412e+03  9.99032e-01
 9.99743e-01  0.00000e+00  9.99539e-01
 9.98497e-01  1.00015e+00  9.99538e-01
 1.79416e+03  9.98236e-01  9.99022e-01
 0.00000e+00  1.79418e+03  9.99032e-01
 9.98003e-01  0.00000e+00  9.99537e-01
 9.96562e-01  9.97860e-01  9.99536e-01
 1.79422e+03  9.98375e-01  9.99026e-01
 0.00000e+00  1.79424e+03  9.99032e-01
 9.99437e-01  0.00000e+00  9.99539e-01
 9.98369e-01  9.99278e-01  9.99538e-01
 1.79429e+03  9.98533e-01  9.99038e-01
 0.00000e+00  1.79431e+03  9.99032e-01
 9.99110e-01  0.00000e+00  9.99538e-01
 9.98402e-01  9.99630e-01  9.99538e-01
 1.79435e+03  9.98328e-01  9.99054e-01
 0.00000e+00  1.79437e+03  9.99032e-01
 9.98777e-01  0.00000e+00  9.99538e-01
 9.99125e-01  1.00001e+00  9.99538e-01
 1.79441e+03  9.98064e-01  9.99074e-01
 0.00000e+00  1.79443e+03  9.99032e-01
 9.99072e-01  0.00000e+00  9.99538e-01
 9.99070e-01  9.99902e-01  9.99538e-01
 1.79447e+03  9.99254e-01  9.99097e-01
 0.00000e+00  1.79449e+03  9.99032e-01
 1.00027e+00  0.00000e+00  9.99539e-01
 9.97787e-01  9.98664e-01  9.99537e-01
 1.79454e+03  9.98093e-01  9.99122e-01
 0.00000e+00  1.79456e+03  9.99032e-01
 9.98893e-01  0.00000e+00  9.99538e-01
 9.98920e-01  9.99296e-01  9.99538e-01
 1.79460e+03  9.98802e-01  9.99149e-01
 0.00000e+00  1.79462e+03  9.99032e-01
 9.98073e-01  0.00000e+00  9.99537e-01
 9.97789e-01  9.98309e-01  9.99537e-01
 1.79466e+03  9.97649e-01  9.99177e-01
 0.00000e+00  1.79468e+03  9.99032e-01
 9.97825e-01  0.00000e+00  9.99537e-01
 9.98208e-01  9.98463e-01  9.99538e-01
 1.79472e+03  9.98854e-01  9.99206e-01
 0.00000e+00  1.79474e+03  9.99032e-01
 9.98876e-01  0.00000e+00  9.99538e-01
 9.99282e-01  9.99490e-01  9.99538e-01
 1.79479e+03  9.98348e-01  9.99237e-01
 0.00000e+00  1.79481e+03  9.99032e-01
 9.99320e-01  0.00000e+00  9.99539e-01
 9.98693e-01  9.98674e-01  9.99538e-01
 1.79485e+03  9.99031e-01  9.99270e-01
 0.00000e+00  1.79487e+03  9.99032e-01
 9.98585e-01  0.00000e+00  9.99538e-01
 9.99038e-01  9.98884e-01  9.99538e-01
 1.79491e+03  9.99000e-01  9.99304e-01
 0.00000e+00  1.79493e+03  9.99032e-01
 9.98253e-01  0.00000e+00  9.99538e-01
-3.90892e-14  8.57613e-01  9.99032e-01
 1.79497e+03  9.99360e-01  9.99340e-01
 0.00000e+00  1.79499e+03  9.99032e-01
 9.99104e-01  0.00000e+00  9.99538e-01
 9.98878e-01  9.99323e-01  9.99538e-01
 1.79504e+03  9.99286e-01  9.99378e-01
 0.00000e+00  1.79506e+03  9.99032e-01
 9.99943e-01  0.00000e+00  9.99539e-01
 9.99371e-01  9.99814e-01  9.99539e-01
 1.79510e+03  9.99603e-01  9.99418e-01
 0.00000e+00  1.79512e+03  9.99032e-01
 9.99603e-01  0.00000e+00  9.99539e-01
 9.99766e-01  9.99780e-01  9.99539e-01
 1.79516e+03  9.97959e-01  9.99462e-01
 0.00000e+00  1.79518e+03  9.99032e-01
 9.99363e-01  0.00000e+00  9.99539e-01
 1.00025e+00  1.00034e+00  9.99539e-01
 1.79522e+03  1.00013e+00  9.99510e-01
 0.00000e+00  1.79524e+03  9.99032e-01
 9.99731e-01  0.00000e+00  9.99539e-01
 1.00094e+00  1.00081e+00  9.99540e-01
 1.79529e+03  1.00063e+00  9.99563e-01
 0.00000e+00  1.79531e+03  9.99032e-01
 1.00001e+00  0.00000e+00  9.99539e-01
 9.99521e-01  9.99908e-01  9.99539e-01
 1.79535e+03  1.00050e+00  9.99621e-01
 0.00000e+00  1.79537e+03  9.99032e-01
 1.00063e+00  0.00000e+00  9.99540e-01
 9.99642e-01  1.00000e+00  9.99539e-01
 1.79541e+03  1.00002e+00  9.99688e-01
 0.00000e+00  1.79543e+03  9.99032e-01
 1.00199e+00  0.00000e+00  9.99541e-01
 1.00058e+00  1.00078e+00  9.99540e-01
 1.79547e+03  1.00040e+00  9.99764e-01
 0.00000e+00  1.79549e+03  9.99032e-01
 1.00170e+00  0.00000e+00  9.99541e-01
 1.00170e+00  1.00159e+00  9.99541e-01
 1.79554e+03  1.00098e+00  9.99853e-01
 0.00000e+00  1.79556e+03  9.99032e-01
 1.00168e+00  0.00000e+00  9.99541e-01
 1.00119e+00  1.00131e+00  9.99540e-01
 1.79560e+03  1.00123e+00  9.99959e-01
 0.00000e+00  1.79562e+03  9.99032e-01
 1.00082e+00  0.00000e+00  9.99540e-01
 1.00151e+00  1.00147e+00  9.99540e-01
 1.79566e+03  1.00167e+00  1.00009e+00
 0.00000e+00  1.79568e+03  9.99032e-01
 1.00166e+00  0.00000e+00  9.99540e-01
 1.00183e+00  1.00199e+00  9.99541e-01
 1.79572e+03  1.00041e+00  1.00025e+00
 0.00000e+00  1.79574e+03  9.99032e-01
 1.00160e+00  0.00000e+00  9.99540e-01
 1.00118e+00  1.00142e+00  9.99540e-01
 1.79579e+03  1.00139e+00  1.00045e+00
 0.00000e+00  1.79581e+03  9.99032e-01
 1.00070e+00  0.00000e+00  9.99540e-01
 1.00007e+00  1.00023e+00  9.99539e-01
 1.79585e+03  1.00056e+00  1.00071e+00
 0.00000e+00  1.79587e+03  9.99032e-01
 1.00066e+00  0.00000e+00  9.99540e-01
 9.99076e-01  9.99284e-01  9.99538e-01
 1.79591e+03  9.99025e-01  1.00106e+00
 0.00000e+00  1.79593e+03  9.99032e-01
 1.00063e+00  0.00000e+00  9.99540e-01
 1.00105e+00  1.00099e+00  9.99540e-01
 1.79597e+03  1.00033e+00  1.00153e+00
 0.00000e+00  1.79599e+03  9.99032e-01
 1.00006e+00  0.00000e+00  9.99539e-01
 1.00052e+00  1.00054e+00  9.99540e-01
 1.79604e+03  1.00163e+00  1.00218e+00
 0.00000e+00  1.79606e+03  9.99032e-01
 1.00142e+00  0.00000e+00  9.99540e-01
 1.00163e+00  1.00163e+00  9.99540e-01
 1.79610e+03  1.00220e+00  1.00307e+00
 0.00000e+00  1.79612e+03  9.99032e-01
 1.00253e+00  0.00000e+00  9.99541e-01
 1.00412e+00  1.00418e+00  9.99543e-01
 1.79616e+03  1.00560e+00  1.00434e+00
 0.00000e+00  1.79618e+03  9.99032e-01
 1.00466e+00  0.00000e+00  9.99543e-01
 1.00735e+00  1.00714e+00  9.99545e-01
 1.79622e+03  1.00856e+00  1.00630e+00
 0.00000e+00  1.79624e+03  9.99032e-01
 1.00636e+00  0.00000e+00  9.99544e-01
 1.00811e+00  1.00797e+00  9.99546e-01
 1.79629e+03  1.00844e+00  1.00927e+00
 0.00000e+00  1.79631e+03  9.99032e-01
 1.00945e+00  0.00000e+00  9.99547e-01
 1.00860e+00  1.00844e+00  9.99546e-01
 1.79635e+03  1.00926e+00  1.01126e+00
 0.00000e+00  1.79637e+03  9.99032e-01
 1.00830e+00  0.00000e+00  9.99546e-01
 1.00654e+00  1.00619e+00  9.99545e-01
 1.79641e+03  1.00760e+00  1.00932e+00
 0.00000e+00  1.79643e+03  9.99032e-01
 1.00577e+00  0.00000e+00  9.99544e-01
 1.00512e+00  1.00477e+00  9.99543e-01
 1.79647e+03  1.00472e+00  1.00562e+00
 0.00000e+00  1.79649e+03  9.99032e-01
 1.00425e+00  0.00000e+00  9.99543e-01
 1.00488e+00  1.00458e+00  9.99543e-01
 1.79654e+03  1.00208e+00  1.00277e+00
 0.00000e+00  1.79656e+03  9.99032e-01
 1.00156e+00  0.00000e+00  9.99540e-01
 1.00144e+00  1.00106e+00  9.99540e-01
 1.79660e+03  1.00294e+00  1.00109e+00
 0.00000e+00  1.79662e+03  9.99032e-01
 1.00096e+00  0.00000e+00  9.99540e-01
 1.00092e+00  1.00043e+00  9.99540e-01
 1.79666e+03  1.00047e+00  1.00016e+00
 0.00000e+00  1.79668e+03  9.99032e-01
 1.00012e+00  0.00000e+00  9.99539e-01
 1.00029e+00  9.99969e-01  9.99539e-01
 1.79672e+03  1.00004e+00  9.99649e-01
 0.00000e+00  1.79674e+03  9.99032e-01
 9.99451e-01  0.00000e+00  9.99539e-01
 9.98602e-01  9.97974e-01  9.99538e-01
 1.79679e+03  9.97737e-01  9.99360e-01
 0.00000e+00  1.79681e+03  9.99032e-01
 9.97916e-01  0.00000e+00  9.99537e-01
 9.96936e-01  9.96405e-01  9.99537e-01
 1.79685e+03  9.98062e-01  9.99196e-01
 0.00000e+00  1.79687e+03  9.99032e-01
 9.96877e-01  0.00000e+00  9.99536e-01
 9.98148e-01  9.97564e-01  9.99538e-01
 1.79691e+03  9.98085e-01  9.99103e-01
 0.00000e+00  1.79693e+03  9.99032e-01
 9.96469e-01  0.00000e+00  9.99536e-01
 9.97612e-01  9.96699e-01  9.99537e-01
 1.79697e+03  9.95752e-01  9.99053e-01
 0.00000e+00  1.79699e+03  9.99032e-01
 9.94996e-01  0.00000e+00  9.99535e-01
 9.96586e-01  9.95973e-01  9.99536e-01
 1.79704e+03  9.95991e-01  9.99029e-01
 0.00000e+00  1.79706e+03  9.99032e-01
 9.95808e-01  0.00000e+00  9.99536e-01
 9.96401e-01  9.95672e-01  9.99536e-01
 1.79710e+03  9.95920e-01  9.99022e-01
 0.00000e+00  1.79712e+03  9.99032e-01
 9.96426e-01  0.00000e+00  9.99536e-01
 9.96130e-01  9.95477e-01  9.99536e-01
 1.79716e+03  9.97467e-01  9.99026e-01
 0.00000e+00  1.79718e+03  9.99032e-01
 9.95849e-01  0.00000e+00  9.99536e-01
 9.96524e-01  9.95599e-01  9.99536e-01
 1.79722e+03  9.95894e-01  9.99038e-01
 0.00000e+00  1.79724e+03  9.99032e-01
 9.95833e-01  0.00000e+00  9.99536e-01
 9.97049e-01  9.96086e-01  9.99537e-01
 1.79729e+03  9.98956e-01  9.99054e-01
 0.00000e+00  1.79731e+03  9.99032e-01
 9.95498e-01  0.00000e+00  9.99535e-01
 9.95846e-01  9.94792e-01  9.99536e-01
 1.79735e+03  9.97164e-01  9.99075e-01
 0.00000e+00  1.79737e+03  9.99032e-01
 9.96748e-01  0.00000e+00  9.99536e-01
 9.96280e-01  9.95118e-01  9.99536e-01
 1.79741e+03  9.96578e-01  9.99097e-01
 0.00000e+00  1.79743e+03  9.99032e-01
 9.96233e-01  0.00000e+00  9.99536e-01
 9.97645e-01  9.96839e-01  9.99537e-01
 1.79747e+03  9.96007e-01  9.99122e-01
 0.00000e+00  1.79749e+03  9.99032e-01
 9.97428e-01  0.00000e+00  9.99537e-01
 9.98535e-01  9.97645e-01  9.99538e-01
 1.79754e+03  9.97337e-01  9.99149e-01
 0.00000e+00  1.79756e+03  9.99032e-01
 9.96844e-01  0.00000e+00  9.99536e-01
 9.98181e-01  9.97224e-01  9.99538e-01
 1.79760e+03  9.98576e-01  9.99177e-01
 0.00000e+00  1.79762e+03  9.99032e-01
 9.96998e-01  0.00000e+00  9.99537e-01
 9.97883e-01  9.96554e-01  9.99537e-01
 1.79766e+03  9.98313e-01  9.99207e-01
 0.00000e+00  1.79768e+03  9.99032e-01
 9.96278e-01  0.00000e+00  9.99536e-01
 9.97738e-01  9.96312e-01  9.99537e-01
 1.79772e+03  9.98453e-01  9.99238e-01
 0.00000e+00  1.79774e+03  9.99032e-01
 9.96893e-01  0.00000e+00  9.99536e-01
 9.98249e-01  9.96794e-01  9.99538e-01
 1.79779e+03  9.99188e-01  9.99270e-01
 0.00000e+00  1.79781e+03  9.99032e-01
 9.97927e-01  0.00000e+00  9.99537e-01
 9.98683e-01  9.97174e-01  9.99538e-01
 1.79785e+03  9.99530e-01  9.99304e-01
 0.00000e+00  1.79787e+03  9.99032e-01
 9.96316e-01  0.00000e+00  9.99536e-01
 9.98164e-01  9.96507e-01  9.99538e-01
 1.79791e+03  9.98519e-01  9.99340e-01
 0.00000e+00  1.79793e+03  9.99032e-01
 9.97322e-01  0.00000e+00  9.99537e-01
 9.98320e-01  9.96727e-01  9.99538e-01
 1.79797e+03  9.99650e-01  9.99378e-01
 0.00000e+00  1.79799e+03  9.99032e-01
 9.96598e-01  0.00000e+00  9.99536e-01
 9.98316e-01  9.96684e-01  9.99538e-01
 1.79804e+03  9.97671e-01  9.99419e-01
 0.00000e+00  1.79806e+03  9.99032e-01
 9.96629e-01  0.00000e+00  9.99536e-01
 9.98774e-01  9.96825e-01  9.99538e-01
 1.79810e+03  9.98614e-01  9.99463e-01
 0.00000e+00  1.79812e+03  9.99032e-01
 9.96885e-01  1.28000e+02  9.99536e-01
 9.99298e-01  9.97294e-01  9.99538e-01
 1.79816e+03  9.98708e-01  9.99511e-01
 0.00000e+00  1.79818e+03  9.99032e-01
 9.97900e-01  0.00000e+00  9.99537e-01
 9.99373e-01  9.97469e-01  9.99539e-01
 1.79822e+03  9.99096e-01  9.99564e-01
 0.00000e+00  1.79824e+03  9.99032e-01
 9.97490e-01  0.00000e+00  9.99537e-01
 9.99873e-01  9.98084e-01  9.99539e-01
 1.79829e+03  9.99353e-01  9.99622e-01
 0.00000e+00  1.79831e+03  9.99032e-01
 9.98877e-01  0.00000e+00  9.99538e-01
 9.99946e-01  9.98046e-01  9.99539e-01
 1.79835e+03  1.00011e+00  9.99689e-01
 0.00000e+00  1.79837e+03  9.99032e-01
 9.97050e-01  0.00000e+00  9.99537e-01
 1.00000e+00  9.97728e-01  9.99539e-01
 1.79841e+03  1.00003e+00  9.99765e-01
 0.00000e+00  1.79843e+03  9.99032e-01
 9.98110e-01  0.00000e+00  9.99537e-01
 1.00146e+00  9.98915e-01  9.99540e-01
 1.79847e+03  1.00205e+00  9.99855e-01
 0.00000e+00  1.79849e+03  9.99032e-01
 1.00028e+00  0.00000e+00  9.99539e-01
 1.00065e+00  9.98323e-01  9.99540e-01
 1.79854e+03  1.00076e+00  9.99961e-01
 0.00000e+00  1.79856e+03  9.99032e-01
 9.99114e-01  0.00000e+00  9.99538e-01
 1.00246e+00  9.99864e-01  9.99541e-01
 1.79860e+03  1.00239e+00  1.00009e+00
 0.00000e+00  1.79862e+03  9.99032e-01
 9.99039e-01  0.00000e+00  9.99538e-01
 1.00123e+00  9.98306e-01  9.99540e-01
 1.79866e+03  1.00031e+00  1.00025e+00
 0.00000e+00  1.79868e+03  9.99032e-01
 9.98606e-01  0.00000e+00  9.99538e-01
 1.00105e+00  9.98224e-01  9.99540e-01
 1.79872e+03  1.00096e+00  1.00045e+00
 0.00000e+00  1.79874e+03  9.99032e-01
 9.98248e-01  0.00000e+00  9.99538e-01
 1.00147e+00  9.98712e-01  9.99540e-01
 1.79879e+03  1.00093e+00  1.00072e+00
 0.00000e+00  1.79881e+03  9.99032e-01
 9.98112e-01  0.00000e+00  9.99537e-01
 1.00062e+00  9.97319e-01  9.99540e-01
 1.79885e+03  1.00082e+00  1.00107e+00
 0.00000e+00  1.79887e+03  9.99032e-01
 9.96225e-01  0.00000e+00  9.99536e-01
 9.99760e-01  9.96718e-01  9.99539e-01
 1.79891e+03  9.99070e-01  1.00154e+00
 0.00000e+00  1.79893e+03  9.99032e-01
 9.97383e-01  0.00000e+00  9.99537e-01
 1.00116e+00  9.97743e-01  9.99540e-01
 1.79897e+03  1.00181e+00  1.00219e+00
 0.00000e+00  1.79899e+03  9.99032e-01
 9.97690e-01  0.00000e+00  9.99537e-01
 1.00254e+00  9.98902e-01  9.99541e-01
 1.79904e+03  1.00389e+00  1.00309e+00
 0.00000e+00  1.79906e+03  9.99032e-01
 1.00066e+00  0.00000e+00  9.99540e-01
 1.00359e+00  1.00011e+00  9.99542e-01
 1.79910e+03  1.00542e+00  1.00436e+00
 0.00000e+00  1.79912e+03  9.99032e-01
 1.00290e+00  0.00000e+00  9.99542e-01
 1.00776e+00  1.00320e+00  9.99546e-01
 1.79916e+03  1.00921e+00  1.00634e+00
 0.00000e+00  1.79918e+03  9.99032e-01
 1.00394e+00  0.00000e+00  9.99542e-01
-3.87810e-14  8.50851e-01  9.99032e-01
 1.79922e+03  1.01094e+00  1.00932e+00
 0.00000e+00  1.79924e+03  9.99032e-01
 1.00746e+00  0.00000e+00  9.99545e-01
 1.01113e+00  1.00827e+00  9.99549e-01
 1.79929e+03  1.00901e+00  1.01126e+00
 0.00000e+00  1.79931e+03  9.99032e-01
 1.00743e+00  0.00000e+00  9.99545e-01
 1.00955e+00  1.00645e+00  9.99547e-01
 1.79935e+03  1.00792e+00  1.00927e+00
 0.00000e+00  1.79937e+03  9.99032e-01
 1.00434e+00  0.00000e+00  9.99543e-01
 1.00667e+00  1.00351e+00  9.99545e-01
 1.79941e+03  1.00473e+00  1.00556e+00
 0.00000e+00  1.79943e+03  9.99032e-01
 1.00065e+00  0.00000e+00  9.99540e-01
 1.00376e+00  1.00059e+00  9.99542e-01
 1.79947e+03  1.00365e+00  1.00274e+00
 0.00000e+00  1.79949e+03  9.99032e-01
 1.00062e+00  0.00000e+00  9.99540e-01
 1.00227e+00  9.98899e-01  9.99541e-01
 1.79954e+03  1.00179e+00  1.00107e+00
 0.00000e+00  1.79956e+03  9.99032e-01
 9.98892e-01  0.00000e+00  9.99538e-01
 1.00053e+00  9.97118e-01  9.99540e-01
 1.79960e+03  1.00016e+00  1.00015e+00
 0.00000e+00  1.79962e+03  9.99032e-01
 9.96208e-01  0.00000e+00  9.99536e-01
 1.00055e+00  9.97063e-01  9.99540e-01
 1.79966e+03  9.98470e-01  9.99643e-01
 0.00000e+00  1.79968e+03  9.99032e-01
 9.96080e-01  0.00000e+00  9.99536e-01
 9.99548e-01  9.95798e-01  9.99539e-01
 1.79972e+03  9.97451e-01  9.99357e-01
 0.00000e+00  1.79974e+03  9.99032e-01
 9.94164e-01  0.00000e+00  9.99534e-01
 9.97957e-01  9.93758e-01  9.99537e-01
 1.79979e+03  9.98245e-01  9.99194e-01
 0.00000e+00  1.79981e+03  9.99032e-01
 9.93317e-01  0.00000e+00  9.99533e-01
 9.99272e-01  9.94716e-01  9.99538e-01
 1.79985e+03  9.99085e-01  9.99102e-01
 0.00000e+00  1.79987e+03  9.99032e-01
 9.91922e-01  0.00000e+00  9.99532e-01
 9.98157e-01  9.93382e-01  9.99538e-01
 1.79991e+03  9.98186e-01  9.99053e-01
 0.00000e+00  1.79993e+03  9.99032e-01
 9.93465e-01  0.00000e+00  9.99534e-01
 9.97046e-01  9.92015e-01  9.99537e-01
 1.79997e+03  9.97186e-01  9.99029e-01
 0.00000e+00  1.79999e+03  9.99032e-01
 9.92424e-01  0.00000e+00  9.99533e-01
 9.97844e-01  9.92445e-01  9.99537e-01
 1.80004e+03  9.98538e-01  9.99022e-01
 0.00000e+00  1.80006e+03  9.99032e-01
 9.92312e-01  0.00000e+00  9.99533e-01
 9.98198e-01  9.92417e-01  9.99538e-01
 1.80010e+03  9.98239e-01  9.99027e-01
 0.00000e+00  1.80012e+03  9.99032e-01
 9.92665e-01  0.00000e+00  9.99533e-01
 9.98338e-01  9.92264e-01  9.99538e-01
 1.80016e+03  1.00063e+00  9.99038e-01
 0.00000e+00  1.80018e+03  9.99032e-01
 9.93653e-01  0.00000e+00  9.99534e-01
 9.99855e-01  9.93926e-01  9.99539e-01
 1.80022e+03  9.98993e-01  9.99055e-01
 0.00000e+00  1.80024e+03  9.99032e-01
 9.92691e-01  0.00000e+00  9.99533e-01
 1.00004e+00  9.93819e-01  9.99539e-01
 1.80029e+03  1.00081e+00  9.99075e-01
 0.00000e+00  1.80031e+03  9.99032e-01
 9.95407e-01  0.00000e+00  9.99535e-01
 1.00055e+00  9.94084e-01  9.99540e-01
 1.80035e+03  9.99989e-01  9.99098e-01
 0.00000e+00  1.80037e+03  9.99032e-01
 9.93060e-01  0.00000e+00  9.99533e-01
 1.00048e+00  9.93489e-01  9.99539e-01
 1.80041e+03  1.00090e+00  9.99123e-01
 1.28000e+02  1.80043e+03  1.00164e+00
 9.93145e-01  1.28000e+02  9.99533e-01
 1.00121e+00  9.93531e-01  9.99540e-01
 1.80047e+03  1.00080e+00  9.99150e-01
 1.28000e+02  1.80049e+03  1.00164e+00
 9.93537e-01  1.28000e+02  9.99534e-01
 1.00187e+00  9.93018e-01  9.99541e-01
 1.80054e+03  1.00223e+00  9.99178e-01
 1.28000e+02  1.80056e+03  1.00164e+00
 9.92813e-01  1.28000e+02  9.99533e-01
 1.00119e+00  9.91547e-01  9.99540e-01
 1.80060e+03  9.99952e-01  9.99207e-01
 1.28000e+02  1.80062e+03  1.00164e+00
 9.90821e-01  1.28000e+02  9.99531e-01
 1.00432e+00  9.93290e-01  9.99543e-01
 1.80066e+03  9.99138e-01  9.99238e-01
 1.28000e+02  1.80068e+03  1.00164e+00
 9.36449e-01  1.28000e+02  9.99488e-01
 9.76254e-01  9.54062e-01  9.99519e-01
 1.80072e+03  1.00340e+00  9.99271e-01
 1.28000e+02  1.80074e+03  1.00164e+00
 9.85215e-01  1.28000e+02  9.99527e-01
 1.02865e+00  9.92602e-01  9.99564e-01
 1.80079e+03  1.02431e+00  9.99305e-01
 1.28000e+02  1.80081e+03  1.00164e+00
 9.82787e-01  1.28000e+02  9.99525e-01
 1.04217e+00  9.75969e-01  9.99576e-01
 1.80085e+03  1.07718e+00  9.99341e-01
 1.28000e+02  1.80087e+03  1.00164e+00
 9.77691e-01  1.28000e+02  9.99521e-01
 1.04245e+00  8.99068e-01  9.99576e-01
 1.80091e+03  9.51959e-01  9.99379e-01
 1.28000e+02  1.80093e+03  1.00164e+00
 8.64087e-01  1.28000e+02  9.99435e-01
 1.33669e+00  9.88391e-01  9.99953e-01
 1.80097e+03  1.33254e+00  9.99420e-01
 1.28000e+02  1.80099e+03  1.00164e+00
 5.50664e-01  1.28000e+02  9.99249e-01
 1.02139e+00  7.62949e-01  9.99558e-01
 1.80104e+03  1.01138e+00  9.99464e-01
 1.28000e+02  1.80106e+03  1.00164e+00
 7.31132e-01  1.28000e+02  9.99349e-01
 9.00531e-01  6.37721e-01  9.99461e-01
 1.80110e+03  7.29599e-01  9.99512e-01
 1.28000e+02  1.80112e+03  1.00164e+00
 4.52109e-01  1.28000e+02  9.99200e-01
 1.21932e+00  7.64234e-01  9.99770e-01
 1.80116e+03  1.31092e+00  9.99564e-01
 1.28000e+02  1.80118e+03  1.00164e+00
 5.90282e-01  1.28000e+02  9.99270e-01
 8.64094e-01  5.58543e-01  9.99435e-01
 1.80122e+03  2.32051e-01  9.99623e-01
 1.28000e+02  1.80124e+03  1.00164e+00
-1.58258e+00  1.28000e+02  9.99986e-01
-9.65242e+00 -1.85941e+00  1.01126e+00
 1.80129e+03 -1.43642e+01  9.99690e-01
 1.28000e+02  1.80131e+03  1.00164e+00
-2.02646e+00  1.28000e+02  9.99468e-01
-1.45124e+04 -1.76347e+00  9.99130e-01
 1.80135e+03 -1.87667e+00  9.99767e-01
 1.28000e+02  1.80137e+03  1.00164e+00
 5.51302e-01  1.28000e+02  9.99250e-01
 2.50811e+00  6.27685e-01  9.99432e-01
 1.80141e+03 -2.14783e+00  9.99856e-01
 1.28000e+02  1.80143e+03  1.00164e+00
 9.32824e-01  1.28000e+02  9.99485e-01
-2.98852e+00  1.02289e+00  9.99024e-01
 1.80147e+03  4.01430e+00  9.99963e-01
 1.28000e+02  1.80150e+03  1.00164e+00
 1.06398e+00  1.28000e+02  9.99596e-01
 1.87652e+00  1.03300e+00  1.00376e+00
 1.80154e+03  1.85847e+00  1.00009e+00
 1.28000e+02  1.80156e+03  1.00164e+00
 1.04468e+00  1.28000e+02  9.99578e-01
 1.89864e+00  1.05216e+00  1.00425e+00
 1.80160e+03  1.91053e+00  1.00025e+00
 1.28000e+02  1.80162e+03  1.00164e+00
 1.03540e+00  1.28000e+02  9.99570e-01
 1.84285e+00  1.02132e+00  1.00312e+00
 1.80166e+03  1.81578e+00  1.00046e+00
 1.28000e+02  1.80168e+03  1.00164e+00
 1.03934e+00  1.28000e+02  9.99574e-01
 1.93989e+00  1.06654e+00  1.00540e+00
 1.80172e+03  1.84910e+00  1.00072e+00
 1.28000e+02  1.80175e+03  1.00164e+00
 1.02847e+00  1.28000e+02  9.99564e-01
 1.83062e+00  1.03095e+00  1.00292e+00
 1.80179e+03  1.85257e+00  1.00107e+00
 1.28000e+02  1.80181e+03  1.00164e+00
 1.09139e+00  1.28000e+02  9.99623e-01
 1.88109e+00  1.07995e+00  1.00385e+00
 1.80185e+03  1.83090e+00  1.00155e+00
 1.28000e+02  1.80187e+03  1.00164e+00
 1.06111e+00  1.28000e+02  9.99594e-01
 2.05083e+00  1.13389e+00  1.01036e+00
 1.80191e+03  2.05158e+00  1.00220e+00
 1.28000e+02  1.80193e+03  1.00164e+00
 1.11295e+00  1.28000e+02  9.99645e-01
 2.16211e+00  1.12021e+00  1.00876e+00
 1.80197e+03  2.36463e+00  1.00310e+00
 1.28000e+02  1.80200e+03  1.00164e+00
 1.31062e+00  1.28000e+02  9.99907e-01
-2.15275e+01  1.52435e+00  1.00632e+00
 1.80204e+03  7.14502e+00  1.00438e+00
 1.28000e+02  1.80206e+03  1.00164e+00
 1.35916e+00  1.28000e+02  9.99996e-01
 9.11814e+00  1.51954e+00  9.99135e-01
 1.80210e+03  2.28403e+01  1.00638e+00
 1.28000e+02  1.80212e+03  1.00164e+00
 1.69276e+00  1.28000e+02  1.00135e+00
-5.98527e+00  1.87979e+00  9.99023e-01
 1.80216e+03  1.59760e+00  1.00937e+00
 1.28000e+02  1.80218e+03  1.00164e+00
-1.35826e+01  1.28000e+02  9.99632e-01
 6.82258e-01 -1.48291e+01  9.99321e-01
 1.80222e+03 -1.16132e-12  1.01126e+00
 1.28000e+02  1.80225e+03  1.00164e+00
 3.46647e-01  1.28000e+02  9.99152e-01
-1.59021e-14  3.48890e-01  9.99032e-01
 1.80229e+03 -1.14273e-14  1.00921e+00
 1.28000e+02  1.80231e+03  1.00164e+00
 1.28674e-01  1.28000e+02  9.99066e-01
 1.99261e-01 -2.83676e+00  9.99091e-01
 1.80235e+03 -2.22442e-01  1.00551e+00
 1.28000e+02  1.80237e+03  1.00164e+00
 2.47240e+00  1.28000e+02  9.99605e-01
-3.66607e+00  2.45535e+00  1.00605e+00
 1.80241e+03  1.09521e+02  1.00270e+00
 1.28000e+02  1.80243e+03  1.00164e+00
 1.72735e+00  1.28000e+02  1.00164e+00
 1.00489e+00  1.00223e+00  9.99543e-01
 1.80350e+03  1.00688e+00  9.99188e-01
 0.00000e+00  1.80352e+03  9.99032e-01
 1.00346e+00  0.00000e+00  9.99542e-01
 1.00463e+00  1.00228e+00  9.99543e-01
 1.80356e+03  1.00520e+00  9.99218e-01
 0.00000e+00  1.80358e+03  9.99032e-01
 1.00410e+00  0.00000e+00  9.99543e-01
 1.00553e+00  1.00340e+00  9.99544e-01
 1.80362e+03  1.00644e+00  9.99249e-01
 0.00000e+00  1.80364e+03  9.99032e-01
 1.00517e+00  0.00000e+00  9.99543e-01
 1.00784e+00  1.00516e+00  9.99546e-01
 1.80368e+03  1.00434e+00  9.99282e-01
 0.00000e+00  1.80370e+03  9.99032e-01
 1.00293e+00  0.00000e+00  9.99542e-01
 1.00528e+00  1.00398e+00  9.99544e-01
 1.80375e+03  1.00438e+00  9.99317e-01
 0.00000e+00  1.80377e+03  9.99032e-01
 1.00412e+00  0.00000e+00  9.99543e-01
 1.00619e+00  1.00512e+00  9.99544e-01
 1.80381e+03  1.00495e+00  9.99354e-01
 0.00000e+00  1.80383e+03  9.99032e-01
 1.00305e+00  0.00000e+00  9.99542e-01
 1.00415e+00  1.00318e+00  9.99543e-01
 1.80387e+03  1.00516e+00  9.99393e-01
 0.00000e+00  1.80389e+03  9.99032e-01
 1.00323e+00  0.00000e+00  9.99542e-01
 1.00423e+00  1.00358e+00  9.99543e-01
 1.80393e+03  1.00320e+00  9.99435e-01
 0.00000e+00  1.80395e+03  9.99032e-01
 1.00315e+00  0.00000e+00  9.99542e-01
 1.00372e+00  1.00355e+00  9.99542e-01
 1.80400e+03  1.00195e+00  9.99480e-01
 0.00000e+00  1.80402e+03  9.99032e-01
 1.00471e+00  0.00000e+00  9.99543e-01
 1.00320e+00  1.00271e+00  9.99542e-01
 1.80406e+03  1.00182e+00  9.99529e-01
 0.00000e+00  1.80408e+03  9.99032e-01
 1.00307e+00  0.00000e+00  9.99542e-01
 1.00335e+00  1.00341e+00  9.99542e-01
 1.80412e+03  1.00326e+00  9.99584e-01
 0.00000e+00  1.80414e+03  9.99032e-01
 1.00265e+00  0.00000e+00  9.99541e-01
 1.00198e+00  1.00232e+00  9.99541e-01
 1.80418e+03  1.00319e+00  9.99646e-01
 0.00000e+00  1.80420e+03  9.99032e-01
 1.00288e+00  0.00000e+00  9.99542e-01
 1.00280e+00  1.00299e+00  9.99541e-01
 1.80425e+03  1.00148e+00  9.99715e-01
 0.00000e+00  1.80427e+03  9.99032e-01
 1.00402e+00  0.00000e+00  9.99543e-01
 1.00257e+00  1.00319e+00  9.99541e-01
 1.80431e+03  1.00298e+00  9.99796e-01
 0.00000e+00  1.80433e+03  9.99032e-01
 1.00501e+00  0.00000e+00  9.99543e-01
 1.00398e+00  1.00473e+00  9.99542e-01
 1.80437e+03  1.00275e+00  9.99891e-01
 0.00000e+00  1.80439e+03  9.99032e-01
 1.00445e+00  0.00000e+00  9.99543e-01
 1.00274e+00  1.00377e+00  9.99541e-01
 1.80443e+03  1.00156e+00  1.00000e+00
 0.00000e+00  1.80445e+03  9.99032e-01
 1.00371e+00  0.00000e+00  9.99542e-01
 9.97528e-01  1.00250e+00  9.99537e-01
 1.80450e+03  1.00191e+00  1.00014e+00
 0.00000e+00  1.80452e+03  9.99032e-01
 1.00358e+00  0.00000e+00  9.99542e-01
 1.00118e+00  1.00262e+00  9.99540e-01
 1.80456e+03  1.00200e+00  1.00032e+00
 0.00000e+00  1.80458e+03  9.99032e-01
 1.00272e+00  0.00000e+00  9.99541e-01
 9.98691e-01  1.00043e+00  9.99538e-01
 1.80462e+03  1.00157e+00  1.00054e+00
 0.00000e+00  1.80464e+03  9.99032e-01
 1.00142e+00  0.00000e+00  9.99540e-01
 1.00057e+00  1.00252e+00  9.99540e-01
 1.80468e+03  9.99348e-01  1.00083e+00
 0.00000e+00  1.80470e+03  9.99032e-01
 1.00051e+00  0.00000e+00  9.99540e-01
 1.00041e+00  1.00229e+00  9.99539e-01
 1.80475e+03  1.00049e+00  1.00122e+00
 0.00000e+00  1.80477e+03  9.99032e-01
 1.00114e+00  0.00000e+00  9.99540e-01
 9.99275e-01  1.00107e+00  9.99538e-01
 1.80481e+03  1.00146e+00  1.00175e+00
 0.00000e+00  1.80483e+03  9.99032e-01
 1.00150e+00  0.00000e+00  9.99540e-01
 1.00152e+00  1.00275e+00  9.99540e-01
 1.80487e+03  1.00075e+00  1.00248e+00
 0.00000e+00  1.80489e+03  9.99032e-01
 1.00423e+00  0.00000e+00  9.99543e-01
 1.00352e+00  1.00534e+00  9.99542e-01
 1.80493e+03  1.00272e+00  1.00350e+00
 0.00000e+00  1.80495e+03  9.99032e-01
 1.00535e+00  0.00000e+00  9.99544e-01
 1.00639e+00  1.00813e+00  9.99545e-01
 1.80500e+03  1.00666e+00  1.00497e+00
 0.00000e+00  1.80502e+03  9.99032e-01
 1.00800e+00  0.00000e+00  9.99546e-01
 1.00675e+00  1.00880e+00  9.99545e-01
 1.80506e+03  1.00719e+00  1.00733e+00
 0.00000e+00  1.80508e+03  9.99032e-01
 1.00953e+00  0.00000e+00  9.99547e-01
 1.00882e+00  1.01094e+00  9.99547e-01
 1.80512e+03  1.00613e+00  1.01037e+00
 0.00000e+00  1.80514e+03  9.99032e-01
 1.01092e+00  0.00000e+00  9.99548e-01
 1.00786e+00  1.01014e+00  9.99546e-01
 1.80518e+03  1.00633e+00  1.01098e+00
 0.00000e+00  1.80520e+03  9.99032e-01
 1.00717e+00  0.00000e+00  9.99545e-01
 1.00585e+00  1.00786e+00  9.99544e-01
 1.80525e+03  1.00576e+00  1.00792e+00
 0.00000e+00  1.80527e+03  9.99032e-01
 1.00569e+00  0.00000e+00  9.99544e-01
 1.00185e+00  1.00482e+00  9.99541e-01
 1.80531e+03  1.00372e+00  1.00438e+00
 0.00000e+00  1.80533e+03  9.99032e-01
 1.00376e+00  0.00000e+00  9.99542e-01
 1.00169e+00  1.00367e+00  9.99541e-01
 1.80537e+03  1.00082e+00  1.00202e+00
 0.00000e+00  1.80539e+03  9.99032e-01
 1.00315e+00  0.00000e+00  9.99542e-01
 9.99980e-01  1.00269e+00  9.99539e-01
 1.80543e+03  9.98842e-01  1.00067e+00
 0.00000e+00  1.80545e+03  9.99032e-01
 1.00079e+00  0.00000e+00  9.99540e-01
 9.98438e-01  1.00065e+00  9.99538e-01
 1.80550e+03  9.96247e-01  9.99932e-01
 0.00000e+00  1.80552e+03  9.99032e-01
 1.00075e+00  0.00000e+00  9.99540e-01
 9.99940e-01  1.00157e+00  9.99539e-01
 1.80556e+03  9.97298e-01  9.99520e-01
 0.00000e+00  1.80558e+03  9.99032e-01
 9.98661e-01  0.00000e+00  9.99538e-01
 9.96964e-01  9.99343e-01  9.99537e-01
 1.80562e+03  9.97650e-01  9.99287e-01
 0.00000e+00  1.80564e+03  9.99032e-01
 9.97174e-01  0.00000e+00  9.99537e-01
 9.96980e-01  9.99110e-01  9.99537e-01
 1.80568e+03  9.95737e-01  9.99154e-01
 0.00000e+00  1.80570e+03  9.99032e-01
 9.97720e-01  0.00000e+00  9.99537e-01
 9.94166e-01  9.96811e-01  9.99534e-01
 1.80575e+03  9.95613e-01  9.99080e-01
 0.00000e+00  1.80577e+03  9.99032e-01
 9.96467e-01  0.00000e+00  9.99536e-01
 9.95755e-01  9.97458e-01  9.99536e-01
 1.80581e+03  9.94722e-01  9.99042e-01
 0.00000e+00  1.80583e+03  9.99032e-01
 9.97395e-01  0.00000e+00  9.99537e-01
 9.94600e-01  9.96525e-01  9.99535e-01
 1.80587e+03  9.96872e-01  9.99025e-01
 0.00000e+00  1.80589e+03  9.99032e-01
 9.96941e-01  0.00000e+00  9.99537e-01
 9.96825e-01  9.98349e-01  9.99536e-01
 1.80593e+03  9.95587e-01  9.99023e-01
 0.00000e+00  1.80595e+03  9.99032e-01
 9.95842e-01  0.00000e+00  9.99536e-01
 9.95444e-01  9.97204e-01  9.99535e-01
 1.80600e+03  9.96318e-01  9.99030e-01
 0.00000e+00  1.80602e+03  9.99032e-01
 9.98641e-01  0.00000e+00  9.99538e-01
 9.95825e-01  9.97804e-01  9.99536e-01
 1.80606e+03  9.96578e-01  9.99044e-01
 0.00000e+00  1.80608e+03  9.99032e-01
 9.98376e-01  0.00000e+00  9.99538e-01
 9.96864e-01  9.98390e-01  9.99536e-01
 1.80612e+03  9.98222e-01  9.99062e-01
 0.00000e+00  1.80614e+03  9.99032e-01
 9.97810e-01  0.00000e+00  9.99537e-01
 9.95975e-01  9.97607e-01  9.99536e-01
 1.80618e+03  9.97332e-01  9.99083e-01
 0.00000e+00  1.80620e+03  9.99032e-01
 9.98620e-01  0.00000e+00  9.99538e-01
 9.96984e-01  9.98486e-01  9.99537e-01
 1.80625e+03  9.97707e-01  9.99107e-01
 0.00000e+00  1.80627e+03  9.99032e-01
 9.98483e-01  0.00000e+00  9.99538e-01
 9.97185e-01  9.98255e-01  9.99537e-01
 1.80631e+03  9.96862e-01  9.99132e-01
 0.00000e+00  1.80633e+03  9.99032e-01
 9.96704e-01  0.00000e+00  9.99536e-01
 9.93731e-01  9.97873e-01  9.99534e-01
 1.80637e+03  9.96126e-01  9.99160e-01
 0.00000e+00  1.80639e+03  9.99032e-01
 9.99034e-01  0.00000e+00  9.99538e-01
 9.96330e-01  9.97732e-01  9.99536e-01
 1.80643e+03  9.97662e-01  9.99188e-01
 0.00000e+00  1.80645e+03  9.99032e-01
 9.99455e-01  0.00000e+00  9.99539e-01
 9.98229e-01  9.99530e-01  9.99538e-01
 1.80650e+03  9.96078e-01  9.99218e-01
 0.00000e+00  1.80652e+03  9.99032e-01
 9.98226e-01  0.00000e+00  9.99538e-01
 1.00065e+00  1.00085e+00  9.99540e-01
 1.80656e+03  9.97950e-01  9.99250e-01
 0.00000e+00  1.80658e+03  9.99032e-01
 9.99032e-01  0.00000e+00  9.99538e-01
 9.97839e-01  9.98857e-01  9.99537e-01
 1.80662e+03  9.98678e-01  9.99283e-01
 0.00000e+00  1.80664e+03  9.99032e-01
 9.99836e-01  0.00000e+00  9.99539e-01
 9.98872e-01  9.99890e-01  9.99538e-01
 1.80668e+03  9.98129e-01  9.99318e-01
 0.00000e+00  1.80670e+03  9.99032e-01
 9.99527e-01  0.00000e+00  9.99539e-01
 1.00042e+00  1.00148e+00  9.99539e-01
 1.80675e+03  9.98059e-01  9.99354e-01
 0.00000e+00  1.80677e+03  9.99032e-01
 1.00125e+00  0.00000e+00  9.99540e-01
 9.98210e-01  9.99490e-01  9.99538e-01
 1.80681e+03  9.98610e-01  9.99393e-01
 0.00000e+00  1.80683e+03  9.99032e-01
 1.00040e+00  0.00000e+00  9.99539e-01
 9.98347e-01  9.99272e-01  9.99538e-01
 1.80687e+03  9.99208e-01  9.99435e-01
 0.00000e+00  1.80689e+03  9.99032e-01
 1.00000e+00  0.00000e+00  9.99539e-01
 9.98570e-01  9.99188e-01  9.99538e-01
 1.80693e+03  9.98321e-01  9.99481e-01
 0.00000e+00  1.80695e+03  9.99032e-01
 1.00036e+00  0.00000e+00  9.99539e-01
 9.99313e-01  1.00021e+00  9.99539e-01
 1.80700e+03  9.99130e-01  9.99530e-01
 0.00000e+00  1.80702e+03  9.99032e-01
 9.99924e-01  0.00000e+00  9.99539e-01
 9.99277e-01  1.00043e+00  9.99538e-01
 1.80706e+03  9.99189e-01  9.99585e-01
 0.00000e+00  1.80708e+03  9.99032e-01
 1.00148e+00  0.00000e+00  9.99540e-01
 9.99705e-01  1.00056e+00  9.99539e-01
 1.80712e+03  1.00009e+00  9.99647e-01
 0.00000e+00  1.80714e+03  9.99032e-01
 1.00196e+00  0.00000e+00  9.99541e-01
 1.00095e+00  1.00184e+00  9.99540e-01
 1.80718e+03  1.00037e+00  9.99716e-01
 0.00000e+00  1.80720e+03  9.99032e-01
 1.00198e+00  0.00000e+00  9.99541e-01
 9.99873e-01  1.00111e+00  9.99539e-01
 1.80725e+03  1.00039e+00  9.99797e-01
 0.00000e+00  1.80727e+03  9.99032e-01
 1.00109e+00  0.00000e+00  9.99540e-01
 1.00111e+00  1.00260e+00  9.99540e-01
 1.80731e+03  9.99007e-01  9.99892e-01
 0.00000e+00  1.80733e+03  9.99032e-01
 1.00233e+00  0.00000e+00  9.99541e-01
 1.00096e+00  1.00165e+00  9.99540e-01
 1.80737e+03  1.00068e+00  1.00001e+00
 0.00000e+00  1.80739e+03  9.99032e-01
 1.00161e+00  0.00000e+00  9.99540e-01
 9.99999e-01  1.00111e+00  9.99539e-01
 1.80743e+03  9.99386e-01  1.00015e+00
 0.00000e+00  1.80745e+03  9.99032e-01
 1.00200e+00  0.00000e+00  9.99541e-01
 1.00007e+00  1.00129e+00  9.99539e-01
 1.80750e+03  9.99937e-01  1.00032e+00
 0.00000e+00  1.80752e+03  9.99032e-01
 1.00089e+00  0.00000e+00  9.99540e-01
 9.99851e-01  1.00079e+00  9.99539e-01
 1.80756e+03  1.00109e+00  1.00054e+00
 0.00000e+00  1.80758e+03  9.99032e-01
 1.00063e+00  0.00000e+00  9.99540e-01
 1.00296e+00  1.00272e+00  9.99542e-01
 1.80762e+03  1.00052e+00  1.00084e+00
 0.00000e+00  1.80764e+03  9.99032e-01
 1.00217e+00  0.00000e+00  9.99541e-01
 1.00159e+00  1.00183e+00  9.99540e-01
 1.80768e+03  1.00007e+00  1.00123e+00
 0.00000e+00  1.80770e+03  9.99032e-01
 1.00082e+00  0.00000e+00  9.99540e-01
 9.99371e-01  1.00019e+00  9.99539e-01
 1.80775e+03  9.99392e-01  1.00176e+00
 0.00000e+00  1.80777e+03  9.99032e-01
 1.00326e+00  0.00000e+00  9.99542e-01
 1.00471e+00  1.00498e+00  9.99543e-01
 1.80781e+03  1.00304e+00  1.00249e+00
 0.00000e+00  1.80783e+03  9.99032e-01
 1.00457e+00  0.00000e+00  9.99543e-01
 1.00538e+00  1.00584e+00  9.99544e-01
 1.80787e+03  1.00545e+00  1.00351e+00
 0.00000e+00  1.80789e+03  9.99032e-01
 1.00708e+00  0.00000e+00  9.99545e-01
 1.00699e+00  1.00729e+00  9.99545e-01
 1.80793e+03  1.00646e+00  1.00500e+00
 0.00000e+00  1.80795e+03  9.99032e-01
 1.00924e+00  0.00000e+00  9.99547e-01
 1.00791e+00  1.00893e+00  9.99546e-01
 1.80800e+03  2.90484e-15  1.00737e+00
 1.28000e+02  1.80802e+03  1.00164e+00
 1.01023e+00  0.00000e+00  9.99548e-01
 1.00865e+00  1.00997e+00  9.99546e-01
 1.80806e+03  1.01052e+00  1.01041e+00
 0.00000e+00  1.80808e+03  9.99032e-01
 1.00947e+00  0.00000e+00  9.99547e-01
 1.00022e+00  1.00965e+00  9.99539e-01
 1.80812e+03  1.00883e+00  1.01095e+00
 0.00000e+00  1.80814e+03  9.99032e-01
 1.00678e+00  0.00000e+00  9.99545e-01
 1.00868e+00  1.00811e+00  9.99546e-01
 1.80818e+03  1.00834e+00  1.00786e+00
 0.00000e+00  1.80820e+03  9.99032e-01
 1.00531e+00  0.00000e+00  9.99544e-01
 1.00413e+00  1.00353e+00  9.99543e-01
 1.80825e+03  9.99220e-01  1.00434e+00
 0.00000e+00  1.80827e+03  9.99032e-01
 1.00247e+00  0.00000e+00  9.99541e-01
 1.00205e+00  1.00203e+00  9.99541e-01
 1.80831e+03  1.00385e+00  1.00199e+00
 0.00000e+00  1.80833e+03  9.99032e-01
 1.00247e+00  0.00000e+00  9.99541e-01
 1.00159e+00  1.00061e+00  9.99540e-01
 1.80837e+03  1.00011e+00  1.00066e+00
 0.00000e+00  1.80839e+03  9.99032e-01
 1.00004e+00  0.00000e+00  9.99539e-01
 1.00082e+00  9.99955e-01  9.99540e-01
 1.80843e+03  9.99824e-01  9.99925e-01
 0.00000e+00  1.80845e+03  9.99032e-01
 9.98375e-01  0.00000e+00  9.99538e-01
 9.99139e-01  9.98508e-01  9.99538e-01
 1.80850e+03  1.00034e+00  9.99516e-01
 0.00000e+00  1.80852e+03  9.99032e-01
 1.00058e+00  0.00000e+00  9.99540e-01
 9.99888e-01  9.98663e-01  9.99539e-01
 1.80856e+03  9.99407e-01  9.99285e-01
 0.00000e+00  1.80858e+03  9.99032e-01
 9.99164e-01  0.00000e+00  9.99538e-01
 9.98636e-01  9.97985e-01  9.99538e-01
 1.80862e+03  1.00007e+00  9.99153e-01
 0.00000e+00  1.80864e+03  9.99032e-01
 9.98356e-01  0.00000e+00  9.99538e-01
 9.99902e-01  9.98856e-01  9.99539e-01
 1.80868e+03  9.99583e-01  9.99080e-01
 0.00000e+00  1.80870e+03  9.99032e-01
 9.98497e-01  0.00000e+00  9.99538e-01
 9.99247e-01  9.98296e-01  9.99538e-01
 1.80875e+03  9.99256e-01  9.99041e-01
 0.00000e+00  1.80877e+03  9.99032e-01
 9.98247e-01  0.00000e+00  9.99538e-01
 9.98681e-01  9.97720e-01  9.99538e-01
 1.80881e+03  9.96921e-01  9.99025e-01
 0.00000e+00  1.80883e+03  9.99032e-01
 9.98338e-01  0.00000e+00  9.99538e-01
 9.99098e-01  9.98140e-01  9.99538e-01
 1.80887e+03  9.99939e-01  9.99023e-01
 0.00000e+00  1.80889e+03  9.99032e-01
 9.98232e-01  0.00000e+00  9.99538e-01
 9.99879e-01  9.98663e-01  9.99539e-01
 1.80893e+03  9.96086e-01  9.99030e-01
 0.00000e+00  1.80895e+03  9.99032e-01
 9.98688e-01  0.00000e+00  9.99538e-01
 1.00042e+00  9.99614e-01  9.99539e-01
 1.80900e+03  9.99143e-01  9.99044e-01
 0.00000e+00  1.80902e+03  9.99032e-01
 9.98869e-01  0.00000e+00  9.99538e-01
 9.98667e-01  9.98346e-01  9.99538e-01
 1.80906e+03  9.99806e-01  9.99062e-01
 0.00000e+00  1.80908e+03  9.99032e-01
 9.97473e-01  0.00000e+00  9.99537e-01
 9.98348e-01  9.98213e-01  9.99538e-01
 1.80912e+03  9.98537e-01  9.99083e-01
 0.00000e+00  1.80914e+03  9.99032e-01
 9.97551e-01  0.00000e+00  9.99537e-01
 9.98763e-01  9.98117e-01  9.99538e-01
 1.80918e+03  9.99110e-01  9.99107e-01
 0.00000e+00  1.80920e+03  9.99032e-01
 9.97900e-01  0.00000e+00  9.99537e-01
 9.97697e-01  9.97754e-01  9.99537e-01
 1.80925e+03  9.99482e-01  9.99133e-01
 0.00000e+00  1.80927e+03  9.99032e-01
 9.98596e-01  0.00000e+00  9.99538e-01
 9.99378e-01  9.98939e-01  9.99539e-01
 1.80931e+03  9.98762e-01  9.99160e-01
 0.00000e+00  1.80933e+03  9.99032e-01
 9.98215e-01  0.00000e+00  9.99538e-01
 9.99065e-01  9.97988e-01  9.99538e-01
 1.80937e+03  9.98881e-01  9.99189e-01
 0.00000e+00  1.80939e+03  9.99032e-01
 9.99379e-01  0.00000e+00  9.99539e-01
 9.98726e-01  9.98464e-01  9.99538e-01
 1.80943e+03  9.99909e-01  9.99219e-01
 0.00000e+00  1.80945e+03  9.99032e-01
 9.98654e-01  0.00000e+00  9.99538e-01
 9.99112e-01  9.98665e-01  9.99538e-01
 1.80950e+03  9.97877e-01  9.99250e-01
 0.00000e+00  1.80952e+03  9.99032e-01
 9.98527e-01  0.00000e+00  9.99538e-01
 9.98345e-01  9.98666e-01  9.99538e-01
 1.80956e+03  9.99860e-01  9.99283e-01
 0.00000e+00  1.80958e+03  9.99032e-01
 9.99067e-01  0.00000e+00  9.99538e-01
 9.99446e-01  9.99027e-01  9.99539e-01
 1.80962e+03  9.97523e-01  9.99318e-01
 0.00000e+00  1.80964e+03  9.99032e-01
 9.99143e-01  0.00000e+00  9.99538e-01
 9.99473e-01  9.98726e-01  9.99539e-01
 1.80968e+03  1.00035e+00  9.99355e-01
 0.00000e+00  1.80970e+03  9.99032e-01
 9.98765e-01  0.00000e+00  9.99538e-01
 1.00048e+00  9.99476e-01  9.99539e-01
 1.80975e+03  9.98793e-01  9.99394e-01
 0.00000e+00  1.80977e+03  9.99032e-01
 9.99040e-01  0.00000e+00  9.99538e-01
 9.98582e-01  9.98280e-01  9.99538e-01
 1.80981e+03  9.98927e-01  9.99436e-01
 0.00000e+00  1.80983e+03  9.99032e-01
 9.98227e-01  0.00000e+00  9.99538e-01
 9.98437e-01  9.98042e-01  9.99538e-01
 1.80987e+03  9.99896e-01  9.99481e-01
 0.00000e+00  1.80989e+03  9.99032e-01
 1.00007e+00  0.00000e+00  9.99539e-01
 1.00050e+00  9.99700e-01  9.99540e-01
 1.80993e+03  9.99969e-01  9.99531e-01
 0.00000e+00  1.80995e+03  9.99032e-01
 9.99500e-01  0.00000e+00  9.99539e-01
 9.99035e-01  9.98838e-01  9.99538e-01
 1.81000e+03  9.98999e-01  9.99586e-01
 0.00000e+00  1.81002e+03  9.99032e-01
 9.98725e-01  0.00000e+00  9.99538e-01
 9.98776e-01  9.98220e-01  9.99538e-01
 1.81006e+03  9.98581e-01  9.99647e-01
 0.00000e+00  1.81008e+03  9.99032e-01
 9.98788e-01  0.00000e+00  9.99538e-01
 1.00007e+00  9.99839e-01  9.99539e-01
 1.81012e+03  1.00038e+00  9.99718e-01
 0.00000e+00  1.81014e+03  9.99032e-01
 1.00105e+00  0.00000e+00  9.99540e-01
 1.00171e+00  1.00101e+00  9.99541e-01
 1.81018e+03  1.00226e+00  9.99799e-01
 0.00000e+00  1.81020e+03  9.99032e-01
 9.99281e-01  0.00000e+00  9.99538e-01
 9.99820e-01  9.99299e-01  9.99539e-01
 1.81025e+03  1.00311e+00  9.99894e-01
 0.00000e+00  1.81027e+03  9.99032e-01
 1.00113e+00  0.00000e+00  9.99540e-01
 1.00111e+00  1.00000e+00  9.99540e-01
 1.81031e+03  1.00393e+00  1.00001e+00
 0.00000e+00  1.81033e+03  9.99032e-01
 1.00018e+00  0.00000e+00  9.99539e-01
 1.00207e+00  1.00118e+00  9.99541e-01
 1.81037e+03  1.00125e+00  1.00015e+00
 0.00000e+00  1.81039e+03  9.99032e-01
 9.98699e-01  0.00000e+00  9.99538e-01
 1.00106e+00  9.99844e-01  9.99540e-01
 1.81043e+03  1.00235e+00  1.00032e+00
 0.00000e+00  1.81045e+03  9.99032e-01
 9.99832e-01  0.00000e+00  9.99539e-01
 1.00226e+00  1.00094e+00  9.99541e-01
 1.81050e+03  1.00157e+00  1.00055e+00
 0.00000e+00  1.81052e+03  9.99032e-01
 9.99639e-01  0.00000e+00  9.99539e-01
 1.00183e+00  1.00043e+00  9.99541e-01
 1.81056e+03  1.00438e+00  1.00084e+00
 0.00000e+00  1.81058e+03  9.99032e-01
 1.00083e+00  0.00000e+00  9.99540e-01
 1.00203e+00  1.00061e+00  9.99541e-01
 1.81062e+03  1.00303e+00  1.00123e+00
 0.00000e+00  1.81064e+03  9.99032e-01
 1.00158e+00  0.00000e+00  9.99540e-01
 1.00187e+00  1.00029e+00  9.99541e-01
 1.81068e+03  1.00292e+00  1.00177e+00
 0.00000e+00  1.81070e+03  9.99032e-01
 1.00199e+00  0.00000e+00  9.99541e-01
 1.00334e+00  1.00201e+00  9.99542e-01
 1.81075e+03  1.00125e+00  1.00251e+00
 0.00000e+00  1.81077e+03  9.99032e-01
 1.00376e+00  0.00000e+00  9.99542e-01
 1.00677e+00  1.00455e+00  9.99545e-01
 1.81081e+03  1.00686e+00  1.00353e+00
 0.00000e+00  1.81083e+03  9.99032e-01
 1.00554e+00  0.00000e+00  9.99544e-01
 1.00997e+00  1.00834e+00  9.99548e-01
 1.81087e+03  1.00865e+00  1.00502e+00
 0.00000e+00  1.81089e+03  9.99032e-01
 1.00899e+00  0.00000e+00  9.99547e-01
 1.01045e+00  1.00891e+00  9.99548e-01
 1.81093e+03  1.00997e+00  1.00741e+00
 0.00000e+00  1.81095e+03  9.99032e-01
 1.00979e+00  0.00000e+00  9.99547e-01
 1.01125e+00  1.00952e+00  9.99549e-01
 1.81100e+03  1.01128e+00  1.01044e+00
 0.00000e+00  1.81102e+03  9.99032e-01
 1.00870e+00  0.00000e+00  9.99547e-01
 1.00978e+00  1.00746e+00  9.99547e-01
 1.81106e+03  1.01051e+00  1.01093e+00
 0.00000e+00  1.81108e+03  9.99032e-01
 1.00634e+00  1.28000e+02  9.99544e-01
 1.00716e+00  1.00559e+00  9.99545e-01
 1.81112e+03  1.00655e+00  1.00781e+00
 0.00000e+00  1.81114e+03  9.99032e-01
 1.00408e+00  0.00000e+00  9.99543e-01
 1.00500e+00  1.00311e+00  9.99543e-01
 1.81118e+03  1.00277e+00  1.00430e+00
 0.00000e+00  1.81120e+03  9.99032e-01
 1.00270e+00  0.00000e+00  9.99541e-01
 1.00378e+00  1.00219e+00  9.99542e-01
 1.81125e+03  1.00187e+00  1.00197e+00
 0.00000e+00  1.81127e+03  9.99032e-01
 1.00156e+00  0.00000e+00  9.99540e-01
 1.00070e+00  9.99543e-01  9.99540e-01
 1.81131e+03  1.00263e+00  1.00064e+00
 0.00000e+00  1.81133e+03  9.99032e-01
 9.99586e-01  0.00000e+00  9.99539e-01
 1.00117e+00  9.99482e-01  9.99540e-01
 1.81137e+03  1.00028e+00  9.99917e-01
 0.00000e+00  1.81139e+03  9.99032e-01
 9.98905e-01  0.00000e+00  9.99538e-01
 1.00006e+00  9.98570e-01  9.99539e-01
 1.81143e+03  9.99769e-01  9.99511e-01
 0.00000e+00  1.81145e+03  9.99032e-01
 9.97790e-01  0.00000e+00  9.99537e-01
 1.00084e+00  9.98700e-01  9.99540e-01
 1.81150e+03  9.99108e-01  9.99282e-01
 0.00000e+00  1.81152e+03  9.99032e-01
 9.97904e-01  0.00000e+00  9.99537e-01
 1.00060e+00  9.99035e-01  9.99540e-01
 1.81156e+03  9.99980e-01  9.99152e-01
 0.00000e+00  1.81158e+03  9.99032e-01
 9.96975e-01  0.00000e+00  9.99537e-01
 9.99603e-01  9.97590e-01  9.99539e-01
 1.81162e+03  9.98347e-01  9.99079e-01
 0.00000e+00  1.81164e+03  9.99032e-01
 9.98012e-01  0.00000e+00  9.99537e-01
 9.98964e-01  9.96796e-01  9.99538e-01
 1.81168e+03  9.98640e-01  9.99041e-01
 0.00000e+00  1.81170e+03  9.99032e-01
 9.96449e-01  0.00000e+00  9.99536e-01
 9.98457e-01  9.96795e-01  9.99538e-01
 1.81175e+03  9.96456e-01  9.99025e-01
 0.00000e+00  1.81177e+03  9.99032e-01
 9.94811e-01  0.00000e+00  9.99535e-01
 9.96846e-01  9.95387e-01  9.99536e-01
 1.81181e+03  9.99765e-01  9.99023e-01
 0.00000e+00  1.81183e+03  9.99032e-01
 9.96342e-01  0.00000e+00  9.99536e-01
 9.98031e-01  9.96245e-01  9.99537e-01
 1.81187e+03  9.98438e-01  9.99030e-01
 0.00000e+00  1.81189e+03  9.99032e-01
 9.97285e-01  0.00000e+00  9.99537e-01
 9.99320e-01  9.97682e-01  9.99539e-01
 1.81193e+03  9.98905e-01  9.99044e-01
 0.00000e+00  1.81195e+03  9.99032e-01
 9.96322e-01  0.00000e+00  9.99536e-01
 9.99791e-01  9.97764e-01  9.99539e-01
 1.81200e+03  1.00003e+00  9.99062e-01
 0.00000e+00  1.81202e+03  9.99032e-01
 9.97568e-01  0.00000e+00  9.99537e-01
 9.99105e-01  9.97821e-01  9.99538e-01
 1.81206e+03  9.99133e-01  9.99084e-01
 0.00000e+00  1.81208e+03  9.99032e-01
 9.97067e-01  0.00000e+00  9.99537e-01
 9.99047e-01  9.97063e-01  9.99538e-01
 1.81212e+03  9.98800e-01  9.99107e-01
 0.00000e+00  1.81214e+03  9.99032e-01
 9.97817e-01  0.00000e+00  9.99537e-01
 9.99439e-01  9.97338e-01  9.99539e-01
 1.81218e+03  9.99426e-01  9.99133e-01
 0.00000e+00  1.81220e+03  9.99032e-01
 9.97134e-01  0.00000e+00  9.99537e-01
 1.00072e+00  9.98305e-01  9.99540e-01
 1.81225e+03  9.99857e-01  9.99160e-01
 0.00000e+00  1.81227e+03  9.99032e-01
 9.96703e-01  0.00000e+00  9.99536e-01
 1.00036e+00  9.97880e-01  9.99539e-01
 1.81231e+03  1.00001e+00  9.99189e-01
 0.00000e+00  1.81233e+03  9.99032e-01
 9.96919e-01  0.00000e+00  9.99536e-01
 9.99679e-01  9.97154e-01  9.99539e-01
 1.81237e+03  9.99723e-01  9.99219e-01
 0.00000e+00  1.81239e+03  9.99032e-01
 9.96631e-01  0.00000e+00  9.99536e-01
 9.99765e-01  9.97422e-01  9.99539e-01
 1.81243e+03  1.00101e+00  9.99251e-01
 0.00000e+00  1.81245e+03  9.99032e-01
 9.96915e-01  0.00000e+00  9.99536e-01
 9.99618e-01  9.97421e-01  9.99539e-01
 1.81250e+03  2.80027e-15  9.99284e-01
 1.28000e+02  1.81252e+03  1.00164e+00
 9.97493e-01  0.00000e+00  9.99537e-01
 1.00013e+00  9.97290e-01  9.99539e-01
 1.81256e+03  9.99192e-01  9.99319e-01
 0.00000e+00  1.81258e+03  9.99032e-01
 9.96493e-01  0.00000e+00  9.99536e-01
 9.98942e-01  9.96705e-01  9.99538e-01
 1.81262e+03  9.97980e-01  9.99355e-01
 0.00000e+00  1.81264e+03  9.99032e-01
 9.98647e-01  0.00000e+00  9.99538e-01
 1.00264e+00  9.98808e-01  9.99541e-01
 1.81268e+03  1.00363e+00  9.99395e-01
 0.00000e+00  1.81270e+03  9.99032e-01
 9.96662e-01  0.00000e+00  9.99536e-01
 1.00180e+00  9.98694e-01  9.99541e-01
 1.81275e+03  1.00279e+00  9.99437e-01
 0.00000e+00  1.81277e+03  9.99032e-01
 9.98106e-01  0.00000e+00  9.99537e-01
 1.00316e+00  1.00047e+00  9.99542e-01
 1.81281e+03  1.00027e+00  9.99482e-01
 0.00000e+00  1.81283e+03  9.99032e-01
 9.97829e-01  0.00000e+00  9.99537e-01
 9.98166e-01  9.99063e-01  9.99538e-01
 1.81287e+03  1.00096e+00  9.99532e-01
 0.00000e+00  1.81289e+03  9.99032e-01
 9.97725e-01  0.00000e+00  9.99537e-01
 1.00204e+00  9.98948e-01  9.99541e-01
 1.81293e+03  9.99561e-01  9.99587e-01
 0.00000e+00  1.81295e+03  9.99032e-01
 9.99590e-01  0.00000e+00  9.99539e-01
 1.00078e+00  9.98098e-01  9.99540e-01
 1.81300e+03  1.00434e+00  9.99648e-01
 0.00000e+00  1.81302e+03  9.99032e-01
 9.98425e-01  0.00000e+00  9.99538e-01
 1.00363e+00  1.00099e+00  9.99542e-01
 1.81306e+03  1.00188e+00  9.99719e-01
 0.00000e+00  1.81308e+03  9.99032e-01
 1.00022e+00  0.00000e+00  9.99539e-01
 1.00114e+00  1.00014e+00  9.99540e-01
 1.81312e+03  1.00193e+00  9.99800e-01
 0.00000e+00  1.81314e+03  9.99032e-01
 9.98938e-01  0.00000e+00  9.99538e-01
 1.00280e+00  9.99147e-01  9.99541e-01
 1.81318e+03  1.00319e+00  9.99895e-01
 0.00000e+00  1.81320e+03  9.99032e-01
 1.00062e+00  0.00000e+00  9.99540e-01
 1.00390e+00  1.00085e+00  9.99542e-01
 1.81325e+03  1.00128e+00  1.00001e+00
 0.00000e+00  1.81327e+03  9.99032e-01
 1.00080e+00  0.00000e+00  9.99540e-01
 1.00207e+00  9.99340e-01  9.99541e-01
 1.81331e+03  1.00152e+00  1.00015e+00
 0.00000e+00  1.81333e+03  9.99032e-01
 9.97217e-01  0.00000e+00  9.99537e-01
 1.00177e+00  9.98732e-01  9.99541e-01
 1.81337e+03  9.97698e-01  1.00033e+00
 1.28000e+02  1.81339e+03  1.00164e+00
 9.98217e-01  0.00000e+00  9.99538e-01
 9.99512e-01  9.97387e-01  9.99539e-01
 1.81343e+03  9.98228e-01  1.00055e+00
 0.00000e+00  1.81345e+03  9.99032e-01
 9.98285e-01  0.00000e+00  9.99538e-01
 9.99476e-01  9.97177e-01  9.99539e-01
 1.81350e+03  9.98938e-01  1.00085e+00
 0.00000e+00  1.81352e+03  9.99032e-01
 9.96169e-01  0.00000e+00  9.99536e-01
 9.98610e-01  9.96373e-01  9.99538e-01
 1.81356e+03  9.99068e-01  1.00124e+00
 0.00000e+00  1.81358e+03  9.99032e-01
 9.95128e-01  0.00000e+00  9.99535e-01
 9.98345e-01  9.96433e-01  9.99538e-01
 1.81362e+03  9.99340e-01  1.00178e+00
 0.00000e+00  1.81364e+03  9.99032e-01
 9.96944e-01  0.00000e+00  9.99537e-01
 9.99189e-01  9.97938e-01  9.99538e-01
 1.81368e+03  9.99004e-01  1.00252e+00
 0.00000e+00  1.81370e+03  9.99032e-01
 9.98711e-01  0.00000e+00  9.99538e-01
 1.00196e+00  1.00049e+00  9.99541e-01
 1.81375e+03  1.00168e+00  1.00355e+00
 0.00000e+00  1.81377e+03  9.99032e-01
 1.00098e+00  0.00000e+00  9.99540e-01
 1.00403e+00  1.00262e+00  9.99543e-01
 1.81381e+03  1.00522e+00  1.00505e+00
 0.00000e+00  1.81383e+03  9.99032e-01
 1.00499e+00  0.00000e+00  9.99543e-01
 1.00686e+00  1.00442e+00  9.99545e-01
 1.81387e+03  1.00753e+00  1.00746e+00
 0.00000e+00  1.81389e+03  9.99032e-01
 1.00600e+00  0.00000e+00  9.99544e-01
 1.00667e+00  1.00587e+00  9.99545e-01
 1.81393e+03  1.00555e+00  1.01048e+00
 0.00000e+00  1.81395e+03  9.99032e-01
 1.00378e+00  0.00000e+00  9.99542e-01
 1.00453e+00  1.00347e+00  9.99543e-01
 1.81400e+03  1.00520e+00  1.01090e+00
 0.00000e+00  1.81402e+03  9.99032e-01
 1.00389e+00  0.00000e+00  9.99542e-01
 1.00183e+00  1.00140e+00  9.99541e-01
 1.81406e+03  1.00106e+00  1.00775e+00
 0.00000e+00  1.81408e+03  9.99032e-01
 1.00037e+00  0.00000e+00  9.99539e-01
 9.98705e-01  9.99721e-01  9.99538e-01
 1.81412e+03  9.98934e-01  1.00425e+00
 0.00000e+00  1.81414e+03  9.99032e-01
 9.98300e-01  0.00000e+00  9.99538e-01
 9.96288e-01  9.97223e-01  9.99536e-01
 1.81418e+03  9.99333e-01  1.00194e+00
 0.00000e+00  1.81420e+03  9.99032e-01
 1.00091e+00  0.00000e+00  9.99540e-01
 9.98969e-01  9.98938e-01  9.99538e-01
 1.81425e+03  9.99610e-01  1.00063e+00
 0.00000e+00  1.81427e+03  9.99032e-01
 9.98581e-01  0.00000e+00  9.99538e-01
 9.98770e-01  9.98676e-01  9.99538e-01
 1.81431e+03  9.99873e-01  9.99909e-01
 0.00000e+00  1.81433e+03  9.99032e-01
 9.98852e-01  0.00000e+00  9.99538e-01
 9.98599e-01  9.99377e-01  9.99538e-01
 1.81437e+03  9.99398e-01  9.99507e-01
 0.00000e+00  1.81439e+03  9.99032e-01
 1.00034e+00  0.00000e+00  9.99539e-01
 9.95846e-01  9.98990e-01  9.99536e-01
 1.81443e+03  9.94775e-01  9.99280e-01
 0.00000e+00  1.81445e+03  9.99032e-01
 9.98435e-01  0.00000e+00  9.99538e-01
 9.94847e-01  9.98981e-01  9.99535e-01
 1.81450e+03  9.92142e-01  9.99150e-01
 0.00000e+00  1.81452e+03  9.99032e-01
 1.00023e+00  0.00000e+00  9.99539e-01
 9.92881e-01  9.99951e-01  9.99533e-01
 1.81456e+03  9.92383e-01  9.99078e-01
 0.00000e+00  1.81458e+03  9.99032e-01
 1.00194e+00  0.00000e+00  9.99541e-01
 9.92133e-01  1.00241e+00  9.99532e-01
 1.81462e+03  9.92908e-01  9.99041e-01
 0.00000e+00  1.81464e+03  9.99032e-01
 1.00067e+00  0.00000e+00  9.99540e-01
 9.83237e-01  9.99674e-01  9.99525e-01
 1.81468e+03  9.80713e-01  9.99025e-01
 0.00000e+00  1.81470e+03  9.99032e-01
 1.00076e+00  0.00000e+00  9.99540e-01
 9.77223e-01  1.00334e+00  9.99520e-01
 1.81475e+03  9.77273e-01  9.99023e-01
 0.00000e+00  1.81477e+03  9.99032e-01
 1.01589e+00  0.00000e+00  9.99553e-01
 9.83103e-01  1.02658e+00  9.99525e-01
 1.81481e+03  9.88977e-01  9.99030e-01
 0.00000e+00  1.81483e+03  9.99032e-01
 1.05109e+00  0.00000e+00  9.99584e-01
 1.00331e+00  1.06837e+00  9.99542e-01
 1.81487e+03  1.00903e+00  9.99044e-01
 0.00000e+00  1.81489e+03  9.99032e-01
 1.10876e+00  0.00000e+00  9.99641e-01
 1.04248e+00  1.13991e+00  9.99576e-01
 1.81493e+03  1.06373e+00  9.99063e-01
 0.00000e+00  1.81495e+03  9.99032e-01
 1.22652e+00  1.28000e+02  9.99780e-01
 1.13199e+00  1.29542e+00  9.99665e-01
 1.81500e+03  1.18533e+00  9.99084e-01
 1.28000e+02  1.81502e+03  1.00164e+00
 1.51549e+00  1.28000e+02  1.00041e+00
 1.51549e+00  1.28000e+02  1.00041e+00
 1.51549e+00  1.28000e+02  1.00041e+00
 1.51549e+00  1.28000e+02  1.00041e+00
 1.51549e+00  1.28000e+02  1.00041e+00
 1.51549e+00  1.28000e+02  1.00041e+00
 1.51549e+00  1.28000e+02  1.00041e+00
 1.51549e+00  1.28000e+02  1.00041e+00
 1.51549e+00  1.28000e+02  1.00041e+00
 1.51549e+00  1.28000e+02  1.00041e+00
 1.51549e+00  1.28000e+02  1.00041e+00
 1.51549e+00  1.28000e+02  1.00041e+00
 1.51549e+00  1.28000e+02  1.00041e+00
 1.51549e+00  1.28000e+02  1.00041e+00
 1.51549e+00  1.28000e+02  1.00041e+00
 1.51549e+00  1.28000e+02  1.00041e+00
 1.51549e+00  1.28000e+02  1.00041e+00
 1.51549e+00  1.28000e+02  1.00041e+00
 1.51549e+00  1.28000e+02  1.00041e+00
 1.51549e+00  1.28000e+02  1.00041e+00
 1.51549e+00  1.28000e+02  1.00041e+00
 1.51549e+00  1.28000e+02  1.00041e+00
 1.51549e+00  1.28000e+02  1.00041e+00
 1.51549e+00  1.28000e+02  1.00041e+00
 1.51549e+00  1.28000e+02  1.00041e+00
 1.51549e+00  1.28000e+02  1.00041e+00
 1.51549e+00  1.28000e+02  1.00041e+00
 1.51549e+00  1.28000e+02  1.00041e+00
 1.51549e+00  1.28000e+02  1.00041e+00
 1.51549e+00  1.28000e+02  1.00041e+00
 1.51549e+00  1.28000e+02  1.00041e+00
 1.51549e+00  1.28000e+02  1.00041e+00
 1.51549e+00  1.28000e+02  1.00041e+00
 1.51549e+00  1.28000e+02  1.00041e+00
 1.51549e+00  1.28000e+02  1.00041e+00
 1.51549e+00  1.28000e+02  1.00041e+00
 1.51549e+00  1.28000e+02  1.00041e+00
 1.51549e+00  1.28000e+02  1.00041e+00
 1.51549e+00  1.28000e+02  1.00041e+00
 1.51549e+00  1.28000e+02  1.00041e+00
 1.51549e+00  1.28000e+02  1.00041e+00
 1.51549e+00  1.28000e+02  1.00041e+00
 1.51549e+00  1.28000e+02  1.00041e+00
 1.51549e+00  1.28000e+02  1.00041e+00
 1.51549e+00  1.28000e+02  1.00041e+00
 1.51549e+00  1.28000e+02  1.00041e+00
 1.51549e+00  1.28000e+02  1.00041e+00
 1.51549e+00  1.28000e+02  1.00041e+00
 1.51549e+00  1.28000e+02  1.00041e+00
 1.51549e+00  1.28000e+02  1.00041e+00
 1.51549e+00  1.28000e+02  1.00041e+00
 1.51549e+00  1.28000e+02  1.00041e+00
 1.51549e+00  1.28000e+02  1.00041e+00
 1.51549e+00  1.28000e+02  1.00041e+00
 1.51549e+00  1.28000e+02  1.00041e+00
 1.51549e+00  1.28000e+02  1.00041e+00
 1.51549e+00  1.28000e+02  1.00041e+00
 1.51549e+00  1.28000e+02  1.00041e+00
 1.51549e+00  1.28000e+02  1.00041e+00
 1.51549e+00  1.28000e+02  1.00041e+00
 1.51549e+00  1.28000e+02  1.00041e+00
 1.51549e+00  1.28000e+02  1.00041e+00
 1.51549e+00  1.28000e+02  1.00041e+00
 1.51549e+00  1.28000e+02  1.00041e+00
 1.51549e+00  1.28000e+02  1.00041e+00
 1.51549e+00  1.28000e+02  1.00041e+00
 1.51549e+00  1.28000e+02  1.00041e+00
 1.51549e+00  1.28000e+02  1.00041e+00
 1.51549e+00  1.28000e+02  1.00041e+00
 1.51549e+00  1.28000e+02  1.00041e+00
 1.51549e+00  1.28000e+02  1.00041e+00
 1.51549e+00  1.28000e+02  1.00041e+00
 1.51549e+00  1.28000e+02  1.00041e+00
 1.51549e+00  1.28000e+02  1.00041e+00
 1.51549e+00  1.28000e+02  1.00041e+00
 1.51549e+00  1.28000e+02  1.00041e+00
 1.51549e+00  1.28000e+02  1.00041e+00
 1.51549e+00  1.28000e+02  1.00041e+00
 1.51549e+00  1.28000e+02  1.00041e+00
 1.51549e+00  1.28000e+02  1.00041e+00
 1.51549e+00  1.28000e+02  1.00041e+00
 1.51549e+00  1.28000e+02  1.00041e+00
 1.51549e+00  1.28000e+02  1.00041e+00
 1.51549e+00  1.28000e+02  1.00041e+00
 1.51549e+00  1.28000e+02  1.00041e+00
 1.51549e+00  1.28000e+02  1.00041e+00
 1.51549e+00  1.28000e+02  1.00041e+00
 1.51549e+00  1.28000e+02  1.00041e+00
 1.51549e+00  1.28000e+02  1.00041e+00
 1.51549e+00  1.28000e+02  1.00041e+00
 1.51549e+00  1.28000e+02  1.00041e+00
 1.51549e+00  1.28000e+02  1.00041e+00
 1.51549e+00  1.28000e+02  1.00041e+00
 1.51549e+00  1.28000e+02  1.00041e+00
 1.51549e+00  1.28000e+02  1.00041e+00
 1.51549e+00  1.28000e+02  1.00041e+00
 1.51549e+00  1.28000e+02  1.00041e+00
 1.51549e+00  1.28000e+02  1.00041e+00
 1.51549e+00  1.28000e+02  1.00041e+00
 1.51549e+00  1.28000e+02  1.00041e+00
 1.51549e+00  1.28000e+02  1.00041e+00
 1.51549e+00  1.28000e+02  1.00041e+00
 1.51549e+00  1.28000e+02  1.00041e+00
 1.51549e+00  1.28000e+02  1.00041e+00
 1.51549e+00  1.28000e+02  1.00041e+00
 1.51549e+00  1.28000e+02  1.00041e+00
 1.51549e+00  1.28000e+02  1.00041e+00
 1.51549e+00  1.28000e+02  1.00041e+00
 1.51549e+00  1.28000e+02  1.00041e+00
 1.51549e+00  1.28000e+02  1.00041e+00
 1.51549e+00  1.28000e+02  1.00041e+00
 1.51549e+00  1.28000e+02  1.00041e+00
 1.51549e+00  1.28000e+02  1.00041e+00
 1.51549e+00  1.28000e+02  1.00041e+00
 1.51549e+00  1.28000e+02  1.00041e+00
 1.51549e+00  1.28000e+02  1.00041e+00
 1.51549e+00  1.28000e+02  1.00041e+00
 1.51549e+00  1.28000e+02  1.00041e+00
 1.51549e+00  1.28000e+02  1.00041e+00
 1.51549e+00  1.28000e+02  1.00041e+00
 1.51549e+00  1.28000e+02  1.00041e+00
 1.51549e+00  1.28000e+02  1.00041e+00
 1.51549e+00  1.28000e+02  1.00041e+00
 1.51549e+00  1.28000e+02  1.00041e+00
 1.51549e+00  1.28000e+02  1.00041e+00
 1.51549e+00  1.28000e+02  1.00041e+00
 1.51549e+00  1.28000e+02  1.00041e+00
 1.51549e+00  1.28000e+02  1.00041e+00
 1.51549e+00  1.28000e+02  1.00041e+00
 1.51549e+00  1.28000e+02  1.00041e+00
 1.51549e+00  1.28000e+02  1.00041e+00
 1.51549e+00  1.28000e+02  1.00041e+00
 1.51549e+00  1.28000e+02  1.00041e+00
 1.51549e+00  1.28000e+02  1.00041e+00
 1.51549e+00  1.28000e+02  1.00041e+00
 1.51549e+00  1.28000e+02  1.00041e+00
 1.51549e+00  1.28000e+02  1.00041e+00
 1.51549e+00  1.28000e+02  1.00041e+00
 1.51549e+00  1.28000e+02  1.00041e+00
 1.51549e+00  1.28000e+02  1.00041e+00
 1.51549e+00  1.28000e+02  1.00041e+00
 1.51549e+00  1.28000e+02  1.00041e+00
 1.51549e+00  1.28000e+02  1.00041e+00
 1.51549e+00  1.28000e+02  1.00041e+00
 1.51549e+00  1.28000e+02  1.00041e+00
 1.51549e+00  1.28000e+02  1.00041e+00
 1.51549e+00  1.28000e+02  1.00041e+00
 1.51549e+00  1.28000e+02  1.00041e+00
 1.51549e+00  1.28000e+02  1.00041e+00
 1.51549e+00  1.28000e+02  1.00041e+00
 1.51549e+00  1.28000e+02  1.00041e+00
 1.51549e+00  1.28000e+02  1.00041e+00
 1.51549e+00  1.28000e+02  1.00041e+00
 1.51549e+00  1.28000e+02  1.00041e+00
 1.51549e+00  1.28000e+02  1.00041e+00
 1.51549e+00  1.28000e+02  1.00041e+00
 1.51549e+00  1.28000e+02  1.00041e+00
 1.51549e+00  1.28000e+02  1.00041e+00
 1.51549e+00  1.28000e+02  1.00041e+00
 1.51549e+00  1.28000e+02  1.00041e+00
 1.51549e+00  1.28000e+02  1.00041e+00
 1.51549e+00  1.28000e+02  1.00041e+00
 1.51549e+00  1.28000e+02  1.00041e+00
 1.51549e+00  1.28000e+02  1.00041e+00
 1.51549e+00  1.28000e+02  1.00041e+00
 1.51549e+00  1.28000e+02  1.00041e+00
 1.51549e+00  1.28000e+02  1.00041e+00
 1.51549e+00  1.28000e+02  1.00041e+00
 1.51549e+00  1.28000e+02  1.00041e+00
 1.51549e+00  1.28000e+02  1.00041e+00
 1.51549e+00  1.28000e+02  1.00041e+00
 1.51549e+00  1.28000e+02  1.00041e+00
 1.51549e+00  1.28000e+02  1.00041e+00
 1.51549e+00  1.28000e+02  1.00041e+00
 1.51549e+00  1.28000e+02  1.00041e+00
 1.51549e+00  1.28000e+02  1.00041e+00
 1.51549e+00  1.28000e+02  1.00041e+00
 1.51549e+00  1.28000e+02  1.00041e+00
 1.51549e+00  1.28000e+02  1.00041e+00
 1.51549e+00  1.28000e+02  1.00041e+00
 1.51549e+00  1.28000e+02  1.00041e+00
 1.51549e+00  1.28000e+02  1.00041e+00
 1.51549e+00  1.28000e+02  1.00041e+00
 1.51549e+00  1.28000e+02  1.00041e+00
 1.51549e+00  1.28000e+02  1.00041e+00
 1.51549e+00  1.28000e+02  1.00041e+00
 1.51549e+00  1.28000e+02  1.00041e+00
 1.51549e+00  1.28000e+02  1.00041e+00
 1.51549e+00  1.28000e+02  1.00041e+00
 1.51549e+00  1.28000e+02  1.00041e+00
 1.51549e+00  1.28000e+02  1.00041e+00
 1.51549e+00  1.28000e+02  1.00041e+00
 1.51549e+00  1.28000e+02  1.00041e+00
 1.51549e+00  1.28000e+02  1.00041e+00
 1.51549e+00  1.28000e+02  1.00041e+00
 1.51549e+00  1.28000e+02  1.00041e+00
 1.51549e+00  1.28000e+02  1.00041e+00
 1.51549e+00  1.28000e+02  1.00041e+00
 1.51549e+00  1.28000e+02  1.00041e+00
 1.51549e+00  1.28000e+02  1.00041e+00
 1.51549e+00  1.28000e+02  1.00041e+00
 1.51549e+00  1.28000e+02  1.00041e+00
 1.51549e+00  1.28000e+02  1.00041e+00
 1.51549e+00  1.28000e+02  1.00041e+00
 1.51549e+00  1.28000e+02  1.00041e+00
 1.51549e+00  1.28000e+02  1.00041e+00
 1.51549e+00  1.28000e+02  1.00041e+00
 1.51549e+00  1.28000e+02  1.00041e+00
 1.51549e+00  1.28000e+02  1.00041e+00
 1.51549e+00  1.28000e+02  1.00041e+00
 1.51549e+00  1.28000e+02  1.00041e+00
 1.51549e+00  1.28000e+02  1.00041e+00
 1.51549e+00  1.28000e+02  1.00041e+00
 1.51549e+00  1.28000e+02  1.00041e+00
 1.51549e+00  1.28000e+02  1.00041e+00
 1.51549e+00  1.28000e+02  1.00041e+00
 1.51549e+00  1.28000e+02  1.00041e+00
 1.51549e+00  1.28000e+02  1.00041e+00
 1.51549e+00  1.28000e+02  1.00041e+00
 1.51549e+00  1.28000e+02  1.00041e+00
 1.51549e+00  1.28000e+02  1.00041e+00
 1.51549e+00  1.28000e+02  1.00041e+00
 1.51549e+00  1.28000e+02  1.00041e+00
 1.51549e+00  1.28000e+02  1.00041e+00
 1.51549e+00  1.28000e+02  1.00041e+00
 1.51549e+00  1.28000e+02  1.00041e+00
 1.51549e+00  1.28000e+02  1.00041e+00
 1.51549e+00  1.28000e+02  1.00041e+00
 1.51549e+00  1.28000e+02  1.00041e+00
 1.51549e+00  1.28000e+02  1.00041e+00
 1.51549e+00  1.28000e+02  1.00041e+00
 1.51549e+00  1.28000e+02  1.00041e+00
 1.51549e+00  1.28000e+02  1.00041e+00
 1.51549e+00  1.28000e+02  1.00041e+00
 1.51549e+00  1.28000e+02  1.00041e+00
 1.51549e+00  1.28000e+02  1.00041e+00
 1.51549e+00  1.28000e+02  1.00041e+00
 1.51549e+00  1.28000e+02  1.00041e+00
 1.51549e+00  1.28000e+02  1.00041e+00
 1.51549e+00  1.28000e+02  1.00041e+00
 1.51549e+00  1.28000e+02  1.00041e+00
 1.51549e+00  1.28000e+02  1.00041e+00
 1.51549e+00  1.28000e+02  1.00041e+00
 1.51549e+00  1.28000e+02  1.00041e+00
 1.51549e+00  1.28000e+02  1.00041e+00
 1.51549e+00  1.28000e+02  1.00041e+00
 1.51549e+00  1.28000e+02  1.00041e+00
 1.51549e+00  1.28000e+02  1.00041e+00
 1.51549e+00  1.28000e+02  1.00041e+00
 1.51549e+00  1.28000e+02  1.00041e+00
 1.51549e+00  1.28000e+02  1.00041e+00
 1.51549e+00  1.28000e+02  1.00041e+00
 1.51549e+00  1.28000e+02  1.00041e+00
 1.51549e+00  1.28000e+02  1.00041e+00
 1.51549e+00  1.28000e+02  1.00041e+00
 1.51549e+00  1.28000e+02  1.00041e+00
 1.51549e+00  1.28000e+02  1.00041e+00
 1.51549e+00  1.28000e+02  1.00041e+00
 1.51549e+00  1.28000e+02  1.00041e+00
 1.51549e+00  1.28000e+02  1.00041e+00
 1.51549e+00  1.28000e+02  1.00041e+00
 1.51549e+00  1.28000e+02  1.00041e+00
 1.51549e+00  1.28000e+02  1.00041e+00
 1.51549e+00  1.28000e+02  1.00041e+00
 1.51549e+00  1.28000e+02  1.00041e+00
 1.51549e+00  1.28000e+02  1.00041e+00
 1.51549e+00  1.28000e+02  1.00041e+00
 1.51549e+00  1.28000e+02  1.00041e+00
 1.51549e+00  1.28000e+02  1.00041e+00
 1.51549e+00  1.28000e+02  1.00041e+00
 1.51549e+00  1.28000e+02  1.00041e+00
 1.51549e+00  1.28000e+02  1.00041e+00
 1.51549e+00  1.28000e+02  1.00041e+00
 1.51549e+00  1.28000e+02  1.00041e+00
 1.51549e+00  1.28000e+02  1.00041e+00
 1.51549e+00  1.28000e+02  1.00041e+00
 1.51549e+00  1.28000e+02  1.00041e+00
 1.51549e+00  1.28000e+02  1.00041e+00
 1.51549e+00  1.28000e+02  1.00041e+00
 1.51549e+00  1.28000e+02  1.00041e+00
 1.51549e+00  1.28000e+02  1.00041e+00
 1.51549e+00  1.28000e+02  1.00041e+00
 1.51549e+00  1.28000e+02  1.00041e+00
 1.51549e+00  1.28000e+02  1.00041e+00
 1.51549e+00  1.28000e+02  1.00041e+00
 1.51549e+00  1.28000e+02  1.00041e+00
 1.51549e+00  1.28000e+02  1.00041e+00
 1.51549e+00  1.28000e+02  1.00041e+00
 1.51549e+00  1.28000e+02  1.00041e+00
 1.51549e+00  1.28000e+02  1.00041e+00
 1.51549e+00  1.28000e+02  1.00041e+00
 1.51549e+00  1.28000e+02  1.00041e+00
 1.51549e+00  1.28000e+02  1.00041e+00
 1.51549e+00  1.28000e+02  1.00041e+00
 1.51549e+00  1.28000e+02  1.00041e+00
 1.51549e+00  1.28000e+02  1.00041e+00
 1.51549e+00  1.28000e+02  1.00041e+00
 1.51549e+00  1.28000e+02  1.00041e+00
 1.51549e+00  1.28000e+02  1.00041e+00
 1.51549e+00  1.28000e+02  1.00041e+00
 1.51549e+00  1.28000e+02  1.00041e+00
 1.51549e+00  1.28000e+02  1.00041e+00
 1.51549e+00  1.28000e+02  1.00041e+00
 1.51549e+00  1.28000e+02  1.00041e+00
 1.51549e+00  1.28000e+02  1.00041e+00
 1.51549e+00  1.28000e+02  1.00041e+00
 1.51549e+00  1.28000e+02  1.00041e+00
 1.51549e+00  1.28000e+02  1.00041e+00
 1.51549e+00  1.28000e+02  1.00041e+00
 1.51549e+00  1.28000e+02  1.00041e+00
 1.51549e+00  1.28000e+02  1.00041e+00
 1.51549e+00  1.28000e+02  1.00041e+00
 1.51549e+00  1.28000e+02  1.00041e+00
 1.51549e+00  1.28000e+02  1.00041e+00
 1.51549e+00  1.28000e+02  1.00041e+00
 1.51549e+00  1.28000e+02  1.00041e+00
 1.51549e+00  1.28000e+02  1.00041e+00
 1.51549e+00  1.28000e+02  1.00041e+00
 1.51549e+00  1.28000e+02  1.00041e+00
 1.51549e+00  1.28000e+02  1.00041e+00
 1.51549e+00  1.28000e+02  1.00041e+00
 1.51549e+00  1.28000e+02  1.00041e+00
 1.51549e+00  1.28000e+02  1.00041e+00
 1.51549e+00  1.28000e+02  1.00041e+00
 1.51549e+00  1.28000e+02  1.00041e+00
 1.51549e+00  1.28000e+02  1.00041e+00
 1.51549e+00  1.28000e+02  1.00041e+00
 1.51549e+00  1.28000e+02  1.00041e+00
 1.51549e+00  1.28000e+02  1.00041e+00
 1.51549e+00  1.28000e+02  1.00041e+00
 1.51549e+00  1.28000e+02  1.00041e+00
 1.51549e+00  1.28000e+02  1.00041e+00
 1.51549e+00  1.28000e+02  1.00041e+00
 1.51549e+00  1.28000e+02  1.00041e+00
 1.51549e+00  1.28000e+02  1.00041e+00
 1.51549e+00  1.28000e+02  1.00041e+00
 1.51549e+00  1.28000e+02  1.00041e+00
 1.51549e+00  1.28000e+02  1.00041e+00
 1.51549e+00  1.28000e+02  1.00041e+00
 1.51549e+00  1.28000e+02  1.00041e+00
 1.51549e+00  1.28000e+02  1.00041e+00
 1.51549e+00  1.28000e+02  1.00041e+00
 1.51549e+00  1.28000e+02  1.00041e+00
 1.51549e+00  1.28000e+02  1.00041e+00
 1.51549e+00  1.28000e+02  1.00041e+00
 1.51549e+00  1.28000e+02  1.00041e+00
 1.51549e+00  1.28000e+02  1.00041e+00
 1.51549e+00  1.28000e+02  1.00041e+00
 1.51549e+00  1.28000e+02  1.00041e+00
 1.51549e+00  1.28000e+02  1.00041e+00
 1.51549e+00  1.28000e+02  1.00041e+00
 1.51549e+00  1.28000e+02  1.00041e+00
 1.51549e+00  1.28000e+02  1.00041e+00
 1.51549e+00  1.28000e+02  1.00041e+00
 1.51549e+00  1.28000e+02  1.00041e+00
 1.51549e+00  1.28000e+02  1.00041e+00
 1.51549e+00  1.28000e+02  1.00041e+00
 1.51549e+00  1.28000e+02  1.00041e+00
 1.51549e+00  1.28000e+02  1.00041e+00
 1.51549e+00  1.28000e+02  1.00041e+00
 1.51549e+00  1.28000e+02  1.00041e+00
 1.51549e+00  1.28000e+02  1.00041e+00
 1.51549e+00  1.28000e+02  1.00041e+00
 1.51549e+00  1.28000e+02  1.00041e+00
 1.51549e+00  1.28000e+02  1.00041e+00
 1.51549e+00  1.28000e+02  1.00041e+00
 1.51549e+00  1.28000e+02  1.00041e+00
 1.51549e+00  1.28000e+02  1.00041e+00
 1.51549e+00  1.28000e+02  1.00041e+00
 1.51549e+00  1.28000e+02  1.00041e+00
 1.51549e+00  1.28000e+02  1.00041e+00
 1.51549e+00  1.28000e+02  1.00041e+00
 1.51549e+00  1.28000e+02  1.00041e+00
 1.51549e+00  1.28000e+02  1.00041e+00
 1.51549e+00  1.28000e+02  1.00041e+00
 1.51549e+00  1.28000e+02  1.00041e+00
 1.51549e+00  1.28000e+02  1.00041e+00
 1.51549e+00  1.28000e+02  1.00041e+00
 1.51549e+00  1.28000e+02  1.00041e+00
 1.51549e+00  1.28000e+02  1.00041e+00
 1.51549e+00  1.28000e+02  1.00041e+00
 1.51549e+00  1.28000e+02  1.00041e+00
 1.51549e+00  1.28000e+02  1.00041e+00
 1.51549e+00  1.28000e+02  1.00041e+00
 1.51549e+00  1.28000e+02  1.00041e+00
 1.51549e+00  1.28000e+02  1.00041e+00
 1.51549e+00  1.28000e+02  1.00041e+00
 1.51549e+00  1.28000e+02  1.00041e+00
 1.51549e+00  1.28000e+02  1.00041e+00
 1.51549e+00  1.28000e+02  1.00041e+00
 1.51549e+00  1.28000e+02  1.00041e+00
 1.51549e+00  1.28000e+02  1.00041e+00
 1.51549e+00  1.28000e+02  1.00041e+00
 1.51549e+00  1.28000e+02  1.00041e+00
 1.51549e+00  1.28000e+02  1.00041e+00
 1.51549e+00  1.28000e+02  1.00041e+00
 1.51549e+00  1.28000e+02  1.00041e+00
 1.51549e+00  1.28000e+02  1.00041e+00
 1.51549e+00  1.28000e+02  1.00041e+00
 1.51549e+00  1.28000e+02  1.00041e+00
 1.51549e+00  1.28000e+02  1.00041e+00
 1.51549e+00  1.28000e+02  1.00041e+00
 1.51549e+00  1.28000e+02  1.00041e+00
 1.51549e+00  1.28000e+02  1.00041e+00
 1.51549e+00  1.28000e+02  1.00041e+00
 1.51549e+00  1.28000e+02  1.00041e+00
 1.51549e+00  1.28000e+02  1.00041e+00
 1.51549e+00  1.28000e+02  1.00041e+00
 1.51549e+00  1.28000e+02  1.00041e+00
 1.51549e+00  1.28000e+02  1.00041e+00
 1.51549e+00  1.28000e+02  1.00041e+00
 1.51549e+00  1.28000e+02  1.00041e+00
 1.51549e+00  1.28000e+02  1.00041e+00
 1.51549e+00  1.28000e+02  1.00041e+00
 1.51549e+00  1.28000e+02  1.00041e+00
 1.51549e+00  1.28000e+02  1.00041e+00
 1.51549e+00  1.28000e+02  1.00041e+00
 1.51549e+00  1.28000e+02  1.00041e+00
 1.51549e+00  1.28000e+02  1.00041e+00
 1.51549e+00  1.28000e+02  1.00041e+00
 1.51549e+00  1.28000e+02  1.00041e+00
 1.51549e+00  1.28000e+02  1.00041e+00
 1.51549e+00  1.28000e+02  1.00041e+00
 1.51549e+00  1.28000e+02  1.00041e+00
 1.51549e+00  1.28000e+02  1.00041e+00
 1.51549e+00  1.28000e+02  1.00041e+00
 1.51549e+00  1.28000e+02  1.00041e+00
 1.51549e+00  1.28000e+02  1.00041e+00
 1.51549e+00  1.28000e+02  1.00041e+00
 1.51549e+00  1.28000e+02  1.00041e+00
 1.51549e+00  1.28000e+02  1.00041e+00
 1.51549e+00  1.28000e+02  1.00041e+00
 1.51549e+00  1.28000e+02  1.00041e+00
 1.51549e+00  1.28000e+02  1.00041e+00
 1.51549e+00  1.28000e+02  1.00041e+00
 1.51549e+00  1.28000e+02  1.00041e+00
 1.51549e+00  1.28000e+02  1.00041e+00
 1.51549e+00  1.28000e+02  1.00041e+00
 1.51549e+00  1.28000e+02  1.00041e+00
 1.51549e+00  1.28000e+02  1.00041e+00
 1.51549e+00  1.28000e+02  1.00041e+00
 1.51549e+00  1.28000e+02  1.00041e+00
 1.51549e+00  1.28000e+02  1.00041e+00
 1.51549e+00  1.28000e+02  1.00041e+00
 1.51549e+00  1.28000e+02  1.00041e+00
 1.51549e+00  1.28000e+02  1.00041e+00
 1.51549e+00  1.28000e+02  1.00041e+00
 1.51549e+00  1.28000e+02  1.00041e+00
 1.51549e+00  1.28000e+02  1.00041e+00
 1.51549e+00  1.28000e+02  1.00041e+00
 1.51549e+00  1.28000e+02  1.00041e+00
 1.51549e+00  1.28000e+02  1.00041e+00
 1.51549e+00  1.28000e+02  1.00041e+00
 1.51549e+00  1.28000e+02  1.00041e+00
 1.51549e+00  1.28000e+02  1.00041e+00
 1.51549e+00  1.28000e+02  1.00041e+00
 1.51549e+00  1.28000e+02  1.00041e+00
 1.51549e+00  1.28000e+02  1.00041e+00
 1.51549e+00  1.28000e+02  1.00041e+00
 1.51549e+00  1.28000e+02  1.00041e+00
 1.51549e+00  1.28000e+02  1.00041e+00
 1.51549e+00  1.28000e+02  1.00041e+00
 1.51549e+00  1.28000e+02  1.00041e+00
 1.51549e+00  1.28000e+02  1.00041e+00
 1.51549e+00  1.28000e+02  1.00041e+00
 1.51549e+00  1.28000e+02  1.00041e+00
 1.51549e+00  1.28000e+02  1.00041e+00
 1.51549e+00  1.28000e+02  1.00041e+00
 1.51549e+00  1.28000e+02  1.00041e+00
 1.51549e+00  1.28000e+02  1.00041e+00
 1.51549e+00  1.28000e+02  1.00041e+00
 1.51549e+00  1.28000e+02  1.00041e+00
 1.51549e+00  1.28000e+02  1.00041e+00
 1.51549e+00  1.28000e+02  1.00041e+00
 1.51549e+00  1.28000e+02  1.00041e+00
 1.51549e+00  1.28000e+02  1.00041e+00
 1.51549e+00  1.28000e+02  1.00041e+00
 1.51549e+00  1.28000e+02  1.00041e+00
 1.51549e+00  1.28000e+02  1.00041e+00
 1.51549e+00  1.28000e+02  1.00041e+00
 1.51549e+00  1.28000e+02  1.00041e+00
 1.51549e+00  1.28000e+02  1.00041e+00
 1.51549e+00  1.28000e+02  1.00041e+00
 1.51549e+00  1.28000e+02  1.00041e+00
 1.51549e+00  1.28000e+02  1.00041e+00
 1.51549e+00  1.28000e+02  1.00041e+00
 1.51549e+00  1.28000e+02  1.00041e+00
 1.51549e+00  1.28000e+02  1.00041e+00
 1.51549e+00  1.28000e+02  1.00041e+00
 1.51549e+00  1.28000e+02  1.00041e+00
 1.51549e+00  1.28000e+02  1.00041e+00
 1.51549e+00  1.28000e+02  1.00041e+00
 1.51549e+00  1.28000e+02  1.00041e+00
 1.51549e+00  1.28000e+02  1.00041e+00
 1.51549e+00  1.28000e+02  1.00041e+00
 1.51549e+00  1.28000e+02  1.00041e+00
 1.51549e+00  1.28000e+02  1.00041e+00
 1.51549e+00  1.28000e+02  1.00041e+00
 1.51549e+00  1.28000e+02  1.00041e+00
 1.51549e+00  1.28000e+02  1.00041e+00
 1.51549e+00  1.28000e+02  1.00041e+00
 1.51549e+00  1.28000e+02  1.00041e+00
 1.51549e+00  1.28000e+02  1.00041e+00
 1.51549e+00  1.28000e+02  1.00041e+00
 1.51549e+00  1.28000e+02  1.00041e+00
 1.51549e+00  1.28000e+02  1.00041e+00
 1.51549e+00  1.28000e+02  1.00041e+00
 1.51549e+00  1.28000e+02  1.00041e+00
 1.51549e+00  1.28000e+02  1.00041e+00
 1.51549e+00  1.28000e+02  1.00041e+00
 1.51549e+00  1.28000e+02  1.00041e+00
 1.51549e+00  1.28000e+02  1.00041e+00
 1.51549e+00  1.28000e+02  1.00041e+00
 1.51549e+00  1.28000e+02  1.00041e+00
 1.51549e+00  1.28000e+02  1.00041e+00
 1.51549e+00  1.28000e+02  1.00041e+00
 1.51549e+00  1.28000e+02  1.00041e+00
 1.51549e+00  1.28000e+02  1.00041e+00
 1.51549e+00  1.28000e+02  1.00041e+00
 1.51549e+00  1.28000e+02  1.00041e+00
 1.51549e+00  1.28000e+02  1.00041e+00
 1.51549e+00  1.28000e+02  1.00041e+00
 1.51549e+00  1.28000e+02  1.00041e+00
 1.51549e+00  1.28000e+02  1.00041e+00
 1.51549e+00  1.28000e+02  1.00041e+00
 1.51549e+00  1.28000e+02  1.00041e+00
 1.51549e+00  1.28000e+02  1.00041e+00
 1.51549e+00  1.28000e+02  1.00041e+00
 1.51549e+00  1.28000e+02  1.00041e+00
 1.51549e+00  1.28000e+02  1.00041e+00
 1.51549e+00  1.28000e+02  1.00041e+00
 1.51549e+00  1.28000e+02  1.00041e+00
 1.51549e+00  1.28000e+02  1.00041e+00
 1.51549e+00  1.28000e+02  1.00041e+00
 1.51549e+00  1.28000e+02  1.00041e+00
 1.51549e+00  1.28000e+02  1.00041e+00
 1.51549e+00  1.28000e+02  1.00041e+00
 1.51549e+00  1.28000e+02  1.00041e+00
 1.51549e+00  1.28000e+02  1.00041e+00
 1.51549e+00  1.28000e+02  1.00041e+00
 1.51549e+00  1.28000e+02  1.00041e+00
 1.51549e+00  1.28000e+02  1.00041e+00
 1.51549e+00  1.28000e+02  1.00041e+00
 1.51549e+00  1.28000e+02  1.00041e+00
 1.51549e+00  1.28000e+02  1.00041e+00
 1.51549e+00  1.28000e+02  1.00041e+00
 1.51549e+00  1.28000e+02  1.00041e+00
 1.51549e+00  1.28000e+02  1.00041e+00
 1.51549e+00  1.28000e+02  1.00041e+00
 1.51549e+00  1.28000e+02  1.00041e+00
 1.51549e+00  1.28000e+02  1.00041e+00
 1.51549e+00  1.28000e+02  1.00041e+00
 1.51549e+00  1.28000e+02  1.00041e+00
 1.51549e+00  1.28000e+02  1.00041e+00
 1.51549e+00  1.28000e+02  1.00041e+00
 1.51549e+00  1.28000e+02  1.00041e+00
 1.51549e+00  1.28000e+02  1.00041e+00
 1.51549e+00  1.28000e+02  1.00041e+00
 1.51549e+00  1.28000e+02  1.00041e+00
 1.51549e+00  1.28000e+02  1.00041e+00
 1.51549e+00  1.28000e+02  1.00041e+00
 1.51549e+00  1.28000e+02  1.00041e+00
 1.51549e+00  1.28000e+02  1.00041e+00
 1.51549e+00  1.28000e+02  1.00041e+00
 1.51549e+00  1.28000e+02  1.00041e+00
 1.51549e+00  1.28000e+02  1.00041e+00
 1.51549e+00  1.28000e+02  1.00041e+00
 1.51549e+00  1.28000e+02  1.00041e+00
 1.51549e+00  1.28000e+02  1.00041e+00
 1.51549e+00  1.28000e+02  1.00041e+00
 1.51549e+00  1.28000e+02  1.00041e+00
 1.51549e+00  1.28000e+02  1.00041e+00
 1.51549e+00  1.28000e+02  1.00041e+00
 1.51549e+00  1.28000e+02  1.00041e+00
 1.51549e+00  1.28000e+02  1.00041e+00
 1.51549e+00  1.28000e+02  1.00041e+00
 1.51549e+00  1.28000e+02  1.00041e+00
 1.51549e+00  1.28000e+02  1.00041e+00
 1.51549e+00  1.28000e+02  1.00041e+00
 1.51549e+00  1.28000e+02  1.00041e+00
 1.51549e+00  1.28000e+02  1.00041e+00
 1.51549e+00  1.28000e+02  1.00041e+00
 1.51549e+00  1.28000e+02  1.00041e+00
 1.51549e+00  1.28000e+02  1.00041e+00
 1.51549e+00  1.28000e+02  1.00041e+00
 1.51549e+00  1.28000e+02  1.00041e+00
 1.51549e+00  1.28000e+02  1.00041e+00
 1.51549e+00  1.28000e+02  1.00041e+00
 1.51549e+00  1.28000e+02  1.00041e+00
 1.51549e+00  1.28000e+02  1.00041e+00
 1.51549e+00  1.28000e+02  1.00041e+00
 1.51549e+00  1.28000e+02  1.00041e+00
 1.51549e+00  1.28000e+02  1.00041e+00
 1.51549e+00  1.28000e+02  1.00041e+00
 1.51549e+00  1.28000e+02  1.00041e+00
 1.51549e+00  1.28000e+02  1.00041e+00
 1.51549e+00  1.28000e+02  1.00041e+00
 1.51549e+00  1.28000e+02  1.00041e+00
 1.51549e+00  1.28000e+02  1.00041e+00
 1.51549e+00  1.28000e+02  1.00041e+00
 1.51549e+00  1.28000e+02  1.00041e+00
 1.51549e+00  1.28000e+02  1.00041e+00
 1.51549e+00  1.28000e+02  1.00041e+00
 1.51549e+00  1.28000e+02  1.00041e+00
 1.51549e+00  1.28000e+02  1.00041e+00
 1.51549e+00  1.28000e+02  1.00041e+00
 1.51549e+00  1.28000e+02  1.00041e+00
 1.51549e+00  1.28000e+02  1.00041e+00
 1.51549e+00  1.28000e+02  1.00041e+00
 1.51549e+00  1.28000e+02  1.00041e+00
 1.51549e+00  1.28000e+02  1.00041e+00
 1.51549e+00  1.28000e+02  1.00041e+00
 1.51549e+00  1.28000e+02  1.00041e+00
 1.51549e+00  1.28000e+02  1.00041e+00
 1.51549e+00  1.28000e+02  1.00041e+00
 1.51549e+00  1.28000e+02  1.00041e+00
 1.51549e+00  1.28000e+02  1.00041e+00
 1.51549e+00  1.28000e+02  1.00041e+00
 1.51549e+00  1.28000e+02  1.00041e+00
 1.51549e+00  1.28000e+02  1.00041e+00
 1.51549e+00  1.28000e+02  1.00041e+00
 1.51549e+00  1.28000e+02  1.00041e+00
 1.51549e+00  1.28000e+02  1.00041e+00
 1.51549e+00  1.28000e+02  1.00041e+00
 1.51549e+00  1.28000e+02  1.00041e+00
 1.51549e+00  1.28000e+02  1.00041e+00
 1.51549e+00  1.28000e+02  1.00041e+00
 1.51549e+00  1.28000e+02  1.00041e+00
 1.51549e+00  1.28000e+02  1.00041e+00
 1.51549e+00  1.28000e+02  1.00041e+00
 1.51549e+00  1.28000e+02  1.00041e+00
 1.51549e+00  1.28000e+02  1.00041e+00
 1.51549e+00  1.28000e+02  1.00041e+00
 1.51549e+00  1.28000e+02  1.00041e+00
 1.51549e+00  1.28000e+02  1.00041e+00
 1.51549e+00  1.28000e+02  1.00041e+00
 1.51549e+00  1.28000e+02  1.00041e+00
 1.51549e+00  1.28000e+02  1.00041e+00
 1.51549e+00  1.28000e+02  1.00041e+00
 1.51549e+00  1.28000e+02  1.00041e+00
 1.51549e+00  1.28000e+02  1.00041e+00
 1.51549e+00  1.28000e+02  1.00041e+00
 1.51549e+00  1.28000e+02  1.00041e+00
 1.51549e+00  1.28000e+02  1.00041e+00
 1.51549e+00  1.28000e+02  1.00041e+00
 1.51549e+00  1.28000e+02  1.00041e+00
 1.51549e+00  1.28000e+02  1.00041e+00
 1.51549e+00  1.28000e+02  1.00041e+00
 1.51549e+00  1.28000e+02  1.00041e+00
 1.51549e+00  1.28000e+02  1.00041e+00
 1.51549e+00  1.28000e+02  1.00041e+00
 1.51549e+00  1.28000e+02  1.00041e+00
 1.51549e+00  1.28000e+02  1.00041e+00
 1.51549e+00  1.28000e+02  1.00041e+00
 1.51549e+00  1.28000e+02  1.00041e+00
 1.51549e+00  1.28000e+02  1.00041e+00
 1.51549e+00  1.28000e+02  1.00041e+00
 1.51549e+00  1.28000e+02  1.00041e+00
 1.51549e+00  1.28000e+02  1.00041e+00
 1.51549e+00  1.28000e+02  1.00041e+00
 1.51549e+00  1.28000e+02  1.00041e+00
 1.51549e+00  1.28000e+02  1.00041e+00
 1.51549e+00  1.28000e+02  1.00041e+00
 1.51549e+00  1.28000e+02  1.00041e+00
 1.51549e+00  1.28000e+02  1.00041e+00
 1.51549e+00  1.28000e+02  1.00041e+00
 1.51549e+00  1.28000e+02  1.00041e+00
 1.51549e+00  1.28000e+02  1.00041e+00
 1.51549e+00  1.28000e+02  1.00041e+00
 1.51549e+00  1.28000e+02  1.00041e+00
 1.51549e+00  1.28000e+02  1.00041e+00
 1.51549e+00  1.28000e+02  1.00041e+00
 1.51549e+00  1.28000e+02  1.00041e+00
 1.51549e+00  1.28000e+02  1.00041e+00
 1.51549e+00  1.28000e+02  1.00041e+00
 1.51549e+00  1.28000e+02  1.00041e+00
 1.51549e+00  1.28000e+02  1.00041e+00
 1.51549e+00  1.28000e+02  1.00041e+00
 1.51549e+00  1.28000e+02  1.00041e+00
 1.51549e+00  1.28000e+02  1.00041e+00
 1.51549e+00  1.28000e+02  1.00041e+00
 1.51549e+00  1.28000e+02  1.00041e+00
 1.51549e+00  1.28000e+02  1.00041e+00
 1.51549e+00  1.28000e+02  1.00041e+00
 1.51549e+00  1.28000e+02  1.00041e+00
 1.51549e+00  1.28000e+02  1.00041e+00
 1.51549e+00  1.28000e+02  1.00041e+00
 1.51549e+00  1.28000e+02  1.00041e+00
 1.51549e+00  1.28000e+02  1.00041e+00
 1.51549e+00  1.28000e+02  1.00041e+00
 1.51549e+00  1.28000e+02  1.00041e+00
 1.51549e+00  1.28000e+02  1.00041e+00
 1.51549e+00  1.28000e+02  1.00041e+00
 1.51549e+00  1.28000e+02  1.00041e+00
 1.51549e+00  1.28000e+02  1.00041e+00
 1.51549e+00  1.28000e+02  1.00041e+00
 1.51549e+00  1.28000e+02  1.00041e+00
 1.51549e+00  1.28000e+02  1.00041e+00
 1.51549e+00  1.28000e+02  1.00041e+00
 1.51549e+00  1.28000e+02  1.00041e+00
 1.51549e+00  1.28000e+02  1.00041e+00
 1.51549e+00  1.28000e+02  1.00041e+00
 1.51549e+00  1.28000e+02  1.00041e+00
 1.51549e+00  1.28000e+02  1.00041e+00
 1.51549e+00  1.28000e+02  1.00041e+00
 1.51549e+00  1.28000e+02  1.00041e+00
 1.51549e+00  1.28000e+02  1.00041e+00
 1.51549e+00  1.28000e+02  1.00041e+00
 1.51549e+00  1.28000e+02  1.00041e+00
 1.51549e+00  1.28000e+02  1.00041e+00
 1.51549e+00  1.28000e+02  1.00041e+00
 1.51549e+00  1.28000e+02  1.00041e+00
 1.51549e+00  1.28000e+02  1.00041e+00
 1.51549e+00  1.28000e+02  1.00041e+00
 1.51549e+00  1.28000e+02  1.00041e+00
 1.51549e+00  1.28000e+02  1.00041e+00
 1.51549e+00  1.28000e+02  1.00041e+00
 1.51549e+00  1.28000e+02  1.00041e+00
 1.51549e+00  1.28000e+02  1.00041e+00
 1.51549e+00  1.28000e+02  1.00041e+00
 1.51549e+00  1.28000e+02  1.00041e+00
 1.51549e+00  1.28000e+02  1.00041e+00
 1.51549e+00  1.28000e+02  1.00041e+00
 1.51549e+00  1.28000e+02  1.00041e+00
 1.51549e+00  1.28000e+02  1.00041e+00
 1.51549e+00  1.28000e+02  1.00041e+00
 1.51549e+00  1.28000e+02  1.00041e+00
 1.51549e+00  1.28000e+02  1.00041e+00
 1.51549e+00  1.28000e+02  1.00041e+00
 1.51549e+00  1.28000e+02  1.00041e+00
 1.51549e+00  1.28000e+02  1.00041e+00
 1.51549e+00  1.28000e+02  1.00041e+00
 1.51549e+00  1.28000e+02  1.00041e+00
 1.51549e+00  1.28000e+02  1.00041e+00
 1.51549e+00  1.28000e+02  1.00041e+00
 1.51549e+00  1.28000e+02  1.00041e+00
 1.51549e+00  1.28000e+02  1.00041e+00
 1.51549e+00  1.28000e+02  1.00041e+00
