635
 5.28094e-02  9.99803e-01  1.00058e+00
 6.94294e-02  9.98053e-01  1.00056e+00
 8.61094e-02  9.97706e-01  1.00054e+00
 1.27598e-01  9.99432e-01  1.00050e+00
 1.49798e-01  1.00027e+00  1.00048e+00
 1.62870e-01  1.00026e+00  1.00047e+00
 1.80529e-01  9.98535e-01  1.00045e+00
 2.07226e-01  9.99662e-01  1.00042e+00
 2.47355e-01  1.00014e+00  1.00038e+00
 3.23418e-01  9.99263e-01  1.00029e+00
 3.41162e-01  1.00048e+00  1.00027e+00
 3.87469e-01  1.00148e+00  1.00022e+00
 4.10558e-01  1.00120e+00  1.00020e+00
 4.55018e-01  9.99487e-01  1.00015e+00
 4.85622e-01  9.99084e-01  1.00012e+00
 5.19449e-01  9.99652e-01  1.00008e+00
 5.50457e-01  9.99751e-01  1.00005e+00
 6.34178e-01  9.99295e-01  9.99957e-01
 6.76877e-01  9.98961e-01  9.99912e-01
 7.19957e-01  9.99793e-01  9.99867e-01
 7.50858e-01  9.98824e-01  9.99836e-01
 7.97078e-01  9.98544e-01  9.99789e-01
 8.45318e-01  1.00020e+00  9.99742e-01
 8.58861e-01  9.99961e-01  9.99729e-01
 9.21210e-01  9.99138e-01  9.99670e-01
 9.93918e-01  9.99111e-01  9.99604e-01
 1.01234e+00  9.96925e-01  9.99588e-01
 1.05748e+00  9.96669e-01  9.99550e-01
 1.07724e+00  9.99767e-01  9.99534e-01
 1.16026e+00  9.98643e-01  9.99468e-01
 1.26474e+00  9.99257e-01  9.99394e-01
 1.31028e+00  9.96315e-01  9.99365e-01
 1.35315e+00  9.99452e-01  9.99339e-01
 1.37915e+00  9.99084e-01  9.99324e-01
 1.40691e+00  9.98758e-01  9.99309e-01
 1.43191e+00  9.97887e-01  9.99296e-01
 1.45453e+00  9.99768e-01  9.99285e-01
 1.47374e+00  1.00088e+00  9.99276e-01
 1.50050e+00  1.00007e+00  9.99264e-01
 1.57329e+00  9.99118e-01  9.99234e-01
 1.64634e+00  9.98950e-01  9.99210e-01
 1.72136e+00  9.99728e-01  9.99191e-01
 1.74218e+00  9.99323e-01  9.99187e-01
 1.77096e+00  9.97564e-01  9.99182e-01
 1.84594e+00  9.98120e-01  9.99173e-01
 1.88923e+00  9.99587e-01  9.99170e-01
 1.95385e+00  9.98621e-01  9.99170e-01
 2.00971e+00  1.00032e+00  9.99173e-01
 2.05801e+00  9.97768e-01  9.99178e-01
 2.08110e+00  1.00473e+00  9.99181e-01
 2.11302e+00  1.00364e+00  9.99187e-01
 2.13388e+00  9.98751e-01  9.99191e-01
 2.15470e+00  1.00183e+00  9.99196e-01
 2.18301e+00  9.99630e-01  9.99202e-01
 2.20733e+00  1.00431e+00  9.99209e-01
 2.24843e+00  1.00100e+00  9.99221e-01
 2.30482e+00  9.99846e-01  9.99240e-01
 2.36314e+00  9.99644e-01  9.99263e-01
 2.50004e+00  9.99748e-01  9.99328e-01
 2.60660e+00  9.99284e-01  9.99388e-01
 2.78578e+00  9.99931e-01  9.99506e-01
 3.00004e+00  9.99769e-01  9.99667e-01
 3.10900e+00  9.99902e-01  9.99755e-01
 3.19470e+00  1.00049e+00  9.99825e-01
 3.29588e+00  1.00014e+00  9.99907e-01
 3.48816e+00  9.99648e-01  1.00006e+00
 3.53994e+00  9.99790e-01  1.00010e+00
 3.59234e+00  1.00015e+00  1.00014e+00
 3.66076e+00  1.00051e+00  1.00019e+00
 3.72566e+00  1.00003e+00  1.00023e+00
 3.84648e+00  1.00033e+00  1.00030e+00
 3.92416e+00  9.99036e-01  1.00034e+00
 3.96705e+00  9.99661e-01  1.00036e+00
 4.07904e+00  9.96577e-01  1.00041e+00
 4.18460e+00  9.97358e-01  1.00044e+00
 4.32155e+00  9.96897e-01  1.00045e+00
 4.38959e+00  9.97749e-01  1.00045e+00
 4.41737e+00  9.99077e-01  1.00045e+00
 4.45209e+00  9.99936e-01  1.00045e+00
 4.48072e+00  9.99691e-01  1.00044e+00
 4.52947e+00  9.99549e-01  1.00043e+00
 4.62376e+00  9.99379e-01  1.00040e+00
 4.69297e+00  9.98782e-01  1.00038e+00
 4.71657e+00  9.98817e-01  1.00036e+00
 4.74517e+00  9.98927e-01  1.00035e+00
 4.80742e+00  9.98144e-01  1.00031e+00
 4.82591e+00  9.99880e-01  1.00030e+00
 4.88783e+00  9.98405e-01  1.00026e+00
 4.99700e+00  9.98984e-01  1.00018e+00
 5.08440e+00  9.98818e-01  1.00010e+00
 5.15827e+00  9.97843e-01  1.00003e+00
 5.22134e+00  9.98493e-01  9.99961e-01
 5.29522e+00  9.98681e-01  9.99881e-01
 5.33505e+00  9.99062e-01  9.99836e-01
 5.36360e+00  1.00001e+00  9.99804e-01
 5.42217e+00  1.00111e+00  9.99737e-01
 5.43660e+00  9.98201e-01  9.99720e-01
 5.47440e+00  1.00002e+00  9.99676e-01
 5.52200e+00  9.99615e-01  9.99620e-01
 5.56400e+00  9.98631e-01  9.99571e-01
 5.58645e+00  9.99646e-01  9.99545e-01
 5.61839e+00  9.99355e-01  9.99508e-01
 5.65644e+00  9.99075e-01  9.99464e-01
 5.69339e+00  9.99746e-01  9.99423e-01
 5.77355e+00  1.00031e+00  9.99336e-01
 5.80551e+00  1.00046e+00  9.99303e-01
 5.82355e+00  9.98606e-01  9.99285e-01
 5.85782e+00  9.97768e-01  9.99251e-01
 5.93382e+00  9.98731e-01  9.99182e-01
 6.03936e+00  9.98618e-01  9.99102e-01
 6.09594e+00  9.99916e-01  9.99068e-01
 6.12094e+00  1.00079e+00  9.99055e-01
 6.13798e+00  9.98358e-01  9.99047e-01
 6.16540e+00  9.95851e-01  9.99036e-01
 6.20704e+00  9.98958e-01  9.99023e-01
 6.23900e+00  9.98265e-01  9.99015e-01
 6.26298e+00  9.97496e-01  9.99012e-01
 6.31436e+00  9.99566e-01  9.99010e-01
 6.34356e+00  9.98727e-01  9.99012e-01
 6.40426e+00  9.98256e-01  9.99025e-01
 6.44076e+00  9.98382e-01  9.99039e-01
 6.46816e+00  1.00008e+00  9.99053e-01
 6.49216e+00  1.00078e+00  9.99067e-01
 6.51716e+00  9.97845e-01  9.99083e-01
 6.58384e+00  9.97499e-01  9.99139e-01
 6.65426e+00  1.00025e+00  9.99215e-01
 6.71856e+00  9.99741e-01  9.99302e-01
 6.75150e+00  1.00010e+00  9.99352e-01
 6.77372e+00  9.99295e-01  9.99389e-01
 6.79078e+00  1.00137e+00  9.99418e-01
 6.80844e+00  9.98748e-01  9.99449e-01
 6.84218e+00  9.98988e-01  9.99513e-01
 6.86400e+00  9.98576e-01  9.99556e-01
 6.89870e+00  1.00064e+00  9.99629e-01
 6.93660e+00  9.99211e-01  9.99713e-01
 6.96122e+00  9.99700e-01  9.99771e-01
 6.98104e+00  1.00157e+00  9.99819e-01
 7.04874e+00  1.00133e+00  9.99993e-01
 7.12966e+00  1.00148e+00  1.00022e+00
 7.20568e+00  1.00161e+00  1.00045e+00
 7.24634e+00  1.00217e+00  1.00058e+00
 7.29078e+00  1.00156e+00  1.00073e+00
 7.31086e+00  1.00047e+00  1.00080e+00
 7.34040e+00  1.00008e+00  1.00090e+00
 7.37236e+00  1.00073e+00  1.00101e+00
 7.41856e+00  1.00275e+00  1.00118e+00
 7.44038e+00  1.00188e+00  1.00125e+00
 7.46298e+00  1.00133e+00  1.00134e+00
 7.48486e+00  1.00189e+00  1.00142e+00
 7.51678e+00  1.00331e+00  1.00153e+00
 7.54496e+00  1.00279e+00  1.00163e+00
 7.57236e+00  1.00252e+00  1.00173e+00
 7.60012e+00  1.00157e+00  1.00184e+00
 7.63106e+00  1.00165e+00  1.00195e+00
 7.64872e+00  1.00147e+00  1.00201e+00
 7.66578e+00  1.00150e+00  1.00207e+00
 7.70744e+00  1.00212e+00  1.00222e+00
 7.82348e+00  1.00445e+00  1.00262e+00
 7.87098e+00  1.00196e+00  1.00277e+00
 7.90504e+00  1.00374e+00  1.00287e+00
 7.96160e+00  1.00275e+00  1.00304e+00
 7.98624e+00  1.00204e+00  1.00311e+00
 8.02790e+00  1.00140e+00  1.00321e+00
 8.09303e+00  1.00262e+00  1.00337e+00
 8.14698e+00  1.00240e+00  1.00348e+00
 8.18053e+00  1.00101e+00  1.00354e+00
 8.20188e+00  1.00146e+00  1.00357e+00
 8.24165e+00  1.00417e+00  1.00363e+00
 8.27357e+00  1.00296e+00  1.00367e+00
 8.30466e+00  1.00049e+00  1.00370e+00
 8.35434e+00  1.00126e+00  1.00373e+00
 8.38469e+00  1.00114e+00  1.00375e+00
 8.40931e+00  1.00085e+00  1.00375e+00
 8.44405e+00  1.00322e+00  1.00375e+00
 8.47476e+00  1.00194e+00  1.00375e+00
 8.51527e+00  1.00071e+00  1.00373e+00
 8.58433e+00  1.00064e+00  1.00367e+00
 8.65190e+00  1.00004e+00  1.00358e+00
 8.70933e+00  1.00190e+00  1.00122e+00
 8.73611e+00  9.99766e-01  1.00055e+00
 8.76489e+00  1.00214e+00  1.00335e+00
 8.82081e+00  9.99743e-01  1.00320e+00
 8.84127e+00  9.98994e-01  1.00314e+00
 8.86249e+00  1.00007e+00  1.00308e+00
 8.90341e+00  9.99729e-01  1.00294e+00
 8.95041e+00  1.00002e+00  1.00278e+00
 8.98974e+00  1.00021e+00  1.00263e+00
 9.03053e+00  1.00052e+00  1.00247e+00
 9.05649e+00  1.00010e+00  1.00236e+00
 9.08429e+00  1.00000e+00  1.00225e+00
 9.11232e+00  1.00132e+00  1.00212e+00
 9.15417e+00  1.00143e+00  1.00193e+00
 9.21060e+00  1.00136e+00  1.00167e+00
 9.27499e+00  1.00232e+00  1.00135e+00
 9.30241e+00  1.00086e+00  1.00122e+00
 9.31709e+00  1.00063e+00  1.00114e+00
 9.34723e+00  1.00189e+00  1.00099e+00
 9.37687e+00  1.00052e+00  1.00084e+00
 9.40973e+00  1.00153e+00  1.00067e+00
 9.43698e+00  1.00037e+00  1.00052e+00
 9.49114e+00  9.97286e-01  1.00024e+00
 9.51109e+00  9.91814e-01  1.00014e+00
 9.52440e+00  9.82972e-01  1.00007e+00
 9.53707e+00  9.70126e-01  1.00000e+00
 9.55001e+00  9.57401e-01  9.99934e-01
 9.56345e+00  9.41390e-01  9.99864e-01
 9.57637e+00  9.26075e-01  9.99797e-01
 9.58985e+00  9.12470e-01  9.99728e-01
 9.61126e+00  8.95051e-01  9.99618e-01
 9.68458e+00  8.88457e-01  9.99247e-01
 9.74080e+00  8.87181e-01  9.98971e-01
 9.78700e+00  8.98939e-01  9.98751e-01
 9.82550e+00  9.22772e-01  9.98572e-01
 9.83931e+00  9.46051e-01  9.98510e-01
 9.85235e+00  9.57051e-01  9.98451e-01
 9.86529e+00  9.70234e-01  9.98394e-01
 9.87858e+00  9.85859e-01  9.98336e-01
 9.89123e+00  9.92701e-01  9.98281e-01
 9.96442e+00  9.98874e-01  9.97978e-01
 1.00626e+01  9.98655e-01  9.97611e-01
 1.01233e+01  9.99580e-01  9.97410e-01
 1.02383e+01  9.99846e-01  9.97084e-01
 1.03071e+01  1.00131e+00  9.96926e-01
 1.03407e+01  9.98717e-01  9.96859e-01
 1.03867e+01  1.00384e+00  9.96779e-01
 1.04601e+01  1.00326e+00  9.96676e-01
 1.04890e+01  1.00152e+00  9.96645e-01
 1.05308e+01  1.00453e+00  9.96608e-01
 1.05798e+01  1.00534e+00  9.96578e-01
 1.06251e+01  1.00541e+00  9.96562e-01
 1.06472e+01  1.00423e+00  9.96559e-01
 1.06690e+01  1.00474e+00  9.96558e-01
 1.07235e+01  1.00598e+00  9.96568e-01
 1.07754e+01  1.00481e+00  9.96591e-01
 1.08272e+01  1.00598e+00  9.96628e-01
 1.08675e+01  1.00438e+00  9.96665e-01
 1.09143e+01  1.00257e+00  9.96718e-01
 1.09798e+01  1.00094e+00  9.96807e-01
 1.10435e+01  9.99685e-01  9.96910e-01
 1.11144e+01  1.00012e+00  9.97042e-01
 1.11526e+01  9.98422e-01  9.97120e-01
 1.11792e+01  9.97174e-01  9.97177e-01
 1.11935e+01  9.96913e-01  9.97208e-01
 1.12240e+01  9.98909e-01  9.97276e-01
 1.12690e+01  9.97270e-01  9.97382e-01
 1.12898e+01  9.98990e-01  9.97432e-01
 1.13312e+01  9.97208e-01  9.97534e-01
 1.13468e+01  9.96331e-01  9.97574e-01
 1.13639e+01  9.98258e-01  9.97618e-01
 1.13967e+01  9.98220e-01  9.97703e-01
 1.14215e+01  9.99004e-01  9.97769e-01
 1.14450e+01  9.99606e-01  9.97832e-01
 1.14630e+01  9.98070e-01  9.97880e-01
 1.14774e+01  9.99121e-01  9.97919e-01
 1.14903e+01  9.88732e-01  9.97954e-01
 1.15036e+01  9.83353e-01  9.97991e-01
 1.15163e+01  9.74238e-01  9.98026e-01
 1.15292e+01  9.66980e-01  9.98062e-01
 1.15426e+01  9.54851e-01  9.98099e-01
 1.15555e+01  9.49931e-01  9.98135e-01
 1.15878e+01  9.45096e-01  9.98225e-01
 1.16763e+01  9.41827e-01  9.98474e-01
 1.17149e+01  9.42204e-01  9.98583e-01
 1.17408e+01  9.37477e-01  9.98656e-01
 1.17814e+01  9.48386e-01  9.98770e-01
 1.18024e+01  9.60992e-01  9.98828e-01
 1.18180e+01  9.72518e-01  9.98872e-01
 1.18315e+01  9.83379e-01  9.98909e-01
 1.18444e+01  9.90859e-01  9.98944e-01
 1.18578e+01  9.99266e-01  9.98981e-01
 1.18710e+01  1.00394e+00  9.99017e-01
 1.18918e+01  1.00708e+00  9.99074e-01
 1.19362e+01  1.00173e+00  9.99193e-01
 1.20137e+01  1.00613e+00  9.99396e-01
 1.20498e+01  1.00794e+00  9.99488e-01
 1.20776e+01  1.00515e+00  9.99558e-01
 1.21554e+01  1.00560e+00  9.99746e-01
 1.22790e+01  1.00473e+00  1.00002e+00
 1.23859e+01  1.00496e+00  1.00024e+00
 1.24529e+01  1.00333e+00  1.00036e+00
 1.24695e+01  1.00214e+00  1.00039e+00
 1.25203e+01  1.00346e+00  1.00047e+00
 1.25724e+01  1.00429e+00  1.00055e+00
 1.26151e+01  1.00309e+00  1.00061e+00
 1.26929e+01  1.00219e+00  1.00071e+00
 1.27321e+01  1.00231e+00  1.00076e+00
 1.27790e+01  1.00202e+00  1.00081e+00
 1.28279e+01  1.00424e+00  1.00086e+00
 1.28685e+01  1.00124e+00  1.00089e+00
 1.28937e+01  1.00016e+00  1.00091e+00
 1.29974e+01  1.00345e+00  1.00098e+00
 1.30746e+01  1.00186e+00  1.00101e+00
 1.31185e+01  1.00028e+00  1.00102e+00
 1.31432e+01  1.00300e+00  1.00103e+00
 1.32354e+01  1.00159e+00  1.00104e+00
 1.33157e+01  1.00029e+00  1.00104e+00
 1.33464e+01  1.00065e+00  1.00103e+00
 1.34172e+01  1.00042e+00  1.00101e+00
 1.34828e+01  1.00042e+00  1.00099e+00
 1.35184e+01  9.99873e-01  1.00098e+00
 1.35597e+01  1.00058e+00  1.00096e+00
 1.35936e+01  1.00252e+00  1.00094e+00
 1.36361e+01  1.00129e+00  1.00091e+00
 1.36806e+01  1.00077e+00  1.00089e+00
 1.37227e+01  1.00308e+00  1.00086e+00
 1.37422e+01  1.00092e+00  1.00084e+00
 1.38020e+01  9.99367e-01  1.00080e+00
 1.38773e+01  9.99890e-01  1.00073e+00
 1.38994e+01  9.99458e-01  1.00071e+00
 1.39163e+01  9.99859e-01  1.00070e+00
 1.39357e+01  9.99178e-01  1.00068e+00
 1.39500e+01  9.99144e-01  1.00067e+00
 1.40340e+01  9.99082e-01  1.00059e+00
 1.40694e+01  9.98495e-01  1.00055e+00
 1.40878e+01  9.99605e-01  1.00053e+00
 1.41129e+01  9.99664e-01  1.00051e+00
 1.41346e+01  9.99713e-01  1.00049e+00
 1.41521e+01  1.00024e+00  1.00047e+00
 1.41736e+01  9.99611e-01  1.00044e+00
 1.41901e+01  1.00045e+00  1.00043e+00
 1.42229e+01  9.99229e-01  1.00039e+00
 1.42360e+01  1.00146e+00  1.00038e+00
 1.42592e+01  1.00023e+00  1.00035e+00
 1.42883e+01  1.00009e+00  1.00032e+00
 1.43442e+01  1.00001e+00  1.00026e+00
 1.43684e+01  1.00196e+00  1.00024e+00
 1.43947e+01  1.00146e+00  1.00021e+00
 1.44337e+01  1.00043e+00  1.00016e+00
 1.44651e+01  9.99282e-01  1.00013e+00
 1.45031e+01  9.99753e-01  1.00009e+00
 1.45175e+01  1.00012e+00  1.00007e+00
 1.45391e+01  1.00098e+00  1.00005e+00
 1.45948e+01  9.99571e-01  9.99990e-01
 1.46198e+01  9.99402e-01  9.99963e-01
 1.46490e+01  9.98114e-01  9.99932e-01
 1.46971e+01  1.00029e+00  9.99882e-01
 1.47539e+01  9.98382e-01  9.99824e-01
 1.48303e+01  9.99830e-01  9.99748e-01
 1.48884e+01  9.98360e-01  9.99693e-01
 1.49308e+01  9.97674e-01  9.99653e-01
 1.49634e+01  9.98674e-01  9.99624e-01
 1.50181e+01  9.96955e-01  9.99576e-01
 1.50670e+01  9.99767e-01  9.99535e-01
 1.50912e+01  9.98423e-01  9.99515e-01
 1.51420e+01  9.98531e-01  9.99476e-01
 1.51757e+01  9.97827e-01  9.99450e-01
 1.52157e+01  1.00062e+00  9.99422e-01
 1.52377e+01  9.99795e-01  9.99407e-01
 1.53068e+01  9.98015e-01  9.99362e-01
 1.53221e+01  9.98435e-01  9.99353e-01
 1.53374e+01  9.97633e-01  9.99343e-01
 1.53509e+01  1.00072e+00  9.99336e-01
 1.53726e+01  9.99120e-01  9.99323e-01
 1.53990e+01  9.98806e-01  9.99309e-01
 1.54250e+01  9.96164e-01  9.99295e-01
 1.54420e+01  9.98435e-01  9.99287e-01
 1.54592e+01  1.00206e+00  9.99279e-01
 1.54820e+01  1.00134e+00  9.99268e-01
 1.55482e+01  9.99746e-01  9.99241e-01
 1.56328e+01  1.00013e+00  9.99212e-01
 1.58158e+01  9.97255e-01  9.99175e-01
 1.59018e+01  9.99645e-01  9.99170e-01
 1.59987e+01  1.00066e+00  9.99173e-01
 1.60196e+01  9.96525e-01  9.99175e-01
 1.60445e+01  9.97213e-01  9.99178e-01
 1.60653e+01  1.00272e+00  9.99180e-01
 1.60895e+01  1.00797e+00  9.99184e-01
 1.61111e+01  9.99794e-01  9.99188e-01
 1.61320e+01  1.00026e+00  9.99192e-01
 1.61536e+01  1.00266e+00  9.99197e-01
 1.61848e+01  1.00796e+00  9.99205e-01
 1.62161e+01  1.00786e+00  9.99214e-01
 1.62696e+01  9.99687e-01  9.99231e-01
 1.63422e+01  9.99575e-01  9.99258e-01
 1.65541e+01  9.99645e-01  9.99362e-01
 1.67755e+01  9.99997e-01  9.99505e-01
 1.69154e+01  1.00012e+00  9.99608e-01
 1.70047e+01  9.99493e-01  9.99678e-01
 1.71946e+01  1.00015e+00  9.99832e-01
 1.72797e+01  1.00036e+00  9.99901e-01
 1.74071e+01  9.99219e-01  1.00000e+00
 1.75113e+01  9.99759e-01  1.00008e+00
 1.75714e+01  1.00001e+00  1.00013e+00
 1.76279e+01  1.00075e+00  1.00017e+00
 1.76922e+01  1.00025e+00  1.00021e+00
 1.77756e+01  1.00012e+00  1.00027e+00
 1.78529e+01  1.00033e+00  1.00031e+00
 1.79068e+01  9.99090e-01  1.00034e+00
 1.79766e+01  9.98485e-01  1.00037e+00
 1.80952e+01  9.96413e-01  1.00041e+00
 1.81952e+01  9.97172e-01  1.00044e+00
 1.83016e+01  9.96651e-01  1.00045e+00
 1.83599e+01  9.98124e-01  1.00045e+00
 1.84002e+01  9.99130e-01  1.00045e+00
 1.84302e+01  9.99999e-01  1.00045e+00
 1.84808e+01  9.99679e-01  1.00044e+00
 1.85372e+01  9.99169e-01  1.00043e+00
 1.85868e+01  1.00053e+00  1.00041e+00
 1.85994e+01  9.98900e-01  1.00041e+00
 1.86268e+01  9.97964e-01  1.00040e+00
 1.87149e+01  9.99394e-01  1.00036e+00
 1.87601e+01  9.98383e-01  1.00034e+00
 1.88060e+01  9.98538e-01  1.00031e+00
 1.88577e+01  9.99157e-01  1.00028e+00
 1.88869e+01  9.99129e-01  1.00026e+00
 1.89046e+01  9.98283e-01  1.00024e+00
 1.89498e+01  9.98889e-01  1.00021e+00
 1.90217e+01  9.98470e-01  1.00015e+00
 1.90534e+01  9.99380e-01  1.00012e+00
 1.90760e+01  9.99002e-01  1.00010e+00
 1.91036e+01  9.98371e-01  1.00007e+00
 1.91601e+01  9.98298e-01  1.00002e+00
 1.92300e+01  9.99304e-01  9.99943e-01
 1.92609e+01  9.99618e-01  9.99909e-01
 1.93248e+01  9.99062e-01  9.99838e-01
 1.93399e+01  9.99767e-01  9.99821e-01
 1.93550e+01  9.99700e-01  9.99804e-01
 1.93873e+01  1.00067e+00  9.99767e-01
 1.94092e+01  1.00132e+00  9.99742e-01
 1.94236e+01  9.99241e-01  9.99725e-01
 1.94548e+01  1.00001e+00  9.99688e-01
 1.94744e+01  1.00053e+00  9.99665e-01
 1.95193e+01  9.99887e-01  9.99613e-01
 1.95661e+01  9.98567e-01  9.99558e-01
 1.95814e+01  9.99622e-01  9.99540e-01
 1.96429e+01  9.98352e-01  9.99470e-01
 1.96689e+01  9.99685e-01  9.99440e-01
 1.97008e+01  9.99338e-01  9.99405e-01
 1.97590e+01  9.99944e-01  9.99342e-01
 1.97814e+01  1.00084e+00  9.99319e-01
 1.98069e+01  9.99107e-01  9.99293e-01
 1.98430e+01  9.97606e-01  9.99257e-01
 1.99014e+01  9.99493e-01  9.99203e-01
 1.99603e+01  9.98683e-01  9.99154e-01
 2.00055e+01  9.98983e-01  9.99120e-01
 2.00430e+01  9.98709e-01  9.99094e-01
 2.00742e+01  9.99974e-01  9.99075e-01
 2.01056e+01  1.00035e+00  9.99059e-01
 2.01246e+01  9.99787e-01  9.99050e-01
 2.01555e+01  9.96129e-01  9.99037e-01
 2.01913e+01  9.99707e-01  9.99025e-01
 2.02246e+01  9.98696e-01  9.99017e-01
 2.02427e+01  9.97041e-01  9.99013e-01
 2.02625e+01  9.99397e-01  9.99011e-01
 2.02819e+01  9.99686e-01  9.99010e-01
 2.03101e+01  9.99555e-01  9.99010e-01
 2.03389e+01  9.98645e-01  9.99013e-01
 2.03871e+01  9.99371e-01  9.99023e-01
 2.04153e+01  9.98142e-01  9.99032e-01
 2.04403e+01  9.99770e-01  9.99043e-01
 2.04639e+01  9.99977e-01  9.99055e-01
 2.04927e+01  1.00039e+00  9.99072e-01
 2.05107e+01  9.97333e-01  9.99085e-01
 2.05393e+01  9.99248e-01  9.99107e-01
 2.05931e+01  9.98623e-01  9.99156e-01
 2.06472e+01  1.00051e+00  9.99217e-01
 2.07149e+01  1.00011e+00  9.99309e-01
 2.07417e+01  1.00040e+00  9.99350e-01
 2.07736e+01  9.99990e-01  9.99403e-01
 2.08716e+01  9.99133e-01  9.99589e-01
 2.09393e+01  9.99121e-01  9.99739e-01
 2.09691e+01  1.00145e+00  9.99811e-01
 2.10306e+01  1.00058e+00  9.99968e-01
 2.11076e+01  1.00112e+00  1.00018e+00
 2.12121e+01  1.00227e+00  1.00050e+00
 2.12782e+01  1.00138e+00  1.00072e+00
 2.13270e+01  1.00052e+00  1.00089e+00
 2.14639e+01  1.00158e+00  1.00137e+00
 2.14861e+01  1.00301e+00  1.00145e+00
 2.15198e+01  1.00305e+00  1.00157e+00
 2.15764e+01  1.00247e+00  1.00178e+00
 2.16080e+01  1.00185e+00  1.00190e+00
 2.16316e+01  1.00184e+00  1.00198e+00
 2.16847e+01  1.00149e+00  1.00217e+00
 2.17232e+01  1.00307e+00  1.00231e+00
 2.17532e+01  1.00358e+00  1.00241e+00
 2.17976e+01  1.00199e+00  1.00256e+00
 2.19746e+01  1.00238e+00  1.00310e+00
 2.20093e+01  1.00193e+00  1.00319e+00
 2.20681e+01  1.00197e+00  1.00333e+00
 2.20870e+01  1.00253e+00  1.00337e+00
 2.21046e+01  1.00125e+00  1.00341e+00
 2.21304e+01  1.00105e+00  1.00346e+00
 2.21719e+01  1.00095e+00  1.00354e+00
 2.22036e+01  1.00179e+00  1.00359e+00
 2.22217e+01  1.00387e+00  1.00361e+00
 2.22411e+01  1.00433e+00  1.00364e+00
 2.22623e+01  1.00231e+00  1.00366e+00
 2.22847e+01  1.00070e+00  1.00369e+00
 2.23354e+01  1.00105e+00  1.00373e+00
 2.23868e+01  1.00145e+00  1.00375e+00
 2.24024e+01  9.99932e-01  1.00375e+00
 2.24227e+01  1.00132e+00  1.00375e+00
 2.24509e+01  1.00298e+00  1.00375e+00
 2.24687e+01  1.00034e+00  1.00375e+00
 2.25023e+01  1.00096e+00  1.00373e+00
 2.25236e+01  1.00320e+00  1.00372e+00
 2.25854e+01  1.00063e+00  1.00366e+00
 2.26338e+01  1.00031e+00  1.00359e+00
 2.26778e+01  1.00169e+00  1.00352e+00
 2.27276e+01  1.00060e+00  1.00058e+00
 2.27915e+01  1.00125e+00  1.00326e+00
 2.28227e+01  9.99195e-01  1.00317e+00
 2.28491e+01  9.99423e-01  1.00309e+00
 2.28911e+01  9.99112e-01  1.00296e+00
 2.29056e+01  1.00094e+00  1.00291e+00
 2.29647e+01  1.00013e+00  1.00270e+00
 2.30077e+01  1.00049e+00  1.00253e+00
 2.31335e+01  1.00138e+00  1.00199e+00
 2.31764e+01  1.00163e+00  1.00179e+00
 2.31911e+01  1.00215e+00  1.00172e+00
 2.32041e+01  1.00131e+00  1.00166e+00
 2.32338e+01  1.00156e+00  1.00151e+00
 2.32781e+01  1.00177e+00  1.00129e+00
 2.33065e+01  1.00019e+00  1.00115e+00
 2.33523e+01  1.00142e+00  1.00092e+00
 2.33978e+01  1.00105e+00  1.00068e+00
 2.34540e+01  9.99939e-01  1.00039e+00
 2.34981e+01  9.92889e-01  1.00016e+00
 2.35116e+01  9.84653e-01  1.00009e+00
 2.35245e+01  9.71890e-01  1.00002e+00
 2.35374e+01  9.60159e-01  9.99954e-01
 2.35505e+01  9.44645e-01  9.99887e-01
 2.35634e+01  9.29541e-01  9.99820e-01
 2.35768e+01  9.15160e-01  9.99750e-01
 2.35976e+01  8.98701e-01  9.99643e-01
 2.36371e+01  8.90100e-01  9.99442e-01
 2.36966e+01  8.88686e-01  9.99144e-01
 2.37500e+01  8.89191e-01  9.98885e-01
 2.37799e+01  8.96452e-01  9.98743e-01
 2.38083e+01  9.15434e-01  9.98611e-01
 2.38286e+01  9.40888e-01  9.98519e-01
 2.38421e+01  9.57051e-01  9.98458e-01
 2.38551e+01  9.70234e-01  9.98401e-01
 2.38684e+01  9.85859e-01  9.98343e-01
 2.38810e+01  9.92701e-01  9.98288e-01
 2.38953e+01  9.98835e-01  9.98227e-01
 2.39857e+01  9.99172e-01  9.97861e-01
 2.40714e+01  9.98936e-01  9.97551e-01
 2.42259e+01  9.99772e-01  9.97093e-01
 2.43007e+01  1.00229e+00  9.96921e-01
 2.43195e+01  1.00111e+00  9.96883e-01
 2.43399e+01  1.00010e+00  9.96845e-01
 2.43551e+01  1.00457e+00  9.96817e-01
 2.43731e+01  1.00297e+00  9.96787e-01
 2.44209e+01  1.00209e+00  9.96715e-01
 2.44676e+01  1.00280e+00  9.96658e-01
 2.45718e+01  1.00545e+00  9.96578e-01
 2.46196e+01  1.00478e+00  9.96562e-01
 2.46388e+01  1.00495e+00  9.96559e-01
 2.46588e+01  1.00474e+00  9.96558e-01
 2.47558e+01  1.00473e+00  9.96585e-01
 2.48313e+01  1.00583e+00  9.96639e-01
 2.49023e+01  1.00306e+00  9.96714e-01
 2.49203e+01  1.00297e+00  9.96736e-01
 2.49596e+01  1.00129e+00  9.96790e-01
 2.50118e+01  1.00092e+00  9.96871e-01
 2.50269e+01  9.99658e-01  9.96897e-01
 2.50991e+01  1.00014e+00  9.97029e-01
 2.51198e+01  9.98383e-01  9.97070e-01
 2.51434e+01  9.98509e-01  9.97119e-01
 2.51652e+01  9.97531e-01  9.97165e-01
 2.51847e+01  9.97702e-01  9.97207e-01
 2.52299e+01  9.98941e-01  9.97310e-01
 2.52847e+01  9.98343e-01  9.97440e-01
 2.52999e+01  9.96860e-01  9.97478e-01
 2.53223e+01  9.96958e-01  9.97534e-01
 2.53597e+01  9.98668e-01  9.97629e-01
 2.54025e+01  9.98904e-01  9.97741e-01
 2.54366e+01  9.99358e-01  9.97832e-01
 2.54528e+01  9.98070e-01  9.97876e-01
 2.54671e+01  9.99121e-01  9.97915e-01
 2.54800e+01  9.88732e-01  9.97950e-01
 2.54934e+01  9.83353e-01  9.97987e-01
 2.55060e+01  9.74238e-01  9.98022e-01
 2.55190e+01  9.66980e-01  9.98057e-01
 2.55334e+01  9.55731e-01  9.98097e-01
 2.55545e+01  9.46560e-01  9.98156e-01
 2.56619e+01  9.42078e-01  9.98458e-01
 2.57521e+01  9.44213e-01  9.98712e-01
 2.57814e+01  9.54890e-01  9.98794e-01
 2.57977e+01  9.65834e-01  9.98839e-01
 2.58106e+01  9.74877e-01  9.98875e-01
 2.58241e+01  9.84945e-01  9.98912e-01
 2.58370e+01  9.92940e-01  9.98948e-01
 2.58514e+01  1.00021e+00  9.98987e-01
 2.58993e+01  1.00535e+00  9.99118e-01
 2.59937e+01  1.00516e+00  9.99367e-01
 2.60281e+01  1.00647e+00  9.99455e-01
 2.60795e+01  1.00468e+00  9.99584e-01
 2.61410e+01  1.00541e+00  9.99732e-01
 2.62281e+01  1.00465e+00  9.99931e-01
 2.63122e+01  1.00382e+00  1.00011e+00
 2.63729e+01  1.00538e+00  1.00023e+00
 2.64080e+01  1.00359e+00  1.00029e+00
 2.64834e+01  1.00402e+00  1.00043e+00
 2.65163e+01  1.00379e+00  1.00048e+00
 2.65355e+01  1.00312e+00  1.00051e+00
 2.65584e+01  1.00579e+00  1.00054e+00
 2.65787e+01  1.00307e+00  1.00057e+00
 2.66035e+01  1.00226e+00  1.00061e+00
 2.66715e+01  1.00258e+00  1.00070e+00
 2.67247e+01  1.00197e+00  1.00076e+00
 2.67757e+01  1.00244e+00  1.00082e+00
 2.68362e+01  1.00291e+00  1.00087e+00
 2.69064e+01  1.00205e+00  1.00093e+00
 2.69566e+01  1.00371e+00  1.00096e+00
 2.70260e+01  1.00178e+00  1.00099e+00
 2.70824e+01  1.00281e+00  1.00101e+00
 2.71022e+01  9.99802e-01  1.00102e+00
 2.71274e+01  1.00301e+00  1.00103e+00
 2.71464e+01  1.00159e+00  1.00103e+00
 2.71747e+01  1.00200e+00  1.00103e+00
 2.72000e+01  1.00087e+00  1.00104e+00
 2.72408e+01  1.00183e+00  1.00104e+00
 2.72751e+01  1.00135e+00  1.00104e+00
 2.72977e+01  1.00146e+00  1.00104e+00
 2.73134e+01  1.00065e+00  1.00103e+00
 2.73528e+01  1.00119e+00  1.00103e+00
 2.74308e+01  9.99654e-01  1.00101e+00
 2.74693e+01  1.00127e+00  1.00099e+00
 2.74930e+01  9.99963e-01  1.00098e+00
 2.75250e+01  9.99195e-01  1.00097e+00
 2.75420e+01  1.00005e+00  1.00096e+00
 2.75997e+01  1.00235e+00  1.00093e+00
 2.76333e+01  1.00024e+00  1.00091e+00
 2.76591e+01  1.00072e+00  1.00089e+00
 2.77130e+01  1.00202e+00  1.00086e+00
 2.77394e+01  1.00000e+00  1.00084e+00
 2.77589e+01  9.99188e-01  1.00082e+00
 2.77966e+01  9.99689e-01  1.00079e+00
 2.78850e+01  9.99583e-01  1.00072e+00
 2.79000e+01  9.99828e-01  1.00071e+00
 2.79265e+01  9.99453e-01  1.00068e+00
 2.79517e+01  1.00021e+00  1.00066e+00
