194
 4.16190e-02  9.98400e-01  9.98930e-01
 1.10426e-01  9.98191e-01  9.99022e-01
 1.79863e-01  9.98507e-01  9.99114e-01
 2.48526e-01  9.98102e-01  9.99202e-01
 3.04699e-01  9.97634e-01  9.99273e-01
 3.57467e-01  9.97713e-01  9.99337e-01
 4.17286e-01  9.99602e-01  9.99408e-01
 4.85436e-01  1.00259e+00  9.99486e-01
 5.54873e-01  1.00182e+00  9.99562e-01
 6.24959e-01  1.00101e+00  9.99636e-01
 6.88784e-01  9.99790e-01  9.99701e-01
 7.42209e-01  9.99731e-01  9.99753e-01
 7.93555e-01  1.00015e+00  9.99802e-01
 8.46379e-01  9.98093e-01  9.99850e-01
 8.97725e-01  9.98442e-01  9.99896e-01
 9.50549e-01  1.01100e+00  9.99942e-01
 1.00189e+00  9.94327e-01  9.99985e-01
 1.05809e+00  9.82388e-01  1.00003e+00
 1.12677e+00  1.00123e+00  1.00009e+00
 1.18795e+00  1.00214e+00  1.00013e+00
 1.24002e+00  1.00086e+00  1.00017e+00
 1.29211e+00  1.00035e+00  1.00021e+00
 1.34421e+00  1.00106e+00  1.00025e+00
 1.39627e+00  1.00051e+00  1.00029e+00
 1.44836e+00  1.00081e+00  1.00032e+00
 1.50045e+00  1.00046e+00  1.00036e+00
 1.55252e+00  1.00046e+00  1.00039e+00
 1.60602e+00  9.99832e-01  1.00043e+00
 1.66220e+00  1.00049e+00  1.00047e+00
 1.71370e+00  1.00061e+00  1.00050e+00
 1.76637e+00  1.00014e+00  1.00053e+00
 1.81786e+00  9.99778e-01  1.00056e+00
 1.87055e+00  1.00050e+00  1.00060e+00
 1.92204e+00  1.00030e+00  1.00063e+00
 1.97472e+00  1.00034e+00  1.00066e+00
 2.02620e+00  1.00017e+00  1.00069e+00
 2.07888e+00  9.99909e-01  1.00072e+00
 2.13037e+00  1.00014e+00  1.00075e+00
 2.18305e+00  1.00011e+00  1.00078e+00
 2.23454e+00  9.99804e-01  1.00081e+00
 2.28722e+00  9.99569e-01  1.00084e+00
 2.33870e+00  9.99794e-01  1.00086e+00
 2.39138e+00  9.99775e-01  1.00089e+00
 2.44287e+00  9.99703e-01  1.00091e+00
 2.49555e+00  9.99914e-01  1.00094e+00
 2.54704e+00  1.00004e+00  1.00096e+00
 2.59973e+00  1.00071e+00  1.00098e+00
 2.65121e+00  1.00112e+00  1.00100e+00
 2.70671e+00  1.00129e+00  1.00101e+00
 2.76090e+00  1.00219e+00  1.00102e+00
 2.81296e+00  1.00290e+00  1.00103e+00
 2.86506e+00  1.00322e+00  1.00103e+00
 2.91715e+00  1.00253e+00  1.00102e+00
 2.97125e+00  1.00307e+00  1.00101e+00
 3.02622e+00  1.00189e+00  1.00098e+00
 3.07891e+00  1.00199e+00  1.00095e+00
 3.13039e+00  1.00125e+00  1.00090e+00
 3.18307e+00  1.00085e+00  1.00084e+00
 3.23456e+00  1.00031e+00  1.00077e+00
 3.28725e+00  9.99994e-01  1.00067e+00
 3.33873e+00  9.99784e-01  1.00055e+00
 3.39141e+00  9.99511e-01  1.00040e+00
 3.44289e+00  9.99637e-01  1.00023e+00
 3.49557e+00  9.99484e-01  1.00002e+00
 3.54706e+00  9.99015e-01  9.99788e-01
 3.59975e+00  9.99395e-01  9.99516e-01
 3.65123e+00  9.99942e-01  9.99221e-01
 3.70391e+00  9.98848e-01  9.98898e-01
 3.75539e+00  9.99167e-01  9.98572e-01
 3.80807e+00  9.99916e-01  9.98250e-01
 3.86232e+00  9.98826e-01  9.97960e-01
 3.92972e+00  9.98945e-01  9.97725e-01
 3.99915e+00  9.99420e-01  9.97729e-01
 4.06923e+00  9.99711e-01  9.98102e-01
 4.13805e+00  9.99382e-01  9.98908e-01
 4.20748e+00  9.99790e-01  1.00015e+00
 4.28388e+00  1.00097e+00  1.00183e+00
 4.35331e+00  1.00153e+00  1.00334e+00
 4.43249e+00  1.00368e+00  1.00464e+00
 4.50673e+00  1.00588e+00  1.00517e+00
 4.57555e+00  1.00516e+00  1.00502e+00
 4.64498e+00  1.00408e+00  1.00438e+00
 4.71507e+00  1.00345e+00  1.00343e+00
 4.79081e+00  1.00247e+00  1.00229e+00
 4.86090e+00  1.00126e+00  1.00130e+00
 4.92972e+00  1.00043e+00  1.00047e+00
 4.99915e+00  1.00040e+00  9.99796e-01
 5.06924e+00  9.99160e-01  9.99291e-01
 5.13806e+00  9.98701e-01  9.98941e-01
 5.20749e+00  9.98682e-01  9.98710e-01
 5.28176e+00  9.98399e-01  9.98569e-01
 5.35334e+00  9.98387e-01  9.98509e-01
 5.42342e+00  9.98691e-01  9.98504e-01
 5.49224e+00  9.98295e-01  9.98535e-01
 5.56167e+00  9.98398e-01  9.98592e-01
 5.63176e+00  9.98165e-01  9.98666e-01
 5.70473e+00  9.98100e-01  9.98753e-01
 5.84009e+00  9.98400e-01  9.98930e-01
 5.90890e+00  9.98191e-01  9.99022e-01
 5.97834e+00  9.98507e-01  9.99114e-01
 6.04700e+00  9.98102e-01  9.99202e-01
 6.10318e+00  9.97634e-01  9.99273e-01
 6.15594e+00  9.97713e-01  9.99337e-01
 6.21576e+00  9.99602e-01  9.99408e-01
 6.28391e+00  1.00259e+00  9.99486e-01
 6.35335e+00  1.00182e+00  9.99562e-01
 6.42343e+00  1.00101e+00  9.99636e-01
 6.48726e+00  9.99790e-01  9.99701e-01
 6.54069e+00  9.99731e-01  9.99753e-01
 6.59203e+00  1.00015e+00  9.99802e-01
 6.64486e+00  9.98093e-01  9.99850e-01
 6.69620e+00  9.98442e-01  9.99896e-01
 6.74903e+00  1.01100e+00  9.99942e-01
 6.80037e+00  9.94327e-01  9.99985e-01
 6.85656e+00  9.82388e-01  1.00003e+00
 6.92525e+00  1.00123e+00  1.00009e+00
 6.98642e+00  1.00214e+00  1.00013e+00
 7.03850e+00  1.00086e+00  1.00017e+00
 7.09058e+00  1.00035e+00  1.00021e+00
 7.14268e+00  1.00106e+00  1.00025e+00
 7.19474e+00  1.00051e+00  1.00029e+00
 7.24684e+00  1.00081e+00  1.00032e+00
 7.29892e+00  1.00046e+00  1.00036e+00
 7.35100e+00  1.00046e+00  1.00039e+00
 7.40449e+00  9.99832e-01  1.00043e+00
 7.46068e+00  1.00049e+00  1.00047e+00
 7.51218e+00  1.00061e+00  1.00050e+00
 7.56485e+00  1.00014e+00  1.00053e+00
 7.61634e+00  9.99778e-01  1.00056e+00
 7.66903e+00  1.00050e+00  1.00060e+00
 7.72052e+00  1.00030e+00  1.00063e+00
 7.77320e+00  1.00034e+00  1.00066e+00
 7.82468e+00  1.00017e+00  1.00069e+00
 7.87736e+00  9.99909e-01  1.00072e+00
 7.92885e+00  1.00014e+00  1.00075e+00
 7.98153e+00  1.00011e+00  1.00078e+00
 8.03302e+00  9.99804e-01  1.00081e+00
 8.08570e+00  9.99569e-01  1.00084e+00
 8.13718e+00  9.99794e-01  1.00086e+00
 8.18986e+00  9.99775e-01  1.00089e+00
 8.24135e+00  9.99703e-01  1.00091e+00
 8.29403e+00  9.99914e-01  1.00094e+00
 8.34552e+00  1.00004e+00  1.00096e+00
 8.39821e+00  1.00071e+00  1.00098e+00
 8.44969e+00  1.00112e+00  1.00100e+00
 8.50519e+00  1.00129e+00  1.00101e+00
 8.55937e+00  1.00219e+00  1.00102e+00
 8.61143e+00  1.00290e+00  1.00103e+00
 8.66354e+00  1.00322e+00  1.00103e+00
 8.71562e+00  1.00253e+00  1.00102e+00
 8.76972e+00  1.00307e+00  1.00101e+00
 8.82470e+00  1.00189e+00  1.00098e+00
 8.87739e+00  1.00199e+00  1.00095e+00
 8.92887e+00  1.00125e+00  1.00090e+00
 8.98155e+00  1.00085e+00  1.00084e+00
 9.03304e+00  1.00031e+00  1.00077e+00
 9.08573e+00  9.99994e-01  1.00067e+00
 9.13721e+00  9.99784e-01  1.00055e+00
 9.18989e+00  9.99511e-01  1.00040e+00
 9.24137e+00  9.99637e-01  1.00023e+00
 9.29405e+00  9.99484e-01  1.00002e+00
 9.34554e+00  9.99015e-01  9.99788e-01
 9.39823e+00  9.99395e-01  9.99516e-01
 9.44971e+00  9.99942e-01  9.99221e-01
 9.50239e+00  9.98848e-01  9.98898e-01
 9.55387e+00  9.99167e-01  9.98572e-01
 9.60655e+00  9.99916e-01  9.98250e-01
 9.66079e+00  9.98826e-01  9.97960e-01
 9.72820e+00  9.98945e-01  9.97725e-01
 9.79763e+00  9.99420e-01  9.97729e-01
 9.86771e+00  9.99711e-01  9.98102e-01
 9.93653e+00  9.99382e-01  9.98908e-01
 1.00060e+01  9.99790e-01  1.00015e+00
 1.00824e+01  1.00097e+00  1.00183e+00
 1.01518e+01  1.00153e+00  1.00334e+00
 1.02310e+01  1.00368e+00  1.00464e+00
 1.03052e+01  1.00588e+00  1.00517e+00
 1.03740e+01  1.00516e+00  1.00502e+00
 1.04435e+01  1.00408e+00  1.00438e+00
 1.05135e+01  1.00345e+00  1.00343e+00
 1.05893e+01  1.00247e+00  1.00229e+00
 1.06594e+01  1.00126e+00  1.00130e+00
 1.07282e+01  1.00043e+00  1.00047e+00
 1.07976e+01  1.00040e+00  9.99796e-01
 1.08677e+01  9.99160e-01  9.99291e-01
 1.09365e+01  9.98701e-01  9.98941e-01
 1.10060e+01  9.98682e-01  9.98710e-01
 1.10802e+01  9.98399e-01  9.98569e-01
 1.11518e+01  9.98387e-01  9.98509e-01
 1.12219e+01  9.98691e-01  9.98504e-01
 1.12907e+01  9.98295e-01  9.98535e-01
 1.13601e+01  9.98398e-01  9.98592e-01
 1.14302e+01  9.98165e-01  9.98666e-01
 1.15032e+01  9.98100e-01  9.98753e-01
