850
 9.71900e-03  1.00057e+00  9.99821e-01
 3.17510e-02  9.99775e-01  9.99823e-01
 5.34690e-02  1.00067e+00  9.99826e-01
 7.43090e-02  1.00023e+00  9.99828e-01
 9.63050e-02  1.00024e+00  9.99830e-01
 1.17363e-01  1.01066e+00  9.99832e-01
 1.37031e-01  1.00903e+00  9.99834e-01
 1.57191e-01  1.00658e+00  9.99836e-01
 1.76849e-01  1.00531e+00  9.99838e-01
 1.96979e-01  1.00460e+00  9.99840e-01
 2.15989e-01  1.00031e+00  9.99842e-01
 2.35869e-01  1.00428e+00  9.99844e-01
 2.54157e-01  1.00487e+00  9.99846e-01
 2.71513e-01  1.00301e+00  9.99848e-01
 2.88877e-01  1.00314e+00  9.99850e-01
 3.06465e-01  1.00219e+00  9.99851e-01
 3.23831e-01  1.00202e+00  9.99853e-01
 3.41201e-01  1.00121e+00  9.99855e-01
 3.58307e-01  1.00182e+00  9.99857e-01
 3.75683e-01  1.00064e+00  9.99859e-01
 3.93047e-01  1.00024e+00  9.99861e-01
 4.10635e-01  1.00069e+00  9.99863e-01
 4.29599e-01  1.00054e+00  9.99865e-01
 4.50677e-01  1.00020e+00  9.99867e-01
 4.67839e-01  9.99544e-01  9.99869e-01
 4.85165e-01  1.00049e+00  9.99871e-01
 5.03701e-01  9.99221e-01  9.99873e-01
 5.21513e-01  9.99480e-01  9.99875e-01
 5.40959e-01  9.99811e-01  9.99877e-01
 5.60875e-01  9.99712e-01  9.99879e-01
 5.78913e-01  9.98695e-01  9.99881e-01
 5.96507e-01  9.99562e-01  9.99883e-01
 6.13649e-01  9.99062e-01  9.99885e-01
 6.31015e-01  9.99747e-01  9.99887e-01
 6.49531e-01  9.98839e-01  9.99889e-01
 6.67333e-01  9.99635e-01  9.99891e-01
 6.84707e-01  9.99123e-01  9.99893e-01
 7.02762e-01  9.99878e-01  9.99895e-01
 7.23135e-01  9.99072e-01  9.99898e-01
 7.40501e-01  9.99218e-01  9.99900e-01
 7.57851e-01  9.99508e-01  9.99902e-01
 7.74987e-01  9.99609e-01  9.99904e-01
 7.95139e-01  9.99863e-01  9.99907e-01
 8.13183e-01  9.98887e-01  9.99909e-01
 8.31019e-01  9.99596e-01  9.99911e-01
 8.49743e-01  9.99007e-01  9.99913e-01
 8.67347e-01  9.99854e-01  9.99915e-01
 8.85169e-01  9.99743e-01  9.99918e-01
 9.03691e-01  9.99948e-01  9.99920e-01
 9.21517e-01  9.99702e-01  9.99922e-01
 9.40023e-01  9.99809e-01  9.99924e-01
 9.59729e-01  9.99585e-01  9.99927e-01
 9.79383e-01  1.00040e+00  9.99930e-01
 9.97207e-01  1.00040e+00  9.99932e-01
 1.01480e+00  1.00044e+00  9.99934e-01
 1.03218e+00  9.99569e-01  9.99936e-01
 1.04997e+00  9.99666e-01  9.99939e-01
 1.06852e+00  1.00010e+00  9.99941e-01
 1.08888e+00  1.00011e+00  9.99944e-01
 1.10668e+00  1.00042e+00  9.99946e-01
 1.12384e+00  1.00025e+00  9.99949e-01
 1.14234e+00  1.00092e+00  9.99951e-01
 1.16064e+00  1.00026e+00  9.99954e-01
 1.17800e+00  1.00044e+00  9.99956e-01
 1.19535e+00  9.99648e-01  9.99958e-01
 1.21248e+00  1.00087e+00  9.99961e-01
 1.22985e+00  9.99861e-01  9.99963e-01
 1.24721e+00  9.99684e-01  9.99965e-01
 1.26525e+00  1.00005e+00  9.99968e-01
 1.28795e+00  9.99792e-01  9.99971e-01
 1.30903e+00  9.99929e-01  9.99974e-01
 1.32939e+00  1.00071e+00  9.99977e-01
 1.34814e+00  9.99952e-01  9.99980e-01
 1.36550e+00  9.99751e-01  9.99982e-01
 1.38285e+00  1.00010e+00  9.99985e-01
 1.39998e+00  1.00024e+00  9.99987e-01
 1.41735e+00  9.99706e-01  9.99990e-01
 1.43589e+00  9.99904e-01  9.99992e-01
 1.45390e+00  1.00023e+00  9.99995e-01
 1.47199e+00  1.00060e+00  9.99998e-01
 1.49280e+00  1.00090e+00  1.00000e+00
 1.51133e+00  1.00031e+00  1.00000e+00
 1.52868e+00  1.00072e+00  1.00001e+00
 1.54632e+00  9.99534e-01  1.00001e+00
 1.56665e+00  9.99481e-01  1.00001e+00
 1.58400e+00  1.00115e+00  1.00001e+00
 1.60139e+00  1.00035e+00  1.00002e+00
 1.61898e+00  9.98135e-01  1.00002e+00
 1.63634e+00  1.00109e+00  1.00002e+00
 1.65464e+00  1.00500e+00  1.00003e+00
 1.67732e+00  9.99692e-01  1.00003e+00
 1.70025e+00  1.00027e+00  1.00003e+00
 1.72364e+00  9.99748e-01  1.00004e+00
 1.74678e+00  9.99651e-01  1.00004e+00
 1.77015e+00  9.99403e-01  1.00004e+00
 1.79309e+00  9.99099e-01  1.00005e+00
 1.81622e+00  9.99894e-01  1.00005e+00
 1.83937e+00  9.99437e-01  1.00005e+00
 1.86253e+00  9.98825e-01  1.00006e+00
 1.88567e+00  9.99686e-01  1.00006e+00
 1.91185e+00  9.99745e-01  1.00006e+00
 1.93960e+00  9.98931e-01  1.00007e+00
 1.96437e+00  1.00022e+00  1.00007e+00
 1.98960e+00  9.99447e-01  1.00008e+00
 2.01275e+00  9.98950e-01  1.00008e+00
 2.03614e+00  9.98628e-01  1.00008e+00
 2.06090e+00  1.00004e+00  1.00009e+00
 2.08474e+00  1.00002e+00  1.00009e+00
 2.10791e+00  1.00008e+00  1.00009e+00
 2.13103e+00  1.00028e+00  1.00010e+00
 2.15579e+00  1.00010e+00  1.00010e+00
 2.18057e+00  1.00020e+00  1.00010e+00
 2.20512e+00  9.99864e-01  1.00010e+00
 2.22849e+00  1.00119e+00  1.00011e+00
 2.25142e+00  9.99987e-01  1.00011e+00
 2.27456e+00  1.00009e+00  1.00011e+00
 2.29887e+00  9.99617e-01  1.00012e+00
 2.32666e+00  9.99762e-01  1.00012e+00
 2.35537e+00  1.00057e+00  1.00012e+00
 2.38428e+00  1.00025e+00  1.00012e+00
 2.41534e+00  9.99782e-01  1.00013e+00
 2.44425e+00  1.00028e+00  1.00013e+00
 2.47041e+00  9.99896e-01  1.00013e+00
 2.49888e+00  1.00029e+00  1.00013e+00
 2.52504e+00  1.00047e+00  1.00013e+00
 2.55095e+00  1.00016e+00  1.00013e+00
 2.57945e+00  1.00029e+00  1.00013e+00
 2.60583e+00  1.00004e+00  1.00013e+00
 2.63175e+00  9.99909e-01  1.00013e+00
 2.65837e+00  1.00055e+00  1.00013e+00
 2.68638e+00  1.00046e+00  1.00013e+00
 2.71254e+00  9.99540e-01  1.00013e+00
 2.73845e+00  1.00060e+00  1.00013e+00
 2.76417e+00  1.00027e+00  1.00012e+00
 2.79055e+00  9.99912e-01  1.00012e+00
 2.81670e+00  1.00048e+00  1.00012e+00
 2.84402e+00  1.00128e+00  1.00011e+00
 2.87110e+00  1.00011e+00  1.00011e+00
 2.90190e+00  1.00067e+00  1.00010e+00
 2.92826e+00  1.00134e+00  1.00009e+00
 2.95445e+00  1.00073e+00  1.00008e+00
 2.98083e+00  1.00057e+00  1.00007e+00
 3.01021e+00  1.00063e+00  1.00006e+00
 3.03777e+00  1.00013e+00  1.00005e+00
 3.06416e+00  1.00097e+00  1.00004e+00
 3.09009e+00  1.00097e+00  1.00002e+00
 3.11831e+00  1.00031e+00  1.00001e+00
 3.14659e+00  1.00113e+00  9.99987e-01
 3.17341e+00  1.00035e+00  9.99968e-01
 3.19959e+00  1.00015e+00  9.99948e-01
 3.23315e+00  1.00020e+00  9.99920e-01
 3.26325e+00  1.00050e+00  9.99892e-01
 3.29495e+00  1.00039e+00  9.99860e-01
 3.32181e+00  1.00088e+00  9.99830e-01
 3.35144e+00  1.00054e+00  9.99795e-01
 3.38268e+00  1.00189e+00  9.99755e-01
 3.41138e+00  1.00143e+00  9.99715e-01
 3.43916e+00  1.00190e+00  9.99673e-01
 3.46509e+00  1.00132e+00  9.99631e-01
 3.49124e+00  1.00078e+00  9.99587e-01
 3.51973e+00  1.00117e+00  9.99535e-01
 3.54586e+00  1.00072e+00  9.99484e-01
 3.57343e+00  1.00156e+00  9.99427e-01
 3.60304e+00  1.00042e+00  9.99363e-01
 3.62920e+00  1.00033e+00  9.99303e-01
 3.65513e+00  1.00038e+00  9.99240e-01
 3.68082e+00  9.99856e-01  9.99175e-01
 3.70863e+00  1.00014e+00  9.99101e-01
 3.73591e+00  9.99856e-01  9.99025e-01
 3.76209e+00  9.99146e-01  9.98950e-01
 3.79054e+00  9.99959e-01  9.98865e-01
 3.81671e+00  1.00009e+00  9.98785e-01
 3.84520e+00  9.99725e-01  9.98695e-01
 3.87389e+00  9.99944e-01  9.98603e-01
 3.90004e+00  9.99080e-01  9.98518e-01
 3.92596e+00  9.99492e-01  9.98434e-01
 3.95307e+00  9.98278e-01  9.98346e-01
 3.98175e+00  9.98430e-01  9.98255e-01
 4.00931e+00  9.98049e-01  9.98170e-01
 4.03776e+00  9.98085e-01  9.98086e-01
 4.06417e+00  9.97652e-01  9.98014e-01
 4.09009e+00  9.97175e-01  9.97950e-01
 4.11716e+00  9.97304e-01  9.97892e-01
 4.14474e+00  9.96683e-01  9.97844e-01
 4.17086e+00  9.97236e-01  9.97812e-01
 4.19681e+00  9.96087e-01  9.97794e-01
 4.22250e+00  9.96206e-01  9.97792e-01
 4.24889e+00  9.95708e-01  9.97809e-01
 4.27505e+00  9.96742e-01  9.97848e-01
 4.30096e+00  9.95702e-01  9.97910e-01
 4.32668e+00  9.95322e-01  9.97996e-01
 4.35305e+00  9.95594e-01  9.98113e-01
 4.38176e+00  9.95120e-01  9.98275e-01
 4.41000e+00  9.96298e-01  9.98472e-01
 4.44335e+00  9.96283e-01  9.98754e-01
 4.47643e+00  9.97275e-01  9.99088e-01
 4.50745e+00  9.97408e-01  9.99449e-01
 4.54240e+00  9.98978e-01  9.99908e-01
 4.57737e+00  9.99296e-01  1.00042e+00
 4.60605e+00  1.00087e+00  1.00087e+00
 4.63431e+00  1.00211e+00  1.00133e+00
 4.66139e+00  1.00215e+00  1.00179e+00
 4.69079e+00  1.00334e+00  1.00230e+00
 4.71764e+00  1.00275e+00  1.00276e+00
 4.74333e+00  1.00308e+00  1.00319e+00
 4.76974e+00  1.00399e+00  1.00361e+00
 4.79586e+00  1.00526e+00  1.00401e+00
 4.82181e+00  1.00626e+00  1.00438e+00
 4.84819e+00  1.00625e+00  1.00472e+00
 4.87667e+00  1.00676e+00  1.00503e+00
 4.90306e+00  1.00607e+00  1.00528e+00
 4.93315e+00  1.00634e+00  1.00550e+00
 4.95860e+00  1.01452e+00  1.00563e+00
 4.97804e+00  1.00661e+00  1.00570e+00
 4.99841e+00  1.00544e+00  1.00575e+00
 5.01785e+00  1.00798e+00  1.00576e+00
 5.03683e+00  1.00638e+00  1.00575e+00
 5.05582e+00  1.00544e+00  1.00571e+00
 5.07480e+00  1.00667e+00  1.00565e+00
 5.09356e+00  1.00637e+00  1.00557e+00
 5.11252e+00  1.00596e+00  1.00546e+00
 5.13174e+00  1.00596e+00  1.00534e+00
 5.15397e+00  1.00572e+00  1.00518e+00
 5.17318e+00  1.00454e+00  1.00502e+00
 5.19215e+00  1.00548e+00  1.00485e+00
 5.21277e+00  1.00333e+00  1.00466e+00
 5.23244e+00  1.00477e+00  1.00446e+00
 5.25835e+00  1.00428e+00  1.00419e+00
 5.28106e+00  1.00432e+00  1.00395e+00
 5.30003e+00  1.00374e+00  1.00375e+00
 5.31901e+00  1.00345e+00  1.00354e+00
 5.33777e+00  1.00276e+00  1.00333e+00
 5.35814e+00  1.00234e+00  1.00311e+00
 5.37757e+00  1.00270e+00  1.00290e+00
 5.39655e+00  1.00203e+00  1.00270e+00
 5.41556e+00  1.00337e+00  1.00250e+00
 5.43453e+00  1.00293e+00  1.00231e+00
 5.45350e+00  1.00267e+00  1.00212e+00
 5.47250e+00  1.00190e+00  1.00194e+00
 5.49147e+00  1.00182e+00  1.00176e+00
 5.51024e+00  1.00220e+00  1.00159e+00
 5.52919e+00  1.00199e+00  1.00143e+00
 5.55028e+00  1.00089e+00  1.00126e+00
 5.57087e+00  1.00203e+00  1.00110e+00
 5.59077e+00  1.00011e+00  1.00095e+00
 5.61070e+00  1.00061e+00  1.00081e+00
 5.62944e+00  1.00048e+00  1.00068e+00
 5.64841e+00  1.00038e+00  1.00056e+00
 5.66879e+00  1.00029e+00  1.00044e+00
 5.68986e+00  1.00023e+00  1.00032e+00
 5.70905e+00  1.00083e+00  1.00022e+00
 5.72806e+00  9.99491e-01  1.00013e+00
 5.74703e+00  1.00011e+00  1.00004e+00
 5.76763e+00  9.99910e-01  9.99955e-01
 5.78684e+00  1.00036e+00  9.99878e-01
 5.80583e+00  9.99171e-01  9.99808e-01
 5.82482e+00  9.99687e-01  9.99742e-01
 5.84889e+00  9.99903e-01  9.99666e-01
 5.87017e+00  9.99321e-01  9.99605e-01
 5.89101e+00  9.99656e-01  9.99550e-01
 5.91000e+00  9.99810e-01  9.99504e-01
 5.92897e+00  9.98407e-01  9.99462e-01
 5.94913e+00  9.99512e-01  9.99421e-01
 5.97134e+00  9.99373e-01  9.99380e-01
 5.99147e+00  9.99372e-01  9.99347e-01
 6.01140e+00  9.99899e-01  9.99317e-01
 6.03106e+00  9.99678e-01  9.99291e-01
 6.05073e+00  9.99519e-01  9.99267e-01
 6.07088e+00  9.99421e-01  9.99245e-01
 6.09310e+00  9.99863e-01  9.99225e-01
 6.11461e+00  9.99065e-01  9.99207e-01
 6.13824e+00  9.99675e-01  9.99191e-01
 6.15814e+00  9.99290e-01  9.99179e-01
 6.17690e+00  9.99151e-01  9.99169e-01
 6.19839e+00  9.99006e-01  9.99160e-01
 6.22410e+00  9.98878e-01  9.99152e-01
 6.24793e+00  9.98269e-01  9.99146e-01
 6.27317e+00  9.98881e-01  9.99141e-01
 6.29563e+00  9.99940e-01  9.99139e-01
 6.32155e+00  9.99519e-01  9.99138e-01
 6.34958e+00  9.99534e-01  9.99138e-01
 6.37389e+00  9.99578e-01  9.99140e-01
 6.39890e+00  9.99705e-01  9.99143e-01
 6.41926e+00  9.99809e-01  9.99146e-01
 6.43823e+00  1.00033e+00  9.99150e-01
 6.45722e+00  9.98695e-01  9.99154e-01
 6.47621e+00  9.99229e-01  9.99158e-01
 6.49518e+00  1.00003e+00  9.99163e-01
 6.51416e+00  1.00045e+00  9.99168e-01
 6.53315e+00  9.99495e-01  9.99174e-01
 6.55191e+00  9.98998e-01  9.99179e-01
 6.57250e+00  1.00035e+00  9.99186e-01
 6.59170e+00  9.99462e-01  9.99192e-01
 6.61070e+00  9.99368e-01  9.99199e-01
 6.62944e+00  9.99303e-01  9.99205e-01
 6.65028e+00  1.00033e+00  9.99213e-01
 6.66926e+00  9.98182e-01  9.99220e-01
 6.68916e+00  9.99266e-01  9.99227e-01
 6.71093e+00  1.00007e+00  9.99235e-01
 6.72990e+00  9.99365e-01  9.99242e-01
 6.74889e+00  9.97883e-01  9.99250e-01
 6.76857e+00  9.99912e-01  9.99257e-01
 6.79010e+00  9.99715e-01  9.99266e-01
 6.80954e+00  9.99243e-01  9.99273e-01
 6.82850e+00  9.99825e-01  9.99281e-01
 6.84751e+00  9.99282e-01  9.99288e-01
 6.86648e+00  1.00059e+00  9.99296e-01
 6.88685e+00  9.99418e-01  9.99303e-01
 6.90607e+00  1.00088e+00  9.99311e-01
 6.92622e+00  9.99735e-01  9.99319e-01
 6.94587e+00  9.98882e-01  9.99326e-01
 6.96487e+00  1.00084e+00  9.99333e-01
 6.98363e+00  9.99867e-01  9.99340e-01
 7.00258e+00  9.98946e-01  9.99348e-01
 7.02158e+00  1.00010e+00  9.99355e-01
 7.04057e+00  9.98557e-01  9.99362e-01
 7.06025e+00  9.98891e-01  9.99369e-01
 7.08037e+00  1.00005e+00  9.99376e-01
 7.10030e+00  9.98239e-01  9.99383e-01
 7.12158e+00  9.99833e-01  9.99391e-01
 7.14194e+00  9.99081e-01  9.99398e-01
 7.16186e+00  9.99399e-01  9.99405e-01
 7.18084e+00  9.99199e-01  9.99411e-01
 7.20051e+00  9.99912e-01  9.99418e-01
 7.22065e+00  9.99155e-01  9.99424e-01
 7.23942e+00  9.99151e-01  9.99431e-01
 7.25884e+00  9.99922e-01  9.99437e-01
 7.27921e+00  9.98574e-01  9.99443e-01
 7.29820e+00  9.98525e-01  9.99449e-01
 7.31695e+00  9.98970e-01  9.99455e-01
 7.33733e+00  1.00122e+00  9.99461e-01
 7.36023e+00  9.98817e-01  9.99468e-01
 7.38590e+00  9.99220e-01  9.99476e-01
 7.41184e+00  9.98897e-01  9.99483e-01
 7.44030e+00  9.99058e-01  9.99491e-01
 7.46669e+00  9.99158e-01  9.99499e-01
 7.49240e+00  9.99977e-01  9.99506e-01
 7.51878e+00  9.98747e-01  9.99513e-01
 7.54749e+00  9.99445e-01  9.99520e-01
 7.57340e+00  1.00073e+00  9.99527e-01
 7.60212e+00  9.99506e-01  9.99534e-01
 7.62850e+00  9.99704e-01  9.99540e-01
 7.65535e+00  9.98495e-01  9.99547e-01
 7.68267e+00  9.99097e-01  9.99553e-01
 7.70929e+00  9.99664e-01  9.99559e-01
 7.73753e+00  1.00005e+00  9.99565e-01
 7.76322e+00  1.00021e+00  9.99571e-01
 7.78962e+00  9.99652e-01  9.99577e-01
 7.81600e+00  9.99679e-01  9.99582e-01
 7.84308e+00  9.99909e-01  9.99588e-01
 7.87040e+00  9.99506e-01  9.99593e-01
 7.89934e+00  9.99202e-01  9.99599e-01
 7.92503e+00  9.99406e-01  9.99604e-01
 7.95073e+00  9.99263e-01  9.99608e-01
 7.97712e+00  9.99574e-01  9.99613e-01
 8.00351e+00  9.99372e-01  9.99618e-01
 8.02919e+00  9.99863e-01  9.99623e-01
 8.05490e+00  9.98689e-01  9.99627e-01
 8.08268e+00  9.99723e-01  9.99632e-01
 8.11113e+00  9.99711e-01  9.99636e-01
 8.13823e+00  9.99636e-01  9.99641e-01
 8.16461e+00  1.00064e+00  9.99645e-01
 8.19240e+00  9.99421e-01  9.99649e-01
 8.22155e+00  9.99951e-01  9.99654e-01
 8.24795e+00  9.99397e-01  9.99658e-01
 8.27434e+00  9.99555e-01  9.99662e-01
 8.30002e+00  9.99497e-01  9.99666e-01
 8.32573e+00  9.99563e-01  9.99669e-01
 8.35211e+00  9.98741e-01  9.99673e-01
 8.38083e+00  9.99956e-01  9.99677e-01
 8.40673e+00  9.99978e-01  9.99680e-01
 8.43267e+00  9.99672e-01  9.99684e-01
 8.46115e+00  9.98615e-01  9.99688e-01
 8.48752e+00  9.99286e-01  9.99691e-01
 8.51324e+00  9.99527e-01  9.99694e-01
 8.53961e+00  9.99964e-01  9.99698e-01
 8.56833e+00  9.99462e-01  9.99701e-01
 8.59702e+00  9.99900e-01  9.99705e-01
 8.62736e+00  9.99829e-01  9.99708e-01
 8.65420e+00  9.99536e-01  9.99712e-01
 8.68104e+00  1.00063e+00  9.99715e-01
 8.71070e+00  1.00022e+00  9.99718e-01
 8.74054e+00  9.99848e-01  9.99722e-01
 8.77320e+00  1.00016e+00  9.99725e-01
 8.80537e+00  9.99094e-01  9.99729e-01
 8.83915e+00  9.99915e-01  9.99733e-01
 8.87111e+00  1.00002e+00  9.99736e-01
 8.90096e+00  1.00069e+00  9.99739e-01
 8.93059e+00  1.00092e+00  9.99742e-01
 8.95608e+00  1.00016e+00  9.99745e-01
 8.97691e+00  9.98233e-01  9.99747e-01
 8.99775e+00  9.98680e-01  9.99749e-01
 9.01858e+00  9.99392e-01  9.99751e-01
 9.03941e+00  9.99102e-01  9.99754e-01
 9.06049e+00  9.99478e-01  9.99756e-01
 9.08502e+00  9.98421e-01  9.99758e-01
 9.10607e+00  9.99037e-01  9.99760e-01
 9.12692e+00  9.99683e-01  9.99763e-01
 9.14797e+00  1.00053e+00  9.99765e-01
 9.17066e+00  1.00040e+00  9.99767e-01
 9.19151e+00  1.00061e+00  9.99769e-01
 9.21233e+00  1.00013e+00  9.99771e-01
 9.23316e+00  9.99987e-01  9.99773e-01
 9.25401e+00  9.99723e-01  9.99775e-01
 9.27483e+00  9.99609e-01  9.99777e-01
 9.29681e+00  1.00035e+00  9.99779e-01
 9.32021e+00  1.00057e+00  9.99782e-01
 9.34150e+00  1.00017e+00  9.99784e-01
 9.36233e+00  1.00064e+00  9.99786e-01
 9.38317e+00  1.00056e+00  9.99788e-01
 9.40400e+00  1.00047e+00  9.99790e-01
 9.42483e+00  1.00081e+00  9.99792e-01
 9.44567e+00  1.00136e+00  9.99794e-01
 9.46650e+00  1.00026e+00  9.99796e-01
 9.48733e+00  1.00111e+00  9.99798e-01
 9.50841e+00  9.99903e-01  9.99800e-01
 9.53108e+00  1.00069e+00  9.99802e-01
 9.55192e+00  1.00092e+00  9.99804e-01
 9.57274e+00  1.00093e+00  9.99806e-01
 9.59358e+00  1.00043e+00  9.99808e-01
 9.61442e+00  9.99453e-01  9.99810e-01
 9.63570e+00  1.00032e+00  9.99813e-01
 9.65816e+00  1.00037e+00  9.99815e-01
 9.67901e+00  1.00053e+00  9.99817e-01
 9.69982e+00  9.99847e-01  9.99819e-01
 9.72274e+00  1.00057e+00  9.99821e-01
 9.74477e+00  9.99775e-01  9.99823e-01
 9.76649e+00  1.00067e+00  9.99826e-01
 9.78733e+00  1.00023e+00  9.99828e-01
 9.80932e+00  1.00024e+00  9.99830e-01
 9.83038e+00  1.01066e+00  9.99832e-01
 9.85005e+00  1.00903e+00  9.99834e-01
 9.87021e+00  1.00658e+00  9.99836e-01
 9.88987e+00  1.00531e+00  9.99838e-01
 9.91000e+00  1.00460e+00  9.99840e-01
 9.92901e+00  1.00031e+00  9.99842e-01
 9.94889e+00  1.00428e+00  9.99844e-01
 9.96718e+00  1.00487e+00  9.99846e-01
 9.98453e+00  1.00301e+00  9.99848e-01
 1.00019e+01  1.00314e+00  9.99850e-01
 1.00195e+01  1.00219e+00  9.99851e-01
 1.00368e+01  1.00202e+00  9.99853e-01
 1.00542e+01  1.00121e+00  9.99855e-01
 1.00713e+01  1.00182e+00  9.99857e-01
 1.00887e+01  1.00064e+00  9.99859e-01
 1.01061e+01  1.00024e+00  9.99861e-01
 1.01237e+01  1.00069e+00  9.99863e-01
 1.01426e+01  1.00054e+00  9.99865e-01
 1.01637e+01  1.00020e+00  9.99867e-01
 1.01809e+01  9.99544e-01  9.99869e-01
 1.01982e+01  1.00049e+00  9.99871e-01
 1.02167e+01  9.99221e-01  9.99873e-01
 1.02345e+01  9.99480e-01  9.99875e-01
 1.02540e+01  9.99811e-01  9.99877e-01
 1.02739e+01  9.99712e-01  9.99879e-01
 1.02919e+01  9.98695e-01  9.99881e-01
 1.03095e+01  9.99562e-01  9.99883e-01
 1.03267e+01  9.99062e-01  9.99885e-01
 1.03440e+01  9.99747e-01  9.99887e-01
 1.03626e+01  9.98839e-01  9.99889e-01
 1.03804e+01  9.99635e-01  9.99891e-01
 1.03977e+01  9.99123e-01  9.99893e-01
 1.04158e+01  9.99878e-01  9.99895e-01
 1.04362e+01  9.99072e-01  9.99898e-01
 1.04535e+01  9.99218e-01  9.99900e-01
 1.04709e+01  9.99508e-01  9.99902e-01
 1.04880e+01  9.99609e-01  9.99904e-01
 1.05082e+01  9.99863e-01  9.99907e-01
 1.05262e+01  9.98887e-01  9.99909e-01
 1.05440e+01  9.99596e-01  9.99911e-01
 1.05628e+01  9.99007e-01  9.99913e-01
 1.05804e+01  9.99854e-01  9.99915e-01
 1.05982e+01  9.99743e-01  9.99918e-01
 1.06167e+01  9.99948e-01  9.99920e-01
 1.06345e+01  9.99702e-01  9.99922e-01
 1.06530e+01  9.99809e-01  9.99924e-01
 1.06727e+01  9.99585e-01  9.99927e-01
 1.06924e+01  1.00040e+00  9.99930e-01
 1.07102e+01  1.00040e+00  9.99932e-01
 1.07278e+01  1.00044e+00  9.99934e-01
 1.07452e+01  9.99569e-01  9.99936e-01
 1.07630e+01  9.99666e-01  9.99939e-01
 1.07815e+01  1.00010e+00  9.99941e-01
 1.08019e+01  1.00011e+00  9.99944e-01
 1.08197e+01  1.00042e+00  9.99946e-01
 1.08369e+01  1.00025e+00  9.99949e-01
 1.08554e+01  1.00092e+00  9.99951e-01
 1.08737e+01  1.00026e+00  9.99954e-01
 1.08910e+01  1.00044e+00  9.99956e-01
 1.09084e+01  9.99648e-01  9.99958e-01
 1.09255e+01  1.00087e+00  9.99961e-01
 1.09429e+01  9.99861e-01  9.99963e-01
 1.09602e+01  9.99684e-01  9.99965e-01
 1.09783e+01  1.00005e+00  9.99968e-01
 1.10010e+01  9.99792e-01  9.99971e-01
 1.10221e+01  9.99929e-01  9.99974e-01
 1.10424e+01  1.00071e+00  9.99977e-01
 1.10612e+01  9.99952e-01  9.99980e-01
 1.10785e+01  9.99751e-01  9.99982e-01
 1.10959e+01  1.00010e+00  9.99985e-01
 1.11130e+01  1.00024e+00  9.99987e-01
 1.11304e+01  9.99706e-01  9.99990e-01
 1.11489e+01  9.99904e-01  9.99992e-01
 1.11669e+01  1.00023e+00  9.99995e-01
 1.11850e+01  1.00060e+00  9.99998e-01
 1.12058e+01  1.00090e+00  1.00000e+00
 1.12243e+01  1.00031e+00  1.00000e+00
 1.12417e+01  1.00072e+00  1.00001e+00
 1.12593e+01  9.99534e-01  1.00001e+00
 1.12797e+01  9.99481e-01  1.00001e+00
 1.12970e+01  1.00115e+00  1.00001e+00
 1.13144e+01  1.00035e+00  1.00002e+00
 1.13320e+01  9.98135e-01  1.00002e+00
 1.13494e+01  1.00109e+00  1.00002e+00
 1.13677e+01  1.00500e+00  1.00003e+00
 1.13903e+01  9.99692e-01  1.00003e+00
 1.14133e+01  1.00027e+00  1.00003e+00
 1.14367e+01  9.99748e-01  1.00004e+00
 1.14598e+01  9.99651e-01  1.00004e+00
 1.14832e+01  9.99403e-01  1.00004e+00
 1.15061e+01  9.99099e-01  1.00005e+00
 1.15292e+01  9.99894e-01  1.00005e+00
 1.15524e+01  9.99437e-01  1.00005e+00
 1.15756e+01  9.98825e-01  1.00006e+00
 1.15987e+01  9.99686e-01  1.00006e+00
 1.16249e+01  9.99745e-01  1.00006e+00
 1.16526e+01  9.98931e-01  1.00007e+00
 1.16774e+01  1.00022e+00  1.00007e+00
 1.17026e+01  9.99447e-01  1.00008e+00
 1.17258e+01  9.98950e-01  1.00008e+00
 1.17492e+01  9.98628e-01  1.00008e+00
 1.17739e+01  1.00004e+00  1.00009e+00
 1.17978e+01  1.00002e+00  1.00009e+00
 1.18209e+01  1.00008e+00  1.00009e+00
 1.18441e+01  1.00028e+00  1.00010e+00
 1.18688e+01  1.00010e+00  1.00010e+00
 1.18936e+01  1.00020e+00  1.00010e+00
 1.19181e+01  9.99864e-01  1.00010e+00
 1.19415e+01  1.00119e+00  1.00011e+00
 1.19644e+01  9.99987e-01  1.00011e+00
 1.19876e+01  1.00009e+00  1.00011e+00
 1.20119e+01  9.99617e-01  1.00012e+00
 1.20397e+01  9.99762e-01  1.00012e+00
 1.20684e+01  1.00057e+00  1.00012e+00
 1.20973e+01  1.00025e+00  1.00012e+00
 1.21284e+01  9.99782e-01  1.00013e+00
 1.21573e+01  1.00028e+00  1.00013e+00
 1.21834e+01  9.99896e-01  1.00013e+00
 1.22119e+01  1.00029e+00  1.00013e+00
 1.22381e+01  1.00047e+00  1.00013e+00
 1.22640e+01  1.00016e+00  1.00013e+00
 1.22925e+01  1.00029e+00  1.00013e+00
 1.23189e+01  1.00004e+00  1.00013e+00
 1.23448e+01  9.99909e-01  1.00013e+00
 1.23714e+01  1.00055e+00  1.00013e+00
 1.23994e+01  1.00046e+00  1.00013e+00
 1.24256e+01  9.99540e-01  1.00013e+00
 1.24515e+01  1.00060e+00  1.00013e+00
 1.24772e+01  1.00027e+00  1.00012e+00
 1.25036e+01  9.99912e-01  1.00012e+00
 1.25297e+01  1.00048e+00  1.00012e+00
 1.25570e+01  1.00128e+00  1.00011e+00
 1.25841e+01  1.00011e+00  1.00011e+00
 1.26149e+01  1.00067e+00  1.00010e+00
 1.26413e+01  1.00134e+00  1.00009e+00
 1.26675e+01  1.00073e+00  1.00008e+00
 1.26939e+01  1.00057e+00  1.00007e+00
 1.27232e+01  1.00063e+00  1.00006e+00
 1.27508e+01  1.00013e+00  1.00005e+00
 1.27772e+01  1.00097e+00  1.00004e+00
 1.28031e+01  1.00097e+00  1.00002e+00
 1.28313e+01  1.00031e+00  1.00001e+00
 1.28596e+01  1.00113e+00  9.99987e-01
 1.28864e+01  1.00035e+00  9.99968e-01
 1.29126e+01  1.00015e+00  9.99948e-01
 1.29462e+01  1.00020e+00  9.99920e-01
 1.29763e+01  1.00050e+00  9.99892e-01
 1.30080e+01  1.00039e+00  9.99860e-01
 1.30348e+01  1.00088e+00  9.99830e-01
 1.30645e+01  1.00054e+00  9.99795e-01
 1.30957e+01  1.00189e+00  9.99755e-01
 1.31244e+01  1.00143e+00  9.99715e-01
 1.31522e+01  1.00190e+00  9.99673e-01
 1.31781e+01  1.00132e+00  9.99631e-01
 1.32043e+01  1.00078e+00  9.99587e-01
 1.32328e+01  1.00117e+00  9.99535e-01
 1.32589e+01  1.00072e+00  9.99484e-01
 1.32864e+01  1.00156e+00  9.99427e-01
 1.33161e+01  1.00042e+00  9.99363e-01
 1.33422e+01  1.00033e+00  9.99303e-01
 1.33681e+01  1.00038e+00  9.99240e-01
 1.33938e+01  9.99856e-01  9.99175e-01
 1.34216e+01  1.00014e+00  9.99101e-01
 1.34489e+01  9.99856e-01  9.99025e-01
 1.34751e+01  9.99146e-01  9.98950e-01
 1.35036e+01  9.99959e-01  9.98865e-01
 1.35297e+01  1.00009e+00  9.98785e-01
 1.35582e+01  9.99725e-01  9.98695e-01
 1.35869e+01  9.99944e-01  9.98603e-01
 1.36131e+01  9.99080e-01  9.98518e-01
 1.36390e+01  9.99492e-01  9.98434e-01
 1.36661e+01  9.98278e-01  9.98346e-01
 1.36948e+01  9.98430e-01  9.98255e-01
 1.37223e+01  9.98049e-01  9.98170e-01
 1.37508e+01  9.98085e-01  9.98086e-01
 1.37772e+01  9.97652e-01  9.98014e-01
 1.38031e+01  9.97175e-01  9.97950e-01
 1.38302e+01  9.97304e-01  9.97892e-01
 1.38578e+01  9.96683e-01  9.97844e-01
 1.38839e+01  9.97236e-01  9.97812e-01
 1.39098e+01  9.96087e-01  9.97794e-01
 1.39355e+01  9.96206e-01  9.97792e-01
 1.39619e+01  9.95708e-01  9.97809e-01
 1.39881e+01  9.96742e-01  9.97848e-01
 1.40140e+01  9.95702e-01  9.97910e-01
 1.40397e+01  9.95322e-01  9.97996e-01
 1.40661e+01  9.95594e-01  9.98113e-01
 1.40948e+01  9.95120e-01  9.98276e-01
 1.41230e+01  9.96298e-01  9.98472e-01
 1.41564e+01  9.96283e-01  9.98754e-01
 1.41894e+01  9.97275e-01  9.99088e-01
 1.42205e+01  9.97408e-01  9.99449e-01
 1.42554e+01  9.98978e-01  9.99908e-01
 1.42904e+01  9.99296e-01  1.00042e+00
 1.43191e+01  1.00087e+00  1.00087e+00
 1.43473e+01  1.00211e+00  1.00133e+00
 1.43744e+01  1.00215e+00  1.00179e+00
 1.44038e+01  1.00334e+00  1.00230e+00
 1.44307e+01  1.00275e+00  1.00276e+00
 1.44564e+01  1.00308e+00  1.00319e+00
 1.44828e+01  1.00399e+00  1.00361e+00
 1.45089e+01  1.00526e+00  1.00401e+00
 1.45348e+01  1.00626e+00  1.00438e+00
 1.45612e+01  1.00625e+00  1.00472e+00
 1.45897e+01  1.00676e+00  1.00503e+00
 1.46161e+01  1.00607e+00  1.00528e+00
 1.46462e+01  1.00634e+00  1.00550e+00
 1.46716e+01  1.01452e+00  1.00563e+00
 1.46911e+01  1.00661e+00  1.00570e+00
 1.47114e+01  1.00544e+00  1.00575e+00
 1.47309e+01  1.00798e+00  1.00576e+00
 1.47498e+01  1.00638e+00  1.00575e+00
 1.47688e+01  1.00544e+00  1.00571e+00
 1.47878e+01  1.00667e+00  1.00565e+00
 1.48066e+01  1.00637e+00  1.00557e+00
 1.48255e+01  1.00596e+00  1.00546e+00
 1.48448e+01  1.00596e+00  1.00534e+00
 1.48670e+01  1.00572e+00  1.00518e+00
 1.48862e+01  1.00454e+00  1.00502e+00
 1.49052e+01  1.00548e+00  1.00485e+00
 1.49258e+01  1.00333e+00  1.00466e+00
 1.49455e+01  1.00477e+00  1.00446e+00
 1.49714e+01  1.00428e+00  1.00419e+00
 1.49941e+01  1.00432e+00  1.00395e+00
 1.50130e+01  1.00374e+00  1.00375e+00
 1.50320e+01  1.00345e+00  1.00354e+00
 1.50508e+01  1.00276e+00  1.00333e+00
 1.50712e+01  1.00234e+00  1.00311e+00
 1.50906e+01  1.00270e+00  1.00290e+00
 1.51096e+01  1.00203e+00  1.00270e+00
 1.51286e+01  1.00337e+00  1.00250e+00
 1.51476e+01  1.00293e+00  1.00231e+00
 1.51665e+01  1.00267e+00  1.00212e+00
 1.51855e+01  1.00190e+00  1.00194e+00
 1.52045e+01  1.00182e+00  1.00176e+00
 1.52233e+01  1.00220e+00  1.00159e+00
 1.52422e+01  1.00199e+00  1.00143e+00
 1.52633e+01  1.00089e+00  1.00126e+00
 1.52839e+01  1.00203e+00  1.00110e+00
 1.53038e+01  1.00011e+00  1.00095e+00
 1.53237e+01  1.00061e+00  1.00081e+00
 1.53425e+01  1.00048e+00  1.00068e+00
 1.53614e+01  1.00038e+00  1.00056e+00
 1.53818e+01  1.00029e+00  1.00044e+00
 1.54029e+01  1.00023e+00  1.00032e+00
 1.54221e+01  1.00083e+00  1.00022e+00
 1.54411e+01  9.99491e-01  1.00013e+00
 1.54601e+01  1.00011e+00  1.00004e+00
 1.54806e+01  9.99910e-01  9.99955e-01
 1.54999e+01  1.00036e+00  9.99878e-01
 1.55188e+01  9.99171e-01  9.99808e-01
 1.55378e+01  9.99687e-01  9.99742e-01
 1.55619e+01  9.99903e-01  9.99666e-01
 1.55832e+01  9.99321e-01  9.99605e-01
 1.56040e+01  9.99656e-01  9.99550e-01
 1.56230e+01  9.99810e-01  9.99504e-01
 1.56420e+01  9.98407e-01  9.99462e-01
 1.56621e+01  9.99512e-01  9.99421e-01
 1.56844e+01  9.99373e-01  9.99380e-01
 1.57045e+01  9.99372e-01  9.99347e-01
 1.57244e+01  9.99899e-01  9.99317e-01
 1.57441e+01  9.99678e-01  9.99291e-01
 1.57637e+01  9.99519e-01  9.99267e-01
 1.57839e+01  9.99421e-01  9.99245e-01
 1.58061e+01  9.99863e-01  9.99225e-01
 1.58276e+01  9.99065e-01  9.99207e-01
 1.58513e+01  9.99675e-01  9.99191e-01
 1.58712e+01  9.99290e-01  9.99179e-01
 1.58899e+01  9.99151e-01  9.99169e-01
 1.59114e+01  9.99006e-01  9.99160e-01
 1.59371e+01  9.98878e-01  9.99152e-01
 1.59609e+01  9.98269e-01  9.99146e-01
 1.59862e+01  9.98881e-01  9.99141e-01
 1.60086e+01  9.99940e-01  9.99139e-01
 1.60346e+01  9.99519e-01  9.99138e-01
 1.60626e+01  9.99534e-01  9.99138e-01
 1.60869e+01  9.99578e-01  9.99140e-01
 1.61119e+01  9.99705e-01  9.99143e-01
 1.61323e+01  9.99809e-01  9.99146e-01
 1.61512e+01  1.00033e+00  9.99150e-01
 1.61702e+01  9.98695e-01  9.99154e-01
 1.61892e+01  9.99229e-01  9.99158e-01
 1.62082e+01  1.00003e+00  9.99163e-01
 1.62272e+01  1.00045e+00  9.99168e-01
 1.62462e+01  9.99495e-01  9.99174e-01
 1.62649e+01  9.98998e-01  9.99179e-01
 1.62855e+01  1.00035e+00  9.99186e-01
 1.63047e+01  9.99462e-01  9.99192e-01
 1.63237e+01  9.99368e-01  9.99199e-01
 1.63425e+01  9.99303e-01  9.99205e-01
 1.63633e+01  1.00033e+00  9.99213e-01
 1.63823e+01  9.98182e-01  9.99220e-01
 1.64022e+01  9.99266e-01  9.99227e-01
 1.64240e+01  1.00007e+00  9.99235e-01
 1.64429e+01  9.99365e-01  9.99242e-01
 1.64619e+01  9.97883e-01  9.99250e-01
 1.64816e+01  9.99912e-01  9.99257e-01
 1.65031e+01  9.99715e-01  9.99266e-01
 1.65226e+01  9.99243e-01  9.99273e-01
 1.65415e+01  9.99825e-01  9.99281e-01
 1.65605e+01  9.99282e-01  9.99288e-01
 1.65795e+01  1.00059e+00  9.99296e-01
 1.65999e+01  9.99418e-01  9.99303e-01
 1.66191e+01  1.00088e+00  9.99311e-01
 1.66392e+01  9.99735e-01  9.99319e-01
 1.66589e+01  9.98882e-01  9.99326e-01
 1.66779e+01  1.00084e+00  9.99333e-01
 1.66966e+01  9.99867e-01  9.99340e-01
 1.67156e+01  9.98946e-01  9.99348e-01
 1.67346e+01  1.00010e+00  9.99355e-01
 1.67536e+01  9.98557e-01  9.99362e-01
 1.67733e+01  9.98891e-01  9.99369e-01
 1.67934e+01  1.00005e+00  9.99376e-01
 1.68133e+01  9.98239e-01  9.99383e-01
 1.68346e+01  9.99833e-01  9.99391e-01
 1.68550e+01  9.99081e-01  9.99398e-01
 1.68749e+01  9.99399e-01  9.99405e-01
 1.68939e+01  9.99199e-01  9.99411e-01
 1.69135e+01  9.99912e-01  9.99418e-01
 1.69337e+01  9.99155e-01  9.99424e-01
 1.69524e+01  9.99151e-01  9.99431e-01
 1.69719e+01  9.99922e-01  9.99437e-01
 1.69922e+01  9.98574e-01  9.99443e-01
 1.70112e+01  9.98525e-01  9.99449e-01
 1.70300e+01  9.98970e-01  9.99455e-01
 1.70504e+01  1.00122e+00  9.99461e-01
 1.70733e+01  9.98817e-01  9.99468e-01
 1.70989e+01  9.99220e-01  9.99476e-01
 1.71249e+01  9.98897e-01  9.99483e-01
 1.71533e+01  9.99058e-01  9.99491e-01
 1.71797e+01  9.99158e-01  9.99499e-01
 1.72054e+01  9.99977e-01  9.99506e-01
 1.72318e+01  9.98747e-01  9.99513e-01
 1.72605e+01  9.99445e-01  9.99520e-01
 1.72864e+01  1.00073e+00  9.99527e-01
 1.73151e+01  9.99506e-01  9.99534e-01
 1.73415e+01  9.99704e-01  9.99540e-01
 1.73684e+01  9.98495e-01  9.99547e-01
 1.73957e+01  9.99097e-01  9.99553e-01
 1.74223e+01  9.99664e-01  9.99559e-01
 1.74506e+01  1.00005e+00  9.99565e-01
 1.74762e+01  1.00021e+00  9.99571e-01
 1.75026e+01  9.99652e-01  9.99577e-01
 1.75290e+01  9.99679e-01  9.99582e-01
 1.75561e+01  9.99909e-01  9.99588e-01
 1.75834e+01  9.99506e-01  9.99593e-01
 1.76124e+01  9.99202e-01  9.99599e-01
 1.76381e+01  9.99406e-01  9.99604e-01
 1.76637e+01  9.99263e-01  9.99608e-01
 1.76901e+01  9.99574e-01  9.99613e-01
 1.77165e+01  9.99372e-01  9.99618e-01
 1.77422e+01  9.99863e-01  9.99623e-01
 1.77679e+01  9.98689e-01  9.99627e-01
 1.77957e+01  9.99723e-01  9.99632e-01
 1.78242e+01  9.99711e-01  9.99636e-01
 1.78512e+01  9.99636e-01  9.99641e-01
 1.78776e+01  1.00064e+00  9.99645e-01
 1.79054e+01  9.99421e-01  9.99649e-01
 1.79346e+01  9.99951e-01  9.99654e-01
 1.79610e+01  9.99397e-01  9.99658e-01
 1.79874e+01  9.99555e-01  9.99662e-01
 1.80130e+01  9.99497e-01  9.99666e-01
 1.80387e+01  9.99563e-01  9.99669e-01
 1.80651e+01  9.98741e-01  9.99673e-01
 1.80939e+01  9.99956e-01  9.99677e-01
 1.81197e+01  9.99978e-01  9.99680e-01
 1.81457e+01  9.99672e-01  9.99684e-01
 1.81742e+01  9.98615e-01  9.99688e-01
 1.82005e+01  9.99286e-01  9.99691e-01
 1.82263e+01  9.99527e-01  9.99694e-01
 1.82526e+01  9.99964e-01  9.99698e-01
 1.82814e+01  9.99462e-01  9.99701e-01
 1.83100e+01  9.99900e-01  9.99705e-01
 1.83404e+01  9.99829e-01  9.99708e-01
 1.83672e+01  9.99536e-01  9.99712e-01
 1.83941e+01  1.00063e+00  9.99715e-01
 1.84237e+01  1.00022e+00  9.99718e-01
 1.84536e+01  9.99848e-01  9.99722e-01
 1.84862e+01  1.00016e+00  9.99725e-01
 1.85184e+01  9.99094e-01  9.99729e-01
 1.85522e+01  9.99915e-01  9.99733e-01
 1.85841e+01  1.00002e+00  9.99736e-01
 1.86140e+01  1.00069e+00  9.99739e-01
 1.86436e+01  1.00092e+00  9.99742e-01
 1.86691e+01  1.00016e+00  9.99745e-01
 1.86899e+01  9.98233e-01  9.99747e-01
 1.87108e+01  9.98680e-01  9.99749e-01
 1.87316e+01  9.99392e-01  9.99751e-01
 1.87524e+01  9.99102e-01  9.99754e-01
 1.87735e+01  9.99478e-01  9.99756e-01
 1.87980e+01  9.98421e-01  9.99758e-01
 1.88191e+01  9.99037e-01  9.99760e-01
 1.88399e+01  9.99683e-01  9.99763e-01
 1.88610e+01  1.00053e+00  9.99765e-01
 1.88837e+01  1.00040e+00  9.99767e-01
 1.89045e+01  1.00061e+00  9.99769e-01
 1.89253e+01  1.00013e+00  9.99771e-01
 1.89462e+01  9.99987e-01  9.99773e-01
 1.89670e+01  9.99723e-01  9.99775e-01
 1.89878e+01  9.99609e-01  9.99777e-01
 1.90098e+01  1.00035e+00  9.99779e-01
 1.90332e+01  1.00057e+00  9.99782e-01
 1.90545e+01  1.00017e+00  9.99784e-01
 1.90753e+01  1.00064e+00  9.99786e-01
 1.90962e+01  1.00056e+00  9.99788e-01
 1.91170e+01  1.00047e+00  9.99790e-01
 1.91378e+01  1.00081e+00  9.99792e-01
 1.91587e+01  1.00136e+00  9.99794e-01
 1.91795e+01  1.00026e+00  9.99796e-01
 1.92003e+01  1.00111e+00  9.99798e-01
 1.92214e+01  9.99903e-01  9.99800e-01
 1.92441e+01  1.00069e+00  9.99802e-01
 1.92649e+01  1.00092e+00  9.99804e-01
 1.92858e+01  1.00093e+00  9.99806e-01
 1.93066e+01  1.00043e+00  9.99808e-01
 1.93274e+01  9.99453e-01  9.99810e-01
 1.93487e+01  1.00032e+00  9.99813e-01
 1.93712e+01  1.00037e+00  9.99815e-01
 1.93920e+01  1.00053e+00  9.99817e-01
 1.94128e+01  9.99847e-01  9.99819e-01
