584
 3.34000e-03  1.00434e+00  1.00435e+00
 9.09800e-03  1.00432e+00  1.00416e+00
 1.73480e-02  1.00341e+00  1.00387e+00
 2.49120e-02  1.00339e+00  1.00359e+00
 3.34710e-02  1.00279e+00  1.00325e+00
 4.12350e-02  1.00266e+00  1.00293e+00
 4.80770e-02  1.00268e+00  1.00264e+00
 5.60670e-02  1.00192e+00  1.00230e+00
 6.29180e-02  1.00150e+00  1.00200e+00
 6.85100e-02  1.00177e+00  1.00175e+00
 7.59980e-02  1.00081e+00  1.00142e+00
 8.38830e-02  1.00080e+00  1.00108e+00
 8.98360e-02  1.00101e+00  1.00082e+00
 9.74730e-02  1.00008e+00  1.00049e+00
 1.05221e-01  1.00029e+00  1.00017e+00
 1.12151e-01  9.99537e-01  9.99886e-01
 1.20212e-01  9.99065e-01  9.99570e-01
 1.26944e-01  9.98904e-01  9.99318e-01
 1.32826e-01  9.98751e-01  9.99107e-01
 1.40864e-01  9.98725e-01  9.98835e-01
 1.48098e-01  9.98585e-01  9.98605e-01
 1.53845e-01  9.98191e-01  9.98435e-01
 1.62408e-01  9.98117e-01  9.98201e-01
 1.68678e-01  9.97640e-01  9.98045e-01
 1.74452e-01  9.97989e-01  9.97914e-01
 1.82712e-01  9.97782e-01  9.97746e-01
 1.89035e-01  9.97604e-01  9.97634e-01
 1.94439e-01  9.97634e-01  9.97550e-01
 2.02497e-01  9.97071e-01  9.97442e-01
 2.09459e-01  9.97060e-01  9.97368e-01
 2.14836e-01  9.97571e-01  9.97322e-01
 2.23317e-01  9.96563e-01  9.97268e-01
 2.31108e-01  9.97278e-01  9.97239e-01
 2.36252e-01  9.97254e-01  9.97230e-01
 2.44732e-01  9.96848e-01  9.97231e-01
 2.51970e-01  9.97156e-01  9.97248e-01
 2.58318e-01  9.96733e-01  9.97275e-01
 2.66757e-01  9.96922e-01  9.97325e-01
 2.73349e-01  9.97075e-01  9.97375e-01
 2.79228e-01  9.96791e-01  9.97427e-01
 2.88182e-01  9.96181e-01  9.97519e-01
 2.93851e-01  9.97372e-01  9.97584e-01
 2.99337e-01  9.97397e-01  9.97652e-01
 3.07430e-01  9.96513e-01  9.97760e-01
 3.14113e-01  9.97553e-01  9.97854e-01
 3.19929e-01  9.97532e-01  9.97941e-01
 3.29074e-01  9.97177e-01  9.98082e-01
 3.35118e-01  9.97872e-01  9.98179e-01
 3.41027e-01  9.97940e-01  9.98276e-01
 3.49240e-01  9.97500e-01  9.98414e-01
 3.55833e-01  9.97743e-01  9.98525e-01
 3.61873e-01  9.98257e-01  9.98628e-01
 3.70724e-01  9.98248e-01  9.98780e-01
 3.76693e-01  9.98477e-01  9.98882e-01
 3.82112e-01  9.98671e-01  9.98974e-01
 3.90592e-01  9.98013e-01  9.99117e-01
 3.97952e-01  9.99288e-01  9.99240e-01
 4.04625e-01  9.99503e-01  9.99349e-01
 4.13182e-01  9.98716e-01  9.99487e-01
 4.19367e-01  9.99357e-01  9.99584e-01
 4.25435e-01  9.99787e-01  9.99677e-01
 4.34201e-01  9.99531e-01  9.99808e-01
 4.40416e-01  1.00014e+00  9.99897e-01
 4.46598e-01  1.00006e+00  9.99984e-01
 4.54868e-01  9.99644e-01  1.00010e+00
 4.61047e-01  1.00048e+00  1.00018e+00
 4.67428e-01  1.00023e+00  1.00026e+00
 4.76508e-01  1.00030e+00  1.00036e+00
 4.83232e-01  1.00070e+00  1.00044e+00
 4.90138e-01  1.00036e+00  1.00052e+00
 4.98390e-01  1.00106e+00  1.00060e+00
 5.03888e-01  1.00095e+00  1.00065e+00
 5.11984e-01  1.00051e+00  1.00073e+00
 5.19847e-01  1.00140e+00  1.00079e+00
 5.27058e-01  1.00071e+00  1.00085e+00
 5.35896e-01  1.00127e+00  1.00092e+00
 5.43081e-01  1.00123e+00  1.00097e+00
 5.48762e-01  1.00114e+00  1.00100e+00
 5.56637e-01  1.00107e+00  1.00105e+00
 5.63690e-01  1.00147e+00  1.00109e+00
 5.69026e-01  1.00111e+00  1.00111e+00
 5.77497e-01  1.00126e+00  1.00115e+00
 5.86262e-01  1.00091e+00  1.00119e+00
 5.92547e-01  1.00138e+00  1.00121e+00
 6.01373e-01  1.00153e+00  1.00124e+00
 6.08695e-01  1.00114e+00  1.00126e+00
 6.18115e-01  1.00122e+00  1.00128e+00
 6.25579e-01  1.00124e+00  1.00129e+00
 6.31328e-01  1.00163e+00  1.00130e+00
 6.39203e-01  1.00097e+00  1.00131e+00
 6.46415e-01  1.00124e+00  1.00131e+00
 6.51834e-01  1.00076e+00  1.00132e+00
 6.59969e-01  1.00113e+00  1.00132e+00
 6.66723e-01  1.00143e+00  1.00132e+00
 6.71562e-01  1.00248e+00  1.00132e+00
 6.78249e-01  1.00091e+00  1.00131e+00
 6.86062e-01  1.00137e+00  1.00131e+00
 6.91744e-01  1.00213e+00  1.00130e+00
 6.98180e-01  1.00091e+00  1.00129e+00
 7.06651e-01  1.00151e+00  1.00128e+00
 7.12250e-01  1.00214e+00  1.00127e+00
 7.19407e-01  1.00128e+00  1.00126e+00
 7.27748e-01  1.00089e+00  1.00124e+00
 7.33374e-01  1.00184e+00  1.00123e+00
 7.40168e-01  1.00143e+00  1.00121e+00
 7.48390e-01  1.00103e+00  1.00119e+00
 7.53940e-01  1.00178e+00  1.00118e+00
 7.59892e-01  1.00116e+00  1.00116e+00
 7.68059e-01  1.00122e+00  1.00113e+00
 7.74472e-01  1.00208e+00  1.00111e+00
 7.81496e-01  1.00118e+00  1.00109e+00
 7.89464e-01  1.00151e+00  1.00106e+00
 7.95286e-01  1.00166e+00  1.00104e+00
 8.02271e-01  1.00051e+00  1.00102e+00
 8.11858e-01  1.00099e+00  1.00098e+00
 8.17422e-01  1.00162e+00  1.00096e+00
 8.24480e-01  1.00076e+00  1.00094e+00
 8.32385e-01  1.00116e+00  1.00090e+00
 8.37752e-01  1.00162e+00  1.00088e+00
 8.44606e-01  1.00086e+00  1.00086e+00
 8.52818e-01  1.00086e+00  1.00082e+00
 8.58890e-01  1.00172e+00  1.00080e+00
 8.66408e-01  1.00063e+00  1.00076e+00
 8.74097e-01  1.00138e+00  1.00073e+00
 8.80345e-01  1.00140e+00  1.00070e+00
 8.88637e-01  1.00065e+00  1.00067e+00
 8.97017e-01  1.00092e+00  1.00063e+00
 9.02336e-01  1.00056e+00  1.00061e+00
 9.10827e-01  1.00055e+00  1.00057e+00
 9.17654e-01  1.00115e+00  1.00054e+00
 9.23851e-01  1.00084e+00  1.00051e+00
 9.32450e-01  1.00029e+00  1.00047e+00
 9.38875e-01  1.00094e+00  1.00044e+00
 9.44598e-01  1.00036e+00  1.00041e+00
 9.53290e-01  1.00022e+00  1.00037e+00
 9.60249e-01  1.00053e+00  1.00034e+00
 9.66225e-01  1.00030e+00  1.00031e+00
 9.76079e-01  1.00053e+00  1.00026e+00
 9.82052e-01  1.00069e+00  1.00024e+00
 9.88183e-01  1.00009e+00  1.00021e+00
 9.97177e-01  1.00016e+00  1.00016e+00
 1.00334e+00  1.00043e+00  1.00014e+00
 1.00970e+00  1.00002e+00  1.00011e+00
 1.01864e+00  1.00034e+00  1.00006e+00
 1.02442e+00  1.00047e+00  1.00004e+00
 1.03249e+00  9.99983e-01  9.99998e-01
 1.04107e+00  1.00031e+00  9.99958e-01
 1.04808e+00  9.99907e-01  9.99925e-01
 1.05745e+00  1.00006e+00  9.99881e-01
 1.06391e+00  1.00004e+00  9.99851e-01
 1.07121e+00  9.99730e-01  9.99817e-01
 1.08111e+00  9.99782e-01  9.99770e-01
 1.08755e+00  1.00034e+00  9.99740e-01
 1.09747e+00  9.99944e-01  9.99695e-01
 1.10534e+00  9.99996e-01  9.99658e-01
 1.11158e+00  9.99746e-01  9.99630e-01
 1.12116e+00  9.99495e-01  9.99586e-01
 1.12911e+00  1.00019e+00  9.99549e-01
 1.13594e+00  1.00002e+00  9.99518e-01
 1.14364e+00  9.99842e-01  9.99484e-01
 1.15034e+00  9.99907e-01  9.99454e-01
 1.15899e+00  9.99536e-01  9.99415e-01
 1.16691e+00  9.99530e-01  9.99380e-01
 1.17236e+00  9.99641e-01  9.99356e-01
 1.18128e+00  9.99459e-01  9.99317e-01
 1.18776e+00  9.99516e-01  9.99288e-01
 1.19271e+00  9.99067e-01  9.99267e-01
 1.20251e+00  9.99483e-01  9.99224e-01
 1.20991e+00  9.99949e-01  9.99193e-01
 1.21653e+00  9.98861e-01  9.99165e-01
 1.22510e+00  9.99216e-01  9.99129e-01
 1.23134e+00  9.99108e-01  9.99103e-01
 1.23828e+00  9.98951e-01  9.99074e-01
 1.24702e+00  9.98933e-01  9.99038e-01
 1.25352e+00  9.99534e-01  9.99011e-01
 1.26233e+00  9.99141e-01  9.98976e-01
 1.26989e+00  9.98565e-01  9.98946e-01
 1.27567e+00  9.99218e-01  9.98923e-01
 1.28505e+00  9.98448e-01  9.98887e-01
 1.29229e+00  9.99245e-01  9.98859e-01
 1.29915e+00  9.98463e-01  9.98833e-01
 1.30843e+00  9.98521e-01  9.98798e-01
 1.31481e+00  9.98612e-01  9.98775e-01
 1.32369e+00  9.98517e-01  9.98743e-01
 1.33199e+00  9.98630e-01  9.98714e-01
 1.33907e+00  9.98949e-01  9.98689e-01
 1.34879e+00  9.98829e-01  9.98656e-01
 1.35589e+00  9.98433e-01  9.98633e-01
 1.36347e+00  9.98587e-01  9.98608e-01
 1.37218e+00  9.99051e-01  9.98581e-01
 1.37852e+00  9.98503e-01  9.98561e-01
 1.38594e+00  9.98741e-01  9.98539e-01
 1.39422e+00  9.98923e-01  9.98515e-01
 1.40005e+00  9.98885e-01  9.98498e-01
 1.40867e+00  9.98521e-01  9.98475e-01
 1.41574e+00  9.98793e-01  9.98457e-01
 1.42182e+00  9.98638e-01  9.98441e-01
 1.43036e+00  9.98394e-01  9.98421e-01
 1.43718e+00  9.98793e-01  9.98405e-01
 1.44315e+00  9.98599e-01  9.98392e-01
 1.45230e+00  9.98770e-01  9.98374e-01
 1.45932e+00  9.98501e-01  9.98360e-01
 1.46637e+00  9.98718e-01  9.98348e-01
 1.47578e+00  9.98576e-01  9.98333e-01
 1.48208e+00  9.98742e-01  9.98324e-01
 1.48966e+00  9.97847e-01  9.98314e-01
 1.49780e+00  9.98932e-01  9.98305e-01
 1.50352e+00  9.98276e-01  9.98300e-01
 1.51186e+00  9.98327e-01  9.98294e-01
 1.52032e+00  9.98481e-01  9.98289e-01
 1.52644e+00  9.98406e-01  9.98287e-01
 1.53591e+00  9.98044e-01  9.98286e-01
 1.54325e+00  9.98549e-01  9.98288e-01
 1.55078e+00  9.98521e-01  9.98291e-01
 1.56028e+00  9.98099e-01  9.98297e-01
 1.56736e+00  9.98226e-01  9.98304e-01
 1.57619e+00  9.98129e-01  9.98315e-01
 1.58333e+00  9.98103e-01  9.98327e-01
 1.59117e+00  9.98455e-01  9.98342e-01
 1.60076e+00  9.98402e-01  9.98363e-01
 1.60759e+00  9.98877e-01  9.98381e-01
 1.61642e+00  9.98224e-01  9.98408e-01
 1.62526e+00  9.98337e-01  9.98438e-01
 1.63074e+00  9.98420e-01  9.98459e-01
 1.64020e+00  9.98622e-01  9.98499e-01
 1.64703e+00  9.98085e-01  9.98531e-01
 1.65347e+00  9.98396e-01  9.98563e-01
 1.66330e+00  9.98275e-01  9.98617e-01
 1.66981e+00  9.98604e-01  9.98657e-01
 1.67762e+00  9.98581e-01  9.98707e-01
 1.68531e+00  9.98310e-01  9.98761e-01
 1.69132e+00  9.98719e-01  9.98806e-01
 1.69936e+00  9.98233e-01  9.98870e-01
 1.70790e+00  9.99024e-01  9.98944e-01
 1.71477e+00  9.98617e-01  9.99007e-01
 1.72512e+00  9.98777e-01  9.99109e-01
 1.73105e+00  9.98552e-01  9.99171e-01
 1.73737e+00  9.98948e-01  9.99241e-01
 1.74634e+00  9.98880e-01  9.99346e-01
 1.75292e+00  9.99071e-01  9.99427e-01
 1.76119e+00  9.98733e-01  9.99535e-01
 1.76993e+00  9.99589e-01  9.99655e-01
 1.77833e+00  9.99602e-01  9.99777e-01
 1.78887e+00  9.99756e-01  9.99940e-01
 1.79458e+00  9.99709e-01  1.00003e+00
 1.80216e+00  9.99893e-01  1.00016e+00
 1.81110e+00  1.00017e+00  1.00032e+00
 1.81705e+00  1.00057e+00  1.00043e+00
 1.82534e+00  1.00028e+00  1.00059e+00
 1.83264e+00  1.00092e+00  1.00073e+00
 1.83968e+00  1.00075e+00  1.00087e+00
 1.85012e+00  1.00065e+00  1.00110e+00
 1.85605e+00  1.00174e+00  1.00123e+00
 1.86237e+00  1.00152e+00  1.00137e+00
 1.87094e+00  1.00161e+00  1.00157e+00
 1.87742e+00  1.00192e+00  1.00172e+00
 1.88619e+00  1.00195e+00  1.00193e+00
 1.89513e+00  1.00266e+00  1.00215e+00
 1.90116e+00  1.00273e+00  1.00230e+00
 1.91072e+00  1.00266e+00  1.00255e+00
 1.91746e+00  1.00300e+00  1.00272e+00
 1.92319e+00  1.00339e+00  1.00287e+00
 1.93278e+00  1.00321e+00  1.00312e+00
 1.93989e+00  1.00360e+00  1.00331e+00
 1.94662e+00  1.00388e+00  1.00348e+00
 1.95514e+00  1.00344e+00  1.00370e+00
 1.96147e+00  1.00419e+00  1.00387e+00
 1.97020e+00  1.00456e+00  1.00409e+00
 1.97896e+00  1.00457e+00  1.00430e+00
 1.98524e+00  1.00510e+00  1.00445e+00
 1.99594e+00  1.00450e+00  1.00470e+00
 2.00231e+00  1.00543e+00  1.00484e+00
 2.01087e+00  1.00523e+00  1.00501e+00
 2.01944e+00  1.00510e+00  1.00517e+00
 2.02597e+00  1.00567e+00  1.00529e+00
 2.03526e+00  1.00537e+00  1.00543e+00
 2.04244e+00  1.00574e+00  1.00553e+00
 2.04819e+00  1.00619e+00  1.00560e+00
 2.05805e+00  1.00587e+00  1.00569e+00
 2.06439e+00  1.00605e+00  1.00574e+00
 2.07102e+00  1.00613e+00  1.00577e+00
 2.07993e+00  1.00562e+00  1.00579e+00
 2.08584e+00  1.00611e+00  1.00578e+00
 2.09432e+00  1.00585e+00  1.00576e+00
 2.10304e+00  1.00537e+00  1.00570e+00
 2.10952e+00  1.00614e+00  1.00564e+00
 2.11879e+00  1.00487e+00  1.00552e+00
 2.12577e+00  1.00547e+00  1.00541e+00
 2.13184e+00  1.00541e+00  1.00530e+00
 2.14245e+00  1.00449e+00  1.00507e+00
 2.14874e+00  1.00511e+00  1.00492e+00
 2.15631e+00  1.00451e+00  1.00471e+00
 2.16805e+00  1.00434e+00  1.00435e+00
 2.17381e+00  1.00432e+00  1.00416e+00
 2.18206e+00  1.00341e+00  1.00387e+00
 2.18963e+00  1.00339e+00  1.00359e+00
 2.19819e+00  1.00279e+00  1.00325e+00
 2.20595e+00  1.00266e+00  1.00293e+00
 2.21279e+00  1.00268e+00  1.00264e+00
 2.22078e+00  1.00192e+00  1.00230e+00
 2.22763e+00  1.00150e+00  1.00200e+00
 2.23323e+00  1.00177e+00  1.00175e+00
 2.24071e+00  1.00081e+00  1.00142e+00
 2.24860e+00  1.00080e+00  1.00108e+00
 2.25455e+00  1.00101e+00  1.00082e+00
 2.26219e+00  1.00008e+00  1.00049e+00
 2.26994e+00  1.00029e+00  1.00017e+00
 2.27687e+00  9.99537e-01  9.99886e-01
 2.28493e+00  9.99065e-01  9.99570e-01
 2.29166e+00  9.98904e-01  9.99318e-01
 2.29754e+00  9.98751e-01  9.99107e-01
 2.30558e+00  9.98725e-01  9.98835e-01
 2.31281e+00  9.98585e-01  9.98605e-01
 2.31856e+00  9.98191e-01  9.98435e-01
 2.32712e+00  9.98117e-01  9.98201e-01
 2.33339e+00  9.97640e-01  9.98045e-01
 2.33917e+00  9.97989e-01  9.97914e-01
 2.34743e+00  9.97782e-01  9.97746e-01
 2.35375e+00  9.97604e-01  9.97634e-01
 2.35915e+00  9.97634e-01  9.97550e-01
 2.36721e+00  9.97071e-01  9.97442e-01
 2.37417e+00  9.97060e-01  9.97368e-01
 2.37955e+00  9.97571e-01  9.97322e-01
 2.38803e+00  9.96563e-01  9.97268e-01
 2.39582e+00  9.97278e-01  9.97239e-01
 2.40097e+00  9.97254e-01  9.97230e-01
 2.40945e+00  9.96848e-01  9.97231e-01
 2.41669e+00  9.97156e-01  9.97248e-01
 2.42303e+00  9.96733e-01  9.97275e-01
 2.43147e+00  9.96922e-01  9.97325e-01
 2.43806e+00  9.97075e-01  9.97375e-01
 2.44394e+00  9.96791e-01  9.97427e-01
 2.45290e+00  9.96181e-01  9.97519e-01
 2.45857e+00  9.97372e-01  9.97584e-01
 2.46405e+00  9.97397e-01  9.97652e-01
 2.47215e+00  9.96513e-01  9.97760e-01
 2.47883e+00  9.97553e-01  9.97854e-01
 2.48464e+00  9.97532e-01  9.97941e-01
 2.49379e+00  9.97177e-01  9.98082e-01
 2.49983e+00  9.97872e-01  9.98179e-01
 2.50574e+00  9.97940e-01  9.98276e-01
 2.51396e+00  9.97500e-01  9.98414e-01
 2.52055e+00  9.97743e-01  9.98525e-01
 2.52659e+00  9.98257e-01  9.98628e-01
 2.53544e+00  9.98248e-01  9.98780e-01
 2.54141e+00  9.98477e-01  9.98882e-01
 2.54683e+00  9.98671e-01  9.98974e-01
 2.55531e+00  9.98013e-01  9.99117e-01
 2.56267e+00  9.99288e-01  9.99240e-01
 2.56934e+00  9.99503e-01  9.99349e-01
 2.57790e+00  9.98716e-01  9.99487e-01
 2.58408e+00  9.99357e-01  9.99584e-01
 2.59015e+00  9.99787e-01  9.99677e-01
 2.59892e+00  9.99531e-01  9.99808e-01
 2.60513e+00  1.00014e+00  9.99897e-01
 2.61131e+00  1.00006e+00  9.99984e-01
 2.61958e+00  9.99644e-01  1.00010e+00
 2.62576e+00  1.00048e+00  1.00018e+00
 2.63214e+00  1.00023e+00  1.00026e+00
 2.64122e+00  1.00030e+00  1.00036e+00
 2.64795e+00  1.00070e+00  1.00044e+00
 2.65485e+00  1.00036e+00  1.00051e+00
 2.66310e+00  1.00106e+00  1.00060e+00
 2.66860e+00  1.00095e+00  1.00065e+00
 2.67670e+00  1.00051e+00  1.00073e+00
 2.68456e+00  1.00140e+00  1.00079e+00
 2.69177e+00  1.00071e+00  1.00085e+00
 2.70061e+00  1.00127e+00  1.00092e+00
 2.70780e+00  1.00123e+00  1.00097e+00
 2.71348e+00  1.00114e+00  1.00100e+00
 2.72135e+00  1.00107e+00  1.00105e+00
 2.72841e+00  1.00147e+00  1.00109e+00
 2.73374e+00  1.00111e+00  1.00111e+00
 2.74221e+00  1.00126e+00  1.00115e+00
 2.75098e+00  1.00091e+00  1.00119e+00
 2.75726e+00  1.00138e+00  1.00121e+00
 2.76609e+00  1.00153e+00  1.00124e+00
 2.77341e+00  1.00114e+00  1.00126e+00
 2.78283e+00  1.00122e+00  1.00128e+00
 2.79029e+00  1.00124e+00  1.00129e+00
 2.79604e+00  1.00163e+00  1.00130e+00
 2.80392e+00  1.00097e+00  1.00131e+00
 2.81113e+00  1.00124e+00  1.00131e+00
 2.81655e+00  1.00076e+00  1.00132e+00
 2.82469e+00  1.00113e+00  1.00132e+00
 2.83144e+00  1.00143e+00  1.00132e+00
 2.83628e+00  1.00248e+00  1.00132e+00
 2.84296e+00  1.00091e+00  1.00131e+00
 2.85078e+00  1.00137e+00  1.00131e+00
 2.85646e+00  1.00213e+00  1.00130e+00
 2.86289e+00  1.00091e+00  1.00129e+00
 2.87137e+00  1.00151e+00  1.00128e+00
 2.87697e+00  1.00214e+00  1.00127e+00
 2.88412e+00  1.00128e+00  1.00126e+00
 2.89246e+00  1.00089e+00  1.00124e+00
 2.89809e+00  1.00184e+00  1.00123e+00
 2.90488e+00  1.00143e+00  1.00121e+00
 2.91310e+00  1.00103e+00  1.00119e+00
 2.91866e+00  1.00178e+00  1.00118e+00
 2.92461e+00  1.00116e+00  1.00116e+00
 2.93277e+00  1.00122e+00  1.00113e+00
 2.93919e+00  1.00208e+00  1.00111e+00
 2.94621e+00  1.00118e+00  1.00109e+00
 2.95418e+00  1.00151e+00  1.00106e+00
 2.96000e+00  1.00166e+00  1.00104e+00
 2.96699e+00  1.00051e+00  1.00102e+00
 2.97657e+00  1.00099e+00  1.00098e+00
 2.98214e+00  1.00162e+00  1.00096e+00
 2.98920e+00  1.00076e+00  1.00094e+00
 2.99710e+00  1.00116e+00  1.00090e+00
 3.00247e+00  1.00162e+00  1.00088e+00
 3.00932e+00  1.00086e+00  1.00086e+00
 3.01753e+00  1.00086e+00  1.00082e+00
 3.02360e+00  1.00172e+00  1.00080e+00
 3.03112e+00  1.00063e+00  1.00076e+00
 3.03881e+00  1.00138e+00  1.00073e+00
 3.04506e+00  1.00140e+00  1.00070e+00
 3.05335e+00  1.00065e+00  1.00067e+00
 3.06173e+00  1.00092e+00  1.00063e+00
 3.06705e+00  1.00056e+00  1.00061e+00
 3.07554e+00  1.00055e+00  1.00057e+00
 3.08237e+00  1.00115e+00  1.00054e+00
 3.08857e+00  1.00084e+00  1.00051e+00
 3.09717e+00  1.00029e+00  1.00047e+00
 3.10359e+00  1.00094e+00  1.00044e+00
 3.10931e+00  1.00036e+00  1.00041e+00
 3.11801e+00  1.00022e+00  1.00037e+00
 3.12496e+00  1.00053e+00  1.00034e+00
 3.13094e+00  1.00030e+00  1.00031e+00
 3.14079e+00  1.00053e+00  1.00026e+00
 3.14677e+00  1.00069e+00  1.00024e+00
 3.15290e+00  1.00009e+00  1.00021e+00
 3.16189e+00  1.00016e+00  1.00016e+00
 3.16806e+00  1.00043e+00  1.00014e+00
 3.17441e+00  1.00002e+00  1.00011e+00
 3.18336e+00  1.00034e+00  1.00006e+00
 3.18913e+00  1.00047e+00  1.00004e+00
 3.19720e+00  9.99983e-01  9.99998e-01
 3.20579e+00  1.00031e+00  9.99958e-01
 3.21280e+00  9.99907e-01  9.99925e-01
 3.22217e+00  1.00006e+00  9.99881e-01
 3.22863e+00  1.00004e+00  9.99851e-01
 3.23593e+00  9.99730e-01  9.99817e-01
 3.24582e+00  9.99782e-01  9.99770e-01
 3.25227e+00  1.00034e+00  9.99740e-01
 3.26218e+00  9.99944e-01  9.99695e-01
 3.27005e+00  9.99996e-01  9.99658e-01
 3.27630e+00  9.99746e-01  9.99630e-01
 3.28587e+00  9.99495e-01  9.99586e-01
 3.29383e+00  1.00019e+00  9.99549e-01
 3.30066e+00  1.00002e+00  9.99518e-01
 3.30836e+00  9.99842e-01  9.99484e-01
 3.31506e+00  9.99907e-01  9.99454e-01
 3.32370e+00  9.99536e-01  9.99415e-01
 3.33162e+00  9.99530e-01  9.99380e-01
 3.33707e+00  9.99641e-01  9.99356e-01
 3.34599e+00  9.99459e-01  9.99317e-01
 3.35247e+00  9.99516e-01  9.99288e-01
 3.35743e+00  9.99067e-01  9.99267e-01
 3.36722e+00  9.99483e-01  9.99224e-01
 3.37463e+00  9.99949e-01  9.99193e-01
 3.38124e+00  9.98861e-01  9.99165e-01
 3.38982e+00  9.99216e-01  9.99129e-01
 3.39606e+00  9.99108e-01  9.99103e-01
 3.40299e+00  9.98951e-01  9.99074e-01
 3.41174e+00  9.98933e-01  9.99038e-01
 3.41823e+00  9.99534e-01  9.99011e-01
 3.42704e+00  9.99141e-01  9.98976e-01
 3.43461e+00  9.98565e-01  9.98946e-01
 3.44039e+00  9.99218e-01  9.98923e-01
 3.44976e+00  9.98448e-01  9.98887e-01
 3.45701e+00  9.99245e-01  9.98859e-01
 3.46387e+00  9.98463e-01  9.98833e-01
 3.47315e+00  9.98521e-01  9.98798e-01
 3.47953e+00  9.98612e-01  9.98775e-01
 3.48841e+00  9.98517e-01  9.98743e-01
 3.49671e+00  9.98630e-01  9.98714e-01
 3.50379e+00  9.98949e-01  9.98689e-01
 3.51351e+00  9.98829e-01  9.98656e-01
 3.52061e+00  9.98433e-01  9.98633e-01
 3.52819e+00  9.98587e-01  9.98608e-01
 3.53690e+00  9.99051e-01  9.98581e-01
 3.54323e+00  9.98503e-01  9.98561e-01
 3.55066e+00  9.98741e-01  9.98539e-01
 3.55894e+00  9.98923e-01  9.98515e-01
 3.56477e+00  9.98885e-01  9.98498e-01
 3.57339e+00  9.98521e-01  9.98475e-01
 3.58046e+00  9.98793e-01  9.98457e-01
 3.58653e+00  9.98638e-01  9.98441e-01
 3.59508e+00  9.98394e-01  9.98421e-01
 3.60189e+00  9.98793e-01  9.98405e-01
 3.60786e+00  9.98599e-01  9.98392e-01
 3.61701e+00  9.98770e-01  9.98374e-01
 3.62403e+00  9.98501e-01  9.98360e-01
 3.63108e+00  9.98718e-01  9.98348e-01
 3.64049e+00  9.98576e-01  9.98333e-01
 3.64680e+00  9.98742e-01  9.98324e-01
 3.65437e+00  9.97847e-01  9.98314e-01
 3.66252e+00  9.98932e-01  9.98305e-01
 3.66823e+00  9.98276e-01  9.98300e-01
 3.67658e+00  9.98327e-01  9.98294e-01
 3.68503e+00  9.98481e-01  9.98289e-01
 3.69116e+00  9.98406e-01  9.98287e-01
 3.70062e+00  9.98044e-01  9.98286e-01
 3.70797e+00  9.98549e-01  9.98288e-01
 3.71549e+00  9.98521e-01  9.98291e-01
 3.72499e+00  9.98099e-01  9.98297e-01
 3.73207e+00  9.98226e-01  9.98304e-01
 3.74091e+00  9.98129e-01  9.98315e-01
 3.74804e+00  9.98103e-01  9.98327e-01
 3.75588e+00  9.98455e-01  9.98342e-01
 3.76548e+00  9.98402e-01  9.98363e-01
 3.77231e+00  9.98877e-01  9.98381e-01
 3.78113e+00  9.98224e-01  9.98408e-01
 3.78997e+00  9.98337e-01  9.98438e-01
 3.79546e+00  9.98420e-01  9.98459e-01
 3.80491e+00  9.98622e-01  9.98499e-01
 3.81175e+00  9.98085e-01  9.98531e-01
 3.81819e+00  9.98396e-01  9.98563e-01
 3.82801e+00  9.98275e-01  9.98617e-01
 3.83452e+00  9.98604e-01  9.98657e-01
 3.84234e+00  9.98581e-01  9.98707e-01
 3.85003e+00  9.98310e-01  9.98761e-01
 3.85604e+00  9.98719e-01  9.98806e-01
 3.86407e+00  9.98233e-01  9.98870e-01
 3.87262e+00  9.99024e-01  9.98944e-01
 3.87948e+00  9.98617e-01  9.99007e-01
 3.88984e+00  9.98777e-01  9.99109e-01
 3.89576e+00  9.98552e-01  9.99171e-01
 3.90209e+00  9.98948e-01  9.99241e-01
 3.91106e+00  9.98880e-01  9.99346e-01
 3.91764e+00  9.99071e-01  9.99427e-01
 3.92591e+00  9.98733e-01  9.99535e-01
 3.93465e+00  9.99589e-01  9.99655e-01
 3.94304e+00  9.99602e-01  9.99777e-01
 3.95359e+00  9.99756e-01  9.99940e-01
 3.95930e+00  9.99709e-01  1.00003e+00
 3.96687e+00  9.99893e-01  1.00016e+00
 3.97581e+00  1.00017e+00  1.00032e+00
 3.98177e+00  1.00057e+00  1.00043e+00
 3.99005e+00  1.00028e+00  1.00059e+00
 3.99735e+00  1.00092e+00  1.00073e+00
 4.00440e+00  1.00075e+00  1.00087e+00
 4.01484e+00  1.00065e+00  1.00110e+00
 4.02076e+00  1.00174e+00  1.00123e+00
 4.02709e+00  1.00152e+00  1.00137e+00
 4.03566e+00  1.00161e+00  1.00157e+00
 4.04214e+00  1.00192e+00  1.00172e+00
 4.05091e+00  1.00195e+00  1.00193e+00
 4.05984e+00  1.00266e+00  1.00215e+00
 4.06588e+00  1.00273e+00  1.00230e+00
 4.07543e+00  1.00266e+00  1.00255e+00
 4.08218e+00  1.00300e+00  1.00272e+00
 4.08791e+00  1.00339e+00  1.00287e+00
 4.09749e+00  1.00321e+00  1.00312e+00
 4.10461e+00  1.00360e+00  1.00331e+00
 4.11133e+00  1.00388e+00  1.00348e+00
 4.11985e+00  1.00344e+00  1.00370e+00
 4.12618e+00  1.00419e+00  1.00387e+00
 4.13491e+00  1.00456e+00  1.00409e+00
 4.14368e+00  1.00457e+00  1.00430e+00
 4.14996e+00  1.00510e+00  1.00445e+00
 4.16066e+00  1.00450e+00  1.00470e+00
 4.16702e+00  1.00543e+00  1.00484e+00
 4.17559e+00  1.00523e+00  1.00501e+00
 4.18415e+00  1.00510e+00  1.00517e+00
 4.19068e+00  1.00567e+00  1.00529e+00
 4.19997e+00  1.00537e+00  1.00543e+00
 4.20716e+00  1.00574e+00  1.00553e+00
 4.21291e+00  1.00619e+00  1.00560e+00
 4.22276e+00  1.00587e+00  1.00569e+00
 4.22910e+00  1.00605e+00  1.00574e+00
 4.23574e+00  1.00613e+00  1.00577e+00
 4.24465e+00  1.00562e+00  1.00579e+00
 4.25056e+00  1.00611e+00  1.00578e+00
 4.25904e+00  1.00585e+00  1.00576e+00
 4.26776e+00  1.00537e+00  1.00570e+00
 4.27423e+00  1.00614e+00  1.00564e+00
 4.28350e+00  1.00487e+00  1.00552e+00
 4.29049e+00  1.00547e+00  1.00541e+00
 4.29655e+00  1.00541e+00  1.00530e+00
 4.30716e+00  1.00449e+00  1.00508e+00
 4.31346e+00  1.00511e+00  1.00492e+00
 4.32102e+00  1.00451e+00  1.00471e+00
