584
 4.45000e-03  1.00431e+00  1.00386e+00
 1.26040e-02  1.00343e+00  1.00356e+00
 1.98800e-02  1.00280e+00  1.00328e+00
 2.87280e-02  1.00327e+00  1.00293e+00
 3.65800e-02  1.00243e+00  1.00260e+00
 4.36620e-02  1.00206e+00  1.00230e+00
 5.01140e-02  1.00212e+00  1.00203e+00
 5.68500e-02  1.00185e+00  1.00174e+00
 6.34410e-02  1.00106e+00  1.00145e+00
 7.05000e-02  1.00109e+00  1.00115e+00
 7.80580e-02  1.00060e+00  1.00083e+00
 8.59380e-02  1.00058e+00  1.00050e+00
 9.28470e-02  1.00036e+00  1.00021e+00
 9.97430e-02  9.99736e-01  9.99932e-01
 1.07689e-01  9.99653e-01  9.99622e-01
 1.15125e-01  9.99058e-01  9.99343e-01
 1.21923e-01  9.98713e-01  9.99099e-01
 1.29450e-01  9.99003e-01  9.98842e-01
 1.36147e-01  9.98619e-01  9.98626e-01
 1.43608e-01  9.98241e-01  9.98400e-01
 1.50462e-01  9.98313e-01  9.98207e-01
 1.56795e-01  9.98057e-01  9.98042e-01
 1.63795e-01  9.97521e-01  9.97874e-01
 1.70494e-01  9.97937e-01  9.97729e-01
 1.77522e-01  9.97639e-01  9.97592e-01
 1.83817e-01  9.97648e-01  9.97484e-01
 1.90466e-01  9.97634e-01  9.97383e-01
 1.97505e-01  9.97363e-01  9.97293e-01
 2.04565e-01  9.96852e-01  9.97219e-01
 2.11478e-01  9.97202e-01  9.97163e-01
 2.18315e-01  9.97425e-01  9.97121e-01
 2.25642e-01  9.96718e-01  9.97093e-01
 2.32623e-01  9.97032e-01  9.97081e-01
 2.39674e-01  9.96947e-01  9.97083e-01
 2.46500e-01  9.96926e-01  9.97097e-01
 2.54996e-01  9.97097e-01  9.97132e-01
 2.62068e-01  9.96897e-01  9.97175e-01
 2.69059e-01  9.96969e-01  9.97228e-01
 2.75462e-01  9.97035e-01  9.97286e-01
 2.82252e-01  9.96474e-01  9.97356e-01
 2.88644e-01  9.97024e-01  9.97429e-01
 2.95487e-01  9.97439e-01  9.97516e-01
 3.02532e-01  9.96690e-01  9.97612e-01
 3.10169e-01  9.97639e-01  9.97724e-01
 3.16599e-01  9.97345e-01  9.97823e-01
 3.23932e-01  9.97279e-01  9.97942e-01
 3.30304e-01  9.98127e-01  9.98049e-01
 3.37329e-01  9.97603e-01  9.98171e-01
 3.44663e-01  9.97856e-01  9.98301e-01
 3.51862e-01  9.97601e-01  9.98432e-01
 3.58176e-01  9.98345e-01  9.98548e-01
 3.64857e-01  9.98091e-01  9.98672e-01
 3.71761e-01  9.98882e-01  9.98800e-01
 3.78463e-01  9.98671e-01  9.98926e-01
 3.85889e-01  9.98078e-01  9.99064e-01
 3.93463e-01  9.99218e-01  9.99205e-01
 4.01009e-01  9.99335e-01  9.99344e-01
 4.08139e-01  9.99025e-01  9.99473e-01
 4.15101e-01  9.99608e-01  9.99598e-01
 4.22213e-01  9.99494e-01  9.99723e-01
 4.29320e-01  9.99846e-01  9.99846e-01
 4.35832e-01  1.00026e+00  9.99956e-01
 4.42142e-01  9.99735e-01  1.00006e+00
 4.48932e-01  9.99821e-01  1.00017e+00
 4.56321e-01  1.00026e+00  1.00029e+00
 4.64238e-01  1.00052e+00  1.00040e+00
 4.71722e-01  1.00021e+00  1.00051e+00
 4.79526e-01  1.00091e+00  1.00062e+00
 4.85717e-01  1.00050e+00  1.00071e+00
 4.93148e-01  1.00068e+00  1.00080e+00
 5.00356e-01  1.00136e+00  1.00089e+00
 5.08266e-01  1.00053e+00  1.00099e+00
 5.15922e-01  1.00118e+00  1.00107e+00
 5.23104e-01  1.00085e+00  1.00115e+00
 5.30172e-01  1.00119e+00  1.00122e+00
 5.37127e-01  1.00111e+00  1.00129e+00
 5.45020e-01  1.00138e+00  1.00136e+00
 5.51665e-01  1.00084e+00  1.00141e+00
 5.58532e-01  1.00155e+00  1.00147e+00
 5.65506e-01  1.00114e+00  1.00152e+00
 5.72505e-01  1.00118e+00  1.00157e+00
 5.81231e-01  1.00137e+00  1.00162e+00
 5.90148e-01  1.00101e+00  1.00167e+00
 5.98070e-01  1.00150e+00  1.00171e+00
 6.06176e-01  1.00137e+00  1.00175e+00
 6.13804e-01  1.00099e+00  1.00178e+00
 6.20665e-01  1.00161e+00  1.00181e+00
 6.27198e-01  1.00136e+00  1.00183e+00
 6.33637e-01  1.00084e+00  1.00185e+00
 6.41160e-01  1.00114e+00  1.00187e+00
 6.48018e-01  1.00129e+00  1.00188e+00
 6.54023e-01  1.00215e+00  1.00190e+00
 6.60381e-01  1.00092e+00  1.00190e+00
 6.67106e-01  1.00167e+00  1.00191e+00
 6.74058e-01  1.00212e+00  1.00192e+00
 6.80589e-01  1.00106e+00  1.00192e+00
 6.87379e-01  1.00132e+00  1.00192e+00
 6.93881e-01  1.00227e+00  1.00192e+00
 7.00366e-01  1.00076e+00  1.00192e+00
 7.07957e-01  1.00156e+00  1.00192e+00
 7.14532e-01  1.00172e+00  1.00191e+00
 7.21722e-01  1.00110e+00  1.00190e+00
 7.29526e-01  1.00119e+00  1.00189e+00
 7.35551e-01  1.00174e+00  1.00188e+00
 7.41834e-01  1.00106e+00  1.00187e+00
 7.48726e-01  1.00105e+00  1.00186e+00
 7.55387e-01  1.00196e+00  1.00184e+00
 7.62068e-01  1.00154e+00  1.00182e+00
 7.69384e-01  1.00108e+00  1.00180e+00
 7.77119e-01  1.00209e+00  1.00178e+00
 7.84474e-01  1.00108e+00  1.00176e+00
 7.92026e-01  1.00107e+00  1.00174e+00
 7.98051e-01  1.00154e+00  1.00172e+00
 8.04516e-01  1.00082e+00  1.00169e+00
 8.13306e-01  1.00129e+00  1.00166e+00
 8.19427e-01  1.00142e+00  1.00164e+00
 8.25909e-01  1.00054e+00  1.00161e+00
 8.32659e-01  1.00111e+00  1.00158e+00
 8.39350e-01  1.00166e+00  1.00156e+00
 8.46719e-01  1.00057e+00  1.00152e+00
 8.54161e-01  1.00118e+00  1.00149e+00
 8.61002e-01  1.00137e+00  1.00146e+00
 8.68158e-01  1.00125e+00  1.00143e+00
 8.76834e-01  1.00107e+00  1.00139e+00
 8.83461e-01  1.00086e+00  1.00135e+00
 8.90386e-01  1.00018e+00  1.00132e+00
 8.98104e-01  1.00064e+00  1.00128e+00
 9.05642e-01  1.00146e+00  1.00124e+00
 9.12365e-01  1.00059e+00  1.00121e+00
 9.19481e-01  1.00024e+00  1.00117e+00
 9.25866e-01  1.00091e+00  1.00114e+00
 9.32449e-01  1.00069e+00  1.00110e+00
 9.39963e-01  1.00032e+00  1.00106e+00
 9.47322e-01  1.00049e+00  1.00102e+00
 9.55131e-01  1.00035e+00  1.00098e+00
 9.62962e-01  1.00028e+00  1.00094e+00
 9.69590e-01  1.00081e+00  1.00090e+00
 9.77041e-01  1.00025e+00  1.00086e+00
 9.83819e-01  1.00037e+00  1.00082e+00
 9.90430e-01  1.00032e+00  1.00078e+00
 9.98077e-01  1.00003e+00  1.00074e+00
 1.00520e+00  1.00084e+00  1.00070e+00
 1.01205e+00  9.99890e-01  1.00066e+00
 1.01945e+00  1.00031e+00  1.00062e+00
 1.02757e+00  1.00006e+00  1.00057e+00
 1.03550e+00  9.99802e-01  1.00053e+00
 1.04385e+00  1.00018e+00  1.00048e+00
 1.05211e+00  1.00028e+00  1.00043e+00
 1.05982e+00  9.99480e-01  1.00038e+00
 1.06744e+00  1.00030e+00  1.00034e+00
 1.07579e+00  9.99962e-01  1.00029e+00
 1.08478e+00  9.99791e-01  1.00024e+00
 1.09243e+00  9.99744e-01  1.00019e+00
 1.09914e+00  9.99904e-01  1.00015e+00
 1.10808e+00  1.00007e+00  1.00010e+00
 1.11615e+00  9.99740e-01  1.00006e+00
 1.12316e+00  1.00015e+00  1.00001e+00
 1.13066e+00  9.99856e-01  9.99970e-01
 1.13896e+00  9.99970e-01  9.99922e-01
 1.14651e+00  9.99462e-01  9.99878e-01
 1.15437e+00  9.99690e-01  9.99833e-01
 1.16158e+00  9.99208e-01  9.99791e-01
 1.16769e+00  9.99602e-01  9.99756e-01
 1.17460e+00  9.99377e-01  9.99716e-01
 1.18246e+00  9.99639e-01  9.99671e-01
 1.18940e+00  9.99253e-01  9.99632e-01
 1.19705e+00  9.99570e-01  9.99588e-01
 1.20386e+00  9.99351e-01  9.99550e-01
 1.21125e+00  9.99228e-01  9.99508e-01
 1.21948e+00  9.99182e-01  9.99462e-01
 1.22613e+00  9.99032e-01  9.99425e-01
 1.23328e+00  9.99264e-01  9.99386e-01
 1.24113e+00  9.99033e-01  9.99343e-01
 1.24872e+00  9.99133e-01  9.99302e-01
 1.25584e+00  9.99015e-01  9.99263e-01
 1.26402e+00  9.99047e-01  9.99220e-01
 1.27110e+00  9.98557e-01  9.99182e-01
 1.27875e+00  9.99103e-01  9.99142e-01
 1.28603e+00  9.98737e-01  9.99104e-01
 1.29328e+00  9.98560e-01  9.99067e-01
 1.30398e+00  9.98687e-01  9.99013e-01
 1.31129e+00  9.98525e-01  9.98977e-01
 1.31933e+00  9.98610e-01  9.98937e-01
 1.32771e+00  9.98876e-01  9.98897e-01
 1.33431e+00  9.98479e-01  9.98865e-01
 1.34269e+00  9.98737e-01  9.98826e-01
 1.35079e+00  9.98761e-01  9.98790e-01
 1.35829e+00  9.98616e-01  9.98756e-01
 1.36606e+00  9.98896e-01  9.98722e-01
 1.37286e+00  9.98691e-01  9.98693e-01
 1.38048e+00  9.98948e-01  9.98662e-01
 1.38841e+00  9.98715e-01  9.98630e-01
 1.39464e+00  9.98583e-01  9.98605e-01
 1.40276e+00  9.98703e-01  9.98574e-01
 1.41038e+00  9.98758e-01  9.98546e-01
 1.41684e+00  9.98358e-01  9.98523e-01
 1.42432e+00  9.98771e-01  9.98498e-01
 1.43185e+00  9.98609e-01  9.98474e-01
 1.43886e+00  9.98520e-01  9.98452e-01
 1.44731e+00  9.98856e-01  9.98427e-01
 1.45497e+00  9.98412e-01  9.98406e-01
 1.46181e+00  9.98554e-01  9.98389e-01
 1.46950e+00  9.98926e-01  9.98371e-01
 1.47715e+00  9.98139e-01  9.98354e-01
 1.48392e+00  9.98615e-01  9.98341e-01
 1.49203e+00  9.98429e-01  9.98327e-01
 1.49970e+00  9.98505e-01  9.98316e-01
 1.50711e+00  9.98585e-01  9.98307e-01
 1.51456e+00  9.98546e-01  9.98299e-01
 1.52156e+00  9.97773e-01  9.98294e-01
 1.52958e+00  9.98541e-01  9.98291e-01
 1.53744e+00  9.98025e-01  9.98289e-01
 1.54598e+00  9.98363e-01  9.98291e-01
 1.55434e+00  9.98398e-01  9.98296e-01
 1.56141e+00  9.98037e-01  9.98302e-01
 1.57123e+00  9.98287e-01  9.98315e-01
 1.57923e+00  9.98268e-01  9.98329e-01
 1.58689e+00  9.98332e-01  9.98345e-01
 1.59601e+00  9.98746e-01  9.98368e-01
 1.60341e+00  9.97905e-01  9.98391e-01
 1.61130e+00  9.98769e-01  9.98418e-01
 1.61906e+00  9.98225e-01  9.98449e-01
 1.62654e+00  9.98445e-01  9.98482e-01
 1.63374e+00  9.98698e-01  9.98517e-01
 1.64193e+00  9.98446e-01  9.98561e-01
 1.64941e+00  9.98472e-01  9.98606e-01
 1.65772e+00  9.98546e-01  9.98660e-01
 1.66465e+00  9.98290e-01  9.98709e-01
 1.67169e+00  9.98555e-01  9.98762e-01
 1.68007e+00  9.98567e-01  9.98831e-01
 1.68684e+00  9.97788e-01  9.98891e-01
 1.69469e+00  9.98927e-01  9.98965e-01
 1.70350e+00  9.98691e-01  9.99054e-01
 1.71092e+00  9.98595e-01  9.99134e-01
 1.71869e+00  9.98816e-01  9.99224e-01
 1.72540e+00  9.98568e-01  9.99305e-01
 1.73265e+00  9.99282e-01  9.99398e-01
 1.74059e+00  9.98784e-01  9.99506e-01
 1.74890e+00  9.98983e-01  9.99624e-01
 1.75629e+00  9.99449e-01  9.99736e-01
 1.76511e+00  9.99175e-01  9.99875e-01
 1.77361e+00  9.99709e-01  1.00002e+00
 1.78279e+00  9.99904e-01  1.00018e+00
 1.79009e+00  9.99692e-01  1.00031e+00
 1.79716e+00  1.00006e+00  1.00045e+00
 1.80508e+00  1.00033e+00  1.00060e+00
 1.81195e+00  1.00026e+00  1.00074e+00
 1.81933e+00  1.00049e+00  1.00090e+00
 1.82881e+00  1.00077e+00  1.00110e+00
 1.83618e+00  1.00095e+00  1.00127e+00
 1.84369e+00  1.00138e+00  1.00144e+00
 1.85032e+00  1.00081e+00  1.00160e+00
 1.85700e+00  1.00160e+00  1.00176e+00
 1.86532e+00  1.00193e+00  1.00197e+00
 1.87409e+00  1.00194e+00  1.00219e+00
 1.88130e+00  1.00205e+00  1.00237e+00
 1.88968e+00  1.00275e+00  1.00259e+00
 1.89667e+00  1.00256e+00  1.00277e+00
 1.90376e+00  1.00301e+00  1.00296e+00
 1.91163e+00  1.00292e+00  1.00316e+00
 1.91969e+00  1.00322e+00  1.00338e+00
 1.92784e+00  1.00400e+00  1.00359e+00
 1.93428e+00  1.00298e+00  1.00376e+00
 1.94107e+00  1.00373e+00  1.00393e+00
 1.94994e+00  1.00413e+00  1.00415e+00
 1.95751e+00  1.00397e+00  1.00434e+00
 1.96528e+00  1.00452e+00  1.00452e+00
 1.97468e+00  1.00470e+00  1.00474e+00
 1.98228e+00  1.00504e+00  1.00490e+00
 1.99150e+00  1.00496e+00  1.00509e+00
 1.99843e+00  1.00493e+00  1.00522e+00
 2.00548e+00  1.00568e+00  1.00534e+00
 2.01359e+00  1.00547e+00  1.00547e+00
 2.02158e+00  1.00534e+00  1.00558e+00
 2.02958e+00  1.00599e+00  1.00567e+00
 2.03681e+00  1.00519e+00  1.00574e+00
 2.04387e+00  1.00616e+00  1.00579e+00
 2.05123e+00  1.00616e+00  1.00583e+00
 2.05916e+00  1.00564e+00  1.00585e+00
 2.06607e+00  1.00629e+00  1.00586e+00
 2.07464e+00  1.00580e+00  1.00584e+00
 2.08215e+00  1.00567e+00  1.00580e+00
 2.08964e+00  1.00603e+00  1.00574e+00
 2.09787e+00  1.00533e+00  1.00565e+00
 2.10508e+00  1.00551e+00  1.00555e+00
 2.11292e+00  1.00585e+00  1.00542e+00
 2.12087e+00  1.00498e+00  1.00526e+00
 2.12784e+00  1.00520e+00  1.00511e+00
 2.13553e+00  1.00510e+00  1.00492e+00
 2.14385e+00  1.00447e+00  1.00469e+00
 2.15060e+00  1.00488e+00  1.00449e+00
 2.15851e+00  1.00460e+00  1.00424e+00
 2.16933e+00  1.00431e+00  1.00386e+00
 2.17748e+00  1.00343e+00  1.00356e+00
 2.18476e+00  1.00280e+00  1.00328e+00
 2.19361e+00  1.00327e+00  1.00293e+00
 2.20146e+00  1.00243e+00  1.00260e+00
 2.20854e+00  1.00206e+00  1.00230e+00
 2.21499e+00  1.00212e+00  1.00203e+00
 2.22173e+00  1.00185e+00  1.00174e+00
 2.22832e+00  1.00106e+00  1.00145e+00
 2.23538e+00  1.00109e+00  1.00115e+00
 2.24294e+00  1.00060e+00  1.00083e+00
 2.25082e+00  1.00058e+00  1.00049e+00
 2.25773e+00  1.00036e+00  1.00021e+00
 2.26462e+00  9.99736e-01  9.99932e-01
 2.27257e+00  9.99653e-01  9.99622e-01
 2.28000e+00  9.99058e-01  9.99343e-01
 2.28680e+00  9.98713e-01  9.99099e-01
 2.29433e+00  9.99003e-01  9.98842e-01
 2.30103e+00  9.98619e-01  9.98626e-01
 2.30849e+00  9.98241e-01  9.98400e-01
 2.31534e+00  9.98313e-01  9.98207e-01
 2.32167e+00  9.98057e-01  9.98042e-01
 2.32867e+00  9.97521e-01  9.97874e-01
 2.33537e+00  9.97937e-01  9.97729e-01
 2.34240e+00  9.97639e-01  9.97592e-01
 2.34870e+00  9.97648e-01  9.97483e-01
 2.35534e+00  9.97634e-01  9.97383e-01
 2.36238e+00  9.97363e-01  9.97293e-01
 2.36944e+00  9.96852e-01  9.97219e-01
 2.37636e+00  9.97202e-01  9.97162e-01
 2.38319e+00  9.97425e-01  9.97121e-01
 2.39052e+00  9.96718e-01  9.97093e-01
 2.39750e+00  9.97032e-01  9.97081e-01
 2.40455e+00  9.96947e-01  9.97083e-01
 2.41138e+00  9.96926e-01  9.97097e-01
 2.41988e+00  9.97097e-01  9.97132e-01
 2.42695e+00  9.96897e-01  9.97175e-01
 2.43394e+00  9.96969e-01  9.97228e-01
 2.44034e+00  9.97035e-01  9.97286e-01
 2.44713e+00  9.96474e-01  9.97356e-01
 2.45352e+00  9.97024e-01  9.97429e-01
 2.46037e+00  9.97439e-01  9.97516e-01
 2.46741e+00  9.96690e-01  9.97612e-01
 2.47505e+00  9.97639e-01  9.97724e-01
 2.48148e+00  9.97345e-01  9.97823e-01
 2.48881e+00  9.97279e-01  9.97942e-01
 2.49518e+00  9.98127e-01  9.98049e-01
 2.50221e+00  9.97603e-01  9.98171e-01
 2.50954e+00  9.97856e-01  9.98301e-01
 2.51674e+00  9.97601e-01  9.98432e-01
 2.52305e+00  9.98345e-01  9.98548e-01
 2.52974e+00  9.98091e-01  9.98672e-01
 2.53664e+00  9.98882e-01  9.98801e-01
 2.54334e+00  9.98671e-01  9.98926e-01
 2.55077e+00  9.98078e-01  9.99064e-01
 2.55834e+00  9.99218e-01  9.99205e-01
 2.56589e+00  9.99335e-01  9.99344e-01
 2.57302e+00  9.99025e-01  9.99473e-01
 2.57998e+00  9.99608e-01  9.99598e-01
 2.58709e+00  9.99494e-01  9.99723e-01
 2.59420e+00  9.99846e-01  9.99846e-01
 2.60071e+00  1.00026e+00  9.99956e-01
 2.60702e+00  9.99735e-01  1.00006e+00
 2.61381e+00  9.99821e-01  1.00017e+00
 2.62120e+00  1.00026e+00  1.00029e+00
 2.62912e+00  1.00052e+00  1.00040e+00
 2.63660e+00  1.00021e+00  1.00051e+00
 2.64440e+00  1.00091e+00  1.00062e+00
 2.65060e+00  1.00050e+00  1.00071e+00
 2.65803e+00  1.00068e+00  1.00080e+00
 2.66523e+00  1.00136e+00  1.00089e+00
 2.67314e+00  1.00053e+00  1.00099e+00
 2.68080e+00  1.00118e+00  1.00107e+00
 2.68798e+00  1.00085e+00  1.00115e+00
 2.69505e+00  1.00119e+00  1.00122e+00
 2.70201e+00  1.00111e+00  1.00129e+00
 2.70990e+00  1.00138e+00  1.00136e+00
 2.71654e+00  1.00084e+00  1.00141e+00
 2.72341e+00  1.00155e+00  1.00147e+00
 2.73039e+00  1.00114e+00  1.00152e+00
 2.73738e+00  1.00118e+00  1.00157e+00
 2.74611e+00  1.00137e+00  1.00162e+00
 2.75503e+00  1.00101e+00  1.00167e+00
 2.76295e+00  1.00150e+00  1.00171e+00
 2.77105e+00  1.00137e+00  1.00175e+00
 2.77868e+00  1.00099e+00  1.00178e+00
 2.78554e+00  1.00161e+00  1.00181e+00
 2.79208e+00  1.00136e+00  1.00183e+00
 2.79852e+00  1.00084e+00  1.00185e+00
 2.80604e+00  1.00114e+00  1.00187e+00
 2.81290e+00  1.00129e+00  1.00188e+00
 2.81890e+00  1.00215e+00  1.00190e+00
 2.82526e+00  1.00092e+00  1.00190e+00
 2.83198e+00  1.00167e+00  1.00191e+00
 2.83894e+00  1.00212e+00  1.00192e+00
 2.84547e+00  1.00106e+00  1.00192e+00
 2.85226e+00  1.00132e+00  1.00192e+00
 2.85876e+00  1.00227e+00  1.00192e+00
 2.86524e+00  1.00076e+00  1.00192e+00
 2.87284e+00  1.00156e+00  1.00192e+00
 2.87941e+00  1.00172e+00  1.00191e+00
 2.88660e+00  1.00110e+00  1.00190e+00
 2.89440e+00  1.00119e+00  1.00189e+00
 2.90043e+00  1.00174e+00  1.00188e+00
 2.90671e+00  1.00106e+00  1.00187e+00
 2.91361e+00  1.00105e+00  1.00186e+00
 2.92027e+00  1.00196e+00  1.00184e+00
 2.92695e+00  1.00154e+00  1.00182e+00
 2.93426e+00  1.00108e+00  1.00180e+00
 2.94200e+00  1.00209e+00  1.00178e+00
 2.94935e+00  1.00108e+00  1.00176e+00
 2.95690e+00  1.00107e+00  1.00174e+00
 2.96293e+00  1.00154e+00  1.00172e+00
 2.96939e+00  1.00082e+00  1.00169e+00
 2.97818e+00  1.00129e+00  1.00166e+00
 2.98431e+00  1.00142e+00  1.00164e+00
 2.99079e+00  1.00054e+00  1.00161e+00
 2.99754e+00  1.00111e+00  1.00158e+00
 3.00423e+00  1.00166e+00  1.00156e+00
 3.01160e+00  1.00057e+00  1.00152e+00
 3.01904e+00  1.00118e+00  1.00149e+00
 3.02588e+00  1.00137e+00  1.00146e+00
 3.03304e+00  1.00125e+00  1.00143e+00
 3.04171e+00  1.00107e+00  1.00139e+00
 3.04834e+00  1.00086e+00  1.00135e+00
 3.05526e+00  1.00018e+00  1.00132e+00
 3.06298e+00  1.00064e+00  1.00128e+00
 3.07052e+00  1.00146e+00  1.00124e+00
 3.07724e+00  1.00059e+00  1.00121e+00
 3.08436e+00  1.00024e+00  1.00117e+00
 3.09075e+00  1.00091e+00  1.00114e+00
 3.09733e+00  1.00069e+00  1.00110e+00
 3.10484e+00  1.00032e+00  1.00106e+00
 3.11220e+00  1.00049e+00  1.00102e+00
 3.12001e+00  1.00035e+00  1.00098e+00
 3.12784e+00  1.00028e+00  1.00094e+00
 3.13447e+00  1.00081e+00  1.00090e+00
 3.14192e+00  1.00025e+00  1.00086e+00
 3.14870e+00  1.00037e+00  1.00082e+00
 3.15531e+00  1.00032e+00  1.00078e+00
 3.16296e+00  1.00003e+00  1.00074e+00
 3.17008e+00  1.00084e+00  1.00070e+00
 3.17693e+00  9.99890e-01  1.00066e+00
 3.18433e+00  1.00031e+00  1.00062e+00
 3.19244e+00  1.00006e+00  1.00057e+00
 3.20038e+00  9.99802e-01  1.00053e+00
 3.20873e+00  1.00018e+00  1.00048e+00
 3.21699e+00  1.00028e+00  1.00043e+00
 3.22470e+00  9.99480e-01  1.00038e+00
 3.23232e+00  1.00030e+00  1.00034e+00
 3.24067e+00  9.99962e-01  1.00029e+00
 3.24966e+00  9.99791e-01  1.00024e+00
 3.25731e+00  9.99744e-01  1.00019e+00
 3.26402e+00  9.99904e-01  1.00015e+00
 3.27296e+00  1.00007e+00  1.00010e+00
 3.28103e+00  9.99740e-01  1.00006e+00
 3.28803e+00  1.00015e+00  1.00001e+00
 3.29554e+00  9.99856e-01  9.99970e-01
 3.30384e+00  9.99970e-01  9.99922e-01
 3.31139e+00  9.99462e-01  9.99878e-01
 3.31925e+00  9.99690e-01  9.99833e-01
 3.32646e+00  9.99208e-01  9.99791e-01
 3.33257e+00  9.99602e-01  9.99756e-01
 3.33947e+00  9.99377e-01  9.99716e-01
 3.34734e+00  9.99639e-01  9.99671e-01
 3.35428e+00  9.99253e-01  9.99632e-01
 3.36193e+00  9.99570e-01  9.99588e-01
 3.36874e+00  9.99351e-01  9.99550e-01
 3.37613e+00  9.99228e-01  9.99508e-01
 3.38436e+00  9.99182e-01  9.99462e-01
 3.39101e+00  9.99032e-01  9.99425e-01
 3.39816e+00  9.99264e-01  9.99386e-01
 3.40600e+00  9.99033e-01  9.99343e-01
 3.41360e+00  9.99133e-01  9.99302e-01
 3.42072e+00  9.99015e-01  9.99263e-01
 3.42890e+00  9.99047e-01  9.99220e-01
 3.43598e+00  9.98557e-01  9.99182e-01
 3.44362e+00  9.99103e-01  9.99142e-01
 3.45091e+00  9.98737e-01  9.99104e-01
 3.45816e+00  9.98560e-01  9.99067e-01
 3.46885e+00  9.98687e-01  9.99013e-01
 3.47617e+00  9.98525e-01  9.98977e-01
 3.48421e+00  9.98610e-01  9.98937e-01
 3.49259e+00  9.98876e-01  9.98897e-01
 3.49919e+00  9.98479e-01  9.98865e-01
 3.50756e+00  9.98737e-01  9.98826e-01
 3.51566e+00  9.98761e-01  9.98790e-01
 3.52317e+00  9.98616e-01  9.98756e-01
 3.53093e+00  9.98896e-01  9.98722e-01
 3.53774e+00  9.98691e-01  9.98693e-01
 3.54536e+00  9.98948e-01  9.98662e-01
 3.55329e+00  9.98715e-01  9.98630e-01
 3.55952e+00  9.98583e-01  9.98605e-01
 3.56764e+00  9.98703e-01  9.98574e-01
 3.57526e+00  9.98758e-01  9.98546e-01
 3.58172e+00  9.98358e-01  9.98523e-01
 3.58920e+00  9.98771e-01  9.98498e-01
 3.59673e+00  9.98609e-01  9.98474e-01
 3.60373e+00  9.98520e-01  9.98452e-01
 3.61218e+00  9.98856e-01  9.98427e-01
 3.61984e+00  9.98412e-01  9.98406e-01
 3.62669e+00  9.98554e-01  9.98389e-01
 3.63438e+00  9.98926e-01  9.98371e-01
 3.64203e+00  9.98139e-01  9.98354e-01
 3.64880e+00  9.98615e-01  9.98341e-01
 3.65690e+00  9.98429e-01  9.98327e-01
 3.66458e+00  9.98505e-01  9.98316e-01
 3.67199e+00  9.98585e-01  9.98307e-01
 3.67944e+00  9.98546e-01  9.98299e-01
 3.68644e+00  9.97773e-01  9.98294e-01
 3.69446e+00  9.98541e-01  9.98291e-01
 3.70232e+00  9.98025e-01  9.98289e-01
 3.71086e+00  9.98363e-01  9.98291e-01
 3.71922e+00  9.98398e-01  9.98296e-01
 3.72629e+00  9.98037e-01  9.98302e-01
 3.73611e+00  9.98287e-01  9.98315e-01
 3.74410e+00  9.98268e-01  9.98329e-01
 3.75177e+00  9.98332e-01  9.98345e-01
 3.76089e+00  9.98746e-01  9.98368e-01
 3.76829e+00  9.97905e-01  9.98391e-01
 3.77618e+00  9.98769e-01  9.98418e-01
 3.78394e+00  9.98225e-01  9.98449e-01
 3.79141e+00  9.98445e-01  9.98482e-01
 3.79861e+00  9.98698e-01  9.98517e-01
 3.80681e+00  9.98446e-01  9.98561e-01
 3.81429e+00  9.98472e-01  9.98606e-01
 3.82260e+00  9.98546e-01  9.98660e-01
 3.82953e+00  9.98290e-01  9.98709e-01
 3.83657e+00  9.98555e-01  9.98762e-01
 3.84495e+00  9.98567e-01  9.98831e-01
 3.85172e+00  9.97788e-01  9.98891e-01
 3.85957e+00  9.98927e-01  9.98965e-01
 3.86838e+00  9.98691e-01  9.99054e-01
 3.87580e+00  9.98595e-01  9.99134e-01
 3.88357e+00  9.98816e-01  9.99224e-01
 3.89028e+00  9.98568e-01  9.99305e-01
 3.89753e+00  9.99282e-01  9.99398e-01
 3.90547e+00  9.98784e-01  9.99506e-01
 3.91378e+00  9.98983e-01  9.99624e-01
 3.92117e+00  9.99449e-01  9.99736e-01
 3.92999e+00  9.99175e-01  9.99875e-01
 3.93849e+00  9.99709e-01  1.00002e+00
 3.94767e+00  9.99904e-01  1.00018e+00
 3.95497e+00  9.99692e-01  1.00031e+00
 3.96204e+00  1.00006e+00  1.00045e+00
 3.96996e+00  1.00033e+00  1.00060e+00
 3.97683e+00  1.00026e+00  1.00074e+00
 3.98421e+00  1.00049e+00  1.00090e+00
 3.99369e+00  1.00077e+00  1.00110e+00
 4.00106e+00  1.00095e+00  1.00127e+00
 4.00857e+00  1.00138e+00  1.00144e+00
 4.01520e+00  1.00081e+00  1.00160e+00
 4.02188e+00  1.00160e+00  1.00176e+00
 4.03020e+00  1.00193e+00  1.00197e+00
 4.03897e+00  1.00194e+00  1.00219e+00
 4.04618e+00  1.00205e+00  1.00237e+00
 4.05456e+00  1.00275e+00  1.00259e+00
 4.06154e+00  1.00256e+00  1.00277e+00
 4.06864e+00  1.00301e+00  1.00296e+00
 4.07651e+00  1.00292e+00  1.00316e+00
 4.08457e+00  1.00322e+00  1.00338e+00
 4.09272e+00  1.00400e+00  1.00359e+00
 4.09916e+00  1.00298e+00  1.00376e+00
 4.10595e+00  1.00373e+00  1.00393e+00
 4.11482e+00  1.00413e+00  1.00415e+00
 4.12239e+00  1.00397e+00  1.00434e+00
 4.13016e+00  1.00452e+00  1.00452e+00
 4.13955e+00  1.00470e+00  1.00474e+00
 4.14716e+00  1.00504e+00  1.00490e+00
 4.15638e+00  1.00496e+00  1.00509e+00
 4.16331e+00  1.00493e+00  1.00522e+00
 4.17036e+00  1.00568e+00  1.00534e+00
 4.17847e+00  1.00547e+00  1.00547e+00
 4.18646e+00  1.00534e+00  1.00558e+00
 4.19445e+00  1.00599e+00  1.00567e+00
 4.20169e+00  1.00519e+00  1.00574e+00
 4.20875e+00  1.00616e+00  1.00579e+00
 4.21611e+00  1.00616e+00  1.00583e+00
 4.22404e+00  1.00564e+00  1.00585e+00
 4.23095e+00  1.00629e+00  1.00586e+00
 4.23952e+00  1.00580e+00  1.00584e+00
 4.24703e+00  1.00567e+00  1.00580e+00
 4.25452e+00  1.00603e+00  1.00574e+00
 4.26275e+00  1.00533e+00  1.00565e+00
 4.26996e+00  1.00551e+00  1.00555e+00
 4.27780e+00  1.00585e+00  1.00542e+00
 4.28575e+00  1.00498e+00  1.00526e+00
 4.29272e+00  1.00520e+00  1.00511e+00
 4.30041e+00  1.00510e+00  1.00492e+00
 4.30873e+00  1.00447e+00  1.00469e+00
 4.31547e+00  1.00488e+00  1.00449e+00
 4.32339e+00  1.00460e+00  1.00424e+00
