2212
 1.79070e+03  9.98009e-01  2.16848e+04
 0.00000e+00  1.79072e+03  2.20260e+04
 9.96094e-01  0.00000e+00  2.23705e+04
 9.98080e-01  9.96159e-01  2.23716e+04
 1.79077e+03  9.97832e-01  2.16848e+04
 0.00000e+00  1.79079e+03  2.20260e+04
 9.95616e-01  0.00000e+00  2.23702e+04
 9.98216e-01  9.96227e-01  2.23716e+04
 1.79083e+03  9.98312e-01  2.16848e+04
 0.00000e+00  1.79085e+03  2.20260e+04
 9.95655e-01  0.00000e+00  2.23702e+04
 9.98795e-01  9.94405e-01  2.23719e+04
 1.79089e+03  9.98529e-01  2.16848e+04
 0.00000e+00  1.79091e+03  2.20260e+04
 9.92431e-01  0.00000e+00  2.23685e+04
 9.98204e-01  9.95136e-01  2.23716e+04
 1.79095e+03  9.97766e-01  2.16848e+04
 0.00000e+00  1.79097e+03  2.20260e+04
 9.91827e-01  0.00000e+00  2.23682e+04
 9.98488e-01  9.92103e-01  2.23718e+04
 1.79102e+03  9.97277e-01  2.16848e+04
 0.00000e+00  1.79104e+03  2.20260e+04
 9.93287e-01  0.00000e+00  2.23690e+04
 9.98438e-01  9.92826e-01  2.23717e+04
 1.79108e+03  9.98506e-01  2.16848e+04
 0.00000e+00  1.79110e+03  2.20260e+04
 9.93708e-01  0.00000e+00  2.23692e+04
 1.00112e+00  9.53076e-01  2.23732e+04
 1.79141e+03  1.00364e+00  2.16848e+04
 0.00000e+00  1.79143e+03  2.20260e+04
 9.45265e-01  0.00000e+00  2.23438e+04
 1.00285e+00  9.45527e-01  2.23741e+04
 1.79147e+03  1.00111e+00  2.16848e+04
 0.00000e+00  1.79149e+03  2.20260e+04
 9.46787e-01  0.00000e+00  2.23445e+04
 1.00010e+00  9.48138e-01  2.23726e+04
 1.79154e+03  9.99263e-01  2.16848e+04
 0.00000e+00  1.79156e+03  2.20260e+04
 9.50905e-01  0.00000e+00  2.23467e+04
 9.98853e-01  9.52934e-01  2.23720e+04
 1.79160e+03  9.98088e-01  2.16848e+04
 0.00000e+00  1.79162e+03  2.20260e+04
 9.56097e-01  0.00000e+00  2.23493e+04
 9.97837e-01  9.59477e-01  2.23714e+04
 1.79166e+03  9.97642e-01  2.16848e+04
 0.00000e+00  1.79168e+03  2.20260e+04
 9.63135e-01  0.00000e+00  2.23530e+04
 9.97383e-01  9.65944e-01  2.23712e+04
 1.79172e+03  1.02875e+00  2.16848e+04
 0.00000e+00  1.79174e+03  2.20260e+04
 9.70465e-01  0.00000e+00  2.23568e+04
 9.98473e-01  9.72211e-01  2.23718e+04
 1.79179e+03  9.98321e-01  2.16848e+04
 0.00000e+00  1.79181e+03  2.20260e+04
 9.75767e-01  0.00000e+00  2.23596e+04
 9.99143e-01  9.77873e-01  2.23721e+04
 1.79185e+03  9.98898e-01  2.16848e+04
 0.00000e+00  1.79187e+03  2.20260e+04
 9.80813e-01  0.00000e+00  2.23623e+04
 1.00015e+00  9.82309e-01  2.23727e+04
 1.79191e+03  1.00001e+00  2.16848e+04
 0.00000e+00  1.79193e+03  2.20260e+04
 9.85307e-01  0.00000e+00  2.23647e+04
 1.00059e+00  9.86124e-01  2.23729e+04
 1.79197e+03  1.00130e+00  2.16848e+04
 0.00000e+00  1.79199e+03  2.20260e+04
 9.88299e-01  0.00000e+00  2.23663e+04
 1.00055e+00  9.88901e-01  2.23729e+04
 1.79204e+03  1.00065e+00  2.16848e+04
 0.00000e+00  1.79206e+03  2.20260e+04
 9.90358e-01  0.00000e+00  2.23674e+04
 1.00079e+00  9.90849e-01  2.23730e+04
 1.79210e+03  1.00092e+00  2.16848e+04
 0.00000e+00  1.79212e+03  2.20260e+04
 9.90318e-01  0.00000e+00  2.23674e+04
 1.00057e+00  9.90610e-01  2.23729e+04
 1.79216e+03  1.00101e+00  2.16848e+04
 0.00000e+00  1.79218e+03  2.20260e+04
 9.92324e-01  0.00000e+00  2.23684e+04
 1.00066e+00  9.93159e-01  2.23729e+04
 1.79222e+03  1.00085e+00  2.16848e+04
 0.00000e+00  1.79224e+03  2.20260e+04
 9.94811e-01  0.00000e+00  2.23698e+04
 1.00017e+00  9.94671e-01  2.23727e+04
 1.79229e+03  1.00080e+00  2.16848e+04
 0.00000e+00  1.79231e+03  2.20260e+04
 9.95737e-01  0.00000e+00  2.23703e+04
 9.99993e-01  9.95489e-01  2.23726e+04
 1.79235e+03  1.00002e+00  2.16848e+04
 0.00000e+00  1.79237e+03  2.20260e+04
 9.96483e-01  0.00000e+00  2.23707e+04
 1.00048e+00  9.96963e-01  2.23728e+04
 1.79241e+03  1.00051e+00  2.16848e+04
 0.00000e+00  1.79243e+03  2.20260e+04
 9.96845e-01  0.00000e+00  2.23709e+04
 9.99770e-01  9.96628e-01  2.23725e+04
 1.79247e+03  1.00003e+00  2.16848e+04
 0.00000e+00  1.79249e+03  2.20260e+04
 9.97582e-01  0.00000e+00  2.23713e+04
 1.00015e+00  9.97472e-01  2.23727e+04
 1.79254e+03  1.00030e+00  2.16848e+04
 0.00000e+00  1.79256e+03  2.20260e+04
 9.97858e-01  0.00000e+00  2.23714e+04
 1.00016e+00  9.98595e-01  2.23727e+04
 1.79260e+03  1.00042e+00  2.16848e+04
 0.00000e+00  1.79262e+03  2.20260e+04
 9.98588e-01  0.00000e+00  2.23718e+04
 1.00030e+00  9.98658e-01  2.23728e+04
 1.79266e+03  9.99915e-01  2.16848e+04
 0.00000e+00  1.79268e+03  2.20260e+04
 9.98532e-01  0.00000e+00  2.23718e+04
 9.98751e-01  9.95673e-01  2.23719e+04
 1.79272e+03  9.99459e-01  2.16848e+04
 0.00000e+00  1.79274e+03  2.20260e+04
 9.97928e-01  0.00000e+00  2.23715e+04
 9.99038e-01  9.98239e-01  2.23721e+04
 1.79279e+03  9.99738e-01  2.16848e+04
 0.00000e+00  1.79281e+03  2.20260e+04
 9.99287e-01  0.00000e+00  2.23722e+04
 9.99544e-01  9.99147e-01  2.23723e+04
 1.79285e+03  1.00014e+00  2.16848e+04
 0.00000e+00  1.79287e+03  2.20260e+04
 9.99614e-01  0.00000e+00  2.23724e+04
 9.99731e-01  9.99208e-01  2.23724e+04
 1.79291e+03  1.00001e+00  2.16848e+04
 0.00000e+00  1.79293e+03  2.20260e+04
 1.00077e+00  0.00000e+00  2.23730e+04
 1.00020e+00  9.99861e-01  2.23727e+04
 1.79297e+03  9.99848e-01  2.16848e+04
 0.00000e+00  1.79299e+03  2.20260e+04
 1.00036e+00  0.00000e+00  2.23728e+04
 9.99968e-01  1.00029e+00  2.23726e+04
 1.79304e+03  9.99818e-01  2.16848e+04
 0.00000e+00  1.79306e+03  2.20260e+04
 9.99414e-01  0.00000e+00  2.23723e+04
 9.99202e-01  9.99487e-01  2.23722e+04
 1.79310e+03  9.99366e-01  2.16848e+04
 0.00000e+00  1.79312e+03  2.20260e+04
 1.00118e+00  0.00000e+00  2.23732e+04
 9.99600e-01  1.00080e+00  2.23724e+04
 1.79316e+03  9.99681e-01  2.16848e+04
 0.00000e+00  1.79318e+03  2.20260e+04
 9.99933e-01  0.00000e+00  2.23726e+04
 9.99868e-01  1.00095e+00  2.23725e+04
 1.79322e+03  1.00007e+00  2.16848e+04
 0.00000e+00  1.79324e+03  2.20260e+04
 1.00103e+00  0.00000e+00  2.23731e+04
 9.99545e-01  1.00060e+00  2.23723e+04
 1.79329e+03  9.99418e-01  2.16848e+04
 0.00000e+00  1.79331e+03  2.20260e+04
 1.00082e+00  0.00000e+00  2.23730e+04
 9.99877e-01  1.00051e+00  2.23725e+04
 1.79335e+03  9.99341e-01  2.16848e+04
 0.00000e+00  1.79337e+03  2.20260e+04
 1.00091e+00  0.00000e+00  2.23731e+04
 9.99850e-01  1.00118e+00  2.23725e+04
 1.79341e+03  1.00008e+00  2.16848e+04
 0.00000e+00  1.79343e+03  2.20260e+04
 1.00141e+00  0.00000e+00  2.23734e+04
 9.99786e-01  1.00087e+00  2.23725e+04
 1.79347e+03  9.99916e-01  2.16848e+04
 0.00000e+00  1.79349e+03  2.20260e+04
 1.00089e+00  0.00000e+00  2.23731e+04
 9.99603e-01  1.00068e+00  2.23724e+04
 1.79354e+03  1.00048e+00  2.16848e+04
 0.00000e+00  1.79356e+03  2.20260e+04
 1.00123e+00  0.00000e+00  2.23733e+04
 9.99677e-01  1.00118e+00  2.23724e+04
 1.79360e+03  9.99457e-01  2.16848e+04
 0.00000e+00  1.79362e+03  2.20260e+04
 1.00096e+00  0.00000e+00  2.23731e+04
 9.99304e-01  1.00101e+00  2.23722e+04
 1.79366e+03  9.99634e-01  2.16848e+04
 0.00000e+00  1.79368e+03  2.20260e+04
 1.00036e+00  0.00000e+00  2.23728e+04
 9.99166e-01  1.00071e+00  2.23721e+04
 1.79372e+03  9.99602e-01  2.16848e+04
 0.00000e+00  1.79374e+03  2.20260e+04
 1.00070e+00  0.00000e+00  2.23730e+04
 9.99475e-01  1.00101e+00  2.23723e+04
 1.79379e+03  9.99467e-01  2.16848e+04
 0.00000e+00  1.79381e+03  2.20260e+04
 1.00043e+00  0.00000e+00  2.23728e+04
 9.99347e-01  1.00042e+00  2.23722e+04
 1.79385e+03  9.99744e-01  2.16848e+04
 0.00000e+00  1.79387e+03  2.20260e+04
 1.00136e+00  0.00000e+00  2.23733e+04
 9.99842e-01  1.00093e+00  2.23725e+04
 1.79391e+03  9.99709e-01  2.16848e+04
 0.00000e+00  1.79393e+03  2.20260e+04
 1.00086e+00  0.00000e+00  2.23731e+04
 9.99815e-01  1.00060e+00  2.23725e+04
 1.79397e+03  9.99456e-01  2.16848e+04
 0.00000e+00  1.79399e+03  2.20260e+04
 1.00135e+00  0.00000e+00  2.23733e+04
 9.99853e-01  1.00096e+00  2.23725e+04
 1.79404e+03  9.99592e-01  2.16848e+04
 0.00000e+00  1.79406e+03  2.20260e+04
 1.00084e+00  0.00000e+00  2.23730e+04
 9.99973e-01  1.00058e+00  2.23726e+04
 1.79410e+03  9.99891e-01  2.16848e+04
 0.00000e+00  1.79412e+03  2.20260e+04
 1.00061e+00  0.00000e+00  2.23729e+04
 9.99885e-01  1.00099e+00  2.23725e+04
 1.79416e+03  1.00004e+00  2.16848e+04
 0.00000e+00  1.79418e+03  2.20260e+04
 1.00103e+00  0.00000e+00  2.23731e+04
 1.00028e+00  1.00091e+00  2.23727e+04
 1.79422e+03  1.00052e+00  2.16848e+04
 0.00000e+00  1.79424e+03  2.20260e+04
 1.00106e+00  0.00000e+00  2.23732e+04
 1.00018e+00  1.00046e+00  2.23727e+04
 1.79429e+03  1.00023e+00  2.16848e+04
 0.00000e+00  1.79431e+03  2.20260e+04
 1.00096e+00  0.00000e+00  2.23731e+04
 1.00055e+00  1.00144e+00  2.23729e+04
 1.79435e+03  1.00032e+00  2.16848e+04
 0.00000e+00  1.79437e+03  2.20260e+04
 1.00015e+00  0.00000e+00  2.23727e+04
 1.00004e+00  1.00068e+00  2.23726e+04
 1.79441e+03  9.99671e-01  2.16848e+04
 0.00000e+00  1.79443e+03  2.20260e+04
 1.00075e+00  0.00000e+00  2.23730e+04
 9.99891e-01  1.00046e+00  2.23725e+04
 1.79447e+03  1.00016e+00  2.16848e+04
 0.00000e+00  1.79449e+03  2.20260e+04
 1.00095e+00  0.00000e+00  2.23731e+04
 1.00035e+00  1.00107e+00  2.23728e+04
 1.79454e+03  9.99544e-01  2.16848e+04
 0.00000e+00  1.79456e+03  2.20260e+04
 9.99742e-01  0.00000e+00  2.23724e+04
 1.00038e+00  1.00045e+00  2.23728e+04
 1.79460e+03  9.99963e-01  2.16848e+04
 0.00000e+00  1.79462e+03  2.20260e+04
 1.00019e+00  0.00000e+00  2.23727e+04
 9.99435e-01  1.00019e+00  2.23723e+04
 1.79466e+03  9.99773e-01  2.16848e+04
 0.00000e+00  1.79468e+03  2.20260e+04
 9.98882e-01  0.00000e+00  2.23720e+04
 9.99390e-01  9.99425e-01  2.23723e+04
 1.79472e+03  9.99498e-01  2.16848e+04
 0.00000e+00  1.79474e+03  2.20260e+04
 9.99468e-01  0.00000e+00  2.23723e+04
 9.99555e-01  9.99144e-01  2.23723e+04
 1.79479e+03  9.99479e-01  2.16848e+04
 0.00000e+00  1.79481e+03  2.20260e+04
 9.99735e-01  0.00000e+00  2.23724e+04
 9.98970e-01  9.99048e-01  2.23720e+04
 1.79485e+03  9.99016e-01  2.16848e+04
 0.00000e+00  1.79487e+03  2.20260e+04
 9.98051e-01  0.00000e+00  2.23715e+04
 9.99253e-01  9.98898e-01  2.23722e+04
 1.79491e+03  9.99412e-01  2.16848e+04
 0.00000e+00  1.79493e+03  2.20260e+04
 9.97687e-01  0.00000e+00  2.23713e+04
-8.85190e-16  8.67909e-01  2.20260e+04
 1.79497e+03  9.99889e-01  2.16848e+04
 0.00000e+00  1.79499e+03  2.20260e+04
 9.98413e-01  0.00000e+00  2.23717e+04
 9.99205e-01  9.99946e-01  2.23722e+04
 1.79504e+03  9.99722e-01  2.16848e+04
 0.00000e+00  1.79506e+03  2.20260e+04
 1.00117e+00  0.00000e+00  2.23732e+04
 9.99578e-01  1.00034e+00  2.23724e+04
 1.79510e+03  9.99808e-01  2.16848e+04
 0.00000e+00  1.79512e+03  2.20260e+04
 1.00121e+00  0.00000e+00  2.23732e+04
 9.99644e-01  1.00074e+00  2.23724e+04
 1.79516e+03  9.99665e-01  2.16848e+04
 0.00000e+00  1.79518e+03  2.20260e+04
 1.00118e+00  0.00000e+00  2.23732e+04
 1.00074e+00  1.00100e+00  2.23730e+04
 1.79522e+03  1.00025e+00  2.16848e+04
 0.00000e+00  1.79524e+03  2.20260e+04
 9.99829e-01  0.00000e+00  2.23725e+04
 1.00067e+00  1.00096e+00  2.23730e+04
 1.79529e+03  1.00051e+00  2.16848e+04
 0.00000e+00  1.79531e+03  2.20260e+04
 1.00109e+00  0.00000e+00  2.23732e+04
 1.00112e+00  1.00245e+00  2.23732e+04
 1.79535e+03  1.00138e+00  2.16848e+04
 0.00000e+00  1.79537e+03  2.20260e+04
 1.00321e+00  0.00000e+00  2.23743e+04
 1.00251e+00  1.00352e+00  2.23739e+04
 1.79541e+03  1.00220e+00  2.16848e+04
 0.00000e+00  1.79543e+03  2.20260e+04
 1.00348e+00  0.00000e+00  2.23745e+04
 1.00267e+00  1.00347e+00  2.23740e+04
 1.79547e+03  1.00317e+00  2.16848e+04
 0.00000e+00  1.79549e+03  2.20260e+04
 1.00498e+00  0.00000e+00  2.23753e+04
 1.00365e+00  1.00511e+00  2.23746e+04
 1.79554e+03  1.00288e+00  2.16848e+04
 0.00000e+00  1.79556e+03  2.20260e+04
 1.00420e+00  0.00000e+00  2.23749e+04
 1.00341e+00  1.00480e+00  2.23744e+04
 1.79560e+03  1.00243e+00  2.16848e+04
 0.00000e+00  1.79562e+03  2.20260e+04
 1.00365e+00  0.00000e+00  2.23746e+04
 1.00252e+00  1.00359e+00  2.23740e+04
 1.79566e+03  1.00187e+00  2.16848e+04
 0.00000e+00  1.79568e+03  2.20260e+04
 1.00333e+00  0.00000e+00  2.23744e+04
 1.00222e+00  1.00419e+00  2.23738e+04
 1.79572e+03  1.00147e+00  2.16848e+04
 0.00000e+00  1.79574e+03  2.20260e+04
 1.00360e+00  0.00000e+00  2.23745e+04
 1.00148e+00  1.00299e+00  2.23734e+04
 1.79579e+03  1.00138e+00  2.16848e+04
 0.00000e+00  1.79581e+03  2.20260e+04
 1.00252e+00  0.00000e+00  2.23740e+04
 1.00117e+00  1.00269e+00  2.23732e+04
 1.79585e+03  1.00051e+00  2.16848e+04
 0.00000e+00  1.79587e+03  2.20260e+04
 1.00246e+00  0.00000e+00  2.23739e+04
 1.00037e+00  1.00240e+00  2.23728e+04
 1.79591e+03  1.00005e+00  2.16848e+04
 0.00000e+00  1.79593e+03  2.20260e+04
 1.00200e+00  0.00000e+00  2.23737e+04
 1.00068e+00  1.00232e+00  2.23730e+04
 1.79597e+03  1.00066e+00  2.16848e+04
 0.00000e+00  1.79599e+03  2.20260e+04
 1.00249e+00  0.00000e+00  2.23739e+04
 1.00041e+00  1.00214e+00  2.23728e+04
 1.79604e+03  1.00012e+00  2.16848e+04
 0.00000e+00  1.79606e+03  2.20260e+04
 1.00182e+00  0.00000e+00  2.23736e+04
 9.99407e-01  1.00165e+00  2.23723e+04
 1.79610e+03  1.00032e+00  2.16848e+04
 0.00000e+00  1.79612e+03  2.20260e+04
 1.00206e+00  0.00000e+00  2.23737e+04
 1.00030e+00  1.00199e+00  2.23728e+04
 1.79616e+03  9.99375e-01  2.16848e+04
 0.00000e+00  1.79618e+03  2.20260e+04
 1.00172e+00  0.00000e+00  2.23735e+04
 9.99520e-01  1.00160e+00  2.23723e+04
 1.79622e+03  9.99703e-01  2.16848e+04
 0.00000e+00  1.79624e+03  2.20260e+04
 1.00172e+00  0.00000e+00  2.23735e+04
 9.99867e-01  1.00159e+00  2.23725e+04
 1.79629e+03  9.99478e-01  2.16848e+04
 0.00000e+00  1.79631e+03  2.20260e+04
 1.00127e+00  0.00000e+00  2.23733e+04
 9.99839e-01  1.00180e+00  2.23725e+04
 1.79635e+03  9.99380e-01  2.16848e+04
 0.00000e+00  1.79637e+03  2.20260e+04
 1.00093e+00  0.00000e+00  2.23731e+04
 9.98929e-01  1.00113e+00  2.23720e+04
 1.79641e+03  9.99030e-01  2.16848e+04
 0.00000e+00  1.79643e+03  2.20260e+04
 1.00110e+00  0.00000e+00  2.23732e+04
 9.99248e-01  1.00070e+00  2.23722e+04
 1.79647e+03  1.00048e+00  2.16848e+04
 0.00000e+00  1.79649e+03  2.20260e+04
 1.00140e+00  0.00000e+00  2.23733e+04
 9.99078e-01  1.00080e+00  2.23721e+04
 1.79654e+03  9.99033e-01  2.16848e+04
 0.00000e+00  1.79656e+03  2.20260e+04
 1.00113e+00  0.00000e+00  2.23732e+04
 1.00061e+00  1.00117e+00  2.23729e+04
 1.79660e+03  9.99835e-01  2.16848e+04
 0.00000e+00  1.79662e+03  2.20260e+04
 1.00083e+00  0.00000e+00  2.23730e+04
 1.00033e+00  1.00072e+00  2.23728e+04
 1.79666e+03  9.99090e-01  2.16848e+04
 0.00000e+00  1.79668e+03  2.20260e+04
 1.00103e+00  0.00000e+00  2.23731e+04
 1.00013e+00  1.00095e+00  2.23727e+04
 1.79672e+03  1.00013e+00  2.16848e+04
 0.00000e+00  1.79674e+03  2.20260e+04
 1.00098e+00  0.00000e+00  2.23731e+04
 1.00016e+00  1.00038e+00  2.23727e+04
 1.79679e+03  9.99726e-01  2.16848e+04
 0.00000e+00  1.79681e+03  2.20260e+04
 1.00076e+00  0.00000e+00  2.23730e+04
 9.99873e-01  1.00016e+00  2.23725e+04
 1.79685e+03  1.00007e+00  2.16848e+04
 0.00000e+00  1.79687e+03  2.20260e+04
 1.00078e+00  0.00000e+00  2.23730e+04
 9.99908e-01  1.00037e+00  2.23725e+04
 1.79691e+03  1.00033e+00  2.16848e+04
 0.00000e+00  1.79693e+03  2.20260e+04
 1.00086e+00  0.00000e+00  2.23731e+04
 1.00006e+00  1.00077e+00  2.23726e+04
 1.79697e+03  9.99773e-01  2.16848e+04
 0.00000e+00  1.79699e+03  2.20260e+04
 1.00053e+00  0.00000e+00  2.23729e+04
 9.99906e-01  1.00041e+00  2.23725e+04
 1.79704e+03  9.99821e-01  2.16848e+04
 0.00000e+00  1.79706e+03  2.20260e+04
 9.99554e-01  0.00000e+00  2.23723e+04
 9.99904e-01  1.00057e+00  2.23725e+04
 1.79710e+03  9.99351e-01  2.16848e+04
 0.00000e+00  1.79712e+03  2.20260e+04
 1.00018e+00  0.00000e+00  2.23727e+04
 9.99551e-01  1.00032e+00  2.23723e+04
 1.79716e+03  9.99339e-01  2.16848e+04
 0.00000e+00  1.79718e+03  2.20260e+04
 1.00022e+00  0.00000e+00  2.23727e+04
 9.99313e-01  1.00017e+00  2.23722e+04
 1.79722e+03  9.99343e-01  2.16848e+04
 0.00000e+00  1.79724e+03  2.20260e+04
 1.00006e+00  0.00000e+00  2.23726e+04
 9.99116e-01  9.99574e-01  2.23721e+04
 1.79729e+03  9.99591e-01  2.16848e+04
 0.00000e+00  1.79731e+03  2.20260e+04
 1.00013e+00  0.00000e+00  2.23727e+04
 9.99534e-01  1.00022e+00  2.23723e+04
 1.79735e+03  9.99748e-01  2.16848e+04
 0.00000e+00  1.79737e+03  2.20260e+04
 1.00047e+00  0.00000e+00  2.23728e+04
 1.00007e+00  9.99819e-01  2.23726e+04
 1.79741e+03  1.00027e+00  2.16848e+04
 0.00000e+00  1.79743e+03  2.20260e+04
 1.00004e+00  0.00000e+00  2.23726e+04
 1.00049e+00  1.00078e+00  2.23729e+04
 1.79747e+03  9.99729e-01  2.16848e+04
 0.00000e+00  1.79749e+03  2.20260e+04
 1.00040e+00  0.00000e+00  2.23728e+04
 1.00011e+00  1.00054e+00  2.23726e+04
 1.79754e+03  1.00008e+00  2.16848e+04
 0.00000e+00  1.79756e+03  2.20260e+04
 1.00029e+00  0.00000e+00  2.23727e+04
 9.99984e-01  1.00014e+00  2.23726e+04
 1.79760e+03  9.99979e-01  2.16848e+04
 0.00000e+00  1.79762e+03  2.20260e+04
 1.00057e+00  0.00000e+00  2.23729e+04
 9.99954e-01  1.00005e+00  2.23726e+04
 1.79766e+03  9.99692e-01  2.16848e+04
 0.00000e+00  1.79768e+03  2.20260e+04
 9.99538e-01  0.00000e+00  2.23723e+04
 9.99622e-01  9.99515e-01  2.23724e+04
 1.79772e+03  9.99090e-01  2.16848e+04
 0.00000e+00  1.79774e+03  2.20260e+04
 9.99454e-01  0.00000e+00  2.23723e+04
 9.99839e-01  9.99590e-01  2.23725e+04
 1.79779e+03  9.99357e-01  2.16848e+04
 0.00000e+00  1.79781e+03  2.20260e+04
 9.99616e-01  0.00000e+00  2.23724e+04
 9.99586e-01  9.99571e-01  2.23724e+04
 1.79785e+03  9.98979e-01  2.16848e+04
 0.00000e+00  1.79787e+03  2.20260e+04
 9.98702e-01  0.00000e+00  2.23719e+04
 9.99476e-01  9.99144e-01  2.23723e+04
 1.79791e+03  9.99619e-01  2.16848e+04
 0.00000e+00  1.79793e+03  2.20260e+04
 9.99178e-01  0.00000e+00  2.23721e+04
 9.99047e-01  9.99040e-01  2.23721e+04
 1.79797e+03  9.99558e-01  2.16848e+04
 0.00000e+00  1.79799e+03  2.20260e+04
 9.99468e-01  0.00000e+00  2.23723e+04
 9.99422e-01  9.99364e-01  2.23723e+04
 1.79804e+03  9.99266e-01  2.16848e+04
 0.00000e+00  1.79806e+03  2.20260e+04
 9.98944e-01  0.00000e+00  2.23720e+04
 1.00062e+00  9.99290e-01  2.23729e+04
 1.79810e+03  9.99464e-01  2.16848e+04
 0.00000e+00  1.79812e+03  2.20260e+04
 9.98395e-01  0.00000e+00  2.23717e+04
 9.99382e-01  9.98827e-01  2.23723e+04
 1.79816e+03  1.00017e+00  2.16848e+04
 0.00000e+00  1.79818e+03  2.20260e+04
 9.99190e-01  0.00000e+00  2.23722e+04
 9.99232e-01  9.99176e-01  2.23722e+04
 1.79822e+03  9.99389e-01  2.16848e+04
 0.00000e+00  1.79824e+03  2.20260e+04
 9.99354e-01  0.00000e+00  2.23722e+04
 9.99518e-01  9.99819e-01  2.23723e+04
 1.79829e+03  9.99839e-01  2.16848e+04
 0.00000e+00  1.79831e+03  2.20260e+04
 9.99685e-01  0.00000e+00  2.23724e+04
 9.99258e-01  9.99265e-01  2.23722e+04
 1.79835e+03  9.99573e-01  2.16848e+04
 0.00000e+00  1.79837e+03  2.20260e+04
 9.98713e-01  0.00000e+00  2.23719e+04
 9.99598e-01  9.99250e-01  2.23724e+04
 1.79841e+03  9.98928e-01  2.16848e+04
 0.00000e+00  1.79843e+03  2.20260e+04
 9.99399e-01  0.00000e+00  2.23723e+04
 9.99329e-01  9.98572e-01  2.23722e+04
 1.79847e+03  9.99414e-01  2.16848e+04
 0.00000e+00  1.79849e+03  2.20260e+04
 9.99464e-01  0.00000e+00  2.23723e+04
 9.99576e-01  9.99556e-01  2.23724e+04
 1.79854e+03  9.99428e-01  2.16848e+04
 0.00000e+00  1.79856e+03  2.20260e+04
 9.98278e-01  0.00000e+00  2.23717e+04
 9.99536e-01  9.98947e-01  2.23723e+04
 1.79860e+03  9.99360e-01  2.16848e+04
 0.00000e+00  1.79862e+03  2.20260e+04
 9.98891e-01  0.00000e+00  2.23720e+04
 9.99636e-01  9.98688e-01  2.23724e+04
 1.79866e+03  9.99416e-01  2.16848e+04
 0.00000e+00  1.79868e+03  2.20260e+04
 9.98418e-01  0.00000e+00  2.23717e+04
 9.99372e-01  9.98252e-01  2.23722e+04
 1.79872e+03  1.00149e+00  2.16848e+04
 0.00000e+00  1.79874e+03  2.20260e+04
 9.99788e-01  0.00000e+00  2.23725e+04
 9.99650e-01  9.99557e-01  2.23724e+04
 1.79879e+03  1.00023e+00  2.16848e+04
 0.00000e+00  1.79881e+03  2.20260e+04
 9.99570e-01  0.00000e+00  2.23724e+04
 1.00077e+00  9.99631e-01  2.23730e+04
 1.79885e+03  1.00060e+00  2.16848e+04
 0.00000e+00  1.79887e+03  2.20260e+04
 9.98480e-01  0.00000e+00  2.23718e+04
 1.00075e+00  9.99886e-01  2.23730e+04
 1.79891e+03  1.00035e+00  2.16848e+04
 0.00000e+00  1.79893e+03  2.20260e+04
 9.99721e-01  0.00000e+00  2.23724e+04
 1.00160e+00  1.00037e+00  2.23735e+04
 1.79897e+03  1.00179e+00  2.16848e+04
 0.00000e+00  1.79899e+03  2.20260e+04
 9.99290e-01  0.00000e+00  2.23722e+04
 1.00183e+00  1.00071e+00  2.23736e+04
 1.79904e+03  1.00115e+00  2.16848e+04
 0.00000e+00  1.79906e+03  2.20260e+04
 9.99078e-01  0.00000e+00  2.23721e+04
 1.00238e+00  1.00152e+00  2.23739e+04
 1.79910e+03  1.00142e+00  2.16848e+04
 0.00000e+00  1.79912e+03  2.20260e+04
 9.98079e-01  0.00000e+00  2.23715e+04
 1.00059e+00  9.97388e-01  2.23729e+04
 1.79916e+03  1.00033e+00  2.16848e+04
 0.00000e+00  1.79918e+03  2.20260e+04
 9.96995e-01  0.00000e+00  2.23710e+04
-8.66459e-16  8.49548e-01  2.20260e+04
 1.79922e+03  1.00226e+00  2.16848e+04
 0.00000e+00  1.79924e+03  2.20260e+04
 1.00187e+00  0.00000e+00  2.23736e+04
 1.00086e+00  1.00120e+00  2.23731e+04
 1.79929e+03  1.00146e+00  2.16848e+04
 0.00000e+00  1.79931e+03  2.20260e+04
 1.00064e+00  0.00000e+00  2.23729e+04
 1.00067e+00  9.99977e-01  2.23730e+04
 1.79935e+03  1.00056e+00  2.16848e+04
 0.00000e+00  1.79937e+03  2.20260e+04
 1.00070e+00  0.00000e+00  2.23730e+04
 1.00051e+00  9.99975e-01  2.23729e+04
 1.79941e+03  1.00075e+00  2.16848e+04
 0.00000e+00  1.79943e+03  2.20260e+04
 1.00006e+00  0.00000e+00  2.23726e+04
 1.00043e+00  1.00013e+00  2.23728e+04
 1.79947e+03  1.00041e+00  2.16848e+04
 0.00000e+00  1.79949e+03  2.20260e+04
 1.00054e+00  0.00000e+00  2.23729e+04
 1.00079e+00  1.00097e+00  2.23730e+04
 1.79954e+03  1.00019e+00  2.16848e+04
 0.00000e+00  1.79956e+03  2.20260e+04
 9.99705e-01  0.00000e+00  2.23724e+04
 1.00026e+00  1.00051e+00  2.23727e+04
 1.79960e+03  1.00005e+00  2.16848e+04
 0.00000e+00  1.79962e+03  2.20260e+04
 1.00014e+00  0.00000e+00  2.23727e+04
 9.99631e-01  9.99899e-01  2.23724e+04
 1.79966e+03  9.99877e-01  2.16848e+04
 0.00000e+00  1.79968e+03  2.20260e+04
 1.00051e+00  0.00000e+00  2.23729e+04
 9.99402e-01  9.99646e-01  2.23723e+04
 1.79972e+03  9.99993e-01  2.16848e+04
 0.00000e+00  1.79974e+03  2.20260e+04
 1.00002e+00  0.00000e+00  2.23726e+04
 9.99216e-01  9.99698e-01  2.23722e+04
 1.79979e+03  9.99195e-01  2.16848e+04
 0.00000e+00  1.79981e+03  2.20260e+04
 1.00034e+00  0.00000e+00  2.23728e+04
 9.99707e-01  9.99832e-01  2.23724e+04
 1.79985e+03  9.99695e-01  2.16848e+04
 0.00000e+00  1.79987e+03  2.20260e+04
 9.99939e-01  0.00000e+00  2.23726e+04
 9.99879e-01  1.00016e+00  2.23725e+04
 1.79991e+03  9.99804e-01  2.16848e+04
 0.00000e+00  1.79993e+03  2.20260e+04
 1.00005e+00  0.00000e+00  2.23726e+04
 1.00080e+00  9.99765e-01  2.23730e+04
 1.79997e+03  1.00020e+00  2.16848e+04
 0.00000e+00  1.79999e+03  2.20260e+04
 9.99527e-01  0.00000e+00  2.23723e+04
 9.99440e-01  9.99941e-01  2.23723e+04
 1.80004e+03  9.99390e-01  2.16848e+04
 0.00000e+00  1.80006e+03  2.20260e+04
 9.99937e-01  0.00000e+00  2.23726e+04
 9.99614e-01  1.00013e+00  2.23724e+04
 1.80010e+03  9.97753e-01  2.16848e+04
 0.00000e+00  1.80012e+03  2.20260e+04
 1.00049e+00  0.00000e+00  2.23729e+04
 9.99944e-01  1.00016e+00  2.23726e+04
 1.80016e+03  9.99954e-01  2.16848e+04
 0.00000e+00  1.80018e+03  2.20260e+04
 1.00020e+00  0.00000e+00  2.23727e+04
 1.00000e+00  1.00026e+00  2.23726e+04
 1.80022e+03  9.99961e-01  2.16848e+04
 0.00000e+00  1.80024e+03  2.20260e+04
 9.99997e-01  0.00000e+00  2.23726e+04
 1.00206e+00  1.00013e+00  2.23737e+04
 1.80029e+03  9.99658e-01  2.16848e+04
 0.00000e+00  1.80031e+03  2.20260e+04
 1.00050e+00  0.00000e+00  2.23729e+04
 1.00045e+00  1.00031e+00  2.23728e+04
 1.80035e+03  1.00042e+00  2.16848e+04
 0.00000e+00  1.80037e+03  2.20260e+04
 9.99612e-01  0.00000e+00  2.23724e+04
 1.00001e+00  1.00030e+00  2.23726e+04
 1.80041e+03  1.00004e+00  2.16848e+04
 1.28000e+02  1.80043e+03  2.16847e+04
 9.99516e-01  1.28000e+02  2.23723e+04
 1.00056e+00  1.00060e+00  2.23729e+04
 1.80047e+03  1.00002e+00  2.16848e+04
 1.28000e+02  1.80049e+03  2.16847e+04
 9.99516e-01  1.28000e+02  2.23723e+04
 1.00003e+00  9.99956e-01  2.23726e+04
 1.80054e+03  1.00017e+00  2.16848e+04
 1.28000e+02  1.80056e+03  2.16847e+04
 1.00035e+00  1.28000e+02  2.23728e+04
 9.99969e-01  9.99677e-01  2.23726e+04
 1.80060e+03  1.00031e+00  2.16848e+04
 1.28000e+02  1.80062e+03  2.16847e+04
 9.99992e-01  1.28000e+02  2.23726e+04
 9.99779e-01  9.99598e-01  2.23725e+04
 1.80066e+03  1.00043e+00  2.16848e+04
 1.28000e+02  1.80068e+03  2.16847e+04
 9.99815e-01  1.28000e+02  2.23725e+04
 1.00104e+00  1.00066e+00  2.23732e+04
 1.80072e+03  1.00158e+00  2.16848e+04
 1.28000e+02  1.80074e+03  2.16847e+04
 1.00000e+00  1.28000e+02  2.23726e+04
 1.00237e+00  9.99418e-01  2.23739e+04
 1.80079e+03  1.00308e+00  2.16848e+04
 1.28000e+02  1.80081e+03  2.16847e+04
 1.00029e+00  1.28000e+02  2.23727e+04
 1.00568e+00  9.98739e-01  2.23757e+04
 1.80085e+03  1.01116e+00  2.16848e+04
 1.28000e+02  1.80087e+03  2.16847e+04
 1.00001e+00  1.28000e+02  2.23726e+04
 1.01327e+00  9.97428e-01  2.23798e+04
 1.80091e+03  1.01565e+00  2.16848e+04
 1.28000e+02  1.80093e+03  2.16847e+04
 9.99194e-01  1.28000e+02  2.23722e+04
 1.02475e+00  1.00010e+00  2.23862e+04
 1.80097e+03  1.04524e+00  2.16848e+04
 1.28000e+02  1.80099e+03  2.16847e+04
 9.92429e-01  1.28000e+02  2.23685e+04
 1.02325e+00  9.93455e-01  2.23853e+04
 1.80104e+03  1.02162e+00  2.16848e+04
 1.28000e+02  1.80106e+03  2.16847e+04
 9.99296e-01  1.28000e+02  2.23722e+04
 1.02963e+00  1.00048e+00  2.23889e+04
 1.80110e+03  1.03252e+00  2.16848e+04
 1.28000e+02  1.80112e+03  2.16847e+04
 9.99463e-01  1.28000e+02  2.23723e+04
 1.03670e+00  1.00010e+00  2.23928e+04
 1.80116e+03  1.04008e+00  2.16848e+04
 1.28000e+02  1.80118e+03  2.16847e+04
 1.00069e+00  1.28000e+02  2.23730e+04
 1.03632e+00  9.99402e-01  2.23926e+04
 1.80122e+03  1.03291e+00  2.16848e+04
 1.28000e+02  1.80124e+03  2.16847e+04
 9.99651e-01  1.28000e+02  2.23724e+04
 1.04086e+00  9.96483e-01  2.23952e+04
 1.80129e+03  1.04907e+00  2.16848e+04
 1.28000e+02  1.80131e+03  2.16847e+04
 1.00081e+00  1.28000e+02  2.23730e+04
 1.05935e+00  9.99510e-01  2.24057e+04
 1.80135e+03  1.06616e+00  2.16848e+04
 1.28000e+02  1.80137e+03  2.16847e+04
 1.00003e+00  1.28000e+02  2.23726e+04
 1.06861e+00  9.92950e-01  2.24111e+04
 1.80141e+03  1.14804e+00  2.16848e+04
 1.28000e+02  1.80143e+03  2.16847e+04
 9.78915e-01  1.28000e+02  2.23613e+04
 1.18881e+00  9.97312e-01  2.24853e+04
 1.80147e+03  1.09083e+00  2.16848e+04
 1.28000e+02  1.80149e+03  2.16847e+04
 9.98804e-01  1.28000e+02  2.23719e+04
 1.05819e+00  9.96445e-01  2.24050e+04
 1.80154e+03  1.05468e+00  2.16848e+04
 1.28000e+02  1.80156e+03  2.16847e+04
 9.98965e-01  1.28000e+02  2.23720e+04
 1.06131e+00  1.00024e+00  2.24068e+04
 1.80160e+03  1.06421e+00  2.16848e+04
 1.28000e+02  1.80162e+03  2.16847e+04
 9.99242e-01  1.28000e+02  2.23722e+04
 1.06783e+00  9.98294e-01  2.24106e+04
 1.80166e+03  1.06474e+00  2.16848e+04
 1.28000e+02  1.80168e+03  2.16847e+04
 9.96574e-01  1.28000e+02  2.23707e+04
 1.06051e+00  9.87346e-01  2.24064e+04
 1.80172e+03  1.07740e+00  2.16848e+04
 1.28000e+02  1.80174e+03  2.16847e+04
 9.93492e-01  1.28000e+02  2.23691e+04
 1.06978e+00  9.96759e-01  2.24117e+04
 1.80179e+03  1.07946e+00  2.16848e+04
 1.28000e+02  1.80181e+03  2.16847e+04
 9.98077e-01  1.28000e+02  2.23715e+04
 1.07590e+00  1.00391e+00  2.24153e+04
 1.80185e+03  1.07229e+00  2.16848e+04
 1.28000e+02  1.80187e+03  2.16847e+04
 9.98760e-01  1.28000e+02  2.23719e+04
 1.07078e+00  1.00031e+00  2.24123e+04
 1.80191e+03  1.07248e+00  2.16848e+04
 1.28000e+02  1.80193e+03  2.16847e+04
 1.00270e+00  1.28000e+02  2.23741e+04
 1.06789e+00  1.00044e+00  2.24106e+04
 1.80197e+03  1.06363e+00  2.16848e+04
 1.28000e+02  1.80199e+03  2.16847e+04
 1.00086e+00  1.28000e+02  2.23731e+04
 1.21976e+00  1.00850e+00  2.25059e+04
 1.80204e+03  1.09241e+00  2.16848e+04
 1.28000e+02  1.80206e+03  2.16847e+04
 9.98082e-01  1.28000e+02  2.23716e+04
 1.10237e+00  9.96456e-01  2.24310e+04
 1.80210e+03  1.11776e+00  2.16848e+04
 1.28000e+02  1.80212e+03  2.16847e+04
 9.96004e-01  1.28000e+02  2.23704e+04
 1.15963e+00  9.91828e-01  2.24664e+04
 1.80216e+03  1.31242e+00  2.16848e+04
 1.28000e+02  1.80218e+03  2.16847e+04
 9.94415e-01  1.28000e+02  2.23696e+04
-1.22102e+00  1.00229e+00  2.18610e+04
 1.80222e+03 -3.01876e-01  2.16848e+04
 1.28000e+02  1.80224e+03  2.16847e+04
-1.95890e-03  1.28000e+02  2.20256e+04
-3.50143e-18  3.42997e-03  2.20260e+04
 1.80229e+03  1.46423e-18  2.16848e+04
 1.28000e+02  1.80231e+03  2.16847e+04
 2.38632e-03  1.28000e+02  2.20265e+04
 1.51375e-18 -1.48483e-03  2.20260e+04
 1.80235e+03  1.17587e+00  2.16848e+04
 1.28000e+02  1.80237e+03  2.16847e+04
 1.10046e+00  1.28000e+02  2.24298e+04
 1.82182e+00  1.04350e+00  2.30687e+04
 1.80241e+03  1.39515e+00  2.16848e+04
 1.28000e+02  1.80243e+03  2.16847e+04
 1.00346e+00  1.28000e+02  2.23745e+04
 1.00253e+00  1.00553e+00  2.23740e+04
 1.80349e+03  1.00251e+00  2.16848e+04
 0.00000e+00  1.80352e+03  2.20260e+04
 1.00503e+00  1.28000e+02  2.23753e+04
 1.00243e+00  1.00442e+00  2.23739e+04
 1.80356e+03  1.00211e+00  2.16848e+04
 0.00000e+00  1.80358e+03  2.20260e+04
 1.00404e+00  1.28000e+02  2.23748e+04
 1.00198e+00  1.00371e+00  2.23737e+04
 1.80362e+03  1.00107e+00  2.16848e+04
 1.28000e+02  1.80364e+03  2.16847e+04
 1.00487e+00  0.00000e+00  2.23752e+04
 1.00176e+00  1.00358e+00  2.23735e+04
 1.80368e+03  1.00076e+00  2.16848e+04
 1.28000e+02  1.80370e+03  2.16847e+04
 1.00219e+00  1.28000e+02  2.23738e+04
 1.00153e+00  1.00411e+00  2.23734e+04
 1.80374e+03  1.00123e+00  2.16848e+04
 0.00000e+00  1.80377e+03  2.20260e+04
 1.00316e+00  0.00000e+00  2.23743e+04
 1.00142e+00  1.00340e+00  2.23734e+04
 1.80381e+03  1.00003e+00  2.16848e+04
 1.28000e+02  1.80383e+03  2.16847e+04
 1.00230e+00  1.28000e+02  2.23738e+04
 1.00127e+00  1.00292e+00  2.23733e+04
 1.80387e+03  1.00023e+00  2.16848e+04
 0.00000e+00  1.80389e+03  2.20260e+04
 1.00331e+00  1.28000e+02  2.23744e+04
 9.99984e-01  1.00270e+00  2.23726e+04
 1.80393e+03  1.00109e+00  2.16848e+04
 0.00000e+00  1.80395e+03  2.20260e+04
 1.00270e+00  0.00000e+00  2.23741e+04
 1.00034e+00  1.00192e+00  2.23728e+04
 1.80399e+03  1.00083e+00  2.16848e+04
 0.00000e+00  1.80402e+03  2.20260e+04
 1.00235e+00  0.00000e+00  2.23739e+04
 9.99530e-01  1.00055e+00  2.23723e+04
 1.80406e+03  1.00103e+00  2.16848e+04
 0.00000e+00  1.80408e+03  2.20260e+04
 1.00194e+00  0.00000e+00  2.23736e+04
 1.00039e+00  1.00231e+00  2.23728e+04
 1.80412e+03  1.00010e+00  2.16848e+04
 0.00000e+00  1.80414e+03  2.20260e+04
 1.00146e+00  0.00000e+00  2.23734e+04
 1.00014e+00  1.00220e+00  2.23727e+04
 1.80418e+03  1.00050e+00  2.16848e+04
 0.00000e+00  1.80420e+03  2.20260e+04
 1.00085e+00  0.00000e+00  2.23730e+04
 1.00043e+00  1.00279e+00  2.23728e+04
 1.80424e+03  1.00028e+00  2.16848e+04
 0.00000e+00  1.80427e+03  2.20260e+04
 1.00236e+00  0.00000e+00  2.23739e+04
 1.00047e+00  1.00189e+00  2.23728e+04
 1.80431e+03  1.00071e+00  2.16848e+04
 0.00000e+00  1.80433e+03  2.20260e+04
 1.00128e+00  0.00000e+00  2.23733e+04
 1.00067e+00  1.00263e+00  2.23730e+04
 1.80437e+03  1.00058e+00  2.16848e+04
 0.00000e+00  1.80439e+03  2.20260e+04
 1.00248e+00  0.00000e+00  2.23739e+04
 1.00046e+00  1.00209e+00  2.23728e+04
 1.80443e+03  9.99306e-01  2.16848e+04
 0.00000e+00  1.80445e+03  2.20260e+04
 1.00190e+00  0.00000e+00  2.23736e+04
 9.99532e-01  9.99839e-01  2.23723e+04
 1.80449e+03  9.99252e-01  2.16848e+04
 0.00000e+00  1.80452e+03  2.20260e+04
 1.00124e+00  0.00000e+00  2.23733e+04
 1.00080e+00  1.00128e+00  2.23730e+04
 1.80456e+03  9.99864e-01  2.16848e+04
 0.00000e+00  1.80458e+03  2.20260e+04
 9.99975e-01  0.00000e+00  2.23726e+04
 1.00033e+00  1.00104e+00  2.23728e+04
 1.80462e+03  1.00049e+00  2.16848e+04
 0.00000e+00  1.80464e+03  2.20260e+04
 1.00020e+00  0.00000e+00  2.23727e+04
 9.99582e-01  9.99427e-01  2.23724e+04
 1.80468e+03  9.99956e-01  2.16848e+04
 0.00000e+00  1.80470e+03  2.20260e+04
 1.00059e+00  0.00000e+00  2.23729e+04
 9.99448e-01  9.99537e-01  2.23723e+04
 1.80474e+03  9.99996e-01  2.16848e+04
 0.00000e+00  1.80477e+03  2.20260e+04
 9.99529e-01  0.00000e+00  2.23723e+04
 1.00085e+00  1.00020e+00  2.23730e+04
 1.80481e+03  9.99805e-01  2.16848e+04
 0.00000e+00  1.80483e+03  2.20260e+04
 9.99540e-01  0.00000e+00  2.23723e+04
 1.00053e+00  1.00099e+00  2.23729e+04
 1.80487e+03  9.99209e-01  2.16848e+04
 0.00000e+00  1.80489e+03  2.20260e+04
 1.00098e+00  0.00000e+00  2.23731e+04
 9.99029e-01  9.99506e-01  2.23721e+04
 1.80493e+03  9.99275e-01  2.16848e+04
 0.00000e+00  1.80495e+03  2.20260e+04
 9.99054e-01  0.00000e+00  2.23721e+04
 9.99597e-01  9.99877e-01  2.23724e+04
 1.80499e+03  9.99484e-01  2.16848e+04
 0.00000e+00  1.80502e+03  2.20260e+04
 9.99083e-01  0.00000e+00  2.23721e+04
 9.98461e-01  1.00010e+00  2.23718e+04
 1.80506e+03  1.00039e+00  2.16848e+04
 0.00000e+00  1.80508e+03  2.20260e+04
 9.99697e-01  0.00000e+00  2.23724e+04
 9.99308e-01  9.99460e-01  2.23722e+04
 1.80512e+03  9.98993e-01  2.16848e+04
 0.00000e+00  1.80514e+03  2.20260e+04
 9.99473e-01  1.28000e+02  2.23723e+04
 9.99611e-01  9.99557e-01  2.23724e+04
 1.80518e+03  9.99898e-01  2.16848e+04
 0.00000e+00  1.80520e+03  2.20260e+04
 9.99911e-01  0.00000e+00  2.23725e+04
 9.99476e-01  9.99734e-01  2.23723e+04
 1.80524e+03  1.00003e+00  2.16848e+04
 0.00000e+00  1.80527e+03  2.20260e+04
 1.00033e+00  1.28000e+02  2.23728e+04
 9.99724e-01  9.99157e-01  2.23724e+04
 1.80531e+03  9.99594e-01  2.16848e+04
 0.00000e+00  1.80533e+03  2.20260e+04
 9.99570e-01  0.00000e+00  2.23724e+04
 9.99589e-01  9.99683e-01  2.23724e+04
 1.80537e+03  1.00015e+00  2.16848e+04
 0.00000e+00  1.80539e+03  2.20260e+04
 9.99732e-01  0.00000e+00  2.23724e+04
 9.99517e-01  9.99997e-01  2.23723e+04
 1.80543e+03  9.99971e-01  2.16848e+04
 0.00000e+00  1.80545e+03  2.20260e+04
 1.00001e+00  0.00000e+00  2.23726e+04
 9.99812e-01  1.00014e+00  2.23725e+04
 1.80549e+03  1.00009e+00  2.16848e+04
 0.00000e+00  1.80552e+03  2.20260e+04
 9.99850e-01  0.00000e+00  2.23725e+04
 1.00033e+00  1.00123e+00  2.23728e+04
 1.80556e+03  1.00069e+00  2.16848e+04
 0.00000e+00  1.80558e+03  2.20260e+04
 9.99930e-01  0.00000e+00  2.23726e+04
 1.00072e+00  1.00087e+00  2.23730e+04
 1.80562e+03  1.00043e+00  2.16848e+04
 0.00000e+00  1.80564e+03  2.20260e+04
 1.00065e+00  0.00000e+00  2.23729e+04
 1.00055e+00  1.00057e+00  2.23729e+04
 1.80568e+03  1.00046e+00  2.16848e+04
 0.00000e+00  1.80570e+03  2.20260e+04
 9.99441e-01  0.00000e+00  2.23723e+04
 1.00063e+00  1.00011e+00  2.23729e+04
 1.80574e+03  1.00030e+00  2.16848e+04
 0.00000e+00  1.80577e+03  2.20260e+04
 9.99934e-01  0.00000e+00  2.23726e+04
 1.00063e+00  1.00110e+00  2.23729e+04
 1.80581e+03  1.00137e+00  2.16848e+04
 0.00000e+00  1.80583e+03  2.20260e+04
 1.00180e+00  0.00000e+00  2.23736e+04
 1.00152e+00  1.00187e+00  2.23734e+04
 1.80587e+03  1.00150e+00  2.16848e+04
 0.00000e+00  1.80589e+03  2.20260e+04
 1.00141e+00  0.00000e+00  2.23734e+04
 1.00192e+00  1.00317e+00  2.23736e+04
 1.80593e+03  1.00172e+00  2.16848e+04
 0.00000e+00  1.80595e+03  2.20260e+04
 1.00121e+00  0.00000e+00  2.23732e+04
 1.00207e+00  1.00350e+00  2.23737e+04
 1.80599e+03  1.00258e+00  2.16848e+04
 0.00000e+00  1.80602e+03  2.20260e+04
 1.00427e+00  0.00000e+00  2.23749e+04
 1.00317e+00  1.00358e+00  2.23743e+04
 1.80606e+03  1.00331e+00  2.16848e+04
 0.00000e+00  1.80608e+03  2.20260e+04
 1.00395e+00  0.00000e+00  2.23747e+04
 1.00349e+00  1.00460e+00  2.23745e+04
 1.80612e+03  1.00365e+00  2.16848e+04
 0.00000e+00  1.80614e+03  2.20260e+04
 1.00475e+00  0.00000e+00  2.23752e+04
 1.00325e+00  1.00414e+00  2.23744e+04
 1.80618e+03  1.00321e+00  2.16848e+04
 0.00000e+00  1.80620e+03  2.20260e+04
 1.00453e+00  0.00000e+00  2.23750e+04
 1.00319e+00  1.00353e+00  2.23743e+04
 1.80624e+03  1.00319e+00  2.16848e+04
 0.00000e+00  1.80627e+03  2.20260e+04
 1.00450e+00  0.00000e+00  2.23750e+04
 1.00228e+00  1.00345e+00  2.23738e+04
 1.80631e+03  1.00266e+00  2.16848e+04
 0.00000e+00  1.80633e+03  2.20260e+04
 1.00340e+00  0.00000e+00  2.23744e+04
 1.00203e+00  1.00306e+00  2.23737e+04
 1.80637e+03  1.00220e+00  2.16848e+04
 0.00000e+00  1.80639e+03  2.20260e+04
 1.00344e+00  0.00000e+00  2.23745e+04
 1.00125e+00  1.00227e+00  2.23733e+04
 1.80643e+03  1.00142e+00  2.16848e+04
 0.00000e+00  1.80645e+03  2.20260e+04
 1.00168e+00  0.00000e+00  2.23735e+04
 1.00092e+00  1.00215e+00  2.23731e+04
 1.80649e+03  1.00113e+00  2.16848e+04
 0.00000e+00  1.80652e+03  2.20260e+04
 1.00167e+00  0.00000e+00  2.23735e+04
 1.00061e+00  1.00207e+00  2.23729e+04
 1.80656e+03  1.00066e+00  2.16848e+04
 0.00000e+00  1.80658e+03  2.20260e+04
 1.00102e+00  0.00000e+00  2.23731e+04
 1.00065e+00  1.00132e+00  2.23729e+04
 1.80662e+03  1.00095e+00  2.16848e+04
 0.00000e+00  1.80664e+03  2.20260e+04
 1.00211e+00  0.00000e+00  2.23737e+04
 1.00028e+00  1.00078e+00  2.23727e+04
 1.80668e+03  1.00047e+00  2.16848e+04
 0.00000e+00  1.80670e+03  2.20260e+04
 1.00092e+00  0.00000e+00  2.23731e+04
 1.00019e+00  1.00077e+00  2.23727e+04
 1.80674e+03  9.99835e-01  2.16848e+04
 0.00000e+00  1.80677e+03  2.20260e+04
 1.00124e+00  0.00000e+00  2.23733e+04
 1.00030e+00  1.00050e+00  2.23728e+04
 1.80681e+03  1.00045e+00  2.16848e+04
 0.00000e+00  1.80683e+03  2.20260e+04
 1.00160e+00  0.00000e+00  2.23735e+04
 9.99727e-01  1.00036e+00  2.23724e+04
 1.80687e+03  1.00038e+00  2.16848e+04
 0.00000e+00  1.80689e+03  2.20260e+04
 1.00041e+00  0.00000e+00  2.23728e+04
 9.99849e-01  1.00120e+00  2.23725e+04
 1.80693e+03  9.99679e-01  2.16848e+04
 0.00000e+00  1.80695e+03  2.20260e+04
 1.00060e+00  0.00000e+00  2.23729e+04
 9.99451e-01  1.00078e+00  2.23723e+04
 1.80699e+03  9.99347e-01  2.16848e+04
 0.00000e+00  1.80702e+03  2.20260e+04
 1.00028e+00  0.00000e+00  2.23727e+04
 9.99880e-01  1.00031e+00  2.23725e+04
 1.80706e+03  9.99882e-01  2.16848e+04
 0.00000e+00  1.80708e+03  2.20260e+04
 1.00129e+00  0.00000e+00  2.23733e+04
 9.99481e-01  1.00047e+00  2.23723e+04
 1.80712e+03  1.00013e+00  2.16848e+04
 0.00000e+00  1.80714e+03  2.20260e+04
 1.00049e+00  0.00000e+00  2.23729e+04
 9.99728e-01  1.00067e+00  2.23724e+04
 1.80718e+03  1.00019e+00  2.16848e+04
 0.00000e+00  1.80720e+03  2.20260e+04
 1.00054e+00  0.00000e+00  2.23729e+04
 9.99294e-01  9.98863e-01  2.23722e+04
 1.80724e+03  9.99773e-01  2.16848e+04
 0.00000e+00  1.80727e+03  2.20260e+04
 9.99590e-01  0.00000e+00  2.23724e+04
 9.99364e-01  9.99526e-01  2.23722e+04
 1.80731e+03  9.99359e-01  2.16848e+04
 0.00000e+00  1.80733e+03  2.20260e+04
 9.98987e-01  0.00000e+00  2.23720e+04
 9.98778e-01  9.98723e-01  2.23719e+04
 1.80737e+03  9.99172e-01  2.16848e+04
 0.00000e+00  1.80739e+03  2.20260e+04
 9.99533e-01  0.00000e+00  2.23723e+04
 9.99760e-01  9.99795e-01  2.23725e+04
 1.80743e+03  9.99799e-01  2.16848e+04
 0.00000e+00  1.80745e+03  2.20260e+04
 9.99112e-01  0.00000e+00  2.23721e+04
 9.99714e-01  9.99578e-01  2.23724e+04
 1.80749e+03  9.99321e-01  2.16848e+04
 0.00000e+00  1.80752e+03  2.20260e+04
 1.00027e+00  0.00000e+00  2.23727e+04
 9.99279e-01  9.99440e-01  2.23722e+04
 1.80756e+03  9.99721e-01  2.16848e+04
 0.00000e+00  1.80758e+03  2.20260e+04
 9.98963e-01  0.00000e+00  2.23720e+04
 9.99223e-01  1.00022e+00  2.23722e+04
 1.80762e+03  9.99465e-01  2.16848e+04
 0.00000e+00  1.80764e+03  2.20260e+04
 9.99817e-01  0.00000e+00  2.23725e+04
 9.99885e-01  1.00022e+00  2.23725e+04
 1.80768e+03  9.99874e-01  2.16848e+04
 0.00000e+00  1.80770e+03  2.20260e+04
 1.00027e+00  0.00000e+00  2.23727e+04
 9.99458e-01  9.99463e-01  2.23723e+04
 1.80774e+03  9.99423e-01  2.16848e+04
 0.00000e+00  1.80777e+03  2.20260e+04
 9.99886e-01  0.00000e+00  2.23725e+04
 9.99661e-01  1.00017e+00  2.23724e+04
 1.80781e+03  9.99216e-01  2.16848e+04
 0.00000e+00  1.80783e+03  2.20260e+04
 9.98997e-01  0.00000e+00  2.23720e+04
 9.99449e-01  1.00004e+00  2.23723e+04
 1.80787e+03  9.99570e-01  2.16848e+04
 0.00000e+00  1.80789e+03  2.20260e+04
 9.98967e-01  0.00000e+00  2.23720e+04
 9.99628e-01  1.00048e+00  2.23724e+04
 1.80793e+03  9.99640e-01  2.16848e+04
 0.00000e+00  1.80795e+03  2.20260e+04
 9.98659e-01  0.00000e+00  2.23719e+04
 9.99401e-01  9.98884e-01  2.23723e+04
 1.80799e+03  2.09027e-14  2.16848e+04
 1.28000e+02  1.80802e+03  2.16847e+04
 9.98098e-01  0.00000e+00  2.23716e+04
 9.98963e-01  9.99076e-01  2.23720e+04
 1.80806e+03  9.98717e-01  2.16848e+04
 0.00000e+00  1.80808e+03  2.20260e+04
 9.99044e-01  0.00000e+00  2.23721e+04
 9.98857e-01  9.98522e-01  2.23720e+04
 1.80812e+03  9.99138e-01  2.16848e+04
 0.00000e+00  1.80814e+03  2.20260e+04
 1.00016e+00  0.00000e+00  2.23727e+04
 9.98909e-01  9.99144e-01  2.23720e+04
 1.80818e+03  9.99477e-01  2.16848e+04
 0.00000e+00  1.80820e+03  2.20260e+04
 9.97518e-01  0.00000e+00  2.23712e+04
 9.97315e-01  9.96503e-01  2.23711e+04
 1.80824e+03  9.95896e-01  2.16848e+04
 0.00000e+00  1.80827e+03  2.20260e+04
 9.99790e-01  0.00000e+00  2.23725e+04
 9.98229e-01  9.98212e-01  2.23716e+04
 1.80831e+03  9.98432e-01  2.16848e+04
 0.00000e+00  1.80833e+03  2.20260e+04
 9.97022e-01  0.00000e+00  2.23710e+04
 9.99603e-01  1.00041e+00  2.23724e+04
 1.80837e+03  9.99781e-01  2.16848e+04
 0.00000e+00  1.80839e+03  2.20260e+04
 1.00017e+00  0.00000e+00  2.23727e+04
 9.99444e-01  1.00039e+00  2.23723e+04
 1.80843e+03  9.99610e-01  2.16848e+04
 0.00000e+00  1.80845e+03  2.20260e+04
 1.00088e+00  0.00000e+00  2.23731e+04
 9.98867e-01  9.98915e-01  2.23720e+04
 1.80849e+03  9.99832e-01  2.16848e+04
 0.00000e+00  1.80852e+03  2.20260e+04
 1.00018e+00  0.00000e+00  2.23727e+04
 9.96409e-01  9.95469e-01  2.23706e+04
 1.80856e+03  9.99949e-01  2.16848e+04
 0.00000e+00  1.80858e+03  2.20260e+04
 9.99768e-01  0.00000e+00  2.23725e+04
 9.99321e-01  1.00009e+00  2.23722e+04
 1.80862e+03  1.00010e+00  2.16848e+04
 0.00000e+00  1.80864e+03  2.20260e+04
 1.00044e+00  0.00000e+00  2.23728e+04
 9.99494e-01  1.00051e+00  2.23723e+04
 1.80868e+03  9.99575e-01  2.16848e+04
 0.00000e+00  1.80870e+03  2.20260e+04
 1.00066e+00  0.00000e+00  2.23729e+04
 9.98487e-01  9.98693e-01  2.23718e+04
 1.80874e+03  9.99395e-01  2.16848e+04
 0.00000e+00  1.80877e+03  2.20260e+04
 9.99140e-01  0.00000e+00  2.23721e+04
 9.99790e-01  1.00063e+00  2.23725e+04
 1.80881e+03  9.99344e-01  2.16848e+04
 0.00000e+00  1.80883e+03  2.20260e+04
 9.98915e-01  0.00000e+00  2.23720e+04
 9.99950e-01  1.00109e+00  2.23726e+04
 1.80887e+03  9.99933e-01  2.16848e+04
 0.00000e+00  1.80889e+03  2.20260e+04
 1.00015e+00  0.00000e+00  2.23727e+04
 1.00003e+00  1.00111e+00  2.23726e+04
 1.80893e+03  9.99641e-01  2.16848e+04
 0.00000e+00  1.80895e+03  2.20260e+04
 1.00000e+00  0.00000e+00  2.23726e+04
 9.99910e-01  1.00094e+00  2.23725e+04
 1.80899e+03  1.00024e+00  2.16848e+04
 0.00000e+00  1.80902e+03  2.20260e+04
 1.00040e+00  0.00000e+00  2.23728e+04
 9.99849e-01  1.00044e+00  2.23725e+04
 1.80906e+03  9.99641e-01  2.16848e+04
 0.00000e+00  1.80908e+03  2.20260e+04
 9.99504e-01  0.00000e+00  2.23723e+04
 1.00017e+00  1.00013e+00  2.23727e+04
 1.80912e+03  9.99934e-01  2.16848e+04
 0.00000e+00  1.80914e+03  2.20260e+04
 9.99002e-01  0.00000e+00  2.23720e+04
 9.99842e-01  9.99859e-01  2.23725e+04
 1.80918e+03  1.00033e+00  2.16848e+04
 0.00000e+00  1.80920e+03  2.20260e+04
 9.99012e-01  0.00000e+00  2.23721e+04
 9.99559e-01  9.98657e-01  2.23724e+04
 1.80924e+03  1.00042e+00  2.16848e+04
 0.00000e+00  1.80927e+03  2.20260e+04
 1.00087e+00  0.00000e+00  2.23731e+04
 1.00009e+00  1.00009e+00  2.23726e+04
 1.80931e+03  1.00072e+00  2.16848e+04
 0.00000e+00  1.80933e+03  2.20260e+04
 9.99732e-01  0.00000e+00  2.23724e+04
 9.99696e-01  9.99888e-01  2.23724e+04
 1.80937e+03  1.00011e+00  2.16848e+04
 0.00000e+00  1.80939e+03  2.20260e+04
 1.00144e+00  0.00000e+00  2.23734e+04
 1.00137e+00  1.00142e+00  2.23733e+04
 1.80943e+03  1.00160e+00  2.16848e+04
 0.00000e+00  1.80945e+03  2.20260e+04
 1.00138e+00  0.00000e+00  2.23733e+04
 1.00223e+00  1.00210e+00  2.23738e+04
 1.80949e+03  1.00196e+00  2.16848e+04
 0.00000e+00  1.80952e+03  2.20260e+04
 1.00314e+00  0.00000e+00  2.23743e+04
 1.00268e+00  1.00173e+00  2.23740e+04
 1.80956e+03  1.00249e+00  2.16848e+04
 0.00000e+00  1.80958e+03  2.20260e+04
 1.00267e+00  0.00000e+00  2.23740e+04
 1.00318e+00  1.00250e+00  2.23743e+04
 1.80962e+03  1.00312e+00  2.16848e+04
 0.00000e+00  1.80964e+03  2.20260e+04
 1.00298e+00  0.00000e+00  2.23742e+04
 1.00350e+00  1.00310e+00  2.23745e+04
 1.80968e+03  1.00321e+00  2.16848e+04
 0.00000e+00  1.80970e+03  2.20260e+04
 1.00361e+00  0.00000e+00  2.23745e+04
 1.00360e+00  1.00340e+00  2.23745e+04
 1.80974e+03  1.00254e+00  2.16848e+04
 0.00000e+00  1.80977e+03  2.20260e+04
 1.00300e+00  0.00000e+00  2.23742e+04
 1.00314e+00  1.00223e+00  2.23743e+04
 1.80981e+03  1.00280e+00  2.16848e+04
 0.00000e+00  1.80983e+03  2.20260e+04
 1.00151e+00  0.00000e+00  2.23734e+04
 1.00267e+00  1.00243e+00  2.23740e+04
 1.80987e+03  1.00230e+00  2.16848e+04
 0.00000e+00  1.80989e+03  2.20260e+04
 1.00143e+00  0.00000e+00  2.23734e+04
 1.00176e+00  1.00208e+00  2.23735e+04
 1.80993e+03  1.00159e+00  2.16848e+04
 0.00000e+00  1.80995e+03  2.20260e+04
 1.00079e+00  0.00000e+00  2.23730e+04
 1.00108e+00  1.00009e+00  2.23732e+04
 1.80999e+03  1.00140e+00  2.16848e+04
 0.00000e+00  1.81002e+03  2.20260e+04
 9.99810e-01  0.00000e+00  2.23725e+04
 1.00104e+00  1.00066e+00  2.23732e+04
 1.81006e+03  1.00063e+00  2.16848e+04
 0.00000e+00  1.81008e+03  2.20260e+04
 9.99671e-01  0.00000e+00  2.23724e+04
 9.99980e-01  9.99324e-01  2.23726e+04
 1.81012e+03  1.00066e+00  2.16848e+04
 0.00000e+00  1.81014e+03  2.20260e+04
 1.00042e+00  0.00000e+00  2.23728e+04
 1.00094e+00  1.00055e+00  2.23731e+04
 1.81018e+03  1.00025e+00  2.16848e+04
 0.00000e+00  1.81020e+03  2.20260e+04
 9.98925e-01  0.00000e+00  2.23720e+04
 1.00005e+00  9.99314e-01  2.23726e+04
 1.81024e+03  1.00044e+00  2.16848e+04
 0.00000e+00  1.81027e+03  2.20260e+04
 1.00039e+00  0.00000e+00  2.23728e+04
 1.00052e+00  1.00030e+00  2.23729e+04
 1.81031e+03  1.00042e+00  2.16848e+04
 0.00000e+00  1.81033e+03  2.20260e+04
 9.99669e-01  0.00000e+00  2.23724e+04
 9.99804e-01  9.99275e-01  2.23725e+04
 1.81037e+03  1.00032e+00  2.16848e+04
 0.00000e+00  1.81039e+03  2.20260e+04
 9.99019e-01  0.00000e+00  2.23721e+04
 9.99576e-01  9.99569e-01  2.23724e+04
 1.81043e+03  9.99952e-01  2.16848e+04
 0.00000e+00  1.81045e+03  2.20260e+04
 9.99117e-01  0.00000e+00  2.23721e+04
 9.99848e-01  9.99601e-01  2.23725e+04
 1.81049e+03  9.99942e-01  2.16848e+04
 0.00000e+00  1.81052e+03  2.20260e+04
 9.99562e-01  0.00000e+00  2.23724e+04
 1.00024e+00  1.00038e+00  2.23727e+04
 1.81056e+03  1.00017e+00  2.16848e+04
 0.00000e+00  1.81058e+03  2.20260e+04
 1.00026e+00  0.00000e+00  2.23727e+04
 9.99152e-01  9.99449e-01  2.23721e+04
 1.81062e+03  9.99767e-01  2.16848e+04
 0.00000e+00  1.81064e+03  2.20260e+04
 1.00063e+00  0.00000e+00  2.23729e+04
 9.99761e-01  9.99691e-01  2.23725e+04
 1.81068e+03  1.00004e+00  2.16848e+04
 0.00000e+00  1.81070e+03  2.20260e+04
 9.99497e-01  0.00000e+00  2.23723e+04
 9.99424e-01  9.99055e-01  2.23723e+04
 1.81074e+03  9.99545e-01  2.16848e+04
 0.00000e+00  1.81077e+03  2.20260e+04
 9.99492e-01  0.00000e+00  2.23723e+04
 9.99974e-01  1.00053e+00  2.23726e+04
 1.81081e+03  1.00005e+00  2.16848e+04
 0.00000e+00  1.81083e+03  2.20260e+04
 9.99602e-01  0.00000e+00  2.23724e+04
 9.99761e-01  1.00048e+00  2.23725e+04
 1.81087e+03  9.99735e-01  2.16848e+04
 0.00000e+00  1.81089e+03  2.20260e+04
 9.99817e-01  0.00000e+00  2.23725e+04
 9.99840e-01  1.00009e+00  2.23725e+04
 1.81093e+03  9.99679e-01  2.16848e+04
 0.00000e+00  1.81095e+03  2.20260e+04
 9.99376e-01  0.00000e+00  2.23723e+04
 9.99930e-01  1.00002e+00  2.23726e+04
 1.81099e+03  9.99811e-01  2.16848e+04
 0.00000e+00  1.81102e+03  2.20260e+04
 9.99784e-01  0.00000e+00  2.23725e+04
 1.00019e+00  9.99708e-01  2.23727e+04
 1.81106e+03  1.00004e+00  2.16848e+04
 0.00000e+00  1.81108e+03  2.20260e+04
 9.98885e-01  0.00000e+00  2.23720e+04
 9.99565e-01  9.99254e-01  2.23724e+04
 1.81112e+03  9.99904e-01  2.16848e+04
 0.00000e+00  1.81114e+03  2.20260e+04
 9.98699e-01  0.00000e+00  2.23719e+04
 9.99763e-01  9.99194e-01  2.23725e+04
 1.81118e+03  1.00030e+00  2.16848e+04
 0.00000e+00  1.81120e+03  2.20260e+04
 9.99111e-01  0.00000e+00  2.23721e+04
 9.99744e-01  9.99217e-01  2.23725e+04
 1.81124e+03  9.99800e-01  2.16848e+04
 0.00000e+00  1.81127e+03  2.20260e+04
 9.98830e-01  0.00000e+00  2.23720e+04
 1.00008e+00  9.98751e-01  2.23726e+04
 1.81131e+03  9.99806e-01  2.16848e+04
 0.00000e+00  1.81133e+03  2.20260e+04
 9.98958e-01  0.00000e+00  2.23720e+04
 9.99965e-01  9.99117e-01  2.23726e+04
 1.81137e+03  9.99555e-01  2.16848e+04
 0.00000e+00  1.81139e+03  2.20260e+04
 9.98393e-01  0.00000e+00  2.23717e+04
 9.99721e-01  9.98591e-01  2.23724e+04
 1.81143e+03  9.99583e-01  2.16848e+04
 0.00000e+00  1.81145e+03  2.20260e+04
 9.98911e-01  0.00000e+00  2.23720e+04
 9.99885e-01  9.99716e-01  2.23725e+04
 1.81149e+03  9.99864e-01  2.16848e+04
 0.00000e+00  1.81152e+03  2.20260e+04
 9.99105e-01  0.00000e+00  2.23721e+04
 9.99629e-01  9.98236e-01  2.23724e+04
 1.81156e+03  1.00004e+00  2.16848e+04
 0.00000e+00  1.81158e+03  2.20260e+04
 9.99451e-01  0.00000e+00  2.23723e+04
 9.99778e-01  9.99564e-01  2.23725e+04
 1.81162e+03  9.99573e-01  2.16848e+04
 0.00000e+00  1.81164e+03  2.20260e+04
 9.99327e-01  0.00000e+00  2.23722e+04
 9.99488e-01  9.99397e-01  2.23723e+04
 1.81168e+03  9.99808e-01  2.16848e+04
 0.00000e+00  1.81170e+03  2.20260e+04
 9.99088e-01  0.00000e+00  2.23721e+04
 9.99733e-01  9.99049e-01  2.23724e+04
 1.81174e+03  9.99062e-01  2.16848e+04
 0.00000e+00  1.81177e+03  2.20260e+04
 9.98814e-01  0.00000e+00  2.23719e+04
 9.99640e-01  9.98297e-01  2.23724e+04
 1.81181e+03  9.99990e-01  2.16848e+04
 0.00000e+00  1.81183e+03  2.20260e+04
 9.98831e-01  0.00000e+00  2.23720e+04
 9.99841e-01  9.99167e-01  2.23725e+04
 1.81187e+03  9.99436e-01  2.16848e+04
 0.00000e+00  1.81189e+03  2.20260e+04
 9.99138e-01  0.00000e+00  2.23721e+04
 9.99630e-01  9.98911e-01  2.23724e+04
 1.81193e+03  9.99740e-01  2.16848e+04
 0.00000e+00  1.81195e+03  2.20260e+04
 9.99283e-01  0.00000e+00  2.23722e+04
 9.99979e-01  9.99784e-01  2.23726e+04
 1.81199e+03  1.00000e+00  2.16848e+04
 0.00000e+00  1.81202e+03  2.20260e+04
 9.99716e-01  0.00000e+00  2.23724e+04
 9.99842e-01  9.99475e-01  2.23725e+04
 1.81206e+03  9.99520e-01  2.16848e+04
 0.00000e+00  1.81208e+03  2.20260e+04
 9.99654e-01  0.00000e+00  2.23724e+04
 9.99900e-01  9.99600e-01  2.23725e+04
 1.81212e+03  9.99463e-01  2.16848e+04
 0.00000e+00  1.81214e+03  2.20260e+04
 9.99724e-01  0.00000e+00  2.23724e+04
 1.00011e+00  9.99786e-01  2.23726e+04
 1.81218e+03  9.99966e-01  2.16848e+04
 0.00000e+00  1.81220e+03  2.20260e+04
 9.98860e-01  0.00000e+00  2.23720e+04
 1.00015e+00  9.99988e-01  2.23727e+04
 1.81224e+03  9.99993e-01  2.16848e+04
 0.00000e+00  1.81227e+03  2.20260e+04
 9.98834e-01  0.00000e+00  2.23720e+04
 9.99476e-01  9.99479e-01  2.23723e+04
 1.81231e+03  9.99733e-01  2.16848e+04
 0.00000e+00  1.81233e+03  2.20260e+04
 9.99492e-01  0.00000e+00  2.23723e+04
 9.99795e-01  9.99398e-01  2.23725e+04
 1.81237e+03  1.00003e+00  2.16848e+04
 0.00000e+00  1.81239e+03  2.20260e+04
 9.98977e-01  0.00000e+00  2.23720e+04
 9.99923e-01  9.99207e-01  2.23725e+04
 1.81243e+03  9.99268e-01  2.16848e+04
 0.00000e+00  1.81245e+03  2.20260e+04
 9.99488e-01  0.00000e+00  2.23723e+04
 1.00007e+00  9.99220e-01  2.23726e+04
 1.81249e+03  2.07366e-14  2.16848e+04
 1.28000e+02  1.81252e+03  2.16847e+04
 9.97441e-01  0.00000e+00  2.23712e+04
 9.99311e-01  9.97411e-01  2.23722e+04
 1.81256e+03  9.98920e-01  2.16848e+04
 0.00000e+00  1.81258e+03  2.20260e+04
 9.95672e-01  0.00000e+00  2.23703e+04
 9.99223e-01  9.96643e-01  2.23722e+04
 1.81262e+03  9.99094e-01  2.16848e+04
 0.00000e+00  1.81264e+03  2.20260e+04
 9.98179e-01  0.00000e+00  2.23716e+04
 9.98721e-01  9.97883e-01  2.23719e+04
 1.81268e+03  9.99408e-01  2.16848e+04
 0.00000e+00  1.81270e+03  2.20260e+04
 9.99314e-01  0.00000e+00  2.23722e+04
 9.99841e-01  9.98963e-01  2.23725e+04
 1.81274e+03  9.99749e-01  2.16848e+04
 0.00000e+00  1.81277e+03  2.20260e+04
 9.98971e-01  0.00000e+00  2.23720e+04
 1.00012e+00  9.99278e-01  2.23727e+04
 1.81281e+03  1.00024e+00  2.16848e+04
 0.00000e+00  1.81283e+03  2.20260e+04
 9.98032e-01  0.00000e+00  2.23715e+04
 9.99839e-01  9.97611e-01  2.23725e+04
 1.81287e+03  1.00048e+00  2.16848e+04
 0.00000e+00  1.81289e+03  2.20260e+04
 9.99204e-01  0.00000e+00  2.23722e+04
 1.00038e+00  9.99220e-01  2.23728e+04
 1.81293e+03  1.00102e+00  2.16848e+04
 0.00000e+00  1.81295e+03  2.20260e+04
 9.99026e-01  0.00000e+00  2.23721e+04
 1.00108e+00  9.98849e-01  2.23732e+04
 1.81299e+03  1.00117e+00  2.16848e+04
 0.00000e+00  1.81302e+03  2.20260e+04
 9.99665e-01  0.00000e+00  2.23724e+04
 1.00239e+00  1.00106e+00  2.23739e+04
 1.81306e+03  1.00166e+00  2.16848e+04
 0.00000e+00  1.81308e+03  2.20260e+04
 1.00140e+00  0.00000e+00  2.23733e+04
 1.00230e+00  1.00068e+00  2.23738e+04
 1.81312e+03  1.00257e+00  2.16848e+04
 0.00000e+00  1.81314e+03  2.20260e+04
 1.00105e+00  0.00000e+00  2.23732e+04
 1.00334e+00  1.00223e+00  2.23744e+04
 1.81318e+03  1.00297e+00  2.16848e+04
 0.00000e+00  1.81320e+03  2.20260e+04
 1.00257e+00  0.00000e+00  2.23740e+04
 1.00345e+00  1.00257e+00  2.23745e+04
 1.81324e+03  1.00358e+00  2.16848e+04
 0.00000e+00  1.81327e+03  2.20260e+04
 1.00313e+00  0.00000e+00  2.23743e+04
 1.00332e+00  1.00241e+00  2.23744e+04
 1.81331e+03  1.00284e+00  2.16848e+04
 0.00000e+00  1.81333e+03  2.20260e+04
 9.98420e-01  0.00000e+00  2.23717e+04
 1.00163e+00  9.99943e-01  2.23735e+04
 1.81337e+03  1.00075e+00  2.16848e+04
 0.00000e+00  1.81339e+03  2.20260e+04
 9.98695e-01  0.00000e+00  2.23719e+04
 1.00118e+00  9.99032e-01  2.23732e+04
 1.81343e+03  1.00143e+00  2.16848e+04
 0.00000e+00  1.81345e+03  2.20260e+04
 9.99998e-01  0.00000e+00  2.23726e+04
 1.00132e+00  1.00011e+00  2.23733e+04
 1.81349e+03  1.00156e+00  2.16848e+04
 0.00000e+00  1.81352e+03  2.20260e+04
 9.97883e-01  0.00000e+00  2.23714e+04
 1.00057e+00  9.99436e-01  2.23729e+04
 1.81356e+03  1.00057e+00  2.16848e+04
 0.00000e+00  1.81358e+03  2.20260e+04
 9.96836e-01  0.00000e+00  2.23709e+04
 9.98169e-01  9.95304e-01  2.23716e+04
 1.81362e+03  1.00052e+00  2.16848e+04
 0.00000e+00  1.81364e+03  2.20260e+04
 9.98056e-01  0.00000e+00  2.23715e+04
 1.00075e+00  9.98117e-01  2.23730e+04
 1.81368e+03  1.00008e+00  2.16848e+04
 0.00000e+00  1.81370e+03  2.20260e+04
 9.98812e-01  0.00000e+00  2.23719e+04
 9.99907e-01  9.98065e-01  2.23725e+04
 1.81374e+03  1.00133e+00  2.16848e+04
 0.00000e+00  1.81377e+03  2.20260e+04
 9.98769e-01  0.00000e+00  2.23719e+04
 1.00036e+00  9.98977e-01  2.23728e+04
 1.81381e+03  1.00042e+00  2.16848e+04
 0.00000e+00  1.81383e+03  2.20260e+04
 9.98718e-01  0.00000e+00  2.23719e+04
 1.00047e+00  9.98700e-01  2.23728e+04
 1.81387e+03  1.00034e+00  2.16848e+04
 0.00000e+00  1.81389e+03  2.20260e+04
 9.97067e-01  0.00000e+00  2.23710e+04
 9.99741e-01  9.97271e-01  2.23724e+04
 1.81393e+03  1.00036e+00  2.16848e+04
 0.00000e+00  1.81395e+03  2.20260e+04
 9.97965e-01  0.00000e+00  2.23715e+04
 1.00006e+00  9.98367e-01  2.23726e+04
 1.81399e+03  1.00045e+00  2.16848e+04
 0.00000e+00  1.81402e+03  2.20260e+04
 9.99130e-01  0.00000e+00  2.23721e+04
 9.99879e-01  9.98212e-01  2.23725e+04
 1.81406e+03  9.99997e-01  2.16848e+04
 0.00000e+00  1.81408e+03  2.20260e+04
 9.97646e-01  0.00000e+00  2.23713e+04
 9.99892e-01  9.97062e-01  2.23725e+04
 1.81412e+03  1.00036e+00  2.16848e+04
 0.00000e+00  1.81414e+03  2.20260e+04
 9.97332e-01  0.00000e+00  2.23711e+04
 9.99804e-01  9.97739e-01  2.23725e+04
 1.81418e+03  1.00033e+00  2.16848e+04
 0.00000e+00  1.81420e+03  2.20260e+04
 1.00042e+00  0.00000e+00  2.23728e+04
 1.00081e+00  1.00146e+00  2.23730e+04
 1.81424e+03  1.00047e+00  2.16848e+04
 0.00000e+00  1.81427e+03  2.20260e+04
 9.99080e-01  0.00000e+00  2.23721e+04
 1.00034e+00  9.99713e-01  2.23728e+04
 1.81431e+03  1.00036e+00  2.16848e+04
 0.00000e+00  1.81433e+03  2.20260e+04
 1.00012e+00  0.00000e+00  2.23727e+04
 1.00038e+00  1.00052e+00  2.23728e+04
 1.81437e+03  1.00011e+00  2.16848e+04
 0.00000e+00  1.81439e+03  2.20260e+04
 1.00057e+00  0.00000e+00  2.23729e+04
 9.99517e-01  9.99675e-01  2.23723e+04
 1.81443e+03  9.99760e-01  2.16848e+04
 0.00000e+00  1.81445e+03  2.20260e+04
 1.00061e+00  0.00000e+00  2.23729e+04
 9.99811e-01  9.99961e-01  2.23725e+04
 1.81449e+03  9.99665e-01  2.16848e+04
 0.00000e+00  1.81452e+03  2.20260e+04
 1.00017e+00  0.00000e+00  2.23727e+04
 9.99403e-01  9.99607e-01  2.23723e+04
 1.81456e+03  9.97641e-01  2.16848e+04
 0.00000e+00  1.81458e+03  2.20260e+04
 1.00022e+00  0.00000e+00  2.23727e+04
 9.99919e-01  1.00012e+00  2.23725e+04
 1.81462e+03  1.00020e+00  2.16848e+04
 0.00000e+00  1.81464e+03  2.20260e+04
 1.00007e+00  0.00000e+00  2.23726e+04
 1.00002e+00  1.00020e+00  2.23726e+04
 1.81468e+03  1.00001e+00  2.16848e+04
 0.00000e+00  1.81470e+03  2.20260e+04
 1.00123e+00  0.00000e+00  2.23733e+04
 1.00077e+00  1.00090e+00  2.23730e+04
 1.81474e+03  1.00055e+00  2.16848e+04
 0.00000e+00  1.81477e+03  2.20260e+04
 1.00062e+00  0.00000e+00  2.23729e+04
 1.00097e+00  1.00098e+00  2.23731e+04
 1.81481e+03  1.00076e+00  2.16848e+04
 0.00000e+00  1.81483e+03  2.20260e+04
 1.00036e+00  0.00000e+00  2.23728e+04
 1.00058e+00  1.00038e+00  2.23729e+04
 1.81487e+03  1.00038e+00  2.16848e+04
 0.00000e+00  1.81489e+03  2.20260e+04
 9.99972e-01  0.00000e+00  2.23726e+04
 9.99947e-01  9.99471e-01  2.23726e+04
 1.81493e+03  1.00017e+00  2.16848e+04
 0.00000e+00  1.81495e+03  2.20260e+04
 9.98307e-01  1.28000e+02  2.23717e+04
 9.98047e-01  9.96987e-01  2.23715e+04
 1.81499e+03  9.97935e-01  2.16848e+04
 1.28000e+02  1.81502e+03  2.16847e+04
 9.97301e-01  1.28000e+02  2.23711e+04
 9.97301e-01  1.28000e+02  2.23711e+04
 9.97301e-01  1.28000e+02  2.23711e+04
 9.97301e-01  1.28000e+02  2.23711e+04
 9.97301e-01  1.28000e+02  2.23711e+04
 9.97301e-01  1.28000e+02  2.23711e+04
 9.97301e-01  1.28000e+02  2.23711e+04
 9.97301e-01  1.28000e+02  2.23711e+04
 9.97301e-01  1.28000e+02  2.23711e+04
 9.97301e-01  1.28000e+02  2.23711e+04
 9.97301e-01  1.28000e+02  2.23711e+04
 9.97301e-01  1.28000e+02  2.23711e+04
 9.97301e-01  1.28000e+02  2.23711e+04
 9.97301e-01  1.28000e+02  2.23711e+04
 9.97301e-01  1.28000e+02  2.23711e+04
 9.97301e-01  1.28000e+02  2.23711e+04
 9.97301e-01  1.28000e+02  2.23711e+04
 9.97301e-01  1.28000e+02  2.23711e+04
 9.97301e-01  1.28000e+02  2.23711e+04
 9.97301e-01  1.28000e+02  2.23711e+04
 9.97301e-01  1.28000e+02  2.23711e+04
 9.97301e-01  1.28000e+02  2.23711e+04
 9.97301e-01  1.28000e+02  2.23711e+04
 9.97301e-01  1.28000e+02  2.23711e+04
 9.97301e-01  1.28000e+02  2.23711e+04
 9.97301e-01  1.28000e+02  2.23711e+04
 9.97301e-01  1.28000e+02  2.23711e+04
 9.97301e-01  1.28000e+02  2.23711e+04
 9.97301e-01  1.28000e+02  2.23711e+04
 9.97301e-01  1.28000e+02  2.23711e+04
 9.97301e-01  1.28000e+02  2.23711e+04
 9.97301e-01  1.28000e+02  2.23711e+04
 9.97301e-01  1.28000e+02  2.23711e+04
 9.97301e-01  1.28000e+02  2.23711e+04
 9.97301e-01  1.28000e+02  2.23711e+04
 9.97301e-01  1.28000e+02  2.23711e+04
 9.97301e-01  1.28000e+02  2.23711e+04
 9.97301e-01  1.28000e+02  2.23711e+04
 9.97301e-01  1.28000e+02  2.23711e+04
 9.97301e-01  1.28000e+02  2.23711e+04
 9.97301e-01  1.28000e+02  2.23711e+04
 9.97301e-01  1.28000e+02  2.23711e+04
 9.97301e-01  1.28000e+02  2.23711e+04
 9.97301e-01  1.28000e+02  2.23711e+04
 9.97301e-01  1.28000e+02  2.23711e+04
 9.97301e-01  1.28000e+02  2.23711e+04
 9.97301e-01  1.28000e+02  2.23711e+04
 9.97301e-01  1.28000e+02  2.23711e+04
 9.97301e-01  1.28000e+02  2.23711e+04
 9.97301e-01  1.28000e+02  2.23711e+04
 9.97301e-01  1.28000e+02  2.23711e+04
 9.97301e-01  1.28000e+02  2.23711e+04
 9.97301e-01  1.28000e+02  2.23711e+04
 9.97301e-01  1.28000e+02  2.23711e+04
 9.97301e-01  1.28000e+02  2.23711e+04
 9.97301e-01  1.28000e+02  2.23711e+04
 9.97301e-01  1.28000e+02  2.23711e+04
 9.97301e-01  1.28000e+02  2.23711e+04
 9.97301e-01  1.28000e+02  2.23711e+04
 9.97301e-01  1.28000e+02  2.23711e+04
 9.97301e-01  1.28000e+02  2.23711e+04
 9.97301e-01  1.28000e+02  2.23711e+04
 9.97301e-01  1.28000e+02  2.23711e+04
 9.97301e-01  1.28000e+02  2.23711e+04
 9.97301e-01  1.28000e+02  2.23711e+04
 9.97301e-01  1.28000e+02  2.23711e+04
 9.97301e-01  1.28000e+02  2.23711e+04
 9.97301e-01  1.28000e+02  2.23711e+04
 9.97301e-01  1.28000e+02  2.23711e+04
 9.97301e-01  1.28000e+02  2.23711e+04
 9.97301e-01  1.28000e+02  2.23711e+04
 9.97301e-01  1.28000e+02  2.23711e+04
 9.97301e-01  1.28000e+02  2.23711e+04
 9.97301e-01  1.28000e+02  2.23711e+04
 9.97301e-01  1.28000e+02  2.23711e+04
 9.97301e-01  1.28000e+02  2.23711e+04
 9.97301e-01  1.28000e+02  2.23711e+04
 9.97301e-01  1.28000e+02  2.23711e+04
 9.97301e-01  1.28000e+02  2.23711e+04
 9.97301e-01  1.28000e+02  2.23711e+04
 9.97301e-01  1.28000e+02  2.23711e+04
 9.97301e-01  1.28000e+02  2.23711e+04
 9.97301e-01  1.28000e+02  2.23711e+04
 9.97301e-01  1.28000e+02  2.23711e+04
 9.97301e-01  1.28000e+02  2.23711e+04
 9.97301e-01  1.28000e+02  2.23711e+04
 9.97301e-01  1.28000e+02  2.23711e+04
 9.97301e-01  1.28000e+02  2.23711e+04
 9.97301e-01  1.28000e+02  2.23711e+04
 9.97301e-01  1.28000e+02  2.23711e+04
 9.97301e-01  1.28000e+02  2.23711e+04
 9.97301e-01  1.28000e+02  2.23711e+04
 9.97301e-01  1.28000e+02  2.23711e+04
 9.97301e-01  1.28000e+02  2.23711e+04
 9.97301e-01  1.28000e+02  2.23711e+04
 9.97301e-01  1.28000e+02  2.23711e+04
 9.97301e-01  1.28000e+02  2.23711e+04
 9.97301e-01  1.28000e+02  2.23711e+04
 9.97301e-01  1.28000e+02  2.23711e+04
 9.97301e-01  1.28000e+02  2.23711e+04
 9.97301e-01  1.28000e+02  2.23711e+04
 9.97301e-01  1.28000e+02  2.23711e+04
 9.97301e-01  1.28000e+02  2.23711e+04
 9.97301e-01  1.28000e+02  2.23711e+04
 9.97301e-01  1.28000e+02  2.23711e+04
 9.97301e-01  1.28000e+02  2.23711e+04
 9.97301e-01  1.28000e+02  2.23711e+04
 9.97301e-01  1.28000e+02  2.23711e+04
 9.97301e-01  1.28000e+02  2.23711e+04
 9.97301e-01  1.28000e+02  2.23711e+04
 9.97301e-01  1.28000e+02  2.23711e+04
 9.97301e-01  1.28000e+02  2.23711e+04
 9.97301e-01  1.28000e+02  2.23711e+04
 9.97301e-01  1.28000e+02  2.23711e+04
 9.97301e-01  1.28000e+02  2.23711e+04
 9.97301e-01  1.28000e+02  2.23711e+04
 9.97301e-01  1.28000e+02  2.23711e+04
 9.97301e-01  1.28000e+02  2.23711e+04
 9.97301e-01  1.28000e+02  2.23711e+04
 9.97301e-01  1.28000e+02  2.23711e+04
 9.97301e-01  1.28000e+02  2.23711e+04
 9.97301e-01  1.28000e+02  2.23711e+04
 9.97301e-01  1.28000e+02  2.23711e+04
 9.97301e-01  1.28000e+02  2.23711e+04
 9.97301e-01  1.28000e+02  2.23711e+04
 9.97301e-01  1.28000e+02  2.23711e+04
 9.97301e-01  1.28000e+02  2.23711e+04
 9.97301e-01  1.28000e+02  2.23711e+04
 9.97301e-01  1.28000e+02  2.23711e+04
 9.97301e-01  1.28000e+02  2.23711e+04
 9.97301e-01  1.28000e+02  2.23711e+04
 9.97301e-01  1.28000e+02  2.23711e+04
 9.97301e-01  1.28000e+02  2.23711e+04
 9.97301e-01  1.28000e+02  2.23711e+04
 9.97301e-01  1.28000e+02  2.23711e+04
 9.97301e-01  1.28000e+02  2.23711e+04
 9.97301e-01  1.28000e+02  2.23711e+04
 9.97301e-01  1.28000e+02  2.23711e+04
 9.97301e-01  1.28000e+02  2.23711e+04
 9.97301e-01  1.28000e+02  2.23711e+04
 9.97301e-01  1.28000e+02  2.23711e+04
 9.97301e-01  1.28000e+02  2.23711e+04
 9.97301e-01  1.28000e+02  2.23711e+04
 9.97301e-01  1.28000e+02  2.23711e+04
 9.97301e-01  1.28000e+02  2.23711e+04
 9.97301e-01  1.28000e+02  2.23711e+04
 9.97301e-01  1.28000e+02  2.23711e+04
 9.97301e-01  1.28000e+02  2.23711e+04
 9.97301e-01  1.28000e+02  2.23711e+04
 9.97301e-01  1.28000e+02  2.23711e+04
 9.97301e-01  1.28000e+02  2.23711e+04
 9.97301e-01  1.28000e+02  2.23711e+04
 9.97301e-01  1.28000e+02  2.23711e+04
 9.97301e-01  1.28000e+02  2.23711e+04
 9.97301e-01  1.28000e+02  2.23711e+04
 9.97301e-01  1.28000e+02  2.23711e+04
 9.97301e-01  1.28000e+02  2.23711e+04
 9.97301e-01  1.28000e+02  2.23711e+04
 9.97301e-01  1.28000e+02  2.23711e+04
 9.97301e-01  1.28000e+02  2.23711e+04
 9.97301e-01  1.28000e+02  2.23711e+04
 9.97301e-01  1.28000e+02  2.23711e+04
 9.97301e-01  1.28000e+02  2.23711e+04
 9.97301e-01  1.28000e+02  2.23711e+04
 9.97301e-01  1.28000e+02  2.23711e+04
 9.97301e-01  1.28000e+02  2.23711e+04
 9.97301e-01  1.28000e+02  2.23711e+04
 9.97301e-01  1.28000e+02  2.23711e+04
 9.97301e-01  1.28000e+02  2.23711e+04
 9.97301e-01  1.28000e+02  2.23711e+04
 9.97301e-01  1.28000e+02  2.23711e+04
 9.97301e-01  1.28000e+02  2.23711e+04
 9.97301e-01  1.28000e+02  2.23711e+04
 9.97301e-01  1.28000e+02  2.23711e+04
 9.97301e-01  1.28000e+02  2.23711e+04
 9.97301e-01  1.28000e+02  2.23711e+04
 9.97301e-01  1.28000e+02  2.23711e+04
 9.97301e-01  1.28000e+02  2.23711e+04
 9.97301e-01  1.28000e+02  2.23711e+04
 9.97301e-01  1.28000e+02  2.23711e+04
 9.97301e-01  1.28000e+02  2.23711e+04
 9.97301e-01  1.28000e+02  2.23711e+04
 9.97301e-01  1.28000e+02  2.23711e+04
 9.97301e-01  1.28000e+02  2.23711e+04
 9.97301e-01  1.28000e+02  2.23711e+04
 9.97301e-01  1.28000e+02  2.23711e+04
 9.97301e-01  1.28000e+02  2.23711e+04
 9.97301e-01  1.28000e+02  2.23711e+04
 9.97301e-01  1.28000e+02  2.23711e+04
 9.97301e-01  1.28000e+02  2.23711e+04
 9.97301e-01  1.28000e+02  2.23711e+04
 9.97301e-01  1.28000e+02  2.23711e+04
 9.97301e-01  1.28000e+02  2.23711e+04
 9.97301e-01  1.28000e+02  2.23711e+04
 9.97301e-01  1.28000e+02  2.23711e+04
 9.97301e-01  1.28000e+02  2.23711e+04
 9.97301e-01  1.28000e+02  2.23711e+04
 9.97301e-01  1.28000e+02  2.23711e+04
 9.97301e-01  1.28000e+02  2.23711e+04
 9.97301e-01  1.28000e+02  2.23711e+04
 9.97301e-01  1.28000e+02  2.23711e+04
 9.97301e-01  1.28000e+02  2.23711e+04
 9.97301e-01  1.28000e+02  2.23711e+04
 9.97301e-01  1.28000e+02  2.23711e+04
 9.97301e-01  1.28000e+02  2.23711e+04
 9.97301e-01  1.28000e+02  2.23711e+04
 9.97301e-01  1.28000e+02  2.23711e+04
 9.97301e-01  1.28000e+02  2.23711e+04
 9.97301e-01  1.28000e+02  2.23711e+04
 9.97301e-01  1.28000e+02  2.23711e+04
 9.97301e-01  1.28000e+02  2.23711e+04
 9.97301e-01  1.28000e+02  2.23711e+04
 9.97301e-01  1.28000e+02  2.23711e+04
 9.97301e-01  1.28000e+02  2.23711e+04
 9.97301e-01  1.28000e+02  2.23711e+04
 9.97301e-01  1.28000e+02  2.23711e+04
 9.97301e-01  1.28000e+02  2.23711e+04
 9.97301e-01  1.28000e+02  2.23711e+04
 9.97301e-01  1.28000e+02  2.23711e+04
 9.97301e-01  1.28000e+02  2.23711e+04
 9.97301e-01  1.28000e+02  2.23711e+04
 9.97301e-01  1.28000e+02  2.23711e+04
 9.97301e-01  1.28000e+02  2.23711e+04
 9.97301e-01  1.28000e+02  2.23711e+04
 9.97301e-01  1.28000e+02  2.23711e+04
 9.97301e-01  1.28000e+02  2.23711e+04
 9.97301e-01  1.28000e+02  2.23711e+04
 9.97301e-01  1.28000e+02  2.23711e+04
 9.97301e-01  1.28000e+02  2.23711e+04
 9.97301e-01  1.28000e+02  2.23711e+04
 9.97301e-01  1.28000e+02  2.23711e+04
 9.97301e-01  1.28000e+02  2.23711e+04
 9.97301e-01  1.28000e+02  2.23711e+04
 9.97301e-01  1.28000e+02  2.23711e+04
 9.97301e-01  1.28000e+02  2.23711e+04
 9.97301e-01  1.28000e+02  2.23711e+04
 9.97301e-01  1.28000e+02  2.23711e+04
 9.97301e-01  1.28000e+02  2.23711e+04
 9.97301e-01  1.28000e+02  2.23711e+04
 9.97301e-01  1.28000e+02  2.23711e+04
 9.97301e-01  1.28000e+02  2.23711e+04
 9.97301e-01  1.28000e+02  2.23711e+04
 9.97301e-01  1.28000e+02  2.23711e+04
 9.97301e-01  1.28000e+02  2.23711e+04
 9.97301e-01  1.28000e+02  2.23711e+04
 9.97301e-01  1.28000e+02  2.23711e+04
 9.97301e-01  1.28000e+02  2.23711e+04
 9.97301e-01  1.28000e+02  2.23711e+04
 9.97301e-01  1.28000e+02  2.23711e+04
 9.97301e-01  1.28000e+02  2.23711e+04
 9.97301e-01  1.28000e+02  2.23711e+04
 9.97301e-01  1.28000e+02  2.23711e+04
 9.97301e-01  1.28000e+02  2.23711e+04
 9.97301e-01  1.28000e+02  2.23711e+04
 9.97301e-01  1.28000e+02  2.23711e+04
 9.97301e-01  1.28000e+02  2.23711e+04
 9.97301e-01  1.28000e+02  2.23711e+04
 9.97301e-01  1.28000e+02  2.23711e+04
 9.97301e-01  1.28000e+02  2.23711e+04
 9.97301e-01  1.28000e+02  2.23711e+04
 9.97301e-01  1.28000e+02  2.23711e+04
 9.97301e-01  1.28000e+02  2.23711e+04
 9.97301e-01  1.28000e+02  2.23711e+04
 9.97301e-01  1.28000e+02  2.23711e+04
 9.97301e-01  1.28000e+02  2.23711e+04
 9.97301e-01  1.28000e+02  2.23711e+04
 9.97301e-01  1.28000e+02  2.23711e+04
 9.97301e-01  1.28000e+02  2.23711e+04
 9.97301e-01  1.28000e+02  2.23711e+04
 9.97301e-01  1.28000e+02  2.23711e+04
 9.97301e-01  1.28000e+02  2.23711e+04
 9.97301e-01  1.28000e+02  2.23711e+04
 9.97301e-01  1.28000e+02  2.23711e+04
 9.97301e-01  1.28000e+02  2.23711e+04
 9.97301e-01  1.28000e+02  2.23711e+04
 9.97301e-01  1.28000e+02  2.23711e+04
 9.97301e-01  1.28000e+02  2.23711e+04
 9.97301e-01  1.28000e+02  2.23711e+04
 9.97301e-01  1.28000e+02  2.23711e+04
 9.97301e-01  1.28000e+02  2.23711e+04
 9.97301e-01  1.28000e+02  2.23711e+04
 9.97301e-01  1.28000e+02  2.23711e+04
 9.97301e-01  1.28000e+02  2.23711e+04
 9.97301e-01  1.28000e+02  2.23711e+04
 9.97301e-01  1.28000e+02  2.23711e+04
 9.97301e-01  1.28000e+02  2.23711e+04
 9.97301e-01  1.28000e+02  2.23711e+04
 9.97301e-01  1.28000e+02  2.23711e+04
 9.97301e-01  1.28000e+02  2.23711e+04
 9.97301e-01  1.28000e+02  2.23711e+04
 9.97301e-01  1.28000e+02  2.23711e+04
 9.97301e-01  1.28000e+02  2.23711e+04
 9.97301e-01  1.28000e+02  2.23711e+04
 9.97301e-01  1.28000e+02  2.23711e+04
 9.97301e-01  1.28000e+02  2.23711e+04
 9.97301e-01  1.28000e+02  2.23711e+04
 9.97301e-01  1.28000e+02  2.23711e+04
 9.97301e-01  1.28000e+02  2.23711e+04
 9.97301e-01  1.28000e+02  2.23711e+04
 9.97301e-01  1.28000e+02  2.23711e+04
 9.97301e-01  1.28000e+02  2.23711e+04
 9.97301e-01  1.28000e+02  2.23711e+04
 9.97301e-01  1.28000e+02  2.23711e+04
 9.97301e-01  1.28000e+02  2.23711e+04
 9.97301e-01  1.28000e+02  2.23711e+04
 9.97301e-01  1.28000e+02  2.23711e+04
 9.97301e-01  1.28000e+02  2.23711e+04
 9.97301e-01  1.28000e+02  2.23711e+04
 9.97301e-01  1.28000e+02  2.23711e+04
 9.97301e-01  1.28000e+02  2.23711e+04
 9.97301e-01  1.28000e+02  2.23711e+04
 9.97301e-01  1.28000e+02  2.23711e+04
 9.97301e-01  1.28000e+02  2.23711e+04
 9.97301e-01  1.28000e+02  2.23711e+04
 9.97301e-01  1.28000e+02  2.23711e+04
 9.97301e-01  1.28000e+02  2.23711e+04
 9.97301e-01  1.28000e+02  2.23711e+04
 9.97301e-01  1.28000e+02  2.23711e+04
 9.97301e-01  1.28000e+02  2.23711e+04
 9.97301e-01  1.28000e+02  2.23711e+04
 9.97301e-01  1.28000e+02  2.23711e+04
 9.97301e-01  1.28000e+02  2.23711e+04
 9.97301e-01  1.28000e+02  2.23711e+04
 9.97301e-01  1.28000e+02  2.23711e+04
 9.97301e-01  1.28000e+02  2.23711e+04
 9.97301e-01  1.28000e+02  2.23711e+04
 9.97301e-01  1.28000e+02  2.23711e+04
 9.97301e-01  1.28000e+02  2.23711e+04
 9.97301e-01  1.28000e+02  2.23711e+04
 9.97301e-01  1.28000e+02  2.23711e+04
 9.97301e-01  1.28000e+02  2.23711e+04
 9.97301e-01  1.28000e+02  2.23711e+04
 9.97301e-01  1.28000e+02  2.23711e+04
 9.97301e-01  1.28000e+02  2.23711e+04
 9.97301e-01  1.28000e+02  2.23711e+04
 9.97301e-01  1.28000e+02  2.23711e+04
 9.97301e-01  1.28000e+02  2.23711e+04
 9.97301e-01  1.28000e+02  2.23711e+04
 9.97301e-01  1.28000e+02  2.23711e+04
 9.97301e-01  1.28000e+02  2.23711e+04
 9.97301e-01  1.28000e+02  2.23711e+04
 9.97301e-01  1.28000e+02  2.23711e+04
 9.97301e-01  1.28000e+02  2.23711e+04
 9.97301e-01  1.28000e+02  2.23711e+04
 9.97301e-01  1.28000e+02  2.23711e+04
 9.97301e-01  1.28000e+02  2.23711e+04
 9.97301e-01  1.28000e+02  2.23711e+04
 9.97301e-01  1.28000e+02  2.23711e+04
 9.97301e-01  1.28000e+02  2.23711e+04
 9.97301e-01  1.28000e+02  2.23711e+04
 9.97301e-01  1.28000e+02  2.23711e+04
 9.97301e-01  1.28000e+02  2.23711e+04
 9.97301e-01  1.28000e+02  2.23711e+04
 9.97301e-01  1.28000e+02  2.23711e+04
 9.97301e-01  1.28000e+02  2.23711e+04
 9.97301e-01  1.28000e+02  2.23711e+04
 9.97301e-01  1.28000e+02  2.23711e+04
 9.97301e-01  1.28000e+02  2.23711e+04
 9.97301e-01  1.28000e+02  2.23711e+04
 9.97301e-01  1.28000e+02  2.23711e+04
 9.97301e-01  1.28000e+02  2.23711e+04
 9.97301e-01  1.28000e+02  2.23711e+04
 9.97301e-01  1.28000e+02  2.23711e+04
 9.97301e-01  1.28000e+02  2.23711e+04
 9.97301e-01  1.28000e+02  2.23711e+04
 9.97301e-01  1.28000e+02  2.23711e+04
 9.97301e-01  1.28000e+02  2.23711e+04
 9.97301e-01  1.28000e+02  2.23711e+04
 9.97301e-01  1.28000e+02  2.23711e+04
 9.97301e-01  1.28000e+02  2.23711e+04
 9.97301e-01  1.28000e+02  2.23711e+04
 9.97301e-01  1.28000e+02  2.23711e+04
 9.97301e-01  1.28000e+02  2.23711e+04
 9.97301e-01  1.28000e+02  2.23711e+04
 9.97301e-01  1.28000e+02  2.23711e+04
 9.97301e-01  1.28000e+02  2.23711e+04
 9.97301e-01  1.28000e+02  2.23711e+04
 9.97301e-01  1.28000e+02  2.23711e+04
 9.97301e-01  1.28000e+02  2.23711e+04
 9.97301e-01  1.28000e+02  2.23711e+04
 9.97301e-01  1.28000e+02  2.23711e+04
 9.97301e-01  1.28000e+02  2.23711e+04
 9.97301e-01  1.28000e+02  2.23711e+04
 9.97301e-01  1.28000e+02  2.23711e+04
 9.97301e-01  1.28000e+02  2.23711e+04
 9.97301e-01  1.28000e+02  2.23711e+04
 9.97301e-01  1.28000e+02  2.23711e+04
 9.97301e-01  1.28000e+02  2.23711e+04
 9.97301e-01  1.28000e+02  2.23711e+04
 9.97301e-01  1.28000e+02  2.23711e+04
 9.97301e-01  1.28000e+02  2.23711e+04
 9.97301e-01  1.28000e+02  2.23711e+04
 9.97301e-01  1.28000e+02  2.23711e+04
 9.97301e-01  1.28000e+02  2.23711e+04
 9.97301e-01  1.28000e+02  2.23711e+04
 9.97301e-01  1.28000e+02  2.23711e+04
 9.97301e-01  1.28000e+02  2.23711e+04
 9.97301e-01  1.28000e+02  2.23711e+04
 9.97301e-01  1.28000e+02  2.23711e+04
 9.97301e-01  1.28000e+02  2.23711e+04
 9.97301e-01  1.28000e+02  2.23711e+04
 9.97301e-01  1.28000e+02  2.23711e+04
 9.97301e-01  1.28000e+02  2.23711e+04
 9.97301e-01  1.28000e+02  2.23711e+04
 9.97301e-01  1.28000e+02  2.23711e+04
 9.97301e-01  1.28000e+02  2.23711e+04
 9.97301e-01  1.28000e+02  2.23711e+04
 9.97301e-01  1.28000e+02  2.23711e+04
 9.97301e-01  1.28000e+02  2.23711e+04
 9.97301e-01  1.28000e+02  2.23711e+04
 9.97301e-01  1.28000e+02  2.23711e+04
 9.97301e-01  1.28000e+02  2.23711e+04
 9.97301e-01  1.28000e+02  2.23711e+04
 9.97301e-01  1.28000e+02  2.23711e+04
 9.97301e-01  1.28000e+02  2.23711e+04
 9.97301e-01  1.28000e+02  2.23711e+04
 9.97301e-01  1.28000e+02  2.23711e+04
 9.97301e-01  1.28000e+02  2.23711e+04
 9.97301e-01  1.28000e+02  2.23711e+04
 9.97301e-01  1.28000e+02  2.23711e+04
 9.97301e-01  1.28000e+02  2.23711e+04
 9.97301e-01  1.28000e+02  2.23711e+04
 9.97301e-01  1.28000e+02  2.23711e+04
 9.97301e-01  1.28000e+02  2.23711e+04
 9.97301e-01  1.28000e+02  2.23711e+04
 9.97301e-01  1.28000e+02  2.23711e+04
 9.97301e-01  1.28000e+02  2.23711e+04
 9.97301e-01  1.28000e+02  2.23711e+04
 9.97301e-01  1.28000e+02  2.23711e+04
 9.97301e-01  1.28000e+02  2.23711e+04
 9.97301e-01  1.28000e+02  2.23711e+04
 9.97301e-01  1.28000e+02  2.23711e+04
 9.97301e-01  1.28000e+02  2.23711e+04
 9.97301e-01  1.28000e+02  2.23711e+04
 9.97301e-01  1.28000e+02  2.23711e+04
 9.97301e-01  1.28000e+02  2.23711e+04
 9.97301e-01  1.28000e+02  2.23711e+04
 9.97301e-01  1.28000e+02  2.23711e+04
 9.97301e-01  1.28000e+02  2.23711e+04
 9.97301e-01  1.28000e+02  2.23711e+04
 9.97301e-01  1.28000e+02  2.23711e+04
 9.97301e-01  1.28000e+02  2.23711e+04
 9.97301e-01  1.28000e+02  2.23711e+04
 9.97301e-01  1.28000e+02  2.23711e+04
 9.97301e-01  1.28000e+02  2.23711e+04
 9.97301e-01  1.28000e+02  2.23711e+04
 9.97301e-01  1.28000e+02  2.23711e+04
 9.97301e-01  1.28000e+02  2.23711e+04
 9.97301e-01  1.28000e+02  2.23711e+04
 9.97301e-01  1.28000e+02  2.23711e+04
 9.97301e-01  1.28000e+02  2.23711e+04
 9.97301e-01  1.28000e+02  2.23711e+04
 9.97301e-01  1.28000e+02  2.23711e+04
 9.97301e-01  1.28000e+02  2.23711e+04
 9.97301e-01  1.28000e+02  2.23711e+04
 9.97301e-01  1.28000e+02  2.23711e+04
 9.97301e-01  1.28000e+02  2.23711e+04
 9.97301e-01  1.28000e+02  2.23711e+04
 9.97301e-01  1.28000e+02  2.23711e+04
 9.97301e-01  1.28000e+02  2.23711e+04
 9.97301e-01  1.28000e+02  2.23711e+04
 9.97301e-01  1.28000e+02  2.23711e+04
 9.97301e-01  1.28000e+02  2.23711e+04
 9.97301e-01  1.28000e+02  2.23711e+04
 9.97301e-01  1.28000e+02  2.23711e+04
 9.97301e-01  1.28000e+02  2.23711e+04
 9.97301e-01  1.28000e+02  2.23711e+04
 9.97301e-01  1.28000e+02  2.23711e+04
 9.97301e-01  1.28000e+02  2.23711e+04
 9.97301e-01  1.28000e+02  2.23711e+04
 9.97301e-01  1.28000e+02  2.23711e+04
 9.97301e-01  1.28000e+02  2.23711e+04
 9.97301e-01  1.28000e+02  2.23711e+04
 9.97301e-01  1.28000e+02  2.23711e+04
 9.97301e-01  1.28000e+02  2.23711e+04
 9.97301e-01  1.28000e+02  2.23711e+04
 9.97301e-01  1.28000e+02  2.23711e+04
 9.97301e-01  1.28000e+02  2.23711e+04
 9.97301e-01  1.28000e+02  2.23711e+04
 9.97301e-01  1.28000e+02  2.23711e+04
 9.97301e-01  1.28000e+02  2.23711e+04
 9.97301e-01  1.28000e+02  2.23711e+04
 9.97301e-01  1.28000e+02  2.23711e+04
 9.97301e-01  1.28000e+02  2.23711e+04
 9.97301e-01  1.28000e+02  2.23711e+04
 9.97301e-01  1.28000e+02  2.23711e+04
 9.97301e-01  1.28000e+02  2.23711e+04
 9.97301e-01  1.28000e+02  2.23711e+04
 9.97301e-01  1.28000e+02  2.23711e+04
 9.97301e-01  1.28000e+02  2.23711e+04
 9.97301e-01  1.28000e+02  2.23711e+04
 9.97301e-01  1.28000e+02  2.23711e+04
 9.97301e-01  1.28000e+02  2.23711e+04
 9.97301e-01  1.28000e+02  2.23711e+04
 9.97301e-01  1.28000e+02  2.23711e+04
 9.97301e-01  1.28000e+02  2.23711e+04
 9.97301e-01  1.28000e+02  2.23711e+04
 9.97301e-01  1.28000e+02  2.23711e+04
 9.97301e-01  1.28000e+02  2.23711e+04
 9.97301e-01  1.28000e+02  2.23711e+04
 9.97301e-01  1.28000e+02  2.23711e+04
 9.97301e-01  1.28000e+02  2.23711e+04
 9.97301e-01  1.28000e+02  2.23711e+04
 9.97301e-01  1.28000e+02  2.23711e+04
 9.97301e-01  1.28000e+02  2.23711e+04
 9.97301e-01  1.28000e+02  2.23711e+04
 9.97301e-01  1.28000e+02  2.23711e+04
 9.97301e-01  1.28000e+02  2.23711e+04
 9.97301e-01  1.28000e+02  2.23711e+04
 9.97301e-01  1.28000e+02  2.23711e+04
 9.97301e-01  1.28000e+02  2.23711e+04
 9.97301e-01  1.28000e+02  2.23711e+04
 9.97301e-01  1.28000e+02  2.23711e+04
 9.97301e-01  1.28000e+02  2.23711e+04
 9.97301e-01  1.28000e+02  2.23711e+04
 9.97301e-01  1.28000e+02  2.23711e+04
 9.97301e-01  1.28000e+02  2.23711e+04
 9.97301e-01  1.28000e+02  2.23711e+04
 9.97301e-01  1.28000e+02  2.23711e+04
 9.97301e-01  1.28000e+02  2.23711e+04
 9.97301e-01  1.28000e+02  2.23711e+04
 9.97301e-01  1.28000e+02  2.23711e+04
 9.97301e-01  1.28000e+02  2.23711e+04
 9.97301e-01  1.28000e+02  2.23711e+04
 9.97301e-01  1.28000e+02  2.23711e+04
 9.97301e-01  1.28000e+02  2.23711e+04
 9.97301e-01  1.28000e+02  2.23711e+04
 9.97301e-01  1.28000e+02  2.23711e+04
 9.97301e-01  1.28000e+02  2.23711e+04
 9.97301e-01  1.28000e+02  2.23711e+04
 9.97301e-01  1.28000e+02  2.23711e+04
 9.97301e-01  1.28000e+02  2.23711e+04
 9.97301e-01  1.28000e+02  2.23711e+04
 9.97301e-01  1.28000e+02  2.23711e+04
 9.97301e-01  1.28000e+02  2.23711e+04
 9.97301e-01  1.28000e+02  2.23711e+04
 9.97301e-01  1.28000e+02  2.23711e+04
 9.97301e-01  1.28000e+02  2.23711e+04
 9.97301e-01  1.28000e+02  2.23711e+04
 9.97301e-01  1.28000e+02  2.23711e+04
 9.97301e-01  1.28000e+02  2.23711e+04
 9.97301e-01  1.28000e+02  2.23711e+04
 9.97301e-01  1.28000e+02  2.23711e+04
 9.97301e-01  1.28000e+02  2.23711e+04
 9.97301e-01  1.28000e+02  2.23711e+04
 9.97301e-01  1.28000e+02  2.23711e+04
 9.97301e-01  1.28000e+02  2.23711e+04
 9.97301e-01  1.28000e+02  2.23711e+04
 9.97301e-01  1.28000e+02  2.23711e+04
 9.97301e-01  1.28000e+02  2.23711e+04
 9.97301e-01  1.28000e+02  2.23711e+04
 9.97301e-01  1.28000e+02  2.23711e+04
 9.97301e-01  1.28000e+02  2.23711e+04
 9.97301e-01  1.28000e+02  2.23711e+04
 9.97301e-01  1.28000e+02  2.23711e+04
 9.97301e-01  1.28000e+02  2.23711e+04
 9.97301e-01  1.28000e+02  2.23711e+04
 9.97301e-01  1.28000e+02  2.23711e+04
 9.97301e-01  1.28000e+02  2.23711e+04
 9.97301e-01  1.28000e+02  2.23711e+04
 9.97301e-01  1.28000e+02  2.23711e+04
 9.97301e-01  1.28000e+02  2.23711e+04
 9.97301e-01  1.28000e+02  2.23711e+04
 9.97301e-01  1.28000e+02  2.23711e+04
 9.97301e-01  1.28000e+02  2.23711e+04
 9.97301e-01  1.28000e+02  2.23711e+04
 9.97301e-01  1.28000e+02  2.23711e+04
 9.97301e-01  1.28000e+02  2.23711e+04
 9.97301e-01  1.28000e+02  2.23711e+04
 9.97301e-01  1.28000e+02  2.23711e+04
 9.97301e-01  1.28000e+02  2.23711e+04
 9.97301e-01  1.28000e+02  2.23711e+04
 9.97301e-01  1.28000e+02  2.23711e+04
 9.97301e-01  1.28000e+02  2.23711e+04
 9.97301e-01  1.28000e+02  2.23711e+04
 9.97301e-01  1.28000e+02  2.23711e+04
 9.97301e-01  1.28000e+02  2.23711e+04
 9.97301e-01  1.28000e+02  2.23711e+04
 9.97301e-01  1.28000e+02  2.23711e+04
 9.97301e-01  1.28000e+02  2.23711e+04
 9.97301e-01  1.28000e+02  2.23711e+04
 9.97301e-01  1.28000e+02  2.23711e+04
 9.97301e-01  1.28000e+02  2.23711e+04
 9.97301e-01  1.28000e+02  2.23711e+04
 9.97301e-01  1.28000e+02  2.23711e+04
 9.97301e-01  1.28000e+02  2.23711e+04
 9.97301e-01  1.28000e+02  2.23711e+04
 9.97301e-01  1.28000e+02  2.23711e+04
 9.97301e-01  1.28000e+02  2.23711e+04
 9.97301e-01  1.28000e+02  2.23711e+04
 9.97301e-01  1.28000e+02  2.23711e+04
 9.97301e-01  1.28000e+02  2.23711e+04
 9.97301e-01  1.28000e+02  2.23711e+04
 9.97301e-01  1.28000e+02  2.23711e+04
 9.97301e-01  1.28000e+02  2.23711e+04
 9.97301e-01  1.28000e+02  2.23711e+04
 9.97301e-01  1.28000e+02  2.23711e+04
 9.97301e-01  1.28000e+02  2.23711e+04
 9.97301e-01  1.28000e+02  2.23711e+04
 9.97301e-01  1.28000e+02  2.23711e+04
 9.97301e-01  1.28000e+02  2.23711e+04
 9.97301e-01  1.28000e+02  2.23711e+04
 9.97301e-01  1.28000e+02  2.23711e+04
 9.97301e-01  1.28000e+02  2.23711e+04
 9.97301e-01  1.28000e+02  2.23711e+04
 9.97301e-01  1.28000e+02  2.23711e+04
 9.97301e-01  1.28000e+02  2.23711e+04
 9.97301e-01  1.28000e+02  2.23711e+04
 9.97301e-01  1.28000e+02  2.23711e+04
 9.97301e-01  1.28000e+02  2.23711e+04
 9.97301e-01  1.28000e+02  2.23711e+04
 9.97301e-01  1.28000e+02  2.23711e+04
 9.97301e-01  1.28000e+02  2.23711e+04
 9.97301e-01  1.28000e+02  2.23711e+04
 9.97301e-01  1.28000e+02  2.23711e+04
 9.97301e-01  1.28000e+02  2.23711e+04
 9.97301e-01  1.28000e+02  2.23711e+04
 9.97301e-01  1.28000e+02  2.23711e+04
 9.97301e-01  1.28000e+02  2.23711e+04
 9.97301e-01  1.28000e+02  2.23711e+04
 9.97301e-01  1.28000e+02  2.23711e+04
 9.97301e-01  1.28000e+02  2.23711e+04
 9.97301e-01  1.28000e+02  2.23711e+04
 9.97301e-01  1.28000e+02  2.23711e+04
 9.97301e-01  1.28000e+02  2.23711e+04
 9.97301e-01  1.28000e+02  2.23711e+04
 9.97301e-01  1.28000e+02  2.23711e+04
 9.97301e-01  1.28000e+02  2.23711e+04
 9.97301e-01  1.28000e+02  2.23711e+04
 9.97301e-01  1.28000e+02  2.23711e+04
 9.97301e-01  1.28000e+02  2.23711e+04
 9.97301e-01  1.28000e+02  2.23711e+04
 9.97301e-01  1.28000e+02  2.23711e+04
 9.97301e-01  1.28000e+02  2.23711e+04
 9.97301e-01  1.28000e+02  2.23711e+04
 9.97301e-01  1.28000e+02  2.23711e+04
 9.97301e-01  1.28000e+02  2.23711e+04
 9.97301e-01  1.28000e+02  2.23711e+04
 9.97301e-01  1.28000e+02  2.23711e+04
 9.97301e-01  1.28000e+02  2.23711e+04
 9.97301e-01  1.28000e+02  2.23711e+04
 9.97301e-01  1.28000e+02  2.23711e+04
 9.97301e-01  1.28000e+02  2.23711e+04
 9.97301e-01  1.28000e+02  2.23711e+04
 9.97301e-01  1.28000e+02  2.23711e+04
 9.97301e-01  1.28000e+02  2.23711e+04
 9.97301e-01  1.28000e+02  2.23711e+04
 9.97301e-01  1.28000e+02  2.23711e+04
 9.97301e-01  1.28000e+02  2.23711e+04
 9.97301e-01  1.28000e+02  2.23711e+04
 9.97301e-01  1.28000e+02  2.23711e+04
 9.97301e-01  1.28000e+02  2.23711e+04
 9.97301e-01  1.28000e+02  2.23711e+04
 9.97301e-01  1.28000e+02  2.23711e+04
 9.97301e-01  1.28000e+02  2.23711e+04
 9.97301e-01  1.28000e+02  2.23711e+04
 9.97301e-01  1.28000e+02  2.23711e+04
 9.97301e-01  1.28000e+02  2.23711e+04
 9.97301e-01  1.28000e+02  2.23711e+04
 9.97301e-01  1.28000e+02  2.23711e+04
 9.97301e-01  1.28000e+02  2.23711e+04
 9.97301e-01  1.28000e+02  2.23711e+04
 9.97301e-01  1.28000e+02  2.23711e+04
 9.97301e-01  1.28000e+02  2.23711e+04
 9.97301e-01  1.28000e+02  2.23711e+04
 9.97301e-01  1.28000e+02  2.23711e+04
 9.97301e-01  1.28000e+02  2.23711e+04
 9.97301e-01  1.28000e+02  2.23711e+04
 9.97301e-01  1.28000e+02  2.23711e+04
 9.97301e-01  1.28000e+02  2.23711e+04
 9.97301e-01  1.28000e+02  2.23711e+04
 9.97301e-01  1.28000e+02  2.23711e+04
 9.97301e-01  1.28000e+02  2.23711e+04
 9.97301e-01  1.28000e+02  2.23711e+04
 9.97301e-01  1.28000e+02  2.23711e+04
 9.97301e-01  1.28000e+02  2.23711e+04
 9.97301e-01  1.28000e+02  2.23711e+04
 9.97301e-01  1.28000e+02  2.23711e+04
 9.97301e-01  1.28000e+02  2.23711e+04
 9.97301e-01  1.28000e+02  2.23711e+04
 9.97301e-01  1.28000e+02  2.23711e+04
 9.97301e-01  1.28000e+02  2.23711e+04
 9.97301e-01  1.28000e+02  2.23711e+04
 9.97301e-01  1.28000e+02  2.23711e+04
 9.97301e-01  1.28000e+02  2.23711e+04
 9.97301e-01  1.28000e+02  2.23711e+04
 9.97301e-01  1.28000e+02  2.23711e+04
 9.97301e-01  1.28000e+02  2.23711e+04
 9.97301e-01  1.28000e+02  2.23711e+04
 9.97301e-01  1.28000e+02  2.23711e+04
 9.97301e-01  1.28000e+02  2.23711e+04
 9.97301e-01  1.28000e+02  2.23711e+04
 9.97301e-01  1.28000e+02  2.23711e+04
 9.97301e-01  1.28000e+02  2.23711e+04
 9.97301e-01  1.28000e+02  2.23711e+04
 9.97301e-01  1.28000e+02  2.23711e+04
 9.97301e-01  1.28000e+02  2.23711e+04
 9.97301e-01  1.28000e+02  2.23711e+04
 9.97301e-01  1.28000e+02  2.23711e+04
 9.97301e-01  1.28000e+02  2.23711e+04
 9.97301e-01  1.28000e+02  2.23711e+04
 9.97301e-01  1.28000e+02  2.23711e+04
 9.97301e-01  1.28000e+02  2.23711e+04
 9.97301e-01  1.28000e+02  2.23711e+04
 9.97301e-01  1.28000e+02  2.23711e+04
 9.97301e-01  1.28000e+02  2.23711e+04
 9.97301e-01  1.28000e+02  2.23711e+04
 9.97301e-01  1.28000e+02  2.23711e+04
 9.97301e-01  1.28000e+02  2.23711e+04
 9.97301e-01  1.28000e+02  2.23711e+04
 9.97301e-01  1.28000e+02  2.23711e+04
 9.97301e-01  1.28000e+02  2.23711e+04
 9.97301e-01  1.28000e+02  2.23711e+04
 9.97301e-01  1.28000e+02  2.23711e+04
 9.97301e-01  1.28000e+02  2.23711e+04
 9.97301e-01  1.28000e+02  2.23711e+04
 9.97301e-01  1.28000e+02  2.23711e+04
 9.97301e-01  1.28000e+02  2.23711e+04
 9.97301e-01  1.28000e+02  2.23711e+04
 9.97301e-01  1.28000e+02  2.23711e+04
 9.97301e-01  1.28000e+02  2.23711e+04
 9.97301e-01  1.28000e+02  2.23711e+04
 9.97301e-01  1.28000e+02  2.23711e+04
 9.97301e-01  1.28000e+02  2.23711e+04
 9.97301e-01  1.28000e+02  2.23711e+04
 9.97301e-01  1.28000e+02  2.23711e+04
 9.97301e-01  1.28000e+02  2.23711e+04
 9.97301e-01  1.28000e+02  2.23711e+04
 9.97301e-01  1.28000e+02  2.23711e+04
 9.97301e-01  1.28000e+02  2.23711e+04
 9.97301e-01  1.28000e+02  2.23711e+04
 9.97301e-01  1.28000e+02  2.23711e+04
 9.97301e-01  1.28000e+02  2.23711e+04
 9.97301e-01  1.28000e+02  2.23711e+04
 9.97301e-01  1.28000e+02  2.23711e+04
 9.97301e-01  1.28000e+02  2.23711e+04
 9.97301e-01  1.28000e+02  2.23711e+04
 9.97301e-01  1.28000e+02  2.23711e+04
