380
 6.77500e-03  9.99859e-01  1.00071e+00
 2.00910e-02  1.00049e+00  1.00071e+00
 3.39910e-02  1.00039e+00  1.00071e+00
 4.84450e-02  1.00034e+00  1.00071e+00
 6.17410e-02  1.00044e+00  1.00071e+00
 7.56710e-02  1.00036e+00  1.00071e+00
 9.01050e-02  9.99856e-01  1.00071e+00
 1.03431e-01  1.00073e+00  1.00071e+00
 1.17499e-01  1.00056e+00  1.00071e+00
 1.31775e-01  1.00055e+00  1.00071e+00
 1.45279e-01  1.00043e+00  1.00071e+00
 1.58550e-01  1.00007e+00  1.00071e+00
 1.72161e-01  1.00029e+00  1.00071e+00
 1.84524e-01  1.00075e+00  1.00071e+00
 1.98222e-01  9.99607e-01  1.00071e+00
 2.12304e-01  1.00015e+00  1.00071e+00
 2.26914e-01  1.00049e+00  1.00071e+00
 2.41439e-01  1.00021e+00  1.00071e+00
 2.56775e-01  9.99946e-01  1.00071e+00
 2.69538e-01  1.00060e+00  1.00071e+00
 2.82500e-01  9.99594e-01  1.00071e+00
 2.97365e-01  1.00005e+00  1.00071e+00
 3.09981e-01  1.00076e+00  1.00071e+00
 3.22547e-01  1.00011e+00  1.00071e+00
 3.36234e-01  1.00044e+00  1.00071e+00
 3.47856e-01  1.00039e+00  1.00071e+00
 3.61721e-01  9.99898e-01  1.00071e+00
 3.75662e-01  1.00056e+00  1.00071e+00
 3.88369e-01  9.99179e-01  1.00071e+00
 4.01159e-01  1.00048e+00  1.00071e+00
 4.13851e-01  1.00006e+00  1.00071e+00
 4.26433e-01  9.99912e-01  1.00071e+00
 4.38913e-01  9.99956e-01  1.00071e+00
 4.51691e-01  9.99961e-01  1.00071e+00
 4.64795e-01  9.99287e-01  1.00071e+00
 4.78072e-01  9.99683e-01  1.00071e+00
 4.91814e-01  9.99711e-01  1.00071e+00
 5.06116e-01  9.99795e-01  1.00071e+00
 5.21486e-01  9.99995e-01  1.00071e+00
 5.35356e-01  9.99837e-01  1.00071e+00
 5.50160e-01  9.98865e-01  1.00071e+00
 5.62919e-01  9.99486e-01  1.00071e+00
 5.75869e-01  9.99112e-01  1.00071e+00
 5.90196e-01  9.99003e-01  1.00071e+00
 6.06070e-01  9.99596e-01  1.00071e+00
 6.19990e-01  9.98828e-01  1.00071e+00
 6.33723e-01  9.98995e-01  1.00071e+00
 6.47816e-01  9.99024e-01  1.00071e+00
 6.60356e-01  9.99172e-01  1.00071e+00
 6.75160e-01  9.98285e-01  1.00071e+00
 6.87919e-01  9.98756e-01  1.00071e+00
 7.01691e-01  9.99112e-01  1.00071e+00
 7.15714e-01  9.98034e-01  1.00071e+00
 7.29273e-01  9.97261e-01  1.00071e+00
 7.42311e-01  9.98098e-01  1.00071e+00
 7.54974e-01  9.97726e-01  1.00071e+00
 7.66834e-01  9.97575e-01  1.00071e+00
 7.82180e-01  9.98053e-01  1.00071e+00
 7.95330e-01  9.98242e-01  1.00071e+00
 8.07125e-01  9.97594e-01  1.00071e+00
 8.19884e-01  9.97637e-01  1.00071e+00
 8.31485e-01  9.97742e-01  1.00071e+00
 8.44249e-01  9.98065e-01  1.00071e+00
 8.56501e-01  9.98054e-01  1.00071e+00
 8.70421e-01  9.97776e-01  1.00071e+00
 8.83545e-01  9.97483e-01  1.00071e+00
 8.95315e-01  9.97398e-01  1.00071e+00
 9.07875e-01  9.98344e-01  1.00071e+00
 9.20330e-01  9.98195e-01  1.00071e+00
 9.34118e-01  9.97627e-01  1.00071e+00
 9.47303e-01  9.98591e-01  1.00071e+00
 9.59164e-01  9.99049e-01  1.00071e+00
 9.70375e-01  9.99373e-01  1.00071e+00
 9.83358e-01  9.99745e-01  1.00071e+00
 9.96187e-01  9.99300e-01  1.00071e+00
 1.00907e+00  9.99999e-01  1.00071e+00
 1.02084e+00  1.00054e+00  1.00071e+00
 1.03287e+00  1.00098e+00  1.00071e+00
 1.04511e+00  1.00089e+00  1.00071e+00
 1.05598e+00  1.00120e+00  1.00071e+00
 1.06821e+00  1.00181e+00  1.00071e+00
 1.08009e+00  1.00206e+00  1.00071e+00
 1.09239e+00  1.00251e+00  1.00071e+00
 1.10364e+00  1.00263e+00  1.00071e+00
 1.11521e+00  1.00294e+00  1.00071e+00
 1.12790e+00  1.00300e+00  1.00071e+00
 1.14047e+00  1.00328e+00  1.00071e+00
 1.15376e+00  1.00312e+00  1.00071e+00
 1.16481e+00  1.00380e+00  1.00071e+00
 1.17677e+00  1.00401e+00  1.00071e+00
 1.18832e+00  1.00389e+00  1.00071e+00
 1.19956e+00  1.00345e+00  1.00071e+00
 1.21179e+00  1.00395e+00  1.00071e+00
 1.22367e+00  1.00451e+00  1.00071e+00
 1.23727e+00  1.00344e+00  1.00071e+00
 1.24999e+00  1.00382e+00  1.00071e+00
 1.26206e+00  1.00342e+00  1.00071e+00
 1.27392e+00  1.00396e+00  1.00071e+00
 1.28400e+00  1.00369e+00  1.00071e+00
 1.29585e+00  1.00349e+00  1.00071e+00
 1.30601e+00  1.00368e+00  1.00071e+00
 1.31874e+00  1.00280e+00  1.00071e+00
 1.32915e+00  1.00348e+00  1.00071e+00
 1.34054e+00  1.00323e+00  1.00071e+00
 1.35112e+00  1.00315e+00  1.00071e+00
 1.36245e+00  1.00269e+00  1.00071e+00
 1.37350e+00  1.00306e+00  1.00071e+00
 1.38539e+00  1.00273e+00  1.00071e+00
 1.39778e+00  1.00255e+00  1.00071e+00
 1.40849e+00  1.00165e+00  1.00071e+00
 1.42085e+00  1.00264e+00  1.00071e+00
 1.43158e+00  1.00150e+00  1.00071e+00
 1.44434e+00  1.00218e+00  1.00071e+00
 1.45528e+00  1.00155e+00  1.00071e+00
 1.46739e+00  1.00181e+00  1.00071e+00
 1.47938e+00  1.00153e+00  1.00071e+00
 1.49182e+00  1.00127e+00  1.00071e+00
 1.50493e+00  1.00151e+00  1.00071e+00
 1.51766e+00  1.00095e+00  1.00071e+00
 1.53058e+00  1.00107e+00  1.00071e+00
 1.54342e+00  1.00140e+00  1.00071e+00
 1.55683e+00  1.00070e+00  1.00071e+00
 1.56990e+00  1.00043e+00  1.00071e+00
 1.58410e+00  1.00047e+00  1.00071e+00
 1.59650e+00  1.00045e+00  1.00071e+00
 1.61026e+00  1.00108e+00  1.00071e+00
 1.62313e+00  1.00052e+00  1.00071e+00
 1.63633e+00  9.99948e-01  1.00071e+00
 1.64948e+00  1.00028e+00  1.00071e+00
 1.66131e+00  1.00029e+00  1.00071e+00
 1.67402e+00  1.00031e+00  1.00071e+00
 1.68565e+00  1.00025e+00  1.00071e+00
 1.69951e+00  9.99690e-01  1.00071e+00
 1.71198e+00  1.00002e+00  1.00071e+00
 1.72492e+00  9.99912e-01  1.00071e+00
 1.73768e+00  9.99832e-01  1.00071e+00
 1.74947e+00  9.99728e-01  1.00071e+00
 1.76300e+00  9.99912e-01  1.00071e+00
 1.77818e+00  9.99762e-01  1.00071e+00
 1.79343e+00  9.99539e-01  1.00071e+00
 1.80853e+00  9.99629e-01  1.00071e+00
 1.82232e+00  9.99317e-01  1.00071e+00
 1.83698e+00  9.98942e-01  1.00071e+00
 1.85018e+00  9.99497e-01  1.00071e+00
 1.86399e+00  9.99852e-01  1.00071e+00
 1.87864e+00  9.98991e-01  1.00071e+00
 1.89307e+00  9.99971e-01  1.00071e+00
 1.90714e+00  9.99679e-01  1.00071e+00
 1.92160e+00  9.98802e-01  1.00071e+00
 1.93631e+00  9.99289e-01  1.00071e+00
 1.95113e+00  9.99112e-01  1.00071e+00
 1.96586e+00  9.99711e-01  1.00071e+00
 1.98226e+00  9.99343e-01  1.00071e+00
 1.99723e+00  9.99449e-01  1.00071e+00
 2.01212e+00  9.99401e-01  1.00071e+00
 2.02691e+00  9.99713e-01  1.00071e+00
 2.04130e+00  1.00012e+00  1.00071e+00
 2.05815e+00  9.99993e-01  1.00071e+00
 2.07461e+00  9.99338e-01  1.00071e+00
 2.08941e+00  9.99794e-01  1.00071e+00
 2.10380e+00  1.00018e+00  1.00071e+00
 2.11835e+00  9.99893e-01  1.00071e+00
 2.13328e+00  9.99812e-01  1.00071e+00
 2.14796e+00  9.99807e-01  1.00071e+00
 2.16135e+00  1.00016e+00  1.00071e+00
 2.17517e+00  9.99297e-01  1.00071e+00
 2.19115e+00  9.99774e-01  1.00071e+00
 2.20436e+00  9.99807e-01  1.00071e+00
 2.21813e+00  1.00007e+00  1.00071e+00
 2.23332e+00  1.00032e+00  1.00071e+00
 2.24742e+00  1.00073e+00  1.00071e+00
 2.26132e+00  9.99984e-01  1.00071e+00
 2.27689e+00  1.00005e+00  1.00071e+00
 2.29058e+00  9.99688e-01  1.00071e+00
 2.30531e+00  9.99496e-01  1.00071e+00
 2.31984e+00  1.00005e+00  1.00071e+00
 2.33380e+00  9.99836e-01  1.00071e+00
 2.34750e+00  1.00017e+00  1.00071e+00
 2.36151e+00  9.99939e-01  1.00071e+00
 2.37547e+00  9.99741e-01  1.00071e+00
 2.39057e+00  9.99623e-01  1.00071e+00
 2.40563e+00  9.99801e-01  1.00071e+00
 2.42031e+00  9.99881e-01  1.00071e+00
 2.43473e+00  1.00016e+00  1.00071e+00
 2.44962e+00  9.99912e-01  1.00071e+00
 2.46477e+00  9.99626e-01  1.00071e+00
 2.47964e+00  9.99821e-01  1.00071e+00
 2.49433e+00  1.00020e+00  1.00071e+00
 2.50875e+00  9.99938e-01  1.00071e+00
 2.52448e+00  9.99967e-01  1.00071e+00
 2.54660e+00  9.99859e-01  1.00071e+00
 2.55992e+00  1.00049e+00  1.00071e+00
 2.57382e+00  1.00039e+00  1.00071e+00
 2.58827e+00  1.00034e+00  1.00071e+00
 2.60156e+00  1.00044e+00  1.00071e+00
 2.61550e+00  1.00036e+00  1.00071e+00
 2.62993e+00  9.99856e-01  1.00071e+00
 2.64325e+00  1.00073e+00  1.00071e+00
 2.65732e+00  1.00056e+00  1.00071e+00
 2.67160e+00  1.00055e+00  1.00071e+00
 2.68510e+00  1.00043e+00  1.00071e+00
 2.69837e+00  1.00007e+00  1.00071e+00
 2.71198e+00  1.00029e+00  1.00071e+00
 2.72435e+00  1.00075e+00  1.00071e+00
 2.73805e+00  9.99607e-01  1.00071e+00
 2.75213e+00  1.00015e+00  1.00071e+00
 2.76674e+00  1.00049e+00  1.00071e+00
 2.78126e+00  1.00021e+00  1.00071e+00
 2.79660e+00  9.99946e-01  1.00071e+00
 2.80936e+00  1.00060e+00  1.00071e+00
 2.82232e+00  9.99594e-01  1.00071e+00
 2.83719e+00  1.00005e+00  1.00071e+00
 2.84980e+00  1.00076e+00  1.00071e+00
 2.86237e+00  1.00011e+00  1.00071e+00
 2.87606e+00  1.00044e+00  1.00071e+00
 2.88768e+00  1.00039e+00  1.00071e+00
 2.90155e+00  9.99898e-01  1.00071e+00
 2.91549e+00  1.00056e+00  1.00071e+00
 2.92819e+00  9.99179e-01  1.00071e+00
 2.94098e+00  1.00048e+00  1.00071e+00
 2.95368e+00  1.00006e+00  1.00071e+00
 2.96626e+00  9.99912e-01  1.00071e+00
 2.97874e+00  9.99956e-01  1.00071e+00
 2.99151e+00  9.99961e-01  1.00071e+00
 3.00462e+00  9.99287e-01  1.00071e+00
 3.01790e+00  9.99683e-01  1.00071e+00
 3.03164e+00  9.99711e-01  1.00071e+00
 3.04594e+00  9.99795e-01  1.00071e+00
 3.06131e+00  9.99995e-01  1.00071e+00
 3.07518e+00  9.99837e-01  1.00071e+00
 3.08998e+00  9.98865e-01  1.00071e+00
 3.10274e+00  9.99486e-01  1.00071e+00
 3.11569e+00  9.99112e-01  1.00071e+00
 3.13002e+00  9.99003e-01  1.00071e+00
 3.14589e+00  9.99596e-01  1.00071e+00
 3.15981e+00  9.98828e-01  1.00071e+00
 3.17355e+00  9.98995e-01  1.00071e+00
 3.18764e+00  9.99024e-01  1.00071e+00
 3.20018e+00  9.99172e-01  1.00071e+00
 3.21498e+00  9.98285e-01  1.00071e+00
 3.22774e+00  9.98756e-01  1.00071e+00
 3.24151e+00  9.99112e-01  1.00071e+00
 3.25554e+00  9.98034e-01  1.00071e+00
 3.26910e+00  9.97261e-01  1.00071e+00
 3.28213e+00  9.98098e-01  1.00071e+00
 3.29480e+00  9.97726e-01  1.00071e+00
 3.30666e+00  9.97575e-01  1.00071e+00
 3.32200e+00  9.98053e-01  1.00071e+00
 3.33515e+00  9.98242e-01  1.00071e+00
 3.34695e+00  9.97594e-01  1.00071e+00
 3.35971e+00  9.97637e-01  1.00071e+00
 3.37131e+00  9.97742e-01  1.00071e+00
 3.38407e+00  9.98065e-01  1.00071e+00
 3.39632e+00  9.98054e-01  1.00071e+00
 3.41024e+00  9.97776e-01  1.00071e+00
 3.42337e+00  9.97483e-01  1.00071e+00
 3.43514e+00  9.97398e-01  1.00071e+00
 3.44770e+00  9.98344e-01  1.00071e+00
 3.46015e+00  9.98195e-01  1.00071e+00
 3.47394e+00  9.97627e-01  1.00071e+00
 3.48713e+00  9.98591e-01  1.00071e+00
 3.49899e+00  9.99049e-01  1.00071e+00
 3.51020e+00  9.99373e-01  1.00071e+00
 3.52318e+00  9.99745e-01  1.00071e+00
 3.53601e+00  9.99300e-01  1.00071e+00
 3.54890e+00  9.99999e-01  1.00071e+00
 3.56067e+00  1.00054e+00  1.00071e+00
 3.57270e+00  1.00098e+00  1.00071e+00
 3.58493e+00  1.00089e+00  1.00071e+00
 3.59581e+00  1.00120e+00  1.00071e+00
 3.60803e+00  1.00181e+00  1.00071e+00
 3.61991e+00  1.00206e+00  1.00071e+00
 3.63222e+00  1.00251e+00  1.00071e+00
 3.64347e+00  1.00263e+00  1.00071e+00
 3.65503e+00  1.00294e+00  1.00071e+00
 3.66773e+00  1.00300e+00  1.00071e+00
 3.68030e+00  1.00328e+00  1.00071e+00
 3.69358e+00  1.00312e+00  1.00071e+00
 3.70464e+00  1.00380e+00  1.00071e+00
 3.71660e+00  1.00401e+00  1.00071e+00
 3.72815e+00  1.00389e+00  1.00071e+00
 3.73939e+00  1.00345e+00  1.00071e+00
 3.75161e+00  1.00395e+00  1.00071e+00
 3.76350e+00  1.00451e+00  1.00071e+00
 3.77710e+00  1.00344e+00  1.00071e+00
 3.78981e+00  1.00382e+00  1.00071e+00
 3.80189e+00  1.00342e+00  1.00071e+00
 3.81374e+00  1.00396e+00  1.00071e+00
 3.82382e+00  1.00369e+00  1.00071e+00
 3.83567e+00  1.00349e+00  1.00071e+00
 3.84583e+00  1.00368e+00  1.00071e+00
 3.85857e+00  1.00280e+00  1.00071e+00
 3.86897e+00  1.00348e+00  1.00071e+00
 3.88036e+00  1.00323e+00  1.00071e+00
 3.89094e+00  1.00315e+00  1.00071e+00
 3.90227e+00  1.00269e+00  1.00071e+00
 3.91332e+00  1.00306e+00  1.00071e+00
 3.92521e+00  1.00273e+00  1.00071e+00
 3.93760e+00  1.00255e+00  1.00071e+00
 3.94832e+00  1.00165e+00  1.00071e+00
 3.96067e+00  1.00264e+00  1.00071e+00
 3.97140e+00  1.00150e+00  1.00071e+00
 3.98416e+00  1.00218e+00  1.00071e+00
 3.99510e+00  1.00155e+00  1.00071e+00
 4.00722e+00  1.00181e+00  1.00071e+00
 4.01921e+00  1.00153e+00  1.00071e+00
 4.03165e+00  1.00127e+00  1.00071e+00
 4.04475e+00  1.00151e+00  1.00071e+00
 4.05748e+00  1.00095e+00  1.00071e+00
 4.07040e+00  1.00107e+00  1.00071e+00
 4.08325e+00  1.00140e+00  1.00071e+00
 4.09666e+00  1.00070e+00  1.00071e+00
 4.10973e+00  1.00043e+00  1.00071e+00
 4.12392e+00  1.00047e+00  1.00071e+00
 4.13633e+00  1.00045e+00  1.00071e+00
 4.15008e+00  1.00108e+00  1.00071e+00
 4.16296e+00  1.00052e+00  1.00071e+00
 4.17615e+00  9.99948e-01  1.00071e+00
 4.18930e+00  1.00028e+00  1.00071e+00
 4.20113e+00  1.00029e+00  1.00071e+00
 4.21384e+00  1.00031e+00  1.00071e+00
 4.22547e+00  1.00025e+00  1.00071e+00
 4.23933e+00  9.99690e-01  1.00071e+00
 4.25180e+00  1.00002e+00  1.00071e+00
 4.26474e+00  9.99912e-01  1.00071e+00
 4.27750e+00  9.99832e-01  1.00071e+00
 4.28930e+00  9.99728e-01  1.00071e+00
 4.30282e+00  9.99912e-01  1.00071e+00
 4.31800e+00  9.99762e-01  1.00071e+00
 4.33326e+00  9.99539e-01  1.00071e+00
 4.34835e+00  9.99629e-01  1.00071e+00
 4.36215e+00  9.99317e-01  1.00071e+00
 4.37680e+00  9.98942e-01  1.00071e+00
 4.39000e+00  9.99497e-01  1.00071e+00
 4.40382e+00  9.99852e-01  1.00071e+00
 4.41847e+00  9.98991e-01  1.00071e+00
 4.43289e+00  9.99971e-01  1.00071e+00
 4.44696e+00  9.99679e-01  1.00071e+00
 4.46142e+00  9.98802e-01  1.00071e+00
 4.47613e+00  9.99289e-01  1.00071e+00
 4.49095e+00  9.99112e-01  1.00071e+00
 4.50568e+00  9.99711e-01  1.00071e+00
 4.52208e+00  9.99343e-01  1.00071e+00
 4.53705e+00  9.99449e-01  1.00071e+00
 4.55194e+00  9.99401e-01  1.00071e+00
 4.56673e+00  9.99713e-01  1.00071e+00
 4.58112e+00  1.00012e+00  1.00071e+00
 4.59798e+00  9.99993e-01  1.00071e+00
 4.61443e+00  9.99338e-01  1.00071e+00
 4.62923e+00  9.99794e-01  1.00071e+00
 4.64362e+00  1.00018e+00  1.00071e+00
 4.65817e+00  9.99893e-01  1.00071e+00
 4.67310e+00  9.99812e-01  1.00071e+00
 4.68778e+00  9.99807e-01  1.00071e+00
 4.70117e+00  1.00016e+00  1.00071e+00
 4.71499e+00  9.99297e-01  1.00071e+00
 4.73097e+00  9.99774e-01  1.00071e+00
 4.74418e+00  9.99807e-01  1.00071e+00
 4.75796e+00  1.00007e+00  1.00071e+00
 4.77315e+00  1.00032e+00  1.00071e+00
 4.78724e+00  1.00073e+00  1.00071e+00
 4.80114e+00  9.99984e-01  1.00071e+00
 4.81672e+00  1.00005e+00  1.00071e+00
 4.83040e+00  9.99688e-01  1.00071e+00
 4.84513e+00  9.99496e-01  1.00071e+00
 4.85966e+00  1.00005e+00  1.00071e+00
 4.87362e+00  9.99836e-01  1.00071e+00
 4.88732e+00  1.00017e+00  1.00071e+00
 4.90133e+00  9.99939e-01  1.00071e+00
 4.91529e+00  9.99741e-01  1.00071e+00
 4.93039e+00  9.99623e-01  1.00071e+00
 4.94546e+00  9.99801e-01  1.00071e+00
 4.96014e+00  9.99881e-01  1.00071e+00
 4.97455e+00  1.00016e+00  1.00071e+00
 4.98944e+00  9.99912e-01  1.00071e+00
 5.00460e+00  9.99626e-01  1.00071e+00
 5.01946e+00  9.99821e-01  1.00071e+00
 5.03416e+00  1.00020e+00  1.00071e+00
 5.04858e+00  9.99938e-01  1.00071e+00
 5.06431e+00  9.99967e-01  1.00071e+00
