844
 1.29120e-02  9.97196e-01  1.00100e+00
 3.91880e-02  9.96738e-01  1.00101e+00
 6.43490e-02  9.95120e-01  1.00101e+00
 9.12680e-02  9.96107e-01  1.00101e+00
 1.17601e-01  9.97234e-01  1.00101e+00
 1.42829e-01  9.96031e-01  1.00101e+00
 1.72757e-01  9.96435e-01  1.00101e+00
 2.02663e-01  9.97760e-01  1.00101e+00
 2.29639e-01  9.97305e-01  1.00102e+00
 2.56538e-01  1.00001e+00  1.00102e+00
 2.77933e-01  9.99870e-01  1.00102e+00
 3.00106e-01  1.00018e+00  1.00102e+00
 3.21673e-01  1.00072e+00  1.00102e+00
 3.42513e-01  1.00024e+00  1.00102e+00
 3.63353e-01  1.00049e+00  1.00102e+00
 3.84173e-01  1.00079e+00  1.00102e+00
 4.06040e-01  1.00176e+00  1.00103e+00
 4.27933e-01  1.00115e+00  1.00103e+00
 4.48753e-01  1.00118e+00  1.00103e+00
 4.69603e-01  1.00152e+00  1.00103e+00
 4.90433e-01  1.00165e+00  1.00103e+00
 5.11243e-01  1.00172e+00  1.00103e+00
 5.32103e-01  1.00171e+00  1.00103e+00
 5.52933e-01  1.00168e+00  1.00103e+00
 5.73743e-01  1.00243e+00  1.00104e+00
 5.94603e-01  1.00200e+00  1.00104e+00
 6.15433e-01  1.00263e+00  1.00104e+00
 6.36243e-01  1.00243e+00  1.00104e+00
 6.57103e-01  1.00288e+00  1.00104e+00
 6.77933e-01  1.00307e+00  1.00104e+00
 6.99905e-01  1.00379e+00  1.00104e+00
 7.22025e-01  1.00414e+00  1.00104e+00
 7.49001e-01  1.00335e+00  1.00105e+00
 7.74453e-01  1.00314e+00  1.00105e+00
 7.98254e-01  1.00303e+00  1.00105e+00
 8.19563e-01  1.00181e+00  1.00105e+00
 8.40433e-01  1.00224e+00  1.00105e+00
 8.61263e-01  1.00296e+00  1.00105e+00
 8.82063e-01  1.00288e+00  1.00105e+00
 9.02933e-01  1.00334e+00  1.00106e+00
 9.23763e-01  1.00303e+00  1.00106e+00
 9.46295e-01  1.00344e+00  1.00106e+00
 9.69260e-01  1.00183e+00  1.00106e+00
 9.92493e-01  1.00222e+00  1.00106e+00
 1.01332e+00  1.00248e+00  1.00106e+00
 1.03418e+00  1.00215e+00  1.00106e+00
 1.05447e+00  1.00128e+00  1.00107e+00
 1.07490e+00  1.00152e+00  1.00107e+00
 1.09668e+00  1.00157e+00  1.00107e+00
 1.11749e+00  1.00187e+00  1.00107e+00
 1.13832e+00  1.00122e+00  1.00107e+00
 1.16121e+00  1.00102e+00  1.00107e+00
 1.18260e+00  1.00152e+00  1.00107e+00
 1.20499e+00  1.00201e+00  1.00108e+00
 1.22758e+00  9.99956e-01  1.00108e+00
 1.24991e+00  1.00105e+00  1.00108e+00
 1.27527e+00  9.99603e-01  1.00108e+00
 1.29864e+00  9.99875e-01  1.00108e+00
 1.32268e+00  1.00050e+00  1.00108e+00
 1.34386e+00  1.00085e+00  1.00109e+00
 1.36032e+00  1.00279e+00  1.00109e+00
 1.37680e+00  1.00120e+00  1.00109e+00
 1.39643e+00  1.00157e+00  1.00109e+00
 1.41399e+00  1.00201e+00  1.00109e+00
 1.43081e+00  1.00162e+00  1.00109e+00
 1.44678e+00  1.00114e+00  1.00109e+00
 1.46322e+00  1.00284e+00  1.00110e+00
 1.48203e+00  1.00087e+00  1.00110e+00
 1.49815e+00  1.00185e+00  1.00110e+00
 1.51479e+00  1.00196e+00  1.00110e+00
 1.53285e+00  1.00226e+00  1.00110e+00
 1.55073e+00  1.00116e+00  1.00110e+00
 1.56864e+00  1.00071e+00  1.00110e+00
 1.58590e+00  1.00033e+00  1.00111e+00
 1.60299e+00  1.00204e+00  1.00111e+00
 1.61987e+00  1.00014e+00  1.00111e+00
 1.63445e+00  1.00026e+00  1.00111e+00
 1.64882e+00  1.00151e+00  1.00111e+00
 1.66311e+00  1.00146e+00  1.00111e+00
 1.67763e+00  1.00181e+00  1.00111e+00
 1.69244e+00  1.00109e+00  1.00111e+00
 1.70541e+00  1.00110e+00  1.00112e+00
 1.71848e+00  1.00123e+00  1.00112e+00
 1.73146e+00  1.00118e+00  1.00112e+00
 1.74452e+00  1.00209e+00  1.00112e+00
 1.75750e+00  1.00225e+00  1.00112e+00
 1.77143e+00  1.00190e+00  1.00112e+00
 1.78495e+00  1.00280e+00  1.00112e+00
 1.79783e+00  1.00086e+00  1.00112e+00
 1.81096e+00  1.00108e+00  1.00113e+00
 1.82387e+00  1.00158e+00  1.00113e+00
 1.83700e+00  1.00059e+00  1.00113e+00
 1.85026e+00  1.00185e+00  1.00113e+00
 1.86432e+00  1.00117e+00  1.00113e+00
 1.87763e+00  1.00197e+00  1.00113e+00
 1.89290e+00  1.00108e+00  1.00113e+00
 1.90597e+00  1.00126e+00  1.00114e+00
 1.91943e+00  1.00162e+00  1.00114e+00
 1.93324e+00  1.00097e+00  1.00114e+00
 1.94691e+00  1.00122e+00  1.00114e+00
 1.96161e+00  1.00185e+00  1.00114e+00
 1.97522e+00  1.00076e+00  1.00114e+00
 1.99130e+00  1.00079e+00  1.00114e+00
 2.00588e+00  1.00096e+00  1.00115e+00
 2.02069e+00  1.00075e+00  1.00115e+00
 2.03611e+00  9.99945e-01  1.00115e+00
 2.05241e+00  1.00007e+00  1.00115e+00
 2.06942e+00  1.00066e+00  1.00115e+00
 2.08402e+00  1.00063e+00  1.00116e+00
 2.09881e+00  1.00003e+00  1.00116e+00
 2.11411e+00  1.00025e+00  1.00116e+00
 2.12880e+00  1.00022e+00  1.00116e+00
 2.14291e+00  1.00066e+00  1.00116e+00
 2.15596e+00  1.00042e+00  1.00116e+00
 2.16942e+00  1.00082e+00  1.00117e+00
 2.18355e+00  1.00040e+00  1.00117e+00
 2.19882e+00  9.99815e-01  1.00117e+00
 2.21201e+00  1.00086e+00  1.00117e+00
 2.22489e+00  1.00003e+00  1.00117e+00
 2.23806e+00  1.00033e+00  1.00118e+00
 2.25227e+00  1.00035e+00  1.00118e+00
 2.26601e+00  1.00107e+00  1.00118e+00
 2.27971e+00  1.00101e+00  1.00118e+00
 2.29429e+00  1.00141e+00  1.00118e+00
 2.30906e+00  1.00005e+00  1.00119e+00
 2.32264e+00  9.99271e-01  1.00119e+00
 2.33562e+00  1.00139e+00  1.00119e+00
 2.34933e+00  1.00042e+00  1.00119e+00
 2.36410e+00  1.00070e+00  1.00120e+00
 2.37727e+00  1.00072e+00  1.00120e+00
 2.39088e+00  1.00022e+00  1.00120e+00
 2.40523e+00  1.00036e+00  1.00120e+00
 2.41895e+00  1.00093e+00  1.00121e+00
 2.43266e+00  1.00086e+00  1.00121e+00
 2.44638e+00  1.00019e+00  1.00121e+00
 2.45927e+00  9.99468e-01  1.00121e+00
 2.47345e+00  1.00052e+00  1.00122e+00
 2.48713e+00  1.00172e+00  1.00122e+00
 2.50176e+00  1.00040e+00  1.00122e+00
 2.51535e+00  1.00006e+00  1.00123e+00
 2.52832e+00  9.99613e-01  1.00123e+00
 2.54151e+00  1.00095e+00  1.00123e+00
 2.55576e+00  1.00071e+00  1.00124e+00
 2.56947e+00  1.00093e+00  1.00124e+00
 2.58318e+00  1.00114e+00  1.00124e+00
 2.59742e+00  1.00198e+00  1.00125e+00
 2.61083e+00  1.00131e+00  1.00125e+00
 2.62659e+00  1.00129e+00  1.00126e+00
 2.64289e+00  1.00098e+00  1.00126e+00
 2.65842e+00  1.00033e+00  1.00127e+00
 2.67536e+00  1.00182e+00  1.00128e+00
 2.69169e+00  1.00091e+00  1.00128e+00
 2.70678e+00  1.00080e+00  1.00129e+00
 2.72102e+00  1.00085e+00  1.00130e+00
 2.73474e+00  1.00017e+00  1.00131e+00
 2.74949e+00  9.99991e-01  1.00132e+00
 2.76271e+00  1.00036e+00  1.00133e+00
 2.77576e+00  9.99731e-01  1.00135e+00
 2.78919e+00  1.00069e+00  1.00136e+00
 2.80470e+00  9.99435e-01  1.00138e+00
 2.81865e+00  1.00099e+00  1.00138e+00
 2.83178e+00  1.00079e+00  1.00134e+00
 2.84549e+00  1.00055e+00  1.00113e+00
 2.86029e+00  1.00044e+00  1.00044e+00
 2.87345e+00  1.00012e+00  9.99427e-01
 2.88637e+00  9.99797e-01  1.00004e+00
 2.89949e+00  1.00043e+00  1.00188e+00
 2.91238e+00  1.00164e+00  1.00164e+00
 2.92552e+00  9.99469e-01  1.00083e+00
 2.93842e+00  9.99207e-01  1.00039e+00
 2.95159e+00  1.00027e+00  1.00021e+00
 2.96447e+00  1.00086e+00  1.00016e+00
 2.97761e+00  9.99877e-01  1.00016e+00
 2.99051e+00  9.99846e-01  1.00018e+00
 3.00365e+00  1.00002e+00  1.00020e+00
 3.01738e+00  1.00068e+00  1.00024e+00
 3.03095e+00  1.00085e+00  1.00027e+00
 3.04392e+00  1.00038e+00  1.00029e+00
 3.05700e+00  1.00051e+00  1.00032e+00
 3.06998e+00  1.00060e+00  1.00034e+00
 3.08303e+00  1.00052e+00  1.00036e+00
 3.09602e+00  1.00113e+00  1.00038e+00
 3.10908e+00  1.00043e+00  1.00040e+00
 3.12206e+00  1.00039e+00  1.00042e+00
 3.13578e+00  1.00072e+00  1.00043e+00
 3.14948e+00  1.00077e+00  1.00045e+00
 3.16269e+00  1.00116e+00  1.00046e+00
 3.17678e+00  1.00153e+00  1.00047e+00
 3.18977e+00  1.00037e+00  1.00049e+00
 3.20371e+00  1.00078e+00  1.00050e+00
 3.21719e+00  1.00101e+00  1.00051e+00
 3.23007e+00  1.00063e+00  1.00052e+00
 3.24325e+00  1.00197e+00  1.00053e+00
 3.25614e+00  1.00108e+00  1.00054e+00
 3.26927e+00  1.00053e+00  1.00054e+00
 3.28299e+00  1.00072e+00  1.00055e+00
 3.29658e+00  1.00136e+00  1.00056e+00
 3.30956e+00  1.00069e+00  1.00057e+00
 3.32262e+00  1.00126e+00  1.00057e+00
 3.33559e+00  1.00058e+00  1.00058e+00
 3.35071e+00  1.00011e+00  1.00059e+00
 3.36428e+00  1.00108e+00  1.00059e+00
 3.37725e+00  1.00053e+00  1.00060e+00
 3.39033e+00  1.00086e+00  1.00061e+00
 3.40330e+00  1.00093e+00  1.00061e+00
 3.41701e+00  1.00076e+00  1.00062e+00
 3.43191e+00  1.00040e+00  1.00062e+00
 3.44635e+00  1.00098e+00  1.00063e+00
 3.45955e+00  1.00051e+00  1.00063e+00
 3.47366e+00  1.00062e+00  1.00064e+00
 3.48663e+00  1.00125e+00  1.00064e+00
 3.49970e+00  1.00011e+00  1.00065e+00
 3.51268e+00  1.00075e+00  1.00065e+00
 3.52645e+00  1.00124e+00  1.00066e+00
 3.54063e+00  9.99864e-01  1.00066e+00
 3.55435e+00  1.00078e+00  1.00066e+00
 3.56752e+00  1.00076e+00  1.00067e+00
 3.58177e+00  1.00025e+00  1.00067e+00
 3.59549e+00  1.00092e+00  1.00068e+00
 3.60908e+00  1.00148e+00  1.00068e+00
 3.62204e+00  1.00014e+00  1.00068e+00
 3.63511e+00  1.00034e+00  1.00069e+00
 3.64808e+00  1.00124e+00  1.00069e+00
 3.66116e+00  1.00108e+00  1.00069e+00
 3.67535e+00  9.99556e-01  1.00070e+00
 3.68840e+00  1.00079e+00  1.00070e+00
 3.70259e+00  1.00080e+00  1.00070e+00
 3.71580e+00  1.00065e+00  1.00071e+00
 3.72885e+00  9.99733e-01  1.00071e+00
 3.74184e+00  1.00042e+00  1.00071e+00
 3.75490e+00  1.00053e+00  1.00071e+00
 3.76838e+00  9.99979e-01  1.00072e+00
 3.78299e+00  1.00034e+00  1.00072e+00
 3.79657e+00  1.00038e+00  1.00072e+00
 3.80954e+00  9.99919e-01  1.00073e+00
 3.82325e+00  1.00059e+00  1.00073e+00
 3.83697e+00  1.00074e+00  1.00073e+00
 3.85121e+00  1.00060e+00  1.00073e+00
 3.86427e+00  1.00049e+00  1.00074e+00
 3.87876e+00  1.00110e+00  1.00074e+00
 3.89437e+00  1.00156e+00  1.00074e+00
 3.90899e+00  1.00036e+00  1.00074e+00
 3.92277e+00  1.00047e+00  1.00075e+00
 3.93593e+00  1.00060e+00  1.00075e+00
 3.94912e+00  1.00031e+00  1.00075e+00
 3.96324e+00  1.00044e+00  1.00075e+00
 3.97621e+00  9.99721e-01  1.00075e+00
 3.98926e+00  9.99813e-01  1.00076e+00
 4.00223e+00  1.00008e+00  1.00076e+00
 4.01532e+00  9.99926e-01  1.00076e+00
 4.02830e+00  1.00001e+00  1.00076e+00
 4.04134e+00  1.00040e+00  1.00077e+00
 4.05433e+00  1.00016e+00  1.00077e+00
 4.06740e+00  1.00067e+00  1.00077e+00
 4.08037e+00  9.99841e-01  1.00077e+00
 4.09345e+00  9.99998e-01  1.00077e+00
 4.10779e+00  9.99289e-01  1.00077e+00
 4.12069e+00  9.99552e-01  1.00078e+00
 4.13384e+00  9.99897e-01  1.00078e+00
 4.14673e+00  9.99420e-01  1.00078e+00
 4.15989e+00  9.99679e-01  1.00078e+00
 4.17277e+00  1.00000e+00  1.00078e+00
 4.18592e+00  9.99266e-01  1.00079e+00
 4.20018e+00  9.99723e-01  1.00079e+00
 4.21334e+00  9.99511e-01  1.00079e+00
 4.22759e+00  9.99315e-01  1.00079e+00
 4.24049e+00  9.99392e-01  1.00079e+00
 4.25362e+00  9.99643e-01  1.00079e+00
 4.26654e+00  9.99145e-01  1.00080e+00
 4.28041e+00  1.00013e+00  1.00080e+00
 4.29438e+00  9.99620e-01  1.00080e+00
 4.30953e+00  9.98335e-01  1.00080e+00
 4.32325e+00  9.99185e-01  1.00080e+00
 4.33696e+00  9.98933e-01  1.00080e+00
 4.35120e+00  9.99049e-01  1.00081e+00
 4.36544e+00  9.98542e-01  1.00081e+00
 4.37915e+00  9.98474e-01  1.00081e+00
 4.39287e+00  9.98530e-01  1.00081e+00
 4.40711e+00  9.98704e-01  1.00081e+00
 4.42029e+00  9.98640e-01  1.00081e+00
 4.43319e+00  9.98794e-01  1.00081e+00
 4.44739e+00  9.98741e-01  1.00082e+00
 4.46104e+00  9.98951e-01  1.00082e+00
 4.47620e+00  9.98845e-01  1.00082e+00
 4.49044e+00  9.99604e-01  1.00082e+00
 4.50426e+00  9.97732e-01  1.00082e+00
 4.51924e+00  9.99105e-01  1.00082e+00
 4.53449e+00  9.99254e-01  1.00082e+00
 4.54907e+00  9.99005e-01  1.00083e+00
 4.56339e+00  1.00017e+00  1.00083e+00
 4.57852e+00  9.99234e-01  1.00083e+00
 4.59588e+00  9.98985e-01  1.00083e+00
 4.61178e+00  9.99146e-01  1.00083e+00
 4.62672e+00  9.99225e-01  1.00083e+00
 4.64275e+00  9.99223e-01  1.00084e+00
 4.65744e+00  9.99851e-01  1.00084e+00
 4.67271e+00  9.99929e-01  1.00084e+00
 4.68760e+00  1.00000e+00  1.00084e+00
 4.70227e+00  1.00075e+00  1.00084e+00
 4.71730e+00  1.00032e+00  1.00084e+00
 4.73303e+00  1.00122e+00  1.00084e+00
 4.74841e+00  1.00155e+00  1.00084e+00
 4.76322e+00  1.00058e+00  1.00085e+00
 4.77721e+00  1.00177e+00  1.00085e+00
 4.79133e+00  1.00315e+00  1.00085e+00
 4.80479e+00  1.00528e+00  1.00085e+00
 4.81990e+00  1.00607e+00  1.00085e+00
 4.83603e+00  1.00791e+00  1.00085e+00
 4.84985e+00  1.00933e+00  1.00085e+00
 4.86299e+00  1.01174e+00  1.00085e+00
 4.87587e+00  1.01543e+00  1.00086e+00
 4.88904e+00  1.01923e+00  1.00086e+00
 4.90221e+00  1.02706e+00  1.00086e+00
 4.91633e+00  1.03413e+00  1.00086e+00
 4.93054e+00  1.01908e+00  1.00086e+00
 4.94805e+00  1.00021e+00  1.00086e+00
 4.96736e+00  1.00013e+00  1.00086e+00
 4.98541e+00  1.00049e+00  1.00086e+00
 5.00350e+00  1.00034e+00  1.00087e+00
 5.02152e+00  1.00060e+00  1.00087e+00
 5.03772e+00  1.00056e+00  1.00087e+00
 5.05386e+00  1.00107e+00  1.00087e+00
 5.06983e+00  1.00049e+00  1.00087e+00
 5.08819e+00  1.00010e+00  1.00087e+00
 5.10712e+00  1.00043e+00  1.00087e+00
 5.12434e+00  1.00084e+00  1.00088e+00
 5.14114e+00  1.00009e+00  1.00088e+00
 5.15961e+00  9.99830e-01  1.00088e+00
 5.17721e+00  1.00024e+00  1.00088e+00
 5.19757e+00  1.00058e+00  1.00088e+00
 5.21668e+00  9.99946e-01  1.00088e+00
 5.23403e+00  1.00101e+00  1.00088e+00
 5.25241e+00  1.00175e+00  1.00088e+00
 5.26965e+00  1.00142e+00  1.00089e+00
 5.28697e+00  1.00111e+00  1.00089e+00
 5.30524e+00  1.00289e+00  1.00089e+00
 5.32446e+00  1.00267e+00  1.00089e+00
 5.34235e+00  1.00320e+00  1.00089e+00
 5.35993e+00  1.00369e+00  1.00089e+00
 5.37741e+00  1.00298e+00  1.00089e+00
 5.39465e+00  1.00216e+00  1.00089e+00
 5.41197e+00  1.00102e+00  1.00090e+00
 5.42937e+00  9.98277e-01  1.00090e+00
 5.44652e+00  9.95192e-01  1.00090e+00
 5.46409e+00  9.89323e-01  1.00090e+00
 5.48158e+00  9.86350e-01  1.00090e+00
 5.49882e+00  9.80207e-01  1.00090e+00
 5.51614e+00  9.77424e-01  1.00090e+00
 5.53354e+00  9.75955e-01  1.00090e+00
 5.55067e+00  9.76109e-01  1.00091e+00
 5.56826e+00  9.76436e-01  1.00091e+00
 5.58627e+00  9.80358e-01  1.00091e+00
 5.60532e+00  9.83902e-01  1.00091e+00
 5.62413e+00  9.91848e-01  1.00091e+00
 5.64305e+00  9.96010e-01  1.00091e+00
 5.66195e+00  1.00972e+00  1.00091e+00
 5.68107e+00  1.02208e+00  1.00091e+00
 5.69999e+00  1.02533e+00  1.00091e+00
 5.71886e+00  1.05324e+00  1.00092e+00
 5.74169e+00  1.00367e+00  1.00092e+00
 5.76804e+00  1.00368e+00  1.00092e+00
 5.79377e+00  1.00370e+00  1.00092e+00
 5.82012e+00  1.00490e+00  1.00092e+00
 5.84724e+00  1.00423e+00  1.00092e+00
 5.87712e+00  1.00248e+00  1.00093e+00
 5.90344e+00  1.00422e+00  1.00093e+00
 5.92919e+00  1.00439e+00  1.00093e+00
 5.95554e+00  1.00473e+00  1.00093e+00
 5.98127e+00  1.00297e+00  1.00093e+00
 6.00762e+00  1.00371e+00  1.00093e+00
 6.03334e+00  1.00345e+00  1.00093e+00
 6.05970e+00  1.00359e+00  1.00094e+00
 6.08543e+00  1.00267e+00  1.00094e+00
 6.11178e+00  1.00325e+00  1.00094e+00
 6.13751e+00  1.00261e+00  1.00094e+00
 6.16425e+00  1.00289e+00  1.00094e+00
 6.19234e+00  1.00304e+00  1.00094e+00
 6.21870e+00  1.00282e+00  1.00095e+00
 6.24928e+00  1.00269e+00  1.00095e+00
 6.27768e+00  1.00190e+00  1.00095e+00
 6.30419e+00  1.00199e+00  1.00095e+00
 6.33537e+00  1.00269e+00  1.00095e+00
 6.36178e+00  1.00204e+00  1.00095e+00
 6.38750e+00  1.00302e+00  1.00096e+00
 6.41391e+00  1.00335e+00  1.00096e+00
 6.44233e+00  1.00314e+00  1.00096e+00
 6.46840e+00  1.00289e+00  1.00096e+00
 6.49442e+00  1.00254e+00  1.00096e+00
 6.52048e+00  1.00355e+00  1.00096e+00
 6.54650e+00  1.00255e+00  1.00096e+00
 6.57010e+00  1.01932e+00  1.00097e+00
 6.59007e+00  1.01197e+00  1.00097e+00
 6.61057e+00  1.00988e+00  1.00097e+00
 6.62983e+00  1.00606e+00  1.00097e+00
 6.64874e+00  1.00719e+00  1.00097e+00
 6.66781e+00  1.00580e+00  1.00097e+00
 6.68695e+00  1.00444e+00  1.00097e+00
 6.70743e+00  1.00324e+00  1.00097e+00
 6.72636e+00  1.00085e+00  1.00097e+00
 6.74703e+00  1.00023e+00  1.00097e+00
 6.76610e+00  9.99783e-01  1.00098e+00
 6.78695e+00  9.97953e-01  1.00098e+00
 6.80604e+00  9.95828e-01  1.00098e+00
 6.82496e+00  9.95707e-01  1.00098e+00
 6.84385e+00  9.94940e-01  1.00098e+00
 6.86264e+00  9.94433e-01  1.00098e+00
 6.88377e+00  9.93577e-01  1.00098e+00
 6.90530e+00  9.92430e-01  1.00098e+00
 6.92717e+00  9.87380e-01  1.00098e+00
 6.95027e+00  9.78028e-01  1.00099e+00
 6.97471e+00  9.56414e-01  1.00099e+00
 6.99779e+00  9.06420e-01  1.00099e+00
 7.02201e+00  8.65313e-01  1.00099e+00
 7.04454e+00  8.60864e-01  1.00099e+00
 7.07151e+00  8.73413e-01  1.00099e+00
 7.09385e+00  8.76698e-01  1.00099e+00
 7.11367e+00  9.17769e-01  1.00100e+00
 7.13538e+00  9.52892e-01  1.00100e+00
 7.15830e+00  9.87122e-01  1.00100e+00
 7.17976e+00  9.90851e-01  1.00100e+00
 7.20221e+00  9.94997e-01  1.00100e+00
 7.22934e+00  9.95499e-01  1.00100e+00
 7.26800e+00  9.97196e-01  1.00100e+00
 7.29428e+00  9.96738e-01  1.00101e+00
 7.31944e+00  9.95120e-01  1.00101e+00
 7.34636e+00  9.96107e-01  1.00101e+00
 7.37269e+00  9.97234e-01  1.00101e+00
 7.39792e+00  9.96031e-01  1.00101e+00
 7.42785e+00  9.96435e-01  1.00101e+00
 7.45775e+00  9.97760e-01  1.00101e+00
 7.48473e+00  9.97305e-01  1.00102e+00
 7.51163e+00  1.00001e+00  1.00102e+00
 7.53302e+00  9.99870e-01  1.00102e+00
 7.55520e+00  1.00018e+00  1.00102e+00
 7.57676e+00  1.00072e+00  1.00102e+00
 7.59760e+00  1.00024e+00  1.00102e+00
 7.61844e+00  1.00049e+00  1.00102e+00
 7.63926e+00  1.00079e+00  1.00102e+00
 7.66113e+00  1.00176e+00  1.00103e+00
 7.68302e+00  1.00115e+00  1.00103e+00
 7.70384e+00  1.00118e+00  1.00103e+00
 7.72469e+00  1.00152e+00  1.00103e+00
 7.74552e+00  1.00165e+00  1.00103e+00
 7.76633e+00  1.00172e+00  1.00103e+00
 7.78719e+00  1.00171e+00  1.00103e+00
 7.80802e+00  1.00168e+00  1.00103e+00
 7.82883e+00  1.00243e+00  1.00104e+00
 7.84969e+00  1.00200e+00  1.00104e+00
 7.87052e+00  1.00263e+00  1.00104e+00
 7.89133e+00  1.00243e+00  1.00104e+00
 7.91219e+00  1.00288e+00  1.00104e+00
 7.93302e+00  1.00307e+00  1.00104e+00
 7.95499e+00  1.00379e+00  1.00104e+00
 7.97711e+00  1.00414e+00  1.00104e+00
 8.00409e+00  1.00335e+00  1.00105e+00
 8.02954e+00  1.00314e+00  1.00105e+00
 8.05334e+00  1.00303e+00  1.00105e+00
 8.07465e+00  1.00181e+00  1.00105e+00
 8.09552e+00  1.00224e+00  1.00105e+00
 8.11635e+00  1.00296e+00  1.00105e+00
 8.13715e+00  1.00288e+00  1.00105e+00
 8.15802e+00  1.00334e+00  1.00106e+00
 8.17885e+00  1.00303e+00  1.00106e+00
 8.20138e+00  1.00344e+00  1.00106e+00
 8.22435e+00  1.00183e+00  1.00106e+00
 8.24758e+00  1.00222e+00  1.00106e+00
 8.26841e+00  1.00248e+00  1.00106e+00
 8.28927e+00  1.00215e+00  1.00106e+00
 8.30956e+00  1.00128e+00  1.00107e+00
 8.32999e+00  1.00152e+00  1.00107e+00
 8.35177e+00  1.00157e+00  1.00107e+00
 8.37258e+00  1.00187e+00  1.00107e+00
 8.39341e+00  1.00122e+00  1.00107e+00
 8.41629e+00  1.00102e+00  1.00107e+00
 8.43769e+00  1.00152e+00  1.00107e+00
 8.46008e+00  1.00201e+00  1.00108e+00
 8.48267e+00  9.99956e-01  1.00108e+00
 8.50500e+00  1.00105e+00  1.00108e+00
 8.53036e+00  9.99603e-01  1.00108e+00
 8.55373e+00  9.99875e-01  1.00108e+00
 8.57777e+00  1.00050e+00  1.00108e+00
 8.59895e+00  1.00085e+00  1.00109e+00
 8.61541e+00  1.00279e+00  1.00109e+00
 8.63189e+00  1.00120e+00  1.00109e+00
 8.65152e+00  1.00157e+00  1.00109e+00
 8.66908e+00  1.00201e+00  1.00109e+00
 8.68590e+00  1.00162e+00  1.00109e+00
 8.70187e+00  1.00114e+00  1.00109e+00
 8.71830e+00  1.00284e+00  1.00110e+00
 8.73712e+00  1.00087e+00  1.00110e+00
 8.75324e+00  1.00185e+00  1.00110e+00
 8.76988e+00  1.00196e+00  1.00110e+00
 8.78793e+00  1.00226e+00  1.00110e+00
 8.80581e+00  1.00116e+00  1.00110e+00
 8.82373e+00  1.00071e+00  1.00110e+00
 8.84098e+00  1.00033e+00  1.00111e+00
 8.85807e+00  1.00204e+00  1.00111e+00
 8.87496e+00  1.00014e+00  1.00111e+00
 8.88954e+00  1.00026e+00  1.00111e+00
 8.90390e+00  1.00151e+00  1.00111e+00
 8.91820e+00  1.00146e+00  1.00111e+00
 8.93272e+00  1.00181e+00  1.00111e+00
 8.94753e+00  1.00109e+00  1.00111e+00
 8.96050e+00  1.00110e+00  1.00112e+00
 8.97357e+00  1.00123e+00  1.00112e+00
 8.98654e+00  1.00118e+00  1.00112e+00
 8.99961e+00  1.00209e+00  1.00112e+00
 9.01259e+00  1.00225e+00  1.00112e+00
 9.02652e+00  1.00190e+00  1.00112e+00
 9.04003e+00  1.00280e+00  1.00112e+00
 9.05291e+00  1.00086e+00  1.00112e+00
 9.06605e+00  1.00108e+00  1.00113e+00
 9.07896e+00  1.00158e+00  1.00113e+00
 9.09209e+00  1.00059e+00  1.00113e+00
 9.10535e+00  1.00185e+00  1.00113e+00
 9.11941e+00  1.00117e+00  1.00113e+00
 9.13272e+00  1.00197e+00  1.00113e+00
 9.14799e+00  1.00108e+00  1.00113e+00
 9.16106e+00  1.00126e+00  1.00114e+00
 9.17452e+00  1.00162e+00  1.00114e+00
 9.18833e+00  1.00097e+00  1.00114e+00
 9.20200e+00  1.00122e+00  1.00114e+00
 9.21670e+00  1.00185e+00  1.00114e+00
 9.23030e+00  1.00076e+00  1.00114e+00
 9.24639e+00  1.00079e+00  1.00114e+00
 9.26097e+00  1.00096e+00  1.00115e+00
 9.27578e+00  1.00075e+00  1.00115e+00
 9.29120e+00  9.99945e-01  1.00115e+00
 9.30750e+00  1.00007e+00  1.00115e+00
 9.32451e+00  1.00066e+00  1.00115e+00
 9.33911e+00  1.00063e+00  1.00116e+00
 9.35389e+00  1.00003e+00  1.00116e+00
 9.36919e+00  1.00025e+00  1.00116e+00
 9.38389e+00  1.00022e+00  1.00116e+00
 9.39800e+00  1.00066e+00  1.00116e+00
 9.41105e+00  1.00042e+00  1.00116e+00
 9.42451e+00  1.00082e+00  1.00117e+00
 9.43863e+00  1.00040e+00  1.00117e+00
 9.45391e+00  9.99815e-01  1.00117e+00
 9.46710e+00  1.00086e+00  1.00117e+00
 9.47998e+00  1.00003e+00  1.00117e+00
 9.49315e+00  1.00033e+00  1.00118e+00
 9.50736e+00  1.00035e+00  1.00118e+00
 9.52109e+00  1.00107e+00  1.00118e+00
 9.53480e+00  1.00101e+00  1.00118e+00
 9.54938e+00  1.00141e+00  1.00118e+00
 9.56414e+00  1.00005e+00  1.00119e+00
 9.57773e+00  9.99271e-01  1.00119e+00
 9.59070e+00  1.00139e+00  1.00119e+00
 9.60441e+00  1.00042e+00  1.00119e+00
 9.61918e+00  1.00070e+00  1.00120e+00
 9.63236e+00  1.00072e+00  1.00120e+00
 9.64597e+00  1.00022e+00  1.00120e+00
 9.66032e+00  1.00036e+00  1.00120e+00
 9.67403e+00  1.00093e+00  1.00121e+00
 9.68774e+00  1.00086e+00  1.00121e+00
 9.70147e+00  1.00019e+00  1.00121e+00
 9.71436e+00  9.99468e-01  1.00121e+00
 9.72854e+00  1.00052e+00  1.00122e+00
 9.74222e+00  1.00172e+00  1.00122e+00
 9.75685e+00  1.00040e+00  1.00122e+00
 9.77044e+00  1.00006e+00  1.00123e+00
 9.78341e+00  9.99613e-01  1.00123e+00
 9.79660e+00  1.00095e+00  1.00123e+00
 9.81085e+00  1.00071e+00  1.00124e+00
 9.82455e+00  1.00093e+00  1.00124e+00
 9.83827e+00  1.00114e+00  1.00124e+00
 9.85251e+00  1.00198e+00  1.00125e+00
 9.86592e+00  1.00131e+00  1.00125e+00
 9.88167e+00  1.00129e+00  1.00126e+00
 9.89798e+00  1.00098e+00  1.00126e+00
 9.91351e+00  1.00033e+00  1.00127e+00
 9.93045e+00  1.00182e+00  1.00128e+00
 9.94677e+00  1.00091e+00  1.00128e+00
 9.96187e+00  1.00080e+00  1.00129e+00
 9.97611e+00  1.00085e+00  1.00130e+00
 9.98982e+00  1.00017e+00  1.00131e+00
 1.00046e+01  9.99991e-01  1.00132e+00
 1.00178e+01  1.00036e+00  1.00133e+00
 1.00309e+01  9.99731e-01  1.00135e+00
 1.00443e+01  1.00069e+00  1.00136e+00
 1.00598e+01  9.99435e-01  1.00138e+00
 1.00737e+01  1.00099e+00  1.00138e+00
 1.00869e+01  1.00079e+00  1.00134e+00
 1.01006e+01  1.00055e+00  1.00113e+00
 1.01154e+01  1.00044e+00  1.00044e+00
 1.01285e+01  1.00012e+00  9.99427e-01
 1.01415e+01  9.99797e-01  1.00004e+00
 1.01546e+01  1.00043e+00  1.00188e+00
 1.01675e+01  1.00164e+00  1.00164e+00
 1.01806e+01  9.99469e-01  1.00083e+00
 1.01935e+01  9.99207e-01  1.00039e+00
 1.02067e+01  1.00027e+00  1.00021e+00
 1.02196e+01  1.00086e+00  1.00016e+00
 1.02327e+01  9.99877e-01  1.00016e+00
 1.02456e+01  9.99846e-01  1.00018e+00
 1.02587e+01  1.00002e+00  1.00020e+00
 1.02725e+01  1.00068e+00  1.00024e+00
 1.02860e+01  1.00085e+00  1.00027e+00
 1.02990e+01  1.00038e+00  1.00029e+00
 1.03121e+01  1.00051e+00  1.00032e+00
 1.03251e+01  1.00060e+00  1.00034e+00
 1.03381e+01  1.00052e+00  1.00036e+00
 1.03511e+01  1.00113e+00  1.00038e+00
 1.03642e+01  1.00043e+00  1.00040e+00
 1.03772e+01  1.00039e+00  1.00042e+00
 1.03909e+01  1.00072e+00  1.00043e+00
 1.04046e+01  1.00077e+00  1.00045e+00
 1.04178e+01  1.00116e+00  1.00046e+00
 1.04319e+01  1.00153e+00  1.00047e+00
 1.04449e+01  1.00037e+00  1.00049e+00
 1.04588e+01  1.00078e+00  1.00050e+00
 1.04723e+01  1.00101e+00  1.00051e+00
 1.04852e+01  1.00063e+00  1.00052e+00
 1.04983e+01  1.00197e+00  1.00053e+00
 1.05112e+01  1.00108e+00  1.00054e+00
 1.05244e+01  1.00053e+00  1.00054e+00
 1.05381e+01  1.00072e+00  1.00055e+00
 1.05517e+01  1.00136e+00  1.00056e+00
 1.05647e+01  1.00069e+00  1.00057e+00
 1.05777e+01  1.00126e+00  1.00057e+00
 1.05907e+01  1.00058e+00  1.00058e+00
 1.06058e+01  1.00011e+00  1.00059e+00
 1.06194e+01  1.00108e+00  1.00059e+00
 1.06323e+01  1.00053e+00  1.00060e+00
 1.06454e+01  1.00086e+00  1.00061e+00
 1.06584e+01  1.00093e+00  1.00061e+00
 1.06721e+01  1.00076e+00  1.00062e+00
 1.06870e+01  1.00040e+00  1.00062e+00
 1.07014e+01  1.00098e+00  1.00063e+00
 1.07146e+01  1.00051e+00  1.00063e+00
 1.07288e+01  1.00062e+00  1.00064e+00
 1.07417e+01  1.00125e+00  1.00064e+00
 1.07548e+01  1.00011e+00  1.00065e+00
 1.07678e+01  1.00075e+00  1.00065e+00
 1.07815e+01  1.00124e+00  1.00066e+00
 1.07957e+01  9.99864e-01  1.00066e+00
 1.08094e+01  1.00078e+00  1.00066e+00
 1.08226e+01  1.00076e+00  1.00067e+00
 1.08369e+01  1.00025e+00  1.00067e+00
 1.08506e+01  1.00092e+00  1.00068e+00
 1.08642e+01  1.00148e+00  1.00068e+00
 1.08771e+01  1.00014e+00  1.00068e+00
 1.08902e+01  1.00034e+00  1.00069e+00
 1.09032e+01  1.00124e+00  1.00069e+00
 1.09163e+01  1.00108e+00  1.00069e+00
 1.09304e+01  9.99556e-01  1.00070e+00
 1.09435e+01  1.00079e+00  1.00070e+00
 1.09577e+01  1.00080e+00  1.00070e+00
 1.09709e+01  1.00065e+00  1.00071e+00
 1.09839e+01  9.99733e-01  1.00071e+00
 1.09969e+01  1.00042e+00  1.00071e+00
 1.10100e+01  1.00053e+00  1.00071e+00
 1.10235e+01  9.99979e-01  1.00072e+00
 1.10381e+01  1.00034e+00  1.00072e+00
 1.10517e+01  1.00038e+00  1.00072e+00
 1.10646e+01  9.99919e-01  1.00073e+00
 1.10783e+01  1.00059e+00  1.00073e+00
 1.10921e+01  1.00074e+00  1.00073e+00
 1.11063e+01  1.00060e+00  1.00073e+00
 1.11194e+01  1.00049e+00  1.00074e+00
 1.11339e+01  1.00110e+00  1.00074e+00
 1.11495e+01  1.00156e+00  1.00074e+00
 1.11641e+01  1.00036e+00  1.00074e+00
 1.11779e+01  1.00047e+00  1.00075e+00
 1.11910e+01  1.00060e+00  1.00075e+00
 1.12042e+01  1.00031e+00  1.00075e+00
 1.12183e+01  1.00044e+00  1.00075e+00
 1.12313e+01  9.99721e-01  1.00075e+00
 1.12444e+01  9.99813e-01  1.00076e+00
 1.12573e+01  1.00008e+00  1.00076e+00
 1.12704e+01  9.99926e-01  1.00076e+00
 1.12834e+01  1.00001e+00  1.00076e+00
 1.12964e+01  1.00040e+00  1.00077e+00
 1.13094e+01  1.00016e+00  1.00077e+00
 1.13225e+01  1.00067e+00  1.00077e+00
 1.13355e+01  9.99841e-01  1.00077e+00
 1.13485e+01  9.99998e-01  1.00077e+00
 1.13629e+01  9.99289e-01  1.00077e+00
 1.13758e+01  9.99552e-01  1.00078e+00
 1.13889e+01  9.99897e-01  1.00078e+00
 1.14018e+01  9.99420e-01  1.00078e+00
 1.14150e+01  9.99679e-01  1.00078e+00
 1.14279e+01  1.00000e+00  1.00078e+00
 1.14410e+01  9.99266e-01  1.00079e+00
 1.14553e+01  9.99723e-01  1.00079e+00
 1.14684e+01  9.99511e-01  1.00079e+00
 1.14827e+01  9.99315e-01  1.00079e+00
 1.14956e+01  9.99392e-01  1.00079e+00
 1.15087e+01  9.99643e-01  1.00079e+00
 1.15216e+01  9.99145e-01  1.00080e+00
 1.15355e+01  1.00013e+00  1.00080e+00
 1.15495e+01  9.99620e-01  1.00080e+00
 1.15646e+01  9.98335e-01  1.00080e+00
 1.15783e+01  9.99185e-01  1.00080e+00
 1.15920e+01  9.98933e-01  1.00080e+00
 1.16063e+01  9.99049e-01  1.00081e+00
 1.16205e+01  9.98542e-01  1.00081e+00
 1.16342e+01  9.98474e-01  1.00081e+00
 1.16480e+01  9.98530e-01  1.00081e+00
 1.16622e+01  9.98704e-01  1.00081e+00
 1.16754e+01  9.98640e-01  1.00081e+00
 1.16883e+01  9.98794e-01  1.00081e+00
 1.17025e+01  9.98741e-01  1.00082e+00
 1.17161e+01  9.98951e-01  1.00082e+00
 1.17313e+01  9.98845e-01  1.00082e+00
 1.17455e+01  9.99604e-01  1.00082e+00
 1.17593e+01  9.97732e-01  1.00082e+00
 1.17743e+01  9.99105e-01  1.00082e+00
 1.17896e+01  9.99254e-01  1.00082e+00
 1.18042e+01  9.99005e-01  1.00083e+00
 1.18185e+01  1.00017e+00  1.00083e+00
 1.18336e+01  9.99234e-01  1.00083e+00
 1.18510e+01  9.98985e-01  1.00083e+00
 1.18669e+01  9.99146e-01  1.00083e+00
 1.18818e+01  9.99225e-01  1.00083e+00
 1.18978e+01  9.99223e-01  1.00084e+00
 1.19125e+01  9.99851e-01  1.00084e+00
 1.19278e+01  9.99929e-01  1.00084e+00
 1.19427e+01  1.00000e+00  1.00084e+00
 1.19574e+01  1.00075e+00  1.00084e+00
 1.19724e+01  1.00032e+00  1.00084e+00
 1.19881e+01  1.00122e+00  1.00084e+00
 1.20035e+01  1.00155e+00  1.00084e+00
 1.20183e+01  1.00058e+00  1.00085e+00
 1.20323e+01  1.00177e+00  1.00085e+00
 1.20464e+01  1.00315e+00  1.00085e+00
 1.20599e+01  1.00528e+00  1.00085e+00
 1.20750e+01  1.00607e+00  1.00085e+00
 1.20911e+01  1.00791e+00  1.00085e+00
 1.21049e+01  1.00933e+00  1.00085e+00
 1.21181e+01  1.01174e+00  1.00085e+00
 1.21310e+01  1.01543e+00  1.00086e+00
 1.21441e+01  1.01923e+00  1.00086e+00
 1.21573e+01  1.02706e+00  1.00086e+00
 1.21714e+01  1.03413e+00  1.00086e+00
 1.21856e+01  1.01908e+00  1.00086e+00
 1.22031e+01  1.00021e+00  1.00086e+00
 1.22225e+01  1.00013e+00  1.00086e+00
 1.22405e+01  1.00049e+00  1.00086e+00
 1.22586e+01  1.00034e+00  1.00087e+00
 1.22766e+01  1.00060e+00  1.00087e+00
 1.22928e+01  1.00056e+00  1.00087e+00
 1.23089e+01  1.00107e+00  1.00087e+00
 1.23249e+01  1.00049e+00  1.00087e+00
 1.23433e+01  1.00010e+00  1.00087e+00
 1.23622e+01  1.00043e+00  1.00087e+00
 1.23794e+01  1.00084e+00  1.00088e+00
 1.23962e+01  1.00009e+00  1.00088e+00
 1.24147e+01  9.99830e-01  1.00088e+00
 1.24323e+01  1.00024e+00  1.00088e+00
 1.24527e+01  1.00058e+00  1.00088e+00
 1.24718e+01  9.99946e-01  1.00088e+00
 1.24891e+01  1.00101e+00  1.00088e+00
 1.25075e+01  1.00175e+00  1.00088e+00
 1.25247e+01  1.00142e+00  1.00089e+00
 1.25421e+01  1.00111e+00  1.00089e+00
 1.25603e+01  1.00289e+00  1.00089e+00
 1.25796e+01  1.00267e+00  1.00089e+00
 1.25974e+01  1.00320e+00  1.00089e+00
 1.26150e+01  1.00369e+00  1.00089e+00
 1.26325e+01  1.00298e+00  1.00089e+00
 1.26497e+01  1.00216e+00  1.00089e+00
 1.26671e+01  1.00102e+00  1.00090e+00
 1.26845e+01  9.98277e-01  1.00090e+00
 1.27016e+01  9.95192e-01  1.00090e+00
 1.27192e+01  9.89323e-01  1.00090e+00
 1.27367e+01  9.86350e-01  1.00090e+00
 1.27539e+01  9.80207e-01  1.00090e+00
 1.27712e+01  9.77424e-01  1.00090e+00
 1.27886e+01  9.75955e-01  1.00090e+00
 1.28058e+01  9.76109e-01  1.00091e+00
 1.28233e+01  9.76436e-01  1.00091e+00
 1.28414e+01  9.80358e-01  1.00091e+00
 1.28604e+01  9.83902e-01  1.00091e+00
 1.28792e+01  9.91848e-01  1.00091e+00
 1.28981e+01  9.96010e-01  1.00091e+00
 1.29170e+01  1.00972e+00  1.00091e+00
 1.29362e+01  1.02208e+00  1.00091e+00
 1.29551e+01  1.02533e+00  1.00091e+00
 1.29739e+01  1.05324e+00  1.00092e+00
 1.29968e+01  1.00367e+00  1.00092e+00
 1.30231e+01  1.00368e+00  1.00092e+00
 1.30489e+01  1.00370e+00  1.00092e+00
 1.30752e+01  1.00490e+00  1.00092e+00
 1.31023e+01  1.00423e+00  1.00092e+00
 1.31322e+01  1.00248e+00  1.00093e+00
 1.31585e+01  1.00422e+00  1.00093e+00
 1.31843e+01  1.00439e+00  1.00093e+00
 1.32106e+01  1.00473e+00  1.00093e+00
 1.32364e+01  1.00297e+00  1.00093e+00
 1.32627e+01  1.00371e+00  1.00093e+00
 1.32884e+01  1.00345e+00  1.00093e+00
 1.33148e+01  1.00359e+00  1.00094e+00
 1.33405e+01  1.00267e+00  1.00094e+00
 1.33669e+01  1.00325e+00  1.00094e+00
 1.33926e+01  1.00261e+00  1.00094e+00
 1.34193e+01  1.00289e+00  1.00094e+00
 1.34474e+01  1.00304e+00  1.00094e+00
 1.34738e+01  1.00282e+00  1.00095e+00
 1.35044e+01  1.00269e+00  1.00095e+00
 1.35328e+01  1.00190e+00  1.00095e+00
 1.35593e+01  1.00199e+00  1.00095e+00
 1.35905e+01  1.00269e+00  1.00095e+00
 1.36169e+01  1.00204e+00  1.00095e+00
 1.36426e+01  1.00302e+00  1.00096e+00
 1.36690e+01  1.00335e+00  1.00096e+00
 1.36974e+01  1.00314e+00  1.00096e+00
 1.37235e+01  1.00289e+00  1.00096e+00
 1.37495e+01  1.00254e+00  1.00096e+00
 1.37756e+01  1.00355e+00  1.00096e+00
 1.38016e+01  1.00255e+00  1.00096e+00
 1.38252e+01  1.01932e+00  1.00097e+00
 1.38452e+01  1.01197e+00  1.00097e+00
 1.38657e+01  1.00988e+00  1.00097e+00
 1.38849e+01  1.00606e+00  1.00097e+00
 1.39038e+01  1.00719e+00  1.00097e+00
 1.39229e+01  1.00580e+00  1.00097e+00
 1.39420e+01  1.00444e+00  1.00097e+00
 1.39625e+01  1.00324e+00  1.00097e+00
 1.39815e+01  1.00085e+00  1.00097e+00
 1.40021e+01  1.00023e+00  1.00097e+00
 1.40212e+01  9.99783e-01  1.00098e+00
 1.40420e+01  9.97953e-01  1.00098e+00
 1.40611e+01  9.95828e-01  1.00098e+00
 1.40800e+01  9.95707e-01  1.00098e+00
 1.40989e+01  9.94940e-01  1.00098e+00
 1.41177e+01  9.94433e-01  1.00098e+00
 1.41389e+01  9.93577e-01  1.00098e+00
 1.41604e+01  9.92430e-01  1.00098e+00
 1.41823e+01  9.87380e-01  1.00098e+00
 1.42054e+01  9.78028e-01  1.00099e+00
 1.42298e+01  9.56414e-01  1.00099e+00
 1.42529e+01  9.06420e-01  1.00099e+00
 1.42771e+01  8.65313e-01  1.00099e+00
 1.42996e+01  8.60864e-01  1.00099e+00
 1.43266e+01  8.73413e-01  1.00099e+00
 1.43489e+01  8.76698e-01  1.00099e+00
 1.43688e+01  9.17769e-01  1.00100e+00
 1.43905e+01  9.52892e-01  1.00100e+00
 1.44134e+01  9.87122e-01  1.00100e+00
 1.44349e+01  9.90851e-01  1.00100e+00
 1.44573e+01  9.94997e-01  1.00100e+00
 1.44844e+01  9.95499e-01  1.00100e+00
