862
 3.40500e-03  9.99471e-01  9.99166e-01
 1.64260e-02  1.00028e+00  9.99167e-01
 2.64010e-02  9.98882e-01  9.99167e-01
 3.93610e-02  9.99360e-01  9.99167e-01
 5.00010e-02  9.98390e-01  9.99168e-01
 6.23730e-02  9.99664e-01  9.99168e-01
 7.62680e-02  9.99499e-01  9.99168e-01
 8.67250e-02  9.99006e-01  9.99169e-01
 9.97760e-02  9.99895e-01  9.99169e-01
 1.09721e-01  9.99381e-01  9.99170e-01
 1.22681e-01  9.98937e-01  9.99170e-01
 1.33341e-01  9.99151e-01  9.99171e-01
 1.44951e-01  9.99483e-01  9.99172e-01
 1.56951e-01  9.99454e-01  9.99172e-01
 1.68482e-01  9.99318e-01  9.99173e-01
 1.80438e-01  9.99977e-01  9.99174e-01
 1.90895e-01  9.99009e-01  9.99174e-01
 2.03926e-01  1.00020e+00  9.99175e-01
 2.13901e-01  1.00053e+00  9.99176e-01
 2.26861e-01  1.00020e+00  9.99177e-01
 2.37501e-01  9.99429e-01  9.99178e-01
 2.49029e-01  1.00004e+00  9.99179e-01
 2.59731e-01  9.99396e-01  9.99179e-01
 2.70564e-01  1.00008e+00  9.99180e-01
 2.81941e-01  9.99276e-01  9.99181e-01
 2.92744e-01  1.00012e+00  9.99182e-01
 3.04124e-01  1.00003e+00  9.99183e-01
 3.15128e-01  9.99313e-01  9.99184e-01
 3.27581e-01  9.99612e-01  9.99185e-01
 3.36730e-01  9.99111e-01  9.99186e-01
 3.49724e-01  9.99491e-01  9.99188e-01
 3.58341e-01  9.99642e-01  9.99189e-01
 3.71872e-01  1.01081e+00  9.99190e-01
 3.79171e-01  9.99374e-01  9.99191e-01
 3.92692e-01  1.00886e+00  9.99192e-01
 4.00001e-01  9.99282e-01  9.99193e-01
 4.13522e-01  1.00796e+00  9.99195e-01
 4.20841e-01  9.99474e-01  9.99196e-01
 4.34496e-01  1.00639e+00  9.99197e-01
 4.42455e-01  1.00258e+00  9.99198e-01
 4.54589e-01  1.00523e+00  9.99200e-01
 4.61039e-01  9.99339e-01  9.99201e-01
 4.71514e-01  9.98550e-01  9.99202e-01
 4.80264e-01  1.00419e+00  9.99203e-01
 4.90336e-01  9.99546e-01  9.99205e-01
 5.00429e-01  1.00437e+00  9.99206e-01
 5.10426e-01  9.99456e-01  9.99207e-01
 5.19782e-01  1.00365e+00  9.99209e-01
 5.28486e-01  9.99606e-01  9.99210e-01
 5.39319e-01  1.00359e+00  9.99212e-01
 5.46615e-01  9.98985e-01  9.99213e-01
 5.58749e-01  1.00264e+00  9.99215e-01
 5.65219e-01  1.00027e+00  9.99216e-01
 5.75694e-01  9.99266e-01  9.99217e-01
 5.83768e-01  1.00275e+00  9.99219e-01
 5.93746e-01  9.99499e-01  9.99220e-01
 6.03132e-01  1.00199e+00  9.99222e-01
 6.10466e-01  9.99584e-01  9.99223e-01
 6.21916e-01  1.00145e+00  9.99225e-01
 6.28486e-01  9.99429e-01  9.99226e-01
 6.39492e-01  9.99084e-01  9.99228e-01
 6.47763e-01  1.00161e+00  9.99230e-01
 6.58299e-01  9.99884e-01  9.99232e-01
 6.67118e-01  9.99969e-01  9.99233e-01
 6.77086e-01  1.00017e+00  9.99235e-01
 6.86539e-01  9.99347e-01  9.99237e-01
 6.95176e-01  1.00036e+00  9.99239e-01
 7.06582e-01  1.00015e+00  9.99241e-01
 7.13275e-01  9.99395e-01  9.99243e-01
 7.25414e-01  9.99836e-01  9.99245e-01
 7.31874e-01  9.99938e-01  9.99247e-01
 7.42354e-01  9.99396e-01  9.99249e-01
 7.50458e-01  9.99573e-01  9.99251e-01
 7.60426e-01  1.00035e+00  9.99253e-01
 7.69782e-01  9.99479e-01  9.99255e-01
 7.77136e-01  9.99814e-01  9.99257e-01
 7.88676e-01  9.99284e-01  9.99259e-01
 7.96615e-01  9.99676e-01  9.99261e-01
 8.08759e-01  9.99588e-01  9.99264e-01
 8.15986e-01  9.99479e-01  9.99266e-01
 8.26992e-01  9.98981e-01  9.99269e-01
 8.34515e-01  9.99584e-01  9.99271e-01
 8.44486e-01  9.99642e-01  9.99274e-01
 8.53817e-01  9.99355e-01  9.99276e-01
 8.61836e-01  9.98644e-01  9.99279e-01
 8.72592e-01  9.99066e-01  9.99282e-01
 8.79226e-01  9.99219e-01  9.99283e-01
 8.90790e-01  9.98837e-01  9.99287e-01
 8.97772e-01  1.00009e+00  9.99289e-01
 9.07715e-01  9.99254e-01  9.99292e-01
 9.17007e-01  9.99525e-01  9.99295e-01
 9.26391e-01  9.99852e-01  9.99298e-01
 9.36452e-01  9.99801e-01  9.99301e-01
 9.43816e-01  9.99340e-01  9.99304e-01
 9.55929e-01  1.00001e+00  9.99308e-01
 9.63275e-01  9.99199e-01  9.99311e-01
 9.75414e-01  9.99436e-01  9.99315e-01
 9.81864e-01  9.99512e-01  9.99317e-01
 9.92354e-01  9.99308e-01  9.99321e-01
 1.00046e+00  9.99311e-01  9.99325e-01
 1.01043e+00  9.99354e-01  9.99329e-01
 1.01977e+00  9.99745e-01  9.99333e-01
 1.02714e+00  9.98518e-01  9.99336e-01
 1.03861e+00  9.99195e-01  9.99341e-01
 1.04589e+00  9.99348e-01  9.99344e-01
 1.05745e+00  9.98773e-01  9.99349e-01
 1.06445e+00  9.98789e-01  9.99353e-01
 1.07441e+00  9.98943e-01  9.99358e-01
 1.08374e+00  9.99333e-01  9.99362e-01
 1.09375e+00  9.99138e-01  9.99367e-01
 1.10319e+00  9.99376e-01  9.99373e-01
 1.11184e+00  9.99428e-01  9.99377e-01
 1.12259e+00  9.99065e-01  9.99384e-01
 1.12923e+00  9.99548e-01  9.99388e-01
 1.14079e+00  9.99287e-01  9.99395e-01
 1.14776e+00  9.99222e-01  9.99399e-01
 1.15772e+00  9.99404e-01  9.99406e-01
 1.16700e+00  9.99846e-01  9.99412e-01
 1.17571e+00  1.00029e+00  9.99418e-01
 1.18577e+00  9.99916e-01  9.99426e-01
 1.19313e+00  9.99981e-01  9.99431e-01
 1.20609e+00  1.00028e+00  9.99442e-01
 1.21671e+00  9.99924e-01  9.99451e-01
 1.22758e+00  1.00019e+00  9.99460e-01
 1.23684e+00  9.99939e-01  9.99469e-01
 1.24759e+00  9.99878e-01  9.99479e-01
 1.25423e+00  9.99982e-01  9.99485e-01
 1.26579e+00  9.99668e-01  9.99497e-01
 1.27344e+00  9.99640e-01  9.99506e-01
 1.28402e+00  9.99538e-01  9.99518e-01
 1.29211e+00  1.00005e+00  9.99527e-01
 1.30209e+00  9.99922e-01  9.99540e-01
 1.31153e+00  9.99635e-01  9.99552e-01
 1.32018e+00  9.99360e-01  9.99564e-01
 1.33097e+00  1.00023e+00  9.99579e-01
 1.33828e+00  9.99450e-01  9.99590e-01
 1.35041e+00  1.00053e+00  9.99609e-01
 1.35686e+00  9.99680e-01  9.99619e-01
 1.36735e+00  9.99573e-01  9.99637e-01
 1.37546e+00  9.99722e-01  9.99652e-01
 1.38543e+00  9.99359e-01  9.99671e-01
 1.39486e+00  9.99778e-01  9.99690e-01
 1.40350e+00  9.99557e-01  9.99708e-01
 1.41425e+00  9.99639e-01  9.99731e-01
 1.42089e+00  9.99905e-01  9.99747e-01
 1.43245e+00  1.00001e+00  9.99775e-01
 1.43945e+00  9.99792e-01  9.99792e-01
 1.44941e+00  1.00033e+00  9.99819e-01
 1.45864e+00  1.00042e+00  9.99845e-01
 1.46737e+00  9.99514e-01  9.99871e-01
 1.47744e+00  9.99945e-01  9.99902e-01
 1.48412e+00  1.00023e+00  9.99924e-01
 1.49625e+00  1.00006e+00  9.99965e-01
 1.50272e+00  1.00009e+00  9.99989e-01
 1.51319e+00  1.00004e+00  1.00003e+00
 1.52190e+00  9.99799e-01  1.00006e+00
 1.53200e+00  1.00002e+00  1.00011e+00
 1.54131e+00  9.99904e-01  1.00015e+00
 1.54934e+00  9.99937e-01  1.00018e+00
 1.56017e+00  1.00015e+00  1.00024e+00
 1.56743e+00  1.00061e+00  1.00028e+00
 1.57959e+00  1.00007e+00  1.00034e+00
 1.58602e+00  9.99929e-01  1.00038e+00
 1.59652e+00  1.00046e+00  1.00044e+00
 1.60534e+00  9.99763e-01  1.00050e+00
 1.61533e+00  1.00053e+00  1.00056e+00
 1.62465e+00  1.00061e+00  1.00063e+00
 1.63266e+00  1.00093e+00  1.00069e+00
 1.64347e+00  1.00116e+00  1.00077e+00
 1.65078e+00  1.00152e+00  1.00083e+00
 1.66291e+00  1.00052e+00  1.00093e+00
 1.67014e+00  1.00077e+00  1.00100e+00
 1.68115e+00  1.00107e+00  1.00110e+00
 1.68944e+00  1.00114e+00  1.00118e+00
 1.70127e+00  1.00116e+00  1.00130e+00
 1.71016e+00  1.00069e+00  1.00140e+00
 1.72150e+00  1.00178e+00  1.00152e+00
 1.73034e+00  1.00091e+00  1.00163e+00
 1.74033e+00  1.00206e+00  1.00175e+00
 1.74965e+00  1.00129e+00  1.00187e+00
 1.75766e+00  1.00222e+00  1.00197e+00
 1.76842e+00  1.00203e+00  1.00212e+00
 1.77506e+00  1.00246e+00  1.00221e+00
 1.78791e+00  1.00166e+00  1.00239e+00
 1.79436e+00  1.00210e+00  1.00249e+00
 1.80485e+00  1.00277e+00  1.00264e+00
 1.81369e+00  1.00224e+00  1.00278e+00
 1.82365e+00  1.00316e+00  1.00294e+00
 1.83296e+00  1.00214e+00  1.00308e+00
 1.84100e+00  1.00343e+00  1.00321e+00
 1.85182e+00  1.00240e+00  1.00339e+00
 1.86112e+00  1.00311e+00  1.00354e+00
 1.87265e+00  1.00301e+00  1.00373e+00
 1.87993e+00  1.00404e+00  1.00385e+00
 1.89208e+00  1.00319e+00  1.00405e+00
 1.89929e+00  1.00410e+00  1.00416e+00
 1.91034e+00  1.00353e+00  1.00434e+00
 1.92006e+00  1.00450e+00  1.00448e+00
 1.93115e+00  1.00418e+00  1.00464e+00
 1.93936e+00  1.00451e+00  1.00476e+00
 1.94938e+00  1.00508e+00  1.00489e+00
 1.95864e+00  1.00374e+00  1.00500e+00
 1.96737e+00  1.00556e+00  1.00510e+00
 1.97744e+00  1.00369e+00  1.00521e+00
 1.98547e+00  1.00529e+00  1.00528e+00
 1.99693e+00  1.00448e+00  1.00537e+00
 2.00415e+00  1.00595e+00  1.00542e+00
 2.01708e+00  1.00511e+00  1.00548e+00
 2.02352e+00  1.00523e+00  1.00550e+00
 2.03464e+00  1.00491e+00  1.00552e+00
 2.04362e+00  1.00577e+00  1.00553e+00
 2.05416e+00  1.00550e+00  1.00551e+00
 2.06296e+00  1.00491e+00  1.00548e+00
 2.07290e+00  1.00620e+00  1.00544e+00
 2.08227e+00  1.00481e+00  1.00538e+00
 2.08964e+00  1.00550e+00  1.00532e+00
 2.10108e+00  1.00487e+00  1.00522e+00
 2.10765e+00  1.00507e+00  1.00515e+00
 2.11866e+00  1.00482e+00  1.00502e+00
 2.12620e+00  1.00481e+00  1.00492e+00
 2.13743e+00  1.00496e+00  1.00476e+00
 2.14627e+00  1.00396e+00  1.00463e+00
 2.15625e+00  1.00408e+00  1.00446e+00
 2.16571e+00  1.00446e+00  1.00430e+00
 2.17434e+00  1.00396e+00  1.00415e+00
 2.18510e+00  1.00364e+00  1.00396e+00
 2.19171e+00  1.00396e+00  1.00384e+00
 2.20328e+00  1.00336e+00  1.00362e+00
 2.21026e+00  1.00314e+00  1.00349e+00
 2.22023e+00  1.00276e+00  1.00330e+00
 2.22950e+00  1.00326e+00  1.00312e+00
 2.23821e+00  1.00283e+00  1.00296e+00
 2.24827e+00  1.00320e+00  1.00278e+00
 2.25494e+00  1.00264e+00  1.00266e+00
 2.26708e+00  1.00297e+00  1.00244e+00
 2.27352e+00  1.00218e+00  1.00233e+00
 2.28401e+00  1.00199e+00  1.00216e+00
 2.29213e+00  1.00218e+00  1.00203e+00
 2.30208e+00  1.00194e+00  1.00187e+00
 2.31154e+00  1.00157e+00  1.00173e+00
 2.32015e+00  1.00134e+00  1.00161e+00
 2.33097e+00  1.00186e+00  1.00146e+00
 2.33961e+00  1.00130e+00  1.00135e+00
 2.35239e+00  1.00185e+00  1.00120e+00
 2.35913e+00  1.00128e+00  1.00112e+00
 2.37125e+00  1.00119e+00  1.00100e+00
 2.37769e+00  1.00110e+00  1.00093e+00
 2.38818e+00  1.00056e+00  1.00083e+00
 2.39627e+00  1.00103e+00  1.00076e+00
 2.40625e+00  1.00096e+00  1.00068e+00
 2.41569e+00  1.00081e+00  1.00061e+00
 2.42434e+00  1.00016e+00  1.00055e+00
 2.43585e+00  1.00122e+00  1.00048e+00
 2.44379e+00  1.00036e+00  1.00043e+00
 2.45526e+00  1.00100e+00  1.00037e+00
 2.46179e+00  1.00073e+00  1.00033e+00
 2.47281e+00  1.00033e+00  1.00028e+00
 2.48037e+00  1.00025e+00  1.00025e+00
 2.49032e+00  9.99658e-01  1.00021e+00
 2.49964e+00  1.00013e+00  1.00017e+00
 2.50765e+00  9.99779e-01  1.00015e+00
 2.51843e+00  1.00029e+00  1.00011e+00
 2.52504e+00  1.00032e+00  1.00009e+00
 2.53661e+00  1.00038e+00  1.00006e+00
 2.54362e+00  9.98509e-01  1.00005e+00
 2.55355e+00  9.97898e-01  1.00002e+00
 2.56293e+00  9.98758e-01  1.00000e+00
 2.57290e+00  1.00201e+00  9.99985e-01
 2.58228e+00  1.00750e+00  9.99968e-01
 2.59177e+00  9.98991e-01  9.99953e-01
 2.60317e+00  9.99781e-01  9.99936e-01
 2.61261e+00  9.99827e-01  9.99923e-01
 2.62700e+00  9.99669e-01  9.99904e-01
 2.64014e+00  1.00003e+00  9.99889e-01
 2.64855e+00  9.99727e-01  9.99881e-01
 2.66290e+00  9.99818e-01  9.99866e-01
 2.67231e+00  9.99687e-01  9.99858e-01
 2.68511e+00  9.99835e-01  9.99847e-01
 2.69383e+00  9.99427e-01  9.99839e-01
 2.70664e+00  9.99716e-01  9.99829e-01
 2.71747e+00  9.99788e-01  9.99821e-01
 2.72886e+00  9.99129e-01  9.99813e-01
 2.73900e+00  1.00005e+00  9.99805e-01
 2.75106e+00  9.99571e-01  9.99797e-01
 2.76252e+00  9.99732e-01  9.99789e-01
 2.77198e+00  9.99463e-01  9.99783e-01
 2.78395e+00  9.99271e-01  9.99775e-01
 2.79361e+00  9.99572e-01  9.99769e-01
 2.80745e+00  9.99556e-01  9.99760e-01
 2.81676e+00  9.99465e-01  9.99754e-01
 2.83033e+00  9.99623e-01  9.99746e-01
 2.83899e+00  9.99557e-01  9.99740e-01
 2.85187e+00  9.99783e-01  9.99732e-01
 2.86190e+00  9.99493e-01  9.99726e-01
 2.87414e+00  9.99719e-01  9.99718e-01
 2.88681e+00  9.99687e-01  9.99710e-01
 2.89845e+00  1.00010e+00  9.99703e-01
 2.91101e+00  9.99896e-01  9.99695e-01
 2.92437e+00  9.99945e-01  9.99687e-01
 2.93732e+00  1.00032e+00  9.99679e-01
 2.95063e+00  9.99890e-01  9.99670e-01
 2.96320e+00  1.00047e+00  9.99662e-01
 2.97756e+00  9.99803e-01  9.99653e-01
 2.98833e+00  9.99906e-01  9.99646e-01
 3.00116e+00  1.00016e+00  9.99638e-01
 3.01445e+00  9.99714e-01  9.99630e-01
 3.02570e+00  9.99193e-01  9.99623e-01
 3.04007e+00  9.99814e-01  9.99614e-01
 3.05281e+00  9.99851e-01  9.99606e-01
 3.06513e+00  9.99532e-01  9.99599e-01
 3.07964e+00  9.99670e-01  9.99590e-01
 3.09107e+00  9.99363e-01  9.99583e-01
 3.10465e+00  9.99424e-01  9.99574e-01
 3.11863e+00  9.99607e-01  9.99566e-01
 3.12985e+00  1.00031e+00  9.99559e-01
 3.14423e+00  9.99697e-01  9.99551e-01
 3.15697e+00  1.00012e+00  9.99543e-01
 3.16932e+00  1.00017e+00  9.99536e-01
 3.18448e+00  9.99900e-01  9.99527e-01
 3.19665e+00  1.00066e+00  9.99520e-01
 3.21169e+00  1.00012e+00  9.99511e-01
 3.22692e+00  1.00005e+00  9.99503e-01
 3.24164e+00  9.99383e-01  9.99495e-01
 3.25341e+00  9.99860e-01  9.99488e-01
 3.26859e+00  9.99684e-01  9.99480e-01
 3.28196e+00  9.99961e-01  9.99473e-01
 3.29509e+00  9.99665e-01  9.99466e-01
 3.31018e+00  9.99599e-01  9.99458e-01
 3.32165e+00  9.99294e-01  9.99452e-01
 3.33594e+00  9.99415e-01  9.99445e-01
 3.35053e+00  9.99843e-01  9.99437e-01
 3.36465e+00  9.99949e-01  9.99430e-01
 3.37840e+00  1.00005e+00  9.99424e-01
 3.39360e+00  9.99199e-01  9.99417e-01
 3.40696e+00  9.99477e-01  9.99410e-01
 3.41932e+00  1.00069e+00  9.99405e-01
 3.43381e+00  1.00036e+00  9.99398e-01
 3.44523e+00  1.00057e+00  9.99393e-01
 3.45879e+00  1.00013e+00  9.99387e-01
 3.47280e+00  9.99839e-01  9.99381e-01
 3.48473e+00  1.00009e+00  9.99376e-01
 3.49987e+00  9.99859e-01  9.99369e-01
 3.51447e+00  1.00082e+00  9.99363e-01
 3.52714e+00  1.00034e+00  9.99358e-01
 3.54079e+00  9.99992e-01  9.99353e-01
 3.55479e+00  1.00034e+00  9.99347e-01
 3.56591e+00  1.00050e+00  9.99343e-01
 3.58170e+00  1.00031e+00  9.99337e-01
 3.59446e+00  9.99625e-01  9.99332e-01
 3.60681e+00  9.99811e-01  9.99328e-01
 3.62268e+00  9.99811e-01  9.99322e-01
 3.63415e+00  1.00064e+00  9.99318e-01
 3.64766e+00  9.99857e-01  9.99313e-01
 3.66163e+00  9.99284e-01  9.99309e-01
 3.67297e+00  1.00035e+00  9.99305e-01
 3.68664e+00  9.99770e-01  9.99301e-01
 3.70061e+00  1.00065e+00  9.99296e-01
 3.71319e+00  1.00023e+00  9.99292e-01
 3.72767e+00  1.00018e+00  9.99288e-01
 3.74229e+00  9.99916e-01  9.99283e-01
 3.75341e+00  1.00003e+00  9.99280e-01
 3.76851e+00  9.99851e-01  9.99276e-01
 3.77997e+00  9.99978e-01  9.99273e-01
 3.79351e+00  9.99774e-01  9.99269e-01
 3.80811e+00  1.00015e+00  9.99265e-01
 3.82161e+00  1.00043e+00  9.99261e-01
 3.83674e+00  9.99652e-01  9.99258e-01
 3.85191e+00  9.99991e-01  9.99254e-01
 3.86531e+00  1.00008e+00  9.99250e-01
 3.87842e+00  9.99847e-01  9.99247e-01
 3.89357e+00  9.99930e-01  9.99244e-01
 3.90696e+00  9.99605e-01  9.99241e-01
 3.91931e+00  9.99867e-01  9.99238e-01
 3.93381e+00  9.99591e-01  9.99235e-01
 3.94523e+00  1.00048e+00  9.99233e-01
 3.95879e+00  1.00021e+00  9.99230e-01
 3.97287e+00  9.99635e-01  9.99227e-01
 3.98690e+00  9.99090e-01  9.99224e-01
 4.00123e+00  9.99502e-01  9.99221e-01
 4.01583e+00  9.99530e-01  9.99219e-01
 4.02856e+00  9.99168e-01  9.99216e-01
 4.04290e+00  9.99466e-01  9.99214e-01
 4.05750e+00  9.99234e-01  9.99211e-01
 4.07023e+00  9.99378e-01  9.99209e-01
 4.08456e+00  9.99325e-01  9.99207e-01
 4.09983e+00  9.99499e-01  9.99205e-01
 4.11332e+00  9.99190e-01  9.99203e-01
 4.12760e+00  9.99588e-01  9.99200e-01
 4.14221e+00  9.99552e-01  9.99198e-01
 4.15498e+00  9.99067e-01  9.99197e-01
 4.16929e+00  9.99085e-01  9.99195e-01
 4.18387e+00  9.99376e-01  9.99193e-01
 4.19665e+00  9.98788e-01  9.99191e-01
 4.21094e+00  9.99181e-01  9.99190e-01
 4.22553e+00  9.98949e-01  9.99188e-01
 4.23832e+00  9.99362e-01  9.99187e-01
 4.25260e+00  9.99152e-01  9.99185e-01
 4.26721e+00  9.99620e-01  9.99184e-01
 4.27996e+00  9.99142e-01  9.99182e-01
 4.29429e+00  9.99105e-01  9.99181e-01
 4.31025e+00  9.98956e-01  9.99179e-01
 4.32363e+00  9.99132e-01  9.99178e-01
 4.33674e+00  9.98794e-01  9.99177e-01
 4.35191e+00  9.99074e-01  9.99176e-01
 4.36530e+00  9.98734e-01  9.99175e-01
 4.37841e+00  9.99126e-01  9.99174e-01
 4.39358e+00  9.99346e-01  9.99173e-01
 4.40695e+00  9.99074e-01  9.99172e-01
 4.42009e+00  9.99284e-01  9.99172e-01
 4.43533e+00  9.99069e-01  9.99171e-01
 4.45061e+00  9.98934e-01  9.99170e-01
 4.46318e+00  9.98882e-01  9.99169e-01
 4.47765e+00  9.98875e-01  9.99169e-01
 4.49228e+00  9.99452e-01  9.99168e-01
 4.50484e+00  9.99297e-01  9.99168e-01
 4.51932e+00  9.99277e-01  9.99167e-01
 4.53394e+00  9.98925e-01  9.99167e-01
 4.54652e+00  9.98393e-01  9.99166e-01
 4.56098e+00  9.99403e-01  9.99166e-01
 4.57561e+00  9.99174e-01  9.99166e-01
 4.58818e+00  9.98733e-01  9.99166e-01
 4.60265e+00  9.99063e-01  9.99166e-01
 4.61728e+00  9.99385e-01  9.99165e-01
 4.62984e+00  9.99535e-01  9.99165e-01
 4.64431e+00  9.97542e-01  9.99165e-01
 4.65564e+00  9.97540e-01  9.99165e-01
 4.66721e+00  9.99048e-01  9.99165e-01
 4.67920e+00  9.99377e-01  9.99165e-01
 4.69019e+00  9.98603e-01  9.99166e-01
 4.70267e+00  9.99050e-01  9.99166e-01
 4.71258e+00  9.99060e-01  9.99166e-01
 4.73265e+00  9.99471e-01  9.99166e-01
 4.74568e+00  1.00028e+00  9.99167e-01
 4.75565e+00  9.98882e-01  9.99167e-01
 4.76861e+00  9.99360e-01  9.99167e-01
 4.77925e+00  9.98390e-01  9.99168e-01
 4.79162e+00  9.99664e-01  9.99168e-01
 4.80552e+00  9.99499e-01  9.99168e-01
 4.81597e+00  9.99006e-01  9.99169e-01
 4.82902e+00  9.99895e-01  9.99169e-01
 4.83897e+00  9.99381e-01  9.99170e-01
 4.85193e+00  9.98937e-01  9.99170e-01
 4.86259e+00  9.99151e-01  9.99171e-01
 4.87420e+00  9.99483e-01  9.99172e-01
 4.88620e+00  9.99454e-01  9.99172e-01
 4.89773e+00  9.99318e-01  9.99173e-01
 4.90969e+00  9.99977e-01  9.99174e-01
 4.92014e+00  9.99009e-01  9.99174e-01
 4.93318e+00  1.00020e+00  9.99175e-01
 4.94315e+00  1.00053e+00  9.99176e-01
 4.95611e+00  1.00020e+00  9.99177e-01
 4.96675e+00  9.99429e-01  9.99178e-01
 4.97828e+00  1.00004e+00  9.99179e-01
 4.98898e+00  9.99396e-01  9.99179e-01
 4.99981e+00  1.00008e+00  9.99180e-01
 5.01119e+00  9.99276e-01  9.99181e-01
 5.02199e+00  1.00012e+00  9.99182e-01
 5.03337e+00  1.00003e+00  9.99183e-01
 5.04438e+00  9.99313e-01  9.99184e-01
 5.05683e+00  9.99612e-01  9.99185e-01
 5.06598e+00  9.99111e-01  9.99186e-01
 5.07897e+00  9.99491e-01  9.99188e-01
 5.08759e+00  9.99642e-01  9.99189e-01
 5.10112e+00  1.01081e+00  9.99190e-01
 5.10842e+00  9.99374e-01  9.99191e-01
 5.12194e+00  1.00886e+00  9.99192e-01
 5.12925e+00  9.99282e-01  9.99193e-01
 5.14277e+00  1.00796e+00  9.99195e-01
 5.15009e+00  9.99474e-01  9.99196e-01
 5.16374e+00  1.00639e+00  9.99197e-01
 5.17170e+00  1.00258e+00  9.99198e-01
 5.18384e+00  1.00523e+00  9.99200e-01
 5.19029e+00  9.99339e-01  9.99201e-01
 5.20076e+00  9.98550e-01  9.99202e-01
 5.20951e+00  1.00419e+00  9.99203e-01
 5.21958e+00  9.99546e-01  9.99205e-01
 5.22968e+00  1.00437e+00  9.99206e-01
 5.23968e+00  9.99456e-01  9.99207e-01
 5.24903e+00  1.00365e+00  9.99209e-01
 5.25774e+00  9.99606e-01  9.99210e-01
 5.26857e+00  1.00359e+00  9.99212e-01
 5.27586e+00  9.98985e-01  9.99213e-01
 5.28800e+00  1.00264e+00  9.99215e-01
 5.29447e+00  1.00027e+00  9.99216e-01
 5.30494e+00  9.99266e-01  9.99217e-01
 5.31302e+00  1.00275e+00  9.99219e-01
 5.32299e+00  9.99499e-01  9.99220e-01
 5.33238e+00  1.00199e+00  9.99222e-01
 5.33971e+00  9.99584e-01  9.99223e-01
 5.35116e+00  1.00145e+00  9.99225e-01
 5.35773e+00  9.99429e-01  9.99226e-01
 5.36874e+00  9.99084e-01  9.99228e-01
 5.37701e+00  1.00161e+00  9.99230e-01
 5.38755e+00  9.99884e-01  9.99232e-01
 5.39637e+00  9.99969e-01  9.99233e-01
 5.40634e+00  1.00017e+00  9.99235e-01
 5.41579e+00  9.99347e-01  9.99237e-01
 5.42442e+00  1.00036e+00  9.99239e-01
 5.43583e+00  1.00015e+00  9.99241e-01
 5.44252e+00  9.99395e-01  9.99243e-01
 5.45466e+00  9.99836e-01  9.99245e-01
 5.46112e+00  9.99938e-01  9.99247e-01
 5.47160e+00  9.99396e-01  9.99249e-01
 5.47971e+00  9.99573e-01  9.99251e-01
 5.48968e+00  1.00035e+00  9.99253e-01
 5.49903e+00  9.99479e-01  9.99255e-01
 5.50638e+00  9.99814e-01  9.99257e-01
 5.51792e+00  9.99284e-01  9.99259e-01
 5.52586e+00  9.99676e-01  9.99261e-01
 5.53801e+00  9.99588e-01  9.99264e-01
 5.54523e+00  9.99479e-01  9.99266e-01
 5.55624e+00  9.98981e-01  9.99269e-01
 5.56376e+00  9.99584e-01  9.99271e-01
 5.57373e+00  9.99642e-01  9.99274e-01
 5.58307e+00  9.99355e-01  9.99276e-01
 5.59108e+00  9.98644e-01  9.99279e-01
 5.60184e+00  9.99066e-01  9.99282e-01
 5.60847e+00  9.99219e-01  9.99283e-01
 5.62004e+00  9.98837e-01  9.99287e-01
 5.62702e+00  1.00009e+00  9.99289e-01
 5.63696e+00  9.99254e-01  9.99292e-01
 5.64626e+00  9.99525e-01  9.99295e-01
 5.65564e+00  9.99852e-01  9.99298e-01
 5.66570e+00  9.99801e-01  9.99301e-01
 5.67306e+00  9.99340e-01  9.99304e-01
 5.68518e+00  1.00001e+00  9.99308e-01
 5.69252e+00  9.99199e-01  9.99311e-01
 5.70466e+00  9.99436e-01  9.99315e-01
 5.71111e+00  9.99512e-01  9.99317e-01
 5.72160e+00  9.99308e-01  9.99321e-01
 5.72971e+00  9.99311e-01  9.99325e-01
 5.73968e+00  9.99354e-01  9.99329e-01
 5.74902e+00  9.99745e-01  9.99333e-01
 5.75638e+00  9.98518e-01  9.99336e-01
 5.76786e+00  9.99195e-01  9.99341e-01
 5.77513e+00  9.99348e-01  9.99344e-01
 5.78670e+00  9.98773e-01  9.99349e-01
 5.79370e+00  9.98789e-01  9.99353e-01
 5.80365e+00  9.98943e-01  9.99358e-01
 5.81299e+00  9.99333e-01  9.99362e-01
 5.82299e+00  9.99138e-01  9.99367e-01
 5.83244e+00  9.99376e-01  9.99373e-01
 5.84108e+00  9.99428e-01  9.99377e-01
 5.85184e+00  9.99065e-01  9.99384e-01
 5.85847e+00  9.99548e-01  9.99388e-01
 5.87004e+00  9.99287e-01  9.99395e-01
 5.87701e+00  9.99222e-01  9.99399e-01
 5.88697e+00  9.99404e-01  9.99406e-01
 5.89625e+00  9.99846e-01  9.99412e-01
 5.90496e+00  1.00029e+00  9.99418e-01
 5.91502e+00  9.99916e-01  9.99426e-01
 5.92238e+00  9.99981e-01  9.99431e-01
 5.93533e+00  1.00028e+00  9.99442e-01
 5.94596e+00  9.99924e-01  9.99451e-01
 5.95683e+00  1.00019e+00  9.99460e-01
 5.96608e+00  9.99939e-01  9.99469e-01
 5.97684e+00  9.99878e-01  9.99479e-01
 5.98347e+00  9.99982e-01  9.99485e-01
 5.99504e+00  9.99668e-01  9.99497e-01
 6.00269e+00  9.99640e-01  9.99506e-01
 6.01327e+00  9.99538e-01  9.99518e-01
 6.02136e+00  1.00005e+00  9.99527e-01
 6.03134e+00  9.99922e-01  9.99540e-01
 6.04078e+00  9.99635e-01  9.99552e-01
 6.04942e+00  9.99360e-01  9.99564e-01
 6.06022e+00  1.00023e+00  9.99579e-01
 6.06753e+00  9.99450e-01  9.99590e-01
 6.07966e+00  1.00053e+00  9.99609e-01
 6.08611e+00  9.99680e-01  9.99619e-01
 6.09660e+00  9.99573e-01  9.99637e-01
 6.10471e+00  9.99722e-01  9.99652e-01
 6.11468e+00  9.99359e-01  9.99671e-01
 6.12411e+00  9.99778e-01  9.99690e-01
 6.13274e+00  9.99557e-01  9.99708e-01
 6.14350e+00  9.99639e-01  9.99731e-01
 6.15013e+00  9.99905e-01  9.99747e-01
 6.16170e+00  1.00001e+00  9.99775e-01
 6.16870e+00  9.99792e-01  9.99792e-01
 6.17865e+00  1.00033e+00  9.99819e-01
 6.18789e+00  1.00042e+00  9.99845e-01
 6.19662e+00  9.99514e-01  9.99871e-01
 6.20669e+00  9.99945e-01  9.99902e-01
 6.21336e+00  1.00023e+00  9.99924e-01
 6.22550e+00  1.00006e+00  9.99965e-01
 6.23197e+00  1.00009e+00  9.99989e-01
 6.24244e+00  1.00004e+00  1.00003e+00
 6.25115e+00  9.99799e-01  1.00006e+00
 6.26124e+00  1.00002e+00  1.00011e+00
 6.27056e+00  9.99904e-01  1.00015e+00
 6.27858e+00  9.99937e-01  1.00018e+00
 6.28942e+00  1.00015e+00  1.00024e+00
 6.29668e+00  1.00061e+00  1.00028e+00
 6.30884e+00  1.00007e+00  1.00034e+00
 6.31527e+00  9.99929e-01  1.00038e+00
 6.32577e+00  1.00046e+00  1.00044e+00
 6.33458e+00  9.99763e-01  1.00050e+00
 6.34457e+00  1.00053e+00  1.00056e+00
 6.35390e+00  1.00061e+00  1.00063e+00
 6.36190e+00  1.00093e+00  1.00069e+00
 6.37272e+00  1.00116e+00  1.00077e+00
 6.38002e+00  1.00152e+00  1.00083e+00
 6.39216e+00  1.00052e+00  1.00093e+00
 6.39938e+00  1.00077e+00  1.00100e+00
 6.41040e+00  1.00107e+00  1.00110e+00
 6.41869e+00  1.00114e+00  1.00118e+00
 6.43052e+00  1.00116e+00  1.00130e+00
 6.43941e+00  1.00069e+00  1.00140e+00
 6.45075e+00  1.00178e+00  1.00152e+00
 6.45959e+00  1.00091e+00  1.00163e+00
 6.46957e+00  1.00206e+00  1.00175e+00
 6.47890e+00  1.00129e+00  1.00187e+00
 6.48690e+00  1.00222e+00  1.00197e+00
 6.49767e+00  1.00203e+00  1.00212e+00
 6.50430e+00  1.00246e+00  1.00221e+00
 6.51716e+00  1.00166e+00  1.00239e+00
 6.52361e+00  1.00210e+00  1.00249e+00
 6.53410e+00  1.00277e+00  1.00264e+00
 6.54294e+00  1.00224e+00  1.00278e+00
 6.55289e+00  1.00316e+00  1.00294e+00
 6.56221e+00  1.00214e+00  1.00308e+00
 6.57024e+00  1.00343e+00  1.00321e+00
 6.58107e+00  1.00240e+00  1.00339e+00
 6.59037e+00  1.00311e+00  1.00354e+00
 6.60190e+00  1.00301e+00  1.00373e+00
 6.60918e+00  1.00404e+00  1.00385e+00
 6.62133e+00  1.00319e+00  1.00405e+00
 6.62854e+00  1.00410e+00  1.00416e+00
 6.63959e+00  1.00353e+00  1.00434e+00
 6.64931e+00  1.00450e+00  1.00448e+00
 6.66040e+00  1.00418e+00  1.00465e+00
 6.66860e+00  1.00451e+00  1.00476e+00
 6.67863e+00  1.00508e+00  1.00489e+00
 6.68789e+00  1.00374e+00  1.00500e+00
 6.69662e+00  1.00556e+00  1.00510e+00
 6.70669e+00  1.00369e+00  1.00521e+00
 6.71472e+00  1.00529e+00  1.00528e+00
 6.72617e+00  1.00448e+00  1.00537e+00
 6.73340e+00  1.00595e+00  1.00542e+00
 6.74633e+00  1.00511e+00  1.00548e+00
 6.75277e+00  1.00523e+00  1.00550e+00
 6.76389e+00  1.00491e+00  1.00552e+00
 6.77287e+00  1.00577e+00  1.00553e+00
 6.78341e+00  1.00550e+00  1.00551e+00
 6.79221e+00  1.00491e+00  1.00548e+00
 6.80215e+00  1.00620e+00  1.00544e+00
 6.81152e+00  1.00481e+00  1.00538e+00
 6.81888e+00  1.00550e+00  1.00532e+00
 6.83033e+00  1.00487e+00  1.00522e+00
 6.83690e+00  1.00507e+00  1.00515e+00
 6.84791e+00  1.00482e+00  1.00502e+00
 6.85544e+00  1.00481e+00  1.00492e+00
 6.86668e+00  1.00496e+00  1.00476e+00
 6.87552e+00  1.00396e+00  1.00463e+00
 6.88549e+00  1.00408e+00  1.00446e+00
 6.89496e+00  1.00446e+00  1.00430e+00
 6.90358e+00  1.00396e+00  1.00415e+00
 6.91435e+00  1.00364e+00  1.00396e+00
 6.92095e+00  1.00396e+00  1.00384e+00
 6.93253e+00  1.00336e+00  1.00362e+00
 6.93951e+00  1.00314e+00  1.00349e+00
 6.94947e+00  1.00276e+00  1.00330e+00
 6.95875e+00  1.00326e+00  1.00312e+00
 6.96746e+00  1.00283e+00  1.00296e+00
 6.97752e+00  1.00320e+00  1.00278e+00
 6.98418e+00  1.00264e+00  1.00266e+00
 6.99633e+00  1.00297e+00  1.00244e+00
 7.00277e+00  1.00218e+00  1.00233e+00
 7.01326e+00  1.00199e+00  1.00216e+00
 7.02138e+00  1.00218e+00  1.00203e+00
 7.03132e+00  1.00194e+00  1.00187e+00
 7.04079e+00  1.00157e+00  1.00173e+00
 7.04939e+00  1.00134e+00  1.00161e+00
 7.06022e+00  1.00186e+00  1.00146e+00
 7.06886e+00  1.00130e+00  1.00135e+00
 7.08164e+00  1.00185e+00  1.00120e+00
 7.08837e+00  1.00128e+00  1.00112e+00
 7.10050e+00  1.00119e+00  1.00100e+00
 7.10694e+00  1.00110e+00  1.00093e+00
 7.11743e+00  1.00056e+00  1.00083e+00
 7.12552e+00  1.00103e+00  1.00076e+00
 7.13549e+00  1.00096e+00  1.00068e+00
 7.14494e+00  1.00081e+00  1.00061e+00
 7.15358e+00  1.00016e+00  1.00055e+00
 7.16510e+00  1.00122e+00  1.00048e+00
 7.17303e+00  1.00036e+00  1.00043e+00
 7.18450e+00  1.00100e+00  1.00037e+00
 7.19104e+00  1.00073e+00  1.00033e+00
 7.20206e+00  1.00033e+00  1.00028e+00
 7.20962e+00  1.00025e+00  1.00025e+00
 7.21957e+00  9.99658e-01  1.00021e+00
 7.22889e+00  1.00013e+00  1.00017e+00
 7.23689e+00  9.99779e-01  1.00015e+00
 7.24768e+00  1.00029e+00  1.00011e+00
 7.25428e+00  1.00032e+00  1.00009e+00
 7.26586e+00  1.00038e+00  1.00006e+00
 7.27287e+00  9.98509e-01  1.00005e+00
 7.28280e+00  9.97898e-01  1.00002e+00
 7.29218e+00  9.98758e-01  1.00000e+00
 7.30215e+00  1.00201e+00  9.99985e-01
 7.31153e+00  1.00750e+00  9.99968e-01
 7.32102e+00  9.98991e-01  9.99953e-01
 7.33242e+00  9.99781e-01  9.99936e-01
 7.34186e+00  9.99827e-01  9.99923e-01
 7.35625e+00  9.99669e-01  9.99904e-01
 7.36939e+00  1.00003e+00  9.99889e-01
 7.37780e+00  9.99727e-01  9.99881e-01
 7.39215e+00  9.99818e-01  9.99866e-01
 7.40156e+00  9.99687e-01  9.99858e-01
 7.41435e+00  9.99835e-01  9.99847e-01
 7.42308e+00  9.99427e-01  9.99839e-01
 7.43588e+00  9.99716e-01  9.99829e-01
 7.44672e+00  9.99788e-01  9.99821e-01
 7.45810e+00  9.99129e-01  9.99813e-01
 7.46825e+00  1.00005e+00  9.99805e-01
 7.48031e+00  9.99571e-01  9.99797e-01
 7.49177e+00  9.99732e-01  9.99789e-01
 7.50123e+00  9.99463e-01  9.99783e-01
 7.51320e+00  9.99271e-01  9.99775e-01
 7.52286e+00  9.99572e-01  9.99769e-01
 7.53670e+00  9.99556e-01  9.99760e-01
 7.54601e+00  9.99465e-01  9.99754e-01
 7.55958e+00  9.99623e-01  9.99746e-01
 7.56824e+00  9.99557e-01  9.99740e-01
 7.58112e+00  9.99783e-01  9.99732e-01
 7.59115e+00  9.99493e-01  9.99726e-01
 7.60339e+00  9.99719e-01  9.99718e-01
 7.61606e+00  9.99687e-01  9.99710e-01
 7.62770e+00  1.00010e+00  9.99703e-01
 7.64026e+00  9.99896e-01  9.99695e-01
 7.65361e+00  9.99945e-01  9.99687e-01
 7.66657e+00  1.00032e+00  9.99679e-01
 7.67988e+00  9.99890e-01  9.99670e-01
 7.69245e+00  1.00047e+00  9.99662e-01
 7.70681e+00  9.99803e-01  9.99653e-01
 7.71757e+00  9.99906e-01  9.99646e-01
 7.73041e+00  1.00016e+00  9.99638e-01
 7.74370e+00  9.99714e-01  9.99630e-01
 7.75495e+00  9.99193e-01  9.99623e-01
 7.76932e+00  9.99814e-01  9.99614e-01
 7.78206e+00  9.99851e-01  9.99606e-01
 7.79437e+00  9.99532e-01  9.99599e-01
 7.80889e+00  9.99670e-01  9.99590e-01
 7.82032e+00  9.99363e-01  9.99583e-01
 7.83390e+00  9.99424e-01  9.99574e-01
 7.84788e+00  9.99607e-01  9.99566e-01
 7.85910e+00  1.00031e+00  9.99559e-01
 7.87348e+00  9.99697e-01  9.99551e-01
 7.88622e+00  1.00012e+00  9.99543e-01
 7.89856e+00  1.00017e+00  9.99536e-01
 7.91373e+00  9.99900e-01  9.99527e-01
 7.92589e+00  1.00066e+00  9.99520e-01
 7.94094e+00  1.00012e+00  9.99511e-01
 7.95617e+00  1.00005e+00  9.99503e-01
 7.97089e+00  9.99383e-01  9.99495e-01
 7.98266e+00  9.99860e-01  9.99488e-01
 7.99784e+00  9.99684e-01  9.99480e-01
 8.01121e+00  9.99961e-01  9.99473e-01
 8.02434e+00  9.99665e-01  9.99466e-01
 8.03943e+00  9.99599e-01  9.99458e-01
 8.05089e+00  9.99294e-01  9.99452e-01
 8.06519e+00  9.99415e-01  9.99445e-01
 8.07978e+00  9.99843e-01  9.99437e-01
 8.09390e+00  9.99949e-01  9.99430e-01
 8.10765e+00  1.00005e+00  9.99424e-01
 8.12285e+00  9.99199e-01  9.99417e-01
 8.13621e+00  9.99477e-01  9.99410e-01
 8.14856e+00  1.00069e+00  9.99405e-01
 8.16306e+00  1.00036e+00  9.99398e-01
 8.17448e+00  1.00057e+00  9.99393e-01
 8.18804e+00  1.00013e+00  9.99387e-01
 8.20205e+00  9.99839e-01  9.99381e-01
 8.21398e+00  1.00009e+00  9.99376e-01
 8.22912e+00  9.99859e-01  9.99369e-01
 8.24372e+00  1.00082e+00  9.99363e-01
 8.25638e+00  1.00034e+00  9.99358e-01
 8.27004e+00  9.99992e-01  9.99353e-01
 8.28404e+00  1.00034e+00  9.99347e-01
 8.29516e+00  1.00050e+00  9.99343e-01
 8.31095e+00  1.00031e+00  9.99337e-01
 8.32371e+00  9.99625e-01  9.99332e-01
 8.33606e+00  9.99811e-01  9.99328e-01
 8.35193e+00  9.99811e-01  9.99322e-01
 8.36339e+00  1.00064e+00  9.99318e-01
 8.37691e+00  9.99857e-01  9.99313e-01
 8.39088e+00  9.99284e-01  9.99309e-01
 8.40221e+00  1.00035e+00  9.99305e-01
 8.41589e+00  9.99770e-01  9.99301e-01
 8.42986e+00  1.00065e+00  9.99296e-01
 8.44244e+00  1.00023e+00  9.99292e-01
 8.45692e+00  1.00018e+00  9.99288e-01
 8.47154e+00  9.99916e-01  9.99283e-01
 8.48266e+00  1.00003e+00  9.99280e-01
 8.49776e+00  9.99851e-01  9.99276e-01
 8.50922e+00  9.99978e-01  9.99273e-01
 8.52276e+00  9.99774e-01  9.99269e-01
 8.53736e+00  1.00015e+00  9.99265e-01
 8.55086e+00  1.00043e+00  9.99261e-01
 8.56598e+00  9.99652e-01  9.99258e-01
 8.58116e+00  9.99991e-01  9.99254e-01
 8.59456e+00  1.00008e+00  9.99250e-01
 8.60767e+00  9.99847e-01  9.99247e-01
 8.62282e+00  9.99930e-01  9.99244e-01
 8.63621e+00  9.99605e-01  9.99241e-01
 8.64855e+00  9.99867e-01  9.99238e-01
 8.66306e+00  9.99591e-01  9.99235e-01
 8.67448e+00  1.00048e+00  9.99233e-01
 8.68804e+00  1.00021e+00  9.99230e-01
 8.70211e+00  9.99635e-01  9.99227e-01
 8.71615e+00  9.99090e-01  9.99224e-01
 8.73048e+00  9.99502e-01  9.99221e-01
 8.74508e+00  9.99530e-01  9.99219e-01
 8.75781e+00  9.99168e-01  9.99216e-01
 8.77215e+00  9.99466e-01  9.99214e-01
 8.78675e+00  9.99234e-01  9.99211e-01
 8.79948e+00  9.99378e-01  9.99209e-01
 8.81381e+00  9.99325e-01  9.99207e-01
 8.82908e+00  9.99499e-01  9.99205e-01
 8.84257e+00  9.99190e-01  9.99203e-01
 8.85685e+00  9.99588e-01  9.99200e-01
 8.87146e+00  9.99552e-01  9.99198e-01
 8.88422e+00  9.99067e-01  9.99197e-01
 8.89853e+00  9.99085e-01  9.99195e-01
 8.91312e+00  9.99376e-01  9.99193e-01
 8.92589e+00  9.98788e-01  9.99191e-01
 8.94019e+00  9.99181e-01  9.99190e-01
 8.95478e+00  9.98949e-01  9.99188e-01
 8.96757e+00  9.99362e-01  9.99187e-01
 8.98185e+00  9.99152e-01  9.99185e-01
 8.99646e+00  9.99620e-01  9.99184e-01
 9.00921e+00  9.99142e-01  9.99182e-01
 9.02354e+00  9.99105e-01  9.99181e-01
 9.03949e+00  9.98956e-01  9.99179e-01
 9.05288e+00  9.99132e-01  9.99178e-01
 9.06598e+00  9.98794e-01  9.99177e-01
 9.08116e+00  9.99074e-01  9.99176e-01
 9.09455e+00  9.98734e-01  9.99175e-01
 9.10765e+00  9.99126e-01  9.99174e-01
 9.12283e+00  9.99346e-01  9.99173e-01
 9.13620e+00  9.99074e-01  9.99172e-01
 9.14934e+00  9.99284e-01  9.99172e-01
 9.16458e+00  9.99069e-01  9.99171e-01
 9.17986e+00  9.98934e-01  9.99170e-01
 9.19243e+00  9.98882e-01  9.99169e-01
 9.20690e+00  9.98875e-01  9.99169e-01
 9.22153e+00  9.99452e-01  9.99168e-01
 9.23409e+00  9.99297e-01  9.99168e-01
 9.24857e+00  9.99277e-01  9.99167e-01
 9.26319e+00  9.98925e-01  9.99167e-01
 9.27577e+00  9.98393e-01  9.99166e-01
 9.29023e+00  9.99403e-01  9.99166e-01
 9.30486e+00  9.99174e-01  9.99166e-01
 9.31743e+00  9.98733e-01  9.99166e-01
 9.33190e+00  9.99063e-01  9.99166e-01
 9.34653e+00  9.99385e-01  9.99165e-01
 9.35909e+00  9.99535e-01  9.99165e-01
 9.37356e+00  9.97542e-01  9.99165e-01
 9.38489e+00  9.97540e-01  9.99165e-01
 9.39646e+00  9.99048e-01  9.99165e-01
 9.40845e+00  9.99377e-01  9.99165e-01
 9.41944e+00  9.98603e-01  9.99166e-01
 9.43192e+00  9.99050e-01  9.99166e-01
 9.44183e+00  9.99060e-01  9.99166e-01
