202
 2.06360e-02  9.97449e-01  9.97504e-01
 6.14460e-02  9.99655e-01  9.98526e-01
 9.97860e-02  1.00038e+00  9.99608e-01
 1.38972e-01  1.00135e+00  1.00081e+00
 1.76462e-01  1.00287e+00  1.00203e+00
 2.11446e-01  1.00279e+00  1.00319e+00
 2.48946e-01  1.00537e+00  1.00440e+00
 2.80589e-01  1.00820e+00  1.00536e+00
 3.12273e-01  1.00686e+00  1.00622e+00
 3.46475e-01  1.00714e+00  1.00697e+00
 3.81459e-01  1.00812e+00  1.00750e+00
 4.16433e-01  1.00716e+00  1.00774e+00
 4.50655e-01  1.00727e+00  1.00763e+00
 4.83496e-01  1.00828e+00  1.00719e+00
 5.12686e-01  1.00811e+00  1.00651e+00
 5.44776e-01  1.00571e+00  1.00547e+00
 5.75196e-01  1.00511e+00  1.00421e+00
 6.07657e-01  1.00266e+00  1.00261e+00
 6.38556e-01  1.00044e+00  1.00091e+00
 6.70996e-01  9.98849e-01  9.99010e-01
 7.03136e-01  9.97481e-01  9.97077e-01
 7.38090e-01  9.94648e-01  9.95017e-01
 7.68956e-01  9.93503e-01  9.93309e-01
 8.04793e-01  9.91258e-01  9.91533e-01
 8.39766e-01  9.90442e-01  9.90080e-01
 8.69786e-01  9.88998e-01  9.89086e-01
 9.02299e-01  9.87852e-01  9.88291e-01
 9.37283e-01  9.81222e-01  9.87765e-01
 9.68099e-01  9.74799e-01  9.87573e-01
 9.98106e-01  9.72472e-01  9.87611e-01
 1.03020e+00  9.75617e-01  9.87870e-01
 1.06061e+00  9.83317e-01  9.88295e-01
 1.09062e+00  9.90004e-01  9.88856e-01
 1.12517e+00  9.90610e-01  9.89638e-01
 1.15975e+00  9.91203e-01  9.90525e-01
 1.19813e+00  9.92505e-01  9.91589e-01
 1.24102e+00  9.94166e-01  9.92820e-01
 1.28140e+00  9.94522e-01  9.93978e-01
 1.31640e+00  9.94907e-01  9.94954e-01
 1.35060e+00  9.96650e-01  9.95866e-01
 1.38558e+00  9.96744e-01  9.96745e-01
 1.42055e+00  9.98037e-01  9.97563e-01
 1.45479e+00  9.98866e-01  9.98299e-01
 1.48974e+00  9.98485e-01  9.98983e-01
 1.52474e+00  9.99240e-01  9.99600e-01
 1.55935e+00  9.99980e-01  1.00014e+00
 1.59726e+00  1.00006e+00  1.00066e+00
 1.63392e+00  1.00087e+00  1.00110e+00
 1.67057e+00  1.00102e+00  1.00147e+00
 1.70479e+00  1.00116e+00  1.00177e+00
 1.73975e+00  1.00097e+00  1.00202e+00
 1.77474e+00  1.00174e+00  1.00222e+00
 1.80895e+00  1.00223e+00  1.00238e+00
 1.84391e+00  1.00190e+00  1.00250e+00
 1.87891e+00  1.00245e+00  1.00259e+00
 1.91311e+00  1.00263e+00  1.00265e+00
 1.95059e+00  1.00194e+00  1.00268e+00
 1.98809e+00  1.00137e+00  1.00268e+00
 2.02474e+00  1.00138e+00  1.00265e+00
 2.05895e+00  1.00213e+00  1.00260e+00
 2.09391e+00  1.00168e+00  1.00254e+00
 2.12891e+00  1.00208e+00  1.00245e+00
 2.16352e+00  1.00233e+00  1.00235e+00
 2.20393e+00  1.00230e+00  1.00222e+00
 2.24560e+00  1.00208e+00  1.00206e+00
 2.28725e+00  1.00134e+00  1.00188e+00
 2.32893e+00  1.00122e+00  1.00169e+00
 2.37060e+00  1.00083e+00  1.00149e+00
 2.41225e+00  1.00105e+00  1.00127e+00
 2.45393e+00  1.00072e+00  1.00105e+00
 2.49599e+00  1.00094e+00  1.00080e+00
 2.54142e+00  1.00121e+00  1.00053e+00
 2.58309e+00  1.00049e+00  1.00027e+00
 2.62600e+00  1.00066e+00  9.99990e-01
 2.67226e+00  9.98682e-01  9.99679e-01
 2.72058e+00  9.99309e-01  9.99344e-01
 2.76226e+00  9.99066e-01  9.99046e-01
 2.80392e+00  9.98173e-01  9.98741e-01
 2.84558e+00  9.98125e-01  9.98430e-01
 2.89016e+00  9.97608e-01  9.98091e-01
 2.93309e+00  9.98029e-01  9.97759e-01
 2.97475e+00  9.98004e-01  9.97433e-01
 3.01642e+00  9.96317e-01  9.97105e-01
 3.05809e+00  9.97382e-01  9.96776e-01
 3.09975e+00  9.96937e-01  9.96449e-01
 3.14183e+00  9.96666e-01  9.96123e-01
 3.19021e+00  9.96843e-01  9.95757e-01
 3.24519e+00  9.96598e-01  9.95362e-01
 3.29060e+00  9.98097e-01  9.95060e-01
 3.32685e+00  9.98041e-01  9.94839e-01
 3.36560e+00  9.97402e-01  9.94629e-01
 3.40308e+00  9.98094e-01  9.94457e-01
 3.43850e+00  9.96595e-01  9.94330e-01
 3.47602e+00  9.97445e-01  9.94239e-01
 3.51394e+00  9.96462e-01  9.94201e-01
 3.55270e+00  9.97822e-01  9.94228e-01
 3.59395e+00  9.96785e-01  9.94342e-01
 3.63853e+00  9.96856e-01  9.94581e-01
 3.68226e+00  9.96865e-01  9.94947e-01
 3.72185e+00  9.97068e-01  9.95405e-01
 3.76394e+00  9.96621e-01  9.96034e-01
 3.83727e+00  9.97449e-01  9.97504e-01
 3.87808e+00  9.99655e-01  9.98526e-01
 3.91642e+00  1.00038e+00  9.99608e-01
 3.95561e+00  1.00135e+00  1.00081e+00
 3.99310e+00  1.00287e+00  1.00203e+00
 4.02808e+00  1.00279e+00  1.00319e+00
 4.06558e+00  1.00537e+00  1.00440e+00
 4.09722e+00  1.00820e+00  1.00536e+00
 4.12891e+00  1.00686e+00  1.00622e+00
 4.16311e+00  1.00714e+00  1.00697e+00
 4.19809e+00  1.00812e+00  1.00750e+00
 4.23307e+00  1.00716e+00  1.00774e+00
 4.26729e+00  1.00727e+00  1.00763e+00
 4.30013e+00  1.00828e+00  1.00719e+00
 4.32932e+00  1.00811e+00  1.00651e+00
 4.36141e+00  1.00571e+00  1.00547e+00
 4.39183e+00  1.00511e+00  1.00421e+00
 4.42429e+00  1.00266e+00  1.00261e+00
 4.45519e+00  1.00044e+00  1.00091e+00
 4.48763e+00  9.98849e-01  9.99010e-01
 4.51977e+00  9.97481e-01  9.97078e-01
 4.55472e+00  9.94648e-01  9.95018e-01
 4.58559e+00  9.93503e-01  9.93309e-01
 4.62143e+00  9.91258e-01  9.91533e-01
 4.65640e+00  9.90442e-01  9.90080e-01
 4.68642e+00  9.88998e-01  9.89086e-01
 4.71893e+00  9.87852e-01  9.88291e-01
 4.75392e+00  9.81222e-01  9.87765e-01
 4.78473e+00  9.74799e-01  9.87573e-01
 4.81474e+00  9.72472e-01  9.87611e-01
 4.84683e+00  9.75617e-01  9.87870e-01
 4.87724e+00  9.83317e-01  9.88295e-01
 4.90725e+00  9.90004e-01  9.88856e-01
 4.94181e+00  9.90610e-01  9.89638e-01
 4.97638e+00  9.91203e-01  9.90525e-01
 5.01476e+00  9.92505e-01  9.91589e-01
 5.05765e+00  9.94166e-01  9.92820e-01
 5.09804e+00  9.94522e-01  9.93978e-01
 5.13303e+00  9.94907e-01  9.94953e-01
 5.16723e+00  9.96650e-01  9.95866e-01
 5.20222e+00  9.96744e-01  9.96745e-01
 5.23718e+00  9.98037e-01  9.97563e-01
 5.27142e+00  9.98866e-01  9.98299e-01
 5.30638e+00  9.98485e-01  9.98983e-01
 5.34137e+00  9.99240e-01  9.99600e-01
 5.37599e+00  9.99980e-01  1.00014e+00
 5.41389e+00  1.00006e+00  1.00066e+00
 5.45055e+00  1.00087e+00  1.00110e+00
 5.48720e+00  1.00102e+00  1.00147e+00
 5.52142e+00  1.00116e+00  1.00177e+00
 5.55639e+00  1.00097e+00  1.00202e+00
 5.59137e+00  1.00174e+00  1.00222e+00
 5.62558e+00  1.00223e+00  1.00238e+00
 5.66055e+00  1.00190e+00  1.00250e+00
 5.69554e+00  1.00245e+00  1.00259e+00
 5.72974e+00  1.00263e+00  1.00265e+00
 5.76722e+00  1.00194e+00  1.00268e+00
 5.80472e+00  1.00137e+00  1.00268e+00
 5.84137e+00  1.00138e+00  1.00265e+00
 5.87558e+00  1.00213e+00  1.00260e+00
 5.91055e+00  1.00168e+00  1.00254e+00
 5.94554e+00  1.00208e+00  1.00245e+00
 5.98016e+00  1.00233e+00  1.00235e+00
 6.02057e+00  1.00230e+00  1.00222e+00
 6.06224e+00  1.00208e+00  1.00206e+00
 6.10389e+00  1.00134e+00  1.00188e+00
 6.14557e+00  1.00122e+00  1.00169e+00
 6.18724e+00  1.00083e+00  1.00149e+00
 6.22889e+00  1.00105e+00  1.00127e+00
 6.27057e+00  1.00072e+00  1.00105e+00
 6.31263e+00  1.00094e+00  1.00080e+00
 6.35806e+00  1.00121e+00  1.00053e+00
 6.39973e+00  1.00049e+00  1.00027e+00
 6.44264e+00  1.00066e+00  9.99990e-01
 6.48889e+00  9.98682e-01  9.99679e-01
 6.53721e+00  9.99309e-01  9.99344e-01
 6.57890e+00  9.99066e-01  9.99046e-01
 6.62056e+00  9.98173e-01  9.98741e-01
 6.66221e+00  9.98125e-01  9.98430e-01
 6.70679e+00  9.97608e-01  9.98091e-01
 6.74972e+00  9.98029e-01  9.97759e-01
 6.79139e+00  9.98004e-01  9.97433e-01
 6.83305e+00  9.96317e-01  9.97105e-01
 6.87472e+00  9.97382e-01  9.96776e-01
 6.91639e+00  9.96937e-01  9.96449e-01
 6.95847e+00  9.96666e-01  9.96123e-01
 7.00685e+00  9.96843e-01  9.95758e-01
 7.06182e+00  9.96598e-01  9.95362e-01
 7.10724e+00  9.98097e-01  9.95060e-01
 7.14349e+00  9.98041e-01  9.94839e-01
 7.18224e+00  9.97402e-01  9.94629e-01
 7.21971e+00  9.98094e-01  9.94457e-01
 7.25514e+00  9.96595e-01  9.94330e-01
 7.29266e+00  9.97445e-01  9.94239e-01
 7.33057e+00  9.96462e-01  9.94201e-01
 7.36933e+00  9.97822e-01  9.94228e-01
 7.41058e+00  9.96785e-01  9.94342e-01
 7.45517e+00  9.96856e-01  9.94581e-01
 7.49890e+00  9.96865e-01  9.94947e-01
 7.53849e+00  9.97068e-01  9.95404e-01
 7.58057e+00  9.96621e-01  9.96034e-01
