218
 1.28680e-02  9.99635e-01  9.99989e-01
 4.61880e-02  9.97763e-01  9.99979e-01
 8.09170e-02  9.99616e-01  9.99971e-01
 1.14370e-01  9.99288e-01  9.99963e-01
 1.44686e-01  9.99889e-01  9.99956e-01
 1.73917e-01  9.98929e-01  9.99950e-01
 2.02133e-01  1.00003e+00  9.99945e-01
 2.28899e-01  9.98115e-01  9.99940e-01
 2.53564e-01  9.98589e-01  9.99936e-01
 2.78807e-01  9.99259e-01  9.99932e-01
 3.02356e-01  9.99264e-01  9.99928e-01
 3.27042e-01  9.99548e-01  9.99925e-01
 3.49972e-01  9.99225e-01  9.99922e-01
 3.74069e-01  1.00069e+00  9.99920e-01
 3.98774e-01  1.00039e+00  9.99917e-01
 4.20802e-01  9.99668e-01  9.99915e-01
 4.46907e-01  9.99137e-01  9.99913e-01
 4.70244e-01  9.99614e-01  9.99911e-01
 4.98754e-01  9.97191e-01  9.99909e-01
 5.26829e-01  9.91803e-01  9.99907e-01
 5.50205e-01  9.97317e-01  9.99906e-01
 5.74394e-01  9.98564e-01  9.99906e-01
 6.00854e-01  9.99423e-01  9.99905e-01
 6.23186e-01  9.99204e-01  9.99905e-01
 6.45802e-01  9.99027e-01  9.99904e-01
 6.69361e-01  9.99119e-01  9.99905e-01
 6.97790e-01  9.99164e-01  9.99905e-01
 7.21694e-01  9.99245e-01  9.99906e-01
 7.44909e-01  9.99582e-01  9.99907e-01
 7.69036e-01  9.97179e-01  9.99908e-01
 7.93082e-01  9.96496e-01  9.99909e-01
 8.14532e-01  9.96312e-01  9.99911e-01
 8.35382e-01  9.97994e-01  9.99913e-01
 8.58069e-01  9.99823e-01  9.99915e-01
 8.85290e-01  9.99776e-01  9.99918e-01
 9.08302e-01  9.99795e-01  9.99921e-01
 9.30014e-01  1.00068e+00  9.99924e-01
 9.52042e-01  1.00003e+00  9.99928e-01
 9.72882e-01  1.00023e+00  9.99932e-01
 9.94919e-01  1.00052e+00  9.99936e-01
 1.01870e+00  1.00031e+00  9.99941e-01
 1.04108e+00  1.00020e+00  9.99946e-01
 1.06245e+00  9.99959e-01  9.99952e-01
 1.08329e+00  1.00005e+00  9.99957e-01
 1.10799e+00  1.00006e+00  9.99965e-01
 1.13120e+00  1.00046e+00  9.99972e-01
 1.15381e+00  9.99946e-01  9.99980e-01
 1.17673e+00  1.00019e+00  9.99989e-01
 1.19995e+00  9.99759e-01  9.99999e-01
 1.22080e+00  1.00005e+00  1.00001e+00
 1.24163e+00  1.00004e+00  1.00002e+00
 1.26245e+00  9.99885e-01  1.00003e+00
 1.28330e+00  1.00022e+00  1.00004e+00
 1.30653e+00  9.99775e-01  1.00006e+00
 1.33001e+00  1.00014e+00  1.00007e+00
 1.35678e+00  9.99646e-01  1.00009e+00
 1.38120e+00  9.99479e-01  1.00011e+00
 1.40325e+00  1.00019e+00  1.00013e+00
 1.42640e+00  1.00037e+00  1.00016e+00
 1.45059e+00  1.00021e+00  1.00018e+00
 1.47738e+00  1.00005e+00  1.00021e+00
 1.50203e+00  9.99803e-01  1.00024e+00
 1.52406e+00  1.00002e+00  1.00027e+00
 1.55077e+00  1.00093e+00  1.00031e+00
 1.57582e+00  1.00033e+00  1.00034e+00
 1.60206e+00  9.99762e-01  1.00037e+00
 1.62519e+00  9.99116e-01  1.00037e+00
 1.65109e+00  9.99399e-01  1.00031e+00
 1.67289e+00  9.99648e-01  1.00015e+00
 1.69490e+00  9.99712e-01  9.99733e-01
 1.71928e+00  9.97699e-01  9.98496e-01
 1.74283e+00  9.91974e-01  9.92795e-01
 1.76580e+00  9.87092e-01  9.87216e-01
 1.78804e+00  9.86339e-01  9.90088e-01
 1.81541e+00  9.89146e-01  9.89778e-01
 1.83859e+00  9.93545e-01  9.92230e-01
 1.86184e+00  9.97736e-01  9.96276e-01
 1.88769e+00  1.00083e+00  9.99505e-01
 1.91785e+00  1.00130e+00  1.00037e+00
 1.94395e+00  1.00111e+00  1.00060e+00
 1.96984e+00  1.00062e+00  1.00067e+00
 1.99604e+00  1.00135e+00  1.00067e+00
 2.02464e+00  1.00121e+00  1.00063e+00
 2.05197e+00  1.00199e+00  1.00059e+00
 2.07937e+00  1.00172e+00  1.00054e+00
 2.10590e+00  1.00164e+00  1.00050e+00
 2.13504e+00  1.00143e+00  1.00045e+00
 2.16600e+00  1.00137e+00  1.00041e+00
 2.19394e+00  1.00158e+00  1.00037e+00
 2.22127e+00  1.00020e+00  1.00034e+00
 2.25140e+00  1.00091e+00  1.00030e+00
 2.28088e+00  1.00056e+00  1.00027e+00
 2.30854e+00  9.99374e-01  1.00024e+00
 2.33647e+00  1.00006e+00  1.00022e+00
 2.36327e+00  9.99494e-01  1.00020e+00
 2.39184e+00  9.99610e-01  1.00018e+00
 2.42048e+00  9.99450e-01  1.00016e+00
 2.44658e+00  9.99829e-01  1.00014e+00
 2.47527e+00  9.99343e-01  1.00012e+00
 2.50644e+00  9.99772e-01  1.00010e+00
 2.53472e+00  9.99254e-01  1.00009e+00
 2.56414e+00  1.00013e+00  1.00007e+00
 2.59240e+00  1.00003e+00  1.00006e+00
 2.62039e+00  9.99855e-01  1.00005e+00
 2.65017e+00  1.00063e+00  1.00004e+00
 2.68025e+00  1.00019e+00  1.00003e+00
 2.70946e+00  9.99233e-01  1.00001e+00
 2.73826e+00  9.98891e-01  1.00001e+00
 2.76388e+00  9.98020e-01  9.99997e-01
 2.79249e+00  9.99635e-01  9.99989e-01
 2.82581e+00  9.97763e-01  9.99979e-01
 2.86054e+00  9.99616e-01  9.99971e-01
 2.89400e+00  9.99288e-01  9.99963e-01
 2.92431e+00  9.99889e-01  9.99956e-01
 2.95354e+00  9.98929e-01  9.99950e-01
 2.98176e+00  1.00003e+00  9.99945e-01
 3.00853e+00  9.98115e-01  9.99940e-01
 3.03319e+00  9.98589e-01  9.99936e-01
 3.05843e+00  9.99259e-01  9.99932e-01
 3.08198e+00  9.99264e-01  9.99928e-01
 3.10667e+00  9.99548e-01  9.99925e-01
 3.12960e+00  9.99225e-01  9.99922e-01
 3.15369e+00  1.00069e+00  9.99920e-01
 3.17840e+00  1.00039e+00  9.99917e-01
 3.20043e+00  9.99668e-01  9.99915e-01
 3.22653e+00  9.99137e-01  9.99913e-01
 3.24987e+00  9.99614e-01  9.99911e-01
 3.27838e+00  9.97191e-01  9.99909e-01
 3.30646e+00  9.91803e-01  9.99907e-01
 3.32983e+00  9.97317e-01  9.99906e-01
 3.35402e+00  9.98564e-01  9.99906e-01
 3.38048e+00  9.99423e-01  9.99905e-01
 3.40281e+00  9.99204e-01  9.99905e-01
 3.42543e+00  9.99027e-01  9.99904e-01
 3.44899e+00  9.99119e-01  9.99905e-01
 3.47742e+00  9.99164e-01  9.99905e-01
 3.50132e+00  9.99245e-01  9.99906e-01
 3.52454e+00  9.99582e-01  9.99907e-01
 3.54866e+00  9.97179e-01  9.99908e-01
 3.57271e+00  9.96496e-01  9.99909e-01
 3.59416e+00  9.96312e-01  9.99911e-01
 3.61501e+00  9.97994e-01  9.99913e-01
 3.63769e+00  9.99823e-01  9.99915e-01
 3.66492e+00  9.99776e-01  9.99918e-01
 3.68793e+00  9.99795e-01  9.99921e-01
 3.70964e+00  1.00068e+00  9.99924e-01
 3.73167e+00  1.00003e+00  9.99928e-01
 3.75251e+00  1.00023e+00  9.99932e-01
 3.77454e+00  1.00052e+00  9.99936e-01
 3.79833e+00  1.00031e+00  9.99941e-01
 3.82071e+00  1.00020e+00  9.99946e-01
 3.84208e+00  9.99959e-01  9.99952e-01
 3.86292e+00  1.00005e+00  9.99957e-01
 3.88761e+00  1.00006e+00  9.99965e-01
 3.91083e+00  1.00046e+00  9.99972e-01
 3.93343e+00  9.99946e-01  9.99980e-01
 3.95635e+00  1.00019e+00  9.99989e-01
 3.97958e+00  9.99759e-01  9.99999e-01
 4.00043e+00  1.00005e+00  1.00001e+00
 4.02126e+00  1.00004e+00  1.00002e+00
 4.04208e+00  9.99885e-01  1.00003e+00
 4.06293e+00  1.00022e+00  1.00004e+00
 4.08615e+00  9.99775e-01  1.00006e+00
 4.10964e+00  1.00014e+00  1.00007e+00
 4.13641e+00  9.99646e-01  1.00009e+00
 4.16083e+00  9.99479e-01  1.00011e+00
 4.18288e+00  1.00019e+00  1.00013e+00
 4.20603e+00  1.00037e+00  1.00016e+00
 4.23022e+00  1.00021e+00  1.00018e+00
 4.25700e+00  1.00005e+00  1.00021e+00
 4.28166e+00  9.99803e-01  1.00024e+00
 4.30368e+00  1.00002e+00  1.00027e+00
 4.33040e+00  1.00093e+00  1.00031e+00
 4.35545e+00  1.00033e+00  1.00034e+00
 4.38169e+00  9.99762e-01  1.00037e+00
 4.40482e+00  9.99116e-01  1.00037e+00
 4.43071e+00  9.99399e-01  1.00031e+00
 4.45252e+00  9.99648e-01  1.00015e+00
 4.47452e+00  9.99712e-01  9.99733e-01
 4.49891e+00  9.97699e-01  9.98496e-01
 4.52245e+00  9.91974e-01  9.92794e-01
 4.54543e+00  9.87092e-01  9.87215e-01
 4.56767e+00  9.86339e-01  9.90090e-01
 4.59504e+00  9.89146e-01  9.89777e-01
 4.61821e+00  9.93545e-01  9.92231e-01
 4.64147e+00  9.97736e-01  9.96276e-01
 4.66731e+00  1.00083e+00  9.99505e-01
 4.69747e+00  1.00130e+00  1.00037e+00
 4.72357e+00  1.00111e+00  1.00060e+00
 4.74946e+00  1.00062e+00  1.00067e+00
 4.77566e+00  1.00135e+00  1.00067e+00
 4.80426e+00  1.00121e+00  1.00063e+00
 4.83160e+00  1.00199e+00  1.00059e+00
 4.85899e+00  1.00172e+00  1.00054e+00
 4.88552e+00  1.00164e+00  1.00050e+00
 4.91466e+00  1.00143e+00  1.00045e+00
 4.94563e+00  1.00137e+00  1.00041e+00
 4.97357e+00  1.00158e+00  1.00037e+00
 5.00089e+00  1.00020e+00  1.00034e+00
 5.03103e+00  1.00091e+00  1.00030e+00
 5.06050e+00  1.00056e+00  1.00027e+00
 5.08816e+00  9.99374e-01  1.00024e+00
 5.11609e+00  1.00006e+00  1.00022e+00
 5.14290e+00  9.99494e-01  1.00020e+00
 5.17147e+00  9.99610e-01  1.00018e+00
 5.20010e+00  9.99450e-01  1.00016e+00
 5.22621e+00  9.99829e-01  1.00014e+00
 5.25489e+00  9.99343e-01  1.00012e+00
 5.28607e+00  9.99772e-01  1.00010e+00
 5.31435e+00  9.99254e-01  1.00009e+00
 5.34377e+00  1.00013e+00  1.00007e+00
 5.37203e+00  1.00003e+00  1.00006e+00
 5.40002e+00  9.99855e-01  1.00005e+00
 5.42980e+00  1.00063e+00  1.00004e+00
 5.45987e+00  1.00019e+00  1.00003e+00
 5.48909e+00  9.99233e-01  1.00001e+00
 5.51789e+00  9.98891e-01  1.00001e+00
 5.54351e+00  9.98020e-01  9.99997e-01
