163
 3.09200e-02  9.96539e-01  1.00151e+00
 7.64854e-02  9.94755e-01  1.00155e+00
 1.06018e-01  9.75548e-01  1.00157e+00
 1.43342e-01  9.47905e-01  1.00160e+00
 1.84629e-01  9.34150e-01  1.00163e+00
 2.31018e-01  9.43423e-01  1.00167e+00
 2.68145e-01  9.67711e-01  1.00169e+00
 2.93244e-01  9.87345e-01  1.00170e+00
 3.22580e-01  9.93758e-01  1.00172e+00
 3.76838e-01  9.95194e-01  1.00174e+00
 4.22502e-01  9.96172e-01  1.00176e+00
 4.59805e-01  9.98490e-01  1.00177e+00
 4.89416e-01  9.98579e-01  1.00177e+00
 5.51604e-01  1.00133e+00  1.00178e+00
 5.93420e-01  1.00306e+00  1.00178e+00
 6.30900e-01  1.00448e+00  1.00177e+00
 6.76760e-01  1.00499e+00  1.00176e+00
 7.18105e-01  1.00640e+00  1.00175e+00
 7.47580e-01  1.00664e+00  1.00174e+00
 8.22227e-01  1.00680e+00  1.00170e+00
 9.26564e-01  1.00506e+00  1.00163e+00
 9.80547e-01  1.00421e+00  1.00158e+00
 1.03922e+00  1.00286e+00  1.00153e+00
 1.08072e+00  1.00289e+00  1.00148e+00
 1.12629e+00  1.00169e+00  1.00143e+00
 1.20570e+00  1.00060e+00  1.00133e+00
 1.30555e+00  9.99607e-01  1.00119e+00
 1.46822e+00  9.98795e-01  1.00094e+00
 1.56828e+00  9.99252e-01  1.00078e+00
 1.70971e+00  9.98305e-01  1.00055e+00
 1.76801e+00  9.98713e-01  1.00045e+00
 1.97664e+00  9.98666e-01  1.00014e+00
 2.08467e+00  9.99040e-01  9.99994e-01
 2.12233e+00  9.99271e-01  9.99948e-01
 2.15547e+00  9.99907e-01  9.99910e-01
 2.24334e+00  9.99278e-01  9.99818e-01
 2.38869e+00  9.99137e-01  9.99699e-01
 2.64275e+00  9.99456e-01  9.99596e-01
 2.74756e+00  9.99854e-01  9.99593e-01
 2.79721e+00  9.99517e-01  9.99599e-01
 2.85147e+00  9.99825e-01  9.99611e-01
 2.92633e+00  9.99916e-01  9.99636e-01
 2.97238e+00  9.99663e-01  9.99656e-01
 3.02662e+00  1.00003e+00  9.99684e-01
 3.10133e+00  9.99533e-01  9.99730e-01
 3.23070e+00  9.99888e-01  9.99824e-01
 3.43891e+00  1.00018e+00  1.00000e+00
 3.56344e+00  9.99996e-01  1.00012e+00
 3.70541e+00  9.99596e-01  1.00025e+00
 3.83873e+00  9.99861e-01  1.00037e+00
 3.90529e+00  1.00035e+00  1.00042e+00
 4.04697e+00  1.00006e+00  1.00052e+00
 4.13037e+00  1.00034e+00  1.00057e+00
 4.35166e+00  9.99096e-01  1.00067e+00
 4.51389e+00  1.00026e+00  1.00070e+00
 4.61389e+00  1.00016e+00  1.00071e+00
 4.69705e+00  1.00123e+00  1.00071e+00
 4.80973e+00  1.00102e+00  1.00070e+00
 4.99289e+00  1.00026e+00  1.00066e+00
 5.09723e+00  9.99904e-01  1.00063e+00
 5.33057e+00  1.00030e+00  1.00057e+00
 5.62197e+00  1.00108e+00  1.00052e+00
 5.87639e+00  1.00115e+00  1.00054e+00
 6.01789e+00  1.00083e+00  1.00059e+00
 6.05131e+00  1.00097e+00  1.00060e+00
 6.11781e+00  1.00152e+00  1.00064e+00
 6.21391e+00  1.00129e+00  1.00069e+00
 6.25965e+00  1.00146e+00  1.00073e+00
 6.36805e+00  1.00204e+00  1.00081e+00
 6.46795e+00  1.00180e+00  1.00090e+00
 6.51805e+00  1.00170e+00  1.00095e+00
 6.58039e+00  1.00215e+00  1.00101e+00
 6.62229e+00  1.00200e+00  1.00105e+00
 6.69322e+00  1.00223e+00  1.00112e+00
 6.78065e+00  1.00159e+00  1.00122e+00
 6.86805e+00  1.00005e+00  1.00131e+00
 6.90547e+00  9.99178e-01  1.00135e+00
 6.94307e+00  9.98644e-01  1.00138e+00
 6.98055e+00  9.98043e-01  1.00142e+00
 7.01789e+00  9.97187e-01  1.00146e+00
 7.06379e+00  9.96127e-01  1.00150e+00
 7.12428e+00  9.85329e-01  1.00155e+00
 7.15770e+00  9.58698e-01  1.00158e+00
 7.19485e+00  9.37275e-01  1.00161e+00
 7.24903e+00  9.36174e-01  1.00165e+00
 7.28270e+00  9.58601e-01  1.00167e+00
 7.31557e+00  9.80716e-01  1.00169e+00
 7.34088e+00  9.92130e-01  1.00171e+00
 7.38270e+00  9.94674e-01  1.00173e+00
 7.44112e+00  9.95652e-01  1.00175e+00
 7.48631e+00  9.98340e-01  1.00176e+00
 7.51160e+00  9.98778e-01  1.00177e+00
 7.54084e+00  1.00009e+00  1.00177e+00
 7.57836e+00  1.00083e+00  1.00178e+00
 7.61604e+00  1.00272e+00  1.00178e+00
 7.65344e+00  1.00420e+00  1.00178e+00
 7.69928e+00  1.00494e+00  1.00177e+00
 7.74074e+00  1.00597e+00  1.00176e+00
 7.77401e+00  1.00700e+00  1.00175e+00
 7.82809e+00  1.00681e+00  1.00172e+00
 7.94096e+00  1.00530e+00  1.00165e+00
 8.04047e+00  1.00389e+00  1.00157e+00
 8.11981e+00  1.00273e+00  1.00148e+00
 8.16559e+00  1.00149e+00  1.00143e+00
 8.20731e+00  1.00159e+00  1.00138e+00
 8.24488e+00  1.00022e+00  1.00133e+00
 8.29906e+00  9.99849e-01  1.00126e+00
 8.34467e+00  9.99652e-01  1.00119e+00
 8.38631e+00  9.99108e-01  1.00113e+00
 8.47815e+00  9.99000e-01  1.00099e+00
 8.59080e+00  9.98966e-01  1.00081e+00
 8.68631e+00  9.98171e-01  1.00065e+00
 8.75725e+00  9.98880e-01  1.00054e+00
 8.81569e+00  9.98826e-01  1.00044e+00
 8.89906e+00  9.98415e-01  1.00031e+00
 8.96981e+00  9.98341e-01  1.00021e+00
 9.05737e+00  9.98601e-01  1.00008e+00
 9.13645e+00  9.99447e-01  9.99981e-01
 9.16557e+00  9.99402e-01  9.99946e-01
 9.19903e+00  9.99634e-01  9.99907e-01
 9.23223e+00  9.99270e-01  9.99871e-01
 9.26145e+00  9.99558e-01  9.99841e-01
 9.34485e+00  9.99521e-01  9.99763e-01
 9.46115e+00  9.99368e-01  9.99679e-01
 9.61977e+00  9.99622e-01  9.99609e-01
 9.70758e+00  9.99506e-01  9.99593e-01
 9.81996e+00  9.99436e-01  9.99596e-01
 9.89908e+00  1.00017e+00  9.99613e-01
 9.96543e+00  9.99791e-01  9.99635e-01
 1.00115e+01  9.99574e-01  9.99655e-01
 1.00740e+01  9.99596e-01  9.99688e-01
 1.01117e+01  9.99567e-01  9.99710e-01
 1.01865e+01  1.00002e+00  9.99760e-01
 1.02909e+01  9.99912e-01  9.99839e-01
 1.03698e+01  9.99884e-01  9.99905e-01
 1.04573e+01  1.00031e+00  9.99983e-01
 1.05861e+01  1.00005e+00  1.00010e+00
 1.08446e+01  9.99778e-01  1.00034e+00
 1.09277e+01  1.00040e+00  1.00040e+00
 1.10029e+01  1.00006e+00  1.00046e+00
 1.11028e+01  1.00018e+00  1.00053e+00
 1.12197e+01  1.00005e+00  1.00060e+00
 1.15033e+01  9.99661e-01  1.00070e+00
 1.16032e+01  1.00056e+00  1.00071e+00
 1.17321e+01  1.00097e+00  1.00071e+00
 1.18449e+01  1.00080e+00  1.00070e+00
 1.20238e+01  1.00033e+00  1.00066e+00
 1.21656e+01  9.99740e-01  1.00063e+00
 1.25196e+01  1.00090e+00  1.00054e+00
 1.26528e+01  1.00113e+00  1.00052e+00
 1.27613e+01  1.00135e+00  1.00052e+00
 1.30278e+01  1.00108e+00  1.00058e+00
 1.30779e+01  1.00107e+00  1.00060e+00
 1.31656e+01  1.00155e+00  1.00064e+00
 1.33282e+01  1.00119e+00  1.00075e+00
 1.34238e+01  1.00148e+00  1.00082e+00
 1.34654e+01  1.00147e+00  1.00086e+00
 1.35781e+01  1.00209e+00  1.00096e+00
 1.37365e+01  1.00242e+00  1.00113e+00
 1.38323e+01  1.00087e+00  1.00123e+00
 1.38991e+01  1.00042e+00  1.00130e+00
 1.39446e+01  9.99071e-01  1.00134e+00
 1.39780e+01  9.98265e-01  1.00138e+00
