434
 1.54550e-02  9.99717e-01  9.97791e-01
 4.45380e-02  9.99358e-01  9.97791e-01
 6.98140e-02  9.99292e-01  9.97791e-01
 9.98710e-02  9.99764e-01  9.97791e-01
 1.20987e-01  9.99523e-01  9.97791e-01
 1.45081e-01  1.00050e+00  9.97791e-01
 1.78418e-01  1.00027e+00  9.97791e-01
 2.09740e-01  1.00023e+00  9.97791e-01
 2.34937e-01  9.99980e-01  9.97791e-01
 2.66165e-01  1.00015e+00  9.97791e-01
 2.99539e-01  1.00012e+00  9.97791e-01
 3.24408e-01  1.00024e+00  9.97791e-01
 3.45900e-01  1.00001e+00  9.97791e-01
 3.68731e-01  1.00123e+00  9.97791e-01
 3.95081e-01  1.00185e+00  9.97791e-01
 4.21087e-01  1.00304e+00  9.97791e-01
 4.47397e-01  1.00474e+00  9.97791e-01
 4.68733e-01  1.00666e+00  9.97791e-01
 4.87570e-01  1.00685e+00  9.97791e-01
 5.13002e-01  1.00800e+00  9.97791e-01
 5.34840e-01  1.00835e+00  9.97791e-01
 5.55501e-01  1.00863e+00  9.97791e-01
 5.77209e-01  1.00791e+00  9.97791e-01
 6.00603e-01  1.00732e+00  9.97791e-01
 6.21520e-01  1.00634e+00  9.97791e-01
 6.43723e-01  1.00523e+00  9.97791e-01
 6.67380e-01  1.00334e+00  9.97791e-01
 6.97260e-01  1.00113e+00  9.97791e-01
 7.23523e-01  9.99405e-01  9.97791e-01
 7.49330e-01  9.97856e-01  9.97791e-01
 7.72803e-01  9.80318e-01  9.97791e-01
 7.93733e-01  9.18528e-01  9.97791e-01
 8.14543e-01  8.53495e-01  9.97791e-01
 8.37375e-01  8.35860e-01  9.97791e-01
 8.62759e-01  8.99639e-01  9.97791e-01
 8.85995e-01  9.72343e-01  9.97791e-01
 9.11033e-01  9.97016e-01  9.97791e-01
 9.35569e-01  9.97496e-01  9.97791e-01
 9.60295e-01  9.98269e-01  9.97791e-01
 9.87769e-01  9.99799e-01  9.97791e-01
 1.01245e+00  1.00065e+00  9.97791e-01
 1.03332e+00  1.00140e+00  9.97791e-01
 1.05478e+00  1.00196e+00  9.97791e-01
 1.07704e+00  1.00266e+00  9.97791e-01
 1.10008e+00  1.00204e+00  9.97791e-01
 1.12443e+00  1.00182e+00  9.97791e-01
 1.14717e+00  1.00109e+00  9.97791e-01
 1.17018e+00  1.00082e+00  9.97791e-01
 1.19201e+00  1.00058e+00  9.97791e-01
 1.21792e+00  1.00006e+00  9.97791e-01
 1.24229e+00  1.00031e+00  9.97791e-01
 1.26581e+00  9.99903e-01  9.97791e-01
 1.28902e+00  1.00099e+00  9.97791e-01
 1.31039e+00  1.00091e+00  9.97791e-01
 1.33278e+00  1.00094e+00  9.97791e-01
 1.35415e+00  1.00144e+00  9.97791e-01
 1.37497e+00  1.00109e+00  9.97791e-01
 1.39581e+00  1.00178e+00  9.97791e-01
 1.41665e+00  1.00086e+00  9.97791e-01
 1.43947e+00  1.00131e+00  9.97791e-01
 1.46040e+00  1.00072e+00  9.97791e-01
 1.48123e+00  1.00059e+00  9.97791e-01
 1.50206e+00  1.00000e+00  9.97791e-01
 1.52290e+00  1.00010e+00  9.97791e-01
 1.54582e+00  1.00001e+00  9.97791e-01
 1.56664e+00  9.99879e-01  9.97791e-01
 1.58748e+00  1.00034e+00  9.97791e-01
 1.60832e+00  1.00033e+00  9.97791e-01
 1.62924e+00  1.00073e+00  9.97791e-01
 1.65207e+00  1.00070e+00  9.97791e-01
 1.67163e+00  1.00097e+00  9.97791e-01
 1.69165e+00  1.00065e+00  9.97791e-01
 1.71248e+00  1.00043e+00  9.97791e-01
 1.73215e+00  1.00029e+00  9.97791e-01
 1.75098e+00  9.99723e-01  9.97791e-01
 1.77019e+00  9.99239e-01  9.97791e-01
 1.78902e+00  9.99211e-01  9.97791e-01
 1.80787e+00  9.98871e-01  9.97791e-01
 1.82817e+00  9.98482e-01  9.97791e-01
 1.84582e+00  9.99109e-01  9.97791e-01
 1.86286e+00  9.98925e-01  9.97791e-01
 1.88060e+00  9.99124e-01  9.97791e-01
 1.89874e+00  1.00013e+00  9.97791e-01
 1.91765e+00  1.00028e+00  9.97791e-01
 1.93622e+00  9.99794e-01  9.97791e-01
 1.95371e+00  9.99923e-01  9.97791e-01
 1.97246e+00  9.99502e-01  9.97791e-01
 1.98975e+00  9.99591e-01  9.97791e-01
 2.00859e+00  9.98625e-01  9.97791e-01
 2.02781e+00  9.98967e-01  9.97791e-01
 2.04537e+00  9.98090e-01  9.97791e-01
 2.06348e+00  9.98651e-01  9.97792e-01
 2.08298e+00  9.98588e-01  9.97792e-01
 2.10288e+00  9.98517e-01  9.97792e-01
 2.11992e+00  9.98482e-01  9.97792e-01
 2.13822e+00  9.99375e-01  9.97792e-01
 2.15833e+00  9.99897e-01  9.97792e-01
 2.17733e+00  9.99396e-01  9.97792e-01
 2.19621e+00  9.99451e-01  9.97792e-01
 2.21395e+00  1.00008e+00  9.97792e-01
 2.23098e+00  9.99529e-01  9.97792e-01
 2.24998e+00  9.99614e-01  9.97792e-01
 2.26884e+00  9.99714e-01  9.97792e-01
 2.28812e+00  1.00022e+00  9.97792e-01
 2.30832e+00  9.99506e-01  9.97792e-01
 2.32827e+00  9.99238e-01  9.97792e-01
 2.34746e+00  9.99467e-01  9.97792e-01
 2.36475e+00  9.99115e-01  9.97792e-01
 2.38360e+00  9.99337e-01  9.97792e-01
 2.40145e+00  9.99132e-01  9.97792e-01
 2.41849e+00  9.99565e-01  9.97792e-01
 2.43684e+00  9.99986e-01  9.97792e-01
 2.45571e+00  9.99964e-01  9.97792e-01
 2.47410e+00  9.99920e-01  9.97792e-01
 2.49165e+00  1.00028e+00  9.97792e-01
 2.51060e+00  1.00030e+00  9.97792e-01
 2.52945e+00  1.00068e+00  9.97792e-01
 2.54727e+00  9.99990e-01  9.97792e-01
 2.56548e+00  1.00043e+00  9.97792e-01
 2.58361e+00  1.00058e+00  9.97792e-01
 2.60228e+00  9.99929e-01  9.97792e-01
 2.62426e+00  9.99842e-01  9.97792e-01
 2.64321e+00  9.99505e-01  9.97792e-01
 2.66331e+00  9.99260e-01  9.97792e-01
 2.68279e+00  9.99650e-01  9.97792e-01
 2.70172e+00  9.99274e-01  9.97792e-01
 2.72083e+00  9.99724e-01  9.97792e-01
 2.73787e+00  9.99582e-01  9.97792e-01
 2.75560e+00  9.99929e-01  9.97792e-01
 2.77572e+00  9.99643e-01  9.97792e-01
 2.79538e+00  1.00060e+00  9.97792e-01
 2.81276e+00  1.00036e+00  9.97792e-01
 2.83018e+00  1.00048e+00  9.97792e-01
 2.84755e+00  1.00043e+00  9.97792e-01
 2.86665e+00  1.00031e+00  9.97792e-01
 2.88750e+00  1.00002e+00  9.97792e-01
 2.90455e+00  9.99594e-01  9.97792e-01
 2.92354e+00  9.99536e-01  9.97792e-01
 2.94310e+00  9.99913e-01  9.97792e-01
 2.96124e+00  9.99697e-01  9.97792e-01
 2.97943e+00  9.99898e-01  9.97792e-01
 2.99683e+00  9.99995e-01  9.97792e-01
 3.01413e+00  9.99984e-01  9.97792e-01
 3.03143e+00  1.00030e+00  9.97792e-01
 3.04891e+00  1.00015e+00  9.97792e-01
 3.06811e+00  9.99969e-01  9.97792e-01
 3.08516e+00  1.00045e+00  9.97792e-01
 3.10290e+00  9.99924e-01  9.97792e-01
 3.11994e+00  1.00013e+00  9.97792e-01
 3.13750e+00  9.99665e-01  9.97792e-01
 3.15571e+00  9.99782e-01  9.97792e-01
 3.17536e+00  1.00018e+00  9.97792e-01
 3.19467e+00  1.00041e+00  9.97792e-01
 3.21206e+00  1.00034e+00  9.97792e-01
 3.22944e+00  1.00096e+00  9.97792e-01
 3.24740e+00  1.00089e+00  9.97792e-01
 3.26739e+00  1.00107e+00  9.97792e-01
 3.28660e+00  1.00072e+00  9.97792e-01
 3.30418e+00  1.00031e+00  9.97792e-01
 3.32266e+00  1.00049e+00  9.97792e-01
 3.34059e+00  1.00021e+00  9.97792e-01
 3.36114e+00  9.99675e-01  9.97792e-01
 3.38063e+00  9.99464e-01  9.97792e-01
 3.39766e+00  9.99421e-01  9.97792e-01
 3.41675e+00  9.99442e-01  9.97792e-01
 3.43563e+00  9.99552e-01  9.97792e-01
 3.45371e+00  9.99999e-01  9.97792e-01
 3.47456e+00  1.00022e+00  9.97792e-01
 3.49331e+00  1.00045e+00  9.97792e-01
 3.51214e+00  1.00050e+00  9.97792e-01
 3.52955e+00  1.00088e+00  9.97792e-01
 3.54728e+00  1.00044e+00  9.97792e-01
 3.56434e+00  1.00134e+00  9.97792e-01
 3.58208e+00  1.00072e+00  9.97792e-01
 3.60091e+00  1.00092e+00  9.97792e-01
 3.61831e+00  9.99928e-01  9.97792e-01
 3.63561e+00  1.00012e+00  9.97792e-01
 3.65301e+00  9.99822e-01  9.97792e-01
 3.67182e+00  9.99696e-01  9.97792e-01
 3.69124e+00  9.99872e-01  9.97792e-01
 3.70887e+00  9.99619e-01  9.97792e-01
 3.72807e+00  9.99162e-01  9.97792e-01
 3.74687e+00  9.99562e-01  9.97792e-01
 3.76495e+00  9.99037e-01  9.97792e-01
 3.78480e+00  9.99781e-01  9.97792e-01
 3.80419e+00  9.99437e-01  9.97792e-01
 3.82637e+00  1.00022e+00  9.97792e-01
 3.84747e+00  9.99995e-01  9.97792e-01
 3.86669e+00  1.00015e+00  9.97792e-01
 3.88625e+00  9.99981e-01  9.97792e-01
 3.90679e+00  1.00059e+00  9.97792e-01
 3.92875e+00  9.99447e-01  9.97792e-01
 3.94966e+00  9.99222e-01  9.97792e-01
 3.97667e+00  9.99411e-01  9.97792e-01
 4.00311e+00  9.98883e-01  9.97792e-01
 4.02331e+00  9.99001e-01  9.97792e-01
 4.04414e+00  9.99338e-01  9.97792e-01
 4.06299e+00  9.99817e-01  9.97792e-01
 4.08352e+00  9.99640e-01  9.97792e-01
 4.10464e+00  1.00072e+00  9.97792e-01
 4.12521e+00  9.99994e-01  9.97792e-01
 4.14478e+00  1.00097e+00  9.97792e-01
 4.16777e+00  1.00097e+00  9.97792e-01
 4.18926e+00  1.00046e+00  9.97792e-01
 4.21145e+00  1.00058e+00  9.97792e-01
 4.23164e+00  9.99505e-01  9.97792e-01
 4.25329e+00  9.99240e-01  9.97792e-01
 4.27891e+00  9.98310e-01  9.97792e-01
 4.30120e+00  9.99417e-01  9.97792e-01
 4.32357e+00  9.99491e-01  9.97792e-01
 4.34929e+00  9.99742e-01  9.97792e-01
 4.37205e+00  1.00030e+00  9.97792e-01
 4.39547e+00  1.00070e+00  9.97792e-01
 4.42193e+00  1.00077e+00  9.97792e-01
 4.44539e+00  1.00068e+00  9.97792e-01
 4.47012e+00  9.99388e-01  9.97792e-01
 4.49431e+00  9.99851e-01  9.97792e-01
 4.52275e+00  9.99717e-01  9.97792e-01
 4.55184e+00  9.99358e-01  9.97792e-01
 4.57711e+00  9.99292e-01  9.97792e-01
 4.60717e+00  9.99764e-01  9.97792e-01
 4.62829e+00  9.99523e-01  9.97792e-01
 4.65238e+00  1.00050e+00  9.97792e-01
 4.68572e+00  1.00027e+00  9.97792e-01
 4.71704e+00  1.00023e+00  9.97792e-01
 4.74223e+00  9.99980e-01  9.97792e-01
 4.77346e+00  1.00015e+00  9.97792e-01
 4.80684e+00  1.00012e+00  9.97792e-01
 4.83171e+00  1.00024e+00  9.97792e-01
 4.85320e+00  1.00001e+00  9.97792e-01
 4.87603e+00  1.00123e+00  9.97792e-01
 4.90238e+00  1.00185e+00  9.97792e-01
 4.92838e+00  1.00304e+00  9.97792e-01
 4.95470e+00  1.00474e+00  9.97792e-01
 4.97603e+00  1.00666e+00  9.97792e-01
 4.99487e+00  1.00685e+00  9.97792e-01
 5.02030e+00  1.00800e+00  9.97792e-01
 5.04214e+00  1.00835e+00  9.97792e-01
 5.06280e+00  1.00863e+00  9.97792e-01
 5.08451e+00  1.00791e+00  9.97792e-01
 5.10790e+00  1.00732e+00  9.97792e-01
 5.12882e+00  1.00634e+00  9.97792e-01
 5.15102e+00  1.00523e+00  9.97792e-01
 5.17468e+00  1.00334e+00  9.97792e-01
 5.20456e+00  1.00113e+00  9.97792e-01
 5.23082e+00  9.99405e-01  9.97792e-01
 5.25663e+00  9.97856e-01  9.97792e-01
 5.28010e+00  9.80318e-01  9.97792e-01
 5.30103e+00  9.18528e-01  9.97792e-01
 5.32184e+00  8.53495e-01  9.97792e-01
 5.34467e+00  8.35860e-01  9.97792e-01
 5.37006e+00  8.99639e-01  9.97792e-01
 5.39329e+00  9.72343e-01  9.97792e-01
 5.41833e+00  9.97016e-01  9.97792e-01
 5.44287e+00  9.97496e-01  9.97792e-01
 5.46759e+00  9.98269e-01  9.97792e-01
 5.49507e+00  9.99799e-01  9.97792e-01
 5.51975e+00  1.00065e+00  9.97792e-01
 5.54062e+00  1.00140e+00  9.97792e-01
 5.56208e+00  1.00196e+00  9.97792e-01
 5.58434e+00  1.00266e+00  9.97792e-01
 5.60738e+00  1.00204e+00  9.97792e-01
 5.63173e+00  1.00182e+00  9.97792e-01
 5.65447e+00  1.00109e+00  9.97792e-01
 5.67748e+00  1.00082e+00  9.97792e-01
 5.69930e+00  1.00058e+00  9.97792e-01
 5.72521e+00  1.00006e+00  9.97792e-01
 5.74959e+00  1.00031e+00  9.97792e-01
 5.77311e+00  9.99903e-01  9.97792e-01
 5.79632e+00  1.00099e+00  9.97792e-01
 5.81769e+00  1.00091e+00  9.97792e-01
 5.84008e+00  1.00094e+00  9.97792e-01
 5.86145e+00  1.00144e+00  9.97792e-01
 5.88227e+00  1.00109e+00  9.97792e-01
 5.90311e+00  1.00178e+00  9.97792e-01
 5.92395e+00  1.00086e+00  9.97792e-01
 5.94677e+00  1.00131e+00  9.97792e-01
 5.96770e+00  1.00072e+00  9.97792e-01
 5.98853e+00  1.00059e+00  9.97792e-01
 6.00936e+00  1.00000e+00  9.97792e-01
 6.03020e+00  1.00010e+00  9.97792e-01
 6.05312e+00  1.00001e+00  9.97792e-01
 6.07394e+00  9.99879e-01  9.97792e-01
 6.09478e+00  1.00034e+00  9.97792e-01
 6.11562e+00  1.00033e+00  9.97792e-01
 6.13654e+00  1.00073e+00  9.97792e-01
 6.15937e+00  1.00070e+00  9.97792e-01
 6.17893e+00  1.00097e+00  9.97792e-01
 6.19895e+00  1.00065e+00  9.97792e-01
 6.21978e+00  1.00043e+00  9.97792e-01
 6.23945e+00  1.00029e+00  9.97792e-01
 6.25828e+00  9.99723e-01  9.97792e-01
 6.27749e+00  9.99239e-01  9.97792e-01
 6.29632e+00  9.99211e-01  9.97792e-01
 6.31517e+00  9.98871e-01  9.97792e-01
 6.33547e+00  9.98482e-01  9.97792e-01
 6.35312e+00  9.99109e-01  9.97792e-01
 6.37015e+00  9.98925e-01  9.97792e-01
 6.38790e+00  9.99124e-01  9.97792e-01
 6.40604e+00  1.00013e+00  9.97792e-01
 6.42495e+00  1.00028e+00  9.97792e-01
 6.44352e+00  9.99794e-01  9.97792e-01
 6.46101e+00  9.99923e-01  9.97792e-01
 6.47976e+00  9.99502e-01  9.97792e-01
 6.49705e+00  9.99591e-01  9.97792e-01
 6.51589e+00  9.98625e-01  9.97792e-01
 6.53511e+00  9.98967e-01  9.97792e-01
 6.55267e+00  9.98090e-01  9.97792e-01
 6.57078e+00  9.98651e-01  9.97792e-01
 6.59028e+00  9.98588e-01  9.97792e-01
 6.61018e+00  9.98517e-01  9.97792e-01
 6.62721e+00  9.98482e-01  9.97792e-01
 6.64552e+00  9.99375e-01  9.97792e-01
 6.66563e+00  9.99897e-01  9.97792e-01
 6.68463e+00  9.99396e-01  9.97792e-01
 6.70350e+00  9.99451e-01  9.97792e-01
 6.72125e+00  1.00008e+00  9.97792e-01
 6.73827e+00  9.99529e-01  9.97792e-01
 6.75728e+00  9.99614e-01  9.97792e-01
 6.77614e+00  9.99714e-01  9.97792e-01
 6.79542e+00  1.00022e+00  9.97792e-01
 6.81562e+00  9.99506e-01  9.97792e-01
 6.83556e+00  9.99238e-01  9.97792e-01
 6.85476e+00  9.99467e-01  9.97792e-01
 6.87205e+00  9.99115e-01  9.97792e-01
 6.89090e+00  9.99337e-01  9.97792e-01
 6.90875e+00  9.99132e-01  9.97792e-01
 6.92578e+00  9.99565e-01  9.97792e-01
 6.94414e+00  9.99986e-01  9.97792e-01
 6.96301e+00  9.99964e-01  9.97792e-01
 6.98139e+00  9.99920e-01  9.97792e-01
 6.99895e+00  1.00028e+00  9.97792e-01
 7.01790e+00  1.00030e+00  9.97792e-01
 7.03675e+00  1.00068e+00  9.97792e-01
 7.05457e+00  9.99990e-01  9.97792e-01
 7.07278e+00  1.00043e+00  9.97792e-01
 7.09091e+00  1.00058e+00  9.97792e-01
 7.10958e+00  9.99929e-01  9.97792e-01
 7.13156e+00  9.99842e-01  9.97792e-01
 7.15051e+00  9.99505e-01  9.97792e-01
 7.17061e+00  9.99260e-01  9.97792e-01
 7.19009e+00  9.99650e-01  9.97792e-01
 7.20902e+00  9.99274e-01  9.97792e-01
 7.22813e+00  9.99724e-01  9.97792e-01
 7.24516e+00  9.99582e-01  9.97792e-01
 7.26290e+00  9.99929e-01  9.97792e-01
 7.28302e+00  9.99643e-01  9.97792e-01
 7.30268e+00  1.00060e+00  9.97792e-01
 7.32006e+00  1.00036e+00  9.97792e-01
 7.33748e+00  1.00048e+00  9.97792e-01
 7.35485e+00  1.00043e+00  9.97792e-01
 7.37395e+00  1.00031e+00  9.97792e-01
 7.39480e+00  1.00002e+00  9.97792e-01
 7.41184e+00  9.99594e-01  9.97792e-01
 7.43084e+00  9.99536e-01  9.97792e-01
 7.45040e+00  9.99913e-01  9.97792e-01
 7.46854e+00  9.99697e-01  9.97792e-01
 7.48673e+00  9.99898e-01  9.97792e-01
 7.50413e+00  9.99995e-01  9.97792e-01
 7.52143e+00  9.99984e-01  9.97792e-01
 7.53873e+00  1.00030e+00  9.97792e-01
 7.55621e+00  1.00015e+00  9.97792e-01
 7.57541e+00  9.99969e-01  9.97792e-01
 7.59245e+00  1.00045e+00  9.97792e-01
 7.61020e+00  9.99924e-01  9.97792e-01
 7.62723e+00  1.00013e+00  9.97792e-01
 7.64480e+00  9.99665e-01  9.97792e-01
 7.66301e+00  9.99782e-01  9.97792e-01
 7.68266e+00  1.00018e+00  9.97792e-01
 7.70197e+00  1.00041e+00  9.97792e-01
 7.71936e+00  1.00034e+00  9.97791e-01
 7.73674e+00  1.00096e+00  9.97791e-01
 7.75470e+00  1.00089e+00  9.97791e-01
 7.77469e+00  1.00107e+00  9.97791e-01
 7.79389e+00  1.00072e+00  9.97791e-01
 7.81148e+00  1.00031e+00  9.97791e-01
 7.82995e+00  1.00049e+00  9.97791e-01
 7.84789e+00  1.00021e+00  9.97791e-01
 7.86844e+00  9.99675e-01  9.97791e-01
 7.88793e+00  9.99464e-01  9.97791e-01
 7.90495e+00  9.99421e-01  9.97791e-01
 7.92405e+00  9.99442e-01  9.97791e-01
 7.94293e+00  9.99552e-01  9.97791e-01
 7.96101e+00  9.99999e-01  9.97791e-01
 7.98186e+00  1.00022e+00  9.97791e-01
 8.00061e+00  1.00045e+00  9.97791e-01
 8.01944e+00  1.00050e+00  9.97791e-01
 8.03684e+00  1.00088e+00  9.97790e-01
 8.05458e+00  1.00044e+00  9.97790e-01
 8.07163e+00  1.00134e+00  9.97790e-01
 8.08938e+00  1.00072e+00  9.97790e-01
 8.10821e+00  1.00092e+00  9.97790e-01
 8.12561e+00  9.99928e-01  9.97790e-01
 8.14291e+00  1.00012e+00  9.97790e-01
 8.16031e+00  9.99822e-01  9.97790e-01
 8.17912e+00  9.99696e-01  9.97790e-01
 8.19854e+00  9.99872e-01  9.97790e-01
 8.21617e+00  9.99619e-01  9.97789e-01
 8.23537e+00  9.99162e-01  9.97789e-01
 8.25417e+00  9.99562e-01  9.97789e-01
 8.27225e+00  9.99037e-01  9.97789e-01
 8.29210e+00  9.99781e-01  9.97789e-01
 8.31149e+00  9.99437e-01  9.97789e-01
 8.33367e+00  1.00022e+00  9.97789e-01
 8.35477e+00  9.99995e-01  9.97788e-01
 8.37399e+00  1.00015e+00  9.97788e-01
 8.39355e+00  9.99981e-01  9.97788e-01
 8.41409e+00  1.00059e+00  9.97788e-01
 8.43605e+00  9.99447e-01  9.97788e-01
 8.45696e+00  9.99222e-01  9.97787e-01
 8.48397e+00  9.99411e-01  9.97787e-01
 8.51041e+00  9.98883e-01  9.97787e-01
 8.53060e+00  9.99001e-01  9.97786e-01
 8.55143e+00  9.99338e-01  9.97786e-01
 8.57028e+00  9.99817e-01  9.97786e-01
 8.59082e+00  9.99640e-01  9.97785e-01
 8.61193e+00  1.00072e+00  9.97785e-01
 8.63251e+00  9.99994e-01  9.97785e-01
 8.65208e+00  1.00097e+00  9.97784e-01
 8.67506e+00  1.00097e+00  9.97784e-01
 8.69656e+00  1.00046e+00  9.97783e-01
 8.71875e+00  1.00058e+00  9.97783e-01
 8.73893e+00  9.99505e-01  9.97782e-01
 8.76058e+00  9.99240e-01  9.97781e-01
 8.78620e+00  9.98310e-01  9.97781e-01
 8.80849e+00  9.99417e-01  9.97780e-01
 8.83087e+00  9.99491e-01  9.97779e-01
 8.85659e+00  9.99742e-01  9.97778e-01
 8.87934e+00  1.00030e+00  9.97777e-01
 8.90277e+00  1.00070e+00  9.97776e-01
 8.92922e+00  1.00077e+00  9.97775e-01
 8.95269e+00  1.00068e+00  9.97773e-01
 8.97742e+00  9.99388e-01  9.97772e-01
 9.00161e+00  9.99851e-01  9.97770e-01
