848
 2.72700e-03  9.99878e-01  2.20266e+04
 9.33800e-03  9.99469e-01  2.20280e+04
 1.49520e-02  9.99802e-01  2.20292e+04
 2.07930e-02  1.01562e+00  2.20304e+04
 2.73070e-02  9.99728e-01  2.20318e+04
 3.31370e-02  9.99437e-01  2.20331e+04
 3.98780e-02  1.01265e+00  2.20346e+04
 4.58870e-02  9.99736e-01  2.20359e+04
 5.24080e-02  9.99499e-01  2.20373e+04
 5.88370e-02  9.99540e-01  2.20388e+04
 6.40220e-02  1.01144e+00  2.20399e+04
 7.08330e-02  9.99104e-01  2.20415e+04
 7.60020e-02  9.99673e-01  2.20426e+04
 8.25620e-02  1.00944e+00  2.20441e+04
 8.82070e-02  9.99646e-01  2.20454e+04
 9.40780e-02  9.99777e-01  2.20467e+04
 1.01082e-01  1.00831e+00  2.20484e+04
 1.06842e-01  9.99339e-01  2.20497e+04
 1.13498e-01  9.99097e-01  2.20512e+04
 1.19132e-01  9.99421e-01  2.20526e+04
 1.24953e-01  1.00718e+00  2.20539e+04
 1.31487e-01  9.99536e-01  2.20555e+04
 1.36837e-01  9.99225e-01  2.20567e+04
 1.43398e-01  1.00635e+00  2.20583e+04
 1.49277e-01  9.99038e-01  2.20597e+04
 1.56283e-01  9.99111e-01  2.20614e+04
 1.63643e-01  1.00514e+00  2.20632e+04
 1.69342e-01  9.99499e-01  2.20646e+04
 1.75998e-01  9.99887e-01  2.20662e+04
 1.81987e-01  9.99305e-01  2.20677e+04
 1.87798e-01  1.00379e+00  2.20692e+04
 1.93797e-01  9.98836e-01  2.20707e+04
 1.98878e-01  9.99405e-01  2.20719e+04
 2.04728e-01  9.99380e-01  2.20734e+04
 2.09568e-01  1.00320e+00  2.20746e+04
 2.16423e-01  9.99033e-01  2.20764e+04
 2.21117e-01  9.99600e-01  2.20776e+04
 2.27388e-01  1.00177e+00  2.20792e+04
 2.31997e-01  9.99035e-01  2.20804e+04
 2.38508e-01  9.99054e-01  2.20821e+04
 2.43807e-01  9.99167e-01  2.20835e+04
 2.49588e-01  1.00173e+00  2.20850e+04
 2.54967e-01  9.99134e-01  2.20864e+04
 2.60748e-01  9.99078e-01  2.20880e+04
 2.66873e-01  9.99027e-01  2.20896e+04
 2.72108e-01  9.99408e-01  2.20910e+04
 2.79203e-01  9.99310e-01  2.20929e+04
 2.84077e-01  9.99214e-01  2.20942e+04
 2.90473e-01  9.99795e-01  2.20960e+04
 2.94497e-01  9.98926e-01  2.20971e+04
 3.00703e-01  9.98896e-01  2.20988e+04
 3.05617e-01  9.99230e-01  2.21002e+04
 3.11648e-01  9.99474e-01  2.21018e+04
 3.16402e-01  9.99718e-01  2.21032e+04
 3.22273e-01  9.99592e-01  2.21048e+04
 3.28182e-01  9.99763e-01  2.21065e+04
 3.33513e-01  9.99824e-01  2.21080e+04
 3.38927e-01  9.99483e-01  2.21095e+04
 3.44373e-01  9.99403e-01  2.21111e+04
 3.50588e-01  9.99482e-01  2.21129e+04
 3.54968e-01  9.99113e-01  2.21141e+04
 3.61072e-01  1.00013e+00  2.21159e+04
 3.66017e-01  9.99829e-01  2.21174e+04
 3.72323e-01  9.99621e-01  2.21192e+04
 3.77422e-01  9.99631e-01  2.21207e+04
 3.84043e-01  9.99860e-01  2.21227e+04
 3.88927e-01  1.00014e+00  2.21241e+04
 3.95063e-01  1.00037e+00  2.21260e+04
 4.00037e-01  9.99848e-01  2.21275e+04
 4.05613e-01  1.00040e+00  2.21292e+04
 4.11167e-01  1.00020e+00  2.21309e+04
 4.16873e-01  1.00039e+00  2.21326e+04
 4.22632e-01  9.99923e-01  2.21344e+04
 4.28048e-01  1.00055e+00  2.21361e+04
 4.34483e-01  1.00072e+00  2.21381e+04
 4.38708e-01  1.00058e+00  2.21394e+04
 4.45028e-01  1.00098e+00  2.21414e+04
 4.49787e-01  1.00100e+00  2.21429e+04
 4.55968e-01  1.00133e+00  2.21448e+04
 4.60457e-01  1.00132e+00  2.21463e+04
 4.67282e-01  1.00198e+00  2.21485e+04
 4.72267e-01  1.00172e+00  2.21501e+04
 4.78703e-01  1.00172e+00  2.21522e+04
 4.83377e-01  1.00138e+00  2.21537e+04
 4.88943e-01  1.00204e+00  2.21555e+04
 4.94912e-01  1.00170e+00  2.21575e+04
 5.00298e-01  1.00232e+00  2.21593e+04
 5.06307e-01  1.00240e+00  2.21613e+04
 5.11878e-01  1.00255e+00  2.21631e+04
 5.18738e-01  1.00240e+00  2.21654e+04
 5.22957e-01  1.00219e+00  2.21669e+04
 5.29518e-01  1.00236e+00  2.21691e+04
 5.34077e-01  1.00286e+00  2.21707e+04
 5.40527e-01  1.00303e+00  2.21729e+04
 5.45177e-01  1.00284e+00  2.21745e+04
 5.51068e-01  1.00263e+00  2.21765e+04
 5.56317e-01  1.00303e+00  2.21784e+04
 5.62003e-01  1.00369e+00  2.21804e+04
 5.66717e-01  1.00347e+00  2.21820e+04
 5.72273e-01  1.00351e+00  2.21840e+04
 5.77807e-01  1.00345e+00  2.21860e+04
 5.83323e-01  1.00345e+00  2.21879e+04
 5.89332e-01  1.00348e+00  2.21901e+04
 5.94718e-01  1.00362e+00  2.21920e+04
 6.00588e-01  1.00361e+00  2.21942e+04
 6.05293e-01  1.00381e+00  2.21959e+04
 6.11668e-01  1.00393e+00  2.21982e+04
 6.16487e-01  1.00337e+00  2.22000e+04
 6.22638e-01  1.00389e+00  2.22023e+04
 6.27452e-01  1.00343e+00  2.22041e+04
 6.34273e-01  1.00426e+00  2.22067e+04
 6.40307e-01  1.00374e+00  2.22090e+04
 6.45783e-01  1.00326e+00  2.22110e+04
 6.51427e-01  1.00361e+00  2.22132e+04
 6.56598e-01  1.00308e+00  2.22152e+04
 6.62472e-01  1.00350e+00  2.22175e+04
 6.67058e-01  1.00278e+00  2.22192e+04
 6.72967e-01  1.00303e+00  2.22216e+04
 6.78048e-01  1.00309e+00  2.22235e+04
 6.83918e-01  1.00359e+00  2.22259e+04
 6.88278e-01  1.00293e+00  2.22276e+04
 6.94422e-01  1.00314e+00  2.22300e+04
 6.99327e-01  1.00257e+00  2.22320e+04
 7.05333e-01  1.00334e+00  2.22344e+04
 7.09882e-01  1.00213e+00  2.22363e+04
 7.16673e-01  1.00250e+00  2.22390e+04
 7.21577e-01  1.00202e+00  2.22410e+04
 7.28088e-01  1.00189e+00  2.22437e+04
 7.33367e-01  1.00166e+00  2.22459e+04
 7.39058e-01  1.00259e+00  2.22483e+04
 7.45197e-01  1.00183e+00  2.22508e+04
 7.50183e-01  1.00312e+00  2.22529e+04
 7.55708e-01  1.00210e+00  2.22553e+04
 7.61807e-01  1.00136e+00  2.22579e+04
 7.68438e-01  1.00110e+00  2.22607e+04
 7.72507e-01  1.00185e+00  2.22625e+04
 7.79518e-01  1.00110e+00  2.22655e+04
 7.84747e-01  1.00154e+00  2.22678e+04
 7.91017e-01  1.00117e+00  2.22705e+04
 7.96587e-01  1.00105e+00  2.22730e+04
 8.02543e-01  1.00069e+00  2.22756e+04
 8.08918e-01  1.00113e+00  2.22785e+04
 8.13708e-01  1.00091e+00  2.22806e+04
 8.20038e-01  1.00067e+00  2.22835e+04
 8.25247e-01  1.00003e+00  2.22858e+04
 8.31523e-01  1.00012e+00  2.22887e+04
 8.35467e-01  1.00010e+00  2.22905e+04
 8.42018e-01  1.00053e+00  2.22935e+04
 8.46912e-01  1.00030e+00  2.22958e+04
 8.53348e-01  1.00024e+00  2.22988e+04
 8.57687e-01  1.00030e+00  2.23008e+04
 8.63673e-01  1.00043e+00  2.23036e+04
 8.69507e-01  1.00013e+00  2.23064e+04
 8.75253e-01  1.00006e+00  2.23091e+04
 8.81317e-01  9.99797e-01  2.23120e+04
 8.87267e-01  9.99703e-01  2.23149e+04
 8.94048e-01  9.99775e-01  2.23182e+04
 8.98657e-01  9.99410e-01  2.23204e+04
 9.04938e-01  1.00011e+00  2.23235e+04
 9.10832e-01  1.00019e+00  2.23264e+04
 9.16883e-01  9.99636e-01  2.23294e+04
 9.22317e-01  9.99813e-01  2.23321e+04
 9.28048e-01  9.99768e-01  2.23350e+04
 9.33918e-01  1.00002e+00  2.23380e+04
 9.38278e-01  9.99498e-01  2.23402e+04
 9.44673e-01  9.99680e-01  2.23435e+04
 9.50663e-01  9.99435e-01  2.23465e+04
 9.57167e-01  9.99388e-01  2.23499e+04
 9.61857e-01  9.99392e-01  2.23523e+04
 9.67738e-01  9.99999e-01  2.23554e+04
 9.73392e-01  9.99811e-01  2.23584e+04
 9.79163e-01  9.99848e-01  2.23614e+04
 9.85027e-01  9.99907e-01  2.23645e+04
 9.91513e-01  9.99331e-01  2.23680e+04
 9.98203e-01  9.99602e-01  2.23716e+04
 1.00213e+00  9.99754e-01  2.23737e+04
 1.00869e+00  9.99692e-01  2.23773e+04
 1.01323e+00  9.99266e-01  2.23798e+04
 1.01967e+00  9.99607e-01  2.23833e+04
 1.02436e+00  9.99802e-01  2.23859e+04
 1.03033e+00  9.99462e-01  2.23893e+04
 1.03616e+00  9.99254e-01  2.23925e+04
 1.04154e+00  9.99457e-01  2.23956e+04
 1.04659e+00  9.99707e-01  2.23984e+04
 1.05181e+00  9.99804e-01  2.24014e+04
 1.05769e+00  9.99370e-01  2.24047e+04
 1.06268e+00  9.99714e-01  2.24076e+04
 1.06812e+00  9.99784e-01  2.24108e+04
 1.07387e+00  9.99718e-01  2.24141e+04
 1.08028e+00  9.99946e-01  2.24179e+04
 1.08457e+00  9.99741e-01  2.24204e+04
 1.09085e+00  9.99276e-01  2.24241e+04
 1.09565e+00  9.99717e-01  2.24270e+04
 1.10179e+00  9.99514e-01  2.24306e+04
 1.10585e+00  9.99322e-01  2.24331e+04
 1.11226e+00  9.99567e-01  2.24370e+04
 1.11699e+00  9.99044e-01  2.24398e+04
 1.12378e+00  9.99184e-01  2.24440e+04
 1.12783e+00  9.99637e-01  2.24465e+04
 1.13404e+00  9.99754e-01  2.24503e+04
 1.13893e+00  9.99714e-01  2.24534e+04
 1.14535e+00  9.98993e-01  2.24574e+04
 1.15005e+00  9.99293e-01  2.24603e+04
 1.15561e+00  9.99490e-01  2.24639e+04
 1.16116e+00  9.99138e-01  2.24674e+04
 1.16654e+00  9.99493e-01  2.24708e+04
 1.17160e+00  9.99294e-01  2.24741e+04
 1.17742e+00  9.99502e-01  2.24778e+04
 1.18358e+00  9.99533e-01  2.24819e+04
 1.18860e+00  9.99517e-01  2.24851e+04
 1.19504e+00  9.99635e-01  2.24894e+04
 1.20029e+00  9.99423e-01  2.24929e+04
 1.20713e+00  9.99677e-01  2.24974e+04
 1.21116e+00  9.99502e-01  2.25001e+04
 1.21745e+00  9.99228e-01  2.25044e+04
 1.22303e+00  9.99469e-01  2.25081e+04
 1.22928e+00  9.99788e-01  2.25124e+04
 1.23565e+00  9.99275e-01  2.25168e+04
 1.24146e+00  9.99533e-01  2.25208e+04
 1.24765e+00  9.99548e-01  2.25251e+04
 1.25315e+00  9.99362e-01  2.25289e+04
 1.25976e+00  9.99311e-01  2.25336e+04
 1.26568e+00  9.99188e-01  2.25378e+04
 1.27177e+00  9.98904e-01  2.25421e+04
 1.27884e+00  9.99202e-01  2.25472e+04
 1.28542e+00  9.99169e-01  2.25519e+04
 1.29199e+00  9.99690e-01  2.25567e+04
 1.29857e+00  9.99255e-01  2.25615e+04
 1.30399e+00  9.99650e-01  2.25655e+04
 1.31077e+00  9.99514e-01  2.25706e+04
 1.31739e+00  9.99085e-01  2.25755e+04
 1.32405e+00  9.99058e-01  2.25805e+04
 1.33157e+00  9.99424e-01  2.25862e+04
 1.33760e+00  9.99239e-01  2.25908e+04
 1.34419e+00  9.99268e-01  2.25958e+04
 1.35237e+00  9.99331e-01  2.26022e+04
 1.35739e+00  9.99606e-01  2.26061e+04
 1.36514e+00  9.99377e-01  2.26122e+04
 1.37262e+00  9.99497e-01  2.26181e+04
 1.37776e+00  9.99369e-01  2.26221e+04
 1.38529e+00  9.99317e-01  2.26282e+04
 1.39318e+00  9.99379e-01  2.26345e+04
 1.40010e+00  9.99178e-01  2.26402e+04
 1.40639e+00  9.99857e-01  2.26453e+04
 1.41310e+00  9.99507e-01  2.26508e+04
 1.41786e+00  1.00005e+00  2.26548e+04
 1.42479e+00  1.00028e+00  2.26606e+04
 1.43100e+00  9.99214e-01  2.26658e+04
 1.43723e+00  9.99022e-01  2.26710e+04
 1.44465e+00  9.99652e-01  2.26773e+04
 1.45036e+00  9.99023e-01  2.26822e+04
 1.45723e+00  9.99494e-01  2.26881e+04
 1.46333e+00  9.99797e-01  2.26934e+04
 1.46955e+00  9.99465e-01  2.26989e+04
 1.47620e+00  9.99269e-01  2.27047e+04
 1.48082e+00  9.99874e-01  2.27088e+04
 1.48764e+00  9.99175e-01  2.27148e+04
 1.49384e+00  1.00001e+00  2.27204e+04
 1.49994e+00  9.99361e-01  2.27259e+04
 1.50633e+00  1.00018e+00  2.27317e+04
 1.51281e+00  9.99511e-01  2.27376e+04
 1.51965e+00  9.99466e-01  2.27439e+04
 1.52441e+00  1.00010e+00  2.27483e+04
 1.53074e+00  9.99876e-01  2.27541e+04
 1.53748e+00  1.00024e+00  2.27604e+04
 1.54286e+00  9.99747e-01  2.27655e+04
 1.54889e+00  9.99778e-01  2.27712e+04
 1.55417e+00  1.00003e+00  2.27762e+04
 1.56043e+00  1.00021e+00  2.27822e+04
 1.56457e+00  1.00048e+00  2.27862e+04
 1.57099e+00  9.99523e-01  2.27924e+04
 1.57614e+00  9.99972e-01  2.27974e+04
 1.58220e+00  9.99745e-01  2.28034e+04
 1.58657e+00  1.00017e+00  2.28077e+04
 1.59283e+00  1.00014e+00  2.28139e+04
 1.59838e+00  9.99904e-01  2.28194e+04
 1.60401e+00  9.99972e-01  2.28250e+04
 1.61018e+00  1.00011e+00  2.28312e+04
 1.61569e+00  1.00025e+00  2.28368e+04
 1.62177e+00  1.00012e+00  2.28430e+04
 1.62616e+00  9.99753e-01  2.28475e+04
 1.63225e+00  1.00052e+00  2.28538e+04
 1.63748e+00  1.00021e+00  2.28592e+04
 1.64376e+00  1.00008e+00  2.28657e+04
 1.64793e+00  1.00035e+00  2.28701e+04
 1.65495e+00  9.99783e-01  2.28774e+04
 1.66019e+00  1.00004e+00  2.28830e+04
 1.66592e+00  1.00041e+00  2.28891e+04
 1.67060e+00  9.99894e-01  2.28941e+04
 1.67654e+00  1.00024e+00  2.29005e+04
 1.68240e+00  9.99762e-01  2.29068e+04
 1.68751e+00  9.99938e-01  2.29124e+04
 1.69352e+00  1.00019e+00  2.29189e+04
 1.69902e+00  9.99979e-01  2.29250e+04
 1.70509e+00  9.99899e-01  2.29317e+04
 1.70952e+00  9.99731e-01  2.29366e+04
 1.71556e+00  1.00005e+00  2.29434e+04
 1.72083e+00  1.00046e+00  2.29493e+04
 1.72712e+00  9.99990e-01  2.29564e+04
 1.73124e+00  9.99773e-01  2.29611e+04
 1.73764e+00  9.99723e-01  2.29684e+04
 1.74288e+00  9.99805e-01  2.29744e+04
 1.74958e+00  9.99650e-01  2.29821e+04
 1.75500e+00  1.00015e+00  2.29884e+04
 1.76124e+00  1.00005e+00  2.29957e+04
 1.76759e+00  9.99425e-01  2.30032e+04
 1.77202e+00  9.99908e-01  2.30084e+04
 1.77806e+00  1.00017e+00  2.30155e+04
 1.78338e+00  9.99792e-01  2.30219e+04
 1.79020e+00  9.99969e-01  2.30301e+04
 1.79519e+00  9.99793e-01  2.30361e+04
 1.80159e+00  9.99930e-01  2.30438e+04
 1.80810e+00  9.99623e-01  2.30518e+04
 1.81278e+00  9.99841e-01  2.30575e+04
 1.81875e+00  9.99595e-01  2.30649e+04
 1.82456e+00  9.99968e-01  2.30721e+04
 1.83161e+00  1.00021e+00  2.30809e+04
 1.83693e+00  9.99885e-01  2.30875e+04
 1.84327e+00  9.99502e-01  2.30955e+04
 1.84977e+00  9.99606e-01  2.31038e+04
 1.85448e+00  9.99410e-01  2.31098e+04
 1.86017e+00  9.99138e-01  2.31171e+04
 1.86607e+00  9.99989e-01  2.31247e+04
 1.87236e+00  9.99870e-01  2.31328e+04
 1.87661e+00  1.00001e+00  2.31384e+04
 1.88287e+00  9.99893e-01  2.31465e+04
 1.88861e+00  9.99607e-01  2.31541e+04
 1.89566e+00  9.99355e-01  2.31634e+04
 1.90184e+00  9.99121e-01  2.31716e+04
 1.90783e+00  1.00015e+00  2.31796e+04
 1.91404e+00  1.00007e+00  2.31880e+04
 1.91941e+00  9.99334e-01  2.31952e+04
 1.92621e+00  9.99750e-01  2.32045e+04
 1.93246e+00  9.99735e-01  2.32130e+04
 1.93778e+00  9.99963e-01  2.32203e+04
 1.94375e+00  9.99440e-01  2.32285e+04
 1.94998e+00  9.99535e-01  2.32372e+04
 1.95656e+00  1.00009e+00  2.32463e+04
 1.96087e+00  9.99874e-01  2.32524e+04
 1.96753e+00  9.99984e-01  2.32618e+04
 1.97338e+00  9.99499e-01  2.32700e+04
 1.97894e+00  9.99733e-01  2.32779e+04
 1.98448e+00  9.99913e-01  2.32859e+04
 1.99041e+00  9.99897e-01  2.32944e+04
 1.99684e+00  9.99715e-01  2.33036e+04
 2.00207e+00  9.99741e-01  2.33112e+04
 2.00849e+00  9.99880e-01  2.33206e+04
 2.01364e+00  9.99547e-01  2.33281e+04
 2.01986e+00  1.00019e+00  2.33372e+04
 2.02545e+00  1.00026e+00  2.33455e+04
 2.03142e+00  9.99653e-01  2.33544e+04
 2.03789e+00  1.00009e+00  2.33640e+04
 2.04285e+00  1.00023e+00  2.33714e+04
 2.04890e+00  1.00011e+00  2.33805e+04
 2.05416e+00  1.00023e+00  2.33885e+04
 2.06083e+00  9.99867e-01  2.33986e+04
 2.06572e+00  9.99429e-01  2.34061e+04
 2.07218e+00  1.00028e+00  2.34160e+04
 2.07892e+00  9.99884e-01  2.34263e+04
 2.08407e+00  9.99906e-01  2.34343e+04
 2.08996e+00  9.99923e-01  2.34434e+04
 2.09535e+00  1.00054e+00  2.34518e+04
 2.10159e+00  9.99673e-01  2.34616e+04
 2.10666e+00  1.00022e+00  2.34696e+04
 2.11329e+00  1.00005e+00  2.34800e+04
 2.11851e+00  9.99884e-01  2.34883e+04
 2.12449e+00  1.00014e+00  2.34978e+04
 2.13032e+00  1.00007e+00  2.35071e+04
 2.13589e+00  1.00048e+00  2.35161e+04
 2.14203e+00  1.00023e+00  2.35260e+04
 2.14748e+00  9.99847e-01  2.35348e+04
 2.15395e+00  1.00016e+00  2.35453e+04
 2.15949e+00  9.99818e-01  2.35543e+04
 2.16573e+00  9.99510e-01  2.35645e+04
 2.17129e+00  9.99711e-01  2.35737e+04
 2.17727e+00  9.99451e-01  2.35835e+04
 2.18429e+00  1.00035e+00  2.35952e+04
 2.18911e+00  9.99943e-01  2.36032e+04
 2.19537e+00  1.00014e+00  2.36136e+04
 2.20045e+00  1.00006e+00  2.36221e+04
 2.20705e+00  9.99608e-01  2.36332e+04
 2.21227e+00  9.99554e-01  2.36420e+04
 2.21821e+00  1.00002e+00  2.36520e+04
 2.22413e+00  1.00010e+00  2.36621e+04
 2.22991e+00  1.00036e+00  2.36719e+04
 2.23634e+00  9.99924e-01  2.36829e+04
 2.24213e+00  9.99848e-01  2.36929e+04
 2.24861e+00  1.00036e+00  2.37040e+04
 2.25328e+00  9.99876e-01  2.37121e+04
 2.26026e+00  1.00001e+00  2.37241e+04
 2.26643e+00  9.99671e-01  2.37349e+04
 2.27158e+00  1.00022e+00  2.37438e+04
 2.27746e+00  9.99617e-01  2.37541e+04
 2.28332e+00  1.00013e+00  2.37644e+04
 2.28968e+00  1.00026e+00  2.37755e+04
 2.29420e+00  9.99936e-01  2.37835e+04
 2.30079e+00  1.00020e+00  2.37951e+04
 2.30601e+00  9.99950e-01  2.38044e+04
 2.31188e+00  1.00051e+00  2.38148e+04
 2.31716e+00  1.00032e+00  2.38242e+04
 2.32339e+00  1.00015e+00  2.38353e+04
 2.32956e+00  1.00036e+00  2.38464e+04
 2.33498e+00  1.00022e+00  2.38561e+04
 2.34118e+00  9.99904e-01  2.38672e+04
 2.34657e+00  1.00020e+00  2.38769e+04
 2.35319e+00  1.00063e+00  2.38889e+04
 2.35809e+00  9.99630e-01  2.38977e+04
 2.36410e+00  9.99958e-01  2.39086e+04
 2.37113e+00  9.99648e-01  2.39214e+04
 2.37617e+00  1.00010e+00  2.39306e+04
 2.38225e+00  1.00045e+00  2.39417e+04
 2.38749e+00  1.00045e+00  2.39512e+04
 2.39384e+00  1.00013e+00  2.39628e+04
 2.39838e+00  9.98961e-01  2.39712e+04
 2.40530e+00  9.98074e-01  2.39839e+04
 2.41088e+00  9.98622e-01  2.39941e+04
 2.41693e+00  9.99802e-01  2.40052e+04
 2.42330e+00  9.99767e-01  2.40170e+04
 2.42869e+00  1.00003e+00  2.40269e+04
 2.43550e+00  1.00059e+00  2.40395e+04
 2.44140e+00  9.99580e-01  2.40504e+04
 2.44808e+00  9.99866e-01  2.40628e+04
 2.45536e+00  9.99555e-01  2.40763e+04
 2.46080e+00  9.99895e-01  2.40863e+04
 2.47158e+00  9.99878e-01  2.41064e+04
 2.47819e+00  9.99469e-01  2.41186e+04
 2.48380e+00  9.99802e-01  2.41291e+04
 2.48964e+00  1.01562e+00  2.41399e+04
 2.49616e+00  9.99728e-01  2.41520e+04
 2.50199e+00  9.99437e-01  2.41629e+04
 2.50873e+00  1.01265e+00  2.41754e+04
 2.51474e+00  9.99736e-01  2.41866e+04
 2.52126e+00  9.99499e-01  2.41987e+04
 2.52769e+00  9.99540e-01  2.42107e+04
 2.53287e+00  1.01144e+00  2.42203e+04
 2.53968e+00  9.99104e-01  2.42330e+04
 2.54485e+00  9.99673e-01  2.42425e+04
 2.55141e+00  1.00944e+00  2.42547e+04
 2.55706e+00  9.99646e-01  2.42652e+04
 2.56293e+00  9.99777e-01  2.42760e+04
 2.56993e+00  1.00831e+00  2.42890e+04
 2.57569e+00  9.99339e-01  2.42996e+04
 2.58235e+00  9.99097e-01  2.43119e+04
 2.58798e+00  9.99421e-01  2.43223e+04
 2.59380e+00  1.00718e+00  2.43330e+04
 2.60034e+00  9.99536e-01  2.43450e+04
 2.60569e+00  9.99225e-01  2.43548e+04
 2.61225e+00  1.00635e+00  2.43668e+04
 2.61813e+00  9.99038e-01  2.43775e+04
 2.62513e+00  9.99111e-01  2.43902e+04
 2.63249e+00  1.00514e+00  2.44036e+04
 2.63819e+00  9.99499e-01  2.44139e+04
 2.64485e+00  9.99887e-01  2.44259e+04
 2.65084e+00  9.99305e-01  2.44367e+04
 2.65665e+00  1.00379e+00  2.44471e+04
 2.66265e+00  9.98836e-01  2.44578e+04
 2.66773e+00  9.99405e-01  2.44669e+04
 2.67358e+00  9.99380e-01  2.44773e+04
 2.67842e+00  1.00320e+00  2.44858e+04
 2.68527e+00  9.99033e-01  2.44979e+04
 2.68997e+00  9.99600e-01  2.45062e+04
 2.69624e+00  1.00177e+00  2.45171e+04
 2.70085e+00  9.99035e-01  2.45252e+04
 2.70736e+00  9.99054e-01  2.45365e+04
 2.71266e+00  9.99167e-01  2.45456e+04
 2.71844e+00  1.00173e+00  2.45556e+04
 2.72382e+00  9.99134e-01  2.45648e+04
 2.72960e+00  9.99078e-01  2.45747e+04
 2.73572e+00  9.99027e-01  2.45850e+04
 2.74096e+00  9.99408e-01  2.45939e+04
 2.74805e+00  9.99310e-01  2.46058e+04
 2.75293e+00  9.99214e-01  2.46139e+04
 2.75932e+00  9.99795e-01  2.46245e+04
 2.76335e+00  9.98926e-01  2.46311e+04
 2.76955e+00  9.98896e-01  2.46413e+04
 2.77447e+00  9.99230e-01  2.46493e+04
 2.78050e+00  9.99474e-01  2.46591e+04
 2.78525e+00  9.99718e-01  2.46667e+04
 2.79112e+00  9.99592e-01  2.46761e+04
 2.79703e+00  9.99763e-01  2.46855e+04
 2.80236e+00  9.99824e-01  2.46939e+04
 2.80778e+00  9.99483e-01  2.47024e+04
 2.81322e+00  9.99403e-01  2.47108e+04
 2.81944e+00  9.99482e-01  2.47204e+04
 2.82382e+00  9.99113e-01  2.47271e+04
 2.82992e+00  1.00013e+00  2.47364e+04
 2.83487e+00  9.99829e-01  2.47438e+04
 2.84117e+00  9.99621e-01  2.47532e+04
 2.84627e+00  9.99631e-01  2.47607e+04
 2.85289e+00  9.99860e-01  2.47704e+04
 2.85778e+00  1.00014e+00  2.47775e+04
 2.86391e+00  1.00037e+00  2.47863e+04
 2.86889e+00  9.99848e-01  2.47934e+04
 2.87446e+00  1.00040e+00  2.48012e+04
 2.88002e+00  1.00020e+00  2.48089e+04
 2.88572e+00  1.00039e+00  2.48168e+04
 2.89148e+00  9.99923e-01  2.48246e+04
 2.89690e+00  1.00055e+00  2.48319e+04
 2.90333e+00  1.00072e+00  2.48405e+04
 2.90756e+00  1.00058e+00  2.48460e+04
 2.91388e+00  1.00098e+00  2.48542e+04
 2.91864e+00  1.00100e+00  2.48603e+04
 2.92482e+00  1.00133e+00  2.48681e+04
 2.92931e+00  1.00132e+00  2.48738e+04
 2.93613e+00  1.00198e+00  2.48822e+04
 2.94112e+00  1.00172e+00  2.48882e+04
 2.94755e+00  1.00172e+00  2.48959e+04
 2.95223e+00  1.00138e+00  2.49014e+04
 2.95779e+00  1.00204e+00  2.49079e+04
 2.96376e+00  1.00170e+00  2.49147e+04
 2.96915e+00  1.00232e+00  2.49207e+04
 2.97516e+00  1.00240e+00  2.49274e+04
 2.98073e+00  1.00255e+00  2.49334e+04
 2.98759e+00  1.00240e+00  2.49407e+04
 2.99181e+00  1.00219e+00  2.49451e+04
 2.99837e+00  1.00236e+00  2.49518e+04
 3.00293e+00  1.00286e+00  2.49564e+04
 3.00938e+00  1.00303e+00  2.49628e+04
 3.01403e+00  1.00284e+00  2.49672e+04
 3.01992e+00  1.00263e+00  2.49728e+04
 3.02517e+00  1.00303e+00  2.49777e+04
 3.03085e+00  1.00369e+00  2.49828e+04
 3.03557e+00  1.00347e+00  2.49870e+04
 3.04112e+00  1.00351e+00  2.49918e+04
 3.04666e+00  1.00345e+00  2.49965e+04
 3.05217e+00  1.00345e+00  2.50010e+04
 3.05818e+00  1.00348e+00  2.50058e+04
 3.06357e+00  1.00362e+00  2.50100e+04
 3.06944e+00  1.00361e+00  2.50145e+04
 3.07414e+00  1.00381e+00  2.50180e+04
 3.08052e+00  1.00393e+00  2.50225e+04
 3.08534e+00  1.00337e+00  2.50258e+04
 3.09149e+00  1.00389e+00  2.50300e+04
 3.09630e+00  1.00343e+00  2.50331e+04
 3.10312e+00  1.00426e+00  2.50373e+04
 3.10916e+00  1.00374e+00  2.50409e+04
 3.11463e+00  1.00326e+00  2.50441e+04
 3.12028e+00  1.00361e+00  2.50472e+04
 3.12545e+00  1.00308e+00  2.50499e+04
 3.13132e+00  1.00350e+00  2.50529e+04
 3.13591e+00  1.00278e+00  2.50551e+04
 3.14182e+00  1.00303e+00  2.50578e+04
 3.14690e+00  1.00309e+00  2.50600e+04
 3.15277e+00  1.00359e+00  2.50625e+04
 3.15713e+00  1.00293e+00  2.50642e+04
 3.16327e+00  1.00314e+00  2.50664e+04
 3.16818e+00  1.00257e+00  2.50681e+04
 3.17418e+00  1.00334e+00  2.50701e+04
 3.17873e+00  1.00213e+00  2.50714e+04
 3.18552e+00  1.00250e+00  2.50733e+04
 3.19043e+00  1.00202e+00  2.50745e+04
 3.19694e+00  1.00189e+00  2.50760e+04
 3.20222e+00  1.00166e+00  2.50770e+04
 3.20791e+00  1.00259e+00  2.50780e+04
 3.21405e+00  1.00183e+00  2.50789e+04
 3.21903e+00  1.00312e+00  2.50796e+04
 3.22456e+00  1.00210e+00  2.50801e+04
 3.23066e+00  1.00136e+00  2.50806e+04
 3.23729e+00  1.00110e+00  2.50809e+04
 3.24136e+00  1.00185e+00  2.50810e+04
 3.24837e+00  1.00110e+00  2.50810e+04
 3.25360e+00  1.00154e+00  2.50809e+04
 3.25987e+00  1.00117e+00  2.50805e+04
 3.26544e+00  1.00105e+00  2.50801e+04
 3.27139e+00  1.00069e+00  2.50795e+04
 3.27777e+00  1.00113e+00  2.50786e+04
 3.28256e+00  1.00091e+00  2.50779e+04
 3.28889e+00  1.00067e+00  2.50767e+04
 3.29410e+00  1.00003e+00  2.50757e+04
 3.30037e+00  1.00012e+00  2.50742e+04
 3.30432e+00  1.00010e+00  2.50732e+04
 3.31087e+00  1.00053e+00  2.50714e+04
 3.31576e+00  1.00030e+00  2.50700e+04
 3.32220e+00  1.00024e+00  2.50679e+04
 3.32654e+00  1.00030e+00  2.50664e+04
 3.33252e+00  1.00043e+00  2.50642e+04
 3.33836e+00  1.00013e+00  2.50619e+04
 3.34410e+00  1.00006e+00  2.50594e+04
 3.35017e+00  9.99797e-01  2.50567e+04
 3.35612e+00  9.99703e-01  2.50539e+04
 3.36290e+00  9.99775e-01  2.50506e+04
 3.36751e+00  9.99410e-01  2.50482e+04
 3.37379e+00  1.00011e+00  2.50448e+04
 3.37968e+00  1.00019e+00  2.50414e+04
 3.38573e+00  9.99636e-01  2.50378e+04
 3.39117e+00  9.99813e-01  2.50345e+04
 3.39690e+00  9.99768e-01  2.50308e+04
 3.40277e+00  1.00002e+00  2.50269e+04
 3.40713e+00  9.99498e-01  2.50239e+04
 3.41352e+00  9.99680e-01  2.50194e+04
 3.41951e+00  9.99435e-01  2.50150e+04
 3.42602e+00  9.99388e-01  2.50101e+04
 3.43071e+00  9.99392e-01  2.50065e+04
 3.43659e+00  9.99999e-01  2.50018e+04
 3.44224e+00  9.99811e-01  2.49971e+04
 3.44801e+00  9.99848e-01  2.49923e+04
 3.45388e+00  9.99907e-01  2.49872e+04
 3.46036e+00  9.99331e-01  2.49815e+04
 3.46705e+00  9.99602e-01  2.49754e+04
 3.47098e+00  9.99754e-01  2.49717e+04
 3.47754e+00  9.99692e-01  2.49655e+04
 3.48208e+00  9.99266e-01  2.49611e+04
 3.48852e+00  9.99607e-01  2.49547e+04
 3.49321e+00  9.99802e-01  2.49500e+04
 3.49918e+00  9.99462e-01  2.49438e+04
 3.50501e+00  9.99254e-01  2.49377e+04
 3.51039e+00  9.99457e-01  2.49320e+04
 3.51544e+00  9.99707e-01  2.49265e+04
 3.52066e+00  9.99804e-01  2.49207e+04
 3.52654e+00  9.99370e-01  2.49141e+04
 3.53153e+00  9.99714e-01  2.49084e+04
 3.53697e+00  9.99784e-01  2.49021e+04
 3.54272e+00  9.99718e-01  2.48954e+04
 3.54913e+00  9.99946e-01  2.48877e+04
 3.55342e+00  9.99741e-01  2.48825e+04
 3.55970e+00  9.99276e-01  2.48748e+04
 3.56450e+00  9.99717e-01  2.48689e+04
 3.57064e+00  9.99514e-01  2.48611e+04
 3.57470e+00  9.99322e-01  2.48559e+04
 3.58111e+00  9.99567e-01  2.48476e+04
 3.58584e+00  9.99044e-01  2.48415e+04
 3.59263e+00  9.99184e-01  2.48325e+04
 3.59668e+00  9.99637e-01  2.48270e+04
 3.60289e+00  9.99754e-01  2.48186e+04
 3.60778e+00  9.99714e-01  2.48119e+04
 3.61420e+00  9.98993e-01  2.48030e+04
 3.61890e+00  9.99293e-01  2.47965e+04
 3.62446e+00  9.99490e-01  2.47886e+04
 3.63001e+00  9.99138e-01  2.47807e+04
 3.63539e+00  9.99493e-01  2.47730e+04
 3.64045e+00  9.99294e-01  2.47656e+04
 3.64627e+00  9.99502e-01  2.47571e+04
 3.65243e+00  9.99533e-01  2.47479e+04
 3.65745e+00  9.99517e-01  2.47404e+04
 3.66389e+00  9.99635e-01  2.47307e+04
 3.66914e+00  9.99423e-01  2.47228e+04
 3.67598e+00  9.99677e-01  2.47123e+04
 3.68001e+00  9.99502e-01  2.47060e+04
 3.68630e+00  9.99228e-01  2.46962e+04
 3.69188e+00  9.99469e-01  2.46875e+04
 3.69813e+00  9.99788e-01  2.46776e+04
 3.70450e+00  9.99275e-01  2.46675e+04
 3.71031e+00  9.99533e-01  2.46581e+04
 3.71650e+00  9.99548e-01  2.46481e+04
 3.72200e+00  9.99362e-01  2.46392e+04
 3.72861e+00  9.99311e-01  2.46284e+04
 3.73453e+00  9.99188e-01  2.46186e+04
 3.74062e+00  9.98904e-01  2.46085e+04
 3.74769e+00  9.99202e-01  2.45967e+04
 3.75427e+00  9.99169e-01  2.45856e+04
 3.76084e+00  9.99690e-01  2.45745e+04
 3.76742e+00  9.99255e-01  2.45633e+04
 3.77284e+00  9.99650e-01  2.45541e+04
 3.77962e+00  9.99514e-01  2.45424e+04
 3.78624e+00  9.99085e-01  2.45310e+04
 3.79290e+00  9.99058e-01  2.45194e+04
 3.80042e+00  9.99424e-01  2.45063e+04
 3.80645e+00  9.99239e-01  2.44958e+04
 3.81304e+00  9.99268e-01  2.44842e+04
 3.82122e+00  9.99331e-01  2.44697e+04
 3.82624e+00  9.99606e-01  2.44608e+04
 3.83399e+00  9.99377e-01  2.44470e+04
 3.84147e+00  9.99497e-01  2.44336e+04
 3.84661e+00  9.99369e-01  2.44244e+04
 3.85414e+00  9.99317e-01  2.44109e+04
 3.86203e+00  9.99379e-01  2.43966e+04
 3.86895e+00  9.99178e-01  2.43841e+04
 3.87524e+00  9.99857e-01  2.43727e+04
 3.88195e+00  9.99507e-01  2.43605e+04
 3.88671e+00  1.00005e+00  2.43518e+04
 3.89364e+00  1.00028e+00  2.43391e+04
 3.89985e+00  9.99214e-01  2.43278e+04
 3.90608e+00  9.99022e-01  2.43163e+04
 3.91350e+00  9.99652e-01  2.43027e+04
 3.91921e+00  9.99023e-01  2.42922e+04
 3.92608e+00  9.99494e-01  2.42796e+04
 3.93218e+00  9.99797e-01  2.42683e+04
 3.93840e+00  9.99465e-01  2.42568e+04
 3.94505e+00  9.99269e-01  2.42446e+04
 3.94967e+00  9.99874e-01  2.42360e+04
 3.95649e+00  9.99175e-01  2.42234e+04
 3.96269e+00  1.00001e+00  2.42119e+04
 3.96879e+00  9.99361e-01  2.42006e+04
 3.97518e+00  1.00018e+00  2.41888e+04
 3.98166e+00  9.99511e-01  2.41768e+04
 3.98850e+00  9.99466e-01  2.41641e+04
 3.99326e+00  1.00010e+00  2.41553e+04
 3.99959e+00  9.99876e-01  2.41436e+04
 4.00633e+00  1.00024e+00  2.41311e+04
 4.01171e+00  9.99747e-01  2.41211e+04
 4.01774e+00  9.99778e-01  2.41100e+04
 4.02302e+00  1.00003e+00  2.41002e+04
 4.02928e+00  1.00021e+00  2.40887e+04
 4.03342e+00  1.00048e+00  2.40810e+04
 4.03984e+00  9.99523e-01  2.40692e+04
 4.04499e+00  9.99972e-01  2.40597e+04
 4.05105e+00  9.99745e-01  2.40485e+04
 4.05542e+00  1.00017e+00  2.40404e+04
 4.06168e+00  1.00014e+00  2.40289e+04
 4.06723e+00  9.99904e-01  2.40187e+04
 4.07286e+00  9.99972e-01  2.40084e+04
 4.07903e+00  1.00011e+00  2.39971e+04
 4.08454e+00  1.00025e+00  2.39870e+04
 4.09062e+00  1.00012e+00  2.39759e+04
 4.09501e+00  9.99753e-01  2.39679e+04
 4.10110e+00  1.00052e+00  2.39568e+04
 4.10633e+00  1.00021e+00  2.39473e+04
 4.11261e+00  1.00008e+00  2.39359e+04
 4.11678e+00  1.00035e+00  2.39283e+04
 4.12380e+00  9.99783e-01  2.39156e+04
 4.12904e+00  1.00004e+00  2.39061e+04
 4.13477e+00  1.00041e+00  2.38958e+04
 4.13945e+00  9.99894e-01  2.38874e+04
 4.14539e+00  1.00024e+00  2.38767e+04
 4.15125e+00  9.99762e-01  2.38662e+04
 4.15636e+00  9.99938e-01  2.38571e+04
 4.16237e+00  1.00019e+00  2.38463e+04
 4.16787e+00  9.99979e-01  2.38365e+04
 4.17394e+00  9.99899e-01  2.38258e+04
 4.17837e+00  9.99731e-01  2.38179e+04
 4.18441e+00  1.00005e+00  2.38072e+04
 4.18968e+00  1.00046e+00  2.37979e+04
 4.19597e+00  9.99990e-01  2.37869e+04
 4.20009e+00  9.99773e-01  2.37796e+04
 4.20649e+00  9.99723e-01  2.37684e+04
 4.21173e+00  9.99805e-01  2.37593e+04
 4.21843e+00  9.99650e-01  2.37476e+04
 4.22385e+00  1.00015e+00  2.37382e+04
 4.23009e+00  1.00005e+00  2.37274e+04
 4.23644e+00  9.99425e-01  2.37165e+04
 4.24087e+00  9.99908e-01  2.37088e+04
 4.24691e+00  1.00017e+00  2.36985e+04
 4.25223e+00  9.99792e-01  2.36894e+04
 4.25905e+00  9.99969e-01  2.36778e+04
 4.26404e+00  9.99793e-01  2.36693e+04
 4.27044e+00  9.99930e-01  2.36585e+04
 4.27695e+00  9.99623e-01  2.36475e+04
 4.28163e+00  9.99841e-01  2.36396e+04
 4.28760e+00  9.99595e-01  2.36296e+04
 4.29341e+00  9.99968e-01  2.36199e+04
 4.30046e+00  1.00021e+00  2.36082e+04
 4.30578e+00  9.99885e-01  2.35994e+04
 4.31212e+00  9.99502e-01  2.35889e+04
 4.31862e+00  9.99606e-01  2.35782e+04
 4.32333e+00  9.99410e-01  2.35705e+04
 4.32902e+00  9.99138e-01  2.35612e+04
 4.33492e+00  9.99989e-01  2.35516e+04
 4.34121e+00  9.99870e-01  2.35414e+04
 4.34546e+00  1.00001e+00  2.35346e+04
 4.35172e+00  9.99893e-01  2.35245e+04
 4.35746e+00  9.99607e-01  2.35153e+04
 4.36451e+00  9.99355e-01  2.35041e+04
 4.37069e+00  9.99121e-01  2.34943e+04
 4.37668e+00  1.00015e+00  2.34848e+04
 4.38289e+00  1.00007e+00  2.34750e+04
 4.38826e+00  9.99334e-01  2.34666e+04
 4.39506e+00  9.99750e-01  2.34560e+04
 4.40131e+00  9.99735e-01  2.34463e+04
 4.40663e+00  9.99963e-01  2.34381e+04
 4.41260e+00  9.99440e-01  2.34289e+04
 4.41883e+00  9.99535e-01  2.34193e+04
 4.42541e+00  1.00009e+00  2.34093e+04
 4.42972e+00  9.99874e-01  2.34027e+04
 4.43638e+00  9.99984e-01  2.33927e+04
 4.44223e+00  9.99499e-01  2.33839e+04
 4.44779e+00  9.99733e-01  2.33755e+04
 4.45333e+00  9.99913e-01  2.33672e+04
 4.45926e+00  9.99897e-01  2.33584e+04
 4.46569e+00  9.99715e-01  2.33489e+04
 4.47092e+00  9.99741e-01  2.33412e+04
 4.47734e+00  9.99880e-01  2.33318e+04
 4.48249e+00  9.99547e-01  2.33243e+04
 4.48871e+00  1.00019e+00  2.33153e+04
 4.49430e+00  1.00026e+00  2.33072e+04
 4.50027e+00  9.99653e-01  2.32986e+04
 4.50674e+00  1.00009e+00  2.32894e+04
 4.51170e+00  1.00023e+00  2.32823e+04
 4.51775e+00  1.00011e+00  2.32737e+04
 4.52301e+00  1.00023e+00  2.32663e+04
 4.52968e+00  9.99867e-01  2.32570e+04
 4.53457e+00  9.99429e-01  2.32501e+04
 4.54103e+00  1.00028e+00  2.32412e+04
 4.54777e+00  9.99884e-01  2.32318e+04
 4.55292e+00  9.99906e-01  2.32248e+04
 4.55881e+00  9.99923e-01  2.32167e+04
 4.56420e+00  1.00054e+00  2.32094e+04
 4.57044e+00  9.99673e-01  2.32009e+04
 4.57551e+00  1.00022e+00  2.31941e+04
 4.58214e+00  1.00005e+00  2.31852e+04
 4.58736e+00  9.99884e-01  2.31782e+04
 4.59334e+00  1.00014e+00  2.31703e+04
 4.59917e+00  1.00007e+00  2.31626e+04
 4.60474e+00  1.00048e+00  2.31552e+04
 4.61088e+00  1.00023e+00  2.31472e+04
 4.61633e+00  9.99847e-01  2.31401e+04
 4.62280e+00  1.00016e+00  2.31317e+04
 4.62834e+00  9.99818e-01  2.31246e+04
 4.63458e+00  9.99510e-01  2.31166e+04
 4.64014e+00  9.99711e-01  2.31095e+04
 4.64612e+00  9.99451e-01  2.31020e+04
 4.65314e+00  1.00035e+00  2.30931e+04
 4.65796e+00  9.99943e-01  2.30871e+04
 4.66422e+00  1.00014e+00  2.30793e+04
 4.66930e+00  1.00006e+00  2.30730e+04
 4.67590e+00  9.99608e-01  2.30649e+04
 4.68112e+00  9.99554e-01  2.30585e+04
 4.68706e+00  1.00002e+00  2.30512e+04
 4.69298e+00  1.00010e+00  2.30440e+04
 4.69876e+00  1.00036e+00  2.30371e+04
 4.70519e+00  9.99924e-01  2.30294e+04
 4.71098e+00  9.99848e-01  2.30224e+04
 4.71746e+00  1.00036e+00  2.30148e+04
 4.72213e+00  9.99876e-01  2.30093e+04
 4.72911e+00  1.00001e+00  2.30011e+04
 4.73528e+00  9.99671e-01  2.29939e+04
 4.74043e+00  1.00022e+00  2.29879e+04
 4.74631e+00  9.99617e-01  2.29811e+04
 4.75217e+00  1.00013e+00  2.29744e+04
 4.75853e+00  1.00026e+00  2.29671e+04
 4.76305e+00  9.99936e-01  2.29620e+04
 4.76964e+00  1.00020e+00  2.29546e+04
 4.77486e+00  9.99950e-01  2.29487e+04
 4.78073e+00  1.00051e+00  2.29422e+04
 4.78601e+00  1.00032e+00  2.29363e+04
 4.79224e+00  1.00015e+00  2.29294e+04
 4.79841e+00  1.00036e+00  2.29227e+04
 4.80383e+00  1.00022e+00  2.29168e+04
 4.81003e+00  9.99904e-01  2.29100e+04
 4.81542e+00  1.00020e+00  2.29042e+04
 4.82204e+00  1.00063e+00  2.28971e+04
 4.82694e+00  9.99630e-01  2.28919e+04
 4.83295e+00  9.99958e-01  2.28855e+04
 4.83998e+00  9.99648e-01  2.28781e+04
 4.84502e+00  1.00010e+00  2.28728e+04
 4.85110e+00  1.00045e+00  2.28665e+04
 4.85634e+00  1.00045e+00  2.28611e+04
 4.86269e+00  1.00013e+00  2.28545e+04
 4.86723e+00  9.98961e-01  2.28499e+04
 4.87415e+00  9.98074e-01  2.28428e+04
 4.87973e+00  9.98622e-01  2.28372e+04
 4.88578e+00  9.99802e-01  2.28311e+04
 4.89215e+00  9.99767e-01  2.28247e+04
 4.89754e+00  1.00003e+00  2.28194e+04
 4.90435e+00  1.00059e+00  2.28126e+04
 4.91025e+00  9.99580e-01  2.28068e+04
 4.91693e+00  9.99866e-01  2.28003e+04
 4.92421e+00  9.99555e-01  2.27932e+04
 4.92965e+00  9.99895e-01  2.27880e+04
