210
 2.04800e-02  9.94917e-01  1.00171e+00
 6.83900e-02  1.00880e+00  1.00174e+00
 1.23134e-01  1.00094e+00  1.00177e+00
 1.70480e-01  9.97753e-01  1.00179e+00
 2.20976e-01  9.97698e-01  1.00181e+00
 2.67796e-01  1.00041e+00  1.00183e+00
 3.07970e-01  1.00331e+00  1.00185e+00
 3.48472e-01  1.00477e+00  1.00187e+00
 3.90201e-01  9.98780e-01  1.00189e+00
 4.35972e-01  9.94681e-01  1.00190e+00
 4.80306e-01  1.00016e+00  1.00192e+00
 5.20907e-01  9.99245e-01  1.00194e+00
 5.65053e-01  9.97460e-01  1.00195e+00
 6.03810e-01  9.96876e-01  1.00197e+00
 6.40142e-01  9.97168e-01  1.00198e+00
 6.76136e-01  9.98016e-01  1.00199e+00
 7.13646e-01  9.97012e-01  1.00200e+00
 7.51632e-01  9.98715e-01  1.00202e+00
 7.86556e-01  9.98053e-01  1.00203e+00
 8.35467e-01  9.99400e-01  1.00204e+00
 8.72977e-01  9.98820e-01  1.00205e+00
 9.07376e-01  1.00005e+00  1.00205e+00
 9.42718e-01  1.00049e+00  1.00206e+00
 9.81792e-01  1.00131e+00  1.00206e+00
 1.01882e+00  1.00063e+00  1.00206e+00
 1.05579e+00  1.00080e+00  1.00206e+00
 1.10105e+00  1.00206e+00  1.00206e+00
 1.13655e+00  1.00066e+00  1.00205e+00
 1.17237e+00  1.00052e+00  1.00204e+00
 1.20997e+00  9.99738e-01  1.00203e+00
 1.24429e+00  1.00177e+00  1.00201e+00
 1.28438e+00  1.00150e+00  1.00198e+00
 1.32712e+00  1.00404e+00  1.00193e+00
 1.36778e+00  1.00159e+00  1.00187e+00
 1.41088e+00  1.00055e+00  1.00177e+00
 1.45055e+00  1.00210e+00  1.00165e+00
 1.48753e+00  1.00154e+00  1.00147e+00
 1.52246e+00  1.00187e+00  1.00123e+00
 1.55679e+00  9.99853e-01  1.00085e+00
 1.59479e+00  1.00001e+00  1.00011e+00
 1.63021e+00  9.99504e-01  9.98797e-01
 1.66571e+00  9.98982e-01  9.96130e-01
 1.70262e+00  9.98991e-01  9.90778e-01
 1.73753e+00  9.99770e-01  9.87022e-01
 1.77245e+00  9.99389e-01  9.98888e-01
 1.80679e+00  9.98122e-01  1.00159e+00
 1.84486e+00  9.96146e-01  9.93594e-01
 1.88021e+00  9.88945e-01  9.92068e-01
 1.91712e+00  9.76864e-01  9.92901e-01
 1.96196e+00  9.80992e-01  9.94248e-01
 2.00780e+00  9.93732e-01  9.95349e-01
 2.05046e+00  9.96137e-01  9.96121e-01
 2.09212e+00  9.96683e-01  9.96705e-01
 2.13380e+00  9.97123e-01  9.97171e-01
 2.17804e+00  9.97095e-01  9.97572e-01
 2.22388e+00  9.98264e-01  9.97916e-01
 2.27287e+00  9.97835e-01  9.98222e-01
 2.31712e+00  9.98982e-01  9.98459e-01
 2.36087e+00  1.00033e+00  9.98664e-01
 2.40462e+00  1.00202e+00  9.98845e-01
 2.44988e+00  1.00479e+00  9.99012e-01
 2.49628e+00  1.00742e+00  9.99167e-01
 2.53946e+00  1.00929e+00  9.99297e-01
 2.58595e+00  1.01108e+00  9.99426e-01
 2.63379e+00  1.00932e+00  9.99547e-01
 2.67545e+00  1.00880e+00  9.99644e-01
 2.72129e+00  1.00520e+00  9.99744e-01
 2.76295e+00  1.00036e+00  9.99829e-01
 2.81028e+00  9.96562e-01  9.99920e-01
 2.86861e+00  9.94246e-01  1.00002e+00
 2.92494e+00  9.63979e-01  1.00012e+00
 2.98428e+00  8.63587e-01  1.00021e+00
 3.03894e+00  8.86722e-01  1.00029e+00
 3.10253e+00  9.85120e-01  1.00037e+00
 3.16770e+00  9.96172e-01  1.00046e+00
 3.23693e+00  9.97462e-01  1.00054e+00
 3.29987e+00  9.98274e-01  1.00061e+00
 3.36036e+00  1.00039e+00  1.00067e+00
 3.41711e+00  1.00151e+00  1.00073e+00
 3.47278e+00  1.00150e+00  1.00079e+00
 3.52761e+00  1.00262e+00  1.00084e+00
 3.58794e+00  1.00216e+00  1.00089e+00
 3.64727e+00  1.00161e+00  1.00095e+00
 3.71144e+00  1.00198e+00  1.00100e+00
 3.77027e+00  1.00207e+00  1.00105e+00
 3.84476e+00  1.00110e+00  1.00111e+00
 3.90621e+00  1.00035e+00  1.00115e+00
 3.95253e+00  1.00030e+00  1.00118e+00
 3.99627e+00  9.96012e-01  1.00122e+00
 4.04212e+00  1.00011e+00  1.00125e+00
 4.10046e+00  9.96256e-01  1.00129e+00
 4.14261e+00  9.90363e-01  1.00132e+00
 4.18794e+00  9.99699e-01  1.00135e+00
 4.23127e+00  9.94743e-01  1.00137e+00
 4.27960e+00  1.00009e+00  1.00140e+00
 4.32960e+00  9.97951e-01  1.00143e+00
 4.37859e+00  9.99611e-01  1.00146e+00
 4.43218e+00  9.99604e-01  1.00150e+00
 4.48067e+00  9.98856e-01  1.00152e+00
 4.52910e+00  9.98395e-01  1.00155e+00
 4.57126e+00  1.00085e+00  1.00157e+00
 4.61711e+00  9.98816e-01  1.00160e+00
 4.66184e+00  9.97355e-01  1.00162e+00
 4.71509e+00  1.00136e+00  1.00165e+00
 4.76292e+00  1.00007e+00  1.00168e+00
 4.83793e+00  9.94917e-01  1.00171e+00
 4.88584e+00  1.00880e+00  1.00174e+00
 4.94059e+00  1.00094e+00  1.00177e+00
 4.98793e+00  9.97753e-01  1.00179e+00
 5.03843e+00  9.97698e-01  1.00181e+00
 5.08525e+00  1.00041e+00  1.00183e+00
 5.12542e+00  1.00331e+00  1.00185e+00
 5.16592e+00  1.00477e+00  1.00187e+00
 5.20765e+00  9.98780e-01  1.00189e+00
 5.25343e+00  9.94681e-01  1.00190e+00
 5.29776e+00  1.00016e+00  1.00192e+00
 5.33836e+00  9.99245e-01  1.00194e+00
 5.38251e+00  9.97460e-01  1.00195e+00
 5.42126e+00  9.96876e-01  1.00197e+00
 5.45760e+00  9.97168e-01  1.00198e+00
 5.49359e+00  9.98016e-01  1.00199e+00
 5.53110e+00  9.97012e-01  1.00200e+00
 5.56909e+00  9.98715e-01  1.00202e+00
 5.60401e+00  9.98053e-01  1.00203e+00
 5.65292e+00  9.99400e-01  1.00204e+00
 5.69043e+00  9.98820e-01  1.00205e+00
 5.72483e+00  1.00005e+00  1.00205e+00
 5.76017e+00  1.00049e+00  1.00206e+00
 5.79924e+00  1.00131e+00  1.00206e+00
 5.83627e+00  1.00063e+00  1.00206e+00
 5.87324e+00  1.00080e+00  1.00206e+00
 5.91850e+00  1.00206e+00  1.00206e+00
 5.95400e+00  1.00066e+00  1.00205e+00
 5.98983e+00  1.00052e+00  1.00204e+00
 6.02743e+00  9.99738e-01  1.00203e+00
 6.06175e+00  1.00177e+00  1.00201e+00
 6.10183e+00  1.00150e+00  1.00198e+00
 6.14457e+00  1.00404e+00  1.00193e+00
 6.18523e+00  1.00159e+00  1.00187e+00
 6.22834e+00  1.00055e+00  1.00177e+00
 6.26800e+00  1.00210e+00  1.00165e+00
 6.30498e+00  1.00154e+00  1.00147e+00
 6.33992e+00  1.00187e+00  1.00123e+00
 6.37425e+00  9.99853e-01  1.00085e+00
 6.41224e+00  1.00001e+00  1.00011e+00
 6.44766e+00  9.99504e-01  9.98796e-01
 6.48316e+00  9.98982e-01  9.96129e-01
 6.52008e+00  9.98991e-01  9.90777e-01
 6.55498e+00  9.99770e-01  9.87023e-01
 6.58990e+00  9.99389e-01  9.98890e-01
 6.62425e+00  9.98122e-01  1.00159e+00
 6.66231e+00  9.96146e-01  9.93593e-01
 6.69766e+00  9.88945e-01  9.92068e-01
 6.73458e+00  9.76864e-01  9.92901e-01
 6.77942e+00  9.80992e-01  9.94248e-01
 6.82526e+00  9.93732e-01  9.95349e-01
 6.86792e+00  9.96137e-01  9.96121e-01
 6.90958e+00  9.96683e-01  9.96705e-01
 6.95126e+00  9.97123e-01  9.97171e-01
 6.99549e+00  9.97095e-01  9.97573e-01
 7.04133e+00  9.98264e-01  9.97916e-01
 7.09032e+00  9.97835e-01  9.98222e-01
 7.13458e+00  9.98982e-01  9.98459e-01
 7.17833e+00  1.00033e+00  9.98664e-01
 7.22208e+00  1.00202e+00  9.98845e-01
 7.26733e+00  1.00479e+00  9.99012e-01
 7.31374e+00  1.00742e+00  9.99167e-01
 7.35691e+00  1.00929e+00  9.99297e-01
 7.40341e+00  1.01108e+00  9.99426e-01
 7.45125e+00  1.00932e+00  9.99547e-01
 7.49291e+00  1.00880e+00  9.99644e-01
 7.53875e+00  1.00520e+00  9.99744e-01
 7.58041e+00  1.00036e+00  9.99829e-01
 7.62773e+00  9.96562e-01  9.99920e-01
 7.68606e+00  9.94246e-01  1.00002e+00
 7.74239e+00  9.63979e-01  1.00012e+00
 7.80173e+00  8.63587e-01  1.00021e+00
 7.85640e+00  8.86722e-01  1.00029e+00
 7.91999e+00  9.85120e-01  1.00037e+00
 7.98515e+00  9.96172e-01  1.00046e+00
 8.05439e+00  9.97462e-01  1.00054e+00
 8.11732e+00  9.98274e-01  1.00061e+00
 8.17781e+00  1.00039e+00  1.00067e+00
 8.23457e+00  1.00151e+00  1.00073e+00
 8.29023e+00  1.00150e+00  1.00079e+00
 8.34506e+00  1.00262e+00  1.00084e+00
 8.40540e+00  1.00216e+00  1.00089e+00
 8.46473e+00  1.00161e+00  1.00095e+00
 8.52889e+00  1.00198e+00  1.00100e+00
 8.58773e+00  1.00207e+00  1.00105e+00
 8.66221e+00  1.00110e+00  1.00111e+00
 8.72366e+00  1.00035e+00  1.00115e+00
 8.76999e+00  1.00030e+00  1.00118e+00
 8.81373e+00  9.96012e-01  1.00122e+00
 8.85958e+00  1.00011e+00  1.00125e+00
 8.91792e+00  9.96256e-01  1.00129e+00
 8.96006e+00  9.90363e-01  1.00132e+00
 9.00540e+00  9.99699e-01  1.00135e+00
 9.04872e+00  9.94743e-01  1.00137e+00
 9.09706e+00  1.00009e+00  1.00140e+00
 9.14706e+00  9.97951e-01  1.00143e+00
 9.19605e+00  9.99611e-01  1.00146e+00
 9.24963e+00  9.99604e-01  1.00150e+00
 9.29813e+00  9.98856e-01  1.00152e+00
 9.34655e+00  9.98395e-01  1.00155e+00
 9.38872e+00  1.00085e+00  1.00157e+00
 9.43457e+00  9.98816e-01  1.00160e+00
 9.47930e+00  9.97355e-01  1.00162e+00
 9.53255e+00  1.00136e+00  1.00165e+00
 9.58038e+00  1.00007e+00  1.00168e+00
