850
 4.82500e-03  1.00001e+00  2.20270e+04
 1.44910e-02  1.00047e+00  2.20291e+04
 2.37450e-02  1.00042e+00  2.20311e+04
 3.28050e-02  1.00060e+00  2.20330e+04
 4.19580e-02  1.00014e+00  2.20350e+04
 5.13650e-02  1.00068e+00  2.20371e+04
 6.07730e-02  1.00038e+00  2.20392e+04
 7.03340e-02  1.00000e+00  2.20413e+04
 7.87380e-02  1.00044e+00  2.20432e+04
 8.81750e-02  1.00006e+00  2.20454e+04
 9.77260e-02  1.00007e+00  2.20476e+04
 1.07085e-01  1.00012e+00  2.20497e+04
 1.16135e-01  1.00042e+00  2.20519e+04
 1.25278e-01  1.00022e+00  2.20540e+04
 1.34790e-01  1.00035e+00  2.20563e+04
 1.44500e-01  9.99946e-01  2.20586e+04
 1.54771e-01  1.00036e+00  2.20611e+04
 1.63989e-01  1.00026e+00  2.20633e+04
 1.73888e-01  1.00049e+00  2.20657e+04
 1.83852e-01  1.00036e+00  2.20682e+04
 1.93338e-01  1.00034e+00  2.20706e+04
 2.02691e-01  1.00066e+00  2.20729e+04
 2.12173e-01  1.00026e+00  2.20753e+04
 2.21154e-01  1.00022e+00  2.20776e+04
 2.30376e-01  1.00028e+00  2.20800e+04
 2.39130e-01  1.00066e+00  2.20823e+04
 2.47006e-01  9.99937e-01  2.20843e+04
 2.56395e-01  1.00009e+00  2.20868e+04
 2.64188e-01  1.00061e+00  2.20889e+04
 2.71988e-01  9.99908e-01  2.20910e+04
 2.80084e-01  1.00016e+00  2.20932e+04
 2.87445e-01  1.00047e+00  2.20952e+04
 2.94908e-01  9.99907e-01  2.20972e+04
 3.03248e-01  1.00009e+00  2.20995e+04
 3.12580e-01  9.99879e-01  2.21021e+04
 3.21034e-01  1.00029e+00  2.21045e+04
 3.29125e-01  1.00033e+00  2.21067e+04
 3.36578e-01  9.99977e-01  2.21089e+04
 3.44700e-01  1.00040e+00  2.21112e+04
 3.52492e-01  1.00012e+00  2.21134e+04
 3.59913e-01  9.99982e-01  2.21156e+04
 3.67610e-01  1.00028e+00  2.21178e+04
 3.75458e-01  1.00003e+00  2.21201e+04
 3.83449e-01  1.00025e+00  2.21225e+04
 3.91163e-01  1.00029e+00  2.21248e+04
 3.99088e-01  1.00020e+00  2.21272e+04
 4.07418e-01  1.00011e+00  2.21297e+04
 4.15728e-01  9.99960e-01  2.21323e+04
 4.23321e-01  1.00011e+00  2.21346e+04
 4.30858e-01  1.00022e+00  2.21369e+04
 4.38658e-01  1.00024e+00  2.21394e+04
 4.47082e-01  1.00040e+00  2.21420e+04
 4.55064e-01  1.00010e+00  2.21446e+04
 4.63244e-01  9.99738e-01  2.21472e+04
 4.71080e-01  1.00023e+00  2.21497e+04
 4.79051e-01  1.00028e+00  2.21523e+04
 4.87609e-01  1.00043e+00  2.21551e+04
 4.94956e-01  1.00051e+00  2.21575e+04
 5.03217e-01  1.00000e+00  2.21602e+04
 5.11360e-01  1.00045e+00  2.21629e+04
 5.19446e-01  1.00011e+00  2.21657e+04
 5.28296e-01  1.00021e+00  2.21687e+04
 5.36606e-01  1.00028e+00  2.21715e+04
 5.44887e-01  1.00004e+00  2.21744e+04
 5.53020e-01  1.00025e+00  2.21772e+04
 5.60842e-01  1.00016e+00  2.21799e+04
 5.68243e-01  1.00020e+00  2.21826e+04
 5.75950e-01  1.00045e+00  2.21853e+04
 5.84026e-01  1.00028e+00  2.21882e+04
 5.92584e-01  1.00054e+00  2.21913e+04
 5.99945e-01  1.00010e+00  2.21939e+04
 6.08062e-01  1.00038e+00  2.21969e+04
 6.16220e-01  1.00049e+00  2.21999e+04
 6.24088e-01  1.00019e+00  2.22029e+04
 6.31651e-01  1.00011e+00  2.22057e+04
 6.39188e-01  1.00019e+00  2.22085e+04
 6.47603e-01  1.00034e+00  2.22117e+04
 6.56510e-01  1.00020e+00  2.22152e+04
 6.64138e-01  1.00024e+00  2.22181e+04
 6.71564e-01  1.00010e+00  2.22210e+04
 6.79920e-01  1.00053e+00  2.22243e+04
 6.87978e-01  1.00013e+00  2.22275e+04
 6.95949e-01  1.00022e+00  2.22306e+04
 7.03976e-01  1.00046e+00  2.22339e+04
 7.11816e-01  1.00016e+00  2.22370e+04
 7.20390e-01  1.00030e+00  2.22405e+04
 7.28228e-01  9.99992e-01  2.22438e+04
 7.35870e-01  1.00022e+00  2.22469e+04
 7.44871e-01  1.00033e+00  2.22507e+04
 7.52558e-01  9.99904e-01  2.22539e+04
 7.60660e-01  1.00046e+00  2.22574e+04
 7.68328e-01  1.00005e+00  2.22607e+04
 7.75734e-01  9.99810e-01  2.22639e+04
 7.84126e-01  1.00005e+00  2.22675e+04
 7.92574e-01  1.00055e+00  2.22712e+04
 8.00904e-01  1.00046e+00  2.22749e+04
 8.08703e-01  1.00031e+00  2.22784e+04
 8.16581e-01  1.00005e+00  2.22819e+04
 8.24550e-01  1.00040e+00  2.22855e+04
 8.32954e-01  1.00022e+00  2.22893e+04
 8.41799e-01  1.00036e+00  2.22934e+04
 8.49106e-01  1.00028e+00  2.22968e+04
 8.56708e-01  1.00009e+00  2.23003e+04
 8.65245e-01  1.00007e+00  2.23044e+04
 8.74713e-01  9.99859e-01  2.23089e+04
 8.83136e-01  9.99851e-01  2.23129e+04
 8.90786e-01  1.00021e+00  2.23166e+04
 8.98388e-01  9.99780e-01  2.23203e+04
 9.06500e-01  1.00023e+00  2.23243e+04
 9.14302e-01  9.99919e-01  2.23281e+04
 9.22413e-01  9.99967e-01  2.23322e+04
 9.30764e-01  1.00053e+00  2.23364e+04
 9.39521e-01  1.00010e+00  2.23408e+04
 9.48160e-01  1.00025e+00  2.23452e+04
 9.55971e-01  9.99619e-01  2.23493e+04
 9.64878e-01  1.00017e+00  2.23539e+04
 9.72508e-01  1.00013e+00  2.23579e+04
 9.80328e-01  9.99877e-01  2.23620e+04
 9.88478e-01  1.00036e+00  2.23664e+04
 9.96619e-01  1.00013e+00  2.23708e+04
 1.00408e+00  1.00010e+00  2.23748e+04
 1.01205e+00  1.00041e+00  2.23792e+04
 1.01992e+00  1.00005e+00  2.23835e+04
 1.02779e+00  1.00006e+00  2.23878e+04
 1.03589e+00  1.00021e+00  2.23924e+04
 1.04421e+00  1.00023e+00  2.23971e+04
 1.05233e+00  1.00053e+00  2.24017e+04
 1.06000e+00  1.00003e+00  2.24061e+04
 1.06739e+00  1.00018e+00  2.24103e+04
 1.07564e+00  1.00007e+00  2.24151e+04
 1.08380e+00  1.00044e+00  2.24199e+04
 1.09180e+00  1.00029e+00  2.24247e+04
 1.09997e+00  1.00017e+00  2.24295e+04
 1.10770e+00  1.00008e+00  2.24342e+04
 1.11622e+00  1.00043e+00  2.24394e+04
 1.12447e+00  1.00005e+00  2.24444e+04
 1.13257e+00  1.00001e+00  2.24494e+04
 1.14073e+00  1.00034e+00  2.24545e+04
 1.14908e+00  1.00038e+00  2.24597e+04
 1.15720e+00  1.00024e+00  2.24649e+04
 1.16501e+00  1.00029e+00  2.24699e+04
 1.17282e+00  1.00030e+00  2.24749e+04
 1.18161e+00  1.00033e+00  2.24806e+04
 1.19021e+00  1.00024e+00  2.24862e+04
 1.19916e+00  1.00000e+00  2.24921e+04
 1.20800e+00  9.99989e-01  2.24980e+04
 1.21749e+00  1.00025e+00  2.25044e+04
 1.22513e+00  1.00018e+00  2.25096e+04
 1.23452e+00  9.99920e-01  2.25160e+04
 1.24321e+00  1.00008e+00  2.25220e+04
 1.25313e+00  9.99996e-01  2.25289e+04
 1.26275e+00  1.00011e+00  2.25357e+04
 1.27134e+00  1.00011e+00  2.25418e+04
 1.28110e+00  1.00016e+00  2.25488e+04
 1.29197e+00  1.00002e+00  2.25567e+04
 1.30256e+00  1.00005e+00  2.25645e+04
 1.31389e+00  9.99959e-01  2.25729e+04
 1.32493e+00  1.00044e+00  2.25812e+04
 1.33475e+00  1.00026e+00  2.25886e+04
 1.34345e+00  1.00020e+00  2.25953e+04
 1.35227e+00  1.00010e+00  2.26021e+04
 1.36149e+00  1.00052e+00  2.26093e+04
 1.36920e+00  1.00018e+00  2.26154e+04
 1.37766e+00  1.00006e+00  2.26221e+04
 1.38643e+00  1.00017e+00  2.26291e+04
 1.39434e+00  1.00018e+00  2.26355e+04
 1.40256e+00  1.00033e+00  2.26422e+04
 1.41010e+00  1.00025e+00  2.26484e+04
 1.41832e+00  9.99894e-01  2.26552e+04
 1.42670e+00  1.00027e+00  2.26621e+04
 1.43426e+00  9.99939e-01  2.26685e+04
 1.44334e+00  1.00025e+00  2.26762e+04
 1.45176e+00  1.00039e+00  2.26834e+04
 1.46000e+00  1.00026e+00  2.26905e+04
 1.46837e+00  1.00016e+00  2.26978e+04
 1.47593e+00  1.00023e+00  2.27045e+04
 1.48412e+00  1.00020e+00  2.27117e+04
 1.49268e+00  1.00005e+00  2.27194e+04
 1.50089e+00  9.99938e-01  2.27267e+04
 1.50931e+00  1.00001e+00  2.27344e+04
 1.51671e+00  1.00032e+00  2.27412e+04
 1.52494e+00  1.00011e+00  2.27488e+04
 1.53297e+00  1.00012e+00  2.27562e+04
 1.54094e+00  9.99957e-01  2.27637e+04
 1.54930e+00  1.00029e+00  2.27716e+04
 1.55670e+00  9.99948e-01  2.27787e+04
 1.56551e+00  1.00011e+00  2.27871e+04
 1.57462e+00  1.00016e+00  2.27960e+04
 1.58261e+00  1.00016e+00  2.28038e+04
 1.59099e+00  1.00011e+00  2.28120e+04
 1.59838e+00  9.99966e-01  2.28194e+04
 1.60729e+00  1.00014e+00  2.28283e+04
 1.61560e+00  1.00041e+00  2.28367e+04
 1.62350e+00  1.00011e+00  2.28448e+04
 1.63173e+00  1.00018e+00  2.28532e+04
 1.63926e+00  1.00006e+00  2.28610e+04
 1.64750e+00  9.99998e-01  2.28696e+04
 1.65588e+00  1.00035e+00  2.28784e+04
 1.66344e+00  9.99998e-01  2.28864e+04
 1.67162e+00  9.99909e-01  2.28952e+04
 1.67988e+00  1.00012e+00  2.29041e+04
 1.68863e+00  1.00016e+00  2.29136e+04
 1.69823e+00  1.00010e+00  2.29241e+04
 1.70601e+00  1.00010e+00  2.29327e+04
 1.71416e+00  1.00008e+00  2.29418e+04
 1.72184e+00  9.99619e-01  2.29504e+04
 1.73067e+00  9.99734e-01  2.29604e+04
 1.73991e+00  1.00002e+00  2.29710e+04
 1.74767e+00  1.00018e+00  2.29799e+04
 1.75582e+00  1.00014e+00  2.29894e+04
 1.76479e+00  1.00001e+00  2.29999e+04
 1.77434e+00  9.99778e-01  2.30111e+04
 1.78296e+00  9.99856e-01  2.30214e+04
 1.79095e+00  9.99650e-01  2.30310e+04
 1.80012e+00  9.99863e-01  2.30421e+04
 1.80837e+00  9.99680e-01  2.30521e+04
 1.81692e+00  9.99913e-01  2.30626e+04
 1.82571e+00  9.99951e-01  2.30735e+04
 1.83422e+00  9.99635e-01  2.30841e+04
 1.84265e+00  9.99851e-01  2.30948e+04
 1.85019e+00  9.99908e-01  2.31043e+04
 1.85951e+00  9.99722e-01  2.31162e+04
 1.86891e+00  9.99920e-01  2.31283e+04
 1.87745e+00  9.99727e-01  2.31394e+04
 1.88622e+00  9.99811e-01  2.31509e+04
 1.89540e+00  9.99762e-01  2.31631e+04
 1.90437e+00  9.99352e-01  2.31750e+04
 1.91169e+00  9.99516e-01  2.31848e+04
 1.92141e+00  9.99733e-01  2.31979e+04
 1.93093e+00  9.99431e-01  2.32109e+04
 1.93917e+00  9.99293e-01  2.32222e+04
 1.94754e+00  9.99499e-01  2.32338e+04
 1.95509e+00  9.99245e-01  2.32443e+04
 1.96369e+00  9.99404e-01  2.32563e+04
 1.97199e+00  9.99237e-01  2.32681e+04
 1.98084e+00  9.99320e-01  2.32807e+04
 1.98939e+00  9.99497e-01  2.32929e+04
 1.99850e+00  9.99158e-01  2.33060e+04
 2.00673e+00  9.99119e-01  2.33180e+04
 2.01426e+00  9.99144e-01  2.33290e+04
 2.02293e+00  9.99088e-01  2.33418e+04
 2.03156e+00  9.99167e-01  2.33546e+04
 2.03936e+00  9.98709e-01  2.33662e+04
 2.04748e+00  9.98074e-01  2.33784e+04
 2.05519e+00  9.93890e-01  2.33900e+04
 2.06379e+00  9.88875e-01  2.34031e+04
 2.07254e+00  9.83112e-01  2.34165e+04
 2.08009e+00  9.78454e-01  2.34281e+04
 2.08908e+00  9.73365e-01  2.34421e+04
 2.09684e+00  9.73147e-01  2.34542e+04
 2.10576e+00  9.71766e-01  2.34681e+04
 2.11422e+00  9.74743e-01  2.34815e+04
 2.12184e+00  9.74750e-01  2.34936e+04
 2.13082e+00  9.79648e-01  2.35079e+04
 2.13926e+00  9.86503e-01  2.35215e+04
 2.14750e+00  9.91732e-01  2.35348e+04
 2.15587e+00  9.96104e-01  2.35484e+04
 2.16494e+00  9.98484e-01  2.35632e+04
 2.17340e+00  9.98765e-01  2.35771e+04
 2.18093e+00  9.98709e-01  2.35896e+04
 2.18917e+00  9.98864e-01  2.36033e+04
 2.19766e+00  9.98612e-01  2.36174e+04
 2.20614e+00  9.98518e-01  2.36317e+04
 2.21545e+00  9.98890e-01  2.36474e+04
 2.22337e+00  9.98850e-01  2.36608e+04
 2.23161e+00  9.98664e-01  2.36748e+04
 2.23992e+00  9.98930e-01  2.36891e+04
 2.24767e+00  9.98998e-01  2.37024e+04
 2.25582e+00  9.99014e-01  2.37165e+04
 2.26426e+00  9.99137e-01  2.37311e+04
 2.27250e+00  9.98896e-01  2.37454e+04
 2.28087e+00  9.99300e-01  2.37601e+04
 2.28844e+00  9.99178e-01  2.37734e+04
 2.29702e+00  9.98585e-01  2.37885e+04
 2.30519e+00  9.99203e-01  2.38029e+04
 2.31340e+00  9.99287e-01  2.38175e+04
 2.32181e+00  9.99700e-01  2.38325e+04
 2.32921e+00  9.99435e-01  2.38457e+04
 2.33744e+00  9.99657e-01  2.38605e+04
 2.34545e+00  9.99814e-01  2.38749e+04
 2.35449e+00  9.99768e-01  2.38912e+04
 2.36513e+00  1.00005e+00  2.39105e+04
 2.37414e+00  1.00039e+00  2.39269e+04
 2.38426e+00  1.00067e+00  2.39453e+04
 2.39290e+00  1.00096e+00  2.39611e+04
 2.40306e+00  1.00125e+00  2.39797e+04
 2.41186e+00  1.00148e+00  2.39959e+04
 2.42220e+00  1.00152e+00  2.40149e+04
 2.43169e+00  1.00185e+00  2.40325e+04
 2.44058e+00  1.01847e+00  2.40489e+04
 2.45109e+00  1.00232e+00  2.40684e+04
 2.46117e+00  1.01696e+00  2.40870e+04
 2.47007e+00  1.00287e+00  2.41036e+04
 2.47925e+00  1.01535e+00  2.41206e+04
 2.48952e+00  1.00320e+00  2.41397e+04
 2.49877e+00  1.01417e+00  2.41569e+04
 2.50791e+00  1.00381e+00  2.41739e+04
 2.51693e+00  1.00350e+00  2.41907e+04
 2.52538e+00  1.01328e+00  2.42064e+04
 2.53411e+00  1.00351e+00  2.42226e+04
 2.54282e+00  1.01238e+00  2.42388e+04
 2.55287e+00  1.00330e+00  2.42574e+04
 2.56313e+00  1.01130e+00  2.42764e+04
 2.57345e+00  1.00315e+00  2.42955e+04
 2.58209e+00  1.01046e+00  2.43114e+04
 2.59068e+00  1.00331e+00  2.43272e+04
 2.59932e+00  1.00289e+00  2.43431e+04
 2.60784e+00  1.00924e+00  2.43587e+04
 2.61723e+00  1.00257e+00  2.43758e+04
 2.62616e+00  1.00796e+00  2.43921e+04
 2.63546e+00  1.00208e+00  2.44090e+04
 2.64459e+00  1.00728e+00  2.44254e+04
 2.65318e+00  1.00182e+00  2.44409e+04
 2.66266e+00  1.00125e+00  2.44578e+04
 2.67120e+00  1.00588e+00  2.44730e+04
 2.68211e+00  1.00045e+00  2.44923e+04
 2.69119e+00  1.00492e+00  2.45083e+04
 2.70059e+00  1.00086e+00  2.45247e+04
 2.70948e+00  1.00399e+00  2.45402e+04
 2.71845e+00  1.00002e+00  2.45556e+04
 2.72712e+00  1.00296e+00  2.45704e+04
 2.73555e+00  9.99796e-01  2.45847e+04
 2.74420e+00  9.99634e-01  2.45993e+04
 2.75359e+00  9.99623e-01  2.46150e+04
 2.76251e+00  9.99309e-01  2.46298e+04
 2.77113e+00  1.00152e+00  2.46439e+04
 2.78010e+00  9.99333e-01  2.46585e+04
 2.78869e+00  1.00112e+00  2.46722e+04
 2.79735e+00  9.99212e-01  2.46860e+04
 2.80696e+00  9.99101e-01  2.47011e+04
 2.81619e+00  1.00089e+00  2.47154e+04
 2.82501e+00  9.99211e-01  2.47289e+04
 2.83363e+00  1.00061e+00  2.47419e+04
 2.84260e+00  9.98779e-01  2.47553e+04
 2.85124e+00  9.99035e-01  2.47680e+04
 2.86055e+00  9.99109e-01  2.47815e+04
 2.87004e+00  9.99072e-01  2.47950e+04
 2.87950e+00  9.99043e-01  2.48082e+04
 2.88827e+00  9.98548e-01  2.48203e+04
 2.89767e+00  1.00041e+00  2.48330e+04
 2.90679e+00  9.99060e-01  2.48450e+04
 2.91544e+00  1.00008e+00  2.48562e+04
 2.92490e+00  9.98755e-01  2.48683e+04
 2.93434e+00  9.99690e-01  2.48800e+04
 2.94311e+00  9.98766e-01  2.48906e+04
 2.95251e+00  9.97867e-01  2.49017e+04
 2.96118e+00  9.96298e-01  2.49118e+04
 2.97007e+00  9.91314e-01  2.49218e+04
 2.97878e+00  9.88277e-01  2.49313e+04
 2.98843e+00  9.83921e-01  2.49416e+04
 2.99703e+00  9.82324e-01  2.49505e+04
 3.00544e+00  9.80052e-01  2.49589e+04
 3.01412e+00  9.81911e-01  2.49673e+04
 3.02284e+00  9.85815e-01  2.49755e+04
 3.03179e+00  9.88091e-01  2.49837e+04
 3.04044e+00  9.92823e-01  2.49912e+04
 3.04901e+00  9.94631e-01  2.49984e+04
 3.05834e+00  9.98659e-01  2.50060e+04
 3.06706e+00  1.00004e+00  2.50127e+04
 3.07652e+00  9.99199e-01  2.50197e+04
 3.08564e+00  1.00028e+00  2.50261e+04
 3.09554e+00  9.99249e-01  2.50326e+04
 3.10483e+00  9.99253e-01  2.50384e+04
 3.11429e+00  9.99097e-01  2.50439e+04
 3.12295e+00  1.00022e+00  2.50486e+04
 3.13236e+00  9.99399e-01  2.50534e+04
 3.14098e+00  9.99177e-01  2.50574e+04
 3.14951e+00  1.00005e+00  2.50611e+04
 3.15885e+00  9.99718e-01  2.50648e+04
 3.16783e+00  9.99892e-01  2.50680e+04
 3.17679e+00  9.99355e-01  2.50709e+04
 3.18610e+00  1.00028e+00  2.50735e+04
 3.19486e+00  9.99550e-01  2.50755e+04
 3.20351e+00  9.99505e-01  2.50773e+04
 3.21288e+00  1.00011e+00  2.50788e+04
 3.22191e+00  9.99593e-01  2.50799e+04
 3.23192e+00  1.00026e+00  2.50807e+04
 3.24128e+00  9.99864e-01  2.50810e+04
 3.25085e+00  1.00030e+00  2.50809e+04
 3.26030e+00  9.99735e-01  2.50805e+04
 3.27069e+00  1.00027e+00  2.50795e+04
 3.28206e+00  9.99669e-01  2.50780e+04
 3.29185e+00  1.00014e+00  2.50762e+04
 3.30199e+00  1.00009e+00  2.50738e+04
 3.31128e+00  9.99975e-01  2.50713e+04
 3.31984e+00  9.99812e-01  2.50687e+04
 3.32943e+00  1.00004e+00  2.50653e+04
 3.33876e+00  1.00036e+00  2.50617e+04
 3.34866e+00  9.99751e-01  2.50574e+04
 3.35871e+00  1.00015e+00  2.50527e+04
 3.36894e+00  9.99916e-01  2.50474e+04
 3.37943e+00  1.00043e+00  2.50415e+04
 3.38954e+00  9.99772e-01  2.50355e+04
 3.39930e+00  1.00057e+00  2.50292e+04
 3.40877e+00  1.00011e+00  2.50228e+04
 3.41821e+00  1.00013e+00  2.50160e+04
 3.42791e+00  1.00009e+00  2.50087e+04
 3.43705e+00  1.00042e+00  2.50014e+04
 3.44580e+00  1.00009e+00  2.49942e+04
 3.45540e+00  1.00007e+00  2.49859e+04
 3.46472e+00  9.99938e-01  2.49775e+04
 3.47419e+00  9.99994e-01  2.49687e+04
 3.48354e+00  1.00010e+00  2.49597e+04
 3.49304e+00  1.00011e+00  2.49501e+04
 3.50285e+00  1.00040e+00  2.49400e+04
 3.51292e+00  1.00040e+00  2.49292e+04
 3.52199e+00  1.00029e+00  2.49192e+04
 3.53149e+00  9.99702e-01  2.49085e+04
 3.54122e+00  1.00033e+00  2.48972e+04
 3.54997e+00  1.00015e+00  2.48867e+04
 3.55953e+00  1.00020e+00  2.48750e+04
 3.56881e+00  1.00038e+00  2.48634e+04
 3.57836e+00  1.00007e+00  2.48512e+04
 3.58702e+00  1.00004e+00  2.48399e+04
 3.59627e+00  1.00034e+00  2.48276e+04
 3.60579e+00  1.00051e+00  2.48147e+04
 3.61541e+00  1.00039e+00  2.48014e+04
 3.62455e+00  1.00051e+00  2.47885e+04
 3.63330e+00  1.00023e+00  2.47760e+04
 3.64286e+00  1.00035e+00  2.47621e+04
 3.65269e+00  1.00061e+00  2.47476e+04
 3.66505e+00  1.00066e+00  2.47290e+04
 3.67475e+00  1.00044e+00  2.47142e+04
 3.68452e+00  1.00085e+00  2.46990e+04
 3.69294e+00  1.00077e+00  2.46858e+04
 3.70235e+00  1.00001e+00  2.46709e+04
 3.71202e+00  1.00047e+00  2.46554e+04
 3.72127e+00  1.00042e+00  2.46404e+04
 3.73033e+00  1.00060e+00  2.46255e+04
 3.73949e+00  1.00014e+00  2.46104e+04
 3.74889e+00  1.00068e+00  2.45947e+04
 3.75830e+00  1.00038e+00  2.45788e+04
 3.76786e+00  1.00000e+00  2.45626e+04
 3.77626e+00  1.00044e+00  2.45482e+04
 3.78570e+00  1.00006e+00  2.45319e+04
 3.79525e+00  1.00007e+00  2.45153e+04
 3.80461e+00  1.00012e+00  2.44990e+04
 3.81366e+00  1.00042e+00  2.44831e+04
 3.82280e+00  1.00022e+00  2.44669e+04
 3.83232e+00  1.00035e+00  2.44500e+04
 3.84203e+00  9.99946e-01  2.44326e+04
 3.85230e+00  1.00036e+00  2.44142e+04
 3.86151e+00  1.00026e+00  2.43975e+04
 3.87141e+00  1.00049e+00  2.43796e+04
 3.88138e+00  1.00036e+00  2.43615e+04
 3.89086e+00  1.00034e+00  2.43442e+04
 3.90022e+00  1.00066e+00  2.43271e+04
 3.90970e+00  1.00026e+00  2.43097e+04
 3.91868e+00  1.00022e+00  2.42932e+04
 3.92790e+00  1.00028e+00  2.42762e+04
 3.93666e+00  1.00066e+00  2.42601e+04
 3.94453e+00  9.99937e-01  2.42455e+04
 3.95392e+00  1.00009e+00  2.42282e+04
 3.96171e+00  1.00061e+00  2.42137e+04
 3.96951e+00  9.99908e-01  2.41993e+04
 3.97761e+00  1.00016e+00  2.41843e+04
 3.98497e+00  1.00047e+00  2.41707e+04
 3.99243e+00  9.99907e-01  2.41568e+04
 4.00077e+00  1.00009e+00  2.41414e+04
 4.01011e+00  9.99879e-01  2.41241e+04
 4.01856e+00  1.00029e+00  2.41085e+04
 4.02665e+00  1.00033e+00  2.40935e+04
 4.03411e+00  9.99977e-01  2.40797e+04
 4.04223e+00  1.00040e+00  2.40648e+04
 4.05002e+00  1.00012e+00  2.40504e+04
 4.05744e+00  9.99982e-01  2.40367e+04
 4.06514e+00  1.00028e+00  2.40226e+04
 4.07299e+00  1.00003e+00  2.40082e+04
 4.08098e+00  1.00025e+00  2.39935e+04
 4.08869e+00  1.00029e+00  2.39794e+04
 4.09661e+00  1.00020e+00  2.39650e+04
 4.10494e+00  1.00011e+00  2.39498e+04
 4.11325e+00  9.99960e-01  2.39347e+04
 4.12085e+00  1.00011e+00  2.39209e+04
 4.12838e+00  1.00022e+00  2.39073e+04
 4.13619e+00  1.00024e+00  2.38932e+04
 4.14461e+00  1.00040e+00  2.38781e+04
 4.15259e+00  1.00010e+00  2.38638e+04
 4.16077e+00  9.99738e-01  2.38492e+04
 4.16861e+00  1.00023e+00  2.38352e+04
 4.17658e+00  1.00028e+00  2.38211e+04
 4.18514e+00  1.00043e+00  2.38059e+04
 4.19248e+00  1.00051e+00  2.37930e+04
 4.20074e+00  1.00000e+00  2.37785e+04
 4.20889e+00  1.00045e+00  2.37642e+04
 4.21697e+00  1.00011e+00  2.37501e+04
 4.22582e+00  1.00021e+00  2.37348e+04
 4.23413e+00  1.00028e+00  2.37204e+04
 4.24241e+00  1.00004e+00  2.37062e+04
 4.25055e+00  1.00025e+00  2.36923e+04
 4.25837e+00  1.00016e+00  2.36789e+04
 4.26577e+00  1.00020e+00  2.36664e+04
 4.27348e+00  1.00045e+00  2.36533e+04
 4.28155e+00  1.00028e+00  2.36398e+04
 4.29011e+00  1.00054e+00  2.36254e+04
 4.29747e+00  1.00010e+00  2.36132e+04
 4.30559e+00  1.00038e+00  2.35997e+04
 4.31375e+00  1.00049e+00  2.35862e+04
 4.32162e+00  1.00019e+00  2.35733e+04
 4.32918e+00  1.00011e+00  2.35610e+04
 4.33671e+00  1.00019e+00  2.35487e+04
 4.34513e+00  1.00034e+00  2.35351e+04
 4.35404e+00  1.00020e+00  2.35208e+04
 4.36167e+00  1.00024e+00  2.35086e+04
 4.36909e+00  1.00010e+00  2.34968e+04
 4.37745e+00  1.00053e+00  2.34836e+04
 4.38551e+00  1.00013e+00  2.34709e+04
 4.39348e+00  1.00022e+00  2.34585e+04
 4.40150e+00  1.00046e+00  2.34460e+04
 4.40934e+00  1.00016e+00  2.34339e+04
 4.41792e+00  1.00030e+00  2.34207e+04
 4.42575e+00  9.99992e-01  2.34088e+04
 4.43340e+00  1.00022e+00  2.33972e+04
 4.44240e+00  1.00033e+00  2.33836e+04
 4.45008e+00  9.99904e-01  2.33721e+04
 4.45819e+00  1.00046e+00  2.33600e+04
 4.46586e+00  1.00005e+00  2.33487e+04
 4.47326e+00  9.99810e-01  2.33378e+04
 4.48165e+00  1.00005e+00  2.33255e+04
 4.49010e+00  1.00055e+00  2.33133e+04
 4.49843e+00  1.00046e+00  2.33013e+04
 4.50623e+00  1.00031e+00  2.32901e+04
 4.51411e+00  1.00005e+00  2.32789e+04
 4.52208e+00  1.00040e+00  2.32676e+04
 4.53048e+00  1.00022e+00  2.32558e+04
 4.53933e+00  1.00036e+00  2.32435e+04
 4.54663e+00  1.00028e+00  2.32334e+04
 4.55424e+00  1.00009e+00  2.32230e+04
 4.56277e+00  1.00007e+00  2.32113e+04
 4.57224e+00  9.99859e-01  2.31985e+04
 4.58066e+00  9.99851e-01  2.31871e+04
 4.58831e+00  1.00021e+00  2.31769e+04
 4.59591e+00  9.99780e-01  2.31669e+04
 4.60403e+00  1.00023e+00  2.31562e+04
 4.61183e+00  9.99919e-01  2.31460e+04
 4.61994e+00  9.99967e-01  2.31354e+04
 4.62829e+00  1.00053e+00  2.31247e+04
 4.63705e+00  1.00010e+00  2.31135e+04
 4.64569e+00  1.00025e+00  2.31025e+04
 4.65350e+00  9.99619e-01  2.30927e+04
 4.66240e+00  1.00017e+00  2.30816e+04
 4.67004e+00  1.00013e+00  2.30721e+04
 4.67786e+00  9.99877e-01  2.30625e+04
 4.68600e+00  1.00036e+00  2.30525e+04
 4.69414e+00  1.00013e+00  2.30426e+04
 4.70161e+00  1.00010e+00  2.30336e+04
 4.70958e+00  1.00041e+00  2.30241e+04
 4.71744e+00  1.00005e+00  2.30148e+04
 4.72532e+00  1.00006e+00  2.30055e+04
 4.73341e+00  1.00021e+00  2.29960e+04
 4.74174e+00  1.00023e+00  2.29864e+04
 4.74986e+00  1.00053e+00  2.29770e+04
 4.75753e+00  1.00003e+00  2.29683e+04
 4.76492e+00  1.00018e+00  2.29599e+04
 4.77316e+00  1.00007e+00  2.29506e+04
 4.78132e+00  1.00044e+00  2.29415e+04
 4.78933e+00  1.00029e+00  2.29327e+04
 4.79749e+00  1.00017e+00  2.29237e+04
 4.80523e+00  1.00008e+00  2.29152e+04
 4.81375e+00  1.00043e+00  2.29060e+04
 4.82200e+00  1.00005e+00  2.28972e+04
 4.83010e+00  1.00001e+00  2.28885e+04
 4.83825e+00  1.00034e+00  2.28799e+04
 4.84661e+00  1.00038e+00  2.28712e+04
 4.85473e+00  1.00024e+00  2.28627e+04
 4.86254e+00  1.00029e+00  2.28547e+04
 4.87035e+00  1.00030e+00  2.28467e+04
 4.87914e+00  1.00033e+00  2.28378e+04
 4.88773e+00  1.00024e+00  2.28291e+04
 4.89669e+00  1.00000e+00  2.28202e+04
 4.90553e+00  9.99989e-01  2.28115e+04
 4.91502e+00  1.00025e+00  2.28022e+04
 4.92265e+00  1.00018e+00  2.27948e+04
 4.93204e+00  9.99920e-01  2.27857e+04
 4.94074e+00  1.00008e+00  2.27774e+04
 4.95066e+00  9.99996e-01  2.27680e+04
 4.96028e+00  1.00011e+00  2.27590e+04
 4.96886e+00  1.00011e+00  2.27511e+04
 4.97862e+00  1.00016e+00  2.27421e+04
 4.98949e+00  1.00002e+00  2.27322e+04
 5.00009e+00  1.00005e+00  2.27227e+04
 5.01142e+00  9.99959e-01  2.27126e+04
 5.02246e+00  1.00044e+00  2.27029e+04
 5.03228e+00  1.00026e+00  2.26943e+04
 5.04098e+00  1.00020e+00  2.26868e+04
 5.04979e+00  1.00010e+00  2.26793e+04
 5.05902e+00  1.00052e+00  2.26715e+04
 5.06673e+00  1.00018e+00  2.26650e+04
 5.07518e+00  1.00006e+00  2.26580e+04
 5.08395e+00  1.00017e+00  2.26507e+04
 5.09186e+00  1.00018e+00  2.26443e+04
 5.10009e+00  1.00033e+00  2.26376e+04
 5.10762e+00  1.00025e+00  2.26315e+04
 5.11585e+00  9.99894e-01  2.26249e+04
 5.12423e+00  1.00027e+00  2.26183e+04
 5.13178e+00  9.99939e-01  2.26124e+04
 5.14087e+00  1.00025e+00  2.26053e+04
 5.14928e+00  1.00039e+00  2.25988e+04
 5.15753e+00  1.00026e+00  2.25925e+04
 5.16589e+00  1.00016e+00  2.25861e+04
 5.17345e+00  1.00023e+00  2.25804e+04
 5.18165e+00  1.00020e+00  2.25743e+04
 5.19020e+00  1.00005e+00  2.25680e+04
 5.19841e+00  9.99938e-01  2.25620e+04
 5.20684e+00  1.00001e+00  2.25558e+04
 5.21424e+00  1.00032e+00  2.25505e+04
 5.22247e+00  1.00011e+00  2.25446e+04
 5.23050e+00  1.00012e+00  2.25389e+04
 5.23847e+00  9.99957e-01  2.25333e+04
 5.24683e+00  1.00029e+00  2.25274e+04
 5.25423e+00  9.99948e-01  2.25223e+04
 5.26303e+00  1.00011e+00  2.25162e+04
 5.27215e+00  1.00016e+00  2.25100e+04
 5.28014e+00  1.00016e+00  2.25046e+04
 5.28852e+00  1.00011e+00  2.24990e+04
 5.29591e+00  9.99966e-01  2.24941e+04
 5.30481e+00  1.00014e+00  2.24882e+04
 5.31313e+00  1.00041e+00  2.24828e+04
 5.32103e+00  1.00011e+00  2.24777e+04
 5.32926e+00  1.00018e+00  2.24724e+04
 5.33678e+00  1.00006e+00  2.24676e+04
 5.34503e+00  9.99998e-01  2.24624e+04
 5.35341e+00  1.00035e+00  2.24571e+04
 5.36096e+00  9.99998e-01  2.24524e+04
 5.36915e+00  9.99909e-01  2.24474e+04
 5.37740e+00  1.00012e+00  2.24424e+04
 5.38615e+00  1.00016e+00  2.24370e+04
 5.39576e+00  1.00010e+00  2.24313e+04
 5.40354e+00  1.00010e+00  2.24266e+04
 5.41169e+00  1.00008e+00  2.24218e+04
 5.41936e+00  9.99619e-01  2.24173e+04
 5.42820e+00  9.99734e-01  2.24122e+04
 5.43743e+00  1.00002e+00  2.24069e+04
 5.44520e+00  1.00018e+00  2.24024e+04
 5.45335e+00  1.00014e+00  2.23978e+04
 5.46232e+00  1.00001e+00  2.23928e+04
 5.47187e+00  9.99778e-01  2.23875e+04
 5.48048e+00  9.99856e-01  2.23827e+04
 5.48848e+00  9.99650e-01  2.23783e+04
 5.49765e+00  9.99863e-01  2.23734e+04
 5.50590e+00  9.99680e-01  2.23689e+04
 5.51444e+00  9.99913e-01  2.23644e+04
 5.52323e+00  9.99951e-01  2.23597e+04
 5.53174e+00  9.99635e-01  2.23553e+04
 5.54018e+00  9.99851e-01  2.23509e+04
 5.54772e+00  9.99908e-01  2.23470e+04
 5.55704e+00  9.99722e-01  2.23423e+04
 5.56644e+00  9.99920e-01  2.23375e+04
 5.57497e+00  9.99727e-01  2.23332e+04
 5.58375e+00  9.99811e-01  2.23289e+04
 5.59293e+00  9.99762e-01  2.23243e+04
 5.60189e+00  9.99352e-01  2.23200e+04
 5.60921e+00  9.99516e-01  2.23164e+04
 5.61893e+00  9.99733e-01  2.23117e+04
 5.62845e+00  9.99431e-01  2.23072e+04
 5.63670e+00  9.99293e-01  2.23033e+04
 5.64506e+00  9.99499e-01  2.22994e+04
 5.65261e+00  9.99245e-01  2.22959e+04
 5.66122e+00  9.99404e-01  2.22919e+04
 5.66952e+00  9.99237e-01  2.22882e+04
 5.67837e+00  9.99320e-01  2.22841e+04
 5.68692e+00  9.99497e-01  2.22803e+04
 5.69603e+00  9.99158e-01  2.22763e+04
 5.70426e+00  9.99119e-01  2.22726e+04
 5.71178e+00  9.99144e-01  2.22693e+04
 5.72046e+00  9.99088e-01  2.22656e+04
 5.72909e+00  9.99167e-01  2.22618e+04
 5.73689e+00  9.98709e-01  2.22585e+04
 5.74501e+00  9.98074e-01  2.22551e+04
 5.75272e+00  9.93890e-01  2.22518e+04
 5.76131e+00  9.88875e-01  2.22482e+04
 5.77006e+00  9.83112e-01  2.22446e+04
 5.77761e+00  9.78454e-01  2.22415e+04
 5.78660e+00  9.73365e-01  2.22378e+04
 5.79436e+00  9.73147e-01  2.22347e+04
 5.80328e+00  9.71766e-01  2.22311e+04
 5.81175e+00  9.74743e-01  2.22278e+04
 5.81937e+00  9.74750e-01  2.22248e+04
 5.82835e+00  9.79648e-01  2.22212e+04
 5.83678e+00  9.86503e-01  2.22180e+04
 5.84503e+00  9.91732e-01  2.22148e+04
 5.85339e+00  9.96104e-01  2.22116e+04
 5.86247e+00  9.98484e-01  2.22082e+04
 5.87093e+00  9.98765e-01  2.22050e+04
 5.87845e+00  9.98709e-01  2.22022e+04
 5.88670e+00  9.98864e-01  2.21991e+04
 5.89519e+00  9.98612e-01  2.21960e+04
 5.90367e+00  9.98518e-01  2.21929e+04
 5.91297e+00  9.98890e-01  2.21896e+04
 5.92090e+00  9.98850e-01  2.21867e+04
 5.92913e+00  9.98664e-01  2.21838e+04
 5.93745e+00  9.98930e-01  2.21809e+04
 5.94520e+00  9.98998e-01  2.21782e+04
 5.95335e+00  9.99014e-01  2.21753e+04
 5.96178e+00  9.99137e-01  2.21724e+04
 5.97003e+00  9.98896e-01  2.21696e+04
 5.97839e+00  9.99300e-01  2.21668e+04
 5.98596e+00  9.99178e-01  2.21642e+04
 5.99455e+00  9.98585e-01  2.21613e+04
 6.00272e+00  9.99203e-01  2.21586e+04
 6.01093e+00  9.99287e-01  2.21559e+04
 6.01934e+00  9.99700e-01  2.21532e+04
 6.02674e+00  9.99435e-01  2.21508e+04
 6.03497e+00  9.99657e-01  2.21481e+04
 6.04298e+00  9.99814e-01  2.21456e+04
 6.05202e+00  9.99768e-01  2.21427e+04
 6.06265e+00  1.00005e+00  2.21394e+04
 6.07166e+00  1.00039e+00  2.21366e+04
 6.08179e+00  1.00067e+00  2.21335e+04
 6.09043e+00  1.00096e+00  2.21308e+04
 6.10059e+00  1.00125e+00  2.21277e+04
 6.10939e+00  1.00148e+00  2.21251e+04
 6.11973e+00  1.00152e+00  2.21220e+04
 6.12922e+00  1.00185e+00  2.21192e+04
 6.13811e+00  1.01847e+00  2.21166e+04
 6.14862e+00  1.00232e+00  2.21136e+04
 6.15870e+00  1.01696e+00  2.21107e+04
 6.16760e+00  1.00287e+00  2.21081e+04
 6.17678e+00  1.01535e+00  2.21055e+04
 6.18705e+00  1.00320e+00  2.21027e+04
 6.19630e+00  1.01417e+00  2.21001e+04
 6.20544e+00  1.00381e+00  2.20976e+04
 6.21446e+00  1.00350e+00  2.20951e+04
 6.22290e+00  1.01328e+00  2.20928e+04
 6.23164e+00  1.00351e+00  2.20905e+04
 6.24035e+00  1.01238e+00  2.20882e+04
 6.25039e+00  1.00330e+00  2.20855e+04
 6.26066e+00  1.01130e+00  2.20828e+04
 6.27097e+00  1.00315e+00  2.20801e+04
 6.27962e+00  1.01046e+00  2.20779e+04
 6.28820e+00  1.00331e+00  2.20757e+04
 6.29684e+00  1.00289e+00  2.20735e+04
 6.30537e+00  1.00924e+00  2.20714e+04
 6.31476e+00  1.00257e+00  2.20690e+04
 6.32369e+00  1.00796e+00  2.20668e+04
 6.33299e+00  1.00208e+00  2.20645e+04
 6.34212e+00  1.00728e+00  2.20623e+04
 6.35070e+00  1.00182e+00  2.20602e+04
 6.36019e+00  1.00125e+00  2.20579e+04
 6.36872e+00  1.00588e+00  2.20559e+04
 6.37964e+00  1.00045e+00  2.20533e+04
 6.38872e+00  1.00492e+00  2.20512e+04
 6.39812e+00  1.00086e+00  2.20490e+04
 6.40701e+00  1.00399e+00  2.20470e+04
 6.41598e+00  1.00002e+00  2.20449e+04
 6.42464e+00  1.00296e+00  2.20430e+04
 6.43308e+00  9.99796e-01  2.20411e+04
 6.44173e+00  9.99634e-01  2.20391e+04
 6.45112e+00  9.99623e-01  2.20371e+04
 6.46003e+00  9.99309e-01  2.20351e+04
 6.46866e+00  1.00152e+00  2.20332e+04
 6.47763e+00  9.99333e-01  2.20313e+04
 6.48622e+00  1.00112e+00  2.20294e+04
 6.49488e+00  9.99212e-01  2.20276e+04
 6.50448e+00  9.99101e-01  2.20255e+04
 6.51372e+00  1.00089e+00  2.20236e+04
 6.52253e+00  9.99211e-01  2.20218e+04
 6.53116e+00  1.00061e+00  2.20200e+04
 6.54013e+00  9.98779e-01  2.20181e+04
 6.54877e+00  9.99035e-01  2.20164e+04
 6.55808e+00  9.99109e-01  2.20145e+04
 6.56756e+00  9.99072e-01  2.20126e+04
 6.57703e+00  9.99043e-01  2.20107e+04
 6.58580e+00  9.98548e-01  2.20090e+04
 6.59520e+00  1.00041e+00  2.20071e+04
 6.60431e+00  9.99060e-01  2.20053e+04
 6.61297e+00  1.00008e+00  2.20037e+04
 6.62243e+00  9.98755e-01  2.20019e+04
 6.63187e+00  9.99690e-01  2.20001e+04
 6.64064e+00  9.98766e-01  2.19984e+04
 6.65004e+00  9.97867e-01  2.19966e+04
 6.65871e+00  9.96298e-01  2.19950e+04
 6.66760e+00  9.91314e-01  2.19934e+04
 6.67631e+00  9.88277e-01  2.19918e+04
 6.68596e+00  9.83921e-01  2.19900e+04
 6.69456e+00  9.82324e-01  2.19885e+04
 6.70297e+00  9.80052e-01  2.19870e+04
 6.71165e+00  9.81911e-01  2.19854e+04
 6.72037e+00  9.85815e-01  2.19839e+04
 6.72931e+00  9.88091e-01  2.19823e+04
 6.73797e+00  9.92823e-01  2.19808e+04
 6.74654e+00  9.94631e-01  2.19793e+04
 6.75586e+00  9.98659e-01  2.19777e+04
 6.76458e+00  1.00004e+00  2.19762e+04
 6.77405e+00  9.99199e-01  2.19746e+04
 6.78317e+00  1.00028e+00  2.19731e+04
 6.79307e+00  9.99249e-01  2.19715e+04
 6.80236e+00  9.99253e-01  2.19699e+04
 6.81182e+00  9.99097e-01  2.19684e+04
 6.82048e+00  1.00022e+00  2.19670e+04
 6.82988e+00  9.99399e-01  2.19654e+04
 6.83850e+00  9.99177e-01  2.19640e+04
 6.84703e+00  1.00005e+00  2.19627e+04
 6.85637e+00  9.99718e-01  2.19612e+04
 6.86536e+00  9.99892e-01  2.19598e+04
 6.87432e+00  9.99355e-01  2.19584e+04
 6.88363e+00  1.00028e+00  2.19570e+04
 6.89238e+00  9.99550e-01  2.19556e+04
 6.90104e+00  9.99505e-01  2.19543e+04
 6.91040e+00  1.00011e+00  2.19529e+04
 6.91944e+00  9.99593e-01  2.19515e+04
 6.92945e+00  1.00026e+00  2.19500e+04
 6.93881e+00  9.99864e-01  2.19486e+04
 6.94838e+00  1.00030e+00  2.19472e+04
 6.95783e+00  9.99735e-01  2.19458e+04
 6.96822e+00  1.00027e+00  2.19443e+04
 6.97959e+00  9.99669e-01  2.19427e+04
 6.98937e+00  1.00014e+00  2.19413e+04
 6.99951e+00  1.00009e+00  2.19398e+04
 7.00881e+00  9.99975e-01  2.19385e+04
 7.01737e+00  9.99812e-01  2.19373e+04
 7.02696e+00  1.00004e+00  2.19360e+04
 7.03629e+00  1.00036e+00  2.19347e+04
 7.04619e+00  9.99751e-01  2.19334e+04
 7.05623e+00  1.00015e+00  2.19320e+04
 7.06646e+00  9.99916e-01  2.19306e+04
 7.07695e+00  1.00043e+00  2.19292e+04
 7.08707e+00  9.99772e-01  2.19279e+04
 7.09683e+00  1.00057e+00  2.19266e+04
 7.10630e+00  1.00011e+00  2.19254e+04
 7.11574e+00  1.00013e+00  2.19242e+04
 7.12544e+00  1.00009e+00  2.19229e+04
 7.13458e+00  1.00042e+00  2.19217e+04
 7.14333e+00  1.00009e+00  2.19206e+04
 7.15293e+00  1.00007e+00  2.19194e+04
 7.16225e+00  9.99938e-01  2.19183e+04
 7.17172e+00  9.99994e-01  2.19171e+04
 7.18107e+00  1.00010e+00  2.19159e+04
 7.19057e+00  1.00011e+00  2.19148e+04
 7.20038e+00  1.00040e+00  2.19136e+04
 7.21045e+00  1.00040e+00  2.19124e+04
 7.21952e+00  1.00029e+00  2.19113e+04
 7.22901e+00  9.99702e-01  2.19101e+04
 7.23875e+00  1.00033e+00  2.19090e+04
 7.24750e+00  1.00015e+00  2.19080e+04
 7.25706e+00  1.00020e+00  2.19069e+04
 7.26634e+00  1.00038e+00  2.19058e+04
 7.27588e+00  1.00007e+00  2.19047e+04
 7.28454e+00  1.00004e+00  2.19037e+04
 7.29380e+00  1.00034e+00  2.19027e+04
 7.30332e+00  1.00051e+00  2.19016e+04
 7.31294e+00  1.00039e+00  2.19005e+04
 7.32208e+00  1.00051e+00  2.18995e+04
 7.33083e+00  1.00023e+00  2.18985e+04
 7.34039e+00  1.00035e+00  2.18975e+04
 7.35022e+00  1.00061e+00  2.18964e+04
 7.36258e+00  1.00066e+00  2.18951e+04
 7.37228e+00  1.00044e+00  2.18940e+04
 7.38205e+00  1.00085e+00  2.18930e+04
 7.39047e+00  1.00077e+00  2.18921e+04
