648
 9.79800e-03  1.00035e+00  1.00010e+00
 4.32060e-02  9.99851e-01  1.00011e+00
 7.67250e-02  1.00019e+00  1.00012e+00
 1.13948e-01  1.00034e+00  1.00012e+00
 1.47396e-01  9.99911e-01  1.00013e+00
 1.80875e-01  1.00019e+00  1.00014e+00
 2.20515e-01  9.99991e-01  1.00014e+00
 2.65948e-01  9.99959e-01  1.00015e+00
 3.03617e-01  9.99895e-01  1.00016e+00
 3.38947e-01  9.99958e-01  1.00017e+00
 3.76437e-01  9.99824e-01  1.00018e+00
 4.09985e-01  9.99942e-01  1.00018e+00
 4.49308e-01  9.99918e-01  1.00019e+00
 4.84896e-01  1.00015e+00  1.00020e+00
 5.24496e-01  1.00023e+00  1.00021e+00
 5.61926e-01  1.00010e+00  1.00022e+00
 5.97485e-01  1.00004e+00  1.00023e+00
 6.36858e-01  1.00017e+00  1.00023e+00
 6.74476e-01  9.99764e-01  1.00024e+00
 7.09767e-01  9.99385e-01  1.00025e+00
 7.45405e-01  9.99153e-01  1.00026e+00
 7.82797e-01  9.98906e-01  1.00027e+00
 8.18048e-01  9.98879e-01  1.00028e+00
 8.51496e-01  9.98831e-01  1.00029e+00
 8.87075e-01  9.98941e-01  1.00030e+00
 9.26339e-01  9.99387e-01  1.00031e+00
 9.61887e-01  9.99232e-01  1.00031e+00
 9.97336e-01  9.99637e-01  1.00032e+00
 1.03280e+00  9.99917e-01  1.00033e+00
 1.06806e+00  1.00032e+00  1.00034e+00
 1.10151e+00  1.00027e+00  1.00035e+00
 1.13697e+00  1.00003e+00  1.00036e+00
 1.17222e+00  1.00015e+00  1.00037e+00
 1.20366e+00  1.00028e+00  1.00038e+00
 1.23659e+00  1.00066e+00  1.00038e+00
 1.26813e+00  1.00025e+00  1.00039e+00
 1.30370e+00  1.00005e+00  1.00040e+00
 1.34514e+00  9.99888e-01  1.00041e+00
 1.38046e+00  1.00004e+00  1.00041e+00
 1.41396e+00  9.99955e-01  1.00042e+00
 1.45162e+00  9.99700e-01  1.00043e+00
 1.49086e+00  9.99879e-01  1.00044e+00
 1.52628e+00  9.99844e-01  1.00044e+00
 1.55980e+00  9.99961e-01  1.00045e+00
 1.59730e+00  9.99948e-01  1.00045e+00
 1.63687e+00  9.99965e-01  1.00045e+00
 1.67225e+00  1.00063e+00  1.00046e+00
 1.71199e+00  1.00056e+00  1.00046e+00
 1.75546e+00  1.00069e+00  1.00046e+00
 1.79310e+00  1.00061e+00  1.00046e+00
 1.83274e+00  1.00040e+00  1.00046e+00
 1.87435e+00  1.00023e+00  1.00045e+00
 1.91604e+00  1.00032e+00  1.00044e+00
 1.95768e+00  9.99995e-01  1.00044e+00
 1.99531e+00  1.00014e+00  1.00042e+00
 2.03270e+00  9.99814e-01  1.00041e+00
 2.06797e+00  1.00030e+00  1.00040e+00
 2.10145e+00  1.00015e+00  1.00038e+00
 2.14104e+00  1.00032e+00  1.00036e+00
 2.18477e+00  1.00001e+00  1.00033e+00
 2.23050e+00  1.00010e+00  1.00030e+00
 2.27638e+00  1.00011e+00  1.00026e+00
 2.32619e+00  9.99800e-01  1.00021e+00
 2.37226e+00  1.00005e+00  1.00016e+00
 2.41594e+00  1.00002e+00  1.00010e+00
 2.45558e+00  1.00009e+00  1.00005e+00
 2.49494e+00  9.99910e-01  9.99986e-01
 2.53260e+00  9.99682e-01  9.99922e-01
 2.56789e+00  9.99588e-01  9.99858e-01
 2.60345e+00  9.99974e-01  9.99788e-01
 2.63903e+00  9.99573e-01  9.99713e-01
 2.67828e+00  9.99774e-01  9.99625e-01
 2.72190e+00  9.99694e-01  9.99519e-01
 2.77429e+00  9.99468e-01  9.99383e-01
 2.83238e+00  9.99217e-01  9.99221e-01
 2.87841e+00  9.99146e-01  9.99084e-01
 2.92810e+00  9.99403e-01  9.98929e-01
 2.97618e+00  9.99412e-01  9.98774e-01
 3.02404e+00  9.99660e-01  9.98616e-01
 3.06799e+00  9.99677e-01  9.98469e-01
 3.12595e+00  9.99570e-01  9.98276e-01
 3.18621e+00  9.99706e-01  9.98081e-01
 3.24673e+00  1.00067e+00  9.97898e-01
 3.30906e+00  9.98160e-01  9.97729e-01
 3.36743e+00  9.99063e-01  9.97597e-01
 3.42583e+00  9.98678e-01  9.97497e-01
 3.48004e+00  9.98773e-01  9.97438e-01
 3.53210e+00  9.98389e-01  9.97417e-01
 3.58629e+00  9.96344e-01  9.97436e-01
 3.64244e+00  9.86832e-01  9.97501e-01
 3.70073e+00  9.80721e-01  9.97621e-01
 3.76125e+00  9.84180e-01  9.97799e-01
 3.83198e+00  9.96842e-01  9.98073e-01
 3.89244e+00  9.99460e-01  9.98357e-01
 3.94665e+00  9.99432e-01  9.98643e-01
 4.00706e+00  9.99055e-01  9.98987e-01
 4.06949e+00  9.99016e-01  9.99359e-01
 4.12588e+00  9.98937e-01  9.99700e-01
 4.17796e+00  9.98885e-01  1.00001e+00
 4.23011e+00  1.00082e+00  1.00031e+00
 4.28438e+00  9.98816e-01  1.00060e+00
 4.32817e+00  9.99480e-01  1.00082e+00
 4.36983e+00  1.00005e+00  1.00101e+00
 4.41148e+00  9.99888e-01  1.00119e+00
 4.45324e+00  1.00056e+00  1.00135e+00
 4.49296e+00  9.99994e-01  1.00148e+00
 4.53669e+00  1.00019e+00  1.00160e+00
 4.57838e+00  1.00040e+00  1.00170e+00
 4.61590e+00  1.00089e+00  1.00177e+00
 4.65753e+00  1.00158e+00  1.00184e+00
 4.70333e+00  1.00245e+00  1.00189e+00
 4.74087e+00  1.00292e+00  1.00192e+00
 4.78045e+00  1.00349e+00  1.00193e+00
 4.82194e+00  1.00393e+00  1.00194e+00
 4.86153e+00  1.00397e+00  1.00193e+00
 4.89937e+00  1.00359e+00  1.00191e+00
 4.94712e+00  1.00322e+00  1.00188e+00
 4.98850e+00  1.00278e+00  1.00184e+00
 5.03473e+00  1.00185e+00  1.00180e+00
 5.08025e+00  1.00137e+00  1.00174e+00
 5.11805e+00  1.00027e+00  1.00169e+00
 5.15945e+00  1.00101e+00  1.00164e+00
 5.19918e+00  9.91400e-01  1.00158e+00
 5.24076e+00  9.69366e-01  1.00152e+00
 5.28473e+00  9.51708e-01  1.00145e+00
 5.32399e+00  9.56110e-01  1.00139e+00
 5.36153e+00  9.72494e-01  1.00133e+00
 5.39704e+00  9.92641e-01  1.00128e+00
 5.43247e+00  9.99943e-01  1.00122e+00
 5.47619e+00  1.00019e+00  1.00116e+00
 5.52009e+00  1.00029e+00  1.00109e+00
 5.56573e+00  1.00031e+00  1.00103e+00
 5.60981e+00  1.00032e+00  1.00097e+00
 5.65533e+00  1.00029e+00  1.00091e+00
 5.69924e+00  1.00003e+00  1.00085e+00
 5.74498e+00  9.99939e-01  1.00079e+00
 5.78660e+00  9.99902e-01  1.00074e+00
 5.82837e+00  9.99903e-01  1.00069e+00
 5.86585e+00  9.99981e-01  1.00065e+00
 5.90114e+00  9.99982e-01  1.00061e+00
 5.93681e+00  9.99818e-01  1.00058e+00
 5.98035e+00  9.99697e-01  1.00054e+00
 6.01594e+00  9.99911e-01  1.00050e+00
 6.05764e+00  9.99913e-01  1.00047e+00
 6.09501e+00  9.99520e-01  1.00043e+00
 6.13265e+00  9.99986e-01  1.00040e+00
 6.17198e+00  9.99864e-01  1.00037e+00
 6.20952e+00  1.00003e+00  1.00035e+00
 6.24903e+00  1.00010e+00  1.00032e+00
 6.29070e+00  1.00001e+00  1.00029e+00
 6.32834e+00  1.00008e+00  1.00027e+00
 6.36795e+00  9.99884e-01  1.00025e+00
 6.40526e+00  1.00004e+00  1.00022e+00
 6.44309e+00  9.99828e-01  1.00020e+00
 6.48861e+00  1.00009e+00  1.00018e+00
 6.53237e+00  1.00019e+00  1.00016e+00
 6.57421e+00  9.99883e-01  1.00014e+00
 6.61569e+00  9.99789e-01  1.00013e+00
 6.65116e+00  9.99662e-01  1.00011e+00
 6.68463e+00  9.99922e-01  1.00010e+00
 6.72611e+00  9.99461e-01  1.00008e+00
 6.76593e+00  1.00001e+00  1.00007e+00
 6.80552e+00  9.99873e-01  1.00006e+00
 6.84278e+00  9.99885e-01  1.00005e+00
 6.87626e+00  1.00027e+00  1.00004e+00
 6.91381e+00  1.00008e+00  1.00003e+00
 6.94919e+00  1.00016e+00  1.00002e+00
 6.98449e+00  1.00025e+00  1.00001e+00
 7.02203e+00  9.99649e-01  1.00000e+00
 7.05557e+00  9.99685e-01  9.99994e-01
 7.09502e+00  9.99708e-01  9.99986e-01
 7.13444e+00  9.99723e-01  9.99979e-01
 7.17198e+00  9.99681e-01  9.99972e-01
 7.20746e+00  9.99311e-01  9.99966e-01
 7.24307e+00  9.99243e-01  9.99960e-01
 7.28038e+00  9.99282e-01  9.99955e-01
 7.32194e+00  9.99028e-01  9.99949e-01
 7.35539e+00  9.98475e-01  9.99944e-01
 7.39293e+00  9.99897e-01  9.99939e-01
 7.42836e+00  1.00002e+00  9.99935e-01
 7.46574e+00  1.00023e+00  9.99931e-01
 7.50122e+00  1.00040e+00  9.99927e-01
 7.53674e+00  1.00044e+00  9.99923e-01
 7.58047e+00  1.00036e+00  9.99919e-01
 7.61590e+00  1.00029e+00  9.99916e-01
 7.65528e+00  1.00034e+00  9.99913e-01
 7.69085e+00  9.99998e-01  9.99910e-01
 7.72831e+00  1.00004e+00  9.99907e-01
 7.76390e+00  9.99766e-01  9.99905e-01
 7.80327e+00  9.99853e-01  9.99902e-01
 7.84278e+00  9.99599e-01  9.99900e-01
 7.87622e+00  9.99536e-01  9.99898e-01
 7.90974e+00  9.99714e-01  9.99896e-01
 7.94694e+00  9.99566e-01  9.99894e-01
 7.98244e+00  9.99854e-01  9.99893e-01
 8.01797e+00  1.00013e+00  9.99891e-01
 8.05336e+00  1.00031e+00  9.99890e-01
 8.08866e+00  1.00011e+00  9.99888e-01
 8.12213e+00  1.00060e+00  9.99887e-01
 8.15753e+00  1.00026e+00  9.99886e-01
 8.19282e+00  1.00038e+00  9.99885e-01
 8.22631e+00  1.00043e+00  9.99884e-01
 8.26169e+00  1.00012e+00  9.99883e-01
 8.29699e+00  1.00011e+00  9.99882e-01
 8.33052e+00  9.99568e-01  9.99881e-01
 8.37219e+00  1.00002e+00  9.99881e-01
 8.40974e+00  9.99695e-01  9.99880e-01
 8.44937e+00  9.99701e-01  9.99879e-01
 8.49104e+00  9.99505e-01  9.99879e-01
 8.53044e+00  9.99768e-01  9.99878e-01
 8.56782e+00  9.99909e-01  9.99878e-01
 8.60131e+00  1.00001e+00  9.99877e-01
 8.63669e+00  1.00046e+00  9.99877e-01
 8.67421e+00  1.00004e+00  9.99877e-01
 8.71174e+00  1.00077e+00  9.99876e-01
 8.74713e+00  1.00050e+00  9.99876e-01
 8.78253e+00  1.00062e+00  9.99876e-01
 8.82015e+00  1.00047e+00  9.99876e-01
 8.85949e+00  1.00076e+00  9.99876e-01
 8.89297e+00  1.00051e+00  9.99876e-01
 8.92836e+00  1.00051e+00  9.99876e-01
 8.96379e+00  1.00059e+00  9.99876e-01
 9.00137e+00  1.00032e+00  9.99876e-01
 9.04300e+00  1.00004e+00  9.99876e-01
 9.08265e+00  1.00043e+00  9.99876e-01
 9.12215e+00  1.00027e+00  9.99876e-01
 9.15765e+00  1.00020e+00  9.99876e-01
 9.19937e+00  1.00004e+00  9.99876e-01
 9.23862e+00  1.00001e+00  9.99877e-01
 9.27423e+00  1.00008e+00  9.99877e-01
 9.30969e+00  1.00009e+00  9.99877e-01
 9.34722e+00  9.99999e-01  9.99878e-01
 9.38670e+00  9.99879e-01  9.99878e-01
 9.42199e+00  9.99997e-01  9.99878e-01
 9.45547e+00  9.99937e-01  9.99879e-01
 9.49086e+00  9.99613e-01  9.99879e-01
 9.53073e+00  9.99320e-01  9.99880e-01
 9.57196e+00  1.00021e+00  9.99880e-01
 9.60538e+00  1.00004e+00  9.99881e-01
 9.64098e+00  9.99451e-01  9.99881e-01
 9.67836e+00  9.99414e-01  9.99882e-01
 9.71598e+00  9.99270e-01  9.99882e-01
 9.75533e+00  9.99240e-01  9.99883e-01
 9.79088e+00  9.99355e-01  9.99884e-01
 9.82640e+00  9.99483e-01  9.99884e-01
 9.86362e+00  9.99302e-01  9.99885e-01
 9.89705e+00  9.99797e-01  9.99886e-01
 9.93669e+00  9.99191e-01  9.99886e-01
 9.97838e+00  9.99565e-01  9.99887e-01
 1.00179e+01  9.99386e-01  9.99888e-01
 1.00575e+01  1.00011e+00  9.99889e-01
 1.00950e+01  9.99822e-01  9.99890e-01
 1.01303e+01  1.00027e+00  9.99891e-01
 1.01638e+01  1.00012e+00  9.99892e-01
 1.02034e+01  1.00006e+00  9.99893e-01
 1.02409e+01  1.00019e+00  9.99894e-01
 1.02762e+01  1.00014e+00  9.99895e-01
 1.03158e+01  1.00001e+00  9.99896e-01
 1.03534e+01  9.99845e-01  9.99897e-01
 1.03889e+01  9.99683e-01  9.99898e-01
 1.04261e+01  9.99463e-01  9.99899e-01
 1.04596e+01  9.99653e-01  9.99900e-01
 1.04931e+01  9.99875e-01  9.99901e-01
 1.05303e+01  9.99926e-01  9.99903e-01
 1.05638e+01  1.00022e+00  9.99904e-01
 1.06013e+01  1.00029e+00  9.99905e-01
 1.06367e+01  1.00023e+00  9.99907e-01
 1.06720e+01  1.00055e+00  9.99908e-01
 1.07055e+01  1.00051e+00  9.99909e-01
 1.07409e+01  1.00059e+00  9.99911e-01
 1.07762e+01  1.00045e+00  9.99912e-01
 1.08096e+01  1.00030e+00  9.99914e-01
 1.08450e+01  1.00048e+00  9.99915e-01
 1.08803e+01  1.00000e+00  9.99917e-01
 1.09138e+01  9.99977e-01  9.99918e-01
 1.09493e+01  9.99920e-01  9.99920e-01
 1.09908e+01  9.99256e-01  9.99922e-01
 1.10262e+01  9.99580e-01  9.99924e-01
 1.10639e+01  9.99472e-01  9.99926e-01
 1.11095e+01  9.99774e-01  9.99928e-01
 1.11471e+01  9.99742e-01  9.99930e-01
 1.11866e+01  1.00006e+00  9.99933e-01
 1.12222e+01  9.99979e-01  9.99935e-01
 1.12657e+01  1.00020e+00  9.99937e-01
 1.13034e+01  1.00028e+00  9.99940e-01
 1.13387e+01  1.00017e+00  9.99942e-01
 1.13783e+01  1.00009e+00  9.99945e-01
 1.14138e+01  1.00002e+00  9.99947e-01
 1.14533e+01  9.99958e-01  9.99950e-01
 1.14909e+01  1.00003e+00  9.99953e-01
 1.15262e+01  9.99869e-01  9.99955e-01
 1.15596e+01  9.99641e-01  9.99958e-01
 1.15950e+01  9.99810e-01  9.99960e-01
 1.16347e+01  9.99247e-01  9.99964e-01
 1.16720e+01  9.99323e-01  9.99967e-01
 1.17055e+01  9.99663e-01  9.99969e-01
 1.17409e+01  1.00002e+00  9.99972e-01
 1.17762e+01  1.00021e+00  9.99976e-01
 1.18137e+01  1.00020e+00  9.99979e-01
 1.18472e+01  1.00041e+00  9.99982e-01
 1.18845e+01  1.00032e+00  9.99986e-01
 1.19200e+01  1.00043e+00  9.99989e-01
 1.19596e+01  1.00017e+00  9.99993e-01
 1.19992e+01  1.00020e+00  9.99997e-01
 1.20347e+01  1.00049e+00  1.00000e+00
 1.20720e+01  1.00024e+00  1.00000e+00
 1.21096e+01  1.00001e+00  1.00001e+00
 1.21512e+01  1.00007e+00  1.00001e+00
 1.21846e+01  1.00021e+00  1.00002e+00
 1.22200e+01  1.00012e+00  1.00002e+00
 1.22553e+01  1.00026e+00  1.00003e+00
 1.22908e+01  1.00019e+00  1.00003e+00
 1.23264e+01  1.00024e+00  1.00004e+00
 1.23636e+01  1.00025e+00  1.00004e+00
 1.23991e+01  1.00016e+00  1.00005e+00
 1.24387e+01  1.00052e+00  1.00005e+00
 1.24722e+01  1.00055e+00  1.00006e+00
 1.25095e+01  1.00035e+00  1.00006e+00
 1.25470e+01  1.00053e+00  1.00007e+00
 1.25805e+01  9.99690e-01  1.00007e+00
 1.26159e+01  1.00035e+00  1.00008e+00
 1.26512e+01  1.00027e+00  1.00008e+00
 1.26887e+01  1.00049e+00  1.00009e+00
 1.27222e+01  1.00005e+00  1.00009e+00
 1.27803e+01  1.00035e+00  1.00010e+00
 1.28137e+01  9.99851e-01  1.00011e+00
 1.28472e+01  1.00019e+00  1.00012e+00
 1.28845e+01  1.00034e+00  1.00012e+00
 1.29179e+01  9.99911e-01  1.00013e+00
 1.29514e+01  1.00019e+00  1.00014e+00
 1.29910e+01  9.99991e-01  1.00014e+00
 1.30365e+01  9.99959e-01  1.00015e+00
 1.30741e+01  9.99895e-01  1.00016e+00
 1.31095e+01  9.99958e-01  1.00017e+00
 1.31469e+01  9.99824e-01  1.00018e+00
 1.31805e+01  9.99942e-01  1.00018e+00
 1.32198e+01  9.99918e-01  1.00019e+00
 1.32554e+01  1.00015e+00  1.00020e+00
 1.32950e+01  1.00023e+00  1.00021e+00
 1.33324e+01  1.00010e+00  1.00022e+00
 1.33680e+01  1.00004e+00  1.00023e+00
 1.34074e+01  1.00017e+00  1.00023e+00
 1.34450e+01  9.99764e-01  1.00024e+00
 1.34803e+01  9.99385e-01  1.00025e+00
 1.35159e+01  9.99153e-01  1.00026e+00
 1.35533e+01  9.98906e-01  1.00027e+00
 1.35886e+01  9.98879e-01  1.00028e+00
 1.36220e+01  9.98831e-01  1.00029e+00
 1.36576e+01  9.98941e-01  1.00030e+00
 1.36968e+01  9.99387e-01  1.00031e+00
 1.37324e+01  9.99232e-01  1.00031e+00
 1.37678e+01  9.99637e-01  1.00032e+00
 1.38033e+01  9.99917e-01  1.00033e+00
 1.38386e+01  1.00032e+00  1.00034e+00
 1.38720e+01  1.00027e+00  1.00035e+00
 1.39075e+01  1.00003e+00  1.00036e+00
 1.39427e+01  1.00015e+00  1.00037e+00
 1.39742e+01  1.00028e+00  1.00038e+00
 1.40071e+01  1.00066e+00  1.00038e+00
 1.40386e+01  1.00025e+00  1.00039e+00
 1.40742e+01  1.00005e+00  1.00040e+00
 1.41156e+01  9.99888e-01  1.00041e+00
 1.41510e+01  1.00004e+00  1.00041e+00
 1.41845e+01  9.99955e-01  1.00042e+00
 1.42221e+01  9.99700e-01  1.00043e+00
 1.42614e+01  9.99879e-01  1.00044e+00
 1.42968e+01  9.99844e-01  1.00044e+00
 1.43303e+01  9.99961e-01  1.00045e+00
 1.43678e+01  9.99948e-01  1.00045e+00
 1.44074e+01  9.99965e-01  1.00045e+00
 1.44428e+01  1.00063e+00  1.00046e+00
 1.44825e+01  1.00056e+00  1.00046e+00
 1.45260e+01  1.00069e+00  1.00046e+00
 1.45636e+01  1.00061e+00  1.00046e+00
 1.46032e+01  1.00040e+00  1.00046e+00
 1.46449e+01  1.00023e+00  1.00045e+00
 1.46865e+01  1.00032e+00  1.00044e+00
 1.47282e+01  9.99995e-01  1.00044e+00
 1.47658e+01  1.00014e+00  1.00042e+00
 1.48032e+01  9.99814e-01  1.00041e+00
 1.48385e+01  1.00030e+00  1.00040e+00
 1.48720e+01  1.00015e+00  1.00038e+00
 1.49115e+01  1.00032e+00  1.00036e+00
 1.49553e+01  1.00001e+00  1.00033e+00
 1.50010e+01  1.00010e+00  1.00030e+00
 1.50469e+01  1.00011e+00  1.00026e+00
 1.50967e+01  9.99800e-01  1.00021e+00
 1.51428e+01  1.00005e+00  1.00016e+00
 1.51864e+01  1.00002e+00  1.00010e+00
 1.52261e+01  1.00009e+00  1.00005e+00
 1.52654e+01  9.99910e-01  9.99986e-01
 1.53031e+01  9.99682e-01  9.99922e-01
 1.53384e+01  9.99588e-01  9.99858e-01
 1.53740e+01  9.99974e-01  9.99788e-01
 1.54095e+01  9.99573e-01  9.99713e-01
 1.54488e+01  9.99774e-01  9.99625e-01
 1.54924e+01  9.99694e-01  9.99519e-01
 1.55448e+01  9.99468e-01  9.99383e-01
 1.56029e+01  9.99217e-01  9.99221e-01
 1.56489e+01  9.99146e-01  9.99084e-01
 1.56986e+01  9.99403e-01  9.98929e-01
 1.57467e+01  9.99412e-01  9.98774e-01
 1.57945e+01  9.99660e-01  9.98616e-01
 1.58385e+01  9.99677e-01  9.98469e-01
 1.58965e+01  9.99570e-01  9.98276e-01
 1.59567e+01  9.99706e-01  9.98081e-01
 1.60172e+01  1.00067e+00  9.97898e-01
 1.60796e+01  9.98160e-01  9.97729e-01
 1.61379e+01  9.99063e-01  9.97597e-01
 1.61963e+01  9.98678e-01  9.97497e-01
 1.62505e+01  9.98773e-01  9.97438e-01
 1.63026e+01  9.98389e-01  9.97417e-01
 1.63568e+01  9.96344e-01  9.97436e-01
 1.64129e+01  9.86832e-01  9.97501e-01
 1.64712e+01  9.80721e-01  9.97621e-01
 1.65317e+01  9.84180e-01  9.97799e-01
 1.66025e+01  9.96842e-01  9.98073e-01
 1.66629e+01  9.99460e-01  9.98357e-01
 1.67172e+01  9.99432e-01  9.98643e-01
 1.67776e+01  9.99055e-01  9.98987e-01
 1.68400e+01  9.99016e-01  9.99359e-01
 1.68964e+01  9.98937e-01  9.99700e-01
 1.69485e+01  9.98885e-01  1.00001e+00
 1.70006e+01  1.00082e+00  1.00031e+00
 1.70549e+01  9.98816e-01  1.00060e+00
 1.70987e+01  9.99480e-01  1.00082e+00
 1.71403e+01  1.00005e+00  1.00101e+00
 1.71820e+01  9.99888e-01  1.00119e+00
 1.72237e+01  1.00056e+00  1.00135e+00
 1.72635e+01  9.99994e-01  1.00148e+00
 1.73072e+01  1.00019e+00  1.00160e+00
 1.73489e+01  1.00040e+00  1.00170e+00
 1.73864e+01  1.00089e+00  1.00177e+00
 1.74280e+01  1.00158e+00  1.00184e+00
 1.74738e+01  1.00245e+00  1.00189e+00
 1.75114e+01  1.00292e+00  1.00192e+00
 1.75510e+01  1.00349e+00  1.00193e+00
 1.75924e+01  1.00393e+00  1.00194e+00
 1.76320e+01  1.00397e+00  1.00193e+00
 1.76699e+01  1.00359e+00  1.00191e+00
 1.77176e+01  1.00322e+00  1.00188e+00
 1.77590e+01  1.00278e+00  1.00184e+00
 1.78052e+01  1.00185e+00  1.00180e+00
 1.78508e+01  1.00137e+00  1.00174e+00
 1.78886e+01  1.00027e+00  1.00169e+00
 1.79300e+01  1.00101e+00  1.00164e+00
 1.79697e+01  9.91400e-01  1.00158e+00
 1.80113e+01  9.69366e-01  1.00152e+00
 1.80552e+01  9.51708e-01  1.00145e+00
 1.80945e+01  9.56110e-01  1.00139e+00
 1.81320e+01  9.72494e-01  1.00133e+00
 1.81675e+01  9.92641e-01  1.00128e+00
 1.82030e+01  9.99943e-01  1.00122e+00
 1.82467e+01  1.00019e+00  1.00116e+00
 1.82906e+01  1.00029e+00  1.00109e+00
 1.83362e+01  1.00031e+00  1.00103e+00
 1.83803e+01  1.00032e+00  1.00097e+00
 1.84258e+01  1.00029e+00  1.00091e+00
 1.84697e+01  1.00003e+00  1.00085e+00
 1.85155e+01  9.99939e-01  1.00079e+00
 1.85571e+01  9.99902e-01  1.00074e+00
 1.85989e+01  9.99903e-01  1.00069e+00
 1.86364e+01  9.99981e-01  1.00065e+00
 1.86716e+01  9.99982e-01  1.00061e+00
 1.87073e+01  9.99818e-01  1.00058e+00
 1.87509e+01  9.99697e-01  1.00054e+00
 1.87864e+01  9.99911e-01  1.00050e+00
 1.88281e+01  9.99913e-01  1.00047e+00
 1.88655e+01  9.99520e-01  1.00043e+00
 1.89032e+01  9.99986e-01  1.00040e+00
 1.89425e+01  9.99864e-01  1.00037e+00
 1.89800e+01  1.00003e+00  1.00035e+00
 1.90195e+01  1.00010e+00  1.00032e+00
 1.90612e+01  1.00001e+00  1.00029e+00
 1.90988e+01  1.00008e+00  1.00027e+00
 1.91385e+01  9.99884e-01  1.00025e+00
 1.91758e+01  1.00004e+00  1.00022e+00
 1.92136e+01  9.99828e-01  1.00020e+00
 1.92591e+01  1.00009e+00  1.00018e+00
 1.93029e+01  1.00019e+00  1.00016e+00
 1.93447e+01  9.99883e-01  1.00014e+00
 1.93862e+01  9.99789e-01  1.00013e+00
 1.94217e+01  9.99662e-01  1.00011e+00
 1.94551e+01  9.99922e-01  1.00010e+00
 1.94966e+01  9.99461e-01  1.00008e+00
 1.95364e+01  1.00001e+00  1.00007e+00
 1.95760e+01  9.99873e-01  1.00006e+00
 1.96133e+01  9.99885e-01  1.00005e+00
 1.96468e+01  1.00027e+00  1.00004e+00
 1.96843e+01  1.00008e+00  1.00003e+00
 1.97197e+01  1.00016e+00  1.00002e+00
 1.97550e+01  1.00025e+00  1.00001e+00
 1.97925e+01  9.99649e-01  1.00000e+00
 1.98261e+01  9.99685e-01  9.99994e-01
 1.98655e+01  9.99708e-01  9.99986e-01
 1.99049e+01  9.99723e-01  9.99979e-01
 1.99425e+01  9.99681e-01  9.99972e-01
 1.99780e+01  9.99311e-01  9.99966e-01
 2.00136e+01  9.99243e-01  9.99960e-01
 2.00509e+01  9.99282e-01  9.99955e-01
 2.00924e+01  9.99028e-01  9.99949e-01
 2.01259e+01  9.98475e-01  9.99944e-01
 2.01634e+01  9.99897e-01  9.99939e-01
 2.01989e+01  1.00002e+00  9.99935e-01
 2.02362e+01  1.00023e+00  9.99931e-01
 2.02717e+01  1.00040e+00  9.99927e-01
 2.03072e+01  1.00044e+00  9.99923e-01
 2.03510e+01  1.00036e+00  9.99919e-01
 2.03864e+01  1.00029e+00  9.99916e-01
 2.04258e+01  1.00034e+00  9.99913e-01
 2.04614e+01  9.99998e-01  9.99910e-01
 2.04988e+01  1.00004e+00  9.99907e-01
 2.05344e+01  9.99766e-01  9.99905e-01
 2.05738e+01  9.99853e-01  9.99902e-01
 2.06133e+01  9.99599e-01  9.99900e-01
 2.06467e+01  9.99536e-01  9.99898e-01
 2.06802e+01  9.99714e-01  9.99896e-01
 2.07174e+01  9.99566e-01  9.99894e-01
 2.07529e+01  9.99854e-01  9.99893e-01
 2.07885e+01  1.00013e+00  9.99891e-01
 2.08239e+01  1.00031e+00  9.99890e-01
 2.08592e+01  1.00011e+00  9.99888e-01
 2.08926e+01  1.00060e+00  9.99887e-01
 2.09280e+01  1.00026e+00  9.99886e-01
 2.09633e+01  1.00038e+00  9.99885e-01
 2.09968e+01  1.00043e+00  9.99884e-01
 2.10322e+01  1.00012e+00  9.99883e-01
 2.10675e+01  1.00011e+00  9.99882e-01
 2.11010e+01  9.99568e-01  9.99881e-01
 2.11427e+01  1.00002e+00  9.99881e-01
 2.11802e+01  9.99695e-01  9.99880e-01
 2.12199e+01  9.99701e-01  9.99879e-01
 2.12615e+01  9.99505e-01  9.99879e-01
 2.13009e+01  9.99768e-01  9.99878e-01
 2.13383e+01  9.99909e-01  9.99878e-01
 2.13718e+01  1.00001e+00  9.99877e-01
 2.14072e+01  1.00046e+00  9.99877e-01
 2.14447e+01  1.00004e+00  9.99877e-01
 2.14822e+01  1.00077e+00  9.99876e-01
 2.15176e+01  1.00050e+00  9.99876e-01
 2.15530e+01  1.00062e+00  9.99876e-01
 2.15907e+01  1.00047e+00  9.99876e-01
 2.16300e+01  1.00076e+00  9.99876e-01
 2.16635e+01  1.00051e+00  9.99876e-01
 2.16989e+01  1.00051e+00  9.99876e-01
 2.17343e+01  1.00059e+00  9.99876e-01
 2.17719e+01  1.00032e+00  9.99876e-01
 2.18135e+01  1.00004e+00  9.99876e-01
 2.18532e+01  1.00043e+00  9.99876e-01
 2.18927e+01  1.00027e+00  9.99876e-01
 2.19282e+01  1.00020e+00  9.99876e-01
 2.19699e+01  1.00004e+00  9.99876e-01
 2.20091e+01  1.00001e+00  9.99877e-01
 2.20447e+01  1.00008e+00  9.99877e-01
 2.20802e+01  1.00009e+00  9.99877e-01
 2.21177e+01  9.99999e-01  9.99878e-01
 2.21572e+01  9.99879e-01  9.99878e-01
 2.21925e+01  9.99997e-01  9.99878e-01
 2.22260e+01  9.99937e-01  9.99879e-01
 2.22614e+01  9.99613e-01  9.99879e-01
 2.23012e+01  9.99320e-01  9.99880e-01
 2.23425e+01  1.00021e+00  9.99880e-01
 2.23759e+01  1.00004e+00  9.99881e-01
 2.24115e+01  9.99451e-01  9.99881e-01
 2.24489e+01  9.99414e-01  9.99882e-01
 2.24865e+01  9.99270e-01  9.99882e-01
 2.25258e+01  9.99240e-01  9.99883e-01
 2.25614e+01  9.99355e-01  9.99884e-01
 2.25969e+01  9.99483e-01  9.99884e-01
 2.26341e+01  9.99302e-01  9.99885e-01
 2.26676e+01  9.99797e-01  9.99886e-01
 2.27072e+01  9.99191e-01  9.99886e-01
 2.27489e+01  9.99565e-01  9.99887e-01
 2.27884e+01  9.99386e-01  9.99888e-01
 2.28280e+01  1.00011e+00  9.99889e-01
 2.28655e+01  9.99822e-01  9.99890e-01
 2.29008e+01  1.00027e+00  9.99891e-01
 2.29343e+01  1.00012e+00  9.99892e-01
 2.29739e+01  1.00006e+00  9.99893e-01
 2.30114e+01  1.00019e+00  9.99894e-01
 2.30467e+01  1.00014e+00  9.99895e-01
 2.30863e+01  1.00001e+00  9.99896e-01
 2.31239e+01  9.99845e-01  9.99897e-01
 2.31594e+01  9.99683e-01  9.99898e-01
 2.31966e+01  9.99463e-01  9.99899e-01
 2.32301e+01  9.99653e-01  9.99900e-01
 2.32636e+01  9.99875e-01  9.99901e-01
 2.33008e+01  9.99926e-01  9.99903e-01
 2.33343e+01  1.00022e+00  9.99904e-01
 2.33718e+01  1.00029e+00  9.99905e-01
 2.34072e+01  1.00023e+00  9.99907e-01
 2.34425e+01  1.00055e+00  9.99908e-01
 2.34760e+01  1.00051e+00  9.99909e-01
 2.35114e+01  1.00059e+00  9.99911e-01
 2.35467e+01  1.00045e+00  9.99912e-01
 2.35801e+01  1.00030e+00  9.99914e-01
 2.36155e+01  1.00048e+00  9.99915e-01
 2.36508e+01  1.00000e+00  9.99917e-01
 2.36843e+01  9.99977e-01  9.99918e-01
 2.37198e+01  9.99920e-01  9.99920e-01
 2.37613e+01  9.99256e-01  9.99922e-01
 2.37967e+01  9.99580e-01  9.99924e-01
 2.38344e+01  9.99472e-01  9.99926e-01
 2.38800e+01  9.99774e-01  9.99928e-01
 2.39176e+01  9.99742e-01  9.99930e-01
 2.39571e+01  1.00006e+00  9.99933e-01
 2.39927e+01  9.99979e-01  9.99935e-01
 2.40362e+01  1.00020e+00  9.99937e-01
 2.40739e+01  1.00028e+00  9.99940e-01
 2.41092e+01  1.00017e+00  9.99942e-01
 2.41488e+01  1.00009e+00  9.99945e-01
 2.41843e+01  1.00002e+00  9.99947e-01
 2.42238e+01  9.99958e-01  9.99950e-01
 2.42614e+01  1.00003e+00  9.99953e-01
 2.42967e+01  9.99869e-01  9.99955e-01
 2.43301e+01  9.99641e-01  9.99958e-01
 2.43655e+01  9.99810e-01  9.99960e-01
 2.44052e+01  9.99247e-01  9.99964e-01
 2.44425e+01  9.99323e-01  9.99967e-01
 2.44760e+01  9.99663e-01  9.99969e-01
 2.45114e+01  1.00002e+00  9.99972e-01
 2.45467e+01  1.00021e+00  9.99976e-01
 2.45842e+01  1.00020e+00  9.99979e-01
 2.46177e+01  1.00041e+00  9.99982e-01
 2.46550e+01  1.00032e+00  9.99986e-01
 2.46905e+01  1.00043e+00  9.99989e-01
 2.47301e+01  1.00017e+00  9.99993e-01
 2.47697e+01  1.00020e+00  9.99997e-01
 2.48052e+01  1.00049e+00  1.00000e+00
 2.48425e+01  1.00024e+00  1.00000e+00
 2.48801e+01  1.00001e+00  1.00001e+00
 2.49217e+01  1.00007e+00  1.00001e+00
 2.49551e+01  1.00021e+00  1.00002e+00
 2.49905e+01  1.00012e+00  1.00002e+00
 2.50258e+01  1.00026e+00  1.00003e+00
 2.50613e+01  1.00019e+00  1.00003e+00
 2.50969e+01  1.00024e+00  1.00004e+00
 2.51341e+01  1.00025e+00  1.00004e+00
 2.51696e+01  1.00016e+00  1.00005e+00
 2.52092e+01  1.00052e+00  1.00005e+00
 2.52427e+01  1.00055e+00  1.00006e+00
 2.52800e+01  1.00035e+00  1.00006e+00
 2.53175e+01  1.00053e+00  1.00007e+00
 2.53510e+01  9.99690e-01  1.00007e+00
 2.53864e+01  1.00035e+00  1.00008e+00
 2.54217e+01  1.00027e+00  1.00008e+00
 2.54592e+01  1.00049e+00  1.00009e+00
 2.54927e+01  1.00005e+00  1.00009e+00
