1984
 1.46831e+03  1.00039e+00  2.16848e+04
 0.00000e+00  1.46833e+03  2.20260e+04
 9.99785e-01  0.00000e+00  2.23725e+04
 1.00164e+00  1.00057e+00  2.23735e+04
 1.46837e+03  1.00112e+00  2.16848e+04
 0.00000e+00  1.46839e+03  2.20260e+04
 9.08038e-01  1.28000e+02  2.23250e+04
 1.00157e+00  1.00019e+00  2.23734e+04
 1.46843e+03  9.98702e-01  2.16848e+04
 0.00000e+00  1.46845e+03  2.20260e+04
 1.00061e+00  0.00000e+00  2.23729e+04
 1.00031e+00  9.98748e-01  2.23728e+04
 1.46850e+03  1.00044e+00  2.16848e+04
 0.00000e+00  1.46852e+03  2.20260e+04
 9.99608e-01  0.00000e+00  2.23724e+04
 1.00159e+00  1.00015e+00  2.23735e+04
 1.46856e+03  1.00210e+00  2.16848e+04
 0.00000e+00  1.46858e+03  2.20260e+04
 9.99829e-01  0.00000e+00  2.23725e+04
 1.00216e+00  1.00077e+00  2.23738e+04
 1.46862e+03  1.00013e+00  2.16848e+04
 0.00000e+00  1.46864e+03  2.20260e+04
 1.00016e+00  0.00000e+00  2.23727e+04
 9.99491e-01  9.98861e-01  2.23723e+04
 1.46868e+03  1.00157e+00  2.16848e+04
 0.00000e+00  1.46870e+03  2.20260e+04
 9.98726e-01  0.00000e+00  2.23719e+04
 1.00134e+00  9.99943e-01  2.23733e+04
 1.46875e+03  9.99465e-01  2.16848e+04
 0.00000e+00  1.46877e+03  2.20260e+04
 9.98509e-01  0.00000e+00  2.23718e+04
 1.00021e+00  9.99384e-01  2.23727e+04
 1.46881e+03  1.00047e+00  2.16848e+04
 0.00000e+00  1.46883e+03  2.20260e+04
 9.99099e-01  0.00000e+00  2.23721e+04
 1.00070e+00  9.99353e-01  2.23730e+04
 1.46887e+03  9.99429e-01  2.16848e+04
 0.00000e+00  1.46889e+03  2.20260e+04
 9.98733e-01  0.00000e+00  2.23719e+04
 1.00037e+00  9.99681e-01  2.23728e+04
 1.46893e+03  1.00109e+00  2.16848e+04
 0.00000e+00  1.46895e+03  2.20260e+04
 9.98315e-01  1.28000e+02  2.23717e+04
 1.00073e+00  1.00017e+00  2.23730e+04
 1.46900e+03  9.66788e-01  2.16848e+04
 1.28000e+02  1.46902e+03  2.16847e+04
 9.99292e-01  0.00000e+00  2.23722e+04
 1.00099e+00  1.00006e+00  2.23731e+04
 1.46906e+03  1.00086e+00  2.16848e+04
 0.00000e+00  1.46908e+03  2.20260e+04
 9.99847e-01  1.28000e+02  2.23725e+04
 1.00005e+00  9.99441e-01  2.23726e+04
 1.46912e+03  1.00069e+00  2.16848e+04
 0.00000e+00  1.46914e+03  2.20260e+04
 9.98271e-01  0.00000e+00  2.23717e+04
 1.00117e+00  1.00070e+00  2.23732e+04
 1.46918e+03  9.90324e-01  2.16848e+04
 0.00000e+00  1.46920e+03  2.20260e+04
 9.98226e-01  0.00000e+00  2.23716e+04
 9.99055e-01  9.98639e-01  2.23721e+04
 1.46925e+03  9.98869e-01  2.16848e+04
 0.00000e+00  1.46927e+03  2.20260e+04
 9.98768e-01  0.00000e+00  2.23719e+04
 9.98663e-01  9.98184e-01  2.23719e+04
 1.46931e+03  9.99972e-01  2.16848e+04
 0.00000e+00  1.46933e+03  2.20260e+04
 9.97399e-01  0.00000e+00  2.23712e+04
 1.00056e+00  1.00035e+00  2.23729e+04
 1.46937e+03  1.00012e+00  2.16848e+04
 0.00000e+00  1.46939e+03  2.20260e+04
 9.99705e-01  0.00000e+00  2.23724e+04
 9.99673e-01  9.99506e-01  2.23724e+04
 1.46943e+03  1.00005e+00  2.16848e+04
 0.00000e+00  1.46945e+03  2.20260e+04
 1.00044e+00  0.00000e+00  2.23728e+04
 1.00079e+00  1.00076e+00  2.23730e+04
 1.46950e+03  1.00186e+00  2.16848e+04
 0.00000e+00  1.46952e+03  2.20260e+04
 9.98658e-01  0.00000e+00  2.23719e+04
 1.00346e+00  1.00354e+00  2.23745e+04
 1.46956e+03  9.99414e-01  2.16848e+04
 0.00000e+00  1.46958e+03  2.20260e+04
 1.00203e+00  0.00000e+00  2.23737e+04
 1.00210e+00  1.00221e+00  2.23737e+04
 1.46962e+03  9.99516e-01  2.16848e+04
 0.00000e+00  1.46964e+03  2.20260e+04
 1.00157e+00  0.00000e+00  2.23734e+04
 1.00073e+00  1.00103e+00  2.23730e+04
 1.46968e+03  9.99991e-01  2.16848e+04
 0.00000e+00  1.46970e+03  2.20260e+04
 1.00083e+00  0.00000e+00  2.23730e+04
 9.99938e-01  1.00036e+00  2.23726e+04
 1.46975e+03  9.99523e-01  2.16848e+04
 0.00000e+00  1.46977e+03  2.20260e+04
 1.00178e+00  0.00000e+00  2.23736e+04
 1.00007e+00  1.00048e+00  2.23726e+04
 1.46981e+03  1.00040e+00  2.16848e+04
 0.00000e+00  1.46983e+03  2.20260e+04
 1.00133e+00  0.00000e+00  2.23733e+04
 1.00093e+00  1.00120e+00  2.23731e+04
 1.46987e+03  1.00137e+00  2.16848e+04
 0.00000e+00  1.46989e+03  2.20260e+04
 1.00265e+00  0.00000e+00  2.23740e+04
 1.00002e+00  1.00054e+00  2.23726e+04
 1.46993e+03  1.00249e+00  2.16848e+04
 0.00000e+00  1.46995e+03  2.20260e+04
 1.00104e+00  0.00000e+00  2.23732e+04
 1.00243e+00  1.00278e+00  2.23739e+04
 1.47000e+03  1.00211e+00  2.16848e+04
 0.00000e+00  1.47002e+03  2.20260e+04
 1.00201e+00  0.00000e+00  2.23737e+04
 1.00044e+00  1.00108e+00  2.23728e+04
 1.47006e+03  9.99993e-01  2.16848e+04
 0.00000e+00  1.47008e+03  2.20260e+04
 1.00109e+00  0.00000e+00  2.23732e+04
 9.99965e-01  1.00056e+00  2.23726e+04
 1.47012e+03  1.00061e+00  2.16848e+04
 0.00000e+00  1.47014e+03  2.20260e+04
 9.99503e-01  0.00000e+00  2.23723e+04
 1.00053e+00  1.00120e+00  2.23729e+04
 1.47018e+03  9.99200e-01  2.16848e+04
 0.00000e+00  1.47020e+03  2.20260e+04
 1.00128e+00  0.00000e+00  2.23733e+04
 9.98308e-01  9.99091e-01  2.23717e+04
 1.47025e+03  1.00032e+00  2.16848e+04
 0.00000e+00  1.47027e+03  2.20260e+04
 1.00038e+00  0.00000e+00  2.23728e+04
 1.00021e+00  1.00086e+00  2.23727e+04
 1.47031e+03  1.00055e+00  2.16848e+04
 0.00000e+00  1.47033e+03  2.20260e+04
 1.00034e+00  0.00000e+00  2.23728e+04
 9.99026e-01  9.99732e-01  2.23721e+04
 1.47037e+03  9.99241e-01  2.16848e+04
 0.00000e+00  1.47039e+03  2.20260e+04
 1.00053e+00  1.28000e+02  2.23729e+04
 9.99583e-01  1.00032e+00  2.23724e+04
 1.47043e+03  9.98853e-01  2.16848e+04
 0.00000e+00  1.47045e+03  2.20260e+04
 9.99463e-01  0.00000e+00  2.23723e+04
 9.97443e-01  9.98123e-01  2.23712e+04
 1.47050e+03  9.98999e-01  2.16848e+04
 0.00000e+00  1.47052e+03  2.20260e+04
 9.98825e-01  0.00000e+00  2.23720e+04
 9.96819e-01  9.97583e-01  2.23709e+04
 1.47056e+03  9.99107e-01  2.16848e+04
 0.00000e+00  1.47058e+03  2.20260e+04
 9.96108e-01  0.00000e+00  2.23705e+04
 9.97171e-01  9.98089e-01  2.23711e+04
 1.47062e+03  9.96431e-01  2.16848e+04
 0.00000e+00  1.47064e+03  2.20260e+04
 9.98697e-01  0.00000e+00  2.23719e+04
 9.96905e-01  9.97771e-01  2.23709e+04
 1.47068e+03  9.97669e-01  2.16848e+04
 0.00000e+00  1.47070e+03  2.20260e+04
 9.97285e-01  0.00000e+00  2.23711e+04
 9.97470e-01  9.98225e-01  2.23712e+04
 1.47075e+03  9.98875e-01  2.16848e+04
 0.00000e+00  1.47077e+03  2.20260e+04
 9.98992e-01  0.00000e+00  2.23720e+04
 1.00048e+00  1.00116e+00  2.23729e+04
 1.47081e+03  9.99865e-01  2.16848e+04
 1.28000e+02  1.47083e+03  2.16847e+04
 1.00179e+00  0.00000e+00  2.23736e+04
 1.00146e+00  1.00239e+00  2.23734e+04
 1.47087e+03  1.00178e+00  2.16848e+04
 0.00000e+00  1.47089e+03  2.20260e+04
 1.00519e+00  0.00000e+00  2.23754e+04
 1.00289e+00  1.00375e+00  2.23742e+04
 1.47093e+03  1.00397e+00  2.16848e+04
 0.00000e+00  1.47095e+03  2.20260e+04
 1.00669e+00  0.00000e+00  2.23762e+04
 1.00409e+00  1.00506e+00  2.23748e+04
 1.47100e+03  1.00658e+00  2.16848e+04
 0.00000e+00  1.47102e+03  2.20260e+04
 1.00717e+00  0.00000e+00  2.23765e+04
 1.00605e+00  1.00700e+00  2.23759e+04
 1.47106e+03  1.00718e+00  2.16848e+04
 0.00000e+00  1.47108e+03  2.20260e+04
 1.00830e+00  0.00000e+00  2.23771e+04
 1.00529e+00  1.00608e+00  2.23755e+04
 1.47112e+03  1.00800e+00  2.16848e+04
 0.00000e+00  1.47114e+03  2.20260e+04
 1.00741e+00  1.28000e+02  2.23766e+04
 1.00684e+00  1.00766e+00  2.23763e+04
 1.47118e+03  1.00851e+00  2.16848e+04
 0.00000e+00  1.47120e+03  2.20260e+04
 1.00650e+00  0.00000e+00  2.23761e+04
 1.00734e+00  1.00826e+00  2.23766e+04
 1.47125e+03  1.00796e+00  2.16848e+04
 0.00000e+00  1.47127e+03  2.20260e+04
 1.00668e+00  0.00000e+00  2.23762e+04
 1.00731e+00  1.00815e+00  2.23766e+04
 1.47131e+03  1.00519e+00  2.16848e+04
 0.00000e+00  1.47133e+03  2.20260e+04
 1.00704e+00  0.00000e+00  2.23764e+04
 1.00383e+00  1.00462e+00  2.23747e+04
 1.47137e+03  1.00412e+00  2.16848e+04
 0.00000e+00  1.47139e+03  2.20260e+04
 1.00406e+00  0.00000e+00  2.23748e+04
 9.42781e-01  1.00325e+00  2.23425e+04
 1.47143e+03  1.00274e+00  2.16848e+04
 0.00000e+00  1.47145e+03  2.20260e+04
 1.00206e+00  0.00000e+00  2.23737e+04
 1.00086e+00  1.00158e+00  2.23731e+04
 1.47150e+03  9.99981e-01  2.16848e+04
 0.00000e+00  1.47152e+03  2.20260e+04
 9.00052e-01  1.28000e+02  2.23211e+04
 9.98515e-01  9.98631e-01  2.23718e+04
 1.47156e+03  1.00078e+00  2.16848e+04
 0.00000e+00  1.47158e+03  2.20260e+04
 9.97583e-01  0.00000e+00  2.23713e+04
 1.00003e+00  1.00068e+00  2.23726e+04
 1.47162e+03  9.98007e-01  2.16848e+04
 0.00000e+00  1.47164e+03  2.20260e+04
 1.00015e+00  1.28000e+02  2.23727e+04
 9.99513e-01  9.99882e-01  2.23723e+04
 1.47168e+03  9.98702e-01  2.16848e+04
 1.28000e+02  1.47170e+03  2.16847e+04
 1.00030e+00  0.00000e+00  2.23728e+04
 1.00003e+00  1.00072e+00  2.23726e+04
 1.47175e+03  1.00027e+00  2.16848e+04
 0.00000e+00  1.47177e+03  2.20260e+04
 1.00011e+00  0.00000e+00  2.23726e+04
 1.00029e+00  1.00064e+00  2.23727e+04
 1.47181e+03  9.99686e-01  2.16848e+04
 1.28000e+02  1.47183e+03  2.16847e+04
 1.00037e+00  0.00000e+00  2.23728e+04
 1.00141e+00  1.00145e+00  2.23734e+04
 1.47187e+03  9.97713e-01  2.16848e+04
 0.00000e+00  1.47189e+03  2.20260e+04
 1.00074e+00  0.00000e+00  2.23730e+04
 9.99297e-01  9.99363e-01  2.23722e+04
 1.47193e+03  9.98151e-01  2.16848e+04
 0.00000e+00  1.47195e+03  2.20260e+04
 1.00016e+00  0.00000e+00  2.23727e+04
 9.96810e-01  9.97254e-01  2.23709e+04
 1.47200e+03  9.98920e-01  2.16848e+04
 0.00000e+00  1.47202e+03  2.20260e+04
 9.97223e-01  1.28000e+02  2.23711e+04
 9.99429e-01  9.99957e-01  2.23723e+04
 1.47206e+03  9.97002e-01  2.16848e+04
 0.00000e+00  1.47208e+03  2.20260e+04
 1.00068e+00  0.00000e+00  2.23730e+04
 9.97828e-01  9.98143e-01  2.23714e+04
 1.47212e+03  9.98922e-01  2.16848e+04
 0.00000e+00  1.47214e+03  2.20260e+04
 1.00045e+00  1.28000e+02  2.23728e+04
 9.98262e-01  9.98904e-01  2.23716e+04
 1.47218e+03  1.00012e+00  2.16848e+04
 0.00000e+00  1.47220e+03  2.20260e+04
 1.00034e+00  0.00000e+00  2.23728e+04
 9.99889e-01  1.00039e+00  2.23725e+04
 1.47225e+03  1.00032e+00  2.16848e+04
 0.00000e+00  1.47227e+03  2.20260e+04
 1.00035e+00  0.00000e+00  2.23728e+04
 9.99955e-01  1.00051e+00  2.23726e+04
 1.47231e+03  9.99781e-01  2.16848e+04
 0.00000e+00  1.47233e+03  2.20260e+04
 9.99672e-01  0.00000e+00  2.23724e+04
 1.00057e+00  1.00146e+00  2.23729e+04
 1.47237e+03  9.98527e-01  2.16848e+04
 0.00000e+00  1.47239e+03  2.20260e+04
 1.00045e+00  0.00000e+00  2.23728e+04
 9.97710e-01  9.98538e-01  2.23714e+04
 1.47243e+03  9.98460e-01  2.16848e+04
 0.00000e+00  1.47245e+03  2.20260e+04
 9.99716e-01  0.00000e+00  2.23724e+04
 9.98780e-01  9.99444e-01  2.23719e+04
 1.47250e+03  9.99298e-01  2.16848e+04
 0.00000e+00  1.47252e+03  2.20260e+04
 9.99119e-01  0.00000e+00  2.23721e+04
 9.99033e-01  9.99633e-01  2.23721e+04
 1.47256e+03  9.98003e-01  2.16848e+04
 0.00000e+00  1.47258e+03  2.20260e+04
 9.99501e-01  0.00000e+00  2.23723e+04
 9.99449e-01  1.00046e+00  2.23723e+04
 1.47262e+03  9.98843e-01  2.16848e+04
 0.00000e+00  1.47264e+03  2.20260e+04
 1.00016e+00  0.00000e+00  2.23727e+04
 9.99354e-01  1.00019e+00  2.23722e+04
 1.47268e+03  9.98722e-01  2.16848e+04
 0.00000e+00  1.47270e+03  2.20260e+04
 1.00136e+00  0.00000e+00  2.23733e+04
 9.93330e-01  9.99615e-01  2.23690e+04
 1.47275e+03  1.00006e+00  2.16848e+04
 0.00000e+00  1.47277e+03  2.20260e+04
 1.00011e+00  0.00000e+00  2.23726e+04
 9.98942e-01  9.99567e-01  2.23720e+04
 1.47281e+03  1.00036e+00  2.16848e+04
 0.00000e+00  1.47283e+03  2.20260e+04
 9.99113e-01  0.00000e+00  2.23721e+04
 1.00148e+00  1.00201e+00  2.23734e+04
 1.47287e+03  9.97405e-01  2.16848e+04
 0.00000e+00  1.47289e+03  2.20260e+04
 9.99649e-01  0.00000e+00  2.23724e+04
 9.97890e-01  9.99230e-01  2.23714e+04
 1.47293e+03  9.97835e-01  2.16848e+04
 0.00000e+00  1.47295e+03  2.20260e+04
 1.00098e+00  0.00000e+00  2.23731e+04
 9.99047e-01  9.99788e-01  2.23721e+04
 1.47300e+03  9.98562e-01  2.16848e+04
 0.00000e+00  1.47302e+03  2.20260e+04
 9.99045e-01  0.00000e+00  2.23721e+04
 9.99066e-01  9.99859e-01  2.23721e+04
 1.47306e+03  9.98100e-01  2.16848e+04
 0.00000e+00  1.47308e+03  2.20260e+04
 1.00124e+00  0.00000e+00  2.23733e+04
 1.00047e+00  1.00115e+00  2.23728e+04
 1.47312e+03  9.98428e-01  2.16848e+04
 0.00000e+00  1.47314e+03  2.20260e+04
 1.00105e+00  0.00000e+00  2.23732e+04
 9.99285e-01  9.99883e-01  2.23722e+04
 1.47318e+03  9.99928e-01  2.16848e+04
 0.00000e+00  1.47320e+03  2.20260e+04
 1.00190e+00  0.00000e+00  2.23736e+04
 9.99515e-01  1.00034e+00  2.23723e+04
 1.47325e+03  9.99617e-01  2.16848e+04
 0.00000e+00  1.47327e+03  2.20260e+04
 1.00089e+00  0.00000e+00  2.23731e+04
 9.99224e-01  9.99983e-01  2.23722e+04
 1.47331e+03  9.99286e-01  2.16848e+04
 0.00000e+00  1.47333e+03  2.20260e+04
 1.00034e+00  0.00000e+00  2.23728e+04
 9.99241e-01  9.99734e-01  2.23722e+04
 1.47337e+03  9.99709e-01  2.16848e+04
 0.00000e+00  1.47339e+03  2.20260e+04
 1.00080e+00  0.00000e+00  2.23730e+04
 9.99409e-01  1.00006e+00  2.23723e+04
 1.47343e+03  1.00213e+00  2.16848e+04
 0.00000e+00  1.47345e+03  2.20260e+04
 9.99264e-01  0.00000e+00  2.23722e+04
 1.00098e+00  1.00148e+00  2.23731e+04
 1.47350e+03  1.00048e+00  2.16848e+04
 0.00000e+00  1.47352e+03  2.20260e+04
 1.00131e+00  0.00000e+00  2.23733e+04
 1.00134e+00  1.00185e+00  2.23733e+04
 1.47356e+03  1.00139e+00  2.16848e+04
 0.00000e+00  1.47358e+03  2.20260e+04
 1.00004e+00  0.00000e+00  2.23726e+04
 1.00251e+00  1.00315e+00  2.23739e+04
 1.47362e+03  1.00018e+00  2.16848e+04
 0.00000e+00  1.47364e+03  2.20260e+04
 1.00076e+00  0.00000e+00  2.23730e+04
 1.00057e+00  1.00110e+00  2.23729e+04
 1.47368e+03  9.99301e-01  2.16848e+04
 0.00000e+00  1.47370e+03  2.20260e+04
 1.00102e+00  1.28000e+02  2.23731e+04
 9.98957e-01  9.99416e-01  2.23720e+04
 1.47375e+03  1.00003e+00  2.16848e+04
 0.00000e+00  1.47377e+03  2.20260e+04
 9.98337e-01  0.00000e+00  2.23717e+04
 1.00080e+00  1.00123e+00  2.23730e+04
 1.47381e+03  9.98189e-01  2.16848e+04
 0.00000e+00  1.47383e+03  2.20260e+04
 9.99405e-01  0.00000e+00  2.23723e+04
 9.98445e-01  9.98459e-01  2.23717e+04
 1.47387e+03  9.99792e-01  2.16848e+04
 0.00000e+00  1.47389e+03  2.20260e+04
 9.99297e-01  0.00000e+00  2.23722e+04
 1.00041e+00  1.00084e+00  2.23728e+04
 1.47393e+03  9.99045e-01  2.16848e+04
 0.00000e+00  1.47395e+03  2.20260e+04
 9.99116e-01  0.00000e+00  2.23721e+04
 1.00016e+00  1.00044e+00  2.23727e+04
 1.47400e+03  9.99412e-01  2.16848e+04
 0.00000e+00  1.47402e+03  2.20260e+04
 1.00122e+00  0.00000e+00  2.23732e+04
 1.00029e+00  1.00067e+00  2.23727e+04
 1.47406e+03  9.99729e-01  2.16848e+04
 0.00000e+00  1.47408e+03  2.20260e+04
 9.98019e-01  0.00000e+00  2.23715e+04
 9.99998e-01  1.00047e+00  2.23726e+04
 1.47412e+03  9.97333e-01  2.16848e+04
 0.00000e+00  1.47414e+03  2.20260e+04
 1.00009e+00  0.00000e+00  2.23726e+04
 9.98699e-01  9.99203e-01  2.23719e+04
 1.47418e+03  9.98156e-01  2.16848e+04
 0.00000e+00  1.47420e+03  2.20260e+04
 9.97275e-01  0.00000e+00  2.23711e+04
 9.97208e-01  9.97624e-01  2.23711e+04
 1.47425e+03  9.96404e-01  2.16848e+04
 0.00000e+00  1.47427e+03  2.20260e+04
 9.97322e-01  0.00000e+00  2.23711e+04
 9.97064e-01  9.97508e-01  2.23710e+04
 1.47431e+03  9.96984e-01  2.16848e+04
 0.00000e+00  1.47433e+03  2.20260e+04
 9.96787e-01  0.00000e+00  2.23709e+04
 9.98178e-01  9.98521e-01  2.23716e+04
 1.47437e+03  9.97664e-01  2.16848e+04
 0.00000e+00  1.47439e+03  2.20260e+04
 9.99522e-01  0.00000e+00  2.23723e+04
 9.99770e-01  1.00015e+00  2.23725e+04
 1.47443e+03  1.00021e+00  2.16848e+04
 0.00000e+00  1.47445e+03  2.20260e+04
 1.00110e+00  0.00000e+00  2.23732e+04
 1.00055e+00  1.00151e+00  2.23729e+04
 1.47450e+03  1.00340e+00  2.16848e+04
 0.00000e+00  1.47452e+03  2.20260e+04
 1.00243e+00  0.00000e+00  2.23739e+04
 1.00281e+00  1.00526e+00  2.23741e+04
 1.47456e+03  1.00339e+00  2.16848e+04
 0.00000e+00  1.47458e+03  2.20260e+04
 1.00673e+00  0.00000e+00  2.23762e+04
 1.00375e+00  1.00405e+00  2.23746e+04
 1.47462e+03  1.00709e+00  2.16848e+04
 0.00000e+00  1.47464e+03  2.20260e+04
 9.03977e-01  1.28000e+02  2.23230e+04
 1.00625e+00  1.00582e+00  2.23760e+04
 1.47468e+03  1.00868e+00  2.16848e+04
 1.28000e+02  1.47470e+03  2.16847e+04
 1.00601e+00  1.28000e+02  2.23759e+04
 1.00757e+00  1.00706e+00  2.23767e+04
 1.47475e+03  1.00742e+00  2.16848e+04
 0.00000e+00  1.47477e+03  2.20260e+04
 1.00690e+00  0.00000e+00  2.23763e+04
 1.00836e+00  1.00857e+00  2.23771e+04
 1.47481e+03  9.90519e-01  2.16848e+04
 1.28000e+02  1.47483e+03  2.16847e+04
 1.00558e+00  0.00000e+00  2.23756e+04
 1.00786e+00  1.00795e+00  2.23769e+04
 1.47487e+03  1.00497e+00  2.16848e+04
 0.00000e+00  1.47489e+03  2.20260e+04
 1.00817e+00  0.00000e+00  2.23770e+04
 1.00551e+00  1.00564e+00  2.23756e+04
 1.47493e+03  1.00535e+00  2.16848e+04
 0.00000e+00  1.47495e+03  2.20260e+04
 1.00520e+00  0.00000e+00  2.23754e+04
 1.00408e+00  1.00367e+00  2.23748e+04
 1.47500e+03  1.00577e+00  2.16848e+04
 0.00000e+00  1.47502e+03  2.20260e+04
 1.00216e+00  0.00000e+00  2.23738e+04
 1.00415e+00  1.00431e+00  2.23748e+04
 1.47506e+03  1.00181e+00  2.16848e+04
 0.00000e+00  1.47508e+03  2.20260e+04
 1.00128e+00  1.28000e+02  2.23733e+04
 1.00094e+00  1.00067e+00  2.23731e+04
 1.47512e+03  1.00059e+00  2.16848e+04
 0.00000e+00  1.47514e+03  2.20260e+04
 1.00060e+00  0.00000e+00  2.23729e+04
 9.99195e-01  9.98895e-01  2.23722e+04
 1.47518e+03  1.00021e+00  2.16848e+04
 0.00000e+00  1.47520e+03  2.20260e+04
 9.98293e-01  0.00000e+00  2.23717e+04
 1.00041e+00  1.00006e+00  2.23728e+04
 1.47525e+03  9.99367e-01  2.16848e+04
 0.00000e+00  1.47527e+03  2.20260e+04
 9.99405e-01  0.00000e+00  2.23723e+04
 9.98714e-01  9.98391e-01  2.23719e+04
 1.47531e+03  1.00013e+00  2.16848e+04
 0.00000e+00  1.47533e+03  2.20260e+04
 9.98506e-01  1.28000e+02  2.23718e+04
 1.00067e+00  1.00062e+00  2.23730e+04
 1.47537e+03  9.99943e-01  2.16848e+04
 0.00000e+00  1.47539e+03  2.20260e+04
 9.99194e-01  0.00000e+00  2.23722e+04
 9.95297e-01  1.00045e+00  2.23700e+04
 1.47543e+03  9.98703e-01  2.16848e+04
 0.00000e+00  1.47545e+03  2.20260e+04
 1.00096e+00  0.00000e+00  2.23731e+04
 9.97699e-01  9.97618e-01  2.23713e+04
 1.47550e+03  1.00151e+00  2.16848e+04
 0.00000e+00  1.47552e+03  2.20260e+04
 9.97056e-01  0.00000e+00  2.23710e+04
 9.99782e-01  9.99551e-01  2.23725e+04
 1.47556e+03  9.99455e-01  2.16848e+04
 0.00000e+00  1.47558e+03  2.20260e+04
 9.97528e-01  0.00000e+00  2.23713e+04
 9.98722e-01  9.99014e-01  2.23719e+04
 1.47562e+03  9.98225e-01  2.16848e+04
 0.00000e+00  1.47564e+03  2.20260e+04
 9.99015e-01  0.00000e+00  2.23721e+04
 9.97683e-01  9.97392e-01  2.23713e+04
 1.47568e+03  9.98961e-01  2.16848e+04
 0.00000e+00  1.47570e+03  2.20260e+04
 9.98998e-01  0.00000e+00  2.23720e+04
 9.99339e-01  9.98834e-01  2.23722e+04
 1.47575e+03  1.00067e+00  2.16848e+04
 0.00000e+00  1.47577e+03  2.20260e+04
 9.98629e-01  0.00000e+00  2.23718e+04
 9.99717e-01  9.99092e-01  2.23724e+04
 1.47581e+03  1.00043e+00  2.16848e+04
 0.00000e+00  1.47583e+03  2.20260e+04
 1.00007e+00  0.00000e+00  2.23726e+04
 1.00113e+00  1.00047e+00  2.23732e+04
 1.47587e+03  1.00117e+00  2.16848e+04
 0.00000e+00  1.47589e+03  2.20260e+04
 9.98729e-01  0.00000e+00  2.23719e+04
 1.00034e+00  9.99508e-01  2.23728e+04
 1.47593e+03  1.00093e+00  2.16848e+04
 0.00000e+00  1.47595e+03  2.20260e+04
 9.98044e-01  0.00000e+00  2.23715e+04
 1.00223e+00  1.00139e+00  2.23738e+04
 1.47600e+03  9.98736e-01  2.16848e+04
 0.00000e+00  1.47602e+03  2.20260e+04
 9.98627e-01  0.00000e+00  2.23718e+04
 1.01911e+00  9.98028e-01  2.23830e+04
 1.47606e+03  9.98987e-01  2.16848e+04
 0.00000e+00  1.47608e+03  2.20260e+04
 9.98229e-01  0.00000e+00  2.23716e+04
 9.99083e-01  9.98062e-01  2.23721e+04
 1.47612e+03  9.98513e-01  2.16848e+04
 0.00000e+00  1.47614e+03  2.20260e+04
 9.97606e-01  0.00000e+00  2.23713e+04
 9.99498e-01  9.98300e-01  2.23723e+04
 1.47618e+03  9.98079e-01  2.16848e+04
 0.00000e+00  1.47620e+03  2.20260e+04
 9.99738e-01  0.00000e+00  2.23724e+04
 9.98601e-01  9.97185e-01  2.23718e+04
 1.47625e+03  1.00133e+00  2.16848e+04
 0.00000e+00  1.47627e+03  2.20260e+04
 9.98030e-01  0.00000e+00  2.23715e+04
 1.00158e+00  1.00010e+00  2.23734e+04
 1.47631e+03  9.99735e-01  2.16848e+04
 0.00000e+00  1.47633e+03  2.20260e+04
 1.00031e+00  1.28000e+02  2.23728e+04
 1.00034e+00  9.98735e-01  2.23728e+04
 1.47637e+03  1.00124e+00  2.16848e+04
 0.00000e+00  1.47639e+03  2.20260e+04
 9.98038e-01  0.00000e+00  2.23715e+04
 9.99853e-01  9.98177e-01  2.23725e+04
 1.47643e+03  1.00106e+00  2.16848e+04
 0.00000e+00  1.47645e+03  2.20260e+04
 9.97078e-01  1.28000e+02  2.23710e+04
 1.00038e+00  9.98661e-01  2.23728e+04
 1.47650e+03  9.98689e-01  2.16848e+04
 0.00000e+00  1.47652e+03  2.20260e+04
 9.99392e-01  0.00000e+00  2.23723e+04
 9.98909e-01  9.96905e-01  2.23720e+04
 1.47656e+03  9.99651e-01  2.16848e+04
 0.00000e+00  1.47658e+03  2.20260e+04
 9.97183e-01  0.00000e+00  2.23711e+04
 9.99797e-01  9.97873e-01  2.23725e+04
 1.47662e+03  1.00013e+00  2.16848e+04
 0.00000e+00  1.47664e+03  2.20260e+04
 9.98491e-01  0.00000e+00  2.23718e+04
 9.99174e-01  9.97404e-01  2.23721e+04
 1.47668e+03  9.99105e-01  2.16848e+04
 0.00000e+00  1.47670e+03  2.20260e+04
 1.00024e+00  0.00000e+00  2.23727e+04
 1.00060e+00  9.98413e-01  2.23729e+04
 1.47675e+03  1.00293e+00  2.16848e+04
 0.00000e+00  1.47677e+03  2.20260e+04
 9.98874e-01  0.00000e+00  2.23720e+04
 1.00115e+00  9.98761e-01  2.23732e+04
 1.47681e+03  1.00200e+00  2.16848e+04
 0.00000e+00  1.47683e+03  2.20260e+04
 9.99473e-01  0.00000e+00  2.23723e+04
 1.00289e+00  1.00070e+00  2.23742e+04
 1.47687e+03  1.00179e+00  2.16848e+04
 0.00000e+00  1.47689e+03  2.20260e+04
 9.99930e-01  0.00000e+00  2.23726e+04
 1.00117e+00  9.98766e-01  2.23732e+04
 1.47693e+03  1.00196e+00  2.16848e+04
 0.00000e+00  1.47695e+03  2.20260e+04
 9.99750e-01  0.00000e+00  2.23725e+04
 1.00090e+00  9.98016e-01  2.23731e+04
 1.47700e+03  9.96563e-01  2.16848e+04
 1.28000e+02  1.47702e+03  2.16847e+04
 9.84882e-01  0.00000e+00  2.23645e+04
 1.09739e+00  9.99153e-01  2.24280e+04
 1.47814e+03  1.08495e+00  2.16848e+04
 0.00000e+00  1.47816e+03  2.20260e+04
 1.00338e+00  0.00000e+00  2.23744e+04
 1.06105e+00  1.00314e+00  2.24067e+04
 1.47820e+03  1.05488e+00  2.16848e+04
 0.00000e+00  1.47822e+03  2.20260e+04
 1.00627e+00  0.00000e+00  2.23760e+04
 1.04519e+00  1.00589e+00  2.23976e+04
 1.47827e+03  1.04150e+00  2.16848e+04
 0.00000e+00  1.47829e+03  2.20260e+04
 1.00721e+00  0.00000e+00  2.23765e+04
 1.03561e+00  1.00601e+00  2.23922e+04
 1.47833e+03  1.03263e+00  2.16848e+04
 0.00000e+00  1.47835e+03  2.20260e+04
 1.00802e+00  0.00000e+00  2.23769e+04
 1.02534e+00  1.00511e+00  2.23865e+04
 1.47839e+03  1.02556e+00  2.16848e+04
 0.00000e+00  1.47841e+03  2.20260e+04
 1.00631e+00  0.00000e+00  2.23760e+04
 1.01679e+00  1.00608e+00  2.23818e+04
 1.47845e+03  1.01456e+00  2.16848e+04
 1.28000e+02  1.47847e+03  2.16847e+04
 1.00962e+00  0.00000e+00  2.23778e+04
 1.00984e+00  1.00537e+00  2.23779e+04
 1.47852e+03  1.01288e+00  2.16848e+04
 0.00000e+00  1.47854e+03  2.20260e+04
 1.00604e+00  0.00000e+00  2.23759e+04
 1.00885e+00  1.00605e+00  2.23774e+04
 1.47858e+03  1.01068e+00  2.16848e+04
 1.28000e+02  1.47860e+03  2.16847e+04
 1.00401e+00  0.00000e+00  2.23748e+04
 1.00836e+00  1.00640e+00  2.23771e+04
 1.47864e+03  1.00603e+00  2.16848e+04
 0.00000e+00  1.47866e+03  2.20260e+04
 1.00440e+00  0.00000e+00  2.23750e+04
 1.00441e+00  1.00295e+00  2.23750e+04
 1.47870e+03  1.00460e+00  2.16848e+04
 0.00000e+00  1.47872e+03  2.20260e+04
 1.00132e+00  0.00000e+00  2.23733e+04
 1.00352e+00  1.00166e+00  2.23745e+04
 1.47877e+03  1.00091e+00  2.16848e+04
 0.00000e+00  1.47879e+03  2.20260e+04
 1.00072e+00  0.00000e+00  2.23730e+04
 1.00210e+00  1.00041e+00  2.23737e+04
 1.47883e+03  1.00066e+00  2.16848e+04
 0.00000e+00  1.47885e+03  2.20260e+04
 1.00058e+00  0.00000e+00  2.23729e+04
 9.99318e-01  9.97885e-01  2.23722e+04
 1.47889e+03  9.98573e-01  2.16848e+04
 0.00000e+00  1.47891e+03  2.20260e+04
 9.99917e-01  0.00000e+00  2.23725e+04
 1.00121e+00  9.99729e-01  2.23732e+04
 1.47895e+03  1.00124e+00  2.16848e+04
 0.00000e+00  1.47897e+03  2.20260e+04
 1.00036e+00  0.00000e+00  2.23728e+04
 1.02715e+00  9.99596e-01  2.23875e+04
 1.47902e+03  1.00193e+00  2.16848e+04
 0.00000e+00  1.47904e+03  2.20260e+04
 1.00002e+00  0.00000e+00  2.23726e+04
 1.00135e+00  1.00013e+00  2.23733e+04
 1.47908e+03  1.00199e+00  2.16848e+04
 0.00000e+00  1.47910e+03  2.20260e+04
 9.99538e-01  0.00000e+00  2.23723e+04
 1.00153e+00  1.00068e+00  2.23734e+04
 1.47914e+03  1.00136e+00  2.16848e+04
 0.00000e+00  1.47916e+03  2.20260e+04
 9.99300e-01  0.00000e+00  2.23722e+04
 1.00093e+00  1.00011e+00  2.23731e+04
 1.47920e+03  1.00029e+00  2.16848e+04
 0.00000e+00  1.47922e+03  2.20260e+04
 9.99155e-01  0.00000e+00  2.23721e+04
 1.00013e+00  9.99493e-01  2.23727e+04
 1.47927e+03  9.99025e-01  2.16848e+04
 0.00000e+00  1.47929e+03  2.20260e+04
 9.99866e-01  0.00000e+00  2.23725e+04
 1.00004e+00  9.99418e-01  2.23726e+04
 1.47933e+03  1.00029e+00  2.16848e+04
 0.00000e+00  1.47935e+03  2.20260e+04
 1.00026e+00  0.00000e+00  2.23727e+04
 9.99584e-01  9.99227e-01  2.23724e+04
 1.47939e+03  1.00210e+00  2.16848e+04
 0.00000e+00  1.47941e+03  2.20260e+04
 1.00028e+00  0.00000e+00  2.23727e+04
 1.00099e+00  1.00047e+00  2.23731e+04
 1.47945e+03  1.00054e+00  2.16848e+04
 0.00000e+00  1.47947e+03  2.20260e+04
 1.00138e+00  0.00000e+00  2.23733e+04
 1.00182e+00  1.00153e+00  2.23736e+04
 1.47952e+03  1.00167e+00  2.16848e+04
 0.00000e+00  1.47954e+03  2.20260e+04
 1.00065e+00  0.00000e+00  2.23729e+04
 9.99775e-01  9.99441e-01  2.23725e+04
 1.47958e+03  1.00062e+00  2.16848e+04
 0.00000e+00  1.47960e+03  2.20260e+04
 1.00004e+00  0.00000e+00  2.23726e+04
 9.99629e-01  9.99418e-01  2.23724e+04
 1.47964e+03  1.00077e+00  2.16848e+04
 0.00000e+00  1.47966e+03  2.20260e+04
 9.98322e-01  0.00000e+00  2.23717e+04
 9.99461e-01  9.99272e-01  2.23723e+04
 1.47970e+03  9.98744e-01  2.16848e+04
 0.00000e+00  1.47972e+03  2.20260e+04
 9.98603e-01  0.00000e+00  2.23718e+04
 9.99580e-01  9.99538e-01  2.23724e+04
 1.47977e+03  9.99467e-01  2.16848e+04
 0.00000e+00  1.47979e+03  2.20260e+04
 9.99298e-01  0.00000e+00  2.23722e+04
 9.99458e-01  9.99317e-01  2.23723e+04
 1.47983e+03  9.99995e-01  2.16848e+04
 0.00000e+00  1.47985e+03  2.20260e+04
 9.97834e-01  0.00000e+00  2.23714e+04
 1.00239e+00  1.00202e+00  2.23739e+04
 1.47989e+03  9.99019e-01  2.16848e+04
 0.00000e+00  1.47991e+03  2.20260e+04
 1.00033e+00  0.00000e+00  2.23728e+04
 9.99827e-01  9.99511e-01  2.23725e+04
 1.47995e+03  9.99250e-01  2.16848e+04
 0.00000e+00  1.47997e+03  2.20260e+04
 1.00067e+00  0.00000e+00  2.23729e+04
 1.00052e+00  1.00033e+00  2.23729e+04
 1.48002e+03  9.99939e-01  2.16848e+04
 0.00000e+00  1.48004e+03  2.20260e+04
 9.99795e-01  0.00000e+00  2.23725e+04
 9.98642e-01  9.98407e-01  2.23719e+04
 1.48008e+03  9.98243e-01  2.16848e+04
 0.00000e+00  1.48010e+03  2.20260e+04
 1.00051e+00  0.00000e+00  2.23729e+04
 9.97813e-01  9.97626e-01  2.23714e+04
 1.48014e+03  9.98979e-01  2.16848e+04
 0.00000e+00  1.48016e+03  2.20260e+04
 9.97165e-01  0.00000e+00  2.23711e+04
 9.99656e-01  9.99394e-01  2.23724e+04
 1.48020e+03  9.98286e-01  2.16848e+04
 0.00000e+00  1.48022e+03  2.20260e+04
 9.99550e-01  0.00000e+00  2.23723e+04
 1.00081e+00  1.00079e+00  2.23730e+04
 1.48027e+03  9.98405e-01  2.16848e+04
 0.00000e+00  1.48029e+03  2.20260e+04
 1.00061e+00  0.00000e+00  2.23729e+04
 9.99291e-01  9.99212e-01  2.23722e+04
 1.48033e+03  1.00068e+00  2.16848e+04
 0.00000e+00  1.48035e+03  2.20260e+04
 1.00037e+00  0.00000e+00  2.23728e+04
 1.00169e+00  1.00154e+00  2.23735e+04
 1.48039e+03  9.99749e-01  2.16848e+04
 0.00000e+00  1.48041e+03  2.20260e+04
 1.00088e+00  0.00000e+00  2.23731e+04
 1.00110e+00  1.00095e+00  2.23732e+04
 1.48045e+03  1.00073e+00  2.16848e+04
 0.00000e+00  1.48047e+03  2.20260e+04
 1.00139e+00  0.00000e+00  2.23733e+04
 1.00121e+00  1.00100e+00  2.23732e+04
 1.48052e+03  1.00030e+00  2.16848e+04
 0.00000e+00  1.48054e+03  2.20260e+04
 1.00081e+00  0.00000e+00  2.23730e+04
 9.99885e-01  9.99573e-01  2.23725e+04
 1.48058e+03  1.00031e+00  2.16848e+04
 0.00000e+00  1.48060e+03  2.20260e+04
 1.00110e+00  0.00000e+00  2.23732e+04
 9.99821e-01  9.99731e-01  2.23725e+04
 1.48064e+03  1.00203e+00  2.16848e+04
 0.00000e+00  1.48066e+03  2.20260e+04
 9.98611e-01  0.00000e+00  2.23718e+04
 1.00086e+00  1.00071e+00  2.23731e+04
 1.48070e+03  1.00161e+00  2.16848e+04
 1.28000e+02  1.48072e+03  2.16847e+04
 1.00117e+00  0.00000e+00  2.23732e+04
 1.00228e+00  1.00214e+00  2.23738e+04
 1.48077e+03  1.00140e+00  2.16848e+04
 0.00000e+00  1.48079e+03  2.20260e+04
 1.00011e+00  0.00000e+00  2.23726e+04
 1.00099e+00  1.00088e+00  2.23731e+04
 1.48083e+03  1.00032e+00  2.16848e+04
 0.00000e+00  1.48085e+03  2.20260e+04
 1.00222e+00  0.00000e+00  2.23738e+04
 1.00123e+00  1.00101e+00  2.23733e+04
 1.48089e+03  1.00143e+00  2.16848e+04
 0.00000e+00  1.48091e+03  2.20260e+04
 9.99656e-01  0.00000e+00  2.23724e+04
 1.00151e+00  1.00143e+00  2.23734e+04
 1.48095e+03  9.99356e-01  2.16848e+04
 0.00000e+00  1.48097e+03  2.20260e+04
 1.00033e+00  0.00000e+00  2.23728e+04
 1.00073e+00  1.00059e+00  2.23730e+04
 1.48102e+03  9.99017e-01  2.16848e+04
 0.00000e+00  1.48104e+03  2.20260e+04
 9.99764e-01  0.00000e+00  2.23725e+04
 9.98960e-01  9.98802e-01  2.23720e+04
 1.48108e+03  9.99338e-01  2.16848e+04
 0.00000e+00  1.48110e+03  2.20260e+04
 9.99978e-01  0.00000e+00  2.23726e+04
 1.00045e+00  1.00030e+00  2.23728e+04
 1.48114e+03  9.97959e-01  2.16848e+04
 0.00000e+00  1.48116e+03  2.20260e+04
 1.00051e+00  0.00000e+00  2.23729e+04
 9.97930e-01  9.97790e-01  2.23715e+04
 1.48120e+03  9.99928e-01  2.16848e+04
 0.00000e+00  1.48122e+03  2.20260e+04
 9.98541e-01  0.00000e+00  2.23718e+04
 9.99951e-01  9.99972e-01  2.23726e+04
 1.48127e+03  1.00064e+00  2.16848e+04
 0.00000e+00  1.48129e+03  2.20260e+04
 8.99983e-01  1.28000e+02  2.23211e+04
 9.99906e-01  9.99791e-01  2.23725e+04
 1.48133e+03  9.99514e-01  2.16848e+04
 0.00000e+00  1.48135e+03  2.20260e+04
 9.99884e-01  0.00000e+00  2.23725e+04
 9.98240e-01  9.98288e-01  2.23716e+04
 1.48139e+03  9.98618e-01  2.16848e+04
 0.00000e+00  1.48141e+03  2.20260e+04
 9.97033e-01  0.00000e+00  2.23710e+04
 9.98759e-01  9.98831e-01  2.23719e+04
 1.48145e+03  9.97332e-01  2.16848e+04
 0.00000e+00  1.48147e+03  2.20260e+04
 9.97091e-01  0.00000e+00  2.23710e+04
 9.96451e-01  9.96263e-01  2.23707e+04
 1.48152e+03  9.95193e-01  2.16848e+04
 1.28000e+02  1.48154e+03  2.16847e+04
 9.96598e-01  0.00000e+00  2.23708e+04
 9.96662e-01  9.96655e-01  2.23708e+04
 1.48158e+03  9.98424e-01  2.16848e+04
 0.00000e+00  1.48160e+03  2.20260e+04
 9.96366e-01  0.00000e+00  2.23706e+04
 9.97888e-01  9.97884e-01  2.23714e+04
 1.48164e+03  9.97555e-01  2.16848e+04
 0.00000e+00  1.48166e+03  2.20260e+04
 1.00092e+00  0.00000e+00  2.23731e+04
 9.99854e-01  9.99865e-01  2.23725e+04
 1.48170e+03  1.00031e+00  2.16848e+04
 0.00000e+00  1.48172e+03  2.20260e+04
 1.00158e+00  0.00000e+00  2.23734e+04
 1.00114e+00  1.00120e+00  2.23732e+04
 1.48177e+03  1.00305e+00  2.16848e+04
 0.00000e+00  1.48179e+03  2.20260e+04
 1.00390e+00  0.00000e+00  2.23747e+04
 1.00442e+00  1.00440e+00  2.23750e+04
 1.48183e+03  1.01435e+00  2.16848e+04
 1.28000e+02  1.48185e+03  2.16847e+04
 1.00466e+00  0.00000e+00  2.23751e+04
 1.00534e+00  1.00539e+00  2.23755e+04
 1.48189e+03  1.00714e+00  2.16848e+04
 0.00000e+00  1.48191e+03  2.20260e+04
 1.00477e+00  0.00000e+00  2.23752e+04
 1.00879e+00  1.00887e+00  2.23774e+04
 1.48195e+03  1.00607e+00  2.16848e+04
 0.00000e+00  1.48197e+03  2.20260e+04
 1.00673e+00  0.00000e+00  2.23762e+04
 1.00677e+00  1.00675e+00  2.23763e+04
 1.48202e+03  1.00722e+00  2.16848e+04
 0.00000e+00  1.48204e+03  2.20260e+04
 1.00720e+00  0.00000e+00  2.23765e+04
 1.00812e+00  1.00827e+00  2.23770e+04
 1.48208e+03  1.00776e+00  2.16848e+04
 0.00000e+00  1.48210e+03  2.20260e+04
 1.00558e+00  0.00000e+00  2.23756e+04
 1.00679e+00  1.00699e+00  2.23763e+04
 1.48214e+03  1.00766e+00  2.16848e+04
 0.00000e+00  1.48216e+03  2.20260e+04
 1.00583e+00  0.00000e+00  2.23758e+04
 1.00803e+00  1.00818e+00  2.23770e+04
 1.48220e+03  1.00512e+00  2.16848e+04
 0.00000e+00  1.48222e+03  2.20260e+04
 1.00320e+00  0.00000e+00  2.23743e+04
 1.00671e+00  1.00668e+00  2.23762e+04
 1.48227e+03  1.00179e+00  2.16848e+04
 0.00000e+00  1.48229e+03  2.20260e+04
 1.00655e+00  0.00000e+00  2.23761e+04
 1.00173e+00  1.00212e+00  2.23735e+04
 1.48233e+03  1.00227e+00  2.16848e+04
 0.00000e+00  1.48235e+03  2.20260e+04
 1.00069e+00  0.00000e+00  2.23730e+04
 1.00087e+00  1.00099e+00  2.23731e+04
 1.48239e+03  1.00023e+00  2.16848e+04
 0.00000e+00  1.48241e+03  2.20260e+04
 1.00118e+00  0.00000e+00  2.23732e+04
 9.98728e-01  9.98871e-01  2.23719e+04
 1.48245e+03  9.99636e-01  2.16848e+04
 0.00000e+00  1.48247e+03  2.20260e+04
 9.99447e-01  0.00000e+00  2.23723e+04
 9.97221e-01  9.97244e-01  2.23711e+04
 1.48252e+03  9.99681e-01  2.16848e+04
 0.00000e+00  1.48254e+03  2.20260e+04
 9.97833e-01  0.00000e+00  2.23714e+04
 1.00055e+00  1.00070e+00  2.23729e+04
 1.48258e+03  9.98708e-01  2.16848e+04
 0.00000e+00  1.48260e+03  2.20260e+04
 9.99469e-01  0.00000e+00  2.23723e+04
 9.98223e-01  9.98163e-01  2.23716e+04
 1.48264e+03  1.00066e+00  2.16848e+04
 0.00000e+00  1.48266e+03  2.20260e+04
 9.99182e-01  0.00000e+00  2.23721e+04
 1.00076e+00  1.00100e+00  2.23730e+04
 1.48270e+03  9.99184e-01  2.16848e+04
 0.00000e+00  1.48272e+03  2.20260e+04
 9.99320e-01  0.00000e+00  2.23722e+04
 1.00033e+00  1.00042e+00  2.23728e+04
 1.48277e+03  9.99063e-01  2.16848e+04
 0.00000e+00  1.48279e+03  2.20260e+04
 9.99813e-01  0.00000e+00  2.23725e+04
 9.98759e-01  9.98902e-01  2.23719e+04
 1.48283e+03  1.00345e+00  2.16848e+04
 0.00000e+00  1.48285e+03  2.20260e+04
 9.98963e-01  1.28000e+02  2.23720e+04
 9.98766e-01  9.99030e-01  2.23719e+04
 1.48289e+03  9.98858e-01  2.16848e+04
 0.00000e+00  1.48291e+03  2.20260e+04
 9.97751e-01  0.00000e+00  2.23714e+04
 9.98885e-01  9.99107e-01  2.23720e+04
 1.48295e+03  9.98397e-01  2.16848e+04
 0.00000e+00  1.48297e+03  2.20260e+04
 9.98648e-01  0.00000e+00  2.23719e+04
 9.97994e-01  9.98025e-01  2.23715e+04
 1.48302e+03  1.00056e+00  2.16848e+04
 0.00000e+00  1.48304e+03  2.20260e+04
 9.98814e-01  0.00000e+00  2.23719e+04
 9.99923e-01  1.00007e+00  2.23725e+04
 1.48308e+03  1.00034e+00  2.16848e+04
 0.00000e+00  1.48310e+03  2.20260e+04
 9.98893e-01  0.00000e+00  2.23720e+04
 1.00127e+00  1.00113e+00  2.23733e+04
 1.48314e+03  9.99282e-01  2.16848e+04
 0.00000e+00  1.48316e+03  2.20260e+04
 1.00010e+00  0.00000e+00  2.23726e+04
 9.99049e-01  9.99210e-01  2.23721e+04
 1.48320e+03  9.99640e-01  2.16848e+04
 0.00000e+00  1.48322e+03  2.20260e+04
 9.98654e-01  0.00000e+00  2.23719e+04
 1.00003e+00  1.00017e+00  2.23726e+04
 1.48327e+03  9.98481e-01  2.16848e+04
 0.00000e+00  1.48329e+03  2.20260e+04
 9.99091e-01  0.00000e+00  2.23721e+04
 9.98661e-01  9.98377e-01  2.23719e+04
 1.48333e+03  9.98129e-01  2.16848e+04
 0.00000e+00  1.48335e+03  2.20260e+04
 9.98699e-01  0.00000e+00  2.23719e+04
 9.97886e-01  9.98019e-01  2.23714e+04
 1.48339e+03  9.99982e-01  2.16848e+04
 0.00000e+00  1.48341e+03  2.20260e+04
 9.97404e-01  0.00000e+00  2.23712e+04
 1.00058e+00  1.00068e+00  2.23729e+04
 1.48345e+03  9.97304e-01  2.16848e+04
 0.00000e+00  1.48347e+03  2.20260e+04
 1.00006e+00  0.00000e+00  2.23726e+04
 9.99610e-01  9.99686e-01  2.23724e+04
 1.48352e+03  9.99385e-01  2.16848e+04
 0.00000e+00  1.48354e+03  2.20260e+04
 9.99352e-01  0.00000e+00  2.23722e+04
 9.98414e-01  9.98666e-01  2.23717e+04
 1.48358e+03  9.99600e-01  2.16848e+04
 0.00000e+00  1.48360e+03  2.20260e+04
 9.99928e-01  0.00000e+00  2.23725e+04
 9.99791e-01  9.99860e-01  2.23725e+04
 1.48364e+03  9.99943e-01  2.16848e+04
 0.00000e+00  1.48366e+03  2.20260e+04
 9.98118e-01  0.00000e+00  2.23716e+04
 9.97911e-01  9.98093e-01  2.23715e+04
 1.48370e+03  9.98696e-01  2.16848e+04
 0.00000e+00  1.48372e+03  2.20260e+04
 9.98113e-01  0.00000e+00  2.23716e+04
 9.97872e-01  9.98081e-01  2.23714e+04
 1.48377e+03  9.99766e-01  2.16848e+04
 0.00000e+00  1.48379e+03  2.20260e+04
 9.96865e-01  0.00000e+00  2.23709e+04
 9.98028e-01  9.98091e-01  2.23715e+04
 1.48383e+03  9.96655e-01  2.16848e+04
 0.00000e+00  1.48385e+03  2.20260e+04
 9.99237e-01  1.28000e+02  2.23722e+04
 9.99378e-01  9.99495e-01  2.23723e+04
 1.48389e+03  9.99718e-01  2.16848e+04
 0.00000e+00  1.48391e+03  2.20260e+04
 9.99377e-01  0.00000e+00  2.23723e+04
 9.97749e-01  9.97813e-01  2.23714e+04
 1.48395e+03  1.00079e+00  2.16848e+04
 0.00000e+00  1.48397e+03  2.20260e+04
 1.00001e+00  0.00000e+00  2.23726e+04
 1.00297e+00  1.00254e+00  2.23742e+04
 1.48402e+03  9.98248e-01  2.16848e+04
 0.00000e+00  1.48404e+03  2.20260e+04
 1.00286e+00  0.00000e+00  2.23741e+04
 9.97291e-01  9.97314e-01  2.23711e+04
 1.48408e+03  1.00210e+00  2.16848e+04
 0.00000e+00  1.48410e+03  2.20260e+04
 1.00045e+00  0.00000e+00  2.23728e+04
 1.00130e+00  1.00144e+00  2.23733e+04
 1.48414e+03  9.99934e-01  2.16848e+04
 0.00000e+00  1.48416e+03  2.20260e+04
 9.98754e-01  0.00000e+00  2.23719e+04
 1.00012e+00  1.00031e+00  2.23727e+04
 1.48420e+03  9.98992e-01  2.16848e+04
 0.00000e+00  1.48422e+03  2.20260e+04
 9.99888e-01  0.00000e+00  2.23725e+04
 9.99529e-01  9.99589e-01  2.23723e+04
 1.48427e+03  1.00056e+00  2.16848e+04
 0.00000e+00  1.48429e+03  2.20260e+04
 9.98288e-01  0.00000e+00  2.23717e+04
 1.00070e+00  1.00079e+00  2.23730e+04
 1.48433e+03  9.98719e-01  2.16848e+04
 0.00000e+00  1.48435e+03  2.20260e+04
 1.00034e+00  0.00000e+00  2.23728e+04
 1.00112e+00  1.00107e+00  2.23732e+04
 1.48439e+03  1.00005e+00  2.16848e+04
 0.00000e+00  1.48441e+03  2.20260e+04
 8.87440e-01  1.28000e+02  2.23150e+04
 1.00194e+00  1.00208e+00  2.23736e+04
 1.48445e+03  9.99085e-01  2.16848e+04
 0.00000e+00  1.48447e+03  2.20260e+04
 1.00401e+00  0.00000e+00  2.23748e+04
 9.99787e-01  9.99966e-01  2.23725e+04
 1.48452e+03  1.00178e+00  2.16848e+04
 0.00000e+00  1.48454e+03  2.20260e+04
 1.00147e+00  0.00000e+00  2.23734e+04
 9.99833e-01  9.99966e-01  2.23725e+04
 1.48458e+03  1.00126e+00  2.16848e+04
 0.00000e+00  1.48460e+03  2.20260e+04
 1.00085e+00  0.00000e+00  2.23731e+04
 1.00035e+00  1.00052e+00  2.23728e+04
 1.48464e+03  9.99906e-01  2.16848e+04
 0.00000e+00  1.48466e+03  2.20260e+04
 1.00105e+00  0.00000e+00  2.23732e+04
 9.98795e-01  9.98952e-01  2.23719e+04
 1.48470e+03  1.00021e+00  2.16848e+04
 0.00000e+00  1.48472e+03  2.20260e+04
 1.00029e+00  0.00000e+00  2.23727e+04
 9.99086e-01  9.99346e-01  2.23721e+04
 1.48477e+03  9.98087e-01  2.16848e+04
 0.00000e+00  1.48479e+03  2.20260e+04
 1.00122e+00  0.00000e+00  2.23732e+04
 9.98276e-01  9.98414e-01  2.23717e+04
 1.48483e+03  1.00110e+00  2.16848e+04
 0.00000e+00  1.48485e+03  2.20260e+04
 9.99066e-01  0.00000e+00  2.23721e+04
 9.99412e-01  9.99446e-01  2.23723e+04
 1.48489e+03  9.99953e-01  2.16848e+04
 0.00000e+00  1.48491e+03  2.20260e+04
 9.99416e-01  0.00000e+00  2.23723e+04
 9.99870e-01  9.99866e-01  2.23725e+04
 1.48495e+03  9.98911e-01  2.16848e+04
 0.00000e+00  1.48497e+03  2.20260e+04
 9.99424e-01  0.00000e+00  2.23723e+04
 9.98436e-01  9.98549e-01  2.23717e+04
 1.48502e+03  9.97694e-01  2.16848e+04
 0.00000e+00  1.48504e+03  2.20260e+04
 9.98201e-01  0.00000e+00  2.23716e+04
 9.98325e-01  9.98424e-01  2.23717e+04
 1.48508e+03  9.96554e-01  2.16848e+04
 0.00000e+00  1.48510e+03  2.20260e+04
 9.97928e-01  0.00000e+00  2.23715e+04
 9.96535e-01  9.96634e-01  2.23707e+04
 1.48514e+03  9.97580e-01  2.16848e+04
 0.00000e+00  1.48516e+03  2.20260e+04
 9.97794e-01  0.00000e+00  2.23714e+04
 9.97172e-01  9.97334e-01  2.23711e+04
 1.48520e+03  9.97620e-01  2.16848e+04
 0.00000e+00  1.48522e+03  2.20260e+04
 9.97363e-01  0.00000e+00  2.23712e+04
 9.97459e-01  9.97603e-01  2.23712e+04
 1.48527e+03  9.97484e-01  2.16848e+04
 0.00000e+00  1.48529e+03  2.20260e+04
 1.00058e+00  0.00000e+00  2.23729e+04
 9.97140e-01  9.97676e-01  2.23710e+04
 1.48533e+03  1.00146e+00  2.16848e+04
 0.00000e+00  1.48535e+03  2.20260e+04
 1.00081e+00  0.00000e+00  2.23730e+04
 1.00016e+00  1.00011e+00  2.23727e+04
 1.48539e+03  1.00366e+00  2.16848e+04
 0.00000e+00  1.48541e+03  2.20260e+04
 1.00195e+00  0.00000e+00  2.23736e+04
 1.00523e+00  1.00528e+00  2.23754e+04
 1.48545e+03  1.00332e+00  2.16848e+04
 0.00000e+00  1.48547e+03  2.20260e+04
 1.00454e+00  0.00000e+00  2.23751e+04
 1.00515e+00  1.00506e+00  2.23754e+04
 1.48552e+03  1.00584e+00  2.16848e+04
 0.00000e+00  1.48554e+03  2.20260e+04
 1.00573e+00  0.00000e+00  2.23757e+04
 1.00655e+00  1.00693e+00  2.23761e+04
 1.48558e+03  1.00571e+00  2.16848e+04
 0.00000e+00  1.48560e+03  2.20260e+04
 1.00739e+00  0.00000e+00  2.23766e+04
 1.00727e+00  1.00740e+00  2.23765e+04
 1.48564e+03  1.00600e+00  2.16848e+04
 0.00000e+00  1.48566e+03  2.20260e+04
 1.00763e+00  1.28000e+02  2.23767e+04
 1.00604e+00  1.00603e+00  2.23759e+04
 1.48570e+03  1.00743e+00  2.16848e+04
 0.00000e+00  1.48572e+03  2.20260e+04
 1.00721e+00  0.00000e+00  2.23765e+04
 1.00668e+00  1.00685e+00  2.23762e+04
 1.48577e+03  1.00418e+00  2.16848e+04
 1.28000e+02  1.48579e+03  2.16847e+04
 1.00634e+00  0.00000e+00  2.23760e+04
 1.00613e+00  1.00626e+00  2.23759e+04
 1.48583e+03  1.00627e+00  2.16848e+04
 0.00000e+00  1.48585e+03  2.20260e+04
 1.00491e+00  0.00000e+00  2.23753e+04
 1.00432e+00  1.00445e+00  2.23749e+04
 1.48589e+03  1.00307e+00  2.16848e+04
 0.00000e+00  1.48591e+03  2.20260e+04
 1.00378e+00  0.00000e+00  2.23746e+04
 1.00258e+00  1.00275e+00  2.23740e+04
 1.48595e+03  1.00180e+00  2.16848e+04
 0.00000e+00  1.48597e+03  2.20260e+04
 1.00041e+00  0.00000e+00  2.23728e+04
 1.00152e+00  1.00161e+00  2.23734e+04
 1.48602e+03  1.00013e+00  2.16848e+04
 0.00000e+00  1.48604e+03  2.20260e+04
 9.99369e-01  0.00000e+00  2.23722e+04
 9.98724e-01  9.98734e-01  2.23719e+04
 1.48608e+03  9.99642e-01  2.16848e+04
 0.00000e+00  1.48610e+03  2.20260e+04
 9.98488e-01  0.00000e+00  2.23718e+04
 9.99391e-01  9.99516e-01  2.23723e+04
 1.48614e+03  9.98475e-01  2.16848e+04
 0.00000e+00  1.48616e+03  2.20260e+04
 9.97509e-01  0.00000e+00  2.23712e+04
 1.00096e+00  1.00112e+00  2.23731e+04
 1.48620e+03  9.98115e-01  2.16848e+04
 0.00000e+00  1.48622e+03  2.20260e+04
 1.00091e+00  0.00000e+00  2.23731e+04
 9.98957e-01  9.99011e-01  2.23720e+04
 1.48627e+03  1.00000e+00  2.16848e+04
 0.00000e+00  1.48629e+03  2.20260e+04
 9.99834e-01  0.00000e+00  2.23725e+04
 1.02324e+00  1.00204e+00  2.23853e+04
 1.48633e+03  9.98333e-01  2.16848e+04
 0.00000e+00  1.48635e+03  2.20260e+04
 1.00005e+00  0.00000e+00  2.23726e+04
 1.00012e+00  1.00030e+00  2.23727e+04
 1.48639e+03  9.98611e-01  2.16848e+04
 0.00000e+00  1.48641e+03  2.20260e+04
 9.99709e-01  0.00000e+00  2.23724e+04
 9.98453e-01  9.98514e-01  2.23718e+04
 1.48645e+03  9.98760e-01  2.16848e+04
 0.00000e+00  1.48647e+03  2.20260e+04
 9.98091e-01  0.00000e+00  2.23716e+04
 1.00089e+00  1.00106e+00  2.23731e+04
 1.48652e+03  9.95902e-01  2.16848e+04
 0.00000e+00  1.48654e+03  2.20260e+04
 1.00068e+00  1.28000e+02  2.23730e+04
 9.98076e-01  9.98169e-01  2.23715e+04
 1.48658e+03  9.99483e-01  2.16848e+04
 0.00000e+00  1.48660e+03  2.20260e+04
 9.98809e-01  0.00000e+00  2.23719e+04
 9.99991e-01  1.00009e+00  2.23726e+04
 1.48664e+03  9.99641e-01  2.16848e+04
 0.00000e+00  1.48666e+03  2.20260e+04
 9.99124e-01  0.00000e+00  2.23721e+04
 1.00134e+00  1.00144e+00  2.23733e+04
 1.48670e+03  9.98876e-01  2.16848e+04
 0.00000e+00  1.48672e+03  2.20260e+04
 1.00128e+00  0.00000e+00  2.23733e+04
 1.00032e+00  1.00047e+00  2.23728e+04
 1.48677e+03  1.00053e+00  2.16848e+04
 0.00000e+00  1.48679e+03  2.20260e+04
 1.00111e+00  0.00000e+00  2.23732e+04
 1.00036e+00  1.00048e+00  2.23728e+04
 1.48683e+03  9.99286e-01  2.16848e+04
 0.00000e+00  1.48685e+03  2.20260e+04
 9.99423e-01  0.00000e+00  2.23723e+04
 9.99724e-01  9.99863e-01  2.23724e+04
 1.48689e+03  9.98377e-01  2.16848e+04
 0.00000e+00  1.48691e+03  2.20260e+04
 9.99107e-01  0.00000e+00  2.23721e+04
 9.97411e-01  9.97634e-01  2.23712e+04
 1.48695e+03  9.99304e-01  2.16848e+04
 0.00000e+00  1.48697e+03  2.20260e+04
 9.98801e-01  0.00000e+00  2.23719e+04
 9.97578e-01  9.97757e-01  2.23713e+04
 1.48702e+03  9.99561e-01  2.16848e+04
 0.00000e+00  1.48704e+03  2.20260e+04
 9.97870e-01  0.00000e+00  2.23714e+04
 9.99725e-01  9.99893e-01  2.23724e+04
 1.48708e+03  9.98332e-01  2.16848e+04
 0.00000e+00  1.48710e+03  2.20260e+04
 9.99174e-01  0.00000e+00  2.23721e+04
 9.98885e-01  9.99045e-01  2.23720e+04
 1.48714e+03  9.99475e-01  2.16848e+04
 0.00000e+00  1.48716e+03  2.20260e+04
 9.99596e-01  0.00000e+00  2.23724e+04
 1.00006e+00  1.00014e+00  2.23726e+04
 1.48720e+03  9.99453e-01  2.16848e+04
 0.00000e+00  1.48722e+03  2.20260e+04
 9.99270e-01  0.00000e+00  2.23722e+04
 1.00046e+00  1.00061e+00  2.23728e+04
 1.48727e+03  9.99406e-01  2.16848e+04
 0.00000e+00  1.48729e+03  2.20260e+04
 9.99714e-01  0.00000e+00  2.23724e+04
 9.98590e-01  9.98744e-01  2.23718e+04
 1.48733e+03  9.98879e-01  2.16848e+04
 0.00000e+00  1.48735e+03  2.20260e+04
 9.98841e-01  0.00000e+00  2.23720e+04
 9.98610e-01  9.98735e-01  2.23718e+04
 1.48739e+03  9.99181e-01  2.16848e+04
 0.00000e+00  1.48741e+03  2.20260e+04
 9.96849e-01  0.00000e+00  2.23709e+04
 9.99310e-01  9.99458e-01  2.23722e+04
 1.48745e+03  9.97299e-01  2.16848e+04
 0.00000e+00  1.48747e+03  2.20260e+04
 9.99037e-01  0.00000e+00  2.23721e+04
 9.98104e-01  9.98372e-01  2.23716e+04
 1.48752e+03  9.98547e-01  2.16848e+04
 0.00000e+00  1.48754e+03  2.20260e+04
 8.94778e-01  1.28000e+02  2.23185e+04
 9.97294e-01  9.97432e-01  2.23711e+04
 1.48758e+03  9.99657e-01  2.16848e+04
 0.00000e+00  1.48760e+03  2.20260e+04
 9.98096e-01  0.00000e+00  2.23716e+04
 1.00097e+00  1.00123e+00  2.23731e+04
 1.48764e+03  1.00006e+00  2.16848e+04
 0.00000e+00  1.48766e+03  2.20260e+04
 1.00128e+00  0.00000e+00  2.23733e+04
 9.99558e-01  9.99709e-01  2.23723e+04
 1.48770e+03  1.00015e+00  2.16848e+04
 0.00000e+00  1.48772e+03  2.20260e+04
 9.98668e-01  0.00000e+00  2.23719e+04
 1.00089e+00  1.00108e+00  2.23731e+04
 1.48777e+03  9.99290e-01  2.16848e+04
 0.00000e+00  1.48779e+03  2.20260e+04
 1.00016e+00  0.00000e+00  2.23727e+04
 1.00031e+00  1.00043e+00  2.23728e+04
 1.48783e+03  9.99050e-01  2.16848e+04
 0.00000e+00  1.48785e+03  2.20260e+04
 1.00057e+00  0.00000e+00  2.23729e+04
 9.98519e-01  9.98756e-01  2.23718e+04
 1.48789e+03  1.00119e+00  2.16848e+04
 0.00000e+00  1.48791e+03  2.20260e+04
 9.99234e-01  0.00000e+00  2.23722e+04
 1.00198e+00  1.00223e+00  2.23737e+04
 1.48795e+03  9.97361e-01  2.16848e+04
 0.00000e+00  1.48797e+03  2.20260e+04
 1.00120e+00  0.00000e+00  2.23732e+04
 9.99748e-01  1.00000e+00  2.23725e+04
 1.48802e+03  1.00204e+00  2.16848e+04
 0.00000e+00  1.48804e+03  2.20260e+04
 1.00169e+00  0.00000e+00  2.23735e+04
 9.99399e-01  9.99521e-01  2.23723e+04
 1.48808e+03  1.00201e+00  2.16848e+04
 0.00000e+00  1.48810e+03  2.20260e+04
 1.00065e+00  0.00000e+00  2.23729e+04
 1.00130e+00  1.00144e+00  2.23733e+04
 1.48814e+03  1.00156e+00  2.16848e+04
 0.00000e+00  1.48816e+03  2.20260e+04
 1.00089e+00  0.00000e+00  2.23731e+04
 1.00049e+00  1.00063e+00  2.23729e+04
 1.48820e+03  1.00065e+00  2.16848e+04
 0.00000e+00  1.48822e+03  2.20260e+04
 9.99391e-01  0.00000e+00  2.23723e+04
 9.99492e-01  9.99623e-01  2.23723e+04
 1.48827e+03  1.00198e+00  2.16848e+04
 0.00000e+00  1.48829e+03  2.20260e+04
 9.99355e-01  0.00000e+00  2.23722e+04
 1.00002e+00  1.00006e+00  2.23726e+04
 1.48833e+03  9.98945e-01  2.16848e+04
 0.00000e+00  1.48835e+03  2.20260e+04
 9.97930e-01  0.00000e+00  2.23715e+04
 1.00064e+00  1.00074e+00  2.23729e+04
 1.48839e+03  9.99004e-01  2.16848e+04
 0.00000e+00  1.48841e+03  2.20260e+04
 1.00018e+00  0.00000e+00  2.23727e+04
 9.98633e-01  9.98536e-01  2.23718e+04
 1.48845e+03  9.99087e-01  2.16848e+04
 0.00000e+00  1.48847e+03  2.20260e+04
 9.99022e-01  1.28000e+02  2.23721e+04
 1.00025e+00  9.99968e-01  2.23727e+04
 1.48852e+03  9.99183e-01  2.16848e+04
 0.00000e+00  1.48854e+03  2.20260e+04
 1.00018e+00  0.00000e+00  2.23727e+04
 9.99505e-01  9.99514e-01  2.23723e+04
 1.48858e+03  9.98504e-01  2.16848e+04
 0.00000e+00  1.48860e+03  2.20260e+04
 9.99682e-01  0.00000e+00  2.23724e+04
 9.97349e-01  9.97434e-01  2.23712e+04
 1.48864e+03  9.99722e-01  2.16848e+04
 0.00000e+00  1.48866e+03  2.20260e+04
 9.96610e-01  0.00000e+00  2.23708e+04
 9.98943e-01  9.99011e-01  2.23720e+04
 1.48870e+03  9.95566e-01  2.16848e+04
 0.00000e+00  1.48872e+03  2.20260e+04
 9.98618e-01  0.00000e+00  2.23718e+04
 9.96225e-01  9.96438e-01  2.23705e+04
 1.48877e+03  9.97077e-01  2.16848e+04
 0.00000e+00  1.48879e+03  2.20260e+04
 9.96453e-01  0.00000e+00  2.23707e+04
 9.96325e-01  9.96487e-01  2.23706e+04
 1.48883e+03  9.97465e-01  2.16848e+04
 0.00000e+00  1.48885e+03  2.20260e+04
 9.96834e-01  0.00000e+00  2.23709e+04
 9.98183e-01  9.98398e-01  2.23716e+04
 1.48889e+03  9.97864e-01  2.16848e+04
 0.00000e+00  1.48891e+03  2.20260e+04
 1.00054e+00  0.00000e+00  2.23729e+04
 9.97623e-01  9.98013e-01  2.23713e+04
 1.48895e+03  1.00183e+00  2.16848e+04
 0.00000e+00  1.48897e+03  2.20260e+04
 1.00065e+00  0.00000e+00  2.23729e+04
 1.00274e+00  1.00291e+00  2.23741e+04
 1.48902e+03  1.00260e+00  2.16848e+04
 0.00000e+00  1.48904e+03  2.20260e+04
 1.00406e+00  0.00000e+00  2.23748e+04
 1.00430e+00  1.00471e+00  2.23749e+04
 1.48908e+03  1.00521e+00  2.16848e+04
 0.00000e+00  1.48910e+03  2.20260e+04
 1.00590e+00  0.00000e+00  2.23758e+04
 1.00439e+00  1.00524e+00  2.23750e+04
 1.48914e+03  1.00650e+00  2.16848e+04
 0.00000e+00  1.48916e+03  2.20260e+04
 1.00736e+00  0.00000e+00  2.23766e+04
 1.00648e+00  1.00691e+00  2.23761e+04
 1.48920e+03  1.00650e+00  2.16848e+04
 0.00000e+00  1.48922e+03  2.20260e+04
 1.00790e+00  0.00000e+00  2.23769e+04
 1.00648e+00  1.00688e+00  2.23761e+04
 1.48927e+03  1.00668e+00  2.16848e+04
 0.00000e+00  1.48929e+03  2.20260e+04
 1.00857e+00  0.00000e+00  2.23772e+04
 1.00554e+00  1.00603e+00  2.23756e+04
 1.48933e+03  1.00881e+00  2.16848e+04
 0.00000e+00  1.48935e+03  2.20260e+04
 1.00682e+00  0.00000e+00  2.23763e+04
 1.00606e+00  1.00663e+00  2.23759e+04
 1.48939e+03  1.00584e+00  2.16848e+04
 0.00000e+00  1.48941e+03  2.20260e+04
 1.00579e+00  0.00000e+00  2.23757e+04
 1.00634e+00  1.00696e+00  2.23760e+04
 1.48945e+03  1.00480e+00  2.16848e+04
 0.00000e+00  1.48947e+03  2.20260e+04
 1.00528e+00  0.00000e+00  2.23755e+04
 9.96547e-01  1.00449e+00  2.23707e+04
 1.48952e+03  1.00283e+00  2.16848e+04
 0.00000e+00  1.48954e+03  2.20260e+04
 1.00354e+00  0.00000e+00  2.23745e+04
 1.00284e+00  1.00352e+00  2.23741e+04
 1.48958e+03  1.00177e+00  2.16848e+04
 0.00000e+00  1.48960e+03  2.20260e+04
 1.00131e+00  0.00000e+00  2.23733e+04
 1.00021e+00  1.00098e+00  2.23727e+04
 1.48964e+03  9.99762e-01  2.16848e+04
 0.00000e+00  1.48966e+03  2.20260e+04
 9.99830e-01  0.00000e+00  2.23725e+04
 9.98711e-01  9.99535e-01  2.23719e+04
 1.48970e+03  9.97132e-01  2.16848e+04
 0.00000e+00  1.48972e+03  2.20260e+04
 9.99399e-01  0.00000e+00  2.23723e+04
 9.97248e-01  9.98068e-01  2.23711e+04
 1.48977e+03  9.97919e-01  2.16848e+04
 0.00000e+00  1.48979e+03  2.20260e+04
 9.98155e-01  0.00000e+00  2.23716e+04
 9.97727e-01  9.98756e-01  2.23714e+04
 1.48983e+03  9.98592e-01  2.16848e+04
 0.00000e+00  1.48985e+03  2.20260e+04
 1.00050e+00  0.00000e+00  2.23729e+04
 9.97239e-01  9.98159e-01  2.23711e+04
 1.48989e+03  9.98360e-01  2.16848e+04
 0.00000e+00  1.48991e+03  2.20260e+04
 9.99374e-01  0.00000e+00  2.23723e+04
 9.99706e-01  1.00071e+00  2.23724e+04
 1.48995e+03  9.98235e-01  2.16848e+04
 0.00000e+00  1.48997e+03  2.20260e+04
 1.00086e+00  0.00000e+00  2.23731e+04
 9.97711e-01  9.98853e-01  2.23714e+04
 1.49002e+03  9.97136e-01  2.16848e+04
 0.00000e+00  1.49004e+03  2.20260e+04
 1.00106e+00  0.00000e+00  2.23732e+04
 1.00106e+00  0.00000e+00  2.23732e+04
 1.00106e+00  0.00000e+00  2.23732e+04
 1.00106e+00  0.00000e+00  2.23732e+04
 1.00106e+00  0.00000e+00  2.23732e+04
 1.00106e+00  0.00000e+00  2.23732e+04
 1.00106e+00  0.00000e+00  2.23732e+04
 1.00106e+00  0.00000e+00  2.23732e+04
 1.00106e+00  0.00000e+00  2.23732e+04
 1.00106e+00  0.00000e+00  2.23732e+04
 1.00106e+00  0.00000e+00  2.23732e+04
 1.00106e+00  0.00000e+00  2.23732e+04
 1.00106e+00  0.00000e+00  2.23732e+04
 1.00106e+00  0.00000e+00  2.23732e+04
 1.00106e+00  0.00000e+00  2.23732e+04
 1.00106e+00  0.00000e+00  2.23732e+04
 1.00106e+00  0.00000e+00  2.23732e+04
 1.00106e+00  0.00000e+00  2.23732e+04
 1.00106e+00  0.00000e+00  2.23732e+04
 1.00106e+00  0.00000e+00  2.23732e+04
 1.00106e+00  0.00000e+00  2.23732e+04
 1.00106e+00  0.00000e+00  2.23732e+04
 1.00106e+00  0.00000e+00  2.23732e+04
 1.00106e+00  0.00000e+00  2.23732e+04
 1.00106e+00  0.00000e+00  2.23732e+04
 1.00106e+00  0.00000e+00  2.23732e+04
 1.00106e+00  0.00000e+00  2.23732e+04
 1.00106e+00  0.00000e+00  2.23732e+04
 1.00106e+00  0.00000e+00  2.23732e+04
 1.00106e+00  0.00000e+00  2.23732e+04
 1.00106e+00  0.00000e+00  2.23732e+04
 1.00106e+00  0.00000e+00  2.23732e+04
 1.00106e+00  0.00000e+00  2.23732e+04
 1.00106e+00  0.00000e+00  2.23732e+04
 1.00106e+00  0.00000e+00  2.23732e+04
 1.00106e+00  0.00000e+00  2.23732e+04
 1.00106e+00  0.00000e+00  2.23732e+04
 1.00106e+00  0.00000e+00  2.23732e+04
 1.00106e+00  0.00000e+00  2.23732e+04
 1.00106e+00  0.00000e+00  2.23732e+04
 1.00106e+00  0.00000e+00  2.23732e+04
 1.00106e+00  0.00000e+00  2.23732e+04
 1.00106e+00  0.00000e+00  2.23732e+04
 1.00106e+00  0.00000e+00  2.23732e+04
 1.00106e+00  0.00000e+00  2.23732e+04
 1.00106e+00  0.00000e+00  2.23732e+04
 1.00106e+00  0.00000e+00  2.23732e+04
 1.00106e+00  0.00000e+00  2.23732e+04
 1.00106e+00  0.00000e+00  2.23732e+04
 1.00106e+00  0.00000e+00  2.23732e+04
 1.00106e+00  0.00000e+00  2.23732e+04
 1.00106e+00  0.00000e+00  2.23732e+04
 1.00106e+00  0.00000e+00  2.23732e+04
 1.00106e+00  0.00000e+00  2.23732e+04
 1.00106e+00  0.00000e+00  2.23732e+04
 1.00106e+00  0.00000e+00  2.23732e+04
 1.00106e+00  0.00000e+00  2.23732e+04
 1.00106e+00  0.00000e+00  2.23732e+04
 1.00106e+00  0.00000e+00  2.23732e+04
 1.00106e+00  0.00000e+00  2.23732e+04
 1.00106e+00  0.00000e+00  2.23732e+04
 1.00106e+00  0.00000e+00  2.23732e+04
 1.00106e+00  0.00000e+00  2.23732e+04
 1.00106e+00  0.00000e+00  2.23732e+04
 1.00106e+00  0.00000e+00  2.23732e+04
 1.00106e+00  0.00000e+00  2.23732e+04
 1.00106e+00  0.00000e+00  2.23732e+04
 1.00106e+00  0.00000e+00  2.23732e+04
 1.00106e+00  0.00000e+00  2.23732e+04
 1.00106e+00  0.00000e+00  2.23732e+04
 1.00106e+00  0.00000e+00  2.23732e+04
 1.00106e+00  0.00000e+00  2.23732e+04
 1.00106e+00  0.00000e+00  2.23732e+04
 1.00106e+00  0.00000e+00  2.23732e+04
 1.00106e+00  0.00000e+00  2.23732e+04
 1.00106e+00  0.00000e+00  2.23732e+04
 1.00106e+00  0.00000e+00  2.23732e+04
 1.00106e+00  0.00000e+00  2.23732e+04
 1.00106e+00  0.00000e+00  2.23732e+04
 1.00106e+00  0.00000e+00  2.23732e+04
 1.00106e+00  0.00000e+00  2.23732e+04
 1.00106e+00  0.00000e+00  2.23732e+04
 1.00106e+00  0.00000e+00  2.23732e+04
 1.00106e+00  0.00000e+00  2.23732e+04
 1.00106e+00  0.00000e+00  2.23732e+04
 1.00106e+00  0.00000e+00  2.23732e+04
 1.00106e+00  0.00000e+00  2.23732e+04
 1.00106e+00  0.00000e+00  2.23732e+04
 1.00106e+00  0.00000e+00  2.23732e+04
 1.00106e+00  0.00000e+00  2.23732e+04
 1.00106e+00  0.00000e+00  2.23732e+04
 1.00106e+00  0.00000e+00  2.23732e+04
 1.00106e+00  0.00000e+00  2.23732e+04
 1.00106e+00  0.00000e+00  2.23732e+04
 1.00106e+00  0.00000e+00  2.23732e+04
 1.00106e+00  0.00000e+00  2.23732e+04
 1.00106e+00  0.00000e+00  2.23732e+04
 1.00106e+00  0.00000e+00  2.23732e+04
 1.00106e+00  0.00000e+00  2.23732e+04
 1.00106e+00  0.00000e+00  2.23732e+04
 1.00106e+00  0.00000e+00  2.23732e+04
 1.00106e+00  0.00000e+00  2.23732e+04
 1.00106e+00  0.00000e+00  2.23732e+04
 1.00106e+00  0.00000e+00  2.23732e+04
 1.00106e+00  0.00000e+00  2.23732e+04
 1.00106e+00  0.00000e+00  2.23732e+04
 1.00106e+00  0.00000e+00  2.23732e+04
 1.00106e+00  0.00000e+00  2.23732e+04
 1.00106e+00  0.00000e+00  2.23732e+04
 1.00106e+00  0.00000e+00  2.23732e+04
 1.00106e+00  0.00000e+00  2.23732e+04
 1.00106e+00  0.00000e+00  2.23732e+04
 1.00106e+00  0.00000e+00  2.23732e+04
 1.00106e+00  0.00000e+00  2.23732e+04
 1.00106e+00  0.00000e+00  2.23732e+04
 1.00106e+00  0.00000e+00  2.23732e+04
 1.00106e+00  0.00000e+00  2.23732e+04
 1.00106e+00  0.00000e+00  2.23732e+04
 1.00106e+00  0.00000e+00  2.23732e+04
 1.00106e+00  0.00000e+00  2.23732e+04
 1.00106e+00  0.00000e+00  2.23732e+04
 1.00106e+00  0.00000e+00  2.23732e+04
 1.00106e+00  0.00000e+00  2.23732e+04
 1.00106e+00  0.00000e+00  2.23732e+04
 1.00106e+00  0.00000e+00  2.23732e+04
 1.00106e+00  0.00000e+00  2.23732e+04
 1.00106e+00  0.00000e+00  2.23732e+04
 1.00106e+00  0.00000e+00  2.23732e+04
 1.00106e+00  0.00000e+00  2.23732e+04
 1.00106e+00  0.00000e+00  2.23732e+04
 1.00106e+00  0.00000e+00  2.23732e+04
 1.00106e+00  0.00000e+00  2.23732e+04
 1.00106e+00  0.00000e+00  2.23732e+04
 1.00106e+00  0.00000e+00  2.23732e+04
 1.00106e+00  0.00000e+00  2.23732e+04
 1.00106e+00  0.00000e+00  2.23732e+04
 1.00106e+00  0.00000e+00  2.23732e+04
 1.00106e+00  0.00000e+00  2.23732e+04
 1.00106e+00  0.00000e+00  2.23732e+04
 1.00106e+00  0.00000e+00  2.23732e+04
 1.00106e+00  0.00000e+00  2.23732e+04
 1.00106e+00  0.00000e+00  2.23732e+04
 1.00106e+00  0.00000e+00  2.23732e+04
 1.00106e+00  0.00000e+00  2.23732e+04
 1.00106e+00  0.00000e+00  2.23732e+04
 1.00106e+00  0.00000e+00  2.23732e+04
 1.00106e+00  0.00000e+00  2.23732e+04
 1.00106e+00  0.00000e+00  2.23732e+04
 1.00106e+00  0.00000e+00  2.23732e+04
 1.00106e+00  0.00000e+00  2.23732e+04
 1.00106e+00  0.00000e+00  2.23732e+04
 1.00106e+00  0.00000e+00  2.23732e+04
 1.00106e+00  0.00000e+00  2.23732e+04
 1.00106e+00  0.00000e+00  2.23732e+04
 1.00106e+00  0.00000e+00  2.23732e+04
 1.00106e+00  0.00000e+00  2.23732e+04
 1.00106e+00  0.00000e+00  2.23732e+04
 1.00106e+00  0.00000e+00  2.23732e+04
 1.00106e+00  0.00000e+00  2.23732e+04
 1.00106e+00  0.00000e+00  2.23732e+04
 1.00106e+00  0.00000e+00  2.23732e+04
 1.00106e+00  0.00000e+00  2.23732e+04
 1.00106e+00  0.00000e+00  2.23732e+04
 1.00106e+00  0.00000e+00  2.23732e+04
 1.00106e+00  0.00000e+00  2.23732e+04
 1.00106e+00  0.00000e+00  2.23732e+04
 1.00106e+00  0.00000e+00  2.23732e+04
 1.00106e+00  0.00000e+00  2.23732e+04
 1.00106e+00  0.00000e+00  2.23732e+04
 1.00106e+00  0.00000e+00  2.23732e+04
 1.00106e+00  0.00000e+00  2.23732e+04
 1.00106e+00  0.00000e+00  2.23732e+04
 1.00106e+00  0.00000e+00  2.23732e+04
 1.00106e+00  0.00000e+00  2.23732e+04
 1.00106e+00  0.00000e+00  2.23732e+04
 1.00106e+00  0.00000e+00  2.23732e+04
 1.00106e+00  0.00000e+00  2.23732e+04
 1.00106e+00  0.00000e+00  2.23732e+04
 1.00106e+00  0.00000e+00  2.23732e+04
 1.00106e+00  0.00000e+00  2.23732e+04
 1.00106e+00  0.00000e+00  2.23732e+04
 1.00106e+00  0.00000e+00  2.23732e+04
 1.00106e+00  0.00000e+00  2.23732e+04
 1.00106e+00  0.00000e+00  2.23732e+04
 1.00106e+00  0.00000e+00  2.23732e+04
 1.00106e+00  0.00000e+00  2.23732e+04
 1.00106e+00  0.00000e+00  2.23732e+04
 1.00106e+00  0.00000e+00  2.23732e+04
 1.00106e+00  0.00000e+00  2.23732e+04
 1.00106e+00  0.00000e+00  2.23732e+04
 1.00106e+00  0.00000e+00  2.23732e+04
 1.00106e+00  0.00000e+00  2.23732e+04
 1.00106e+00  0.00000e+00  2.23732e+04
 1.00106e+00  0.00000e+00  2.23732e+04
 1.00106e+00  0.00000e+00  2.23732e+04
 1.00106e+00  0.00000e+00  2.23732e+04
 1.00106e+00  0.00000e+00  2.23732e+04
 1.00106e+00  0.00000e+00  2.23732e+04
 1.00106e+00  0.00000e+00  2.23732e+04
 1.00106e+00  0.00000e+00  2.23732e+04
 1.00106e+00  0.00000e+00  2.23732e+04
 1.00106e+00  0.00000e+00  2.23732e+04
 1.00106e+00  0.00000e+00  2.23732e+04
 1.00106e+00  0.00000e+00  2.23732e+04
 1.00106e+00  0.00000e+00  2.23732e+04
 1.00106e+00  0.00000e+00  2.23732e+04
 1.00106e+00  0.00000e+00  2.23732e+04
 1.00106e+00  0.00000e+00  2.23732e+04
 1.00106e+00  0.00000e+00  2.23732e+04
 1.00106e+00  0.00000e+00  2.23732e+04
 1.00106e+00  0.00000e+00  2.23732e+04
 1.00106e+00  0.00000e+00  2.23732e+04
 1.00106e+00  0.00000e+00  2.23732e+04
 1.00106e+00  0.00000e+00  2.23732e+04
 1.00106e+00  0.00000e+00  2.23732e+04
 1.00106e+00  0.00000e+00  2.23732e+04
 1.00106e+00  0.00000e+00  2.23732e+04
 1.00106e+00  0.00000e+00  2.23732e+04
 1.00106e+00  0.00000e+00  2.23732e+04
 1.00106e+00  0.00000e+00  2.23732e+04
 1.00106e+00  0.00000e+00  2.23732e+04
 1.00106e+00  0.00000e+00  2.23732e+04
 1.00106e+00  0.00000e+00  2.23732e+04
 1.00106e+00  0.00000e+00  2.23732e+04
 1.00106e+00  0.00000e+00  2.23732e+04
 1.00106e+00  0.00000e+00  2.23732e+04
 1.00106e+00  0.00000e+00  2.23732e+04
 1.00106e+00  0.00000e+00  2.23732e+04
 1.00106e+00  0.00000e+00  2.23732e+04
 1.00106e+00  0.00000e+00  2.23732e+04
 1.00106e+00  0.00000e+00  2.23732e+04
 1.00106e+00  0.00000e+00  2.23732e+04
 1.00106e+00  0.00000e+00  2.23732e+04
 1.00106e+00  0.00000e+00  2.23732e+04
 1.00106e+00  0.00000e+00  2.23732e+04
 1.00106e+00  0.00000e+00  2.23732e+04
 1.00106e+00  0.00000e+00  2.23732e+04
 1.00106e+00  0.00000e+00  2.23732e+04
 1.00106e+00  0.00000e+00  2.23732e+04
 1.00106e+00  0.00000e+00  2.23732e+04
 1.00106e+00  0.00000e+00  2.23732e+04
 1.00106e+00  0.00000e+00  2.23732e+04
 1.00106e+00  0.00000e+00  2.23732e+04
 1.00106e+00  0.00000e+00  2.23732e+04
 1.00106e+00  0.00000e+00  2.23732e+04
 1.00106e+00  0.00000e+00  2.23732e+04
 1.00106e+00  0.00000e+00  2.23732e+04
 1.00106e+00  0.00000e+00  2.23732e+04
 1.00106e+00  0.00000e+00  2.23732e+04
 1.00106e+00  0.00000e+00  2.23732e+04
 1.00106e+00  0.00000e+00  2.23732e+04
 1.00106e+00  0.00000e+00  2.23732e+04
 1.00106e+00  0.00000e+00  2.23732e+04
 1.00106e+00  0.00000e+00  2.23732e+04
 1.00106e+00  0.00000e+00  2.23732e+04
 1.00106e+00  0.00000e+00  2.23732e+04
 1.00106e+00  0.00000e+00  2.23732e+04
 1.00106e+00  0.00000e+00  2.23732e+04
 1.00106e+00  0.00000e+00  2.23732e+04
 1.00106e+00  0.00000e+00  2.23732e+04
 1.00106e+00  0.00000e+00  2.23732e+04
 1.00106e+00  0.00000e+00  2.23732e+04
 1.00106e+00  0.00000e+00  2.23732e+04
 1.00106e+00  0.00000e+00  2.23732e+04
 1.00106e+00  0.00000e+00  2.23732e+04
 1.00106e+00  0.00000e+00  2.23732e+04
 1.00106e+00  0.00000e+00  2.23732e+04
 1.00106e+00  0.00000e+00  2.23732e+04
 1.00106e+00  0.00000e+00  2.23732e+04
 1.00106e+00  0.00000e+00  2.23732e+04
 1.00106e+00  0.00000e+00  2.23732e+04
 1.00106e+00  0.00000e+00  2.23732e+04
 1.00106e+00  0.00000e+00  2.23732e+04
 1.00106e+00  0.00000e+00  2.23732e+04
 1.00106e+00  0.00000e+00  2.23732e+04
 1.00106e+00  0.00000e+00  2.23732e+04
 1.00106e+00  0.00000e+00  2.23732e+04
 1.00106e+00  0.00000e+00  2.23732e+04
 1.00106e+00  0.00000e+00  2.23732e+04
 1.00106e+00  0.00000e+00  2.23732e+04
 1.00106e+00  0.00000e+00  2.23732e+04
 1.00106e+00  0.00000e+00  2.23732e+04
 1.00106e+00  0.00000e+00  2.23732e+04
 1.00106e+00  0.00000e+00  2.23732e+04
 1.00106e+00  0.00000e+00  2.23732e+04
 1.00106e+00  0.00000e+00  2.23732e+04
 1.00106e+00  0.00000e+00  2.23732e+04
 1.00106e+00  0.00000e+00  2.23732e+04
 1.00106e+00  0.00000e+00  2.23732e+04
 1.00106e+00  0.00000e+00  2.23732e+04
 1.00106e+00  0.00000e+00  2.23732e+04
 1.00106e+00  0.00000e+00  2.23732e+04
 1.00106e+00  0.00000e+00  2.23732e+04
 1.00106e+00  0.00000e+00  2.23732e+04
 1.00106e+00  0.00000e+00  2.23732e+04
 1.00106e+00  0.00000e+00  2.23732e+04
 1.00106e+00  0.00000e+00  2.23732e+04
 1.00106e+00  0.00000e+00  2.23732e+04
 1.00106e+00  0.00000e+00  2.23732e+04
 1.00106e+00  0.00000e+00  2.23732e+04
 1.00106e+00  0.00000e+00  2.23732e+04
 1.00106e+00  0.00000e+00  2.23732e+04
 1.00106e+00  0.00000e+00  2.23732e+04
 1.00106e+00  0.00000e+00  2.23732e+04
 1.00106e+00  0.00000e+00  2.23732e+04
 1.00106e+00  0.00000e+00  2.23732e+04
 1.00106e+00  0.00000e+00  2.23732e+04
 1.00106e+00  0.00000e+00  2.23732e+04
 1.00106e+00  0.00000e+00  2.23732e+04
 1.00106e+00  0.00000e+00  2.23732e+04
 1.00106e+00  0.00000e+00  2.23732e+04
 1.00106e+00  0.00000e+00  2.23732e+04
 1.00106e+00  0.00000e+00  2.23732e+04
 1.00106e+00  0.00000e+00  2.23732e+04
 1.00106e+00  0.00000e+00  2.23732e+04
 1.00106e+00  0.00000e+00  2.23732e+04
 1.00106e+00  0.00000e+00  2.23732e+04
 1.00106e+00  0.00000e+00  2.23732e+04
 1.00106e+00  0.00000e+00  2.23732e+04
 1.00106e+00  0.00000e+00  2.23732e+04
 1.00106e+00  0.00000e+00  2.23732e+04
 1.00106e+00  0.00000e+00  2.23732e+04
 1.00106e+00  0.00000e+00  2.23732e+04
 1.00106e+00  0.00000e+00  2.23732e+04
 1.00106e+00  0.00000e+00  2.23732e+04
 1.00106e+00  0.00000e+00  2.23732e+04
 1.00106e+00  0.00000e+00  2.23732e+04
 1.00106e+00  0.00000e+00  2.23732e+04
 1.00106e+00  0.00000e+00  2.23732e+04
 1.00106e+00  0.00000e+00  2.23732e+04
 1.00106e+00  0.00000e+00  2.23732e+04
 1.00106e+00  0.00000e+00  2.23732e+04
 1.00106e+00  0.00000e+00  2.23732e+04
 1.00106e+00  0.00000e+00  2.23732e+04
 1.00106e+00  0.00000e+00  2.23732e+04
 1.00106e+00  0.00000e+00  2.23732e+04
 1.00106e+00  0.00000e+00  2.23732e+04
 1.00106e+00  0.00000e+00  2.23732e+04
 1.00106e+00  0.00000e+00  2.23732e+04
 1.00106e+00  0.00000e+00  2.23732e+04
 1.00106e+00  0.00000e+00  2.23732e+04
 1.00106e+00  0.00000e+00  2.23732e+04
 1.00106e+00  0.00000e+00  2.23732e+04
 1.00106e+00  0.00000e+00  2.23732e+04
 1.00106e+00  0.00000e+00  2.23732e+04
 1.00106e+00  0.00000e+00  2.23732e+04
 1.00106e+00  0.00000e+00  2.23732e+04
 1.00106e+00  0.00000e+00  2.23732e+04
 1.00106e+00  0.00000e+00  2.23732e+04
 1.00106e+00  0.00000e+00  2.23732e+04
 1.00106e+00  0.00000e+00  2.23732e+04
 1.00106e+00  0.00000e+00  2.23732e+04
 1.00106e+00  0.00000e+00  2.23732e+04
 1.00106e+00  0.00000e+00  2.23732e+04
 1.00106e+00  0.00000e+00  2.23732e+04
 1.00106e+00  0.00000e+00  2.23732e+04
 1.00106e+00  0.00000e+00  2.23732e+04
 1.00106e+00  0.00000e+00  2.23732e+04
 1.00106e+00  0.00000e+00  2.23732e+04
 1.00106e+00  0.00000e+00  2.23732e+04
 1.00106e+00  0.00000e+00  2.23732e+04
 1.00106e+00  0.00000e+00  2.23732e+04
 1.00106e+00  0.00000e+00  2.23732e+04
 1.00106e+00  0.00000e+00  2.23732e+04
 1.00106e+00  0.00000e+00  2.23732e+04
 1.00106e+00  0.00000e+00  2.23732e+04
 1.00106e+00  0.00000e+00  2.23732e+04
 1.00106e+00  0.00000e+00  2.23732e+04
 1.00106e+00  0.00000e+00  2.23732e+04
 1.00106e+00  0.00000e+00  2.23732e+04
 1.00106e+00  0.00000e+00  2.23732e+04
 1.00106e+00  0.00000e+00  2.23732e+04
 1.00106e+00  0.00000e+00  2.23732e+04
 1.00106e+00  0.00000e+00  2.23732e+04
 1.00106e+00  0.00000e+00  2.23732e+04
 1.00106e+00  0.00000e+00  2.23732e+04
 1.00106e+00  0.00000e+00  2.23732e+04
 1.00106e+00  0.00000e+00  2.23732e+04
 1.00106e+00  0.00000e+00  2.23732e+04
 1.00106e+00  0.00000e+00  2.23732e+04
 1.00106e+00  0.00000e+00  2.23732e+04
 1.00106e+00  0.00000e+00  2.23732e+04
 1.00106e+00  0.00000e+00  2.23732e+04
 1.00106e+00  0.00000e+00  2.23732e+04
 1.00106e+00  0.00000e+00  2.23732e+04
 1.00106e+00  0.00000e+00  2.23732e+04
 1.00106e+00  0.00000e+00  2.23732e+04
 1.00106e+00  0.00000e+00  2.23732e+04
 1.00106e+00  0.00000e+00  2.23732e+04
 1.00106e+00  0.00000e+00  2.23732e+04
 1.00106e+00  0.00000e+00  2.23732e+04
 1.00106e+00  0.00000e+00  2.23732e+04
 1.00106e+00  0.00000e+00  2.23732e+04
 1.00106e+00  0.00000e+00  2.23732e+04
 1.00106e+00  0.00000e+00  2.23732e+04
 1.00106e+00  0.00000e+00  2.23732e+04
 1.00106e+00  0.00000e+00  2.23732e+04
 1.00106e+00  0.00000e+00  2.23732e+04
 1.00106e+00  0.00000e+00  2.23732e+04
 1.00106e+00  0.00000e+00  2.23732e+04
 1.00106e+00  0.00000e+00  2.23732e+04
 1.00106e+00  0.00000e+00  2.23732e+04
 1.00106e+00  0.00000e+00  2.23732e+04
 1.00106e+00  0.00000e+00  2.23732e+04
 1.00106e+00  0.00000e+00  2.23732e+04
 1.00106e+00  0.00000e+00  2.23732e+04
 1.00106e+00  0.00000e+00  2.23732e+04
 1.00106e+00  0.00000e+00  2.23732e+04
 1.00106e+00  0.00000e+00  2.23732e+04
 1.00106e+00  0.00000e+00  2.23732e+04
 1.00106e+00  0.00000e+00  2.23732e+04
 1.00106e+00  0.00000e+00  2.23732e+04
 1.00106e+00  0.00000e+00  2.23732e+04
 1.00106e+00  0.00000e+00  2.23732e+04
 1.00106e+00  0.00000e+00  2.23732e+04
 1.00106e+00  0.00000e+00  2.23732e+04
 1.00106e+00  0.00000e+00  2.23732e+04
 1.00106e+00  0.00000e+00  2.23732e+04
 1.00106e+00  0.00000e+00  2.23732e+04
 1.00106e+00  0.00000e+00  2.23732e+04
 1.00106e+00  0.00000e+00  2.23732e+04
 1.00106e+00  0.00000e+00  2.23732e+04
 1.00106e+00  0.00000e+00  2.23732e+04
 1.00106e+00  0.00000e+00  2.23732e+04
 1.00106e+00  0.00000e+00  2.23732e+04
 1.00106e+00  0.00000e+00  2.23732e+04
 1.00106e+00  0.00000e+00  2.23732e+04
 1.00106e+00  0.00000e+00  2.23732e+04
 1.00106e+00  0.00000e+00  2.23732e+04
 1.00106e+00  0.00000e+00  2.23732e+04
 1.00106e+00  0.00000e+00  2.23732e+04
 1.00106e+00  0.00000e+00  2.23732e+04
 1.00106e+00  0.00000e+00  2.23732e+04
 1.00106e+00  0.00000e+00  2.23732e+04
 1.00106e+00  0.00000e+00  2.23732e+04
 1.00106e+00  0.00000e+00  2.23732e+04
 1.00106e+00  0.00000e+00  2.23732e+04
 1.00106e+00  0.00000e+00  2.23732e+04
 1.00106e+00  0.00000e+00  2.23732e+04
 1.00106e+00  0.00000e+00  2.23732e+04
 1.00106e+00  0.00000e+00  2.23732e+04
 1.00106e+00  0.00000e+00  2.23732e+04
 1.00106e+00  0.00000e+00  2.23732e+04
 1.00106e+00  0.00000e+00  2.23732e+04
 1.00106e+00  0.00000e+00  2.23732e+04
 1.00106e+00  0.00000e+00  2.23732e+04
 1.00106e+00  0.00000e+00  2.23732e+04
 1.00106e+00  0.00000e+00  2.23732e+04
 1.00106e+00  0.00000e+00  2.23732e+04
 1.00106e+00  0.00000e+00  2.23732e+04
 1.00106e+00  0.00000e+00  2.23732e+04
 1.00106e+00  0.00000e+00  2.23732e+04
 1.00106e+00  0.00000e+00  2.23732e+04
 1.00106e+00  0.00000e+00  2.23732e+04
 1.00106e+00  0.00000e+00  2.23732e+04
 1.00106e+00  0.00000e+00  2.23732e+04
 1.00106e+00  0.00000e+00  2.23732e+04
 1.00106e+00  0.00000e+00  2.23732e+04
 1.00106e+00  0.00000e+00  2.23732e+04
 1.00106e+00  0.00000e+00  2.23732e+04
 1.00106e+00  0.00000e+00  2.23732e+04
 1.00106e+00  0.00000e+00  2.23732e+04
 1.00106e+00  0.00000e+00  2.23732e+04
 1.00106e+00  0.00000e+00  2.23732e+04
 1.00106e+00  0.00000e+00  2.23732e+04
 1.00106e+00  0.00000e+00  2.23732e+04
 1.00106e+00  0.00000e+00  2.23732e+04
 1.00106e+00  0.00000e+00  2.23732e+04
 1.00106e+00  0.00000e+00  2.23732e+04
 1.00106e+00  0.00000e+00  2.23732e+04
 1.00106e+00  0.00000e+00  2.23732e+04
 1.00106e+00  0.00000e+00  2.23732e+04
 1.00106e+00  0.00000e+00  2.23732e+04
 1.00106e+00  0.00000e+00  2.23732e+04
 1.00106e+00  0.00000e+00  2.23732e+04
 1.00106e+00  0.00000e+00  2.23732e+04
 1.00106e+00  0.00000e+00  2.23732e+04
 1.00106e+00  0.00000e+00  2.23732e+04
 1.00106e+00  0.00000e+00  2.23732e+04
 1.00106e+00  0.00000e+00  2.23732e+04
 1.00106e+00  0.00000e+00  2.23732e+04
 1.00106e+00  0.00000e+00  2.23732e+04
 1.00106e+00  0.00000e+00  2.23732e+04
 1.00106e+00  0.00000e+00  2.23732e+04
 1.00106e+00  0.00000e+00  2.23732e+04
 1.00106e+00  0.00000e+00  2.23732e+04
 1.00106e+00  0.00000e+00  2.23732e+04
 1.00106e+00  0.00000e+00  2.23732e+04
 1.00106e+00  0.00000e+00  2.23732e+04
 1.00106e+00  0.00000e+00  2.23732e+04
 1.00106e+00  0.00000e+00  2.23732e+04
 1.00106e+00  0.00000e+00  2.23732e+04
 1.00106e+00  0.00000e+00  2.23732e+04
 1.00106e+00  0.00000e+00  2.23732e+04
 1.00106e+00  0.00000e+00  2.23732e+04
 1.00106e+00  0.00000e+00  2.23732e+04
 1.00106e+00  0.00000e+00  2.23732e+04
 1.00106e+00  0.00000e+00  2.23732e+04
 1.00106e+00  0.00000e+00  2.23732e+04
 1.00106e+00  0.00000e+00  2.23732e+04
 1.00106e+00  0.00000e+00  2.23732e+04
 1.00106e+00  0.00000e+00  2.23732e+04
 1.00106e+00  0.00000e+00  2.23732e+04
 1.00106e+00  0.00000e+00  2.23732e+04
 1.00106e+00  0.00000e+00  2.23732e+04
 1.00106e+00  0.00000e+00  2.23732e+04
 1.00106e+00  0.00000e+00  2.23732e+04
 1.00106e+00  0.00000e+00  2.23732e+04
 1.00106e+00  0.00000e+00  2.23732e+04
 1.00106e+00  0.00000e+00  2.23732e+04
 1.00106e+00  0.00000e+00  2.23732e+04
 1.00106e+00  0.00000e+00  2.23732e+04
 1.00106e+00  0.00000e+00  2.23732e+04
 1.00106e+00  0.00000e+00  2.23732e+04
 1.00106e+00  0.00000e+00  2.23732e+04
 1.00106e+00  0.00000e+00  2.23732e+04
 1.00106e+00  0.00000e+00  2.23732e+04
 1.00106e+00  0.00000e+00  2.23732e+04
 1.00106e+00  0.00000e+00  2.23732e+04
 1.00106e+00  0.00000e+00  2.23732e+04
 1.00106e+00  0.00000e+00  2.23732e+04
 1.00106e+00  0.00000e+00  2.23732e+04
 1.00106e+00  0.00000e+00  2.23732e+04
 1.00106e+00  0.00000e+00  2.23732e+04
 1.00106e+00  0.00000e+00  2.23732e+04
 1.00106e+00  0.00000e+00  2.23732e+04
 1.00106e+00  0.00000e+00  2.23732e+04
 1.00106e+00  0.00000e+00  2.23732e+04
 1.00106e+00  0.00000e+00  2.23732e+04
 1.00106e+00  0.00000e+00  2.23732e+04
 1.00106e+00  0.00000e+00  2.23732e+04
 1.00106e+00  0.00000e+00  2.23732e+04
 1.00106e+00  0.00000e+00  2.23732e+04
 1.00106e+00  0.00000e+00  2.23732e+04
 1.00106e+00  0.00000e+00  2.23732e+04
 1.00106e+00  0.00000e+00  2.23732e+04
 1.00106e+00  0.00000e+00  2.23732e+04
 1.00106e+00  0.00000e+00  2.23732e+04
 1.00106e+00  0.00000e+00  2.23732e+04
 1.00106e+00  0.00000e+00  2.23732e+04
 1.00106e+00  0.00000e+00  2.23732e+04
 1.00106e+00  0.00000e+00  2.23732e+04
 1.00106e+00  0.00000e+00  2.23732e+04
 1.00106e+00  0.00000e+00  2.23732e+04
 1.00106e+00  0.00000e+00  2.23732e+04
 1.00106e+00  0.00000e+00  2.23732e+04
 1.00106e+00  0.00000e+00  2.23732e+04
 1.00106e+00  0.00000e+00  2.23732e+04
 1.00106e+00  0.00000e+00  2.23732e+04
 1.00106e+00  0.00000e+00  2.23732e+04
 1.00106e+00  0.00000e+00  2.23732e+04
 1.00106e+00  0.00000e+00  2.23732e+04
 1.00106e+00  0.00000e+00  2.23732e+04
 1.00106e+00  0.00000e+00  2.23732e+04
 1.00106e+00  0.00000e+00  2.23732e+04
 1.00106e+00  0.00000e+00  2.23732e+04
 1.00106e+00  0.00000e+00  2.23732e+04
 1.00106e+00  0.00000e+00  2.23732e+04
 1.00106e+00  0.00000e+00  2.23732e+04
 1.00106e+00  0.00000e+00  2.23732e+04
 1.00106e+00  0.00000e+00  2.23732e+04
 1.00106e+00  0.00000e+00  2.23732e+04
 1.00106e+00  0.00000e+00  2.23732e+04
 1.00106e+00  0.00000e+00  2.23732e+04
 1.00106e+00  0.00000e+00  2.23732e+04
 1.00106e+00  0.00000e+00  2.23732e+04
 1.00106e+00  0.00000e+00  2.23732e+04
 1.00106e+00  0.00000e+00  2.23732e+04
 1.00106e+00  0.00000e+00  2.23732e+04
 1.00106e+00  0.00000e+00  2.23732e+04
 1.00106e+00  0.00000e+00  2.23732e+04
 1.00106e+00  0.00000e+00  2.23732e+04
 1.00106e+00  0.00000e+00  2.23732e+04
 1.00106e+00  0.00000e+00  2.23732e+04
 1.00106e+00  0.00000e+00  2.23732e+04
 1.00106e+00  0.00000e+00  2.23732e+04
 1.00106e+00  0.00000e+00  2.23732e+04
 1.00106e+00  0.00000e+00  2.23732e+04
 1.00106e+00  0.00000e+00  2.23732e+04
 1.00106e+00  0.00000e+00  2.23732e+04
 1.00106e+00  0.00000e+00  2.23732e+04
 1.00106e+00  0.00000e+00  2.23732e+04
 1.00106e+00  0.00000e+00  2.23732e+04
 1.00106e+00  0.00000e+00  2.23732e+04
 1.00106e+00  0.00000e+00  2.23732e+04
 1.00106e+00  0.00000e+00  2.23732e+04
 1.00106e+00  0.00000e+00  2.23732e+04
 1.00106e+00  0.00000e+00  2.23732e+04
 1.00106e+00  0.00000e+00  2.23732e+04
 1.00106e+00  0.00000e+00  2.23732e+04
 1.00106e+00  0.00000e+00  2.23732e+04
 1.00106e+00  0.00000e+00  2.23732e+04
 1.00106e+00  0.00000e+00  2.23732e+04
 1.00106e+00  0.00000e+00  2.23732e+04
 1.00106e+00  0.00000e+00  2.23732e+04
 1.00106e+00  0.00000e+00  2.23732e+04
 1.00106e+00  0.00000e+00  2.23732e+04
 1.00106e+00  0.00000e+00  2.23732e+04
 1.00106e+00  0.00000e+00  2.23732e+04
 1.00106e+00  0.00000e+00  2.23732e+04
 1.00106e+00  0.00000e+00  2.23732e+04
 1.00106e+00  0.00000e+00  2.23732e+04
 1.00106e+00  0.00000e+00  2.23732e+04
 1.00106e+00  0.00000e+00  2.23732e+04
 1.00106e+00  0.00000e+00  2.23732e+04
 1.00106e+00  0.00000e+00  2.23732e+04
 1.00106e+00  0.00000e+00  2.23732e+04
 1.00106e+00  0.00000e+00  2.23732e+04
 1.00106e+00  0.00000e+00  2.23732e+04
 1.00106e+00  0.00000e+00  2.23732e+04
 1.00106e+00  0.00000e+00  2.23732e+04
 1.00106e+00  0.00000e+00  2.23732e+04
 1.00106e+00  0.00000e+00  2.23732e+04
 1.00106e+00  0.00000e+00  2.23732e+04
 1.00106e+00  0.00000e+00  2.23732e+04
 1.00106e+00  0.00000e+00  2.23732e+04
 1.00106e+00  0.00000e+00  2.23732e+04
 1.00106e+00  0.00000e+00  2.23732e+04
 1.00106e+00  0.00000e+00  2.23732e+04
 1.00106e+00  0.00000e+00  2.23732e+04
 1.00106e+00  0.00000e+00  2.23732e+04
 1.00106e+00  0.00000e+00  2.23732e+04
 1.00106e+00  0.00000e+00  2.23732e+04
 1.00106e+00  0.00000e+00  2.23732e+04
 1.00106e+00  0.00000e+00  2.23732e+04
 1.00106e+00  0.00000e+00  2.23732e+04
 1.00106e+00  0.00000e+00  2.23732e+04
 1.00106e+00  0.00000e+00  2.23732e+04
 1.00106e+00  0.00000e+00  2.23732e+04
 1.00106e+00  0.00000e+00  2.23732e+04
 1.00106e+00  0.00000e+00  2.23732e+04
 1.00106e+00  0.00000e+00  2.23732e+04
 1.00106e+00  0.00000e+00  2.23732e+04
 1.00106e+00  0.00000e+00  2.23732e+04
 1.00106e+00  0.00000e+00  2.23732e+04
 1.00106e+00  0.00000e+00  2.23732e+04
 1.00106e+00  0.00000e+00  2.23732e+04
 1.00106e+00  0.00000e+00  2.23732e+04
 1.00106e+00  0.00000e+00  2.23732e+04
 1.00106e+00  0.00000e+00  2.23732e+04
 1.00106e+00  0.00000e+00  2.23732e+04
 1.00106e+00  0.00000e+00  2.23732e+04
 1.00106e+00  0.00000e+00  2.23732e+04
 1.00106e+00  0.00000e+00  2.23732e+04
 1.00106e+00  0.00000e+00  2.23732e+04
 1.00106e+00  0.00000e+00  2.23732e+04
 1.00106e+00  0.00000e+00  2.23732e+04
 1.00106e+00  0.00000e+00  2.23732e+04
 1.00106e+00  0.00000e+00  2.23732e+04
 1.00106e+00  0.00000e+00  2.23732e+04
 1.00106e+00  0.00000e+00  2.23732e+04
 1.00106e+00  0.00000e+00  2.23732e+04
 1.00106e+00  0.00000e+00  2.23732e+04
 1.00106e+00  0.00000e+00  2.23732e+04
 1.00106e+00  0.00000e+00  2.23732e+04
 1.00106e+00  0.00000e+00  2.23732e+04
 1.00106e+00  0.00000e+00  2.23732e+04
 1.00106e+00  0.00000e+00  2.23732e+04
 1.00106e+00  0.00000e+00  2.23732e+04
 1.00106e+00  0.00000e+00  2.23732e+04
 1.00106e+00  0.00000e+00  2.23732e+04
 1.00106e+00  0.00000e+00  2.23732e+04
