848
 4.14400e-03  9.86000e-01  9.88776e-01
 1.12320e-02  9.88250e-01  9.87670e-01
 1.82180e-02  9.83352e-01  9.86543e-01
 2.57200e-02  9.82874e-01  9.85294e-01
 3.21640e-02  9.74304e-01  9.84194e-01
 3.87210e-02  9.76876e-01  9.83053e-01
 4.58600e-02  9.72909e-01  9.81792e-01
 5.23600e-02  9.61435e-01  9.80631e-01
 5.98420e-02  9.67950e-01  9.79288e-01
 6.77120e-02  9.53698e-01  9.77878e-01
 7.44220e-02  9.62677e-01  9.76687e-01
 8.12340e-02  9.62583e-01  9.75498e-01
 8.88690e-02  9.45141e-01  9.74202e-01
 9.52520e-02  9.57760e-01  9.73157e-01
 1.01921e-01  9.56792e-01  9.72114e-01
 1.09050e-01  9.57024e-01  9.71064e-01
 1.15504e-01  9.42299e-01  9.70183e-01
 1.22459e-01  9.51722e-01  9.69318e-01
 1.29890e-01  9.50708e-01  9.68503e-01
 1.36344e-01  9.40211e-01  9.67898e-01
 1.43581e-01  9.51662e-01  9.67344e-01
 1.50720e-01  9.51889e-01  9.66936e-01
 1.57261e-01  9.51173e-01  9.66692e-01
 1.64421e-01  9.54713e-01  9.66575e-01
 1.71550e-01  9.59708e-01  9.66620e-01
 1.78004e-01  9.51824e-01  9.66803e-01
 1.84561e-01  9.63798e-01  9.67130e-01
 1.91690e-01  9.64901e-01  9.67647e-01
 1.98691e-01  9.63294e-01  9.68317e-01
 2.05508e-01  9.72881e-01  9.69121e-01
 2.13220e-01  9.73294e-01  9.70203e-01
 2.19664e-01  9.74307e-01  9.71241e-01
 2.26231e-01  9.76175e-01  9.72414e-01
 2.33360e-01  9.78792e-01  9.73808e-01
 2.39860e-01  9.81747e-01  9.75179e-01
 2.46468e-01  9.81969e-01  9.76656e-01
 2.53500e-01  9.85636e-01  9.78305e-01
 2.60051e-01  9.85612e-01  9.79900e-01
 2.66522e-01  9.89731e-01  9.81517e-01
 2.73079e-01  9.91435e-01  9.83183e-01
 2.79481e-01  9.93576e-01  9.84823e-01
 2.86620e-01  9.94709e-01  9.86652e-01
 2.94456e-01  9.98167e-01  9.88641e-01
 3.01302e-01  9.99006e-01  9.90347e-01
 3.08192e-01  9.97892e-01  9.92019e-01
 3.14759e-01  1.00113e+00  9.93562e-01
 3.21151e-01  1.00065e+00  9.95005e-01
 3.27692e-01  9.99476e-01  9.96416e-01
 3.34910e-01  9.99692e-01  9.97887e-01
 3.41981e-01  1.00379e+00  9.99234e-01
 3.48532e-01  1.00052e+00  1.00039e+00
 3.55238e-01  1.00184e+00  1.00149e+00
 3.61570e-01  1.00094e+00  1.00244e+00
 3.67962e-01  1.00555e+00  1.00331e+00
 3.75858e-01  1.00398e+00  1.00428e+00
 3.82481e-01  1.00244e+00  1.00498e+00
 3.90192e-01  1.00163e+00  1.00569e+00
 3.96908e-01  1.00201e+00  1.00622e+00
 4.03230e-01  1.00554e+00  1.00664e+00
 4.09642e-01  1.00187e+00  1.00699e+00
 4.16399e-01  1.00287e+00  1.00728e+00
 4.23820e-01  1.00450e+00  1.00752e+00
 4.31422e-01  1.00253e+00  1.00768e+00
 4.38598e-01  1.00267e+00  1.00776e+00
 4.44920e-01  1.00234e+00  1.00778e+00
 4.51572e-01  1.00181e+00  1.00774e+00
 4.59408e-01  1.00443e+00  1.00765e+00
 4.66726e-01  1.00010e+00  1.00751e+00
 4.74590e-01  1.00365e+00  1.00731e+00
 4.81469e-01  1.00260e+00  1.00710e+00
 4.88721e-01  1.00200e+00  1.00684e+00
 4.95692e-01  1.00470e+00  1.00658e+00
 5.03406e-01  1.00311e+00  1.00625e+00
 5.11881e-01  1.00512e+00  1.00588e+00
 5.19669e-01  1.00185e+00  1.00551e+00
 5.26369e-01  1.00266e+00  1.00519e+00
 5.32752e-01  1.00409e+00  1.00487e+00
 5.40979e-01  1.00167e+00  1.00446e+00
 5.48880e-01  1.00615e+00  1.00406e+00
 5.56581e-01  1.00464e+00  1.00367e+00
 5.65121e-01  1.00447e+00  1.00324e+00
 5.72955e-01  1.00531e+00  1.00285e+00
 5.80979e-01  1.00286e+00  1.00245e+00
 5.88220e-01  1.00507e+00  1.00210e+00
 5.95073e-01  1.00481e+00  1.00178e+00
 6.02519e-01  1.00485e+00  1.00144e+00
 6.10332e-01  1.00534e+00  1.00109e+00
 6.17799e-01  1.00494e+00  1.00076e+00
 6.24995e-01  9.85554e-01  1.00046e+00
 6.32399e-01  9.86724e-01  1.00016e+00
 6.38480e-01  9.93170e-01  9.99918e-01
 6.45338e-01  1.00104e+00  9.99657e-01
 6.52601e-01  1.01061e+00  9.99390e-01
 6.59959e-01  1.01117e+00  9.99131e-01
 6.67637e-01  1.00847e+00  9.98872e-01
 6.74116e-01  1.00571e+00  9.98663e-01
 6.80641e-01  9.86953e-01  9.98461e-01
 6.87786e-01  9.87915e-01  9.98249e-01
 6.93228e-01  9.95307e-01  9.98094e-01
 6.99070e-01  1.00572e+00  9.97934e-01
 7.06178e-01  1.00265e+00  9.97748e-01
 7.12106e-01  1.00962e+00  9.97599e-01
 7.17978e-01  1.00806e+00  9.97459e-01
 7.24411e-01  1.00813e+00  9.97311e-01
 7.30519e-01  1.00618e+00  9.97177e-01
 7.35941e-01  1.00170e+00  9.97064e-01
 7.41828e-01  1.00154e+00  9.96946e-01
 7.48068e-01  1.00232e+00  9.96827e-01
 7.53776e-01  1.00357e+00  9.96723e-01
 7.59678e-01  1.00137e+00  9.96621e-01
 7.66041e-01  1.00487e+00  9.96516e-01
 7.72281e-01  1.00567e+00  9.96419e-01
 7.78618e-01  1.00087e+00  9.96326e-01
 7.84811e-01  1.00132e+00  9.96239e-01
 7.91960e-01  1.00181e+00  9.96145e-01
 7.97950e-01  1.00159e+00  9.96071e-01
 8.03837e-01  1.00089e+00  9.96003e-01
 8.10496e-01  1.00027e+00  9.95930e-01
 8.16276e-01  1.00086e+00  9.95870e-01
 8.21979e-01  9.97103e-01  9.95815e-01
 8.27851e-01  1.00080e+00  9.95761e-01
 8.34178e-01  1.00174e+00  9.95707e-01
 8.39569e-01  1.00113e+00  9.95664e-01
 8.44951e-01  1.00064e+00  9.95624e-01
 8.51666e-01  9.99517e-01  9.95577e-01
 8.57625e-01  1.00032e+00  9.95538e-01
 8.63122e-01  1.00171e+00  9.95505e-01
 8.68759e-01  1.00307e+00  9.95473e-01
 8.75127e-01  1.00056e+00  9.95440e-01
 8.81132e-01  1.00164e+00  9.95412e-01
 8.87090e-01  1.00179e+00  9.95386e-01
 8.93898e-01  1.00123e+00  9.95360e-01
 8.99315e-01  1.00098e+00  9.95340e-01
 9.05279e-01  9.99327e-01  9.95321e-01
 9.11093e-01  1.00320e+00  9.95305e-01
 9.16926e-01  9.99691e-01  9.95290e-01
 9.22388e-01  1.00051e+00  9.95278e-01
 9.28183e-01  9.99842e-01  9.95266e-01
 9.34376e-01  9.99594e-01  9.95256e-01
 9.39957e-01  9.98345e-01  9.95248e-01
 9.45389e-01  9.99865e-01  9.95242e-01
 9.51481e-01  9.99433e-01  9.95237e-01
 9.57731e-01  1.00058e+00  9.95232e-01
 9.63476e-01  1.00022e+00  9.95230e-01
 9.68898e-01  9.98936e-01  9.95229e-01
 9.74820e-01  9.96430e-01  9.95229e-01
 9.80519e-01  9.98162e-01  9.95230e-01
 9.86410e-01  1.00023e+00  9.95233e-01
 9.92436e-01  9.97073e-01  9.95236e-01
 9.99187e-01  9.94622e-01  9.95241e-01
 1.00500e+00  9.95063e-01  9.95247e-01
 1.01060e+00  9.95478e-01  9.95253e-01
 1.01647e+00  9.98510e-01  9.95261e-01
 1.02221e+00  9.88981e-01  9.95269e-01
 1.02775e+00  9.87175e-01  9.95277e-01
 1.03420e+00  9.99332e-01  9.95288e-01
 1.04026e+00  9.87666e-01  9.95299e-01
 1.04570e+00  9.87963e-01  9.95310e-01
 1.05115e+00  9.88304e-01  9.95321e-01
 1.05691e+00  9.97288e-01  9.95334e-01
 1.06279e+00  9.78150e-01  9.95347e-01
 1.06823e+00  9.80088e-01  9.95360e-01
 1.07361e+00  9.72902e-01  9.95373e-01
 1.07960e+00  9.80615e-01  9.95388e-01
 1.08525e+00  9.75579e-01  9.95403e-01
 1.09063e+00  9.71284e-01  9.95418e-01
 1.09630e+00  9.71585e-01  9.95434e-01
 1.10276e+00  9.65531e-01  9.95452e-01
 1.10841e+00  9.71270e-01  9.95469e-01
 1.11464e+00  9.47635e-01  9.95488e-01
 1.12130e+00  9.80812e-01  9.95508e-01
 1.12746e+00  9.55982e-01  9.95528e-01
 1.13339e+00  9.56834e-01  9.95547e-01
 1.14013e+00  9.53087e-01  9.95569e-01
 1.14670e+00  9.57507e-01  9.95591e-01
 1.15207e+00  9.37250e-01  9.95609e-01
 1.15801e+00  9.47947e-01  9.95630e-01
 1.16418e+00  9.50543e-01  9.95651e-01
 1.16958e+00  9.50082e-01  9.95670e-01
 1.17541e+00  9.50112e-01  9.95691e-01
 1.18162e+00  9.46093e-01  9.95714e-01
 1.18857e+00  9.52296e-01  9.95739e-01
 1.19448e+00  9.51635e-01  9.95761e-01
 1.20106e+00  9.45883e-01  9.95785e-01
 1.20752e+00  9.57249e-01  9.95809e-01
 1.21295e+00  9.57868e-01  9.95830e-01
 1.21834e+00  9.52110e-01  9.95850e-01
 1.22420e+00  9.50290e-01  9.95873e-01
 1.23002e+00  9.61319e-01  9.95895e-01
 1.23540e+00  9.57447e-01  9.95916e-01
 1.24113e+00  9.61467e-01  9.95939e-01
 1.24779e+00  9.67058e-01  9.95965e-01
 1.25370e+00  9.67671e-01  9.95988e-01
 1.25961e+00  9.72017e-01  9.96012e-01
 1.26585e+00  9.66182e-01  9.96036e-01
 1.27170e+00  9.72859e-01  9.96060e-01
 1.27707e+00  9.78089e-01  9.96081e-01
 1.28259e+00  9.80202e-01  9.96103e-01
 1.28919e+00  9.80841e-01  9.96130e-01
 1.29458e+00  9.85793e-01  9.96152e-01
 1.30062e+00  9.85041e-01  9.96177e-01
 1.30626e+00  9.89096e-01  9.96199e-01
 1.31253e+00  9.89740e-01  9.96225e-01
 1.31823e+00  9.91242e-01  9.96248e-01
 1.32401e+00  9.90705e-01  9.96272e-01
 1.33022e+00  9.94512e-01  9.96298e-01
 1.33648e+00  9.93488e-01  9.96323e-01
 1.34274e+00  9.94343e-01  9.96349e-01
 1.34863e+00  9.96531e-01  9.96374e-01
 1.35518e+00  9.98111e-01  9.96401e-01
 1.36094e+00  9.98285e-01  9.96425e-01
 1.36634e+00  1.00126e+00  9.96447e-01
 1.37251e+00  1.00131e+00  9.96473e-01
 1.37796e+00  9.99195e-01  9.96496e-01
 1.38339e+00  1.00072e+00  9.96518e-01
 1.38897e+00  9.99813e-01  9.96542e-01
 1.39517e+00  9.99793e-01  9.96568e-01
 1.40136e+00  1.00023e+00  9.96594e-01
 1.40698e+00  9.97657e-01  9.96617e-01
 1.41356e+00  1.00029e+00  9.96645e-01
 1.41909e+00  9.97114e-01  9.96668e-01
 1.42450e+00  9.99529e-01  9.96691e-01
 1.43003e+00  9.99093e-01  9.96714e-01
 1.43612e+00  9.99206e-01  9.96740e-01
 1.44157e+00  9.99372e-01  9.96763e-01
 1.44698e+00  9.98980e-01  9.96786e-01
 1.45274e+00  1.00141e+00  9.96810e-01
 1.45862e+00  1.00134e+00  9.96835e-01
 1.46406e+00  9.99468e-01  9.96858e-01
 1.46993e+00  9.99661e-01  9.96883e-01
 1.47617e+00  1.00166e+00  9.96910e-01
 1.48217e+00  9.98266e-01  9.96936e-01
 1.48812e+00  1.00053e+00  9.96961e-01
 1.49441e+00  9.99799e-01  9.96988e-01
 1.50037e+00  9.98458e-01  9.97013e-01
 1.50625e+00  9.98329e-01  9.97039e-01
 1.51163e+00  9.97642e-01  9.97062e-01
 1.51772e+00  9.99199e-01  9.97088e-01
 1.52328e+00  9.99198e-01  9.97112e-01
 1.52866e+00  1.00016e+00  9.97135e-01
 1.53421e+00  9.97872e-01  9.97159e-01
 1.54028e+00  9.99765e-01  9.97185e-01
 1.54571e+00  9.99165e-01  9.97209e-01
 1.55115e+00  9.98988e-01  9.97233e-01
 1.55737e+00  9.99017e-01  9.97260e-01
 1.56381e+00  9.97672e-01  9.97288e-01
 1.56937e+00  1.00035e+00  9.97312e-01
 1.57607e+00  1.00145e+00  9.97342e-01
 1.58259e+00  9.96870e-01  9.97370e-01
 1.58889e+00  9.97920e-01  9.97398e-01
 1.59444e+00  9.97786e-01  9.97423e-01
 1.60080e+00  9.97223e-01  9.97451e-01
 1.60660e+00  9.96631e-01  9.97477e-01
 1.61206e+00  9.97790e-01  9.97501e-01
 1.61856e+00  9.95873e-01  9.97530e-01
 1.62475e+00  1.00008e+00  9.97558e-01
 1.63016e+00  9.99593e-01  9.97583e-01
 1.63560e+00  9.96891e-01  9.97607e-01
 1.64184e+00  9.96734e-01  9.97635e-01
 1.64787e+00  9.94340e-01  9.97663e-01
 1.65421e+00  9.97593e-01  9.97692e-01
 1.65964e+00  1.00065e+00  9.97717e-01
 1.66528e+00  9.98919e-01  9.97743e-01
 1.67071e+00  9.99015e-01  9.97768e-01
 1.67615e+00  9.96353e-01  9.97793e-01
 1.68158e+00  9.99850e-01  9.97819e-01
 1.68725e+00  1.00146e+00  9.97845e-01
 1.69266e+00  9.95503e-01  9.97870e-01
 1.69810e+00  9.97884e-01  9.97896e-01
 1.70350e+00  9.98166e-01  9.97922e-01
 1.70920e+00  9.98200e-01  9.97949e-01
 1.71498e+00  9.99646e-01  9.97977e-01
 1.72096e+00  1.00157e+00  9.98005e-01
 1.72773e+00  9.97000e-01  9.98038e-01
 1.73377e+00  9.94663e-01  9.98067e-01
 1.73920e+00  9.92333e-01  9.98094e-01
 1.74464e+00  9.90644e-01  9.98121e-01
 1.75029e+00  9.97849e-01  9.98149e-01
 1.75573e+00  9.89425e-01  9.98176e-01
 1.76134e+00  9.98023e-01  9.98204e-01
 1.76717e+00  1.01144e+00  9.98233e-01
 1.77298e+00  1.00083e+00  9.98262e-01
 1.77928e+00  1.00045e+00  9.98294e-01
 1.78518e+00  1.00292e+00  9.98325e-01
 1.79141e+00  1.00088e+00  9.98357e-01
 1.79731e+00  1.00012e+00  9.98387e-01
 1.80313e+00  1.00119e+00  9.98418e-01
 1.80883e+00  1.01533e+00  9.98448e-01
 1.81490e+00  9.97344e-01  9.98480e-01
 1.82058e+00  9.99080e-01  9.98510e-01
 1.82757e+00  9.99614e-01  9.98548e-01
 1.83422e+00  1.00051e+00  9.98584e-01
 1.84010e+00  1.00185e+00  9.98616e-01
 1.84596e+00  1.00749e+00  9.98649e-01
 1.85204e+00  1.00786e+00  9.98682e-01
 1.85793e+00  1.00213e+00  9.98715e-01
 1.86387e+00  1.00387e+00  9.98749e-01
 1.86975e+00  9.99484e-01  9.98782e-01
 1.87590e+00  9.91436e-01  9.98818e-01
 1.88191e+00  9.86868e-01  9.98852e-01
 1.88819e+00  9.89080e-01  9.98889e-01
 1.89446e+00  1.00190e+00  9.98926e-01
 1.90099e+00  1.00188e+00  9.98965e-01
 1.90785e+00  1.00406e+00  9.99006e-01
 1.91474e+00  1.00123e+00  9.99048e-01
 1.92183e+00  1.00192e+00  9.99092e-01
 1.92819e+00  1.00227e+00  9.99131e-01
 1.93488e+00  1.00403e+00  9.99173e-01
 1.94240e+00  1.00022e+00  9.99221e-01
 1.94902e+00  1.00191e+00  9.99263e-01
 1.95576e+00  1.00282e+00  9.99307e-01
 1.96280e+00  1.00108e+00  9.99353e-01
 1.96958e+00  1.00021e+00  9.99398e-01
 1.97710e+00  1.00319e+00  9.99448e-01
 1.98363e+00  1.00119e+00  9.99493e-01
 1.99008e+00  1.00188e+00  9.99537e-01
 1.99663e+00  1.00476e+00  9.99582e-01
 2.00316e+00  1.00225e+00  9.99628e-01
 2.00961e+00  1.00165e+00  9.99674e-01
 2.01616e+00  1.00448e+00  9.99721e-01
 2.02301e+00  1.00222e+00  9.99771e-01
 2.02975e+00  1.00060e+00  9.99820e-01
 2.03630e+00  1.00096e+00  9.99869e-01
 2.04298e+00  1.00190e+00  9.99919e-01
 2.04927e+00  1.00398e+00  9.99967e-01
 2.05609e+00  1.00448e+00  1.00002e+00
 2.06338e+00  1.00423e+00  1.00008e+00
 2.07010e+00  1.00310e+00  1.00013e+00
 2.07695e+00  1.00476e+00  1.00018e+00
 2.08521e+00  1.00349e+00  1.00025e+00
 2.09183e+00  1.00338e+00  1.00030e+00
 2.09930e+00  1.00148e+00  1.00037e+00
 2.10669e+00  1.00176e+00  1.00043e+00
 2.11310e+00  1.00108e+00  1.00048e+00
 2.11996e+00  1.00393e+00  1.00054e+00
 2.12694e+00  1.00316e+00  1.00060e+00
 2.13379e+00  1.00043e+00  1.00066e+00
 2.14046e+00  1.00545e+00  1.00072e+00
 2.14714e+00  1.00145e+00  1.00078e+00
 2.15342e+00  1.00197e+00  1.00084e+00
 2.15991e+00  1.00243e+00  1.00090e+00
 2.16669e+00  1.00045e+00  1.00096e+00
 2.17312e+00  1.00170e+00  1.00102e+00
 2.17943e+00  1.00260e+00  1.00108e+00
 2.18613e+00  1.00123e+00  1.00115e+00
 2.19268e+00  1.00123e+00  1.00121e+00
 2.19902e+00  1.00105e+00  1.00127e+00
 2.20588e+00  1.00306e+00  1.00134e+00
 2.21280e+00  1.00213e+00  1.00141e+00
 2.21924e+00  1.00182e+00  1.00147e+00
 2.22581e+00  1.00354e+00  1.00154e+00
 2.23229e+00  1.00351e+00  1.00160e+00
 2.23880e+00  9.99025e-01  1.00167e+00
 2.24531e+00  1.00280e+00  1.00174e+00
 2.25237e+00  1.00383e+00  1.00181e+00
 2.25892e+00  1.00279e+00  1.00188e+00
 2.26546e+00  1.00276e+00  1.00194e+00
 2.27215e+00  1.00263e+00  1.00201e+00
 2.27842e+00  1.00298e+00  1.00208e+00
 2.28537e+00  1.00373e+00  1.00215e+00
 2.29232e+00  1.00257e+00  1.00222e+00
 2.29907e+00  1.00084e+00  1.00229e+00
 2.30574e+00  1.00397e+00  1.00236e+00
 2.31252e+00  1.00261e+00  1.00243e+00
 2.31897e+00  1.00208e+00  1.00250e+00
 2.32539e+00  1.00482e+00  1.00257e+00
 2.33315e+00  1.00084e+00  1.00264e+00
 2.33983e+00  1.00189e+00  1.00271e+00
 2.34748e+00  1.00315e+00  1.00279e+00
 2.35482e+00  1.00237e+00  1.00286e+00
 2.36121e+00  1.00072e+00  1.00292e+00
 2.36770e+00  1.00166e+00  1.00298e+00
 2.37502e+00  1.00297e+00  1.00305e+00
 2.38147e+00  1.00328e+00  1.00310e+00
 2.38776e+00  1.00200e+00  1.00316e+00
 2.39479e+00  9.99076e-01  1.00321e+00
 2.40164e+00  1.00145e+00  1.00327e+00
 2.40797e+00  1.00074e+00  1.00331e+00
 2.41475e+00  9.98922e-01  1.00336e+00
 2.42232e+00  1.00074e+00  1.00340e+00
 2.42881e+00  1.00126e+00  1.00344e+00
 2.43544e+00  9.99100e-01  1.00347e+00
 2.44274e+00  9.99575e-01  1.00351e+00
 2.44964e+00  1.00094e+00  1.00353e+00
 2.45627e+00  1.00000e+00  1.00355e+00
 2.46281e+00  9.98557e-01  1.00356e+00
 2.46924e+00  1.00190e+00  1.00356e+00
 2.47581e+00  1.00038e+00  1.00356e+00
 2.48255e+00  9.98713e-01  1.00355e+00
 2.48952e+00  9.99193e-01  1.00353e+00
 2.49723e+00  1.00059e+00  1.00349e+00
 2.50378e+00  1.00290e+00  1.00345e+00
 2.51032e+00  1.00235e+00  1.00340e+00
 2.51734e+00  1.00333e+00  1.00334e+00
 2.52397e+00  1.00159e+00  1.00326e+00
 2.53095e+00  1.00439e+00  1.00317e+00
 2.53765e+00  1.00091e+00  1.00306e+00
 2.54420e+00  1.00100e+00  1.00294e+00
 2.55060e+00  1.00235e+00  1.00281e+00
 2.55713e+00  1.00186e+00  1.00266e+00
 2.56381e+00  1.00063e+00  1.00249e+00
 2.57010e+00  1.00111e+00  1.00231e+00
 2.57658e+00  9.99827e-01  1.00211e+00
 2.58350e+00  1.00084e+00  1.00186e+00
 2.59038e+00  1.00140e+00  1.00160e+00
 2.59675e+00  1.00154e+00  1.00133e+00
 2.60349e+00  1.00069e+00  1.00102e+00
 2.60998e+00  1.00052e+00  1.00069e+00
 2.61631e+00  1.00004e+00  1.00034e+00
 2.62294e+00  9.99339e-01  9.99952e-01
 2.62947e+00  1.00134e+00  9.99535e-01
 2.63591e+00  1.00006e+00  9.99093e-01
 2.64247e+00  9.97706e-01  9.98610e-01
 2.64897e+00  9.96893e-01  9.98096e-01
 2.65546e+00  9.97908e-01  9.97550e-01
 2.66262e+00  9.98048e-01  9.96904e-01
 2.66920e+00  9.95449e-01  9.96271e-01
 2.67622e+00  9.95956e-01  9.95552e-01
 2.68398e+00  9.99480e-01  9.94705e-01
 2.69064e+00  9.92568e-01  9.93932e-01
 2.69733e+00  9.98773e-01  9.93116e-01
 2.70503e+00  9.87452e-01  9.92123e-01
 2.71212e+00  9.91319e-01  9.91162e-01
 2.71885e+00  9.92288e-01  9.90206e-01
 2.72844e+00  9.86000e-01  9.88776e-01
 2.73553e+00  9.88250e-01  9.87670e-01
 2.74251e+00  9.83352e-01  9.86543e-01
 2.75001e+00  9.82874e-01  9.85294e-01
 2.75646e+00  9.74304e-01  9.84194e-01
 2.76302e+00  9.76876e-01  9.83054e-01
 2.77015e+00  9.72909e-01  9.81792e-01
 2.77665e+00  9.61435e-01  9.80630e-01
 2.78414e+00  9.67950e-01  9.79288e-01
 2.79201e+00  9.53698e-01  9.77877e-01
 2.79872e+00  9.62677e-01  9.76687e-01
 2.80553e+00  9.62583e-01  9.75498e-01
 2.81316e+00  9.45141e-01  9.74202e-01
 2.81955e+00  9.57760e-01  9.73158e-01
 2.82621e+00  9.56792e-01  9.72114e-01
 2.83335e+00  9.57024e-01  9.71064e-01
 2.83980e+00  9.42299e-01  9.70183e-01
 2.84675e+00  9.51722e-01  9.69318e-01
 2.85419e+00  9.50708e-01  9.68503e-01
 2.86064e+00  9.40211e-01  9.67898e-01
 2.86788e+00  9.51662e-01  9.67344e-01
 2.87501e+00  9.51889e-01  9.66936e-01
 2.88156e+00  9.51173e-01  9.66692e-01
 2.88871e+00  9.54713e-01  9.66575e-01
 2.89585e+00  9.59708e-01  9.66620e-01
 2.90230e+00  9.51824e-01  9.66803e-01
 2.90885e+00  9.63798e-01  9.67130e-01
 2.91599e+00  9.64901e-01  9.67647e-01
 2.92299e+00  9.63294e-01  9.68317e-01
 2.92980e+00  9.72881e-01  9.69121e-01
 2.93751e+00  9.73294e-01  9.70203e-01
 2.94396e+00  9.74307e-01  9.71241e-01
 2.95052e+00  9.76175e-01  9.72414e-01
 2.95765e+00  9.78792e-01  9.73809e-01
 2.96415e+00  9.81747e-01  9.75179e-01
 2.97076e+00  9.81969e-01  9.76656e-01
 2.97779e+00  9.85636e-01  9.78305e-01
 2.98435e+00  9.85612e-01  9.79900e-01
 2.99082e+00  9.89731e-01  9.81517e-01
 2.99737e+00  9.91435e-01  9.83183e-01
 3.00378e+00  9.93576e-01  9.84823e-01
 3.01091e+00  9.94709e-01  9.86652e-01
 3.01875e+00  9.98167e-01  9.88642e-01
 3.02560e+00  9.99006e-01  9.90347e-01
 3.03249e+00  9.97892e-01  9.92019e-01
 3.03905e+00  1.00113e+00  9.93562e-01
 3.04545e+00  1.00065e+00  9.95005e-01
 3.05199e+00  9.99476e-01  9.96416e-01
 3.05920e+00  9.99692e-01  9.97887e-01
 3.06628e+00  1.00379e+00  9.99234e-01
 3.07283e+00  1.00052e+00  1.00039e+00
 3.07953e+00  1.00184e+00  1.00149e+00
 3.08587e+00  1.00094e+00  1.00244e+00
 3.09226e+00  1.00555e+00  1.00331e+00
 3.10015e+00  1.00398e+00  1.00428e+00
 3.10677e+00  1.00244e+00  1.00498e+00
 3.11449e+00  1.00163e+00  1.00569e+00
 3.12120e+00  1.00201e+00  1.00622e+00
 3.12752e+00  1.00554e+00  1.00664e+00
 3.13394e+00  1.00187e+00  1.00699e+00
 3.14069e+00  1.00287e+00  1.00728e+00
 3.14812e+00  1.00450e+00  1.00752e+00
 3.15572e+00  1.00253e+00  1.00768e+00
 3.16289e+00  1.00267e+00  1.00776e+00
 3.16921e+00  1.00234e+00  1.00778e+00
 3.17587e+00  1.00181e+00  1.00774e+00
 3.18370e+00  1.00443e+00  1.00765e+00
 3.19102e+00  1.00010e+00  1.00751e+00
 3.19889e+00  1.00365e+00  1.00731e+00
 3.20576e+00  1.00260e+00  1.00710e+00
 3.21301e+00  1.00200e+00  1.00684e+00
 3.21999e+00  1.00470e+00  1.00658e+00
 3.22770e+00  1.00311e+00  1.00625e+00
 3.23618e+00  1.00512e+00  1.00587e+00
 3.24396e+00  1.00185e+00  1.00551e+00
 3.25066e+00  1.00266e+00  1.00519e+00
 3.25705e+00  1.00409e+00  1.00487e+00
 3.26527e+00  1.00167e+00  1.00446e+00
 3.27318e+00  1.00615e+00  1.00406e+00
 3.28088e+00  1.00464e+00  1.00367e+00
 3.28941e+00  1.00447e+00  1.00324e+00
 3.29725e+00  1.00531e+00  1.00285e+00
 3.30527e+00  1.00286e+00  1.00245e+00
 3.31251e+00  1.00507e+00  1.00210e+00
 3.31937e+00  1.00481e+00  1.00178e+00
 3.32681e+00  1.00485e+00  1.00144e+00
 3.33463e+00  1.00534e+00  1.00109e+00
 3.34209e+00  1.00494e+00  1.00076e+00
 3.34929e+00  9.85554e-01  1.00046e+00
 3.35669e+00  9.86724e-01  1.00016e+00
 3.36278e+00  9.93170e-01  9.99918e-01
 3.36963e+00  1.00104e+00  9.99657e-01
 3.37690e+00  1.01061e+00  9.99390e-01
 3.38425e+00  1.01117e+00  9.99131e-01
 3.39193e+00  1.00847e+00  9.98872e-01
 3.39841e+00  1.00571e+00  9.98663e-01
 3.40494e+00  9.86953e-01  9.98461e-01
 3.41208e+00  9.87915e-01  9.98249e-01
 3.41752e+00  9.95307e-01  9.98094e-01
 3.42336e+00  1.00572e+00  9.97934e-01
 3.43047e+00  1.00265e+00  9.97748e-01
 3.43640e+00  1.00962e+00  9.97599e-01
 3.44227e+00  1.00806e+00  9.97458e-01
 3.44870e+00  1.00813e+00  9.97311e-01
 3.45481e+00  1.00618e+00  9.97177e-01
 3.46023e+00  1.00170e+00  9.97064e-01
 3.46612e+00  1.00154e+00  9.96946e-01
 3.47236e+00  1.00232e+00  9.96827e-01
 3.47807e+00  1.00357e+00  9.96723e-01
 3.48397e+00  1.00137e+00  9.96621e-01
 3.49033e+00  1.00487e+00  9.96516e-01
 3.49658e+00  1.00567e+00  9.96419e-01
 3.50291e+00  1.00087e+00  9.96326e-01
 3.50910e+00  1.00132e+00  9.96239e-01
 3.51626e+00  1.00181e+00  9.96145e-01
 3.52224e+00  1.00159e+00  9.96071e-01
 3.52813e+00  1.00089e+00  9.96003e-01
 3.53479e+00  1.00027e+00  9.95930e-01
 3.54057e+00  1.00086e+00  9.95870e-01
 3.54627e+00  9.97103e-01  9.95815e-01
 3.55214e+00  1.00080e+00  9.95761e-01
 3.55847e+00  1.00174e+00  9.95707e-01
 3.56386e+00  1.00113e+00  9.95664e-01
 3.56925e+00  1.00064e+00  9.95624e-01
 3.57596e+00  9.99517e-01  9.95577e-01
 3.58192e+00  1.00032e+00  9.95538e-01
 3.58742e+00  1.00171e+00  9.95505e-01
 3.59305e+00  1.00307e+00  9.95473e-01
 3.59942e+00  1.00056e+00  9.95440e-01
 3.60543e+00  1.00164e+00  9.95412e-01
 3.61138e+00  1.00179e+00  9.95386e-01
 3.61819e+00  1.00123e+00  9.95360e-01
 3.62361e+00  1.00098e+00  9.95340e-01
 3.62957e+00  9.99327e-01  9.95321e-01
 3.63539e+00  1.00320e+00  9.95305e-01
 3.64122e+00  9.99691e-01  9.95290e-01
 3.64668e+00  1.00051e+00  9.95278e-01
 3.65248e+00  9.99842e-01  9.95266e-01
 3.65867e+00  9.99594e-01  9.95256e-01
 3.66425e+00  9.98345e-01  9.95248e-01
 3.66968e+00  9.99865e-01  9.95242e-01
 3.67577e+00  9.99433e-01  9.95237e-01
 3.68202e+00  1.00058e+00  9.95233e-01
 3.68777e+00  1.00022e+00  9.95230e-01
 3.69319e+00  9.98936e-01  9.95229e-01
 3.69911e+00  9.96430e-01  9.95229e-01
 3.70481e+00  9.98162e-01  9.95230e-01
 3.71070e+00  1.00023e+00  9.95233e-01
 3.71673e+00  9.97073e-01  9.95236e-01
 3.72348e+00  9.94622e-01  9.95241e-01
 3.72929e+00  9.95063e-01  9.95247e-01
 3.73489e+00  9.95478e-01  9.95253e-01
 3.74076e+00  9.98510e-01  9.95261e-01
 3.74650e+00  9.88981e-01  9.95269e-01
 3.75204e+00  9.87175e-01  9.95277e-01
 3.75850e+00  9.99332e-01  9.95288e-01
 3.76456e+00  9.87666e-01  9.95299e-01
 3.76999e+00  9.87963e-01  9.95310e-01
 3.77544e+00  9.88304e-01  9.95321e-01
 3.78121e+00  9.97288e-01  9.95334e-01
 3.78708e+00  9.78150e-01  9.95347e-01
 3.79252e+00  9.80088e-01  9.95360e-01
 3.79790e+00  9.72902e-01  9.95373e-01
 3.80389e+00  9.80615e-01  9.95388e-01
 3.80954e+00  9.75579e-01  9.95403e-01
 3.81492e+00  9.71284e-01  9.95418e-01
 3.82059e+00  9.71585e-01  9.95434e-01
 3.82706e+00  9.65531e-01  9.95452e-01
 3.83270e+00  9.71270e-01  9.95469e-01
 3.83893e+00  9.47635e-01  9.95488e-01
 3.84559e+00  9.80812e-01  9.95508e-01
 3.85175e+00  9.55982e-01  9.95528e-01
 3.85769e+00  9.56834e-01  9.95547e-01
 3.86442e+00  9.53087e-01  9.95569e-01
 3.87099e+00  9.57507e-01  9.95591e-01
 3.87636e+00  9.37250e-01  9.95609e-01
 3.88230e+00  9.47947e-01  9.95630e-01
 3.88847e+00  9.50543e-01  9.95651e-01
 3.89387e+00  9.50082e-01  9.95670e-01
 3.89971e+00  9.50112e-01  9.95691e-01
 3.90592e+00  9.46093e-01  9.95714e-01
 3.91286e+00  9.52296e-01  9.95739e-01
 3.91878e+00  9.51635e-01  9.95761e-01
 3.92535e+00  9.45883e-01  9.95785e-01
 3.93181e+00  9.57249e-01  9.95809e-01
 3.93724e+00  9.57868e-01  9.95830e-01
 3.94263e+00  9.52110e-01  9.95850e-01
 3.94850e+00  9.50290e-01  9.95873e-01
 3.95431e+00  9.61319e-01  9.95895e-01
 3.95969e+00  9.57447e-01  9.95916e-01
 3.96542e+00  9.61467e-01  9.95939e-01
 3.97208e+00  9.67058e-01  9.95965e-01
 3.97800e+00  9.67671e-01  9.95988e-01
 3.98390e+00  9.72017e-01  9.96012e-01
 3.99015e+00  9.66182e-01  9.96036e-01
 3.99599e+00  9.72859e-01  9.96060e-01
 4.00136e+00  9.78089e-01  9.96081e-01
 4.00688e+00  9.80202e-01  9.96103e-01
 4.01348e+00  9.80841e-01  9.96130e-01
 4.01887e+00  9.85793e-01  9.96152e-01
 4.02492e+00  9.85041e-01  9.96177e-01
 4.03055e+00  9.89096e-01  9.96199e-01
 4.03682e+00  9.89740e-01  9.96225e-01
 4.04252e+00  9.91242e-01  9.96248e-01
 4.04831e+00  9.90705e-01  9.96272e-01
 4.05451e+00  9.94512e-01  9.96298e-01
 4.06077e+00  9.93488e-01  9.96323e-01
 4.06703e+00  9.94343e-01  9.96349e-01
 4.07292e+00  9.96531e-01  9.96374e-01
 4.07947e+00  9.98111e-01  9.96401e-01
 4.08523e+00  9.98285e-01  9.96425e-01
 4.09063e+00  1.00126e+00  9.96447e-01
 4.09680e+00  1.00131e+00  9.96473e-01
 4.10225e+00  9.99195e-01  9.96496e-01
 4.10769e+00  1.00072e+00  9.96518e-01
 4.11327e+00  9.99813e-01  9.96542e-01
 4.11946e+00  9.99793e-01  9.96568e-01
 4.12565e+00  1.00023e+00  9.96594e-01
 4.13127e+00  9.97657e-01  9.96617e-01
 4.13785e+00  1.00029e+00  9.96645e-01
 4.14338e+00  9.97114e-01  9.96668e-01
 4.14879e+00  9.99529e-01  9.96691e-01
 4.15433e+00  9.99093e-01  9.96714e-01
 4.16041e+00  9.99206e-01  9.96740e-01
 4.16586e+00  9.99372e-01  9.96763e-01
 4.17127e+00  9.98980e-01  9.96786e-01
 4.17704e+00  1.00141e+00  9.96810e-01
 4.18291e+00  1.00134e+00  9.96835e-01
 4.18835e+00  9.99468e-01  9.96858e-01
 4.19423e+00  9.99661e-01  9.96883e-01
 4.20047e+00  1.00166e+00  9.96910e-01
 4.20646e+00  9.98266e-01  9.96936e-01
 4.21242e+00  1.00053e+00  9.96961e-01
 4.21871e+00  9.99799e-01  9.96988e-01
 4.22466e+00  9.98458e-01  9.97013e-01
 4.23054e+00  9.98329e-01  9.97039e-01
 4.23592e+00  9.97642e-01  9.97062e-01
 4.24201e+00  9.99199e-01  9.97088e-01
 4.24757e+00  9.99198e-01  9.97112e-01
 4.25295e+00  1.00016e+00  9.97135e-01
 4.25851e+00  9.97872e-01  9.97159e-01
 4.26457e+00  9.99765e-01  9.97185e-01
 4.27000e+00  9.99165e-01  9.97209e-01
 4.27544e+00  9.98988e-01  9.97233e-01
 4.28166e+00  9.99017e-01  9.97260e-01
 4.28810e+00  9.97672e-01  9.97288e-01
 4.29366e+00  1.00035e+00  9.97312e-01
 4.30036e+00  1.00145e+00  9.97342e-01
 4.30688e+00  9.96870e-01  9.97370e-01
 4.31319e+00  9.97920e-01  9.97398e-01
 4.31873e+00  9.97786e-01  9.97423e-01
 4.32510e+00  9.97223e-01  9.97451e-01
 4.33089e+00  9.96631e-01  9.97477e-01
 4.33635e+00  9.97790e-01  9.97501e-01
 4.34285e+00  9.95873e-01  9.97530e-01
 4.34904e+00  1.00008e+00  9.97558e-01
 4.35445e+00  9.99593e-01  9.97583e-01
 4.35989e+00  9.96891e-01  9.97607e-01
 4.36613e+00  9.96734e-01  9.97635e-01
 4.37216e+00  9.94340e-01  9.97663e-01
 4.37850e+00  9.97593e-01  9.97692e-01
 4.38394e+00  1.00065e+00  9.97717e-01
 4.38957e+00  9.98919e-01  9.97743e-01
 4.39500e+00  9.99015e-01  9.97768e-01
 4.40044e+00  9.96353e-01  9.97793e-01
 4.40588e+00  9.99850e-01  9.97819e-01
 4.41154e+00  1.00146e+00  9.97845e-01
 4.41695e+00  9.95503e-01  9.97870e-01
 4.42239e+00  9.97884e-01  9.97896e-01
 4.42779e+00  9.98166e-01  9.97922e-01
 4.43349e+00  9.98200e-01  9.97949e-01
 4.43928e+00  9.99646e-01  9.97977e-01
 4.44525e+00  1.00157e+00  9.98005e-01
 4.45202e+00  9.97000e-01  9.98038e-01
 4.45806e+00  9.94663e-01  9.98067e-01
 4.46349e+00  9.92333e-01  9.98094e-01
 4.46894e+00  9.90644e-01  9.98121e-01
 4.47458e+00  9.97849e-01  9.98149e-01
 4.48002e+00  9.89425e-01  9.98176e-01
 4.48564e+00  9.98023e-01  9.98204e-01
 4.49147e+00  1.01144e+00  9.98233e-01
 4.49727e+00  1.00083e+00  9.98262e-01
 4.50358e+00  1.00045e+00  9.98294e-01
 4.50947e+00  1.00292e+00  9.98325e-01
 4.51570e+00  1.00088e+00  9.98357e-01
 4.52160e+00  1.00012e+00  9.98387e-01
 4.52743e+00  1.00119e+00  9.98418e-01
 4.53313e+00  1.01533e+00  9.98448e-01
 4.53919e+00  9.97344e-01  9.98480e-01
 4.54487e+00  9.99080e-01  9.98510e-01
 4.55187e+00  9.99614e-01  9.98548e-01
 4.55851e+00  1.00051e+00  9.98584e-01
 4.56440e+00  1.00185e+00  9.98616e-01
 4.57025e+00  1.00749e+00  9.98649e-01
 4.57633e+00  1.00786e+00  9.98682e-01
 4.58222e+00  1.00213e+00  9.98715e-01
 4.58816e+00  1.00387e+00  9.98749e-01
 4.59405e+00  9.99484e-01  9.98782e-01
 4.60019e+00  9.91436e-01  9.98818e-01
 4.60620e+00  9.86868e-01  9.98852e-01
 4.61248e+00  9.89080e-01  9.98889e-01
 4.61875e+00  1.00190e+00  9.98926e-01
 4.62528e+00  1.00188e+00  9.98965e-01
 4.63214e+00  1.00406e+00  9.99006e-01
 4.63903e+00  1.00123e+00  9.99048e-01
 4.64612e+00  1.00192e+00  9.99092e-01
 4.65248e+00  1.00227e+00  9.99131e-01
 4.65918e+00  1.00403e+00  9.99173e-01
 4.66669e+00  1.00022e+00  9.99221e-01
 4.67331e+00  1.00191e+00  9.99263e-01
 4.68006e+00  1.00282e+00  9.99307e-01
 4.68709e+00  1.00108e+00  9.99353e-01
 4.69387e+00  1.00021e+00  9.99398e-01
 4.70139e+00  1.00319e+00  9.99448e-01
 4.70792e+00  1.00119e+00  9.99493e-01
 4.71438e+00  1.00188e+00  9.99537e-01
 4.72092e+00  1.00476e+00  9.99582e-01
 4.72746e+00  1.00225e+00  9.99628e-01
 4.73390e+00  1.00165e+00  9.99674e-01
 4.74045e+00  1.00448e+00  9.99721e-01
 4.74731e+00  1.00222e+00  9.99771e-01
 4.75404e+00  1.00060e+00  9.99820e-01
 4.76059e+00  1.00096e+00  9.99869e-01
 4.76727e+00  1.00190e+00  9.99919e-01
 4.77357e+00  1.00398e+00  9.99967e-01
 4.78038e+00  1.00448e+00  1.00002e+00
 4.78768e+00  1.00423e+00  1.00008e+00
 4.79440e+00  1.00310e+00  1.00013e+00
 4.80124e+00  1.00476e+00  1.00018e+00
 4.80951e+00  1.00349e+00  1.00025e+00
 4.81613e+00  1.00338e+00  1.00030e+00
 4.82359e+00  1.00148e+00  1.00037e+00
 4.83098e+00  1.00176e+00  1.00043e+00
 4.83739e+00  1.00108e+00  1.00048e+00
 4.84425e+00  1.00393e+00  1.00054e+00
 4.85123e+00  1.00316e+00  1.00060e+00
 4.85808e+00  1.00043e+00  1.00066e+00
 4.86475e+00  1.00545e+00  1.00072e+00
 4.87143e+00  1.00145e+00  1.00078e+00
 4.87772e+00  1.00197e+00  1.00084e+00
 4.88420e+00  1.00243e+00  1.00090e+00
 4.89098e+00  1.00045e+00  1.00096e+00
 4.89741e+00  1.00170e+00  1.00102e+00
 4.90372e+00  1.00260e+00  1.00108e+00
 4.91042e+00  1.00123e+00  1.00115e+00
 4.91697e+00  1.00123e+00  1.00121e+00
 4.92331e+00  1.00105e+00  1.00127e+00
 4.93017e+00  1.00306e+00  1.00134e+00
 4.93709e+00  1.00213e+00  1.00141e+00
 4.94353e+00  1.00182e+00  1.00147e+00
 4.95010e+00  1.00354e+00  1.00154e+00
 4.95659e+00  1.00351e+00  1.00160e+00
 4.96309e+00  9.99025e-01  1.00167e+00
 4.96960e+00  1.00280e+00  1.00174e+00
 4.97666e+00  1.00383e+00  1.00181e+00
 4.98321e+00  1.00279e+00  1.00188e+00
 4.98975e+00  1.00276e+00  1.00194e+00
 4.99644e+00  1.00263e+00  1.00201e+00
 5.00272e+00  1.00298e+00  1.00208e+00
 5.00966e+00  1.00373e+00  1.00215e+00
 5.01662e+00  1.00257e+00  1.00222e+00
 5.02336e+00  1.00084e+00  1.00229e+00
 5.03003e+00  1.00397e+00  1.00236e+00
 5.03682e+00  1.00261e+00  1.00243e+00
 5.04326e+00  1.00208e+00  1.00250e+00
 5.04968e+00  1.00482e+00  1.00257e+00
 5.05744e+00  1.00084e+00  1.00264e+00
 5.06413e+00  1.00189e+00  1.00271e+00
 5.07178e+00  1.00315e+00  1.00279e+00
 5.07912e+00  1.00237e+00  1.00286e+00
 5.08550e+00  1.00072e+00  1.00292e+00
 5.09199e+00  1.00166e+00  1.00298e+00
 5.09932e+00  1.00297e+00  1.00305e+00
 5.10576e+00  1.00328e+00  1.00310e+00
 5.11206e+00  1.00200e+00  1.00316e+00
 5.11908e+00  9.99076e-01  1.00321e+00
 5.12593e+00  1.00145e+00  1.00327e+00
 5.13226e+00  1.00074e+00  1.00331e+00
 5.13904e+00  9.98922e-01  1.00336e+00
 5.14661e+00  1.00074e+00  1.00340e+00
 5.15310e+00  1.00126e+00  1.00344e+00
 5.15973e+00  9.99100e-01  1.00347e+00
 5.16703e+00  9.99575e-01  1.00351e+00
 5.17393e+00  1.00094e+00  1.00353e+00
 5.18056e+00  1.00000e+00  1.00355e+00
 5.18710e+00  9.98557e-01  1.00356e+00
 5.19353e+00  1.00190e+00  1.00356e+00
 5.20010e+00  1.00038e+00  1.00356e+00
 5.20685e+00  9.98713e-01  1.00355e+00
 5.21381e+00  9.99193e-01  1.00353e+00
 5.22153e+00  1.00059e+00  1.00349e+00
 5.22807e+00  1.00290e+00  1.00345e+00
 5.23461e+00  1.00235e+00  1.00340e+00
 5.24163e+00  1.00333e+00  1.00334e+00
 5.24827e+00  1.00159e+00  1.00326e+00
 5.25524e+00  1.00439e+00  1.00317e+00
 5.26194e+00  1.00091e+00  1.00306e+00
 5.26849e+00  1.00100e+00  1.00294e+00
 5.27489e+00  1.00235e+00  1.00281e+00
 5.28142e+00  1.00186e+00  1.00266e+00
 5.28810e+00  1.00063e+00  1.00249e+00
 5.29440e+00  1.00111e+00  1.00231e+00
 5.30087e+00  9.99827e-01  1.00211e+00
 5.30780e+00  1.00084e+00  1.00186e+00
 5.31467e+00  1.00140e+00  1.00160e+00
 5.32104e+00  1.00154e+00  1.00133e+00
 5.32778e+00  1.00069e+00  1.00102e+00
 5.33428e+00  1.00052e+00  1.00069e+00
 5.34060e+00  1.00004e+00  1.00034e+00
 5.34723e+00  9.99339e-01  9.99952e-01
 5.35376e+00  1.00134e+00  9.99535e-01
 5.36020e+00  1.00006e+00  9.99093e-01
 5.36676e+00  9.97706e-01  9.98610e-01
 5.37327e+00  9.96893e-01  9.98096e-01
 5.37975e+00  9.97908e-01  9.97550e-01
 5.38691e+00  9.98048e-01  9.96904e-01
 5.39349e+00  9.95449e-01  9.96271e-01
 5.40051e+00  9.95956e-01  9.95552e-01
 5.40827e+00  9.99480e-01  9.94705e-01
 5.41494e+00  9.92568e-01  9.93932e-01
 5.42162e+00  9.98773e-01  9.93116e-01
 5.42933e+00  9.87452e-01  9.92123e-01
 5.43641e+00  9.91319e-01  9.91162e-01
 5.44314e+00  9.92288e-01  9.90206e-01
