1038
 3.00400e-03  1.00106e+00  2.20266e+04
 9.32100e-03  1.00168e+00  2.20280e+04
 1.52870e-02  1.00175e+00  2.20293e+04
 2.27030e-02  1.00094e+00  2.20309e+04
 2.90930e-02  1.00137e+00  2.20322e+04
 3.54340e-02  1.00112e+00  2.20336e+04
 4.30650e-02  1.00133e+00  2.20353e+04
 4.97090e-02  1.00090e+00  2.20367e+04
 5.59590e-02  1.00131e+00  2.20381e+04
 6.33680e-02  1.00120e+00  2.20398e+04
 6.95740e-02  1.00116e+00  2.20412e+04
 7.65350e-02  1.00104e+00  2.20427e+04
 8.36530e-02  1.00147e+00  2.20444e+04
 9.03120e-02  1.00087e+00  2.20459e+04
 9.70740e-02  1.00108e+00  2.20474e+04
 1.03280e-01  1.00355e+00  2.20489e+04
 1.10154e-01  1.00087e+00  2.20505e+04
 1.16871e-01  1.00013e+00  2.20520e+04
 1.23504e-01  1.00218e+00  2.20536e+04
 1.29690e-01  1.00107e+00  2.20550e+04
 1.37093e-01  1.00026e+00  2.20568e+04
 1.42864e-01  1.00123e+00  2.20582e+04
 1.49401e-01  1.00039e+00  2.20598e+04
 1.55945e-01  1.00094e+00  2.20613e+04
 1.62974e-01  1.00087e+00  2.20630e+04
 1.69674e-01  1.00032e+00  2.20647e+04
 1.76471e-01  1.00122e+00  2.20664e+04
 1.82504e-01  1.00016e+00  2.20678e+04
 1.89979e-01  1.00001e+00  2.20697e+04
 1.95748e-01  1.00130e+00  2.20712e+04
 2.02114e-01  1.00014e+00  2.20728e+04
 2.08769e-01  1.00028e+00  2.20744e+04
 2.15532e-01  1.00104e+00  2.20762e+04
 2.21510e-01  1.00062e+00  2.20777e+04
 2.27664e-01  1.00044e+00  2.20793e+04
 2.34266e-01  1.00035e+00  2.20810e+04
 2.40849e-01  1.00064e+00  2.20827e+04
 2.47341e-01  1.00034e+00  2.20844e+04
 2.54674e-01  1.00031e+00  2.20863e+04
 2.62097e-01  1.00008e+00  2.20883e+04
 2.67964e-01  1.00094e+00  2.20899e+04
 2.74491e-01  1.00018e+00  2.20916e+04
 2.80913e-01  1.00070e+00  2.20934e+04
 2.87239e-01  1.00036e+00  2.20951e+04
 2.93653e-01  9.99944e-01  2.20969e+04
 3.00182e-01  1.00063e+00  2.20986e+04
 3.06644e-01  1.00018e+00  2.21004e+04
 3.13264e-01  9.99915e-01  2.21023e+04
 3.19210e-01  1.00059e+00  2.21039e+04
 3.25226e-01  1.00051e+00  2.21056e+04
 3.31844e-01  9.99789e-01  2.21075e+04
 3.38234e-01  1.00031e+00  2.21093e+04
 3.45047e-01  1.00032e+00  2.21113e+04
 3.51284e-01  1.00026e+00  2.21131e+04
 3.57841e-01  1.00008e+00  2.21150e+04
 3.64205e-01  1.00032e+00  2.21168e+04
 3.70004e-01  1.00011e+00  2.21185e+04
 3.76856e-01  9.99531e-01  2.21206e+04
 3.82476e-01  1.00045e+00  2.21222e+04
 3.88306e-01  9.99643e-01  2.21240e+04
 3.94796e-01  9.99604e-01  2.21259e+04
 4.01267e-01  9.99932e-01  2.21279e+04
 4.07989e-01  9.99942e-01  2.21299e+04
 4.13646e-01  9.99566e-01  2.21316e+04
 4.20144e-01  9.99345e-01  2.21336e+04
 4.25932e-01  1.00213e+00  2.21354e+04
 4.31821e-01  9.99639e-01  2.21372e+04
 4.39493e-01  9.98987e-01  2.21396e+04
 4.44846e-01  1.00131e+00  2.21413e+04
 4.50147e-01  9.99596e-01  2.21430e+04
 4.56100e-01  9.99992e-01  2.21449e+04
 4.62361e-01  9.99382e-01  2.21469e+04
 4.68523e-01  1.00101e+00  2.21489e+04
 4.74028e-01  9.99650e-01  2.21506e+04
 4.80575e-01  9.98864e-01  2.21528e+04
 4.86040e-01  1.00014e+00  2.21546e+04
 4.91329e-01  9.99704e-01  2.21563e+04
 4.97034e-01  9.99205e-01  2.21582e+04
 5.03661e-01  9.98587e-01  2.21604e+04
 5.10553e-01  9.99967e-01  2.21627e+04
 5.17188e-01  9.99094e-01  2.21649e+04
 5.24833e-01  9.98498e-01  2.21675e+04
 5.31191e-01  9.99833e-01  2.21697e+04
 5.37505e-01  9.99047e-01  2.21718e+04
 5.45095e-01  9.98775e-01  2.21744e+04
 5.51501e-01  1.00023e+00  2.21767e+04
 5.56957e-01  9.98840e-01  2.21786e+04
 5.63264e-01  9.98721e-01  2.21808e+04
 5.69326e-01  9.99389e-01  2.21829e+04
 5.74820e-01  9.99451e-01  2.21849e+04
 5.81696e-01  9.98739e-01  2.21873e+04
 5.87565e-01  9.98461e-01  2.21895e+04
 5.93523e-01  1.00007e+00  2.21916e+04
 5.99028e-01  9.98690e-01  2.21936e+04
 6.06153e-01  9.98698e-01  2.21962e+04
 6.12008e-01  9.99763e-01  2.21984e+04
 6.17350e-01  9.98771e-01  2.22004e+04
 6.23730e-01  9.98556e-01  2.22027e+04
 6.29594e-01  9.98150e-01  2.22049e+04
 6.35563e-01  9.99592e-01  2.22072e+04
 6.40844e-01  9.98588e-01  2.22092e+04
 6.47235e-01  9.98495e-01  2.22116e+04
 6.52710e-01  9.99003e-01  2.22137e+04
 6.57989e-01  9.98782e-01  2.22157e+04
 6.63674e-01  9.98444e-01  2.22179e+04
 6.70242e-01  9.97897e-01  2.22205e+04
 6.76168e-01  9.99691e-01  2.22228e+04
 6.81451e-01  9.98479e-01  2.22249e+04
 6.87796e-01  9.98308e-01  2.22274e+04
 6.94556e-01  9.98676e-01  2.22301e+04
 7.00409e-01  9.98225e-01  2.22324e+04
 7.06944e-01  9.98659e-01  2.22351e+04
 7.13678e-01  9.98851e-01  2.22378e+04
 7.20666e-01  9.98607e-01  2.22407e+04
 7.27164e-01  9.98595e-01  2.22433e+04
 7.33431e-01  9.98373e-01  2.22459e+04
 7.40398e-01  9.99139e-01  2.22488e+04
 7.46971e-01  9.98170e-01  2.22516e+04
 7.54007e-01  9.98297e-01  2.22546e+04
 7.60235e-01  9.99099e-01  2.22572e+04
 7.66487e-01  9.98592e-01  2.22599e+04
 7.73313e-01  9.98497e-01  2.22628e+04
 7.79145e-01  9.99005e-01  2.22653e+04
 7.85464e-01  9.98551e-01  2.22681e+04
 7.92969e-01  9.98331e-01  2.22714e+04
 7.98912e-01  9.98768e-01  2.22740e+04
 8.04559e-01  9.98366e-01  2.22765e+04
 8.10888e-01  9.98352e-01  2.22793e+04
 8.17314e-01  9.98567e-01  2.22822e+04
 8.23738e-01  9.99175e-01  2.22851e+04
 8.31110e-01  9.98239e-01  2.22885e+04
 8.37475e-01  9.98644e-01  2.22914e+04
 8.43599e-01  9.98967e-01  2.22942e+04
 8.49813e-01  9.98591e-01  2.22971e+04
 8.56547e-01  9.98682e-01  2.23003e+04
 8.63104e-01  9.99143e-01  2.23034e+04
 8.69457e-01  9.98428e-01  2.23064e+04
 8.76082e-01  9.98266e-01  2.23095e+04
 8.82232e-01  9.98960e-01  2.23125e+04
 8.88474e-01  9.98546e-01  2.23155e+04
 8.94806e-01  9.98607e-01  2.23186e+04
 9.00644e-01  9.98655e-01  2.23214e+04
 9.06599e-01  9.98979e-01  2.23243e+04
 9.13323e-01  9.98909e-01  2.23277e+04
 9.19782e-01  9.98516e-01  2.23309e+04
 9.26885e-01  9.99263e-01  2.23344e+04
 9.33301e-01  9.98518e-01  2.23377e+04
 9.40018e-01  9.98464e-01  2.23411e+04
 9.46670e-01  9.99524e-01  2.23445e+04
 9.52787e-01  9.98776e-01  2.23476e+04
 9.60060e-01  9.98870e-01  2.23514e+04
 9.66088e-01  9.99605e-01  2.23545e+04
 9.71872e-01  9.99285e-01  2.23576e+04
 9.78136e-01  9.98737e-01  2.23609e+04
 9.83994e-01  9.99080e-01  2.23640e+04
 9.90018e-01  9.99251e-01  2.23672e+04
 9.96971e-01  9.99374e-01  2.23710e+04
 1.00311e+00  9.98834e-01  2.23743e+04
 1.00964e+00  9.99598e-01  2.23778e+04
 1.01576e+00  9.99059e-01  2.23812e+04
 1.02224e+00  9.98768e-01  2.23848e+04
 1.02808e+00  9.99367e-01  2.23880e+04
 1.03521e+00  9.99191e-01  2.23920e+04
 1.04240e+00  9.98883e-01  2.23960e+04
 1.04841e+00  9.99353e-01  2.23994e+04
 1.05456e+00  9.99290e-01  2.24030e+04
 1.06147e+00  9.99233e-01  2.24069e+04
 1.06800e+00  9.99140e-01  2.24107e+04
 1.07384e+00  9.99082e-01  2.24141e+04
 1.07966e+00  9.99240e-01  2.24175e+04
 1.08627e+00  9.99122e-01  2.24214e+04
 1.09364e+00  9.99645e-01  2.24258e+04
 1.10009e+00  9.99403e-01  2.24296e+04
 1.10623e+00  9.98849e-01  2.24333e+04
 1.11192e+00  9.99372e-01  2.24368e+04
 1.11841e+00  9.99459e-01  2.24407e+04
 1.12492e+00  9.98843e-01  2.24447e+04
 1.13088e+00  9.99633e-01  2.24484e+04
 1.13685e+00  9.99149e-01  2.24521e+04
 1.14284e+00  9.99442e-01  2.24558e+04
 1.14840e+00  9.98630e-01  2.24593e+04
 1.15434e+00  9.99616e-01  2.24631e+04
 1.16173e+00  9.98878e-01  2.24678e+04
 1.16825e+00  9.98552e-01  2.24719e+04
 1.17392e+00  9.99407e-01  2.24756e+04
 1.17992e+00  9.99487e-01  2.24795e+04
 1.18640e+00  9.98709e-01  2.24837e+04
 1.19166e+00  9.98774e-01  2.24872e+04
 1.19780e+00  9.99494e-01  2.24912e+04
 1.20466e+00  9.99373e-01  2.24958e+04
 1.21085e+00  9.99298e-01  2.24999e+04
 1.21727e+00  9.99235e-01  2.25042e+04
 1.22348e+00  9.99510e-01  2.25084e+04
 1.22995e+00  9.98420e-01  2.25129e+04
 1.23591e+00  9.99248e-01  2.25169e+04
 1.24160e+00  9.99348e-01  2.25209e+04
 1.24831e+00  9.98801e-01  2.25255e+04
 1.25358e+00  9.98865e-01  2.25292e+04
 1.25964e+00  9.99124e-01  2.25335e+04
 1.26706e+00  9.99245e-01  2.25388e+04
 1.27290e+00  9.98928e-01  2.25429e+04
 1.27905e+00  9.99175e-01  2.25473e+04
 1.28560e+00  9.99289e-01  2.25521e+04
 1.29170e+00  9.98492e-01  2.25565e+04
 1.29782e+00  9.99150e-01  2.25610e+04
 1.30368e+00  9.99236e-01  2.25653e+04
 1.31018e+00  9.99156e-01  2.25701e+04
 1.31565e+00  9.98783e-01  2.25742e+04
 1.32214e+00  9.98943e-01  2.25791e+04
 1.32779e+00  9.99456e-01  2.25833e+04
 1.33381e+00  9.98594e-01  2.25879e+04
 1.33948e+00  9.99204e-01  2.25922e+04
 1.34564e+00  9.99515e-01  2.25970e+04
 1.35183e+00  9.98842e-01  2.26018e+04
 1.35722e+00  9.98665e-01  2.26059e+04
 1.36312e+00  9.99273e-01  2.26106e+04
 1.36986e+00  9.99430e-01  2.26159e+04
 1.37605e+00  9.98842e-01  2.26208e+04
 1.38222e+00  9.98969e-01  2.26257e+04
 1.38791e+00  9.99106e-01  2.26303e+04
 1.39415e+00  9.98658e-01  2.26353e+04
 1.39962e+00  9.99311e-01  2.26398e+04
 1.40727e+00  9.98949e-01  2.26460e+04
 1.41497e+00  9.98631e-01  2.26524e+04
 1.42048e+00  9.98995e-01  2.26570e+04
 1.42720e+00  9.98755e-01  2.26626e+04
 1.43447e+00  9.99145e-01  2.26687e+04
 1.44009e+00  9.98686e-01  2.26734e+04
 1.44720e+00  9.98723e-01  2.26795e+04
 1.45399e+00  9.99258e-01  2.26853e+04
 1.46029e+00  9.98239e-01  2.26908e+04
 1.46753e+00  9.98903e-01  2.26971e+04
 1.47408e+00  9.99266e-01  2.27028e+04
 1.47963e+00  9.98331e-01  2.27077e+04
 1.48625e+00  9.99284e-01  2.27136e+04
 1.49209e+00  9.99035e-01  2.27188e+04
 1.49794e+00  9.99063e-01  2.27241e+04
 1.50377e+00  9.98922e-01  2.27293e+04
 1.51023e+00  9.98500e-01  2.27352e+04
 1.51743e+00  9.99231e-01  2.27418e+04
 1.52345e+00  9.98912e-01  2.27474e+04
 1.52978e+00  9.99234e-01  2.27533e+04
 1.53611e+00  9.99312e-01  2.27592e+04
 1.54158e+00  9.98778e-01  2.27643e+04
 1.54722e+00  9.99072e-01  2.27696e+04
 1.55352e+00  9.98832e-01  2.27756e+04
 1.55951e+00  9.99273e-01  2.27813e+04
 1.56513e+00  9.99020e-01  2.27868e+04
 1.57182e+00  9.98943e-01  2.27932e+04
 1.58001e+00  9.99210e-01  2.28012e+04
 1.58578e+00  9.98837e-01  2.28069e+04
 1.59213e+00  9.98905e-01  2.28132e+04
 1.59861e+00  9.99551e-01  2.28196e+04
 1.60408e+00  9.99183e-01  2.28251e+04
 1.61026e+00  9.99196e-01  2.28313e+04
 1.61702e+00  9.99117e-01  2.28382e+04
 1.62390e+00  9.98881e-01  2.28452e+04
 1.62953e+00  9.99625e-01  2.28510e+04
 1.63590e+00  9.98841e-01  2.28575e+04
 1.64284e+00  9.99341e-01  2.28647e+04
 1.64884e+00  9.99707e-01  2.28710e+04
 1.65547e+00  9.99457e-01  2.28780e+04
 1.66166e+00  9.99595e-01  2.28846e+04
 1.66888e+00  1.00055e+00  2.28923e+04
 1.67671e+00  9.99223e-01  2.29007e+04
 1.68380e+00  9.99548e-01  2.29083e+04
 1.68984e+00  9.99018e-01  2.29149e+04
 1.69824e+00  9.99303e-01  2.29241e+04
 1.70463e+00  9.99723e-01  2.29312e+04
 1.71120e+00  9.99356e-01  2.29385e+04
 1.71857e+00  9.99577e-01  2.29468e+04
 1.72474e+00  9.99490e-01  2.29537e+04
 1.73146e+00  9.99475e-01  2.29613e+04
 1.73941e+00  9.99629e-01  2.29704e+04
 1.74502e+00  1.00017e+00  2.29769e+04
 1.75135e+00  9.99804e-01  2.29842e+04
 1.75933e+00  9.99760e-01  2.29935e+04
 1.76649e+00  9.99656e-01  2.30019e+04
 1.77291e+00  1.00000e+00  2.30094e+04
 1.78068e+00  1.00005e+00  2.30187e+04
 1.78797e+00  1.00055e+00  2.30274e+04
 1.79435e+00  1.00015e+00  2.30351e+04
 1.80181e+00  1.00045e+00  2.30441e+04
 1.80947e+00  1.00044e+00  2.30535e+04
 1.81532e+00  1.00031e+00  2.30607e+04
 1.82215e+00  1.00053e+00  2.30691e+04
 1.82779e+00  1.00047e+00  2.30761e+04
 1.83402e+00  1.00049e+00  2.30839e+04
 1.84180e+00  1.00118e+00  2.30937e+04
 1.84848e+00  1.00077e+00  2.31021e+04
 1.85463e+00  1.00074e+00  2.31100e+04
 1.86160e+00  1.00125e+00  2.31189e+04
 1.86839e+00  1.00127e+00  2.31277e+04
 1.87446e+00  1.00102e+00  2.31356e+04
 1.88146e+00  1.00129e+00  2.31447e+04
 1.88766e+00  1.00133e+00  2.31528e+04
 1.89475e+00  1.00176e+00  2.31622e+04
 1.90117e+00  1.00175e+00  2.31707e+04
 1.90767e+00  1.00199e+00  2.31794e+04
 1.91366e+00  1.00159e+00  2.31874e+04
 1.91994e+00  1.00196e+00  2.31959e+04
 1.92691e+00  1.00186e+00  2.32054e+04
 1.93273e+00  1.00239e+00  2.32134e+04
 1.93969e+00  1.00240e+00  2.32229e+04
 1.94677e+00  1.00245e+00  2.32327e+04
 1.95389e+00  1.00292e+00  2.32426e+04
 1.96065e+00  1.00257e+00  2.32521e+04
 1.96797e+00  1.00291e+00  2.32624e+04
 1.97468e+00  1.00307e+00  2.32719e+04
 1.98087e+00  1.00317e+00  2.32807e+04
 1.98745e+00  1.00321e+00  2.32901e+04
 1.99339e+00  1.00281e+00  2.32987e+04
 1.99944e+00  1.00327e+00  2.33074e+04
 2.00646e+00  1.00324e+00  2.33176e+04
 2.01260e+00  1.00297e+00  2.33266e+04
 2.01930e+00  1.00351e+00  2.33364e+04
 2.02722e+00  1.00388e+00  2.33481e+04
 2.03346e+00  1.00382e+00  2.33574e+04
 2.03971e+00  1.00383e+00  2.33667e+04
 2.04817e+00  1.00437e+00  2.33794e+04
 2.05501e+00  1.00408e+00  2.33898e+04
 2.06206e+00  1.00427e+00  2.34005e+04
 2.06896e+00  1.00421e+00  2.34110e+04
 2.07468e+00  1.00462e+00  2.34198e+04
 2.08069e+00  1.00440e+00  2.34291e+04
 2.08742e+00  1.00459e+00  2.34395e+04
 2.09452e+00  1.00471e+00  2.34505e+04
 2.10066e+00  1.00493e+00  2.34601e+04
 2.10719e+00  1.00473e+00  2.34704e+04
 2.11532e+00  1.00527e+00  2.34833e+04
 2.12223e+00  1.00476e+00  2.34942e+04
 2.12943e+00  1.00517e+00  2.35057e+04
 2.13632e+00  1.00496e+00  2.35168e+04
 2.14344e+00  1.00467e+00  2.35282e+04
 2.14934e+00  1.00478e+00  2.35378e+04
 2.15609e+00  1.00545e+00  2.35488e+04
 2.16353e+00  1.00538e+00  2.35609e+04
 2.17047e+00  1.00506e+00  2.35723e+04
 2.17736e+00  1.00548e+00  2.35837e+04
 2.18298e+00  1.00461e+00  2.35930e+04
 2.18977e+00  1.00497e+00  2.36043e+04
 2.19713e+00  1.00533e+00  2.36166e+04
 2.20322e+00  1.00471e+00  2.36268e+04
 2.21018e+00  1.00504e+00  2.36385e+04
 2.21830e+00  1.00507e+00  2.36522e+04
 2.22495e+00  1.00481e+00  2.36635e+04
 2.23150e+00  1.00467e+00  2.36747e+04
 2.23879e+00  1.00497e+00  2.36871e+04
 2.24645e+00  1.00507e+00  2.37003e+04
 2.25370e+00  1.00438e+00  2.37128e+04
 2.26070e+00  1.00443e+00  2.37249e+04
 2.26664e+00  1.00492e+00  2.37352e+04
 2.27307e+00  1.00398e+00  2.37464e+04
 2.28008e+00  1.00356e+00  2.37587e+04
 2.28586e+00  1.00563e+00  2.37688e+04
 2.29234e+00  1.00362e+00  2.37802e+04
 2.29996e+00  1.00311e+00  2.37937e+04
 2.30593e+00  1.00341e+00  2.38042e+04
 2.31264e+00  1.00313e+00  2.38162e+04
 2.31968e+00  1.00269e+00  2.38287e+04
 2.32534e+00  1.00309e+00  2.38388e+04
 2.33225e+00  1.00241e+00  2.38512e+04
 2.33828e+00  1.00212e+00  2.38620e+04
 2.34464e+00  1.00245e+00  2.38735e+04
 2.35219e+00  1.00180e+00  2.38871e+04
 2.35953e+00  1.00202e+00  2.39003e+04
 2.36601e+00  1.00208e+00  2.39121e+04
 2.37378e+00  1.00139e+00  2.39262e+04
 2.38067e+00  1.00128e+00  2.39388e+04
 2.38718e+00  1.00142e+00  2.39507e+04
 2.39416e+00  1.00064e+00  2.39634e+04
 2.40073e+00  1.00041e+00  2.39755e+04
 2.40796e+00  1.00071e+00  2.39887e+04
 2.41542e+00  9.99596e-01  2.40025e+04
 2.42316e+00  9.99940e-01  2.40167e+04
 2.42990e+00  9.99654e-01  2.40292e+04
 2.43839e+00  9.99350e-01  2.40448e+04
 2.44713e+00  9.99168e-01  2.40610e+04
 2.45368e+00  9.99276e-01  2.40731e+04
 2.46039e+00  9.98597e-01  2.40856e+04
 2.46795e+00  9.98697e-01  2.40996e+04
 2.47446e+00  9.98823e-01  2.41117e+04
 2.48223e+00  9.98333e-01  2.41261e+04
 2.49023e+00  9.98250e-01  2.41410e+04
 2.49723e+00  9.98080e-01  2.41540e+04
 2.50496e+00  9.98285e-01  2.41684e+04
 2.51274e+00  9.98338e-01  2.41829e+04
 2.52126e+00  9.97837e-01  2.41987e+04
 2.52976e+00  9.98193e-01  2.42145e+04
 2.53729e+00  9.98142e-01  2.42285e+04
 2.54515e+00  9.98111e-01  2.42431e+04
 2.55299e+00  9.98043e-01  2.42576e+04
 2.56057e+00  9.97760e-01  2.42717e+04
 2.56817e+00  9.97779e-01  2.42857e+04
 2.57468e+00  9.97872e-01  2.42978e+04
 2.58262e+00  9.98049e-01  2.43124e+04
 2.59063e+00  9.97917e-01  2.43271e+04
 2.59689e+00  9.97932e-01  2.43386e+04
 2.60430e+00  9.97560e-01  2.43522e+04
 2.61228e+00  9.98028e-01  2.43668e+04
 2.61845e+00  9.98075e-01  2.43781e+04
 2.62549e+00  9.97899e-01  2.43909e+04
 2.63343e+00  9.98037e-01  2.44053e+04
 2.64068e+00  9.98389e-01  2.44184e+04
 2.64802e+00  9.98485e-01  2.44316e+04
 2.65606e+00  9.98077e-01  2.44460e+04
 2.66344e+00  9.98548e-01  2.44592e+04
 2.67183e+00  9.98662e-01  2.44741e+04
 2.67883e+00  9.98705e-01  2.44865e+04
 2.68629e+00  9.98932e-01  2.44997e+04
 2.69398e+00  9.99215e-01  2.45132e+04
 2.70074e+00  9.99069e-01  2.45250e+04
 2.70923e+00  9.99266e-01  2.45397e+04
 2.71717e+00  9.99461e-01  2.45534e+04
 2.72389e+00  9.99490e-01  2.45649e+04
 2.73180e+00  9.99282e-01  2.45784e+04
 2.74036e+00  9.99747e-01  2.45929e+04
 2.74722e+00  9.99537e-01  2.46044e+04
 2.75405e+00  9.99847e-01  2.46158e+04
 2.76120e+00  9.99964e-01  2.46276e+04
 2.76845e+00  9.99869e-01  2.46395e+04
 2.77639e+00  1.00015e+00  2.46525e+04
 2.78300e+00  1.00039e+00  2.46631e+04
 2.79059e+00  1.00025e+00  2.46753e+04
 2.79842e+00  1.00064e+00  2.46877e+04
 2.80522e+00  1.00009e+00  2.46984e+04
 2.81308e+00  1.00063e+00  2.47106e+04
 2.82133e+00  1.00028e+00  2.47233e+04
 2.82751e+00  1.00080e+00  2.47327e+04
 2.83448e+00  1.00055e+00  2.47432e+04
 2.84217e+00  1.00074e+00  2.47547e+04
 2.84852e+00  1.00114e+00  2.47640e+04
 2.85588e+00  1.00040e+00  2.47748e+04
 2.86379e+00  1.00063e+00  2.47861e+04
 2.87054e+00  1.00111e+00  2.47957e+04
 2.87743e+00  1.00100e+00  2.48054e+04
 2.88519e+00  1.00097e+00  2.48161e+04
 2.89221e+00  1.00112e+00  2.48256e+04
 2.89908e+00  1.00123e+00  2.48348e+04
 2.90689e+00  1.00105e+00  2.48451e+04
 2.91405e+00  1.00102e+00  2.48545e+04
 2.92234e+00  1.00132e+00  2.48650e+04
 2.92987e+00  1.00132e+00  2.48745e+04
 2.93829e+00  1.00107e+00  2.48848e+04
 2.94634e+00  1.00094e+00  2.48945e+04
 2.95318e+00  1.00133e+00  2.49025e+04
 2.96006e+00  1.00086e+00  2.49105e+04
 2.96795e+00  1.00101e+00  2.49194e+04
 2.97504e+00  1.00135e+00  2.49272e+04
 2.98358e+00  1.00169e+00  2.49364e+04
 2.99086e+00  1.00090e+00  2.49441e+04
 2.99797e+00  1.00147e+00  2.49514e+04
 3.00434e+00  1.00184e+00  2.49578e+04
 3.01163e+00  1.00105e+00  2.49649e+04
 3.01883e+00  1.00147e+00  2.49718e+04
 3.02516e+00  1.00152e+00  2.49777e+04
 3.03203e+00  1.00105e+00  2.49839e+04
 3.03890e+00  1.00148e+00  2.49899e+04
 3.04589e+00  1.00170e+00  2.49958e+04
 3.05286e+00  1.00169e+00  2.50016e+04
 3.05972e+00  1.00158e+00  2.50071e+04
 3.06606e+00  1.00178e+00  2.50119e+04
 3.07320e+00  1.00114e+00  2.50173e+04
 3.07980e+00  1.00197e+00  2.50220e+04
 3.08757e+00  1.00196e+00  2.50274e+04
 3.09496e+00  1.00162e+00  2.50322e+04
 3.10215e+00  1.00126e+00  2.50367e+04
 3.10925e+00  1.00165e+00  2.50410e+04
 3.11586e+00  1.00122e+00  2.50448e+04
 3.12297e+00  1.00134e+00  2.50486e+04
 3.12934e+00  1.00156e+00  2.50519e+04
 3.13620e+00  1.00189e+00  2.50552e+04
 3.14308e+00  1.00119e+00  2.50584e+04
 3.14940e+00  1.00191e+00  2.50611e+04
 3.15653e+00  1.00143e+00  2.50639e+04
 3.16318e+00  1.00167e+00  2.50664e+04
 3.17194e+00  1.00221e+00  2.50694e+04
 3.17883e+00  1.00172e+00  2.50715e+04
 3.18654e+00  1.00136e+00  2.50736e+04
 3.19508e+00  1.00214e+00  2.50756e+04
 3.20256e+00  1.00164e+00  2.50771e+04
 3.20994e+00  1.00179e+00  2.50784e+04
 3.21753e+00  1.00145e+00  2.50794e+04
 3.22445e+00  1.00199e+00  2.50801e+04
 3.23124e+00  1.00193e+00  2.50806e+04
 3.23919e+00  1.00140e+00  2.50810e+04
 3.24587e+00  1.00184e+00  2.50810e+04
 3.25263e+00  1.00197e+00  2.50809e+04
 3.26063e+00  1.00149e+00  2.50805e+04
 3.26673e+00  1.00216e+00  2.50800e+04
 3.27509e+00  1.00189e+00  2.50790e+04
 3.28298e+00  1.00173e+00  2.50778e+04
 3.28984e+00  1.00137e+00  2.50766e+04
 3.29680e+00  1.00218e+00  2.50751e+04
 3.30439e+00  1.00198e+00  2.50732e+04
 3.31164e+00  1.00126e+00  2.50712e+04
 3.31848e+00  1.00191e+00  2.50691e+04
 3.32574e+00  1.00180e+00  2.50667e+04
 3.33392e+00  1.00218e+00  2.50636e+04
 3.34171e+00  1.00127e+00  2.50605e+04
 3.34798e+00  1.00208e+00  2.50577e+04
 3.35601e+00  1.00170e+00  2.50540e+04
 3.36419e+00  1.00114e+00  2.50499e+04
 3.37134e+00  1.00130e+00  2.50461e+04
 3.37924e+00  1.00142e+00  2.50417e+04
 3.38715e+00  1.00154e+00  2.50369e+04
 3.39438e+00  1.00151e+00  2.50324e+04
 3.40097e+00  1.00177e+00  2.50281e+04
 3.40824e+00  1.00199e+00  2.50231e+04
 3.41606e+00  1.00165e+00  2.50176e+04
 3.42369e+00  1.00234e+00  2.50119e+04
 3.43044e+00  1.00161e+00  2.50067e+04
 3.43752e+00  1.00123e+00  2.50010e+04
 3.44509e+00  1.00154e+00  2.49948e+04
 3.45154e+00  1.00173e+00  2.49893e+04
 3.45828e+00  1.00113e+00  2.49833e+04
 3.46462e+00  1.00232e+00  2.49776e+04
 3.47137e+00  1.00164e+00  2.49714e+04
 3.47902e+00  1.00107e+00  2.49641e+04
 3.49031e+00  1.00106e+00  2.49529e+04
 3.49663e+00  1.00168e+00  2.49465e+04
 3.50259e+00  1.00175e+00  2.49403e+04
 3.51001e+00  1.00094e+00  2.49324e+04
 3.51640e+00  1.00137e+00  2.49254e+04
 3.52274e+00  1.00112e+00  2.49184e+04
 3.53037e+00  1.00133e+00  2.49098e+04
 3.53702e+00  1.00090e+00  2.49021e+04
 3.54327e+00  1.00131e+00  2.48947e+04
 3.55068e+00  1.00120e+00  2.48859e+04
 3.55688e+00  1.00116e+00  2.48783e+04
 3.56384e+00  1.00104e+00  2.48697e+04
 3.57096e+00  1.00147e+00  2.48607e+04
 3.57762e+00  1.00087e+00  2.48522e+04
 3.58438e+00  1.00108e+00  2.48434e+04
 3.59059e+00  1.00355e+00  2.48352e+04
 3.59746e+00  1.00087e+00  2.48260e+04
 3.60418e+00  1.00013e+00  2.48169e+04
 3.61081e+00  1.00218e+00  2.48078e+04
 3.61700e+00  1.00107e+00  2.47991e+04
 3.62440e+00  1.00026e+00  2.47887e+04
 3.63017e+00  1.00123e+00  2.47805e+04
 3.63671e+00  1.00039e+00  2.47710e+04
 3.64325e+00  1.00094e+00  2.47615e+04
 3.65028e+00  1.00087e+00  2.47511e+04
 3.65698e+00  1.00032e+00  2.47411e+04
 3.66378e+00  1.00122e+00  2.47309e+04
 3.66981e+00  1.00016e+00  2.47217e+04
 3.67729e+00  1.00001e+00  2.47102e+04
 3.68306e+00  1.00130e+00  2.47013e+04
 3.68942e+00  1.00014e+00  2.46914e+04
 3.69608e+00  1.00028e+00  2.46809e+04
 3.70284e+00  1.00104e+00  2.46701e+04
 3.70882e+00  1.00062e+00  2.46605e+04
 3.71497e+00  1.00044e+00  2.46506e+04
 3.72157e+00  1.00035e+00  2.46399e+04
 3.72816e+00  1.00064e+00  2.46291e+04
 3.73465e+00  1.00034e+00  2.46184e+04
 3.74198e+00  1.00031e+00  2.46062e+04
 3.74940e+00  1.00008e+00  2.45938e+04
 3.75527e+00  1.00094e+00  2.45839e+04
 3.76180e+00  1.00018e+00  2.45729e+04
 3.76822e+00  1.00070e+00  2.45620e+04
 3.77455e+00  1.00036e+00  2.45511e+04
 3.78096e+00  9.99944e-01  2.45401e+04
 3.78749e+00  1.00063e+00  2.45288e+04
 3.79395e+00  1.00018e+00  2.45176e+04
 3.80057e+00  9.99915e-01  2.45061e+04
 3.80652e+00  1.00059e+00  2.44956e+04
 3.81253e+00  1.00051e+00  2.44851e+04
 3.81915e+00  9.99789e-01  2.44734e+04
 3.82554e+00  1.00031e+00  2.44620e+04
 3.83236e+00  1.00032e+00  2.44499e+04
 3.83859e+00  1.00026e+00  2.44388e+04
 3.84515e+00  1.00008e+00  2.44270e+04
 3.85151e+00  1.00032e+00  2.44156e+04
 3.85731e+00  1.00011e+00  2.44051e+04
 3.86416e+00  9.99531e-01  2.43928e+04
 3.86978e+00  1.00045e+00  2.43826e+04
 3.87561e+00  9.99643e-01  2.43720e+04
 3.88210e+00  9.99604e-01  2.43602e+04
 3.88857e+00  9.99932e-01  2.43484e+04
 3.89530e+00  9.99942e-01  2.43361e+04
 3.90095e+00  9.99566e-01  2.43257e+04
 3.90745e+00  9.99345e-01  2.43138e+04
 3.91324e+00  1.00213e+00  2.43032e+04
 3.91913e+00  9.99639e-01  2.42924e+04
 3.92680e+00  9.98987e-01  2.42782e+04
 3.93215e+00  1.00131e+00  2.42684e+04
 3.93745e+00  9.99596e-01  2.42586e+04
 3.94341e+00  9.99992e-01  2.42476e+04
 3.94967e+00  9.99382e-01  2.42360e+04
 3.95583e+00  1.00101e+00  2.42246e+04
 3.96134e+00  9.99650e-01  2.42144e+04
 3.96788e+00  9.98864e-01  2.42023e+04
 3.97335e+00  1.00014e+00  2.41922e+04
 3.97864e+00  9.99704e-01  2.41824e+04
 3.98434e+00  9.99205e-01  2.41718e+04
 3.99097e+00  9.98587e-01  2.41596e+04
 3.99786e+00  9.99967e-01  2.41468e+04
 4.00450e+00  9.99094e-01  2.41345e+04
 4.01214e+00  9.98498e-01  2.41204e+04
 4.01850e+00  9.99833e-01  2.41086e+04
 4.02481e+00  9.99047e-01  2.40969e+04
 4.03240e+00  9.98775e-01  2.40829e+04
 4.03881e+00  1.00023e+00  2.40711e+04
 4.04427e+00  9.98840e-01  2.40610e+04
 4.05057e+00  9.98721e-01  2.40494e+04
 4.05663e+00  9.99389e-01  2.40382e+04
 4.06213e+00  9.99451e-01  2.40281e+04
 4.06900e+00  9.98739e-01  2.40155e+04
 4.07487e+00  9.98461e-01  2.40047e+04
 4.08083e+00  1.00007e+00  2.39938e+04
 4.08634e+00  9.98690e-01  2.39837e+04
 4.09346e+00  9.98698e-01  2.39707e+04
 4.09932e+00  9.99763e-01  2.39600e+04
 4.10466e+00  9.98771e-01  2.39503e+04
 4.11104e+00  9.98556e-01  2.39387e+04
 4.11690e+00  9.98150e-01  2.39281e+04
 4.12287e+00  9.99592e-01  2.39173e+04
 4.12815e+00  9.98588e-01  2.39077e+04
 4.13454e+00  9.98495e-01  2.38962e+04
 4.14002e+00  9.99003e-01  2.38864e+04
 4.14530e+00  9.98782e-01  2.38769e+04
 4.15098e+00  9.98444e-01  2.38667e+04
 4.15755e+00  9.97897e-01  2.38549e+04
 4.16348e+00  9.99691e-01  2.38444e+04
 4.16876e+00  9.98479e-01  2.38350e+04
 4.17510e+00  9.98308e-01  2.38237e+04
 4.18186e+00  9.98676e-01  2.38117e+04
 4.18772e+00  9.98225e-01  2.38014e+04
 4.19425e+00  9.98659e-01  2.37899e+04
 4.20099e+00  9.98851e-01  2.37781e+04
 4.20797e+00  9.98607e-01  2.37658e+04
 4.21447e+00  9.98595e-01  2.37545e+04
 4.22074e+00  9.98373e-01  2.37436e+04
 4.22771e+00  9.99139e-01  2.37315e+04
 4.23428e+00  9.98170e-01  2.37202e+04
 4.24132e+00  9.98297e-01  2.37081e+04
 4.24754e+00  9.99099e-01  2.36974e+04
 4.25380e+00  9.98592e-01  2.36867e+04
 4.26062e+00  9.98497e-01  2.36751e+04
 4.26645e+00  9.99005e-01  2.36652e+04
 4.27277e+00  9.98551e-01  2.36545e+04
 4.28028e+00  9.98331e-01  2.36419e+04
 4.28622e+00  9.98768e-01  2.36319e+04
 4.29187e+00  9.98366e-01  2.36225e+04
 4.29820e+00  9.98352e-01  2.36120e+04
 4.30462e+00  9.98567e-01  2.36013e+04
 4.31105e+00  9.99175e-01  2.35907e+04
 4.31842e+00  9.98239e-01  2.35786e+04
 4.32478e+00  9.98644e-01  2.35681e+04
 4.33091e+00  9.98967e-01  2.35582e+04
 4.33712e+00  9.98591e-01  2.35481e+04
 4.34385e+00  9.98682e-01  2.35372e+04
 4.35041e+00  9.99143e-01  2.35266e+04
 4.35677e+00  9.98428e-01  2.35164e+04
 4.36339e+00  9.98266e-01  2.35059e+04
 4.36954e+00  9.98960e-01  2.34961e+04
 4.37578e+00  9.98546e-01  2.34862e+04
 4.38211e+00  9.98607e-01  2.34763e+04
 4.38795e+00  9.98655e-01  2.34671e+04
 4.39391e+00  9.98979e-01  2.34578e+04
 4.40063e+00  9.98909e-01  2.34474e+04
 4.40709e+00  9.98516e-01  2.34374e+04
 4.41419e+00  9.99263e-01  2.34264e+04
 4.42061e+00  9.98518e-01  2.34166e+04
 4.42733e+00  9.98464e-01  2.34064e+04
 4.43398e+00  9.99524e-01  2.33963e+04
 4.44010e+00  9.98776e-01  2.33871e+04
 4.44737e+00  9.98870e-01  2.33762e+04
 4.45340e+00  9.99605e-01  2.33672e+04
 4.45918e+00  9.99285e-01  2.33586e+04
 4.46544e+00  9.98737e-01  2.33493e+04
 4.47130e+00  9.99080e-01  2.33407e+04
 4.47733e+00  9.99251e-01  2.33319e+04
 4.48428e+00  9.99374e-01  2.33217e+04
 4.49042e+00  9.98834e-01  2.33128e+04
 4.49695e+00  9.99598e-01  2.33034e+04
 4.50306e+00  9.99059e-01  2.32946e+04
 4.50954e+00  9.98768e-01  2.32854e+04
 4.51539e+00  9.99367e-01  2.32771e+04
 4.52252e+00  9.99191e-01  2.32670e+04
 4.52971e+00  9.98883e-01  2.32569e+04
 4.53572e+00  9.99353e-01  2.32485e+04
 4.54187e+00  9.99290e-01  2.32400e+04
 4.54877e+00  9.99233e-01  2.32305e+04
 4.55531e+00  9.99140e-01  2.32215e+04
 4.56114e+00  9.99082e-01  2.32135e+04
 4.56697e+00  9.99240e-01  2.32056e+04
 4.57358e+00  9.99122e-01  2.31967e+04
 4.58094e+00  9.99645e-01  2.31868e+04
 4.58740e+00  9.99403e-01  2.31781e+04
 4.59354e+00  9.98849e-01  2.31700e+04
 4.59923e+00  9.99372e-01  2.31625e+04
 4.60572e+00  9.99459e-01  2.31539e+04
 4.61223e+00  9.98843e-01  2.31454e+04
 4.61819e+00  9.99633e-01  2.31377e+04
 4.62416e+00  9.99149e-01  2.31300e+04
 4.63014e+00  9.99442e-01  2.31223e+04
 4.63571e+00  9.98630e-01  2.31152e+04
 4.64165e+00  9.99616e-01  2.31076e+04
 4.64904e+00  9.98878e-01  2.30983e+04
 4.65555e+00  9.98552e-01  2.30901e+04
 4.66123e+00  9.99407e-01  2.30830e+04
 4.66723e+00  9.99487e-01  2.30756e+04
 4.67371e+00  9.98709e-01  2.30676e+04
 4.67897e+00  9.98774e-01  2.30611e+04
 4.68510e+00  9.99494e-01  2.30536e+04
 4.69197e+00  9.99373e-01  2.30453e+04
 4.69816e+00  9.99298e-01  2.30378e+04
 4.70458e+00  9.99235e-01  2.30301e+04
 4.71079e+00  9.99510e-01  2.30227e+04
 4.71726e+00  9.98420e-01  2.30150e+04
 4.72322e+00  9.99248e-01  2.30080e+04
 4.72890e+00  9.99348e-01  2.30013e+04
 4.73562e+00  9.98801e-01  2.29935e+04
 4.74089e+00  9.98865e-01  2.29874e+04
 4.74695e+00  9.99124e-01  2.29804e+04
 4.75437e+00  9.99245e-01  2.29719e+04
 4.76021e+00  9.98928e-01  2.29652e+04
 4.76635e+00  9.99175e-01  2.29583e+04
 4.77291e+00  9.99289e-01  2.29509e+04
 4.77900e+00  9.98492e-01  2.29441e+04
 4.78513e+00  9.99150e-01  2.29373e+04
 4.79099e+00  9.99236e-01  2.29308e+04
 4.79749e+00  9.99156e-01  2.29237e+04
 4.80295e+00  9.98783e-01  2.29177e+04
 4.80945e+00  9.98943e-01  2.29107e+04
 4.81510e+00  9.99456e-01  2.29046e+04
 4.82112e+00  9.98594e-01  2.28981e+04
 4.82679e+00  9.99204e-01  2.28921e+04
 4.83295e+00  9.99515e-01  2.28855e+04
 4.83914e+00  9.98842e-01  2.28790e+04
 4.84453e+00  9.98665e-01  2.28734e+04
 4.85043e+00  9.99273e-01  2.28672e+04
 4.85717e+00  9.99430e-01  2.28602e+04
 4.86336e+00  9.98842e-01  2.28538e+04
 4.86953e+00  9.98969e-01  2.28475e+04
 4.87522e+00  9.99106e-01  2.28417e+04
 4.88146e+00  9.98658e-01  2.28354e+04
 4.88692e+00  9.99311e-01  2.28299e+04
 4.89458e+00  9.98949e-01  2.28223e+04
 4.90228e+00  9.98631e-01  2.28147e+04
 4.90779e+00  9.98995e-01  2.28092e+04
 4.91451e+00  9.98755e-01  2.28027e+04
 4.92178e+00  9.99145e-01  2.27956e+04
 4.92740e+00  9.98686e-01  2.27902e+04
 4.93451e+00  9.98723e-01  2.27834e+04
 4.94130e+00  9.99258e-01  2.27769e+04
 4.94759e+00  9.98239e-01  2.27709e+04
 4.95484e+00  9.98903e-01  2.27641e+04
 4.96139e+00  9.99266e-01  2.27580e+04
 4.96694e+00  9.98331e-01  2.27528e+04
 4.97356e+00  9.99284e-01  2.27467e+04
 4.97940e+00  9.99035e-01  2.27414e+04
 4.98525e+00  9.99063e-01  2.27361e+04
 4.99108e+00  9.98922e-01  2.27308e+04
 4.99754e+00  9.98500e-01  2.27250e+04
 5.00474e+00  9.99231e-01  2.27185e+04
 5.01075e+00  9.98912e-01  2.27132e+04
 5.01709e+00  9.99234e-01  2.27076e+04
 5.02341e+00  9.99312e-01  2.27020e+04
 5.02889e+00  9.98778e-01  2.26973e+04
 5.03453e+00  9.99072e-01  2.26924e+04
 5.04083e+00  9.98832e-01  2.26870e+04
 5.04681e+00  9.99273e-01  2.26818e+04
 5.05244e+00  9.99020e-01  2.26771e+04
 5.05913e+00  9.98943e-01  2.26714e+04
 5.06732e+00  9.99210e-01  2.26645e+04
 5.07309e+00  9.98837e-01  2.26597e+04
 5.07944e+00  9.98905e-01  2.26545e+04
 5.08591e+00  9.99551e-01  2.26491e+04
 5.09139e+00  9.99183e-01  2.26446e+04
 5.09757e+00  9.99196e-01  2.26396e+04
 5.10433e+00  9.99117e-01  2.26342e+04
 5.11121e+00  9.98881e-01  2.26286e+04
 5.11684e+00  9.99625e-01  2.26242e+04
 5.12320e+00  9.98841e-01  2.26191e+04
 5.13014e+00  9.99341e-01  2.26137e+04
 5.13615e+00  9.99707e-01  2.26090e+04
 5.14278e+00  9.99457e-01  2.26038e+04
 5.14897e+00  9.99595e-01  2.25990e+04
 5.15619e+00  1.00055e+00  2.25935e+04
 5.16402e+00  9.99223e-01  2.25876e+04
 5.17110e+00  9.99548e-01  2.25822e+04
 5.17715e+00  9.99018e-01  2.25777e+04
 5.18555e+00  9.99303e-01  2.25714e+04
 5.19193e+00  9.99723e-01  2.25667e+04
 5.19851e+00  9.99356e-01  2.25619e+04
 5.20588e+00  9.99577e-01  2.25565e+04
 5.21205e+00  9.99490e-01  2.25521e+04
 5.21877e+00  9.99475e-01  2.25472e+04
 5.22671e+00  9.99629e-01  2.25416e+04
 5.23233e+00  1.00017e+00  2.25376e+04
 5.23866e+00  9.99804e-01  2.25331e+04
 5.24664e+00  9.99760e-01  2.25276e+04
 5.25380e+00  9.99656e-01  2.25226e+04
 5.26022e+00  1.00000e+00  2.25182e+04
 5.26799e+00  1.00005e+00  2.25129e+04
 5.27528e+00  1.00055e+00  2.25079e+04
 5.28165e+00  1.00015e+00  2.25036e+04
 5.28912e+00  1.00045e+00  2.24986e+04
 5.29678e+00  1.00044e+00  2.24935e+04
 5.30263e+00  1.00031e+00  2.24897e+04
 5.30946e+00  1.00053e+00  2.24852e+04
 5.31510e+00  1.00047e+00  2.24815e+04
 5.32133e+00  1.00049e+00  2.24775e+04
 5.32911e+00  1.00118e+00  2.24725e+04
 5.33579e+00  1.00077e+00  2.24682e+04
 5.34194e+00  1.00074e+00  2.24644e+04
 5.34891e+00  1.00125e+00  2.24600e+04
 5.35570e+00  1.00127e+00  2.24557e+04
 5.36177e+00  1.00102e+00  2.24520e+04
 5.36877e+00  1.00129e+00  2.24476e+04
 5.37497e+00  1.00133e+00  2.24438e+04
 5.38206e+00  1.00176e+00  2.24395e+04
 5.38848e+00  1.00175e+00  2.24356e+04
 5.39498e+00  1.00199e+00  2.24317e+04
 5.40096e+00  1.00159e+00  2.24282e+04
 5.40725e+00  1.00196e+00  2.24244e+04
 5.41421e+00  1.00186e+00  2.24203e+04
 5.42004e+00  1.00239e+00  2.24169e+04
 5.42699e+00  1.00240e+00  2.24129e+04
 5.43408e+00  1.00245e+00  2.24088e+04
 5.44120e+00  1.00292e+00  2.24047e+04
 5.44796e+00  1.00257e+00  2.24009e+04
 5.45528e+00  1.00291e+00  2.23967e+04
 5.46199e+00  1.00307e+00  2.23930e+04
 5.46817e+00  1.00317e+00  2.23895e+04
 5.47476e+00  1.00321e+00  2.23859e+04
 5.48070e+00  1.00281e+00  2.23826e+04
 5.48674e+00  1.00327e+00  2.23793e+04
 5.49377e+00  1.00324e+00  2.23755e+04
 5.49991e+00  1.00297e+00  2.23722e+04
 5.50661e+00  1.00351e+00  2.23686e+04
 5.51453e+00  1.00388e+00  2.23643e+04
 5.52076e+00  1.00382e+00  2.23610e+04
 5.52702e+00  1.00383e+00  2.23578e+04
 5.53548e+00  1.00437e+00  2.23533e+04
 5.54232e+00  1.00408e+00  2.23498e+04
 5.54937e+00  1.00427e+00  2.23462e+04
 5.55627e+00  1.00421e+00  2.23427e+04
 5.56199e+00  1.00462e+00  2.23398e+04
 5.56800e+00  1.00440e+00  2.23367e+04
 5.57472e+00  1.00459e+00  2.23334e+04
 5.58182e+00  1.00471e+00  2.23298e+04
 5.58797e+00  1.00493e+00  2.23268e+04
 5.59449e+00  1.00473e+00  2.23236e+04
 5.60263e+00  1.00527e+00  2.23196e+04
 5.60954e+00  1.00476e+00  2.23163e+04
 5.61674e+00  1.00517e+00  2.23128e+04
 5.62363e+00  1.00496e+00  2.23095e+04
 5.63075e+00  1.00467e+00  2.23061e+04
 5.63664e+00  1.00478e+00  2.23034e+04
 5.64339e+00  1.00545e+00  2.23002e+04
 5.65084e+00  1.00538e+00  2.22967e+04
 5.65777e+00  1.00506e+00  2.22935e+04
 5.66467e+00  1.00548e+00  2.22904e+04
 5.67029e+00  1.00461e+00  2.22878e+04
 5.67708e+00  1.00497e+00  2.22847e+04
 5.68444e+00  1.00533e+00  2.22814e+04
 5.69053e+00  1.00471e+00  2.22787e+04
 5.69749e+00  1.00504e+00  2.22756e+04
 5.70561e+00  1.00507e+00  2.22720e+04
 5.71226e+00  1.00481e+00  2.22691e+04
 5.71881e+00  1.00467e+00  2.22663e+04
 5.72610e+00  1.00497e+00  2.22631e+04
 5.73376e+00  1.00507e+00  2.22598e+04
 5.74101e+00  1.00438e+00  2.22568e+04
 5.74801e+00  1.00443e+00  2.22538e+04
 5.75395e+00  1.00492e+00  2.22513e+04
 5.76037e+00  1.00398e+00  2.22486e+04
 5.76739e+00  1.00356e+00  2.22457e+04
 5.77317e+00  1.00563e+00  2.22433e+04
 5.77965e+00  1.00362e+00  2.22407e+04
 5.78727e+00  1.00311e+00  2.22376e+04
 5.79324e+00  1.00341e+00  2.22352e+04
 5.79995e+00  1.00313e+00  2.22325e+04
 5.80698e+00  1.00269e+00  2.22297e+04
 5.81264e+00  1.00309e+00  2.22274e+04
 5.81956e+00  1.00241e+00  2.22247e+04
 5.82559e+00  1.00212e+00  2.22223e+04
 5.83195e+00  1.00245e+00  2.22198e+04
 5.83950e+00  1.00180e+00  2.22169e+04
 5.84683e+00  1.00202e+00  2.22141e+04
 5.85331e+00  1.00208e+00  2.22116e+04
 5.86109e+00  1.00139e+00  2.22087e+04
 5.86798e+00  1.00128e+00  2.22061e+04
 5.87449e+00  1.00142e+00  2.22037e+04
 5.88147e+00  1.00064e+00  2.22011e+04
 5.88804e+00  1.00041e+00  2.21986e+04
 5.89527e+00  1.00071e+00  2.21960e+04
 5.90273e+00  9.99596e-01  2.21933e+04
 5.91047e+00  9.99940e-01  2.21905e+04
 5.91721e+00  9.99654e-01  2.21880e+04
 5.92570e+00  9.99350e-01  2.21850e+04
 5.93444e+00  9.99168e-01  2.21819e+04
 5.94099e+00  9.99276e-01  2.21796e+04
 5.94770e+00  9.98597e-01  2.21773e+04
 5.95526e+00  9.98697e-01  2.21747e+04
 5.96177e+00  9.98823e-01  2.21724e+04
 5.96954e+00  9.98333e-01  2.21698e+04
 5.97754e+00  9.98250e-01  2.21671e+04
 5.98454e+00  9.98080e-01  2.21647e+04
 5.99227e+00  9.98285e-01  2.21621e+04
 6.00005e+00  9.98338e-01  2.21595e+04
 6.00857e+00  9.97837e-01  2.21567e+04
 6.01707e+00  9.98193e-01  2.21539e+04
 6.02459e+00  9.98142e-01  2.21515e+04
 6.03246e+00  9.98111e-01  2.21490e+04
 6.04030e+00  9.98043e-01  2.21464e+04
 6.04788e+00  9.97760e-01  2.21440e+04
 6.05548e+00  9.97779e-01  2.21416e+04
 6.06199e+00  9.97872e-01  2.21396e+04
 6.06993e+00  9.98049e-01  2.21371e+04
 6.07794e+00  9.97917e-01  2.21346e+04
 6.08419e+00  9.97932e-01  2.21327e+04
 6.09160e+00  9.97560e-01  2.21305e+04
 6.09959e+00  9.98028e-01  2.21280e+04
 6.10576e+00  9.98075e-01  2.21262e+04
 6.11280e+00  9.97899e-01  2.21241e+04
 6.12074e+00  9.98037e-01  2.21217e+04
 6.12798e+00  9.98389e-01  2.21196e+04
 6.13532e+00  9.98485e-01  2.21174e+04
 6.14337e+00  9.98077e-01  2.21151e+04
 6.15075e+00  9.98548e-01  2.21130e+04
 6.15914e+00  9.98662e-01  2.21105e+04
 6.16614e+00  9.98705e-01  2.21085e+04
 6.17360e+00  9.98932e-01  2.21064e+04
 6.18129e+00  9.99215e-01  2.21043e+04
 6.18805e+00  9.99069e-01  2.21024e+04
 6.19654e+00  9.99266e-01  2.21000e+04
 6.20448e+00  9.99461e-01  2.20978e+04
 6.21120e+00  9.99490e-01  2.20960e+04
 6.21911e+00  9.99282e-01  2.20939e+04
 6.22766e+00  9.99747e-01  2.20915e+04
 6.23452e+00  9.99537e-01  2.20897e+04
 6.24136e+00  9.99847e-01  2.20879e+04
 6.24850e+00  9.99964e-01  2.20860e+04
 6.25576e+00  9.99869e-01  2.20841e+04
 6.26370e+00  1.00015e+00  2.20820e+04
 6.27031e+00  1.00039e+00  2.20803e+04
 6.27790e+00  1.00025e+00  2.20783e+04
 6.28573e+00  1.00064e+00  2.20763e+04
 6.29252e+00  1.00009e+00  2.20746e+04
 6.30039e+00  1.00063e+00  2.20726e+04
 6.30864e+00  1.00028e+00  2.20705e+04
 6.31482e+00  1.00080e+00  2.20690e+04
 6.32179e+00  1.00055e+00  2.20673e+04
 6.32948e+00  1.00074e+00  2.20654e+04
 6.33583e+00  1.00114e+00  2.20638e+04
 6.34319e+00  1.00040e+00  2.20620e+04
 6.35110e+00  1.00063e+00  2.20601e+04
 6.35785e+00  1.00111e+00  2.20585e+04
 6.36474e+00  1.00100e+00  2.20569e+04
 6.37250e+00  1.00097e+00  2.20550e+04
 6.37952e+00  1.00112e+00  2.20534e+04
 6.38639e+00  1.00123e+00  2.20518e+04
 6.39420e+00  1.00105e+00  2.20499e+04
 6.40136e+00  1.00102e+00  2.20483e+04
 6.40965e+00  1.00132e+00  2.20464e+04
 6.41718e+00  1.00132e+00  2.20447e+04
 6.42559e+00  1.00107e+00  2.20428e+04
 6.43365e+00  1.00094e+00  2.20409e+04
 6.44048e+00  1.00133e+00  2.20394e+04
 6.44736e+00  1.00086e+00  2.20379e+04
 6.45526e+00  1.00101e+00  2.20361e+04
 6.46235e+00  1.00135e+00  2.20346e+04
 6.47088e+00  1.00169e+00  2.20327e+04
 6.47817e+00  1.00090e+00  2.20312e+04
 6.48528e+00  1.00147e+00  2.20296e+04
 6.49164e+00  1.00184e+00  2.20283e+04
 6.49894e+00  1.00105e+00  2.20267e+04
 6.50614e+00  1.00147e+00  2.20252e+04
 6.51247e+00  1.00152e+00  2.20239e+04
 6.51933e+00  1.00105e+00  2.20224e+04
 6.52620e+00  1.00148e+00  2.20210e+04
 6.53320e+00  1.00170e+00  2.20196e+04
 6.54016e+00  1.00169e+00  2.20181e+04
 6.54702e+00  1.00158e+00  2.20167e+04
 6.55337e+00  1.00178e+00  2.20154e+04
 6.56051e+00  1.00114e+00  2.20140e+04
 6.56711e+00  1.00197e+00  2.20127e+04
 6.57488e+00  1.00196e+00  2.20111e+04
 6.58227e+00  1.00162e+00  2.20097e+04
 6.58946e+00  1.00126e+00  2.20082e+04
 6.59656e+00  1.00165e+00  2.20069e+04
 6.60317e+00  1.00122e+00  2.20056e+04
 6.61028e+00  1.00134e+00  2.20042e+04
 6.61664e+00  1.00156e+00  2.20030e+04
 6.62350e+00  1.00189e+00  2.20017e+04
 6.63038e+00  1.00119e+00  2.20003e+04
 6.63671e+00  1.00191e+00  2.19991e+04
 6.64384e+00  1.00143e+00  2.19978e+04
 6.65049e+00  1.00167e+00  2.19966e+04
 6.65925e+00  1.00221e+00  2.19949e+04
 6.66614e+00  1.00172e+00  2.19937e+04
 6.67385e+00  1.00136e+00  2.19922e+04
 6.68239e+00  1.00214e+00  2.19907e+04
 6.68987e+00  1.00164e+00  2.19893e+04
 6.69724e+00  1.00179e+00  2.19880e+04
 6.70484e+00  1.00145e+00  2.19866e+04
 6.71176e+00  1.00199e+00  2.19854e+04
 6.71855e+00  1.00193e+00  2.19842e+04
 6.72650e+00  1.00140e+00  2.19828e+04
 6.73318e+00  1.00184e+00  2.19816e+04
 6.73993e+00  1.00197e+00  2.19805e+04
 6.74794e+00  1.00149e+00  2.19791e+04
 6.75404e+00  1.00216e+00  2.19780e+04
 6.76240e+00  1.00189e+00  2.19766e+04
 6.77029e+00  1.00173e+00  2.19753e+04
 6.77715e+00  1.00137e+00  2.19741e+04
 6.78410e+00  1.00218e+00  2.19729e+04
 6.79169e+00  1.00198e+00  2.19717e+04
 6.79895e+00  1.00126e+00  2.19705e+04
 6.80579e+00  1.00191e+00  2.19694e+04
 6.81305e+00  1.00180e+00  2.19682e+04
 6.82123e+00  1.00218e+00  2.19668e+04
 6.82902e+00  1.00127e+00  2.19656e+04
 6.83529e+00  1.00208e+00  2.19646e+04
 6.84331e+00  1.00170e+00  2.19633e+04
 6.85150e+00  1.00114e+00  2.19620e+04
 6.85865e+00  1.00130e+00  2.19608e+04
 6.86655e+00  1.00142e+00  2.19596e+04
 6.87446e+00  1.00154e+00  2.19584e+04
 6.88168e+00  1.00151e+00  2.19573e+04
 6.88827e+00  1.00177e+00  2.19562e+04
 6.89555e+00  1.00199e+00  2.19551e+04
 6.90336e+00  1.00165e+00  2.19539e+04
 6.91100e+00  1.00234e+00  2.19528e+04
 6.91775e+00  1.00161e+00  2.19518e+04
 6.92483e+00  1.00123e+00  2.19507e+04
 6.93240e+00  1.00154e+00  2.19496e+04
 6.93885e+00  1.00173e+00  2.19486e+04
 6.94559e+00  1.00113e+00  2.19476e+04
 6.95193e+00  1.00232e+00  2.19467e+04
 6.95868e+00  1.00164e+00  2.19457e+04
 6.96633e+00  1.00107e+00  2.19446e+04
