854
 8.32300e-03  9.99918e-01  9.98962e-01
 2.14400e-02  1.00032e+00  9.98959e-01
 3.60620e-02  1.00017e+00  9.98967e-01
 4.99930e-02  1.00007e+00  9.98986e-01
 6.32150e-02  1.00025e+00  9.99017e-01
 7.86400e-02  9.99683e-01  9.99071e-01
 9.16530e-02  1.00013e+00  9.99134e-01
 1.03714e-01  1.00006e+00  9.99209e-01
 1.17992e-01  1.00029e+00  9.99320e-01
 1.30145e-01  1.00071e+00  9.99435e-01
 1.44177e-01  1.00006e+00  9.99592e-01
 1.58506e-01  1.00015e+00  9.99781e-01
 1.70201e-01  1.00002e+00  9.99955e-01
 1.83923e-01  1.00064e+00  1.00018e+00
 1.97329e-01  1.00030e+00  1.00041e+00
 2.09848e-01  1.00005e+00  1.00064e+00
 2.24480e-01  1.00020e+00  1.00089e+00
 2.37493e-01  1.00056e+00  1.00109e+00
 2.49544e-01  1.00045e+00  1.00122e+00
 2.63842e-01  1.00049e+00  1.00128e+00
 2.75333e-01  1.00063e+00  1.00122e+00
 2.88850e-01  1.00073e+00  1.00099e+00
 3.01489e-01  1.00033e+00  1.00058e+00
 3.12544e-01  1.00023e+00  1.00005e+00
 3.26352e-01  1.00030e+00  9.99160e-01
 3.37133e-01  1.00036e+00  9.98295e-01
 3.50519e-01  1.00030e+00  9.97063e-01
 3.63032e-01  1.00063e+00  9.95828e-01
 3.76790e-01  1.00018e+00  9.94497e-01
 3.91865e-01  1.00013e+00  9.93237e-01
 4.05649e-01  1.00017e+00  9.92407e-01
 4.16714e-01  1.00074e+00  9.92028e-01
 4.30492e-01  1.00018e+00  9.91945e-01
 4.41313e-01  1.00021e+00  9.65203e-01
 4.54699e-01  1.00011e+00  9.92752e-01
 4.66653e-01  1.00029e+00  9.93490e-01
 4.78071e-01  1.00004e+00  9.94322e-01
 4.93133e-01  1.00082e+00  9.95509e-01
 5.05296e-01  1.00035e+00  9.96472e-01
 5.19674e-01  1.00051e+00  9.97552e-01
 5.35570e-01  1.00054e+00  9.98617e-01
 5.46956e-01  1.00014e+00  9.99280e-01
 5.59670e-01  1.00059e+00  9.99918e-01
 5.72339e-01  1.00055e+00  1.00045e+00
 5.84205e-01  1.00117e+00  1.00086e+00
 5.98337e-01  1.00095e+00  1.00124e+00
 6.09456e-01  9.99896e-01  1.00148e+00
 6.22170e-01  1.00077e+00  1.00169e+00
 6.34839e-01  1.00081e+00  1.00185e+00
 6.46668e-01  1.00081e+00  1.00195e+00
 6.61354e-01  1.00073e+00  1.00203e+00
 6.73488e-01  1.00124e+00  1.00207e+00
 6.85827e-01  1.00081e+00  1.00209e+00
 7.01352e-01  1.00079e+00  1.00209e+00
 7.13286e-01  1.00051e+00  1.00207e+00
 7.26350e-01  1.00043e+00  1.00204e+00
 7.38989e-01  1.00085e+00  1.00200e+00
 7.50044e-01  1.00079e+00  1.00197e+00
 7.63852e-01  1.00013e+00  1.00191e+00
 7.75985e-01  1.00043e+00  1.00186e+00
 7.88850e-01  1.00090e+00  1.00181e+00
 8.01489e-01  1.00029e+00  1.00176e+00
 8.13128e-01  1.00066e+00  1.00170e+00
 8.28509e-01  1.00046e+00  1.00164e+00
 8.40148e-01  1.00066e+00  1.00159e+00
 8.52146e-01  1.00048e+00  1.00153e+00
 8.65456e-01  1.00091e+00  1.00148e+00
 8.76251e-01  1.00084e+00  1.00143e+00
 8.90460e-01  1.00033e+00  1.00137e+00
 9.02648e-01  1.00054e+00  1.00132e+00
 9.15420e-01  1.00048e+00  1.00127e+00
 9.29336e-01  1.00041e+00  1.00121e+00
 9.41313e-01  1.00107e+00  1.00117e+00
 9.55369e-01  1.00075e+00  1.00111e+00
 9.69626e-01  1.00019e+00  1.00106e+00
 9.81227e-01  1.00068e+00  1.00102e+00
 9.95290e-01  1.00056e+00  1.00097e+00
 1.00683e+00  1.00059e+00  1.00093e+00
 1.01951e+00  1.00087e+00  1.00088e+00
 1.03353e+00  1.00118e+00  1.00083e+00
 1.04416e+00  1.00059e+00  1.00080e+00
 1.05780e+00  1.00070e+00  1.00075e+00
 1.06933e+00  1.00061e+00  1.00071e+00
 1.08093e+00  1.00021e+00  1.00068e+00
 1.09317e+00  1.00049e+00  1.00064e+00
 1.10406e+00  1.00015e+00  1.00060e+00
 1.11652e+00  1.00007e+00  1.00056e+00
 1.12712e+00  1.00044e+00  1.00053e+00
 1.13925e+00  9.99829e-01  1.00049e+00
 1.14803e+00  9.99091e-01  1.00046e+00
 1.16008e+00  1.00038e+00  1.00042e+00
 1.16886e+00  9.99099e-01  1.00039e+00
 1.18091e+00  1.00079e+00  1.00036e+00
 1.18970e+00  9.99528e-01  1.00033e+00
 1.20206e+00  9.99494e-01  1.00029e+00
 1.21161e+00  1.00049e+00  1.00026e+00
 1.22358e+00  9.99585e-01  1.00022e+00
 1.23244e+00  1.00047e+00  1.00019e+00
 1.24440e+00  1.00004e+00  1.00015e+00
 1.25497e+00  9.99850e-01  1.00012e+00
 1.26720e+00  1.00079e+00  1.00008e+00
 1.27787e+00  1.00053e+00  1.00005e+00
 1.28857e+00  1.00022e+00  1.00001e+00
 1.29871e+00  1.00042e+00  9.99978e-01
 1.30940e+00  1.00080e+00  9.99943e-01
 1.31954e+00  9.99693e-01  9.99910e-01
 1.33025e+00  1.00027e+00  9.99875e-01
 1.34135e+00  1.00083e+00  9.99838e-01
 1.35177e+00  1.00056e+00  9.99804e-01
 1.36259e+00  9.99976e-01  9.99767e-01
 1.37260e+00  1.00051e+00  9.99734e-01
 1.38343e+00  1.00038e+00  9.99697e-01
 1.39344e+00  1.00006e+00  9.99663e-01
 1.40557e+00  1.00022e+00  9.99622e-01
 1.41588e+00  1.00033e+00  9.99587e-01
 1.42763e+00  9.99628e-01  9.99547e-01
 1.43672e+00  1.00070e+00  9.99516e-01
 1.44909e+00  9.99412e-01  9.99474e-01
 1.45926e+00  9.99750e-01  9.99440e-01
 1.47172e+00  9.99848e-01  9.99398e-01
 1.48136e+00  1.00021e+00  9.99365e-01
 1.49341e+00  9.99909e-01  9.99325e-01
 1.50322e+00  9.99764e-01  9.99293e-01
 1.51525e+00  9.99276e-01  9.99254e-01
 1.52530e+00  1.00006e+00  9.99222e-01
 1.53699e+00  9.99287e-01  9.99186e-01
 1.54611e+00  9.99923e-01  9.99159e-01
 1.55801e+00  9.99658e-01  9.99125e-01
 1.56954e+00  9.99678e-01  9.99094e-01
 1.58025e+00  9.94585e-01  9.99067e-01
 1.59038e+00  9.99448e-01  9.99043e-01
 1.60107e+00  9.85204e-01  9.99020e-01
 1.61250e+00  9.86568e-01  9.98999e-01
 1.62385e+00  9.74468e-01  9.98982e-01
 1.63597e+00  9.70468e-01  9.98968e-01
 1.64574e+00  9.61280e-01  9.98962e-01
 1.65799e+00  9.61129e-01  9.98959e-01
 1.66749e+00  9.59449e-01  9.98963e-01
 1.67989e+00  9.63182e-01  9.98975e-01
 1.68947e+00  9.66488e-01  9.98992e-01
 1.70176e+00  9.74110e-01  9.99023e-01
 1.71054e+00  9.78861e-01  9.99053e-01
 1.72259e+00  9.87411e-01  9.99106e-01
 1.73135e+00  9.92607e-01  9.99153e-01
 1.74342e+00  9.97360e-01  9.99233e-01
 1.75220e+00  9.99820e-01  9.99302e-01
 1.76426e+00  9.99613e-01  9.99412e-01
 1.77342e+00  9.99855e-01  9.99509e-01
 1.78609e+00  9.99633e-01  9.99662e-01
 1.79493e+00  1.00019e+00  9.99781e-01
 1.80691e+00  1.00035e+00  9.99960e-01
 1.81634e+00  1.00008e+00  1.00011e+00
 1.82951e+00  1.00042e+00  1.00034e+00
 1.83904e+00  1.00102e+00  1.00051e+00
 1.85108e+00  1.00123e+00  1.00073e+00
 1.86120e+00  1.00090e+00  1.00090e+00
 1.87191e+00  1.00165e+00  1.00106e+00
 1.88288e+00  1.00217e+00  1.00119e+00
 1.89378e+00  1.00271e+00  1.00127e+00
 1.90558e+00  1.00286e+00  1.00127e+00
 1.91504e+00  1.00377e+00  1.00118e+00
 1.92851e+00  1.00424e+00  1.00090e+00
 1.93864e+00  1.00497e+00  1.00055e+00
 1.95096e+00  1.00550e+00  9.99937e-01
 1.95998e+00  1.00523e+00  9.99358e-01
 1.97073e+00  1.00537e+00  9.98530e-01
 1.97827e+00  1.00768e+00  9.97874e-01
 1.98849e+00  1.00628e+00  9.96908e-01
 1.99771e+00  1.00789e+00  9.95997e-01
 2.00675e+00  1.00751e+00  9.95106e-01
 2.01660e+00  1.00848e+00  9.94185e-01
 2.02448e+00  1.00849e+00  9.93522e-01
 2.03495e+00  1.00871e+00  9.92787e-01
 2.04237e+00  1.00877e+00  9.92391e-01
 2.05350e+00  1.00889e+00  9.92020e-01
 2.06160e+00  1.00952e+00  9.91926e-01
 2.07234e+00  1.00923e+00  9.92029e-01
 2.08198e+00  1.00991e+00  9.92323e-01
 2.09250e+00  1.00897e+00  9.92831e-01
 2.10181e+00  1.00902e+00  9.93408e-01
 2.11134e+00  1.00926e+00  9.94087e-01
 2.12179e+00  1.00844e+00  9.94894e-01
 2.13120e+00  1.00862e+00  9.95644e-01
 2.14215e+00  1.00777e+00  9.96510e-01
 2.15261e+00  1.00854e+00  9.97302e-01
 2.16291e+00  1.00728e+00  9.98030e-01
 2.17472e+00  1.00708e+00  9.98787e-01
 2.18498e+00  1.00571e+00  9.99369e-01
 2.19426e+00  1.00657e+00  9.99835e-01
 2.20410e+00  1.00513e+00  1.00027e+00
 2.21198e+00  1.00564e+00  1.00057e+00
 2.22274e+00  1.00509e+00  1.00092e+00
 2.23136e+00  1.00349e+00  1.00116e+00
 2.24264e+00  1.00407e+00  1.00142e+00
 2.25157e+00  1.00286e+00  1.00158e+00
 2.26265e+00  1.00329e+00  1.00175e+00
 2.27155e+00  1.00200e+00  1.00185e+00
 2.28310e+00  1.00230e+00  1.00195e+00
 2.29154e+00  1.00100e+00  1.00200e+00
 2.30206e+00  1.00150e+00  1.00205e+00
 2.31091e+00  1.00029e+00  1.00208e+00
 2.32041e+00  1.00081e+00  1.00209e+00
 2.33037e+00  1.00019e+00  1.00209e+00
 2.33955e+00  1.00058e+00  1.00209e+00
 2.35044e+00  9.99711e-01  1.00207e+00
 2.35879e+00  9.99831e-01  1.00205e+00
 2.36989e+00  9.98803e-01  1.00202e+00
 2.37866e+00  9.98361e-01  1.00199e+00
 2.38940e+00  9.99191e-01  1.00195e+00
 2.39748e+00  9.99196e-01  1.00192e+00
 2.40932e+00  9.98919e-01  1.00188e+00
 2.41738e+00  9.98851e-01  1.00184e+00
 2.42818e+00  9.98078e-01  1.00180e+00
 2.43661e+00  9.98216e-01  1.00176e+00
 2.44769e+00  9.98559e-01  1.00171e+00
 2.45821e+00  9.98262e-01  1.00167e+00
 2.46874e+00  9.98082e-01  1.00162e+00
 2.47758e+00  9.98019e-01  1.00158e+00
 2.48832e+00  9.98060e-01  1.00153e+00
 2.49791e+00  9.98090e-01  1.00149e+00
 2.50791e+00  9.98266e-01  1.00145e+00
 2.51787e+00  9.97648e-01  1.00141e+00
 2.52650e+00  9.98195e-01  1.00137e+00
 2.53753e+00  9.97804e-01  1.00133e+00
 2.54629e+00  9.98101e-01  1.00129e+00
 2.55703e+00  9.97844e-01  1.00125e+00
 2.56514e+00  9.97245e-01  1.00122e+00
 2.57599e+00  9.97273e-01  1.00117e+00
 2.58489e+00  9.98045e-01  1.00114e+00
 2.59599e+00  9.97718e-01  1.00110e+00
 2.60489e+00  9.97521e-01  1.00107e+00
 2.61569e+00  9.97514e-01  1.00103e+00
 2.62411e+00  9.97630e-01  1.00099e+00
 2.63495e+00  9.98293e-01  1.00096e+00
 2.64492e+00  9.98194e-01  1.00092e+00
 2.65624e+00  9.97608e-01  1.00088e+00
 2.66509e+00  9.97478e-01  1.00085e+00
 2.67458e+00  9.98110e-01  1.00082e+00
 2.68483e+00  9.98116e-01  1.00078e+00
 2.69426e+00  9.97671e-01  1.00075e+00
 2.70462e+00  9.98363e-01  1.00072e+00
 2.71297e+00  9.97920e-01  1.00069e+00
 2.72399e+00  9.97583e-01  1.00065e+00
 2.73351e+00  9.98051e-01  1.00062e+00
 2.74454e+00  9.97675e-01  1.00059e+00
 2.75264e+00  9.97884e-01  1.00056e+00
 2.76395e+00  9.97726e-01  1.00052e+00
 2.77249e+00  9.98587e-01  1.00050e+00
 2.78338e+00  9.98850e-01  1.00046e+00
 2.79181e+00  9.97968e-01  1.00044e+00
 2.80397e+00  9.98441e-01  1.00040e+00
 2.81238e+00  9.98694e-01  1.00037e+00
 2.82289e+00  9.99107e-01  1.00034e+00
 2.83276e+00  9.98876e-01  1.00031e+00
 2.84374e+00  9.98574e-01  1.00027e+00
 2.85418e+00  9.98737e-01  1.00024e+00
 2.86570e+00  9.99419e-01  1.00020e+00
 2.87481e+00  9.98821e-01  1.00017e+00
 2.88540e+00  9.98907e-01  1.00014e+00
 2.89427e+00  9.98939e-01  1.00011e+00
 2.90375e+00  9.98836e-01  1.00008e+00
 2.91370e+00  9.99010e-01  1.00005e+00
 2.92233e+00  9.98826e-01  1.00002e+00
 2.93295e+00  9.98874e-01  9.99985e-01
 2.94200e+00  9.99480e-01  9.99956e-01
 2.95324e+00  9.99433e-01  9.99919e-01
 2.96199e+00  9.99003e-01  9.99890e-01
 2.97274e+00  9.99439e-01  9.99855e-01
 2.98082e+00  9.98661e-01  9.99828e-01
 2.99171e+00  9.99100e-01  9.99792e-01
 3.00003e+00  9.98774e-01  9.99764e-01
 3.01152e+00  9.98967e-01  9.99725e-01
 3.01996e+00  9.99283e-01  9.99697e-01
 3.03000e+00  9.99109e-01  9.99663e-01
 3.03940e+00  9.99283e-01  9.99631e-01
 3.04842e+00  9.99288e-01  9.99600e-01
 3.05879e+00  9.99090e-01  9.99565e-01
 3.06714e+00  9.98772e-01  9.99537e-01
 3.07787e+00  9.98935e-01  9.99500e-01
 3.08597e+00  9.98976e-01  9.99473e-01
 3.09682e+00  9.98577e-01  9.99436e-01
 3.10632e+00  9.99289e-01  9.99404e-01
 3.11898e+00  9.98696e-01  9.99361e-01
 3.12844e+00  9.98772e-01  9.99330e-01
 3.13941e+00  9.99489e-01  9.99294e-01
 3.14841e+00  9.99055e-01  9.99265e-01
 3.15932e+00  9.98734e-01  9.99230e-01
 3.16739e+00  9.98950e-01  9.99205e-01
 3.17819e+00  9.99222e-01  9.99172e-01
 3.18661e+00  9.99737e-01  9.99147e-01
 3.19667e+00  9.99088e-01  9.99119e-01
 3.20695e+00  9.99487e-01  9.99091e-01
 3.21874e+00  9.98867e-01  9.99062e-01
 3.22844e+00  9.99778e-01  9.99039e-01
 3.23956e+00  9.99383e-01  9.99016e-01
 3.24900e+00  9.99288e-01  9.98999e-01
 3.25917e+00  9.99385e-01  9.98983e-01
 3.26890e+00  9.99299e-01  9.98972e-01
 3.27990e+00  9.99883e-01  9.98963e-01
 3.28959e+00  9.99414e-01  9.98959e-01
 3.29957e+00  9.99989e-01  9.98960e-01
 3.31059e+00  9.99341e-01  9.98968e-01
 3.32246e+00  9.99732e-01  9.98985e-01
 3.33200e+00  9.99253e-01  9.99006e-01
 3.34251e+00  9.99531e-01  9.99037e-01
 3.35210e+00  1.00064e+00  9.99074e-01
 3.36207e+00  9.99538e-01  9.99122e-01
 3.37273e+00  9.99351e-01  9.99184e-01
 3.38417e+00  9.99502e-01  9.99266e-01
 3.39357e+00  9.99125e-01  9.99345e-01
 3.40291e+00  9.99755e-01  9.99435e-01
 3.41515e+00  9.99390e-01  9.99571e-01
 3.42660e+00  1.00006e+00  9.99716e-01
 3.43769e+00  9.99367e-01  9.99874e-01
 3.44996e+00  9.99540e-01  1.00007e+00
 3.46059e+00  9.99414e-01  1.00025e+00
 3.47307e+00  9.99243e-01  1.00047e+00
 3.48254e+00  9.99493e-01  1.00064e+00
 3.49491e+00  9.99616e-01  1.00085e+00
 3.50713e+00  9.99701e-01  1.00104e+00
 3.51847e+00  9.99536e-01  1.00118e+00
 3.53034e+00  9.99199e-01  1.00127e+00
 3.54144e+00  9.99783e-01  1.00127e+00
 3.55412e+00  9.99987e-01  1.00114e+00
 3.56368e+00  9.99785e-01  1.00094e+00
 3.57613e+00  9.99327e-01  1.00050e+00
 3.58559e+00  9.99449e-01  1.00004e+00
 3.59836e+00  9.99950e-01  9.99214e-01
 3.60872e+00  9.99886e-01  9.98395e-01
 3.62180e+00  1.00007e+00  9.97205e-01
 3.63213e+00  9.99816e-01  9.96192e-01
 3.64347e+00  9.99821e-01  9.95072e-01
 3.65437e+00  9.99597e-01  9.94063e-01
 3.66515e+00  9.99652e-01  9.93198e-01
 3.67827e+00  9.99546e-01  9.92413e-01
 3.68870e+00  9.99194e-01  9.92046e-01
 3.70113e+00  9.99283e-01  9.91930e-01
 3.71152e+00  9.99386e-01  9.92096e-01
 3.72410e+00  9.99948e-01  9.92579e-01
 3.73427e+00  9.99337e-01  9.93152e-01
 3.74680e+00  9.99999e-01  9.94019e-01
 3.75714e+00  9.99510e-01  9.94813e-01
 3.76899e+00  9.99843e-01  9.95757e-01
 3.78119e+00  9.99508e-01  9.96715e-01
 3.79286e+00  9.99532e-01  9.97583e-01
 3.80529e+00  1.00013e+00  9.98426e-01
 3.81583e+00  1.00010e+00  9.99064e-01
 3.82932e+00  1.00014e+00  9.99772e-01
 3.84326e+00  1.00018e+00  1.00038e+00
 3.85408e+00  9.99833e-01  1.00077e+00
 3.86663e+00  1.00058e+00  1.00113e+00
 3.87712e+00  9.99418e-01  1.00138e+00
 3.88973e+00  1.00003e+00  1.00161e+00
 3.90040e+00  9.99472e-01  1.00177e+00
 3.91273e+00  9.99995e-01  1.00190e+00
 3.92380e+00  1.00014e+00  1.00198e+00
 3.93589e+00  1.00029e+00  1.00204e+00
 3.94873e+00  1.00019e+00  1.00208e+00
 3.95932e+00  1.00031e+00  1.00209e+00
 3.97198e+00  1.00012e+00  1.00209e+00
 3.98343e+00  1.00056e+00  1.00207e+00
 3.99604e+00  1.00024e+00  1.00205e+00
 4.00827e+00  1.00010e+00  1.00201e+00
 4.01979e+00  1.00011e+00  1.00198e+00
 4.03207e+00  1.00066e+00  1.00193e+00
 4.04265e+00  1.00036e+00  1.00189e+00
 4.05584e+00  9.99711e-01  1.00183e+00
 4.06707e+00  1.00017e+00  1.00179e+00
 4.08021e+00  1.00028e+00  1.00173e+00
 4.09271e+00  1.00003e+00  1.00167e+00
 4.10423e+00  1.00043e+00  1.00162e+00
 4.11780e+00  9.99752e-01  1.00156e+00
 4.12913e+00  1.00028e+00  1.00151e+00
 4.14187e+00  1.00030e+00  1.00146e+00
 4.15368e+00  1.00069e+00  1.00141e+00
 4.16563e+00  1.00001e+00  1.00136e+00
 4.17791e+00  9.99859e-01  1.00131e+00
 4.18848e+00  1.00005e+00  1.00127e+00
 4.20154e+00  1.00012e+00  1.00122e+00
 4.21290e+00  1.00002e+00  1.00117e+00
 4.22523e+00  1.00028e+00  1.00113e+00
 4.23632e+00  9.99956e-01  1.00108e+00
 4.24855e+00  1.00022e+00  1.00104e+00
 4.26123e+00  9.99411e-01  1.00099e+00
 4.27182e+00  1.00004e+00  1.00095e+00
 4.28447e+00  9.99997e-01  1.00091e+00
 4.29501e+00  1.00084e+00  1.00087e+00
 4.30749e+00  1.00056e+00  1.00083e+00
 4.31830e+00  1.00037e+00  1.00079e+00
 4.33174e+00  9.99905e-01  1.00075e+00
 4.34613e+00  1.00020e+00  1.00070e+00
 4.36029e+00  1.00036e+00  1.00065e+00
 4.37449e+00  1.00032e+00  1.00061e+00
 4.39092e+00  1.00009e+00  1.00056e+00
 4.40591e+00  1.00043e+00  1.00051e+00
 4.42136e+00  9.99896e-01  1.00046e+00
 4.43590e+00  1.00053e+00  1.00041e+00
 4.45029e+00  1.00050e+00  1.00037e+00
 4.46329e+00  1.00040e+00  1.00032e+00
 4.47759e+00  1.00034e+00  1.00028e+00
 4.49197e+00  9.99524e-01  1.00023e+00
 4.50495e+00  1.00042e+00  1.00019e+00
 4.52009e+00  1.00036e+00  1.00014e+00
 4.53502e+00  1.00022e+00  1.00010e+00
 4.54833e+00  1.00030e+00  1.00005e+00
 4.56200e+00  1.00005e+00  1.00001e+00
 4.57668e+00  1.00019e+00  9.99961e-01
 4.59147e+00  1.00034e+00  9.99913e-01
 4.60837e+00  9.99671e-01  9.99857e-01
 4.62341e+00  9.99761e-01  9.99807e-01
 4.63779e+00  1.00043e+00  9.99759e-01
 4.65080e+00  1.00030e+00  9.99715e-01
 4.66509e+00  1.00036e+00  9.99667e-01
 4.67947e+00  1.00010e+00  9.99618e-01
 4.69316e+00  9.99744e-01  9.99572e-01
 4.70785e+00  1.00029e+00  9.99522e-01
 4.72252e+00  9.99531e-01  9.99472e-01
 4.73583e+00  1.00015e+00  9.99427e-01
 4.74951e+00  1.00017e+00  9.99381e-01
 4.76418e+00  1.00072e+00  9.99332e-01
 4.77749e+00  1.00063e+00  9.99288e-01
 4.79225e+00  9.99809e-01  9.99241e-01
 4.80714e+00  1.00015e+00  9.99194e-01
 4.82077e+00  1.00010e+00  9.99154e-01
 4.83410e+00  1.00029e+00  9.99116e-01
 4.84882e+00  1.00011e+00  9.99077e-01
 4.86244e+00  1.00001e+00  9.99044e-01
 4.88483e+00  9.99918e-01  9.99000e-01
 4.89795e+00  1.00032e+00  9.98980e-01
 4.91257e+00  1.00017e+00  9.98965e-01
 4.92650e+00  1.00007e+00  9.98959e-01
 4.93973e+00  1.00025e+00  9.98962e-01
 4.95515e+00  9.99683e-01  9.98979e-01
 4.96816e+00  1.00013e+00  9.99005e-01
 4.98022e+00  1.00006e+00  9.99042e-01
 4.99450e+00  1.00029e+00  9.99102e-01
 5.00666e+00  1.00071e+00  9.99169e-01
 5.02069e+00  1.00006e+00  9.99267e-01
 5.03502e+00  1.00015e+00  9.99392e-01
 5.04671e+00  1.00002e+00  9.99515e-01
 5.06043e+00  1.00064e+00  9.99682e-01
 5.07384e+00  1.00030e+00  9.99871e-01
 5.08636e+00  1.00005e+00  1.00007e+00
 5.10099e+00  1.00020e+00  1.00032e+00
 5.11400e+00  1.00056e+00  1.00055e+00
 5.12605e+00  1.00045e+00  1.00076e+00
 5.14035e+00  1.00049e+00  1.00100e+00
 5.15184e+00  1.00063e+00  1.00115e+00
 5.16536e+00  1.00073e+00  1.00126e+00
 5.17800e+00  1.00033e+00  1.00127e+00
 5.18905e+00  1.00023e+00  1.00116e+00
 5.20286e+00  1.00030e+00  1.00086e+00
 5.21364e+00  1.00036e+00  1.00045e+00
 5.22703e+00  1.00030e+00  9.99737e-01
 5.23954e+00  1.00063e+00  9.98849e-01
 5.25330e+00  1.00018e+00  9.97664e-01
 5.26837e+00  1.00013e+00  9.96204e-01
 5.28216e+00  1.00017e+00  9.94850e-01
 5.29322e+00  1.00074e+00  9.93850e-01
 5.30700e+00  1.00018e+00  9.92830e-01
 5.31782e+00  1.00021e+00  9.92276e-01
 5.33121e+00  1.00011e+00  9.91945e-01
 5.34316e+00  1.00029e+00  9.91992e-01
 5.35458e+00  1.00004e+00  9.92317e-01
 5.36964e+00  1.00082e+00  9.93090e-01
 5.38181e+00  1.00035e+00  9.93918e-01
 5.39618e+00  1.00051e+00  9.95024e-01
 5.41208e+00  1.00054e+00  9.96289e-01
 5.42347e+00  1.00014e+00  9.97162e-01
 5.43618e+00  1.00059e+00  9.98065e-01
 5.44885e+00  1.00055e+00  9.98869e-01
 5.46072e+00  1.00117e+00  9.99525e-01
 5.47485e+00  1.00095e+00  1.00018e+00
 5.48597e+00  9.99896e-01  1.00061e+00
 5.49868e+00  1.00077e+00  1.00102e+00
 5.51135e+00  1.00081e+00  1.00133e+00
 5.52318e+00  1.00081e+00  1.00156e+00
 5.53786e+00  1.00073e+00  1.00178e+00
 5.55000e+00  1.00124e+00  1.00190e+00
 5.56234e+00  1.00081e+00  1.00199e+00
 5.57786e+00  1.00079e+00  1.00206e+00
 5.58980e+00  1.00051e+00  1.00209e+00
 5.60286e+00  1.00043e+00  1.00209e+00
 5.61550e+00  1.00085e+00  1.00208e+00
 5.62655e+00  1.00079e+00  1.00206e+00
 5.64036e+00  1.00013e+00  1.00203e+00
 5.65250e+00  1.00043e+00  1.00199e+00
 5.66536e+00  1.00090e+00  1.00194e+00
 5.67800e+00  1.00029e+00  1.00189e+00
 5.68964e+00  1.00066e+00  1.00185e+00
 5.70502e+00  1.00046e+00  1.00178e+00
 5.71666e+00  1.00066e+00  1.00173e+00
 5.72866e+00  1.00048e+00  1.00168e+00
 5.74197e+00  1.00091e+00  1.00162e+00
 5.75276e+00  1.00084e+00  1.00157e+00
 5.76697e+00  1.00033e+00  1.00151e+00
 5.77916e+00  1.00054e+00  1.00146e+00
 5.79193e+00  1.00048e+00  1.00140e+00
 5.80585e+00  1.00041e+00  1.00134e+00
 5.81782e+00  1.00107e+00  1.00130e+00
 5.83188e+00  1.00075e+00  1.00124e+00
 5.84614e+00  1.00019e+00  1.00118e+00
 5.85774e+00  1.00068e+00  1.00114e+00
 5.87180e+00  1.00056e+00  1.00109e+00
 5.88334e+00  1.00059e+00  1.00104e+00
 5.89602e+00  1.00087e+00  1.00100e+00
 5.91004e+00  1.00118e+00  1.00095e+00
 5.92067e+00  1.00059e+00  1.00091e+00
 5.93431e+00  1.00070e+00  1.00086e+00
 5.94584e+00  1.00061e+00  1.00082e+00
 5.95744e+00  1.00021e+00  1.00078e+00
 5.96968e+00  1.00049e+00  1.00074e+00
 5.98057e+00  1.00015e+00  1.00071e+00
 5.99303e+00  1.00007e+00  1.00067e+00
 6.00363e+00  1.00044e+00  1.00063e+00
 6.01576e+00  9.99829e-01  1.00059e+00
 6.02454e+00  9.99091e-01  1.00056e+00
 6.03659e+00  1.00038e+00  1.00053e+00
 6.04537e+00  9.99099e-01  1.00050e+00
 6.05742e+00  1.00079e+00  1.00046e+00
 6.06621e+00  9.99528e-01  1.00043e+00
 6.07857e+00  9.99494e-01  1.00039e+00
 6.08812e+00  1.00049e+00  1.00036e+00
 6.10009e+00  9.99585e-01  1.00032e+00
 6.10895e+00  1.00047e+00  1.00030e+00
 6.12091e+00  1.00004e+00  1.00026e+00
 6.13148e+00  9.99850e-01  1.00022e+00
 6.14371e+00  1.00079e+00  1.00018e+00
 6.15438e+00  1.00053e+00  1.00015e+00
 6.16508e+00  1.00022e+00  1.00012e+00
 6.17522e+00  1.00042e+00  1.00008e+00
 6.18591e+00  1.00080e+00  1.00005e+00
 6.19605e+00  9.99693e-01  1.00002e+00
 6.20676e+00  1.00027e+00  9.99982e-01
 6.21786e+00  1.00083e+00  9.99946e-01
 6.22828e+00  1.00056e+00  9.99911e-01
 6.23910e+00  9.99976e-01  9.99876e-01
 6.24911e+00  1.00051e+00  9.99843e-01
 6.25994e+00  1.00038e+00  9.99807e-01
 6.26995e+00  1.00006e+00  9.99773e-01
 6.28208e+00  1.00022e+00  9.99733e-01
 6.29239e+00  1.00033e+00  9.99698e-01
 6.30414e+00  9.99628e-01  9.99658e-01
 6.31323e+00  1.00070e+00  9.99627e-01
 6.32560e+00  9.99412e-01  9.99585e-01
 6.33577e+00  9.99750e-01  9.99551e-01
 6.34823e+00  9.99848e-01  9.99508e-01
 6.35787e+00  1.00021e+00  9.99475e-01
 6.36992e+00  9.99909e-01  9.99435e-01
 6.37973e+00  9.99764e-01  9.99401e-01
 6.39176e+00  9.99276e-01  9.99361e-01
 6.40181e+00  1.00006e+00  9.99328e-01
 6.41350e+00  9.99287e-01  9.99289e-01
 6.42263e+00  9.99923e-01  9.99260e-01
 6.43452e+00  9.99658e-01  9.99222e-01
 6.44605e+00  9.99678e-01  9.99187e-01
 6.45676e+00  9.94585e-01  9.99155e-01
 6.46689e+00  9.99448e-01  9.99126e-01
 6.47758e+00  9.85204e-01  9.99097e-01
 6.48901e+00  9.86568e-01  9.99068e-01
 6.50036e+00  9.74468e-01  9.99041e-01
 6.51248e+00  9.70468e-01  9.99016e-01
 6.52225e+00  9.61280e-01  9.98998e-01
 6.53450e+00  9.61129e-01  9.98980e-01
 6.54400e+00  9.59449e-01  9.98969e-01
 6.55641e+00  9.63182e-01  9.98961e-01
 6.56598e+00  9.66488e-01  9.98959e-01
 6.57827e+00  9.74110e-01  9.98964e-01
 6.58705e+00  9.78861e-01  9.98973e-01
 6.59910e+00  9.87411e-01  9.98993e-01
 6.60786e+00  9.92607e-01  9.99014e-01
 6.61993e+00  9.97360e-01  9.99054e-01
 6.62871e+00  9.99820e-01  9.99091e-01
 6.64077e+00  9.99613e-01  9.99155e-01
 6.64993e+00  9.99855e-01  9.99214e-01
 6.66260e+00  9.99633e-01  9.99312e-01
 6.67144e+00  1.00019e+00  9.99393e-01
 6.68342e+00  1.00035e+00  9.99518e-01
 6.69285e+00  1.00008e+00  9.99631e-01
 6.70602e+00  1.00042e+00  9.99809e-01
 6.71556e+00  1.00102e+00  9.99952e-01
 6.72759e+00  1.00123e+00  1.00015e+00
 6.73771e+00  1.00090e+00  1.00032e+00
 6.74842e+00  1.00165e+00  1.00051e+00
 6.75939e+00  1.00217e+00  1.00071e+00
 6.77029e+00  1.00271e+00  1.00090e+00
 6.78209e+00  1.00286e+00  1.00107e+00
 6.79155e+00  1.00377e+00  1.00119e+00
 6.80503e+00  1.00424e+00  1.00127e+00
 6.81515e+00  1.00497e+00  1.00126e+00
 6.82747e+00  1.00550e+00  1.00113e+00
 6.83649e+00  1.00523e+00  1.00093e+00
 6.84724e+00  1.00537e+00  1.00057e+00
 6.85478e+00  1.00768e+00  1.00023e+00
 6.86501e+00  1.00628e+00  9.99635e-01
 6.87422e+00  1.00789e+00  9.98982e-01
 6.88326e+00  1.00751e+00  9.98241e-01
 6.89311e+00  1.00848e+00  9.97342e-01
 6.90099e+00  1.00849e+00  9.96577e-01
 6.91146e+00  1.00871e+00  9.95538e-01
 6.91888e+00  1.00877e+00  9.94817e-01
 6.93001e+00  1.00889e+00  9.93815e-01
 6.93811e+00  1.00952e+00  9.93183e-01
 6.94885e+00  1.00923e+00  9.92519e-01
 6.95849e+00  1.00991e+00  9.92125e-01
 6.96901e+00  1.00897e+00  9.91933e-01
 6.97832e+00  1.00902e+00  9.91973e-01
 6.98785e+00  1.00926e+00  9.65237e-01
 6.99830e+00  1.00844e+00  9.92652e-01
 7.00771e+00  1.00862e+00  9.93196e-01
 7.01866e+00  1.00777e+00  9.93953e-01
 7.02912e+00  1.00854e+00  9.94752e-01
 7.03942e+00  1.00728e+00  9.95572e-01
 7.05124e+00  1.00708e+00  9.96506e-01
 7.06149e+00  1.00571e+00  9.97284e-01
 7.07077e+00  1.00657e+00  9.97944e-01
 7.08061e+00  1.00513e+00  9.98588e-01
 7.08849e+00  1.00564e+00  9.99059e-01
 7.09925e+00  1.00509e+00  9.99635e-01
 7.10787e+00  1.00349e+00  1.00004e+00
 7.11916e+00  1.00407e+00  1.00050e+00
 7.12808e+00  1.00286e+00  1.00081e+00
 7.13917e+00  1.00329e+00  1.00113e+00
 7.14806e+00  1.00200e+00  1.00134e+00
 7.15961e+00  1.00230e+00  1.00157e+00
 7.16805e+00  1.00100e+00  1.00170e+00
 7.17857e+00  1.00150e+00  1.00183e+00
 7.18742e+00  1.00029e+00  1.00191e+00
 7.19692e+00  1.00081e+00  1.00198e+00
 7.20688e+00  1.00019e+00  1.00203e+00
 7.21606e+00  1.00058e+00  1.00207e+00
 7.22695e+00  9.99711e-01  1.00209e+00
 7.23530e+00  9.99831e-01  1.00209e+00
 7.24640e+00  9.98803e-01  1.00209e+00
 7.25517e+00  9.98361e-01  1.00208e+00
 7.26591e+00  9.99191e-01  1.00205e+00
 7.27399e+00  9.99196e-01  1.00203e+00
 7.28584e+00  9.98919e-01  1.00200e+00
 7.29389e+00  9.98851e-01  1.00197e+00
 7.30469e+00  9.98078e-01  1.00193e+00
 7.31312e+00  9.98216e-01  1.00190e+00
 7.32420e+00  9.98559e-01  1.00185e+00
 7.33472e+00  9.98262e-01  1.00181e+00
 7.34525e+00  9.98082e-01  1.00176e+00
 7.35409e+00  9.98019e-01  1.00172e+00
 7.36483e+00  9.98060e-01  1.00168e+00
 7.37442e+00  9.98090e-01  1.00163e+00
 7.38442e+00  9.98266e-01  1.00159e+00
 7.39438e+00  9.97648e-01  1.00155e+00
 7.40301e+00  9.98195e-01  1.00151e+00
 7.41404e+00  9.97804e-01  1.00146e+00
 7.42280e+00  9.98101e-01  1.00143e+00
 7.43354e+00  9.97844e-01  1.00138e+00
 7.44165e+00  9.97245e-01  1.00135e+00
 7.45250e+00  9.97273e-01  1.00130e+00
 7.46140e+00  9.98045e-01  1.00127e+00
 7.47250e+00  9.97718e-01  1.00122e+00
 7.48140e+00  9.97521e-01  1.00119e+00
 7.49221e+00  9.97514e-01  1.00115e+00
 7.50062e+00  9.97630e-01  1.00112e+00
 7.51146e+00  9.98293e-01  1.00107e+00
 7.52142e+00  9.98194e-01  1.00104e+00
 7.53275e+00  9.97608e-01  1.00100e+00
 7.54160e+00  9.97478e-01  1.00096e+00
 7.55109e+00  9.98110e-01  1.00093e+00
 7.56134e+00  9.98116e-01  1.00090e+00
 7.57077e+00  9.97671e-01  1.00086e+00
 7.58113e+00  9.98363e-01  1.00083e+00
 7.58948e+00  9.97920e-01  1.00080e+00
 7.60050e+00  9.97583e-01  1.00076e+00
 7.61002e+00  9.98051e-01  1.00073e+00
 7.62105e+00  9.97675e-01  1.00069e+00
 7.62915e+00  9.97884e-01  1.00067e+00
 7.64046e+00  9.97726e-01  1.00063e+00
 7.64900e+00  9.98587e-01  1.00060e+00
 7.65989e+00  9.98850e-01  1.00057e+00
 7.66832e+00  9.97968e-01  1.00054e+00
 7.68048e+00  9.98441e-01  1.00050e+00
 7.68889e+00  9.98694e-01  1.00047e+00
 7.69940e+00  9.99107e-01  1.00044e+00
 7.70927e+00  9.98876e-01  1.00041e+00
 7.72025e+00  9.98574e-01  1.00037e+00
 7.73069e+00  9.98737e-01  1.00034e+00
 7.74221e+00  9.99419e-01  1.00031e+00
 7.75132e+00  9.98821e-01  1.00028e+00
 7.76191e+00  9.98907e-01  1.00024e+00
 7.77078e+00  9.98939e-01  1.00021e+00
 7.78026e+00  9.98836e-01  1.00018e+00
 7.79021e+00  9.99010e-01  1.00015e+00
 7.79884e+00  9.98826e-01  1.00012e+00
 7.80946e+00  9.98874e-01  1.00009e+00
 7.81851e+00  9.99480e-01  1.00006e+00
 7.82975e+00  9.99433e-01  1.00003e+00
 7.83850e+00  9.99003e-01  9.99997e-01
 7.84925e+00  9.99439e-01  9.99962e-01
 7.85733e+00  9.98661e-01  9.99936e-01
 7.86822e+00  9.99100e-01  9.99900e-01
 7.87654e+00  9.98774e-01  9.99872e-01
 7.88804e+00  9.98967e-01  9.99834e-01
 7.89647e+00  9.99283e-01  9.99806e-01
 7.90651e+00  9.99109e-01  9.99773e-01
 7.91591e+00  9.99283e-01  9.99741e-01
 7.92493e+00  9.99288e-01  9.99711e-01
 7.93530e+00  9.99090e-01  9.99676e-01
 7.94365e+00  9.98772e-01  9.99648e-01
 7.95438e+00  9.98935e-01  9.99611e-01
 7.96248e+00  9.98976e-01  9.99584e-01
 7.97334e+00  9.98577e-01  9.99547e-01
 7.98283e+00  9.99289e-01  9.99514e-01
 7.99549e+00  9.98696e-01  9.99471e-01
 8.00494e+00  9.98772e-01  9.99439e-01
 8.01592e+00  9.99489e-01  9.99402e-01
 8.02492e+00  9.99055e-01  9.99372e-01
 8.03584e+00  9.98734e-01  9.99335e-01
 8.04390e+00  9.98950e-01  9.99309e-01
 8.05471e+00  9.99222e-01  9.99274e-01
 8.06312e+00  9.99737e-01  9.99247e-01
 8.07318e+00  9.99088e-01  9.99215e-01
 8.08346e+00  9.99487e-01  9.99184e-01
 8.09525e+00  9.98867e-01  9.99149e-01
 8.10496e+00  9.99778e-01  9.99121e-01
 8.11607e+00  9.99383e-01  9.99091e-01
 8.12551e+00  9.99288e-01  9.99067e-01
 8.13568e+00  9.99385e-01  9.99043e-01
 8.14541e+00  9.99299e-01  9.99022e-01
 8.15641e+00  9.99883e-01  9.99002e-01
 8.16610e+00  9.99414e-01  9.98986e-01
 8.17608e+00  9.99989e-01  9.98974e-01
 8.18710e+00  9.99341e-01  9.98964e-01
 8.19897e+00  9.99732e-01  9.98959e-01
 8.20851e+00  9.99253e-01  9.98960e-01
 8.21902e+00  9.99531e-01  9.98968e-01
 8.22861e+00  1.00064e+00  9.98980e-01
 8.23858e+00  9.99538e-01  9.99000e-01
 8.24924e+00  9.99351e-01  9.99029e-01
 8.26068e+00  9.99502e-01  9.99072e-01
 8.27008e+00  9.99125e-01  9.99116e-01
 8.27942e+00  9.99755e-01  9.99169e-01
 8.29166e+00  9.99390e-01  9.99253e-01
 8.30311e+00  1.00006e+00  9.99349e-01
 8.31420e+00  9.99367e-01  9.99457e-01
 8.32647e+00  9.99540e-01  9.99597e-01
 8.33710e+00  9.99414e-01  9.99735e-01
 8.34958e+00  9.99243e-01  9.99916e-01
 8.35905e+00  9.99493e-01  1.00007e+00
 8.37142e+00  9.99616e-01  1.00028e+00
 8.38364e+00  9.99701e-01  1.00049e+00
 8.39498e+00  9.99536e-01  1.00070e+00
 8.40685e+00  9.99199e-01  1.00090e+00
 8.41795e+00  9.99783e-01  1.00107e+00
 8.43063e+00  9.99987e-01  1.00121e+00
 8.44019e+00  9.99785e-01  1.00127e+00
 8.45264e+00  9.99327e-01  1.00126e+00
 8.46210e+00  9.99449e-01  1.00116e+00
 8.47487e+00  9.99950e-01  1.00088e+00
 8.48523e+00  9.99886e-01  1.00050e+00
 8.49831e+00  1.00007e+00  9.99827e-01
 8.50864e+00  9.99816e-01  9.99129e-01
 8.51998e+00  9.99821e-01  9.98211e-01
 8.53088e+00  9.99597e-01  9.97209e-01
 8.54166e+00  9.99652e-01  9.96151e-01
 8.55478e+00  9.99546e-01  9.94862e-01
 8.56521e+00  9.99194e-01  9.93915e-01
 8.57764e+00  9.99283e-01  9.92966e-01
 8.58803e+00  9.99386e-01  9.92384e-01
 8.60061e+00  9.99948e-01  9.91989e-01
 8.61078e+00  9.99337e-01  9.91933e-01
 8.62331e+00  9.99999e-01  9.65207e-01
 8.63365e+00  9.99510e-01  9.92600e-01
 8.64550e+00  9.99843e-01  9.93287e-01
 8.65770e+00  9.99508e-01  9.94151e-01
 8.66938e+00  9.99532e-01  9.95059e-01
 8.68180e+00  1.00013e+00  9.96050e-01
 8.69234e+00  1.00010e+00  9.96870e-01
 8.70583e+00  1.00014e+00  9.97853e-01
 8.71977e+00  1.00018e+00  9.98759e-01
 8.73059e+00  9.99833e-01  9.99375e-01
 8.74314e+00  1.00058e+00  9.99990e-01
 8.75363e+00  9.99418e-01  1.00043e+00
 8.76624e+00  1.00003e+00  1.00086e+00
 8.77691e+00  9.99472e-01  1.00116e+00
 8.78924e+00  9.99995e-01  1.00144e+00
 8.80031e+00  1.00014e+00  1.00164e+00
 8.81241e+00  1.00029e+00  1.00180e+00
 8.82524e+00  1.00019e+00  1.00193e+00
 8.83583e+00  1.00031e+00  1.00200e+00
 8.84849e+00  1.00012e+00  1.00205e+00
 8.85994e+00  1.00056e+00  1.00208e+00
 8.87255e+00  1.00024e+00  1.00209e+00
 8.88478e+00  1.00010e+00  1.00209e+00
 8.89630e+00  1.00011e+00  1.00207e+00
 8.90858e+00  1.00066e+00  1.00204e+00
 8.91916e+00  1.00036e+00  1.00201e+00
 8.93235e+00  9.99711e-01  1.00196e+00
 8.94358e+00  1.00017e+00  1.00192e+00
 8.95672e+00  1.00028e+00  1.00187e+00
 8.96922e+00  1.00003e+00  1.00182e+00
 8.98074e+00  1.00043e+00  1.00177e+00
 8.99431e+00  9.99752e-01  1.00171e+00
 9.00564e+00  1.00028e+00  1.00166e+00
 9.01838e+00  1.00030e+00  1.00160e+00
 9.03019e+00  1.00069e+00  1.00155e+00
 9.04214e+00  1.00001e+00  1.00150e+00
 9.05442e+00  9.99859e-01  1.00145e+00
 9.06499e+00  1.00005e+00  1.00140e+00
 9.07805e+00  1.00012e+00  1.00135e+00
 9.08941e+00  1.00002e+00  1.00130e+00
 9.10174e+00  1.00028e+00  1.00125e+00
 9.11283e+00  9.99956e-01  1.00121e+00
 9.12506e+00  1.00022e+00  1.00116e+00
 9.13774e+00  9.99411e-01  1.00111e+00
 9.14833e+00  1.00004e+00  1.00107e+00
 9.16098e+00  9.99997e-01  1.00103e+00
 9.17152e+00  1.00084e+00  1.00099e+00
 9.18400e+00  1.00056e+00  1.00094e+00
 9.19482e+00  1.00037e+00  1.00091e+00
 9.20825e+00  9.99905e-01  1.00086e+00
 9.22264e+00  1.00020e+00  1.00081e+00
 9.23680e+00  1.00036e+00  1.00076e+00
 9.25100e+00  1.00032e+00  1.00071e+00
 9.26743e+00  1.00009e+00  1.00066e+00
 9.28242e+00  1.00043e+00  1.00061e+00
 9.29787e+00  9.99896e-01  1.00056e+00
 9.31241e+00  1.00053e+00  1.00052e+00
 9.32680e+00  1.00050e+00  1.00047e+00
 9.33980e+00  1.00040e+00  1.00043e+00
 9.35409e+00  1.00034e+00  1.00038e+00
 9.36848e+00  9.99524e-01  1.00034e+00
 9.38146e+00  1.00042e+00  1.00030e+00
 9.39660e+00  1.00036e+00  1.00025e+00
 9.41153e+00  1.00022e+00  1.00020e+00
 9.42484e+00  1.00030e+00  1.00016e+00
 9.43851e+00  1.00005e+00  1.00011e+00
 9.45319e+00  1.00019e+00  1.00007e+00
 9.46798e+00  1.00034e+00  1.00002e+00
 9.48488e+00  9.99671e-01  9.99964e-01
 9.49992e+00  9.99761e-01  9.99915e-01
 9.51430e+00  1.00043e+00  9.99868e-01
 9.52731e+00  1.00030e+00  9.99825e-01
 9.54159e+00  1.00036e+00  9.99777e-01
 9.55598e+00  1.00010e+00  9.99729e-01
 9.56967e+00  9.99744e-01  9.99683e-01
 9.58436e+00  1.00029e+00  9.99633e-01
 9.59903e+00  9.99531e-01  9.99583e-01
 9.61234e+00  1.00015e+00  9.99538e-01
 9.62602e+00  1.00017e+00  9.99491e-01
 9.64069e+00  1.00072e+00  9.99441e-01
 9.65400e+00  1.00063e+00  9.99396e-01
 9.66876e+00  9.99809e-01  9.99347e-01
 9.68365e+00  1.00015e+00  9.99298e-01
 9.69728e+00  1.00010e+00  9.99254e-01
 9.71061e+00  1.00029e+00  9.99212e-01
 9.72533e+00  1.00011e+00  9.99167e-01
 9.73895e+00  1.00001e+00  9.99128e-01
