854
 2.93800e-03  9.77575e-01  9.98261e-01
 7.57300e-03  9.63740e-01  9.98243e-01
 1.27170e-02  9.62378e-01  9.98225e-01
 1.73840e-02  9.60425e-01  9.98210e-01
 2.17710e-02  9.53768e-01  9.98196e-01
 2.67610e-02  9.47701e-01  9.98182e-01
 3.13290e-02  9.52951e-01  9.98170e-01
 3.57370e-02  9.46300e-01  9.98160e-01
 4.07300e-02  9.35316e-01  9.98149e-01
 4.51240e-02  9.36573e-01  9.98140e-01
 4.93480e-02  9.34414e-01  9.98132e-01
 5.43670e-02  9.30517e-01  9.98124e-01
 5.88870e-02  9.34628e-01  9.98118e-01
 6.39220e-02  9.25975e-01  9.98112e-01
 6.90200e-02  9.27881e-01  9.98106e-01
 7.36750e-02  9.29209e-01  9.98102e-01
 7.78590e-02  9.31806e-01  9.98099e-01
 8.28060e-02  9.33261e-01  9.98096e-01
 8.72730e-02  9.27513e-01  9.98094e-01
 9.18380e-02  9.31837e-01  9.98093e-01
 9.67330e-02  9.37162e-01  9.98092e-01
 1.01812e-01  9.38811e-01  9.98092e-01
 1.06473e-01  9.40494e-01  9.98092e-01
 1.11199e-01  9.44809e-01  9.98093e-01
 1.16362e-01  9.50892e-01  9.98095e-01
 1.20964e-01  9.56561e-01  9.98097e-01
 1.25838e-01  9.61559e-01  9.98100e-01
 1.31553e-01  9.63406e-01  9.98104e-01
 1.36697e-01  9.67432e-01  9.98108e-01
 1.41234e-01  9.69248e-01  9.98113e-01
 1.46372e-01  9.75079e-01  9.98118e-01
 1.51761e-01  9.83846e-01  9.98124e-01
 1.56435e-01  9.81714e-01  9.98130e-01
 1.61807e-01  9.82437e-01  9.98137e-01
 1.66986e-01  9.93961e-01  9.98144e-01
 1.72889e-01  9.94769e-01  9.98153e-01
 1.78467e-01  9.91640e-01  9.98162e-01
 1.83471e-01  9.92057e-01  9.98170e-01
 1.88928e-01  9.97026e-01  9.98180e-01
 1.94430e-01  9.96171e-01  9.98190e-01
 1.99722e-01  9.97635e-01  9.98200e-01
 2.04816e-01  9.95609e-01  9.98210e-01
 2.09813e-01  9.97177e-01  9.98220e-01
 2.14992e-01  9.97172e-01  9.98231e-01
 2.20017e-01  9.98360e-01  9.98242e-01
 2.24574e-01  9.98111e-01  9.98252e-01
 2.29486e-01  9.97484e-01  9.98263e-01
 2.34590e-01  9.97414e-01  9.98275e-01
 2.39253e-01  9.97840e-01  9.98287e-01
 2.43826e-01  9.97498e-01  9.98298e-01
 2.49060e-01  9.98458e-01  9.98311e-01
 2.53893e-01  9.97169e-01  9.98323e-01
 2.58508e-01  9.99898e-01  9.98335e-01
 2.63791e-01  9.97901e-01  9.98349e-01
 2.69822e-01  9.98588e-01  9.98366e-01
 2.74251e-01  9.99703e-01  9.98378e-01
 2.79050e-01  9.99291e-01  9.98391e-01
 2.84233e-01  9.97986e-01  9.98406e-01
 2.89833e-01  9.99813e-01  9.98422e-01
 2.94262e-01  9.99368e-01  9.98435e-01
 2.99553e-01  9.98373e-01  9.98451e-01
 3.04740e-01  9.99543e-01  9.98466e-01
 3.09558e-01  9.99505e-01  9.98481e-01
 3.14035e-01  9.99233e-01  9.98495e-01
 3.19135e-01  9.98729e-01  9.98511e-01
 3.24197e-01  9.99009e-01  9.98527e-01
 3.28817e-01  1.00070e+00  9.98542e-01
 3.34067e-01  9.98791e-01  9.98559e-01
 3.39261e-01  9.99399e-01  9.98576e-01
 3.44152e-01  9.99594e-01  9.98592e-01
 3.49053e-01  1.00101e+00  9.98609e-01
 3.53868e-01  1.00151e+00  9.98625e-01
 3.58598e-01  9.99717e-01  9.98641e-01
 3.63669e-01  1.00035e+00  9.98659e-01
 3.68363e-01  1.00105e+00  9.98675e-01
 3.73607e-01  1.00064e+00  9.98694e-01
 3.77859e-01  9.99976e-01  9.98709e-01
 3.82421e-01  1.00058e+00  9.98726e-01
 3.87717e-01  1.00012e+00  9.98745e-01
 3.92342e-01  1.00092e+00  9.98762e-01
 3.96650e-01  1.00080e+00  9.98778e-01
 4.01771e-01  1.00050e+00  9.98797e-01
 4.06435e-01  1.00067e+00  9.98815e-01
 4.11158e-01  1.00102e+00  9.98833e-01
 4.16368e-01  9.99964e-01  9.98853e-01
 4.20771e-01  9.97078e-01  9.98870e-01
 4.25188e-01  9.99344e-01  9.98888e-01
 4.30142e-01  1.00066e+00  9.98907e-01
 4.36238e-01  1.00029e+00  9.98932e-01
 4.40977e-01  1.00039e+00  9.98951e-01
 4.46177e-01  9.97552e-01  9.98972e-01
 4.50913e-01  9.99754e-01  9.98992e-01
 4.56133e-01  9.97732e-01  9.99013e-01
 4.61219e-01  1.00038e+00  9.99035e-01
 4.65870e-01  9.96939e-01  9.99055e-01
 4.71301e-01  1.00015e+00  9.99078e-01
 4.76207e-01  9.98855e-01  9.99099e-01
 4.80639e-01  9.98392e-01  9.99118e-01
 4.85558e-01  1.00047e+00  9.99140e-01
 4.90523e-01  9.98296e-01  9.99162e-01
 4.95446e-01  9.97504e-01  9.99184e-01
 5.00433e-01  1.00100e+00  9.99207e-01
 5.04994e-01  9.97700e-01  9.99228e-01
 5.09377e-01  9.97053e-01  9.99248e-01
 5.13767e-01  1.00125e+00  9.99269e-01
 5.19028e-01  9.98164e-01  9.99293e-01
 5.23510e-01  9.98115e-01  9.99315e-01
 5.27879e-01  9.99916e-01  9.99335e-01
 5.32664e-01  9.98308e-01  9.99359e-01
 5.37043e-01  9.98347e-01  9.99380e-01
 5.41739e-01  1.00057e+00  9.99403e-01
 5.46252e-01  9.98069e-01  9.99425e-01
 5.50552e-01  9.98028e-01  9.99447e-01
 5.55420e-01  1.00015e+00  9.99472e-01
 5.60623e-01  9.97581e-01  9.99498e-01
 5.64893e-01  9.96749e-01  9.99520e-01
 5.70195e-01  9.97832e-01  9.99548e-01
 5.75217e-01  9.99324e-01  9.99574e-01
 5.79812e-01  9.98217e-01  9.99598e-01
 5.84229e-01  9.97679e-01  9.99622e-01
 5.89271e-01  1.00009e+00  9.99649e-01
 5.94113e-01  9.98347e-01  9.99676e-01
 5.98490e-01  9.99315e-01  9.99700e-01
 6.03515e-01  1.00094e+00  9.99728e-01
 6.08683e-01  1.00064e+00  9.99757e-01
 6.13975e-01  9.99956e-01  9.99787e-01
 6.18363e-01  1.00086e+00  9.99812e-01
 6.23576e-01  9.99554e-01  9.99842e-01
 6.27670e-01  1.00010e+00  9.99866e-01
 6.32009e-01  1.00101e+00  9.99892e-01
 6.36844e-01  9.99970e-01  9.99921e-01
 6.41203e-01  9.99772e-01  9.99947e-01
 6.46156e-01  1.00143e+00  9.99977e-01
 6.51061e-01  9.99846e-01  1.00001e+00
 6.55676e-01  9.99313e-01  1.00004e+00
 6.60023e-01  1.00131e+00  1.00006e+00
 6.65256e-01  9.99160e-01  1.00010e+00
 6.69340e-01  9.99545e-01  1.00012e+00
 6.73699e-01  1.00199e+00  1.00015e+00
 6.79245e-01  1.00099e+00  1.00019e+00
 6.84527e-01  1.00087e+00  1.00022e+00
 6.89117e-01  9.99582e-01  1.00025e+00
 6.93788e-01  1.00119e+00  1.00028e+00
 6.98338e-01  1.00150e+00  1.00031e+00
 7.03109e-01  1.00148e+00  1.00034e+00
 7.08032e-01  1.00214e+00  1.00038e+00
 7.12441e-01  1.00183e+00  1.00041e+00
 7.16738e-01  1.00236e+00  1.00044e+00
 7.21390e-01  1.00236e+00  1.00047e+00
 7.26207e-01  1.00224e+00  1.00051e+00
 7.30649e-01  1.00262e+00  1.00054e+00
 7.35468e-01  1.00329e+00  1.00057e+00
 7.40018e-01  1.00252e+00  1.00061e+00
 7.44330e-01  1.00271e+00  1.00064e+00
 7.49345e-01  1.00344e+00  1.00067e+00
 7.53658e-01  1.00183e+00  1.00071e+00
 7.57873e-01  1.00275e+00  1.00074e+00
 7.62717e-01  1.00281e+00  1.00078e+00
 7.67837e-01  1.00266e+00  1.00081e+00
 7.72467e-01  1.00185e+00  1.00085e+00
 7.77148e-01  1.00293e+00  1.00089e+00
 7.81668e-01  1.00083e+00  1.00092e+00
 7.85990e-01  1.00159e+00  1.00096e+00
 7.91025e-01  1.00379e+00  1.00100e+00
 7.95393e-01  1.00119e+00  1.00103e+00
 8.00535e-01  1.00067e+00  1.00107e+00
 8.05237e-01  1.00215e+00  1.00111e+00
 8.10623e-01  1.00094e+00  1.00116e+00
 8.14903e-01  1.00069e+00  1.00119e+00
 8.19519e-01  1.00127e+00  1.00123e+00
 8.24344e-01  1.00076e+00  1.00127e+00
 8.28703e-01  1.00085e+00  1.00130e+00
 8.33409e-01  1.00231e+00  1.00134e+00
 8.37922e-01  1.00042e+00  1.00138e+00
 8.42212e-01  9.99696e-01  1.00142e+00
 8.46839e-01  1.00290e+00  1.00146e+00
 8.52303e-01  9.99672e-01  1.00150e+00
 8.56603e-01  1.00184e+00  1.00154e+00
 8.61642e-01  1.00217e+00  1.00158e+00
 8.66907e-01  1.00196e+00  1.00163e+00
 8.71859e-01  1.00191e+00  1.00167e+00
 8.76380e-01  1.00161e+00  1.00171e+00
 8.81573e-01  1.00094e+00  1.00176e+00
 8.87064e-01  1.00110e+00  1.00180e+00
 8.92117e-01  1.00108e+00  1.00185e+00
 8.96808e-01  1.00279e+00  1.00189e+00
 9.02502e-01  1.00160e+00  1.00194e+00
 9.08035e-01  1.00091e+00  1.00198e+00
 9.14133e-01  1.00170e+00  1.00204e+00
 9.18588e-01  1.00090e+00  1.00207e+00
 9.23325e-01  1.00166e+00  1.00211e+00
 9.28466e-01  1.00109e+00  1.00216e+00
 9.33210e-01  1.00058e+00  1.00220e+00
 9.38132e-01  1.00146e+00  1.00224e+00
 9.43445e-01  1.00159e+00  1.00228e+00
 9.48754e-01  1.00036e+00  1.00232e+00
 9.53528e-01  1.00065e+00  1.00236e+00
 9.58783e-01  1.00312e+00  1.00240e+00
 9.63918e-01  1.00008e+00  1.00244e+00
 9.69024e-01  1.00138e+00  1.00247e+00
 9.74269e-01  1.00132e+00  1.00251e+00
 9.79538e-01  1.00071e+00  1.00255e+00
 9.85204e-01  1.00218e+00  1.00258e+00
 9.90444e-01  1.00144e+00  1.00262e+00
 9.95116e-01  1.00146e+00  1.00265e+00
 1.00008e+00  1.00184e+00  1.00268e+00
 1.00501e+00  1.00091e+00  1.00270e+00
 1.00963e+00  1.00092e+00  1.00273e+00
 1.01481e+00  1.00130e+00  1.00275e+00
 1.02018e+00  1.00168e+00  1.00277e+00
 1.02485e+00  1.00133e+00  1.00279e+00
 1.02997e+00  1.00108e+00  1.00281e+00
 1.03544e+00  1.00047e+00  1.00283e+00
 1.04103e+00  1.00146e+00  1.00284e+00
 1.04616e+00  1.00163e+00  1.00285e+00
 1.05115e+00  1.00149e+00  1.00285e+00
 1.05596e+00  1.00295e+00  1.00285e+00
 1.06164e+00  1.00162e+00  1.00285e+00
 1.06700e+00  9.99750e-01  1.00285e+00
 1.07162e+00  1.00110e+00  1.00284e+00
 1.07627e+00  1.00130e+00  1.00283e+00
 1.08191e+00  1.00054e+00  1.00281e+00
 1.08670e+00  9.99944e-01  1.00279e+00
 1.09142e+00  1.00145e+00  1.00276e+00
 1.09710e+00  1.00128e+00  1.00272e+00
 1.10276e+00  1.00019e+00  1.00268e+00
 1.10760e+00  1.00045e+00  1.00264e+00
 1.11295e+00  1.00110e+00  1.00259e+00
 1.11822e+00  1.00014e+00  1.00253e+00
 1.12399e+00  9.99919e-01  1.00245e+00
 1.12891e+00  9.98319e-01  1.00238e+00
 1.13360e+00  9.99369e-01  1.00231e+00
 1.13847e+00  9.98918e-01  1.00222e+00
 1.14441e+00  9.98448e-01  1.00211e+00
 1.14903e+00  9.96704e-01  1.00202e+00
 1.15370e+00  9.95712e-01  1.00192e+00
 1.15855e+00  9.97779e-01  1.00180e+00
 1.16385e+00  9.95619e-01  1.00167e+00
 1.16830e+00  9.95498e-01  1.00154e+00
 1.17297e+00  9.97289e-01  1.00141e+00
 1.17769e+00  9.95050e-01  1.00126e+00
 1.18251e+00  9.95432e-01  1.00110e+00
 1.18741e+00  9.96746e-01  1.00093e+00
 1.19266e+00  9.94508e-01  1.00074e+00
 1.19705e+00  9.94910e-01  1.00057e+00
 1.20155e+00  9.95914e-01  1.00038e+00
 1.20700e+00  9.94897e-01  1.00015e+00
 1.21153e+00  9.94023e-01  9.99939e-01
 1.21639e+00  9.93979e-01  9.99708e-01
 1.22106e+00  9.94503e-01  9.99475e-01
 1.22635e+00  9.93381e-01  9.99199e-01
 1.23080e+00  9.91742e-01  9.98958e-01
 1.23546e+00  9.88185e-01  9.98696e-01
 1.24019e+00  9.91555e-01  9.98420e-01
 1.24450e+00  9.82733e-01  9.98159e-01
 1.24990e+00  9.75094e-01  9.97823e-01
 1.25534e+00  9.66174e-01  9.97472e-01
 1.26091e+00  9.65974e-01  9.97100e-01
 1.26629e+00  9.61287e-01  9.96731e-01
 1.27100e+00  9.52383e-01  9.96400e-01
 1.27600e+00  9.39188e-01  9.96041e-01
 1.28040e+00  9.48728e-01  9.95720e-01
 1.28537e+00  9.20204e-01  9.95352e-01
 1.29067e+00  9.02466e-01  9.94954e-01
 1.29540e+00  9.10344e-01  9.94596e-01
 1.29971e+00  8.87048e-01  9.94268e-01
 1.30475e+00  8.77952e-01  9.93885e-01
 1.31027e+00  8.65010e-01  9.93466e-01
 1.31465e+00  8.74521e-01  9.93136e-01
 1.31916e+00  8.56549e-01  9.92799e-01
 1.32402e+00  8.60332e-01  9.92443e-01
 1.32855e+00  8.49254e-01  9.92118e-01
 1.33394e+00  8.55744e-01  9.91741e-01
 1.33891e+00  8.51661e-01  9.91407e-01
 1.34335e+00  8.42680e-01  9.91122e-01
 1.34762e+00  8.51663e-01  9.90859e-01
 1.35284e+00  8.57728e-01  9.90558e-01
 1.35754e+00  8.61843e-01  9.90307e-01
 1.36284e+00  8.65517e-01  9.90050e-01
 1.36759e+00  8.81623e-01  9.89845e-01
 1.37277e+00  8.90465e-01  9.89652e-01
 1.37725e+00  8.79774e-01  9.89512e-01
 1.38204e+00  9.03728e-01  9.89392e-01
 1.38701e+00  9.15904e-01  9.89302e-01
 1.39165e+00  9.23572e-01  9.89252e-01
 1.39680e+00  9.08434e-01  9.89236e-01
 1.40177e+00  9.54847e-01  9.89262e-01
 1.40636e+00  9.46054e-01  9.89324e-01
 1.41065e+00  9.54985e-01  9.89415e-01
 1.41567e+00  9.64302e-01  9.89564e-01
 1.42058e+00  9.74014e-01  9.89753e-01
 1.42523e+00  9.80384e-01  9.89972e-01
 1.42975e+00  9.87799e-01  9.90223e-01
 1.43527e+00  9.90214e-01  9.90580e-01
 1.43965e+00  9.83922e-01  9.90902e-01
 1.44416e+00  9.94971e-01  9.91268e-01
 1.44902e+00  9.91885e-01  9.91700e-01
 1.45447e+00  9.92833e-01  9.92230e-01
 1.45945e+00  9.94145e-01  9.92754e-01
 1.46427e+00  9.96929e-01  9.93296e-01
 1.46904e+00  9.96542e-01  9.93861e-01
 1.47408e+00  9.98032e-01  9.94487e-01
 1.47888e+00  9.97859e-01  9.95109e-01
 1.48392e+00  9.97878e-01  9.95784e-01
 1.48822e+00  9.98308e-01  9.96376e-01
 1.49259e+00  1.00031e+00  9.96991e-01
 1.49777e+00  9.99167e-01  9.97729e-01
 1.50233e+00  9.99413e-01  9.98387e-01
 1.50705e+00  1.00116e+00  9.99072e-01
 1.51201e+00  1.00010e+00  9.99792e-01
 1.51657e+00  1.00190e+00  1.00045e+00
 1.52158e+00  1.00065e+00  1.00117e+00
 1.52725e+00  1.00155e+00  1.00197e+00
 1.53237e+00  1.00216e+00  1.00267e+00
 1.53671e+00  1.00397e+00  1.00325e+00
 1.54176e+00  1.00351e+00  1.00391e+00
 1.54682e+00  1.00284e+00  1.00454e+00
 1.55217e+00  1.00377e+00  1.00518e+00
 1.55645e+00  1.00864e+00  1.00566e+00
 1.56116e+00  1.00495e+00  1.00617e+00
 1.56571e+00  1.00587e+00  1.00664e+00
 1.57003e+00  1.00597e+00  1.00705e+00
 1.57489e+00  1.00556e+00  1.00748e+00
 1.57925e+00  1.01039e+00  1.00784e+00
 1.58350e+00  1.00688e+00  1.00817e+00
 1.58891e+00  1.00872e+00  1.00854e+00
 1.59337e+00  1.00571e+00  1.00882e+00
 1.59762e+00  1.00782e+00  1.00906e+00
 1.60250e+00  1.01137e+00  1.00929e+00
 1.60684e+00  1.00761e+00  1.00948e+00
 1.61119e+00  1.00909e+00  1.00963e+00
 1.61620e+00  1.00782e+00  1.00978e+00
 1.62040e+00  1.01155e+00  1.00988e+00
 1.62531e+00  1.00993e+00  1.00997e+00
 1.63069e+00  1.00980e+00  1.01002e+00
 1.63569e+00  1.00810e+00  1.01005e+00
 1.64061e+00  1.01348e+00  1.01004e+00
 1.64518e+00  1.00995e+00  1.01002e+00
 1.65008e+00  1.00907e+00  1.00996e+00
 1.65441e+00  1.00983e+00  1.00990e+00
 1.65892e+00  1.00973e+00  1.00981e+00
 1.66362e+00  1.01195e+00  1.00971e+00
 1.66781e+00  1.00963e+00  1.00960e+00
 1.67296e+00  1.01006e+00  1.00945e+00
 1.67778e+00  1.00875e+00  1.00929e+00
 1.68289e+00  1.01322e+00  1.00911e+00
 1.68721e+00  1.00919e+00  1.00894e+00
 1.69227e+00  1.00912e+00  1.00874e+00
 1.69655e+00  1.00971e+00  1.00856e+00
 1.70103e+00  1.00763e+00  1.00836e+00
 1.70653e+00  1.01207e+00  1.00811e+00
 1.71153e+00  1.00922e+00  1.00788e+00
 1.71587e+00  1.00981e+00  1.00767e+00
 1.72099e+00  1.00915e+00  1.00742e+00
 1.72577e+00  1.01092e+00  1.00719e+00
 1.73031e+00  1.00864e+00  1.00696e+00
 1.73508e+00  1.00815e+00  1.00672e+00
 1.73970e+00  1.00800e+00  1.00649e+00
 1.74395e+00  1.01071e+00  1.00627e+00
 1.74881e+00  1.00757e+00  1.00603e+00
 1.75374e+00  1.00726e+00  1.00578e+00
 1.75806e+00  1.00745e+00  1.00557e+00
 1.76272e+00  1.00762e+00  1.00534e+00
 1.76778e+00  1.00931e+00  1.00509e+00
 1.77196e+00  1.00829e+00  1.00488e+00
 1.77677e+00  1.00662e+00  1.00465e+00
 1.78138e+00  1.00606e+00  1.00444e+00
 1.78561e+00  1.00835e+00  1.00424e+00
 1.79067e+00  1.00510e+00  1.00401e+00
 1.79540e+00  1.00499e+00  1.00380e+00
 1.79971e+00  1.00557e+00  1.00361e+00
 1.80441e+00  1.00431e+00  1.00341e+00
 1.80893e+00  1.00721e+00  1.00322e+00
 1.81326e+00  1.00567e+00  1.00304e+00
 1.81845e+00  1.00418e+00  1.00283e+00
 1.82302e+00  1.00396e+00  1.00265e+00
 1.82727e+00  1.00660e+00  1.00249e+00
 1.83202e+00  1.00343e+00  1.00231e+00
 1.83654e+00  1.00393e+00  1.00214e+00
 1.84130e+00  1.00323e+00  1.00198e+00
 1.84608e+00  1.00309e+00  1.00181e+00
 1.85059e+00  1.00368e+00  1.00166e+00
 1.85531e+00  1.00347e+00  1.00151e+00
 1.86010e+00  1.00194e+00  1.00136e+00
 1.86470e+00  1.00193e+00  1.00122e+00
 1.86900e+00  1.00266e+00  1.00109e+00
 1.87399e+00  1.00192e+00  1.00095e+00
 1.87892e+00  1.00058e+00  1.00081e+00
 1.88357e+00  1.00168e+00  1.00069e+00
 1.88807e+00  1.00106e+00  1.00057e+00
 1.89281e+00  1.00140e+00  1.00045e+00
 1.89698e+00  1.00111e+00  1.00035e+00
 1.90177e+00  1.00074e+00  1.00024e+00
 1.90638e+00  9.98938e-01  1.00014e+00
 1.91061e+00  1.00256e+00  1.00005e+00
 1.91534e+00  9.99218e-01  9.99948e-01
 1.92030e+00  1.00133e+00  9.99849e-01
 1.92523e+00  1.00053e+00  9.99754e-01
 1.92976e+00  1.00006e+00  9.99670e-01
 1.93444e+00  1.00045e+00  9.99587e-01
 1.93878e+00  9.99078e-01  9.99512e-01
 1.94382e+00  9.99386e-01  9.99429e-01
 1.94851e+00  9.99451e-01  9.99355e-01
 1.95322e+00  1.00082e+00  9.99284e-01
 1.95771e+00  9.99307e-01  9.99219e-01
 1.96259e+00  9.99670e-01  9.99151e-01
 1.96691e+00  9.99707e-01  9.99093e-01
 1.97143e+00  9.99651e-01  9.99036e-01
 1.97638e+00  9.98361e-01  9.98975e-01
 1.98089e+00  9.99750e-01  9.98922e-01
 1.98582e+00  1.00012e+00  9.98867e-01
 1.99070e+00  9.97574e-01  9.98816e-01
 1.99504e+00  9.99414e-01  9.98772e-01
 1.99971e+00  9.98658e-01  9.98726e-01
 2.00486e+00  9.97594e-01  9.98679e-01
 2.01039e+00  9.98558e-01  9.98631e-01
 2.01572e+00  9.98789e-01  9.98587e-01
 2.02040e+00  9.97560e-01  9.98551e-01
 2.02595e+00  9.96045e-01  9.98510e-01
 2.03041e+00  9.96711e-01  9.98479e-01
 2.03463e+00  9.91799e-01  9.98451e-01
 2.03965e+00  9.91680e-01  9.98420e-01
 2.04384e+00  9.91027e-01  9.98395e-01
 2.04832e+00  9.86756e-01  9.98370e-01
 2.05343e+00  9.82658e-01  9.98343e-01
 2.05836e+00  9.90821e-01  9.98319e-01
 2.06302e+00  9.76380e-01  9.98297e-01
 2.07155e+00  9.77575e-01  9.98261e-01
 2.07618e+00  9.63740e-01  9.98243e-01
 2.08133e+00  9.62378e-01  9.98225e-01
 2.08599e+00  9.60425e-01  9.98210e-01
 2.09038e+00  9.53768e-01  9.98196e-01
 2.09537e+00  9.47701e-01  9.98182e-01
 2.09994e+00  9.52951e-01  9.98170e-01
 2.10434e+00  9.46300e-01  9.98160e-01
 2.10934e+00  9.35316e-01  9.98149e-01
 2.11373e+00  9.36573e-01  9.98140e-01
 2.11796e+00  9.34414e-01  9.98132e-01
 2.12297e+00  9.30517e-01  9.98124e-01
 2.12750e+00  9.34628e-01  9.98118e-01
 2.13253e+00  9.25975e-01  9.98112e-01
 2.13763e+00  9.27881e-01  9.98106e-01
 2.14228e+00  9.29209e-01  9.98102e-01
 2.14647e+00  9.31806e-01  9.98099e-01
 2.15141e+00  9.33261e-01  9.98096e-01
 2.15588e+00  9.27513e-01  9.98094e-01
 2.16045e+00  9.31837e-01  9.98093e-01
 2.16534e+00  9.37162e-01  9.98092e-01
 2.17042e+00  9.38811e-01  9.98092e-01
 2.17508e+00  9.40494e-01  9.98092e-01
 2.17981e+00  9.44809e-01  9.98093e-01
 2.18497e+00  9.50892e-01  9.98095e-01
 2.18957e+00  9.56561e-01  9.98097e-01
 2.19445e+00  9.61559e-01  9.98100e-01
 2.20016e+00  9.63406e-01  9.98104e-01
 2.20531e+00  9.67432e-01  9.98108e-01
 2.20984e+00  9.69248e-01  9.98113e-01
 2.21498e+00  9.75079e-01  9.98118e-01
 2.22037e+00  9.83846e-01  9.98124e-01
 2.22504e+00  9.81714e-01  9.98130e-01
 2.23041e+00  9.82437e-01  9.98137e-01
 2.23559e+00  9.93961e-01  9.98144e-01
 2.24150e+00  9.94769e-01  9.98153e-01
 2.24708e+00  9.91640e-01  9.98162e-01
 2.25208e+00  9.92057e-01  9.98170e-01
 2.25754e+00  9.97026e-01  9.98180e-01
 2.26304e+00  9.96171e-01  9.98190e-01
 2.26833e+00  9.97635e-01  9.98200e-01
 2.27342e+00  9.95609e-01  9.98210e-01
 2.27842e+00  9.97177e-01  9.98220e-01
 2.28360e+00  9.97172e-01  9.98231e-01
 2.28863e+00  9.98360e-01  9.98242e-01
 2.29318e+00  9.98111e-01  9.98252e-01
 2.29809e+00  9.97484e-01  9.98263e-01
 2.30320e+00  9.97414e-01  9.98275e-01
 2.30786e+00  9.97840e-01  9.98287e-01
 2.31243e+00  9.97498e-01  9.98298e-01
 2.31767e+00  9.98458e-01  9.98311e-01
 2.32250e+00  9.97169e-01  9.98323e-01
 2.32712e+00  9.99898e-01  9.98335e-01
 2.33240e+00  9.97901e-01  9.98349e-01
 2.33843e+00  9.98588e-01  9.98366e-01
 2.34286e+00  9.99703e-01  9.98378e-01
 2.34766e+00  9.99291e-01  9.98391e-01
 2.35284e+00  9.97986e-01  9.98406e-01
 2.35844e+00  9.99813e-01  9.98422e-01
 2.36287e+00  9.99368e-01  9.98435e-01
 2.36816e+00  9.98373e-01  9.98451e-01
 2.37335e+00  9.99543e-01  9.98466e-01
 2.37817e+00  9.99505e-01  9.98481e-01
 2.38264e+00  9.99233e-01  9.98495e-01
 2.38774e+00  9.98729e-01  9.98511e-01
 2.39281e+00  9.99009e-01  9.98527e-01
 2.39743e+00  1.00070e+00  9.98542e-01
 2.40268e+00  9.98791e-01  9.98559e-01
 2.40787e+00  9.99399e-01  9.98576e-01
 2.41276e+00  9.99594e-01  9.98592e-01
 2.41766e+00  1.00101e+00  9.98609e-01
 2.42248e+00  1.00151e+00  9.98625e-01
 2.42721e+00  9.99717e-01  9.98641e-01
 2.43228e+00  1.00035e+00  9.98659e-01
 2.43697e+00  1.00105e+00  9.98675e-01
 2.44222e+00  1.00064e+00  9.98694e-01
 2.44647e+00  9.99976e-01  9.98709e-01
 2.45103e+00  1.00058e+00  9.98726e-01
 2.45633e+00  1.00012e+00  9.98745e-01
 2.46095e+00  1.00092e+00  9.98762e-01
 2.46526e+00  1.00080e+00  9.98778e-01
 2.47038e+00  1.00050e+00  9.98797e-01
 2.47504e+00  1.00067e+00  9.98815e-01
 2.47977e+00  1.00102e+00  9.98833e-01
 2.48498e+00  9.99964e-01  9.98853e-01
 2.48938e+00  9.97078e-01  9.98870e-01
 2.49380e+00  9.99344e-01  9.98888e-01
 2.49875e+00  1.00066e+00  9.98907e-01
 2.50485e+00  1.00029e+00  9.98932e-01
 2.50958e+00  1.00039e+00  9.98951e-01
 2.51478e+00  9.97552e-01  9.98972e-01
 2.51952e+00  9.99754e-01  9.98992e-01
 2.52474e+00  9.97732e-01  9.99013e-01
 2.52983e+00  1.00038e+00  9.99035e-01
 2.53448e+00  9.96939e-01  9.99055e-01
 2.53991e+00  1.00015e+00  9.99078e-01
 2.54482e+00  9.98855e-01  9.99099e-01
 2.54925e+00  9.98392e-01  9.99118e-01
 2.55417e+00  1.00047e+00  9.99140e-01
 2.55913e+00  9.98296e-01  9.99162e-01
 2.56405e+00  9.97504e-01  9.99184e-01
 2.56904e+00  1.00100e+00  9.99207e-01
 2.57360e+00  9.97700e-01  9.99228e-01
 2.57798e+00  9.97053e-01  9.99248e-01
 2.58237e+00  1.00125e+00  9.99269e-01
 2.58764e+00  9.98164e-01  9.99293e-01
 2.59212e+00  9.98115e-01  9.99315e-01
 2.59649e+00  9.99916e-01  9.99335e-01
 2.60127e+00  9.98308e-01  9.99359e-01
 2.60565e+00  9.98347e-01  9.99380e-01
 2.61035e+00  1.00057e+00  9.99403e-01
 2.61486e+00  9.98069e-01  9.99425e-01
 2.61916e+00  9.98028e-01  9.99447e-01
 2.62403e+00  1.00015e+00  9.99472e-01
 2.62923e+00  9.97581e-01  9.99498e-01
 2.63350e+00  9.96749e-01  9.99520e-01
 2.63880e+00  9.97832e-01  9.99548e-01
 2.64383e+00  9.99324e-01  9.99574e-01
 2.64842e+00  9.98217e-01  9.99598e-01
 2.65284e+00  9.97679e-01  9.99622e-01
 2.65788e+00  1.00009e+00  9.99649e-01
 2.66272e+00  9.98347e-01  9.99676e-01
 2.66710e+00  9.99315e-01  9.99700e-01
 2.67212e+00  1.00094e+00  9.99728e-01
 2.67729e+00  1.00064e+00  9.99757e-01
 2.68258e+00  9.99956e-01  9.99787e-01
 2.68697e+00  1.00086e+00  9.99812e-01
 2.69218e+00  9.99554e-01  9.99842e-01
 2.69628e+00  1.00010e+00  9.99866e-01
 2.70062e+00  1.00101e+00  9.99892e-01
 2.70545e+00  9.99970e-01  9.99921e-01
 2.70981e+00  9.99772e-01  9.99947e-01
 2.71476e+00  1.00143e+00  9.99977e-01
 2.71967e+00  9.99846e-01  1.00001e+00
 2.72428e+00  9.99313e-01  1.00004e+00
 2.72863e+00  1.00131e+00  1.00006e+00
 2.73386e+00  9.99160e-01  1.00010e+00
 2.73795e+00  9.99545e-01  1.00012e+00
 2.74231e+00  1.00199e+00  1.00015e+00
 2.74785e+00  1.00099e+00  1.00019e+00
 2.75314e+00  1.00087e+00  1.00022e+00
 2.75773e+00  9.99582e-01  1.00025e+00
 2.76240e+00  1.00119e+00  1.00028e+00
 2.76695e+00  1.00150e+00  1.00031e+00
 2.77172e+00  1.00148e+00  1.00034e+00
 2.77664e+00  1.00214e+00  1.00038e+00
 2.78105e+00  1.00183e+00  1.00041e+00
 2.78535e+00  1.00236e+00  1.00044e+00
 2.79000e+00  1.00236e+00  1.00047e+00
 2.79482e+00  1.00224e+00  1.00051e+00
 2.79926e+00  1.00262e+00  1.00054e+00
 2.80408e+00  1.00329e+00  1.00057e+00
 2.80863e+00  1.00252e+00  1.00061e+00
 2.81294e+00  1.00271e+00  1.00064e+00
 2.81795e+00  1.00344e+00  1.00067e+00
 2.82227e+00  1.00183e+00  1.00071e+00
 2.82648e+00  1.00275e+00  1.00074e+00
 2.83133e+00  1.00281e+00  1.00078e+00
 2.83644e+00  1.00266e+00  1.00081e+00
 2.84108e+00  1.00185e+00  1.00085e+00
 2.84576e+00  1.00293e+00  1.00089e+00
 2.85028e+00  1.00083e+00  1.00092e+00
 2.85460e+00  1.00159e+00  1.00096e+00
 2.85963e+00  1.00379e+00  1.00100e+00
 2.86400e+00  1.00119e+00  1.00103e+00
 2.86914e+00  1.00067e+00  1.00107e+00
 2.87385e+00  1.00215e+00  1.00111e+00
 2.87923e+00  1.00094e+00  1.00116e+00
 2.88351e+00  1.00069e+00  1.00119e+00
 2.88813e+00  1.00127e+00  1.00123e+00
 2.89295e+00  1.00076e+00  1.00127e+00
 2.89731e+00  1.00085e+00  1.00130e+00
 2.90202e+00  1.00231e+00  1.00134e+00
 2.90653e+00  1.00042e+00  1.00138e+00
 2.91082e+00  9.99696e-01  1.00142e+00
 2.91545e+00  1.00290e+00  1.00146e+00
 2.92091e+00  9.99672e-01  1.00150e+00
 2.92521e+00  1.00184e+00  1.00154e+00
 2.93025e+00  1.00217e+00  1.00158e+00
 2.93552e+00  1.00196e+00  1.00163e+00
 2.94047e+00  1.00191e+00  1.00167e+00
 2.94499e+00  1.00161e+00  1.00171e+00
 2.95018e+00  1.00094e+00  1.00176e+00
 2.95567e+00  1.00110e+00  1.00180e+00
 2.96073e+00  1.00108e+00  1.00185e+00
 2.96542e+00  1.00279e+00  1.00189e+00
 2.97111e+00  1.00160e+00  1.00194e+00
 2.97664e+00  1.00091e+00  1.00198e+00
 2.98274e+00  1.00170e+00  1.00204e+00
 2.98720e+00  1.00090e+00  1.00207e+00
 2.99193e+00  1.00166e+00  1.00211e+00
 2.99707e+00  1.00109e+00  1.00216e+00
 3.00182e+00  1.00058e+00  1.00220e+00
 3.00674e+00  1.00146e+00  1.00224e+00
 3.01205e+00  1.00159e+00  1.00228e+00
 3.01736e+00  1.00036e+00  1.00232e+00
 3.02214e+00  1.00065e+00  1.00236e+00
 3.02739e+00  1.00312e+00  1.00240e+00
 3.03253e+00  1.00008e+00  1.00244e+00
 3.03763e+00  1.00138e+00  1.00247e+00
 3.04288e+00  1.00132e+00  1.00251e+00
 3.04815e+00  1.00071e+00  1.00255e+00
 3.05381e+00  1.00218e+00  1.00259e+00
 3.05905e+00  1.00144e+00  1.00262e+00
 3.06372e+00  1.00146e+00  1.00265e+00
 3.06869e+00  1.00184e+00  1.00268e+00
 3.07362e+00  1.00091e+00  1.00270e+00
 3.07824e+00  1.00092e+00  1.00273e+00
 3.08342e+00  1.00130e+00  1.00275e+00
 3.08878e+00  1.00168e+00  1.00277e+00
 3.09346e+00  1.00133e+00  1.00279e+00
 3.09857e+00  1.00108e+00  1.00281e+00
 3.10405e+00  1.00047e+00  1.00283e+00
 3.10963e+00  1.00146e+00  1.00284e+00
 3.11477e+00  1.00163e+00  1.00285e+00
 3.11976e+00  1.00149e+00  1.00285e+00
 3.12457e+00  1.00295e+00  1.00285e+00
 3.13024e+00  1.00162e+00  1.00285e+00
 3.13561e+00  9.99750e-01  1.00285e+00
 3.14023e+00  1.00110e+00  1.00284e+00
 3.14487e+00  1.00130e+00  1.00283e+00
 3.15051e+00  1.00054e+00  1.00281e+00
 3.15531e+00  9.99944e-01  1.00279e+00
 3.16003e+00  1.00145e+00  1.00276e+00
 3.16570e+00  1.00128e+00  1.00272e+00
 3.17136e+00  1.00019e+00  1.00268e+00
 3.17620e+00  1.00045e+00  1.00264e+00
 3.18155e+00  1.00110e+00  1.00259e+00
 3.18683e+00  1.00014e+00  1.00253e+00
 3.19260e+00  9.99919e-01  1.00245e+00
 3.19752e+00  9.98319e-01  1.00238e+00
 3.20221e+00  9.99369e-01  1.00231e+00
 3.20708e+00  9.98918e-01  1.00222e+00
 3.21301e+00  9.98448e-01  1.00211e+00
 3.21764e+00  9.96704e-01  1.00202e+00
 3.22231e+00  9.95712e-01  1.00192e+00
 3.22716e+00  9.97779e-01  1.00180e+00
 3.23246e+00  9.95619e-01  1.00167e+00
 3.23691e+00  9.95498e-01  1.00154e+00
 3.24158e+00  9.97289e-01  1.00141e+00
 3.24630e+00  9.95050e-01  1.00126e+00
 3.25112e+00  9.95432e-01  1.00110e+00
 3.25602e+00  9.96746e-01  1.00093e+00
 3.26127e+00  9.94508e-01  1.00074e+00
 3.26566e+00  9.94910e-01  1.00057e+00
 3.27016e+00  9.95914e-01  1.00038e+00
 3.27561e+00  9.94897e-01  1.00015e+00
 3.28014e+00  9.94023e-01  9.99939e-01
 3.28500e+00  9.93979e-01  9.99708e-01
 3.28966e+00  9.94503e-01  9.99475e-01
 3.29496e+00  9.93381e-01  9.99199e-01
 3.29941e+00  9.91742e-01  9.98958e-01
 3.30407e+00  9.88185e-01  9.98696e-01
 3.30880e+00  9.91555e-01  9.98419e-01
 3.31311e+00  9.82733e-01  9.98159e-01
 3.31851e+00  9.75094e-01  9.97823e-01
 3.32395e+00  9.66174e-01  9.97472e-01
 3.32952e+00  9.65974e-01  9.97100e-01
 3.33490e+00  9.61287e-01  9.96731e-01
 3.33960e+00  9.52383e-01  9.96400e-01
 3.34461e+00  9.39188e-01  9.96041e-01
 3.34901e+00  9.48728e-01  9.95720e-01
 3.35397e+00  9.20204e-01  9.95352e-01
 3.35928e+00  9.02466e-01  9.94954e-01
 3.36401e+00  9.10344e-01  9.94596e-01
 3.36832e+00  8.87048e-01  9.94268e-01
 3.37336e+00  8.77952e-01  9.93885e-01
 3.37887e+00  8.65010e-01  9.93466e-01
 3.38326e+00  8.74521e-01  9.93135e-01
 3.38777e+00  8.56549e-01  9.92799e-01
 3.39263e+00  8.60332e-01  9.92443e-01
 3.39715e+00  8.49254e-01  9.92118e-01
 3.40255e+00  8.55744e-01  9.91741e-01
 3.40752e+00  8.51661e-01  9.91407e-01
 3.41196e+00  8.42680e-01  9.91121e-01
 3.41623e+00  8.51663e-01  9.90859e-01
 3.42145e+00  8.57728e-01  9.90558e-01
 3.42615e+00  8.61843e-01  9.90307e-01
 3.43145e+00  8.65517e-01  9.90050e-01
 3.43620e+00  8.81623e-01  9.89845e-01
 3.44137e+00  8.90465e-01  9.89652e-01
 3.44585e+00  8.79774e-01  9.89511e-01
 3.45065e+00  9.03728e-01  9.89392e-01
 3.45562e+00  9.15904e-01  9.89302e-01
 3.46025e+00  9.23572e-01  9.89252e-01
 3.46541e+00  9.08434e-01  9.89236e-01
 3.47038e+00  9.54847e-01  9.89262e-01
 3.47496e+00  9.46054e-01  9.89324e-01
 3.47926e+00  9.54985e-01  9.89415e-01
 3.48428e+00  9.64302e-01  9.89564e-01
 3.48919e+00  9.74014e-01  9.89753e-01
 3.49384e+00  9.80384e-01  9.89972e-01
 3.49836e+00  9.87799e-01  9.90223e-01
 3.50387e+00  9.90214e-01  9.90580e-01
 3.50826e+00  9.83922e-01  9.90902e-01
 3.51277e+00  9.94971e-01  9.91268e-01
 3.51763e+00  9.91885e-01  9.91700e-01
 3.52308e+00  9.92833e-01  9.92230e-01
 3.52806e+00  9.94145e-01  9.92755e-01
 3.53288e+00  9.96929e-01  9.93296e-01
 3.53765e+00  9.96542e-01  9.93861e-01
 3.54269e+00  9.98032e-01  9.94487e-01
 3.54749e+00  9.97859e-01  9.95109e-01
 3.55253e+00  9.97878e-01  9.95785e-01
 3.55682e+00  9.98308e-01  9.96376e-01
 3.56120e+00  1.00031e+00  9.96991e-01
 3.56637e+00  9.99167e-01  9.97729e-01
 3.57093e+00  9.99413e-01  9.98387e-01
 3.57566e+00  1.00116e+00  9.99072e-01
 3.58062e+00  1.00010e+00  9.99792e-01
 3.58518e+00  1.00190e+00  1.00045e+00
 3.59019e+00  1.00065e+00  1.00117e+00
 3.59586e+00  1.00155e+00  1.00197e+00
 3.60098e+00  1.00216e+00  1.00267e+00
 3.60532e+00  1.00397e+00  1.00325e+00
 3.61036e+00  1.00351e+00  1.00391e+00
 3.61543e+00  1.00284e+00  1.00454e+00
 3.62078e+00  1.00377e+00  1.00518e+00
 3.62505e+00  1.00864e+00  1.00566e+00
 3.62977e+00  1.00495e+00  1.00617e+00
 3.63432e+00  1.00587e+00  1.00664e+00
 3.63864e+00  1.00597e+00  1.00705e+00
 3.64350e+00  1.00556e+00  1.00748e+00
 3.64786e+00  1.01039e+00  1.00784e+00
 3.65210e+00  1.00688e+00  1.00817e+00
 3.65752e+00  1.00872e+00  1.00854e+00
 3.66198e+00  1.00571e+00  1.00882e+00
 3.66623e+00  1.00782e+00  1.00906e+00
 3.67111e+00  1.01137e+00  1.00929e+00
 3.67545e+00  1.00761e+00  1.00948e+00
 3.67980e+00  1.00909e+00  1.00963e+00
 3.68481e+00  1.00782e+00  1.00978e+00
 3.68901e+00  1.01155e+00  1.00988e+00
 3.69392e+00  1.00993e+00  1.00997e+00
 3.69930e+00  1.00980e+00  1.01002e+00
 3.70430e+00  1.00810e+00  1.01005e+00
 3.70922e+00  1.01348e+00  1.01004e+00
 3.71379e+00  1.00995e+00  1.01002e+00
 3.71869e+00  1.00907e+00  1.00996e+00
 3.72302e+00  1.00983e+00  1.00990e+00
 3.72753e+00  1.00973e+00  1.00981e+00
 3.73222e+00  1.01195e+00  1.00971e+00
 3.73642e+00  1.00963e+00  1.00960e+00
 3.74157e+00  1.01006e+00  1.00945e+00
 3.74639e+00  1.00875e+00  1.00929e+00
 3.75150e+00  1.01322e+00  1.00911e+00
 3.75582e+00  1.00919e+00  1.00894e+00
 3.76087e+00  1.00912e+00  1.00874e+00
 3.76516e+00  1.00971e+00  1.00856e+00
 3.76964e+00  1.00763e+00  1.00836e+00
 3.77514e+00  1.01207e+00  1.00811e+00
 3.78014e+00  1.00922e+00  1.00788e+00
 3.78448e+00  1.00981e+00  1.00767e+00
 3.78960e+00  1.00915e+00  1.00742e+00
 3.79438e+00  1.01092e+00  1.00719e+00
 3.79892e+00  1.00864e+00  1.00696e+00
 3.80369e+00  1.00815e+00  1.00672e+00
 3.80830e+00  1.00800e+00  1.00649e+00
 3.81256e+00  1.01071e+00  1.00627e+00
 3.81742e+00  1.00757e+00  1.00603e+00
 3.82235e+00  1.00726e+00  1.00578e+00
 3.82667e+00  1.00745e+00  1.00557e+00
 3.83133e+00  1.00762e+00  1.00534e+00
 3.83639e+00  1.00931e+00  1.00509e+00
 3.84057e+00  1.00829e+00  1.00488e+00
 3.84538e+00  1.00662e+00  1.00465e+00
 3.84998e+00  1.00606e+00  1.00444e+00
 3.85421e+00  1.00835e+00  1.00424e+00
 3.85928e+00  1.00510e+00  1.00401e+00
 3.86401e+00  1.00499e+00  1.00380e+00
 3.86832e+00  1.00557e+00  1.00361e+00
 3.87302e+00  1.00431e+00  1.00341e+00
 3.87754e+00  1.00721e+00  1.00322e+00
 3.88186e+00  1.00567e+00  1.00304e+00
 3.88706e+00  1.00418e+00  1.00283e+00
 3.89162e+00  1.00396e+00  1.00265e+00
 3.89588e+00  1.00660e+00  1.00249e+00
 3.90063e+00  1.00343e+00  1.00231e+00
 3.90515e+00  1.00393e+00  1.00214e+00
 3.90990e+00  1.00323e+00  1.00198e+00
 3.91469e+00  1.00309e+00  1.00181e+00
 3.91920e+00  1.00368e+00  1.00166e+00
 3.92392e+00  1.00347e+00  1.00151e+00
 3.92871e+00  1.00194e+00  1.00136e+00
 3.93330e+00  1.00193e+00  1.00122e+00
 3.93761e+00  1.00266e+00  1.00109e+00
 3.94260e+00  1.00192e+00  1.00095e+00
 3.94753e+00  1.00058e+00  1.00081e+00
 3.95218e+00  1.00168e+00  1.00069e+00
 3.95668e+00  1.00106e+00  1.00057e+00
 3.96141e+00  1.00140e+00  1.00045e+00
 3.96559e+00  1.00111e+00  1.00035e+00
 3.97038e+00  1.00074e+00  1.00024e+00
 3.97498e+00  9.98938e-01  1.00014e+00
 3.97921e+00  1.00256e+00  1.00005e+00
 3.98395e+00  9.99218e-01  9.99948e-01
 3.98891e+00  1.00133e+00  9.99849e-01
 3.99384e+00  1.00053e+00  9.99754e-01
 3.99837e+00  1.00006e+00  9.99670e-01
 4.00305e+00  1.00045e+00  9.99587e-01
 4.00739e+00  9.99078e-01  9.99512e-01
 4.01243e+00  9.99386e-01  9.99429e-01
 4.01712e+00  9.99451e-01  9.99355e-01
 4.02183e+00  1.00082e+00  9.99284e-01
 4.02631e+00  9.99307e-01  9.99219e-01
 4.03120e+00  9.99670e-01  9.99151e-01
 4.03552e+00  9.99707e-01  9.99093e-01
 4.04004e+00  9.99651e-01  9.99036e-01
 4.04499e+00  9.98361e-01  9.98975e-01
 4.04950e+00  9.99750e-01  9.98922e-01
 4.05443e+00  1.00012e+00  9.98867e-01
 4.05931e+00  9.97574e-01  9.98816e-01
 4.06365e+00  9.99414e-01  9.98772e-01
 4.06832e+00  9.98658e-01  9.98726e-01
 4.07346e+00  9.97594e-01  9.98679e-01
 4.07900e+00  9.98558e-01  9.98631e-01
 4.08433e+00  9.98789e-01  9.98587e-01
 4.08901e+00  9.97560e-01  9.98551e-01
 4.09456e+00  9.96045e-01  9.98510e-01
 4.09902e+00  9.96711e-01  9.98479e-01
 4.10323e+00  9.91799e-01  9.98451e-01
 4.10825e+00  9.91680e-01  9.98420e-01
 4.11245e+00  9.91027e-01  9.98395e-01
 4.11693e+00  9.86756e-01  9.98370e-01
 4.12204e+00  9.82658e-01  9.98343e-01
 4.12697e+00  9.90821e-01  9.98319e-01
 4.13163e+00  9.76380e-01  9.98297e-01
