360
 1.14690e-02  9.99783e-01  1.00107e+00
 3.23090e-02  1.00051e+00  9.99382e-01
 5.37910e-02  1.00026e+00  1.00108e+00
 7.85120e-02  1.00125e+00  1.00109e+00
 1.04866e-01  1.00178e+00  1.00109e+00
 1.27507e-01  1.00433e+00  1.00110e+00
 1.50247e-01  1.00268e+00  9.99408e-01
 1.73959e-01  1.00469e+00  9.99413e-01
 1.94799e-01  1.00364e+00  9.99418e-01
 2.15649e-01  1.00343e+00  9.99422e-01
 2.36459e-01  1.00276e+00  9.99427e-01
 2.57289e-01  1.00193e+00  9.99432e-01
 2.76352e-01  1.00047e+00  9.99437e-01
 2.96540e-01  1.00039e+00  9.99441e-01
 3.16091e-01  9.99903e-01  1.00114e+00
 3.35175e-01  9.99898e-01  1.00114e+00
 3.54268e-01  1.00025e+00  1.00115e+00
 3.73137e-01  9.99350e-01  1.00115e+00
 3.93848e-01  9.99106e-01  9.99466e-01
 4.13220e-01  9.99259e-01  9.99471e-01
 4.33921e-01  9.97731e-01  9.99476e-01
 4.52790e-01  9.97447e-01  9.99481e-01
 4.71709e-01  9.97904e-01  1.00118e+00
 4.90629e-01  9.97578e-01  1.00118e+00
 5.09403e-01  9.99388e-01  1.00119e+00
 5.29407e-01  1.00030e+00  1.00120e+00
 5.49113e-01  1.00097e+00  9.99508e-01
 5.67828e-01  1.00066e+00  9.99514e-01
 5.85165e-01  1.00210e+00  1.00121e+00
 6.03666e-01  1.00219e+00  1.00122e+00
 6.22535e-01  1.00302e+00  1.00122e+00
 6.41638e-01  1.00273e+00  9.99537e-01
 6.60538e-01  1.00387e+00  9.99543e-01
 6.80875e-01  1.00416e+00  9.99550e-01
 7.01695e-01  1.00255e+00  1.00125e+00
 7.21107e-01  1.00335e+00  9.99564e-01
 7.40027e-01  1.00473e+00  1.00126e+00
 7.58911e-01  1.00286e+00  1.00127e+00
 7.77840e-01  1.00259e+00  9.99585e-01
 7.96749e-01  1.00231e+00  1.00129e+00
 8.15653e-01  1.00105e+00  1.00129e+00
 8.34563e-01  1.00079e+00  1.00130e+00
 8.53666e-01  1.00008e+00  9.99616e-01
 8.72535e-01  9.99633e-01  1.00132e+00
 8.91638e-01  9.98062e-01  9.99633e-01
 9.10538e-01  9.97625e-01  1.00134e+00
 9.29761e-01  9.95789e-01  9.99652e-01
 9.50247e-01  9.96876e-01  1.00305e+00
 9.69207e-01  9.95613e-01  9.99673e-01
 9.88091e-01  9.96095e-01  9.99684e-01
 1.00715e+00  9.97371e-01  1.00139e+00
 1.02784e+00  9.95813e-01  1.00140e+00
 1.04675e+00  9.96649e-01  9.99720e-01
 1.06565e+00  9.99359e-01  9.99734e-01
 1.08600e+00  9.97111e-01  9.99749e-01
 1.10747e+00  9.99523e-01  9.98072e-01
 1.13038e+00  9.99839e-01  9.99785e-01
 1.15122e+00  1.00086e+00  9.99805e-01
 1.17205e+00  1.00077e+00  9.99826e-01
 1.19288e+00  1.00208e+00  1.00154e+00
 1.21372e+00  1.00357e+00  9.99875e-01
 1.23455e+00  1.00255e+00  9.99904e-01
 1.25634e+00  1.00397e+00  9.99939e-01
 1.27943e+00  1.00232e+00  9.99981e-01
 1.30364e+00  9.96385e-01  1.00004e+00
 1.32843e+00  9.56490e-01  1.00349e+00
 1.35441e+00  8.93918e-01  1.00020e+00
 1.37860e+00  8.21353e-01  6.69611e-01
 1.40441e+00  7.35728e-01  6.71568e-01
 1.43025e+00  6.65643e-01  6.65942e-01
 1.45519e+00  6.64870e-01  6.66984e-01
 1.47941e+00  7.06538e-01  6.69085e-01
 1.50282e+00  7.76443e-01  9.99991e-01
 1.52589e+00  8.42059e-01  9.98406e-01
 1.54900e+00  9.10376e-01  1.00018e+00
 1.57221e+00  9.63966e-01  1.00024e+00
 1.59594e+00  9.95095e-01  9.98595e-01
 1.61872e+00  9.98456e-01  9.98635e-01
 1.63952e+00  9.99498e-01  1.00036e+00
 1.66036e+00  1.00058e+00  1.00039e+00
 1.68504e+00  1.00112e+00  9.98725e-01
 1.70917e+00  1.00391e+00  9.97057e-01
 1.73491e+00  1.00434e+00  9.97082e-01
 1.75620e+00  1.00427e+00  9.98794e-01
 1.77814e+00  1.00522e+00  1.00050e+00
 1.80187e+00  1.00351e+00  9.98829e-01
 1.82447e+00  1.00534e+00  9.98845e-01
 1.84658e+00  1.00313e+00  9.98859e-01
 1.87060e+00  1.00499e+00  1.00057e+00
 1.89434e+00  1.00488e+00  1.00058e+00
 1.92353e+00  1.00540e+00  1.00060e+00
 1.94721e+00  1.00604e+00  1.00061e+00
 1.97349e+00  1.00617e+00  9.98929e-01
 1.99644e+00  1.00725e+00  1.00233e+00
 2.01917e+00  1.00564e+00  1.00064e+00
 2.03809e+00  1.00516e+00  9.98957e-01
 2.06038e+00  1.00449e+00  9.98967e-01
 2.08119e+00  1.00296e+00  9.98975e-01
 2.10203e+00  1.00171e+00  9.98983e-01
 2.12304e+00  9.98301e-01  1.00068e+00
 2.14606e+00  9.99320e-01  9.98999e-01
 2.16871e+00  9.96706e-01  9.99007e-01
 2.19144e+00  9.96270e-01  9.99015e-01
 2.21322e+00  9.94909e-01  1.00072e+00
 2.23539e+00  9.66319e-01  9.99030e-01
 2.25716e+00  8.65229e-01  1.00073e+00
 2.27911e+00  7.28157e-01  1.00074e+00
 2.30160e+00  5.85674e-01  9.99050e-01
 2.32286e+00  5.89157e-01  1.00075e+00
 2.34369e+00  7.22547e-01  1.00245e+00
 2.36600e+00  8.63047e-01  9.99069e-01
 2.38744e+00  9.67801e-01  9.99075e-01
 2.40828e+00  9.99387e-01  1.00077e+00
 2.42913e+00  9.98823e-01  1.00078e+00
 2.45169e+00  9.98210e-01  1.00079e+00
 2.47287e+00  9.98059e-01  1.00079e+00
 2.49543e+00  9.98142e-01  9.99103e-01
 2.51840e+00  9.96610e-01  1.00080e+00
 2.53953e+00  9.97319e-01  1.00081e+00
 2.56038e+00  9.96070e-01  9.99119e-01
 2.58119e+00  9.96846e-01  1.00082e+00
 2.60204e+00  9.95839e-01  1.00082e+00
 2.62288e+00  9.96277e-01  1.00083e+00
 2.64369e+00  9.97472e-01  9.99139e-01
 2.66454e+00  9.96690e-01  1.00084e+00
 2.68537e+00  9.98063e-01  1.00084e+00
 2.70635e+00  9.97221e-01  9.99153e-01
 2.72911e+00  9.98773e-01  1.00085e+00
 2.74995e+00  9.99364e-01  9.99163e-01
 2.77078e+00  1.00027e+00  9.99167e-01
 2.79161e+00  1.00119e+00  1.00087e+00
 2.81245e+00  1.00128e+00  1.00087e+00
 2.83328e+00  1.00281e+00  9.99180e-01
 2.85412e+00  1.00199e+00  9.99185e-01
 2.87495e+00  1.00403e+00  1.00088e+00
 2.89578e+00  1.00361e+00  9.99194e-01
 2.91785e+00  1.00254e+00  1.00089e+00
 2.94079e+00  1.00370e+00  9.99203e-01
 2.96244e+00  1.00287e+00  9.99207e-01
 2.98519e+00  1.00184e+00  1.00091e+00
 3.00621e+00  1.00235e+00  1.00091e+00
 3.02703e+00  9.99573e-01  9.99220e-01
 3.04754e+00  1.00592e+00  1.00092e+00
 3.07079e+00  9.97975e-01  9.99229e-01
 3.09114e+00  1.00095e+00  1.00093e+00
 3.11004e+00  9.99015e-01  9.99237e-01
 3.12899e+00  9.99369e-01  9.99240e-01
 3.14817e+00  9.98086e-01  9.99244e-01
 3.16698e+00  9.98853e-01  9.99248e-01
 3.18424e+00  1.00078e+00  1.00094e+00
 3.20160e+00  9.99717e-01  1.00095e+00
 3.21888e+00  9.99509e-01  9.99258e-01
 3.23648e+00  1.00125e+00  1.00095e+00
 3.25383e+00  9.99189e-01  1.00096e+00
 3.27317e+00  9.98749e-01  9.99268e-01
 3.29198e+00  1.00345e+00  9.99272e-01
 3.30924e+00  1.00283e+00  9.99275e-01
 3.32897e+00  1.00517e+00  1.00097e+00
 3.34947e+00  1.00608e+00  9.99283e-01
 3.37125e+00  1.00673e+00  9.99287e-01
 3.39037e+00  1.00613e+00  9.99291e-01
 3.40926e+00  1.00724e+00  1.00099e+00
 3.42813e+00  1.00820e+00  1.00099e+00
 3.44738e+00  1.00530e+00  1.00100e+00
 3.46791e+00  1.00432e+00  9.99306e-01
 3.48744e+00  1.00229e+00  9.99310e-01
 3.50955e+00  1.00244e+00  9.99314e-01
 3.53283e+00  1.00213e+00  1.00101e+00
 3.55619e+00  1.00110e+00  9.97630e-01
 3.57702e+00  9.99055e-01  9.99327e-01
 3.59787e+00  9.98560e-01  1.00102e+00
 3.61869e+00  9.97277e-01  9.99335e-01
 3.64044e+00  9.98270e-01  9.99340e-01
 3.66373e+00  9.97162e-01  1.00104e+00
 3.68885e+00  9.98007e-01  9.99349e-01
 3.71434e+00  9.96995e-01  9.99354e-01
 3.73791e+00  9.97683e-01  1.00105e+00
 3.76004e+00  1.00269e+00  9.99364e-01
 3.78089e+00  1.00004e+00  1.00106e+00
 3.80171e+00  9.99847e-01  1.00107e+00
 3.82879e+00  9.99783e-01  9.99378e-01
 3.84964e+00  1.00051e+00  1.00108e+00
 3.87112e+00  1.00026e+00  1.00108e+00
 3.89584e+00  1.00125e+00  1.00109e+00
 3.92219e+00  1.00178e+00  1.00109e+00
 3.94483e+00  1.00433e+00  1.00110e+00
 3.96757e+00  1.00268e+00  1.00110e+00
 3.99128e+00  1.00469e+00  9.99413e-01
 4.01213e+00  1.00364e+00  9.99418e-01
 4.03298e+00  1.00343e+00  1.00112e+00
 4.05379e+00  1.00276e+00  9.99427e-01
 4.07461e+00  1.00193e+00  9.99432e-01
 4.09368e+00  1.00047e+00  9.99437e-01
 4.11387e+00  1.00039e+00  1.00113e+00
 4.13342e+00  9.99903e-01  1.00114e+00
 4.15250e+00  9.99898e-01  9.99451e-01
 4.17159e+00  1.00025e+00  1.00115e+00
 4.19046e+00  9.99350e-01  1.00115e+00
 4.21117e+00  9.99106e-01  9.99466e-01
 4.23055e+00  9.99259e-01  9.99471e-01
 4.25125e+00  9.97731e-01  9.99476e-01
 4.27012e+00  9.97447e-01  9.99481e-01
 4.28904e+00  9.97904e-01  1.00118e+00
 4.30795e+00  9.97578e-01  9.99491e-01
 4.32673e+00  9.99388e-01  1.00119e+00
 4.34673e+00  1.00030e+00  9.99502e-01
 4.36644e+00  1.00097e+00  9.99508e-01
 4.38516e+00  1.00066e+00  9.99514e-01
 4.40249e+00  1.00210e+00  1.00121e+00
 4.42099e+00  1.00219e+00  9.99524e-01
 4.43986e+00  1.00302e+00  9.99530e-01
 4.45897e+00  1.00273e+00  9.99537e-01
 4.47786e+00  1.00387e+00  1.00124e+00
 4.49820e+00  1.00416e+00  9.99550e-01
 4.51902e+00  1.00255e+00  1.00125e+00
 4.53843e+00  1.00335e+00  9.99564e-01
 4.55735e+00  1.00473e+00  9.99570e-01
 4.57624e+00  1.00286e+00  9.99577e-01
 4.59517e+00  1.00259e+00  9.99585e-01
 4.61408e+00  1.00231e+00  1.00129e+00
 4.63298e+00  1.00105e+00  1.00129e+00
 4.65189e+00  1.00079e+00  9.99608e-01
 4.67099e+00  1.00008e+00  9.99616e-01
 4.68986e+00  9.99633e-01  1.00132e+00
 4.70897e+00  9.98062e-01  9.99633e-01
 4.72786e+00  9.97625e-01  1.00134e+00
 4.74709e+00  9.95789e-01  9.99652e-01
 4.76757e+00  9.96876e-01  1.00136e+00
 4.78653e+00  9.95613e-01  9.99673e-01
 4.80542e+00  9.96095e-01  9.99684e-01
 4.82448e+00  9.97371e-01  9.99695e-01
 4.84517e+00  9.95813e-01  1.00140e+00
 4.86408e+00  9.96649e-01  9.99720e-01
 4.88298e+00  9.99359e-01  9.99734e-01
 4.90332e+00  9.97111e-01  9.99749e-01
 4.92480e+00  9.99523e-01  1.00146e+00
 4.94771e+00  9.99839e-01  9.99785e-01
 4.96855e+00  1.00086e+00  9.99805e-01
 4.98938e+00  1.00077e+00  9.99826e-01
 5.01021e+00  1.00208e+00  1.00154e+00
 5.03105e+00  1.00357e+00  9.99875e-01
 5.05188e+00  1.00255e+00  9.99904e-01
 5.07366e+00  1.00397e+00  9.99939e-01
 5.09676e+00  1.00232e+00  9.98288e-01
 5.12096e+00  9.96385e-01  1.00004e+00
 5.14576e+00  9.56490e-01  1.00349e+00
 5.17173e+00  8.93918e-01  1.00190e+00
 5.19592e+00  8.21353e-01  6.71304e-01
 5.22174e+00  7.35728e-01  6.69874e-01
 5.24758e+00  6.65643e-01  6.67633e-01
 5.27252e+00  6.64870e-01  6.68677e-01
 5.29673e+00  7.06538e-01  6.67392e-01
 5.32015e+00  7.76443e-01  9.99991e-01
 5.34322e+00  8.42059e-01  9.98406e-01
 5.36633e+00  9.10376e-01  9.98484e-01
 5.38953e+00  9.63966e-01  1.00024e+00
 5.41326e+00  9.95095e-01  9.98595e-01
 5.43605e+00  9.98456e-01  9.98635e-01
 5.45685e+00  9.99498e-01  9.98667e-01
 5.47769e+00  1.00058e+00  9.98695e-01
 5.50237e+00  1.00112e+00  9.98725e-01
 5.52650e+00  1.00391e+00  1.00044e+00
 5.55223e+00  1.00434e+00  1.00047e+00
 5.57353e+00  1.00427e+00  1.00049e+00
 5.59547e+00  1.00522e+00  1.00050e+00
 5.61920e+00  1.00351e+00  1.00052e+00
 5.64179e+00  1.00534e+00  9.98845e-01
 5.66391e+00  1.00313e+00  9.97166e-01
 5.68792e+00  1.00499e+00  1.00057e+00
 5.71167e+00  1.00488e+00  1.00058e+00
 5.74086e+00  1.00540e+00  1.00060e+00
 5.76453e+00  1.00604e+00  1.00061e+00
 5.79082e+00  1.00617e+00  9.98929e-01
 5.81377e+00  1.00725e+00  1.00063e+00
 5.83650e+00  1.00564e+00  9.98949e-01
 5.85542e+00  1.00516e+00  9.98957e-01
 5.87770e+00  1.00449e+00  1.00066e+00
 5.89851e+00  1.00296e+00  9.98975e-01
 5.91936e+00  1.00171e+00  9.98983e-01
 5.94036e+00  9.98301e-01  1.00068e+00
 5.96338e+00  9.99320e-01  1.00069e+00
 5.98604e+00  9.96706e-01  9.99007e-01
 6.00877e+00  9.96270e-01  1.00071e+00
 6.03055e+00  9.94909e-01  1.00072e+00
 6.05272e+00  9.66319e-01  9.99030e-01
 6.07449e+00  8.65229e-01  9.99036e-01
 6.09643e+00  7.28157e-01  1.00074e+00
 6.11893e+00  5.85674e-01  1.00074e+00
 6.14018e+00  5.89157e-01  1.00075e+00
 6.16101e+00  7.22547e-01  1.00076e+00
 6.18332e+00  8.63047e-01  9.99069e-01
 6.20477e+00  9.67801e-01  9.99075e-01
 6.22560e+00  9.99387e-01  1.00077e+00
 6.24646e+00  9.98823e-01  1.00078e+00
 6.26902e+00  9.98210e-01  9.99092e-01
 6.29019e+00  9.98059e-01  1.00079e+00
 6.31275e+00  9.98142e-01  1.00080e+00
 6.33573e+00  9.96610e-01  9.99109e-01
 6.35686e+00  9.97319e-01  1.00081e+00
 6.37770e+00  9.96070e-01  1.00081e+00
 6.39851e+00  9.96846e-01  1.00082e+00
 6.41936e+00  9.95839e-01  1.00082e+00
 6.44020e+00  9.96277e-01  1.00083e+00
 6.46101e+00  9.97472e-01  9.99139e-01
 6.48186e+00  9.96690e-01  1.00084e+00
 6.50270e+00  9.98063e-01  1.00084e+00
 6.52367e+00  9.97221e-01  9.99153e-01
 6.54643e+00  9.98773e-01  1.00085e+00
 6.56728e+00  9.99364e-01  9.99163e-01
 6.58810e+00  1.00027e+00  9.99167e-01
 6.60893e+00  1.00119e+00  1.00087e+00
 6.62978e+00  1.00128e+00  1.00087e+00
 6.65060e+00  1.00281e+00  1.00087e+00
 6.67145e+00  1.00199e+00  1.00088e+00
 6.69228e+00  1.00403e+00  9.99189e-01
 6.71310e+00  1.00361e+00  9.99194e-01
 6.73518e+00  1.00254e+00  1.00089e+00
 6.75812e+00  1.00370e+00  1.00090e+00
 6.77977e+00  1.00287e+00  9.99207e-01
 6.80252e+00  1.00184e+00  9.99212e-01
 6.82353e+00  1.00235e+00  9.99216e-01
 6.84436e+00  9.99573e-01  1.00091e+00
 6.86487e+00  1.00592e+00  1.00092e+00
 6.88811e+00  9.97975e-01  1.00092e+00
 6.90846e+00  1.00095e+00  1.00093e+00
 6.92737e+00  9.99015e-01  9.99237e-01
 6.94632e+00  9.99369e-01  9.99240e-01
 6.96550e+00  9.98086e-01  1.00094e+00
 6.98431e+00  9.98853e-01  9.99248e-01
 7.00157e+00  1.00078e+00  9.99251e-01
 7.01893e+00  9.99717e-01  9.99254e-01
 7.03620e+00  9.99509e-01  9.99258e-01
 7.05381e+00  1.00125e+00  1.00095e+00
 7.07116e+00  9.99189e-01  1.00096e+00
 7.09050e+00  9.98749e-01  1.00096e+00
 7.10931e+00  1.00345e+00  9.99272e-01
 7.12657e+00  1.00283e+00  9.99275e-01
 7.14630e+00  1.00517e+00  9.99279e-01
 7.16679e+00  1.00608e+00  9.99283e-01
 7.18858e+00  1.00673e+00  9.99287e-01
 7.20770e+00  1.00613e+00  9.99291e-01
 7.22659e+00  1.00724e+00  1.00099e+00
 7.24546e+00  1.00820e+00  9.99298e-01
 7.26470e+00  1.00530e+00  1.00100e+00
 7.28524e+00  1.00432e+00  9.99306e-01
 7.30476e+00  1.00229e+00  9.99310e-01
 7.32687e+00  1.00244e+00  1.00101e+00
 7.35015e+00  1.00213e+00  1.00101e+00
 7.37352e+00  1.00110e+00  9.99323e-01
 7.39435e+00  9.99055e-01  9.99327e-01
 7.41519e+00  9.98560e-01  1.00102e+00
 7.43602e+00  9.97277e-01  9.99335e-01
 7.45777e+00  9.98270e-01  1.00103e+00
 7.48106e+00  9.97162e-01  9.99344e-01
 7.50618e+00  9.98007e-01  1.00104e+00
 7.53167e+00  9.96995e-01  9.99354e-01
 7.55524e+00  9.97683e-01  1.00105e+00
 7.57737e+00  1.00269e+00  9.99364e-01
 7.59821e+00  1.00004e+00  1.00106e+00
 7.61903e+00  9.99847e-01  1.00107e+00
