1984
 1.46831e+03  9.96301e-01  2.16848e+04
 0.00000e+00  1.46833e+03  2.20260e+04
 9.91176e-01  0.00000e+00  2.23678e+04
 9.96686e-01  9.91384e-01  2.23708e+04
 1.46837e+03  9.96703e-01  2.16848e+04
 0.00000e+00  1.46839e+03  2.20260e+04
 8.86453e-01  1.28000e+02  2.23145e+04
 9.98053e-01  9.92181e-01  2.23715e+04
 1.46843e+03  9.97738e-01  2.16848e+04
 0.00000e+00  1.46845e+03  2.20260e+04
 9.92516e-01  0.00000e+00  2.23686e+04
 9.98325e-01  9.92677e-01  2.23717e+04
 1.46850e+03  9.97827e-01  2.16848e+04
 0.00000e+00  1.46852e+03  2.20260e+04
 9.92956e-01  0.00000e+00  2.23688e+04
 9.98598e-01  9.92759e-01  2.23718e+04
 1.46856e+03  9.98527e-01  2.16848e+04
 0.00000e+00  1.46858e+03  2.20260e+04
 9.93567e-01  0.00000e+00  2.23691e+04
 9.98965e-01  9.93739e-01  2.23720e+04
 1.46862e+03  9.99293e-01  2.16848e+04
 0.00000e+00  1.46864e+03  2.20260e+04
 9.93621e-01  0.00000e+00  2.23691e+04
 9.98665e-01  9.93325e-01  2.23719e+04
 1.46868e+03  9.99462e-01  2.16848e+04
 0.00000e+00  1.46870e+03  2.20260e+04
 9.93211e-01  0.00000e+00  2.23689e+04
 9.98851e-01  9.93217e-01  2.23720e+04
 1.46875e+03  9.99114e-01  2.16848e+04
 0.00000e+00  1.46877e+03  2.20260e+04
 9.93699e-01  0.00000e+00  2.23692e+04
 9.98917e-01  9.93584e-01  2.23720e+04
 1.46881e+03  9.99018e-01  2.16848e+04
 0.00000e+00  1.46883e+03  2.20260e+04
 9.93848e-01  0.00000e+00  2.23693e+04
 9.99316e-01  9.93554e-01  2.23722e+04
 1.46887e+03  9.99716e-01  2.16848e+04
 0.00000e+00  1.46889e+03  2.20260e+04
 9.94710e-01  0.00000e+00  2.23697e+04
 9.99795e-01  9.95037e-01  2.23725e+04
 1.46893e+03  1.00095e+00  2.16848e+04
 0.00000e+00  1.46895e+03  2.20260e+04
 9.94758e-01  1.28000e+02  2.23698e+04
 9.99311e-01  9.94777e-01  2.23722e+04
 1.46900e+03  1.00054e+00  2.16848e+04
 0.00000e+00  1.46902e+03  2.20260e+04
 9.95560e-01  0.00000e+00  2.23702e+04
 1.00075e+00  9.95597e-01  2.23730e+04
 1.46906e+03  1.00024e+00  2.16848e+04
 0.00000e+00  1.46908e+03  2.20260e+04
 9.96122e-01  0.00000e+00  2.23705e+04
 1.00061e+00  9.95686e-01  2.23729e+04
 1.46912e+03  1.00027e+00  2.16848e+04
 0.00000e+00  1.46914e+03  2.20260e+04
 9.95456e-01  0.00000e+00  2.23701e+04
 1.00009e+00  9.95701e-01  2.23726e+04
 1.46918e+03  1.00100e+00  2.16848e+04
 0.00000e+00  1.46920e+03  2.20260e+04
 9.95724e-01  0.00000e+00  2.23703e+04
 1.00038e+00  9.96260e-01  2.23728e+04
 1.46925e+03  1.00001e+00  2.16848e+04
 0.00000e+00  1.46927e+03  2.20260e+04
 9.94840e-01  0.00000e+00  2.23698e+04
 1.00008e+00  9.95238e-01  2.23726e+04
 1.46931e+03  9.99554e-01  2.16848e+04
 0.00000e+00  1.46933e+03  2.20260e+04
 9.95520e-01  0.00000e+00  2.23702e+04
 9.99510e-01  9.95457e-01  2.23723e+04
 1.46937e+03  1.00022e+00  2.16848e+04
 0.00000e+00  1.46939e+03  2.20260e+04
 9.96292e-01  0.00000e+00  2.23706e+04
 9.99961e-01  9.95922e-01  2.23726e+04
 1.46943e+03  1.00039e+00  2.16848e+04
 0.00000e+00  1.46945e+03  2.20260e+04
 9.96502e-01  0.00000e+00  2.23707e+04
 1.00054e+00  9.96805e-01  2.23729e+04
 1.46950e+03  1.00057e+00  2.16848e+04
 0.00000e+00  1.46952e+03  2.20260e+04
 9.97584e-01  0.00000e+00  2.23713e+04
 1.00149e+00  9.97963e-01  2.23734e+04
 1.46956e+03  1.00098e+00  2.16848e+04
 0.00000e+00  1.46958e+03  2.20260e+04
 9.97291e-01  0.00000e+00  2.23711e+04
 1.00045e+00  9.97503e-01  2.23728e+04
 1.46962e+03  9.99809e-01  2.16848e+04
 0.00000e+00  1.46964e+03  2.20260e+04
 9.96450e-01  0.00000e+00  2.23707e+04
 9.99574e-01  9.96514e-01  2.23724e+04
 1.46968e+03  9.98865e-01  2.16848e+04
 0.00000e+00  1.46970e+03  2.20260e+04
 9.96048e-01  0.00000e+00  2.23705e+04
 9.99065e-01  9.96554e-01  2.23721e+04
 1.46975e+03  1.00042e+00  2.16848e+04
 0.00000e+00  1.46977e+03  2.20260e+04
 9.96831e-01  0.00000e+00  2.23709e+04
 1.00027e+00  9.97422e-01  2.23727e+04
 1.46981e+03  1.00042e+00  2.16848e+04
 0.00000e+00  1.46983e+03  2.20260e+04
 9.97344e-01  0.00000e+00  2.23712e+04
 1.00059e+00  9.97644e-01  2.23729e+04
 1.46987e+03  1.00075e+00  2.16848e+04
 0.00000e+00  1.46989e+03  2.20260e+04
 9.97615e-01  0.00000e+00  2.23713e+04
 1.00018e+00  9.97808e-01  2.23727e+04
 1.46993e+03  1.00032e+00  2.16848e+04
 0.00000e+00  1.46995e+03  2.20260e+04
 9.97759e-01  0.00000e+00  2.23714e+04
 1.00095e+00  9.98144e-01  2.23731e+04
 1.47000e+03  1.00067e+00  2.16848e+04
 0.00000e+00  1.47002e+03  2.20260e+04
 9.97988e-01  0.00000e+00  2.23715e+04
 1.00037e+00  9.98169e-01  2.23728e+04
 1.47006e+03  1.00052e+00  2.16848e+04
 0.00000e+00  1.47008e+03  2.20260e+04
 9.97783e-01  0.00000e+00  2.23714e+04
 1.00005e+00  9.97669e-01  2.23726e+04
 1.47012e+03  1.00062e+00  2.16848e+04
 0.00000e+00  1.47014e+03  2.20260e+04
 9.97454e-01  0.00000e+00  2.23712e+04
 1.00079e+00  9.98440e-01  2.23730e+04
 1.47018e+03  1.00018e+00  2.16848e+04
 0.00000e+00  1.47020e+03  2.20260e+04
 9.97133e-01  0.00000e+00  2.23710e+04
 9.99200e-01  9.97127e-01  2.23722e+04
 1.47025e+03  9.99185e-01  2.16848e+04
 0.00000e+00  1.47027e+03  2.20260e+04
 9.97711e-01  0.00000e+00  2.23714e+04
 9.99634e-01  9.97796e-01  2.23724e+04
 1.47031e+03  9.99448e-01  2.16848e+04
 0.00000e+00  1.47033e+03  2.20260e+04
 9.97547e-01  0.00000e+00  2.23713e+04
 9.99964e-01  9.97888e-01  2.23726e+04
 1.47037e+03  9.99798e-01  2.16848e+04
 0.00000e+00  1.47039e+03  2.20260e+04
 9.96912e-01  0.00000e+00  2.23709e+04
 9.99412e-01  9.97234e-01  2.23723e+04
 1.47043e+03  9.99363e-01  2.16848e+04
 0.00000e+00  1.47045e+03  2.20260e+04
 9.97463e-01  0.00000e+00  2.23712e+04
 9.99548e-01  9.97558e-01  2.23723e+04
 1.47050e+03  9.98652e-01  2.16848e+04
 0.00000e+00  1.47052e+03  2.20260e+04
 9.97326e-01  0.00000e+00  2.23711e+04
 9.98764e-01  9.97017e-01  2.23719e+04
 1.47056e+03  9.99256e-01  2.16848e+04
 0.00000e+00  1.47058e+03  2.20260e+04
 9.98192e-01  0.00000e+00  2.23716e+04
 1.00042e+00  9.98581e-01  2.23728e+04
 1.47062e+03  1.00065e+00  2.16848e+04
 0.00000e+00  1.47064e+03  2.20260e+04
 9.99224e-01  0.00000e+00  2.23722e+04
 1.00065e+00  9.99260e-01  2.23729e+04
 1.47068e+03  1.00118e+00  2.16848e+04
 0.00000e+00  1.47070e+03  2.20260e+04
 1.00000e+00  0.00000e+00  2.23726e+04
 1.00144e+00  1.00000e+00  2.23734e+04
 1.47075e+03  1.00112e+00  2.16848e+04
 0.00000e+00  1.47077e+03  2.20260e+04
 9.99752e-01  0.00000e+00  2.23725e+04
 1.00103e+00  9.99620e-01  2.23731e+04
 1.47081e+03  1.00028e+00  2.16848e+04
 0.00000e+00  1.47083e+03  2.20260e+04
 9.98586e-01  0.00000e+00  2.23718e+04
 9.99505e-01  9.98347e-01  2.23723e+04
 1.47087e+03  9.99367e-01  2.16848e+04
 0.00000e+00  1.47089e+03  2.20260e+04
 9.98181e-01  0.00000e+00  2.23716e+04
 9.99573e-01  9.98227e-01  2.23724e+04
 1.47093e+03  1.00022e+00  2.16848e+04
 0.00000e+00  1.47095e+03  2.20260e+04
 9.98917e-01  0.00000e+00  2.23720e+04
 1.00042e+00  9.99182e-01  2.23728e+04
 1.47100e+03  1.00075e+00  2.16848e+04
 0.00000e+00  1.47102e+03  2.20260e+04
 9.99439e-01  0.00000e+00  2.23723e+04
 1.00140e+00  1.00014e+00  2.23733e+04
 1.47106e+03  1.00119e+00  2.16848e+04
 0.00000e+00  1.47108e+03  2.20260e+04
 9.99934e-01  0.00000e+00  2.23726e+04
 1.00145e+00  1.00011e+00  2.23734e+04
 1.47112e+03  1.00114e+00  2.16848e+04
 0.00000e+00  1.47114e+03  2.20260e+04
 1.00014e+00  0.00000e+00  2.23727e+04
 1.00061e+00  9.99458e-01  2.23729e+04
 1.47118e+03  1.00040e+00  2.16848e+04
 0.00000e+00  1.47120e+03  2.20260e+04
 9.99480e-01  0.00000e+00  2.23723e+04
 1.00062e+00  9.99499e-01  2.23729e+04
 1.47125e+03  1.00026e+00  2.16848e+04
 0.00000e+00  1.47127e+03  2.20260e+04
 9.98397e-01  0.00000e+00  2.23717e+04
 9.99254e-01  9.98072e-01  2.23722e+04
 1.47131e+03  9.99165e-01  2.16848e+04
 0.00000e+00  1.47133e+03  2.20260e+04
 9.98400e-01  0.00000e+00  2.23717e+04
 9.99494e-01  9.98209e-01  2.23723e+04
 1.47137e+03  9.99319e-01  2.16848e+04
 0.00000e+00  1.47139e+03  2.20260e+04
 9.97523e-01  0.00000e+00  2.23712e+04
 9.99197e-01  9.97751e-01  2.23722e+04
 1.47143e+03  9.98835e-01  2.16848e+04
 0.00000e+00  1.47145e+03  2.20260e+04
 9.98318e-01  0.00000e+00  2.23717e+04
 9.99802e-01  9.98488e-01  2.23725e+04
 1.47150e+03  9.99556e-01  2.16848e+04
 0.00000e+00  1.47152e+03  2.20260e+04
 8.80516e-01  1.28000e+02  2.23116e+04
 1.00062e+00  9.97601e-01  2.23729e+04
 1.47156e+03  9.99806e-01  2.16848e+04
 0.00000e+00  1.47158e+03  2.20260e+04
 9.97932e-01  0.00000e+00  2.23715e+04
 9.99683e-01  9.98198e-01  2.23724e+04
 1.47162e+03  1.00064e+00  2.16848e+04
 0.00000e+00  1.47164e+03  2.20260e+04
 9.98423e-01  1.28000e+02  2.23717e+04
 9.99348e-01  9.98345e-01  2.23722e+04
 1.47168e+03  9.99609e-01  2.16848e+04
 1.28000e+02  1.47170e+03  2.16847e+04
 9.98091e-01  0.00000e+00  2.23716e+04
 1.00001e+00  9.98973e-01  2.23726e+04
 1.47175e+03  1.00076e+00  2.16848e+04
 0.00000e+00  1.47177e+03  2.20260e+04
 9.99055e-01  0.00000e+00  2.23721e+04
 1.00016e+00  9.98997e-01  2.23727e+04
 1.47181e+03  1.00123e+00  2.16848e+04
 1.28000e+02  1.47183e+03  2.16847e+04
 9.99224e-01  0.00000e+00  2.23722e+04
 9.99910e-01  9.99620e-01  2.23725e+04
 1.47187e+03  1.00014e+00  2.16848e+04
 0.00000e+00  1.47189e+03  2.20260e+04
 9.99612e-01  0.00000e+00  2.23724e+04
 1.00031e+00  9.99059e-01  2.23728e+04
 1.47193e+03  1.00024e+00  2.16848e+04
 0.00000e+00  1.47195e+03  2.20260e+04
 9.99573e-01  0.00000e+00  2.23724e+04
 9.99553e-01  9.98970e-01  2.23723e+04
 1.47200e+03  1.00005e+00  2.16848e+04
 0.00000e+00  1.47202e+03  2.20260e+04
 9.98803e-01  1.28000e+02  2.23719e+04
 9.99278e-01  9.98541e-01  2.23722e+04
 1.47206e+03  9.99173e-01  2.16848e+04
 0.00000e+00  1.47208e+03  2.20260e+04
 9.98862e-01  0.00000e+00  2.23720e+04
 9.99512e-01  9.99112e-01  2.23723e+04
 1.47212e+03  9.99367e-01  2.16848e+04
 0.00000e+00  1.47214e+03  2.20260e+04
 9.99484e-01  1.28000e+02  2.23723e+04
 9.99857e-01  9.99222e-01  2.23725e+04
 1.47218e+03  1.00064e+00  2.16848e+04
 0.00000e+00  1.47220e+03  2.20260e+04
 9.99353e-01  0.00000e+00  2.23722e+04
 9.99480e-01  9.99470e-01  2.23723e+04
 1.47225e+03  1.00009e+00  2.16848e+04
 0.00000e+00  1.47227e+03  2.20260e+04
 1.00030e+00  0.00000e+00  2.23728e+04
 1.00011e+00  1.00034e+00  2.23726e+04
 1.47231e+03  1.00091e+00  2.16848e+04
 0.00000e+00  1.47233e+03  2.20260e+04
 9.99799e-01  0.00000e+00  2.23725e+04
 1.00044e+00  1.00094e+00  2.23728e+04
 1.47237e+03  9.99681e-01  2.16848e+04
 0.00000e+00  1.47239e+03  2.20260e+04
 9.99950e-01  0.00000e+00  2.23726e+04
 9.99323e-01  9.99841e-01  2.23722e+04
 1.47243e+03  9.99295e-01  2.16848e+04
 0.00000e+00  1.47245e+03  2.20260e+04
 1.00049e+00  0.00000e+00  2.23729e+04
 9.98789e-01  9.99648e-01  2.23719e+04
 1.47250e+03  9.99810e-01  2.16848e+04
 0.00000e+00  1.47252e+03  2.20260e+04
 1.00010e+00  0.00000e+00  2.23726e+04
 9.98995e-01  9.99929e-01  2.23720e+04
 1.47256e+03  9.98742e-01  2.16848e+04
 0.00000e+00  1.47258e+03  2.20260e+04
 9.99701e-01  0.00000e+00  2.23724e+04
 9.98911e-01  1.00001e+00  2.23720e+04
 1.47262e+03  9.98979e-01  2.16848e+04
 0.00000e+00  1.47264e+03  2.20260e+04
 1.00119e+00  0.00000e+00  2.23732e+04
 9.99600e-01  1.00092e+00  2.23724e+04
 1.47268e+03  1.00064e+00  2.16848e+04
 0.00000e+00  1.47270e+03  2.20260e+04
 1.00181e+00  0.00000e+00  2.23736e+04
 1.00177e+00  1.00255e+00  2.23735e+04
 1.47275e+03  1.00083e+00  2.16848e+04
 0.00000e+00  1.47277e+03  2.20260e+04
 1.00363e+00  0.00000e+00  2.23746e+04
 1.00191e+00  1.00325e+00  2.23736e+04
 1.47281e+03  1.00098e+00  2.16848e+04
 0.00000e+00  1.47283e+03  2.20260e+04
 1.00386e+00  0.00000e+00  2.23747e+04
 9.97348e-01  1.00529e+00  2.23712e+04
 1.47287e+03  1.00387e+00  2.16848e+04
 0.00000e+00  1.47289e+03  2.20260e+04
 1.00600e+00  0.00000e+00  2.23758e+04
 1.00419e+00  1.00581e+00  2.23749e+04
 1.47293e+03  9.98375e-01  2.16848e+04
 1.28000e+02  1.47295e+03  2.16847e+04
 1.00675e+00  0.00000e+00  2.23763e+04
 1.00296e+00  1.00727e+00  2.23742e+04
 1.47300e+03  1.00571e+00  2.16848e+04
 0.00000e+00  1.47302e+03  2.20260e+04
 1.00747e+00  0.00000e+00  2.23766e+04
 1.00671e+00  1.00814e+00  2.23762e+04
 1.47306e+03  1.00708e+00  2.16848e+04
 0.00000e+00  1.47308e+03  2.20260e+04
 1.00872e+00  0.00000e+00  2.23773e+04
 1.00299e+00  1.00927e+00  2.23742e+04
 1.47312e+03  1.00771e+00  2.16848e+04
 0.00000e+00  1.47314e+03  2.20260e+04
 1.01049e+00  0.00000e+00  2.23783e+04
 9.94842e-01  1.01089e+00  2.23698e+04
 1.47318e+03  9.82018e-01  2.16848e+04
 0.00000e+00  1.47320e+03  2.20260e+04
 1.01133e+00  0.00000e+00  2.23788e+04
 1.00068e+00  1.01123e+00  2.23730e+04
 1.47325e+03  9.81054e-01  2.16848e+04
 0.00000e+00  1.47327e+03  2.20260e+04
 1.00967e+00  1.28000e+02  2.23779e+04
 9.34409e-01  1.00906e+00  2.23382e+04
 1.47331e+03  9.96685e-01  2.16848e+04
 1.28000e+02  1.47333e+03  2.16847e+04
 1.00682e+00  1.28000e+02  2.23763e+04
 9.95924e-01  1.00622e+00  2.23704e+04
 1.47337e+03  9.24789e-01  2.16848e+04
 1.28000e+02  1.47339e+03  2.16847e+04
 1.00456e+00  0.00000e+00  2.23751e+04
 9.65046e-01  1.00349e+00  2.23540e+04
 1.47343e+03  9.44282e-01  2.16848e+04
 0.00000e+00  1.47345e+03  2.20260e+04
 1.00232e+00  0.00000e+00  2.23738e+04
 9.24440e-01  1.00138e+00  2.23332e+04
 1.47350e+03  9.57898e-01  2.16848e+04
 0.00000e+00  1.47352e+03  2.20260e+04
 1.00055e+00  1.28000e+02  2.23729e+04
 9.96855e-01  1.00076e+00  2.23709e+04
 1.47356e+03  9.46599e-01  2.16848e+04
 1.28000e+02  1.47358e+03  2.16847e+04
 9.99832e-01  0.00000e+00  2.23725e+04
 9.09519e-01  9.98997e-01  2.23258e+04
 1.47362e+03  9.54734e-01  2.16848e+04
 1.28000e+02  1.47364e+03  2.16847e+04
 9.98898e-01  1.28000e+02  2.23720e+04
 9.45074e-01  9.98679e-01  2.23437e+04
 1.47368e+03  9.79330e-01  2.16848e+04
 0.00000e+00  1.47370e+03  2.20260e+04
 9.98345e-01  0.00000e+00  2.23717e+04
 9.96466e-01  9.98488e-01  2.23707e+04
 1.47375e+03  9.94612e-01  2.16848e+04
 1.28000e+02  1.47377e+03  2.16847e+04
 9.98884e-01  0.00000e+00  2.23720e+04
 9.96606e-01  9.98594e-01  2.23708e+04
 1.47381e+03  9.96729e-01  2.16848e+04
 0.00000e+00  1.47383e+03  2.20260e+04
 9.99245e-01  0.00000e+00  2.23722e+04
 9.96906e-01  9.99122e-01  2.23709e+04
 1.47387e+03  9.95988e-01  2.16848e+04
 0.00000e+00  1.47389e+03  2.20260e+04
 9.99351e-01  0.00000e+00  2.23722e+04
 9.94855e-01  9.99778e-01  2.23698e+04
 1.47393e+03  9.93004e-01  2.16848e+04
 1.28000e+02  1.47395e+03  2.16847e+04
 1.00066e+00  0.00000e+00  2.23729e+04
 9.98875e-01  1.00090e+00  2.23720e+04
 1.47400e+03  9.99208e-01  2.16848e+04
 0.00000e+00  1.47402e+03  2.20260e+04
 1.00120e+00  0.00000e+00  2.23732e+04
 9.99850e-01  1.00204e+00  2.23725e+04
 1.47406e+03  1.00015e+00  2.16848e+04
 0.00000e+00  1.47408e+03  2.20260e+04
 1.00220e+00  0.00000e+00  2.23738e+04
 9.99493e-01  1.00181e+00  2.23723e+04
 1.47412e+03  1.00000e+00  2.16848e+04
 0.00000e+00  1.47414e+03  2.20260e+04
 1.00160e+00  1.28000e+02  2.23735e+04
 9.98760e-01  1.00111e+00  2.23719e+04
 1.47418e+03  9.99396e-01  2.16848e+04
 0.00000e+00  1.47420e+03  2.20260e+04
 1.00149e+00  0.00000e+00  2.23734e+04
 9.98658e-01  1.00103e+00  2.23719e+04
 1.47425e+03  9.98483e-01  2.16848e+04
 0.00000e+00  1.47427e+03  2.20260e+04
 1.00096e+00  0.00000e+00  2.23731e+04
 9.97977e-01  1.00115e+00  2.23715e+04
 1.47431e+03  9.99475e-01  2.16848e+04
 0.00000e+00  1.47433e+03  2.20260e+04
 1.00218e+00  0.00000e+00  2.23738e+04
 1.00077e+00  1.00299e+00  2.23730e+04
 1.47437e+03  1.00076e+00  2.16848e+04
 0.00000e+00  1.47439e+03  2.20260e+04
 1.00349e+00  0.00000e+00  2.23745e+04
 1.00037e+00  1.00257e+00  2.23728e+04
 1.47443e+03  9.99902e-01  2.16848e+04
 0.00000e+00  1.47445e+03  2.20260e+04
 1.00222e+00  0.00000e+00  2.23738e+04
 9.98118e-01  1.00213e+00  2.23716e+04
 1.47450e+03  1.00044e+00  2.16848e+04
 0.00000e+00  1.47452e+03  2.20260e+04
 1.00182e+00  0.00000e+00  2.23736e+04
 1.00004e+00  1.00207e+00  2.23726e+04
 1.47456e+03  9.99447e-01  2.16848e+04
 0.00000e+00  1.47458e+03  2.20260e+04
 1.00209e+00  0.00000e+00  2.23737e+04
 9.97666e-01  1.00231e+00  2.23713e+04
 1.47462e+03  1.00020e+00  2.16848e+04
 0.00000e+00  1.47464e+03  2.20260e+04
 8.89212e-01  1.28000e+02  2.23158e+04
 9.99660e-01  1.00133e+00  2.23724e+04
 1.47468e+03  9.99811e-01  2.16848e+04
 1.28000e+02  1.47470e+03  2.16847e+04
 1.00164e+00  1.28000e+02  2.23735e+04
 1.00089e+00  1.00194e+00  2.23731e+04
 1.47475e+03  9.99214e-01  2.16848e+04
 0.00000e+00  1.47477e+03  2.20260e+04
 1.00228e+00  0.00000e+00  2.23738e+04
 1.00004e+00  1.00290e+00  2.23726e+04
 1.47481e+03  1.00089e+00  2.16848e+04
 0.00000e+00  1.47483e+03  2.20260e+04
 1.00335e+00  0.00000e+00  2.23744e+04
 1.00113e+00  1.00340e+00  2.23732e+04
 1.47487e+03  1.00061e+00  2.16848e+04
 0.00000e+00  1.47489e+03  2.20260e+04
 1.00298e+00  0.00000e+00  2.23742e+04
 9.99991e-01  1.00315e+00  2.23726e+04
 1.47493e+03  1.00015e+00  2.16848e+04
 0.00000e+00  1.47495e+03  2.20260e+04
 1.00252e+00  0.00000e+00  2.23740e+04
 9.99403e-01  1.00270e+00  2.23723e+04
 1.47500e+03  9.99836e-01  2.16848e+04
 0.00000e+00  1.47502e+03  2.20260e+04
 1.00277e+00  0.00000e+00  2.23741e+04
 9.98958e-01  1.00274e+00  2.23720e+04
 1.47506e+03  9.99506e-01  2.16848e+04
 0.00000e+00  1.47508e+03  2.20260e+04
 1.00220e+00  1.28000e+02  2.23738e+04
 1.00043e+00  1.00264e+00  2.23728e+04
 1.47512e+03  1.00011e+00  2.16848e+04
 0.00000e+00  1.47514e+03  2.20260e+04
 1.00307e+00  0.00000e+00  2.23743e+04
 1.00062e+00  1.00336e+00  2.23729e+04
 1.47518e+03  1.00019e+00  2.16848e+04
 0.00000e+00  1.47520e+03  2.20260e+04
 1.00294e+00  0.00000e+00  2.23742e+04
 1.00090e+00  1.00308e+00  2.23731e+04
 1.47525e+03  1.00077e+00  2.16848e+04
 0.00000e+00  1.47527e+03  2.20260e+04
 1.00323e+00  0.00000e+00  2.23743e+04
 1.00077e+00  1.00335e+00  2.23730e+04
 1.47531e+03  1.00012e+00  2.16848e+04
 0.00000e+00  1.47533e+03  2.20260e+04
 1.00277e+00  0.00000e+00  2.23741e+04
 9.99745e-01  1.00311e+00  2.23725e+04
 1.47537e+03  9.99930e-01  2.16848e+04
 0.00000e+00  1.47539e+03  2.20260e+04
 1.00346e+00  0.00000e+00  2.23745e+04
 1.00031e+00  1.00396e+00  2.23728e+04
 1.47543e+03  1.00046e+00  2.16848e+04
 0.00000e+00  1.47545e+03  2.20260e+04
 1.00447e+00  0.00000e+00  2.23750e+04
 1.00096e+00  1.00391e+00  2.23731e+04
 1.47550e+03  1.00045e+00  2.16848e+04
 0.00000e+00  1.47552e+03  2.20260e+04
 1.00462e+00  0.00000e+00  2.23751e+04
 1.00044e+00  1.00403e+00  2.23728e+04
 1.47556e+03  1.00014e+00  2.16848e+04
 0.00000e+00  1.47558e+03  2.20260e+04
 1.00314e+00  0.00000e+00  2.23743e+04
 1.00075e+00  1.00411e+00  2.23730e+04
 1.47562e+03  1.00045e+00  2.16848e+04
 0.00000e+00  1.47564e+03  2.20260e+04
 1.00415e+00  0.00000e+00  2.23748e+04
 9.98965e-01  1.00444e+00  2.23720e+04
 1.47568e+03  1.00105e+00  2.16848e+04
 0.00000e+00  1.47570e+03  2.20260e+04
 1.00407e+00  0.00000e+00  2.23748e+04
 1.00065e+00  1.00485e+00  2.23729e+04
 1.47575e+03  9.99980e-01  2.16848e+04
 0.00000e+00  1.47577e+03  2.20260e+04
 1.00420e+00  0.00000e+00  2.23749e+04
 9.99842e-01  1.00400e+00  2.23725e+04
 1.47581e+03  9.99731e-01  2.16848e+04
 0.00000e+00  1.47583e+03  2.20260e+04
 1.00431e+00  0.00000e+00  2.23749e+04
 9.99854e-01  1.00389e+00  2.23725e+04
 1.47587e+03  9.99041e-01  2.16848e+04
 0.00000e+00  1.47589e+03  2.20260e+04
 1.00476e+00  0.00000e+00  2.23752e+04
 1.00098e+00  1.00518e+00  2.23731e+04
 1.47593e+03  1.00073e+00  2.16848e+04
 0.00000e+00  1.47595e+03  2.20260e+04
 1.00460e+00  0.00000e+00  2.23751e+04
 1.00038e+00  1.00500e+00  2.23728e+04
 1.47600e+03  1.00056e+00  2.16848e+04
 0.00000e+00  1.47602e+03  2.20260e+04
 1.00517e+00  0.00000e+00  2.23754e+04
 1.00074e+00  1.00536e+00  2.23730e+04
 1.47606e+03  1.00103e+00  2.16848e+04
 0.00000e+00  1.47608e+03  2.20260e+04
 1.00591e+00  0.00000e+00  2.23758e+04
 1.00102e+00  1.00573e+00  2.23731e+04
 1.47612e+03  1.00102e+00  2.16848e+04
 0.00000e+00  1.47614e+03  2.20260e+04
 1.00562e+00  0.00000e+00  2.23756e+04
 1.00109e+00  1.00563e+00  2.23732e+04
 1.47618e+03  1.00100e+00  2.16848e+04
 0.00000e+00  1.47620e+03  2.20260e+04
 1.00536e+00  0.00000e+00  2.23755e+04
 1.00109e+00  1.00584e+00  2.23732e+04
 1.47625e+03  1.00098e+00  2.16848e+04
 0.00000e+00  1.47627e+03  2.20260e+04
 1.00593e+00  0.00000e+00  2.23758e+04
 1.00061e+00  1.00530e+00  2.23729e+04
 1.47631e+03  1.00097e+00  2.16848e+04
 0.00000e+00  1.47633e+03  2.20260e+04
 1.00496e+00  0.00000e+00  2.23753e+04
 1.00089e+00  1.00562e+00  2.23731e+04
 1.47637e+03  1.00000e+00  2.16848e+04
 0.00000e+00  1.47639e+03  2.20260e+04
 1.00456e+00  0.00000e+00  2.23751e+04
 9.99617e-01  1.00452e+00  2.23724e+04
 1.47643e+03  9.99810e-01  2.16848e+04
 0.00000e+00  1.47645e+03  2.20260e+04
 1.00493e+00  0.00000e+00  2.23753e+04
 1.00010e+00  1.00521e+00  2.23726e+04
 1.47650e+03  1.00044e+00  2.16848e+04
 0.00000e+00  1.47652e+03  2.20260e+04
 1.00547e+00  0.00000e+00  2.23756e+04
 1.00101e+00  1.00623e+00  2.23731e+04
 1.47656e+03  1.00078e+00  2.16848e+04
 0.00000e+00  1.47658e+03  2.20260e+04
 1.00601e+00  0.00000e+00  2.23759e+04
 1.00102e+00  1.00635e+00  2.23731e+04
 1.47662e+03  1.00051e+00  2.16848e+04
 0.00000e+00  1.47664e+03  2.20260e+04
 1.00547e+00  0.00000e+00  2.23756e+04
 1.00067e+00  1.00596e+00  2.23730e+04
 1.47668e+03  1.00008e+00  2.16848e+04
 0.00000e+00  1.47670e+03  2.20260e+04
 1.00446e+00  0.00000e+00  2.23750e+04
 9.99313e-01  1.00470e+00  2.23722e+04
 1.47675e+03  9.99139e-01  2.16848e+04
 0.00000e+00  1.47677e+03  2.20260e+04
 1.00495e+00  0.00000e+00  2.23753e+04
 9.99754e-01  1.00520e+00  2.23725e+04
 1.47681e+03  9.99955e-01  2.16848e+04
 0.00000e+00  1.47683e+03  2.20260e+04
 1.00581e+00  0.00000e+00  2.23757e+04
 1.00014e+00  1.00597e+00  2.23727e+04
 1.47687e+03  9.99716e-01  2.16848e+04
 0.00000e+00  1.47689e+03  2.20260e+04
 1.00600e+00  0.00000e+00  2.23758e+04
 1.00055e+00  1.00621e+00  2.23729e+04
 1.47693e+03  9.99960e-01  2.16848e+04
 0.00000e+00  1.47695e+03  2.20260e+04
 1.00631e+00  0.00000e+00  2.23760e+04
 9.99371e-01  1.00569e+00  2.23722e+04
 1.47700e+03  1.00011e+00  2.16848e+04
 0.00000e+00  1.47702e+03  2.20260e+04
 1.00752e+00  0.00000e+00  2.23767e+04
 8.72295e-01  1.01812e+00  2.23077e+04
 1.47814e+03  8.90505e-01  2.16848e+04
 0.00000e+00  1.47816e+03  2.20260e+04
 1.01473e+00  0.00000e+00  2.23806e+04
 9.19249e-01  1.01245e+00  2.23306e+04
 1.47820e+03  9.31575e-01  2.16848e+04
 0.00000e+00  1.47822e+03  2.20260e+04
 1.01099e+00  0.00000e+00  2.23786e+04
 9.44414e-01  1.01025e+00  2.23433e+04
 1.47827e+03  9.48381e-01  2.16848e+04
 0.00000e+00  1.47829e+03  2.20260e+04
 1.01029e+00  0.00000e+00  2.23782e+04
 9.56873e-01  1.00993e+00  2.23497e+04
 1.47833e+03  9.62340e-01  2.16848e+04
 0.00000e+00  1.47835e+03  2.20260e+04
 1.00998e+00  0.00000e+00  2.23780e+04
 9.73687e-01  1.00985e+00  2.23585e+04
 1.47839e+03  9.80727e-01  2.16848e+04
 0.00000e+00  1.47841e+03  2.20260e+04
 1.00904e+00  0.00000e+00  2.23775e+04
 9.94133e-01  1.00924e+00  2.23694e+04
 1.47845e+03  9.99307e-01  2.16848e+04
 1.28000e+02  1.47847e+03  2.16847e+04
 1.00933e+00  0.00000e+00  2.23777e+04
 1.00926e+00  1.00893e+00  2.23776e+04
 1.47852e+03  1.01104e+00  2.16848e+04
 0.00000e+00  1.47854e+03  2.20260e+04
 1.00883e+00  0.00000e+00  2.23774e+04
 1.01119e+00  1.00826e+00  2.23787e+04
 1.47858e+03  1.01193e+00  2.16848e+04
 1.28000e+02  1.47860e+03  2.16847e+04
 1.00860e+00  0.00000e+00  2.23773e+04
 1.01336e+00  1.00777e+00  2.23799e+04
 1.47864e+03  1.01067e+00  2.16848e+04
 0.00000e+00  1.47866e+03  2.20260e+04
 1.00598e+00  0.00000e+00  2.23758e+04
 1.00858e+00  1.00453e+00  2.23773e+04
 1.47870e+03  1.00760e+00  2.16848e+04
 0.00000e+00  1.47872e+03  2.20260e+04
 1.00276e+00  0.00000e+00  2.23741e+04
 1.00800e+00  1.00154e+00  2.23769e+04
 1.47877e+03  1.00646e+00  2.16848e+04
 1.28000e+02  1.47879e+03  2.16847e+04
 9.99857e-01  0.00000e+00  2.23725e+04
 1.00631e+00  9.99070e-01  2.23760e+04
 1.47883e+03  1.00193e+00  2.16848e+04
 0.00000e+00  1.47885e+03  2.20260e+04
 9.97654e-01  0.00000e+00  2.23713e+04
 1.00181e+00  9.97670e-01  2.23736e+04
 1.47889e+03  1.00071e+00  2.16848e+04
 0.00000e+00  1.47891e+03  2.20260e+04
 9.95874e-01  0.00000e+00  2.23704e+04
 1.00028e+00  9.95589e-01  2.23727e+04
 1.47895e+03  9.99186e-01  2.16848e+04
 0.00000e+00  1.47897e+03  2.20260e+04
 9.94789e-01  0.00000e+00  2.23698e+04
 9.98823e-01  9.94467e-01  2.23720e+04
 1.47902e+03  9.99762e-01  2.16848e+04
 0.00000e+00  1.47904e+03  2.20260e+04
 9.93260e-01  0.00000e+00  2.23690e+04
 9.98501e-01  9.93618e-01  2.23718e+04
 1.47908e+03  9.98012e-01  2.16848e+04
 0.00000e+00  1.47910e+03  2.20260e+04
 9.93508e-01  0.00000e+00  2.23691e+04
 9.97969e-01  9.93562e-01  2.23715e+04
 1.47914e+03  9.98726e-01  2.16848e+04
 0.00000e+00  1.47916e+03  2.20260e+04
 9.94013e-01  0.00000e+00  2.23694e+04
 9.99463e-01  9.94309e-01  2.23723e+04
 1.47920e+03  9.98785e-01  2.16848e+04
 0.00000e+00  1.47922e+03  2.20260e+04
 9.94449e-01  0.00000e+00  2.23696e+04
 9.99255e-01  9.94754e-01  2.23722e+04
 1.47927e+03  9.99989e-01  2.16848e+04
 0.00000e+00  1.47929e+03  2.20260e+04
 9.94883e-01  0.00000e+00  2.23698e+04
 9.99995e-01  9.95343e-01  2.23726e+04
 1.47933e+03  9.99245e-01  2.16848e+04
 0.00000e+00  1.47935e+03  2.20260e+04
 9.95401e-01  0.00000e+00  2.23701e+04
 9.99401e-01  9.95250e-01  2.23723e+04
 1.47939e+03  9.99763e-01  2.16848e+04
 0.00000e+00  1.47941e+03  2.20260e+04
 9.95628e-01  0.00000e+00  2.23702e+04
 1.00077e+00  9.96609e-01  2.23730e+04
 1.47945e+03  1.00060e+00  2.16848e+04
 0.00000e+00  1.47947e+03  2.20260e+04
 9.96111e-01  0.00000e+00  2.23705e+04
 1.00149e+00  9.96913e-01  2.23734e+04
 1.47952e+03  1.00064e+00  2.16848e+04
 0.00000e+00  1.47954e+03  2.20260e+04
 9.96642e-01  0.00000e+00  2.23708e+04
 1.00055e+00  9.96348e-01  2.23729e+04
 1.47958e+03  1.00095e+00  2.16848e+04
 0.00000e+00  1.47960e+03  2.20260e+04
 9.96543e-01  0.00000e+00  2.23707e+04
 1.00185e+00  9.97259e-01  2.23736e+04
 1.47964e+03  1.00103e+00  2.16848e+04
 0.00000e+00  1.47966e+03  2.20260e+04
 9.97039e-01  0.00000e+00  2.23710e+04
 1.00117e+00  9.96873e-01  2.23732e+04
 1.47970e+03  1.00244e+00  2.16848e+04
 1.28000e+02  1.47972e+03  2.16847e+04
 9.96301e-01  0.00000e+00  2.23706e+04
 1.00019e+00  9.96355e-01  2.23727e+04
 1.47977e+03  1.00078e+00  2.16848e+04
 0.00000e+00  1.47979e+03  2.20260e+04
 9.97034e-01  0.00000e+00  2.23710e+04
 1.00134e+00  9.97029e-01  2.23733e+04
 1.47983e+03  1.00073e+00  2.16848e+04
 0.00000e+00  1.47985e+03  2.20260e+04
 9.96486e-01  0.00000e+00  2.23707e+04
 1.00075e+00  9.96762e-01  2.23730e+04
 1.47989e+03  1.00030e+00  2.16848e+04
 0.00000e+00  1.47991e+03  2.20260e+04
 9.96677e-01  0.00000e+00  2.23708e+04
 1.00155e+00  9.96909e-01  2.23734e+04
 1.47995e+03  1.00118e+00  2.16848e+04
 0.00000e+00  1.47997e+03  2.20260e+04
 9.96864e-01  0.00000e+00  2.23709e+04
 1.00037e+00  9.96732e-01  2.23728e+04
 1.48002e+03  1.00055e+00  2.16848e+04
 0.00000e+00  1.48004e+03  2.20260e+04
 9.95938e-01  0.00000e+00  2.23704e+04
 1.00064e+00  9.96343e-01  2.23729e+04
 1.48008e+03  9.99281e-01  2.16848e+04
 0.00000e+00  1.48010e+03  2.20260e+04
 9.96299e-01  0.00000e+00  2.23706e+04
 9.99525e-01  9.96124e-01  2.23723e+04
 1.48014e+03  1.00279e+00  2.16848e+04
 1.28000e+02  1.48016e+03  2.16847e+04
 9.96851e-01  0.00000e+00  2.23709e+04
 1.00059e+00  9.96777e-01  2.23729e+04
 1.48020e+03  1.00025e+00  2.16848e+04
 0.00000e+00  1.48022e+03  2.20260e+04
 9.96605e-01  0.00000e+00  2.23708e+04
 1.00068e+00  9.97015e-01  2.23730e+04
 1.48027e+03  1.00034e+00  2.16848e+04
 0.00000e+00  1.48029e+03  2.20260e+04
 9.96692e-01  0.00000e+00  2.23708e+04
 1.00000e+00  9.96589e-01  2.23726e+04
 1.48033e+03  1.00085e+00  2.16848e+04
 0.00000e+00  1.48035e+03  2.20260e+04
 9.97356e-01  0.00000e+00  2.23712e+04
 1.00059e+00  9.97258e-01  2.23729e+04
 1.48039e+03  1.00014e+00  2.16848e+04
 0.00000e+00  1.48041e+03  2.20260e+04
 9.96841e-01  0.00000e+00  2.23709e+04
 1.00000e+00  9.96593e-01  2.23726e+04
 1.48045e+03  9.99610e-01  2.16848e+04
 0.00000e+00  1.48047e+03  2.20260e+04
 9.96921e-01  0.00000e+00  2.23709e+04
 9.99585e-01  9.96832e-01  2.23724e+04
 1.48052e+03  1.00099e+00  2.16848e+04
 0.00000e+00  1.48054e+03  2.20260e+04
 9.97734e-01  0.00000e+00  2.23714e+04
 1.00099e+00  9.97832e-01  2.23731e+04
 1.48058e+03  1.00077e+00  2.16848e+04
 0.00000e+00  1.48060e+03  2.20260e+04
 9.97968e-01  0.00000e+00  2.23715e+04
 9.99938e-01  9.97489e-01  2.23726e+04
 1.48064e+03  1.00087e+00  2.16848e+04
 0.00000e+00  1.48066e+03  2.20260e+04
 9.98153e-01  0.00000e+00  2.23716e+04
 1.00344e+00  9.98475e-01  2.23745e+04
 1.48070e+03  9.99538e-01  2.16848e+04
 0.00000e+00  1.48072e+03  2.20260e+04
 9.97596e-01  0.00000e+00  2.23713e+04
 9.99445e-01  9.97169e-01  2.23723e+04
 1.48077e+03  9.99146e-01  2.16848e+04
 0.00000e+00  1.48079e+03  2.20260e+04
 9.97222e-01  0.00000e+00  2.23711e+04
 9.99051e-01  9.96912e-01  2.23721e+04
 1.48083e+03  9.98988e-01  2.16848e+04
 0.00000e+00  1.48085e+03  2.20260e+04
 9.97138e-01  0.00000e+00  2.23710e+04
 9.98835e-01  9.96675e-01  2.23720e+04
 1.48089e+03  1.00321e+00  2.16848e+04
 1.28000e+02  1.48091e+03  2.16847e+04
 9.96662e-01  0.00000e+00  2.23708e+04
 9.99337e-01  9.96370e-01  2.23722e+04
 1.48095e+03  9.98863e-01  2.16848e+04
 0.00000e+00  1.48097e+03  2.20260e+04
 9.97149e-01  0.00000e+00  2.23710e+04
 9.99068e-01  9.97052e-01  2.23721e+04
 1.48102e+03  9.99053e-01  2.16848e+04
 0.00000e+00  1.48104e+03  2.20260e+04
 9.97244e-01  0.00000e+00  2.23711e+04
 9.99584e-01  9.97364e-01  2.23724e+04
 1.48108e+03  9.98668e-01  2.16848e+04
 0.00000e+00  1.48110e+03  2.20260e+04
 9.96795e-01  0.00000e+00  2.23709e+04
 9.99439e-01  9.96586e-01  2.23723e+04
 1.48114e+03  9.98707e-01  2.16848e+04
 0.00000e+00  1.48116e+03  2.20260e+04
 9.96284e-01  0.00000e+00  2.23706e+04
 9.99218e-01  9.96644e-01  2.23722e+04
 1.48120e+03  9.98561e-01  2.16848e+04
 0.00000e+00  1.48122e+03  2.20260e+04
 9.96202e-01  0.00000e+00  2.23705e+04
 9.98240e-01  9.96253e-01  2.23716e+04
 1.48127e+03  9.98231e-01  2.16848e+04
 0.00000e+00  1.48129e+03  2.20260e+04
 8.73554e-01  1.28000e+02  2.23083e+04
 9.99207e-01  9.96843e-01  2.23722e+04
 1.48133e+03  9.99664e-01  2.16848e+04
 0.00000e+00  1.48135e+03  2.20260e+04
 9.97317e-01  0.00000e+00  2.23711e+04
 1.00004e+00  9.97261e-01  2.23726e+04
 1.48139e+03  1.00046e+00  2.16848e+04
 0.00000e+00  1.48141e+03  2.20260e+04
 9.97827e-01  0.00000e+00  2.23714e+04
 1.00055e+00  9.97752e-01  2.23729e+04
 1.48145e+03  1.00002e+00  2.16848e+04
 0.00000e+00  1.48147e+03  2.20260e+04
 9.98223e-01  0.00000e+00  2.23716e+04
 1.00014e+00  9.97794e-01  2.23727e+04
 1.48152e+03  1.00063e+00  2.16848e+04
 0.00000e+00  1.48154e+03  2.20260e+04
 9.97974e-01  0.00000e+00  2.23715e+04
 1.00090e+00  9.98192e-01  2.23731e+04
 1.48158e+03  1.00087e+00  2.16848e+04
 0.00000e+00  1.48160e+03  2.20260e+04
 9.97764e-01  0.00000e+00  2.23714e+04
 1.00060e+00  9.97892e-01  2.23729e+04
 1.48164e+03  9.99965e-01  2.16848e+04
 0.00000e+00  1.48166e+03  2.20260e+04
 9.97497e-01  0.00000e+00  2.23712e+04
 9.99646e-01  9.97462e-01  2.23724e+04
 1.48170e+03  1.00066e+00  2.16848e+04
 0.00000e+00  1.48172e+03  2.20260e+04
 9.98497e-01  0.00000e+00  2.23718e+04
 1.00101e+00  9.98624e-01  2.23731e+04
 1.48177e+03  1.00078e+00  2.16848e+04
 0.00000e+00  1.48179e+03  2.20260e+04
 9.98852e-01  0.00000e+00  2.23720e+04
 1.00033e+00  9.98187e-01  2.23728e+04
 1.48183e+03  1.00048e+00  2.16848e+04
 0.00000e+00  1.48185e+03  2.20260e+04
 9.98342e-01  0.00000e+00  2.23717e+04
 1.00141e+00  9.98815e-01  2.23734e+04
 1.48189e+03  1.00150e+00  2.16848e+04
 0.00000e+00  1.48191e+03  2.20260e+04
 9.98501e-01  0.00000e+00  2.23718e+04
 1.00030e+00  9.98203e-01  2.23728e+04
 1.48195e+03  1.00025e+00  2.16848e+04
 0.00000e+00  1.48197e+03  2.20260e+04
 9.98024e-01  0.00000e+00  2.23715e+04
 1.00072e+00  9.98492e-01  2.23730e+04
 1.48202e+03  9.99916e-01  2.16848e+04
 0.00000e+00  1.48204e+03  2.20260e+04
 9.98361e-01  0.00000e+00  2.23717e+04
 9.99071e-01  9.97375e-01  2.23721e+04
 1.48208e+03  9.99705e-01  2.16848e+04
 0.00000e+00  1.48210e+03  2.20260e+04
 9.97958e-01  0.00000e+00  2.23715e+04
 1.00050e+00  9.98505e-01  2.23729e+04
 1.48214e+03  1.00066e+00  2.16848e+04
 0.00000e+00  1.48216e+03  2.20260e+04
 9.98442e-01  0.00000e+00  2.23717e+04
 9.97953e-01  9.97136e-01  2.23715e+04
 1.48220e+03  1.00028e+00  2.16848e+04
 0.00000e+00  1.48222e+03  2.20260e+04
 9.98674e-01  0.00000e+00  2.23719e+04
 1.00046e+00  9.98426e-01  2.23728e+04
 1.48227e+03  9.99689e-01  2.16848e+04
 0.00000e+00  1.48229e+03  2.20260e+04
 9.98272e-01  0.00000e+00  2.23717e+04
 9.99880e-01  9.98166e-01  2.23725e+04
 1.48233e+03  9.99520e-01  2.16848e+04
 0.00000e+00  1.48235e+03  2.20260e+04
 9.96941e-01  0.00000e+00  2.23709e+04
 9.98618e-01  9.97219e-01  2.23718e+04
 1.48239e+03  9.98851e-01  2.16848e+04
 0.00000e+00  1.48241e+03  2.20260e+04
 9.97284e-01  0.00000e+00  2.23711e+04
 9.98458e-01  9.96802e-01  2.23718e+04
 1.48245e+03  9.98621e-01  2.16848e+04
 0.00000e+00  1.48247e+03  2.20260e+04
 9.97077e-01  0.00000e+00  2.23710e+04
 9.99490e-01  9.97585e-01  2.23723e+04
 1.48252e+03  9.99895e-01  2.16848e+04
 0.00000e+00  1.48254e+03  2.20260e+04
 9.98899e-01  0.00000e+00  2.23720e+04
 9.99704e-01  9.98507e-01  2.23724e+04
 1.48258e+03  9.99967e-01  2.16848e+04
 0.00000e+00  1.48260e+03  2.20260e+04
 9.98618e-01  0.00000e+00  2.23718e+04
 1.00085e+00  9.99107e-01  2.23730e+04
 1.48264e+03  1.00086e+00  2.16848e+04
 0.00000e+00  1.48266e+03  2.20260e+04
 9.98549e-01  0.00000e+00  2.23718e+04
 1.00039e+00  9.98535e-01  2.23728e+04
 1.48270e+03  1.00056e+00  2.16848e+04
 0.00000e+00  1.48272e+03  2.20260e+04
 9.98841e-01  0.00000e+00  2.23720e+04
 1.00032e+00  9.98578e-01  2.23728e+04
 1.48277e+03  1.00011e+00  2.16848e+04
 0.00000e+00  1.48279e+03  2.20260e+04
 9.98579e-01  0.00000e+00  2.23718e+04
 9.99875e-01  9.98449e-01  2.23725e+04
 1.48283e+03  1.00055e+00  2.16848e+04
 0.00000e+00  1.48285e+03  2.20260e+04
 9.98637e-01  1.28000e+02  2.23719e+04
 1.08603e+00  9.98997e-01  2.24213e+04
 1.48289e+03  1.00079e+00  2.16848e+04
 0.00000e+00  1.48291e+03  2.20260e+04
 9.99244e-01  0.00000e+00  2.23722e+04
 9.99646e-01  9.98350e-01  2.23724e+04
 1.48295e+03  9.99654e-01  2.16848e+04
 0.00000e+00  1.48297e+03  2.20260e+04
 9.98312e-01  0.00000e+00  2.23717e+04
 1.00009e+00  9.98529e-01  2.23726e+04
 1.48302e+03  1.00106e+00  2.16848e+04
 1.28000e+02  1.48304e+03  2.16847e+04
 9.98292e-01  0.00000e+00  2.23717e+04
 1.00038e+00  9.98875e-01  2.23728e+04
 1.48308e+03  1.00085e+00  2.16848e+04
 0.00000e+00  1.48310e+03  2.20260e+04
 9.99100e-01  0.00000e+00  2.23721e+04
 9.99972e-01  9.98325e-01  2.23726e+04
 1.48314e+03  1.00021e+00  2.16848e+04
 0.00000e+00  1.48316e+03  2.20260e+04
 9.97955e-01  0.00000e+00  2.23715e+04
 9.99503e-01  9.98062e-01  2.23723e+04
 1.48320e+03  9.98590e-01  2.16848e+04
 0.00000e+00  1.48322e+03  2.20260e+04
 9.98004e-01  0.00000e+00  2.23715e+04
 9.98672e-01  9.97362e-01  2.23719e+04
 1.48327e+03  9.98272e-01  2.16848e+04
 0.00000e+00  1.48329e+03  2.20260e+04
 9.97328e-01  0.00000e+00  2.23711e+04
 9.98581e-01  9.97661e-01  2.23718e+04
 1.48333e+03  9.99582e-01  2.16848e+04
 0.00000e+00  1.48335e+03  2.20260e+04
 9.97724e-01  0.00000e+00  2.23714e+04
 9.99444e-01  9.98096e-01  2.23723e+04
 1.48339e+03  9.98442e-01  2.16848e+04
 0.00000e+00  1.48341e+03  2.20260e+04
 9.97480e-01  0.00000e+00  2.23712e+04
 9.98883e-01  9.98031e-01  2.23720e+04
 1.48345e+03  9.99778e-01  2.16848e+04
 0.00000e+00  1.48347e+03  2.20260e+04
 9.98171e-01  0.00000e+00  2.23716e+04
 1.00012e+00  9.99063e-01  2.23727e+04
 1.48352e+03  9.99190e-01  2.16848e+04
 0.00000e+00  1.48354e+03  2.20260e+04
 1.00034e+00  0.00000e+00  2.23728e+04
 1.00003e+00  9.99513e-01  2.23726e+04
 1.48358e+03  1.00141e+00  2.16848e+04
 0.00000e+00  1.48360e+03  2.20260e+04
 1.00182e+00  0.00000e+00  2.23736e+04
 1.00317e+00  1.00240e+00  2.23743e+04
 1.48364e+03  1.00360e+00  2.16848e+04
 0.00000e+00  1.48366e+03  2.20260e+04
 1.00372e+00  0.00000e+00  2.23746e+04
 1.00469e+00  1.00422e+00  2.23751e+04
 1.48370e+03  1.00648e+00  2.16848e+04
 0.00000e+00  1.48372e+03  2.20260e+04
 1.00595e+00  0.00000e+00  2.23758e+04
 1.00706e+00  1.00643e+00  2.23764e+04
 1.48377e+03  1.00899e+00  2.16848e+04
 1.28000e+02  1.48379e+03  2.16847e+04
 1.00716e+00  0.00000e+00  2.23765e+04
 1.00905e+00  1.00825e+00  2.23775e+04
 1.48383e+03  1.00866e+00  2.16848e+04
 0.00000e+00  1.48385e+03  2.20260e+04
 1.00893e+00  0.00000e+00  2.23774e+04
 1.00943e+00  1.00921e+00  2.23777e+04
 1.48389e+03  1.01013e+00  2.16848e+04
 0.00000e+00  1.48391e+03  2.20260e+04
 1.00983e+00  0.00000e+00  2.23779e+04
 1.01016e+00  1.00995e+00  2.23781e+04
 1.48395e+03  1.00872e+00  2.16848e+04
 0.00000e+00  1.48397e+03  2.20260e+04
 1.00864e+00  0.00000e+00  2.23773e+04
 1.00871e+00  1.00822e+00  2.23773e+04
 1.48402e+03  1.00738e+00  2.16848e+04
 0.00000e+00  1.48404e+03  2.20260e+04
 1.00673e+00  0.00000e+00  2.23762e+04
 1.00596e+00  1.00536e+00  2.23758e+04
 1.48408e+03  1.00467e+00  2.16848e+04
 0.00000e+00  1.48410e+03  2.20260e+04
 1.00405e+00  0.00000e+00  2.23748e+04
 1.00264e+00  1.00208e+00  2.23740e+04
 1.48414e+03  1.00265e+00  2.16848e+04
 0.00000e+00  1.48416e+03  2.20260e+04
 1.00092e+00  0.00000e+00  2.23731e+04
 9.99995e-01  9.99904e-01  2.23726e+04
 1.48420e+03  1.00071e+00  2.16848e+04
 0.00000e+00  1.48422e+03  2.20260e+04
 9.99376e-01  0.00000e+00  2.23723e+04
 9.99404e-01  9.98982e-01  2.23723e+04
 1.48427e+03  9.99059e-01  2.16848e+04
 0.00000e+00  1.48429e+03  2.20260e+04
 9.98784e-01  0.00000e+00  2.23719e+04
 9.98550e-01  9.97968e-01  2.23718e+04
 1.48433e+03  9.98122e-01  2.16848e+04
 0.00000e+00  1.48435e+03  2.20260e+04
 9.97594e-01  0.00000e+00  2.23713e+04
 9.97742e-01  9.97110e-01  2.23714e+04
 1.48439e+03  9.97219e-01  2.16848e+04
 0.00000e+00  1.48441e+03  2.20260e+04
 8.73238e-01  1.28000e+02  2.23082e+04
 9.97627e-01  9.96949e-01  2.23713e+04
 1.48445e+03  9.99765e-01  2.16848e+04
 0.00000e+00  1.48447e+03  2.20260e+04
 9.96534e-01  0.00000e+00  2.23707e+04
 9.97554e-01  9.96617e-01  2.23713e+04
 1.48452e+03  9.99382e-01  2.16848e+04
 0.00000e+00  1.48454e+03  2.20260e+04
 9.95865e-01  0.00000e+00  2.23704e+04
 9.97374e-01  9.96411e-01  2.23712e+04
 1.48458e+03  9.96498e-01  2.16848e+04
 0.00000e+00  1.48460e+03  2.20260e+04
 9.96381e-01  0.00000e+00  2.23706e+04
 9.97604e-01  9.96955e-01  2.23713e+04
 1.48464e+03  9.97395e-01  2.16848e+04
 0.00000e+00  1.48466e+03  2.20260e+04
 9.96846e-01  0.00000e+00  2.23709e+04
 9.97540e-01  9.96989e-01  2.23713e+04
 1.48470e+03  9.98123e-01  2.16848e+04
 0.00000e+00  1.48472e+03  2.20260e+04
 9.98153e-01  0.00000e+00  2.23716e+04
 9.98952e-01  9.98463e-01  2.23720e+04
 1.48477e+03  9.99481e-01  2.16848e+04
 0.00000e+00  1.48479e+03  2.20260e+04
 9.99475e-01  0.00000e+00  2.23723e+04
 1.00056e+00  9.99755e-01  2.23729e+04
 1.48483e+03  9.99538e-01  2.16848e+04
 0.00000e+00  1.48485e+03  2.20260e+04
 9.99308e-01  0.00000e+00  2.23722e+04
 9.99979e-01  9.99201e-01  2.23726e+04
 1.48489e+03  9.99742e-01  2.16848e+04
 0.00000e+00  1.48491e+03  2.20260e+04
 9.98723e-01  0.00000e+00  2.23719e+04
 1.00047e+00  9.99490e-01  2.23728e+04
 1.48495e+03  1.00003e+00  2.16848e+04
 0.00000e+00  1.48497e+03  2.20260e+04
 9.99500e-01  0.00000e+00  2.23723e+04
 1.00019e+00  9.99759e-01  2.23727e+04
 1.48502e+03  1.00028e+00  2.16848e+04
 0.00000e+00  1.48504e+03  2.20260e+04
 1.00010e+00  0.00000e+00  2.23726e+04
 1.00118e+00  1.00031e+00  2.23732e+04
 1.48508e+03  1.00044e+00  2.16848e+04
 0.00000e+00  1.48510e+03  2.20260e+04
 1.00020e+00  0.00000e+00  2.23727e+04
 1.00105e+00  1.00076e+00  2.23732e+04
 1.48514e+03  1.00064e+00  2.16848e+04
 0.00000e+00  1.48516e+03  2.20260e+04
 1.00088e+00  0.00000e+00  2.23731e+04
 1.00194e+00  1.00130e+00  2.23736e+04
 1.48520e+03  1.00065e+00  2.16848e+04
 0.00000e+00  1.48522e+03  2.20260e+04
 1.00070e+00  0.00000e+00  2.23730e+04
 1.00079e+00  1.00075e+00  2.23730e+04
 1.48527e+03  1.00189e+00  2.16848e+04
 0.00000e+00  1.48529e+03  2.20260e+04
 1.00101e+00  0.00000e+00  2.23731e+04
 1.00083e+00  1.00067e+00  2.23730e+04
 1.48533e+03  1.00069e+00  2.16848e+04
 0.00000e+00  1.48535e+03  2.20260e+04
 1.00001e+00  0.00000e+00  2.23726e+04
 9.99854e-01  9.99733e-01  2.23725e+04
 1.48539e+03  1.00024e+00  2.16848e+04
 0.00000e+00  1.48541e+03  2.20260e+04
 9.99976e-01  0.00000e+00  2.23726e+04
 1.00124e+00  9.99263e-01  2.23733e+04
 1.48545e+03  1.00216e+00  2.16848e+04
 0.00000e+00  1.48547e+03  2.20260e+04
 9.99359e-01  0.00000e+00  2.23722e+04
 9.99283e-01  9.99348e-01  2.23722e+04
 1.48552e+03  9.99252e-01  2.16848e+04
 0.00000e+00  1.48554e+03  2.20260e+04
 9.99774e-01  0.00000e+00  2.23725e+04
 1.00005e+00  1.00023e+00  2.23726e+04
 1.48558e+03  9.99878e-01  2.16848e+04
 0.00000e+00  1.48560e+03  2.20260e+04
 1.00060e+00  0.00000e+00  2.23729e+04
 1.00098e+00  1.00065e+00  2.23731e+04
 1.48564e+03  1.00041e+00  2.16848e+04
 0.00000e+00  1.48566e+03  2.20260e+04
 1.00036e+00  0.00000e+00  2.23728e+04
 9.99983e-01  1.00016e+00  2.23726e+04
 1.48570e+03  9.99832e-01  2.16848e+04
 0.00000e+00  1.48572e+03  2.20260e+04
 1.00081e+00  0.00000e+00  2.23730e+04
 9.99972e-01  1.00036e+00  2.23726e+04
 1.48577e+03  1.00046e+00  2.16848e+04
 0.00000e+00  1.48579e+03  2.20260e+04
 9.99820e-01  0.00000e+00  2.23725e+04
 1.00004e+00  1.00006e+00  2.23726e+04
 1.48583e+03  1.00013e+00  2.16848e+04
 0.00000e+00  1.48585e+03  2.20260e+04
 1.00039e+00  0.00000e+00  2.23728e+04
 1.00058e+00  1.00080e+00  2.23729e+04
 1.48589e+03  1.00136e+00  2.16848e+04
 0.00000e+00  1.48591e+03  2.20260e+04
 1.00121e+00  0.00000e+00  2.23732e+04
 1.00098e+00  1.00155e+00  2.23731e+04
 1.48595e+03  1.00306e+00  2.16848e+04
 0.00000e+00  1.48597e+03  2.20260e+04
 1.00152e+00  0.00000e+00  2.23734e+04
 1.00079e+00  1.00148e+00  2.23730e+04
 1.48602e+03  1.00016e+00  2.16848e+04
 0.00000e+00  1.48604e+03  2.20260e+04
 1.00116e+00  0.00000e+00  2.23732e+04
 1.00110e+00  1.00083e+00  2.23732e+04
 1.48608e+03  1.00010e+00  2.16848e+04
 0.00000e+00  1.48610e+03  2.20260e+04
 9.99988e-01  0.00000e+00  2.23726e+04
 1.00040e+00  1.00032e+00  2.23728e+04
 1.48614e+03  9.99480e-01  2.16848e+04
 0.00000e+00  1.48616e+03  2.20260e+04
 9.99887e-01  0.00000e+00  2.23725e+04
 1.00006e+00  1.00084e+00  2.23726e+04
 1.48620e+03  9.99316e-01  2.16848e+04
 0.00000e+00  1.48622e+03  2.20260e+04
 1.00110e+00  0.00000e+00  2.23732e+04
 1.00055e+00  1.00128e+00  2.23729e+04
 1.48627e+03  1.00095e+00  2.16848e+04
 0.00000e+00  1.48629e+03  2.20260e+04
 1.00151e+00  0.00000e+00  2.23734e+04
 1.00070e+00  1.00163e+00  2.23730e+04
 1.48633e+03  1.00069e+00  2.16848e+04
 0.00000e+00  1.48635e+03  2.20260e+04
 1.00155e+00  0.00000e+00  2.23734e+04
 1.00028e+00  1.00135e+00  2.23727e+04
 1.48639e+03  9.99632e-01  2.16848e+04
 0.00000e+00  1.48641e+03  2.20260e+04
 1.00108e+00  0.00000e+00  2.23732e+04
 1.00049e+00  1.00189e+00  2.23729e+04
 1.48645e+03  1.00013e+00  2.16848e+04
 0.00000e+00  1.48647e+03  2.20260e+04
 1.00130e+00  0.00000e+00  2.23733e+04
 9.99701e-01  1.00121e+00  2.23724e+04
 1.48652e+03  9.99842e-01  2.16848e+04
 0.00000e+00  1.48654e+03  2.20260e+04
 1.00109e+00  0.00000e+00  2.23732e+04
 1.00053e+00  1.00064e+00  2.23729e+04
 1.48658e+03  9.98757e-01  2.16848e+04
 0.00000e+00  1.48660e+03  2.20260e+04
 1.00029e+00  0.00000e+00  2.23727e+04
 9.98927e-01  1.00034e+00  2.23720e+04
 1.48664e+03  9.98467e-01  2.16848e+04
 0.00000e+00  1.48666e+03  2.20260e+04
 9.99919e-01  0.00000e+00  2.23725e+04
 9.99120e-01  1.00032e+00  2.23721e+04
 1.48670e+03  9.99632e-01  2.16848e+04
 0.00000e+00  1.48672e+03  2.20260e+04
 1.00029e+00  0.00000e+00  2.23727e+04
 9.99026e-01  1.00032e+00  2.23721e+04
 1.48677e+03  9.98656e-01  2.16848e+04
 0.00000e+00  1.48679e+03  2.20260e+04
 1.00030e+00  0.00000e+00  2.23728e+04
 1.00047e+00  1.00081e+00  2.23728e+04
 1.48683e+03  9.98815e-01  2.16848e+04
 0.00000e+00  1.48685e+03  2.20260e+04
 1.00120e+00  0.00000e+00  2.23732e+04
 9.99289e-01  1.00103e+00  2.23722e+04
 1.48689e+03  9.99245e-01  2.16848e+04
 0.00000e+00  1.48691e+03  2.20260e+04
 1.00055e+00  0.00000e+00  2.23729e+04
 9.99012e-01  1.00114e+00  2.23721e+04
 1.48695e+03  9.98727e-01  2.16848e+04
 0.00000e+00  1.48697e+03  2.20260e+04
 1.00043e+00  0.00000e+00  2.23728e+04
 9.99042e-01  1.00067e+00  2.23721e+04
 1.48702e+03  9.98813e-01  2.16848e+04
 0.00000e+00  1.48704e+03  2.20260e+04
 1.00108e+00  1.28000e+02  2.23732e+04
 9.98086e-01  1.00055e+00  2.23716e+04
 1.48708e+03  9.99082e-01  2.16848e+04
 0.00000e+00  1.48710e+03  2.20260e+04
 1.00055e+00  0.00000e+00  2.23729e+04
 9.98946e-01  1.00058e+00  2.23720e+04
 1.48714e+03  9.99296e-01  2.16848e+04
 0.00000e+00  1.48716e+03  2.20260e+04
 1.00081e+00  0.00000e+00  2.23730e+04
 9.99036e-01  1.00060e+00  2.23721e+04
 1.48720e+03  9.98918e-01  2.16848e+04
 0.00000e+00  1.48722e+03  2.20260e+04
 1.00022e+00  0.00000e+00  2.23727e+04
 9.98881e-01  1.00087e+00  2.23720e+04
 1.48727e+03  9.99161e-01  2.16848e+04
 0.00000e+00  1.48729e+03  2.20260e+04
 1.00140e+00  0.00000e+00  2.23733e+04
 9.99827e-01  1.00139e+00  2.23725e+04
 1.48733e+03  9.99456e-01  2.16848e+04
 0.00000e+00  1.48735e+03  2.20260e+04
 1.00128e+00  0.00000e+00  2.23733e+04
 9.99421e-01  1.00133e+00  2.23723e+04
 1.48739e+03  9.99950e-01  2.16848e+04
 0.00000e+00  1.48741e+03  2.20260e+04
 1.00145e+00  0.00000e+00  2.23734e+04
 9.98818e-01  1.00094e+00  2.23719e+04
 1.48745e+03  9.99278e-01  2.16848e+04
 0.00000e+00  1.48747e+03  2.20260e+04
 1.00059e+00  0.00000e+00  2.23729e+04
 9.97967e-01  1.00007e+00  2.23715e+04
 1.48752e+03  1.00118e+00  2.16848e+04
 1.28000e+02  1.48754e+03  2.16847e+04
 8.67279e-01  1.28000e+02  2.23053e+04
 9.98108e-01  9.99927e-01  2.23716e+04
 1.48758e+03  9.99498e-01  2.16848e+04
 0.00000e+00  1.48760e+03  2.20260e+04
 1.00064e+00  0.00000e+00  2.23729e+04
 9.99874e-01  1.00058e+00  2.23725e+04
 1.48764e+03  9.99699e-01  2.16848e+04
 0.00000e+00  1.48766e+03  2.20260e+04
 1.00041e+00  0.00000e+00  2.23728e+04
 9.99189e-01  1.00018e+00  2.23722e+04
 1.48770e+03  9.99474e-01  2.16848e+04
 0.00000e+00  1.48772e+03  2.20260e+04
 1.00033e+00  0.00000e+00  2.23728e+04
 9.99377e-01  1.00029e+00  2.23723e+04
 1.48777e+03  9.99607e-01  2.16848e+04
 0.00000e+00  1.48779e+03  2.20260e+04
 1.00032e+00  0.00000e+00  2.23728e+04
 9.99510e-01  1.00052e+00  2.23723e+04
 1.48783e+03  9.99317e-01  2.16848e+04
 0.00000e+00  1.48785e+03  2.20260e+04
 1.00046e+00  0.00000e+00  2.23728e+04
 9.99072e-01  1.00025e+00  2.23721e+04
 1.48789e+03  9.99748e-01  2.16848e+04
 0.00000e+00  1.48791e+03  2.20260e+04
 1.00118e+00  0.00000e+00  2.23732e+04
 9.99493e-01  1.00097e+00  2.23723e+04
 1.48795e+03  1.00003e+00  2.16848e+04
 0.00000e+00  1.48797e+03  2.20260e+04
 1.00107e+00  0.00000e+00  2.23732e+04
 1.00058e+00  1.00197e+00  2.23729e+04
 1.48802e+03  1.00013e+00  2.16848e+04
 0.00000e+00  1.48804e+03  2.20260e+04
 1.00177e+00  0.00000e+00  2.23735e+04
 1.00016e+00  1.00179e+00  2.23727e+04
 1.48808e+03  1.00036e+00  2.16848e+04
 0.00000e+00  1.48810e+03  2.20260e+04
 1.00216e+00  0.00000e+00  2.23738e+04
 1.00071e+00  1.00246e+00  2.23730e+04
 1.48814e+03  9.99345e-01  2.16848e+04
 0.00000e+00  1.48816e+03  2.20260e+04
 1.00186e+00  0.00000e+00  2.23736e+04
 1.00022e+00  1.00229e+00  2.23727e+04
 1.48820e+03  9.98984e-01  2.16848e+04
 0.00000e+00  1.48822e+03  2.20260e+04
 1.00190e+00  0.00000e+00  2.23736e+04
 9.99629e-01  1.00188e+00  2.23724e+04
 1.48827e+03  1.00156e+00  2.16848e+04
 0.00000e+00  1.48829e+03  2.20260e+04
 1.00147e+00  0.00000e+00  2.23734e+04
 9.99283e-01  1.00169e+00  2.23722e+04
 1.48833e+03  9.98283e-01  2.16848e+04
 0.00000e+00  1.48835e+03  2.20260e+04
 1.00134e+00  0.00000e+00  2.23733e+04
 9.98871e-01  1.00163e+00  2.23720e+04
 1.48839e+03  9.98740e-01  2.16848e+04
 0.00000e+00  1.48841e+03  2.20260e+04
 1.00275e+00  0.00000e+00  2.23741e+04
 1.00050e+00  1.00292e+00  2.23729e+04
 1.48845e+03  9.99650e-01  2.16848e+04
 0.00000e+00  1.48847e+03  2.20260e+04
 1.00321e+00  0.00000e+00  2.23743e+04
 9.99960e-01  1.00324e+00  2.23726e+04
 1.48852e+03  1.00010e+00  2.16848e+04
 0.00000e+00  1.48854e+03  2.20260e+04
 1.00313e+00  0.00000e+00  2.23743e+04
 9.99331e-01  1.00256e+00  2.23722e+04
 1.48858e+03  9.99419e-01  2.16848e+04
 0.00000e+00  1.48860e+03  2.20260e+04
 1.00231e+00  0.00000e+00  2.23738e+04
 9.98865e-01  1.00257e+00  2.23720e+04
 1.48864e+03  9.98660e-01  2.16848e+04
 0.00000e+00  1.48866e+03  2.20260e+04
 1.00267e+00  0.00000e+00  2.23740e+04
 9.98919e-01  1.00240e+00  2.23720e+04
 1.48870e+03  9.98669e-01  2.16848e+04
 0.00000e+00  1.48872e+03  2.20260e+04
 1.00225e+00  0.00000e+00  2.23738e+04
 9.99473e-01  1.00280e+00  2.23723e+04
 1.48877e+03  9.99330e-01  2.16848e+04
 0.00000e+00  1.48879e+03  2.20260e+04
 1.00306e+00  0.00000e+00  2.23742e+04
 9.99158e-01  1.00286e+00  2.23721e+04
 1.48883e+03  9.99502e-01  2.16848e+04
 0.00000e+00  1.48885e+03  2.20260e+04
 1.00368e+00  0.00000e+00  2.23746e+04
 9.99955e-01  1.00389e+00  2.23726e+04
 1.48889e+03  1.00048e+00  2.16848e+04
 0.00000e+00  1.48891e+03  2.20260e+04
 1.00459e+00  0.00000e+00  2.23751e+04
 1.00124e+00  1.00513e+00  2.23733e+04
 1.48895e+03  1.00232e+00  2.16848e+04
 0.00000e+00  1.48897e+03  2.20260e+04
 1.00690e+00  0.00000e+00  2.23763e+04
 1.00382e+00  1.00747e+00  2.23747e+04
 1.48902e+03  1.00395e+00  2.16848e+04
 0.00000e+00  1.48904e+03  2.20260e+04
 1.00861e+00  0.00000e+00  2.23773e+04
 1.00517e+00  1.00934e+00  2.23754e+04
 1.48908e+03  1.00487e+00  2.16848e+04
 0.00000e+00  1.48910e+03  2.20260e+04
 1.00969e+00  0.00000e+00  2.23779e+04
 1.00500e+00  1.00957e+00  2.23753e+04
 1.48914e+03  1.00569e+00  2.16848e+04
 0.00000e+00  1.48916e+03  2.20260e+04
 1.01125e+00  0.00000e+00  2.23787e+04
 1.00682e+00  1.01141e+00  2.23763e+04
 1.48920e+03  1.00685e+00  2.16848e+04
 0.00000e+00  1.48922e+03  2.20260e+04
 1.01235e+00  0.00000e+00  2.23793e+04
 1.00882e+00  1.01331e+00  2.23774e+04
 1.48927e+03  1.00813e+00  2.16848e+04
 0.00000e+00  1.48929e+03  2.20260e+04
 1.01281e+00  0.00000e+00  2.23796e+04
 1.00874e+00  1.01333e+00  2.23773e+04
 1.48933e+03  1.00796e+00  2.16848e+04
 0.00000e+00  1.48935e+03  2.20260e+04
 1.01259e+00  0.00000e+00  2.23795e+04
 1.00700e+00  1.01218e+00  2.23764e+04
 1.48939e+03  1.00648e+00  2.16848e+04
 0.00000e+00  1.48941e+03  2.20260e+04
 1.01066e+00  0.00000e+00  2.23784e+04
 1.00429e+00  1.00919e+00  2.23749e+04
 1.48945e+03  1.00585e+00  2.16848e+04
 0.00000e+00  1.48947e+03  2.20260e+04
 1.00792e+00  0.00000e+00  2.23769e+04
 1.00423e+00  1.00721e+00  2.23749e+04
 1.48952e+03  1.00391e+00  2.16848e+04
 0.00000e+00  1.48954e+03  2.20260e+04
 1.00474e+00  0.00000e+00  2.23752e+04
 1.00200e+00  1.00505e+00  2.23737e+04
 1.48958e+03  1.00121e+00  2.16848e+04
 0.00000e+00  1.48960e+03  2.20260e+04
 1.00399e+00  0.00000e+00  2.23748e+04
 1.00001e+00  1.00333e+00  2.23726e+04
 1.48964e+03  1.00037e+00  2.16848e+04
 0.00000e+00  1.48966e+03  2.20260e+04
 1.00282e+00  0.00000e+00  2.23741e+04
 9.98856e-01  1.00191e+00  2.23720e+04
 1.48970e+03  9.95096e-01  2.16848e+04
 0.00000e+00  1.48972e+03  2.20260e+04
 1.00147e+00  0.00000e+00  2.23734e+04
 9.97792e-01  1.00080e+00  2.23714e+04
 1.48977e+03  9.97313e-01  2.16848e+04
 0.00000e+00  1.48979e+03  2.20260e+04
 1.00042e+00  0.00000e+00  2.23728e+04
 9.97127e-01  1.00000e+00  2.23710e+04
 1.48983e+03  9.97099e-01  2.16848e+04
 0.00000e+00  1.48985e+03  2.20260e+04
 1.00013e+00  0.00000e+00  2.23727e+04
 9.96974e-01  1.00056e+00  2.23710e+04
 1.48989e+03  9.98031e-01  2.16848e+04
 0.00000e+00  1.48991e+03  2.20260e+04
 1.00178e+00  0.00000e+00  2.23736e+04
 9.98225e-01  1.00207e+00  2.23716e+04
 1.48995e+03  9.98270e-01  2.16848e+04
 1.28000e+02  1.48997e+03  2.16847e+04
 1.00250e+00  0.00000e+00  2.23739e+04
 9.99775e-01  1.00291e+00  2.23725e+04
 1.49002e+03  9.99785e-01  2.16848e+04
 0.00000e+00  1.49004e+03  2.20260e+04
 1.00288e+00  0.00000e+00  2.23741e+04
 1.00288e+00  0.00000e+00  2.23741e+04
 1.00288e+00  0.00000e+00  2.23741e+04
 1.00288e+00  0.00000e+00  2.23741e+04
 1.00288e+00  0.00000e+00  2.23741e+04
 1.00288e+00  0.00000e+00  2.23741e+04
 1.00288e+00  0.00000e+00  2.23741e+04
 1.00288e+00  0.00000e+00  2.23741e+04
 1.00288e+00  0.00000e+00  2.23741e+04
 1.00288e+00  0.00000e+00  2.23741e+04
 1.00288e+00  0.00000e+00  2.23741e+04
 1.00288e+00  0.00000e+00  2.23741e+04
 1.00288e+00  0.00000e+00  2.23741e+04
 1.00288e+00  0.00000e+00  2.23741e+04
 1.00288e+00  0.00000e+00  2.23741e+04
 1.00288e+00  0.00000e+00  2.23741e+04
 1.00288e+00  0.00000e+00  2.23741e+04
 1.00288e+00  0.00000e+00  2.23741e+04
 1.00288e+00  0.00000e+00  2.23741e+04
 1.00288e+00  0.00000e+00  2.23741e+04
 1.00288e+00  0.00000e+00  2.23741e+04
 1.00288e+00  0.00000e+00  2.23741e+04
 1.00288e+00  0.00000e+00  2.23741e+04
 1.00288e+00  0.00000e+00  2.23741e+04
 1.00288e+00  0.00000e+00  2.23741e+04
 1.00288e+00  0.00000e+00  2.23741e+04
 1.00288e+00  0.00000e+00  2.23741e+04
 1.00288e+00  0.00000e+00  2.23741e+04
 1.00288e+00  0.00000e+00  2.23741e+04
 1.00288e+00  0.00000e+00  2.23741e+04
 1.00288e+00  0.00000e+00  2.23741e+04
 1.00288e+00  0.00000e+00  2.23741e+04
 1.00288e+00  0.00000e+00  2.23741e+04
 1.00288e+00  0.00000e+00  2.23741e+04
 1.00288e+00  0.00000e+00  2.23741e+04
 1.00288e+00  0.00000e+00  2.23741e+04
 1.00288e+00  0.00000e+00  2.23741e+04
 1.00288e+00  0.00000e+00  2.23741e+04
 1.00288e+00  0.00000e+00  2.23741e+04
 1.00288e+00  0.00000e+00  2.23741e+04
 1.00288e+00  0.00000e+00  2.23741e+04
 1.00288e+00  0.00000e+00  2.23741e+04
 1.00288e+00  0.00000e+00  2.23741e+04
 1.00288e+00  0.00000e+00  2.23741e+04
 1.00288e+00  0.00000e+00  2.23741e+04
 1.00288e+00  0.00000e+00  2.23741e+04
 1.00288e+00  0.00000e+00  2.23741e+04
 1.00288e+00  0.00000e+00  2.23741e+04
 1.00288e+00  0.00000e+00  2.23741e+04
 1.00288e+00  0.00000e+00  2.23741e+04
 1.00288e+00  0.00000e+00  2.23741e+04
 1.00288e+00  0.00000e+00  2.23741e+04
 1.00288e+00  0.00000e+00  2.23741e+04
 1.00288e+00  0.00000e+00  2.23741e+04
 1.00288e+00  0.00000e+00  2.23741e+04
 1.00288e+00  0.00000e+00  2.23741e+04
 1.00288e+00  0.00000e+00  2.23741e+04
 1.00288e+00  0.00000e+00  2.23741e+04
 1.00288e+00  0.00000e+00  2.23741e+04
 1.00288e+00  0.00000e+00  2.23741e+04
 1.00288e+00  0.00000e+00  2.23741e+04
 1.00288e+00  0.00000e+00  2.23741e+04
 1.00288e+00  0.00000e+00  2.23741e+04
 1.00288e+00  0.00000e+00  2.23741e+04
 1.00288e+00  0.00000e+00  2.23741e+04
 1.00288e+00  0.00000e+00  2.23741e+04
 1.00288e+00  0.00000e+00  2.23741e+04
 1.00288e+00  0.00000e+00  2.23741e+04
 1.00288e+00  0.00000e+00  2.23741e+04
 1.00288e+00  0.00000e+00  2.23741e+04
 1.00288e+00  0.00000e+00  2.23741e+04
 1.00288e+00  0.00000e+00  2.23741e+04
 1.00288e+00  0.00000e+00  2.23741e+04
 1.00288e+00  0.00000e+00  2.23741e+04
 1.00288e+00  0.00000e+00  2.23741e+04
 1.00288e+00  0.00000e+00  2.23741e+04
 1.00288e+00  0.00000e+00  2.23741e+04
 1.00288e+00  0.00000e+00  2.23741e+04
 1.00288e+00  0.00000e+00  2.23741e+04
 1.00288e+00  0.00000e+00  2.23741e+04
 1.00288e+00  0.00000e+00  2.23741e+04
 1.00288e+00  0.00000e+00  2.23741e+04
 1.00288e+00  0.00000e+00  2.23741e+04
 1.00288e+00  0.00000e+00  2.23741e+04
 1.00288e+00  0.00000e+00  2.23741e+04
 1.00288e+00  0.00000e+00  2.23741e+04
 1.00288e+00  0.00000e+00  2.23741e+04
 1.00288e+00  0.00000e+00  2.23741e+04
 1.00288e+00  0.00000e+00  2.23741e+04
 1.00288e+00  0.00000e+00  2.23741e+04
 1.00288e+00  0.00000e+00  2.23741e+04
 1.00288e+00  0.00000e+00  2.23741e+04
 1.00288e+00  0.00000e+00  2.23741e+04
 1.00288e+00  0.00000e+00  2.23741e+04
 1.00288e+00  0.00000e+00  2.23741e+04
 1.00288e+00  0.00000e+00  2.23741e+04
 1.00288e+00  0.00000e+00  2.23741e+04
 1.00288e+00  0.00000e+00  2.23741e+04
 1.00288e+00  0.00000e+00  2.23741e+04
 1.00288e+00  0.00000e+00  2.23741e+04
 1.00288e+00  0.00000e+00  2.23741e+04
 1.00288e+00  0.00000e+00  2.23741e+04
 1.00288e+00  0.00000e+00  2.23741e+04
 1.00288e+00  0.00000e+00  2.23741e+04
 1.00288e+00  0.00000e+00  2.23741e+04
 1.00288e+00  0.00000e+00  2.23741e+04
 1.00288e+00  0.00000e+00  2.23741e+04
 1.00288e+00  0.00000e+00  2.23741e+04
 1.00288e+00  0.00000e+00  2.23741e+04
 1.00288e+00  0.00000e+00  2.23741e+04
 1.00288e+00  0.00000e+00  2.23741e+04
 1.00288e+00  0.00000e+00  2.23741e+04
 1.00288e+00  0.00000e+00  2.23741e+04
 1.00288e+00  0.00000e+00  2.23741e+04
 1.00288e+00  0.00000e+00  2.23741e+04
 1.00288e+00  0.00000e+00  2.23741e+04
 1.00288e+00  0.00000e+00  2.23741e+04
 1.00288e+00  0.00000e+00  2.23741e+04
 1.00288e+00  0.00000e+00  2.23741e+04
 1.00288e+00  0.00000e+00  2.23741e+04
 1.00288e+00  0.00000e+00  2.23741e+04
 1.00288e+00  0.00000e+00  2.23741e+04
 1.00288e+00  0.00000e+00  2.23741e+04
 1.00288e+00  0.00000e+00  2.23741e+04
 1.00288e+00  0.00000e+00  2.23741e+04
 1.00288e+00  0.00000e+00  2.23741e+04
 1.00288e+00  0.00000e+00  2.23741e+04
 1.00288e+00  0.00000e+00  2.23741e+04
 1.00288e+00  0.00000e+00  2.23741e+04
 1.00288e+00  0.00000e+00  2.23741e+04
 1.00288e+00  0.00000e+00  2.23741e+04
 1.00288e+00  0.00000e+00  2.23741e+04
 1.00288e+00  0.00000e+00  2.23741e+04
 1.00288e+00  0.00000e+00  2.23741e+04
 1.00288e+00  0.00000e+00  2.23741e+04
 1.00288e+00  0.00000e+00  2.23741e+04
 1.00288e+00  0.00000e+00  2.23741e+04
 1.00288e+00  0.00000e+00  2.23741e+04
 1.00288e+00  0.00000e+00  2.23741e+04
 1.00288e+00  0.00000e+00  2.23741e+04
 1.00288e+00  0.00000e+00  2.23741e+04
 1.00288e+00  0.00000e+00  2.23741e+04
 1.00288e+00  0.00000e+00  2.23741e+04
 1.00288e+00  0.00000e+00  2.23741e+04
 1.00288e+00  0.00000e+00  2.23741e+04
 1.00288e+00  0.00000e+00  2.23741e+04
 1.00288e+00  0.00000e+00  2.23741e+04
 1.00288e+00  0.00000e+00  2.23741e+04
 1.00288e+00  0.00000e+00  2.23741e+04
 1.00288e+00  0.00000e+00  2.23741e+04
 1.00288e+00  0.00000e+00  2.23741e+04
 1.00288e+00  0.00000e+00  2.23741e+04
 1.00288e+00  0.00000e+00  2.23741e+04
 1.00288e+00  0.00000e+00  2.23741e+04
 1.00288e+00  0.00000e+00  2.23741e+04
 1.00288e+00  0.00000e+00  2.23741e+04
 1.00288e+00  0.00000e+00  2.23741e+04
 1.00288e+00  0.00000e+00  2.23741e+04
 1.00288e+00  0.00000e+00  2.23741e+04
 1.00288e+00  0.00000e+00  2.23741e+04
 1.00288e+00  0.00000e+00  2.23741e+04
 1.00288e+00  0.00000e+00  2.23741e+04
 1.00288e+00  0.00000e+00  2.23741e+04
 1.00288e+00  0.00000e+00  2.23741e+04
 1.00288e+00  0.00000e+00  2.23741e+04
 1.00288e+00  0.00000e+00  2.23741e+04
 1.00288e+00  0.00000e+00  2.23741e+04
 1.00288e+00  0.00000e+00  2.23741e+04
 1.00288e+00  0.00000e+00  2.23741e+04
 1.00288e+00  0.00000e+00  2.23741e+04
 1.00288e+00  0.00000e+00  2.23741e+04
 1.00288e+00  0.00000e+00  2.23741e+04
 1.00288e+00  0.00000e+00  2.23741e+04
 1.00288e+00  0.00000e+00  2.23741e+04
 1.00288e+00  0.00000e+00  2.23741e+04
 1.00288e+00  0.00000e+00  2.23741e+04
 1.00288e+00  0.00000e+00  2.23741e+04
 1.00288e+00  0.00000e+00  2.23741e+04
 1.00288e+00  0.00000e+00  2.23741e+04
 1.00288e+00  0.00000e+00  2.23741e+04
 1.00288e+00  0.00000e+00  2.23741e+04
 1.00288e+00  0.00000e+00  2.23741e+04
 1.00288e+00  0.00000e+00  2.23741e+04
 1.00288e+00  0.00000e+00  2.23741e+04
 1.00288e+00  0.00000e+00  2.23741e+04
 1.00288e+00  0.00000e+00  2.23741e+04
 1.00288e+00  0.00000e+00  2.23741e+04
 1.00288e+00  0.00000e+00  2.23741e+04
 1.00288e+00  0.00000e+00  2.23741e+04
 1.00288e+00  0.00000e+00  2.23741e+04
 1.00288e+00  0.00000e+00  2.23741e+04
 1.00288e+00  0.00000e+00  2.23741e+04
 1.00288e+00  0.00000e+00  2.23741e+04
 1.00288e+00  0.00000e+00  2.23741e+04
 1.00288e+00  0.00000e+00  2.23741e+04
 1.00288e+00  0.00000e+00  2.23741e+04
 1.00288e+00  0.00000e+00  2.23741e+04
 1.00288e+00  0.00000e+00  2.23741e+04
 1.00288e+00  0.00000e+00  2.23741e+04
 1.00288e+00  0.00000e+00  2.23741e+04
 1.00288e+00  0.00000e+00  2.23741e+04
 1.00288e+00  0.00000e+00  2.23741e+04
 1.00288e+00  0.00000e+00  2.23741e+04
 1.00288e+00  0.00000e+00  2.23741e+04
 1.00288e+00  0.00000e+00  2.23741e+04
 1.00288e+00  0.00000e+00  2.23741e+04
 1.00288e+00  0.00000e+00  2.23741e+04
 1.00288e+00  0.00000e+00  2.23741e+04
 1.00288e+00  0.00000e+00  2.23741e+04
 1.00288e+00  0.00000e+00  2.23741e+04
 1.00288e+00  0.00000e+00  2.23741e+04
 1.00288e+00  0.00000e+00  2.23741e+04
 1.00288e+00  0.00000e+00  2.23741e+04
 1.00288e+00  0.00000e+00  2.23741e+04
 1.00288e+00  0.00000e+00  2.23741e+04
 1.00288e+00  0.00000e+00  2.23741e+04
 1.00288e+00  0.00000e+00  2.23741e+04
 1.00288e+00  0.00000e+00  2.23741e+04
 1.00288e+00  0.00000e+00  2.23741e+04
 1.00288e+00  0.00000e+00  2.23741e+04
 1.00288e+00  0.00000e+00  2.23741e+04
 1.00288e+00  0.00000e+00  2.23741e+04
 1.00288e+00  0.00000e+00  2.23741e+04
 1.00288e+00  0.00000e+00  2.23741e+04
 1.00288e+00  0.00000e+00  2.23741e+04
 1.00288e+00  0.00000e+00  2.23741e+04
 1.00288e+00  0.00000e+00  2.23741e+04
 1.00288e+00  0.00000e+00  2.23741e+04
 1.00288e+00  0.00000e+00  2.23741e+04
 1.00288e+00  0.00000e+00  2.23741e+04
 1.00288e+00  0.00000e+00  2.23741e+04
 1.00288e+00  0.00000e+00  2.23741e+04
 1.00288e+00  0.00000e+00  2.23741e+04
 1.00288e+00  0.00000e+00  2.23741e+04
 1.00288e+00  0.00000e+00  2.23741e+04
 1.00288e+00  0.00000e+00  2.23741e+04
 1.00288e+00  0.00000e+00  2.23741e+04
 1.00288e+00  0.00000e+00  2.23741e+04
 1.00288e+00  0.00000e+00  2.23741e+04
 1.00288e+00  0.00000e+00  2.23741e+04
 1.00288e+00  0.00000e+00  2.23741e+04
 1.00288e+00  0.00000e+00  2.23741e+04
 1.00288e+00  0.00000e+00  2.23741e+04
 1.00288e+00  0.00000e+00  2.23741e+04
 1.00288e+00  0.00000e+00  2.23741e+04
 1.00288e+00  0.00000e+00  2.23741e+04
 1.00288e+00  0.00000e+00  2.23741e+04
 1.00288e+00  0.00000e+00  2.23741e+04
 1.00288e+00  0.00000e+00  2.23741e+04
 1.00288e+00  0.00000e+00  2.23741e+04
 1.00288e+00  0.00000e+00  2.23741e+04
 1.00288e+00  0.00000e+00  2.23741e+04
 1.00288e+00  0.00000e+00  2.23741e+04
 1.00288e+00  0.00000e+00  2.23741e+04
 1.00288e+00  0.00000e+00  2.23741e+04
 1.00288e+00  0.00000e+00  2.23741e+04
 1.00288e+00  0.00000e+00  2.23741e+04
 1.00288e+00  0.00000e+00  2.23741e+04
 1.00288e+00  0.00000e+00  2.23741e+04
 1.00288e+00  0.00000e+00  2.23741e+04
 1.00288e+00  0.00000e+00  2.23741e+04
 1.00288e+00  0.00000e+00  2.23741e+04
 1.00288e+00  0.00000e+00  2.23741e+04
 1.00288e+00  0.00000e+00  2.23741e+04
 1.00288e+00  0.00000e+00  2.23741e+04
 1.00288e+00  0.00000e+00  2.23741e+04
 1.00288e+00  0.00000e+00  2.23741e+04
 1.00288e+00  0.00000e+00  2.23741e+04
 1.00288e+00  0.00000e+00  2.23741e+04
 1.00288e+00  0.00000e+00  2.23741e+04
 1.00288e+00  0.00000e+00  2.23741e+04
 1.00288e+00  0.00000e+00  2.23741e+04
 1.00288e+00  0.00000e+00  2.23741e+04
 1.00288e+00  0.00000e+00  2.23741e+04
 1.00288e+00  0.00000e+00  2.23741e+04
 1.00288e+00  0.00000e+00  2.23741e+04
 1.00288e+00  0.00000e+00  2.23741e+04
 1.00288e+00  0.00000e+00  2.23741e+04
 1.00288e+00  0.00000e+00  2.23741e+04
 1.00288e+00  0.00000e+00  2.23741e+04
 1.00288e+00  0.00000e+00  2.23741e+04
 1.00288e+00  0.00000e+00  2.23741e+04
 1.00288e+00  0.00000e+00  2.23741e+04
 1.00288e+00  0.00000e+00  2.23741e+04
 1.00288e+00  0.00000e+00  2.23741e+04
 1.00288e+00  0.00000e+00  2.23741e+04
 1.00288e+00  0.00000e+00  2.23741e+04
 1.00288e+00  0.00000e+00  2.23741e+04
 1.00288e+00  0.00000e+00  2.23741e+04
 1.00288e+00  0.00000e+00  2.23741e+04
 1.00288e+00  0.00000e+00  2.23741e+04
 1.00288e+00  0.00000e+00  2.23741e+04
 1.00288e+00  0.00000e+00  2.23741e+04
 1.00288e+00  0.00000e+00  2.23741e+04
 1.00288e+00  0.00000e+00  2.23741e+04
 1.00288e+00  0.00000e+00  2.23741e+04
 1.00288e+00  0.00000e+00  2.23741e+04
 1.00288e+00  0.00000e+00  2.23741e+04
 1.00288e+00  0.00000e+00  2.23741e+04
 1.00288e+00  0.00000e+00  2.23741e+04
 1.00288e+00  0.00000e+00  2.23741e+04
 1.00288e+00  0.00000e+00  2.23741e+04
 1.00288e+00  0.00000e+00  2.23741e+04
 1.00288e+00  0.00000e+00  2.23741e+04
 1.00288e+00  0.00000e+00  2.23741e+04
 1.00288e+00  0.00000e+00  2.23741e+04
 1.00288e+00  0.00000e+00  2.23741e+04
 1.00288e+00  0.00000e+00  2.23741e+04
 1.00288e+00  0.00000e+00  2.23741e+04
 1.00288e+00  0.00000e+00  2.23741e+04
 1.00288e+00  0.00000e+00  2.23741e+04
 1.00288e+00  0.00000e+00  2.23741e+04
 1.00288e+00  0.00000e+00  2.23741e+04
 1.00288e+00  0.00000e+00  2.23741e+04
 1.00288e+00  0.00000e+00  2.23741e+04
 1.00288e+00  0.00000e+00  2.23741e+04
 1.00288e+00  0.00000e+00  2.23741e+04
 1.00288e+00  0.00000e+00  2.23741e+04
 1.00288e+00  0.00000e+00  2.23741e+04
 1.00288e+00  0.00000e+00  2.23741e+04
 1.00288e+00  0.00000e+00  2.23741e+04
 1.00288e+00  0.00000e+00  2.23741e+04
 1.00288e+00  0.00000e+00  2.23741e+04
 1.00288e+00  0.00000e+00  2.23741e+04
 1.00288e+00  0.00000e+00  2.23741e+04
 1.00288e+00  0.00000e+00  2.23741e+04
 1.00288e+00  0.00000e+00  2.23741e+04
 1.00288e+00  0.00000e+00  2.23741e+04
 1.00288e+00  0.00000e+00  2.23741e+04
 1.00288e+00  0.00000e+00  2.23741e+04
 1.00288e+00  0.00000e+00  2.23741e+04
 1.00288e+00  0.00000e+00  2.23741e+04
 1.00288e+00  0.00000e+00  2.23741e+04
 1.00288e+00  0.00000e+00  2.23741e+04
 1.00288e+00  0.00000e+00  2.23741e+04
 1.00288e+00  0.00000e+00  2.23741e+04
 1.00288e+00  0.00000e+00  2.23741e+04
 1.00288e+00  0.00000e+00  2.23741e+04
 1.00288e+00  0.00000e+00  2.23741e+04
 1.00288e+00  0.00000e+00  2.23741e+04
 1.00288e+00  0.00000e+00  2.23741e+04
 1.00288e+00  0.00000e+00  2.23741e+04
 1.00288e+00  0.00000e+00  2.23741e+04
 1.00288e+00  0.00000e+00  2.23741e+04
 1.00288e+00  0.00000e+00  2.23741e+04
 1.00288e+00  0.00000e+00  2.23741e+04
 1.00288e+00  0.00000e+00  2.23741e+04
 1.00288e+00  0.00000e+00  2.23741e+04
 1.00288e+00  0.00000e+00  2.23741e+04
 1.00288e+00  0.00000e+00  2.23741e+04
 1.00288e+00  0.00000e+00  2.23741e+04
 1.00288e+00  0.00000e+00  2.23741e+04
 1.00288e+00  0.00000e+00  2.23741e+04
 1.00288e+00  0.00000e+00  2.23741e+04
 1.00288e+00  0.00000e+00  2.23741e+04
 1.00288e+00  0.00000e+00  2.23741e+04
 1.00288e+00  0.00000e+00  2.23741e+04
 1.00288e+00  0.00000e+00  2.23741e+04
 1.00288e+00  0.00000e+00  2.23741e+04
 1.00288e+00  0.00000e+00  2.23741e+04
 1.00288e+00  0.00000e+00  2.23741e+04
 1.00288e+00  0.00000e+00  2.23741e+04
 1.00288e+00  0.00000e+00  2.23741e+04
 1.00288e+00  0.00000e+00  2.23741e+04
 1.00288e+00  0.00000e+00  2.23741e+04
 1.00288e+00  0.00000e+00  2.23741e+04
 1.00288e+00  0.00000e+00  2.23741e+04
 1.00288e+00  0.00000e+00  2.23741e+04
 1.00288e+00  0.00000e+00  2.23741e+04
 1.00288e+00  0.00000e+00  2.23741e+04
 1.00288e+00  0.00000e+00  2.23741e+04
 1.00288e+00  0.00000e+00  2.23741e+04
 1.00288e+00  0.00000e+00  2.23741e+04
 1.00288e+00  0.00000e+00  2.23741e+04
 1.00288e+00  0.00000e+00  2.23741e+04
 1.00288e+00  0.00000e+00  2.23741e+04
 1.00288e+00  0.00000e+00  2.23741e+04
 1.00288e+00  0.00000e+00  2.23741e+04
 1.00288e+00  0.00000e+00  2.23741e+04
 1.00288e+00  0.00000e+00  2.23741e+04
 1.00288e+00  0.00000e+00  2.23741e+04
 1.00288e+00  0.00000e+00  2.23741e+04
 1.00288e+00  0.00000e+00  2.23741e+04
 1.00288e+00  0.00000e+00  2.23741e+04
 1.00288e+00  0.00000e+00  2.23741e+04
 1.00288e+00  0.00000e+00  2.23741e+04
 1.00288e+00  0.00000e+00  2.23741e+04
 1.00288e+00  0.00000e+00  2.23741e+04
 1.00288e+00  0.00000e+00  2.23741e+04
 1.00288e+00  0.00000e+00  2.23741e+04
 1.00288e+00  0.00000e+00  2.23741e+04
 1.00288e+00  0.00000e+00  2.23741e+04
 1.00288e+00  0.00000e+00  2.23741e+04
 1.00288e+00  0.00000e+00  2.23741e+04
 1.00288e+00  0.00000e+00  2.23741e+04
 1.00288e+00  0.00000e+00  2.23741e+04
 1.00288e+00  0.00000e+00  2.23741e+04
 1.00288e+00  0.00000e+00  2.23741e+04
 1.00288e+00  0.00000e+00  2.23741e+04
 1.00288e+00  0.00000e+00  2.23741e+04
 1.00288e+00  0.00000e+00  2.23741e+04
 1.00288e+00  0.00000e+00  2.23741e+04
 1.00288e+00  0.00000e+00  2.23741e+04
 1.00288e+00  0.00000e+00  2.23741e+04
 1.00288e+00  0.00000e+00  2.23741e+04
 1.00288e+00  0.00000e+00  2.23741e+04
 1.00288e+00  0.00000e+00  2.23741e+04
 1.00288e+00  0.00000e+00  2.23741e+04
 1.00288e+00  0.00000e+00  2.23741e+04
 1.00288e+00  0.00000e+00  2.23741e+04
 1.00288e+00  0.00000e+00  2.23741e+04
 1.00288e+00  0.00000e+00  2.23741e+04
 1.00288e+00  0.00000e+00  2.23741e+04
 1.00288e+00  0.00000e+00  2.23741e+04
 1.00288e+00  0.00000e+00  2.23741e+04
 1.00288e+00  0.00000e+00  2.23741e+04
 1.00288e+00  0.00000e+00  2.23741e+04
 1.00288e+00  0.00000e+00  2.23741e+04
 1.00288e+00  0.00000e+00  2.23741e+04
 1.00288e+00  0.00000e+00  2.23741e+04
 1.00288e+00  0.00000e+00  2.23741e+04
 1.00288e+00  0.00000e+00  2.23741e+04
 1.00288e+00  0.00000e+00  2.23741e+04
 1.00288e+00  0.00000e+00  2.23741e+04
 1.00288e+00  0.00000e+00  2.23741e+04
 1.00288e+00  0.00000e+00  2.23741e+04
 1.00288e+00  0.00000e+00  2.23741e+04
 1.00288e+00  0.00000e+00  2.23741e+04
 1.00288e+00  0.00000e+00  2.23741e+04
 1.00288e+00  0.00000e+00  2.23741e+04
 1.00288e+00  0.00000e+00  2.23741e+04
 1.00288e+00  0.00000e+00  2.23741e+04
 1.00288e+00  0.00000e+00  2.23741e+04
 1.00288e+00  0.00000e+00  2.23741e+04
 1.00288e+00  0.00000e+00  2.23741e+04
 1.00288e+00  0.00000e+00  2.23741e+04
 1.00288e+00  0.00000e+00  2.23741e+04
 1.00288e+00  0.00000e+00  2.23741e+04
 1.00288e+00  0.00000e+00  2.23741e+04
 1.00288e+00  0.00000e+00  2.23741e+04
 1.00288e+00  0.00000e+00  2.23741e+04
 1.00288e+00  0.00000e+00  2.23741e+04
 1.00288e+00  0.00000e+00  2.23741e+04
 1.00288e+00  0.00000e+00  2.23741e+04
 1.00288e+00  0.00000e+00  2.23741e+04
 1.00288e+00  0.00000e+00  2.23741e+04
 1.00288e+00  0.00000e+00  2.23741e+04
 1.00288e+00  0.00000e+00  2.23741e+04
 1.00288e+00  0.00000e+00  2.23741e+04
 1.00288e+00  0.00000e+00  2.23741e+04
 1.00288e+00  0.00000e+00  2.23741e+04
 1.00288e+00  0.00000e+00  2.23741e+04
 1.00288e+00  0.00000e+00  2.23741e+04
 1.00288e+00  0.00000e+00  2.23741e+04
 1.00288e+00  0.00000e+00  2.23741e+04
 1.00288e+00  0.00000e+00  2.23741e+04
 1.00288e+00  0.00000e+00  2.23741e+04
 1.00288e+00  0.00000e+00  2.23741e+04
 1.00288e+00  0.00000e+00  2.23741e+04
 1.00288e+00  0.00000e+00  2.23741e+04
 1.00288e+00  0.00000e+00  2.23741e+04
 1.00288e+00  0.00000e+00  2.23741e+04
 1.00288e+00  0.00000e+00  2.23741e+04
 1.00288e+00  0.00000e+00  2.23741e+04
 1.00288e+00  0.00000e+00  2.23741e+04
 1.00288e+00  0.00000e+00  2.23741e+04
 1.00288e+00  0.00000e+00  2.23741e+04
 1.00288e+00  0.00000e+00  2.23741e+04
 1.00288e+00  0.00000e+00  2.23741e+04
 1.00288e+00  0.00000e+00  2.23741e+04
 1.00288e+00  0.00000e+00  2.23741e+04
 1.00288e+00  0.00000e+00  2.23741e+04
 1.00288e+00  0.00000e+00  2.23741e+04
 1.00288e+00  0.00000e+00  2.23741e+04
 1.00288e+00  0.00000e+00  2.23741e+04
 1.00288e+00  0.00000e+00  2.23741e+04
 1.00288e+00  0.00000e+00  2.23741e+04
 1.00288e+00  0.00000e+00  2.23741e+04
 1.00288e+00  0.00000e+00  2.23741e+04
 1.00288e+00  0.00000e+00  2.23741e+04
 1.00288e+00  0.00000e+00  2.23741e+04
 1.00288e+00  0.00000e+00  2.23741e+04
 1.00288e+00  0.00000e+00  2.23741e+04
 1.00288e+00  0.00000e+00  2.23741e+04
 1.00288e+00  0.00000e+00  2.23741e+04
 1.00288e+00  0.00000e+00  2.23741e+04
 1.00288e+00  0.00000e+00  2.23741e+04
 1.00288e+00  0.00000e+00  2.23741e+04
 1.00288e+00  0.00000e+00  2.23741e+04
 1.00288e+00  0.00000e+00  2.23741e+04
 1.00288e+00  0.00000e+00  2.23741e+04
 1.00288e+00  0.00000e+00  2.23741e+04
 1.00288e+00  0.00000e+00  2.23741e+04
 1.00288e+00  0.00000e+00  2.23741e+04
 1.00288e+00  0.00000e+00  2.23741e+04
 1.00288e+00  0.00000e+00  2.23741e+04
 1.00288e+00  0.00000e+00  2.23741e+04
 1.00288e+00  0.00000e+00  2.23741e+04
 1.00288e+00  0.00000e+00  2.23741e+04
 1.00288e+00  0.00000e+00  2.23741e+04
 1.00288e+00  0.00000e+00  2.23741e+04
 1.00288e+00  0.00000e+00  2.23741e+04
 1.00288e+00  0.00000e+00  2.23741e+04
 1.00288e+00  0.00000e+00  2.23741e+04
 1.00288e+00  0.00000e+00  2.23741e+04
 1.00288e+00  0.00000e+00  2.23741e+04
 1.00288e+00  0.00000e+00  2.23741e+04
 1.00288e+00  0.00000e+00  2.23741e+04
 1.00288e+00  0.00000e+00  2.23741e+04
 1.00288e+00  0.00000e+00  2.23741e+04
 1.00288e+00  0.00000e+00  2.23741e+04
 1.00288e+00  0.00000e+00  2.23741e+04
 1.00288e+00  0.00000e+00  2.23741e+04
 1.00288e+00  0.00000e+00  2.23741e+04
 1.00288e+00  0.00000e+00  2.23741e+04
 1.00288e+00  0.00000e+00  2.23741e+04
 1.00288e+00  0.00000e+00  2.23741e+04
 1.00288e+00  0.00000e+00  2.23741e+04
 1.00288e+00  0.00000e+00  2.23741e+04
 1.00288e+00  0.00000e+00  2.23741e+04
 1.00288e+00  0.00000e+00  2.23741e+04
 1.00288e+00  0.00000e+00  2.23741e+04
 1.00288e+00  0.00000e+00  2.23741e+04
 1.00288e+00  0.00000e+00  2.23741e+04
 1.00288e+00  0.00000e+00  2.23741e+04
 1.00288e+00  0.00000e+00  2.23741e+04
 1.00288e+00  0.00000e+00  2.23741e+04
 1.00288e+00  0.00000e+00  2.23741e+04
 1.00288e+00  0.00000e+00  2.23741e+04
 1.00288e+00  0.00000e+00  2.23741e+04
 1.00288e+00  0.00000e+00  2.23741e+04
 1.00288e+00  0.00000e+00  2.23741e+04
 1.00288e+00  0.00000e+00  2.23741e+04
 1.00288e+00  0.00000e+00  2.23741e+04
 1.00288e+00  0.00000e+00  2.23741e+04
 1.00288e+00  0.00000e+00  2.23741e+04
 1.00288e+00  0.00000e+00  2.23741e+04
 1.00288e+00  0.00000e+00  2.23741e+04
 1.00288e+00  0.00000e+00  2.23741e+04
 1.00288e+00  0.00000e+00  2.23741e+04
 1.00288e+00  0.00000e+00  2.23741e+04
 1.00288e+00  0.00000e+00  2.23741e+04
 1.00288e+00  0.00000e+00  2.23741e+04
 1.00288e+00  0.00000e+00  2.23741e+04
 1.00288e+00  0.00000e+00  2.23741e+04
 1.00288e+00  0.00000e+00  2.23741e+04
 1.00288e+00  0.00000e+00  2.23741e+04
 1.00288e+00  0.00000e+00  2.23741e+04
 1.00288e+00  0.00000e+00  2.23741e+04
 1.00288e+00  0.00000e+00  2.23741e+04
 1.00288e+00  0.00000e+00  2.23741e+04
 1.00288e+00  0.00000e+00  2.23741e+04
 1.00288e+00  0.00000e+00  2.23741e+04
 1.00288e+00  0.00000e+00  2.23741e+04
 1.00288e+00  0.00000e+00  2.23741e+04
 1.00288e+00  0.00000e+00  2.23741e+04
 1.00288e+00  0.00000e+00  2.23741e+04
 1.00288e+00  0.00000e+00  2.23741e+04
 1.00288e+00  0.00000e+00  2.23741e+04
 1.00288e+00  0.00000e+00  2.23741e+04
 1.00288e+00  0.00000e+00  2.23741e+04
 1.00288e+00  0.00000e+00  2.23741e+04
 1.00288e+00  0.00000e+00  2.23741e+04
 1.00288e+00  0.00000e+00  2.23741e+04
 1.00288e+00  0.00000e+00  2.23741e+04
 1.00288e+00  0.00000e+00  2.23741e+04
 1.00288e+00  0.00000e+00  2.23741e+04
 1.00288e+00  0.00000e+00  2.23741e+04
 1.00288e+00  0.00000e+00  2.23741e+04
 1.00288e+00  0.00000e+00  2.23741e+04
 1.00288e+00  0.00000e+00  2.23741e+04
 1.00288e+00  0.00000e+00  2.23741e+04
 1.00288e+00  0.00000e+00  2.23741e+04
 1.00288e+00  0.00000e+00  2.23741e+04
 1.00288e+00  0.00000e+00  2.23741e+04
 1.00288e+00  0.00000e+00  2.23741e+04
 1.00288e+00  0.00000e+00  2.23741e+04
 1.00288e+00  0.00000e+00  2.23741e+04
 1.00288e+00  0.00000e+00  2.23741e+04
 1.00288e+00  0.00000e+00  2.23741e+04
 1.00288e+00  0.00000e+00  2.23741e+04
 1.00288e+00  0.00000e+00  2.23741e+04
 1.00288e+00  0.00000e+00  2.23741e+04
 1.00288e+00  0.00000e+00  2.23741e+04
 1.00288e+00  0.00000e+00  2.23741e+04
 1.00288e+00  0.00000e+00  2.23741e+04
 1.00288e+00  0.00000e+00  2.23741e+04
 1.00288e+00  0.00000e+00  2.23741e+04
 1.00288e+00  0.00000e+00  2.23741e+04
 1.00288e+00  0.00000e+00  2.23741e+04
 1.00288e+00  0.00000e+00  2.23741e+04
 1.00288e+00  0.00000e+00  2.23741e+04
 1.00288e+00  0.00000e+00  2.23741e+04
 1.00288e+00  0.00000e+00  2.23741e+04
 1.00288e+00  0.00000e+00  2.23741e+04
 1.00288e+00  0.00000e+00  2.23741e+04
 1.00288e+00  0.00000e+00  2.23741e+04
 1.00288e+00  0.00000e+00  2.23741e+04
 1.00288e+00  0.00000e+00  2.23741e+04
 1.00288e+00  0.00000e+00  2.23741e+04
 1.00288e+00  0.00000e+00  2.23741e+04
 1.00288e+00  0.00000e+00  2.23741e+04
 1.00288e+00  0.00000e+00  2.23741e+04
 1.00288e+00  0.00000e+00  2.23741e+04
 1.00288e+00  0.00000e+00  2.23741e+04
 1.00288e+00  0.00000e+00  2.23741e+04
 1.00288e+00  0.00000e+00  2.23741e+04
 1.00288e+00  0.00000e+00  2.23741e+04
 1.00288e+00  0.00000e+00  2.23741e+04
 1.00288e+00  0.00000e+00  2.23741e+04
 1.00288e+00  0.00000e+00  2.23741e+04
 1.00288e+00  0.00000e+00  2.23741e+04
 1.00288e+00  0.00000e+00  2.23741e+04
 1.00288e+00  0.00000e+00  2.23741e+04
 1.00288e+00  0.00000e+00  2.23741e+04
 1.00288e+00  0.00000e+00  2.23741e+04
 1.00288e+00  0.00000e+00  2.23741e+04
 1.00288e+00  0.00000e+00  2.23741e+04
 1.00288e+00  0.00000e+00  2.23741e+04
 1.00288e+00  0.00000e+00  2.23741e+04
 1.00288e+00  0.00000e+00  2.23741e+04
 1.00288e+00  0.00000e+00  2.23741e+04
 1.00288e+00  0.00000e+00  2.23741e+04
 1.00288e+00  0.00000e+00  2.23741e+04
 1.00288e+00  0.00000e+00  2.23741e+04
 1.00288e+00  0.00000e+00  2.23741e+04
 1.00288e+00  0.00000e+00  2.23741e+04
 1.00288e+00  0.00000e+00  2.23741e+04
 1.00288e+00  0.00000e+00  2.23741e+04
 1.00288e+00  0.00000e+00  2.23741e+04
 1.00288e+00  0.00000e+00  2.23741e+04
 1.00288e+00  0.00000e+00  2.23741e+04
 1.00288e+00  0.00000e+00  2.23741e+04
 1.00288e+00  0.00000e+00  2.23741e+04
 1.00288e+00  0.00000e+00  2.23741e+04
 1.00288e+00  0.00000e+00  2.23741e+04
 1.00288e+00  0.00000e+00  2.23741e+04
 1.00288e+00  0.00000e+00  2.23741e+04
 1.00288e+00  0.00000e+00  2.23741e+04
 1.00288e+00  0.00000e+00  2.23741e+04
 1.00288e+00  0.00000e+00  2.23741e+04
 1.00288e+00  0.00000e+00  2.23741e+04
 1.00288e+00  0.00000e+00  2.23741e+04
 1.00288e+00  0.00000e+00  2.23741e+04
 1.00288e+00  0.00000e+00  2.23741e+04
 1.00288e+00  0.00000e+00  2.23741e+04
 1.00288e+00  0.00000e+00  2.23741e+04
 1.00288e+00  0.00000e+00  2.23741e+04
 1.00288e+00  0.00000e+00  2.23741e+04
 1.00288e+00  0.00000e+00  2.23741e+04
 1.00288e+00  0.00000e+00  2.23741e+04
 1.00288e+00  0.00000e+00  2.23741e+04
 1.00288e+00  0.00000e+00  2.23741e+04
 1.00288e+00  0.00000e+00  2.23741e+04
 1.00288e+00  0.00000e+00  2.23741e+04
 1.00288e+00  0.00000e+00  2.23741e+04
 1.00288e+00  0.00000e+00  2.23741e+04
 1.00288e+00  0.00000e+00  2.23741e+04
 1.00288e+00  0.00000e+00  2.23741e+04
 1.00288e+00  0.00000e+00  2.23741e+04
 1.00288e+00  0.00000e+00  2.23741e+04
 1.00288e+00  0.00000e+00  2.23741e+04
