190
 9.46830e-02  1.00032e+00  1.00032e+00
 2.83994e-01  9.95901e-01  1.00034e+00
 4.19501e-01  9.97326e-01  1.00036e+00
 6.13337e-01  9.99281e-01  1.00039e+00
 7.50482e-01  1.00083e+00  1.00041e+00
 8.60815e-01  1.00172e+00  1.00043e+00
 9.69232e-01  1.00079e+00  1.00046e+00
 1.07349e+00  9.99663e-01  1.00048e+00
 1.18798e+00  1.00011e+00  1.00052e+00
 1.29214e+00  1.00113e+00  1.00056e+00
 1.40254e+00  1.00019e+00  1.00061e+00
 1.51513e+00  1.00106e+00  1.00067e+00
 1.62547e+00  1.00047e+00  1.00076e+00
 1.72963e+00  1.00081e+00  1.00088e+00
 1.83379e+00  1.00062e+00  1.00107e+00
 1.93797e+00  1.00142e+00  1.00142e+00
 2.04213e+00  1.00047e+00  1.00133e+00
 2.14629e+00  1.00008e+00  1.00007e+00
 2.25047e+00  1.00012e+00  9.99832e-01
 2.35463e+00  1.00131e+00  9.99773e-01
 2.46290e+00  1.00114e+00  9.99755e-01
 2.58182e+00  1.00049e+00  9.99751e-01
 2.68798e+00  9.99508e-01  9.99753e-01
 2.79215e+00  9.99395e-01  9.99757e-01
 2.89631e+00  9.99783e-01  9.99762e-01
 3.00048e+00  9.99914e-01  9.99768e-01
 3.10465e+00  1.00022e+00  9.99773e-01
 3.21298e+00  9.99600e-01  9.99779e-01
 3.32340e+00  9.99581e-01  9.99785e-01
 3.42756e+00  1.00045e+00  9.99790e-01
 3.53173e+00  9.99827e-01  9.99796e-01
 3.63588e+00  9.98758e-01  9.99801e-01
 3.74004e+00  9.99097e-01  9.99806e-01
 3.84422e+00  9.99788e-01  9.99810e-01
 3.95671e+00  9.99417e-01  9.99815e-01
 4.06296e+00  1.00088e+00  9.99820e-01
 4.17539e+00  1.00096e+00  9.99825e-01
 4.29013e+00  1.00005e+00  9.99829e-01
 4.39838e+00  9.99740e-01  9.99834e-01
 4.51088e+00  9.98988e-01  9.99838e-01
 4.61929e+00  9.98466e-01  9.99842e-01
 4.72963e+00  1.00047e+00  9.99846e-01
 4.83380e+00  1.00216e+00  9.99850e-01
 4.95647e+00  1.01038e+00  9.99854e-01
 5.15632e+00  1.07380e+00  9.99860e-01
 5.36466e+00  1.07591e+00  9.99867e-01
 5.57302e+00  1.00598e+00  9.99873e-01
 5.78135e+00  1.00081e+00  9.99879e-01
 5.98968e+00  1.00046e+00  9.99885e-01
 6.19802e+00  1.00007e+00  9.99891e-01
 6.41051e+00  9.99269e-01  9.99897e-01
 6.63552e+00  1.00035e+00  9.99903e-01
 6.84385e+00  9.99854e-01  9.99908e-01
 7.05218e+00  9.99792e-01  9.99913e-01
 7.26052e+00  1.00025e+00  9.99918e-01
 7.48760e+00  1.00039e+00  9.99924e-01
 7.69802e+00  1.00030e+00  9.99928e-01
 7.90635e+00  1.00028e+00  9.99933e-01
 8.13343e+00  1.00160e+00  9.99938e-01
 8.35218e+00  1.00051e+00  9.99943e-01
 8.59177e+00  1.00097e+00  9.99949e-01
 8.81052e+00  1.00053e+00  9.99953e-01
 9.04176e+00  1.00049e+00  9.99958e-01
 9.26052e+00  1.00065e+00  9.99963e-01
 9.46885e+00  1.00047e+00  9.99968e-01
 1.15397e+01  9.99426e-01  1.00001e+00
 1.30126e+01  9.98407e-01  1.00004e+00
 1.32397e+01  9.98345e-01  1.00005e+00
 1.34480e+01  9.98422e-01  1.00005e+00
 1.36563e+01  9.98962e-01  1.00006e+00
 1.38959e+01  9.99285e-01  1.00007e+00
 1.41209e+01  9.99371e-01  1.00007e+00
 1.43438e+01  9.98977e-01  1.00008e+00
 1.45522e+01  9.99934e-01  1.00008e+00
 1.47605e+01  9.99479e-01  1.00009e+00
 1.49730e+01  1.00055e+00  1.00009e+00
 1.51980e+01  9.99766e-01  1.00010e+00
 1.54209e+01  1.00008e+00  1.00011e+00
 1.56418e+01  1.00050e+00  1.00011e+00
 1.58647e+01  1.00117e+00  1.00012e+00
 1.60730e+01  1.00008e+00  1.00013e+00
 1.62938e+01  1.00022e+00  1.00014e+00
 1.65105e+01  1.00091e+00  1.00014e+00
 1.67313e+01  1.00042e+00  1.00015e+00
 1.69480e+01  1.00048e+00  1.00016e+00
 1.71563e+01  1.00049e+00  1.00017e+00
 1.73834e+01  1.00071e+00  1.00018e+00
 1.75938e+01  9.99862e-01  1.00019e+00
 1.78022e+01  9.99974e-01  1.00020e+00
 1.80105e+01  1.00050e+00  1.00021e+00
 1.82188e+01  1.00052e+00  1.00022e+00
 1.84272e+01  1.00092e+00  1.00024e+00
 1.86355e+01  1.00056e+00  1.00025e+00
 1.88438e+01  1.00076e+00  1.00027e+00
 1.90522e+01  1.00042e+00  1.00028e+00
 1.94063e+01  1.00032e+00  1.00032e+00
 1.95956e+01  9.95901e-01  1.00034e+00
 1.97311e+01  9.97326e-01  1.00036e+00
 1.99250e+01  9.99281e-01  1.00039e+00
 2.00621e+01  1.00083e+00  1.00041e+00
 2.01725e+01  1.00172e+00  1.00043e+00
 2.02809e+01  1.00079e+00  1.00046e+00
 2.03851e+01  9.99663e-01  1.00048e+00
 2.04996e+01  1.00011e+00  1.00052e+00
 2.06038e+01  1.00113e+00  1.00056e+00
 2.07142e+01  1.00019e+00  1.00061e+00
 2.08268e+01  1.00106e+00  1.00067e+00
 2.09371e+01  1.00047e+00  1.00076e+00
 2.10413e+01  1.00081e+00  1.00088e+00
 2.11454e+01  1.00062e+00  1.00107e+00
 2.12496e+01  1.00142e+00  1.00142e+00
 2.13538e+01  1.00047e+00  1.00133e+00
 2.14579e+01  1.00008e+00  1.00007e+00
 2.15621e+01  1.00012e+00  9.99832e-01
 2.16663e+01  1.00131e+00  9.99773e-01
 2.17745e+01  1.00114e+00  9.99755e-01
 2.18935e+01  1.00049e+00  9.99751e-01
 2.19996e+01  9.99508e-01  9.99753e-01
 2.21038e+01  9.99395e-01  9.99757e-01
 2.22079e+01  9.99783e-01  9.99762e-01
 2.23121e+01  9.99914e-01  9.99768e-01
 2.24163e+01  1.00022e+00  9.99773e-01
 2.25246e+01  9.99600e-01  9.99779e-01
 2.26350e+01  9.99581e-01  9.99785e-01
 2.27392e+01  1.00045e+00  9.99790e-01
 2.28434e+01  9.99827e-01  9.99796e-01
 2.29475e+01  9.98758e-01  9.99801e-01
 2.30517e+01  9.99097e-01  9.99806e-01
 2.31559e+01  9.99788e-01  9.99810e-01
 2.32683e+01  9.99417e-01  9.99815e-01
 2.33746e+01  1.00088e+00  9.99820e-01
 2.34870e+01  1.00096e+00  9.99825e-01
 2.36018e+01  1.00005e+00  9.99829e-01
 2.37100e+01  9.99740e-01  9.99834e-01
 2.38225e+01  9.98988e-01  9.99838e-01
 2.39309e+01  9.98466e-01  9.99842e-01
 2.40413e+01  1.00047e+00  9.99846e-01
 2.41454e+01  1.00216e+00  9.99850e-01
 2.42681e+01  1.01038e+00  9.99854e-01
 2.44680e+01  1.07380e+00  9.99860e-01
 2.46763e+01  1.07591e+00  9.99867e-01
 2.48847e+01  1.00598e+00  9.99873e-01
 2.50930e+01  1.00081e+00  9.99879e-01
 2.53013e+01  1.00046e+00  9.99885e-01
 2.55097e+01  1.00007e+00  9.99891e-01
 2.57221e+01  9.99269e-01  9.99897e-01
 2.59472e+01  1.00035e+00  9.99903e-01
 2.61555e+01  9.99854e-01  9.99908e-01
 2.63638e+01  9.99792e-01  9.99913e-01
 2.65722e+01  1.00025e+00  9.99918e-01
 2.67992e+01  1.00039e+00  9.99924e-01
 2.70097e+01  1.00030e+00  9.99928e-01
 2.72180e+01  1.00028e+00  9.99933e-01
 2.74451e+01  1.00160e+00  9.99938e-01
 2.76638e+01  1.00051e+00  9.99943e-01
 2.79034e+01  1.00097e+00  9.99949e-01
 2.81222e+01  1.00053e+00  9.99953e-01
 2.83534e+01  1.00049e+00  9.99958e-01
 2.85722e+01  1.00065e+00  9.99963e-01
 2.87805e+01  1.00047e+00  9.99968e-01
 3.08513e+01  9.99426e-01  1.00001e+00
 3.23242e+01  9.98407e-01  1.00004e+00
 3.25513e+01  9.98345e-01  1.00005e+00
 3.27597e+01  9.98422e-01  1.00005e+00
 3.29680e+01  9.98962e-01  1.00006e+00
 3.32076e+01  9.99285e-01  1.00007e+00
 3.34326e+01  9.99371e-01  1.00007e+00
 3.36555e+01  9.98977e-01  1.00008e+00
 3.38638e+01  9.99934e-01  1.00008e+00
 3.40722e+01  9.99479e-01  1.00009e+00
 3.42846e+01  1.00055e+00  1.00009e+00
 3.45097e+01  9.99766e-01  1.00010e+00
 3.47326e+01  1.00008e+00  1.00011e+00
 3.49534e+01  1.00050e+00  1.00011e+00
 3.51763e+01  1.00117e+00  1.00012e+00
 3.53847e+01  1.00008e+00  1.00013e+00
 3.56055e+01  1.00022e+00  1.00014e+00
 3.58222e+01  1.00091e+00  1.00014e+00
 3.60430e+01  1.00042e+00  1.00015e+00
 3.62597e+01  1.00048e+00  1.00016e+00
 3.64680e+01  1.00049e+00  1.00017e+00
 3.66951e+01  1.00071e+00  1.00018e+00
 3.69055e+01  9.99862e-01  1.00019e+00
 3.71138e+01  9.99974e-01  1.00020e+00
 3.73221e+01  1.00050e+00  1.00021e+00
 3.75305e+01  1.00052e+00  1.00022e+00
 3.77388e+01  1.00092e+00  1.00024e+00
 3.79471e+01  1.00056e+00  1.00025e+00
 3.81555e+01  1.00076e+00  1.00027e+00
 3.83638e+01  1.00042e+00  1.00028e+00
