2212
 1.79070e+03  9.52957e-01  2.16848e+04
 0.00000e+00  1.79072e+03  2.20260e+04
 1.00109e+00  0.00000e+00  2.23732e+04
 9.52664e-01  1.00127e+00  2.23476e+04
 1.79077e+03  9.51534e-01  2.16848e+04
 0.00000e+00  1.79079e+03  2.20260e+04
 1.00086e+00  0.00000e+00  2.23731e+04
 9.50252e-01  1.00059e+00  2.23463e+04
 1.79083e+03  9.50391e-01  2.16848e+04
 0.00000e+00  1.79085e+03  2.20260e+04
 1.00068e+00  0.00000e+00  2.23730e+04
 9.45160e-01  9.99009e-01  2.23437e+04
 1.79089e+03  9.46446e-01  2.16848e+04
 0.00000e+00  1.79091e+03  2.20260e+04
 9.99267e-01  0.00000e+00  2.23722e+04
 9.46607e-01  9.98709e-01  2.23444e+04
 1.79095e+03  9.40038e-01  2.16848e+04
 0.00000e+00  1.79097e+03  2.20260e+04
 9.97332e-01  1.28000e+02  2.23711e+04
 9.39972e-01  9.97205e-01  2.23411e+04
 1.79102e+03  9.39710e-01  2.16848e+04
 0.00000e+00  1.79104e+03  2.20260e+04
 9.97133e-01  0.00000e+00  2.23710e+04
 9.37012e-01  9.96525e-01  2.23396e+04
 1.79108e+03  9.40714e-01  2.16848e+04
 0.00000e+00  1.79110e+03  2.20260e+04
 9.96930e-01  0.00000e+00  2.23709e+04
 9.56928e-01  1.00939e+00  2.23498e+04
 1.79141e+03  9.76303e-01  2.16848e+04
 0.00000e+00  1.79143e+03  2.20260e+04
 1.01105e+00  0.00000e+00  2.23786e+04
 9.97914e-01  1.01070e+00  2.23715e+04
 1.79147e+03  1.00367e+00  2.16848e+04
 0.00000e+00  1.79149e+03  2.20260e+04
 1.01297e+00  0.00000e+00  2.23797e+04
 1.00965e+00  1.01194e+00  2.23778e+04
 1.79154e+03  1.00698e+00  2.16848e+04
 0.00000e+00  1.79156e+03  2.20260e+04
 1.01136e+00  0.00000e+00  2.23788e+04
 1.00611e+00  1.01082e+00  2.23759e+04
 1.79160e+03  1.00674e+00  2.16848e+04
 0.00000e+00  1.79162e+03  2.20260e+04
 1.00834e+00  0.00000e+00  2.23771e+04
 1.00506e+00  1.00913e+00  2.23753e+04
 1.79166e+03  1.00214e+00  2.16848e+04
 0.00000e+00  1.79168e+03  2.20260e+04
 1.00844e+00  0.00000e+00  2.23772e+04
 1.00203e+00  1.00798e+00  2.23737e+04
 1.79172e+03  1.00258e+00  2.16848e+04
 0.00000e+00  1.79174e+03  2.20260e+04
 1.00762e+00  0.00000e+00  2.23767e+04
 1.00329e+00  1.00717e+00  2.23744e+04
 1.79179e+03  1.00123e+00  2.16848e+04
 0.00000e+00  1.79181e+03  2.20260e+04
 1.00768e+00  0.00000e+00  2.23768e+04
 1.00009e+00  1.00723e+00  2.23726e+04
 1.79185e+03  1.00326e+00  2.16848e+04
 0.00000e+00  1.79187e+03  2.20260e+04
 1.00682e+00  0.00000e+00  2.23763e+04
 1.00255e+00  1.00617e+00  2.23740e+04
 1.79191e+03  1.00124e+00  2.16848e+04
 0.00000e+00  1.79193e+03  2.20260e+04
 1.00627e+00  0.00000e+00  2.23760e+04
 9.98577e-01  1.00482e+00  2.23718e+04
 1.79197e+03  1.00148e+00  2.16848e+04
 0.00000e+00  1.79199e+03  2.20260e+04
 1.00464e+00  0.00000e+00  2.23751e+04
 1.00094e+00  1.00421e+00  2.23731e+04
 1.79204e+03  9.99208e-01  2.16848e+04
 0.00000e+00  1.79206e+03  2.20260e+04
 1.00303e+00  0.00000e+00  2.23742e+04
 9.98363e-01  1.00271e+00  2.23717e+04
 1.79210e+03  9.62666e-01  2.16848e+04
 1.28000e+02  1.79212e+03  2.16847e+04
 1.00241e+00  0.00000e+00  2.23739e+04
 9.95459e-01  1.00143e+00  2.23701e+04
 1.79216e+03  9.99407e-01  2.16848e+04
 0.00000e+00  1.79218e+03  2.20260e+04
 1.00143e+00  0.00000e+00  2.23734e+04
 9.99466e-01  1.00152e+00  2.23723e+04
 1.79222e+03  9.66292e-01  2.16848e+04
 1.28000e+02  1.79224e+03  2.16847e+04
 1.00222e+00  0.00000e+00  2.23738e+04
 9.97570e-01  1.00079e+00  2.23713e+04
 1.79229e+03  9.98889e-01  2.16848e+04
 0.00000e+00  1.79231e+03  2.20260e+04
 1.00046e+00  0.00000e+00  2.23728e+04
 9.97874e-01  1.00060e+00  2.23714e+04
 1.79235e+03  9.99280e-01  2.16848e+04
 0.00000e+00  1.79237e+03  2.20260e+04
 1.00070e+00  0.00000e+00  2.23730e+04
 9.98906e-01  1.00013e+00  2.23720e+04
 1.79241e+03  1.00026e+00  2.16848e+04
 0.00000e+00  1.79243e+03  2.20260e+04
 1.00027e+00  0.00000e+00  2.23727e+04
 9.97880e-01  1.00016e+00  2.23714e+04
 1.79247e+03  1.00015e+00  2.16848e+04
 0.00000e+00  1.79249e+03  2.20260e+04
 1.00055e+00  0.00000e+00  2.23729e+04
 1.00132e+00  1.00160e+00  2.23733e+04
 1.79254e+03  9.99261e-01  2.16848e+04
 0.00000e+00  1.79256e+03  2.20260e+04
 1.00149e+00  0.00000e+00  2.23734e+04
 9.99060e-01  1.00093e+00  2.23721e+04
 1.79260e+03  1.00147e+00  2.16848e+04
 0.00000e+00  1.79262e+03  2.20260e+04
 1.00152e+00  0.00000e+00  2.23734e+04
 1.00152e+00  1.00172e+00  2.23734e+04
 1.79266e+03  9.99462e-01  2.16848e+04
 0.00000e+00  1.79268e+03  2.20260e+04
 1.00201e+00  0.00000e+00  2.23737e+04
 9.96601e-01  1.00039e+00  2.23708e+04
 1.79272e+03  9.99203e-01  2.16848e+04
 0.00000e+00  1.79274e+03  2.20260e+04
 1.00047e+00  0.00000e+00  2.23728e+04
 9.99714e-01  1.00047e+00  2.23724e+04
 1.79279e+03  9.99929e-01  2.16848e+04
 0.00000e+00  1.79281e+03  2.20260e+04
 1.00059e+00  0.00000e+00  2.23729e+04
 1.00125e+00  1.00037e+00  2.23733e+04
 1.79285e+03  1.00089e+00  2.16848e+04
 0.00000e+00  1.79287e+03  2.20260e+04
 1.00152e+00  0.00000e+00  2.23734e+04
 1.00050e+00  1.00092e+00  2.23729e+04
 1.79291e+03  1.00078e+00  2.16848e+04
 0.00000e+00  1.79293e+03  2.20260e+04
 1.00163e+00  0.00000e+00  2.23735e+04
 9.98017e-01  1.00003e+00  2.23715e+04
 1.79297e+03  9.99154e-01  2.16848e+04
 0.00000e+00  1.79299e+03  2.20260e+04
 1.00096e+00  0.00000e+00  2.23731e+04
 9.99855e-01  1.00097e+00  2.23725e+04
 1.79304e+03  1.00182e+00  2.16848e+04
 0.00000e+00  1.79306e+03  2.20260e+04
 1.00045e+00  0.00000e+00  2.23728e+04
 1.00224e+00  1.00118e+00  2.23738e+04
 1.79310e+03  1.00045e+00  2.16848e+04
 0.00000e+00  1.79312e+03  2.20260e+04
 1.00095e+00  0.00000e+00  2.23731e+04
 1.00134e+00  1.00074e+00  2.23733e+04
 1.79316e+03  1.00120e+00  2.16848e+04
 0.00000e+00  1.79318e+03  2.20260e+04
 1.00032e+00  0.00000e+00  2.23728e+04
 1.00122e+00  1.00115e+00  2.23732e+04
 1.79322e+03  1.00146e+00  2.16848e+04
 0.00000e+00  1.79324e+03  2.20260e+04
 1.00209e+00  1.28000e+02  2.23737e+04
 1.00327e+00  1.00177e+00  2.23744e+04
 1.79329e+03  1.00059e+00  2.16848e+04
 0.00000e+00  1.79331e+03  2.20260e+04
 1.00092e+00  0.00000e+00  2.23731e+04
 9.99782e-01  1.00139e+00  2.23725e+04
 1.79335e+03  1.00289e+00  2.16848e+04
 0.00000e+00  1.79337e+03  2.20260e+04
 1.00200e+00  0.00000e+00  2.23737e+04
 1.00387e+00  1.00211e+00  2.23747e+04
 1.79341e+03  1.00195e+00  2.16848e+04
 0.00000e+00  1.79343e+03  2.20260e+04
 1.00134e+00  0.00000e+00  2.23733e+04
 1.00041e+00  1.00117e+00  2.23728e+04
 1.79347e+03  1.00141e+00  2.16848e+04
 0.00000e+00  1.79349e+03  2.20260e+04
 9.99951e-01  0.00000e+00  2.23726e+04
 1.00131e+00  1.00050e+00  2.23733e+04
 1.79354e+03  9.98950e-01  2.16848e+04
 0.00000e+00  1.79356e+03  2.20260e+04
 1.00031e+00  0.00000e+00  2.23728e+04
 1.00098e+00  1.00104e+00  2.23731e+04
 1.79360e+03  1.00035e+00  2.16848e+04
 0.00000e+00  1.79362e+03  2.20260e+04
 1.00094e+00  0.00000e+00  2.23731e+04
 1.00114e+00  1.00116e+00  2.23732e+04
 1.79366e+03  1.00084e+00  2.16848e+04
 0.00000e+00  1.79368e+03  2.20260e+04
 1.00051e+00  0.00000e+00  2.23729e+04
 1.00074e+00  1.00044e+00  2.23730e+04
 1.79372e+03  1.00070e+00  2.16848e+04
 0.00000e+00  1.79374e+03  2.20260e+04
 1.00044e+00  0.00000e+00  2.23728e+04
 9.99343e-01  1.00025e+00  2.23722e+04
 1.79379e+03  1.00120e+00  2.16848e+04
 0.00000e+00  1.79381e+03  2.20260e+04
 9.99773e-01  0.00000e+00  2.23725e+04
 9.99511e-01  9.99524e-01  2.23723e+04
 1.79385e+03  1.00031e+00  2.16848e+04
 0.00000e+00  1.79387e+03  2.20260e+04
 9.99802e-01  0.00000e+00  2.23725e+04
 9.98716e-01  9.98934e-01  2.23719e+04
 1.79391e+03  9.97842e-01  2.16848e+04
 0.00000e+00  1.79393e+03  2.20260e+04
 9.98737e-01  1.28000e+02  2.23719e+04
 9.99546e-01  9.99442e-01  2.23723e+04
 1.79397e+03  9.96668e-01  2.16848e+04
 0.00000e+00  1.79399e+03  2.20260e+04
 9.98814e-01  0.00000e+00  2.23719e+04
 9.97797e-01  9.98809e-01  2.23714e+04
 1.79404e+03  9.96120e-01  2.16848e+04
 0.00000e+00  1.79406e+03  2.20260e+04
 9.98569e-01  0.00000e+00  2.23718e+04
 9.96733e-01  9.98105e-01  2.23708e+04
 1.79410e+03  9.98096e-01  2.16848e+04
 0.00000e+00  1.79412e+03  2.20260e+04
 9.98465e-01  0.00000e+00  2.23718e+04
 9.99510e-01  9.99116e-01  2.23723e+04
 1.79416e+03  9.95843e-01  2.16848e+04
 0.00000e+00  1.79418e+03  2.20260e+04
 9.99525e-01  0.00000e+00  2.23723e+04
 9.99261e-01  1.00082e+00  2.23722e+04
 1.79422e+03  9.99801e-01  2.16848e+04
 0.00000e+00  1.79424e+03  2.20260e+04
 1.00056e+00  0.00000e+00  2.23729e+04
 9.99127e-01  1.00064e+00  2.23721e+04
 1.79429e+03  1.00024e+00  2.16848e+04
 0.00000e+00  1.79431e+03  2.20260e+04
 1.00148e+00  0.00000e+00  2.23734e+04
 1.00076e+00  1.00145e+00  2.23730e+04
 1.79435e+03  1.00022e+00  2.16848e+04
 0.00000e+00  1.79437e+03  2.20260e+04
 1.00157e+00  0.00000e+00  2.23734e+04
 1.00395e+00  1.00173e+00  2.23747e+04
 1.79441e+03  9.99740e-01  2.16848e+04
 0.00000e+00  1.79443e+03  2.20260e+04
 1.00206e+00  0.00000e+00  2.23737e+04
 1.00118e+00  1.00252e+00  2.23732e+04
 1.79447e+03  9.99862e-01  2.16848e+04
 0.00000e+00  1.79449e+03  2.20260e+04
 1.00213e+00  0.00000e+00  2.23737e+04
 9.99253e-01  1.00233e+00  2.23722e+04
 1.79454e+03  9.99731e-01  2.16848e+04
 0.00000e+00  1.79456e+03  2.20260e+04
 1.00126e+00  0.00000e+00  2.23733e+04
 9.98469e-01  1.00189e+00  2.23718e+04
 1.79460e+03  1.00008e+00  2.16848e+04
 0.00000e+00  1.79462e+03  2.20260e+04
 1.00241e+00  0.00000e+00  2.23739e+04
 1.00075e+00  1.00263e+00  2.23730e+04
 1.79466e+03  9.99710e-01  2.16848e+04
 0.00000e+00  1.79468e+03  2.20260e+04
 1.00317e+00  0.00000e+00  2.23743e+04
 9.98015e-01  1.00283e+00  2.23715e+04
 1.79472e+03  1.00110e+00  2.16848e+04
 0.00000e+00  1.79474e+03  2.20260e+04
 1.00339e+00  0.00000e+00  2.23744e+04
 1.00103e+00  1.00321e+00  2.23731e+04
 1.79479e+03  1.00112e+00  2.16848e+04
 0.00000e+00  1.79481e+03  2.20260e+04
 1.00378e+00  0.00000e+00  2.23746e+04
 1.00033e+00  1.00299e+00  2.23728e+04
 1.79485e+03  9.97489e-01  2.16848e+04
 0.00000e+00  1.79487e+03  2.20260e+04
 1.00372e+00  0.00000e+00  2.23746e+04
 1.00003e+00  1.00365e+00  2.23726e+04
 1.79491e+03  1.00006e+00  2.16848e+04
 0.00000e+00  1.79493e+03  2.20260e+04
 1.00344e+00  0.00000e+00  2.23745e+04
 1.53614e-15  9.00848e-01  2.20260e+04
 1.79497e+03  1.00041e+00  2.16848e+04
 0.00000e+00  1.79499e+03  2.20260e+04
 1.00451e+00  0.00000e+00  2.23750e+04
 1.00077e+00  1.00539e+00  2.23730e+04
 1.79504e+03  1.00286e+00  2.16848e+04
 0.00000e+00  1.79506e+03  2.20260e+04
 1.00589e+00  0.00000e+00  2.23758e+04
 1.00259e+00  1.00593e+00  2.23740e+04
 1.79510e+03  1.00517e+00  2.16848e+04
 0.00000e+00  1.79512e+03  2.20260e+04
 1.00614e+00  0.00000e+00  2.23759e+04
 1.00191e+00  1.00632e+00  2.23736e+04
 1.79516e+03  1.00273e+00  2.16848e+04
 0.00000e+00  1.79518e+03  2.20260e+04
 1.00747e+00  0.00000e+00  2.23766e+04
 1.00260e+00  1.00815e+00  2.23740e+04
 1.79522e+03  1.00442e+00  2.16848e+04
 0.00000e+00  1.79524e+03  2.20260e+04
 1.00850e+00  0.00000e+00  2.23772e+04
 1.00296e+00  1.00839e+00  2.23742e+04
 1.79529e+03  1.00407e+00  2.16848e+04
 0.00000e+00  1.79531e+03  2.20260e+04
 1.00904e+00  0.00000e+00  2.23775e+04
 1.00947e+00  1.00918e+00  2.23777e+04
 1.79535e+03  1.00601e+00  2.16848e+04
 0.00000e+00  1.79537e+03  2.20260e+04
 1.01024e+00  0.00000e+00  2.23782e+04
 1.00742e+00  1.01159e+00  2.23766e+04
 1.79541e+03  1.00784e+00  2.16848e+04
 0.00000e+00  1.79543e+03  2.20260e+04
 1.01189e+00  0.00000e+00  2.23791e+04
 1.00822e+00  1.01158e+00  2.23771e+04
 1.79547e+03  1.00808e+00  2.16848e+04
 0.00000e+00  1.79549e+03  2.20260e+04
 1.01139e+00  0.00000e+00  2.23788e+04
 1.00862e+00  1.01190e+00  2.23773e+04
 1.79554e+03  1.00921e+00  2.16848e+04
 0.00000e+00  1.79556e+03  2.20260e+04
 1.01227e+00  0.00000e+00  2.23793e+04
 1.01015e+00  1.01295e+00  2.23781e+04
 1.79560e+03  1.00908e+00  2.16848e+04
 0.00000e+00  1.79562e+03  2.20260e+04
 1.01184e+00  0.00000e+00  2.23790e+04
 1.00713e+00  1.01231e+00  2.23765e+04
 1.79566e+03  1.00827e+00  2.16848e+04
 0.00000e+00  1.79568e+03  2.20260e+04
 1.01236e+00  0.00000e+00  2.23793e+04
 1.00710e+00  1.01138e+00  2.23764e+04
 1.79572e+03  1.00925e+00  2.16848e+04
 0.00000e+00  1.79574e+03  2.20260e+04
 1.01268e+00  0.00000e+00  2.23795e+04
 1.00989e+00  1.01304e+00  2.23780e+04
 1.79579e+03  1.00950e+00  2.16848e+04
 0.00000e+00  1.79581e+03  2.20260e+04
 1.01263e+00  0.00000e+00  2.23795e+04
 1.00849e+00  1.01224e+00  2.23772e+04
 1.79585e+03  1.00848e+00  2.16848e+04
 0.00000e+00  1.79587e+03  2.20260e+04
 1.01194e+00  0.00000e+00  2.23791e+04
 1.00834e+00  1.01190e+00  2.23771e+04
 1.79591e+03  1.00753e+00  2.16848e+04
 0.00000e+00  1.79593e+03  2.20260e+04
 1.01166e+00  0.00000e+00  2.23789e+04
 1.00693e+00  1.01109e+00  2.23764e+04
 1.79597e+03  1.00852e+00  2.16848e+04
 0.00000e+00  1.79599e+03  2.20260e+04
 1.01080e+00  0.00000e+00  2.23785e+04
 1.00782e+00  1.01171e+00  2.23768e+04
 1.79604e+03  1.00753e+00  2.16848e+04
 0.00000e+00  1.79606e+03  2.20260e+04
 1.01045e+00  0.00000e+00  2.23783e+04
 1.00656e+00  1.00951e+00  2.23762e+04
 1.79610e+03  1.00425e+00  2.16848e+04
 0.00000e+00  1.79612e+03  2.20260e+04
 1.00938e+00  0.00000e+00  2.23777e+04
 1.00589e+00  1.00931e+00  2.23758e+04
 1.79616e+03  1.00696e+00  2.16848e+04
 0.00000e+00  1.79618e+03  2.20260e+04
 1.00807e+00  0.00000e+00  2.23770e+04
 1.00525e+00  1.00769e+00  2.23754e+04
 1.79622e+03  1.00358e+00  2.16848e+04
 0.00000e+00  1.79624e+03  2.20260e+04
 1.00762e+00  0.00000e+00  2.23767e+04
 1.00384e+00  1.00675e+00  2.23747e+04
 1.79629e+03  1.00165e+00  2.16848e+04
 0.00000e+00  1.79631e+03  2.20260e+04
 1.00623e+00  0.00000e+00  2.23760e+04
 1.00318e+00  1.00668e+00  2.23743e+04
 1.79635e+03  1.00318e+00  2.16848e+04
 0.00000e+00  1.79637e+03  2.20260e+04
 1.00590e+00  0.00000e+00  2.23758e+04
 1.00233e+00  1.00476e+00  2.23739e+04
 1.79641e+03  1.00197e+00  2.16848e+04
 0.00000e+00  1.79643e+03  2.20260e+04
 1.00413e+00  0.00000e+00  2.23748e+04
 1.00165e+00  1.00414e+00  2.23735e+04
 1.79647e+03  1.00078e+00  2.16848e+04
 0.00000e+00  1.79649e+03  2.20260e+04
 1.00324e+00  0.00000e+00  2.23743e+04
 9.99470e-01  1.00336e+00  2.23723e+04
 1.79654e+03  1.00097e+00  2.16848e+04
 0.00000e+00  1.79656e+03  2.20260e+04
 1.00287e+00  0.00000e+00  2.23741e+04
 9.99936e-01  1.00215e+00  2.23726e+04
 1.79660e+03  1.00032e+00  2.16848e+04
 0.00000e+00  1.79662e+03  2.20260e+04
 1.00179e+00  0.00000e+00  2.23736e+04
 9.99798e-01  1.00266e+00  2.23725e+04
 1.79666e+03  9.99844e-01  2.16848e+04
 0.00000e+00  1.79668e+03  2.20260e+04
 1.00175e+00  0.00000e+00  2.23735e+04
 9.98762e-01  1.00194e+00  2.23719e+04
 1.79672e+03  9.99765e-01  2.16848e+04
 0.00000e+00  1.79674e+03  2.20260e+04
 1.00166e+00  0.00000e+00  2.23735e+04
 9.98509e-01  1.00118e+00  2.23718e+04
 1.79679e+03  9.98503e-01  2.16848e+04
 0.00000e+00  1.79681e+03  2.20260e+04
 1.00071e+00  0.00000e+00  2.23730e+04
 9.96934e-01  1.00039e+00  2.23709e+04
 1.79685e+03  9.97942e-01  2.16848e+04
 0.00000e+00  1.79687e+03  2.20260e+04
 1.00140e+00  0.00000e+00  2.23733e+04
 9.98647e-01  1.00160e+00  2.23719e+04
 1.79691e+03  9.99277e-01  2.16848e+04
 0.00000e+00  1.79693e+03  2.20260e+04
 1.00055e+00  0.00000e+00  2.23729e+04
 9.98725e-01  1.00063e+00  2.23719e+04
 1.79697e+03  9.97032e-01  2.16848e+04
 0.00000e+00  1.79699e+03  2.20260e+04
 9.99787e-01  0.00000e+00  2.23725e+04
 9.96623e-01  9.99652e-01  2.23708e+04
 1.79704e+03  9.96606e-01  2.16848e+04
 0.00000e+00  1.79706e+03  2.20260e+04
 9.99150e-01  0.00000e+00  2.23721e+04
 9.96931e-01  9.99658e-01  2.23709e+04
 1.79710e+03  9.97093e-01  2.16848e+04
 0.00000e+00  1.79712e+03  2.20260e+04
 9.99567e-01  0.00000e+00  2.23724e+04
 9.97912e-01  9.99678e-01  2.23715e+04
 1.79716e+03  9.95309e-01  2.16848e+04
 0.00000e+00  1.79718e+03  2.20260e+04
 9.99866e-01  1.28000e+02  2.23725e+04
 9.97831e-01  1.00046e+00  2.23714e+04
 1.79722e+03  9.96727e-01  2.16848e+04
 0.00000e+00  1.79724e+03  2.20260e+04
 1.00056e+00  0.00000e+00  2.23729e+04
 9.97329e-01  1.00047e+00  2.23711e+04
 1.79729e+03  9.99183e-01  2.16848e+04
 0.00000e+00  1.79731e+03  2.20260e+04
 9.99954e-01  0.00000e+00  2.23726e+04
 9.97354e-01  9.99457e-01  2.23712e+04
 1.79735e+03  9.97788e-01  2.16848e+04
 0.00000e+00  1.79737e+03  2.20260e+04
 9.99196e-01  0.00000e+00  2.23722e+04
 9.92626e-01  9.98477e-01  2.23686e+04
 1.79741e+03  9.97695e-01  2.16848e+04
 0.00000e+00  1.79743e+03  2.20260e+04
 9.99151e-01  0.00000e+00  2.23721e+04
 9.99364e-01  9.98966e-01  2.23722e+04
 1.79747e+03  9.97027e-01  2.16848e+04
 0.00000e+00  1.79749e+03  2.20260e+04
 9.99653e-01  0.00000e+00  2.23724e+04
 9.97151e-01  9.99342e-01  2.23710e+04
 1.79754e+03  9.97083e-01  2.16848e+04
 0.00000e+00  1.79756e+03  2.20260e+04
 9.99211e-01  0.00000e+00  2.23722e+04
 9.96225e-01  9.99432e-01  2.23705e+04
 1.79760e+03  9.98065e-01  2.16848e+04
 0.00000e+00  1.79762e+03  2.20260e+04
 9.99013e-01  0.00000e+00  2.23721e+04
 9.96082e-01  9.99525e-01  2.23705e+04
 1.79766e+03  9.97104e-01  2.16848e+04
 0.00000e+00  1.79768e+03  2.20260e+04
 9.98755e-01  0.00000e+00  2.23719e+04
 9.95397e-01  9.97710e-01  2.23701e+04
 1.79772e+03  9.95966e-01  2.16848e+04
 0.00000e+00  1.79774e+03  2.20260e+04
 9.98055e-01  0.00000e+00  2.23715e+04
 9.94910e-01  9.97078e-01  2.23698e+04
 1.79779e+03  9.96506e-01  2.16848e+04
 0.00000e+00  1.79781e+03  2.20260e+04
 9.97676e-01  0.00000e+00  2.23713e+04
 9.96091e-01  9.97898e-01  2.23705e+04
 1.79785e+03  9.96039e-01  2.16848e+04
 0.00000e+00  1.79787e+03  2.20260e+04
 9.97662e-01  0.00000e+00  2.23713e+04
 9.96201e-01  9.97896e-01  2.23705e+04
 1.79791e+03  9.98165e-01  2.16848e+04
 0.00000e+00  1.79793e+03  2.20260e+04
 9.97251e-01  0.00000e+00  2.23711e+04
 9.95463e-01  9.98114e-01  2.23701e+04
 1.79797e+03  9.97766e-01  2.16848e+04
 0.00000e+00  1.79799e+03  2.20260e+04
 9.98907e-01  0.00000e+00  2.23720e+04
 1.00012e+00  1.00000e+00  2.23727e+04
 1.79804e+03  9.97931e-01  2.16848e+04
 0.00000e+00  1.79806e+03  2.20260e+04
 1.00036e+00  0.00000e+00  2.23728e+04
 9.99460e-01  1.00022e+00  2.23723e+04
 1.79810e+03  9.94875e-01  2.16848e+04
 1.28000e+02  1.79812e+03  2.16847e+04
 1.00027e+00  0.00000e+00  2.23727e+04
 1.00075e+00  1.00075e+00  2.23730e+04
 1.79816e+03  9.99344e-01  2.16848e+04
 0.00000e+00  1.79818e+03  2.20260e+04
 1.00113e+00  0.00000e+00  2.23732e+04
 9.99277e-01  1.00001e+00  2.23722e+04
 1.79822e+03  1.00105e+00  2.16848e+04
 0.00000e+00  1.79824e+03  2.20260e+04
 9.99871e-01  0.00000e+00  2.23725e+04
 1.00064e+00  1.00026e+00  2.23729e+04
 1.79829e+03  9.99758e-01  2.16848e+04
 0.00000e+00  1.79831e+03  2.20260e+04
 9.99741e-01  0.00000e+00  2.23724e+04
 1.00118e+00  1.00012e+00  2.23732e+04
 1.79835e+03  9.99481e-01  2.16848e+04
 0.00000e+00  1.79837e+03  2.20260e+04
 9.99696e-01  0.00000e+00  2.23724e+04
 1.00000e+00  9.99410e-01  2.23726e+04
 1.79841e+03  9.99974e-01  2.16848e+04
 0.00000e+00  1.79843e+03  2.20260e+04
 1.00026e+00  0.00000e+00  2.23727e+04
 9.98193e-01  9.99005e-01  2.23716e+04
 1.79847e+03  9.99699e-01  2.16848e+04
 0.00000e+00  1.79849e+03  2.20260e+04
 9.99308e-01  0.00000e+00  2.23722e+04
 1.00085e+00  9.99007e-01  2.23730e+04
 1.79854e+03  9.99145e-01  2.16848e+04
 0.00000e+00  1.79856e+03  2.20260e+04
 9.99247e-01  0.00000e+00  2.23722e+04
 9.99942e-01  9.99436e-01  2.23726e+04
 1.79860e+03  9.99522e-01  2.16848e+04
 0.00000e+00  1.79862e+03  2.20260e+04
 9.99246e-01  0.00000e+00  2.23722e+04
 9.99275e-01  9.99206e-01  2.23722e+04
 1.79866e+03  1.00055e+00  2.16848e+04
 0.00000e+00  1.79868e+03  2.20260e+04
 9.99432e-01  0.00000e+00  2.23723e+04
 1.00091e+00  9.98760e-01  2.23731e+04
 1.79872e+03  1.00103e+00  2.16848e+04
 0.00000e+00  1.79874e+03  2.20260e+04
 9.99138e-01  1.28000e+02  2.23721e+04
 1.00189e+00  9.99254e-01  2.23736e+04
 1.79879e+03  1.00079e+00  2.16848e+04
 0.00000e+00  1.79881e+03  2.20260e+04
 9.99531e-01  0.00000e+00  2.23723e+04
 1.00099e+00  9.99449e-01  2.23731e+04
 1.79885e+03  1.00250e+00  2.16848e+04
 0.00000e+00  1.79887e+03  2.20260e+04
 9.99010e-01  0.00000e+00  2.23721e+04
 1.00183e+00  9.99238e-01  2.23736e+04
 1.79891e+03  1.00029e+00  2.16848e+04
 0.00000e+00  1.79893e+03  2.20260e+04
 9.98039e-01  0.00000e+00  2.23715e+04
 1.00224e+00  9.98995e-01  2.23738e+04
 1.79897e+03  1.00172e+00  2.16848e+04
 0.00000e+00  1.79899e+03  2.20260e+04
 9.99950e-01  0.00000e+00  2.23726e+04
 1.00252e+00  9.99666e-01  2.23740e+04
 1.79904e+03  1.00188e+00  2.16848e+04
 0.00000e+00  1.79906e+03  2.20260e+04
 9.99317e-01  0.00000e+00  2.23722e+04
 1.00230e+00  9.99082e-01  2.23738e+04
 1.79910e+03  1.00188e+00  2.16848e+04
 0.00000e+00  1.79912e+03  2.20260e+04
 9.99029e-01  0.00000e+00  2.23721e+04
 1.00322e+00  9.99307e-01  2.23743e+04
 1.79916e+03  1.00193e+00  2.16848e+04
 0.00000e+00  1.79918e+03  2.20260e+04
 9.97985e-01  0.00000e+00  2.23715e+04
 1.49137e-15  8.74587e-01  2.20260e+04
 1.79922e+03  1.00463e+00  2.16848e+04
 0.00000e+00  1.79924e+03  2.20260e+04
 9.98647e-01  0.00000e+00  2.23719e+04
 1.00139e+00  9.96737e-01  2.23733e+04
 1.79929e+03  1.00441e+00  2.16848e+04
 0.00000e+00  1.79931e+03  2.20260e+04
 9.97507e-01  0.00000e+00  2.23712e+04
 1.00377e+00  9.97367e-01  2.23746e+04
 1.79935e+03  1.00252e+00  2.16848e+04
 0.00000e+00  1.79937e+03  2.20260e+04
 9.97084e-01  0.00000e+00  2.23710e+04
 1.00387e+00  9.96069e-01  2.23747e+04
 1.79941e+03  1.00235e+00  2.16848e+04
 0.00000e+00  1.79943e+03  2.20260e+04
 9.95721e-01  0.00000e+00  2.23703e+04
 1.00355e+00  9.95102e-01  2.23745e+04
 1.79947e+03  1.00225e+00  2.16848e+04
 0.00000e+00  1.79949e+03  2.20260e+04
 9.95496e-01  0.00000e+00  2.23702e+04
 1.00224e+00  9.95853e-01  2.23738e+04
 1.79954e+03  9.99776e-01  2.16848e+04
 1.28000e+02  1.79956e+03  2.16847e+04
 9.94698e-01  0.00000e+00  2.23697e+04
 1.00311e+00  9.94070e-01  2.23743e+04
 1.79960e+03  1.00306e+00  2.16848e+04
 0.00000e+00  1.79962e+03  2.20260e+04
 9.94530e-01  0.00000e+00  2.23696e+04
 1.00401e+00  9.94925e-01  2.23748e+04
 1.79966e+03  1.00186e+00  2.16848e+04
 0.00000e+00  1.79968e+03  2.20260e+04
 9.93632e-01  0.00000e+00  2.23692e+04
 1.00319e+00  9.92985e-01  2.23743e+04
 1.79972e+03  1.00355e+00  2.16848e+04
 0.00000e+00  1.79974e+03  2.20260e+04
 9.93056e-01  1.28000e+02  2.23688e+04
 1.00402e+00  9.92526e-01  2.23748e+04
 1.79979e+03  1.00467e+00  2.16848e+04
 0.00000e+00  1.79981e+03  2.20260e+04
 9.90286e-01  0.00000e+00  2.23674e+04
 1.00393e+00  9.89731e-01  2.23747e+04
 1.79985e+03  1.00309e+00  2.16848e+04
 0.00000e+00  1.79987e+03  2.20260e+04
 9.88802e-01  0.00000e+00  2.23666e+04
 1.00423e+00  9.90080e-01  2.23749e+04
 1.79991e+03  1.00417e+00  2.16848e+04
 0.00000e+00  1.79993e+03  2.20260e+04
 9.90581e-01  0.00000e+00  2.23675e+04
 1.00212e+00  9.87937e-01  2.23737e+04
 1.79997e+03  1.00379e+00  2.16848e+04
 0.00000e+00  1.79999e+03  2.20260e+04
 9.86622e-01  0.00000e+00  2.23654e+04
 1.00222e+00  9.85032e-01  2.23738e+04
 1.80004e+03  1.00023e+00  2.16848e+04
 0.00000e+00  1.80006e+03  2.20260e+04
 9.83398e-01  0.00000e+00  2.23637e+04
 1.00018e+00  9.81463e-01  2.23727e+04
 1.80010e+03  9.97861e-01  2.16848e+04
 0.00000e+00  1.80012e+03  2.20260e+04
 9.79606e-01  0.00000e+00  2.23617e+04
 9.99164e-01  9.79788e-01  2.23721e+04
 1.80016e+03  9.98276e-01  2.16848e+04
 0.00000e+00  1.80018e+03  2.20260e+04
 9.78513e-01  0.00000e+00  2.23611e+04
 9.99208e-01  9.79155e-01  2.23722e+04
 1.80022e+03  9.97800e-01  2.16848e+04
 0.00000e+00  1.80024e+03  2.20260e+04
 9.78885e-01  0.00000e+00  2.23613e+04
 9.99806e-01  9.78971e-01  2.23725e+04
 1.80029e+03  9.97758e-01  2.16848e+04
 0.00000e+00  1.80031e+03  2.20260e+04
 9.78202e-01  0.00000e+00  2.23609e+04
 9.96091e-01  9.76619e-01  2.23705e+04
 1.80035e+03  9.96084e-01  2.16848e+04
 0.00000e+00  1.80037e+03  2.20260e+04
 9.73490e-01  0.00000e+00  2.23584e+04
 9.94132e-01  9.72131e-01  2.23694e+04
 1.80041e+03  1.01114e+00  2.16848e+04
 1.28000e+02  1.80043e+03  2.16847e+04
 9.70014e-01  1.28000e+02  2.23566e+04
 9.93335e-01  9.69100e-01  2.23690e+04
 1.80047e+03  9.93192e-01  2.16848e+04
 1.28000e+02  1.80049e+03  2.16847e+04
 9.65439e-01  1.28000e+02  2.23542e+04
 9.90198e-01  9.62727e-01  2.23673e+04
 1.80054e+03  9.87298e-01  2.16848e+04
 1.28000e+02  1.80056e+03  2.16847e+04
 9.60973e-01  1.28000e+02  2.23519e+04
 9.87243e-01  9.59665e-01  2.23657e+04
 1.80060e+03  9.89005e-01  2.16848e+04
 1.28000e+02  1.80062e+03  2.16847e+04
 9.58906e-01  1.28000e+02  2.23508e+04
 9.86172e-01  9.56810e-01  2.23652e+04
 1.80066e+03  9.85614e-01  2.16848e+04
 1.28000e+02  1.80068e+03  2.16847e+04
 9.52624e-01  1.28000e+02  2.23475e+04
 9.82956e-01  9.48009e-01  2.23634e+04
 1.80072e+03  9.78669e-01  2.16848e+04
 1.28000e+02  1.80074e+03  2.16847e+04
 9.36542e-01  1.28000e+02  2.23393e+04
 9.71787e-01  9.31580e-01  2.23575e+04
 1.80079e+03  9.68795e-01  2.16848e+04
 1.28000e+02  1.80081e+03  2.16847e+04
 9.25529e-01  1.28000e+02  2.23337e+04
 9.64491e-01  9.21280e-01  2.23537e+04
 1.80085e+03  9.65914e-01  2.16848e+04
 1.28000e+02  1.80087e+03  2.16847e+04
 9.18810e-01  1.28000e+02  2.23304e+04
 9.63709e-01  9.17765e-01  2.23533e+04
 1.80091e+03  9.65606e-01  2.16848e+04
 1.28000e+02  1.80093e+03  2.16847e+04
 9.16701e-01  1.28000e+02  2.23293e+04
 9.62607e-01  9.14314e-01  2.23527e+04
 1.80097e+03  9.63943e-01  2.16848e+04
 1.28000e+02  1.80099e+03  2.16847e+04
 9.13033e-01  1.28000e+02  2.23275e+04
 9.61998e-01  9.07974e-01  2.23524e+04
 1.80104e+03  9.62254e-01  2.16848e+04
 1.28000e+02  1.80106e+03  2.16847e+04
 9.00404e-01  1.28000e+02  2.23213e+04
 9.55659e-01  8.94903e-01  2.23491e+04
 1.80110e+03  9.53617e-01  2.16848e+04
 1.28000e+02  1.80112e+03  2.16847e+04
 8.88065e-01  1.28000e+02  2.23153e+04
 9.50324e-01  8.86814e-01  2.23464e+04
 1.80116e+03  9.52118e-01  2.16848e+04
 1.28000e+02  1.80118e+03  2.16847e+04
 8.89950e-01  1.28000e+02  2.23162e+04
 9.52955e-01  8.90751e-01  2.23477e+04
 1.80122e+03  9.52576e-01  2.16848e+04
 1.28000e+02  1.80124e+03  2.16847e+04
 8.91913e-01  1.28000e+02  2.23171e+04
 9.53605e-01  8.92019e-01  2.23481e+04
 1.80129e+03  9.50065e-01  2.16848e+04
 1.28000e+02  1.80131e+03  2.16847e+04
 8.87618e-01  1.28000e+02  2.23151e+04
 9.47842e-01  8.83081e-01  2.23451e+04
 1.80135e+03  9.44995e-01  2.16848e+04
 1.28000e+02  1.80137e+03  2.16847e+04
 8.73886e-01  1.28000e+02  2.23085e+04
 9.42433e-01  8.69611e-01  2.23423e+04
 1.80141e+03  9.42846e-01  2.16848e+04
 1.28000e+02  1.80143e+03  2.16847e+04
 8.60241e-01  1.28000e+02  2.23020e+04
 9.38905e-01  8.56498e-01  2.23405e+04
 1.80147e+03  9.37468e-01  2.16848e+04
 1.28000e+02  1.80149e+03  2.16847e+04
 8.47959e-01  1.28000e+02  2.22963e+04
 9.39816e-01  8.44700e-01  2.23410e+04
 1.80154e+03  9.43921e-01  2.16848e+04
 1.28000e+02  1.80156e+03  2.16847e+04
 8.41183e-01  1.28000e+02  2.22931e+04
 9.47580e-01  8.37509e-01  2.23449e+04
 1.80160e+03  9.49992e-01  2.16848e+04
 1.28000e+02  1.80162e+03  2.16847e+04
 8.30287e-01  1.28000e+02  2.22881e+04
 9.50961e-01  8.25287e-01  2.23467e+04
 1.80166e+03  9.62141e-01  2.16848e+04
 1.28000e+02  1.80168e+03  2.16847e+04
 8.21240e-01  1.28000e+02  2.22840e+04
 9.77054e-01  8.22753e-01  2.23603e+04
 1.80172e+03  9.90430e-01  2.16848e+04
 1.28000e+02  1.80174e+03  2.16847e+04
 8.18785e-01  1.28000e+02  2.22829e+04
 1.02168e+00  8.18722e-01  2.23845e+04
 1.80179e+03  1.04536e+00  2.16848e+04
 1.28000e+02  1.80181e+03  2.16847e+04
 8.22781e-01  1.28000e+02  2.22847e+04
 1.08192e+00  8.16953e-01  2.24188e+04
 1.80185e+03  1.09587e+00  2.16848e+04
 1.28000e+02  1.80187e+03  2.16847e+04
 8.07711e-01  1.28000e+02  2.22779e+04
 1.13366e+00  8.11878e-01  2.24501e+04
 1.80191e+03  1.15388e+00  2.16848e+04
 1.28000e+02  1.80193e+03  2.16847e+04
 8.06185e-01  1.28000e+02  2.22772e+04
 1.16952e+00  8.04408e-01  2.24727e+04
 1.80197e+03  1.18631e+00  2.16848e+04
 1.28000e+02  1.80199e+03  2.16847e+04
 8.00905e-01  1.28000e+02  2.22749e+04
 1.20777e+00  7.99030e-01  2.24978e+04
 1.80204e+03  1.21852e+00  2.16848e+04
 1.28000e+02  1.80206e+03  2.16847e+04
 8.00498e-01  1.28000e+02  2.22747e+04
 1.25127e+00  8.05554e-01  2.25276e+04
 1.80210e+03  1.27984e+00  2.16848e+04
 1.28000e+02  1.80212e+03  2.16847e+04
 8.22629e-01  1.28000e+02  2.22846e+04
 1.31759e+00  8.28004e-01  2.25756e+04
 1.80216e+03  1.32675e+00  2.16848e+04
 1.28000e+02  1.80218e+03  2.16847e+04
 8.43071e-01  1.28000e+02  2.22940e+04
 1.33067e+00  8.48694e-01  2.25855e+04
 1.80222e+03  1.32678e+00  2.16848e+04
 1.28000e+02  1.80224e+03  2.16847e+04
 8.73693e-01  1.28000e+02  2.23084e+04
 1.29689e+00  8.85322e-01  2.25603e+04
 1.80229e+03  1.25883e+00  2.16848e+04
 1.28000e+02  1.80231e+03  2.16847e+04
 8.95727e-01  1.28000e+02  2.23190e+04
 1.18244e+00  9.00812e-01  2.24811e+04
 1.80235e+03  1.15449e+00  2.16848e+04
 1.28000e+02  1.80237e+03  2.16847e+04
 9.32880e-01  1.28000e+02  2.23375e+04
 1.12356e+00  9.52114e-01  2.24439e+04
 1.80241e+03  1.10976e+00  2.16848e+04
 1.28000e+02  1.80243e+03  2.16847e+04
 9.71561e-01  1.28000e+02  2.23574e+04
 9.99711e-01  1.00350e+00  2.23724e+04
 1.80349e+03  1.00090e+00  2.16848e+04
 0.00000e+00  1.80352e+03  2.20260e+04
 1.00276e+00  0.00000e+00  2.23741e+04
 1.00085e+00  1.00239e+00  2.23730e+04
 1.80356e+03  1.00122e+00  2.16848e+04
 0.00000e+00  1.80358e+03  2.20260e+04
 1.00251e+00  0.00000e+00  2.23740e+04
 1.00084e+00  1.00221e+00  2.23730e+04
 1.80362e+03  1.00011e+00  2.16848e+04
 0.00000e+00  1.80364e+03  2.20260e+04
 1.00233e+00  1.28000e+02  2.23738e+04
 9.99530e-01  1.00146e+00  2.23723e+04
 1.80368e+03  1.00164e+00  2.16848e+04
 0.00000e+00  1.80370e+03  2.20260e+04
 1.00132e+00  0.00000e+00  2.23733e+04
 1.00085e+00  1.00215e+00  2.23731e+04
 1.80374e+03  1.00239e+00  2.16848e+04
 0.00000e+00  1.80377e+03  2.20260e+04
 1.00300e+00  1.28000e+02  2.23742e+04
 1.00252e+00  1.00290e+00  2.23740e+04
 1.80381e+03  1.00243e+00  2.16848e+04
 0.00000e+00  1.80383e+03  2.20260e+04
 1.00199e+00  0.00000e+00  2.23737e+04
 1.00155e+00  1.00163e+00  2.23734e+04
 1.80387e+03  1.00160e+00  2.16848e+04
 0.00000e+00  1.80389e+03  2.20260e+04
 1.00015e+00  0.00000e+00  2.23727e+04
 1.00070e+00  1.00046e+00  2.23730e+04
 1.80393e+03  1.00135e+00  2.16848e+04
 0.00000e+00  1.80395e+03  2.20260e+04
 1.00096e+00  0.00000e+00  2.23731e+04
 9.99386e-01  1.00054e+00  2.23723e+04
 1.80399e+03  9.98845e-01  2.16848e+04
 0.00000e+00  1.80402e+03  2.20260e+04
 9.98907e-01  0.00000e+00  2.23720e+04
 9.97929e-01  9.98301e-01  2.23715e+04
 1.80406e+03  9.97872e-01  2.16848e+04
 0.00000e+00  1.80408e+03  2.20260e+04
 9.98933e-01  0.00000e+00  2.23720e+04
 9.98953e-01  9.99641e-01  2.23720e+04
 1.80412e+03  9.99639e-01  2.16848e+04
 0.00000e+00  1.80414e+03  2.20260e+04
 1.00001e+00  0.00000e+00  2.23726e+04
 9.99710e-01  1.00021e+00  2.23724e+04
 1.80418e+03  9.97426e-01  2.16848e+04
 0.00000e+00  1.80420e+03  2.20260e+04
 9.98809e-01  0.00000e+00  2.23719e+04
 9.97184e-01  9.98743e-01  2.23711e+04
 1.80424e+03  9.98203e-01  2.16848e+04
 0.00000e+00  1.80427e+03  2.20260e+04
 9.99326e-01  0.00000e+00  2.23722e+04
 9.99040e-01  9.99462e-01  2.23721e+04
 1.80431e+03  9.99839e-01  2.16848e+04
 0.00000e+00  1.80433e+03  2.20260e+04
 9.99412e-01  0.00000e+00  2.23723e+04
 9.98914e-01  9.99658e-01  2.23720e+04
 1.80437e+03  9.98806e-01  2.16848e+04
 0.00000e+00  1.80439e+03  2.20260e+04
 9.98480e-01  0.00000e+00  2.23718e+04
 9.98752e-01  9.98503e-01  2.23719e+04
 1.80443e+03  1.00000e+00  2.16848e+04
 0.00000e+00  1.80445e+03  2.20260e+04
 9.99563e-01  0.00000e+00  2.23724e+04
 9.99320e-01  1.00014e+00  2.23722e+04
 1.80449e+03  1.00012e+00  2.16848e+04
 0.00000e+00  1.80452e+03  2.20260e+04
 1.00018e+00  0.00000e+00  2.23727e+04
 1.00094e+00  1.00004e+00  2.23731e+04
 1.80456e+03  1.00018e+00  2.16848e+04
 0.00000e+00  1.80458e+03  2.20260e+04
 1.00076e+00  0.00000e+00  2.23730e+04
 1.00352e+00  1.00071e+00  2.23745e+04
 1.80462e+03  1.00084e+00  2.16848e+04
 0.00000e+00  1.80464e+03  2.20260e+04
 1.00046e+00  0.00000e+00  2.23728e+04
 1.00285e+00  1.00099e+00  2.23741e+04
 1.80468e+03  1.00217e+00  2.16848e+04
 0.00000e+00  1.80470e+03  2.20260e+04
 1.00068e+00  0.00000e+00  2.23730e+04
 1.00158e+00  9.99634e-01  2.23734e+04
 1.80474e+03  9.99576e-01  2.16848e+04
 0.00000e+00  1.80477e+03  2.20260e+04
 9.99396e-01  0.00000e+00  2.23723e+04
 1.00060e+00  9.99154e-01  2.23729e+04
 1.80481e+03  1.00101e+00  2.16848e+04
 0.00000e+00  1.80483e+03  2.20260e+04
 9.99800e-01  0.00000e+00  2.23725e+04
 9.99457e-01  1.00045e+00  2.23723e+04
 1.80487e+03  9.99858e-01  2.16848e+04
 1.28000e+02  1.80489e+03  2.16847e+04
 1.00023e+00  0.00000e+00  2.23727e+04
 9.99560e-01  9.99369e-01  2.23724e+04
 1.80493e+03  9.97916e-01  2.16848e+04
 0.00000e+00  1.80495e+03  2.20260e+04
 9.98048e-01  0.00000e+00  2.23715e+04
 9.97801e-01  9.98262e-01  2.23714e+04
 1.80499e+03  9.97621e-01  2.16848e+04
 0.00000e+00  1.80502e+03  2.20260e+04
 9.97460e-01  0.00000e+00  2.23712e+04
 9.98506e-01  9.97600e-01  2.23718e+04
 1.80506e+03  9.97577e-01  2.16848e+04
 0.00000e+00  1.80508e+03  2.20260e+04
 9.97514e-01  0.00000e+00  2.23712e+04
 9.98250e-01  9.98388e-01  2.23716e+04
 1.80512e+03  1.00026e+00  2.16848e+04
 0.00000e+00  1.80514e+03  2.20260e+04
 9.97752e-01  0.00000e+00  2.23714e+04
 9.99920e-01  9.99369e-01  2.23725e+04
 1.80518e+03  9.99174e-01  2.16848e+04
 0.00000e+00  1.80520e+03  2.20260e+04
 1.00006e+00  0.00000e+00  2.23726e+04
 9.99176e-01  9.99590e-01  2.23721e+04
 1.80524e+03  1.00067e+00  2.16848e+04
 0.00000e+00  1.80527e+03  2.20260e+04
 1.00000e+00  0.00000e+00  2.23726e+04
 1.00046e+00  9.99345e-01  2.23728e+04
 1.80531e+03  9.99088e-01  2.16848e+04
 0.00000e+00  1.80533e+03  2.20260e+04
 9.99027e-01  0.00000e+00  2.23721e+04
 1.00023e+00  1.00030e+00  2.23727e+04
 1.80537e+03  9.99121e-01  2.16848e+04
 0.00000e+00  1.80539e+03  2.20260e+04
 1.00061e+00  0.00000e+00  2.23729e+04
 1.00001e+00  9.99911e-01  2.23726e+04
 1.80543e+03  9.99941e-01  2.16848e+04
 0.00000e+00  1.80545e+03  2.20260e+04
 1.00005e+00  0.00000e+00  2.23726e+04
 9.99579e-01  9.99113e-01  2.23724e+04
 1.80549e+03  9.99292e-01  2.16848e+04
 0.00000e+00  1.80552e+03  2.20260e+04
 1.00031e+00  0.00000e+00  2.23728e+04
 1.00004e+00  1.00126e+00  2.23726e+04
 1.80556e+03  9.99841e-01  2.16848e+04
 0.00000e+00  1.80558e+03  2.20260e+04
 1.00119e+00  0.00000e+00  2.23732e+04
 1.00008e+00  1.00116e+00  2.23726e+04
 1.80562e+03  1.00002e+00  2.16848e+04
 0.00000e+00  1.80564e+03  2.20260e+04
 1.00113e+00  0.00000e+00  2.23732e+04
 1.00149e+00  1.00078e+00  2.23734e+04
 1.80568e+03  1.00028e+00  2.16848e+04
 0.00000e+00  1.80570e+03  2.20260e+04
 1.00091e+00  0.00000e+00  2.23731e+04
 9.99751e-01  1.00029e+00  2.23725e+04
 1.80574e+03  9.99719e-01  2.16848e+04
 1.28000e+02  1.80577e+03  2.16847e+04
 1.00051e+00  0.00000e+00  2.23729e+04
 9.99878e-01  1.00058e+00  2.23725e+04
 1.80581e+03  9.99873e-01  2.16848e+04
 0.00000e+00  1.80583e+03  2.20260e+04
 1.00091e+00  0.00000e+00  2.23731e+04
 9.99352e-01  1.00036e+00  2.23722e+04
 1.80587e+03  1.00102e+00  2.16848e+04
 0.00000e+00  1.80589e+03  2.20260e+04
 9.99356e-01  0.00000e+00  2.23722e+04
 9.98055e-01  1.00086e+00  2.23715e+04
 1.80593e+03  9.99593e-01  2.16848e+04
 0.00000e+00  1.80595e+03  2.20260e+04
 9.99594e-01  0.00000e+00  2.23724e+04
 9.98626e-01  1.00033e+00  2.23718e+04
 1.80599e+03  9.97451e-01  2.16848e+04
 0.00000e+00  1.80602e+03  2.20260e+04
 9.99269e-01  0.00000e+00  2.23722e+04
 9.98504e-01  9.99719e-01  2.23718e+04
 1.80606e+03  9.97238e-01  2.16848e+04
 0.00000e+00  1.80608e+03  2.20260e+04
 1.00018e+00  1.28000e+02  2.23727e+04
 9.96090e-01  9.99757e-01  2.23705e+04
 1.80612e+03  9.97067e-01  2.16848e+04
 0.00000e+00  1.80614e+03  2.20260e+04
 1.00091e+00  0.00000e+00  2.23731e+04
 9.98372e-01  9.99587e-01  2.23717e+04
 1.80618e+03  9.98252e-01  2.16848e+04
 0.00000e+00  1.80620e+03  2.20260e+04
 1.00094e+00  0.00000e+00  2.23731e+04
 9.98552e-01  1.00080e+00  2.23718e+04
 1.80624e+03  9.98606e-01  2.16848e+04
 0.00000e+00  1.80627e+03  2.20260e+04
 1.00231e+00  0.00000e+00  2.23738e+04
 1.00094e+00  1.00276e+00  2.23731e+04
 1.80631e+03  9.99994e-01  2.16848e+04
 0.00000e+00  1.80633e+03  2.20260e+04
 1.00180e+00  0.00000e+00  2.23736e+04
 9.98597e-01  1.00120e+00  2.23718e+04
 1.80637e+03  9.99096e-01  2.16848e+04
 0.00000e+00  1.80639e+03  2.20260e+04
 1.00152e+00  1.28000e+02  2.23734e+04
 1.00001e+00  1.00182e+00  2.23726e+04
 1.80643e+03  1.00027e+00  2.16848e+04
 0.00000e+00  1.80645e+03  2.20260e+04
 1.00175e+00  0.00000e+00  2.23735e+04
 1.00025e+00  1.00241e+00  2.23727e+04
 1.80649e+03  1.00062e+00  2.16848e+04
 0.00000e+00  1.80652e+03  2.20260e+04
 1.00163e+00  0.00000e+00  2.23735e+04
 9.98992e-01  1.00146e+00  2.23720e+04
 1.80656e+03  9.98978e-01  2.16848e+04
 0.00000e+00  1.80658e+03  2.20260e+04
 1.00036e+00  0.00000e+00  2.23728e+04
 9.99015e-01  1.00070e+00  2.23721e+04
 1.80662e+03  9.98266e-01  2.16848e+04
 0.00000e+00  1.80664e+03  2.20260e+04
 1.00061e+00  0.00000e+00  2.23729e+04
 9.99740e-01  1.00119e+00  2.23724e+04
 1.80668e+03  9.98653e-01  2.16848e+04
 0.00000e+00  1.80670e+03  2.20260e+04
 1.00023e+00  0.00000e+00  2.23727e+04
 9.98945e-01  1.00038e+00  2.23720e+04
 1.80674e+03  9.97966e-01  2.16848e+04
 0.00000e+00  1.80677e+03  2.20260e+04
 1.00012e+00  0.00000e+00  2.23727e+04
 9.98755e-01  9.99620e-01  2.23719e+04
 1.80681e+03  9.96164e-01  2.16848e+04
 0.00000e+00  1.80683e+03  2.20260e+04
 9.99057e-01  0.00000e+00  2.23721e+04
 9.97912e-01  9.99602e-01  2.23715e+04
 1.80687e+03  9.97407e-01  2.16848e+04
 0.00000e+00  1.80689e+03  2.20260e+04
 9.99889e-01  0.00000e+00  2.23725e+04
 9.97783e-01  1.00031e+00  2.23714e+04
 1.80693e+03  9.97983e-01  2.16848e+04
 0.00000e+00  1.80695e+03  2.20260e+04
 9.99670e-01  0.00000e+00  2.23724e+04
 9.92686e-01  1.00101e+00  2.23686e+04
 1.80699e+03  9.99952e-01  2.16848e+04
 0.00000e+00  1.80702e+03  2.20260e+04
 1.00167e+00  0.00000e+00  2.23735e+04
 1.00084e+00  1.00146e+00  2.23730e+04
 1.80706e+03  1.00017e+00  2.16848e+04
 0.00000e+00  1.80708e+03  2.20260e+04
 1.00192e+00  0.00000e+00  2.23736e+04
 9.99959e-01  1.00253e+00  2.23726e+04
 1.80712e+03  9.99171e-01  2.16848e+04
 0.00000e+00  1.80714e+03  2.20260e+04
 1.00139e+00  0.00000e+00  2.23733e+04
 9.99213e-01  1.00160e+00  2.23722e+04
 1.80718e+03  1.00001e+00  2.16848e+04
 0.00000e+00  1.80720e+03  2.20260e+04
 1.00143e+00  0.00000e+00  2.23734e+04
 1.00148e+00  1.00212e+00  2.23734e+04
 1.80724e+03  1.00180e+00  2.16848e+04
 0.00000e+00  1.80727e+03  2.20260e+04
 1.00148e+00  0.00000e+00  2.23734e+04
 1.00087e+00  1.00242e+00  2.23731e+04
 1.80731e+03  1.00048e+00  2.16848e+04
 0.00000e+00  1.80733e+03  2.20260e+04
 1.00217e+00  0.00000e+00  2.23738e+04
 1.00124e+00  1.00276e+00  2.23733e+04
 1.80737e+03  1.00142e+00  2.16848e+04
 0.00000e+00  1.80739e+03  2.20260e+04
 1.00230e+00  0.00000e+00  2.23738e+04
 9.88702e-01  1.00302e+00  2.23665e+04
 1.80743e+03  1.00277e+00  2.16848e+04
 0.00000e+00  1.80745e+03  2.20260e+04
 1.00332e+00  0.00000e+00  2.23744e+04
 1.00164e+00  1.00222e+00  2.23735e+04
 1.80749e+03  1.00281e+00  2.16848e+04
 0.00000e+00  1.80752e+03  2.20260e+04
 1.00443e+00  0.00000e+00  2.23750e+04
 1.00360e+00  1.00445e+00  2.23745e+04
 1.80756e+03  1.00385e+00  2.16848e+04
 0.00000e+00  1.80758e+03  2.20260e+04
 1.00613e+00  0.00000e+00  2.23759e+04
 1.00358e+00  1.00665e+00  2.23745e+04
 1.80762e+03  1.00432e+00  2.16848e+04
 0.00000e+00  1.80764e+03  2.20260e+04
 1.00611e+00  0.00000e+00  2.23759e+04
 1.00350e+00  1.00597e+00  2.23745e+04
 1.80768e+03  1.00236e+00  2.16848e+04
 0.00000e+00  1.80770e+03  2.20260e+04
 1.00689e+00  0.00000e+00  2.23763e+04
 1.00572e+00  1.00751e+00  2.23757e+04
 1.80774e+03  1.00689e+00  2.16848e+04
 0.00000e+00  1.80777e+03  2.20260e+04
 1.00744e+00  0.00000e+00  2.23766e+04
 1.00629e+00  1.00826e+00  2.23760e+04
 1.80781e+03  1.00530e+00  2.16848e+04
 0.00000e+00  1.80783e+03  2.20260e+04
 1.00763e+00  0.00000e+00  2.23767e+04
 1.00677e+00  1.00888e+00  2.23763e+04
 1.80787e+03  1.00738e+00  2.16848e+04
 0.00000e+00  1.80789e+03  2.20260e+04
 1.00902e+00  0.00000e+00  2.23775e+04
 1.00851e+00  1.01047e+00  2.23772e+04
 1.80793e+03  1.00695e+00  2.16848e+04
 0.00000e+00  1.80795e+03  2.20260e+04
 1.01037e+00  0.00000e+00  2.23782e+04
 1.01078e+00  1.01104e+00  2.23785e+04
 1.80799e+03  2.06205e-15  2.16848e+04
 1.28000e+02  1.80802e+03  2.16847e+04
 1.01243e+00  0.00000e+00  2.23794e+04
 1.01124e+00  1.01410e+00  2.23787e+04
 1.80806e+03  1.01205e+00  2.16848e+04
 0.00000e+00  1.80808e+03  2.20260e+04
 1.01514e+00  0.00000e+00  2.23809e+04
 1.01240e+00  1.01564e+00  2.23793e+04
 1.80812e+03  1.01253e+00  2.16848e+04
 0.00000e+00  1.80814e+03  2.20260e+04
 1.01663e+00  0.00000e+00  2.23817e+04
 1.01294e+00  1.01686e+00  2.23796e+04
 1.80818e+03  1.01281e+00  2.16848e+04
 0.00000e+00  1.80820e+03  2.20260e+04
 1.01581e+00  0.00000e+00  2.23812e+04
 1.01239e+00  1.01626e+00  2.23793e+04
 1.80824e+03  1.01436e+00  2.16848e+04
 0.00000e+00  1.80827e+03  2.20260e+04
 1.01612e+00  0.00000e+00  2.23814e+04
 1.01257e+00  1.01585e+00  2.23794e+04
 1.80831e+03  1.01239e+00  2.16848e+04
 0.00000e+00  1.80833e+03  2.20260e+04
 1.01578e+00  0.00000e+00  2.23812e+04
 1.01145e+00  1.01530e+00  2.23788e+04
 1.80837e+03  1.01106e+00  2.16848e+04
 0.00000e+00  1.80839e+03  2.20260e+04
 1.01537e+00  0.00000e+00  2.23810e+04
 1.01093e+00  1.01475e+00  2.23785e+04
 1.80843e+03  1.01006e+00  2.16848e+04
 0.00000e+00  1.80845e+03  2.20260e+04
 1.01464e+00  0.00000e+00  2.23806e+04
 1.01008e+00  1.01349e+00  2.23781e+04
 1.80849e+03  1.00871e+00  2.16848e+04
 0.00000e+00  1.80852e+03  2.20260e+04
 1.01189e+00  0.00000e+00  2.23791e+04
 1.01017e+00  1.01165e+00  2.23781e+04
 1.80856e+03  1.00415e+00  2.16848e+04
 0.00000e+00  1.80858e+03  2.20260e+04
 1.01073e+00  0.00000e+00  2.23784e+04
 1.00610e+00  1.01000e+00  2.23759e+04
 1.80862e+03  1.00438e+00  2.16848e+04
 0.00000e+00  1.80864e+03  2.20260e+04
 1.00928e+00  0.00000e+00  2.23776e+04
 1.00269e+00  1.00821e+00  2.23740e+04
 1.80868e+03  1.00366e+00  2.16848e+04
 0.00000e+00  1.80870e+03  2.20260e+04
 1.00758e+00  0.00000e+00  2.23767e+04
 1.00319e+00  1.00656e+00  2.23743e+04
 1.80874e+03  1.00317e+00  2.16848e+04
 0.00000e+00  1.80877e+03  2.20260e+04
 1.00738e+00  0.00000e+00  2.23766e+04
 1.00176e+00  1.00661e+00  2.23735e+04
 1.80881e+03  1.00248e+00  2.16848e+04
 0.00000e+00  1.80883e+03  2.20260e+04
 1.00613e+00  0.00000e+00  2.23759e+04
 1.00212e+00  1.00559e+00  2.23737e+04
 1.80887e+03  1.00152e+00  2.16848e+04
 0.00000e+00  1.80889e+03  2.20260e+04
 1.00499e+00  0.00000e+00  2.23753e+04
 1.00020e+00  1.00484e+00  2.23727e+04
 1.80893e+03  1.00021e+00  2.16848e+04
 0.00000e+00  1.80895e+03  2.20260e+04
 1.00339e+00  0.00000e+00  2.23744e+04
 9.99354e-01  1.00340e+00  2.23722e+04
 1.80899e+03  9.99616e-01  2.16848e+04
 0.00000e+00  1.80902e+03  2.20260e+04
 1.00252e+00  0.00000e+00  2.23740e+04
 9.99813e-01  1.00354e+00  2.23725e+04
 1.80906e+03  9.99573e-01  2.16848e+04
 0.00000e+00  1.80908e+03  2.20260e+04
 1.00203e+00  0.00000e+00  2.23737e+04
 9.99538e-01  1.00283e+00  2.23723e+04
 1.80912e+03  9.99794e-01  2.16848e+04
 0.00000e+00  1.80914e+03  2.20260e+04
 1.00288e+00  0.00000e+00  2.23741e+04
 9.97985e-01  1.00316e+00  2.23715e+04
 1.80918e+03  9.97440e-01  2.16848e+04
 0.00000e+00  1.80920e+03  2.20260e+04
 1.00188e+00  0.00000e+00  2.23736e+04
 9.98327e-01  1.00175e+00  2.23717e+04
 1.80924e+03  9.96426e-01  2.16848e+04
 0.00000e+00  1.80927e+03  2.20260e+04
 1.00180e+00  0.00000e+00  2.23736e+04
 9.97328e-01  1.00081e+00  2.23711e+04
 1.80931e+03  1.00076e+00  2.16848e+04
 0.00000e+00  1.80933e+03  2.20260e+04
 1.00068e+00  0.00000e+00  2.23730e+04
 9.96726e-01  1.00026e+00  2.23708e+04
 1.80937e+03  9.98128e-01  2.16848e+04
 0.00000e+00  1.80939e+03  2.20260e+04
 1.00102e+00  0.00000e+00  2.23731e+04
 9.97374e-01  9.99939e-01  2.23712e+04
 1.80943e+03  9.96796e-01  2.16848e+04
 0.00000e+00  1.80945e+03  2.20260e+04
 1.00046e+00  0.00000e+00  2.23728e+04
 9.96391e-01  1.00036e+00  2.23706e+04
 1.80949e+03  9.96140e-01  2.16848e+04
 0.00000e+00  1.80952e+03  2.20260e+04
 1.00026e+00  0.00000e+00  2.23727e+04
 9.97143e-01  9.99842e-01  2.23710e+04
 1.80956e+03  9.96578e-01  2.16848e+04
 0.00000e+00  1.80958e+03  2.20260e+04
 1.00092e+00  0.00000e+00  2.23731e+04
 9.97937e-01  9.99913e-01  2.23715e+04
 1.80962e+03  9.97059e-01  2.16848e+04
 0.00000e+00  1.80964e+03  2.20260e+04
 9.99202e-01  0.00000e+00  2.23722e+04
 9.97047e-01  9.99276e-01  2.23710e+04
 1.80968e+03  9.97008e-01  2.16848e+04
 0.00000e+00  1.80970e+03  2.20260e+04
 1.00034e+00  0.00000e+00  2.23728e+04
 9.97454e-01  9.99210e-01  2.23712e+04
 1.80974e+03  9.98291e-01  2.16848e+04
 0.00000e+00  1.80977e+03  2.20260e+04
 9.99521e-01  0.00000e+00  2.23723e+04
 9.98755e-01  9.99678e-01  2.23719e+04
 1.80981e+03  9.98929e-01  2.16848e+04
 0.00000e+00  1.80983e+03  2.20260e+04
 9.99555e-01  0.00000e+00  2.23723e+04
 9.96173e-01  9.99749e-01  2.23705e+04
 1.80987e+03  9.95599e-01  2.16848e+04
 1.28000e+02  1.80989e+03  2.16847e+04
 1.00058e+00  0.00000e+00  2.23729e+04
 9.98541e-01  1.00175e+00  2.23718e+04
 1.80993e+03  9.94848e-01  2.16848e+04
 1.28000e+02  1.80995e+03  2.16847e+04
 1.00118e+00  0.00000e+00  2.23732e+04
 9.97431e-01  9.99757e-01  2.23712e+04
 1.80999e+03  9.97270e-01  2.16848e+04
 0.00000e+00  1.81002e+03  2.20260e+04
 1.00028e+00  0.00000e+00  2.23727e+04
 9.97616e-01  1.00038e+00  2.23713e+04
 1.81006e+03  9.98808e-01  2.16848e+04
 0.00000e+00  1.81008e+03  2.20260e+04
 1.00165e+00  0.00000e+00  2.23735e+04
 9.97875e-01  1.00113e+00  2.23714e+04
 1.81012e+03  9.98413e-01  2.16848e+04
 0.00000e+00  1.81014e+03  2.20260e+04
 1.00203e+00  0.00000e+00  2.23737e+04
 9.98613e-01  1.00176e+00  2.23718e+04
 1.81018e+03  9.97900e-01  2.16848e+04
 0.00000e+00  1.81020e+03  2.20260e+04
 1.00089e+00  0.00000e+00  2.23731e+04
 9.97949e-01  1.00054e+00  2.23715e+04
 1.81024e+03  9.97850e-01  2.16848e+04
 0.00000e+00  1.81027e+03  2.20260e+04
 1.00069e+00  0.00000e+00  2.23730e+04
 9.95559e-01  9.99848e-01  2.23702e+04
 1.81031e+03  9.96633e-01  2.16848e+04
 0.00000e+00  1.81033e+03  2.20260e+04
 1.00041e+00  0.00000e+00  2.23728e+04
 9.95750e-01  9.99061e-01  2.23703e+04
 1.81037e+03  9.95469e-01  2.16848e+04
 0.00000e+00  1.81039e+03  2.20260e+04
 9.98928e-01  0.00000e+00  2.23720e+04
 9.95638e-01  1.00016e+00  2.23702e+04
 1.81043e+03  9.96793e-01  2.16848e+04
 0.00000e+00  1.81045e+03  2.20260e+04
 9.98831e-01  0.00000e+00  2.23720e+04
 9.96076e-01  9.99724e-01  2.23705e+04
 1.81049e+03  9.96642e-01  2.16848e+04
 0.00000e+00  1.81052e+03  2.20260e+04
 9.99411e-01  0.00000e+00  2.23723e+04
 9.94978e-01  1.00020e+00  2.23699e+04
 1.81056e+03  9.94154e-01  2.16848e+04
 0.00000e+00  1.81058e+03  2.20260e+04
 1.00057e+00  0.00000e+00  2.23729e+04
 9.94882e-01  9.99943e-01  2.23698e+04
 1.81062e+03  9.96155e-01  2.16848e+04
 0.00000e+00  1.81064e+03  2.20260e+04
 1.00037e+00  0.00000e+00  2.23728e+04
 9.96268e-01  1.00095e+00  2.23706e+04
 1.81068e+03  9.96291e-01  2.16848e+04
 0.00000e+00  1.81070e+03  2.20260e+04
 1.00080e+00  0.00000e+00  2.23730e+04
 9.95420e-01  9.99381e-01  2.23701e+04
 1.81074e+03  9.96125e-01  2.16848e+04
 0.00000e+00  1.81077e+03  2.20260e+04
 9.99855e-01  0.00000e+00  2.23725e+04
 9.95744e-01  1.00086e+00  2.23703e+04
 1.81081e+03  9.96354e-01  2.16848e+04
 0.00000e+00  1.81083e+03  2.20260e+04
 1.00036e+00  0.00000e+00  2.23728e+04
 9.95990e-01  1.00008e+00  2.23704e+04
 1.81087e+03  9.92500e-01  2.16848e+04
 1.28000e+02  1.81089e+03  2.16847e+04
 1.00121e+00  0.00000e+00  2.23732e+04
 9.95573e-01  1.00032e+00  2.23702e+04
 1.81093e+03  9.96204e-01  2.16848e+04
 0.00000e+00  1.81095e+03  2.20260e+04
 1.00068e+00  0.00000e+00  2.23730e+04
 9.97380e-01  1.00138e+00  2.23712e+04
 1.81099e+03  9.97648e-01  2.16848e+04
 0.00000e+00  1.81102e+03  2.20260e+04
 1.00054e+00  0.00000e+00  2.23729e+04
 9.99243e-01  1.00027e+00  2.23722e+04
 1.81106e+03  9.97408e-01  2.16848e+04
 0.00000e+00  1.81108e+03  2.20260e+04
 1.00054e+00  0.00000e+00  2.23729e+04
 9.97086e-01  9.99891e-01  2.23710e+04
 1.81112e+03  9.96565e-01  2.16848e+04
 0.00000e+00  1.81114e+03  2.20260e+04
 1.00016e+00  0.00000e+00  2.23727e+04
 9.96746e-01  9.99379e-01  2.23708e+04
 1.81118e+03  9.96322e-01  2.16848e+04
 0.00000e+00  1.81120e+03  2.20260e+04
 9.99539e-01  0.00000e+00  2.23723e+04
 9.96637e-01  9.99601e-01  2.23708e+04
 1.81124e+03  9.96466e-01  2.16848e+04
 0.00000e+00  1.81127e+03  2.20260e+04
 9.99515e-01  0.00000e+00  2.23723e+04
 9.96368e-01  9.99124e-01  2.23706e+04
 1.81131e+03  9.96820e-01  2.16848e+04
 0.00000e+00  1.81133e+03  2.20260e+04
 9.99384e-01  0.00000e+00  2.23723e+04
 9.96385e-01  9.99472e-01  2.23706e+04
 1.81137e+03  9.97541e-01  2.16848e+04
 0.00000e+00  1.81139e+03  2.20260e+04
 9.99171e-01  0.00000e+00  2.23721e+04
 9.96756e-01  9.98410e-01  2.23708e+04
 1.81143e+03  9.96254e-01  2.16848e+04
 0.00000e+00  1.81145e+03  2.20260e+04
 9.98887e-01  0.00000e+00  2.23720e+04
 9.96095e-01  9.98775e-01  2.23705e+04
 1.81149e+03  9.95651e-01  2.16848e+04
 0.00000e+00  1.81152e+03  2.20260e+04
 9.97461e-01  0.00000e+00  2.23712e+04
 9.96337e-01  9.97583e-01  2.23706e+04
 1.81156e+03  9.95613e-01  2.16848e+04
 0.00000e+00  1.81158e+03  2.20260e+04
 9.97237e-01  0.00000e+00  2.23711e+04
 9.93330e-01  9.97325e-01  2.23690e+04
 1.81162e+03  9.96509e-01  2.16848e+04
 0.00000e+00  1.81164e+03  2.20260e+04
 9.99079e-01  0.00000e+00  2.23721e+04
 9.97838e-01  9.99496e-01  2.23714e+04
 1.81168e+03  9.98417e-01  2.16848e+04
 0.00000e+00  1.81170e+03  2.20260e+04
 9.98916e-01  0.00000e+00  2.23720e+04
 9.98317e-01  9.99310e-01  2.23717e+04
 1.81174e+03  9.99264e-01  2.16848e+04
 0.00000e+00  1.81177e+03  2.20260e+04
 9.98699e-01  0.00000e+00  2.23719e+04
 9.99123e-01  9.99900e-01  2.23721e+04
 1.81181e+03  1.00060e+00  2.16848e+04
 0.00000e+00  1.81183e+03  2.20260e+04
 1.00019e+00  0.00000e+00  2.23727e+04
 9.98797e-01  1.00011e+00  2.23719e+04
 1.81187e+03  9.99773e-01  2.16848e+04
 0.00000e+00  1.81189e+03  2.20260e+04
 9.99367e-01  0.00000e+00  2.23722e+04
 9.99644e-01  9.99732e-01  2.23724e+04
 1.81193e+03  1.00037e+00  2.16848e+04
 0.00000e+00  1.81195e+03  2.20260e+04
 9.99159e-01  0.00000e+00  2.23721e+04
 1.00032e+00  1.00018e+00  2.23728e+04
 1.81199e+03  9.98224e-01  2.16848e+04
 0.00000e+00  1.81202e+03  2.20260e+04
 1.00004e+00  0.00000e+00  2.23726e+04
 1.00045e+00  9.99249e-01  2.23728e+04
 1.81206e+03  1.00069e+00  2.16848e+04
 0.00000e+00  1.81208e+03  2.20260e+04
 9.99947e-01  0.00000e+00  2.23726e+04
 1.00072e+00  1.00033e+00  2.23730e+04
 1.81212e+03  1.00154e+00  2.16848e+04
 0.00000e+00  1.81214e+03  2.20260e+04
 9.99905e-01  0.00000e+00  2.23725e+04
 1.00066e+00  9.99656e-01  2.23729e+04
 1.81218e+03  1.00000e+00  2.16848e+04
 0.00000e+00  1.81220e+03  2.20260e+04
 1.00003e+00  0.00000e+00  2.23726e+04
 1.00144e+00  1.00002e+00  2.23734e+04
 1.81224e+03  1.00055e+00  2.16848e+04
 0.00000e+00  1.81227e+03  2.20260e+04
 9.99752e-01  0.00000e+00  2.23725e+04
 1.00132e+00  9.99579e-01  2.23733e+04
 1.81231e+03  1.00181e+00  2.16848e+04
 0.00000e+00  1.81233e+03  2.20260e+04
 9.99126e-01  0.00000e+00  2.23721e+04
 1.00153e+00  9.99099e-01  2.23734e+04
 1.81237e+03  1.00273e+00  2.16848e+04
 0.00000e+00  1.81239e+03  2.20260e+04
 9.99594e-01  0.00000e+00  2.23724e+04
 1.00294e+00  9.99766e-01  2.23742e+04
 1.81243e+03  1.00047e+00  2.16848e+04
 0.00000e+00  1.81245e+03  2.20260e+04
 9.99501e-01  0.00000e+00  2.23723e+04
 1.00353e+00  9.99669e-01  2.23745e+04
 1.81249e+03  2.03343e-15  2.16848e+04
 1.28000e+02  1.81252e+03  2.16847e+04
 9.98966e-01  0.00000e+00  2.23720e+04
 1.00305e+00  9.98786e-01  2.23742e+04
 1.81256e+03  1.00340e+00  2.16848e+04
 0.00000e+00  1.81258e+03  2.20260e+04
 9.99139e-01  0.00000e+00  2.23721e+04
 1.00403e+00  9.99006e-01  2.23748e+04
 1.81262e+03  1.00441e+00  2.16848e+04
 0.00000e+00  1.81264e+03  2.20260e+04
 9.99301e-01  0.00000e+00  2.23722e+04
 1.00498e+00  9.99067e-01  2.23753e+04
 1.81268e+03  1.00472e+00  2.16848e+04
 0.00000e+00  1.81270e+03  2.20260e+04
 9.97612e-01  0.00000e+00  2.23713e+04
 1.00620e+00  9.97328e-01  2.23760e+04
 1.81274e+03  1.00516e+00  2.16848e+04
 0.00000e+00  1.81277e+03  2.20260e+04
 9.96369e-01  0.00000e+00  2.23706e+04
 1.00480e+00  9.96310e-01  2.23752e+04
 1.81281e+03  1.00589e+00  2.16848e+04
 0.00000e+00  1.81283e+03  2.20260e+04
 9.96750e-01  0.00000e+00  2.23708e+04
 1.00675e+00  9.96247e-01  2.23763e+04
 1.81287e+03  1.00762e+00  2.16848e+04
 0.00000e+00  1.81289e+03  2.20260e+04
 9.96727e-01  0.00000e+00  2.23708e+04
 1.00480e+00  9.96082e-01  2.23752e+04
 1.81293e+03  1.00485e+00  2.16848e+04
 0.00000e+00  1.81295e+03  2.20260e+04
 9.96373e-01  0.00000e+00  2.23706e+04
 1.00523e+00  9.95649e-01  2.23754e+04
 1.81299e+03  1.00134e+00  2.16848e+04
 0.00000e+00  1.81302e+03  2.20260e+04
 9.95853e-01  0.00000e+00  2.23703e+04
 1.00652e+00  9.95005e-01  2.23761e+04
 1.81306e+03  1.00618e+00  2.16848e+04
 0.00000e+00  1.81308e+03  2.20260e+04
 9.93011e-01  0.00000e+00  2.23688e+04
 1.00516e+00  9.91056e-01  2.23754e+04
 1.81312e+03  1.00609e+00  2.16848e+04
 0.00000e+00  1.81314e+03  2.20260e+04
 9.89641e-01  0.00000e+00  2.23670e+04
 1.00573e+00  9.89270e-01  2.23757e+04
 1.81318e+03  1.00471e+00  2.16848e+04
 0.00000e+00  1.81320e+03  2.20260e+04
 9.87837e-01  0.00000e+00  2.23660e+04
 1.00492e+00  9.87727e-01  2.23753e+04
 1.81324e+03  1.00263e+00  2.16848e+04
 0.00000e+00  1.81327e+03  2.20260e+04
 9.85283e-01  0.00000e+00  2.23647e+04
 1.00168e+00  9.83518e-01  2.23735e+04
 1.81331e+03  1.00148e+00  2.16848e+04
 0.00000e+00  1.81333e+03  2.20260e+04
 9.80421e-01  0.00000e+00  2.23621e+04
 1.00263e+00  9.79630e-01  2.23740e+04
 1.81337e+03  1.00310e+00  2.16848e+04
 0.00000e+00  1.81339e+03  2.20260e+04
 9.78300e-01  0.00000e+00  2.23610e+04
 1.00395e+00  9.77845e-01  2.23747e+04
 1.81343e+03  1.00338e+00  2.16848e+04
 0.00000e+00  1.81345e+03  2.20260e+04
 9.76729e-01  0.00000e+00  2.23601e+04
 1.00233e+00  9.77093e-01  2.23739e+04
 1.81349e+03  1.00323e+00  2.16848e+04
 0.00000e+00  1.81352e+03  2.20260e+04
 9.75808e-01  0.00000e+00  2.23597e+04
 1.00247e+00  9.75061e-01  2.23739e+04
 1.81356e+03  1.00335e+00  2.16848e+04
 0.00000e+00  1.81358e+03  2.20260e+04
 9.72852e-01  0.00000e+00  2.23581e+04
 1.00333e+00  9.71343e-01  2.23744e+04
 1.81362e+03  1.00116e+00  2.16848e+04
 0.00000e+00  1.81364e+03  2.20260e+04
 9.65258e-01  0.00000e+00  2.23541e+04
 1.00166e+00  9.61541e-01  2.23735e+04
 1.81368e+03  9.98626e-01  2.16848e+04
 0.00000e+00  1.81370e+03  2.20260e+04
 9.51917e-01  0.00000e+00  2.23472e+04
 9.96733e-01  9.48187e-01  2.23708e+04
 1.81374e+03  9.95890e-01  2.16848e+04
 0.00000e+00  1.81377e+03  2.20260e+04
 9.41033e-01  0.00000e+00  2.23416e+04
 9.92011e-01  9.39160e-01  2.23683e+04
 1.81381e+03  9.94022e-01  2.16848e+04
 0.00000e+00  1.81383e+03  2.20260e+04
 9.36735e-01  0.00000e+00  2.23394e+04
 9.91897e-01  9.36515e-01  2.23682e+04
 1.81387e+03  9.92219e-01  2.16848e+04
 0.00000e+00  1.81389e+03  2.20260e+04
 9.37252e-01  0.00000e+00  2.23397e+04
 9.93708e-01  9.35446e-01  2.23692e+04
 1.81393e+03  9.95164e-01  2.16848e+04
 1.28000e+02  1.81395e+03  2.16847e+04
 9.31307e-01  0.00000e+00  2.23367e+04
 9.93663e-01  9.27951e-01  2.23692e+04
 1.81399e+03  9.93303e-01  2.16848e+04
 0.00000e+00  1.81402e+03  2.20260e+04
 9.19349e-01  0.00000e+00  2.23307e+04
 9.96584e-01  9.15301e-01  2.23707e+04
 1.81406e+03  9.99618e-01  2.16848e+04
 0.00000e+00  1.81408e+03  2.20260e+04
 9.11341e-01  0.00000e+00  2.23267e+04
 1.00758e+00  9.08563e-01  2.23767e+04
 1.81412e+03  1.00954e+00  2.16848e+04
 0.00000e+00  1.81414e+03  2.20260e+04
 9.05094e-01  0.00000e+00  2.23236e+04
 1.00382e+00  9.03611e-01  2.23747e+04
 1.81418e+03  1.01348e+00  2.16848e+04
 0.00000e+00  1.81420e+03  2.20260e+04
 9.03028e-01  0.00000e+00  2.23226e+04
 1.01856e+00  9.01349e-01  2.23827e+04
 1.81424e+03  1.01942e+00  2.16848e+04
 0.00000e+00  1.81427e+03  2.20260e+04
 8.93532e-01  0.00000e+00  2.23179e+04
 1.02225e+00  8.90218e-01  2.23848e+04
 1.81431e+03  1.02361e+00  2.16848e+04
 0.00000e+00  1.81433e+03  2.20260e+04
 8.76082e-01  0.00000e+00  2.23095e+04
 1.03491e+00  8.74578e-01  2.23918e+04
 1.81437e+03  1.04025e+00  2.16848e+04
 0.00000e+00  1.81439e+03  2.20260e+04
 8.63069e-01  0.00000e+00  2.23033e+04
 1.05052e+00  8.58833e-01  2.24007e+04
 1.81443e+03  1.05547e+00  2.16848e+04
 0.00000e+00  1.81445e+03  2.20260e+04
 8.51184e-01  0.00000e+00  2.22978e+04
 1.06612e+00  8.49061e-01  2.24096e+04
 1.81449e+03  1.07564e+00  2.16848e+04
 0.00000e+00  1.81452e+03  2.20260e+04
 8.49951e-01  0.00000e+00  2.22972e+04
 1.09503e+00  8.45580e-01  2.24266e+04
 1.81456e+03  1.10903e+00  2.16848e+04
 0.00000e+00  1.81458e+03  2.20260e+04
 8.39961e-01  0.00000e+00  2.22926e+04
 1.12619e+00  8.37016e-01  2.24455e+04
 1.81462e+03  1.16716e+00  2.16848e+04
 0.00000e+00  1.81464e+03  2.20260e+04
 8.32732e-01  0.00000e+00  2.22892e+04
 1.22848e+00  8.28287e-01  2.25119e+04
 1.81468e+03  1.27892e+00  2.16848e+04
 1.28000e+02  1.81470e+03  2.16847e+04
 8.23944e-01  1.28000e+02  2.22852e+04
 1.41509e+00  8.24000e-01  2.26525e+04
 1.81474e+03  1.51311e+00  2.16848e+04
 1.28000e+02  1.81477e+03  2.16847e+04
 8.24206e-01  1.28000e+02  2.22854e+04
 1.72368e+00  8.17338e-01  2.29525e+04
 1.81481e+03  1.82373e+00  2.16848e+04
 1.28000e+02  1.81483e+03  2.16847e+04
 8.12666e-01  1.28000e+02  2.22801e+04
 2.02430e+00  8.16644e-01  2.33438e+04
 1.81487e+03  2.07982e+00  2.16848e+04
 1.28000e+02  1.81489e+03  2.16847e+04
 8.08484e-01  1.28000e+02  2.22783e+04
 2.13523e+00  8.00838e-01  2.35150e+04
 1.81493e+03  2.15721e+00  2.16848e+04
 1.28000e+02  1.81495e+03  2.16847e+04
 8.05666e-01  1.28000e+02  2.22770e+04
 2.31441e+00  8.03897e-01  2.38193e+04
 1.81499e+03  2.48969e+00  2.16848e+04
 1.28000e+02  1.81502e+03  2.16847e+04
 8.20100e-01  1.28000e+02  2.22835e+04
 8.20100e-01  1.28000e+02  2.22835e+04
 8.20100e-01  1.28000e+02  2.22835e+04
 8.20100e-01  1.28000e+02  2.22835e+04
 8.20100e-01  1.28000e+02  2.22835e+04
 8.20100e-01  1.28000e+02  2.22835e+04
 8.20100e-01  1.28000e+02  2.22835e+04
 8.20100e-01  1.28000e+02  2.22835e+04
 8.20100e-01  1.28000e+02  2.22835e+04
 8.20100e-01  1.28000e+02  2.22835e+04
 8.20100e-01  1.28000e+02  2.22835e+04
 8.20100e-01  1.28000e+02  2.22835e+04
 8.20100e-01  1.28000e+02  2.22835e+04
 8.20100e-01  1.28000e+02  2.22835e+04
 8.20100e-01  1.28000e+02  2.22835e+04
 8.20100e-01  1.28000e+02  2.22835e+04
 8.20100e-01  1.28000e+02  2.22835e+04
 8.20100e-01  1.28000e+02  2.22835e+04
 8.20100e-01  1.28000e+02  2.22835e+04
 8.20100e-01  1.28000e+02  2.22835e+04
 8.20100e-01  1.28000e+02  2.22835e+04
 8.20100e-01  1.28000e+02  2.22835e+04
 8.20100e-01  1.28000e+02  2.22835e+04
 8.20100e-01  1.28000e+02  2.22835e+04
 8.20100e-01  1.28000e+02  2.22835e+04
 8.20100e-01  1.28000e+02  2.22835e+04
 8.20100e-01  1.28000e+02  2.22835e+04
 8.20100e-01  1.28000e+02  2.22835e+04
 8.20100e-01  1.28000e+02  2.22835e+04
 8.20100e-01  1.28000e+02  2.22835e+04
 8.20100e-01  1.28000e+02  2.22835e+04
 8.20100e-01  1.28000e+02  2.22835e+04
 8.20100e-01  1.28000e+02  2.22835e+04
 8.20100e-01  1.28000e+02  2.22835e+04
 8.20100e-01  1.28000e+02  2.22835e+04
 8.20100e-01  1.28000e+02  2.22835e+04
 8.20100e-01  1.28000e+02  2.22835e+04
 8.20100e-01  1.28000e+02  2.22835e+04
 8.20100e-01  1.28000e+02  2.22835e+04
 8.20100e-01  1.28000e+02  2.22835e+04
 8.20100e-01  1.28000e+02  2.22835e+04
 8.20100e-01  1.28000e+02  2.22835e+04
 8.20100e-01  1.28000e+02  2.22835e+04
 8.20100e-01  1.28000e+02  2.22835e+04
 8.20100e-01  1.28000e+02  2.22835e+04
 8.20100e-01  1.28000e+02  2.22835e+04
 8.20100e-01  1.28000e+02  2.22835e+04
 8.20100e-01  1.28000e+02  2.22835e+04
 8.20100e-01  1.28000e+02  2.22835e+04
 8.20100e-01  1.28000e+02  2.22835e+04
 8.20100e-01  1.28000e+02  2.22835e+04
 8.20100e-01  1.28000e+02  2.22835e+04
 8.20100e-01  1.28000e+02  2.22835e+04
 8.20100e-01  1.28000e+02  2.22835e+04
 8.20100e-01  1.28000e+02  2.22835e+04
 8.20100e-01  1.28000e+02  2.22835e+04
 8.20100e-01  1.28000e+02  2.22835e+04
 8.20100e-01  1.28000e+02  2.22835e+04
 8.20100e-01  1.28000e+02  2.22835e+04
 8.20100e-01  1.28000e+02  2.22835e+04
 8.20100e-01  1.28000e+02  2.22835e+04
 8.20100e-01  1.28000e+02  2.22835e+04
 8.20100e-01  1.28000e+02  2.22835e+04
 8.20100e-01  1.28000e+02  2.22835e+04
 8.20100e-01  1.28000e+02  2.22835e+04
 8.20100e-01  1.28000e+02  2.22835e+04
 8.20100e-01  1.28000e+02  2.22835e+04
 8.20100e-01  1.28000e+02  2.22835e+04
 8.20100e-01  1.28000e+02  2.22835e+04
 8.20100e-01  1.28000e+02  2.22835e+04
 8.20100e-01  1.28000e+02  2.22835e+04
 8.20100e-01  1.28000e+02  2.22835e+04
 8.20100e-01  1.28000e+02  2.22835e+04
 8.20100e-01  1.28000e+02  2.22835e+04
 8.20100e-01  1.28000e+02  2.22835e+04
 8.20100e-01  1.28000e+02  2.22835e+04
 8.20100e-01  1.28000e+02  2.22835e+04
 8.20100e-01  1.28000e+02  2.22835e+04
 8.20100e-01  1.28000e+02  2.22835e+04
 8.20100e-01  1.28000e+02  2.22835e+04
 8.20100e-01  1.28000e+02  2.22835e+04
 8.20100e-01  1.28000e+02  2.22835e+04
 8.20100e-01  1.28000e+02  2.22835e+04
 8.20100e-01  1.28000e+02  2.22835e+04
 8.20100e-01  1.28000e+02  2.22835e+04
 8.20100e-01  1.28000e+02  2.22835e+04
 8.20100e-01  1.28000e+02  2.22835e+04
 8.20100e-01  1.28000e+02  2.22835e+04
 8.20100e-01  1.28000e+02  2.22835e+04
 8.20100e-01  1.28000e+02  2.22835e+04
 8.20100e-01  1.28000e+02  2.22835e+04
 8.20100e-01  1.28000e+02  2.22835e+04
 8.20100e-01  1.28000e+02  2.22835e+04
 8.20100e-01  1.28000e+02  2.22835e+04
 8.20100e-01  1.28000e+02  2.22835e+04
 8.20100e-01  1.28000e+02  2.22835e+04
 8.20100e-01  1.28000e+02  2.22835e+04
 8.20100e-01  1.28000e+02  2.22835e+04
 8.20100e-01  1.28000e+02  2.22835e+04
 8.20100e-01  1.28000e+02  2.22835e+04
 8.20100e-01  1.28000e+02  2.22835e+04
 8.20100e-01  1.28000e+02  2.22835e+04
 8.20100e-01  1.28000e+02  2.22835e+04
 8.20100e-01  1.28000e+02  2.22835e+04
 8.20100e-01  1.28000e+02  2.22835e+04
 8.20100e-01  1.28000e+02  2.22835e+04
 8.20100e-01  1.28000e+02  2.22835e+04
 8.20100e-01  1.28000e+02  2.22835e+04
 8.20100e-01  1.28000e+02  2.22835e+04
 8.20100e-01  1.28000e+02  2.22835e+04
 8.20100e-01  1.28000e+02  2.22835e+04
 8.20100e-01  1.28000e+02  2.22835e+04
 8.20100e-01  1.28000e+02  2.22835e+04
 8.20100e-01  1.28000e+02  2.22835e+04
 8.20100e-01  1.28000e+02  2.22835e+04
 8.20100e-01  1.28000e+02  2.22835e+04
 8.20100e-01  1.28000e+02  2.22835e+04
 8.20100e-01  1.28000e+02  2.22835e+04
 8.20100e-01  1.28000e+02  2.22835e+04
 8.20100e-01  1.28000e+02  2.22835e+04
 8.20100e-01  1.28000e+02  2.22835e+04
 8.20100e-01  1.28000e+02  2.22835e+04
 8.20100e-01  1.28000e+02  2.22835e+04
 8.20100e-01  1.28000e+02  2.22835e+04
 8.20100e-01  1.28000e+02  2.22835e+04
 8.20100e-01  1.28000e+02  2.22835e+04
 8.20100e-01  1.28000e+02  2.22835e+04
 8.20100e-01  1.28000e+02  2.22835e+04
 8.20100e-01  1.28000e+02  2.22835e+04
 8.20100e-01  1.28000e+02  2.22835e+04
 8.20100e-01  1.28000e+02  2.22835e+04
 8.20100e-01  1.28000e+02  2.22835e+04
 8.20100e-01  1.28000e+02  2.22835e+04
 8.20100e-01  1.28000e+02  2.22835e+04
 8.20100e-01  1.28000e+02  2.22835e+04
 8.20100e-01  1.28000e+02  2.22835e+04
 8.20100e-01  1.28000e+02  2.22835e+04
 8.20100e-01  1.28000e+02  2.22835e+04
 8.20100e-01  1.28000e+02  2.22835e+04
 8.20100e-01  1.28000e+02  2.22835e+04
 8.20100e-01  1.28000e+02  2.22835e+04
 8.20100e-01  1.28000e+02  2.22835e+04
 8.20100e-01  1.28000e+02  2.22835e+04
 8.20100e-01  1.28000e+02  2.22835e+04
 8.20100e-01  1.28000e+02  2.22835e+04
 8.20100e-01  1.28000e+02  2.22835e+04
 8.20100e-01  1.28000e+02  2.22835e+04
 8.20100e-01  1.28000e+02  2.22835e+04
 8.20100e-01  1.28000e+02  2.22835e+04
 8.20100e-01  1.28000e+02  2.22835e+04
 8.20100e-01  1.28000e+02  2.22835e+04
 8.20100e-01  1.28000e+02  2.22835e+04
 8.20100e-01  1.28000e+02  2.22835e+04
 8.20100e-01  1.28000e+02  2.22835e+04
 8.20100e-01  1.28000e+02  2.22835e+04
 8.20100e-01  1.28000e+02  2.22835e+04
 8.20100e-01  1.28000e+02  2.22835e+04
 8.20100e-01  1.28000e+02  2.22835e+04
 8.20100e-01  1.28000e+02  2.22835e+04
 8.20100e-01  1.28000e+02  2.22835e+04
 8.20100e-01  1.28000e+02  2.22835e+04
 8.20100e-01  1.28000e+02  2.22835e+04
 8.20100e-01  1.28000e+02  2.22835e+04
 8.20100e-01  1.28000e+02  2.22835e+04
 8.20100e-01  1.28000e+02  2.22835e+04
 8.20100e-01  1.28000e+02  2.22835e+04
 8.20100e-01  1.28000e+02  2.22835e+04
 8.20100e-01  1.28000e+02  2.22835e+04
 8.20100e-01  1.28000e+02  2.22835e+04
 8.20100e-01  1.28000e+02  2.22835e+04
 8.20100e-01  1.28000e+02  2.22835e+04
 8.20100e-01  1.28000e+02  2.22835e+04
 8.20100e-01  1.28000e+02  2.22835e+04
 8.20100e-01  1.28000e+02  2.22835e+04
 8.20100e-01  1.28000e+02  2.22835e+04
 8.20100e-01  1.28000e+02  2.22835e+04
 8.20100e-01  1.28000e+02  2.22835e+04
 8.20100e-01  1.28000e+02  2.22835e+04
 8.20100e-01  1.28000e+02  2.22835e+04
 8.20100e-01  1.28000e+02  2.22835e+04
 8.20100e-01  1.28000e+02  2.22835e+04
 8.20100e-01  1.28000e+02  2.22835e+04
 8.20100e-01  1.28000e+02  2.22835e+04
 8.20100e-01  1.28000e+02  2.22835e+04
 8.20100e-01  1.28000e+02  2.22835e+04
 8.20100e-01  1.28000e+02  2.22835e+04
 8.20100e-01  1.28000e+02  2.22835e+04
 8.20100e-01  1.28000e+02  2.22835e+04
 8.20100e-01  1.28000e+02  2.22835e+04
 8.20100e-01  1.28000e+02  2.22835e+04
 8.20100e-01  1.28000e+02  2.22835e+04
 8.20100e-01  1.28000e+02  2.22835e+04
 8.20100e-01  1.28000e+02  2.22835e+04
 8.20100e-01  1.28000e+02  2.22835e+04
 8.20100e-01  1.28000e+02  2.22835e+04
 8.20100e-01  1.28000e+02  2.22835e+04
 8.20100e-01  1.28000e+02  2.22835e+04
 8.20100e-01  1.28000e+02  2.22835e+04
 8.20100e-01  1.28000e+02  2.22835e+04
 8.20100e-01  1.28000e+02  2.22835e+04
 8.20100e-01  1.28000e+02  2.22835e+04
 8.20100e-01  1.28000e+02  2.22835e+04
 8.20100e-01  1.28000e+02  2.22835e+04
 8.20100e-01  1.28000e+02  2.22835e+04
 8.20100e-01  1.28000e+02  2.22835e+04
 8.20100e-01  1.28000e+02  2.22835e+04
 8.20100e-01  1.28000e+02  2.22835e+04
 8.20100e-01  1.28000e+02  2.22835e+04
 8.20100e-01  1.28000e+02  2.22835e+04
 8.20100e-01  1.28000e+02  2.22835e+04
 8.20100e-01  1.28000e+02  2.22835e+04
 8.20100e-01  1.28000e+02  2.22835e+04
 8.20100e-01  1.28000e+02  2.22835e+04
 8.20100e-01  1.28000e+02  2.22835e+04
 8.20100e-01  1.28000e+02  2.22835e+04
 8.20100e-01  1.28000e+02  2.22835e+04
 8.20100e-01  1.28000e+02  2.22835e+04
 8.20100e-01  1.28000e+02  2.22835e+04
 8.20100e-01  1.28000e+02  2.22835e+04
 8.20100e-01  1.28000e+02  2.22835e+04
 8.20100e-01  1.28000e+02  2.22835e+04
 8.20100e-01  1.28000e+02  2.22835e+04
 8.20100e-01  1.28000e+02  2.22835e+04
 8.20100e-01  1.28000e+02  2.22835e+04
 8.20100e-01  1.28000e+02  2.22835e+04
 8.20100e-01  1.28000e+02  2.22835e+04
 8.20100e-01  1.28000e+02  2.22835e+04
 8.20100e-01  1.28000e+02  2.22835e+04
 8.20100e-01  1.28000e+02  2.22835e+04
 8.20100e-01  1.28000e+02  2.22835e+04
 8.20100e-01  1.28000e+02  2.22835e+04
 8.20100e-01  1.28000e+02  2.22835e+04
 8.20100e-01  1.28000e+02  2.22835e+04
 8.20100e-01  1.28000e+02  2.22835e+04
 8.20100e-01  1.28000e+02  2.22835e+04
 8.20100e-01  1.28000e+02  2.22835e+04
 8.20100e-01  1.28000e+02  2.22835e+04
 8.20100e-01  1.28000e+02  2.22835e+04
 8.20100e-01  1.28000e+02  2.22835e+04
 8.20100e-01  1.28000e+02  2.22835e+04
 8.20100e-01  1.28000e+02  2.22835e+04
 8.20100e-01  1.28000e+02  2.22835e+04
 8.20100e-01  1.28000e+02  2.22835e+04
 8.20100e-01  1.28000e+02  2.22835e+04
 8.20100e-01  1.28000e+02  2.22835e+04
 8.20100e-01  1.28000e+02  2.22835e+04
 8.20100e-01  1.28000e+02  2.22835e+04
 8.20100e-01  1.28000e+02  2.22835e+04
 8.20100e-01  1.28000e+02  2.22835e+04
 8.20100e-01  1.28000e+02  2.22835e+04
 8.20100e-01  1.28000e+02  2.22835e+04
 8.20100e-01  1.28000e+02  2.22835e+04
 8.20100e-01  1.28000e+02  2.22835e+04
 8.20100e-01  1.28000e+02  2.22835e+04
 8.20100e-01  1.28000e+02  2.22835e+04
 8.20100e-01  1.28000e+02  2.22835e+04
 8.20100e-01  1.28000e+02  2.22835e+04
 8.20100e-01  1.28000e+02  2.22835e+04
 8.20100e-01  1.28000e+02  2.22835e+04
 8.20100e-01  1.28000e+02  2.22835e+04
 8.20100e-01  1.28000e+02  2.22835e+04
 8.20100e-01  1.28000e+02  2.22835e+04
 8.20100e-01  1.28000e+02  2.22835e+04
 8.20100e-01  1.28000e+02  2.22835e+04
 8.20100e-01  1.28000e+02  2.22835e+04
 8.20100e-01  1.28000e+02  2.22835e+04
 8.20100e-01  1.28000e+02  2.22835e+04
 8.20100e-01  1.28000e+02  2.22835e+04
 8.20100e-01  1.28000e+02  2.22835e+04
 8.20100e-01  1.28000e+02  2.22835e+04
 8.20100e-01  1.28000e+02  2.22835e+04
 8.20100e-01  1.28000e+02  2.22835e+04
 8.20100e-01  1.28000e+02  2.22835e+04
 8.20100e-01  1.28000e+02  2.22835e+04
 8.20100e-01  1.28000e+02  2.22835e+04
 8.20100e-01  1.28000e+02  2.22835e+04
 8.20100e-01  1.28000e+02  2.22835e+04
 8.20100e-01  1.28000e+02  2.22835e+04
 8.20100e-01  1.28000e+02  2.22835e+04
 8.20100e-01  1.28000e+02  2.22835e+04
 8.20100e-01  1.28000e+02  2.22835e+04
 8.20100e-01  1.28000e+02  2.22835e+04
 8.20100e-01  1.28000e+02  2.22835e+04
 8.20100e-01  1.28000e+02  2.22835e+04
 8.20100e-01  1.28000e+02  2.22835e+04
 8.20100e-01  1.28000e+02  2.22835e+04
 8.20100e-01  1.28000e+02  2.22835e+04
 8.20100e-01  1.28000e+02  2.22835e+04
 8.20100e-01  1.28000e+02  2.22835e+04
 8.20100e-01  1.28000e+02  2.22835e+04
 8.20100e-01  1.28000e+02  2.22835e+04
 8.20100e-01  1.28000e+02  2.22835e+04
 8.20100e-01  1.28000e+02  2.22835e+04
 8.20100e-01  1.28000e+02  2.22835e+04
 8.20100e-01  1.28000e+02  2.22835e+04
 8.20100e-01  1.28000e+02  2.22835e+04
 8.20100e-01  1.28000e+02  2.22835e+04
 8.20100e-01  1.28000e+02  2.22835e+04
 8.20100e-01  1.28000e+02  2.22835e+04
 8.20100e-01  1.28000e+02  2.22835e+04
 8.20100e-01  1.28000e+02  2.22835e+04
 8.20100e-01  1.28000e+02  2.22835e+04
 8.20100e-01  1.28000e+02  2.22835e+04
 8.20100e-01  1.28000e+02  2.22835e+04
 8.20100e-01  1.28000e+02  2.22835e+04
 8.20100e-01  1.28000e+02  2.22835e+04
 8.20100e-01  1.28000e+02  2.22835e+04
 8.20100e-01  1.28000e+02  2.22835e+04
 8.20100e-01  1.28000e+02  2.22835e+04
 8.20100e-01  1.28000e+02  2.22835e+04
 8.20100e-01  1.28000e+02  2.22835e+04
 8.20100e-01  1.28000e+02  2.22835e+04
 8.20100e-01  1.28000e+02  2.22835e+04
 8.20100e-01  1.28000e+02  2.22835e+04
 8.20100e-01  1.28000e+02  2.22835e+04
 8.20100e-01  1.28000e+02  2.22835e+04
 8.20100e-01  1.28000e+02  2.22835e+04
 8.20100e-01  1.28000e+02  2.22835e+04
 8.20100e-01  1.28000e+02  2.22835e+04
 8.20100e-01  1.28000e+02  2.22835e+04
 8.20100e-01  1.28000e+02  2.22835e+04
 8.20100e-01  1.28000e+02  2.22835e+04
 8.20100e-01  1.28000e+02  2.22835e+04
 8.20100e-01  1.28000e+02  2.22835e+04
 8.20100e-01  1.28000e+02  2.22835e+04
 8.20100e-01  1.28000e+02  2.22835e+04
 8.20100e-01  1.28000e+02  2.22835e+04
 8.20100e-01  1.28000e+02  2.22835e+04
 8.20100e-01  1.28000e+02  2.22835e+04
 8.20100e-01  1.28000e+02  2.22835e+04
 8.20100e-01  1.28000e+02  2.22835e+04
 8.20100e-01  1.28000e+02  2.22835e+04
 8.20100e-01  1.28000e+02  2.22835e+04
 8.20100e-01  1.28000e+02  2.22835e+04
 8.20100e-01  1.28000e+02  2.22835e+04
 8.20100e-01  1.28000e+02  2.22835e+04
 8.20100e-01  1.28000e+02  2.22835e+04
 8.20100e-01  1.28000e+02  2.22835e+04
 8.20100e-01  1.28000e+02  2.22835e+04
 8.20100e-01  1.28000e+02  2.22835e+04
 8.20100e-01  1.28000e+02  2.22835e+04
 8.20100e-01  1.28000e+02  2.22835e+04
 8.20100e-01  1.28000e+02  2.22835e+04
 8.20100e-01  1.28000e+02  2.22835e+04
 8.20100e-01  1.28000e+02  2.22835e+04
 8.20100e-01  1.28000e+02  2.22835e+04
 8.20100e-01  1.28000e+02  2.22835e+04
 8.20100e-01  1.28000e+02  2.22835e+04
 8.20100e-01  1.28000e+02  2.22835e+04
 8.20100e-01  1.28000e+02  2.22835e+04
 8.20100e-01  1.28000e+02  2.22835e+04
 8.20100e-01  1.28000e+02  2.22835e+04
 8.20100e-01  1.28000e+02  2.22835e+04
 8.20100e-01  1.28000e+02  2.22835e+04
 8.20100e-01  1.28000e+02  2.22835e+04
 8.20100e-01  1.28000e+02  2.22835e+04
 8.20100e-01  1.28000e+02  2.22835e+04
 8.20100e-01  1.28000e+02  2.22835e+04
 8.20100e-01  1.28000e+02  2.22835e+04
 8.20100e-01  1.28000e+02  2.22835e+04
 8.20100e-01  1.28000e+02  2.22835e+04
 8.20100e-01  1.28000e+02  2.22835e+04
 8.20100e-01  1.28000e+02  2.22835e+04
 8.20100e-01  1.28000e+02  2.22835e+04
 8.20100e-01  1.28000e+02  2.22835e+04
 8.20100e-01  1.28000e+02  2.22835e+04
 8.20100e-01  1.28000e+02  2.22835e+04
 8.20100e-01  1.28000e+02  2.22835e+04
 8.20100e-01  1.28000e+02  2.22835e+04
 8.20100e-01  1.28000e+02  2.22835e+04
 8.20100e-01  1.28000e+02  2.22835e+04
 8.20100e-01  1.28000e+02  2.22835e+04
 8.20100e-01  1.28000e+02  2.22835e+04
 8.20100e-01  1.28000e+02  2.22835e+04
 8.20100e-01  1.28000e+02  2.22835e+04
 8.20100e-01  1.28000e+02  2.22835e+04
 8.20100e-01  1.28000e+02  2.22835e+04
 8.20100e-01  1.28000e+02  2.22835e+04
 8.20100e-01  1.28000e+02  2.22835e+04
 8.20100e-01  1.28000e+02  2.22835e+04
 8.20100e-01  1.28000e+02  2.22835e+04
 8.20100e-01  1.28000e+02  2.22835e+04
 8.20100e-01  1.28000e+02  2.22835e+04
 8.20100e-01  1.28000e+02  2.22835e+04
 8.20100e-01  1.28000e+02  2.22835e+04
 8.20100e-01  1.28000e+02  2.22835e+04
 8.20100e-01  1.28000e+02  2.22835e+04
 8.20100e-01  1.28000e+02  2.22835e+04
 8.20100e-01  1.28000e+02  2.22835e+04
 8.20100e-01  1.28000e+02  2.22835e+04
 8.20100e-01  1.28000e+02  2.22835e+04
 8.20100e-01  1.28000e+02  2.22835e+04
 8.20100e-01  1.28000e+02  2.22835e+04
 8.20100e-01  1.28000e+02  2.22835e+04
 8.20100e-01  1.28000e+02  2.22835e+04
 8.20100e-01  1.28000e+02  2.22835e+04
 8.20100e-01  1.28000e+02  2.22835e+04
 8.20100e-01  1.28000e+02  2.22835e+04
 8.20100e-01  1.28000e+02  2.22835e+04
 8.20100e-01  1.28000e+02  2.22835e+04
 8.20100e-01  1.28000e+02  2.22835e+04
 8.20100e-01  1.28000e+02  2.22835e+04
 8.20100e-01  1.28000e+02  2.22835e+04
 8.20100e-01  1.28000e+02  2.22835e+04
 8.20100e-01  1.28000e+02  2.22835e+04
 8.20100e-01  1.28000e+02  2.22835e+04
 8.20100e-01  1.28000e+02  2.22835e+04
 8.20100e-01  1.28000e+02  2.22835e+04
 8.20100e-01  1.28000e+02  2.22835e+04
 8.20100e-01  1.28000e+02  2.22835e+04
 8.20100e-01  1.28000e+02  2.22835e+04
 8.20100e-01  1.28000e+02  2.22835e+04
 8.20100e-01  1.28000e+02  2.22835e+04
 8.20100e-01  1.28000e+02  2.22835e+04
 8.20100e-01  1.28000e+02  2.22835e+04
 8.20100e-01  1.28000e+02  2.22835e+04
 8.20100e-01  1.28000e+02  2.22835e+04
 8.20100e-01  1.28000e+02  2.22835e+04
 8.20100e-01  1.28000e+02  2.22835e+04
 8.20100e-01  1.28000e+02  2.22835e+04
 8.20100e-01  1.28000e+02  2.22835e+04
 8.20100e-01  1.28000e+02  2.22835e+04
 8.20100e-01  1.28000e+02  2.22835e+04
 8.20100e-01  1.28000e+02  2.22835e+04
 8.20100e-01  1.28000e+02  2.22835e+04
 8.20100e-01  1.28000e+02  2.22835e+04
 8.20100e-01  1.28000e+02  2.22835e+04
 8.20100e-01  1.28000e+02  2.22835e+04
 8.20100e-01  1.28000e+02  2.22835e+04
 8.20100e-01  1.28000e+02  2.22835e+04
 8.20100e-01  1.28000e+02  2.22835e+04
 8.20100e-01  1.28000e+02  2.22835e+04
 8.20100e-01  1.28000e+02  2.22835e+04
 8.20100e-01  1.28000e+02  2.22835e+04
 8.20100e-01  1.28000e+02  2.22835e+04
 8.20100e-01  1.28000e+02  2.22835e+04
 8.20100e-01  1.28000e+02  2.22835e+04
 8.20100e-01  1.28000e+02  2.22835e+04
 8.20100e-01  1.28000e+02  2.22835e+04
 8.20100e-01  1.28000e+02  2.22835e+04
 8.20100e-01  1.28000e+02  2.22835e+04
 8.20100e-01  1.28000e+02  2.22835e+04
 8.20100e-01  1.28000e+02  2.22835e+04
 8.20100e-01  1.28000e+02  2.22835e+04
 8.20100e-01  1.28000e+02  2.22835e+04
 8.20100e-01  1.28000e+02  2.22835e+04
 8.20100e-01  1.28000e+02  2.22835e+04
 8.20100e-01  1.28000e+02  2.22835e+04
 8.20100e-01  1.28000e+02  2.22835e+04
 8.20100e-01  1.28000e+02  2.22835e+04
 8.20100e-01  1.28000e+02  2.22835e+04
 8.20100e-01  1.28000e+02  2.22835e+04
 8.20100e-01  1.28000e+02  2.22835e+04
 8.20100e-01  1.28000e+02  2.22835e+04
 8.20100e-01  1.28000e+02  2.22835e+04
 8.20100e-01  1.28000e+02  2.22835e+04
 8.20100e-01  1.28000e+02  2.22835e+04
 8.20100e-01  1.28000e+02  2.22835e+04
 8.20100e-01  1.28000e+02  2.22835e+04
 8.20100e-01  1.28000e+02  2.22835e+04
 8.20100e-01  1.28000e+02  2.22835e+04
 8.20100e-01  1.28000e+02  2.22835e+04
 8.20100e-01  1.28000e+02  2.22835e+04
 8.20100e-01  1.28000e+02  2.22835e+04
 8.20100e-01  1.28000e+02  2.22835e+04
 8.20100e-01  1.28000e+02  2.22835e+04
 8.20100e-01  1.28000e+02  2.22835e+04
 8.20100e-01  1.28000e+02  2.22835e+04
 8.20100e-01  1.28000e+02  2.22835e+04
 8.20100e-01  1.28000e+02  2.22835e+04
 8.20100e-01  1.28000e+02  2.22835e+04
 8.20100e-01  1.28000e+02  2.22835e+04
 8.20100e-01  1.28000e+02  2.22835e+04
 8.20100e-01  1.28000e+02  2.22835e+04
 8.20100e-01  1.28000e+02  2.22835e+04
 8.20100e-01  1.28000e+02  2.22835e+04
 8.20100e-01  1.28000e+02  2.22835e+04
 8.20100e-01  1.28000e+02  2.22835e+04
 8.20100e-01  1.28000e+02  2.22835e+04
 8.20100e-01  1.28000e+02  2.22835e+04
 8.20100e-01  1.28000e+02  2.22835e+04
 8.20100e-01  1.28000e+02  2.22835e+04
 8.20100e-01  1.28000e+02  2.22835e+04
 8.20100e-01  1.28000e+02  2.22835e+04
 8.20100e-01  1.28000e+02  2.22835e+04
 8.20100e-01  1.28000e+02  2.22835e+04
 8.20100e-01  1.28000e+02  2.22835e+04
 8.20100e-01  1.28000e+02  2.22835e+04
 8.20100e-01  1.28000e+02  2.22835e+04
 8.20100e-01  1.28000e+02  2.22835e+04
 8.20100e-01  1.28000e+02  2.22835e+04
 8.20100e-01  1.28000e+02  2.22835e+04
 8.20100e-01  1.28000e+02  2.22835e+04
 8.20100e-01  1.28000e+02  2.22835e+04
 8.20100e-01  1.28000e+02  2.22835e+04
 8.20100e-01  1.28000e+02  2.22835e+04
 8.20100e-01  1.28000e+02  2.22835e+04
 8.20100e-01  1.28000e+02  2.22835e+04
 8.20100e-01  1.28000e+02  2.22835e+04
 8.20100e-01  1.28000e+02  2.22835e+04
 8.20100e-01  1.28000e+02  2.22835e+04
 8.20100e-01  1.28000e+02  2.22835e+04
 8.20100e-01  1.28000e+02  2.22835e+04
 8.20100e-01  1.28000e+02  2.22835e+04
 8.20100e-01  1.28000e+02  2.22835e+04
 8.20100e-01  1.28000e+02  2.22835e+04
 8.20100e-01  1.28000e+02  2.22835e+04
 8.20100e-01  1.28000e+02  2.22835e+04
 8.20100e-01  1.28000e+02  2.22835e+04
 8.20100e-01  1.28000e+02  2.22835e+04
 8.20100e-01  1.28000e+02  2.22835e+04
 8.20100e-01  1.28000e+02  2.22835e+04
 8.20100e-01  1.28000e+02  2.22835e+04
 8.20100e-01  1.28000e+02  2.22835e+04
 8.20100e-01  1.28000e+02  2.22835e+04
 8.20100e-01  1.28000e+02  2.22835e+04
 8.20100e-01  1.28000e+02  2.22835e+04
 8.20100e-01  1.28000e+02  2.22835e+04
 8.20100e-01  1.28000e+02  2.22835e+04
 8.20100e-01  1.28000e+02  2.22835e+04
 8.20100e-01  1.28000e+02  2.22835e+04
 8.20100e-01  1.28000e+02  2.22835e+04
 8.20100e-01  1.28000e+02  2.22835e+04
 8.20100e-01  1.28000e+02  2.22835e+04
 8.20100e-01  1.28000e+02  2.22835e+04
 8.20100e-01  1.28000e+02  2.22835e+04
 8.20100e-01  1.28000e+02  2.22835e+04
 8.20100e-01  1.28000e+02  2.22835e+04
 8.20100e-01  1.28000e+02  2.22835e+04
 8.20100e-01  1.28000e+02  2.22835e+04
 8.20100e-01  1.28000e+02  2.22835e+04
 8.20100e-01  1.28000e+02  2.22835e+04
 8.20100e-01  1.28000e+02  2.22835e+04
 8.20100e-01  1.28000e+02  2.22835e+04
 8.20100e-01  1.28000e+02  2.22835e+04
 8.20100e-01  1.28000e+02  2.22835e+04
 8.20100e-01  1.28000e+02  2.22835e+04
 8.20100e-01  1.28000e+02  2.22835e+04
 8.20100e-01  1.28000e+02  2.22835e+04
 8.20100e-01  1.28000e+02  2.22835e+04
 8.20100e-01  1.28000e+02  2.22835e+04
 8.20100e-01  1.28000e+02  2.22835e+04
 8.20100e-01  1.28000e+02  2.22835e+04
 8.20100e-01  1.28000e+02  2.22835e+04
 8.20100e-01  1.28000e+02  2.22835e+04
 8.20100e-01  1.28000e+02  2.22835e+04
 8.20100e-01  1.28000e+02  2.22835e+04
 8.20100e-01  1.28000e+02  2.22835e+04
 8.20100e-01  1.28000e+02  2.22835e+04
 8.20100e-01  1.28000e+02  2.22835e+04
 8.20100e-01  1.28000e+02  2.22835e+04
 8.20100e-01  1.28000e+02  2.22835e+04
 8.20100e-01  1.28000e+02  2.22835e+04
 8.20100e-01  1.28000e+02  2.22835e+04
 8.20100e-01  1.28000e+02  2.22835e+04
 8.20100e-01  1.28000e+02  2.22835e+04
 8.20100e-01  1.28000e+02  2.22835e+04
 8.20100e-01  1.28000e+02  2.22835e+04
 8.20100e-01  1.28000e+02  2.22835e+04
 8.20100e-01  1.28000e+02  2.22835e+04
 8.20100e-01  1.28000e+02  2.22835e+04
 8.20100e-01  1.28000e+02  2.22835e+04
 8.20100e-01  1.28000e+02  2.22835e+04
 8.20100e-01  1.28000e+02  2.22835e+04
 8.20100e-01  1.28000e+02  2.22835e+04
 8.20100e-01  1.28000e+02  2.22835e+04
 8.20100e-01  1.28000e+02  2.22835e+04
 8.20100e-01  1.28000e+02  2.22835e+04
 8.20100e-01  1.28000e+02  2.22835e+04
 8.20100e-01  1.28000e+02  2.22835e+04
 8.20100e-01  1.28000e+02  2.22835e+04
 8.20100e-01  1.28000e+02  2.22835e+04
 8.20100e-01  1.28000e+02  2.22835e+04
 8.20100e-01  1.28000e+02  2.22835e+04
 8.20100e-01  1.28000e+02  2.22835e+04
 8.20100e-01  1.28000e+02  2.22835e+04
 8.20100e-01  1.28000e+02  2.22835e+04
 8.20100e-01  1.28000e+02  2.22835e+04
 8.20100e-01  1.28000e+02  2.22835e+04
 8.20100e-01  1.28000e+02  2.22835e+04
 8.20100e-01  1.28000e+02  2.22835e+04
 8.20100e-01  1.28000e+02  2.22835e+04
 8.20100e-01  1.28000e+02  2.22835e+04
 8.20100e-01  1.28000e+02  2.22835e+04
 8.20100e-01  1.28000e+02  2.22835e+04
 8.20100e-01  1.28000e+02  2.22835e+04
 8.20100e-01  1.28000e+02  2.22835e+04
 8.20100e-01  1.28000e+02  2.22835e+04
 8.20100e-01  1.28000e+02  2.22835e+04
 8.20100e-01  1.28000e+02  2.22835e+04
 8.20100e-01  1.28000e+02  2.22835e+04
 8.20100e-01  1.28000e+02  2.22835e+04
 8.20100e-01  1.28000e+02  2.22835e+04
 8.20100e-01  1.28000e+02  2.22835e+04
 8.20100e-01  1.28000e+02  2.22835e+04
 8.20100e-01  1.28000e+02  2.22835e+04
 8.20100e-01  1.28000e+02  2.22835e+04
 8.20100e-01  1.28000e+02  2.22835e+04
 8.20100e-01  1.28000e+02  2.22835e+04
 8.20100e-01  1.28000e+02  2.22835e+04
 8.20100e-01  1.28000e+02  2.22835e+04
 8.20100e-01  1.28000e+02  2.22835e+04
 8.20100e-01  1.28000e+02  2.22835e+04
 8.20100e-01  1.28000e+02  2.22835e+04
 8.20100e-01  1.28000e+02  2.22835e+04
 8.20100e-01  1.28000e+02  2.22835e+04
 8.20100e-01  1.28000e+02  2.22835e+04
 8.20100e-01  1.28000e+02  2.22835e+04
 8.20100e-01  1.28000e+02  2.22835e+04
 8.20100e-01  1.28000e+02  2.22835e+04
 8.20100e-01  1.28000e+02  2.22835e+04
 8.20100e-01  1.28000e+02  2.22835e+04
 8.20100e-01  1.28000e+02  2.22835e+04
 8.20100e-01  1.28000e+02  2.22835e+04
 8.20100e-01  1.28000e+02  2.22835e+04
 8.20100e-01  1.28000e+02  2.22835e+04
 8.20100e-01  1.28000e+02  2.22835e+04
 8.20100e-01  1.28000e+02  2.22835e+04
 8.20100e-01  1.28000e+02  2.22835e+04
 8.20100e-01  1.28000e+02  2.22835e+04
 8.20100e-01  1.28000e+02  2.22835e+04
 8.20100e-01  1.28000e+02  2.22835e+04
 8.20100e-01  1.28000e+02  2.22835e+04
 8.20100e-01  1.28000e+02  2.22835e+04
 8.20100e-01  1.28000e+02  2.22835e+04
 8.20100e-01  1.28000e+02  2.22835e+04
 8.20100e-01  1.28000e+02  2.22835e+04
 8.20100e-01  1.28000e+02  2.22835e+04
 8.20100e-01  1.28000e+02  2.22835e+04
 8.20100e-01  1.28000e+02  2.22835e+04
 8.20100e-01  1.28000e+02  2.22835e+04
 8.20100e-01  1.28000e+02  2.22835e+04
 8.20100e-01  1.28000e+02  2.22835e+04
 8.20100e-01  1.28000e+02  2.22835e+04
 8.20100e-01  1.28000e+02  2.22835e+04
 8.20100e-01  1.28000e+02  2.22835e+04
 8.20100e-01  1.28000e+02  2.22835e+04
 8.20100e-01  1.28000e+02  2.22835e+04
 8.20100e-01  1.28000e+02  2.22835e+04
 8.20100e-01  1.28000e+02  2.22835e+04
 8.20100e-01  1.28000e+02  2.22835e+04
 8.20100e-01  1.28000e+02  2.22835e+04
 8.20100e-01  1.28000e+02  2.22835e+04
 8.20100e-01  1.28000e+02  2.22835e+04
 8.20100e-01  1.28000e+02  2.22835e+04
 8.20100e-01  1.28000e+02  2.22835e+04
 8.20100e-01  1.28000e+02  2.22835e+04
 8.20100e-01  1.28000e+02  2.22835e+04
 8.20100e-01  1.28000e+02  2.22835e+04
 8.20100e-01  1.28000e+02  2.22835e+04
 8.20100e-01  1.28000e+02  2.22835e+04
 8.20100e-01  1.28000e+02  2.22835e+04
 8.20100e-01  1.28000e+02  2.22835e+04
 8.20100e-01  1.28000e+02  2.22835e+04
 8.20100e-01  1.28000e+02  2.22835e+04
 8.20100e-01  1.28000e+02  2.22835e+04
 8.20100e-01  1.28000e+02  2.22835e+04
 8.20100e-01  1.28000e+02  2.22835e+04
 8.20100e-01  1.28000e+02  2.22835e+04
 8.20100e-01  1.28000e+02  2.22835e+04
 8.20100e-01  1.28000e+02  2.22835e+04
 8.20100e-01  1.28000e+02  2.22835e+04
 8.20100e-01  1.28000e+02  2.22835e+04
 8.20100e-01  1.28000e+02  2.22835e+04
 8.20100e-01  1.28000e+02  2.22835e+04
 8.20100e-01  1.28000e+02  2.22835e+04
 8.20100e-01  1.28000e+02  2.22835e+04
 8.20100e-01  1.28000e+02  2.22835e+04
 8.20100e-01  1.28000e+02  2.22835e+04
 8.20100e-01  1.28000e+02  2.22835e+04
 8.20100e-01  1.28000e+02  2.22835e+04
 8.20100e-01  1.28000e+02  2.22835e+04
 8.20100e-01  1.28000e+02  2.22835e+04
 8.20100e-01  1.28000e+02  2.22835e+04
 8.20100e-01  1.28000e+02  2.22835e+04
 8.20100e-01  1.28000e+02  2.22835e+04
 8.20100e-01  1.28000e+02  2.22835e+04
 8.20100e-01  1.28000e+02  2.22835e+04
 8.20100e-01  1.28000e+02  2.22835e+04
 8.20100e-01  1.28000e+02  2.22835e+04
 8.20100e-01  1.28000e+02  2.22835e+04
 8.20100e-01  1.28000e+02  2.22835e+04
 8.20100e-01  1.28000e+02  2.22835e+04
 8.20100e-01  1.28000e+02  2.22835e+04
 8.20100e-01  1.28000e+02  2.22835e+04
 8.20100e-01  1.28000e+02  2.22835e+04
 8.20100e-01  1.28000e+02  2.22835e+04
 8.20100e-01  1.28000e+02  2.22835e+04
 8.20100e-01  1.28000e+02  2.22835e+04
 8.20100e-01  1.28000e+02  2.22835e+04
 8.20100e-01  1.28000e+02  2.22835e+04
 8.20100e-01  1.28000e+02  2.22835e+04
 8.20100e-01  1.28000e+02  2.22835e+04
 8.20100e-01  1.28000e+02  2.22835e+04
 8.20100e-01  1.28000e+02  2.22835e+04
 8.20100e-01  1.28000e+02  2.22835e+04
 8.20100e-01  1.28000e+02  2.22835e+04
 8.20100e-01  1.28000e+02  2.22835e+04
 8.20100e-01  1.28000e+02  2.22835e+04
 8.20100e-01  1.28000e+02  2.22835e+04
 8.20100e-01  1.28000e+02  2.22835e+04
 8.20100e-01  1.28000e+02  2.22835e+04
 8.20100e-01  1.28000e+02  2.22835e+04
 8.20100e-01  1.28000e+02  2.22835e+04
 8.20100e-01  1.28000e+02  2.22835e+04
 8.20100e-01  1.28000e+02  2.22835e+04
 8.20100e-01  1.28000e+02  2.22835e+04
 8.20100e-01  1.28000e+02  2.22835e+04
 8.20100e-01  1.28000e+02  2.22835e+04
 8.20100e-01  1.28000e+02  2.22835e+04
 8.20100e-01  1.28000e+02  2.22835e+04
 8.20100e-01  1.28000e+02  2.22835e+04
 8.20100e-01  1.28000e+02  2.22835e+04
 8.20100e-01  1.28000e+02  2.22835e+04
 8.20100e-01  1.28000e+02  2.22835e+04
 8.20100e-01  1.28000e+02  2.22835e+04
 8.20100e-01  1.28000e+02  2.22835e+04
 8.20100e-01  1.28000e+02  2.22835e+04
 8.20100e-01  1.28000e+02  2.22835e+04
 8.20100e-01  1.28000e+02  2.22835e+04
 8.20100e-01  1.28000e+02  2.22835e+04
 8.20100e-01  1.28000e+02  2.22835e+04
 8.20100e-01  1.28000e+02  2.22835e+04
 8.20100e-01  1.28000e+02  2.22835e+04
 8.20100e-01  1.28000e+02  2.22835e+04
 8.20100e-01  1.28000e+02  2.22835e+04
 8.20100e-01  1.28000e+02  2.22835e+04
 8.20100e-01  1.28000e+02  2.22835e+04
 8.20100e-01  1.28000e+02  2.22835e+04
 8.20100e-01  1.28000e+02  2.22835e+04
 8.20100e-01  1.28000e+02  2.22835e+04
 8.20100e-01  1.28000e+02  2.22835e+04
 8.20100e-01  1.28000e+02  2.22835e+04
 8.20100e-01  1.28000e+02  2.22835e+04
 8.20100e-01  1.28000e+02  2.22835e+04
 8.20100e-01  1.28000e+02  2.22835e+04
 8.20100e-01  1.28000e+02  2.22835e+04
 8.20100e-01  1.28000e+02  2.22835e+04
