378
 1.00640e-02  1.00147e+00  1.00032e+00
 2.59960e-02  1.00046e+00  9.99983e-01
 4.25590e-02  1.00004e+00  9.99700e-01
 5.95840e-02  9.99626e-01  9.99476e-01
 7.55460e-02  9.99195e-01  9.99324e-01
 9.00570e-02  9.99330e-01  9.99228e-01
 1.05327e-01  9.99002e-01  9.99166e-01
 1.23523e-01  9.98274e-01  9.99138e-01
 1.40969e-01  9.98655e-01  9.99148e-01
 1.55874e-01  9.98668e-01  9.99181e-01
 1.71269e-01  9.97611e-01  9.99234e-01
 1.86856e-01  9.97151e-01  9.99302e-01
 2.04082e-01  9.98169e-01  9.99391e-01
 2.19841e-01  9.97590e-01  9.99481e-01
 2.36281e-01  9.98904e-01  9.99580e-01
 2.51732e-01  9.97882e-01  9.99676e-01
 2.67561e-01  1.00020e+00  9.99776e-01
 2.83846e-01  1.00180e+00  9.99877e-01
 2.97467e-01  9.98833e-01  9.99961e-01
 3.13734e-01  9.99238e-01  1.00006e+00
 3.30511e-01  9.98670e-01  1.00015e+00
 3.46528e-01  9.99508e-01  1.00024e+00
 3.61051e-01  9.99934e-01  1.00032e+00
 3.76791e-01  9.99849e-01  1.00039e+00
 3.96510e-01  1.00008e+00  1.00048e+00
 4.13515e-01  1.00004e+00  1.00055e+00
 4.28324e-01  9.99813e-01  1.00061e+00
 4.41475e-01  9.99913e-01  1.00066e+00
 4.57188e-01  1.00078e+00  1.00071e+00
 4.71528e-01  1.00022e+00  1.00075e+00
 4.87479e-01  1.00054e+00  1.00079e+00
 5.04676e-01  1.00098e+00  1.00083e+00
 5.21893e-01  1.00124e+00  1.00087e+00
 5.39664e-01  1.00125e+00  1.00091e+00
 5.54868e-01  1.00068e+00  1.00093e+00
 5.72104e-01  1.00103e+00  1.00095e+00
 5.91458e-01  1.00144e+00  1.00098e+00
 6.06257e-01  1.00056e+00  1.00099e+00
 6.21883e-01  1.00065e+00  1.00100e+00
 6.38381e-01  1.00086e+00  1.00101e+00
 6.54532e-01  1.00069e+00  1.00102e+00
 6.71356e-01  1.00122e+00  1.00103e+00
 6.86932e-01  1.00118e+00  1.00103e+00
 7.02731e-01  1.00094e+00  1.00103e+00
 7.20924e-01  1.00060e+00  1.00103e+00
 7.37862e-01  1.00022e+00  1.00102e+00
 7.53707e-01  1.00105e+00  1.00102e+00
 7.71520e-01  1.00086e+00  1.00101e+00
 7.88170e-01  1.00140e+00  1.00100e+00
 8.02539e-01  1.00092e+00  1.00099e+00
 8.19353e-01  1.00159e+00  1.00098e+00
 8.35131e-01  1.00133e+00  1.00097e+00
 8.50670e-01  1.00134e+00  1.00096e+00
 8.66545e-01  1.00115e+00  1.00094e+00
 8.79992e-01  1.00142e+00  1.00093e+00
 8.94976e-01  1.00191e+00  1.00091e+00
 9.11013e-01  1.00168e+00  1.00090e+00
 9.27847e-01  1.00135e+00  1.00088e+00
 9.47181e-01  1.00121e+00  1.00085e+00
 9.62758e-01  1.00050e+00  1.00083e+00
 9.78478e-01  1.00106e+00  1.00081e+00
 9.92924e-01  1.00084e+00  1.00079e+00
 1.00802e+00  1.00066e+00  1.00077e+00
 1.02364e+00  1.00096e+00  1.00075e+00
 1.03953e+00  1.00091e+00  1.00073e+00
 1.05542e+00  1.00087e+00  1.00070e+00
 1.06901e+00  1.00080e+00  1.00068e+00
 1.08444e+00  1.00081e+00  1.00065e+00
 1.10067e+00  1.00058e+00  1.00063e+00
 1.11504e+00  1.00018e+00  1.00060e+00
 1.12969e+00  1.00019e+00  1.00058e+00
 1.14652e+00  1.00064e+00  1.00055e+00
 1.16345e+00  1.00043e+00  1.00052e+00
 1.17754e+00  1.00008e+00  1.00049e+00
 1.19262e+00  1.00027e+00  1.00047e+00
 1.20905e+00  1.00065e+00  1.00044e+00
 1.22583e+00  1.00015e+00  1.00040e+00
 1.24309e+00  1.00031e+00  1.00037e+00
 1.26032e+00  1.00016e+00  1.00034e+00
 1.27444e+00  1.00035e+00  1.00031e+00
 1.28899e+00  1.00067e+00  1.00028e+00
 1.30541e+00  1.00059e+00  1.00024e+00
 1.31993e+00  9.99729e-01  1.00021e+00
 1.33570e+00  1.00037e+00  1.00018e+00
 1.35106e+00  1.00050e+00  1.00014e+00
 1.36853e+00  1.00036e+00  1.00010e+00
 1.38453e+00  1.00388e+00  1.00007e+00
 1.40053e+00  1.00022e+00  1.00003e+00
 1.41721e+00  1.00192e+00  9.99992e-01
 1.43230e+00  1.00045e+00  9.99956e-01
 1.44830e+00  9.99856e-01  9.99917e-01
 1.46384e+00  1.00081e+00  9.99879e-01
 1.47737e+00  9.99568e-01  9.99845e-01
 1.49310e+00  1.00006e+00  9.99805e-01
 1.51034e+00  9.99722e-01  9.99761e-01
 1.52499e+00  9.99802e-01  9.99722e-01
 1.53987e+00  1.00029e+00  9.99682e-01
 1.55703e+00  9.99997e-01  9.99636e-01
 1.57256e+00  1.00014e+00  9.99593e-01
 1.58598e+00  9.99964e-01  9.99555e-01
 1.60138e+00  9.99730e-01  9.99512e-01
 1.61870e+00  1.00001e+00  9.99462e-01
 1.63441e+00  9.99327e-01  9.99415e-01
 1.64865e+00  9.99968e-01  9.99373e-01
 1.66259e+00  9.99636e-01  9.99331e-01
 1.67744e+00  9.99757e-01  9.99285e-01
 1.69394e+00  1.00008e+00  9.99233e-01
 1.71065e+00  9.99776e-01  9.99180e-01
 1.72768e+00  9.99444e-01  9.99125e-01
 1.74381e+00  9.99659e-01  9.99072e-01
 1.76037e+00  9.99335e-01  9.99017e-01
 1.77607e+00  9.98886e-01  9.98963e-01
 1.79014e+00  9.98912e-01  9.98914e-01
 1.80761e+00  9.98701e-01  9.98853e-01
 1.82536e+00  9.98338e-01  9.98790e-01
 1.84015e+00  9.98216e-01  9.98736e-01
 1.85426e+00  9.98692e-01  9.98684e-01
 1.86980e+00  9.98586e-01  9.98627e-01
 1.88622e+00  9.98436e-01  9.98565e-01
 1.90265e+00  9.97719e-01  9.98502e-01
 1.91676e+00  9.98566e-01  9.98447e-01
 1.93230e+00  9.97161e-01  9.98387e-01
 1.94756e+00  9.97956e-01  9.98326e-01
 1.96497e+00  9.98140e-01  9.98257e-01
 1.98248e+00  9.97859e-01  9.98187e-01
 1.99927e+00  9.98522e-01  9.98119e-01
 2.01640e+00  9.98840e-01  9.98049e-01
 2.03368e+00  9.97838e-01  9.97979e-01
 2.04848e+00  9.98043e-01  9.97918e-01
 2.06456e+00  9.97834e-01  9.97853e-01
 2.08098e+00  9.97684e-01  9.97787e-01
 2.09782e+00  9.97378e-01  9.97720e-01
 2.11357e+00  9.96824e-01  9.97658e-01
 2.12915e+00  9.97183e-01  9.97598e-01
 2.14602e+00  9.97659e-01  9.97535e-01
 2.16303e+00  9.96695e-01  9.97474e-01
 2.17989e+00  9.96783e-01  9.97416e-01
 2.19847e+00  9.96077e-01  9.97357e-01
 2.21357e+00  9.96348e-01  9.97313e-01
 2.22846e+00  9.95884e-01  9.97274e-01
 2.24481e+00  9.95995e-01  9.97237e-01
 2.26081e+00  9.95995e-01  9.97208e-01
 2.27817e+00  9.96026e-01  9.97184e-01
 2.29346e+00  9.96129e-01  9.97173e-01
 2.30842e+00  9.95990e-01  9.97170e-01
 2.32699e+00  9.96265e-01  9.97182e-01
 2.34339e+00  9.96140e-01  9.97208e-01
 2.35888e+00  9.96843e-01  9.97247e-01
 2.37373e+00  9.97023e-01  9.97301e-01
 2.39094e+00  9.97367e-01  9.97385e-01
 2.40785e+00  9.96780e-01  9.97492e-01
 2.42349e+00  9.96639e-01  9.97616e-01
 2.43775e+00  9.97670e-01  9.97752e-01
 2.45445e+00  9.97952e-01  9.97942e-01
 2.47344e+00  9.98218e-01  9.98202e-01
 2.49157e+00  9.98463e-01  9.98498e-01
 2.50883e+00  9.99507e-01  9.98827e-01
 2.52600e+00  1.00011e+00  9.99202e-01
 2.54329e+00  1.00107e+00  9.99631e-01
 2.56071e+00  1.00174e+00  1.00012e+00
 2.57867e+00  1.00187e+00  1.00067e+00
 2.59802e+00  1.00207e+00  1.00133e+00
 2.61450e+00  1.00225e+00  1.00194e+00
 2.63000e+00  1.00428e+00  1.00255e+00
 2.64571e+00  1.00394e+00  1.00319e+00
 2.66179e+00  1.00542e+00  1.00386e+00
 2.67700e+00  1.00533e+00  1.00451e+00
 2.69153e+00  1.00620e+00  1.00512e+00
 2.70713e+00  1.00649e+00  1.00577e+00
 2.72302e+00  1.00753e+00  1.00639e+00
 2.73800e+00  1.00721e+00  1.00692e+00
 2.75442e+00  1.00775e+00  1.00744e+00
 2.77200e+00  1.00841e+00  1.00789e+00
 2.78860e+00  1.00809e+00  1.00820e+00
 2.80509e+00  1.00866e+00  1.00838e+00
 2.82235e+00  1.00810e+00  1.00842e+00
 2.84042e+00  1.00797e+00  1.00831e+00
 2.85914e+00  1.00780e+00  1.00801e+00
 2.87513e+00  1.00713e+00  1.00763e+00
 2.89142e+00  1.00711e+00  1.00713e+00
 2.90754e+00  1.00641e+00  1.00655e+00
 2.92278e+00  1.00601e+00  1.00593e+00
 2.94483e+00  1.00530e+00  1.00498e+00
 2.96407e+00  1.00514e+00  1.00412e+00
 2.98109e+00  1.00407e+00  1.00337e+00
 2.99640e+00  1.00350e+00  1.00273e+00
 3.01301e+00  1.00315e+00  1.00207e+00
 3.02819e+00  1.00229e+00  1.00152e+00
 3.04250e+00  1.00177e+00  1.00106e+00
 3.06988e+00  1.00147e+00  1.00032e+00
 3.08581e+00  1.00046e+00  9.99983e-01
 3.10237e+00  1.00004e+00  9.99700e-01
 3.11940e+00  9.99626e-01  9.99476e-01
 3.13536e+00  9.99195e-01  9.99324e-01
 3.14987e+00  9.99330e-01  9.99228e-01
 3.16514e+00  9.99002e-01  9.99166e-01
 3.18334e+00  9.98274e-01  9.99138e-01
 3.20079e+00  9.98655e-01  9.99148e-01
 3.21569e+00  9.98668e-01  9.99181e-01
 3.23109e+00  9.97611e-01  9.99234e-01
 3.24667e+00  9.97151e-01  9.99302e-01
 3.26390e+00  9.98169e-01  9.99391e-01
 3.27966e+00  9.97590e-01  9.99481e-01
 3.29610e+00  9.98904e-01  9.99580e-01
 3.31155e+00  9.97882e-01  9.99676e-01
 3.32738e+00  1.00020e+00  9.99776e-01
 3.34366e+00  1.00180e+00  9.99877e-01
 3.35728e+00  9.98833e-01  9.99961e-01
 3.37355e+00  9.99238e-01  1.00006e+00
 3.39033e+00  9.98670e-01  1.00015e+00
 3.40634e+00  9.99508e-01  1.00024e+00
 3.42087e+00  9.99934e-01  1.00032e+00
 3.43661e+00  9.99849e-01  1.00039e+00
 3.45633e+00  1.00008e+00  1.00048e+00
 3.47333e+00  1.00004e+00  1.00055e+00
 3.48814e+00  9.99813e-01  1.00061e+00
 3.50129e+00  9.99913e-01  1.00066e+00
 3.51700e+00  1.00078e+00  1.00071e+00
 3.53134e+00  1.00022e+00  1.00075e+00
 3.54730e+00  1.00054e+00  1.00079e+00
 3.56449e+00  1.00098e+00  1.00083e+00
 3.58171e+00  1.00124e+00  1.00087e+00
 3.59948e+00  1.00125e+00  1.00091e+00
 3.61468e+00  1.00068e+00  1.00093e+00
 3.63192e+00  1.00103e+00  1.00095e+00
 3.65127e+00  1.00144e+00  1.00098e+00
 3.66607e+00  1.00056e+00  1.00099e+00
 3.68170e+00  1.00065e+00  1.00100e+00
 3.69820e+00  1.00086e+00  1.00101e+00
 3.71435e+00  1.00069e+00  1.00102e+00
 3.73117e+00  1.00122e+00  1.00103e+00
 3.74675e+00  1.00118e+00  1.00103e+00
 3.76255e+00  1.00094e+00  1.00103e+00
 3.78074e+00  1.00060e+00  1.00103e+00
 3.79768e+00  1.00022e+00  1.00102e+00
 3.81352e+00  1.00105e+00  1.00102e+00
 3.83134e+00  1.00086e+00  1.00101e+00
 3.84799e+00  1.00140e+00  1.00100e+00
 3.86235e+00  1.00092e+00  1.00099e+00
 3.87917e+00  1.00159e+00  1.00098e+00
 3.89495e+00  1.00133e+00  1.00097e+00
 3.91049e+00  1.00134e+00  1.00096e+00
 3.92636e+00  1.00115e+00  1.00094e+00
 3.93981e+00  1.00142e+00  1.00093e+00
 3.95479e+00  1.00191e+00  1.00091e+00
 3.97083e+00  1.00168e+00  1.00090e+00
 3.98766e+00  1.00135e+00  1.00088e+00
 4.00700e+00  1.00121e+00  1.00085e+00
 4.02257e+00  1.00050e+00  1.00083e+00
 4.03829e+00  1.00106e+00  1.00081e+00
 4.05274e+00  1.00084e+00  1.00079e+00
 4.06784e+00  1.00066e+00  1.00077e+00
 4.08345e+00  1.00096e+00  1.00075e+00
 4.09935e+00  1.00091e+00  1.00073e+00
 4.11524e+00  1.00087e+00  1.00070e+00
 4.12882e+00  1.00080e+00  1.00068e+00
 4.14426e+00  1.00081e+00  1.00065e+00
 4.16049e+00  1.00058e+00  1.00063e+00
 4.17485e+00  1.00018e+00  1.00060e+00
 4.18950e+00  1.00019e+00  1.00058e+00
 4.20634e+00  1.00064e+00  1.00055e+00
 4.22326e+00  1.00043e+00  1.00052e+00
 4.23735e+00  1.00008e+00  1.00049e+00
 4.25243e+00  1.00027e+00  1.00047e+00
 4.26886e+00  1.00065e+00  1.00044e+00
 4.28565e+00  1.00015e+00  1.00040e+00
 4.30290e+00  1.00031e+00  1.00037e+00
 4.32014e+00  1.00016e+00  1.00034e+00
 4.33426e+00  1.00035e+00  1.00031e+00
 4.34881e+00  1.00067e+00  1.00028e+00
 4.36523e+00  1.00059e+00  1.00024e+00
 4.37974e+00  9.99729e-01  1.00021e+00
 4.39552e+00  1.00037e+00  1.00018e+00
 4.41088e+00  1.00050e+00  1.00014e+00
 4.42834e+00  1.00036e+00  1.00010e+00
 4.44434e+00  1.00388e+00  1.00007e+00
 4.46034e+00  1.00022e+00  1.00003e+00
 4.47703e+00  1.00192e+00  9.99992e-01
 4.49212e+00  1.00045e+00  9.99956e-01
 4.50812e+00  9.99856e-01  9.99917e-01
 4.52366e+00  1.00081e+00  9.99879e-01
 4.53718e+00  9.99568e-01  9.99845e-01
 4.55291e+00  1.00006e+00  9.99805e-01
 4.57016e+00  9.99722e-01  9.99760e-01
 4.58481e+00  9.99802e-01  9.99722e-01
 4.59968e+00  1.00029e+00  9.99682e-01
 4.61685e+00  9.99997e-01  9.99636e-01
 4.63238e+00  1.00014e+00  9.99593e-01
 4.64580e+00  9.99964e-01  9.99555e-01
 4.66120e+00  9.99730e-01  9.99512e-01
 4.67852e+00  1.00001e+00  9.99462e-01
 4.69423e+00  9.99327e-01  9.99415e-01
 4.70846e+00  9.99968e-01  9.99373e-01
 4.72241e+00  9.99636e-01  9.99331e-01
 4.73725e+00  9.99757e-01  9.99285e-01
 4.75376e+00  1.00008e+00  9.99233e-01
 4.77047e+00  9.99776e-01  9.99180e-01
 4.78750e+00  9.99444e-01  9.99125e-01
 4.80362e+00  9.99659e-01  9.99072e-01
 4.82019e+00  9.99335e-01  9.99017e-01
 4.83589e+00  9.98886e-01  9.98963e-01
 4.84996e+00  9.98912e-01  9.98914e-01
 4.86742e+00  9.98701e-01  9.98853e-01
 4.88517e+00  9.98338e-01  9.98790e-01
 4.89997e+00  9.98216e-01  9.98736e-01
 4.91408e+00  9.98692e-01  9.98684e-01
 4.92962e+00  9.98586e-01  9.98627e-01
 4.94604e+00  9.98436e-01  9.98565e-01
 4.96247e+00  9.97719e-01  9.98502e-01
 4.97658e+00  9.98566e-01  9.98447e-01
 4.99212e+00  9.97161e-01  9.98387e-01
 5.00738e+00  9.97956e-01  9.98326e-01
 5.02479e+00  9.98140e-01  9.98257e-01
 5.04229e+00  9.97859e-01  9.98187e-01
 5.05908e+00  9.98522e-01  9.98119e-01
 5.07622e+00  9.98840e-01  9.98049e-01
 5.09349e+00  9.97838e-01  9.97979e-01
 5.10830e+00  9.98043e-01  9.97918e-01
 5.12437e+00  9.97834e-01  9.97853e-01
 5.14080e+00  9.97684e-01  9.97787e-01
 5.15764e+00  9.97378e-01  9.97720e-01
 5.17339e+00  9.96824e-01  9.97658e-01
 5.18896e+00  9.97183e-01  9.97598e-01
 5.20584e+00  9.97659e-01  9.97535e-01
 5.22284e+00  9.96695e-01  9.97474e-01
 5.23970e+00  9.96783e-01  9.97416e-01
 5.25828e+00  9.96077e-01  9.97357e-01
 5.27339e+00  9.96348e-01  9.97313e-01
 5.28827e+00  9.95884e-01  9.97274e-01
 5.30463e+00  9.95995e-01  9.97237e-01
 5.32063e+00  9.95995e-01  9.97208e-01
 5.33799e+00  9.96026e-01  9.97184e-01
 5.35328e+00  9.96129e-01  9.97173e-01
 5.36824e+00  9.95990e-01  9.97170e-01
 5.38680e+00  9.96265e-01  9.97182e-01
 5.40321e+00  9.96140e-01  9.97208e-01
 5.41869e+00  9.96843e-01  9.97247e-01
 5.43355e+00  9.97023e-01  9.97301e-01
 5.45076e+00  9.97367e-01  9.97385e-01
 5.46767e+00  9.96780e-01  9.97492e-01
 5.48331e+00  9.96639e-01  9.97616e-01
 5.49756e+00  9.97670e-01  9.97752e-01
 5.51426e+00  9.97952e-01  9.97942e-01
 5.53325e+00  9.98218e-01  9.98202e-01
 5.55139e+00  9.98463e-01  9.98498e-01
 5.56864e+00  9.99507e-01  9.98827e-01
 5.58581e+00  1.00011e+00  9.99202e-01
 5.60311e+00  1.00107e+00  9.99631e-01
 5.62052e+00  1.00174e+00  1.00012e+00
 5.63849e+00  1.00187e+00  1.00067e+00
 5.65784e+00  1.00207e+00  1.00133e+00
 5.67432e+00  1.00225e+00  1.00194e+00
 5.68982e+00  1.00428e+00  1.00255e+00
 5.70553e+00  1.00394e+00  1.00319e+00
 5.72161e+00  1.00542e+00  1.00386e+00
 5.73682e+00  1.00533e+00  1.00451e+00
 5.75135e+00  1.00620e+00  1.00512e+00
 5.76695e+00  1.00649e+00  1.00577e+00
 5.78284e+00  1.00753e+00  1.00639e+00
 5.79781e+00  1.00721e+00  1.00692e+00
 5.81423e+00  1.00775e+00  1.00744e+00
 5.83181e+00  1.00841e+00  1.00789e+00
 5.84842e+00  1.00809e+00  1.00820e+00
 5.86491e+00  1.00866e+00  1.00838e+00
 5.88217e+00  1.00810e+00  1.00842e+00
 5.90024e+00  1.00797e+00  1.00831e+00
 5.91896e+00  1.00780e+00  1.00801e+00
 5.93495e+00  1.00713e+00  1.00763e+00
 5.95124e+00  1.00711e+00  1.00713e+00
 5.96736e+00  1.00641e+00  1.00655e+00
 5.98260e+00  1.00601e+00  1.00593e+00
 6.00465e+00  1.00530e+00  1.00498e+00
 6.02389e+00  1.00514e+00  1.00412e+00
 6.04090e+00  1.00407e+00  1.00337e+00
 6.05622e+00  1.00350e+00  1.00273e+00
 6.07282e+00  1.00315e+00  1.00207e+00
 6.08801e+00  1.00229e+00  1.00152e+00
 6.10232e+00  1.00177e+00  1.00106e+00
