556
 8.53700e-03  1.00050e+00  1.00005e+00
 2.59240e-02  1.00041e+00  1.00005e+00
 4.34230e-02  1.00045e+00  1.00005e+00
 6.15400e-02  1.00029e+00  1.00006e+00
 7.97430e-02  1.00025e+00  1.00006e+00
 9.64260e-02  9.99728e-01  1.00007e+00
 1.13386e-01  1.00015e+00  1.00007e+00
 1.32258e-01  1.00002e+00  1.00008e+00
 1.50281e-01  1.00036e+00  1.00008e+00
 1.69255e-01  9.99920e-01  1.00009e+00
 1.89235e-01  1.00028e+00  1.00009e+00
 2.07372e-01  1.00006e+00  1.00009e+00
 2.24591e-01  9.99580e-01  1.00010e+00
 2.40474e-01  9.99008e-01  1.00010e+00
 2.56968e-01  9.99620e-01  1.00010e+00
 2.73171e-01  9.99993e-01  1.00011e+00
 2.89347e-01  9.99690e-01  1.00011e+00
 3.06778e-01  9.99474e-01  1.00011e+00
 3.23067e-01  9.99569e-01  1.00012e+00
 3.41857e-01  9.99309e-01  1.00012e+00
 3.57823e-01  9.99844e-01  1.00012e+00
 3.75241e-01  9.99664e-01  1.00013e+00
 3.92165e-01  1.00003e+00  1.00013e+00
 4.10333e-01  1.00027e+00  1.00013e+00
 4.26763e-01  9.99897e-01  1.00013e+00
 4.45875e-01  9.99843e-01  1.00014e+00
 4.64093e-01  1.00015e+00  1.00014e+00
 4.82312e-01  1.00017e+00  1.00014e+00
 5.01378e-01  1.00004e+00  1.00015e+00
 5.20447e-01  1.00021e+00  1.00015e+00
 5.37995e-01  1.00056e+00  1.00015e+00
 5.55426e-01  1.00047e+00  1.00015e+00
 5.72613e-01  1.00018e+00  1.00015e+00
 5.90230e-01  1.00020e+00  1.00016e+00
 6.07312e-01  1.00040e+00  1.00016e+00
 6.25251e-01  1.00053e+00  1.00016e+00
 6.42165e-01  1.00028e+00  1.00016e+00
 6.59606e-01  1.00019e+00  1.00016e+00
 6.78322e-01  9.99892e-01  1.00017e+00
 7.00581e-01  9.99860e-01  1.00017e+00
 7.20239e-01  1.00008e+00  1.00017e+00
 7.38620e-01  9.99789e-01  1.00017e+00
 7.57014e-01  9.99752e-01  1.00017e+00
 7.75856e-01  9.99368e-01  1.00017e+00
 7.93355e-01  9.99726e-01  1.00018e+00
 8.16837e-01  9.99413e-01  1.00018e+00
 8.38468e-01  9.99233e-01  1.00018e+00
 8.58551e-01  9.99547e-01  1.00018e+00
 8.78172e-01  9.99495e-01  1.00018e+00
 8.98766e-01  9.99676e-01  1.00018e+00
 9.18459e-01  9.99421e-01  1.00018e+00
 9.39215e-01  9.99197e-01  1.00018e+00
 9.56643e-01  9.99729e-01  1.00019e+00
 9.76062e-01  9.99408e-01  1.00019e+00
 9.96676e-01  9.99296e-01  1.00019e+00
 1.01682e+00  9.99078e-01  1.00019e+00
 1.03628e+00  9.99535e-01  1.00019e+00
 1.05439e+00  9.99119e-01  1.00019e+00
 1.07526e+00  9.99340e-01  1.00019e+00
 1.09668e+00  9.99425e-01  1.00019e+00
 1.11605e+00  9.99304e-01  1.00019e+00
 1.13500e+00  9.99233e-01  1.00019e+00
 1.15517e+00  9.99253e-01  1.00019e+00
 1.17548e+00  9.99285e-01  1.00019e+00
 1.19442e+00  9.99461e-01  1.00019e+00
 1.21149e+00  9.99465e-01  1.00019e+00
 1.23086e+00  9.99770e-01  1.00019e+00
 1.24962e+00  9.99488e-01  1.00019e+00
 1.26962e+00  9.99861e-01  1.00019e+00
 1.29250e+00  1.00069e+00  1.00019e+00
 1.31421e+00  9.99978e-01  1.00019e+00
 1.33112e+00  9.99949e-01  1.00019e+00
 1.34963e+00  1.00026e+00  1.00019e+00
 1.36815e+00  1.00027e+00  1.00019e+00
 1.38386e+00  1.00039e+00  1.00019e+00
 1.40388e+00  1.00018e+00  1.00019e+00
 1.42448e+00  1.00056e+00  1.00019e+00
 1.44382e+00  1.00062e+00  1.00019e+00
 1.46200e+00  1.00063e+00  1.00019e+00
 1.47830e+00  1.00039e+00  1.00018e+00
 1.49438e+00  1.00032e+00  1.00018e+00
 1.51214e+00  1.00067e+00  1.00018e+00
 1.52978e+00  1.00035e+00  1.00018e+00
 1.54781e+00  1.00057e+00  1.00018e+00
 1.56398e+00  1.00019e+00  1.00018e+00
 1.58103e+00  1.00049e+00  1.00018e+00
 1.59754e+00  9.99682e-01  1.00018e+00
 1.61712e+00  9.99959e-01  1.00018e+00
 1.63584e+00  9.99985e-01  1.00018e+00
 1.65086e+00  1.00068e+00  1.00017e+00
 1.66621e+00  1.00027e+00  1.00017e+00
 1.68149e+00  1.00015e+00  1.00017e+00
 1.70148e+00  1.00039e+00  1.00017e+00
 1.71972e+00  9.99872e-01  1.00017e+00
 1.73559e+00  1.00071e+00  1.00017e+00
 1.75171e+00  1.00017e+00  1.00017e+00
 1.76812e+00  1.00038e+00  1.00016e+00
 1.78337e+00  9.99635e-01  1.00016e+00
 1.79893e+00  9.99854e-01  1.00016e+00
 1.81617e+00  1.00022e+00  1.00016e+00
 1.83176e+00  9.99604e-01  1.00016e+00
 1.84733e+00  9.99814e-01  1.00016e+00
 1.86321e+00  9.99859e-01  1.00015e+00
 1.88116e+00  9.99982e-01  1.00015e+00
 1.89682e+00  9.99824e-01  1.00015e+00
 1.91267e+00  9.99914e-01  1.00015e+00
 1.93066e+00  9.99963e-01  1.00015e+00
 1.94552e+00  9.99717e-01  1.00014e+00
 1.96200e+00  1.00006e+00  1.00014e+00
 1.97829e+00  1.00027e+00  1.00014e+00
 1.99463e+00  9.99939e-01  1.00014e+00
 2.01152e+00  9.99492e-01  1.00013e+00
 2.02727e+00  1.00001e+00  1.00013e+00
 2.04397e+00  1.00032e+00  1.00013e+00
 2.05978e+00  1.00068e+00  1.00013e+00
 2.07641e+00  1.00021e+00  1.00012e+00
 2.09249e+00  1.00012e+00  1.00012e+00
 2.10912e+00  1.00058e+00  1.00012e+00
 2.12653e+00  1.00063e+00  1.00012e+00
 2.14395e+00  1.00047e+00  1.00011e+00
 2.16131e+00  1.00037e+00  1.00011e+00
 2.18019e+00  1.00046e+00  1.00011e+00
 2.19821e+00  1.00049e+00  1.00010e+00
 2.21680e+00  1.00027e+00  1.00010e+00
 2.23422e+00  1.00034e+00  1.00010e+00
 2.25371e+00  1.00068e+00  1.00009e+00
 2.27238e+00  1.00047e+00  1.00009e+00
 2.29144e+00  1.00019e+00  1.00008e+00
 2.31246e+00  1.00012e+00  1.00008e+00
 2.32954e+00  1.00175e+00  1.00008e+00
 2.34736e+00  1.00066e+00  1.00007e+00
 2.36607e+00  1.00035e+00  1.00007e+00
 2.38429e+00  1.00005e+00  1.00006e+00
 2.40354e+00  9.99958e-01  1.00006e+00
 2.41976e+00  9.99431e-01  1.00005e+00
 2.43608e+00  1.00002e+00  1.00005e+00
 2.45392e+00  1.00002e+00  1.00004e+00
 2.47285e+00  9.99857e-01  1.00004e+00
 2.49338e+00  1.00094e+00  1.00003e+00
 2.51154e+00  1.00102e+00  1.00003e+00
 2.52916e+00  1.00130e+00  1.00002e+00
 2.54476e+00  1.00041e+00  1.00002e+00
 2.56108e+00  9.99948e-01  1.00001e+00
 2.57726e+00  1.00030e+00  1.00001e+00
 2.59418e+00  9.99221e-01  1.00000e+00
 2.61159e+00  1.00001e+00  9.99999e-01
 2.63057e+00  1.00008e+00  9.99993e-01
 2.65140e+00  9.99881e-01  9.99986e-01
 2.66830e+00  9.99565e-01  9.99981e-01
 2.68608e+00  9.99515e-01  9.99975e-01
 2.70359e+00  9.99860e-01  9.99968e-01
 2.72163e+00  9.99766e-01  9.99962e-01
 2.74107e+00  9.99661e-01  9.99955e-01
 2.76193e+00  9.99641e-01  9.99947e-01
 2.78215e+00  9.99633e-01  9.99939e-01
 2.80071e+00  9.99529e-01  9.99932e-01
 2.81807e+00  9.99505e-01  9.99925e-01
 2.83497e+00  9.99507e-01  9.99919e-01
 2.85276e+00  9.99421e-01  9.99911e-01
 2.87098e+00  9.99690e-01  9.99904e-01
 2.89119e+00  9.99567e-01  9.99895e-01
 2.91266e+00  9.99662e-01  9.99886e-01
 2.93118e+00  1.00003e+00  9.99877e-01
 2.94825e+00  9.99765e-01  9.99870e-01
 2.96577e+00  9.99840e-01  9.99862e-01
 2.98278e+00  9.99719e-01  9.99854e-01
 3.00037e+00  9.99696e-01  9.99845e-01
 3.02088e+00  9.99784e-01  9.99835e-01
 3.03986e+00  9.99812e-01  9.99826e-01
 3.05994e+00  9.99778e-01  9.99816e-01
 3.08140e+00  9.99730e-01  9.99805e-01
 3.10017e+00  9.99572e-01  9.99796e-01
 3.11868e+00  9.99704e-01  9.99786e-01
 3.13643e+00  9.99642e-01  9.99777e-01
 3.15510e+00  9.99500e-01  9.99767e-01
 3.17410e+00  9.99726e-01  9.99757e-01
 3.19193e+00  9.99635e-01  9.99748e-01
 3.20997e+00  9.99590e-01  9.99738e-01
 3.22776e+00  9.99702e-01  9.99729e-01
 3.24733e+00  9.99462e-01  9.99719e-01
 3.26609e+00  9.99283e-01  9.99709e-01
 3.28424e+00  9.99597e-01  9.99700e-01
 3.30240e+00  9.99437e-01  9.99691e-01
 3.32111e+00  9.99537e-01  9.99682e-01
 3.34075e+00  9.99791e-01  9.99673e-01
 3.35778e+00  9.99476e-01  9.99666e-01
 3.37601e+00  9.99393e-01  9.99659e-01
 3.39565e+00  9.99530e-01  9.99652e-01
 3.41486e+00  9.99797e-01  9.99647e-01
 3.43275e+00  9.99421e-01  9.99642e-01
 3.45019e+00  9.99414e-01  9.99640e-01
 3.46892e+00  9.99839e-01  9.99638e-01
 3.48917e+00  1.00003e+00  9.99639e-01
 3.50694e+00  1.00035e+00  9.99642e-01
 3.52536e+00  1.00032e+00  9.99649e-01
 3.54321e+00  1.00133e+00  9.99658e-01
 3.56047e+00  9.99239e-01  9.99671e-01
 3.58441e+00  9.99480e-01  9.99695e-01
 3.60788e+00  9.99795e-01  9.99730e-01
 3.63120e+00  1.00048e+00  9.99777e-01
 3.65235e+00  1.00114e+00  9.99833e-01
 3.67359e+00  9.99914e-01  9.99905e-01
 3.69474e+00  1.00005e+00  9.99996e-01
 3.71732e+00  1.00046e+00  1.00012e+00
 3.73958e+00  1.00083e+00  1.00028e+00
 3.76243e+00  1.00136e+00  1.00048e+00
 3.78409e+00  1.00126e+00  1.00072e+00
 3.80859e+00  1.00135e+00  1.00105e+00
 3.83399e+00  1.00232e+00  1.00149e+00
 3.85862e+00  1.00268e+00  1.00200e+00
 3.88433e+00  1.00260e+00  1.00262e+00
 3.90909e+00  1.00324e+00  1.00329e+00
 3.93660e+00  1.00403e+00  1.00404e+00
 3.96098e+00  1.00544e+00  1.00464e+00
 3.98213e+00  1.00461e+00  1.00503e+00
 4.00547e+00  1.00426e+00  1.00527e+00
 4.02764e+00  1.00428e+00  1.00525e+00
 4.04692e+00  1.00409e+00  1.00506e+00
 4.06723e+00  1.00387e+00  1.00470e+00
 4.08661e+00  1.00399e+00  1.00425e+00
 4.10985e+00  1.00429e+00  1.00364e+00
 4.13108e+00  1.00346e+00  1.00307e+00
 4.15422e+00  1.00273e+00  1.00248e+00
 4.17702e+00  1.00254e+00  1.00196e+00
 4.19704e+00  1.00178e+00  1.00156e+00
 4.22064e+00  1.00116e+00  1.00117e+00
 4.24451e+00  1.00122e+00  1.00085e+00
 4.26505e+00  1.00067e+00  1.00062e+00
 4.28672e+00  1.00063e+00  1.00043e+00
 4.31099e+00  1.00028e+00  1.00026e+00
 4.33413e+00  1.00023e+00  1.00013e+00
 4.35536e+00  9.99824e-01  1.00004e+00
 4.37639e+00  1.00004e+00  9.99971e-01
 4.40357e+00  9.99391e-01  9.99901e-01
 4.43119e+00  9.99286e-01  9.99850e-01
 4.45328e+00  9.99182e-01  9.99820e-01
 4.47336e+00  9.99387e-01  9.99800e-01
 4.49368e+00  9.99442e-01  9.99785e-01
 4.51394e+00  9.99627e-01  9.99775e-01
 4.53661e+00  9.99576e-01  9.99768e-01
 4.55744e+00  9.99729e-01  9.99765e-01
 4.57694e+00  9.99922e-01  9.99765e-01
 4.59724e+00  9.99649e-01  9.99766e-01
 4.61735e+00  9.99851e-01  9.99769e-01
 4.63746e+00  9.99985e-01  9.99773e-01
 4.65832e+00  9.99924e-01  9.99779e-01
 4.67913e+00  9.99719e-01  9.99786e-01
 4.69861e+00  9.99659e-01  9.99792e-01
 4.71819e+00  9.99882e-01  9.99800e-01
 4.73589e+00  9.99874e-01  9.99807e-01
 4.75546e+00  9.99327e-01  9.99815e-01
 4.77360e+00  9.99681e-01  9.99823e-01
 4.79444e+00  9.99647e-01  9.99832e-01
 4.81360e+00  9.99870e-01  9.99840e-01
 4.83500e+00  9.99475e-01  9.99850e-01
 4.85630e+00  9.99511e-01  9.99859e-01
 4.87861e+00  9.99641e-01  9.99869e-01
 4.90045e+00  9.99640e-01  9.99879e-01
 4.92266e+00  9.99558e-01  9.99888e-01
 4.94494e+00  9.99648e-01  9.99898e-01
 4.96422e+00  9.99570e-01  9.99906e-01
 4.98567e+00  9.99941e-01  9.99915e-01
 5.00703e+00  1.00002e+00  9.99924e-01
 5.03024e+00  1.00023e+00  9.99934e-01
 5.05271e+00  1.00035e+00  9.99943e-01
 5.07534e+00  1.00027e+00  9.99952e-01
 5.09859e+00  1.00040e+00  9.99961e-01
 5.11932e+00  1.00009e+00  9.99968e-01
 5.14087e+00  1.00048e+00  9.99976e-01
 5.16086e+00  1.00019e+00  9.99983e-01
 5.17974e+00  9.99975e-01  9.99990e-01
 5.20273e+00  1.00042e+00  9.99998e-01
 5.22547e+00  1.00033e+00  1.00001e+00
 5.24577e+00  1.00017e+00  1.00001e+00
 5.26649e+00  1.00008e+00  1.00002e+00
 5.28670e+00  1.00051e+00  1.00002e+00
 5.30549e+00  1.00042e+00  1.00003e+00
 5.32238e+00  1.00019e+00  1.00004e+00
 5.35536e+00  1.00050e+00  1.00005e+00
 5.37275e+00  1.00041e+00  1.00005e+00
 5.39025e+00  1.00045e+00  1.00005e+00
 5.40837e+00  1.00029e+00  1.00006e+00
 5.42657e+00  1.00025e+00  1.00006e+00
 5.44325e+00  9.99728e-01  1.00007e+00
 5.46021e+00  1.00015e+00  1.00007e+00
 5.47909e+00  1.00002e+00  1.00008e+00
 5.49711e+00  1.00036e+00  1.00008e+00
 5.51608e+00  9.99920e-01  1.00009e+00
 5.53606e+00  1.00028e+00  1.00009e+00
 5.55420e+00  1.00006e+00  1.00009e+00
 5.57142e+00  9.99580e-01  1.00010e+00
 5.58730e+00  9.99008e-01  1.00010e+00
 5.60379e+00  9.99620e-01  1.00010e+00
 5.62000e+00  9.99993e-01  1.00011e+00
 5.63617e+00  9.99690e-01  1.00011e+00
 5.65360e+00  9.99474e-01  1.00011e+00
 5.66989e+00  9.99569e-01  1.00012e+00
 5.68868e+00  9.99309e-01  1.00012e+00
 5.70465e+00  9.99844e-01  1.00012e+00
 5.72207e+00  9.99664e-01  1.00013e+00
 5.73899e+00  1.00003e+00  1.00013e+00
 5.75716e+00  1.00027e+00  1.00013e+00
 5.77359e+00  9.99897e-01  1.00013e+00
 5.79270e+00  9.99843e-01  1.00014e+00
 5.81092e+00  1.00015e+00  1.00014e+00
 5.82914e+00  1.00017e+00  1.00014e+00
 5.84820e+00  1.00004e+00  1.00015e+00
 5.86727e+00  1.00021e+00  1.00015e+00
 5.88482e+00  1.00056e+00  1.00015e+00
 5.90225e+00  1.00047e+00  1.00015e+00
 5.91944e+00  1.00018e+00  1.00015e+00
 5.93706e+00  1.00020e+00  1.00016e+00
 5.95414e+00  1.00040e+00  1.00016e+00
 5.97208e+00  1.00053e+00  1.00016e+00
 5.98899e+00  1.00028e+00  1.00016e+00
 6.00643e+00  1.00019e+00  1.00016e+00
 6.02515e+00  9.99892e-01  1.00017e+00
 6.04741e+00  9.99860e-01  1.00017e+00
 6.06707e+00  1.00008e+00  1.00017e+00
 6.08545e+00  9.99789e-01  1.00017e+00
 6.10384e+00  9.99752e-01  1.00017e+00
 6.12268e+00  9.99368e-01  1.00017e+00
 6.14018e+00  9.99726e-01  1.00018e+00
 6.16366e+00  9.99413e-01  1.00018e+00
 6.18529e+00  9.99233e-01  1.00018e+00
 6.20538e+00  9.99547e-01  1.00018e+00
 6.22500e+00  9.99495e-01  1.00018e+00
 6.24559e+00  9.99676e-01  1.00018e+00
 6.26529e+00  9.99421e-01  1.00018e+00
 6.28604e+00  9.99197e-01  1.00018e+00
 6.30347e+00  9.99729e-01  1.00019e+00
 6.32289e+00  9.99408e-01  1.00019e+00
 6.34350e+00  9.99296e-01  1.00019e+00
 6.36364e+00  9.99078e-01  1.00019e+00
 6.38310e+00  9.99535e-01  1.00019e+00
 6.40122e+00  9.99119e-01  1.00019e+00
 6.42209e+00  9.99340e-01  1.00019e+00
 6.44350e+00  9.99425e-01  1.00019e+00
 6.46288e+00  9.99304e-01  1.00019e+00
 6.48183e+00  9.99233e-01  1.00019e+00
 6.50200e+00  9.99253e-01  1.00019e+00
 6.52231e+00  9.99285e-01  1.00019e+00
 6.54125e+00  9.99461e-01  1.00019e+00
 6.55832e+00  9.99465e-01  1.00019e+00
 6.57768e+00  9.99770e-01  1.00019e+00
 6.59644e+00  9.99488e-01  1.00019e+00
 6.61644e+00  9.99861e-01  1.00019e+00
 6.63932e+00  1.00069e+00  1.00019e+00
 6.66104e+00  9.99978e-01  1.00019e+00
 6.67795e+00  9.99949e-01  1.00019e+00
 6.69645e+00  1.00026e+00  1.00019e+00
 6.71498e+00  1.00027e+00  1.00019e+00
 6.73069e+00  1.00039e+00  1.00019e+00
 6.75071e+00  1.00018e+00  1.00019e+00
 6.77131e+00  1.00056e+00  1.00019e+00
 6.79064e+00  1.00062e+00  1.00019e+00
 6.80883e+00  1.00063e+00  1.00019e+00
 6.82513e+00  1.00039e+00  1.00018e+00
 6.84121e+00  1.00032e+00  1.00018e+00
 6.85896e+00  1.00067e+00  1.00018e+00
 6.87660e+00  1.00035e+00  1.00018e+00
 6.89464e+00  1.00057e+00  1.00018e+00
 6.91081e+00  1.00019e+00  1.00018e+00
 6.92785e+00  1.00049e+00  1.00018e+00
 6.94437e+00  9.99682e-01  1.00018e+00
 6.96394e+00  9.99959e-01  1.00018e+00
 6.98267e+00  9.99985e-01  1.00018e+00
 6.99768e+00  1.00068e+00  1.00017e+00
 7.01304e+00  1.00027e+00  1.00017e+00
 7.02832e+00  1.00015e+00  1.00017e+00
 7.04831e+00  1.00039e+00  1.00017e+00
 7.06654e+00  9.99872e-01  1.00017e+00
 7.08241e+00  1.00071e+00  1.00017e+00
 7.09853e+00  1.00017e+00  1.00017e+00
 7.11494e+00  1.00038e+00  1.00016e+00
 7.13020e+00  9.99635e-01  1.00016e+00
 7.14576e+00  9.99854e-01  1.00016e+00
 7.16300e+00  1.00022e+00  1.00016e+00
 7.17858e+00  9.99604e-01  1.00016e+00
 7.19416e+00  9.99814e-01  1.00016e+00
 7.21004e+00  9.99859e-01  1.00015e+00
 7.22799e+00  9.99982e-01  1.00015e+00
 7.24364e+00  9.99824e-01  1.00015e+00
 7.25949e+00  9.99914e-01  1.00015e+00
 7.27749e+00  9.99963e-01  1.00015e+00
 7.29234e+00  9.99717e-01  1.00014e+00
 7.30883e+00  1.00006e+00  1.00014e+00
 7.32512e+00  1.00027e+00  1.00014e+00
 7.34145e+00  9.99939e-01  1.00014e+00
 7.35835e+00  9.99492e-01  1.00013e+00
 7.37409e+00  1.00001e+00  1.00013e+00
 7.39080e+00  1.00032e+00  1.00013e+00
 7.40660e+00  1.00068e+00  1.00013e+00
 7.42323e+00  1.00021e+00  1.00012e+00
 7.43932e+00  1.00012e+00  1.00012e+00
 7.45595e+00  1.00058e+00  1.00012e+00
 7.47336e+00  1.00063e+00  1.00012e+00
 7.49077e+00  1.00047e+00  1.00011e+00
 7.50814e+00  1.00037e+00  1.00011e+00
 7.52701e+00  1.00046e+00  1.00011e+00
 7.54504e+00  1.00049e+00  1.00010e+00
 7.56363e+00  1.00027e+00  1.00010e+00
 7.58105e+00  1.00034e+00  1.00010e+00
 7.60054e+00  1.00068e+00  1.00009e+00
 7.61921e+00  1.00047e+00  1.00009e+00
 7.63826e+00  1.00019e+00  1.00008e+00
 7.65929e+00  1.00012e+00  1.00008e+00
 7.67637e+00  1.00175e+00  1.00008e+00
 7.69419e+00  1.00066e+00  1.00007e+00
 7.71290e+00  1.00035e+00  1.00007e+00
 7.73112e+00  1.00005e+00  1.00006e+00
 7.75036e+00  9.99958e-01  1.00006e+00
 7.76659e+00  9.99431e-01  1.00005e+00
 7.78291e+00  1.00002e+00  1.00005e+00
 7.80075e+00  1.00002e+00  1.00004e+00
 7.81968e+00  9.99857e-01  1.00004e+00
 7.84021e+00  1.00094e+00  1.00003e+00
 7.85837e+00  1.00102e+00  1.00003e+00
 7.87599e+00  1.00130e+00  1.00002e+00
 7.89159e+00  1.00041e+00  1.00002e+00
 7.90791e+00  9.99948e-01  1.00001e+00
 7.92408e+00  1.00030e+00  1.00001e+00
 7.94101e+00  9.99221e-01  1.00000e+00
 7.95842e+00  1.00001e+00  9.99999e-01
 7.97739e+00  1.00008e+00  9.99993e-01
 7.99822e+00  9.99881e-01  9.99986e-01
 8.01513e+00  9.99565e-01  9.99981e-01
 8.03291e+00  9.99515e-01  9.99975e-01
 8.05042e+00  9.99860e-01  9.99968e-01
 8.06846e+00  9.99766e-01  9.99962e-01
 8.08790e+00  9.99661e-01  9.99955e-01
 8.10876e+00  9.99641e-01  9.99947e-01
 8.12897e+00  9.99633e-01  9.99939e-01
 8.14753e+00  9.99529e-01  9.99932e-01
 8.16489e+00  9.99505e-01  9.99925e-01
 8.18180e+00  9.99507e-01  9.99919e-01
 8.19959e+00  9.99421e-01  9.99911e-01
 8.21780e+00  9.99690e-01  9.99904e-01
 8.23802e+00  9.99567e-01  9.99895e-01
 8.25948e+00  9.99662e-01  9.99886e-01
 8.27801e+00  1.00003e+00  9.99877e-01
 8.29508e+00  9.99765e-01  9.99870e-01
 8.31260e+00  9.99840e-01  9.99862e-01
 8.32961e+00  9.99719e-01  9.99854e-01
 8.34720e+00  9.99696e-01  9.99845e-01
 8.36771e+00  9.99784e-01  9.99835e-01
 8.38669e+00  9.99812e-01  9.99826e-01
 8.40677e+00  9.99778e-01  9.99816e-01
 8.42823e+00  9.99730e-01  9.99805e-01
 8.44699e+00  9.99572e-01  9.99796e-01
 8.46551e+00  9.99704e-01  9.99786e-01
 8.48325e+00  9.99642e-01  9.99777e-01
 8.50193e+00  9.99500e-01  9.99767e-01
 8.52093e+00  9.99726e-01  9.99757e-01
 8.53876e+00  9.99635e-01  9.99748e-01
 8.55680e+00  9.99590e-01  9.99738e-01
 8.57459e+00  9.99702e-01  9.99729e-01
 8.59416e+00  9.99462e-01  9.99719e-01
 8.61292e+00  9.99283e-01  9.99709e-01
 8.63107e+00  9.99597e-01  9.99700e-01
 8.64923e+00  9.99437e-01  9.99691e-01
 8.66794e+00  9.99537e-01  9.99682e-01
 8.68758e+00  9.99791e-01  9.99673e-01
 8.70461e+00  9.99476e-01  9.99666e-01
 8.72283e+00  9.99393e-01  9.99659e-01
 8.74248e+00  9.99530e-01  9.99652e-01
 8.76169e+00  9.99797e-01  9.99647e-01
 8.77958e+00  9.99421e-01  9.99642e-01
 8.79701e+00  9.99414e-01  9.99640e-01
 8.81574e+00  9.99839e-01  9.99638e-01
 8.83600e+00  1.00003e+00  9.99639e-01
 8.85377e+00  1.00035e+00  9.99642e-01
 8.87219e+00  1.00032e+00  9.99649e-01
 8.89004e+00  1.00133e+00  9.99658e-01
 8.90729e+00  9.99239e-01  9.99671e-01
 8.93124e+00  9.99480e-01  9.99695e-01
 8.95471e+00  9.99795e-01  9.99730e-01
 8.97803e+00  1.00048e+00  9.99777e-01
 8.99918e+00  1.00114e+00  9.99833e-01
 9.02042e+00  9.99914e-01  9.99905e-01
 9.04157e+00  1.00005e+00  9.99996e-01
 9.06415e+00  1.00046e+00  1.00012e+00
 9.08640e+00  1.00083e+00  1.00028e+00
 9.10926e+00  1.00136e+00  1.00048e+00
 9.13092e+00  1.00126e+00  1.00072e+00
 9.15542e+00  1.00135e+00  1.00105e+00
 9.18082e+00  1.00232e+00  1.00149e+00
 9.20545e+00  1.00268e+00  1.00200e+00
 9.23115e+00  1.00260e+00  1.00262e+00
 9.25592e+00  1.00324e+00  1.00329e+00
 9.28343e+00  1.00403e+00  1.00404e+00
 9.30781e+00  1.00544e+00  1.00464e+00
 9.32896e+00  1.00461e+00  1.00503e+00
 9.35229e+00  1.00426e+00  1.00527e+00
 9.37447e+00  1.00428e+00  1.00525e+00
 9.39375e+00  1.00409e+00  1.00506e+00
 9.41405e+00  1.00387e+00  1.00470e+00
 9.43344e+00  1.00399e+00  1.00425e+00
 9.45668e+00  1.00429e+00  1.00364e+00
 9.47791e+00  1.00346e+00  1.00307e+00
 9.50104e+00  1.00273e+00  1.00248e+00
 9.52385e+00  1.00254e+00  1.00196e+00
 9.54387e+00  1.00178e+00  1.00156e+00
 9.56747e+00  1.00116e+00  1.00117e+00
 9.59134e+00  1.00122e+00  1.00085e+00
 9.61188e+00  1.00067e+00  1.00062e+00
 9.63354e+00  1.00063e+00  1.00043e+00
 9.65781e+00  1.00028e+00  1.00026e+00
 9.68096e+00  1.00023e+00  1.00013e+00
 9.70219e+00  9.99824e-01  1.00004e+00
 9.72322e+00  1.00004e+00  9.99971e-01
 9.75040e+00  9.99391e-01  9.99901e-01
 9.77802e+00  9.99286e-01  9.99850e-01
 9.80011e+00  9.99182e-01  9.99820e-01
 9.82019e+00  9.99387e-01  9.99800e-01
 9.84051e+00  9.99442e-01  9.99785e-01
 9.86076e+00  9.99627e-01  9.99775e-01
 9.88344e+00  9.99576e-01  9.99768e-01
 9.90427e+00  9.99729e-01  9.99765e-01
 9.92377e+00  9.99922e-01  9.99765e-01
 9.94406e+00  9.99649e-01  9.99766e-01
 9.96418e+00  9.99851e-01  9.99769e-01
 9.98429e+00  9.99985e-01  9.99773e-01
 1.00051e+01  9.99924e-01  9.99779e-01
 1.00260e+01  9.99719e-01  9.99786e-01
 1.00454e+01  9.99659e-01  9.99792e-01
 1.00650e+01  9.99882e-01  9.99800e-01
 1.00827e+01  9.99874e-01  9.99807e-01
 1.01023e+01  9.99327e-01  9.99815e-01
 1.01204e+01  9.99681e-01  9.99823e-01
 1.01413e+01  9.99647e-01  9.99832e-01
 1.01604e+01  9.99870e-01  9.99840e-01
 1.01818e+01  9.99475e-01  9.99850e-01
 1.02031e+01  9.99511e-01  9.99859e-01
 1.02254e+01  9.99641e-01  9.99869e-01
 1.02473e+01  9.99640e-01  9.99879e-01
 1.02695e+01  9.99558e-01  9.99888e-01
 1.02918e+01  9.99648e-01  9.99898e-01
 1.03111e+01  9.99570e-01  9.99906e-01
 1.03325e+01  9.99941e-01  9.99915e-01
 1.03539e+01  1.00002e+00  9.99924e-01
 1.03771e+01  1.00023e+00  9.99934e-01
 1.03995e+01  1.00035e+00  9.99943e-01
 1.04222e+01  1.00027e+00  9.99952e-01
 1.04454e+01  1.00040e+00  9.99961e-01
 1.04661e+01  1.00009e+00  9.99968e-01
 1.04877e+01  1.00048e+00  9.99976e-01
 1.05077e+01  1.00019e+00  9.99983e-01
 1.05266e+01  9.99975e-01  9.99990e-01
 1.05496e+01  1.00042e+00  9.99998e-01
 1.05723e+01  1.00033e+00  1.00001e+00
 1.05926e+01  1.00017e+00  1.00001e+00
 1.06133e+01  1.00008e+00  1.00002e+00
 1.06335e+01  1.00051e+00  1.00002e+00
 1.06523e+01  1.00042e+00  1.00003e+00
 1.06692e+01  1.00019e+00  1.00004e+00
