194
 3.41280e-02  1.00035e+00  1.00002e+00
 1.11929e-01  1.00010e+00  1.00003e+00
 1.92550e-01  1.00021e+00  1.00004e+00
 2.63288e-01  9.99995e-01  1.00005e+00
 3.25788e-01  1.00014e+00  1.00006e+00
 3.84026e-01  9.99913e-01  1.00007e+00
 4.36734e-01  9.99590e-01  1.00008e+00
 4.98626e-01  1.00018e+00  1.00009e+00
 5.71618e-01  1.00005e+00  1.00010e+00
 6.34210e-01  1.00019e+00  1.00011e+00
 7.04135e-01  9.99975e-01  1.00012e+00
 7.66717e-01  9.99903e-01  1.00013e+00
 8.21526e-01  9.99802e-01  1.00014e+00
 8.77055e-01  1.00005e+00  1.00014e+00
 9.43179e-01  1.00007e+00  1.00014e+00
 1.00831e+00  1.00030e+00  1.00013e+00
 1.06954e+00  1.00013e+00  1.00012e+00
 1.12913e+00  9.99915e-01  1.00011e+00
 1.18539e+00  9.99680e-01  1.00008e+00
 1.25668e+00  9.99702e-01  1.00003e+00
 1.32625e+00  9.99889e-01  9.99971e-01
 1.40251e+00  9.99659e-01  9.99873e-01
 1.49129e+00  9.99781e-01  9.99717e-01
 1.57407e+00  1.00003e+00  9.99526e-01
 1.64772e+00  9.99526e-01  9.99319e-01
 1.70950e+00  9.99465e-01  9.99129e-01
 1.77074e+00  9.99424e-01  9.98941e-01
 1.82825e+00  9.99961e-01  9.98791e-01
 1.88596e+00  9.99362e-01  9.98700e-01
 1.93803e+00  9.99932e-01  9.98711e-01
 1.99421e+00  9.99456e-01  9.98871e-01
 2.05064e+00  1.00007e+00  9.99237e-01
 2.10534e+00  1.00014e+00  9.99822e-01
 2.16649e+00  1.00013e+00  1.00074e+00
 2.21929e+00  1.00077e+00  1.00170e+00
 2.27137e+00  1.00198e+00  1.00269e+00
 2.32555e+00  1.00272e+00  1.00363e+00
 2.38388e+00  1.00364e+00  1.00438e+00
 2.43804e+00  1.00477e+00  1.00473e+00
 2.49013e+00  1.00510e+00  1.00474e+00
 2.54221e+00  1.00489e+00  1.00445e+00
 2.59430e+00  1.00452e+00  1.00396e+00
 2.64638e+00  1.00335e+00  1.00336e+00
 2.69848e+00  1.00317e+00  1.00272e+00
 2.75055e+00  1.00216e+00  1.00212e+00
 2.80327e+00  1.00158e+00  1.00158e+00
 2.86378e+00  1.00114e+00  1.00106e+00
 2.91857e+00  1.00040e+00  1.00069e+00
 2.97971e+00  1.00042e+00  1.00038e+00
 3.03180e+00  9.99868e-01  1.00018e+00
 3.08524e+00  9.99912e-01  1.00004e+00
 3.14774e+00  1.00035e+00  9.99922e-01
 3.20400e+00  1.00015e+00  9.99856e-01
 3.25753e+00  1.00005e+00  9.99818e-01
 3.31440e+00  9.99948e-01  9.99796e-01
 3.37345e+00  9.99914e-01  9.99787e-01
 3.42763e+00  9.99969e-01  9.99788e-01
 3.48106e+00  9.99882e-01  9.99793e-01
 3.53732e+00  9.99809e-01  9.99803e-01
 3.58876e+00  1.00028e+00  9.99814e-01
 3.64293e+00  9.99890e-01  9.99826e-01
 3.69847e+00  9.99701e-01  9.99838e-01
 3.75054e+00  1.00001e+00  9.99850e-01
 3.80263e+00  9.99909e-01  9.99861e-01
 3.85887e+00  1.00009e+00  9.99872e-01
 3.91449e+00  9.99865e-01  9.99882e-01
 3.96930e+00  9.99970e-01  9.99890e-01
 4.02137e+00  1.00022e+00  9.99898e-01
 4.07347e+00  1.00002e+00  9.99905e-01
 4.12554e+00  9.99945e-01  9.99911e-01
 4.17898e+00  9.99938e-01  9.99916e-01
 4.23460e+00  9.99824e-01  9.99921e-01
 4.28740e+00  9.99498e-01  9.99925e-01
 4.34647e+00  9.99649e-01  9.99929e-01
 4.40680e+00  9.99761e-01  9.99932e-01
 4.46658e+00  9.99982e-01  9.99935e-01
 4.52626e+00  9.99862e-01  9.99937e-01
 4.59086e+00  9.99382e-01  9.99939e-01
 4.66658e+00  9.99896e-01  9.99942e-01
 4.72139e+00  9.99900e-01  9.99943e-01
 4.78181e+00  9.99801e-01  9.99945e-01
 4.83669e+00  9.99835e-01  9.99946e-01
 4.89439e+00  1.00005e+00  9.99948e-01
 4.95400e+00  1.00021e+00  9.99950e-01
 5.00689e+00  1.00042e+00  9.99952e-01
 5.06794e+00  9.99937e-01  9.99954e-01
 5.12491e+00  1.00006e+00  9.99956e-01
 5.17764e+00  1.00032e+00  9.99958e-01
 5.23036e+00  1.00041e+00  9.99961e-01
 5.28732e+00  1.00021e+00  9.99964e-01
 5.33949e+00  1.00007e+00  9.99967e-01
 5.40119e+00  1.00067e+00  9.99971e-01
 5.45816e+00  1.00041e+00  9.99975e-01
 5.52281e+00  1.00041e+00  9.99980e-01
 5.59982e+00  1.00018e+00  9.99987e-01
 5.69140e+00  1.00002e+00  9.99996e-01
 5.77481e+00  1.00013e+00  1.00001e+00
 5.86022e+00  1.00035e+00  1.00002e+00
 5.93802e+00  1.00010e+00  1.00003e+00
 6.01864e+00  1.00021e+00  1.00004e+00
 6.08938e+00  9.99995e-01  1.00005e+00
 6.15188e+00  1.00014e+00  1.00006e+00
 6.21012e+00  9.99913e-01  1.00007e+00
 6.26283e+00  9.99590e-01  1.00008e+00
 6.32472e+00  1.00018e+00  1.00009e+00
 6.39771e+00  1.00005e+00  1.00010e+00
 6.46030e+00  1.00019e+00  1.00011e+00
 6.53023e+00  9.99975e-01  1.00012e+00
 6.59281e+00  9.99903e-01  1.00013e+00
 6.64762e+00  9.99802e-01  1.00014e+00
 6.70315e+00  1.00005e+00  1.00014e+00
 6.76927e+00  1.00007e+00  1.00014e+00
 6.83440e+00  1.00030e+00  1.00013e+00
 6.89563e+00  1.00013e+00  1.00012e+00
 6.95523e+00  9.99915e-01  1.00011e+00
 7.01149e+00  9.99680e-01  1.00008e+00
 7.08277e+00  9.99702e-01  1.00003e+00
 7.15235e+00  9.99889e-01  9.99971e-01
 7.22860e+00  9.99659e-01  9.99873e-01
 7.31738e+00  9.99781e-01  9.99717e-01
 7.40016e+00  1.00003e+00  9.99526e-01
 7.47381e+00  9.99526e-01  9.99319e-01
 7.53559e+00  9.99465e-01  9.99129e-01
 7.59683e+00  9.99424e-01  9.98941e-01
 7.65434e+00  9.99961e-01  9.98791e-01
 7.71205e+00  9.99362e-01  9.98700e-01
 7.76412e+00  9.99932e-01  9.98711e-01
 7.82030e+00  9.99456e-01  9.98871e-01
 7.87674e+00  1.00007e+00  9.99237e-01
 7.93143e+00  1.00014e+00  9.99822e-01
 7.99258e+00  1.00013e+00  1.00074e+00
 8.04538e+00  1.00077e+00  1.00170e+00
 8.09746e+00  1.00198e+00  1.00269e+00
 8.15164e+00  1.00272e+00  1.00363e+00
 8.20997e+00  1.00364e+00  1.00438e+00
 8.26413e+00  1.00477e+00  1.00473e+00
 8.31622e+00  1.00510e+00  1.00474e+00
 8.36830e+00  1.00489e+00  1.00445e+00
 8.42039e+00  1.00452e+00  1.00396e+00
 8.47247e+00  1.00335e+00  1.00336e+00
 8.52457e+00  1.00317e+00  1.00272e+00
 8.57664e+00  1.00216e+00  1.00212e+00
 8.62936e+00  1.00158e+00  1.00158e+00
 8.68988e+00  1.00114e+00  1.00106e+00
 8.74466e+00  1.00040e+00  1.00069e+00
 8.80580e+00  1.00042e+00  1.00038e+00
 8.85789e+00  9.99868e-01  1.00018e+00
 8.91133e+00  9.99912e-01  1.00004e+00
 8.97383e+00  1.00035e+00  9.99922e-01
 9.03009e+00  1.00015e+00  9.99856e-01
 9.08362e+00  1.00005e+00  9.99818e-01
 9.14049e+00  9.99948e-01  9.99796e-01
 9.19954e+00  9.99914e-01  9.99787e-01
 9.25372e+00  9.99969e-01  9.99788e-01
 9.30715e+00  9.99882e-01  9.99793e-01
 9.36341e+00  9.99809e-01  9.99803e-01
 9.41485e+00  1.00028e+00  9.99814e-01
 9.46903e+00  9.99890e-01  9.99826e-01
 9.52456e+00  9.99701e-01  9.99838e-01
 9.57663e+00  1.00001e+00  9.99850e-01
 9.62872e+00  9.99909e-01  9.99861e-01
 9.68496e+00  1.00009e+00  9.99872e-01
 9.74058e+00  9.99865e-01  9.99882e-01
 9.79539e+00  9.99970e-01  9.99890e-01
 9.84746e+00  1.00022e+00  9.99898e-01
 9.89956e+00  1.00002e+00  9.99905e-01
 9.95163e+00  9.99945e-01  9.99911e-01
 1.00051e+01  9.99938e-01  9.99916e-01
 1.00607e+01  9.99824e-01  9.99921e-01
 1.01135e+01  9.99498e-01  9.99925e-01
 1.01726e+01  9.99649e-01  9.99929e-01
 1.02329e+01  9.99761e-01  9.99932e-01
 1.02927e+01  9.99982e-01  9.99935e-01
 1.03524e+01  9.99862e-01  9.99937e-01
 1.04170e+01  9.99382e-01  9.99939e-01
 1.04927e+01  9.99896e-01  9.99942e-01
 1.05475e+01  9.99900e-01  9.99943e-01
 1.06079e+01  9.99801e-01  9.99945e-01
 1.06628e+01  9.99835e-01  9.99946e-01
 1.07205e+01  1.00005e+00  9.99948e-01
 1.07801e+01  1.00021e+00  9.99950e-01
 1.08330e+01  1.00042e+00  9.99952e-01
 1.08940e+01  9.99937e-01  9.99954e-01
 1.09510e+01  1.00006e+00  9.99956e-01
 1.10037e+01  1.00032e+00  9.99958e-01
 1.10565e+01  1.00041e+00  9.99961e-01
 1.11134e+01  1.00021e+00  9.99964e-01
 1.11656e+01  1.00007e+00  9.99967e-01
 1.12273e+01  1.00067e+00  9.99971e-01
 1.12843e+01  1.00041e+00  9.99975e-01
 1.13489e+01  1.00041e+00  9.99980e-01
 1.14259e+01  1.00018e+00  9.99987e-01
 1.15175e+01  1.00002e+00  9.99996e-01
 1.16009e+01  1.00013e+00  1.00001e+00
