388
 1.45210e-02  9.99749e-01  9.99547e-01
 4.97720e-02  9.99908e-01  9.99529e-01
 7.70210e-02  9.99639e-01  9.99516e-01
 1.10196e-01  9.99737e-01  9.99501e-01
 1.37425e-01  9.99992e-01  9.99490e-01
 1.66418e-01  9.99398e-01  9.99480e-01
 1.93512e-01  9.99598e-01  9.99470e-01
 2.20673e-01  9.99586e-01  9.99462e-01
 2.45669e-01  9.99154e-01  9.99454e-01
 2.70707e-01  1.00029e+00  9.99447e-01
 2.99849e-01  1.00015e+00  9.99440e-01
 3.24931e-01  1.00089e+00  9.99434e-01
 3.47845e-01  1.00004e+00  9.99429e-01
 3.70759e-01  1.00030e+00  9.99424e-01
 3.93689e-01  1.00018e+00  9.99420e-01
 4.18603e-01  1.00010e+00  9.99415e-01
 4.41537e-01  1.00001e+00  9.99411e-01
 4.64499e-01  9.99827e-01  9.99408e-01
 4.87417e-01  9.99692e-01  9.99404e-01
 5.10345e-01  1.00006e+00  9.99401e-01
 5.33261e-01  9.99844e-01  9.99398e-01
 5.56247e-01  9.99977e-01  9.99395e-01
 5.83279e-01  1.00025e+00  9.99392e-01
 6.10269e-01  1.00044e+00  9.99390e-01
 6.33233e-01  1.00053e+00  9.99387e-01
 6.54093e-01  1.00040e+00  9.99386e-01
 6.74913e-01  1.00044e+00  9.99384e-01
 6.95733e-01  1.00022e+00  9.99382e-01
 7.16593e-01  1.00067e+00  9.99381e-01
 7.39497e-01  1.00018e+00  9.99379e-01
 7.62407e-01  1.00035e+00  9.99378e-01
 7.85339e-01  9.99583e-01  9.99376e-01
 8.06227e-01  9.99994e-01  9.99375e-01
 8.29081e-01  9.99710e-01  9.99374e-01
 8.49985e-01  9.99732e-01  9.99373e-01
 8.74913e-01  9.99534e-01  9.99372e-01
 8.95753e-01  9.99801e-01  9.99372e-01
 9.18673e-01  9.99790e-01  9.99371e-01
 9.39493e-01  9.99717e-01  9.99370e-01
 9.62371e-01  9.99567e-01  9.99370e-01
 9.83253e-01  9.99981e-01  9.99369e-01
 1.00407e+00  9.99853e-01  9.99369e-01
 1.02287e+00  9.99491e-01  9.99369e-01
 1.04369e+00  9.99513e-01  9.99368e-01
 1.06244e+00  9.99702e-01  9.99368e-01
 1.08322e+00  9.99241e-01  9.99368e-01
 1.10404e+00  9.99227e-01  9.99368e-01
 1.12279e+00  9.99183e-01  9.99368e-01
 1.14153e+00  9.99368e-01  9.99368e-01
 1.16043e+00  9.98931e-01  9.99368e-01
 1.18321e+00  9.98943e-01  9.99368e-01
 1.20195e+00  9.99358e-01  9.99368e-01
 1.22073e+00  9.99414e-01  9.99368e-01
 1.24154e+00  9.99408e-01  9.99368e-01
 1.26236e+00  9.99423e-01  9.99369e-01
 1.28114e+00  9.99509e-01  9.99369e-01
 1.29989e+00  9.99580e-01  9.99369e-01
 1.31862e+00  9.99680e-01  9.99370e-01
 1.33950e+00  9.99614e-01  9.99370e-01
 1.36239e+00  9.99982e-01  9.99371e-01
 1.38112e+00  9.99606e-01  9.99371e-01
 1.40196e+00  9.99362e-01  9.99372e-01
 1.42075e+00  9.99424e-01  9.99372e-01
 1.43951e+00  9.99453e-01  9.99373e-01
 1.45828e+00  9.99331e-01  9.99374e-01
 1.47906e+00  9.99392e-01  9.99375e-01
 1.49987e+00  9.99669e-01  9.99375e-01
 1.51867e+00  9.99668e-01  9.99376e-01
 1.53946e+00  9.99610e-01  9.99377e-01
 1.55821e+00  9.99667e-01  9.99378e-01
 1.57703e+00  9.99739e-01  9.99379e-01
 1.59780e+00  9.99630e-01  9.99381e-01
 1.61655e+00  9.99656e-01  9.99382e-01
 1.63736e+00  1.00007e+00  9.99384e-01
 1.65614e+00  1.00002e+00  9.99385e-01
 1.67703e+00  9.99818e-01  9.99387e-01
 1.69779e+00  9.99874e-01  9.99389e-01
 1.71656e+00  9.99957e-01  9.99390e-01
 1.73533e+00  9.99908e-01  9.99392e-01
 1.75408e+00  9.99889e-01  9.99394e-01
 1.77285e+00  9.99765e-01  9.99397e-01
 1.79163e+00  9.99715e-01  9.99399e-01
 1.81237e+00  9.99420e-01  9.99402e-01
 1.83114e+00  9.99377e-01  9.99405e-01
 1.85198e+00  9.99667e-01  9.99408e-01
 1.87287e+00  9.99845e-01  9.99412e-01
 1.89362e+00  9.99816e-01  9.99415e-01
 1.91239e+00  1.00003e+00  9.99419e-01
 1.93322e+00  1.00005e+00  9.99424e-01
 1.95406e+00  1.00011e+00  9.99429e-01
 1.97488e+00  1.00008e+00  9.99435e-01
 1.99363e+00  9.99981e-01  9.99440e-01
 2.01237e+00  9.99981e-01  9.99446e-01
 2.03114e+00  9.99821e-01  9.99453e-01
 2.05197e+00  9.99944e-01  9.99461e-01
 2.07278e+00  9.99615e-01  9.99469e-01
 2.09156e+00  9.99580e-01  9.99478e-01
 2.11239e+00  9.99534e-01  9.99489e-01
 2.13114e+00  9.99466e-01  9.99499e-01
 2.14992e+00  9.99589e-01  9.99511e-01
 2.16870e+00  9.99659e-01  9.99523e-01
 2.18744e+00  9.99559e-01  9.99537e-01
 2.20820e+00  9.99799e-01  9.99554e-01
 2.22696e+00  9.99832e-01  9.99571e-01
 2.24570e+00  9.99642e-01  9.99590e-01
 2.26446e+00  9.99653e-01  9.99611e-01
 2.28530e+00  9.99982e-01  9.99636e-01
 2.30404e+00  9.99849e-01  9.99662e-01
 2.32279e+00  9.99864e-01  9.99691e-01
 2.34156e+00  9.99736e-01  9.99722e-01
 2.36033e+00  9.99611e-01  9.99757e-01
 2.37907e+00  9.99670e-01  9.99796e-01
 2.39785e+00  9.99578e-01  9.99839e-01
 2.41662e+00  9.99594e-01  9.99887e-01
 2.43736e+00  9.99477e-01  9.99946e-01
 2.45612e+00  9.99844e-01  1.00001e+00
 2.47487e+00  9.99754e-01  1.00007e+00
 2.49362e+00  9.99865e-01  1.00015e+00
 2.51237e+00  1.00005e+00  1.00023e+00
 2.53113e+00  1.00037e+00  1.00032e+00
 2.54989e+00  1.00046e+00  1.00043e+00
 2.56864e+00  1.00053e+00  1.00054e+00
 2.58741e+00  1.00079e+00  1.00067e+00
 2.60620e+00  1.00083e+00  1.00081e+00
 2.62494e+00  1.00092e+00  1.00096e+00
 2.64570e+00  1.00126e+00  1.00116e+00
 2.66445e+00  1.00139e+00  1.00135e+00
 2.68319e+00  1.00141e+00  1.00155e+00
 2.70196e+00  1.00172e+00  1.00178e+00
 2.72279e+00  1.00176e+00  1.00204e+00
 2.74153e+00  1.00184e+00  1.00230e+00
 2.76029e+00  1.00240e+00  1.00257e+00
 2.77906e+00  1.00253e+00  1.00284e+00
 2.79781e+00  1.00272e+00  1.00311e+00
 2.81657e+00  1.00315e+00  1.00337e+00
 2.83537e+00  1.00325e+00  1.00360e+00
 2.85411e+00  1.00378e+00  1.00379e+00
 2.87485e+00  1.00392e+00  1.00392e+00
 2.89363e+00  1.00422e+00  1.00396e+00
 2.91237e+00  1.00404e+00  1.00389e+00
 2.93111e+00  1.00366e+00  1.00370e+00
 2.94987e+00  1.00371e+00  1.00337e+00
 2.96864e+00  1.00320e+00  1.00291e+00
 2.98943e+00  1.00273e+00  1.00225e+00
 3.00614e+00  1.00201e+00  1.00164e+00
 3.02288e+00  1.00092e+00  1.00099e+00
 3.04157e+00  1.00092e+00  1.00025e+00
 3.06024e+00  9.99797e-01  9.99567e-01
 3.07692e+00  9.99299e-01  9.99035e-01
 3.09567e+00  9.98485e-01  9.98565e-01
 3.11238e+00  9.98484e-01  9.98280e-01
 3.12907e+00  9.97936e-01  9.98127e-01
 3.14783e+00  9.98131e-01  9.98104e-01
 3.16662e+00  9.97984e-01  9.98215e-01
 3.18735e+00  9.97970e-01  9.98456e-01
 3.20613e+00  9.99023e-01  9.98745e-01
 3.23111e+00  9.99282e-01  9.99174e-01
 3.25196e+00  9.99739e-01  9.99532e-01
 3.27488e+00  9.99865e-01  9.99893e-01
 3.29570e+00  1.00037e+00  1.00018e+00
 3.31652e+00  1.00071e+00  1.00041e+00
 3.33738e+00  1.00070e+00  1.00059e+00
 3.35820e+00  1.00091e+00  1.00073e+00
 3.37902e+00  1.00069e+00  1.00082e+00
 3.39988e+00  1.00077e+00  1.00087e+00
 3.42274e+00  1.00048e+00  1.00090e+00
 3.44365e+00  1.00088e+00  1.00090e+00
 3.46653e+00  1.00127e+00  1.00088e+00
 3.48945e+00  1.00099e+00  1.00084e+00
 3.51246e+00  1.00135e+00  1.00079e+00
 3.54157e+00  1.00106e+00  1.00071e+00
 3.57070e+00  1.00124e+00  1.00063e+00
 3.59579e+00  1.00091e+00  1.00056e+00
 3.62080e+00  1.00100e+00  1.00049e+00
 3.64984e+00  1.00060e+00  1.00041e+00
 3.67493e+00  1.00049e+00  1.00034e+00
 3.70413e+00  1.00013e+00  1.00026e+00
 3.73318e+00  1.00010e+00  1.00019e+00
 3.75826e+00  1.00003e+00  1.00013e+00
 3.78330e+00  9.99902e-01  1.00008e+00
 3.81652e+00  1.00015e+00  1.00001e+00
 3.84159e+00  1.00014e+00  9.99966e-01
 3.86663e+00  1.00011e+00  9.99923e-01
 3.89368e+00  1.00025e+00  9.99881e-01
 3.92700e+00  1.00037e+00  9.99832e-01
 3.95618e+00  1.00007e+00  9.99793e-01
 3.98949e+00  1.00011e+00  9.99753e-01
 4.01868e+00  9.99680e-01  9.99721e-01
 4.04992e+00  9.99536e-01  9.99689e-01
 4.07709e+00  9.99647e-01  9.99664e-01
 4.11027e+00  9.99692e-01  9.99636e-01
 4.13750e+00  9.99735e-01  9.99615e-01
 4.16862e+00  9.99763e-01  9.99593e-01
 4.19789e+00  1.00010e+00  9.99574e-01
 4.24376e+00  9.99749e-01  9.99547e-01
 4.27901e+00  9.99908e-01  9.99529e-01
 4.30626e+00  9.99639e-01  9.99516e-01
 4.33944e+00  9.99737e-01  9.99501e-01
 4.36667e+00  9.99992e-01  9.99490e-01
 4.39566e+00  9.99398e-01  9.99479e-01
 4.42275e+00  9.99598e-01  9.99470e-01
 4.44991e+00  9.99586e-01  9.99462e-01
 4.47491e+00  9.99154e-01  9.99454e-01
 4.49995e+00  1.00029e+00  9.99447e-01
 4.52909e+00  1.00015e+00  9.99440e-01
 4.55417e+00  1.00089e+00  9.99434e-01
 4.57709e+00  1.00004e+00  9.99429e-01
 4.60000e+00  1.00030e+00  9.99424e-01
 4.62293e+00  1.00018e+00  9.99420e-01
 4.64784e+00  1.00010e+00  9.99415e-01
 4.67078e+00  1.00001e+00  9.99411e-01
 4.69374e+00  9.99827e-01  9.99408e-01
 4.71666e+00  9.99692e-01  9.99404e-01
 4.73958e+00  1.00006e+00  9.99401e-01
 4.76250e+00  9.99844e-01  9.99398e-01
 4.78549e+00  9.99977e-01  9.99395e-01
 4.81252e+00  1.00025e+00  9.99392e-01
 4.83951e+00  1.00044e+00  9.99390e-01
 4.86247e+00  1.00053e+00  9.99387e-01
 4.88333e+00  1.00040e+00  9.99386e-01
 4.90415e+00  1.00044e+00  9.99384e-01
 4.92497e+00  1.00022e+00  9.99382e-01
 4.94583e+00  1.00067e+00  9.99381e-01
 4.96874e+00  1.00018e+00  9.99379e-01
 4.99165e+00  1.00035e+00  9.99378e-01
 5.01458e+00  9.99583e-01  9.99376e-01
 5.03547e+00  9.99994e-01  9.99375e-01
 5.05832e+00  9.99710e-01  9.99374e-01
 5.07923e+00  9.99732e-01  9.99373e-01
 5.10415e+00  9.99534e-01  9.99372e-01
 5.12499e+00  9.99801e-01  9.99372e-01
 5.14791e+00  9.99790e-01  9.99371e-01
 5.16873e+00  9.99717e-01  9.99370e-01
 5.19161e+00  9.99567e-01  9.99370e-01
 5.21249e+00  9.99981e-01  9.99369e-01
 5.23331e+00  9.99853e-01  9.99369e-01
 5.25211e+00  9.99491e-01  9.99369e-01
 5.27293e+00  9.99513e-01  9.99368e-01
 5.29168e+00  9.99702e-01  9.99368e-01
 5.31246e+00  9.99241e-01  9.99368e-01
 5.33329e+00  9.99227e-01  9.99368e-01
 5.35203e+00  9.99183e-01  9.99368e-01
 5.37077e+00  9.99368e-01  9.99368e-01
 5.38967e+00  9.98931e-01  9.99368e-01
 5.41245e+00  9.98943e-01  9.99368e-01
 5.43119e+00  9.99358e-01  9.99368e-01
 5.44997e+00  9.99414e-01  9.99368e-01
 5.47078e+00  9.99408e-01  9.99368e-01
 5.49160e+00  9.99423e-01  9.99369e-01
 5.51038e+00  9.99509e-01  9.99369e-01
 5.52913e+00  9.99580e-01  9.99369e-01
 5.54786e+00  9.99680e-01  9.99370e-01
 5.56874e+00  9.99614e-01  9.99370e-01
 5.59163e+00  9.99982e-01  9.99371e-01
 5.61036e+00  9.99606e-01  9.99371e-01
 5.63120e+00  9.99362e-01  9.99372e-01
 5.64999e+00  9.99424e-01  9.99372e-01
 5.66875e+00  9.99453e-01  9.99373e-01
 5.68752e+00  9.99331e-01  9.99374e-01
 5.70830e+00  9.99392e-01  9.99375e-01
 5.72910e+00  9.99669e-01  9.99375e-01
 5.74791e+00  9.99668e-01  9.99376e-01
 5.76870e+00  9.99610e-01  9.99377e-01
 5.78745e+00  9.99667e-01  9.99378e-01
 5.80627e+00  9.99739e-01  9.99379e-01
 5.82704e+00  9.99630e-01  9.99381e-01
 5.84579e+00  9.99656e-01  9.99382e-01
 5.86660e+00  1.00007e+00  9.99384e-01
 5.88538e+00  1.00002e+00  9.99385e-01
 5.90627e+00  9.99818e-01  9.99387e-01
 5.92703e+00  9.99874e-01  9.99389e-01
 5.94580e+00  9.99957e-01  9.99390e-01
 5.96457e+00  9.99908e-01  9.99392e-01
 5.98332e+00  9.99889e-01  9.99394e-01
 6.00209e+00  9.99765e-01  9.99397e-01
 6.02087e+00  9.99715e-01  9.99399e-01
 6.04161e+00  9.99420e-01  9.99402e-01
 6.06038e+00  9.99377e-01  9.99405e-01
 6.08122e+00  9.99667e-01  9.99408e-01
 6.10211e+00  9.99845e-01  9.99412e-01
 6.12286e+00  9.99816e-01  9.99415e-01
 6.14163e+00  1.00003e+00  9.99419e-01
 6.16246e+00  1.00005e+00  9.99424e-01
 6.18330e+00  1.00011e+00  9.99429e-01
 6.20412e+00  1.00008e+00  9.99435e-01
 6.22287e+00  9.99981e-01  9.99440e-01
 6.24161e+00  9.99981e-01  9.99446e-01
 6.26038e+00  9.99821e-01  9.99453e-01
 6.28121e+00  9.99944e-01  9.99461e-01
 6.30202e+00  9.99615e-01  9.99469e-01
 6.32080e+00  9.99580e-01  9.99478e-01
 6.34163e+00  9.99534e-01  9.99489e-01
 6.36038e+00  9.99466e-01  9.99499e-01
 6.37916e+00  9.99589e-01  9.99511e-01
 6.39794e+00  9.99659e-01  9.99523e-01
 6.41668e+00  9.99559e-01  9.99537e-01
 6.43744e+00  9.99799e-01  9.99554e-01
 6.45620e+00  9.99832e-01  9.99571e-01
 6.47494e+00  9.99642e-01  9.99590e-01
 6.49370e+00  9.99653e-01  9.99611e-01
 6.51454e+00  9.99982e-01  9.99636e-01
 6.53328e+00  9.99849e-01  9.99662e-01
 6.55203e+00  9.99864e-01  9.99691e-01
 6.57080e+00  9.99736e-01  9.99722e-01
 6.58957e+00  9.99611e-01  9.99757e-01
 6.60831e+00  9.99670e-01  9.99796e-01
 6.62709e+00  9.99578e-01  9.99839e-01
 6.64586e+00  9.99594e-01  9.99887e-01
 6.66660e+00  9.99477e-01  9.99946e-01
 6.68536e+00  9.99844e-01  1.00001e+00
 6.70411e+00  9.99754e-01  1.00007e+00
 6.72286e+00  9.99865e-01  1.00015e+00
 6.74161e+00  1.00005e+00  1.00023e+00
 6.76037e+00  1.00037e+00  1.00032e+00
 6.77913e+00  1.00046e+00  1.00043e+00
 6.79788e+00  1.00053e+00  1.00054e+00
 6.81665e+00  1.00079e+00  1.00067e+00
 6.83544e+00  1.00083e+00  1.00081e+00
 6.85418e+00  1.00092e+00  1.00096e+00
 6.87494e+00  1.00126e+00  1.00116e+00
 6.89369e+00  1.00139e+00  1.00135e+00
 6.91243e+00  1.00141e+00  1.00155e+00
 6.93120e+00  1.00172e+00  1.00178e+00
 6.95203e+00  1.00176e+00  1.00204e+00
 6.97077e+00  1.00184e+00  1.00230e+00
 6.98953e+00  1.00240e+00  1.00257e+00
 7.00830e+00  1.00253e+00  1.00284e+00
 7.02705e+00  1.00272e+00  1.00311e+00
 7.04581e+00  1.00315e+00  1.00337e+00
 7.06461e+00  1.00325e+00  1.00360e+00
 7.08335e+00  1.00378e+00  1.00379e+00
 7.10409e+00  1.00392e+00  1.00392e+00
 7.12287e+00  1.00422e+00  1.00396e+00
 7.14161e+00  1.00404e+00  1.00389e+00
 7.16035e+00  1.00366e+00  1.00370e+00
 7.17911e+00  1.00371e+00  1.00337e+00
 7.19788e+00  1.00320e+00  1.00291e+00
 7.21867e+00  1.00273e+00  1.00225e+00
 7.23538e+00  1.00201e+00  1.00164e+00
 7.25212e+00  1.00092e+00  1.00099e+00
 7.27081e+00  1.00092e+00  1.00025e+00
 7.28948e+00  9.99797e-01  9.99567e-01
 7.30616e+00  9.99299e-01  9.99035e-01
 7.32491e+00  9.98485e-01  9.98565e-01
 7.34162e+00  9.98484e-01  9.98280e-01
 7.35831e+00  9.97936e-01  9.98127e-01
 7.37706e+00  9.98131e-01  9.98104e-01
 7.39586e+00  9.97984e-01  9.98215e-01
 7.41659e+00  9.97970e-01  9.98456e-01
 7.43537e+00  9.99023e-01  9.98745e-01
 7.46035e+00  9.99282e-01  9.99174e-01
 7.48120e+00  9.99739e-01  9.99532e-01
 7.50411e+00  9.99865e-01  9.99893e-01
 7.52494e+00  1.00037e+00  1.00018e+00
 7.54577e+00  1.00071e+00  1.00041e+00
 7.56661e+00  1.00070e+00  1.00059e+00
 7.58744e+00  1.00091e+00  1.00073e+00
 7.60827e+00  1.00069e+00  1.00082e+00
 7.62911e+00  1.00077e+00  1.00087e+00
 7.65198e+00  1.00048e+00  1.00090e+00
 7.67289e+00  1.00088e+00  1.00090e+00
 7.69578e+00  1.00127e+00  1.00088e+00
 7.71869e+00  1.00099e+00  1.00084e+00
 7.74170e+00  1.00135e+00  1.00079e+00
 7.77081e+00  1.00106e+00  1.00071e+00
 7.79994e+00  1.00124e+00  1.00063e+00
 7.82503e+00  1.00091e+00  1.00056e+00
 7.85004e+00  1.00100e+00  1.00049e+00
 7.87908e+00  1.00060e+00  1.00041e+00
 7.90417e+00  1.00049e+00  1.00034e+00
 7.93337e+00  1.00013e+00  1.00026e+00
 7.96242e+00  1.00010e+00  1.00019e+00
 7.98750e+00  1.00003e+00  1.00013e+00
 8.01254e+00  9.99902e-01  1.00008e+00
 8.04576e+00  1.00015e+00  1.00001e+00
 8.07083e+00  1.00014e+00  9.99966e-01
 8.09587e+00  1.00011e+00  9.99923e-01
 8.12292e+00  1.00025e+00  9.99881e-01
 8.15625e+00  1.00037e+00  9.99832e-01
 8.18542e+00  1.00007e+00  9.99793e-01
 8.21874e+00  1.00011e+00  9.99753e-01
 8.24792e+00  9.99680e-01  9.99721e-01
 8.27916e+00  9.99536e-01  9.99689e-01
 8.30632e+00  9.99647e-01  9.99664e-01
 8.33951e+00  9.99692e-01  9.99636e-01
 8.36674e+00  9.99735e-01  9.99615e-01
 8.39786e+00  9.99763e-01  9.99593e-01
 8.42713e+00  1.00010e+00  9.99574e-01
